L 04/26/2012 - 00:03:47: [admin_amxbans.amxx] Login: "= ACTION EXPRESS =<1910><STEAM_0:0:2105366972><>" became an admin (account "= ACTION EXPRESS =") (access "abcdefijmnopqtu") (address "46.164.222.56")
L 04/26/2012 - 00:08:20: [pbk.amxx] "<Paha_MiX59rus><1838><STEAM_0:0:1392491352><CT>" was kicked for being AFK longer than 45 seconds.
L 04/26/2012 - 00:09:59: [plmenu.amxx] Cmd: "= ACTION EXPRESS =<1910><STEAM_0:0:2105366972><>" transfer "VoLk14_KoHaH<1845><STEAM_0:0:153190916><>" (team "CT")
L 04/26/2012 - 00:12:28: -------- Mapchange to zm_kill_duster_2 --------
L 04/26/2012 - 00:12:29: [admin_amxbans.amxx] Login: "= ACTION EXPRESS =<1910><STEAM_0:0:2105366972><>" became an admin (account "= ACTION EXPRESS =") (access "abcdefijmnopqtu") (address "46.164.222.56")
L 04/26/2012 - 00:12:30: [amxbans.amxx] [AMXBANS] AMXBans 5.0 is online
L 04/26/2012 - 00:32:52: -------- Mapchange to zm_monsterhouse --------
L 04/26/2012 - 00:32:52: [admin_amxbans.amxx] Login: "= ACTION EXPRESS =<1910><STEAM_0:0:2105366972><>" became an admin (account "= ACTION EXPRESS =") (access "abcdefijmnopqtu") (address "46.164.222.56")
L 04/26/2012 - 00:32:53: [amxbans.amxx] [AMXBANS] AMXBans 5.0 is online
L 04/26/2012 - 00:41:47: [pbk.amxx] "<Fanki><1930><STEAM_0:0:262341601><CT>" was kicked for being AFK longer than 45 seconds.
L 04/26/2012 - 00:44:46: [admin_amxbans.amxx] Login: "~dark_light<1935><STEAM_0:0:743756224><>" became an admin (account "~dark_light") (access "abcdefgijmnoprstu") (address "178.120.251.106")
L 04/26/2012 - 00:48:02: [pbk.amxx] "<INT+1><1909><STEAM_ID_LAN><CT>" was kicked for being AFK longer than 45 seconds.
L 04/26/2012 - 00:48:12: [pbk.amxx] "<ZuX^><1934><STEAM_0:1:6796677><CT>" was kicked for being AFK longer than 45 seconds.
L 04/26/2012 - 00:56:01: -------- Mapchange to zm_abbac --------
L 04/26/2012 - 00:56:02: [admin_amxbans.amxx] Login: "= ACTION EXPRESS =<1910><STEAM_0:0:2105366972><>" became an admin (account "= ACTION EXPRESS =") (access "abcdefijmnopqtu") (address "46.164.222.56")
L 04/26/2012 - 00:56:02: [admin_amxbans.amxx] Login: "~dark_light<1935><STEAM_0:0:743756224><>" became an admin (account "~dark_light") (access "abcdefgijmnoprstu") (address "178.120.251.106")
L 04/26/2012 - 00:56:03: [amxbans.amxx] [AMXBANS] AMXBans 5.0 is online
L 04/26/2012 - 01:00:41: [pbk.amxx] "<[p][R][o]100<4ok>*DooMRotter><1906><STEAM_0:0:1388113346><CT>" was kicked for being AFK longer than 45 seconds.
L 04/26/2012 - 01:00:51: [amxbans.amxx] ~dark_light<1935><STEAM_0:0:743756224><CT> banned INT+1<STEAM_ID_LAN> for 15 minutes (15 minutes). Reason: Noob.
L 04/26/2012 - 01:04:17: [amxbans.amxx] ~dark_light<1935><STEAM_0:0:743756224><TERRORIST> banned INT+1<STEAM_ID_LAN> for 15 minutes (15 minutes). Reason: proverk.
L 04/26/2012 - 01:05:53: [admincmd.amxx] Cmd: "~dark_light<1935><STEAM_0:0:743756224><>" ask for players list
L 04/26/2012 - 01:05:54: -------- Mapchange to zm_dust_brick_b1_fx --------
L 04/26/2012 - 01:05:55: [walkguard.amxx] no zone-file found
L 04/26/2012 - 01:05:55: [admin_amxbans.amxx] Login: "= ACTION EXPRESS =<1910><STEAM_0:0:2105366972><>" became an admin (account "= ACTION EXPRESS =") (access "abcdefijmnopqtu") (address "46.164.222.56")
L 04/26/2012 - 01:05:55: [admin_amxbans.amxx] Login: "~dark_light<1935><STEAM_0:0:743756224><>" became an admin (account "~dark_light") (access "abcdefgijmnoprstu") (address "178.120.251.106")
L 04/26/2012 - 01:05:56: [amxbans.amxx] [AMXBANS] AMXBans 5.0 is online
L 04/26/2012 - 01:06:31: [admincmd.amxx] Cmd: "~dark_light<1935><STEAM_0:0:743756224><>" ask for players list
L 04/26/2012 - 01:07:27: [amxbans.amxx] ~dark_light<1935><STEAM_0:0:743756224><SPECTATOR> banned INT+1<STEAM_ID_LAN> for 5 minutes (5 minutes). Reason: test.
L 04/26/2012 - 01:25:44: [pbk.amxx] "<chERBU!~><1955><STEAM_0:1:43733722><TERRORIST>" was kicked for being AFK longer than 45 seconds.
L 04/26/2012 - 01:26:24: -------- Mapchange to zm_cpl_mill_kamp --------
L 04/26/2012 - 01:26:26: [amxbans.amxx] [AMXBANS] AMXBans 5.0 is online
L 04/26/2012 - 01:30:49: [pbk.amxx] "<[p][R][o]100<4ok>*DooMRotter><1940><STEAM_0:0:1388113346><CT>" was kicked for being AFK longer than 45 seconds.
L 04/26/2012 - 01:30:54: [pbk.amxx] "<[p][R][o]100<4ok>*DooMRotter><1940><STEAM_0:0:1388113346><CT>" was kicked for being AFK longer than 45 seconds.
L 04/26/2012 - 01:31:04: [pbk.amxx] "<[p][R][o]100<4ok>*DooMRotter><1940><STEAM_0:0:1388113346><CT>" was kicked for being AFK longer than 45 seconds.
L 04/26/2012 - 01:31:09: [pbk.amxx] "<[p][R][o]100<4ok>*DooMRotter><1940><STEAM_0:0:1388113346><CT>" was kicked for being AFK longer than 45 seconds.
L 04/26/2012 - 01:41:54: [pbk.amxx] "<klon LEONID><1954><STEAM_0:0:472139298><TERRORIST>" was kicked for being AFK longer than 45 seconds.
L 04/26/2012 - 01:46:39: [pbk.amxx] "<klon LEONID><1970><STEAM_0:0:472139298><TERRORIST>" was kicked for being AFK longer than 45 seconds.
L 04/26/2012 - 01:47:27: -------- Mapchange to 016 --------
L 04/26/2012 - 01:47:27: [walkguard.amxx] no zone-file found
L 04/26/2012 - 01:47:28: [amxbans.amxx] [AMXBANS] AMXBans 5.0 is online
L 04/26/2012 - 02:07:42: [pbk.amxx] "<Valdo><1952><STEAM_ID_LAN><TERRORIST>" was kicked for being AFK longer than 45 seconds.
L 04/26/2012 - 02:08:45: -------- Mapchange to zm_dd --------
L 04/26/2012 - 02:08:46: [walkguard.amxx] no zone-file found
L 04/26/2012 - 02:08:47: [amxbans.amxx] [AMXBANS] AMXBans 5.0 is online
L 04/26/2012 - 02:23:51: -------- Mapchange to zm_electro_house --------
L 04/26/2012 - 02:23:51: [walkguard.amxx] no zone-file found
L 04/26/2012 - 02:23:52: [amxbans.amxx] [AMXBANS] AMXBans 5.0 is online
L 04/26/2012 - 02:25:30: [pbk.amxx] "<SPB><1966><STEAM_ID_LAN><TERRORIST>" was kicked for being AFK longer than 45 seconds.
L 04/26/2012 - 02:36:43: -------- Mapchange to zm_decline2k --------
L 04/26/2012 - 02:36:45: [amxbans.amxx] [AMXBANS] AMXBans 5.0 is online
L 04/26/2012 - 02:56:55: -------- Mapchange to zm_houses --------
L 04/26/2012 - 02:56:57: [amxbans.amxx] [AMXBANS] AMXBans 5.0 is online
L 04/26/2012 - 03:14:05: -------- Mapchange to zm_electro_dust_v1 --------
L 04/26/2012 - 03:14:06: [walkguard.amxx] no zone-file found
L 04/26/2012 - 03:14:07: [amxbans.amxx] [AMXBANS] AMXBans 5.0 is online
L 04/26/2012 - 03:15:50: [pbk.amxx] "<.::Don('',)[DIe]_Go::.><2019><STEAM_0:0:1871244736><TERRORIST>" was kicked for being AFK longer than 45 seconds.
L 04/26/2012 - 03:34:56: -------- Mapchange to zm_neris --------
L 04/26/2012 - 03:34:57: [amxbans.amxx] [AMXBANS] AMXBans 5.0 is online
L 04/26/2012 - 03:55:34: -------- Mapchange to zm_caca --------
L 04/26/2012 - 03:55:35: [walkguard.amxx] no zone-file found
L 04/26/2012 - 03:55:36: [amxbans.amxx] [AMXBANS] AMXBans 5.0 is online
L 04/26/2012 - 04:07:59: [pbk.amxx] "<[_SkyLiNe_] -->Cy4eHak*P><2042><STEAM_ID_LAN><CT>" was kicked for being AFK longer than 45 seconds.
L 04/26/2012 - 04:08:04: [pbk.amxx] "<[_SkyLiNe_] -->Cy4eHak*P><2042><STEAM_ID_LAN><CT>" was kicked for being AFK longer than 45 seconds.
L 04/26/2012 - 04:08:09: [pbk.amxx] "<[_SkyLiNe_] -->Cy4eHak*P><2042><STEAM_ID_LAN><CT>" was kicked for being AFK longer than 45 seconds.
L 04/26/2012 - 04:16:21: -------- Mapchange to zm_fdust2x2 --------
L 04/26/2012 - 04:16:23: [amxbans.amxx] [AMXBANS] AMXBans 5.0 is online
L 04/26/2012 - 04:35:31: [pbk.amxx] "<.::Don('',)[DIe]_Go::.><2044><STEAM_0:0:1871244736><TERRORIST>" was kicked for being AFK longer than 45 seconds.
L 04/26/2012 - 04:36:41: -------- Mapchange to zm_neris --------
L 04/26/2012 - 04:36:43: [amxbans.amxx] [AMXBANS] AMXBans 5.0 is online
L 04/26/2012 - 04:54:06: [pbk.amxx] "<roger><2067><STEAM_ID_LAN><TERRORIST>" was kicked for being AFK longer than 45 seconds.
L 04/26/2012 - 04:58:02: -------- Mapchange to zm_dust_brick_b1_fx --------
L 04/26/2012 - 04:58:03: [walkguard.amxx] no zone-file found
L 04/26/2012 - 04:58:04: [amxbans.amxx] [AMXBANS] AMXBans 5.0 is online
L 04/26/2012 - 05:18:39: -------- Mapchange to zm_kill_duster_2 --------
L 04/26/2012 - 05:18:41: [amxbans.amxx] [AMXBANS] AMXBans 5.0 is online
L 04/26/2012 - 05:30:02: -------- Mapchange to cs_mansion --------
L 04/26/2012 - 05:30:02: [walkguard.amxx] no zone-file found
L 04/26/2012 - 05:30:03: [amxbans.amxx] [AMXBANS] AMXBans 5.0 is online
L 04/26/2012 - 05:47:18: -------- Mapchange to zm_dust_siege_final --------
L 04/26/2012 - 05:47:20: [amxbans.amxx] [AMXBANS] AMXBans 5.0 is online
L 04/26/2012 - 06:02:29: -------- Mapchange to cs_mansion --------
L 04/26/2012 - 06:02:30: [walkguard.amxx] no zone-file found
L 04/26/2012 - 06:02:31: [amxbans.amxx] [AMXBANS] AMXBans 5.0 is online
L 04/26/2012 - 06:12:24: -------- Mapchange to zm_houses --------
L 04/26/2012 - 06:12:26: [amxbans.amxx] [AMXBANS] AMXBans 5.0 is online
L 04/26/2012 - 06:36:23: -------- Mapchange to zm_decline2k --------
L 04/26/2012 - 06:36:25: [amxbans.amxx] [AMXBANS] AMXBans 5.0 is online
L 04/26/2012 - 06:50:28: [pbk.amxx] "<cbIHok Amepuku><2105><STEAM_ID_LAN><CT>" was kicked for being AFK longer than 45 seconds.
L 04/26/2012 - 06:57:53: -------- Mapchange to zm_house_2011 --------
L 04/26/2012 - 06:57:54: [amxbans.amxx] [AMXBANS] AMXBans 5.0 is online
L 04/26/2012 - 07:10:32: [pbk.amxx] "<AnZz1k!><2116><STEAM_0:0:2092796005><TERRORIST>" was kicked for being AFK longer than 45 seconds.
L 04/26/2012 - 07:18:56: -------- Mapchange to zm_zbek --------
L 04/26/2012 - 07:18:57: [walkguard.amxx] no zone-file found
L 04/26/2012 - 07:18:58: [amxbans.amxx] [AMXBANS] AMXBans 5.0 is online
L 04/26/2012 - 07:40:15: -------- Mapchange to zm_electro_dust_v1 --------
L 04/26/2012 - 07:40:16: [walkguard.amxx] no zone-file found
L 04/26/2012 - 07:40:17: [amxbans.amxx] [AMXBANS] AMXBans 5.0 is online
L 04/26/2012 - 08:01:19: -------- Mapchange to zm_street_new --------
L 04/26/2012 - 08:01:21: [amxbans.amxx] [AMXBANS] AMXBans 5.0 is online
L 04/26/2012 - 08:06:24: [admin_amxbans.amxx] Login: "[BBS]Easy|LonsdalE<2185><STEAM_0:0:1024960012><>" became an admin (account "[BBS]Easy|LonsdalE") (access "t") (address "91.79.233.216")
L 04/26/2012 - 08:09:02: [admin_amxbans.amxx] Login: "F1-[G]amin[G] |Mr.Pr9niK<2193><STEAM_0:0:1360403837><>" became an admin (account "F1-[G]amin[G] |Mr.Pr9niK") (access "t") (address "95.70.64.36")
L 04/26/2012 - 08:10:04: [pbk.amxx] "<Kin[G] Amerika><2164><STEAM_ID_LAN><TERRORIST>" was kicked for being AFK longer than 45 seconds.
L 04/26/2012 - 08:21:08: [voteban.amxx] Voteban starter F1-[G]amin[G] |Mr.Pr9niK against DeDa_s_BaBoi STEAM_0:0:1366804034
L 04/26/2012 - 08:21:23: [voteban.amxx] [AMXX] BANNED: DeDa_s_BaBoi, STARTER: F1-[G]amin[G] |Mr.Pr9niK
L 04/26/2012 - 08:21:24: [amxbans.amxx]  Зомби сервер (x_x(O_o)x_x) Go Zombie !!!<0><><> banned DeDa_s_BaBoi<STEAM_0:0:1366804034> for 30 minutes (30 minutes). Reason: VIP->F1-[G]amin[G] |Mr.Pr9niK.
L 04/26/2012 - 08:21:47: -------- Mapchange to 016 --------
L 04/26/2012 - 08:21:48: [walkguard.amxx] no zone-file found
L 04/26/2012 - 08:21:48: [admin_amxbans.amxx] Login: "F1-[G]amin[G] |Mr.Pr9niK<2193><STEAM_0:0:1360403837><>" became an admin (account "F1-[G]amin[G] |Mr.Pr9niK") (access "t") (address "95.70.64.36")
L 04/26/2012 - 08:21:48: [admin_amxbans.amxx] Login: "[BBS]Easy|LonsdalE<2185><STEAM_0:0:1024960012><>" became an admin (account "[BBS]Easy|LonsdalE") (access "t") (address "91.79.233.216")
L 04/26/2012 - 08:21:49: [amxbans.amxx] [AMXBANS] AMXBans 5.0 is online
L 04/26/2012 - 08:35:52: [pbk.amxx] "<Dragon D' ApaxoH><2174><STEAM_0:0:1718909275><TERRORIST>" was kicked for being AFK longer than 45 seconds.
L 04/26/2012 - 08:35:57: [pbk.amxx] "<Dragon D' ApaxoH><2174><STEAM_0:0:1718909275><TERRORIST>" was kicked for being AFK longer than 45 seconds.
L 04/26/2012 - 08:36:02: [pbk.amxx] "<Dragon D' ApaxoH><2174><STEAM_0:0:1718909275><TERRORIST>" was kicked for being AFK longer than 45 seconds.
L 04/26/2012 - 08:40:12: [pbk.amxx] "<Kin[G] Amerika><2197><STEAM_ID_LAN><CT>" was kicked for being AFK longer than 45 seconds.
L 04/26/2012 - 08:42:18: -------- Mapchange to zm_666_brick --------
L 04/26/2012 - 08:42:19: [walkguard.amxx] no zone-file found
L 04/26/2012 - 08:42:19: [admin_amxbans.amxx] Login: "[BBS]Easy|LonsdalE<2185><STEAM_0:0:1024960012><>" became an admin (account "[BBS]Easy|LonsdalE") (access "t") (address "91.79.233.216")
L 04/26/2012 - 08:42:19: [admin_amxbans.amxx] Login: "F1-[G]amin[G] |Mr.Pr9niK<2193><STEAM_0:0:1360403837><>" became an admin (account "F1-[G]amin[G] |Mr.Pr9niK") (access "t") (address "95.70.64.36")
L 04/26/2012 - 08:42:20: [amxbans.amxx] [AMXBANS] AMXBans 5.0 is online
L 04/26/2012 - 08:59:28: [admin_amxbans.amxx] Login: "[BBS]Easy|LonsdalE<2247><STEAM_0:0:1024960012><>" became an admin (account "[BBS]Easy|LonsdalE") (access "t") (address "91.79.211.193")
L 04/26/2012 - 09:02:44: -------- Mapchange to zm_monsterhouse --------
L 04/26/2012 - 09:02:44: [admin_amxbans.amxx] Login: "[BBS]Easy|LonsdalE<2247><STEAM_0:0:1024960012><>" became an admin (account "[BBS]Easy|LonsdalE") (access "t") (address "91.79.211.193")
L 04/26/2012 - 09:02:45: [amxbans.amxx] [AMXBANS] AMXBans 5.0 is online
L 04/26/2012 - 09:18:23: [pbk.amxx] "<$$$$  IIABLNK NARKOMAN $$$$><2252><STEAM_0:0:629425670><TERRORIST>" was kicked for being AFK longer than 45 seconds.
L 04/26/2012 - 09:20:24: [admin_amxbans.amxx] Login: "4e-N<2268><STEAM_0:0:1836044300><>" became an admin (account "4e-N") (access "abcdefijmnopqtu") (address "78.37.246.193")
L 04/26/2012 - 09:21:49: [amxbans.amxx] 4e-N<2268><STEAM_0:0:1836044300><SPECTATOR> banned aK  47<STEAM_0:0:1672512152> for 8 hours (480 minutes). Reason: Spam.
L 04/26/2012 - 09:24:37: -------- Mapchange to zm_snow_s1h_v2 --------
L 04/26/2012 - 09:24:38: [walkguard.amxx] no zone-file found
L 04/26/2012 - 09:24:38: [admin_amxbans.amxx] Login: "4e-N<2268><STEAM_0:0:1836044300><>" became an admin (account "4e-N") (access "abcdefijmnopqtu") (address "78.37.246.193")
L 04/26/2012 - 09:24:38: [amxbans.amxx] [AMXBANS] AMXBans 5.0 is online
L 04/26/2012 - 09:27:02: [admincmd.amxx] Cmd: "4e-N<2268><STEAM_0:0:1836044300><>" ask for players list
L 04/26/2012 - 09:28:56: [admincmd.amxx] Kick: "4e-N<2268><STEAM_0:0:1836044300><>" kick "david<2264><STEAM_0:0:652348610><>" (reason "")
L 04/26/2012 - 09:30:00: [admincmd.amxx] Cmd: "4e-N<2268><STEAM_0:0:1836044300><>" slay "$$$$  IIABLNK NARKOMAN $$$$<2273><STEAM_0:0:629425670><>"
L 04/26/2012 - 09:30:38: [amxbans.amxx] 4e-N<2268><STEAM_0:0:1836044300><SPECTATOR> banned $$$$  IIABLNK NARKOMAN $$$$<STEAM_0:0:629425670> for 1 day (1440 minutes). Reason: 6JIOKu/}I{AJIo6bI.
L 04/26/2012 - 09:32:04: [amxbans.amxx] 4e-N<2268><STEAM_0:0:1836044300><SPECTATOR> banned david<STEAM_0:0:652348610> for 1 hour (60 minutes). Reason: 6JIOK.
L 04/26/2012 - 09:33:39: [admin_amxbans.amxx] Login: "Sam_po-se6e<2293><STEAM_0:0:960859871><>" became an admin (account "Sam_po-se6e") (access "abcdefijmnopqtu") (address "178.127.46.26")
L 04/26/2012 - 09:34:17: [pbk.amxx] "<Kin[G] Amerika><2283><STEAM_ID_LAN><TERRORIST>" was kicked for being AFK longer than 45 seconds.
L 04/26/2012 - 09:37:42: [pbk.amxx] "<__AK-47__PIZDA__BCEM><2267><STEAM_0:0:1932091812><TERRORIST>" was kicked for being AFK longer than 45 seconds.
L 04/26/2012 - 09:44:47: -------- Mapchange to zm_dust_brick_b1_fx --------
L 04/26/2012 - 09:44:47: [walkguard.amxx] no zone-file found
L 04/26/2012 - 09:44:48: [admin_amxbans.amxx] Login: "Sam_po-se6e<2293><STEAM_0:0:960859871><>" became an admin (account "Sam_po-se6e") (access "abcdefijmnopqtu") (address "178.127.46.26")
L 04/26/2012 - 09:44:48: [amxbans.amxx] [AMXBANS] AMXBans 5.0 is online
L 04/26/2012 - 09:48:46: [pbk.amxx] "<--------->Cy4(e)Hak *P><2304><STEAM_ID_LAN><TERRORIST>" was kicked for being AFK longer than 45 seconds.
L 04/26/2012 - 09:50:31: [pbk.amxx] "<LLlaJlyH><2314><STEAM_ID_LAN><CT>" was kicked for being AFK longer than 45 seconds.
L 04/26/2012 - 09:53:17: [amxbans.amxx] Sam_po-se6e<2293><STEAM_0:0:960859871><TERRORIST> banned --------->Cy4(e)Hak *P<STEAM_ID_LAN> for 8 hours (480 minutes). Reason: lager, sluv.
L 04/26/2012 - 10:03:39: [admin_amxbans.amxx] Login: "F1-[G]amin[G] |Mr.Pr9niK<2333><STEAM_0:0:1360403837><>" became an admin (account "F1-[G]amin[G] |Mr.Pr9niK") (access "t") (address "95.70.64.36")
L 04/26/2012 - 10:05:36: [pbk.amxx] "<ak-47(: PIDAR :)><2316><STEAM_0:0:1171113900><CT>" was kicked for being AFK longer than 45 seconds.
L 04/26/2012 - 10:05:37: -------- Mapchange to zm_fdust2x2 --------
L 04/26/2012 - 10:05:38: [admin_amxbans.amxx] Login: "Sam_po-se6e<2293><STEAM_0:0:960859871><>" became an admin (account "Sam_po-se6e") (access "abcdefijmnopqtu") (address "178.127.46.26")
L 04/26/2012 - 10:05:38: [admin_amxbans.amxx] Login: "F1-[G]amin[G] |Mr.Pr9niK<2333><STEAM_0:0:1360403837><>" became an admin (account "F1-[G]amin[G] |Mr.Pr9niK") (access "t") (address "95.70.64.36")
L 04/26/2012 - 10:05:39: [amxbans.amxx] [AMXBANS] AMXBans 5.0 is online
L 04/26/2012 - 10:06:08: [admin_amxbans.amxx] Login: "F1-[G]amin[G] |Mr.Pr9niK<2342><STEAM_0:0:1360403837><>" became an admin (account "F1-[G]amin[G] |Mr.Pr9niK") (access "t") (address "95.70.64.36")
L 04/26/2012 - 10:07:17: [pbk.amxx] "<spadeemanswag><2330><STEAM_0:1:40229914><CT>" was kicked for being AFK longer than 45 seconds.
L 04/26/2012 - 10:15:47: [pbk.amxx] "<123pro____________><2305><STEAM_0:0:294868017><TERRORIST>" was kicked for being AFK longer than 45 seconds.
L 04/26/2012 - 10:15:47: [pbk.amxx] "<Lohi><2324><STEAM_0:0:1084270371><TERRORIST>" was kicked for being AFK longer than 45 seconds.
L 04/26/2012 - 10:19:27: [pbk.amxx] "<ZuX^><2325><STEAM_0:1:6796677><CT>" was kicked for being AFK longer than 45 seconds.
L 04/26/2012 - 10:21:00: [voteban.amxx] Voteban starter F1-[G]amin[G] |Mr.Pr9niK against The_by_k1ng-.* STEAM_0:0:904757496
L 04/26/2012 - 10:21:15: [voteban.amxx] [AMXX] BANNED: The_by_k1ng-.*, STARTER: F1-[G]amin[G] |Mr.Pr9niK
L 04/26/2012 - 10:21:16: [amxbans.amxx]  Зомби сервер (x_x(O_o)x_x) Go Zombie !!!<0><><> banned unknown_STEAM_0:0:904757496<STEAM_0:0:904757496> for 30 minutes (30 minutes). Reason: VIP->F1-[G]amin[G] |Mr.Pr9niK.
L 04/26/2012 - 10:22:22: [pbk.amxx] "<__AK-47__PIZDA__BCEM><2354><STEAM_0:0:1932091812><TERRORIST>" was kicked for being AFK longer than 45 seconds.
L 04/26/2012 - 10:25:42: [pbk.amxx] "<opa nixu9 se><2363><STEAM_0:0:573833548><CT>" was kicked for being AFK longer than 45 seconds.
L 04/26/2012 - 10:26:03: -------- Mapchange to ze_jurassicpark --------
L 04/26/2012 - 10:26:04: [admin_amxbans.amxx] Login: "Sam_po-se6e<2293><STEAM_0:0:960859871><>" became an admin (account "Sam_po-se6e") (access "abcdefijmnopqtu") (address "178.127.46.26")
L 04/26/2012 - 10:26:04: [admin_amxbans.amxx] Login: "F1-[G]amin[G] |Mr.Pr9niK<2342><STEAM_0:0:1360403837><>" became an admin (account "F1-[G]amin[G] |Mr.Pr9niK") (access "t") (address "95.70.64.36")
L 04/26/2012 - 10:26:05: [amxbans.amxx] [AMXBANS] AMXBans 5.0 is online
L 04/26/2012 - 10:34:55: [admin_amxbans.amxx] Login: "Euforia<2401><STEAM_0:0:1631851413><>" became an admin (account "Euforia") (access "t") (address "95.84.206.82")
L 04/26/2012 - 10:41:13: [pbk.amxx] "<opa nixu9 se><2376><STEAM_0:0:573833548><CT>" was kicked for being AFK longer than 45 seconds.
L 04/26/2012 - 10:46:33: -------- Mapchange to zm_cpl_mill_kamp --------
L 04/26/2012 - 10:46:34: [admin_amxbans.amxx] Login: "Euforia<2401><STEAM_0:0:1631851413><>" became an admin (account "Euforia") (access "t") (address "95.84.206.82")
L 04/26/2012 - 10:46:34: [admin_amxbans.amxx] Login: "Euforia<2412><STEAM_0:0:1631851413><>" became an admin (account "Euforia") (access "t") (address "95.84.206.82")
L 04/26/2012 - 10:46:35: [amxbans.amxx] [AMXBANS] AMXBans 5.0 is online
L 04/26/2012 - 10:55:13: [pbk.amxx] "<ak-47(: PIDAR :)><2416><STEAM_0:0:1171113900><TERRORIST>" was kicked for being AFK longer than 45 seconds.
L 04/26/2012 - 10:59:48: [pbk.amxx] "<AvGaNkA*><2419><STEAM_0:0:621338535><TERRORIST>" was kicked for being AFK longer than 45 seconds.
L 04/26/2012 - 11:04:13: [admin_amxbans.amxx] Login: "Euforia<2436><STEAM_0:0:1631851413><>" became an admin (account "Euforia") (access "t") (address "95.84.206.82")
L 04/26/2012 - 11:07:08: -------- Mapchange to zm_abbac --------
L 04/26/2012 - 11:07:09: [admin_amxbans.amxx] Login: "Euforia<2436><STEAM_0:0:1631851413><>" became an admin (account "Euforia") (access "t") (address "95.84.206.82")
L 04/26/2012 - 11:07:10: [amxbans.amxx] [AMXBANS] AMXBans 5.0 is online
L 04/26/2012 - 11:22:48: [pbk.amxx] "<Fri-Fe><2459><STEAM_0:0:152028308><TERRORIST>" was kicked for being AFK longer than 45 seconds.
L 04/26/2012 - 11:27:09: -------- Mapchange to zm_dd --------
L 04/26/2012 - 11:27:10: [walkguard.amxx] no zone-file found
L 04/26/2012 - 11:27:11: [amxbans.amxx] [AMXBANS] AMXBans 5.0 is online
L 04/26/2012 - 11:28:44: [pbk.amxx] "<Aqua><2477><STEAM_0:0:20904120><CT>" was kicked for being AFK longer than 45 seconds.
L 04/26/2012 - 11:30:09: [pbk.amxx] "<[MultiKill] vampir)1><2465><STEAM_0:0:1345457260><CT>" was kicked for being AFK longer than 45 seconds.
L 04/26/2012 - 11:35:04: [pbk.amxx] "<captaingaga><2447><STEAM_0:0:159707308><CT>" was kicked for being AFK longer than 45 seconds.
L 04/26/2012 - 11:49:20: -------- Mapchange to zm_houses --------
L 04/26/2012 - 11:49:21: [amxbans.amxx] [AMXBANS] AMXBans 5.0 is online
L 04/26/2012 - 11:56:49: [admin_amxbans.amxx] Login: "F1-[G]amin[G] |Mr.Pr9niK<2508><STEAM_0:0:1360403837><>" became an admin (account "F1-[G]amin[G] |Mr.Pr9niK") (access "t") (address "95.70.64.36")
L 04/26/2012 - 12:02:09: [admin_amxbans.amxx] Login: "4e-N<2509><STEAM_0:0:1836044300><>" became an admin (account "4e-N") (access "abcdefijmnopqtu") (address "78.37.246.193")
L 04/26/2012 - 12:02:54: [pbk.amxx] "<CS.ROXSC.LV><2505><STEAM_0:0:2072229925><TERRORIST>" was kicked for being AFK longer than 45 seconds.
L 04/26/2012 - 12:06:30: -------- Mapchange to 016 --------
L 04/26/2012 - 12:06:31: [walkguard.amxx] no zone-file found
L 04/26/2012 - 12:06:31: [admin_amxbans.amxx] Login: "4e-N<2509><STEAM_0:0:1836044300><>" became an admin (account "4e-N") (access "abcdefijmnopqtu") (address "78.37.246.193")
L 04/26/2012 - 12:06:31: [admin_amxbans.amxx] Login: "F1-[G]amin[G] |Mr.Pr9niK<2508><STEAM_0:0:1360403837><>" became an admin (account "F1-[G]amin[G] |Mr.Pr9niK") (access "t") (address "95.70.64.36")
L 04/26/2012 - 12:06:32: [amxbans.amxx] [AMXBANS] AMXBans 5.0 is online
L 04/26/2012 - 12:09:40: [pbk.amxx] "<Feel><2515><STEAM_0:0:1439709709><CT>" was kicked for being AFK longer than 45 seconds.
L 04/26/2012 - 12:13:41: [admin_amxbans.amxx] Login: "Can'ka+An'ka)<2526><STEAM_0:0:44554979><>" became an admin (account "STEAM_0:0:44554979") (access "abcdefgijmnopqstu") (address "95.106.176.39")
L 04/26/2012 - 12:13:50: [voteban.amxx] Voteban starter F1-[G]amin[G] |Mr.Pr9niK against david STEAM_0:0:652348610
L 04/26/2012 - 12:14:05: [voteban.amxx] [AMXX] BANNED: david, STARTER: F1-[G]amin[G] |Mr.Pr9niK
L 04/26/2012 - 12:14:06: [amxbans.amxx]  Зомби сервер (x_x(O_o)x_x) Go Zombie !!!<0><><> banned david<STEAM_0:0:652348610> for 30 minutes (30 minutes). Reason: VIP->F1-[G]amin[G] |Mr.Pr9niK.
L 04/26/2012 - 12:17:10: [pbk.amxx] "<---<BuPyC>---+5Gigi5+><2527><STEAM_0:0:1248909968><TERRORIST>" was kicked for being AFK longer than 45 seconds.
L 04/26/2012 - 12:19:05: [pbk.amxx] "<[F]MMZ><2525><STEAM_ID_LAN><TERRORIST>" was kicked for being AFK longer than 45 seconds.
L 04/26/2012 - 12:19:10: [pbk.amxx] "<[F]MMZ><2525><STEAM_ID_LAN><CT>" was kicked for being AFK longer than 45 seconds.
L 04/26/2012 - 12:25:55: [pbk.amxx] "<Ork><2489><STEAM_0:0:557256476><TERRORIST>" was kicked for being AFK longer than 45 seconds.
L 04/26/2012 - 12:26:00: [pbk.amxx] "<Ork><2489><STEAM_0:0:557256476><TERRORIST>" was kicked for being AFK longer than 45 seconds.
L 04/26/2012 - 12:26:05: [pbk.amxx] "<Ork><2489><STEAM_0:0:557256476><TERRORIST>" was kicked for being AFK longer than 45 seconds.
L 04/26/2012 - 12:26:10: [pbk.amxx] "<Ork><2489><STEAM_0:0:557256476><TERRORIST>" was kicked for being AFK longer than 45 seconds.
L 04/26/2012 - 12:26:15: [pbk.amxx] "<Ork><2489><STEAM_0:0:557256476><TERRORIST>" was kicked for being AFK longer than 45 seconds.
L 04/26/2012 - 12:26:20: [pbk.amxx] "<Ork><2489><STEAM_0:0:557256476><TERRORIST>" was kicked for being AFK longer than 45 seconds.
L 04/26/2012 - 12:26:30: -------- Mapchange to zm_kill_duster_2 --------
L 04/26/2012 - 12:26:31: [admin_amxbans.amxx] Login: "F1-[G]amin[G] |Mr.Pr9niK<2508><STEAM_0:0:1360403837><>" became an admin (account "F1-[G]amin[G] |Mr.Pr9niK") (access "t") (address "95.70.64.36")
L 04/26/2012 - 12:26:32: [amxbans.amxx] [AMXBANS] AMXBans 5.0 is online
L 04/26/2012 - 12:31:20: [pbk.amxx] "<killer14><2545><STEAM_0:0:1220439397><TERRORIST>" was kicked for being AFK longer than 45 seconds.
L 04/26/2012 - 12:34:55: [pbk.amxx] "<Fri-Fe><2469><STEAM_0:0:152028308><TERRORIST>" was kicked for being AFK longer than 45 seconds.
L 04/26/2012 - 12:36:15: [pbk.amxx] "<[HeaD*ShoT*t^m]-AGRESSOR><2555><STEAM_ID_LAN><CT>" was kicked for being AFK longer than 45 seconds.
L 04/26/2012 - 12:36:20: [pbk.amxx] "<[HeaD*ShoT*t^m]-AGRESSOR><2555><STEAM_ID_LAN><CT>" was kicked for being AFK longer than 45 seconds.
L 04/26/2012 - 12:36:25: [pbk.amxx] "<[HeaD*ShoT*t^m]-AGRESSOR><2555><STEAM_ID_LAN><CT>" was kicked for being AFK longer than 45 seconds.
L 04/26/2012 - 12:45:30: [pbk.amxx] "<Immort@L><2566><STEAM_0:0:232059452><CT>" was kicked for being AFK longer than 45 seconds.
L 04/26/2012 - 12:45:35: [pbk.amxx] "<Immort@L><2566><STEAM_0:0:232059452><CT>" was kicked for being AFK longer than 45 seconds.
L 04/26/2012 - 12:45:40: [pbk.amxx] "<Immort@L><2566><STEAM_0:0:232059452><CT>" was kicked for being AFK longer than 45 seconds.
L 04/26/2012 - 12:46:45: -------- Mapchange to zm_666_brick --------
L 04/26/2012 - 12:46:46: [walkguard.amxx] no zone-file found
L 04/26/2012 - 12:46:46: [admin_amxbans.amxx] Login: "F1-[G]amin[G] |Mr.Pr9niK<2508><STEAM_0:0:1360403837><>" became an admin (account "F1-[G]amin[G] |Mr.Pr9niK") (access "t") (address "95.70.64.36")
L 04/26/2012 - 12:46:47: [amxbans.amxx] [AMXBANS] AMXBans 5.0 is online
L 04/26/2012 - 12:54:07: [admin_amxbans.amxx] Login: "Euforia<2580><STEAM_0:0:1631851413><>" became an admin (account "Euforia") (access "t") (address "95.84.206.82")
L 04/26/2012 - 12:57:10: [pbk.amxx] "<777><2567><STEAM_0:0:95834044><TERRORIST>" was kicked for being AFK longer than 45 seconds.
L 04/26/2012 - 13:02:55: [pbk.amxx] "<[HeaD*ShoT*t^m]-AGRESSOR><2565><STEAM_ID_LAN><TERRORIST>" was kicked for being AFK longer than 45 seconds.
L 04/26/2012 - 13:07:31: -------- Mapchange to zm_xata --------
L 04/26/2012 - 13:07:32: [admin_amxbans.amxx] Login: "Euforia<2580><STEAM_0:0:1631851413><>" became an admin (account "Euforia") (access "t") (address "95.84.206.82")
L 04/26/2012 - 13:07:32: [amxbans.amxx] [AMXBANS] AMXBans 5.0 is online
L 04/26/2012 - 13:09:25: [pbk.amxx] "<JIoCb><2595><STEAM_ID_LAN><CT>" was kicked for being AFK longer than 45 seconds.
L 04/26/2012 - 13:09:30: [pbk.amxx] "<777><2583><STEAM_0:0:95834044><CT>" was kicked for being AFK longer than 45 seconds.
L 04/26/2012 - 13:13:35: [pbk.amxx] "<STORM|Te@m.ON><2596><STEAM_0:0:1434326877><CT>" was kicked for being AFK longer than 45 seconds.
L 04/26/2012 - 13:14:18: [admin_amxbans.amxx] Login: "= ACTION EXPRESS =<2604><STEAM_0:0:2105366972><>" became an admin (account "= ACTION EXPRESS =") (access "abcdefijmnopqtu") (address "46.164.196.196")
L 04/26/2012 - 13:15:35: [pbk.amxx] "<777><2601><STEAM_0:0:95834044><TERRORIST>" was kicked for being AFK longer than 45 seconds.
L 04/26/2012 - 13:20:34: [admin_amxbans.amxx] Login: "= ACTION EXPRESS =<2615><STEAM_0:0:2105366972><>" became an admin (account "= ACTION EXPRESS =") (access "abcdefijmnopqtu") (address "46.164.196.196")
L 04/26/2012 - 13:26:05: [pbk.amxx] "<ak-47(: PIDAR :)><2600><STEAM_0:0:1171113900><TERRORIST>" was kicked for being AFK longer than 45 seconds.
L 04/26/2012 - 13:26:50: [pbk.amxx] "<VoLk14_KoHaH><2573><STEAM_0:0:153190916><CT>" was kicked for being AFK longer than 45 seconds.
L 04/26/2012 - 13:28:03: [amxbans.amxx] = ACTION EXPRESS =<2615><STEAM_0:0:2105366972><SPECTATOR> banned Anpil<STEAM_0:0:958281981> for 2 weeks (20160 minutes). Reason: norecoil.
L 04/26/2012 - 13:28:08: -------- Mapchange to zm_caca --------
L 04/26/2012 - 13:28:08: [walkguard.amxx] no zone-file found
L 04/26/2012 - 13:28:08: [admin_amxbans.amxx] Login: "= ACTION EXPRESS =<2615><STEAM_0:0:2105366972><>" became an admin (account "= ACTION EXPRESS =") (access "abcdefijmnopqtu") (address "46.164.196.196")
L 04/26/2012 - 13:28:08: [admin_amxbans.amxx] Login: "Euforia<2580><STEAM_0:0:1631851413><>" became an admin (account "Euforia") (access "t") (address "95.84.206.82")
L 04/26/2012 - 13:28:09: [amxbans.amxx] [AMXBANS] AMXBans 5.0 is online
L 04/26/2012 - 13:37:25: [voteban.amxx] Voteban starter Euforia against INT+1 STEAM_ID_LAN
L 04/26/2012 - 13:37:40: [voteban.amxx] [AMXX] BANNED: INT+1, STARTER: Euforia
L 04/26/2012 - 13:37:41: [amxbans.amxx]  Зомби сервер (x_x(O_o)x_x) Go Zombie !!!<0><><> banned PROsto4ok<STEAM_ID_LAN> for 30 minutes (30 minutes). Reason: VIP->Euforia.
L 04/26/2012 - 13:40:07: [pbk.amxx] "<INT+1><2624><STEAM_ID_LAN><CT>" was kicked for being AFK longer than 45 seconds.
L 04/26/2012 - 13:49:01: -------- Mapchange to zm_south_escape_b2 --------
L 04/26/2012 - 13:49:02: [walkguard.amxx] no zone-file found
L 04/26/2012 - 13:49:03: [amxbans.amxx] [AMXBANS] AMXBans 5.0 is online
L 04/26/2012 - 13:51:26: [pbk.amxx] "<Pro*Fack><2686><STEAM_0:0:263990190><CT>" was kicked for being AFK longer than 45 seconds.
L 04/26/2012 - 13:54:01: [pbk.amxx] "<NicoS><2584><STEAM_0:0:1347677559><UNASSIGNED>" was kicked for failing to choose a team within 2 minutes.
L 04/26/2012 - 13:54:01: [pbk.amxx] "<=) Steam><2681><STEAM_0:1:20494094><UNASSIGNED>" was kicked for failing to choose a team within 2 minutes.
L 04/26/2012 - 13:56:11: [pbk.amxx] "<=) Steam><2698><STEAM_0:1:20494094><UNASSIGNED>" was kicked for failing to choose a team within 2 minutes.
L 04/26/2012 - 13:56:31: [pbk.amxx] "<NicoS><2699><STEAM_0:0:1347677559><UNASSIGNED>" was kicked for failing to choose a team within 2 minutes.
L 04/26/2012 - 13:59:01: [pbk.amxx] "<NicoS><2703><STEAM_0:0:1347677559><UNASSIGNED>" was kicked for failing to choose a team within 2 minutes.
L 04/26/2012 - 14:02:18: [admin_amxbans.amxx] Login: "never have sound<2714><STEAM_0:0:935121570><>" became an admin (account "never have sound") (access "t") (address "213.88.114.209")
L 04/26/2012 - 14:02:21: [pbk.amxx] "<ktif9><2608><STEAM_0:0:1233416681><CT>" was kicked for being AFK longer than 45 seconds.
L 04/26/2012 - 14:09:06: [pbk.amxx] "<ak-47(: PIDAR :)><2629><STEAM_0:0:1171113900><TERRORIST>" was kicked for being AFK longer than 45 seconds.
L 04/26/2012 - 14:09:44: -------- Mapchange to zm_house_2011 --------
L 04/26/2012 - 14:09:45: [admin_amxbans.amxx] Login: "never have sound<2714><STEAM_0:0:935121570><>" became an admin (account "never have sound") (access "t") (address "213.88.114.209")
L 04/26/2012 - 14:09:46: [amxbans.amxx] [AMXBANS] AMXBans 5.0 is online
L 04/26/2012 - 14:14:14: [pbk.amxx] "<ak-47(: PIDAR :)><2724><STEAM_0:0:1171113900><TERRORIST>" was kicked for being AFK longer than 45 seconds.
L 04/26/2012 - 14:14:14: [pbk.amxx] "<.:neADEKBAT:.><2728><STEAM_0:0:358511048><CT>" was kicked for being AFK longer than 45 seconds.
L 04/26/2012 - 14:24:29: [pbk.amxx] "<Richard><2635><STEAM_ID_LAN><CT>" was kicked for being AFK longer than 45 seconds.
L 04/26/2012 - 14:30:58: -------- Mapchange to ze_egypt --------
L 04/26/2012 - 14:30:59: [walkguard.amxx] no zone-file found
L 04/26/2012 - 14:31:00: [amxbans.amxx] [AMXBANS] AMXBans 5.0 is online
L 04/26/2012 - 14:38:38: [pbk.amxx] "<Richard><2772><STEAM_ID_LAN><CT>" was kicked for being AFK longer than 45 seconds.
L 04/26/2012 - 14:40:20: [admin_amxbans.amxx] Login: "4e-N<2796><STEAM_0:0:1836044300><>" became an admin (account "4e-N") (access "abcdefijmnopqtu") (address "78.37.246.193")
L 04/26/2012 - 14:40:24: [admin_amxbans.amxx] Login: "4e-N<2797><STEAM_0:0:1836044300><>" became an admin (account "4e-N") (access "abcdefijmnopqtu") (address "78.37.246.193")
L 04/26/2012 - 14:41:57: [amxbans.amxx] 4e-N<2797><STEAM_0:0:1836044300><SPECTATOR> banned Anpil<STEAM_0:0:958281981> for 2 weeks (20160 minutes). Reason: AHTu6aH?.
L 04/26/2012 - 14:42:38: [pbk.amxx] "<Richard><2792><STEAM_ID_LAN><UNASSIGNED>" was kicked for failing to choose a team within 2 minutes.
L 04/26/2012 - 14:43:15: [amxbans.amxx] 4e-N<2797><STEAM_0:0:1836044300><SPECTATOR> banned nyashka^_^<STEAM_0:1:17995611> for 1 hour (60 minutes). Reason: JIArreP.
L 04/26/2012 - 14:43:21: [admincmd.amxx] Cmd: "4e-N<2797><STEAM_0:0:1836044300><>" slay "lol<2794><STEAM_0:0:18501911><>"
L 04/26/2012 - 14:45:13: [pbk.amxx] "<Richard><2806><STEAM_ID_LAN><UNASSIGNED>" was kicked for failing to choose a team within 2 minutes.
L 04/26/2012 - 14:46:59: -------- Mapchange to zm_zbek --------
L 04/26/2012 - 14:47:00: [walkguard.amxx] no zone-file found
L 04/26/2012 - 14:47:01: [amxbans.amxx] [AMXBANS] AMXBans 5.0 is online
L 04/26/2012 - 14:48:29: [pbk.amxx] "<griha negr><2756><STEAM_0:0:329561013><TERRORIST>" was kicked for being AFK longer than 45 seconds.
L 04/26/2012 - 14:52:09: [pbk.amxx] "<F1-[G]amin[G] | Mr.Wicked><2759><STEAM_0:0:1946113419><CT>" was kicked for being AFK longer than 45 seconds.
L 04/26/2012 - 14:52:14: [pbk.amxx] "<Richard><2820><STEAM_ID_LAN><UNASSIGNED>" was kicked for failing to choose a team within 2 minutes.
L 04/26/2012 - 14:54:49: [pbk.amxx] "<Richard><2825><STEAM_ID_LAN><UNASSIGNED>" was kicked for failing to choose a team within 2 minutes.
L 04/26/2012 - 14:56:31: [admin_amxbans.amxx] Login: "Demon1k(music on)<2827><STEAM_0:0:1817774469><>" became an admin (account "Demon1k(music on)") (access "t") (address "95.105.11.222")
L 04/26/2012 - 14:58:29: [pbk.amxx] "<DaNek><2819><STEAM_0:0:871181669><TERRORIST>" was kicked for being AFK longer than 45 seconds.
L 04/26/2012 - 15:08:02: -------- Mapchange to zm_neris --------
L 04/26/2012 - 15:08:03: [admin_amxbans.amxx] Login: "Demon1k(music on)<2827><STEAM_0:0:1817774469><>" became an admin (account "Demon1k(music on)") (access "t") (address "95.105.11.222")
L 04/26/2012 - 15:08:04: [amxbans.amxx] [AMXBANS] AMXBans 5.0 is online
L 04/26/2012 - 15:19:32: [pbk.amxx] "<CS.ROXSC.LV><2835><STEAM_0:0:2072229925><CT>" was kicked for being AFK longer than 45 seconds.
L 04/26/2012 - 15:19:37: [pbk.amxx] "<CS.ROXSC.LV><2835><STEAM_0:0:2072229925><CT>" was kicked for being AFK longer than 45 seconds.
L 04/26/2012 - 15:19:42: [pbk.amxx] "<CS.ROXSC.LV><2835><STEAM_0:0:2072229925><CT>" was kicked for being AFK longer than 45 seconds.
L 04/26/2012 - 15:24:37: [pbk.amxx] "<[NSK]-tm>.Sn00w_downl-/a//><2812><STEAM_ID_LAN><CT>" was kicked for being AFK longer than 45 seconds.
L 04/26/2012 - 15:27:26: [admin_amxbans.amxx] Login: "Sam_po-se6e<2863><STEAM_0:0:960859871><>" became an admin (account "Sam_po-se6e") (access "abcdefijmnopqtu") (address "178.127.46.26")
L 04/26/2012 - 15:27:42: [pbk.amxx] "<DaNek><2828><STEAM_0:0:871181669><SPECTATOR>" was kicked for spectating longer than 2 minutes.
L 04/26/2012 - 15:28:12: [pbk.amxx] "<F1-[G]amin[G] |Kaktus><2832><STEAM_0:0:765412180><TERRORIST>" was kicked for being AFK longer than 45 seconds.
L 04/26/2012 - 15:28:32: [pbk.amxx] "<[NSK]-tm>.Sn00w_downl-/a//><2860><STEAM_ID_LAN><TERRORIST>" was kicked for being AFK longer than 45 seconds.
L 04/26/2012 - 15:28:48: -------- Mapchange to zm_monsterhouse --------
L 04/26/2012 - 15:28:49: [admin_amxbans.amxx] Login: "Demon1k(music on)<2827><STEAM_0:0:1817774469><>" became an admin (account "Demon1k(music on)") (access "t") (address "95.105.11.222")
L 04/26/2012 - 15:28:50: [amxbans.amxx] [AMXBANS] AMXBans 5.0 is online
L 04/26/2012 - 15:35:08: [pbk.amxx] "<:D Kavaler><2879><STEAM_0:0:1091088539><TERRORIST>" was kicked for being AFK longer than 45 seconds.
L 04/26/2012 - 15:38:59: [pbk.amxx] "<Kin[G] Amerika><2882><STEAM_ID_LAN><CT>" was kicked for being AFK longer than 45 seconds.
L 04/26/2012 - 15:42:03: [admin_amxbans.amxx] Login: "F1-[G]amin[G] |Mr.Pr9niK<2904><STEAM_0:0:1360403837><>" became an admin (account "F1-[G]amin[G] |Mr.Pr9niK") (access "t") (address "95.70.64.36")
L 04/26/2012 - 15:44:15: [admin_amxbans.amxx] Login: "Sam_po-se6e<2908><STEAM_0:0:960859871><>" became an admin (account "Sam_po-se6e") (access "abcdefijmnopqtu") (address "178.127.46.26")
L 04/26/2012 - 15:45:27: [plmenu.amxx] Kick: "Sam_po-se6e<2908><STEAM_0:0:960859871><>" kick "oO--Music--Oo [leks]<2871><STEAM_0:0:763207328><>"
L 04/26/2012 - 15:47:04: [pbk.amxx] "<1 rpaM`#enTa^><2909><STEAM_0:0:1369886976><UNASSIGNED>" was kicked for failing to choose a team within 2 minutes.
L 04/26/2012 - 15:51:26: -------- Mapchange to zm_dd --------
L 04/26/2012 - 15:51:27: [walkguard.amxx] no zone-file found
L 04/26/2012 - 15:51:27: [admin_amxbans.amxx] Login: "Demon1k(music on)<2827><STEAM_0:0:1817774469><>" became an admin (account "Demon1k(music on)") (access "t") (address "95.105.11.222")
L 04/26/2012 - 15:51:27: [admin_amxbans.amxx] Login: "Sam_po-se6e<2908><STEAM_0:0:960859871><>" became an admin (account "Sam_po-se6e") (access "abcdefijmnopqtu") (address "178.127.46.26")
L 04/26/2012 - 15:51:27: [admin_amxbans.amxx] Login: "F1-[G]amin[G] |Mr.Pr9niK<2904><STEAM_0:0:1360403837><>" became an admin (account "F1-[G]amin[G] |Mr.Pr9niK") (access "t") (address "95.70.64.36")
L 04/26/2012 - 15:51:27: [admin_amxbans.amxx] Login: "F1-[G]amin[G] |Mr.Pr9niK<2904><STEAM_0:0:1360403837><>" became an admin (account "F1-[G]amin[G] |Mr.Pr9niK") (access "t") (address "95.70.64.36")
L 04/26/2012 - 15:51:28: [amxbans.amxx] [AMXBANS] AMXBans 5.0 is online
L 04/26/2012 - 15:51:40: [admin_amxbans.amxx] Login: "Celldweller<2919><STEAM_0:0:1924579479><>" became an admin (account "Celldweller") (access "abcdefijmnopqtu") (address "178.127.225.56")
L 04/26/2012 - 15:53:13: [plmenu.amxx] Kick: "Celldweller<2919><STEAM_0:0:1924579479><>" kick "Celldweller<2919><STEAM_0:0:1924579479><>"
L 04/26/2012 - 15:53:16: [admin_amxbans.amxx] Login: "Celldweller<2924><STEAM_0:0:1924579479><>" became an admin (account "Celldweller") (access "abcdefijmnopqtu") (address "178.127.225.56")
L 04/26/2012 - 15:53:26: [plmenu.amxx] Kick: "Celldweller<2924><STEAM_0:0:1924579479><>" kick "Richard<2906><STEAM_ID_LAN><>"
L 04/26/2012 - 15:53:51: [amxbans.amxx] Celldweller<2924><STEAM_0:0:1924579479><TERRORIST> banned Dani<STEAM_0:0:1302468067> for 8 hours (480 minutes). Reason: Noob.
L 04/26/2012 - 15:56:31: [pbk.amxx] "<CHAMPION><2917><STEAM_ID_LAN><TERRORIST>" was kicked for being AFK longer than 45 seconds.
L 04/26/2012 - 16:00:16: [pbk.amxx] "<@k-56-rus><2934><STEAM_ID_LAN><UNASSIGNED>" was kicked for failing to choose a team within 2 minutes.
L 04/26/2012 - 16:02:31: [pbk.amxx] "<DaNek><2932><STEAM_0:0:871181669><TERRORIST>" was kicked for being AFK longer than 45 seconds.
L 04/26/2012 - 16:05:26: [pbk.amxx] "<CS.ROXSC.LV><2928><STEAM_0:0:2072229925><TERRORIST>" was kicked for being AFK longer than 45 seconds.
L 04/26/2012 - 16:12:11: [pbk.amxx] "<Valdo><2947><STEAM_ID_LAN><UNASSIGNED>" was kicked for failing to choose a team within 2 minutes.
L 04/26/2012 - 16:12:51: [pbk.amxx] "<Hydr1k no sound><2939><STEAM_0:0:22991541><TERRORIST>" was kicked for being AFK longer than 45 seconds.
L 04/26/2012 - 16:13:01: [pbk.amxx] "<Mr*egor=D><2922><STEAM_ID_LAN><TERRORIST>" was kicked for being AFK longer than 45 seconds.
L 04/26/2012 - 16:13:01: [pbk.amxx] "<VAGINAPOWER.white panda 0o><2916><STEAM_0:1:21709017><TERRORIST>" was kicked for being AFK longer than 45 seconds.
L 04/26/2012 - 16:14:07: -------- Mapchange to 016 --------
L 04/26/2012 - 16:14:07: [walkguard.amxx] no zone-file found
L 04/26/2012 - 16:14:07: [admin_amxbans.amxx] Login: "Demon1k(music on)<2827><STEAM_0:0:1817774469><>" became an admin (account "Demon1k(music on)") (access "t") (address "95.105.11.222")
L 04/26/2012 - 16:14:07: [admin_amxbans.amxx] Login: "Celldweller<2924><STEAM_0:0:1924579479><>" became an admin (account "Celldweller") (access "abcdefijmnopqtu") (address "178.127.225.56")
L 04/26/2012 - 16:14:07: [admin_amxbans.amxx] Login: "Sam_po-se6e<2908><STEAM_0:0:960859871><>" became an admin (account "Sam_po-se6e") (access "abcdefijmnopqtu") (address "178.127.46.26")
L 04/26/2012 - 16:14:08: [admin_amxbans.amxx] Login: "F1-[G]amin[G] |Mr.Pr9niK<2904><STEAM_0:0:1360403837><>" became an admin (account "F1-[G]amin[G] |Mr.Pr9niK") (access "t") (address "95.70.64.36")
L 04/26/2012 - 16:14:08: [amxbans.amxx] [AMXBANS] AMXBans 5.0 is online
L 04/26/2012 - 16:14:17: [admin_amxbans.amxx] Login: "Celldweller<2956><STEAM_0:0:1924579479><>" became an admin (account "Celldweller") (access "abcdefijmnopqtu") (address "178.127.225.56")
L 04/26/2012 - 16:14:51: [admin_amxbans.amxx] Login: "Sam_po-se6e<2960><STEAM_0:0:960859871><>" became an admin (account "Sam_po-se6e") (access "abcdefijmnopqtu") (address "178.127.46.26")
L 04/26/2012 - 16:17:01: [pbk.amxx] "<Valdo><2948><STEAM_ID_LAN><CT>" was kicked for being AFK longer than 45 seconds.
L 04/26/2012 - 16:18:36: [pbk.amxx] "<Dub//Step.Jon Zombie><2952><STEAM_ID_LAN><TERRORIST>" was kicked for being AFK longer than 45 seconds.
L 04/26/2012 - 16:21:16: [admin_amxbans.amxx] Login: "Sam_po-se6e<2969><STEAM_0:0:960859871><>" became an admin (account "Sam_po-se6e") (access "abcdefijmnopqtu") (address "178.127.46.26")
L 04/26/2012 - 16:27:16: [pbk.amxx] "<@k-56-rus><2970><STEAM_ID_LAN><CT>" was kicked for being AFK longer than 45 seconds.
L 04/26/2012 - 16:27:21: [pbk.amxx] "<@k-56-rus><2970><STEAM_ID_LAN><CT>" was kicked for being AFK longer than 45 seconds.
L 04/26/2012 - 16:27:26: [pbk.amxx] "<@k-56-rus><2970><STEAM_ID_LAN><CT>" was kicked for being AFK longer than 45 seconds.
L 04/26/2012 - 16:29:46: [pbk.amxx] "<VAGINAPOWER.white panda 0o><2968><STEAM_0:1:21709017><CT>" was kicked for being AFK longer than 45 seconds.
L 04/26/2012 - 16:30:11: [pbk.amxx] "<Kin[G] Amerika><2964><STEAM_ID_LAN><CT>" was kicked for being AFK longer than 45 seconds.
L 04/26/2012 - 16:33:21: [pbk.amxx] "<I_LOVE_TO_PLAY_STUPID_GAMES><2973><STEAM_0:0:12605980><CT>" was kicked for being AFK longer than 45 seconds.
L 04/26/2012 - 16:36:51: [pbk.amxx] "<Kin[G] Amerika><2979><STEAM_ID_LAN><TERRORIST>" was kicked for being AFK longer than 45 seconds.
L 04/26/2012 - 16:37:02: -------- Mapchange to zm_desolation_house --------
L 04/26/2012 - 16:37:03: [walkguard.amxx] no zone-file found
L 04/26/2012 - 16:37:03: [admin_amxbans.amxx] Login: "Demon1k(music on)<2827><STEAM_0:0:1817774469><>" became an admin (account "Demon1k(music on)") (access "t") (address "95.105.11.222")
L 04/26/2012 - 16:37:03: [admin_amxbans.amxx] Login: "Celldweller<2956><STEAM_0:0:1924579479><>" became an admin (account "Celldweller") (access "abcdefijmnopqtu") (address "178.127.225.56")
L 04/26/2012 - 16:37:03: [admin_amxbans.amxx] Login: "F1-[G]amin[G] |Mr.Pr9niK<2904><STEAM_0:0:1360403837><>" became an admin (account "F1-[G]amin[G] |Mr.Pr9niK") (access "t") (address "95.70.64.36")
L 04/26/2012 - 16:37:04: [amxbans.amxx] [AMXBANS] AMXBans 5.0 is online
L 04/26/2012 - 16:41:27: [pbk.amxx] "<SashkaSlad><3001><STEAM_ID_LAN><CT>" was kicked for being AFK longer than 45 seconds.
L 04/26/2012 - 16:41:27: [pbk.amxx] "<-=Pioneer=-><2999><STEAM_0:0:954782452><CT>" was kicked for being AFK longer than 45 seconds.
L 04/26/2012 - 16:41:32: [pbk.amxx] "<-=Pioneer=-><2999><STEAM_0:0:954782452><CT>" was kicked for being AFK longer than 45 seconds.
L 04/26/2012 - 16:41:37: [pbk.amxx] "<-=Pioneer=-><2999><STEAM_0:0:954782452><CT>" was kicked for being AFK longer than 45 seconds.
L 04/26/2012 - 16:41:42: [pbk.amxx] "<-=Pioneer=-><2999><STEAM_0:0:954782452><CT>" was kicked for being AFK longer than 45 seconds.
L 04/26/2012 - 16:41:47: [pbk.amxx] "<-=Pioneer=-><2999><STEAM_0:0:954782452><CT>" was kicked for being AFK longer than 45 seconds.
L 04/26/2012 - 16:41:52: [pbk.amxx] "<-=Pioneer=-><2999><STEAM_0:0:954782452><CT>" was kicked for being AFK longer than 45 seconds.
L 04/26/2012 - 16:41:57: [pbk.amxx] "<-=Pioneer=-><2999><STEAM_0:0:954782452><CT>" was kicked for being AFK longer than 45 seconds.
L 04/26/2012 - 16:45:22: [pbk.amxx] "<CHAMPION><3002><STEAM_ID_LAN><CT>" was kicked for being AFK longer than 45 seconds.
L 04/26/2012 - 16:45:27: [pbk.amxx] "<CHAMPION><3002><STEAM_ID_LAN><CT>" was kicked for being AFK longer than 45 seconds.
L 04/26/2012 - 16:45:32: [pbk.amxx] "<CHAMPION><3002><STEAM_ID_LAN><CT>" was kicked for being AFK longer than 45 seconds.
L 04/26/2012 - 16:45:37: [pbk.amxx] "<_CreeD_><3007><STEAM_0:0:1094760253><CT>" was kicked for being AFK longer than 45 seconds.
L 04/26/2012 - 16:46:52: [pbk.amxx] "<VAGINAPOWER.white panda 0o><2997><STEAM_0:1:21709017><UNASSIGNED>" was kicked for failing to choose a team within 2 minutes.
L 04/26/2012 - 16:54:27: [pbk.amxx] "<Nybik><3023><STEAM_0:0:1397277939><CT>" was kicked for being AFK longer than 45 seconds.
L 04/26/2012 - 16:56:07: [pbk.amxx] "<Pro[102_rus](Kniffe*3D)><3038><STEAM_0:0:1397277994><CT>" was kicked for being AFK longer than 45 seconds.
L 04/26/2012 - 16:57:07: -------- Mapchange to zm_houses --------
L 04/26/2012 - 16:57:08: [admin_amxbans.amxx] Login: "Celldweller<2956><STEAM_0:0:1924579479><>" became an admin (account "Celldweller") (access "abcdefijmnopqtu") (address "178.127.225.56")
L 04/26/2012 - 16:57:09: [amxbans.amxx] [AMXBANS] AMXBans 5.0 is online
L 04/26/2012 - 16:58:41: [amxbans.amxx] Celldweller<2956><STEAM_0:0:1924579479><CT> banned AHTOH<STEAM_ID_LAN> for 2 weeks (20160 minutes). Reason: SpeedHack.
L 04/26/2012 - 17:12:32: [pbk.amxx] "<God of CS><3067><STEAM_ID_LAN><UNASSIGNED>" was kicked for failing to choose a team within 2 minutes.
L 04/26/2012 - 17:16:12: [admin_amxbans.amxx] Login: "Demon1k(music on)<3086><STEAM_0:0:1817774469><>" became an admin (account "Demon1k(music on)") (access "t") (address "95.105.11.222")
L 04/26/2012 - 17:16:42: [pbk.amxx] "<God of CS><3078><STEAM_ID_LAN><UNASSIGNED>" was kicked for failing to choose a team within 2 minutes.
L 04/26/2012 - 17:17:27: -------- Mapchange to zm_666_brick --------
L 04/26/2012 - 17:17:28: [walkguard.amxx] no zone-file found
L 04/26/2012 - 17:17:28: [admin_amxbans.amxx] Login: "Demon1k(music on)<3086><STEAM_0:0:1817774469><>" became an admin (account "Demon1k(music on)") (access "t") (address "95.105.11.222")
L 04/26/2012 - 17:17:28: [admin_amxbans.amxx] Login: "Celldweller<2956><STEAM_0:0:1924579479><>" became an admin (account "Celldweller") (access "abcdefijmnopqtu") (address "178.127.225.56")
L 04/26/2012 - 17:17:29: [amxbans.amxx] [AMXBANS] AMXBans 5.0 is online
L 04/26/2012 - 17:19:42: [pbk.amxx] "<[Difficult]_SEREGA><3093><STEAM_ID_LAN><UNASSIGNED>" was kicked for failing to choose a team within 2 minutes.
L 04/26/2012 - 17:22:22: [admin_amxbans.amxx] Login: "Topaz<3100><STEAM_0:0:1460434637><>" became an admin (account "Topaz") (access "t") (address "91.194.111.250")
L 04/26/2012 - 17:23:42: [pbk.amxx] "<Kin[G] Amerika><3076><STEAM_ID_LAN><TERRORIST>" was kicked for being AFK longer than 45 seconds.
L 04/26/2012 - 17:38:28: -------- Mapchange to zm_kill_duster_2 --------
L 04/26/2012 - 17:38:29: [admin_amxbans.amxx] Login: "Demon1k(music on)<3086><STEAM_0:0:1817774469><>" became an admin (account "Demon1k(music on)") (access "t") (address "95.105.11.222")
L 04/26/2012 - 17:38:29: [admin_amxbans.amxx] Login: "Topaz<3100><STEAM_0:0:1460434637><>" became an admin (account "Topaz") (access "t") (address "91.194.111.250")
L 04/26/2012 - 17:38:29: [admin_amxbans.amxx] Login: "Celldweller<2956><STEAM_0:0:1924579479><>" became an admin (account "Celldweller") (access "abcdefijmnopqtu") (address "178.127.225.56")
L 04/26/2012 - 17:38:30: [amxbans.amxx] [AMXBANS] AMXBans 5.0 is online
L 04/26/2012 - 17:43:33: [pbk.amxx] "<Nybik><3118><STEAM_0:0:1397277939><TERRORIST>" was kicked for being AFK longer than 45 seconds.
L 04/26/2012 - 17:45:58: [pbk.amxx] "<OST><3092><STEAM_ID_LAN><CT>" was kicked for being AFK longer than 45 seconds.
L 04/26/2012 - 17:46:23: [pbk.amxx] "<CHAMPION><3119><STEAM_ID_LAN><CT>" was kicked for being AFK longer than 45 seconds.
L 04/26/2012 - 17:52:08: [pbk.amxx] "<Nybik><3135><STEAM_0:0:1397277939><UNASSIGNED>" was kicked for failing to choose a team within 2 minutes.
L 04/26/2012 - 17:54:15: [admin_amxbans.amxx] Login: "Celldweller<3146><STEAM_0:0:1924579479><>" became an admin (account "Celldweller") (access "abcdefijmnopqtu") (address "178.127.225.56")
L 04/26/2012 - 17:58:51: [admin_amxbans.amxx] Login: "Demon1k(music on)<3152><STEAM_0:0:1817774469><>" became an admin (account "Demon1k(music on)") (access "t") (address "95.105.11.222")
L 04/26/2012 - 17:59:14: -------- Mapchange to zm_caca --------
L 04/26/2012 - 17:59:15: [walkguard.amxx] no zone-file found
L 04/26/2012 - 17:59:15: [admin_amxbans.amxx] Login: "Demon1k(music on)<3152><STEAM_0:0:1817774469><>" became an admin (account "Demon1k(music on)") (access "t") (address "95.105.11.222")
L 04/26/2012 - 17:59:15: [admin_amxbans.amxx] Login: "Celldweller<3146><STEAM_0:0:1924579479><>" became an admin (account "Celldweller") (access "abcdefijmnopqtu") (address "178.127.225.56")
L 04/26/2012 - 17:59:16: [amxbans.amxx] [AMXBANS] AMXBans 5.0 is online
L 04/26/2012 - 18:01:34: [pbk.amxx] "<killer><3141><STEAM_ID_LAN><UNASSIGNED>" was kicked for failing to choose a team within 2 minutes.
L 04/26/2012 - 18:04:24: [pbk.amxx] "<killer><3162><STEAM_ID_LAN><UNASSIGNED>" was kicked for failing to choose a team within 2 minutes.
L 04/26/2012 - 18:06:34: [pbk.amxx] "<CHAMPION><3164><STEAM_ID_LAN><UNASSIGNED>" was kicked for failing to choose a team within 2 minutes.
L 04/26/2012 - 18:19:54: [pbk.amxx] "<Richard><3173><STEAM_ID_LAN><TERRORIST>" was kicked for being AFK longer than 45 seconds.
L 04/26/2012 - 18:20:54: [pbk.amxx] "<[Difficult]_SEREGA><3160><STEAM_ID_LAN><TERRORIST>" was kicked for being AFK longer than 45 seconds.
L 04/26/2012 - 18:21:03: -------- Mapchange to zm_fdust2x2 --------
L 04/26/2012 - 18:21:04: [admin_amxbans.amxx] Login: "Demon1k(music on)<3152><STEAM_0:0:1817774469><>" became an admin (account "Demon1k(music on)") (access "t") (address "95.105.11.222")
L 04/26/2012 - 18:21:04: [admin_amxbans.amxx] Login: "Celldweller<3146><STEAM_0:0:1924579479><>" became an admin (account "Celldweller") (access "abcdefijmnopqtu") (address "178.127.225.56")
L 04/26/2012 - 18:21:05: [amxbans.amxx] [AMXBANS] AMXBans 5.0 is online
L 04/26/2012 - 18:23:23: [pbk.amxx] "<kostratorz><3188><STEAM_ID_LAN><CT>" was kicked for being AFK longer than 45 seconds.
L 04/26/2012 - 18:23:28: [pbk.amxx] "<kostratorz><3188><STEAM_ID_LAN><CT>" was kicked for being AFK longer than 45 seconds.
L 04/26/2012 - 18:23:33: [pbk.amxx] "<kostratorz><3188><STEAM_ID_LAN><CT>" was kicked for being AFK longer than 45 seconds.
L 04/26/2012 - 18:24:48: [pbk.amxx] "<[PRIME TIME]ZOMBIE><3144><STEAM_0:0:434052252><CT>" was kicked for being AFK longer than 45 seconds.
L 04/26/2012 - 18:32:58: [pbk.amxx] "<[NO-UCP] CS.WOS 1.6 [NEW]><3201><STEAM_0:0:207765593><CT>" was kicked for being AFK longer than 45 seconds.
L 04/26/2012 - 18:33:44: [admin_amxbans.amxx] Login: "KpuMuHaJI_B_MaKgoHaJIgCe<3208><STEAM_0:0:352547479><>" became an admin (account "KpuMuHaJI_B_MaKgoHaJIgCe") (access "t") (address "178.130.42.13")
L 04/26/2012 - 18:41:03: -------- Mapchange to ze_jurassicpark --------
L 04/26/2012 - 18:41:04: [admin_amxbans.amxx] Login: "Demon1k(music on)<3152><STEAM_0:0:1817774469><>" became an admin (account "Demon1k(music on)") (access "t") (address "95.105.11.222")
L 04/26/2012 - 18:41:04: [admin_amxbans.amxx] Login: "KpuMuHaJI_B_MaKgoHaJIgCe<3208><STEAM_0:0:352547479><>" became an admin (account "KpuMuHaJI_B_MaKgoHaJIgCe") (access "t") (address "178.130.42.13")
L 04/26/2012 - 18:41:04: [admin_amxbans.amxx] Login: "Celldweller<3146><STEAM_0:0:1924579479><>" became an admin (account "Celldweller") (access "abcdefijmnopqtu") (address "178.127.225.56")
L 04/26/2012 - 18:41:05: [amxbans.amxx] [AMXBANS] AMXBans 5.0 is online
L 04/26/2012 - 18:50:59: [admin_amxbans.amxx] Login: "= ACTION EXPRESS =<3246><STEAM_0:0:2105366972><>" became an admin (account "= ACTION EXPRESS =") (access "abcdefijmnopqtu") (address "46.164.208.23")
L 04/26/2012 - 19:01:13: -------- Mapchange to zm_snow_s1h_v2 --------
L 04/26/2012 - 19:01:13: [walkguard.amxx] no zone-file found
L 04/26/2012 - 19:01:13: [admin_amxbans.amxx] Login: "Demon1k(music on)<3152><STEAM_0:0:1817774469><>" became an admin (account "Demon1k(music on)") (access "t") (address "95.105.11.222")
L 04/26/2012 - 19:01:13: [admin_amxbans.amxx] Login: "= ACTION EXPRESS =<3246><STEAM_0:0:2105366972><>" became an admin (account "= ACTION EXPRESS =") (access "abcdefijmnopqtu") (address "46.164.208.23")
L 04/26/2012 - 19:01:14: [admin_amxbans.amxx] Login: "Celldweller<3146><STEAM_0:0:1924579479><>" became an admin (account "Celldweller") (access "abcdefijmnopqtu") (address "178.127.225.56")
L 04/26/2012 - 19:01:14: [amxbans.amxx] [AMXBANS] AMXBans 5.0 is online
L 04/26/2012 - 19:11:14: [admin_amxbans.amxx] Login: "Celldweller<3273><STEAM_0:0:1924579479><>" became an admin (account "Celldweller") (access "abcdefijmnopqtu") (address "178.127.225.56")
L 04/26/2012 - 19:11:14: [amxbans.amxx] = ACTION EXPRESS =<3246><STEAM_0:0:2105366972><TERRORIST> banned Maksim<STEAM_0:1:50125990> for 1 day (1440 minutes). Reason: 6JIoku u nogcTaBbI.
L 04/26/2012 - 19:14:32: [pbk.amxx] "<[PRO]OJIEHb><3225><STEAM_0:0:1506415880><CT>" was kicked for being AFK longer than 45 seconds.
L 04/26/2012 - 19:16:17: [pbk.amxx] "<killer14><3274><STEAM_0:0:1220439397><TERRORIST>" was kicked for being AFK longer than 45 seconds.
L 04/26/2012 - 19:17:22: [pbk.amxx] "<sAsHa><3248><STEAM_0:0:1739715618><CT>" was kicked for being AFK longer than 45 seconds.
L 04/26/2012 - 19:21:48: -------- Mapchange to zm_street_new --------
L 04/26/2012 - 19:21:49: [admin_amxbans.amxx] Login: "= ACTION EXPRESS =<3246><STEAM_0:0:2105366972><>" became an admin (account "= ACTION EXPRESS =") (access "abcdefijmnopqtu") (address "46.164.208.23")
L 04/26/2012 - 19:21:49: [admin_amxbans.amxx] Login: "Celldweller<3273><STEAM_0:0:1924579479><>" became an admin (account "Celldweller") (access "abcdefijmnopqtu") (address "178.127.225.56")
L 04/26/2012 - 19:21:50: [amxbans.amxx] [AMXBANS] AMXBans 5.0 is online
L 04/26/2012 - 19:26:21: [admin_amxbans.amxx] Login: "Topaz<3294><STEAM_0:0:1460434637><>" became an admin (account "Topaz") (access "t") (address "91.194.111.250")
L 04/26/2012 - 19:31:41: [plmenu.amxx] Kick: "Celldweller<3273><STEAM_0:0:1924579479><>" kick "DeDa_s_BaBoi<3270><STEAM_0:0:1366804034><>"
L 04/26/2012 - 19:31:43: [pbk.amxx] "<Kin[G] Amerika><3279><STEAM_ID_LAN><TERRORIST>" was kicked for being AFK longer than 45 seconds.
L 04/26/2012 - 19:31:44: [admin_amxbans.amxx] Login: "= ACTION EXPRESS =<3303><STEAM_0:0:2105366972><>" became an admin (account "= ACTION EXPRESS =") (access "abcdefijmnopqtu") (address "46.164.208.23")
L 04/26/2012 - 19:32:08: [admin_amxbans.amxx] Login: "BKOHTPE | (+)Dr.Benway<3308><STEAM_ID_LAN><>" became an admin (account "BKOHTPE | (+)Dr.Benway") (access "abcdefijmnopqtu") (address "91.122.171.140")
L 04/26/2012 - 19:39:23: [pbk.amxx] "<Kin[G] Amerika><3305><STEAM_ID_LAN><TERRORIST>" was kicked for being AFK longer than 45 seconds.
L 04/26/2012 - 19:43:29: -------- Mapchange to zm_dust_siege_final --------
L 04/26/2012 - 19:43:29: [admin_amxbans.amxx] Login: "Topaz<3294><STEAM_0:0:1460434637><>" became an admin (account "Topaz") (access "t") (address "91.194.111.250")
L 04/26/2012 - 19:43:29: [admin_amxbans.amxx] Login: "= ACTION EXPRESS =<3303><STEAM_0:0:2105366972><>" became an admin (account "= ACTION EXPRESS =") (access "abcdefijmnopqtu") (address "46.164.208.23")
L 04/26/2012 - 19:43:29: [admin_amxbans.amxx] Login: "Celldweller<3273><STEAM_0:0:1924579479><>" became an admin (account "Celldweller") (access "abcdefijmnopqtu") (address "178.127.225.56")
L 04/26/2012 - 19:43:30: [amxbans.amxx] [AMXBANS] AMXBans 5.0 is online
L 04/26/2012 - 19:58:03: [pbk.amxx] "<-=CERBER=-><3334><STEAM_0:0:1212753993><CT>" was kicked for being AFK longer than 45 seconds.
L 04/26/2012 - 20:01:48: [pbk.amxx] "<-=CERBER=-><3347><STEAM_0:0:1212753993><UNASSIGNED>" was kicked for failing to choose a team within 2 minutes.
L 04/26/2012 - 20:02:26: [plmenu.amxx] Kick: "Celldweller<3273><STEAM_0:0:1924579479><>" kick "sAsHa<3281><STEAM_0:0:1739715618><>"
L 04/26/2012 - 20:03:59: -------- Mapchange to zm_cpl_mill_kamp --------
L 04/26/2012 - 20:04:00: [admin_amxbans.amxx] Login: "= ACTION EXPRESS =<3303><STEAM_0:0:2105366972><>" became an admin (account "= ACTION EXPRESS =") (access "abcdefijmnopqtu") (address "46.164.208.23")
L 04/26/2012 - 20:04:00: [admin_amxbans.amxx] Login: "Topaz<3294><STEAM_0:0:1460434637><>" became an admin (account "Topaz") (access "t") (address "91.194.111.250")
L 04/26/2012 - 20:04:00: [admin_amxbans.amxx] Login: "Celldweller<3273><STEAM_0:0:1924579479><>" became an admin (account "Celldweller") (access "abcdefijmnopqtu") (address "178.127.225.56")
L 04/26/2012 - 20:04:01: [amxbans.amxx] [AMXBANS] AMXBans 5.0 is online
L 04/26/2012 - 20:05:06: [plmenu.amxx] Cmd: "= ACTION EXPRESS =<3303><STEAM_0:0:2105366972><>" transfer "INT+1<3355><STEAM_ID_LAN><>" (team "CT")
L 04/26/2012 - 20:06:25: [amxbans.amxx] = ACTION EXPRESS =<3303><STEAM_0:0:2105366972><TERRORIST> banned INT+1<STEAM_ID_LAN> for 2 weeks (20160 minutes). Reason: yMygak.
L 04/26/2012 - 20:08:31: [amxbans.amxx] = ACTION EXPRESS =<3303><STEAM_0:0:2105366972><CT> banned Raul_Smith<STEAM_ID_LAN> for 3 days (4320 minutes). Reason: CJIuLLIkoM HenoH9TJIuBbIu.
L 04/26/2012 - 20:09:37: [plmenu.amxx] Cmd: "= ACTION EXPRESS =<3303><STEAM_0:0:2105366972><>" transfer "INT+1<3372><STEAM_ID_LAN><>" (team "CT")
L 04/26/2012 - 20:09:55: [admin_amxbans.amxx] Login: "Demon1k(music on)<3381><STEAM_0:0:1817774469><>" became an admin (account "Demon1k(music on)") (access "t") (address "95.105.11.222")
L 04/26/2012 - 20:10:21: [plmenu.amxx] Cmd: "= ACTION EXPRESS =<3303><STEAM_0:0:2105366972><>" transfer "INT+1<3372><STEAM_ID_LAN><>" (team "TERRORIST")
L 04/26/2012 - 20:10:30: [plmenu.amxx] Cmd: "= ACTION EXPRESS =<3303><STEAM_0:0:2105366972><>" transfer "INT+1<3372><STEAM_ID_LAN><>" (team "CT")
L 04/26/2012 - 20:10:32: [plmenu.amxx] Cmd: "= ACTION EXPRESS =<3303><STEAM_0:0:2105366972><>" transfer "INT+1<3372><STEAM_ID_LAN><>" (team "TERRORIST")
L 04/26/2012 - 20:10:39: [pbk.amxx] "<'' Top-Hit-Games''><3376><STEAM_0:0:1025633281><CT>" was kicked for being AFK longer than 45 seconds.
L 04/26/2012 - 20:10:59: [pbk.amxx] "<-=CERBER=-><3356><STEAM_0:0:1212753993><UNASSIGNED>" was kicked for failing to choose a team within 2 minutes.
L 04/26/2012 - 20:11:14: [pbk.amxx] "<Immort@L><3358><STEAM_0:0:232059452><TERRORIST>" was kicked for being AFK longer than 45 seconds.
L 04/26/2012 - 20:11:19: [plmenu.amxx] Cmd: "= ACTION EXPRESS =<3303><STEAM_0:0:2105366972><>" transfer "INT+1<3372><STEAM_ID_LAN><>" (team "CT")
L 04/26/2012 - 20:13:38: [admin_amxbans.amxx] Login: "6ers3rker<3391><STEAM_0:0:16602128><>" became an admin (account "6ers3rker") (access "abcdefijmnopqtu") (address "91.192.70.30")
L 04/26/2012 - 20:14:07: [plmenu.amxx] Cmd: "= ACTION EXPRESS =<3303><STEAM_0:0:2105366972><>" transfer "Cocks<3388><STEAM_ID_LAN><>" (team "CT")
L 04/26/2012 - 20:14:34: [pbk.amxx] "<GTN_JIuMoH4UK><3375><STEAM_ID_LAN><UNASSIGNED>" was kicked for failing to choose a team within 2 minutes.
L 04/26/2012 - 20:16:03: [admin_amxbans.amxx] Login: "Celldweller<3394><STEAM_0:0:1924579479><>" became an admin (account "Celldweller") (access "abcdefijmnopqtu") (address "178.127.225.56")
L 04/26/2012 - 20:17:28: [plmenu.amxx] Cmd: "= ACTION EXPRESS =<3303><STEAM_0:0:2105366972><>" transfer "Cocks<3388><STEAM_ID_LAN><>" (team "CT")
L 04/26/2012 - 20:18:04: [pbk.amxx] "<xTwiX><3378><STEAM_0:0:1641042137><CT>" was kicked for being AFK longer than 45 seconds.
L 04/26/2012 - 20:18:04: [pbk.amxx] "<_WT _*NeGaTiVe*_><3362><STEAM_ID_LAN><CT>" was kicked for being AFK longer than 45 seconds.
L 04/26/2012 - 20:18:14: [pbk.amxx] "<'' Top-Hit-Games''><3390><STEAM_0:0:1025633281><TERRORIST>" was kicked for being AFK longer than 45 seconds.
L 04/26/2012 - 20:21:44: [pbk.amxx] "<NicoS><3359><STEAM_0:0:1347677559><TERRORIST>" was kicked for being AFK longer than 45 seconds.
L 04/26/2012 - 20:24:18: -------- Mapchange to zm_abbac --------
L 04/26/2012 - 20:24:18: [admin_amxbans.amxx] Login: "6ers3rker<3391><STEAM_0:0:16602128><>" became an admin (account "6ers3rker") (access "abcdefijmnopqtu") (address "91.192.70.30")
L 04/26/2012 - 20:24:18: [admin_amxbans.amxx] Login: "Demon1k(music on)<3381><STEAM_0:0:1817774469><>" became an admin (account "Demon1k(music on)") (access "t") (address "95.105.11.222")
L 04/26/2012 - 20:24:19: [admin_amxbans.amxx] Login: "Celldweller<3394><STEAM_0:0:1924579479><>" became an admin (account "Celldweller") (access "abcdefijmnopqtu") (address "178.127.225.56")
L 04/26/2012 - 20:24:19: [amxbans.amxx] [AMXBANS] AMXBans 5.0 is online
L 04/26/2012 - 20:27:25: [admin_amxbans.amxx] Login: "Demon1k(music on)<3422><STEAM_0:0:1817774469><>" became an admin (account "Demon1k(music on)") (access "t") (address "95.105.11.222")
L 04/26/2012 - 20:27:28: [admin_amxbans.amxx] Login: "Topaz<3423><STEAM_0:0:1460434637><>" became an admin (account "Topaz") (access "t") (address "91.194.111.250")
L 04/26/2012 - 20:35:34: [admin_amxbans.amxx] Login: "= ACTION EXPRESS =<3303><STEAM_0:0:2105366972><>" became an admin (account "= ACTION EXPRESS =") (access "abcdefijmnopqtu") (address "46.164.208.23")
L 04/26/2012 - 20:40:28: [voteban.amxx] Voteban starter Demon1k(music on) against KeFa STEAM_0:0:166574879
L 04/26/2012 - 20:40:43: [voteban.amxx] [AMXX] BANNED: KeFa, STARTER: Demon1k(music on)
L 04/26/2012 - 20:40:44: [amxbans.amxx]  Зомби сервер (x_x(O_o)x_x) Go Zombie !!!<0><><> banned KeFa<STEAM_0:0:166574879> for 30 minutes (30 minutes). Reason: VIP->Demon1k(music on).
L 04/26/2012 - 20:44:32: -------- Mapchange to 016 --------
L 04/26/2012 - 20:44:32: [walkguard.amxx] no zone-file found
L 04/26/2012 - 20:44:33: [admin_amxbans.amxx] Login: "= ACTION EXPRESS =<3303><STEAM_0:0:2105366972><>" became an admin (account "= ACTION EXPRESS =") (access "abcdefijmnopqtu") (address "46.164.208.23")
L 04/26/2012 - 20:44:33: [amxbans.amxx] [AMXBANS] AMXBans 5.0 is online
L 04/26/2012 - 20:44:58: [admin_amxbans.amxx] Login: "6ers3rker<3451><STEAM_0:0:16602128><>" became an admin (account "6ers3rker") (access "abcdefijmnopqtu") (address "91.192.70.30")
L 04/26/2012 - 20:45:06: [admin_amxbans.amxx] Login: "Demon1k(music on)<3453><STEAM_0:0:1817774469><>" became an admin (account "Demon1k(music on)") (access "t") (address "95.105.11.222")
L 04/26/2012 - 20:46:31: [pbk.amxx] "<ak-47(: PIDAR :)><3438><STEAM_0:0:1171113900><TERRORIST>" was kicked for being AFK longer than 45 seconds.
L 04/26/2012 - 20:47:06: [pbk.amxx] "<PauM-.-><3400><STEAM_ID_LAN><UNASSIGNED>" was kicked for failing to choose a team within 2 minutes.
L 04/26/2012 - 20:52:16: [pbk.amxx] "<DaNek><3442><STEAM_0:0:871181669><CT>" was kicked for being AFK longer than 45 seconds.
L 04/26/2012 - 20:56:31: [pbk.amxx] "<SARAEGA 178 RUS><3414><STEAM_0:0:1232586911><TERRORIST>" was kicked for being AFK longer than 45 seconds.
L 04/26/2012 - 20:59:01: [pbk.amxx] "<[KENT]sasha><3456><STEAM_0:0:730805601><CT>" was kicked for being AFK longer than 45 seconds.
L 04/26/2012 - 20:59:06: [pbk.amxx] "<[KENT]sasha><3456><STEAM_0:0:730805601><CT>" was kicked for being AFK longer than 45 seconds.
L 04/26/2012 - 21:06:18: -------- Mapchange to zm_666_brick --------
L 04/26/2012 - 21:06:19: [walkguard.amxx] no zone-file found
L 04/26/2012 - 21:06:19: [admin_amxbans.amxx] Login: "Demon1k(music on)<3453><STEAM_0:0:1817774469><>" became an admin (account "Demon1k(music on)") (access "t") (address "95.105.11.222")
L 04/26/2012 - 21:06:19: [admin_amxbans.amxx] Login: "6ers3rker<3451><STEAM_0:0:16602128><>" became an admin (account "6ers3rker") (access "abcdefijmnopqtu") (address "91.192.70.30")
L 04/26/2012 - 21:06:19: [admin_amxbans.amxx] Login: "= ACTION EXPRESS =<3303><STEAM_0:0:2105366972><>" became an admin (account "= ACTION EXPRESS =") (access "abcdefijmnopqtu") (address "46.164.208.23")
L 04/26/2012 - 21:06:20: [admin_amxbans.amxx] Login: "= ACTION EXPRESS =<3470><STEAM_0:0:2105366972><>" became an admin (account "= ACTION EXPRESS =") (access "abcdefijmnopqtu") (address "46.164.208.23")
L 04/26/2012 - 21:06:20: [amxbans.amxx] [AMXBANS] AMXBans 5.0 is online
L 04/26/2012 - 21:08:28: [pbk.amxx] "<32233242343234><3436><STEAM_0:0:1106212840><UNASSIGNED>" was kicked for failing to choose a team within 2 minutes.
L 04/26/2012 - 21:08:43: [pbk.amxx] "<LooKiD><3474><STEAM_ID_LAN><SPECTATOR>" was kicked for spectating longer than 2 minutes.
L 04/26/2012 - 21:11:53: [pbk.amxx] "<PauM-.-><3462><STEAM_ID_LAN><CT>" was kicked for being AFK longer than 45 seconds.
L 04/26/2012 - 21:18:13: [pbk.amxx] "<DaNek><3466><STEAM_0:0:871181669><TERRORIST>" was kicked for being AFK longer than 45 seconds.
L 04/26/2012 - 21:20:33: [pbk.amxx] "<Ultr@Kill><3463><STEAM_0:0:628465817><CT>" was kicked for being AFK longer than 45 seconds.
L 04/26/2012 - 21:24:07: [admin_amxbans.amxx] Login: "4e-N<3486><STEAM_0:0:1836044300><>" became an admin (account "4e-N") (access "abcdefijmnopqtu") (address "95.55.3.214")
L 04/26/2012 - 21:26:58: [pbk.amxx] "<SashkaSlad><3469><STEAM_ID_LAN><CT>" was kicked for being AFK longer than 45 seconds.
L 04/26/2012 - 21:29:38: -------- Mapchange to zm_kill_duster_2 --------
L 04/26/2012 - 21:29:39: [admin_amxbans.amxx] Login: "= ACTION EXPRESS =<3470><STEAM_0:0:2105366972><>" became an admin (account "= ACTION EXPRESS =") (access "abcdefijmnopqtu") (address "46.164.208.23")
L 04/26/2012 - 21:29:39: [amxbans.amxx] [AMXBANS] AMXBans 5.0 is online
L 04/26/2012 - 21:33:23: [amxbans.amxx] [Amxbans] Query failed!
L 04/26/2012 - 21:33:23: [amxbans.amxx] [Amxbans] Threaded query error, location: 18
L 04/26/2012 - 21:33:23: [amxbans.amxx] [Amxbans] Message: You have an error in your SQL syntax; check the manual that corresponds to your MySQL server version for the right syntax to use near ''Bant' at line 1 (1064)
L 04/26/2012 - 21:33:23: [amxbans.amxx] [Amxbans] Query statement: 
L 04/26/2012 - 21:34:00: [amxbans.amxx] [Amxbans] Query failed!
L 04/26/2012 - 21:34:00: [amxbans.amxx] [Amxbans] Threaded query error, location: 18
L 04/26/2012 - 21:34:00: [amxbans.amxx] [Amxbans] Message: You have an error in your SQL syntax; check the manual that corresponds to your MySQL server version for the right syntax to use near ''Bant' at line 1 (1064)
L 04/26/2012 - 21:34:00: [amxbans.amxx] [Amxbans] Query statement: 
L 04/26/2012 - 21:40:54: [admin_amxbans.amxx] Login: "~dark_light<3512><STEAM_0:0:743756224><>" became an admin (account "~dark_light") (access "abcdefgijmnoprstu") (address "178.120.251.106")
L 04/26/2012 - 21:49:58: -------- Mapchange to ze_egypt --------
L 04/26/2012 - 21:49:59: [walkguard.amxx] no zone-file found
L 04/26/2012 - 21:49:59: [admin_amxbans.amxx] Login: "~dark_light<3512><STEAM_0:0:743756224><>" became an admin (account "~dark_light") (access "abcdefgijmnoprstu") (address "178.120.251.106")
L 04/26/2012 - 21:50:00: [amxbans.amxx] [AMXBANS] AMXBans 5.0 is online
L 04/26/2012 - 21:50:02: [admin_amxbans.amxx] Login: "~dark_light<3536><STEAM_0:0:743756224><>" became an admin (account "~dark_light") (access "abcdefgijmnoprstu") (address "178.120.251.106")
L 04/26/2012 - 21:50:17: [admin_amxbans.amxx] Login: "Den1s<3549><STEAM_0:0:889229784><>" became an admin (account "91.192.190.142") (access "abcdefghijklmnopqrstu") (address "91.192.190.142")
L 04/26/2012 - 21:50:20: [admin_amxbans.amxx] Login: "Den1s<3551><STEAM_0:0:889229784><>" became an admin (account "91.192.190.142") (access "abcdefghijklmnopqrstu") (address "91.192.190.142")
L 04/26/2012 - 21:52:39: [admin_amxbans.amxx] Login: "Demon1k(music on)<3558><STEAM_ID_LAN><>" kicked due to invalid password (account "Demon1k(music on)") (address "94.41.27.11")
L 04/26/2012 - 21:52:54: [admin_amxbans.amxx] Login: "Demon1k(music on)<3559><STEAM_ID_LAN><>" kicked due to invalid password (account "Demon1k(music on)") (address "94.41.27.11")
L 04/26/2012 - 21:56:43: [admin_amxbans.amxx] Login: "4e-N<3574><STEAM_0:0:1836044300><>" became an admin (account "4e-N") (access "abcdefijmnopqtu") (address "95.55.3.214")
L 04/26/2012 - 21:56:46: [admin_amxbans.amxx] Login: "4e-N<3575><STEAM_0:0:1836044300><>" became an admin (account "4e-N") (access "abcdefijmnopqtu") (address "95.55.3.214")
L 04/26/2012 - 21:57:18: [pbk.amxx] "<Andrik><3543><STEAM_0:0:2108686160><CT>" was kicked for being AFK longer than 45 seconds.
L 04/26/2012 - 22:01:31: [plmenu.amxx] Cmd: "~dark_light<3536><STEAM_0:0:743756224><>" slay "BOLKODAV_agent<3534><STEAM_0:0:763791477><>"
L 04/26/2012 - 22:01:41: [voteban.amxx] Voteban starter ~dark_light against BOLKODAV_agent STEAM_0:0:763791477
L 04/26/2012 - 22:01:48: [pbk.amxx] "<NeaDeKwaD | retro><3560><STEAM_0:1:47273250><TERRORIST>" was kicked for being AFK longer than 45 seconds.
L 04/26/2012 - 22:01:53: [pbk.amxx] "<NeaDeKwaD | retro><3560><STEAM_0:1:47273250><TERRORIST>" was kicked for being AFK longer than 45 seconds.
L 04/26/2012 - 22:01:56: [voteban.amxx] [AMXX] BANNED: BOLKODAV_agent, STARTER: ~dark_light
L 04/26/2012 - 22:01:57: [amxbans.amxx]  Зомби сервер (x_x(O_o)x_x) Go Zombie !!!<0><><> banned unknown_STEAM_0:0:763791477<STEAM_0:0:763791477> for 30 minutes (30 minutes). Reason: VIP->~dark_light.
L 04/26/2012 - 22:01:58: [pbk.amxx] "<NeaDeKwaD | retro><3560><STEAM_0:1:47273250><TERRORIST>" was kicked for being AFK longer than 45 seconds.
L 04/26/2012 - 22:02:03: [pbk.amxx] "<NeaDeKwaD | retro><3560><STEAM_0:1:47273250><TERRORIST>" was kicked for being AFK longer than 45 seconds.
L 04/26/2012 - 22:02:08: [pbk.amxx] "<NeaDeKwaD | retro><3560><STEAM_0:1:47273250><TERRORIST>" was kicked for being AFK longer than 45 seconds.
L 04/26/2012 - 22:02:13: [pbk.amxx] "<NeaDeKwaD | retro><3560><STEAM_0:1:47273250><TERRORIST>" was kicked for being AFK longer than 45 seconds.
L 04/26/2012 - 22:04:18: [pbk.amxx] "<Andrik><3582><STEAM_0:0:2108686160><UNASSIGNED>" was kicked for failing to choose a team within 2 minutes.
L 04/26/2012 - 22:12:07: -------- Mapchange to zm_monsterhouse --------
L 04/26/2012 - 22:12:08: [admin_amxbans.amxx] Login: "4e-N<3575><STEAM_0:0:1836044300><>" became an admin (account "4e-N") (access "abcdefijmnopqtu") (address "95.55.3.214")
L 04/26/2012 - 22:12:08: [amxbans.amxx] [AMXBANS] AMXBans 5.0 is online
L 04/26/2012 - 22:13:52: [admin_amxbans.amxx] Login: "= ACTION EXPRESS =<3571><STEAM_0:0:2105366972><>" became an admin (account "= ACTION EXPRESS =") (access "abcdefijmnopqtu") (address "46.164.208.23")
L 04/26/2012 - 22:17:12: [pbk.amxx] "<GUF><3605><STEAM_0:0:1363843813><CT>" was kicked for being AFK longer than 45 seconds.
L 04/26/2012 - 22:17:57: [pbk.amxx] "<nykHyTb B He6o :D><3618><STEAM_ID_LAN><TERRORIST>" was kicked for being AFK longer than 45 seconds.
L 04/26/2012 - 22:23:47: [pbk.amxx] "<Terminator><3604><STEAM_ID_LAN><TERRORIST>" was kicked for being AFK longer than 45 seconds.
L 04/26/2012 - 22:32:39: [admin_amxbans.amxx] Login: "= ACTION EXPRESS =<3652><STEAM_0:0:2105366972><>" became an admin (account "= ACTION EXPRESS =") (access "abcdefijmnopqtu") (address "46.164.208.23")
L 04/26/2012 - 22:35:24: -------- Mapchange to zm_house_2011 --------
L 04/26/2012 - 22:35:25: [admin_amxbans.amxx] Login: "4e-N<3575><STEAM_0:0:1836044300><>" became an admin (account "4e-N") (access "abcdefijmnopqtu") (address "95.55.3.214")
L 04/26/2012 - 22:35:25: [admin_amxbans.amxx] Login: "= ACTION EXPRESS =<3652><STEAM_0:0:2105366972><>" became an admin (account "= ACTION EXPRESS =") (access "abcdefijmnopqtu") (address "46.164.208.23")
L 04/26/2012 - 22:35:25: [admin_amxbans.amxx] Login: "4e-N<3575><STEAM_0:0:1836044300><>" became an admin (account "4e-N") (access "abcdefijmnopqtu") (address "95.55.3.214")
L 04/26/2012 - 22:35:26: [amxbans.amxx] [AMXBANS] AMXBans 5.0 is online
L 04/26/2012 - 22:36:29: [pbk.amxx] "<kostrov><3658><STEAM_ID_LAN><CT>" was kicked for being AFK longer than 45 seconds.
L 04/26/2012 - 22:37:34: [admin_amxbans.amxx] Login: "Den1s<3665><STEAM_0:0:889229784><>" became an admin (account "91.192.190.142") (access "abcdefghijklmnopqrstu") (address "91.192.190.142")
L 04/26/2012 - 22:39:04: [pbk.amxx] "<Osmar><3664><STEAM_ID_LAN><UNASSIGNED>" was kicked for failing to choose a team within 2 minutes.
L 04/26/2012 - 22:39:41: [amxbans.amxx] 4e-N<3575><STEAM_0:0:1836044300><SPECTATOR> banned 100 rpamm   u noHec/lacb!<STEAM_0:0:1369886976> for 1 day (1440 minutes). Reason: OCKOP6JIEHu9.
L 04/26/2012 - 22:41:25: [admin_amxbans.amxx] Login: "Celldweller<3671><STEAM_0:0:1924579479><>" became an admin (account "Celldweller") (access "abcdefijmnopqtu") (address "178.127.250.199")
L 04/26/2012 - 22:44:49: [pbk.amxx] "<Ultr@Kill><3659><STEAM_0:0:628465817><TERRORIST>" was kicked for being AFK longer than 45 seconds.
L 04/26/2012 - 22:46:09: [pbk.amxx] "<I love SEX*><3649><STEAM_0:1:12921584><CT>" was kicked for being AFK longer than 45 seconds.
L 04/26/2012 - 22:46:54: [pbk.amxx] "<kristina><3673><STEAM_0:0:232977310><CT>" was kicked for being AFK longer than 45 seconds.
L 04/26/2012 - 22:48:34: [pbk.amxx] "<DEXTER><3608><STEAM_0:0:628465817><CT>" was kicked for being AFK longer than 45 seconds.
L 04/26/2012 - 22:50:34: [admin_amxbans.amxx] Login: "Topaz<3685><STEAM_0:0:1460434637><>" became an admin (account "Topaz") (access "t") (address "91.194.111.250")
L 04/26/2012 - 22:54:04: [pbk.amxx] "<old good v7><3684><STEAM_0:0:2118947733><TERRORIST>" was kicked for being AFK longer than 45 seconds.
L 04/26/2012 - 22:56:19: [pbk.amxx] "<__AK-47__PIZDA__BCEM><3642><STEAM_0:0:1932091812><TERRORIST>" was kicked for being AFK longer than 45 seconds.
L 04/26/2012 - 22:57:18: -------- Mapchange to zm_snow_s1h_v2 --------
L 04/26/2012 - 22:57:19: [walkguard.amxx] no zone-file found
L 04/26/2012 - 22:57:19: [admin_amxbans.amxx] Login: "Den1s<3665><STEAM_0:0:889229784><>" became an admin (account "91.192.190.142") (access "abcdefghijklmnopqrstu") (address "91.192.190.142")
L 04/26/2012 - 22:57:19: [admin_amxbans.amxx] Login: "Topaz<3685><STEAM_0:0:1460434637><>" became an admin (account "Topaz") (access "t") (address "91.194.111.250")
L 04/26/2012 - 22:57:19: [admin_amxbans.amxx] Login: "4e-N<3575><STEAM_0:0:1836044300><>" became an admin (account "4e-N") (access "abcdefijmnopqtu") (address "95.55.3.214")
L 04/26/2012 - 22:57:19: [admin_amxbans.amxx] Login: "Celldweller<3671><STEAM_0:0:1924579479><>" became an admin (account "Celldweller") (access "abcdefijmnopqtu") (address "178.127.250.199")
L 04/26/2012 - 22:57:19: [admin_amxbans.amxx] Login: "4e-N<3575><STEAM_0:0:1836044300><>" became an admin (account "4e-N") (access "abcdefijmnopqtu") (address "95.55.3.214")
L 04/26/2012 - 22:57:20: [amxbans.amxx] [AMXBANS] AMXBans 5.0 is online
L 04/26/2012 - 22:57:21: [admin_amxbans.amxx] Login: "Den1s<3692><STEAM_0:0:889229784><>" became an admin (account "91.192.190.142") (access "abcdefghijklmnopqrstu") (address "91.192.190.142")
L 04/26/2012 - 22:57:30: [admincmd.amxx] Cmd: "4e-N<3575><STEAM_0:0:1836044300><>" ask for players list
L 04/26/2012 - 22:57:33: [admincmd.amxx] Cmd: "4e-N<3575><STEAM_0:0:1836044300><>" ask for players list
L 04/26/2012 - 22:58:11: [admin_amxbans.amxx] Login: "[BBS]Easy|LonsdalE<3701><STEAM_0:0:1024960012><>" became an admin (account "[BBS]Easy|LonsdalE") (access "t") (address "91.79.211.193")
L 04/26/2012 - 22:58:13: [pbk.amxx] "<Terminator><3691><STEAM_ID_LAN><CT>" was kicked for being AFK longer than 45 seconds.
L 04/26/2012 - 22:58:18: [pbk.amxx] "<Terminator><3691><STEAM_ID_LAN><CT>" was kicked for being AFK longer than 45 seconds.
L 04/26/2012 - 22:58:19: [admin_amxbans.amxx] Login: "[BBS]Easy|LonsdalE<3702><STEAM_0:0:1024960012><>" became an admin (account "[BBS]Easy|LonsdalE") (access "t") (address "91.79.211.193")
L 04/26/2012 - 22:58:23: [pbk.amxx] "<Terminator><3691><STEAM_ID_LAN><CT>" was kicked for being AFK longer than 45 seconds.
L 04/26/2012 - 22:58:28: [pbk.amxx] "<Terminator><3691><STEAM_ID_LAN><CT>" was kicked for being AFK longer than 45 seconds.
L 04/26/2012 - 22:58:42: [admincmd.amxx] Cmd: "4e-N<3575><STEAM_0:0:1836044300><>" ask for players list
L 04/26/2012 - 23:00:43: [pbk.amxx] "<Aleks><3540><STEAM_0:0:2008690353><CT>" was kicked for being AFK longer than 45 seconds.
L 04/26/2012 - 23:06:00: [amxbans.amxx] [Amxbans] Query failed!
L 04/26/2012 - 23:06:00: [amxbans.amxx] [Amxbans] Threaded query error, location: 18
L 04/26/2012 - 23:06:00: [amxbans.amxx] [Amxbans] Message: You have an error in your SQL syntax; check the manual that corresponds to your MySQL server version for the right syntax to use near ''Bant' at line 1 (1064)
L 04/26/2012 - 23:06:00: [amxbans.amxx] [Amxbans] Query statement: 
L 04/26/2012 - 23:16:03: [pbk.amxx] "<(1)Terminator><3699><STEAM_ID_LAN><CT>" was kicked for being AFK longer than 45 seconds.
L 04/26/2012 - 23:18:54: -------- Mapchange to zm_street_new --------
L 04/26/2012 - 23:18:56: [amxbans.amxx] [AMXBANS] AMXBans 5.0 is online
L 04/26/2012 - 23:30:39: [pbk.amxx] "<Sashok><3737><STEAM_0:0:957563069><CT>" was kicked for being AFK longer than 45 seconds.
L 04/26/2012 - 23:37:44: [pbk.amxx] "<Aleks><3709><STEAM_0:0:2008690353><CT>" was kicked for being AFK longer than 45 seconds.
L 04/26/2012 - 23:38:04: [pbk.amxx] "<kristina><3739><STEAM_0:0:734744570><TERRORIST>" was kicked for being AFK longer than 45 seconds.
L 04/26/2012 - 23:39:19: [pbk.amxx] "<Omg no cry bot's :D><3734><STEAM_ID_LAN><TERRORIST>" was kicked for being AFK longer than 45 seconds.
L 04/26/2012 - 23:40:23: -------- Mapchange to zm_zonecs --------
L 04/26/2012 - 23:40:24: [walkguard.amxx] no zone-file found
L 04/26/2012 - 23:40:25: [amxbans.amxx] [AMXBANS] AMXBans 5.0 is online
L 04/26/2012 - 23:56:42: [admin_amxbans.amxx] Login: "= ACTION EXPRESS =<3791><STEAM_0:0:2105366972><>" became an admin (account "= ACTION EXPRESS =") (access "abcdefijmnopqtu") (address "46.164.208.23")
