L 04/25/2012 - 00:04:00: [admin_amxbans.amxx] Login: "4e-N<5935><STEAM_0:0:1836044300><>" became an admin (account "4e-N") (access "abcdefijmnopqtu") (address "78.37.222.53")
L 04/25/2012 - 00:10:30: [plmenu.amxx] Kick: "4e-N<5935><STEAM_0:0:1836044300><>" kick "[REDEMAX]<5925><STEAM_0:0:905249570><>"
L 04/25/2012 - 00:13:14: -------- Mapchange to zm_kill_duster_2 --------
L 04/25/2012 - 00:13:15: [admin_amxbans.amxx] Login: "4e-N<5935><STEAM_0:0:1836044300><>" became an admin (account "4e-N") (access "abcdefijmnopqtu") (address "78.37.222.53")
L 04/25/2012 - 00:13:15: [admin_amxbans.amxx] Login: "= ACTION EXPRESS =<5906><STEAM_0:0:2105366972><>" became an admin (account "= ACTION EXPRESS =") (access "abcdefijmnopqtu") (address "92.244.224.88")
L 04/25/2012 - 00:13:15: [amxbans.amxx] [AMXBANS] AMXBans 5.0 is online
L 04/25/2012 - 00:16:16: [admincmd.amxx] Cmd: "4e-N<5935><STEAM_0:0:1836044300><>" slay "[p][R][o]100<4ok>*DooMRotter<5882><STEAM_0:0:1388113346><>"
L 04/25/2012 - 00:16:29: [pbk.amxx] "<XuTpuK><5934><STEAM_0:0:1986440821><TERRORIST>" was kicked for being AFK longer than 45 seconds.
L 04/25/2012 - 00:24:52: [admincmd.amxx] Cmd: "4e-N<5935><STEAM_0:0:1836044300><>" slay "St:^_^:<==Ro[bb]en*<5946><STEAM_ID_LAN><>"
L 04/25/2012 - 00:25:38: [pbk.amxx] "<-Frag^Cs[Tm]|wtf>? =D><5922><STEAM_ID_LAN><TERRORIST>" was kicked for being AFK longer than 45 seconds.
L 04/25/2012 - 00:29:13: [pbk.amxx] "<-Frag^Cs[Tm]|wtf>? =D><5949><STEAM_ID_LAN><TERRORIST>" was kicked for being AFK longer than 45 seconds.
L 04/25/2012 - 00:34:12: -------- Mapchange to zm_decline2k --------
L 04/25/2012 - 00:34:13: [admin_amxbans.amxx] Login: "4e-N<5935><STEAM_0:0:1836044300><>" became an admin (account "4e-N") (access "abcdefijmnopqtu") (address "78.37.222.53")
L 04/25/2012 - 00:34:13: [admin_amxbans.amxx] Login: "= ACTION EXPRESS =<5906><STEAM_0:0:2105366972><>" became an admin (account "= ACTION EXPRESS =") (access "abcdefijmnopqtu") (address "92.244.224.88")
L 04/25/2012 - 00:34:13: [admin_amxbans.amxx] Login: "4e-N<5956><STEAM_0:0:1836044300><>" became an admin (account "4e-N") (access "abcdefijmnopqtu") (address "78.37.222.53")
L 04/25/2012 - 00:34:14: [amxbans.amxx] [AMXBANS] AMXBans 5.0 is online
L 04/25/2012 - 00:44:17: [pbk.amxx] "<INT+1><5940><STEAM_ID_LAN><CT>" was kicked for being AFK longer than 45 seconds.
L 04/25/2012 - 00:46:17: [amxbans.amxx] 4e-N<5956><STEAM_0:0:1836044300><SPECTATOR> banned Baks<STEAM_0:0:188372989> for 2 weeks (20160 minutes). Reason: bhop.
L 04/25/2012 - 00:47:25: -------- Mapchange to zm_neris --------
L 04/25/2012 - 00:47:26: [admin_amxbans.amxx] Login: "4e-N<5956><STEAM_0:0:1836044300><>" became an admin (account "4e-N") (access "abcdefijmnopqtu") (address "78.37.222.53")
L 04/25/2012 - 00:47:26: [admin_amxbans.amxx] Login: "= ACTION EXPRESS =<5906><STEAM_0:0:2105366972><>" became an admin (account "= ACTION EXPRESS =") (access "abcdefijmnopqtu") (address "92.244.224.88")
L 04/25/2012 - 00:47:26: [admin_amxbans.amxx] Login: "4e-N<5956><STEAM_0:0:1836044300><>" became an admin (account "4e-N") (access "abcdefijmnopqtu") (address "78.37.222.53")
L 04/25/2012 - 00:47:27: [amxbans.amxx] [AMXBANS] AMXBans 5.0 is online
L 04/25/2012 - 00:49:02: [admin_amxbans.amxx] Login: "Lutini<5986><STEAM_0:0:415503635><>" became an admin (account "Lutini") (access "t") (address "95.26.76.104")
L 04/25/2012 - 00:51:06: [admincmd.amxx] Cmd: "4e-N<5956><STEAM_0:0:1836044300><>" slay "INT+1<5967><STEAM_ID_LAN><>"
L 04/25/2012 - 00:51:13: [plmenu.amxx] Kick: "4e-N<5956><STEAM_0:0:1836044300><>" kick "INT+1<5967><STEAM_ID_LAN><>"
L 04/25/2012 - 00:51:20: [plmenu.amxx] Kick: "4e-N<5956><STEAM_0:0:1836044300><>" kick "reu))<5989><STEAM_ID_LAN><>"
L 04/25/2012 - 00:52:02: [plmenu.amxx] Kick: "4e-N<5956><STEAM_0:0:1836044300><>" kick "ban mne plz!!!!!!999999<5990><STEAM_ID_LAN><>"
L 04/25/2012 - 00:52:15: [plmenu.amxx] Kick: "4e-N<5956><STEAM_0:0:1836044300><>" kick "ban mne plz!!!!!!999999<5991><STEAM_ID_LAN><>"
L 04/25/2012 - 00:52:40: [plmenu.amxx] Kick: "4e-N<5956><STEAM_0:0:1836044300><>" kick "day pourpatb pidr!<5992><STEAM_ID_LAN><>"
L 04/25/2012 - 00:53:01: [plmenu.amxx] Kick: "4e-N<5956><STEAM_0:0:1836044300><>" kick "day pourpatb pidr!<5993><STEAM_ID_LAN><>"
L 04/25/2012 - 00:53:34: [plmenu.amxx] Kick: "4e-N<5956><STEAM_0:0:1836044300><>" kick "4eH eclu kukHew to ti reu<5996><STEAM_ID_LAN><>"
L 04/25/2012 - 00:54:06: [plmenu.amxx] Kick: "4e-N<5956><STEAM_0:0:1836044300><>" kick "axaxax 4eH oprovdal 4to on reu<5997><STEAM_ID_LAN><>"
L 04/25/2012 - 00:55:31: [plmenu.amxx] Kick: "4e-N<5956><STEAM_0:0:1836044300><>" kick "INT+1<5999><STEAM_ID_LAN><>"
L 04/25/2012 - 00:56:35: [pbk.amxx] "<DGIGURDA><5861><STEAM_0:0:699590078><CT>" was kicked for being AFK longer than 45 seconds.
L 04/25/2012 - 00:56:41: [plmenu.amxx] Kick: "4e-N<5956><STEAM_0:0:1836044300><>" kick "INT+1<6004><STEAM_ID_LAN><>"
L 04/25/2012 - 00:56:58: [amxbans.amxx] 4e-N<5956><STEAM_0:0:1836044300><SPECTATOR> banned INT+1<STEAM_ID_LAN> for 2 weeks (20160 minutes). Reason: MyguJIO.
L 04/25/2012 - 00:57:46: [admincmd.amxx] Cmd: "4e-N<5956><STEAM_0:0:1836044300><>" slay "INT+1<6008><STEAM_ID_LAN><>"
L 04/25/2012 - 00:57:51: [admincmd.amxx] Cmd: "4e-N<5956><STEAM_0:0:1836044300><>" slay "INT+1<6008><STEAM_ID_LAN><>"
L 04/25/2012 - 00:57:55: [admincmd.amxx] Cmd: "4e-N<5956><STEAM_0:0:1836044300><>" slay "INT+1<6008><STEAM_ID_LAN><>"
L 04/25/2012 - 00:58:00: [admincmd.amxx] Cmd: "4e-N<5956><STEAM_0:0:1836044300><>" slay "INT+1<6008><STEAM_ID_LAN><>"
L 04/25/2012 - 00:58:05: [admincmd.amxx] Cmd: "4e-N<5956><STEAM_0:0:1836044300><>" slay "INT+1<6008><STEAM_ID_LAN><>"
L 04/25/2012 - 00:58:10: [admincmd.amxx] Cmd: "4e-N<5956><STEAM_0:0:1836044300><>" slay "INT+1<6008><STEAM_ID_LAN><>"
L 04/25/2012 - 00:58:15: [admincmd.amxx] Cmd: "4e-N<5956><STEAM_0:0:1836044300><>" slay "INT+1<6008><STEAM_ID_LAN><>"
L 04/25/2012 - 00:58:20: [admincmd.amxx] Cmd: "4e-N<5956><STEAM_0:0:1836044300><>" slay "INT+1<6008><STEAM_ID_LAN><>"
L 04/25/2012 - 00:58:25: [admincmd.amxx] Cmd: "4e-N<5956><STEAM_0:0:1836044300><>" slay "INT+1<6008><STEAM_ID_LAN><>"
L 04/25/2012 - 00:58:30: [admincmd.amxx] Cmd: "4e-N<5956><STEAM_0:0:1836044300><>" slay "INT+1<6008><STEAM_ID_LAN><>"
L 04/25/2012 - 00:58:37: [admincmd.amxx] Cmd: "4e-N<5956><STEAM_0:0:1836044300><>" slay "INT+1<6008><STEAM_ID_LAN><>"
L 04/25/2012 - 00:58:42: [admincmd.amxx] Cmd: "4e-N<5956><STEAM_0:0:1836044300><>" slay "INT+1<6008><STEAM_ID_LAN><>"
L 04/25/2012 - 00:58:47: [admincmd.amxx] Cmd: "4e-N<5956><STEAM_0:0:1836044300><>" slay "INT+1<6008><STEAM_ID_LAN><>"
L 04/25/2012 - 00:58:52: [admincmd.amxx] Cmd: "4e-N<5956><STEAM_0:0:1836044300><>" slay "INT+1<6008><STEAM_ID_LAN><>"
L 04/25/2012 - 00:58:58: [admincmd.amxx] Cmd: "4e-N<5956><STEAM_0:0:1836044300><>" slay "INT+1<6008><STEAM_ID_LAN><>"
L 04/25/2012 - 00:59:03: [admincmd.amxx] Cmd: "4e-N<5956><STEAM_0:0:1836044300><>" slay "INT+1<6008><STEAM_ID_LAN><>"
L 04/25/2012 - 00:59:08: [admincmd.amxx] Cmd: "4e-N<5956><STEAM_0:0:1836044300><>" slay "INT+1<6008><STEAM_ID_LAN><>"
L 04/25/2012 - 00:59:13: [admincmd.amxx] Cmd: "4e-N<5956><STEAM_0:0:1836044300><>" slay "INT+1<6008><STEAM_ID_LAN><>"
L 04/25/2012 - 00:59:18: [admincmd.amxx] Cmd: "4e-N<5956><STEAM_0:0:1836044300><>" slay "INT+1<6008><STEAM_ID_LAN><>"
L 04/25/2012 - 00:59:23: [admincmd.amxx] Cmd: "4e-N<5956><STEAM_0:0:1836044300><>" slay "INT+1<6008><STEAM_ID_LAN><>"
L 04/25/2012 - 00:59:28: [admincmd.amxx] Cmd: "4e-N<5956><STEAM_0:0:1836044300><>" slay "INT+1<6008><STEAM_ID_LAN><>"
L 04/25/2012 - 00:59:34: [admincmd.amxx] Cmd: "4e-N<5956><STEAM_0:0:1836044300><>" slay "INT+1<6008><STEAM_ID_LAN><>"
L 04/25/2012 - 00:59:38: [admincmd.amxx] Cmd: "4e-N<5956><STEAM_0:0:1836044300><>" slay "INT+1<6008><STEAM_ID_LAN><>"
L 04/25/2012 - 00:59:45: [admincmd.amxx] Cmd: "4e-N<5956><STEAM_0:0:1836044300><>" slay "INT+1<6008><STEAM_ID_LAN><>"
L 04/25/2012 - 00:59:49: [admincmd.amxx] Cmd: "4e-N<5956><STEAM_0:0:1836044300><>" slay "INT+1<6008><STEAM_ID_LAN><>"
L 04/25/2012 - 00:59:53: [admincmd.amxx] Cmd: "4e-N<5956><STEAM_0:0:1836044300><>" slay "INT+1<6008><STEAM_ID_LAN><>"
L 04/25/2012 - 00:59:58: [admincmd.amxx] Cmd: "4e-N<5956><STEAM_0:0:1836044300><>" slay "INT+1<6008><STEAM_ID_LAN><>"
L 04/25/2012 - 01:00:03: [admincmd.amxx] Cmd: "4e-N<5956><STEAM_0:0:1836044300><>" slay "INT+1<6008><STEAM_ID_LAN><>"
L 04/25/2012 - 01:00:08: [admincmd.amxx] Cmd: "4e-N<5956><STEAM_0:0:1836044300><>" slay "INT+1<6008><STEAM_ID_LAN><>"
L 04/25/2012 - 01:00:14: [admincmd.amxx] Cmd: "4e-N<5956><STEAM_0:0:1836044300><>" slay "INT+1<6008><STEAM_ID_LAN><>"
L 04/25/2012 - 01:00:18: [admincmd.amxx] Cmd: "4e-N<5956><STEAM_0:0:1836044300><>" slay "INT+1<6008><STEAM_ID_LAN><>"
L 04/25/2012 - 01:00:23: [admincmd.amxx] Cmd: "4e-N<5956><STEAM_0:0:1836044300><>" slay "INT+1<6008><STEAM_ID_LAN><>"
L 04/25/2012 - 01:00:33: [admincmd.amxx] Cmd: "4e-N<5956><STEAM_0:0:1836044300><>" slay "INT+1<6008><STEAM_ID_LAN><>"
L 04/25/2012 - 01:02:01: [admincmd.amxx] Cmd: "4e-N<5956><STEAM_0:0:1836044300><>" slay "INT+1<6008><STEAM_ID_LAN><>"
L 04/25/2012 - 01:02:05: [admincmd.amxx] Cmd: "4e-N<5956><STEAM_0:0:1836044300><>" slay "INT+1<6008><STEAM_ID_LAN><>"
L 04/25/2012 - 01:02:10: [admincmd.amxx] Cmd: "4e-N<5956><STEAM_0:0:1836044300><>" slay "INT+1<6008><STEAM_ID_LAN><>"
L 04/25/2012 - 01:02:15: [admincmd.amxx] Cmd: "4e-N<5956><STEAM_0:0:1836044300><>" slay "INT+1<6008><STEAM_ID_LAN><>"
L 04/25/2012 - 01:02:21: [admincmd.amxx] Cmd: "4e-N<5956><STEAM_0:0:1836044300><>" slay "INT+1<6008><STEAM_ID_LAN><>"
L 04/25/2012 - 01:02:26: [admincmd.amxx] Cmd: "4e-N<5956><STEAM_0:0:1836044300><>" slay "INT+1<6008><STEAM_ID_LAN><>"
L 04/25/2012 - 01:02:30: [admincmd.amxx] Cmd: "4e-N<5956><STEAM_0:0:1836044300><>" slay "INT+1<6008><STEAM_ID_LAN><>"
L 04/25/2012 - 01:02:40: [plmenu.amxx] Cmd: "4e-N<5956><STEAM_0:0:1836044300><>" transfer "INT+1<6008><STEAM_ID_LAN><>" (team "CT")
L 04/25/2012 - 01:02:43: [admincmd.amxx] Cmd: "4e-N<5956><STEAM_0:0:1836044300><>" slay "INT+1<6008><STEAM_ID_LAN><>"
L 04/25/2012 - 01:02:50: [plmenu.amxx] Cmd: "4e-N<5956><STEAM_0:0:1836044300><>" transfer "INT+1<6008><STEAM_ID_LAN><>" (team "CT")
L 04/25/2012 - 01:02:50: [pbk.amxx] "<Westes><5980><STEAM_0:0:1965312490><CT>" was kicked for being AFK longer than 45 seconds.
L 04/25/2012 - 01:02:55: [pbk.amxx] "<Westes><5980><STEAM_0:0:1965312490><CT>" was kicked for being AFK longer than 45 seconds.
L 04/25/2012 - 01:03:00: [pbk.amxx] "<Westes><5980><STEAM_0:0:1965312490><CT>" was kicked for being AFK longer than 45 seconds.
L 04/25/2012 - 01:05:10: [pbk.amxx] "<XuTpuK><5945><STEAM_0:0:1986440821><TERRORIST>" was kicked for being AFK longer than 45 seconds.
L 04/25/2012 - 01:05:29: [plmenu.amxx] Kick: "4e-N<5956><STEAM_0:0:1836044300><>" kick "INT+1<6011><STEAM_ID_LAN><>"
L 04/25/2012 - 01:05:37: [plmenu.amxx] Kick: "4e-N<5956><STEAM_0:0:1836044300><>" kick "INT+1<6014><STEAM_ID_LAN><>"
L 04/25/2012 - 01:05:51: [plmenu.amxx] Kick: "4e-N<5956><STEAM_0:0:1836044300><>" kick "12<6015><STEAM_ID_LAN><>"
L 04/25/2012 - 01:06:21: [plmenu.amxx] Kick: "4e-N<5956><STEAM_0:0:1836044300><>" kick "4e-H go strely 1x1??<6016><STEAM_ID_LAN><>"
L 04/25/2012 - 01:06:30: [plmenu.amxx] Kick: "4e-N<5956><STEAM_0:0:1836044300><>" kick "4e-H go strely 1x1??<6020><STEAM_ID_LAN><>"
L 04/25/2012 - 01:06:41: [plmenu.amxx] Kick: "4e-N<5956><STEAM_0:0:1836044300><>" kick "4e-H go strely 1x1??<6021><STEAM_ID_LAN><>"
L 04/25/2012 - 01:07:00: [plmenu.amxx] Kick: "4e-N<5956><STEAM_0:0:1836044300><>" kick "axaxax o4ko maloletHee<6022><STEAM_ID_LAN><>"
L 04/25/2012 - 01:07:08: [plmenu.amxx] Kick: "4e-N<5956><STEAM_0:0:1836044300><>" kick "axaxax o4ko maloletHee<6023><STEAM_ID_LAN><>"
L 04/25/2012 - 01:07:13: [plmenu.amxx] Kick: "4e-N<5956><STEAM_0:0:1836044300><>" kick "VAGINAPOWER.white panda 0o<6019><STEAM_0:1:21709017><>"
L 04/25/2012 - 01:07:22: [plmenu.amxx] Kick: "4e-N<5956><STEAM_0:0:1836044300><>" kick "axaxax o4ko maloletHee<6024><STEAM_ID_LAN><>"
L 04/25/2012 - 01:08:11: -------- Mapchange to ze_egypt --------
L 04/25/2012 - 01:08:12: [walkguard.amxx] no zone-file found
L 04/25/2012 - 01:08:12: [admin_amxbans.amxx] Login: "Lutini<5986><STEAM_0:0:415503635><>" became an admin (account "Lutini") (access "t") (address "95.26.76.104")
L 04/25/2012 - 01:08:13: [amxbans.amxx] [AMXBANS] AMXBans 5.0 is online
L 04/25/2012 - 01:08:14: [admin_amxbans.amxx] Login: "Lutini<6029><STEAM_0:0:415503635><>" became an admin (account "Lutini") (access "t") (address "95.26.76.104")
L 04/25/2012 - 01:20:11: [pbk.amxx] "<INT+1><6038><STEAM_ID_LAN><TERRORIST>" was kicked for being AFK longer than 45 seconds.
L 04/25/2012 - 01:28:35: -------- Mapchange to zm_caca --------
L 04/25/2012 - 01:28:36: [walkguard.amxx] no zone-file found
L 04/25/2012 - 01:28:37: [amxbans.amxx] [AMXBANS] AMXBans 5.0 is online
L 04/25/2012 - 01:35:45: [pbk.amxx] "<Mamka int+1 uebishe i suka><6028><STEAM_0:0:20875081><CT>" was kicked for being AFK longer than 45 seconds.
L 04/25/2012 - 01:36:24: [admin_amxbans.amxx] Login: "Demon1k(music on)<6065><STEAM_ID_LAN><>" kicked due to invalid password (account "Demon1k(music on)") (address "94.41.27.11")
L 04/25/2012 - 01:39:40: [pbk.amxx] "<I_LOVE_TO_PLAY_STUPID_GAMES><6034><STEAM_0:0:12605980><CT>" was kicked for being AFK longer than 45 seconds.
L 04/25/2012 - 01:41:25: [pbk.amxx] "<INT+1><6050><STEAM_ID_LAN><CT>" was kicked for being AFK longer than 45 seconds.
L 04/25/2012 - 01:42:30: [pbk.amxx] "<Mamka int+1 uebishe i suka><6064><STEAM_0:0:20875081><CT>" was kicked for being AFK longer than 45 seconds.
L 04/25/2012 - 01:42:50: [pbk.amxx] "<sMaIl* !z><6060><STEAM_0:0:996331057><TERRORIST>" was kicked for being AFK longer than 45 seconds.
L 04/25/2012 - 01:50:00: [pbk.amxx] "<INT+1><6070><STEAM_ID_LAN><CT>" was kicked for being AFK longer than 45 seconds.
L 04/25/2012 - 01:50:50: [pbk.amxx] "<1><6071><STEAM_0:0:20875081><TERRORIST>" was kicked for being AFK longer than 45 seconds.
L 04/25/2012 - 01:51:27: -------- Mapchange to zm_monsterhouse --------
L 04/25/2012 - 01:51:29: [amxbans.amxx] [AMXBANS] AMXBans 5.0 is online
L 04/25/2012 - 01:53:07: [pbk.amxx] "<Der Ficker><6053><STEAM_0:0:10401985><TERRORIST>" was kicked for being AFK longer than 45 seconds.
L 04/25/2012 - 02:12:42: -------- Mapchange to zm_dust_brick_b1_fx --------
L 04/25/2012 - 02:12:43: [walkguard.amxx] no zone-file found
L 04/25/2012 - 02:12:44: [amxbans.amxx] [AMXBANS] AMXBans 5.0 is online
L 04/25/2012 - 02:13:38: [admin_amxbans.amxx] Login: "Demon1k(music on)<6099><STEAM_0:0:1817774469><>" became an admin (account "Demon1k(music on)") (access "t") (address "136.169.145.70")
L 04/25/2012 - 02:16:01: [voteban.amxx] Voteban starter Demon1k(music on) against [_SkyLiNe_] -->Cy4eHak*P STEAM_ID_LAN
L 04/25/2012 - 02:16:16: [voteban.amxx] [AMXX] BANNED: [_SkyLiNe_] -->Cy4eHak*P, STARTER: Demon1k(music on)
L 04/25/2012 - 02:16:17: [amxbans.amxx]  Зомби сервер (x_x(O_o)x_x) Go Zombie !!!<0><><> banned [_SkyLiNe_] -->Cy4eHak*P<STEAM_ID_LAN> for 30 minutes (30 minutes). Reason: VIP->Demon1k(music on).
L 04/25/2012 - 02:19:47: [pbk.amxx] "<n/s><6091><STEAM_0:1:39255054><TERRORIST>" was kicked for being AFK longer than 45 seconds.
L 04/25/2012 - 02:32:58: -------- Mapchange to 016 --------
L 04/25/2012 - 02:32:59: [walkguard.amxx] no zone-file found
L 04/25/2012 - 02:32:59: [admin_amxbans.amxx] Login: "Demon1k(music on)<6099><STEAM_0:0:1817774469><>" became an admin (account "Demon1k(music on)") (access "t") (address "136.169.145.70")
L 04/25/2012 - 02:33:00: [amxbans.amxx] [AMXBANS] AMXBans 5.0 is online
L 04/25/2012 - 02:34:28: [pbk.amxx] "<andrey><6085><STEAM_0:0:294868017><CT>" was kicked for being AFK longer than 45 seconds.
L 04/25/2012 - 02:41:23: [pbk.amxx] "<n/s><6104><STEAM_0:1:39255054><TERRORIST>" was kicked for being AFK longer than 45 seconds.
L 04/25/2012 - 02:43:58: [pbk.amxx] "<andrey><6115><STEAM_0:0:294868017><TERRORIST>" was kicked for being AFK longer than 45 seconds.
L 04/25/2012 - 02:53:05: -------- Mapchange to zm_zbek --------
L 04/25/2012 - 02:53:06: [walkguard.amxx] no zone-file found
L 04/25/2012 - 02:53:06: [admin_amxbans.amxx] Login: "Demon1k(music on)<6099><STEAM_0:0:1817774469><>" became an admin (account "Demon1k(music on)") (access "t") (address "136.169.145.70")
L 04/25/2012 - 02:53:07: [amxbans.amxx] [AMXBANS] AMXBans 5.0 is online
L 04/25/2012 - 02:59:10: [pbk.amxx] "<andrey><6120><STEAM_0:0:294868017><CT>" was kicked for being AFK longer than 45 seconds.
L 04/25/2012 - 03:03:25: [pbk.amxx] "<andrey><6133><STEAM_0:0:294868017><TERRORIST>" was kicked for being AFK longer than 45 seconds.
L 04/25/2012 - 03:09:10: [pbk.amxx] "<andrey><6136><STEAM_0:0:294868017><CT>" was kicked for being AFK longer than 45 seconds.
L 04/25/2012 - 03:14:14: -------- Mapchange to zm_desolation_house --------
L 04/25/2012 - 03:14:15: [walkguard.amxx] no zone-file found
L 04/25/2012 - 03:14:16: [amxbans.amxx] [AMXBANS] AMXBans 5.0 is online
L 04/25/2012 - 03:22:29: [pbk.amxx] "<Tu Papa!><6147><STEAM_ID_LAN><TERRORIST>" was kicked for being AFK longer than 45 seconds.
L 04/25/2012 - 03:33:19: [pbk.amxx] "<andrey><6148><STEAM_0:0:294868017><TERRORIST>" was kicked for being AFK longer than 45 seconds.
L 04/25/2012 - 03:37:05: -------- Mapchange to zm_house_2011 --------
L 04/25/2012 - 03:37:07: [amxbans.amxx] [AMXBANS] AMXBans 5.0 is online
L 04/25/2012 - 03:46:00: [pbk.amxx] "<andrey><6154><STEAM_0:0:294868017><TERRORIST>" was kicked for being AFK longer than 45 seconds.
L 04/25/2012 - 03:48:55: [pbk.amxx] "<keks><6155><STEAM_0:0:688392019><TERRORIST>" was kicked for being AFK longer than 45 seconds.
L 04/25/2012 - 04:02:05: [pbk.amxx] "<[_SkyLiNe_] -->Cy4eHak*P><6150><STEAM_ID_LAN><CT>" was kicked for being AFK longer than 45 seconds.
L 04/25/2012 - 04:02:10: [pbk.amxx] "<[_SkyLiNe_] -->Cy4eHak*P><6150><STEAM_ID_LAN><CT>" was kicked for being AFK longer than 45 seconds.
L 04/25/2012 - 04:02:15: [pbk.amxx] "<[_SkyLiNe_] -->Cy4eHak*P><6150><STEAM_ID_LAN><CT>" was kicked for being AFK longer than 45 seconds.
L 04/25/2012 - 04:03:20: [pbk.amxx] "<Ultr Kil><6158><STEAM_0:0:628465817><TERRORIST>" was kicked for being AFK longer than 45 seconds.
L 04/25/2012 - 04:03:25: [pbk.amxx] "<Ultr Kil><6158><STEAM_0:0:628465817><TERRORIST>" was kicked for being AFK longer than 45 seconds.
L 04/25/2012 - 04:03:30: [pbk.amxx] "<Ultr Kil><6158><STEAM_0:0:628465817><TERRORIST>" was kicked for being AFK longer than 45 seconds.
L 04/25/2012 - 04:03:35: [pbk.amxx] "<Ultr Kil><6158><STEAM_0:0:628465817><TERRORIST>" was kicked for being AFK longer than 45 seconds.
L 04/25/2012 - 04:08:14: -------- Mapchange to zm_cpl_mill_kamp --------
L 04/25/2012 - 04:08:16: [amxbans.amxx] [AMXBANS] AMXBans 5.0 is online
L 04/25/2012 - 04:11:59: [pbk.amxx] "<[_SkyLiNe_] -->Cy4eHak*P><6164><STEAM_ID_LAN><CT>" was kicked for being AFK longer than 45 seconds.
L 04/25/2012 - 04:12:04: [pbk.amxx] "<[_SkyLiNe_] -->Cy4eHak*P><6164><STEAM_ID_LAN><CT>" was kicked for being AFK longer than 45 seconds.
L 04/25/2012 - 04:12:09: [pbk.amxx] "<[_SkyLiNe_] -->Cy4eHak*P><6164><STEAM_ID_LAN><CT>" was kicked for being AFK longer than 45 seconds.
L 04/25/2012 - 04:28:52: -------- Mapchange to zm_decline2k --------
L 04/25/2012 - 04:28:54: [amxbans.amxx] [AMXBANS] AMXBans 5.0 is online
L 04/25/2012 - 04:33:22: [pbk.amxx] "<V@$iLeN [72rus]><6177><STEAM_0:0:623631597><TERRORIST>" was kicked for being AFK longer than 45 seconds.
L 04/25/2012 - 04:47:22: [pbk.amxx] "<Chino><6186><STEAM_ID_LAN><CT>" was kicked for being AFK longer than 45 seconds.
L 04/25/2012 - 04:47:27: [pbk.amxx] "<Chino><6186><STEAM_ID_LAN><CT>" was kicked for being AFK longer than 45 seconds.
L 04/25/2012 - 04:54:04: -------- Mapchange to zm_kill_duster_2 --------
L 04/25/2012 - 04:54:05: [amxbans.amxx] [AMXBANS] AMXBans 5.0 is online
L 04/25/2012 - 05:00:29: -------- Mapchange to cs_mansion --------
L 04/25/2012 - 05:00:30: [walkguard.amxx] no zone-file found
L 04/25/2012 - 05:00:31: [amxbans.amxx] [AMXBANS] AMXBans 5.0 is online
L 04/25/2012 - 05:06:54: [pbk.amxx] "<Ultr Kil><6201><STEAM_0:0:628465817><CT>" was kicked for being AFK longer than 45 seconds.
L 04/25/2012 - 05:09:49: [pbk.amxx] "<Ultr Kil><6203><STEAM_0:0:628465817><CT>" was kicked for being AFK longer than 45 seconds.
L 04/25/2012 - 05:10:55: -------- Mapchange to zm_street_new --------
L 04/25/2012 - 05:10:57: [amxbans.amxx] [AMXBANS] AMXBans 5.0 is online
L 04/25/2012 - 05:32:42: -------- Mapchange to zm_monsterhouse --------
L 04/25/2012 - 05:32:44: [amxbans.amxx] [AMXBANS] AMXBans 5.0 is online
L 04/25/2012 - 05:45:52: [pbk.amxx] "<mm.tm > IIuT_6yJIb ;>><6219><STEAM_ID_LAN><TERRORIST>" was kicked for being AFK longer than 45 seconds.
L 04/25/2012 - 05:46:42: [pbk.amxx] "<Moskvin ?!><6210><STEAM_0:0:43678884><TERRORIST>" was kicked for being AFK longer than 45 seconds.
L 04/25/2012 - 05:54:05: -------- Mapchange to zm_neris --------
L 04/25/2012 - 05:54:07: [amxbans.amxx] [AMXBANS] AMXBans 5.0 is online
L 04/25/2012 - 06:00:12: -------- Mapchange to cs_mansion --------
L 04/25/2012 - 06:00:19: [walkguard.amxx] no zone-file found
L 04/25/2012 - 06:00:19: [amxbans.amxx] [AMXBANS] AMXBans 5.0 is online
L 04/25/2012 - 06:07:03: [pbk.amxx] "<Moskvin ?!1><8><STEAM_0:0:43678884><CT>" was kicked for being AFK longer than 45 seconds.
L 04/25/2012 - 06:11:13: -------- Mapchange to 016 --------
L 04/25/2012 - 06:11:13: [walkguard.amxx] no zone-file found
L 04/25/2012 - 06:11:14: [amxbans.amxx] [AMXBANS] AMXBans 5.0 is online
L 04/25/2012 - 06:27:02: [pbk.amxx] "<Moskvin ?!><13><STEAM_0:0:43678884><TERRORIST>" was kicked for being AFK longer than 45 seconds.
L 04/25/2012 - 06:31:45: -------- Mapchange to ze_egypt --------
L 04/25/2012 - 06:31:46: [walkguard.amxx] no zone-file found
L 04/25/2012 - 06:31:47: [amxbans.amxx] [AMXBANS] AMXBans 5.0 is online
L 04/25/2012 - 06:41:00: [pbk.amxx] "<SteelserieS.F1NN><36><STEAM_0:1:33576290><TERRORIST>" was kicked for being AFK longer than 45 seconds.
L 04/25/2012 - 06:46:00: [pbk.amxx] "<!~><57><STEAM_0:1:43733722><CT>" was kicked for being AFK longer than 45 seconds.
L 04/25/2012 - 06:53:41: -------- Mapchange to zm_electro_dust_v1 --------
L 04/25/2012 - 06:53:42: [walkguard.amxx] no zone-file found
L 04/25/2012 - 06:53:43: [amxbans.amxx] [AMXBANS] AMXBans 5.0 is online
L 04/25/2012 - 07:01:16: [pbk.amxx] "<POSTAL 3><77><STEAM_0:0:764340080><CT>" was kicked for being AFK longer than 45 seconds.
L 04/25/2012 - 07:13:27: [admin_amxbans.amxx] Login: "F1-[G]amin[G] |Mr.Pr9niK<102><STEAM_0:0:1360403837><>" became an admin (account "F1-[G]amin[G] |Mr.Pr9niK") (access "t") (address "95.70.64.36")
L 04/25/2012 - 07:13:34: [admin_amxbans.amxx] Login: "F1-[G]amin[G] |Mr.Pr9niK<103><STEAM_0:0:1360403837><>" became an admin (account "F1-[G]amin[G] |Mr.Pr9niK") (access "t") (address "95.70.64.36")
L 04/25/2012 - 07:14:14: -------- Mapchange to zm_zbek --------
L 04/25/2012 - 07:14:15: [walkguard.amxx] no zone-file found
L 04/25/2012 - 07:14:15: [admin_amxbans.amxx] Login: "F1-[G]amin[G] |Mr.Pr9niK<103><STEAM_0:0:1360403837><>" became an admin (account "F1-[G]amin[G] |Mr.Pr9niK") (access "t") (address "95.70.64.36")
L 04/25/2012 - 07:14:16: [amxbans.amxx] [AMXBANS] AMXBans 5.0 is online
L 04/25/2012 - 07:17:19: [pbk.amxx] "<Ultr Kil><74><STEAM_0:0:628465817><CT>" was kicked for being AFK longer than 45 seconds.
L 04/25/2012 - 07:17:24: [pbk.amxx] "<Ultr Kil><74><STEAM_0:0:628465817><CT>" was kicked for being AFK longer than 45 seconds.
L 04/25/2012 - 07:17:29: [pbk.amxx] "<Ultr Kil><74><STEAM_0:0:628465817><CT>" was kicked for being AFK longer than 45 seconds.
L 04/25/2012 - 07:21:24: [pbk.amxx] "<[_SkyLiNe_] -->Cy4eHak*P><110><STEAM_ID_LAN><CT>" was kicked for being AFK longer than 45 seconds.
L 04/25/2012 - 07:21:29: [pbk.amxx] "<[_SkyLiNe_] -->Cy4eHak*P><110><STEAM_ID_LAN><CT>" was kicked for being AFK longer than 45 seconds.
L 04/25/2012 - 07:21:34: [pbk.amxx] "<[_SkyLiNe_] -->Cy4eHak*P><110><STEAM_ID_LAN><CT>" was kicked for being AFK longer than 45 seconds.
L 04/25/2012 - 07:21:39: [pbk.amxx] "<[_SkyLiNe_] -->Cy4eHak*P><110><STEAM_ID_LAN><CT>" was kicked for being AFK longer than 45 seconds.
L 04/25/2012 - 07:21:44: [pbk.amxx] "<[_SkyLiNe_] -->Cy4eHak*P><110><STEAM_ID_LAN><CT>" was kicked for being AFK longer than 45 seconds.
L 04/25/2012 - 07:24:54: [pbk.amxx] "<Fallen angel><109><STEAM_0:0:720833612><CT>" was kicked for being AFK longer than 45 seconds.
L 04/25/2012 - 07:34:17: -------- Mapchange to zm_caca --------
L 04/25/2012 - 07:34:18: [walkguard.amxx] no zone-file found
L 04/25/2012 - 07:34:18: [admin_amxbans.amxx] Login: "F1-[G]amin[G] |Mr.Pr9niK<103><STEAM_0:0:1360403837><>" became an admin (account "F1-[G]amin[G] |Mr.Pr9niK") (access "t") (address "95.70.64.36")
L 04/25/2012 - 07:34:19: [amxbans.amxx] [AMXBANS] AMXBans 5.0 is online
L 04/25/2012 - 07:41:07: [pbk.amxx] "<kostratorz><124><STEAM_ID_LAN><CT>" was kicked for being AFK longer than 45 seconds.
L 04/25/2012 - 07:41:12: [pbk.amxx] "<kostratorz><124><STEAM_ID_LAN><CT>" was kicked for being AFK longer than 45 seconds.
L 04/25/2012 - 07:41:17: [pbk.amxx] "<kostratorz><124><STEAM_ID_LAN><CT>" was kicked for being AFK longer than 45 seconds.
L 04/25/2012 - 07:41:22: [pbk.amxx] "<kostratorz><124><STEAM_ID_LAN><CT>" was kicked for being AFK longer than 45 seconds.
L 04/25/2012 - 07:41:32: [pbk.amxx] "<AnZz1k!><133><STEAM_0:0:2092796005><CT>" was kicked for being AFK longer than 45 seconds.
L 04/25/2012 - 07:42:27: [pbk.amxx] "<.: D I A B L O :.><135><STEAM_0:0:832551259><CT>" was kicked for being AFK longer than 45 seconds.
L 04/25/2012 - 07:50:17: [pbk.amxx] "<mm.tm > IIuT_6yJIb ;>><130><STEAM_ID_LAN><CT>" was kicked for being AFK longer than 45 seconds.
L 04/25/2012 - 07:56:41: -------- Mapchange to zm_666_brick --------
L 04/25/2012 - 07:56:42: [walkguard.amxx] no zone-file found
L 04/25/2012 - 07:56:43: [amxbans.amxx] [AMXBANS] AMXBans 5.0 is online
L 04/25/2012 - 08:00:06: [pbk.amxx] "<kostratorz><154><STEAM_ID_LAN><TERRORIST>" was kicked for being AFK longer than 45 seconds.
L 04/25/2012 - 08:01:36: [pbk.amxx] "<klon LEONID><98><STEAM_0:0:471299566><CT>" was kicked for being AFK longer than 45 seconds.
L 04/25/2012 - 08:15:46: [pbk.amxx] "<chERBU!~><150><STEAM_0:1:43733722><TERRORIST>" was kicked for being AFK longer than 45 seconds.
L 04/25/2012 - 08:17:08: -------- Mapchange to zm_snow_s1h_v2 --------
L 04/25/2012 - 08:17:08: [walkguard.amxx] no zone-file found
L 04/25/2012 - 08:17:09: [amxbans.amxx] [AMXBANS] AMXBans 5.0 is online
L 04/25/2012 - 08:31:37: [admin_amxbans.amxx] Login: "[BBS]Easy|LonsdalE<186><STEAM_0:0:17341018><>" kicked due to invalid password (account "[BBS]Easy|LonsdalE") (address "91.79.214.241")
L 04/25/2012 - 08:37:45: -------- Mapchange to zm_dust_siege_final --------
L 04/25/2012 - 08:37:47: [amxbans.amxx] [AMXBANS] AMXBans 5.0 is online
L 04/25/2012 - 08:46:30: [pbk.amxx] "<@k-56-rus><202><STEAM_ID_LAN><CT>" was kicked for being AFK longer than 45 seconds.
L 04/25/2012 - 08:46:35: [pbk.amxx] "<@k-56-rus><202><STEAM_ID_LAN><CT>" was kicked for being AFK longer than 45 seconds.
L 04/25/2012 - 08:58:57: -------- Mapchange to zm_kill_duster_2 --------
L 04/25/2012 - 08:58:59: [amxbans.amxx] [AMXBANS] AMXBans 5.0 is online
L 04/25/2012 - 09:02:27: [pbk.amxx] "<Ultr Kil><185><STEAM_0:0:628465817><CT>" was kicked for being AFK longer than 45 seconds.
L 04/25/2012 - 09:15:17: [pbk.amxx] "<DeDa_s_BaBoi><241><STEAM_0:0:1366804034><CT>" was kicked for being AFK longer than 45 seconds.
L 04/25/2012 - 09:15:22: [pbk.amxx] "<DeDa_s_BaBoi><241><STEAM_0:0:1366804034><CT>" was kicked for being AFK longer than 45 seconds.
L 04/25/2012 - 09:20:03: -------- Mapchange to zm_electro_house --------
L 04/25/2012 - 09:20:04: [walkguard.amxx] no zone-file found
L 04/25/2012 - 09:20:05: [amxbans.amxx] [AMXBANS] AMXBans 5.0 is online
L 04/25/2012 - 09:22:13: [admin_amxbans.amxx] Login: "Euforia<259><STEAM_0:0:1631851413><>" became an admin (account "Euforia") (access "t") (address "95.84.206.82")
L 04/25/2012 - 09:24:28: [pbk.amxx] "<killer14><249><STEAM_0:0:1220439397><CT>" was kicked for being AFK longer than 45 seconds.
L 04/25/2012 - 09:32:43: [pbk.amxx] "<killer14><261><STEAM_0:0:1220439397><TERRORIST>" was kicked for being AFK longer than 45 seconds.
L 04/25/2012 - 09:40:36: -------- Mapchange to zm_abbac --------
L 04/25/2012 - 09:40:37: [admin_amxbans.amxx] Login: "Euforia<259><STEAM_0:0:1631851413><>" became an admin (account "Euforia") (access "t") (address "95.84.206.82")
L 04/25/2012 - 09:40:38: [amxbans.amxx] [AMXBANS] AMXBans 5.0 is online
L 04/25/2012 - 09:45:51: [pbk.amxx] "<F1-[G]amin[G] | KinG Amerika><274><STEAM_ID_LAN><TERRORIST>" was kicked for being AFK longer than 45 seconds.
L 04/25/2012 - 09:52:11: [pbk.amxx] "<Demonik><293><STEAM_0:0:786623443><CT>" was kicked for being AFK longer than 45 seconds.
L 04/25/2012 - 09:54:41: [pbk.amxx] "<killer14><280><STEAM_0:0:1220439397><CT>" was kicked for being AFK longer than 45 seconds.
L 04/25/2012 - 09:54:46: [pbk.amxx] "<F1-[G]amin[G] | KinG Amerika><302><STEAM_ID_LAN><CT>" was kicked for being AFK longer than 45 seconds.
L 04/25/2012 - 10:00:42: -------- Mapchange to zm_fdust2x2 --------
L 04/25/2012 - 10:00:44: [amxbans.amxx] [AMXBANS] AMXBans 5.0 is online
L 04/25/2012 - 10:05:07: [pbk.amxx] "<nyk><321><STEAM_0:0:1106212840><CT>" was kicked for being AFK longer than 45 seconds.
L 04/25/2012 - 10:12:52: [pbk.amxx] "<F1-[G]amin[G] | KinG Amerika><334><STEAM_ID_LAN><UNASSIGNED>" was kicked for failing to choose a team within 2 minutes.
L 04/25/2012 - 10:12:57: [pbk.amxx] "<[>_<]MaRmElaD><297><STEAM_0:0:2137650844><TERRORIST>" was kicked for being AFK longer than 45 seconds.
L 04/25/2012 - 10:13:02: [pbk.amxx] "<[>_<]MaRmElaD><297><STEAM_0:0:2137650844><CT>" was kicked for being AFK longer than 45 seconds.
L 04/25/2012 - 10:13:27: [pbk.amxx] "<Demonik><335><STEAM_0:0:786623443><CT>" was kicked for being AFK longer than 45 seconds.
L 04/25/2012 - 10:16:22: [pbk.amxx] "<aimbot><329><STEAM_0:0:25354220><CT>" was kicked for being AFK longer than 45 seconds.
L 04/25/2012 - 10:20:49: -------- Mapchange to zm_house_2011 --------
L 04/25/2012 - 10:20:51: [amxbans.amxx] [AMXBANS] AMXBans 5.0 is online
L 04/25/2012 - 10:23:02: [admin_amxbans.amxx] Login: "F1-[G]amin[G] |Mr.Pr9niK<354><STEAM_0:0:1360403837><>" became an admin (account "F1-[G]amin[G] |Mr.Pr9niK") (access "t") (address "95.70.64.36")
L 04/25/2012 - 10:35:39: [pbk.amxx] "<CS.ROXCS.LV><318><STEAM_0:0:2072229925><CT>" was kicked for being AFK longer than 45 seconds.
L 04/25/2012 - 10:40:19: [pbk.amxx] "<The_by_k1ng-.*><351><STEAM_0:0:904757496><CT>" was kicked for being AFK longer than 45 seconds.
L 04/25/2012 - 10:41:56: -------- Mapchange to zm_dust_brick_b1_fx --------
L 04/25/2012 - 10:41:56: [walkguard.amxx] no zone-file found
L 04/25/2012 - 10:41:57: [admin_amxbans.amxx] Login: "F1-[G]amin[G] |Mr.Pr9niK<354><STEAM_0:0:1360403837><>" became an admin (account "F1-[G]amin[G] |Mr.Pr9niK") (access "t") (address "95.70.64.36")
L 04/25/2012 - 10:41:57: [amxbans.amxx] [AMXBANS] AMXBans 5.0 is online
L 04/25/2012 - 10:46:40: [pbk.amxx] "<aimbot><356><STEAM_0:0:25354220><UNASSIGNED>" was kicked for failing to choose a team within 2 minutes.
L 04/25/2012 - 10:49:45: [pbk.amxx] "<Vitya AK 47><391><STEAM_0:0:28953376><CT>" was kicked for being AFK longer than 45 seconds.
L 04/25/2012 - 10:50:16: [admin_amxbans.amxx] Login: "4e-N<394><STEAM_0:0:1836044300><>" became an admin (account "4e-N") (access "abcdefijmnopqtu") (address "78.37.222.53")
L 04/25/2012 - 11:01:45: [pbk.amxx] "<Gerka><368><STEAM_0:0:1336317767><CT>" was kicked for being AFK longer than 45 seconds.
L 04/25/2012 - 11:02:30: -------- Mapchange to zm_neris --------
L 04/25/2012 - 11:02:31: [admin_amxbans.amxx] Login: "4e-N<394><STEAM_0:0:1836044300><>" became an admin (account "4e-N") (access "abcdefijmnopqtu") (address "78.37.222.53")
L 04/25/2012 - 11:02:31: [admin_amxbans.amxx] Login: "4e-N<394><STEAM_0:0:1836044300><>" became an admin (account "4e-N") (access "abcdefijmnopqtu") (address "78.37.222.53")
L 04/25/2012 - 11:02:31: [admin_amxbans.amxx] Login: "F1-[G]amin[G] |Mr.Pr9niK<354><STEAM_0:0:1360403837><>" became an admin (account "F1-[G]amin[G] |Mr.Pr9niK") (access "t") (address "95.70.64.36")
L 04/25/2012 - 11:02:31: [admin_amxbans.amxx] Login: "4e-N<411><STEAM_0:0:1836044300><>" became an admin (account "4e-N") (access "abcdefijmnopqtu") (address "78.37.222.53")
L 04/25/2012 - 11:02:32: [amxbans.amxx] [AMXBANS] AMXBans 5.0 is online
L 04/25/2012 - 11:04:00: [pbk.amxx] "<F1-[G]amin[G] | KinG Amerika><396><STEAM_ID_LAN><TERRORIST>" was kicked for being AFK longer than 45 seconds.
L 04/25/2012 - 11:06:19: [admin_amxbans.amxx] Login: "F1-[G]amin[G] |Mr.Pr9niK<432><STEAM_0:0:1360403837><>" became an admin (account "F1-[G]amin[G] |Mr.Pr9niK") (access "t") (address "95.70.64.36")
L 04/25/2012 - 11:08:10: [pbk.amxx] "<Player><416><STEAM_0:0:2072229925><TERRORIST>" was kicked for being AFK longer than 45 seconds.
L 04/25/2012 - 11:11:15: [pbk.amxx] "<klon LEONID><419><STEAM_0:0:471299566><TERRORIST>" was kicked for being AFK longer than 45 seconds.
L 04/25/2012 - 11:12:47: [admincmd.amxx] Cmd: "4e-N<411><STEAM_0:0:1836044300><>" slay "MAjor Midyza<424><STEAM_0:0:433487992><>"
L 04/25/2012 - 11:13:02: [amxbans.amxx] 4e-N<411><STEAM_0:0:1836044300><SPECTATOR> banned MAjor Midyza<STEAM_0:0:433487992> for 3 days (4320 minutes). Reason: OCKOp6JIEHue, OTgoXHu.
L 04/25/2012 - 11:19:22: [admincmd.amxx] Cmd: "4e-N<411><STEAM_0:0:1836044300><>" change nick to "4e-N_JIy4LLIuu" "mashka777<439><STEAM_0:0:218431355><>"
L 04/25/2012 - 11:19:47: [admincmd.amxx] Cmd: "4e-N<411><STEAM_0:0:1836044300><>" change nick to "9_love_4e-N-a" "mashka777<439><STEAM_0:0:218431355><>"
L 04/25/2012 - 11:20:53: [admincmd.amxx] Cmd: "4e-N<411><STEAM_0:0:1836044300><>" change nick to "9_HE_love_4e-N-a" "m777<439><STEAM_0:0:218431355><>"
L 04/25/2012 - 11:23:04: -------- Mapchange to zm_xata --------
L 04/25/2012 - 11:23:05: [admin_amxbans.amxx] Login: "4e-N<411><STEAM_0:0:1836044300><>" became an admin (account "4e-N") (access "abcdefijmnopqtu") (address "78.37.222.53")
L 04/25/2012 - 11:23:05: [admin_amxbans.amxx] Login: "F1-[G]amin[G] |Mr.Pr9niK<432><STEAM_0:0:1360403837><>" became an admin (account "F1-[G]amin[G] |Mr.Pr9niK") (access "t") (address "95.70.64.36")
L 04/25/2012 - 11:23:06: [amxbans.amxx] [AMXBANS] AMXBans 5.0 is online
L 04/25/2012 - 11:28:29: [pbk.amxx] "<Neo><429><STEAM_0:0:903725059><CT>" was kicked for being AFK longer than 45 seconds.
L 04/25/2012 - 11:28:34: [pbk.amxx] "<Neo><429><STEAM_0:0:903725059><CT>" was kicked for being AFK longer than 45 seconds.
L 04/25/2012 - 11:32:26: [admin_amxbans.amxx] Login: "F1-[G]amin[G] |Mr.Pr9niK<432><STEAM_0:0:1360403837><>" became an admin (account "F1-[G]amin[G] |Mr.Pr9niK") (access "t") (address "95.70.64.36")
L 04/25/2012 - 11:37:18: [admin_amxbans.amxx] Login: "4e-N<411><STEAM_0:0:1836044300><>" became an admin (account "4e-N") (access "abcdefijmnopqtu") (address "78.37.222.53")
L 04/25/2012 - 11:37:34: [amxbans.amxx] 4e-N<411><STEAM_0:0:1836044300><TERRORIST> banned paha[*] TaIIItaGoL<STEAM_ID_LAN> for 3 days (4320 minutes). Reason: 6JIOKu.
L 04/25/2012 - 11:42:29: [pbk.amxx] "<Menos Grante><475><STEAM_0:0:1330195586><TERRORIST>" was kicked for being AFK longer than 45 seconds.
L 04/25/2012 - 11:44:29: -------- Mapchange to zm_666_brick --------
L 04/25/2012 - 11:44:30: [walkguard.amxx] no zone-file found
L 04/25/2012 - 11:44:30: [admin_amxbans.amxx] Login: "F1-[G]amin[G] |Mr.Pr9niK<432><STEAM_0:0:1360403837><>" became an admin (account "F1-[G]amin[G] |Mr.Pr9niK") (access "t") (address "95.70.64.36")
L 04/25/2012 - 11:44:30: [admin_amxbans.amxx] Login: "4e-N<411><STEAM_0:0:1836044300><>" became an admin (account "4e-N") (access "abcdefijmnopqtu") (address "78.37.222.53")
L 04/25/2012 - 11:44:31: [amxbans.amxx] [AMXBANS] AMXBans 5.0 is online
L 04/25/2012 - 11:55:34: [pbk.amxx] "<Menos Grante><501><STEAM_0:0:1330195586><CT>" was kicked for being AFK longer than 45 seconds.
L 04/25/2012 - 11:57:59: [pbk.amxx] "<F1-[G]amin[G] | Kin[G] Amerika><437><STEAM_ID_LAN><TERRORIST>" was kicked for being AFK longer than 45 seconds.
L 04/25/2012 - 12:05:16: -------- Mapchange to zm_houses --------
L 04/25/2012 - 12:05:17: [admin_amxbans.amxx] Login: "4e-N<411><STEAM_0:0:1836044300><>" became an admin (account "4e-N") (access "abcdefijmnopqtu") (address "78.37.222.53")
L 04/25/2012 - 12:05:18: [amxbans.amxx] [AMXBANS] AMXBans 5.0 is online
L 04/25/2012 - 12:06:27: [amxbans.amxx] 4e-N<411><STEAM_0:0:1836044300><TERRORIST> banned [PRO]OJIEHb<STEAM_0:0:1506415880> for 1 day (1440 minutes). Reason: Noob.
L 04/25/2012 - 12:10:03: [amxbans.amxx] 4e-N<411><STEAM_0:0:1836044300><TERRORIST> banned masha777<STEAM_0:0:218431355> for 15 minutes (15 minutes). Reason: OTgoXHu, a.
L 04/25/2012 - 12:12:33: [amxbans.amxx] 4e-N<411><STEAM_0:0:1836044300><CT> banned [_SkyLiNe_] -->Cy4eHak*P<STEAM_ID_LAN> for 1 hour (60 minutes). Reason: ping 1000.
L 04/25/2012 - 12:25:47: -------- Mapchange to 016 --------
L 04/25/2012 - 12:25:48: [walkguard.amxx] no zone-file found
L 04/25/2012 - 12:25:49: [amxbans.amxx] [AMXBANS] AMXBans 5.0 is online
L 04/25/2012 - 12:26:18: [admin_amxbans.amxx] Login: "4e-N<551><STEAM_0:0:1836044300><>" became an admin (account "4e-N") (access "abcdefijmnopqtu") (address "78.37.222.53")
L 04/25/2012 - 12:26:54: [amxbans.amxx] 4e-N<551><STEAM_0:0:1836044300><SPECTATOR> banned Mr*Fedor<STEAM_ID_LAN> for 2 weeks (20160 minutes). Reason: aim.
L 04/25/2012 - 12:28:02: [pbk.amxx] "<ADIK><535><STEAM_ID_LAN><TERRORIST>" was kicked for being AFK longer than 45 seconds.
L 04/25/2012 - 12:30:19: [admin_amxbans.amxx] Login: "= ACTION EXPRESS =<545><STEAM_0:0:2105366972><>" became an admin (account "= ACTION EXPRESS =") (access "abcdefijmnopqtu") (address "92.244.231.83")
L 04/25/2012 - 12:35:55: [admin_amxbans.amxx] Login: "Euforia<558><STEAM_0:0:1631851413><>" became an admin (account "Euforia") (access "t") (address "95.84.206.82")
L 04/25/2012 - 12:36:52: [pbk.amxx] "<@@@$$$VLAD$$$@@@><527><STEAM_ID_LAN><TERRORIST>" was kicked for being AFK longer than 45 seconds.
L 04/25/2012 - 12:44:27: [pbk.amxx] "<F1-[G]amin[G] | Kin[G] Amerika><562><STEAM_ID_LAN><CT>" was kicked for being AFK longer than 45 seconds.
L 04/25/2012 - 12:46:34: -------- Mapchange to ze_jurassicpark --------
L 04/25/2012 - 12:46:35: [admin_amxbans.amxx] Login: "= ACTION EXPRESS =<545><STEAM_0:0:2105366972><>" became an admin (account "= ACTION EXPRESS =") (access "abcdefijmnopqtu") (address "92.244.231.83")
L 04/25/2012 - 12:46:36: [amxbans.amxx] [AMXBANS] AMXBans 5.0 is online
L 04/25/2012 - 12:52:50: [admin_amxbans.amxx] Login: "4e-N<586><STEAM_0:0:1836044300><>" became an admin (account "4e-N") (access "abcdefijmnopqtu") (address "78.37.222.53")
L 04/25/2012 - 12:53:59: [amxbans.amxx] 4e-N<586><STEAM_0:0:1836044300><CT> banned SASHA<STEAM_ID_LAN> for 1 day (1440 minutes). Reason: 6JIOK.
L 04/25/2012 - 13:02:08: [amxbans.amxx] 4e-N<586><STEAM_0:0:1836044300><CT> banned LLlblLLlKA<STEAM_0:0:831757727> for 1 day (1440 minutes). Reason: 6JIOK.
L 04/25/2012 - 13:05:04: [pbk.amxx] "<puma13><600><STEAM_0:0:50059053><CT>" was kicked for being AFK longer than 45 seconds.
L 04/25/2012 - 13:05:09: [pbk.amxx] "<F1-[G]amin[G] | Kin[G] Amerika><597><STEAM_ID_LAN><CT>" was kicked for being AFK longer than 45 seconds.
L 04/25/2012 - 13:06:09: [pbk.amxx] "<BRATISH!!!!!!!!!!!!!!!!><569><STEAM_0:0:502353274><CT>" was kicked for being AFK longer than 45 seconds.
L 04/25/2012 - 13:06:47: -------- Mapchange to zm_street_new --------
L 04/25/2012 - 13:06:48: [admin_amxbans.amxx] Login: "4e-N<586><STEAM_0:0:1836044300><>" became an admin (account "4e-N") (access "abcdefijmnopqtu") (address "78.37.222.53")
L 04/25/2012 - 13:06:48: [admin_amxbans.amxx] Login: "= ACTION EXPRESS =<545><STEAM_0:0:2105366972><>" became an admin (account "= ACTION EXPRESS =") (access "abcdefijmnopqtu") (address "92.244.231.83")
L 04/25/2012 - 13:06:48: [admin_amxbans.amxx] Login: "4e-N<586><STEAM_0:0:1836044300><>" became an admin (account "4e-N") (access "abcdefijmnopqtu") (address "78.37.222.53")
L 04/25/2012 - 13:06:49: [amxbans.amxx] [AMXBANS] AMXBans 5.0 is online
L 04/25/2012 - 13:06:49: [admin_amxbans.amxx] Login: "4e-N<613><STEAM_0:0:1836044300><>" became an admin (account "4e-N") (access "abcdefijmnopqtu") (address "78.37.222.53")
L 04/25/2012 - 13:12:49: [admin_amxbans.amxx] Login: "= ACTION EXPRESS =<630><STEAM_0:0:2105366972><>" became an admin (account "= ACTION EXPRESS =") (access "abcdefijmnopqtu") (address "92.244.231.83")
L 04/25/2012 - 13:17:57: [amxbans.amxx] 4e-N<613><STEAM_0:0:1836044300><SPECTATOR> banned InvinCible[VIP]>TM | WesTes<STEAM_0:0:1965312490> for 1 day (1440 minutes). Reason: OCKOP6JIEHu9.
L 04/25/2012 - 13:26:27: [pbk.amxx] "<F1-[G]amin[G] | Kin[G] Amerika><633><STEAM_ID_LAN><TERRORIST>" was kicked for being AFK longer than 45 seconds.
L 04/25/2012 - 13:26:55: -------- Mapchange to zm_zbek --------
L 04/25/2012 - 13:26:56: [walkguard.amxx] no zone-file found
L 04/25/2012 - 13:26:57: [amxbans.amxx] [AMXBANS] AMXBans 5.0 is online
L 04/25/2012 - 13:30:09: [admin_amxbans.amxx] Login: "4e-N<662><STEAM_0:0:1836044300><>" became an admin (account "4e-N") (access "abcdefijmnopqtu") (address "78.37.222.53")
L 04/25/2012 - 13:30:39: [admincmd.amxx] Cmd: "4e-N<662><STEAM_0:0:1836044300><>" change nick to "nick" "admin<656><STEAM_0:0:487315925><>"
L 04/25/2012 - 13:31:09: [plmenu.amxx] Kick: "4e-N<662><STEAM_0:0:1836044300><>" kick "~::JIyH[A]TuK::~<571><STEAM_0:0:690752436><>"
L 04/25/2012 - 13:35:16: [admincmd.amxx] Cmd: "4e-N<662><STEAM_0:0:1836044300><>" ask for players list
L 04/25/2012 - 13:36:21: [admincmd.amxx] Cmd: "4e-N<662><STEAM_0:0:1836044300><>" change nick to "1246" "1236<639><STEAM_0:0:960859871><>"
L 04/25/2012 - 13:40:10: [pbk.amxx] "<SantOmonika><657><STEAM_0:0:1171481625><TERRORIST>" was kicked for being AFK longer than 45 seconds.
L 04/25/2012 - 13:48:05: [pbk.amxx] "<KoIIIaK_M9Y><639><STEAM_0:0:960859871><TERRORIST>" was kicked for being AFK longer than 45 seconds.
L 04/25/2012 - 13:48:53: -------- Mapchange to zm_fdust2x2 --------
L 04/25/2012 - 13:48:54: [admin_amxbans.amxx] Login: "4e-N<662><STEAM_0:0:1836044300><>" became an admin (account "4e-N") (access "abcdefijmnopqtu") (address "78.37.222.53")
L 04/25/2012 - 13:48:55: [amxbans.amxx] [AMXBANS] AMXBans 5.0 is online
L 04/25/2012 - 13:49:07: [admincmd.amxx] Cmd: "4e-N<662><STEAM_0:0:1836044300><>" change nick to "nick" "admin<681><STEAM_0:0:487315925><>"
L 04/25/2012 - 13:53:13: [pbk.amxx] "<F1-[G]amin[G] | Kin[G] Amerika><687><STEAM_ID_LAN><CT>" was kicked for being AFK longer than 45 seconds.
L 04/25/2012 - 13:53:23: [pbk.amxx] "<CS.ROXSC.LV><682><STEAM_0:0:2072229925><CT>" was kicked for being AFK longer than 45 seconds.
L 04/25/2012 - 13:53:58: [pbk.amxx] "<cTyDeHT><561><STEAM_ID_LAN><CT>" was kicked for being AFK longer than 45 seconds.
L 04/25/2012 - 13:55:08: [pbk.amxx] "<~Helena~><485><STEAM_0:0:225672846><CT>" was kicked for being AFK longer than 45 seconds.
L 04/25/2012 - 13:55:13: [pbk.amxx] "<~Helena~><485><STEAM_0:0:225672846><CT>" was kicked for being AFK longer than 45 seconds.
L 04/25/2012 - 13:55:18: [pbk.amxx] "<~Helena~><485><STEAM_0:0:225672846><CT>" was kicked for being AFK longer than 45 seconds.
L 04/25/2012 - 13:56:43: [pbk.amxx] "<DeL[e]Te*<N1rVaN><693><STEAM_0:0:1634517703><CT>" was kicked for being AFK longer than 45 seconds.
L 04/25/2012 - 13:58:46: [plmenu.amxx] Kick: "4e-N<662><STEAM_0:0:1836044300><>" kick "89rus<686><STEAM_0:0:759657193><>"
L 04/25/2012 - 14:01:13: [pbk.amxx] "<KoIIIaK_M9Y><702><STEAM_0:0:960859871><SPECTATOR>" was kicked for spectating longer than 2 minutes.
L 04/25/2012 - 14:09:13: [pbk.amxx] "<Nastya><712><STEAM_0:0:32702392><CT>" was kicked for being AFK longer than 45 seconds.
L 04/25/2012 - 14:10:10: -------- Mapchange to zm_dust_siege_final --------
L 04/25/2012 - 14:10:12: [amxbans.amxx] [AMXBANS] AMXBans 5.0 is online
L 04/25/2012 - 14:13:05: [pbk.amxx] "<[KILOvatt] Ky4eP><725><STEAM_0:0:905249570><CT>" was kicked for being AFK longer than 45 seconds.
L 04/25/2012 - 14:16:20: [pbk.amxx] "<opa nixu9 se><721><STEAM_0:0:573833548><TERRORIST>" was kicked for being AFK longer than 45 seconds.
L 04/25/2012 - 14:19:35: [pbk.amxx] "<F1-[G]amin[G] | Kin[G] Amerika><706><STEAM_ID_LAN><TERRORIST>" was kicked for being AFK longer than 45 seconds.
L 04/25/2012 - 14:20:30: [admin_amxbans.amxx] Login: "Katya)))<741><STEAM_0:0:1817774469><>" became an admin (account "Katya)))") (access "t") (address "94.41.121.43")
L 04/25/2012 - 14:23:25: [pbk.amxx] "<MILASHKA DASHA><728><STEAM_0:0:554518786><CT>" was kicked for being AFK longer than 45 seconds.
L 04/25/2012 - 14:23:30: [pbk.amxx] "<MILASHKA DASHA><728><STEAM_0:0:554518786><CT>" was kicked for being AFK longer than 45 seconds.
L 04/25/2012 - 14:23:35: [pbk.amxx] "<MILASHKA DASHA><728><STEAM_0:0:554518786><CT>" was kicked for being AFK longer than 45 seconds.
L 04/25/2012 - 14:27:15: [pbk.amxx] "<He npyx((([54 rus]><722><STEAM_0:0:23293532><TERRORIST>" was kicked for being AFK longer than 45 seconds.
L 04/25/2012 - 14:31:16: -------- Mapchange to ze_egypt --------
L 04/25/2012 - 14:31:17: [walkguard.amxx] no zone-file found
L 04/25/2012 - 14:31:17: [admin_amxbans.amxx] Login: "Katya)))<741><STEAM_0:0:1817774469><>" became an admin (account "Katya)))") (access "t") (address "94.41.121.43")
L 04/25/2012 - 14:31:18: [amxbans.amxx] [AMXBANS] AMXBans 5.0 is online
L 04/25/2012 - 14:31:21: [admin_amxbans.amxx] Login: "Katya)))<762><STEAM_0:0:1817774469><>" became an admin (account "Katya)))") (access "t") (address "94.41.121.43")
L 04/25/2012 - 14:32:58: [admin_amxbans.amxx] Login: "4e-N<785><STEAM_0:0:1836044300><>" became an admin (account "4e-N") (access "abcdefijmnopqtu") (address "78.37.222.53")
L 04/25/2012 - 14:33:02: [admin_amxbans.amxx] Login: "4e-N<786><STEAM_0:0:1836044300><>" became an admin (account "4e-N") (access "abcdefijmnopqtu") (address "78.37.222.53")
L 04/25/2012 - 14:36:21: [pbk.amxx] "<.:neADEKBAT:.><777><STEAM_0:0:358511048><SPECTATOR>" was kicked for spectating longer than 2 minutes.
L 04/25/2012 - 14:43:49: -------- Mapchange to zm_house_2011 --------
L 04/25/2012 - 14:43:51: [admin_amxbans.amxx] Login: "Katya)))<762><STEAM_0:0:1817774469><>" became an admin (account "Katya)))") (access "t") (address "94.41.121.43")
L 04/25/2012 - 14:43:51: [admin_amxbans.amxx] Login: "4e-N<786><STEAM_0:0:1836044300><>" became an admin (account "4e-N") (access "abcdefijmnopqtu") (address "78.37.222.53")
L 04/25/2012 - 14:43:51: [admin_amxbans.amxx] Login: "4e-N<786><STEAM_0:0:1836044300><>" became an admin (account "4e-N") (access "abcdefijmnopqtu") (address "78.37.222.53")
L 04/25/2012 - 14:43:51: [admin_amxbans.amxx] Login: "4e-N<800><STEAM_0:0:1836044300><>" became an admin (account "4e-N") (access "abcdefijmnopqtu") (address "78.37.222.53")
L 04/25/2012 - 14:43:52: [amxbans.amxx] [AMXBANS] AMXBans 5.0 is online
L 04/25/2012 - 14:51:45: [pbk.amxx] "<ApaxoH D' Dragon><803><STEAM_0:0:1718909275><CT>" was kicked for being AFK longer than 45 seconds.
L 04/25/2012 - 14:55:05: [amxbans.amxx] 4e-N<800><STEAM_0:0:1836044300><CT> banned klon LEONID<STEAM_0:0:471299566> for 1 day (1440 minutes). Reason: MAT/OCKOP6JIEHu9.
L 04/25/2012 - 14:55:25: [pbk.amxx] "<DaNek><778><STEAM_0:0:871181669><CT>" was kicked for being AFK longer than 45 seconds.
L 04/25/2012 - 14:56:35: [plmenu.amxx] Kick: "4e-N<800><STEAM_0:0:1836044300><>" kick "DaNek<820><STEAM_0:0:871181669><>"
L 04/25/2012 - 15:04:00: [pbk.amxx] "<-=Pioneer=-><755><STEAM_0:0:954782452><CT>" was kicked for being AFK longer than 45 seconds.
L 04/25/2012 - 15:06:20: -------- Mapchange to zm_neris --------
L 04/25/2012 - 15:06:21: [admin_amxbans.amxx] Login: "4e-N<800><STEAM_0:0:1836044300><>" became an admin (account "4e-N") (access "abcdefijmnopqtu") (address "78.37.222.53")
L 04/25/2012 - 15:06:22: [amxbans.amxx] [AMXBANS] AMXBans 5.0 is online
L 04/25/2012 - 15:19:40: [pbk.amxx] "<[KILLERS_BRO] XATIKO><846><STEAM_ID_LAN><CT>" was kicked for being AFK longer than 45 seconds.
L 04/25/2012 - 15:19:45: [pbk.amxx] "<[KILLERS_BRO] XATIKO><846><STEAM_ID_LAN><CT>" was kicked for being AFK longer than 45 seconds.
L 04/25/2012 - 15:19:50: [pbk.amxx] "<[KILLERS_BRO] XATIKO><846><STEAM_ID_LAN><CT>" was kicked for being AFK longer than 45 seconds.
L 04/25/2012 - 15:19:55: [pbk.amxx] "<[KILLERS_BRO] XATIKO><846><STEAM_ID_LAN><CT>" was kicked for being AFK longer than 45 seconds.
L 04/25/2012 - 15:20:00: [pbk.amxx] "<[KILLERS_BRO] XATIKO><846><STEAM_ID_LAN><CT>" was kicked for being AFK longer than 45 seconds.
L 04/25/2012 - 15:20:55: [pbk.amxx] "<DeL><859><STEAM_0:0:386111288><CT>" was kicked for being AFK longer than 45 seconds.
L 04/25/2012 - 15:25:19: [admin_amxbans.amxx] Login: "never have sound<870><STEAM_0:0:935121570><>" became an admin (account "never have sound") (access "t") (address "213.88.114.209")
L 04/25/2012 - 15:26:54: [admin_amxbans.amxx] Login: "never have sound<870><STEAM_0:0:935121570><>" became an admin (account "never have sound") (access "t") (address "213.88.114.209")
L 04/25/2012 - 15:27:41: -------- Mapchange to zm_666_brick --------
L 04/25/2012 - 15:27:42: [walkguard.amxx] no zone-file found
L 04/25/2012 - 15:27:42: [admin_amxbans.amxx] Login: "never have sound<870><STEAM_0:0:935121570><>" became an admin (account "never have sound") (access "t") (address "213.88.114.209")
L 04/25/2012 - 15:27:43: [admin_amxbans.amxx] Login: "4e-N<800><STEAM_0:0:1836044300><>" became an admin (account "4e-N") (access "abcdefijmnopqtu") (address "78.37.222.53")
L 04/25/2012 - 15:27:43: [amxbans.amxx] [AMXBANS] AMXBans 5.0 is online
L 04/25/2012 - 15:27:43: [admin_amxbans.amxx] Login: "4e-N<874><STEAM_0:0:1836044300><>" became an admin (account "4e-N") (access "abcdefijmnopqtu") (address "78.37.222.53")
L 04/25/2012 - 15:33:47: [amxbans.amxx] 4e-N<874><STEAM_0:0:1836044300><SPECTATOR> banned Ha4alHuk lox<STEAM_0:0:1978454345> for 1 day (1440 minutes). Reason: PA3gPA}I{AET muKPOfOHOM.
L 04/25/2012 - 15:33:56: [pbk.amxx] "<ApaxoH D' Dragon><844><STEAM_0:0:1718909275><TERRORIST>" was kicked for being AFK longer than 45 seconds.
L 04/25/2012 - 15:34:01: [pbk.amxx] "<.:neADEKBAT:.><868><STEAM_0:0:358511048><TERRORIST>" was kicked for being AFK longer than 45 seconds.
L 04/25/2012 - 15:36:06: [pbk.amxx] "<-=Pioneer=-><878><STEAM_0:0:954782452><CT>" was kicked for being AFK longer than 45 seconds.
L 04/25/2012 - 15:37:46: [pbk.amxx] "<F1-[G]amin[G] | Kin[G] Amerika><890><STEAM_ID_LAN><UNASSIGNED>" was kicked for failing to choose a team within 2 minutes.
L 04/25/2012 - 15:39:06: [pbk.amxx] "<kostratorz><858><STEAM_ID_LAN><CT>" was kicked for being AFK longer than 45 seconds.
L 04/25/2012 - 15:39:14: [admin_amxbans.amxx] Login: "Topaz<896><STEAM_0:0:1460434637><>" became an admin (account "Topaz") (access "t") (address "91.194.111.250")
L 04/25/2012 - 15:47:56: [pbk.amxx] "<kostrov><769><STEAM_ID_LAN><TERRORIST>" was kicked for being AFK longer than 45 seconds.
L 04/25/2012 - 15:48:26: [pbk.amxx] "<DaNek><889><STEAM_0:0:871181669><TERRORIST>" was kicked for being AFK longer than 45 seconds.
L 04/25/2012 - 15:49:22: -------- Mapchange to zm_houses --------
L 04/25/2012 - 15:49:23: [admin_amxbans.amxx] Login: "never have sound<870><STEAM_0:0:935121570><>" became an admin (account "never have sound") (access "t") (address "213.88.114.209")
L 04/25/2012 - 15:49:24: [amxbans.amxx] [AMXBANS] AMXBans 5.0 is online
L 04/25/2012 - 15:54:27: [pbk.amxx] "<opa nixu9 se><908><STEAM_0:0:573833548><CT>" was kicked for being AFK longer than 45 seconds.
L 04/25/2012 - 15:55:17: [pbk.amxx] "<F1-[G]amin[G] | Kin[G] Amerika><903><STEAM_ID_LAN><CT>" was kicked for being AFK longer than 45 seconds.
L 04/25/2012 - 16:05:27: [pbk.amxx] "<SashkaSlad><853><STEAM_ID_LAN><CT>" was kicked for being AFK longer than 45 seconds.
L 04/25/2012 - 16:08:52: [pbk.amxx] "<F1-[G]amin[G] | Kin[G] Amerika><920><STEAM_ID_LAN><TERRORIST>" was kicked for being AFK longer than 45 seconds.
L 04/25/2012 - 16:10:17: [pbk.amxx] "<eX'ExtR1m [TM] | Faz1o><916><STEAM_0:0:1438748357><CT>" was kicked for being AFK longer than 45 seconds.
L 04/25/2012 - 16:10:22: [pbk.amxx] "<eX'ExtR1m [TM] | Faz1o><916><STEAM_0:0:1438748357><CT>" was kicked for being AFK longer than 45 seconds.
L 04/25/2012 - 16:10:27: [pbk.amxx] "<eX'ExtR1m [TM] | Faz1o><916><STEAM_0:0:1438748357><CT>" was kicked for being AFK longer than 45 seconds.
L 04/25/2012 - 16:10:32: [pbk.amxx] "<eX'ExtR1m [TM] | Faz1o><916><STEAM_0:0:1438748357><CT>" was kicked for being AFK longer than 45 seconds.
L 04/25/2012 - 16:12:36: -------- Mapchange to zm_snow_s1h_v2 --------
L 04/25/2012 - 16:12:37: [walkguard.amxx] no zone-file found
L 04/25/2012 - 16:12:38: [amxbans.amxx] [AMXBANS] AMXBans 5.0 is online
L 04/25/2012 - 16:21:01: [pbk.amxx] "<Geroi><941><STEAM_0:0:1701862775><TERRORIST>" was kicked for being AFK longer than 45 seconds.
L 04/25/2012 - 16:21:01: [pbk.amxx] "<SashkaSlad><929><STEAM_ID_LAN><CT>" was kicked for being AFK longer than 45 seconds.
L 04/25/2012 - 16:26:51: [pbk.amxx] "<aNt--(0o)--n--->><925><STEAM_0:0:493017452><CT>" was kicked for being AFK longer than 45 seconds.
L 04/25/2012 - 16:26:56: [pbk.amxx] "<aNt--(0o)--n--->><925><STEAM_0:0:493017452><CT>" was kicked for being AFK longer than 45 seconds.
L 04/25/2012 - 16:27:01: [pbk.amxx] "<aNt--(0o)--n--->><925><STEAM_0:0:493017452><CT>" was kicked for being AFK longer than 45 seconds.
L 04/25/2012 - 16:27:06: [pbk.amxx] "<aNt--(0o)--n--->><925><STEAM_0:0:493017452><CT>" was kicked for being AFK longer than 45 seconds.
L 04/25/2012 - 16:32:51: [pbk.amxx] "<F1-[G]amin[G] | Kin[G] Amerika><966><STEAM_ID_LAN><TERRORIST>" was kicked for being AFK longer than 45 seconds.
L 04/25/2012 - 16:33:50: -------- Mapchange to zm_decline2k --------
L 04/25/2012 - 16:33:52: [amxbans.amxx] [AMXBANS] AMXBans 5.0 is online
L 04/25/2012 - 16:39:45: [pbk.amxx] "<F1-[G]amin[G] | Kin[G] Amerika><986><STEAM_ID_LAN><TERRORIST>" was kicked for being AFK longer than 45 seconds.
L 04/25/2012 - 16:42:30: [pbk.amxx] "<F1-[G]amin[G] | Kin[G] Amerika><992><STEAM_ID_LAN><TERRORIST>" was kicked for being AFK longer than 45 seconds.
L 04/25/2012 - 16:45:30: [pbk.amxx] "<@k-56-rus><990><STEAM_ID_LAN><CT>" was kicked for being AFK longer than 45 seconds.
L 04/25/2012 - 16:45:30: [admin_amxbans.amxx] Login: "Sam_po-se6e<982><STEAM_0:0:960859871><>" became an admin (account "Sam_po-se6e") (access "abcdefijmnopqtu") (address "178.127.71.128")
L 04/25/2012 - 16:45:52: [admin_amxbans.amxx] Login: "Sam_po-se6e<996><STEAM_0:0:960859871><>" became an admin (account "Sam_po-se6e") (access "abcdefijmnopqtu") (address "178.127.71.128")
L 04/25/2012 - 16:46:34: [admin_amxbans.amxx] Login: "Sam_po-se6e<997><STEAM_0:0:960859871><>" became an admin (account "Sam_po-se6e") (access "abcdefijmnopqtu") (address "178.127.71.128")
L 04/25/2012 - 16:48:44: [admin_amxbans.amxx] Login: "Sam_po-se6e<998><STEAM_0:0:960859871><>" became an admin (account "Sam_po-se6e") (access "abcdefijmnopqtu") (address "178.127.71.128")
L 04/25/2012 - 16:54:59: [admin_amxbans.amxx] Login: "Sam_po-se6e<998><STEAM_0:0:960859871><>" became an admin (account "Sam_po-se6e") (access "abcdefijmnopqtu") (address "178.127.71.128")
L 04/25/2012 - 16:55:23: [amxbans.amxx] Sam_po-se6e<998><STEAM_0:0:960859871><CT> banned chelsea_8_LAmpArd<STEAM_ID_LAN> for 15 minutes (15 minutes). Reason: sluv.
L 04/25/2012 - 16:55:40: [pbk.amxx] "<}I{eHbka u3 Angarska><1004><STEAM_0:0:1642675973><CT>" was kicked for being AFK longer than 45 seconds.
L 04/25/2012 - 16:55:45: [pbk.amxx] "<}I{eHbka u3 Angarska><1004><STEAM_0:0:1642675973><CT>" was kicked for being AFK longer than 45 seconds.
L 04/25/2012 - 16:55:50: [pbk.amxx] "<}I{eHbka u3 Angarska><1004><STEAM_0:0:1642675973><CT>" was kicked for being AFK longer than 45 seconds.
L 04/25/2012 - 16:56:07: [admin_amxbans.amxx] Login: "Euforia<1010><STEAM_0:0:1631851413><>" became an admin (account "Euforia") (access "t") (address "95.84.206.82")
L 04/25/2012 - 17:07:13: -------- Mapchange to 016 --------
L 04/25/2012 - 17:07:14: [walkguard.amxx] no zone-file found
L 04/25/2012 - 17:07:15: [amxbans.amxx] [AMXBANS] AMXBans 5.0 is online
L 04/25/2012 - 17:11:58: [pbk.amxx] "<F1-[G]amin[G] |Kaktus><1016><STEAM_0:0:765412180><TERRORIST>" was kicked for being AFK longer than 45 seconds.
L 04/25/2012 - 17:11:58: [pbk.amxx] "<CS.ROXSC.LV><987><STEAM_0:0:2072229925><TERRORIST>" was kicked for being AFK longer than 45 seconds.
L 04/25/2012 - 17:14:48: [pbk.amxx] "<SpetZnaZ|Kirik><1033><STEAM_0:0:635678361><TERRORIST>" was kicked for being AFK longer than 45 seconds.
L 04/25/2012 - 17:14:52: [admin_amxbans.amxx] Login: "Demon1k(music on)<1045><STEAM_0:0:1817774469><>" kicked due to invalid password (account "Demon1k(music on)") (address "77.79.143.156")
L 04/25/2012 - 17:15:01: [admin_amxbans.amxx] Login: "Demon1k(music on)<1046><STEAM_0:0:1817774469><>" became an admin (account "Demon1k(music on)") (access "t") (address "77.79.143.156")
L 04/25/2012 - 17:15:13: [pbk.amxx] "<F1-[G]amin[G] | Kin[G] Amerika><1040><STEAM_ID_LAN><UNASSIGNED>" was kicked for failing to choose a team within 2 minutes.
L 04/25/2012 - 17:22:13: [pbk.amxx] "<PROSPAL><1050><STEAM_0:0:2031454988><SPECTATOR>" was kicked for spectating longer than 2 minutes.
L 04/25/2012 - 17:23:24: [voteban.amxx] Voteban starter Demon1k(music on) against KTO STEAM_ID_LAN
L 04/25/2012 - 17:23:39: [voteban.amxx] [AMXX] BANNED: KTO, STARTER: Demon1k(music on)
L 04/25/2012 - 17:23:40: [amxbans.amxx]  Зомби сервер (x_x(O_o)x_x) Go Zombie !!!<0><><> banned Xateks<STEAM_ID_LAN> for 30 minutes (30 minutes). Reason: VIP->Demon1k(music on).
L 04/25/2012 - 17:25:03: [pbk.amxx] "<PROSPAL><1059><STEAM_0:0:2031454988><SPECTATOR>" was kicked for spectating longer than 2 minutes.
L 04/25/2012 - 17:26:38: [pbk.amxx] "<Str[ik]er><1054><STEAM_ID_LAN><TERRORIST>" was kicked for being AFK longer than 45 seconds.
L 04/25/2012 - 17:26:43: [pbk.amxx] "<Str[ik]er><1054><STEAM_ID_LAN><TERRORIST>" was kicked for being AFK longer than 45 seconds.
L 04/25/2012 - 17:26:48: [pbk.amxx] "<XuTpuK><1019><STEAM_0:0:1986440821><SPECTATOR>" was kicked for spectating longer than 2 minutes.
L 04/25/2012 - 17:26:48: [pbk.amxx] "<Str[ik]er><1054><STEAM_ID_LAN><TERRORIST>" was kicked for being AFK longer than 45 seconds.
L 04/25/2012 - 17:27:23: [pbk.amxx] "<kostrov><1014><STEAM_ID_LAN><TERRORIST>" was kicked for being AFK longer than 45 seconds.
L 04/25/2012 - 17:27:58: -------- Mapchange to zm_zbek --------
L 04/25/2012 - 17:27:59: [walkguard.amxx] no zone-file found
L 04/25/2012 - 17:28:00: [amxbans.amxx] [AMXBANS] AMXBans 5.0 is online
L 04/25/2012 - 17:29:18: [pbk.amxx] "<-=InSaF=-><1077><STEAM_0:0:1094760253><CT>" was kicked for being AFK longer than 45 seconds.
L 04/25/2012 - 17:29:23: [pbk.amxx] "<-=InSaF=-><1077><STEAM_0:0:1094760253><CT>" was kicked for being AFK longer than 45 seconds.
L 04/25/2012 - 17:29:28: [pbk.amxx] "<-=InSaF=-><1077><STEAM_0:0:1094760253><CT>" was kicked for being AFK longer than 45 seconds.
L 04/25/2012 - 17:30:23: [pbk.amxx] "<M^tw_Sm@Le=)_[Bcex_Kill]><1074><STEAM_0:0:1569650590><UNASSIGNED>" was kicked for failing to choose a team within 2 minutes.
L 04/25/2012 - 17:36:18: [pbk.amxx] "<Andrik><1062><STEAM_0:0:2108686160><CT>" was kicked for being AFK longer than 45 seconds.
L 04/25/2012 - 17:36:18: [pbk.amxx] "<ApaxoH D' Dragon><1031><STEAM_0:0:1718909275><CT>" was kicked for being AFK longer than 45 seconds.
L 04/25/2012 - 17:39:53: [pbk.amxx] "<F1-[G]amin[G] | Kin[G] Amerika><1097><STEAM_ID_LAN><UNASSIGNED>" was kicked for failing to choose a team within 2 minutes.
L 04/25/2012 - 17:45:38: [pbk.amxx] "<Witja nosit nike><1094><STEAM_0:0:561844018><CT>" was kicked for being AFK longer than 45 seconds.
L 04/25/2012 - 17:46:23: [pbk.amxx] "<kostrov><1090><STEAM_ID_LAN><TERRORIST>" was kicked for being AFK longer than 45 seconds.
L 04/25/2012 - 17:48:06: -------- Mapchange to zm_fdust2x2 --------
L 04/25/2012 - 17:48:07: [amxbans.amxx] [AMXBANS] AMXBans 5.0 is online
L 04/25/2012 - 17:53:20: [pbk.amxx] "<Andrik><1112><STEAM_0:0:2108686160><UNASSIGNED>" was kicked for failing to choose a team within 2 minutes.
L 04/25/2012 - 17:57:05: [pbk.amxx] "<CS.ROXSC.LV><1036><STEAM_0:0:2072229925><TERRORIST>" was kicked for being AFK longer than 45 seconds.
L 04/25/2012 - 17:57:55: [pbk.amxx] "<kostrov><1114><STEAM_ID_LAN><TERRORIST>" was kicked for being AFK longer than 45 seconds.
L 04/25/2012 - 18:05:35: [pbk.amxx] "<kostrov><1129><STEAM_ID_LAN><TERRORIST>" was kicked for being AFK longer than 45 seconds.
L 04/25/2012 - 18:17:07: [admin_amxbans.amxx] Login: "Euforia<1145><STEAM_0:0:1631851413><>" became an admin (account "Euforia") (access "t") (address "95.84.206.82")
L 04/25/2012 - 18:18:25: [pbk.amxx] "<kostrov><1142><STEAM_ID_LAN><TERRORIST>" was kicked for being AFK longer than 45 seconds.
L 04/25/2012 - 18:19:12: -------- Mapchange to zm_xata --------
L 04/25/2012 - 18:19:13: [admin_amxbans.amxx] Login: "Euforia<1145><STEAM_0:0:1631851413><>" became an admin (account "Euforia") (access "t") (address "95.84.206.82")
L 04/25/2012 - 18:19:14: [amxbans.amxx] [AMXBANS] AMXBans 5.0 is online
L 04/25/2012 - 18:22:37: [pbk.amxx] "<NicoS><1152><STEAM_0:0:1347677559><TERRORIST>" was kicked for being AFK longer than 45 seconds.
L 04/25/2012 - 18:23:32: [pbk.amxx] "<SaHiL><1159><STEAM_0:0:1789485618><CT>" was kicked for being AFK longer than 45 seconds.
L 04/25/2012 - 18:26:12: [pbk.amxx] "<NicoS><1174><STEAM_0:0:1347677559><UNASSIGNED>" was kicked for failing to choose a team within 2 minutes.
L 04/25/2012 - 18:26:12: -------- Mapchange to ze_egypt --------
L 04/25/2012 - 18:26:13: [walkguard.amxx] no zone-file found
L 04/25/2012 - 18:26:14: [amxbans.amxx] [AMXBANS] AMXBans 5.0 is online
L 04/25/2012 - 18:30:27: [admin_amxbans.amxx] Login: "Celldweller<1217><STEAM_0:0:1924579479><>" became an admin (account "Celldweller") (access "abcdefijmnopqtu") (address "178.127.11.22")
L 04/25/2012 - 18:30:33: [admin_amxbans.amxx] Login: "Celldweller<1218><STEAM_0:0:1924579479><>" became an admin (account "Celldweller") (access "abcdefijmnopqtu") (address "178.127.11.22")
L 04/25/2012 - 18:30:42: [pbk.amxx] "<TPAHCo/oPOHTAJIHA9I_JIoboToMi9I><1212><STEAM_0:0:1268622154><UNASSIGNED>" was kicked for failing to choose a team within 2 minutes.
L 04/25/2012 - 18:35:27: [pbk.amxx] "<Richard><1224><STEAM_ID_LAN><CT>" was kicked for being AFK longer than 45 seconds.
L 04/25/2012 - 18:35:37: [admin_amxbans.amxx] Login: "Celldweller<1218><STEAM_0:0:1924579479><>" became an admin (account "Celldweller") (access "abcdefijmnopqtu") (address "178.127.11.22")
L 04/25/2012 - 18:39:55: [admin_amxbans.amxx] Login: "Celldweller<1218><STEAM_0:0:1924579479><>" became an admin (account "Celldweller") (access "abcdefijmnopqtu") (address "178.127.11.22")
L 04/25/2012 - 18:40:05: [plmenu.amxx] Kick: "Celldweller<1218><STEAM_0:0:1924579479><>" kick "Pro[102_rus](aleks)<1183><STEAM_0:0:381225008><>"
L 04/25/2012 - 18:40:07: [pbk.amxx] "<Witja nosit nike><1182><STEAM_0:0:561844018><CT>" was kicked for being AFK longer than 45 seconds.
L 04/25/2012 - 18:42:22: [pbk.amxx] "<TPAHCo/oPOHTAJIHA9I_JIoboToMi9I><1226><STEAM_0:0:1268622154><TERRORIST>" was kicked for being AFK longer than 45 seconds.
L 04/25/2012 - 18:42:37: [admin_amxbans.amxx] Login: "Celldweller<1218><STEAM_0:0:1924579479><>" became an admin (account "Celldweller") (access "abcdefijmnopqtu") (address "178.127.11.22")
L 04/25/2012 - 18:46:57: [pbk.amxx] "<kostrov><1238><STEAM_ID_LAN><TERRORIST>" was kicked for being AFK longer than 45 seconds.
L 04/25/2012 - 18:47:26: -------- Mapchange to zm_house_2011 --------
L 04/25/2012 - 18:47:27: [amxbans.amxx] [AMXBANS] AMXBans 5.0 is online
L 04/25/2012 - 18:56:46: [pbk.amxx] "<TPAHCo/oPOHTAJIHA9I_JIoboToMi9I><1274><STEAM_0:0:1268622154><TERRORIST>" was kicked for being AFK longer than 45 seconds.
L 04/25/2012 - 18:56:55: [admin_amxbans.amxx] Login: "Celldweller<1218><STEAM_0:0:1924579479><>" became an admin (account "Celldweller") (access "abcdefijmnopqtu") (address "178.127.11.22")
L 04/25/2012 - 18:59:56: [pbk.amxx] "<-=S.H.E.I.X.=-><1292><STEAM_0:0:1159539893><UNASSIGNED>" was kicked for failing to choose a team within 2 minutes.
L 04/25/2012 - 19:01:06: [pbk.amxx] "<Valett><1260><STEAM_ID_LAN><TERRORIST>" was kicked for being AFK longer than 45 seconds.
L 04/25/2012 - 19:01:21: [pbk.amxx] "<kostrov><1269><STEAM_ID_LAN><TERRORIST>" was kicked for being AFK longer than 45 seconds.
L 04/25/2012 - 19:01:31: [pbk.amxx] "<kostrov><1269><STEAM_ID_LAN><CT>" was kicked for being AFK longer than 45 seconds.
L 04/25/2012 - 19:08:17: -------- Mapchange to zm_south_escape_b2 --------
L 04/25/2012 - 19:08:18: [walkguard.amxx] no zone-file found
L 04/25/2012 - 19:08:19: [amxbans.amxx] [AMXBANS] AMXBans 5.0 is online
L 04/25/2012 - 19:09:48: [admin_amxbans.amxx] Login: "[BBS]Easy|LonsdalE<1318><STEAM_0:0:17341018><>" kicked due to invalid password (account "[BBS]Easy|LonsdalE") (address "91.79.233.216")
L 04/25/2012 - 19:11:47: [pbk.amxx] "<SaHiL><1317><STEAM_0:0:1789485618><UNASSIGNED>" was kicked for failing to choose a team within 2 minutes.
L 04/25/2012 - 19:11:47: [pbk.amxx] "<KpyTRK><1286><STEAM_ID_LAN><SPECTATOR>" was kicked for spectating longer than 2 minutes.
L 04/25/2012 - 19:18:07: [admin_amxbans.amxx] Login: "Celldweller<1218><STEAM_0:0:1924579479><>" became an admin (account "Celldweller") (access "abcdefijmnopqtu") (address "178.127.11.22")
L 04/25/2012 - 19:22:42: [pbk.amxx] "<[All-CS.Net.Ru] User><1309><STEAM_0:0:432231009><CT>" was kicked for being AFK longer than 45 seconds.
L 04/25/2012 - 19:26:57: [pbk.amxx] "<TPAHCo/oPOHTAJIHA9I_JIoboToMi9I><1320><STEAM_0:0:1268622154><CT>" was kicked for being AFK longer than 45 seconds.
L 04/25/2012 - 19:28:46: -------- Mapchange to zm_zonecs --------
L 04/25/2012 - 19:28:46: [walkguard.amxx] no zone-file found
L 04/25/2012 - 19:28:47: [amxbans.amxx] [AMXBANS] AMXBans 5.0 is online
L 04/25/2012 - 19:30:57: [admin_amxbans.amxx] Login: "Celldweller<1218><STEAM_0:0:1924579479><>" became an admin (account "Celldweller") (access "abcdefijmnopqtu") (address "178.127.11.22")
L 04/25/2012 - 19:31:25: [amxbans.amxx] Celldweller<1218><STEAM_0:0:1924579479><TERRORIST> banned kostrov<STEAM_ID_LAN> for 3 days (4320 minutes). Reason: bh (CKpu/7T).
L 04/25/2012 - 19:34:21: [pbk.amxx] "<stepashka><1344><STEAM_0:0:972628665><TERRORIST>" was kicked for being AFK longer than 45 seconds.
L 04/25/2012 - 19:34:50: [pbk.amxx] "<ZONVI999><1347><STEAM_ID_LAN><TERRORIST>" was kicked for being AFK longer than 45 seconds.
L 04/25/2012 - 19:35:30: [pbk.amxx] "<NIKITA DOLGI><1341><STEAM_ID_LAN><TERRORIST>" was kicked for being AFK longer than 45 seconds.
L 04/25/2012 - 19:37:01: [pbk.amxx] "<(-$Ka4Ka$-)><1334><STEAM_0:0:838117976><CT>" was kicked for being AFK longer than 45 seconds.
L 04/25/2012 - 19:37:05: [pbk.amxx] "<(-$Ka4Ka$-)><1334><STEAM_0:0:838117976><CT>" was kicked for being AFK longer than 45 seconds.
L 04/25/2012 - 19:37:10: [pbk.amxx] "<(-$Ka4Ka$-)><1334><STEAM_0:0:838117976><CT>" was kicked for being AFK longer than 45 seconds.
L 04/25/2012 - 19:37:15: [pbk.amxx] "<(-$Ka4Ka$-)><1334><STEAM_0:0:838117976><CT>" was kicked for being AFK longer than 45 seconds.
L 04/25/2012 - 19:38:40: [admin_amxbans.amxx] Login: "Demon1k(music on)<1366><STEAM_0:0:1817774469><>" became an admin (account "Demon1k(music on)") (access "t") (address "77.79.143.156")
L 04/25/2012 - 19:38:55: [pbk.amxx] "<NIKITA DOLGI><1362><STEAM_ID_LAN><CT>" was kicked for being AFK longer than 45 seconds.
L 04/25/2012 - 19:42:26: [pbk.amxx] "<ZONVI999><1363><STEAM_ID_LAN><UNASSIGNED>" was kicked for failing to choose a team within 2 minutes.
L 04/25/2012 - 19:46:21: [pbk.amxx] "<ZONVI999><1387><STEAM_ID_LAN><UNASSIGNED>" was kicked for failing to choose a team within 2 minutes.
L 04/25/2012 - 19:47:15: [pbk.amxx] "<griha negr><1337><STEAM_0:0:329561013><CT>" was kicked for being AFK longer than 45 seconds.
L 04/25/2012 - 19:49:15: [pbk.amxx] "<1 rpaM#.cfg><1381><STEAM_0:0:1369886976><TERRORIST>" was kicked for being AFK longer than 45 seconds.
L 04/25/2012 - 19:49:27: -------- Mapchange to zm_kill_duster_2 --------
L 04/25/2012 - 19:49:28: [admin_amxbans.amxx] Login: "Demon1k(music on)<1366><STEAM_0:0:1817774469><>" became an admin (account "Demon1k(music on)") (access "t") (address "77.79.143.156")
L 04/25/2012 - 19:49:28: [admin_amxbans.amxx] Login: "Celldweller<1218><STEAM_0:0:1924579479><>" became an admin (account "Celldweller") (access "abcdefijmnopqtu") (address "178.127.11.22")
L 04/25/2012 - 19:49:29: [amxbans.amxx] [AMXBANS] AMXBans 5.0 is online
L 04/25/2012 - 19:49:30: [admin_amxbans.amxx] Login: "Topaz<1396><STEAM_0:0:1460434637><>" became an admin (account "Topaz") (access "t") (address "91.194.111.250")
L 04/25/2012 - 19:50:06: [admin_amxbans.amxx] Login: "Dimka<1401><STEAM_0:0:44643826><>" became an admin (account "Dimka") (access "abcdefghijklmnopqrstu") (address "172.23.65.13")
L 04/25/2012 - 19:50:28: [admincmd.amxx] Cmd: "Dimka<1401><STEAM_0:0:44643826><>" server console (cmdline "addip. 0.0 2.60.0.0")
L 04/25/2012 - 19:51:02: [pbk.amxx] "<Nekit><1399><STEAM_ID_LAN><CT>" was kicked for being AFK longer than 45 seconds.
L 04/25/2012 - 19:51:07: [pbk.amxx] "<Nekit><1399><STEAM_ID_LAN><CT>" was kicked for being AFK longer than 45 seconds.
L 04/25/2012 - 19:51:12: [pbk.amxx] "<Nekit><1399><STEAM_ID_LAN><CT>" was kicked for being AFK longer than 45 seconds.
L 04/25/2012 - 19:51:47: [pbk.amxx] "<sekir boshka)))))><1385><STEAM_0:0:1765432216><UNASSIGNED>" was kicked for failing to choose a team within 2 minutes.
L 04/25/2012 - 20:01:12: [pbk.amxx] "<LSD><1397><STEAM_0:0:687958234><CT>" was kicked for being AFK longer than 45 seconds.
L 04/25/2012 - 20:04:42: [pbk.amxx] "<Pro[102_rus](Gleb)><1335><STEAM_0:0:2013074790><TERRORIST>" was kicked for being AFK longer than 45 seconds.
L 04/25/2012 - 20:06:47: [pbk.amxx] "<[V]><1417><STEAM_ID_LAN><SPECTATOR>" was kicked for spectating longer than 2 minutes.
L 04/25/2012 - 20:09:32: -------- Mapchange to zm_666_brick --------
L 04/25/2012 - 20:09:32: [walkguard.amxx] no zone-file found
L 04/25/2012 - 20:09:33: [amxbans.amxx] [AMXBANS] AMXBans 5.0 is online
L 04/25/2012 - 20:11:36: [pbk.amxx] "<LooKiD><1391><STEAM_ID_LAN><CT>" was kicked for being AFK longer than 45 seconds.
L 04/25/2012 - 20:11:46: [pbk.amxx] "<[V]><1429><STEAM_ID_LAN><SPECTATOR>" was kicked for spectating longer than 2 minutes.
L 04/25/2012 - 20:15:01: [pbk.amxx] "<[V]><1436><STEAM_ID_LAN><SPECTATOR>" was kicked for spectating longer than 2 minutes.
L 04/25/2012 - 20:18:14: [admin_amxbans.amxx] Login: "~dark_light<1442><STEAM_0:0:743756224><>" became an admin (account "~dark_light") (access "abcdefgijmnoprstu") (address "178.121.184.10")
L 04/25/2012 - 20:19:53: [admincmd.amxx] Cmd: "~dark_light<1442><STEAM_0:0:743756224><>" ask for players list
L 04/25/2012 - 20:31:09: -------- Mapchange to ze_jurassicpark --------
L 04/25/2012 - 20:31:10: [admin_amxbans.amxx] Login: "~dark_light<1442><STEAM_0:0:743756224><>" became an admin (account "~dark_light") (access "abcdefgijmnoprstu") (address "178.121.184.10")
L 04/25/2012 - 20:31:10: [amxbans.amxx] [AMXBANS] AMXBans 5.0 is online
L 04/25/2012 - 20:34:25: [plmenu.amxx] Kick: "~dark_light<1442><STEAM_0:0:743756224><>" kick "Nekit<1465><STEAM_ID_LAN><>"
L 04/25/2012 - 20:35:22: [amxbans.amxx] ~dark_light<1442><STEAM_0:0:743756224><SPECTATOR> banned Mr*egor=D<STEAM_ID_LAN> for 2 weeks (20160 minutes). Reason: WallHack.
L 04/25/2012 - 20:35:30: [plmenu.amxx] Kick: "~dark_light<1442><STEAM_0:0:743756224><>" kick "Mr*egor=D<1476><STEAM_ID_LAN><>"
L 04/25/2012 - 20:35:38: [pbk.amxx] "<BANDER><1412><STEAM_ID_LAN><CT>" was kicked for being AFK longer than 45 seconds.
L 04/25/2012 - 20:36:24: [plmenu.amxx] Cmd: "~dark_light<1442><STEAM_0:0:743756224><>" slay "ZuX^<1462><STEAM_0:1:6796677><>"
L 04/25/2012 - 20:37:23: [pbk.amxx] "<[V]><1443><STEAM_ID_LAN><CT>" was kicked for being AFK longer than 45 seconds.
L 04/25/2012 - 20:39:35: [admin_amxbans.amxx] Login: "Topaz<1486><STEAM_0:0:1460434637><>" became an admin (account "Topaz") (access "t") (address "91.194.111.250")
L 04/25/2012 - 20:39:45: [voteban.amxx] Voteban starter ~dark_light against T o r n a d o STEAM_0:0:1257994838
L 04/25/2012 - 20:40:00: [voteban.amxx] [AMXX] BANNED: T o r n a d o, STARTER: ~dark_light
L 04/25/2012 - 20:40:02: [amxbans.amxx]  Зомби сервер (x_x(O_o)x_x) Go Zombie !!!<0><><> banned T o r n a d o<STEAM_0:0:1257994838> for 30 minutes (30 minutes). Reason: VIP->~dark_light.
L 04/25/2012 - 20:42:08: [pbk.amxx] "<***GAME OVER***><1484><STEAM_0:0:168551797><CT>" was kicked for being AFK longer than 45 seconds.
L 04/25/2012 - 20:45:25: [admin_amxbans.amxx] Login: "6ers3rker<1500><STEAM_0:0:16602128><>" became an admin (account "6ers3rker") (access "abcdefijmnopqtu") (address "91.192.70.30")
L 04/25/2012 - 20:48:16: [admin_amxbans.amxx] Login: "Euforia<1507><STEAM_0:0:1631851413><>" became an admin (account "Euforia") (access "t") (address "95.84.206.82")
L 04/25/2012 - 20:51:37: -------- Mapchange to zm_dust_siege_final --------
L 04/25/2012 - 20:51:38: [admin_amxbans.amxx] Login: "6ers3rker<1500><STEAM_0:0:16602128><>" became an admin (account "6ers3rker") (access "abcdefijmnopqtu") (address "91.192.70.30")
L 04/25/2012 - 20:51:38: [admin_amxbans.amxx] Login: "Topaz<1486><STEAM_0:0:1460434637><>" became an admin (account "Topaz") (access "t") (address "91.194.111.250")
L 04/25/2012 - 20:51:38: [admin_amxbans.amxx] Login: "~dark_light<1442><STEAM_0:0:743756224><>" became an admin (account "~dark_light") (access "abcdefgijmnoprstu") (address "178.121.184.10")
L 04/25/2012 - 20:51:39: [amxbans.amxx] [AMXBANS] AMXBans 5.0 is online
L 04/25/2012 - 20:51:49: [admin_amxbans.amxx] Login: "Euforia<1516><STEAM_0:0:1631851413><>" became an admin (account "Euforia") (access "t") (address "95.84.206.82")
L 04/25/2012 - 20:57:12: [pbk.amxx] "<Dok><1515><STEAM_0:0:1091621536><CT>" was kicked for being AFK longer than 45 seconds.
L 04/25/2012 - 21:00:50: [admincmd.amxx] Cmd: "~dark_light<1442><STEAM_0:0:743756224><>" ask for players list
L 04/25/2012 - 21:04:02: [pbk.amxx] "<St:^_^:<==Ro[bb]en*><1522><STEAM_ID_LAN><SPECTATOR>" was kicked for spectating longer than 2 minutes.
L 04/25/2012 - 21:05:05: [admincmd.amxx] Cmd: "~dark_light<1442><STEAM_0:0:743756224><>" change nick to "vagina_s_ushami" "pizda_s_yshami<1520><STEAM_ID_LAN><>"
L 04/25/2012 - 21:05:17: [admin_amxbans.amxx] Login: "= ACTION EXPRESS =<1526><STEAM_0:0:2105366972><>" became an admin (account "= ACTION EXPRESS =") (access "abcdefijmnopqtu") (address "46.164.222.56")
L 04/25/2012 - 21:07:02: [pbk.amxx] "<St:^_^:<==Ro[bb]en*><1524><STEAM_ID_LAN><UNASSIGNED>" was kicked for failing to choose a team within 2 minutes.
L 04/25/2012 - 21:11:37: [pbk.amxx] "<sekir boshka)))))><1450><STEAM_0:0:1765432216><CT>" was kicked for being AFK longer than 45 seconds.
L 04/25/2012 - 21:12:02: [pbk.amxx] "<Mctitel><1531><STEAM_0:0:1106212840><CT>" was kicked for being AFK longer than 45 seconds.
L 04/25/2012 - 21:12:51: -------- Mapchange to zm_zbek --------
L 04/25/2012 - 21:12:52: [walkguard.amxx] no zone-file found
L 04/25/2012 - 21:12:52: [admin_amxbans.amxx] Login: "= ACTION EXPRESS =<1526><STEAM_0:0:2105366972><>" became an admin (account "= ACTION EXPRESS =") (access "abcdefijmnopqtu") (address "46.164.222.56")
L 04/25/2012 - 21:12:52: [admin_amxbans.amxx] Login: "Euforia<1516><STEAM_0:0:1631851413><>" became an admin (account "Euforia") (access "t") (address "95.84.206.82")
L 04/25/2012 - 21:12:52: [admin_amxbans.amxx] Login: "~dark_light<1442><STEAM_0:0:743756224><>" became an admin (account "~dark_light") (access "abcdefgijmnoprstu") (address "178.121.184.10")
L 04/25/2012 - 21:12:53: [amxbans.amxx] [AMXBANS] AMXBans 5.0 is online
L 04/25/2012 - 21:15:06: [pbk.amxx] "<[13]DoNBaSS_[HAEMHUK]><1444><STEAM_0:0:84152063><UNASSIGNED>" was kicked for failing to choose a team within 2 minutes.
L 04/25/2012 - 21:17:36: [admincmd.amxx] Kick: "~dark_light<1442><STEAM_0:0:743756224><>" leave some group (tag1 "dark_") (tag2 "") (tag3 "") (tag4 "")
L 04/25/2012 - 21:17:44: [admin_amxbans.amxx] Login: "Euforia<1563><STEAM_0:0:1631851413><>" became an admin (account "Euforia") (access "t") (address "95.84.206.82")
L 04/25/2012 - 21:17:47: [admincmd.amxx] Kick: "~dark_light<1442><STEAM_0:0:743756224><>" leave some group (tag1 "dark_") (tag2 "") (tag3 "") (tag4 "")
L 04/25/2012 - 21:17:49: [admincmd.amxx] Kick: "~dark_light<1442><STEAM_0:0:743756224><>" leave some group (tag1 "dark_") (tag2 "") (tag3 "") (tag4 "")
L 04/25/2012 - 21:17:54: [admin_amxbans.amxx] Login: "Euforia<1584><STEAM_0:0:1631851413><>" became an admin (account "Euforia") (access "t") (address "95.84.206.82")
L 04/25/2012 - 21:17:58: [admincmd.amxx] Kick: "~dark_light<1442><STEAM_0:0:743756224><>" leave some group (tag1 "dark_") (tag2 "") (tag3 "") (tag4 "")
L 04/25/2012 - 21:18:02: [admin_amxbans.amxx] Login: "Euforia<1595><STEAM_0:0:1631851413><>" became an admin (account "Euforia") (access "t") (address "95.84.206.82")
L 04/25/2012 - 21:18:50: -------- Mapchange to 016 --------
L 04/25/2012 - 21:18:51: [walkguard.amxx] no zone-file found
L 04/25/2012 - 21:18:51: [admin_amxbans.amxx] Login: "= ACTION EXPRESS =<1526><STEAM_0:0:2105366972><>" became an admin (account "= ACTION EXPRESS =") (access "abcdefijmnopqtu") (address "46.164.222.56")
L 04/25/2012 - 21:18:51: [admin_amxbans.amxx] Login: "Euforia<1595><STEAM_0:0:1631851413><>" became an admin (account "Euforia") (access "t") (address "95.84.206.82")
L 04/25/2012 - 21:18:51: [admin_amxbans.amxx] Login: "~dark_light<1442><STEAM_0:0:743756224><>" became an admin (account "~dark_light") (access "abcdefgijmnoprstu") (address "178.121.184.10")
L 04/25/2012 - 21:18:52: [admin_amxbans.amxx] Login: "= ACTION EXPRESS =<1609><STEAM_0:0:2105366972><>" became an admin (account "= ACTION EXPRESS =") (access "abcdefijmnopqtu") (address "46.164.222.56")
L 04/25/2012 - 21:18:52: [amxbans.amxx] [AMXBANS] AMXBans 5.0 is online
L 04/25/2012 - 21:19:07: [admin_amxbans.amxx] Login: "= ACTION EXPRESS =<1615><STEAM_0:0:2105366972><>" became an admin (account "= ACTION EXPRESS =") (access "abcdefijmnopqtu") (address "46.164.222.56")
L 04/25/2012 - 21:28:35: [pbk.amxx] "<McFLY><1621><STEAM_0:0:1438411241><TERRORIST>" was kicked for being AFK longer than 45 seconds.
L 04/25/2012 - 21:31:07: [admin_amxbans.amxx] Login: "~dark_light<1633><STEAM_0:0:743756224><>" became an admin (account "~dark_light") (access "abcdefgijmnoprstu") (address "178.120.251.106")
L 04/25/2012 - 21:32:55: [pbk.amxx] "<ZONVI999><1607><STEAM_ID_LAN><CT>" was kicked for being AFK longer than 45 seconds.
L 04/25/2012 - 21:34:40: [pbk.amxx] "<Omg no cry bot's :D><1618><STEAM_ID_LAN><TERRORIST>" was kicked for being AFK longer than 45 seconds.
L 04/25/2012 - 21:39:20: -------- Mapchange to zm_cpl_mill_kamp --------
L 04/25/2012 - 21:39:20: [admin_amxbans.amxx] Login: "= ACTION EXPRESS =<1615><STEAM_0:0:2105366972><>" became an admin (account "= ACTION EXPRESS =") (access "abcdefijmnopqtu") (address "46.164.222.56")
L 04/25/2012 - 21:39:20: [admin_amxbans.amxx] Login: "~dark_light<1633><STEAM_0:0:743756224><>" became an admin (account "~dark_light") (access "abcdefgijmnoprstu") (address "178.120.251.106")
L 04/25/2012 - 21:39:21: [amxbans.amxx] [AMXBANS] AMXBans 5.0 is online
L 04/25/2012 - 21:43:09: [pbk.amxx] "<SashkaSlad><1635><STEAM_ID_LAN><CT>" was kicked for being AFK longer than 45 seconds.
L 04/25/2012 - 21:48:12: [amxbans.amxx] ~dark_light<1633><STEAM_0:0:743756224><TERRORIST> banned Ok<STEAM_ID_LAN> for 3 days (4320 minutes). Reason: tipo aim.
L 04/25/2012 - 21:48:23: [voteban.amxx] Voteban starter ~dark_light against Paha_MiX59rus STEAM_0:0:1392491352
L 04/25/2012 - 21:48:38: [voteban.amxx] [AMXX] BANNED: Paha_MiX59rus, STARTER: ~dark_light
L 04/25/2012 - 21:48:40: [amxbans.amxx]  Зомби сервер (x_x(O_o)x_x) Go Zombie !!!<0><><> banned Paha_MiX59rus<STEAM_0:0:1392491352> for 30 minutes (30 minutes). Reason: VIP->~dark_light.
L 04/25/2012 - 22:01:38: -------- Mapchange to zm_caca --------
L 04/25/2012 - 22:01:39: [walkguard.amxx] no zone-file found
L 04/25/2012 - 22:01:39: [admin_amxbans.amxx] Login: "= ACTION EXPRESS =<1615><STEAM_0:0:2105366972><>" became an admin (account "= ACTION EXPRESS =") (access "abcdefijmnopqtu") (address "46.164.222.56")
L 04/25/2012 - 22:01:39: [admin_amxbans.amxx] Login: "~dark_light<1633><STEAM_0:0:743756224><>" became an admin (account "~dark_light") (access "abcdefgijmnoprstu") (address "178.120.251.106")
L 04/25/2012 - 22:01:40: [amxbans.amxx] [AMXBANS] AMXBans 5.0 is online
L 04/25/2012 - 22:01:51: [admin_amxbans.amxx] Login: "Celldweller<1676><STEAM_0:0:1924579479><>" became an admin (account "Celldweller") (access "abcdefijmnopqtu") (address "178.127.202.58")
L 04/25/2012 - 22:04:06: [admin_amxbans.amxx] Login: "~dark_light<1682><STEAM_0:0:743756224><>" became an admin (account "~dark_light") (access "abcdefgijmnoprstu") (address "178.120.251.106")
L 04/25/2012 - 22:15:26: [voteban.amxx] Voteban starter ~dark_light against P O L I C E STEAM_0:0:824524807
L 04/25/2012 - 22:15:41: [voteban.amxx] [AMXX] BANNED: P O L I C E, STARTER: ~dark_light
L 04/25/2012 - 22:15:42: [amxbans.amxx]  Зомби сервер (x_x(O_o)x_x) Go Zombie !!!<0><><> banned P O L I C E<STEAM_0:0:824524807> for 30 minutes (30 minutes). Reason: VIP->~dark_light.
L 04/25/2012 - 22:22:38: [pbk.amxx] "<(1)Terminator><1686><STEAM_ID_LAN><TERRORIST>" was kicked for being AFK longer than 45 seconds.
L 04/25/2012 - 22:23:31: -------- Mapchange to zm_neris --------
L 04/25/2012 - 22:23:32: [admin_amxbans.amxx] Login: "= ACTION EXPRESS =<1615><STEAM_0:0:2105366972><>" became an admin (account "= ACTION EXPRESS =") (access "abcdefijmnopqtu") (address "46.164.222.56")
L 04/25/2012 - 22:23:32: [admin_amxbans.amxx] Login: "Celldweller<1676><STEAM_0:0:1924579479><>" became an admin (account "Celldweller") (access "abcdefijmnopqtu") (address "178.127.202.58")
L 04/25/2012 - 22:23:32: [admin_amxbans.amxx] Login: "~dark_light<1682><STEAM_0:0:743756224><>" became an admin (account "~dark_light") (access "abcdefgijmnoprstu") (address "178.120.251.106")
L 04/25/2012 - 22:23:32: [admin_amxbans.amxx] Login: "= ACTION EXPRESS =<1703><STEAM_0:0:2105366972><>" became an admin (account "= ACTION EXPRESS =") (access "abcdefijmnopqtu") (address "46.164.222.56")
L 04/25/2012 - 22:23:32: [amxbans.amxx] [AMXBANS] AMXBans 5.0 is online
L 04/25/2012 - 22:24:09: [plmenu.amxx] Kick: "Celldweller<1676><STEAM_0:0:1924579479><>" kick "GERCANS007<1705><STEAM_0:0:280790911><>"
L 04/25/2012 - 22:26:05: [pbk.amxx] "<Tequila><1693><STEAM_0:0:766843818><CT>" was kicked for being AFK longer than 45 seconds.
L 04/25/2012 - 22:32:26: [pbk.amxx] "<KpyTou` yoKep :D><1725><STEAM_0:0:1337687420><UNASSIGNED>" was kicked for failing to choose a team within 2 minutes.
L 04/25/2012 - 22:33:21: [pbk.amxx] "<Omg no cry bot's :D><1641><STEAM_ID_LAN><CT>" was kicked for being AFK longer than 45 seconds.
L 04/25/2012 - 22:33:26: [pbk.amxx] "<Omg no cry bot's :D><1641><STEAM_ID_LAN><CT>" was kicked for being AFK longer than 45 seconds.
L 04/25/2012 - 22:33:31: [pbk.amxx] "<Omg no cry bot's :D><1641><STEAM_ID_LAN><CT>" was kicked for being AFK longer than 45 seconds.
L 04/25/2012 - 22:34:15: [pbk.amxx] "<-=Pioneer=-><1704><STEAM_0:0:954782452><CT>" was kicked for being AFK longer than 45 seconds.
L 04/25/2012 - 22:45:26: [pbk.amxx] "<ak-47(: PIDAR :)><1740><STEAM_0:0:1171113900><TERRORIST>" was kicked for being AFK longer than 45 seconds.
L 04/25/2012 - 22:46:51: [pbk.amxx] "<Tequila><1730><STEAM_0:0:766843818><TERRORIST>" was kicked for being AFK longer than 45 seconds.
L 04/25/2012 - 22:46:51: -------- Mapchange to zm_electro_dust_v1 --------
L 04/25/2012 - 22:46:52: [walkguard.amxx] no zone-file found
L 04/25/2012 - 22:46:52: [admin_amxbans.amxx] Login: "= ACTION EXPRESS =<1703><STEAM_0:0:2105366972><>" became an admin (account "= ACTION EXPRESS =") (access "abcdefijmnopqtu") (address "46.164.222.56")
L 04/25/2012 - 22:46:53: [amxbans.amxx] [AMXBANS] AMXBans 5.0 is online
L 04/25/2012 - 22:46:53: [admin_amxbans.amxx] Login: "= ACTION EXPRESS =<1750><STEAM_0:0:2105366972><>" became an admin (account "= ACTION EXPRESS =") (access "abcdefijmnopqtu") (address "46.164.222.56")
L 04/25/2012 - 22:51:26: [pbk.amxx] "<[p][R][o]100<4ok>*DooMRotter><1773><STEAM_0:0:1388113346><CT>" was kicked for being AFK longer than 45 seconds.
L 04/25/2012 - 22:51:31: [pbk.amxx] "<[p][R][o]100<4ok>*DooMRotter><1773><STEAM_0:0:1388113346><CT>" was kicked for being AFK longer than 45 seconds.
L 04/25/2012 - 22:51:35: [pbk.amxx] "<[p][R][o]100<4ok>*DooMRotter><1773><STEAM_0:0:1388113346><CT>" was kicked for being AFK longer than 45 seconds.
L 04/25/2012 - 22:54:41: [pbk.amxx] "<ak-47(: PIDAR :)><1774><STEAM_0:0:1171113900><CT>" was kicked for being AFK longer than 45 seconds.
L 04/25/2012 - 22:55:26: [pbk.amxx] "<Tequila><1769><STEAM_0:0:766843818><CT>" was kicked for being AFK longer than 45 seconds.
L 04/25/2012 - 23:02:16: [pbk.amxx] "<[p][R][o]100<4ok>*DooMRotter><1802><STEAM_0:0:1388113346><CT>" was kicked for being AFK longer than 45 seconds.
L 04/25/2012 - 23:02:36: [pbk.amxx] "<Tequila><1786><STEAM_0:0:766843818><CT>" was kicked for being AFK longer than 45 seconds.
L 04/25/2012 - 23:07:21: [pbk.amxx] "<Tequila><1812><STEAM_0:0:766843818><CT>" was kicked for being AFK longer than 45 seconds.
L 04/25/2012 - 23:07:37: -------- Mapchange to ze_egypt --------
L 04/25/2012 - 23:07:38: [walkguard.amxx] no zone-file found
L 04/25/2012 - 23:07:39: [amxbans.amxx] [AMXBANS] AMXBans 5.0 is online
L 04/25/2012 - 23:30:03: -------- Mapchange to zm_snow_s1h_v2 --------
L 04/25/2012 - 23:30:04: [walkguard.amxx] no zone-file found
L 04/25/2012 - 23:30:05: [amxbans.amxx] [AMXBANS] AMXBans 5.0 is online
L 04/25/2012 - 23:38:08: [pbk.amxx] "<zZz*C[on]VERTIBLES><1882><STEAM_ID_LAN><CT>" was kicked for being AFK longer than 45 seconds.
L 04/25/2012 - 23:42:25: [admin_amxbans.amxx] Login: "4e-N<1888><STEAM_0:0:1836044300><>" became an admin (account "4e-N") (access "abcdefijmnopqtu") (address "78.37.246.193")
L 04/25/2012 - 23:43:38: [pbk.amxx] "<sekir boshka)))))><1832><STEAM_0:0:1765432216><CT>" was kicked for being AFK longer than 45 seconds.
L 04/25/2012 - 23:43:43: [pbk.amxx] "<sekir boshka)))))><1832><STEAM_0:0:1765432216><CT>" was kicked for being AFK longer than 45 seconds.
L 04/25/2012 - 23:43:48: [pbk.amxx] "<sekir boshka)))))><1832><STEAM_0:0:1765432216><CT>" was kicked for being AFK longer than 45 seconds.
L 04/25/2012 - 23:48:53: [pbk.amxx] "<Andrik><1827><STEAM_0:0:2108686160><TERRORIST>" was kicked for being AFK longer than 45 seconds.
L 04/25/2012 - 23:49:15: [amxbans.amxx] 4e-N<1888><STEAM_0:0:1836044300><SPECTATOR> banned ak-47(: PIDAR :)<STEAM_0:0:1171113900> for 1 hour (60 minutes). Reason: CJIuB.
L 04/25/2012 - 23:50:30: -------- Mapchange to zm_666_brick --------
L 04/25/2012 - 23:50:31: [walkguard.amxx] no zone-file found
L 04/25/2012 - 23:50:31: [admin_amxbans.amxx] Login: "4e-N<1888><STEAM_0:0:1836044300><>" became an admin (account "4e-N") (access "abcdefijmnopqtu") (address "78.37.246.193")
L 04/25/2012 - 23:50:32: [amxbans.amxx] [AMXBANS] AMXBans 5.0 is online
L 04/25/2012 - 23:58:05: [pbk.amxx] "<4etko?!><1826><STEAM_0:1:39255054><CT>" was kicked for being AFK longer than 45 seconds.
