L 04/23/2012 - 00:04:12: [admin_amxbans.amxx] Login: "Demon1k(music on)<1812><STEAM_0:0:1817774469><>" became an admin (account "Demon1k(music on)") (access "t") (address "95.105.56.203")
L 04/23/2012 - 00:09:22: -------- Mapchange to zm_dust_brick_b1_fx --------
L 04/23/2012 - 00:09:23: [walkguard.amxx] no zone-file found
L 04/23/2012 - 00:09:23: [admin_amxbans.amxx] Login: "Fedya Chirik<1731><STEAM_ID_LAN><>" became an admin (account "212.55.104.156") (access "abcdefgijmnoprstu") (address "212.55.104.156")
L 04/23/2012 - 00:09:23: [admin_amxbans.amxx] Login: "Demon1k(music on)<1812><STEAM_0:0:1817774469><>" became an admin (account "Demon1k(music on)") (access "t") (address "95.105.56.203")
L 04/23/2012 - 00:09:23: [admin_amxbans.amxx] Login: "~dark_light<1741><STEAM_0:0:743756224><>" became an admin (account "~dark_light") (access "abcdefgijmnoprstu") (address "178.121.184.10")
L 04/23/2012 - 00:09:24: [amxbans.amxx] [AMXBANS] AMXBans 5.0 is online
L 04/23/2012 - 00:12:22: [pbk.amxx] "<INT+1><1734><STEAM_ID_LAN><SPECTATOR>" was kicked for spectating longer than 2 minutes.
L 04/23/2012 - 00:13:17: [pbk.amxx] "<[V]><1803><STEAM_ID_LAN><CT>" was kicked for being AFK longer than 45 seconds.
L 04/23/2012 - 00:14:17: [pbk.amxx] "<.><1800><STEAM_0:0:901137403><CT>" was kicked for being AFK longer than 45 seconds.
L 04/23/2012 - 00:14:52: [pbk.amxx] "<<<GoomiS>>><1830><STEAM_ID_LAN><UNASSIGNED>" was kicked for failing to choose a team within 2 minutes.
L 04/23/2012 - 00:19:02: [pbk.amxx] "<lyntik><1832><STEAM_0:0:1170515146><TERRORIST>" was kicked for being AFK longer than 45 seconds.
L 04/23/2012 - 00:20:07: [pbk.amxx] "<bander><1826><STEAM_ID_LAN><CT>" was kicked for being AFK longer than 45 seconds.
L 04/23/2012 - 00:20:07: [pbk.amxx] "<Hydr1k><1756><STEAM_0:0:22991541><CT>" was kicked for being AFK longer than 45 seconds.
L 04/23/2012 - 00:20:17: [pbk.amxx] "<.><1834><STEAM_0:0:901137403><CT>" was kicked for being AFK longer than 45 seconds.
L 04/23/2012 - 00:20:32: [pbk.amxx] "<[V]><1836><STEAM_ID_LAN><CT>" was kicked for being AFK longer than 45 seconds.
L 04/23/2012 - 00:23:13: [admin_amxbans.amxx] Login: "Lutini<1853><STEAM_0:0:415503635><>" became an admin (account "Lutini") (access "t") (address "95.27.197.195")
L 04/23/2012 - 00:24:04: [admin_amxbans.amxx] Login: "Lutini<1854><STEAM_0:0:415503635><>" became an admin (account "Lutini") (access "t") (address "95.27.197.195")
L 04/23/2012 - 00:24:27: [pbk.amxx] "<lyntik><1842><STEAM_0:0:1170515146><UNASSIGNED>" was kicked for failing to choose a team within 2 minutes.
L 04/23/2012 - 00:25:42: [pbk.amxx] "<(1)Terminator><1825><STEAM_ID_LAN><CT>" was kicked for being AFK longer than 45 seconds.
L 04/23/2012 - 00:28:47: [pbk.amxx] "<Terminator><1856><STEAM_ID_LAN><CT>" was kicked for being AFK longer than 45 seconds.
L 04/23/2012 - 00:30:43: -------- Mapchange to zm_electro_dust_v1 --------
L 04/23/2012 - 00:30:43: [walkguard.amxx] no zone-file found
L 04/23/2012 - 00:30:43: [admin_amxbans.amxx] Login: "Lutini<1854><STEAM_0:0:415503635><>" became an admin (account "Lutini") (access "t") (address "95.27.197.195")
L 04/23/2012 - 00:30:43: [admin_amxbans.amxx] Login: "Demon1k(music on)<1812><STEAM_0:0:1817774469><>" became an admin (account "Demon1k(music on)") (access "t") (address "95.105.56.203")
L 04/23/2012 - 00:30:44: [amxbans.amxx] [AMXBANS] AMXBans 5.0 is online
L 04/23/2012 - 00:30:46: [admin_amxbans.amxx] Login: "Lutini<1868><STEAM_0:0:415503635><>" became an admin (account "Lutini") (access "t") (address "95.27.197.195")
L 04/23/2012 - 00:30:47: [admin_amxbans.amxx] Login: "Demon1k(music on)<1873><STEAM_0:0:1817774469><>" became an admin (account "Demon1k(music on)") (access "t") (address "95.105.56.203")
L 04/23/2012 - 00:39:17: [pbk.amxx] "<nikola><1877><STEAM_0:0:886116103><TERRORIST>" was kicked for being AFK longer than 45 seconds.
L 04/23/2012 - 00:39:37: [pbk.amxx] "<Terminator><1882><STEAM_ID_LAN><TERRORIST>" was kicked for being AFK longer than 45 seconds.
L 04/23/2012 - 00:41:22: [pbk.amxx] "<Terminator><1902><STEAM_ID_LAN><CT>" was kicked for being AFK longer than 45 seconds.
L 04/23/2012 - 00:44:02: [pbk.amxx] "<F1-[G]amin[G] |IIPOBOKATOP><1884><STEAM_0:0:816989214><CT>" was kicked for being AFK longer than 45 seconds.
L 04/23/2012 - 00:46:02: [pbk.amxx] "<Hydr1k><1895><STEAM_0:0:22991541><TERRORIST>" was kicked for being AFK longer than 45 seconds.
L 04/23/2012 - 00:48:57: [pbk.amxx] "<Tequila><1906><STEAM_0:0:766843818><CT>" was kicked for being AFK longer than 45 seconds.
L 04/23/2012 - 00:51:19: -------- Mapchange to zm_kill_duster_2 --------
L 04/23/2012 - 00:51:19: [admin_amxbans.amxx] Login: "Demon1k(music on)<1873><STEAM_0:0:1817774469><>" became an admin (account "Demon1k(music on)") (access "t") (address "95.105.56.203")
L 04/23/2012 - 00:51:20: [amxbans.amxx] [AMXBANS] AMXBans 5.0 is online
L 04/23/2012 - 00:58:38: [pbk.amxx] "<Rodrigezz><1865><STEAM_0:0:727697709><SPECTATOR>" was kicked for spectating longer than 2 minutes.
L 04/23/2012 - 00:59:53: [pbk.amxx] "<LLlblLLlKA><1924><STEAM_0:0:831757727><TERRORIST>" was kicked for being AFK longer than 45 seconds.
L 04/23/2012 - 01:04:38: [pbk.amxx] "<Terminator><1909><STEAM_ID_LAN><CT>" was kicked for being AFK longer than 45 seconds.
L 04/23/2012 - 01:06:03: [pbk.amxx] "<~AK-47~><1867><STEAM_0:0:838117976><SPECTATOR>" was kicked for spectating longer than 2 minutes.
L 04/23/2012 - 01:12:21: -------- Mapchange to zm_cpl_mill_kamp --------
L 04/23/2012 - 01:12:22: [admin_amxbans.amxx] Login: "Demon1k(music on)<1873><STEAM_0:0:1817774469><>" became an admin (account "Demon1k(music on)") (access "t") (address "95.105.56.203")
L 04/23/2012 - 01:12:23: [amxbans.amxx] [AMXBANS] AMXBans 5.0 is online
L 04/23/2012 - 01:16:41: [pbk.amxx] "<Tu Papa!><1965><STEAM_ID_LAN><CT>" was kicked for being AFK longer than 45 seconds.
L 04/23/2012 - 01:20:11: [pbk.amxx] "<Valdo><1949><STEAM_ID_LAN><CT>" was kicked for being AFK longer than 45 seconds.
L 04/23/2012 - 01:20:16: [pbk.amxx] "<Valdo><1949><STEAM_ID_LAN><CT>" was kicked for being AFK longer than 45 seconds.
L 04/23/2012 - 01:20:21: [pbk.amxx] "<Valdo><1949><STEAM_ID_LAN><CT>" was kicked for being AFK longer than 45 seconds.
L 04/23/2012 - 01:24:21: [pbk.amxx] "<makkk><1953><STEAM_ID_LAN><TERRORIST>" was kicked for being AFK longer than 45 seconds.
L 04/23/2012 - 01:25:41: [pbk.amxx] "<LooKiD><1968><STEAM_ID_LAN><TERRORIST>" was kicked for being AFK longer than 45 seconds.
L 04/23/2012 - 01:32:36: [pbk.amxx] "<[TeD]><1974><STEAM_ID_LAN><CT>" was kicked for being AFK longer than 45 seconds.
L 04/23/2012 - 01:32:46: [pbk.amxx] "<[TeD]><1974><STEAM_ID_LAN><CT>" was kicked for being AFK longer than 45 seconds.
L 04/23/2012 - 01:32:47: -------- Mapchange to zm_666_brick --------
L 04/23/2012 - 01:32:48: [walkguard.amxx] no zone-file found
L 04/23/2012 - 01:32:48: [admin_amxbans.amxx] Login: "Demon1k(music on)<1873><STEAM_0:0:1817774469><>" became an admin (account "Demon1k(music on)") (access "t") (address "95.105.56.203")
L 04/23/2012 - 01:32:49: [amxbans.amxx] [AMXBANS] AMXBans 5.0 is online
L 04/23/2012 - 01:36:02: [pbk.amxx] "<LooKiD><1975><STEAM_ID_LAN><TERRORIST>" was kicked for being AFK longer than 45 seconds.
L 04/23/2012 - 01:51:17: [pbk.amxx] "<<<[BOT]*m9copy6ka]>>><1871><STEAM_ID_LAN><TERRORIST>" was kicked for being AFK longer than 45 seconds.
L 04/23/2012 - 01:53:22: -------- Mapchange to zm_caca --------
L 04/23/2012 - 01:53:23: [walkguard.amxx] no zone-file found
L 04/23/2012 - 01:53:24: [amxbans.amxx] [AMXBANS] AMXBans 5.0 is online
L 04/23/2012 - 02:01:57: [pbk.amxx] "<klon LEONID><1888><STEAM_0:0:471299566><CT>" was kicked for being AFK longer than 45 seconds.
L 04/23/2012 - 02:04:47: [pbk.amxx] "<mm.tm > IIuT_6yJIb ;>><1998><STEAM_0:0:833442994><CT>" was kicked for being AFK longer than 45 seconds.
L 04/23/2012 - 02:06:32: [pbk.amxx] "<One Shot* LIF3><1979><STEAM_0:1:39911738><CT>" was kicked for being AFK longer than 45 seconds.
L 04/23/2012 - 02:09:07: [pbk.amxx] "<Moskvin ?!><1958><STEAM_0:0:43678884><TERRORIST>" was kicked for being AFK longer than 45 seconds.
L 04/23/2012 - 02:16:14: -------- Mapchange to zm_zbek --------
L 04/23/2012 - 02:16:15: [walkguard.amxx] no zone-file found
L 04/23/2012 - 02:16:16: [amxbans.amxx] [AMXBANS] AMXBans 5.0 is online
L 04/23/2012 - 02:26:29: [pbk.amxx] "<[V]><1957><STEAM_ID_LAN><CT>" was kicked for being AFK longer than 45 seconds.
L 04/23/2012 - 02:26:34: [pbk.amxx] "<[V]><1957><STEAM_ID_LAN><CT>" was kicked for being AFK longer than 45 seconds.
L 04/23/2012 - 02:39:25: -------- Mapchange to zm_dd --------
L 04/23/2012 - 02:39:25: [walkguard.amxx] no zone-file found
L 04/23/2012 - 02:39:26: [amxbans.amxx] [AMXBANS] AMXBans 5.0 is online
L 04/23/2012 - 02:44:24: [pbk.amxx] "<chERBU!~><2027><STEAM_0:1:43733722><CT>" was kicked for being AFK longer than 45 seconds.
L 04/23/2012 - 02:53:09: -------- Mapchange to 016 --------
L 04/23/2012 - 02:53:10: [walkguard.amxx] no zone-file found
L 04/23/2012 - 02:53:11: [amxbans.amxx] [AMXBANS] AMXBans 5.0 is online
L 04/23/2012 - 03:08:29: [pbk.amxx] "<O_o><2060><STEAM_0:0:1970542295><TERRORIST>" was kicked for being AFK longer than 45 seconds.
L 04/23/2012 - 03:10:04: [pbk.amxx] "<PaLermo><2031><STEAM_0:0:196401603><TERRORIST>" was kicked for being AFK longer than 45 seconds.
L 04/23/2012 - 03:13:14: -------- Mapchange to zm_south_escape_b2 --------
L 04/23/2012 - 03:13:14: [walkguard.amxx] no zone-file found
L 04/23/2012 - 03:13:15: [amxbans.amxx] [AMXBANS] AMXBans 5.0 is online
L 04/23/2012 - 03:24:47: [admin_amxbans.amxx] Login: "Demon1k(music on)<2078><STEAM_0:0:1817774469><>" became an admin (account "Demon1k(music on)") (access "t") (address "95.105.56.203")
L 04/23/2012 - 03:28:49: -------- Mapchange to zm_desolation_house --------
L 04/23/2012 - 03:28:50: [walkguard.amxx] no zone-file found
L 04/23/2012 - 03:28:50: [admin_amxbans.amxx] Login: "Demon1k(music on)<2078><STEAM_0:0:1817774469><>" became an admin (account "Demon1k(music on)") (access "t") (address "95.105.56.203")
L 04/23/2012 - 03:28:51: [amxbans.amxx] [AMXBANS] AMXBans 5.0 is online
L 04/23/2012 - 03:36:34: [pbk.amxx] "<[NO-UCP] Spamer><2080><STEAM_0:0:957563069><TERRORIST>" was kicked for being AFK longer than 45 seconds.
L 04/23/2012 - 03:38:09: [pbk.amxx] "<algerian><2087><STEAM_ID_LAN><TERRORIST>" was kicked for being AFK longer than 45 seconds.
L 04/23/2012 - 03:45:48: -------- Mapchange to zm_dust_brick_b1_fx --------
L 04/23/2012 - 03:45:49: [walkguard.amxx] no zone-file found
L 04/23/2012 - 03:45:49: [admin_amxbans.amxx] Login: "Demon1k(music on)<2078><STEAM_0:0:1817774469><>" became an admin (account "Demon1k(music on)") (access "t") (address "95.105.56.203")
L 04/23/2012 - 03:45:49: [admin_amxbans.amxx] Login: "Demon1k(music on)<2078><STEAM_0:0:1817774469><>" became an admin (account "Demon1k(music on)") (access "t") (address "95.105.56.203")
L 04/23/2012 - 03:45:50: [amxbans.amxx] [AMXBANS] AMXBans 5.0 is online
L 04/23/2012 - 04:08:47: -------- Mapchange to ze_jurassicpark --------
L 04/23/2012 - 04:08:48: [admin_amxbans.amxx] Login: "Demon1k(music on)<2078><STEAM_0:0:1817774469><>" became an admin (account "Demon1k(music on)") (access "t") (address "95.105.56.203")
L 04/23/2012 - 04:08:48: [amxbans.amxx] [AMXBANS] AMXBans 5.0 is online
L 04/23/2012 - 04:31:55: -------- Mapchange to zm_house_2011 --------
L 04/23/2012 - 04:31:56: [admin_amxbans.amxx] Login: "Demon1k(music on)<2078><STEAM_0:0:1817774469><>" became an admin (account "Demon1k(music on)") (access "t") (address "95.105.56.203")
L 04/23/2012 - 04:31:57: [amxbans.amxx] [AMXBANS] AMXBans 5.0 is online
L 04/23/2012 - 04:34:05: [pbk.amxx] "<Deagle //:><2105><STEAM_ID_LAN><CT>" was kicked for being AFK longer than 45 seconds.
L 04/23/2012 - 04:47:40: [pbk.amxx] "<Moskvin ?!1><2054><STEAM_0:0:43678884><CT>" was kicked for being AFK longer than 45 seconds.
L 04/23/2012 - 04:53:28: -------- Mapchange to zm_neris --------
L 04/23/2012 - 04:53:30: [amxbans.amxx] [AMXBANS] AMXBans 5.0 is online
L 04/23/2012 - 05:01:28: [pbk.amxx] "<Doc><2123><STEAM_0:0:1578132857><TERRORIST>" was kicked for being AFK longer than 45 seconds.
L 04/23/2012 - 05:15:48: -------- Mapchange to zm_monsterhouse --------
L 04/23/2012 - 05:15:50: [amxbans.amxx] [AMXBANS] AMXBans 5.0 is online
L 04/23/2012 - 05:27:13: [pbk.amxx] "<chERBU!~><2132><STEAM_0:1:43733722><TERRORIST>" was kicked for being AFK longer than 45 seconds.
L 04/23/2012 - 05:27:18: [pbk.amxx] "<chERBU!~><2132><STEAM_0:1:43733722><TERRORIST>" was kicked for being AFK longer than 45 seconds.
L 04/23/2012 - 05:27:23: [pbk.amxx] "<chERBU!~><2132><STEAM_0:1:43733722><TERRORIST>" was kicked for being AFK longer than 45 seconds.
L 04/23/2012 - 05:38:51: -------- Mapchange to zm_electro_dust_v1 --------
L 04/23/2012 - 05:38:52: [walkguard.amxx] no zone-file found
L 04/23/2012 - 05:38:53: [amxbans.amxx] [AMXBANS] AMXBans 5.0 is online
L 04/23/2012 - 05:58:56: [pbk.amxx] "<Moskvin ?!><2144><STEAM_0:0:43678884><CT>" was kicked for being AFK longer than 45 seconds.
L 04/23/2012 - 05:59:43: -------- Mapchange to zm_fdust2x2 --------
L 04/23/2012 - 05:59:45: [amxbans.amxx] [AMXBANS] AMXBans 5.0 is online
L 04/23/2012 - 06:21:03: [pbk.amxx] "<CTARIK><2159><STEAM_0:0:764340080><TERRORIST>" was kicked for being AFK longer than 45 seconds.
L 04/23/2012 - 06:21:16: -------- Mapchange to zm_snow_s1h_v2 --------
L 04/23/2012 - 06:21:16: [walkguard.amxx] no zone-file found
L 04/23/2012 - 06:21:17: [amxbans.amxx] [AMXBANS] AMXBans 5.0 is online
L 04/23/2012 - 06:43:31: -------- Mapchange to zm_666_brick --------
L 04/23/2012 - 06:43:32: [walkguard.amxx] no zone-file found
L 04/23/2012 - 06:43:33: [amxbans.amxx] [AMXBANS] AMXBans 5.0 is online
L 04/23/2012 - 06:55:36: [pbk.amxx] "<[HE0H-REaLaN]2><2161><STEAM_0:0:1200996999><TERRORIST>" was kicked for being AFK longer than 45 seconds.
L 04/23/2012 - 07:04:55: -------- Mapchange to zm_street_new --------
L 04/23/2012 - 07:04:57: [amxbans.amxx] [AMXBANS] AMXBans 5.0 is online
L 04/23/2012 - 07:26:12: -------- Mapchange to zm_cpl_mill_kamp --------
L 04/23/2012 - 07:26:13: [amxbans.amxx] [AMXBANS] AMXBans 5.0 is online
L 04/23/2012 - 07:46:43: -------- Mapchange to zm_desolation_house --------
L 04/23/2012 - 07:46:44: [walkguard.amxx] no zone-file found
L 04/23/2012 - 07:46:45: [amxbans.amxx] [AMXBANS] AMXBans 5.0 is online
L 04/23/2012 - 08:09:55: -------- Mapchange to zm_south_escape_b2 --------
L 04/23/2012 - 08:09:56: [walkguard.amxx] no zone-file found
L 04/23/2012 - 08:09:57: [amxbans.amxx] [AMXBANS] AMXBans 5.0 is online
L 04/23/2012 - 08:30:59: -------- Mapchange to 016 --------
L 04/23/2012 - 08:30:59: [walkguard.amxx] no zone-file found
L 04/23/2012 - 08:31:00: [amxbans.amxx] [AMXBANS] AMXBans 5.0 is online
L 04/23/2012 - 08:42:03: [pbk.amxx] "<TURIST><2240><STEAM_ID_LAN><TERRORIST>" was kicked for being AFK longer than 45 seconds.
L 04/23/2012 - 08:46:44: [admin_amxbans.amxx] Login: "Sam_po-se6e<2246><STEAM_0:0:960859871><>" became an admin (account "Sam_po-se6e") (access "abcdefijmnopqtu") (address "178.127.34.46")
L 04/23/2012 - 08:46:50: [plmenu.amxx] Kick: "Sam_po-se6e<2246><STEAM_0:0:960859871><>" kick "kostrov<2249><STEAM_ID_LAN><>"
L 04/23/2012 - 08:53:56: -------- Mapchange to zm_dust_siege_final --------
L 04/23/2012 - 08:53:57: [admin_amxbans.amxx] Login: "Sam_po-se6e<2246><STEAM_0:0:960859871><>" became an admin (account "Sam_po-se6e") (access "abcdefijmnopqtu") (address "178.127.34.46")
L 04/23/2012 - 08:53:58: [amxbans.amxx] [AMXBANS] AMXBans 5.0 is online
L 04/23/2012 - 08:56:45: [plmenu.amxx] Kick: "Sam_po-se6e<2246><STEAM_0:0:960859871><>" kick "GerakL<2269><STEAM_0:0:2046040496><>"
L 04/23/2012 - 08:59:21: [pbk.amxx] "<TURIST><2256><STEAM_ID_LAN><CT>" was kicked for being AFK longer than 45 seconds.
L 04/23/2012 - 09:04:16: [pbk.amxx] "<--------->Cy4(e)Hak *P><2268><STEAM_ID_LAN><TERRORIST>" was kicked for being AFK longer than 45 seconds.
L 04/23/2012 - 09:14:17: -------- Mapchange to zm_house_2011 --------
L 04/23/2012 - 09:14:18: [admin_amxbans.amxx] Login: "Sam_po-se6e<2246><STEAM_0:0:960859871><>" became an admin (account "Sam_po-se6e") (access "abcdefijmnopqtu") (address "178.127.34.46")
L 04/23/2012 - 09:14:19: [amxbans.amxx] [AMXBANS] AMXBans 5.0 is online
L 04/23/2012 - 09:35:02: [pbk.amxx] "<F1-[G]amin[G] | Dead><2208><STEAM_ID_LAN><TERRORIST>" was kicked for being AFK longer than 45 seconds.
L 04/23/2012 - 09:35:26: -------- Mapchange to zm_zbek --------
L 04/23/2012 - 09:35:27: [walkguard.amxx] no zone-file found
L 04/23/2012 - 09:35:27: [admin_amxbans.amxx] Login: "Sam_po-se6e<2246><STEAM_0:0:960859871><>" became an admin (account "Sam_po-se6e") (access "abcdefijmnopqtu") (address "178.127.34.46")
L 04/23/2012 - 09:35:28: [amxbans.amxx] [AMXBANS] AMXBans 5.0 is online
L 04/23/2012 - 09:38:46: [pbk.amxx] "<kostrov><2260><STEAM_ID_LAN><TERRORIST>" was kicked for being AFK longer than 45 seconds.
L 04/23/2012 - 09:52:36: [pbk.amxx] "<david><2276><STEAM_0:0:652348610><CT>" was kicked for being AFK longer than 45 seconds.
L 04/23/2012 - 09:55:28: -------- Mapchange to zm_houses --------
L 04/23/2012 - 09:55:30: [amxbans.amxx] [AMXBANS] AMXBans 5.0 is online
L 04/23/2012 - 09:59:53: [pbk.amxx] "<klon LEONID><2300><STEAM_0:0:471299566><CT>" was kicked for being AFK longer than 45 seconds.
L 04/23/2012 - 09:59:58: [pbk.amxx] "<HULIGAN><2335><STEAM_ID_LAN><CT>" was kicked for being AFK longer than 45 seconds.
L 04/23/2012 - 10:06:48: [pbk.amxx] "<[war3ft.ru]CCTKX><2342><STEAM_ID_LAN><CT>" was kicked for being AFK longer than 45 seconds.
L 04/23/2012 - 10:06:53: [pbk.amxx] "<[war3ft.ru]CCTKX><2342><STEAM_ID_LAN><CT>" was kicked for being AFK longer than 45 seconds.
L 04/23/2012 - 10:07:17: [admin_amxbans.amxx] Login: "KpuMuHaJI_B_MaKgoHaJIgCe<2349><STEAM_0:0:352547479><>" became an admin (account "KpuMuHaJI_B_MaKgoHaJIgCe") (access "t") (address "178.130.42.13")
L 04/23/2012 - 10:09:28: [pbk.amxx] "<Mister X><2284><STEAM_ID_LAN><TERRORIST>" was kicked for being AFK longer than 45 seconds.
L 04/23/2012 - 10:12:38: [pbk.amxx] "<Mr.Sasha><2347><STEAM_0:0:557256476><CT>" was kicked for being AFK longer than 45 seconds.
L 04/23/2012 - 10:12:43: [pbk.amxx] "<Mr.Sasha><2347><STEAM_0:0:557256476><CT>" was kicked for being AFK longer than 45 seconds.
L 04/23/2012 - 10:12:48: [pbk.amxx] "<Mr.Sasha><2347><STEAM_0:0:557256476><CT>" was kicked for being AFK longer than 45 seconds.
L 04/23/2012 - 10:14:53: [pbk.amxx] "<{III}-{o}-{K}><2345><STEAM_0:0:589605468><TERRORIST>" was kicked for being AFK longer than 45 seconds.
L 04/23/2012 - 10:15:35: -------- Mapchange to zm_kill_duster_2 --------
L 04/23/2012 - 10:15:36: [admin_amxbans.amxx] Login: "KpuMuHaJI_B_MaKgoHaJIgCe<2349><STEAM_0:0:352547479><>" became an admin (account "KpuMuHaJI_B_MaKgoHaJIgCe") (access "t") (address "178.130.42.13")
L 04/23/2012 - 10:15:37: [amxbans.amxx] [AMXBANS] AMXBans 5.0 is online
L 04/23/2012 - 10:32:35: [pbk.amxx] "<dima 999><2384><STEAM_0:0:1932608815><CT>" was kicked for being AFK longer than 45 seconds.
L 04/23/2012 - 10:32:40: [pbk.amxx] "<dima 999><2384><STEAM_0:0:1932608815><CT>" was kicked for being AFK longer than 45 seconds.
L 04/23/2012 - 10:32:45: [pbk.amxx] "<dima 999><2384><STEAM_0:0:1932608815><CT>" was kicked for being AFK longer than 45 seconds.
L 04/23/2012 - 10:35:34: -------- Mapchange to zm_fdust2x2 --------
L 04/23/2012 - 10:35:35: [admin_amxbans.amxx] Login: "KpuMuHaJI_B_MaKgoHaJIgCe<2349><STEAM_0:0:352547479><>" became an admin (account "KpuMuHaJI_B_MaKgoHaJIgCe") (access "t") (address "178.130.42.13")
L 04/23/2012 - 10:35:35: [admin_amxbans.amxx] Login: "KpuMuHaJI_B_MaKgoHaJIgCe<2387><STEAM_0:0:352547479><>" became an admin (account "KpuMuHaJI_B_MaKgoHaJIgCe") (access "t") (address "178.130.42.13")
L 04/23/2012 - 10:35:36: [amxbans.amxx] [AMXBANS] AMXBans 5.0 is online
L 04/23/2012 - 10:38:24: [pbk.amxx] "<24><2389><STEAM_0:0:91457088><UNASSIGNED>" was kicked for failing to choose a team within 2 minutes.
L 04/23/2012 - 10:42:49: [pbk.amxx] "<Mister X><2397><STEAM_ID_LAN><TERRORIST>" was kicked for being AFK longer than 45 seconds.
L 04/23/2012 - 10:49:59: [pbk.amxx] "<F1-[G]amin[G] | Dead><2401><STEAM_ID_LAN><TERRORIST>" was kicked for being AFK longer than 45 seconds.
L 04/23/2012 - 10:51:54: [pbk.amxx] "<[V]><2367><STEAM_ID_LAN><TERRORIST>" was kicked for being AFK longer than 45 seconds.
L 04/23/2012 - 10:51:59: [pbk.amxx] "<[V]><2367><STEAM_ID_LAN><TERRORIST>" was kicked for being AFK longer than 45 seconds.
L 04/23/2012 - 10:52:04: [pbk.amxx] "<[V]><2367><STEAM_ID_LAN><CT>" was kicked for being AFK longer than 45 seconds.
L 04/23/2012 - 10:55:54: [pbk.amxx] "<@@@$$$VLAD$$$@@@><2350><STEAM_ID_LAN><CT>" was kicked for being AFK longer than 45 seconds.
L 04/23/2012 - 10:57:59: [pbk.amxx] "<--------->Cy4(e)Hak *P><2364><STEAM_ID_LAN><TERRORIST>" was kicked for being AFK longer than 45 seconds.
L 04/23/2012 - 10:58:34: -------- Mapchange to zm_666_brick --------
L 04/23/2012 - 10:58:35: [walkguard.amxx] no zone-file found
L 04/23/2012 - 10:58:35: [admin_amxbans.amxx] Login: "KpuMuHaJI_B_MaKgoHaJIgCe<2387><STEAM_0:0:352547479><>" became an admin (account "KpuMuHaJI_B_MaKgoHaJIgCe") (access "t") (address "178.130.42.13")
L 04/23/2012 - 10:58:36: [amxbans.amxx] [AMXBANS] AMXBans 5.0 is online
L 04/23/2012 - 11:08:59: [voteban.amxx] Voteban starter KpuMuHaJI_B_MaKgoHaJIgCe against --------->Cy4(e)Hak *P STEAM_ID_LAN
L 04/23/2012 - 11:09:14: [voteban.amxx] [AMXX] BANNED: --------->Cy4(e)Hak *P, STARTER: KpuMuHaJI_B_MaKgoHaJIgCe
L 04/23/2012 - 11:09:15: [amxbans.amxx]  Зомби сервер (x_x(O_o)x_x) Go Zombie !!!<0><><> banned St:^_^:<==Ro[bb]en*<STEAM_ID_LAN> for 30 minutes (30 minutes). Reason: VIP->KpuMuHaJI_B_MaKgoHaJIgCe.
L 04/23/2012 - 11:13:04: [pbk.amxx] "<GerakL><2426><STEAM_0:0:2046040496><CT>" was kicked for being AFK longer than 45 seconds.
L 04/23/2012 - 11:19:56: -------- Mapchange to zm_street_new --------
L 04/23/2012 - 11:19:57: [admin_amxbans.amxx] Login: "KpuMuHaJI_B_MaKgoHaJIgCe<2387><STEAM_0:0:352547479><>" became an admin (account "KpuMuHaJI_B_MaKgoHaJIgCe") (access "t") (address "178.130.42.13")
L 04/23/2012 - 11:19:58: [amxbans.amxx] [AMXBANS] AMXBans 5.0 is online
L 04/23/2012 - 11:26:31: [pbk.amxx] "<F1-[G]amin[G] | Dead><2417><STEAM_ID_LAN><TERRORIST>" was kicked for being AFK longer than 45 seconds.
L 04/23/2012 - 11:29:01: [pbk.amxx] "<VoLk14_KoHaH><2353><STEAM_0:0:153190916><CT>" was kicked for being AFK longer than 45 seconds.
L 04/23/2012 - 11:29:21: [pbk.amxx] "<@@@$$$VLAD$$$@@@><2406><STEAM_ID_LAN><TERRORIST>" was kicked for being AFK longer than 45 seconds.
L 04/23/2012 - 11:37:06: [pbk.amxx] "<F1-[G]amin[G] | Dead><2456><STEAM_ID_LAN><TERRORIST>" was kicked for being AFK longer than 45 seconds.
L 04/23/2012 - 11:39:36: [pbk.amxx] "<klon LEONID><2418><STEAM_0:0:471299566><CT>" was kicked for being AFK longer than 45 seconds.
L 04/23/2012 - 11:41:57: -------- Mapchange to zm_caca --------
L 04/23/2012 - 11:41:58: [walkguard.amxx] no zone-file found
L 04/23/2012 - 11:41:59: [admin_amxbans.amxx] Login: "KpuMuHaJI_B_MaKgoHaJIgCe<2387><STEAM_0:0:352547479><>" became an admin (account "KpuMuHaJI_B_MaKgoHaJIgCe") (access "t") (address "178.130.42.13")
L 04/23/2012 - 11:41:59: [amxbans.amxx] [AMXBANS] AMXBans 5.0 is online
L 04/23/2012 - 11:52:07: [pbk.amxx] "<TYPICT><2447><STEAM_ID_LAN><TERRORIST>" was kicked for being AFK longer than 45 seconds.
L 04/23/2012 - 11:55:02: [pbk.amxx] "<SONIK><2446><STEAM_0:0:368057355><TERRORIST>" was kicked for being AFK longer than 45 seconds.
L 04/23/2012 - 11:59:52: [pbk.amxx] "<F1-[G]amin[G] | Dead><2486><STEAM_ID_LAN><TERRORIST>" was kicked for being AFK longer than 45 seconds.
L 04/23/2012 - 12:03:22: [pbk.amxx] "<TYPICT><2493><STEAM_ID_LAN><CT>" was kicked for being AFK longer than 45 seconds.
L 04/23/2012 - 12:04:18: -------- Mapchange to zm_abbac --------
L 04/23/2012 - 12:04:19: [admin_amxbans.amxx] Login: "KpuMuHaJI_B_MaKgoHaJIgCe<2387><STEAM_0:0:352547479><>" became an admin (account "KpuMuHaJI_B_MaKgoHaJIgCe") (access "t") (address "178.130.42.13")
L 04/23/2012 - 12:04:20: [amxbans.amxx] [AMXBANS] AMXBans 5.0 is online
L 04/23/2012 - 12:06:07: [admin_amxbans.amxx] Login: "F1-[G]amin[G] |Mr.Pr9niK<2509><STEAM_0:0:1360403837><>" became an admin (account "F1-[G]amin[G] |Mr.Pr9niK") (access "t") (address "95.70.77.220")
L 04/23/2012 - 12:07:38: [pbk.amxx] "<Olympus Bot><2371><STEAM_ID_LAN><CT>" was kicked for being AFK longer than 45 seconds.
L 04/23/2012 - 12:08:23: [pbk.amxx] "<TYPICT><2504><STEAM_ID_LAN><CT>" was kicked for being AFK longer than 45 seconds.
L 04/23/2012 - 12:13:48: [pbk.amxx] "<Deadly_Bullet><2500><STEAM_0:0:60344295><CT>" was kicked for being AFK longer than 45 seconds.
L 04/23/2012 - 12:23:58: [pbk.amxx] "<F1-[G]amin[G] | Dead><2529><STEAM_ID_LAN><CT>" was kicked for being AFK longer than 45 seconds.
L 04/23/2012 - 12:25:17: -------- Mapchange to zm_snow_s1h_v2 --------
L 04/23/2012 - 12:25:18: [walkguard.amxx] no zone-file found
L 04/23/2012 - 12:25:18: [admin_amxbans.amxx] Login: "KpuMuHaJI_B_MaKgoHaJIgCe<2387><STEAM_0:0:352547479><>" became an admin (account "KpuMuHaJI_B_MaKgoHaJIgCe") (access "t") (address "178.130.42.13")
L 04/23/2012 - 12:25:18: [admin_amxbans.amxx] Login: "F1-[G]amin[G] |Mr.Pr9niK<2509><STEAM_0:0:1360403837><>" became an admin (account "F1-[G]amin[G] |Mr.Pr9niK") (access "t") (address "95.70.77.220")
L 04/23/2012 - 12:25:18: [amxbans.amxx] [AMXBANS] AMXBans 5.0 is online
L 04/23/2012 - 12:28:57: [pbk.amxx] "<KpuMuHaJI_B_MaKgoHaJIgCe><2387><STEAM_0:0:352547479><UNASSIGNED>" was kicked for failing to choose a team within 2 minutes.
L 04/23/2012 - 12:29:07: [pbk.amxx] "<F1-[G]amin[G] |Kaktus><2535><STEAM_0:0:765412180><TERRORIST>" was kicked for being AFK longer than 45 seconds.
L 04/23/2012 - 12:32:27: [pbk.amxx] "<klon LEONID><2528><STEAM_0:0:471299566><TERRORIST>" was kicked for being AFK longer than 45 seconds.
L 04/23/2012 - 12:34:32: [pbk.amxx] "<@@@$$$VLAD$$$@@@><2537><STEAM_ID_LAN><CT>" was kicked for being AFK longer than 45 seconds.
L 04/23/2012 - 12:34:57: [pbk.amxx] "<VblnOsim_{''sXe''}_4ester><2531><STEAM_ID_LAN><CT>" was kicked for being AFK longer than 45 seconds.
L 04/23/2012 - 12:35:22: [pbk.amxx] "<GerakL><2551><STEAM_0:0:2046040496><CT>" was kicked for being AFK longer than 45 seconds.
L 04/23/2012 - 12:40:17: [pbk.amxx] "<kostrov1><2563><STEAM_ID_LAN><TERRORIST>" was kicked for being AFK longer than 45 seconds.
L 04/23/2012 - 12:44:22: [pbk.amxx] "<VbInOsim_InKoGnItO:D><2534><STEAM_0:0:1295001255><SPECTATOR>" was kicked for spectating longer than 2 minutes.
L 04/23/2012 - 12:45:37: [pbk.amxx] "<kostrov1><2571><STEAM_ID_LAN><TERRORIST>" was kicked for being AFK longer than 45 seconds.
L 04/23/2012 - 12:45:52: [pbk.amxx] "<F1-[G]amin[G] | Dead><2556><STEAM_ID_LAN><TERRORIST>" was kicked for being AFK longer than 45 seconds.
L 04/23/2012 - 12:46:34: -------- Mapchange to zm_dd --------
L 04/23/2012 - 12:46:35: [walkguard.amxx] no zone-file found
L 04/23/2012 - 12:46:36: [amxbans.amxx] [AMXBANS] AMXBans 5.0 is online
L 04/23/2012 - 12:49:04: [pbk.amxx] "<TYPICT><2550><STEAM_ID_LAN><UNASSIGNED>" was kicked for failing to choose a team within 2 minutes.
L 04/23/2012 - 12:55:39: [pbk.amxx] "<F1-[G]amin[G] | Dead><2588><STEAM_ID_LAN><TERRORIST>" was kicked for being AFK longer than 45 seconds.
L 04/23/2012 - 12:58:04: [pbk.amxx] "<INT+1><2542><STEAM_ID_LAN><CT>" was kicked for being AFK longer than 45 seconds.
L 04/23/2012 - 13:03:29: [pbk.amxx] "<Mr*Fedor><2606><STEAM_ID_LAN><CT>" was kicked for being AFK longer than 45 seconds.
L 04/23/2012 - 13:05:24: [pbk.amxx] "<Olympus Bot><2524><STEAM_ID_LAN><TERRORIST>" was kicked for being AFK longer than 45 seconds.
L 04/23/2012 - 13:06:09: [pbk.amxx] "<TYPICT><2596><STEAM_ID_LAN><CT>" was kicked for being AFK longer than 45 seconds.
L 04/23/2012 - 13:06:39: [pbk.amxx] "<david><2442><STEAM_0:0:652348610><CT>" was kicked for being AFK longer than 45 seconds.
L 04/23/2012 - 13:07:38: -------- Mapchange to zm_house_2011 --------
L 04/23/2012 - 13:07:40: [amxbans.amxx] [AMXBANS] AMXBans 5.0 is online
L 04/23/2012 - 13:09:28: [pbk.amxx] "<empty><2623><STEAM_0:0:964123641><CT>" was kicked for being AFK longer than 45 seconds.
L 04/23/2012 - 13:10:33: [pbk.amxx] "<kostrov><2587><STEAM_ID_LAN><TERRORIST>" was kicked for being AFK longer than 45 seconds.
L 04/23/2012 - 13:17:18: [pbk.amxx] "<kostrov><2641><STEAM_ID_LAN><TERRORIST>" was kicked for being AFK longer than 45 seconds.
L 04/23/2012 - 13:22:13: [pbk.amxx] "<empty><2638><STEAM_0:0:964123641><CT>" was kicked for being AFK longer than 45 seconds.
L 04/23/2012 - 13:24:48: [pbk.amxx] "<PrO StEaM l ReVoLvEr**><2621><STEAM_0:0:964123641><TERRORIST>" was kicked for being AFK longer than 45 seconds.
L 04/23/2012 - 13:26:08: [pbk.amxx] "<F1-[G]amin[G] | Dead><2620><STEAM_ID_LAN><TERRORIST>" was kicked for being AFK longer than 45 seconds.
L 04/23/2012 - 13:27:40: -------- Mapchange to zm_decline2k --------
L 04/23/2012 - 13:27:42: [amxbans.amxx] [AMXBANS] AMXBans 5.0 is online
L 04/23/2012 - 13:37:30: [pbk.amxx] "<CS.ROXCS.LV><2662><STEAM_0:0:2072229925><TERRORIST>" was kicked for being AFK longer than 45 seconds.
L 04/23/2012 - 13:48:10: [pbk.amxx] "<Fallen angel><2677><STEAM_0:0:720833612><SPECTATOR>" was kicked for spectating longer than 2 minutes.
L 04/23/2012 - 13:50:31: -------- Mapchange to zm_houses --------
L 04/23/2012 - 13:50:33: [amxbans.amxx] [AMXBANS] AMXBans 5.0 is online
L 04/23/2012 - 14:00:11: [pbk.amxx] "<[HE0H-REAlAm]><2681><STEAM_0:0:1200996999><TERRORIST>" was kicked for being AFK longer than 45 seconds.
L 04/23/2012 - 14:00:59: [admin_amxbans.amxx] Login: "4e-N<2701><STEAM_0:0:1836044300><>" became an admin (account "4e-N") (access "abcdefijmnopqtu") (address "78.37.195.60")
L 04/23/2012 - 14:01:36: [admin_amxbans.amxx] Login: "4e-N<2703><STEAM_0:0:1836044300><>" became an admin (account "4e-N") (access "abcdefijmnopqtu") (address "78.37.195.60")
L 04/23/2012 - 14:03:50: [admin_amxbans.amxx] Login: "4e-N<2704><STEAM_0:0:1836044300><>" became an admin (account "4e-N") (access "abcdefijmnopqtu") (address "78.37.195.60")
L 04/23/2012 - 14:06:11: [pbk.amxx] "<DGIGURDA><2655><STEAM_0:0:699590078><TERRORIST>" was kicked for being AFK longer than 45 seconds.
L 04/23/2012 - 14:08:03: [amxbans.amxx] 4e-N<2704><STEAM_0:0:1836044300><CT> banned Agent 007>Raul_Smith<STEAM_ID_LAN> for 1 hour (60 minutes). Reason: 6JIOKu.
L 04/23/2012 - 14:10:53: -------- Mapchange to zm_kill_duster_2 --------
L 04/23/2012 - 14:10:54: [admin_amxbans.amxx] Login: "4e-N<2704><STEAM_0:0:1836044300><>" became an admin (account "4e-N") (access "abcdefijmnopqtu") (address "78.37.195.60")
L 04/23/2012 - 14:10:54: [admin_amxbans.amxx] Login: "4e-N<2712><STEAM_0:0:1836044300><>" became an admin (account "4e-N") (access "abcdefijmnopqtu") (address "78.37.195.60")
L 04/23/2012 - 14:10:55: [amxbans.amxx] [AMXBANS] AMXBans 5.0 is online
L 04/23/2012 - 14:16:48: [pbk.amxx] "<U.D.A.V><2684><STEAM_0:0:87373497><CT>" was kicked for being AFK longer than 45 seconds.
L 04/23/2012 - 14:20:58: [pbk.amxx] "<NikItOsIIk><2702><STEAM_0:0:1697572175><TERRORIST>" was kicked for being AFK longer than 45 seconds.
L 04/23/2012 - 14:20:58: [pbk.amxx] "<DaNek><2697><STEAM_0:0:871181669><SPECTATOR>" was kicked for spectating longer than 2 minutes.
L 04/23/2012 - 14:21:58: [pbk.amxx] "<SASHA><2578><STEAM_ID_LAN><TERRORIST>" was kicked for being AFK longer than 45 seconds.
L 04/23/2012 - 14:23:58: [pbk.amxx] "<Hyesos.San Antonio><2731><STEAM_0:0:86519887><UNASSIGNED>" was kicked for failing to choose a team within 2 minutes.
L 04/23/2012 - 14:24:18: [pbk.amxx] "<NikItOsIIk><2733><STEAM_0:0:1697572175><SPECTATOR>" was kicked for spectating longer than 2 minutes.
L 04/23/2012 - 14:31:12: -------- Mapchange to zm_zonecs --------
L 04/23/2012 - 14:31:13: [walkguard.amxx] no zone-file found
L 04/23/2012 - 14:31:14: [amxbans.amxx] [AMXBANS] AMXBans 5.0 is online
L 04/23/2012 - 14:34:12: [pbk.amxx] "<KoKC><2760><STEAM_ID_LAN><TERRORIST>" was kicked for being AFK longer than 45 seconds.
L 04/23/2012 - 14:36:11: [admin_amxbans.amxx] Login: "4e-N<2770><STEAM_0:0:1836044300><>" became an admin (account "4e-N") (access "abcdefijmnopqtu") (address "78.37.195.60")
L 04/23/2012 - 14:39:57: [pbk.amxx] "<F1-[G]amin[G] | [Dead]><2732><STEAM_ID_LAN><TERRORIST>" was kicked for being AFK longer than 45 seconds.
L 04/23/2012 - 14:42:25: [plmenu.amxx] Kick: "4e-N<2770><STEAM_0:0:1836044300><>" kick "eS^Craw | `af1k0^ #         /A/<2759><STEAM_0:0:1369886976><>"
L 04/23/2012 - 14:44:01: [admin_amxbans.amxx] Login: "= ACTION EXPRESS =<2789><STEAM_0:0:2105366972><>" became an admin (account "= ACTION EXPRESS =") (access "abcdefijmnopqtu") (address "46.164.215.34")
L 04/23/2012 - 14:44:07: [amxbans.amxx] 4e-N<2770><STEAM_0:0:1836044300><CT> banned SASHA<STEAM_ID_LAN> for 1 hour (60 minutes). Reason: 6JIOK.
L 04/23/2012 - 14:51:16: -------- Mapchange to zm_666_brick --------
L 04/23/2012 - 14:51:17: [walkguard.amxx] no zone-file found
L 04/23/2012 - 14:51:17: [admin_amxbans.amxx] Login: "4e-N<2770><STEAM_0:0:1836044300><>" became an admin (account "4e-N") (access "abcdefijmnopqtu") (address "78.37.195.60")
L 04/23/2012 - 14:51:17: [admin_amxbans.amxx] Login: "= ACTION EXPRESS =<2789><STEAM_0:0:2105366972><>" became an admin (account "= ACTION EXPRESS =") (access "abcdefijmnopqtu") (address "46.164.215.34")
L 04/23/2012 - 14:51:17: [admin_amxbans.amxx] Login: "4e-N<2770><STEAM_0:0:1836044300><>" became an admin (account "4e-N") (access "abcdefijmnopqtu") (address "78.37.195.60")
L 04/23/2012 - 14:51:17: [admin_amxbans.amxx] Login: "= ACTION EXPRESS =<2808><STEAM_0:0:2105366972><>" became an admin (account "= ACTION EXPRESS =") (access "abcdefijmnopqtu") (address "46.164.215.34")
L 04/23/2012 - 14:51:18: [amxbans.amxx] [AMXBANS] AMXBans 5.0 is online
L 04/23/2012 - 14:56:06: [pbk.amxx] "<[F]MMZ><2814><STEAM_ID_LAN><CT>" was kicked for being AFK longer than 45 seconds.
L 04/23/2012 - 14:59:13: [admincmd.amxx] Cmd: "4e-N<2770><STEAM_0:0:1836044300><>" slay "St:^_^:<==Ro[bb]en*<2792><STEAM_ID_LAN><>"
L 04/23/2012 - 15:03:31: [pbk.amxx] "<NikItOsIIk><2753><STEAM_0:0:1697572175><CT>" was kicked for being AFK longer than 45 seconds.
L 04/23/2012 - 15:03:36: [pbk.amxx] "<NikItOsIIk><2753><STEAM_0:0:1697572175><CT>" was kicked for being AFK longer than 45 seconds.
L 04/23/2012 - 15:06:15: [amxbans.amxx] 4e-N<2770><STEAM_0:0:1836044300><CT> banned [F]MMZ<STEAM_ID_LAN> for 8 hours (480 minutes). Reason: CJIuB.
L 04/23/2012 - 15:11:21: [plmenu.amxx] Kick: "4e-N<2770><STEAM_0:0:1836044300><>" kick "Sa1nt-Maxa4yxecc[+]18<2796><STEAM_0:0:1544741275><>"
L 04/23/2012 - 15:13:37: -------- Mapchange to zm_electro_house --------
L 04/23/2012 - 15:13:37: [walkguard.amxx] no zone-file found
L 04/23/2012 - 15:13:37: [admin_amxbans.amxx] Login: "4e-N<2770><STEAM_0:0:1836044300><>" became an admin (account "4e-N") (access "abcdefijmnopqtu") (address "78.37.195.60")
L 04/23/2012 - 15:13:37: [admin_amxbans.amxx] Login: "= ACTION EXPRESS =<2808><STEAM_0:0:2105366972><>" became an admin (account "= ACTION EXPRESS =") (access "abcdefijmnopqtu") (address "46.164.215.34")
L 04/23/2012 - 15:13:38: [amxbans.amxx] [AMXBANS] AMXBans 5.0 is online
L 04/23/2012 - 15:16:21: [pbk.amxx] "<AHTOH><2839><STEAM_0:0:1931464412><UNASSIGNED>" was kicked for failing to choose a team within 2 minutes.
L 04/23/2012 - 15:16:36: [pbk.amxx] "<No Swear><2716><STEAM_0:0:2072229925><TERRORIST>" was kicked for being AFK longer than 45 seconds.
L 04/23/2012 - 15:18:24: [admincmd.amxx] Cmd: "4e-N<2770><STEAM_0:0:1836044300><>" ask for players list
L 04/23/2012 - 15:20:21: [pbk.amxx] "<[Dead]><2840><STEAM_ID_LAN><TERRORIST>" was kicked for being AFK longer than 45 seconds.
L 04/23/2012 - 15:20:33: [amxbans.amxx] 4e-N<2770><STEAM_0:0:1836044300><TERRORIST> banned bander<STEAM_ID_LAN> for 1 hour (60 minutes). Reason: 6JIOK.
L 04/23/2012 - 15:25:48: [pbk.amxx] "<lyntik><2824><STEAM_0:0:1170515146><CT>" was kicked for being AFK longer than 45 seconds.
L 04/23/2012 - 15:28:08: [pbk.amxx] "<eS^Craw | `af1k0^ #         /A/><2843><STEAM_0:0:1369886976><TERRORIST>" was kicked for being AFK longer than 45 seconds.
L 04/23/2012 - 15:29:53: [pbk.amxx] "<Ipse><2847><STEAM_ID_LAN><TERRORIST>" was kicked for being AFK longer than 45 seconds.
L 04/23/2012 - 15:30:13: [pbk.amxx] "<BuweHka><2857><STEAM_0:0:144751224><CT>" was kicked for being AFK longer than 45 seconds.
L 04/23/2012 - 15:32:11: [admin_amxbans.amxx] Login: "F1-[G]amin[G] |Mr.Pr9niK<2866><STEAM_0:0:1360403837><>" became an admin (account "F1-[G]amin[G] |Mr.Pr9niK") (access "t") (address "95.70.77.220")
L 04/23/2012 - 15:35:06: -------- Mapchange to zm_fdust2x2 --------
L 04/23/2012 - 15:35:06: [admin_amxbans.amxx] Login: "4e-N<2770><STEAM_0:0:1836044300><>" became an admin (account "4e-N") (access "abcdefijmnopqtu") (address "78.37.195.60")
L 04/23/2012 - 15:35:07: [amxbans.amxx] [AMXBANS] AMXBans 5.0 is online
L 04/23/2012 - 15:38:10: [pbk.amxx] "<TURIST><2769><STEAM_ID_LAN><TERRORIST>" was kicked for being AFK longer than 45 seconds.
L 04/23/2012 - 15:38:15: [pbk.amxx] "<TURIST><2769><STEAM_ID_LAN><TERRORIST>" was kicked for being AFK longer than 45 seconds.
L 04/23/2012 - 15:39:16: [admincmd.amxx] Cmd: "4e-N<2770><STEAM_0:0:1836044300><>" slay "artem777<2829><STEAM_0:0:1160500933><>"
L 04/23/2012 - 15:42:06: [admin_amxbans.amxx] Login: "F1-[G]amin[G] |Mr.Pr9niK<2879><STEAM_0:0:1360403837><>" became an admin (account "F1-[G]amin[G] |Mr.Pr9niK") (access "t") (address "95.70.77.220")
L 04/23/2012 - 15:47:05: [pbk.amxx] "<eS^Craw | `af1k0^ #         /A/><2862><STEAM_0:0:1369886976><TERRORIST>" was kicked for being AFK longer than 45 seconds.
L 04/23/2012 - 15:54:30: [pbk.amxx] "<killer14><2833><STEAM_0:0:1220439397><CT>" was kicked for being AFK longer than 45 seconds.
L 04/23/2012 - 15:57:14: -------- Mapchange to 016 --------
L 04/23/2012 - 15:57:15: [walkguard.amxx] no zone-file found
L 04/23/2012 - 15:57:15: [admin_amxbans.amxx] Login: "F1-[G]amin[G] |Mr.Pr9niK<2879><STEAM_0:0:1360403837><>" became an admin (account "F1-[G]amin[G] |Mr.Pr9niK") (access "t") (address "95.70.77.220")
L 04/23/2012 - 15:57:15: [amxbans.amxx] [AMXBANS] AMXBans 5.0 is online
L 04/23/2012 - 15:59:19: [pbk.amxx] "<NicoS><2841><STEAM_0:0:1347677559><UNASSIGNED>" was kicked for failing to choose a team within 2 minutes.
L 04/23/2012 - 16:00:19: [pbk.amxx] "<klon LEONID><2894><STEAM_0:0:471299566><CT>" was kicked for being AFK longer than 45 seconds.
L 04/23/2012 - 16:01:53: [pbk.amxx] "<Agent 007>Raul_Smith><2885><STEAM_ID_LAN><CT>" was kicked for being AFK longer than 45 seconds.
L 04/23/2012 - 16:03:29: [pbk.amxx] "<klon LEONID><2901><STEAM_0:0:471299566><TERRORIST>" was kicked for being AFK longer than 45 seconds.
L 04/23/2012 - 16:13:14: [admin_amxbans.amxx] Login: "F1-[G]amin[G] |Mr.Pr9niK<2911><STEAM_0:0:1360403837><>" became an admin (account "F1-[G]amin[G] |Mr.Pr9niK") (access "t") (address "95.70.77.220")
L 04/23/2012 - 16:16:12: [admin_amxbans.amxx] Login: "F1-[G]amin[G] |Mr.Pr9niK<2918><STEAM_0:0:1360403837><>" became an admin (account "F1-[G]amin[G] |Mr.Pr9niK") (access "t") (address "95.70.77.220")
L 04/23/2012 - 16:17:34: -------- Mapchange to zm_monsterhouse --------
L 04/23/2012 - 16:17:35: [admin_amxbans.amxx] Login: "F1-[G]amin[G] |Mr.Pr9niK<2918><STEAM_0:0:1360403837><>" became an admin (account "F1-[G]amin[G] |Mr.Pr9niK") (access "t") (address "95.70.77.220")
L 04/23/2012 - 16:17:36: [amxbans.amxx] [AMXBANS] AMXBans 5.0 is online
L 04/23/2012 - 16:19:45: [admin_amxbans.amxx] Login: "4e-N<2928><STEAM_0:0:1836044300><>" became an admin (account "4e-N") (access "abcdefijmnopqtu") (address "78.37.195.60")
L 04/23/2012 - 16:22:46: [plmenu.amxx] Kick: "4e-N<2928><STEAM_0:0:1836044300><>" kick "[WsH]///_Doc_///<2921><STEAM_0:0:701398051><>"
L 04/23/2012 - 16:24:26: [admincmd.amxx] Cmd: "4e-N<2928><STEAM_0:0:1836044300><>" slay "lotbok<2888><STEAM_0:0:1438411241><>"
L 04/23/2012 - 16:26:09: [pbk.amxx] "<TURIST><2877><STEAM_ID_LAN><CT>" was kicked for being AFK longer than 45 seconds.
L 04/23/2012 - 16:30:24: [amxbans.amxx] 4e-N<2928><STEAM_0:0:1836044300><CT> banned lotbok<STEAM_0:0:1438411241> for 1 day (1440 minutes). Reason: 6JIOKu }I{AJIo6bI.
L 04/23/2012 - 16:34:39: [pbk.amxx] "<No Swear><2904><STEAM_0:0:2072229925><TERRORIST>" was kicked for being AFK longer than 45 seconds.
L 04/23/2012 - 16:36:29: [pbk.amxx] "<Ipse><2944><STEAM_ID_LAN><UNASSIGNED>" was kicked for failing to choose a team within 2 minutes.
L 04/23/2012 - 16:38:51: -------- Mapchange to zm_zbek --------
L 04/23/2012 - 16:38:51: [walkguard.amxx] no zone-file found
L 04/23/2012 - 16:38:52: [amxbans.amxx] [AMXBANS] AMXBans 5.0 is online
L 04/23/2012 - 16:43:55: [pbk.amxx] "<VoLk14_KoHaH><2902><STEAM_0:0:153190916><TERRORIST>" was kicked for being AFK longer than 45 seconds.
L 04/23/2012 - 16:59:30: -------- Mapchange to zm_dd --------
L 04/23/2012 - 16:59:31: [walkguard.amxx] no zone-file found
L 04/23/2012 - 16:59:32: [amxbans.amxx] [AMXBANS] AMXBans 5.0 is online
L 04/23/2012 - 17:05:10: [pbk.amxx] "<F1-[G]amin[G] |Kaktus><2987><STEAM_0:0:765412180><CT>" was kicked for being AFK longer than 45 seconds.
L 04/23/2012 - 17:09:00: [pbk.amxx] "<OKAY ^__^><2991><STEAM_0:0:285994697><TERRORIST>" was kicked for being AFK longer than 45 seconds.
L 04/23/2012 - 17:11:55: [pbk.amxx] "<dee dee><3001><STEAM_0:0:2033070978><TERRORIST>" was kicked for being AFK longer than 45 seconds.
L 04/23/2012 - 17:12:00: [pbk.amxx] "<dee dee><3001><STEAM_0:0:2033070978><TERRORIST>" was kicked for being AFK longer than 45 seconds.
L 04/23/2012 - 17:12:05: [pbk.amxx] "<dee dee><3001><STEAM_0:0:2033070978><TERRORIST>" was kicked for being AFK longer than 45 seconds.
L 04/23/2012 - 17:16:40: [pbk.amxx] "<lexa=)><2992><STEAM_0:0:294868017><TERRORIST>" was kicked for being AFK longer than 45 seconds.
L 04/23/2012 - 17:16:45: [pbk.amxx] "<lexa=)><2992><STEAM_0:0:294868017><TERRORIST>" was kicked for being AFK longer than 45 seconds.
L 04/23/2012 - 17:17:00: [pbk.amxx] "<lexa=)><2992><STEAM_0:0:294868017><TERRORIST>" was kicked for being AFK longer than 45 seconds.
L 04/23/2012 - 17:17:05: [pbk.amxx] "<lexa=)><2992><STEAM_0:0:294868017><TERRORIST>" was kicked for being AFK longer than 45 seconds.
L 04/23/2012 - 17:19:50: -------- Mapchange to zm_south_escape_b2 --------
L 04/23/2012 - 17:19:50: [walkguard.amxx] no zone-file found
L 04/23/2012 - 17:19:51: [amxbans.amxx] [AMXBANS] AMXBans 5.0 is online
L 04/23/2012 - 17:20:00: [admin_amxbans.amxx] Login: "KpuMuHaJI_B_MaKgoHaJIgCe<3017><STEAM_0:0:352547479><>" kicked due to invalid password (account "KpuMuHaJI_B_MaKgoHaJIgCe") (address "178.130.42.13")
L 04/23/2012 - 17:20:04: [admin_amxbans.amxx] Login: "KpuMuHaJI_B_MaKgoHaJIgCe<3018><STEAM_0:0:352547479><>" kicked due to invalid password (account "KpuMuHaJI_B_MaKgoHaJIgCe") (address "178.130.42.13")
L 04/23/2012 - 17:20:25: [admin_amxbans.amxx] Login: "KpuMuHaJI_B_MaKgoHaJIgCe<3020><STEAM_0:0:352547479><>" kicked due to invalid password (account "KpuMuHaJI_B_MaKgoHaJIgCe") (address "178.130.42.13")
L 04/23/2012 - 17:27:52: [admin_amxbans.amxx] Login: "~dark_light<3038><STEAM_0:0:743756224><>" became an admin (account "~dark_light") (access "abcdefgijmnoprstu") (address "178.121.184.10")
L 04/23/2012 - 17:28:17: [admin_amxbans.amxx] Login: "Topaz<3040><STEAM_0:0:1460434637><>" became an admin (account "Topaz") (access "t") (address "91.194.111.250")
L 04/23/2012 - 17:29:18: [plmenu.amxx] Cmd: "~dark_light<3038><STEAM_0:0:743756224><>" slay "dee dee<3011><STEAM_0:0:2033070978><>"
L 04/23/2012 - 17:34:55: [voteban.amxx] Voteban starter Topaz against ME GUSTA STEAM_0:0:1172552721
L 04/23/2012 - 17:34:57: [amxbans.amxx]  Зомби сервер (x_x(O_o)x_x) Go Zombie !!!<0><><> banned ME GUSTA<STEAM_0:0:1172552721> for 2 weeks (20160 minutes). Reason: 65" "Game Destroyer".
L 04/23/2012 - 17:35:10: [voteban.amxx] [AMXX] BANNED: ME GUSTA, STARTER: Topaz
L 04/23/2012 - 17:41:00: -------- Mapchange to zm_neris --------
L 04/23/2012 - 17:41:01: [admin_amxbans.amxx] Login: "Topaz<3040><STEAM_0:0:1460434637><>" became an admin (account "Topaz") (access "t") (address "91.194.111.250")
L 04/23/2012 - 17:41:01: [admin_amxbans.amxx] Login: "~dark_light<3038><STEAM_0:0:743756224><>" became an admin (account "~dark_light") (access "abcdefgijmnoprstu") (address "178.121.184.10")
L 04/23/2012 - 17:41:01: [amxbans.amxx] [AMXBANS] AMXBans 5.0 is online
L 04/23/2012 - 17:42:17: [voteban.amxx] Voteban starter ~dark_light against $$$$  IIABLNK NARKOMAN $$$$ STEAM_0:0:629425670
L 04/23/2012 - 17:42:32: [voteban.amxx] [AMXX] BANNED: $$$$  IIABLNK NARKOMAN $$$$, STARTER: ~dark_light
L 04/23/2012 - 17:42:33: [amxbans.amxx]  Зомби сервер (x_x(O_o)x_x) Go Zombie !!!<0><><> banned $$$$  IIABLNK NARKOMAN $$$$<STEAM_0:0:629425670> for 30 minutes (30 minutes). Reason: VIP->~dark_light.
L 04/23/2012 - 17:43:36: [admincmd.amxx] Cmd: "~dark_light<3038><STEAM_0:0:743756224><>" ask for players list
L 04/23/2012 - 17:51:32: [amxbans.amxx] ~dark_light<3038><STEAM_0:0:743756224><SPECTATOR> banned Agent 007>Raul_Smith<STEAM_ID_LAN> for 15 minutes (15 minutes). Reason: Noob.
L 04/23/2012 - 17:56:49: [pbk.amxx] "<[Difficult]_SEREGA><3063><STEAM_ID_LAN><TERRORIST>" was kicked for being AFK longer than 45 seconds.
L 04/23/2012 - 17:58:25: [pbk.amxx] "<F1-[G]amin[G] |Kaktus><3075><STEAM_0:0:765412180><CT>" was kicked for being AFK longer than 45 seconds.
L 04/23/2012 - 18:02:29: -------- Mapchange to zm_decline2k --------
L 04/23/2012 - 18:02:29: [admin_amxbans.amxx] Login: "Topaz<3040><STEAM_0:0:1460434637><>" became an admin (account "Topaz") (access "t") (address "91.194.111.250")
L 04/23/2012 - 18:02:29: [admin_amxbans.amxx] Login: "~dark_light<3038><STEAM_0:0:743756224><>" became an admin (account "~dark_light") (access "abcdefgijmnoprstu") (address "178.121.184.10")
L 04/23/2012 - 18:02:30: [amxbans.amxx] [AMXBANS] AMXBans 5.0 is online
L 04/23/2012 - 18:04:23: [pbk.amxx] "<TemnbIu*><3081><STEAM_0:0:893355186><CT>" was kicked for being AFK longer than 45 seconds.
L 04/23/2012 - 18:12:28: [admin_amxbans.amxx] Login: "Topaz<3102><STEAM_0:0:1460434637><>" became an admin (account "Topaz") (access "t") (address "91.194.111.250")
L 04/23/2012 - 18:13:48: [pbk.amxx] "<NikItOsIIk><3094><STEAM_0:0:1697572175><CT>" was kicked for being AFK longer than 45 seconds.
L 04/23/2012 - 18:13:53: [pbk.amxx] "<NikItOsIIk><3094><STEAM_0:0:1697572175><CT>" was kicked for being AFK longer than 45 seconds.
L 04/23/2012 - 18:13:58: [pbk.amxx] "<NikItOsIIk><3094><STEAM_0:0:1697572175><CT>" was kicked for being AFK longer than 45 seconds.
L 04/23/2012 - 18:14:59: [amxbans.amxx] ~dark_light<3038><STEAM_0:0:743756224><TERRORIST> banned dee dee<STEAM_0:0:2033070978> for 3 days (4320 minutes). Reason: mat.
L 04/23/2012 - 18:17:19: [plmenu.amxx] Cmd: "~dark_light<3038><STEAM_0:0:743756224><>" slay "~dark_light<3038><STEAM_0:0:743756224><>"
L 04/23/2012 - 18:17:40: [amxbans.amxx]  Зомби сервер (x_x(O_o)x_x) Go Zombie !!!<0><><> banned NikItOsIIk<STEAM_0:0:1697572175> for 2 weeks (20160 minutes). Reason: 18" "Game Destroyer".
L 04/23/2012 - 18:17:50: [amxbans.amxx]  Зомби сервер (x_x(O_o)x_x) Go Zombie !!!<0><><> banned F1-[G]amin[G] |Kaktus<STEAM_0:0:765412180> for 2 weeks (20160 minutes). Reason: 48" "Game Destroyer".
L 04/23/2012 - 18:21:28: [amxbans.amxx]  Зомби сервер (x_x(O_o)x_x) Go Zombie !!!<0><><> banned ~~Foxik~~(pro)*{Kolump}<STEAM_ID_LAN> for 2 weeks (20160 minutes). Reason: 50" "Game Destroyer".
L 04/23/2012 - 18:24:14: -------- Mapchange to zm_house_2011 --------
L 04/23/2012 - 18:24:15: [admin_amxbans.amxx] Login: "Topaz<3102><STEAM_0:0:1460434637><>" became an admin (account "Topaz") (access "t") (address "91.194.111.250")
L 04/23/2012 - 18:24:15: [admin_amxbans.amxx] Login: "~dark_light<3038><STEAM_0:0:743756224><>" became an admin (account "~dark_light") (access "abcdefgijmnoprstu") (address "178.121.184.10")
L 04/23/2012 - 18:24:15: [admin_amxbans.amxx] Login: "Topaz<3126><STEAM_0:0:1460434637><>" became an admin (account "Topaz") (access "t") (address "91.194.111.250")
L 04/23/2012 - 18:24:16: [amxbans.amxx] [AMXBANS] AMXBans 5.0 is online
L 04/23/2012 - 18:26:44: [pbk.amxx] "<kostrov><3099><STEAM_ID_LAN><UNASSIGNED>" was kicked for failing to choose a team within 2 minutes.
L 04/23/2012 - 18:38:39: [pbk.amxx] "<CCCP><3146><STEAM_0:0:546004906><UNASSIGNED>" was kicked for failing to choose a team within 2 minutes.
L 04/23/2012 - 18:40:24: [pbk.amxx] "<-=Pioneer=-><3144><STEAM_0:0:954782452><CT>" was kicked for being AFK longer than 45 seconds.
L 04/23/2012 - 18:41:09: [pbk.amxx] "<FanTa><3149><STEAM_0:0:1768036954><UNASSIGNED>" was kicked for failing to choose a team within 2 minutes.
L 04/23/2012 - 18:45:35: -------- Mapchange to zm_666_brick --------
L 04/23/2012 - 18:45:35: [walkguard.amxx] no zone-file found
L 04/23/2012 - 18:45:36: [amxbans.amxx] [AMXBANS] AMXBans 5.0 is online
L 04/23/2012 - 19:05:47: -------- Mapchange to zm_caca --------
L 04/23/2012 - 19:05:48: [walkguard.amxx] no zone-file found
L 04/23/2012 - 19:05:49: [amxbans.amxx] [AMXBANS] AMXBans 5.0 is online
L 04/23/2012 - 19:13:17: [pbk.amxx] "<SARAEGA 178 RUS><3195><STEAM_0:0:1232586911><UNASSIGNED>" was kicked for failing to choose a team within 2 minutes.
L 04/23/2012 - 19:15:47: [pbk.amxx] "<SARAEGA 178 RUS><3197><STEAM_0:0:1232586911><UNASSIGNED>" was kicked for failing to choose a team within 2 minutes.
L 04/23/2012 - 19:18:17: [pbk.amxx] "<SARAEGA 178 RUS><3198><STEAM_0:0:1232586911><UNASSIGNED>" was kicked for failing to choose a team within 2 minutes.
L 04/23/2012 - 19:19:27: [pbk.amxx] "<[Difficult]_SEREGA><3193><STEAM_ID_LAN><CT>" was kicked for being AFK longer than 45 seconds.
L 04/23/2012 - 19:22:22: [pbk.amxx] "<Ronaldinho Gaucho><3201><STEAM_0:0:967187912><CT>" was kicked for being AFK longer than 45 seconds.
L 04/23/2012 - 19:26:07: [pbk.amxx] "<VoLk14_KoHaH><3189><STEAM_0:0:153190916><CT>" was kicked for being AFK longer than 45 seconds.
L 04/23/2012 - 19:27:56: [admin_amxbans.amxx] Login: "KpuMuHaJI_B_MaKgoHaJIgCe<3211><STEAM_0:0:352547479><>" kicked due to invalid password (account "KpuMuHaJI_B_MaKgoHaJIgCe") (address "178.130.42.13")
L 04/23/2012 - 19:28:22: [pbk.amxx] "<[Difficult]_SEREGA><3202><STEAM_ID_LAN><TERRORIST>" was kicked for being AFK longer than 45 seconds.
L 04/23/2012 - 19:28:50: -------- Mapchange to zm_houses --------
L 04/23/2012 - 19:28:52: [amxbans.amxx] [AMXBANS] AMXBans 5.0 is online
L 04/23/2012 - 19:31:10: [pbk.amxx] "<(adidas_v@noKa)><3221><STEAM_0:0:1972640955><TERRORIST>" was kicked for being AFK longer than 45 seconds.
L 04/23/2012 - 19:33:25: [pbk.amxx] "<Player><3220><STEAM_ID_LAN><CT>" was kicked for being AFK longer than 45 seconds.
L 04/23/2012 - 19:33:30: [pbk.amxx] "<Player><3220><STEAM_ID_LAN><CT>" was kicked for being AFK longer than 45 seconds.
L 04/23/2012 - 19:33:35: [pbk.amxx] "<Player><3220><STEAM_ID_LAN><CT>" was kicked for being AFK longer than 45 seconds.
L 04/23/2012 - 19:35:40: [pbk.amxx] "<Ivan_124RUS:)><3054><STEAM_0:0:153103795><TERRORIST>" was kicked for being AFK longer than 45 seconds.
L 04/23/2012 - 19:37:15: [pbk.amxx] "<sAsHa><3224><STEAM_0:0:1739715618><CT>" was kicked for being AFK longer than 45 seconds.
L 04/23/2012 - 19:43:40: [pbk.amxx] "<BANDER><3180><STEAM_ID_LAN><CT>" was kicked for being AFK longer than 45 seconds.
L 04/23/2012 - 19:43:45: [pbk.amxx] "<BANDER><3180><STEAM_ID_LAN><CT>" was kicked for being AFK longer than 45 seconds.
L 04/23/2012 - 19:43:50: [pbk.amxx] "<BANDER><3180><STEAM_ID_LAN><CT>" was kicked for being AFK longer than 45 seconds.
L 04/23/2012 - 19:43:55: [pbk.amxx] "<BANDER><3180><STEAM_ID_LAN><CT>" was kicked for being AFK longer than 45 seconds.
L 04/23/2012 - 19:44:00: [pbk.amxx] "<BANDER><3180><STEAM_ID_LAN><CT>" was kicked for being AFK longer than 45 seconds.
L 04/23/2012 - 19:44:05: [pbk.amxx] "<BANDER><3180><STEAM_ID_LAN><CT>" was kicked for being AFK longer than 45 seconds.
L 04/23/2012 - 19:44:10: [pbk.amxx] "<BANDER><3180><STEAM_ID_LAN><CT>" was kicked for being AFK longer than 45 seconds.
L 04/23/2012 - 19:44:16: [admin_amxbans.amxx] Login: "KpuMuHaJI_B_MaKgoHaJIgCe<3239><STEAM_0:0:352547479><>" became an admin (account "KpuMuHaJI_B_MaKgoHaJIgCe") (access "t") (address "178.130.42.13")
L 04/23/2012 - 19:44:54: [admin_amxbans.amxx] Login: "KpuMuHaJI_B_MaKgoHaJIgCe<3241><STEAM_0:0:352547479><>" became an admin (account "KpuMuHaJI_B_MaKgoHaJIgCe") (access "t") (address "178.130.42.13")
L 04/23/2012 - 19:49:25: -------- Mapchange to zm_street_new --------
L 04/23/2012 - 19:49:26: [admin_amxbans.amxx] Login: "KpuMuHaJI_B_MaKgoHaJIgCe<3241><STEAM_0:0:352547479><>" became an admin (account "KpuMuHaJI_B_MaKgoHaJIgCe") (access "t") (address "178.130.42.13")
L 04/23/2012 - 19:49:27: [amxbans.amxx] [AMXBANS] AMXBans 5.0 is online
L 04/23/2012 - 19:54:25: [admin_amxbans.amxx] Login: "= ACTION EXPRESS =<3255><STEAM_0:0:2105366972><>" became an admin (account "= ACTION EXPRESS =") (access "abcdefijmnopqtu") (address "46.164.221.227")
L 04/23/2012 - 19:58:43: [admin_amxbans.amxx] Login: "4e-N<3260><STEAM_0:0:1836044300><>" became an admin (account "4e-N") (access "abcdefijmnopqtu") (address "78.37.195.60")
L 04/23/2012 - 20:04:40: [pbk.amxx] "<T o r n a d o><3264><STEAM_0:0:1257994838><CT>" was kicked for being AFK longer than 45 seconds.
L 04/23/2012 - 20:09:57: [admin_amxbans.amxx] Login: "4e-N<3272><STEAM_0:0:1836044300><>" became an admin (account "4e-N") (access "abcdefijmnopqtu") (address "78.37.195.60")
L 04/23/2012 - 20:10:18: -------- Mapchange to zm_snow_s1h_v2 --------
L 04/23/2012 - 20:10:19: [walkguard.amxx] no zone-file found
L 04/23/2012 - 20:10:19: [admin_amxbans.amxx] Login: "KpuMuHaJI_B_MaKgoHaJIgCe<3241><STEAM_0:0:352547479><>" became an admin (account "KpuMuHaJI_B_MaKgoHaJIgCe") (access "t") (address "178.130.42.13")
L 04/23/2012 - 20:10:19: [admin_amxbans.amxx] Login: "4e-N<3272><STEAM_0:0:1836044300><>" became an admin (account "4e-N") (access "abcdefijmnopqtu") (address "78.37.195.60")
L 04/23/2012 - 20:10:19: [admin_amxbans.amxx] Login: "= ACTION EXPRESS =<3255><STEAM_0:0:2105366972><>" became an admin (account "= ACTION EXPRESS =") (access "abcdefijmnopqtu") (address "46.164.221.227")
L 04/23/2012 - 20:10:19: [admin_amxbans.amxx] Login: "4e-N<3272><STEAM_0:0:1836044300><>" became an admin (account "4e-N") (access "abcdefijmnopqtu") (address "78.37.195.60")
L 04/23/2012 - 20:10:20: [amxbans.amxx] [AMXBANS] AMXBans 5.0 is online
L 04/23/2012 - 20:11:15: [plmenu.amxx] Kick: "4e-N<3272><STEAM_0:0:1836044300><>" kick "[HE0H-REAlAm]<3244><STEAM_0:0:1200996999><>"
L 04/23/2012 - 20:11:31: [admin_amxbans.amxx] Login: "~dark_light<3283><STEAM_0:0:743756224><>" became an admin (account "~dark_light") (access "abcdefgijmnoprstu") (address "178.121.184.10")
L 04/23/2012 - 20:12:09: [admincmd.amxx] Cmd: "4e-N<3272><STEAM_0:0:1836044300><>" slay "--------->Cy4(e)Hak *P<3246><STEAM_ID_LAN><>"
L 04/23/2012 - 20:14:18: [pbk.amxx] "<KpuMuHaJI_B_MaKgoHaJIgCe><3241><STEAM_0:0:352547479><UNASSIGNED>" was kicked for failing to choose a team within 2 minutes.
L 04/23/2012 - 20:14:28: [voteban.amxx] Voteban starter = ACTION EXPRESS = against Andrey>>> STEAM_0:0:1170118245
L 04/23/2012 - 20:14:42: [admincmd.amxx] Cmd: "~dark_light<3283><STEAM_0:0:743756224><>" ask for players list
L 04/23/2012 - 20:14:43: [voteban.amxx] [AMXX] BANNED: Andrey>>>, STARTER: = ACTION EXPRESS =
L 04/23/2012 - 20:14:44: [amxbans.amxx]  Зомби сервер (x_x(O_o)x_x) Go Zombie !!!<0><><> banned Andrey>>><STEAM_0:0:1170118245> for 30 minutes (30 minutes). Reason: VIP->= ACTION EXPRESS =.
L 04/23/2012 - 20:14:47: [admin_amxbans.amxx] Login: "KpuMuHaJI_B_MaKgoHaJIgCe<3290><STEAM_0:0:352547479><>" became an admin (account "KpuMuHaJI_B_MaKgoHaJIgCe") (access "t") (address "178.130.42.13")
L 04/23/2012 - 20:17:11: [admin_amxbans.amxx] Login: "6ers3rker<3293><STEAM_0:0:16602128><>" became an admin (account "6ers3rker") (access "abcdefijmnopqtu") (address "91.192.70.30")
L 04/23/2012 - 20:19:08: [pbk.amxx] "<KpuMuHaJI_B_MaKgoHaJIgCe><3290><STEAM_0:0:352547479><UNASSIGNED>" was kicked for failing to choose a team within 2 minutes.
L 04/23/2012 - 20:24:39: [amxbans.amxx] 4e-N<3272><STEAM_0:0:1836044300><SPECTATOR> banned --------->Cy4(e)Hak *P<STEAM_ID_LAN> for 1 day (1440 minutes). Reason: CJIuBbI >_<.
L 04/23/2012 - 20:25:08: [pbk.amxx] "<SARAEGA 178 RUS><3301><STEAM_0:0:1232586911><UNASSIGNED>" was kicked for failing to choose a team within 2 minutes.
L 04/23/2012 - 20:31:32: [amxbans.amxx] = ACTION EXPRESS =<3255><STEAM_0:0:2105366972><TERRORIST> banned **))juice))**<STEAM_0:0:1138403086> for 1 hour (60 minutes). Reason: fucking noob.
L 04/23/2012 - 20:32:13: [pbk.amxx] "<AHTOH><3250><STEAM_0:0:1931464412><TERRORIST>" was kicked for being AFK longer than 45 seconds.
L 04/23/2012 - 20:32:28: [pbk.amxx] "<sAsHa><3277><STEAM_0:0:1739715618><TERRORIST>" was kicked for being AFK longer than 45 seconds.
L 04/23/2012 - 20:32:57: -------- Mapchange to ze_egypt --------
L 04/23/2012 - 20:32:58: [walkguard.amxx] no zone-file found
L 04/23/2012 - 20:32:58: [admin_amxbans.amxx] Login: "4e-N<3272><STEAM_0:0:1836044300><>" became an admin (account "4e-N") (access "abcdefijmnopqtu") (address "78.37.195.60")
L 04/23/2012 - 20:32:58: [admin_amxbans.amxx] Login: "6ers3rker<3293><STEAM_0:0:16602128><>" became an admin (account "6ers3rker") (access "abcdefijmnopqtu") (address "91.192.70.30")
L 04/23/2012 - 20:32:58: [admin_amxbans.amxx] Login: "= ACTION EXPRESS =<3255><STEAM_0:0:2105366972><>" became an admin (account "= ACTION EXPRESS =") (access "abcdefijmnopqtu") (address "46.164.221.227")
L 04/23/2012 - 20:32:58: [admin_amxbans.amxx] Login: "~dark_light<3283><STEAM_0:0:743756224><>" became an admin (account "~dark_light") (access "abcdefgijmnoprstu") (address "178.121.184.10")
L 04/23/2012 - 20:32:59: [amxbans.amxx] [AMXBANS] AMXBans 5.0 is online
L 04/23/2012 - 20:33:00: [admin_amxbans.amxx] Login: "= ACTION EXPRESS =<3318><STEAM_0:0:2105366972><>" became an admin (account "= ACTION EXPRESS =") (access "abcdefijmnopqtu") (address "46.164.221.227")
L 04/23/2012 - 20:33:01: [admin_amxbans.amxx] Login: "4e-N<3319><STEAM_0:0:1836044300><>" became an admin (account "4e-N") (access "abcdefijmnopqtu") (address "78.37.195.60")
L 04/23/2012 - 20:33:03: [admin_amxbans.amxx] Login: "6ers3rker<3329><STEAM_0:0:16602128><>" became an admin (account "6ers3rker") (access "abcdefijmnopqtu") (address "91.192.70.30")
L 04/23/2012 - 20:33:05: [admin_amxbans.amxx] Login: "~dark_light<3335><STEAM_0:0:743756224><>" became an admin (account "~dark_light") (access "abcdefgijmnoprstu") (address "178.121.184.10")
L 04/23/2012 - 20:33:09: [admin_amxbans.amxx] Login: "4e-N<3338><STEAM_0:0:1836044300><>" became an admin (account "4e-N") (access "abcdefijmnopqtu") (address "78.37.195.60")
L 04/23/2012 - 20:35:21: [amxbans.amxx] ~dark_light<3335><STEAM_0:0:743756224><CT> banned T o r n a d o<STEAM_0:0:1257994838> for 1 day (1440 minutes). Reason: Noob.
L 04/23/2012 - 20:47:09: [admincmd.amxx] Cmd: "4e-N<3338><STEAM_0:0:1836044300><>" slay "orewek:D<3341><STEAM_0:0:630669637><>"
L 04/23/2012 - 20:53:24: -------- Mapchange to ze_jurassicpark --------
L 04/23/2012 - 20:53:25: [admin_amxbans.amxx] Login: "4e-N<3338><STEAM_0:0:1836044300><>" became an admin (account "4e-N") (access "abcdefijmnopqtu") (address "78.37.195.60")
L 04/23/2012 - 20:53:25: [admin_amxbans.amxx] Login: "= ACTION EXPRESS =<3318><STEAM_0:0:2105366972><>" became an admin (account "= ACTION EXPRESS =") (access "abcdefijmnopqtu") (address "46.164.221.227")
L 04/23/2012 - 20:53:25: [admin_amxbans.amxx] Login: "6ers3rker<3329><STEAM_0:0:16602128><>" became an admin (account "6ers3rker") (access "abcdefijmnopqtu") (address "91.192.70.30")
L 04/23/2012 - 20:53:25: [admin_amxbans.amxx] Login: "~dark_light<3335><STEAM_0:0:743756224><>" became an admin (account "~dark_light") (access "abcdefgijmnoprstu") (address "178.121.184.10")
L 04/23/2012 - 20:53:26: [amxbans.amxx] [AMXBANS] AMXBans 5.0 is online
L 04/23/2012 - 20:55:54: [pbk.amxx] "<Andrik><3366><STEAM_0:0:2108686160><UNASSIGNED>" was kicked for failing to choose a team within 2 minutes.
L 04/23/2012 - 21:00:18: [voteban.amxx] Voteban starter = ACTION EXPRESS = against BASNI krilova STEAM_0:1:22608419
L 04/23/2012 - 21:00:33: [voteban.amxx] [AMXX] BANNED: BASNI krilova, STARTER: = ACTION EXPRESS =
L 04/23/2012 - 21:00:34: [amxbans.amxx]  Зомби сервер (x_x(O_o)x_x) Go Zombie !!!<0><><> banned BASNI krilova<STEAM_0:1:22608419> for 30 minutes (30 minutes). Reason: VIP->= ACTION EXPRESS =.
L 04/23/2012 - 21:00:47: [admin_amxbans.amxx] Login: "Topaz<3393><STEAM_0:0:1460434637><>" became an admin (account "Topaz") (access "t") (address "91.194.111.250")
L 04/23/2012 - 21:02:00: [voteban.amxx] Voteban starter = ACTION EXPRESS = against ^6acKeT6o/)ucT STEAM_0:0:154880652
L 04/23/2012 - 21:02:15: [voteban.amxx] [AMXX] BANNED: ^6acKeT6o/)ucT, STARTER: = ACTION EXPRESS =
L 04/23/2012 - 21:02:16: [amxbans.amxx]  Зомби сервер (x_x(O_o)x_x) Go Zombie !!!<0><><> banned ^6acKeT6o/)ucT<STEAM_0:0:154880652> for 30 minutes (30 minutes). Reason: VIP->= ACTION EXPRESS =.
L 04/23/2012 - 21:03:39: [pbk.amxx] "<VoLk14_KoHaH><3343><STEAM_0:0:153190916><CT>" was kicked for being AFK longer than 45 seconds.
L 04/23/2012 - 21:07:14: [pbk.amxx] "<bapmaTyxa><3402><STEAM_0:0:2072504905><UNASSIGNED>" was kicked for failing to choose a team within 2 minutes.
L 04/23/2012 - 21:09:44: [pbk.amxx] "<bapmaTyxa><3407><STEAM_0:0:2072504905><UNASSIGNED>" was kicked for failing to choose a team within 2 minutes.
L 04/23/2012 - 21:14:24: -------- Mapchange to zm_fdust2x2 --------
L 04/23/2012 - 21:14:25: [admin_amxbans.amxx] Login: "= ACTION EXPRESS =<3318><STEAM_0:0:2105366972><>" became an admin (account "= ACTION EXPRESS =") (access "abcdefijmnopqtu") (address "46.164.221.227")
L 04/23/2012 - 21:14:25: [admin_amxbans.amxx] Login: "Topaz<3393><STEAM_0:0:1460434637><>" became an admin (account "Topaz") (access "t") (address "91.194.111.250")
L 04/23/2012 - 21:14:25: [admin_amxbans.amxx] Login: "4e-N<3338><STEAM_0:0:1836044300><>" became an admin (account "4e-N") (access "abcdefijmnopqtu") (address "78.37.195.60")
L 04/23/2012 - 21:14:25: [admin_amxbans.amxx] Login: "~dark_light<3335><STEAM_0:0:743756224><>" became an admin (account "~dark_light") (access "abcdefgijmnoprstu") (address "178.121.184.10")
L 04/23/2012 - 21:14:26: [amxbans.amxx] [AMXBANS] AMXBans 5.0 is online
L 04/23/2012 - 21:22:24: [pbk.amxx] "<INT+1><3320><STEAM_ID_LAN><CT>" was kicked for being AFK longer than 45 seconds.
L 04/23/2012 - 21:22:47: [admin_amxbans.amxx] Login: "= ACTION EXPRESS =<3432><STEAM_0:0:2105366972><>" became an admin (account "= ACTION EXPRESS =") (access "abcdefijmnopqtu") (address "46.164.221.227")
L 04/23/2012 - 21:23:24: [admincmd.amxx] Cmd: "~dark_light<3335><STEAM_0:0:743756224><>" ask for players list
L 04/23/2012 - 21:24:20: [admin_amxbans.amxx] Login: "= ACTION EXPRESS =<3434><STEAM_0:0:2105366972><>" became an admin (account "= ACTION EXPRESS =") (access "abcdefijmnopqtu") (address "46.164.221.227")
L 04/23/2012 - 21:24:38: [admin_amxbans.amxx] Login: "= ACTION EXPRESS =<3435><STEAM_0:0:2105366972><>" became an admin (account "= ACTION EXPRESS =") (access "abcdefijmnopqtu") (address "46.164.221.227")
L 04/23/2012 - 21:30:33: [amxbans.amxx]  Зомби сервер (x_x(O_o)x_x) Go Zombie !!!<0><><> banned M`Game>  Mr zdrort /SD/<STEAM_0:0:49654558> for 2 weeks (20160 minutes). Reason: 98" "Game Destroyer".
L 04/23/2012 - 21:35:34: [pbk.amxx] "<NIKITA DOLGI><3440><STEAM_ID_LAN><CT>" was kicked for being AFK longer than 45 seconds.
L 04/23/2012 - 21:36:06: -------- Mapchange to zm_dust_brick_b1_fx --------
L 04/23/2012 - 21:36:07: [walkguard.amxx] no zone-file found
L 04/23/2012 - 21:36:07: [admin_amxbans.amxx] Login: "4e-N<3338><STEAM_0:0:1836044300><>" became an admin (account "4e-N") (access "abcdefijmnopqtu") (address "78.37.195.60")
L 04/23/2012 - 21:36:07: [admin_amxbans.amxx] Login: "Topaz<3393><STEAM_0:0:1460434637><>" became an admin (account "Topaz") (access "t") (address "91.194.111.250")
L 04/23/2012 - 21:36:07: [admin_amxbans.amxx] Login: "= ACTION EXPRESS =<3435><STEAM_0:0:2105366972><>" became an admin (account "= ACTION EXPRESS =") (access "abcdefijmnopqtu") (address "46.164.221.227")
L 04/23/2012 - 21:36:07: [admin_amxbans.amxx] Login: "~dark_light<3335><STEAM_0:0:743756224><>" became an admin (account "~dark_light") (access "abcdefgijmnoprstu") (address "178.121.184.10")
L 04/23/2012 - 21:36:07: [amxbans.amxx] [AMXBANS] AMXBans 5.0 is online
L 04/23/2012 - 21:42:06: [plmenu.amxx] Kick: "4e-N<3338><STEAM_0:0:1836044300><>" kick "VoLk14_KoHaH<3449><STEAM_0:0:153190916><>"
L 04/23/2012 - 21:42:11: [plmenu.amxx] Kick: "4e-N<3338><STEAM_0:0:1836044300><>" kick "ak-47(: PIDAR :)<3477><STEAM_0:0:1171113900><>"
L 04/23/2012 - 21:43:56: [pbk.amxx] "<-focS.E.B.I><3420><STEAM_0:0:1577667568><CT>" was kicked for being AFK longer than 45 seconds.
L 04/23/2012 - 21:44:46: [pbk.amxx] "<[PRIME TIME]ZOMBIE><3442><STEAM_0:0:434052252><CT>" was kicked for being AFK longer than 45 seconds.
L 04/23/2012 - 21:45:22: [admin_amxbans.amxx] Login: "Celldweller<3483><STEAM_0:0:1924579479><>" became an admin (account "Celldweller") (access "abcdefijmnopqtu") (address "178.127.171.234")
L 04/23/2012 - 21:47:36: [pbk.amxx] "<-focS.E.B.I><3482><STEAM_0:0:1577667568><UNASSIGNED>" was kicked for failing to choose a team within 2 minutes.
L 04/23/2012 - 21:48:26: [pbk.amxx] "<-=CERBER=-><3415><STEAM_0:0:1212753993><CT>" was kicked for being AFK longer than 45 seconds.
L 04/23/2012 - 21:49:36: [pbk.amxx] "<[FCSM]Dikanb><3436><STEAM_0:0:156527183><CT>" was kicked for being AFK longer than 45 seconds.
L 04/23/2012 - 21:49:38: [plmenu.amxx] Kick: "4e-N<3338><STEAM_0:0:1836044300><>" kick "mashka777<3397><STEAM_0:0:218431355><>"
L 04/23/2012 - 21:49:41: [plmenu.amxx] Kick: "4e-N<3338><STEAM_0:0:1836044300><>" kick "-=CERBER=-<3492><STEAM_0:0:1212753993><>"
L 04/23/2012 - 21:49:53: [plmenu.amxx] Kick: "4e-N<3338><STEAM_0:0:1836044300><>" kick "-focS.E.B.I<3490><STEAM_0:0:1577667568><>"
L 04/23/2012 - 21:51:55: [pbk.amxx] "<GHOST^ 74 RUS><3429><STEAM_ID_LAN><CT>" was kicked for being AFK longer than 45 seconds.
L 04/23/2012 - 21:57:50: -------- Mapchange to zm_decline2k --------
L 04/23/2012 - 21:57:51: [admin_amxbans.amxx] Login: "4e-N<3338><STEAM_0:0:1836044300><>" became an admin (account "4e-N") (access "abcdefijmnopqtu") (address "78.37.195.60")
L 04/23/2012 - 21:57:51: [admin_amxbans.amxx] Login: "= ACTION EXPRESS =<3435><STEAM_0:0:2105366972><>" became an admin (account "= ACTION EXPRESS =") (access "abcdefijmnopqtu") (address "46.164.221.227")
L 04/23/2012 - 21:57:51: [admin_amxbans.amxx] Login: "Topaz<3393><STEAM_0:0:1460434637><>" became an admin (account "Topaz") (access "t") (address "91.194.111.250")
L 04/23/2012 - 21:57:51: [admin_amxbans.amxx] Login: "~dark_light<3335><STEAM_0:0:743756224><>" became an admin (account "~dark_light") (access "abcdefgijmnoprstu") (address "178.121.184.10")
L 04/23/2012 - 21:57:51: [admin_amxbans.amxx] Login: "Celldweller<3483><STEAM_0:0:1924579479><>" became an admin (account "Celldweller") (access "abcdefijmnopqtu") (address "178.127.171.234")
L 04/23/2012 - 21:57:51: [admin_amxbans.amxx] Login: "4e-N<3338><STEAM_0:0:1836044300><>" became an admin (account "4e-N") (access "abcdefijmnopqtu") (address "78.37.195.60")
L 04/23/2012 - 21:57:51: [admin_amxbans.amxx] Login: "= ACTION EXPRESS =<3507><STEAM_0:0:2105366972><>" became an admin (account "= ACTION EXPRESS =") (access "abcdefijmnopqtu") (address "46.164.221.227")
L 04/23/2012 - 21:57:52: [amxbans.amxx] [AMXBANS] AMXBans 5.0 is online
L 04/23/2012 - 21:58:06: [admin_amxbans.amxx] Login: "= ACTION EXPRESS =<3513><STEAM_0:0:2105366972><>" became an admin (account "= ACTION EXPRESS =") (access "abcdefijmnopqtu") (address "46.164.221.227")
L 04/23/2012 - 22:00:40: [pbk.amxx] "<NIKITA DOLGI><3484><STEAM_ID_LAN><CT>" was kicked for being AFK longer than 45 seconds.
L 04/23/2012 - 22:03:20: [pbk.amxx] "<NIKITA DOLGI><3520><STEAM_ID_LAN><UNASSIGNED>" was kicked for failing to choose a team within 2 minutes.
L 04/23/2012 - 22:03:39: [admincmd.amxx] Cmd: "~dark_light<3335><STEAM_0:0:743756224><>" ask for players list
L 04/23/2012 - 22:04:31: [admincmd.amxx] Kick: "~dark_light<3335><STEAM_0:0:743756224><>" leave some group (tag1 "dark_") (tag2 "") (tag3 "") (tag4 "")
L 04/23/2012 - 22:04:38: [admincmd.amxx] Kick: "~dark_light<3335><STEAM_0:0:743756224><>" leave some group (tag1 "dark_") (tag2 "") (tag3 "") (tag4 "")
L 04/23/2012 - 22:04:40: [admin_amxbans.amxx] Login: "Topaz<3539><STEAM_0:0:1460434637><>" became an admin (account "Topaz") (access "t") (address "91.194.111.250")
L 04/23/2012 - 22:05:19: -------- Mapchange to zm_monsterhouse --------
L 04/23/2012 - 22:05:20: [admin_amxbans.amxx] Login: "Topaz<3539><STEAM_0:0:1460434637><>" became an admin (account "Topaz") (access "t") (address "91.194.111.250")
L 04/23/2012 - 22:05:20: [admin_amxbans.amxx] Login: "= ACTION EXPRESS =<3513><STEAM_0:0:2105366972><>" became an admin (account "= ACTION EXPRESS =") (access "abcdefijmnopqtu") (address "46.164.221.227")
L 04/23/2012 - 22:05:20: [admin_amxbans.amxx] Login: "Celldweller<3483><STEAM_0:0:1924579479><>" became an admin (account "Celldweller") (access "abcdefijmnopqtu") (address "178.127.171.234")
L 04/23/2012 - 22:05:20: [admin_amxbans.amxx] Login: "~dark_light<3335><STEAM_0:0:743756224><>" became an admin (account "~dark_light") (access "abcdefgijmnoprstu") (address "178.121.184.10")
L 04/23/2012 - 22:05:21: [amxbans.amxx] [AMXBANS] AMXBans 5.0 is online
L 04/23/2012 - 22:08:18: [admin_amxbans.amxx] Login: "Topaz<3565><STEAM_0:0:1460434637><>" became an admin (account "Topaz") (access "t") (address "91.194.111.250")
L 04/23/2012 - 22:11:14: [pbk.amxx] "<mashka777><3544><STEAM_0:0:218431355><TERRORIST>" was kicked for being AFK longer than 45 seconds.
L 04/23/2012 - 22:12:54: [pbk.amxx] "<<<-HARON->>><3571><STEAM_0:0:863880839><CT>" was kicked for being AFK longer than 45 seconds.
L 04/23/2012 - 22:19:13: [voteban.amxx] Voteban starter ~dark_light against NeaDeKwaD | Pep1n0 STEAM_0:0:47286187
L 04/23/2012 - 22:19:29: [voteban.amxx] [AMXX] BANNED: NeaDeKwaD | Pep1n0, STARTER: ~dark_light
L 04/23/2012 - 22:19:30: [amxbans.amxx]  Зомби сервер (x_x(O_o)x_x) Go Zombie !!!<0><><> banned NeaDeKwaD | Pep1n0<STEAM_0:0:47286187> for 30 minutes (30 minutes). Reason: VIP->~dark_light.
L 04/23/2012 - 22:20:29: [pbk.amxx] "<kostrov><3556><STEAM_ID_LAN><TERRORIST>" was kicked for being AFK longer than 45 seconds.
L 04/23/2012 - 22:23:04: [pbk.amxx] "<kostrov><3585><STEAM_ID_LAN><UNASSIGNED>" was kicked for failing to choose a team within 2 minutes.
L 04/23/2012 - 22:25:18: -------- Mapchange to zm_neris --------
L 04/23/2012 - 22:25:19: [admin_amxbans.amxx] Login: "= ACTION EXPRESS =<3513><STEAM_0:0:2105366972><>" became an admin (account "= ACTION EXPRESS =") (access "abcdefijmnopqtu") (address "46.164.221.227")
L 04/23/2012 - 22:25:19: [admin_amxbans.amxx] Login: "~dark_light<3335><STEAM_0:0:743756224><>" became an admin (account "~dark_light") (access "abcdefgijmnoprstu") (address "178.121.184.10")
L 04/23/2012 - 22:25:19: [admin_amxbans.amxx] Login: "Celldweller<3483><STEAM_0:0:1924579479><>" became an admin (account "Celldweller") (access "abcdefijmnopqtu") (address "178.127.171.234")
L 04/23/2012 - 22:25:20: [amxbans.amxx] [AMXBANS] AMXBans 5.0 is online
L 04/23/2012 - 22:27:33: [pbk.amxx] "<GHOST^ 74 RUS><3558><STEAM_ID_LAN><UNASSIGNED>" was kicked for failing to choose a team within 2 minutes.
L 04/23/2012 - 22:28:43: [pbk.amxx] "<NeaDeKwaD | Ru1et><3540><STEAM_0:0:48243483><CT>" was kicked for being AFK longer than 45 seconds.
L 04/23/2012 - 22:30:53: [pbk.amxx] "<STORM|Sorry?><3598><STEAM_0:0:1837079479><UNASSIGNED>" was kicked for failing to choose a team within 2 minutes.
L 04/23/2012 - 22:33:28: [pbk.amxx] "<STORM|Sorry?><3601><STEAM_0:0:1837079479><UNASSIGNED>" was kicked for failing to choose a team within 2 minutes.
L 04/23/2012 - 22:40:13: [pbk.amxx] "<NIKITA DOLGI><3593><STEAM_ID_LAN><TERRORIST>" was kicked for being AFK longer than 45 seconds.
L 04/23/2012 - 22:44:35: [admin_amxbans.amxx] Login: "Celldweller<3616><STEAM_0:0:1924579479><>" became an admin (account "Celldweller") (access "abcdefijmnopqtu") (address "178.127.171.234")
L 04/23/2012 - 22:44:53: [pbk.amxx] "<Terminator><3602><STEAM_ID_LAN><TERRORIST>" was kicked for being AFK longer than 45 seconds.
L 04/23/2012 - 22:45:38: -------- Mapchange to zm_abbac --------
L 04/23/2012 - 22:45:39: [admin_amxbans.amxx] Login: "= ACTION EXPRESS =<3513><STEAM_0:0:2105366972><>" became an admin (account "= ACTION EXPRESS =") (access "abcdefijmnopqtu") (address "46.164.221.227")
L 04/23/2012 - 22:45:39: [admin_amxbans.amxx] Login: "~dark_light<3335><STEAM_0:0:743756224><>" became an admin (account "~dark_light") (access "abcdefgijmnoprstu") (address "178.121.184.10")
L 04/23/2012 - 22:45:40: [amxbans.amxx] [AMXBANS] AMXBans 5.0 is online
L 04/23/2012 - 22:46:07: [admin_amxbans.amxx] Login: "Fedya Chirik<3626><STEAM_ID_LAN><>" became an admin (account "212.55.104.156") (access "abcdefgijmnoprstu") (address "212.55.104.156")
L 04/23/2012 - 22:48:38: [pbk.amxx] "<zk><3613><STEAM_0:0:353545407><TERRORIST>" was kicked for being AFK longer than 45 seconds.
L 04/23/2012 - 22:48:41: [admin_amxbans.amxx] Login: "ryceBu4<3627><STEAM_0:0:360750727><>" became an admin (account "ryceBu4") (access "abcdefijmnopqtu") (address "93.100.152.179")
L 04/23/2012 - 22:55:03: [pbk.amxx] "<mashka777><3597><STEAM_0:0:218431355><TERRORIST>" was kicked for being AFK longer than 45 seconds.
L 04/23/2012 - 23:00:53: [pbk.amxx] "<Chemer><3624><STEAM_0:0:750440509><CT>" was kicked for being AFK longer than 45 seconds.
L 04/23/2012 - 23:01:30: [amxbans.amxx] Fedya Chirik<3626><STEAM_ID_LAN><TERRORIST> banned VoLk14_KoHaH<STEAM_0:0:153190916> for 15 minutes (15 minutes). Reason: Mat.
L 04/23/2012 - 23:03:46: [amxbans.amxx] Fedya Chirik<3626><STEAM_ID_LAN><CT> banned eS^Craw | `af1k0^ #         /A/<STEAM_0:0:1369886976> for 15 minutes (15 minutes). Reason: Ockap6JIeHu9I B MukpofoH.
L 04/23/2012 - 23:07:17: -------- Mapchange to zm_electro_dust_v1 --------
L 04/23/2012 - 23:07:18: [walkguard.amxx] no zone-file found
L 04/23/2012 - 23:07:18: [admin_amxbans.amxx] Login: "ryceBu4<3627><STEAM_0:0:360750727><>" became an admin (account "ryceBu4") (access "abcdefijmnopqtu") (address "93.100.152.179")
L 04/23/2012 - 23:07:18: [admin_amxbans.amxx] Login: "= ACTION EXPRESS =<3513><STEAM_0:0:2105366972><>" became an admin (account "= ACTION EXPRESS =") (access "abcdefijmnopqtu") (address "46.164.221.227")
L 04/23/2012 - 23:07:18: [admin_amxbans.amxx] Login: "~dark_light<3335><STEAM_0:0:743756224><>" became an admin (account "~dark_light") (access "abcdefgijmnoprstu") (address "178.121.184.10")
L 04/23/2012 - 23:07:19: [amxbans.amxx] [AMXBANS] AMXBans 5.0 is online
L 04/23/2012 - 23:07:19: [admin_amxbans.amxx] Login: "= ACTION EXPRESS =<3654><STEAM_0:0:2105366972><>" became an admin (account "= ACTION EXPRESS =") (access "abcdefijmnopqtu") (address "46.164.221.227")
L 04/23/2012 - 23:07:20: [admin_amxbans.amxx] Login: "ryceBu4<3656><STEAM_0:0:360750727><>" became an admin (account "ryceBu4") (access "abcdefijmnopqtu") (address "93.100.152.179")
L 04/23/2012 - 23:07:24: [admin_amxbans.amxx] Login: "~dark_light<3667><STEAM_0:0:743756224><>" became an admin (account "~dark_light") (access "abcdefgijmnoprstu") (address "178.121.184.10")
L 04/23/2012 - 23:09:37: [pbk.amxx] "<Terminator><3666><STEAM_ID_LAN><TERRORIST>" was kicked for being AFK longer than 45 seconds.
L 04/23/2012 - 23:12:27: [voteban.amxx] Voteban starter ~dark_light against Alexandr K. STEAM_ID_LAN
L 04/23/2012 - 23:12:42: [voteban.amxx] [AMXX] BANNED: Alexandr K., STARTER: ~dark_light
L 04/23/2012 - 23:12:43: [amxbans.amxx]  Зомби сервер (x_x(O_o)x_x) Go Zombie !!!<0><><> banned NoBuk:.!?<STEAM_ID_LAN> for 30 minutes (30 minutes). Reason: VIP->~dark_light.
L 04/23/2012 - 23:13:08: [plmenu.amxx] Kick: "~dark_light<3667><STEAM_0:0:743756224><>" kick "Alexandr K.<3672><STEAM_ID_LAN><>"
L 04/23/2012 - 23:17:01: [admincmd.amxx] Cmd: "~dark_light<3667><STEAM_0:0:743756224><>" ask for players list
L 04/23/2012 - 23:18:09: [plmenu.amxx] Kick: "~dark_light<3667><STEAM_0:0:743756224><>" kick "GIRLGONEWILDGIRLGONEWILD<3682><STEAM_ID_LAN><>"
L 04/23/2012 - 23:18:47: [admincmd.amxx] Cmd: "~dark_light<3667><STEAM_0:0:743756224><>" ask for players list
L 04/23/2012 - 23:20:47: [pbk.amxx] "<sMaIl*><3700><STEAM_0:0:1839653415><CT>" was kicked for being AFK longer than 45 seconds.
L 04/23/2012 - 23:28:41: -------- Mapchange to zm_666_brick --------
L 04/23/2012 - 23:28:42: [walkguard.amxx] no zone-file found
L 04/23/2012 - 23:28:42: [admin_amxbans.amxx] Login: "= ACTION EXPRESS =<3654><STEAM_0:0:2105366972><>" became an admin (account "= ACTION EXPRESS =") (access "abcdefijmnopqtu") (address "46.164.221.227")
L 04/23/2012 - 23:28:42: [admin_amxbans.amxx] Login: "ryceBu4<3656><STEAM_0:0:360750727><>" became an admin (account "ryceBu4") (access "abcdefijmnopqtu") (address "93.100.152.179")
L 04/23/2012 - 23:28:42: [admin_amxbans.amxx] Login: "~dark_light<3667><STEAM_0:0:743756224><>" became an admin (account "~dark_light") (access "abcdefgijmnoprstu") (address "178.121.184.10")
L 04/23/2012 - 23:28:43: [amxbans.amxx] [AMXBANS] AMXBans 5.0 is online
L 04/23/2012 - 23:30:21: [plmenu.amxx] Cmd: "~dark_light<3667><STEAM_0:0:743756224><>" slap with 0 damage "mashka777<3669><STEAM_0:0:218431355><>"
L 04/23/2012 - 23:30:21: [plmenu.amxx] Cmd: "~dark_light<3667><STEAM_0:0:743756224><>" slap with 0 damage "mashka777<3669><STEAM_0:0:218431355><>"
L 04/23/2012 - 23:30:21: [plmenu.amxx] Cmd: "~dark_light<3667><STEAM_0:0:743756224><>" slap with 0 damage "mashka777<3669><STEAM_0:0:218431355><>"
L 04/23/2012 - 23:30:21: [plmenu.amxx] Cmd: "~dark_light<3667><STEAM_0:0:743756224><>" slap with 0 damage "mashka777<3669><STEAM_0:0:218431355><>"
L 04/23/2012 - 23:30:22: [plmenu.amxx] Cmd: "~dark_light<3667><STEAM_0:0:743756224><>" slap with 0 damage "mashka777<3669><STEAM_0:0:218431355><>"
L 04/23/2012 - 23:30:22: [plmenu.amxx] Cmd: "~dark_light<3667><STEAM_0:0:743756224><>" slap with 0 damage "mashka777<3669><STEAM_0:0:218431355><>"
L 04/23/2012 - 23:30:22: [plmenu.amxx] Cmd: "~dark_light<3667><STEAM_0:0:743756224><>" slap with 0 damage "mashka777<3669><STEAM_0:0:218431355><>"
L 04/23/2012 - 23:30:22: [plmenu.amxx] Cmd: "~dark_light<3667><STEAM_0:0:743756224><>" slap with 0 damage "mashka777<3669><STEAM_0:0:218431355><>"
L 04/23/2012 - 23:30:22: [plmenu.amxx] Cmd: "~dark_light<3667><STEAM_0:0:743756224><>" slap with 0 damage "mashka777<3669><STEAM_0:0:218431355><>"
L 04/23/2012 - 23:30:24: [plmenu.amxx] Cmd: "~dark_light<3667><STEAM_0:0:743756224><>" slap with 0 damage "mashka777<3669><STEAM_0:0:218431355><>"
L 04/23/2012 - 23:30:25: [plmenu.amxx] Cmd: "~dark_light<3667><STEAM_0:0:743756224><>" slap with 0 damage "mashka777<3669><STEAM_0:0:218431355><>"
L 04/23/2012 - 23:30:25: [plmenu.amxx] Cmd: "~dark_light<3667><STEAM_0:0:743756224><>" slap with 0 damage "mashka777<3669><STEAM_0:0:218431355><>"
L 04/23/2012 - 23:30:25: [plmenu.amxx] Cmd: "~dark_light<3667><STEAM_0:0:743756224><>" slap with 0 damage "mashka777<3669><STEAM_0:0:218431355><>"
L 04/23/2012 - 23:30:34: [plmenu.amxx] Cmd: "~dark_light<3667><STEAM_0:0:743756224><>" slap with 0 damage "LooKiD<3697><STEAM_ID_LAN><>"
L 04/23/2012 - 23:30:34: [plmenu.amxx] Cmd: "~dark_light<3667><STEAM_0:0:743756224><>" slap with 0 damage "LooKiD<3697><STEAM_ID_LAN><>"
L 04/23/2012 - 23:30:34: [plmenu.amxx] Cmd: "~dark_light<3667><STEAM_0:0:743756224><>" slap with 0 damage "LooKiD<3697><STEAM_ID_LAN><>"
L 04/23/2012 - 23:30:34: [plmenu.amxx] Cmd: "~dark_light<3667><STEAM_0:0:743756224><>" slap with 0 damage "LooKiD<3697><STEAM_ID_LAN><>"
L 04/23/2012 - 23:30:34: [plmenu.amxx] Cmd: "~dark_light<3667><STEAM_0:0:743756224><>" slap with 0 damage "LooKiD<3697><STEAM_ID_LAN><>"
L 04/23/2012 - 23:30:34: [plmenu.amxx] Cmd: "~dark_light<3667><STEAM_0:0:743756224><>" slap with 0 damage "LooKiD<3697><STEAM_ID_LAN><>"
L 04/23/2012 - 23:30:35: [plmenu.amxx] Cmd: "~dark_light<3667><STEAM_0:0:743756224><>" slap with 0 damage "LooKiD<3697><STEAM_ID_LAN><>"
L 04/23/2012 - 23:30:35: [plmenu.amxx] Cmd: "~dark_light<3667><STEAM_0:0:743756224><>" slap with 0 damage "LooKiD<3697><STEAM_ID_LAN><>"
L 04/23/2012 - 23:30:41: [plmenu.amxx] Cmd: "~dark_light<3667><STEAM_0:0:743756224><>" slap with 0 damage "eS^Craw | `af1k0^ #         /A/<3713><STEAM_0:0:1369886976><>"
L 04/23/2012 - 23:30:41: [plmenu.amxx] Cmd: "~dark_light<3667><STEAM_0:0:743756224><>" slap with 0 damage "eS^Craw | `af1k0^ #         /A/<3713><STEAM_0:0:1369886976><>"
L 04/23/2012 - 23:30:41: [plmenu.amxx] Cmd: "~dark_light<3667><STEAM_0:0:743756224><>" slap with 0 damage "eS^Craw | `af1k0^ #         /A/<3713><STEAM_0:0:1369886976><>"
L 04/23/2012 - 23:30:41: [plmenu.amxx] Cmd: "~dark_light<3667><STEAM_0:0:743756224><>" slap with 0 damage "eS^Craw | `af1k0^ #         /A/<3713><STEAM_0:0:1369886976><>"
L 04/23/2012 - 23:30:42: [plmenu.amxx] Cmd: "~dark_light<3667><STEAM_0:0:743756224><>" slap with 0 damage "eS^Craw | `af1k0^ #         /A/<3713><STEAM_0:0:1369886976><>"
L 04/23/2012 - 23:30:42: [plmenu.amxx] Cmd: "~dark_light<3667><STEAM_0:0:743756224><>" slap with 0 damage "eS^Craw | `af1k0^ #         /A/<3713><STEAM_0:0:1369886976><>"
L 04/23/2012 - 23:30:42: [plmenu.amxx] Cmd: "~dark_light<3667><STEAM_0:0:743756224><>" slap with 0 damage "eS^Craw | `af1k0^ #         /A/<3713><STEAM_0:0:1369886976><>"
L 04/23/2012 - 23:30:42: [plmenu.amxx] Cmd: "~dark_light<3667><STEAM_0:0:743756224><>" slap with 0 damage "eS^Craw | `af1k0^ #         /A/<3713><STEAM_0:0:1369886976><>"
L 04/23/2012 - 23:30:43: [plmenu.amxx] Cmd: "~dark_light<3667><STEAM_0:0:743756224><>" slap with 0 damage "eS^Craw | `af1k0^ #         /A/<3713><STEAM_0:0:1369886976><>"
L 04/23/2012 - 23:30:43: [plmenu.amxx] Cmd: "~dark_light<3667><STEAM_0:0:743756224><>" slap with 0 damage "eS^Craw | `af1k0^ #         /A/<3713><STEAM_0:0:1369886976><>"
L 04/23/2012 - 23:35:30: [amxbans.amxx] ~dark_light<3667><STEAM_0:0:743756224><TERRORIST> banned HEHaBuCTb<STEAM_0:0:1838993953> for 2 weeks (20160 minutes). Reason: Aim.
L 04/23/2012 - 23:45:56: [pbk.amxx] "<VoLk14_KoHaH><3703><STEAM_0:0:153190916><CT>" was kicked for being AFK longer than 45 seconds.
L 04/23/2012 - 23:51:33: -------- Mapchange to zm_xata --------
L 04/23/2012 - 23:51:34: [admin_amxbans.amxx] Login: "ryceBu4<3656><STEAM_0:0:360750727><>" became an admin (account "ryceBu4") (access "abcdefijmnopqtu") (address "93.100.152.179")
L 04/23/2012 - 23:51:34: [admin_amxbans.amxx] Login: "= ACTION EXPRESS =<3654><STEAM_0:0:2105366972><>" became an admin (account "= ACTION EXPRESS =") (access "abcdefijmnopqtu") (address "46.164.221.227")
L 04/23/2012 - 23:51:35: [amxbans.amxx] [AMXBANS] AMXBans 5.0 is online
L 04/23/2012 - 23:56:41: [admin_amxbans.amxx] Login: "ryceBu4<3773><STEAM_0:0:360750727><>" became an admin (account "ryceBu4") (access "abcdefijmnopqtu") (address "93.100.152.179")
L 04/23/2012 - 23:57:18: [pbk.amxx] "<-=S.H.E.I.X.=-><3765><STEAM_0:0:1159539893><CT>" was kicked for being AFK longer than 45 seconds.
