L 04/24/2012 - 00:09:38: [pbk.amxx] "<VoLk14_KoHaH><3742><STEAM_0:0:153190916><CT>" was kicked for being AFK longer than 45 seconds.
L 04/24/2012 - 00:14:51: -------- Mapchange to zm_cpl_mill_kamp --------
L 04/24/2012 - 00:14:52: [amxbans.amxx] [AMXBANS] AMXBans 5.0 is online
L 04/24/2012 - 00:16:55: [pbk.amxx] "<Sa1nt-Maxa4yxecc[+]18><3796><STEAM_0:0:1544741275><TERRORIST>" was kicked for being AFK longer than 45 seconds.
L 04/24/2012 - 00:19:10: [pbk.amxx] "<-=S.H.E.I.X.=-><3818><STEAM_0:0:1159539893><CT>" was kicked for being AFK longer than 45 seconds.
L 04/24/2012 - 00:19:15: [pbk.amxx] "<-=S.H.E.I.X.=-><3818><STEAM_0:0:1159539893><CT>" was kicked for being AFK longer than 45 seconds.
L 04/24/2012 - 00:19:20: [pbk.amxx] "<-=S.H.E.I.X.=-><3818><STEAM_0:0:1159539893><CT>" was kicked for being AFK longer than 45 seconds.
L 04/24/2012 - 00:19:25: [pbk.amxx] "<-=S.H.E.I.X.=-><3818><STEAM_0:0:1159539893><CT>" was kicked for being AFK longer than 45 seconds.
L 04/24/2012 - 00:22:15: [pbk.amxx] "<SashkaSlad><3815><STEAM_ID_LAN><TERRORIST>" was kicked for being AFK longer than 45 seconds.
L 04/24/2012 - 00:27:00: [pbk.amxx] "<=) Steam><3785><STEAM_0:1:20494094><TERRORIST>" was kicked for being AFK longer than 45 seconds.
L 04/24/2012 - 00:28:25: [admin_amxbans.amxx] Login: "ryceBu4<3838><STEAM_0:0:360750727><>" became an admin (account "ryceBu4") (access "abcdefijmnopqtu") (address "93.100.152.179")
L 04/24/2012 - 00:31:15: [pbk.amxx] "<KpoT*><3830><STEAM_ID_LAN><CT>" was kicked for being AFK longer than 45 seconds.
L 04/24/2012 - 00:32:05: [pbk.amxx] "<(1)Terminator><3820><STEAM_ID_LAN><TERRORIST>" was kicked for being AFK longer than 45 seconds.
L 04/24/2012 - 00:36:57: -------- Mapchange to zm_kill_duster_2 --------
L 04/24/2012 - 00:36:57: [admin_amxbans.amxx] Login: "ryceBu4<3838><STEAM_0:0:360750727><>" became an admin (account "ryceBu4") (access "abcdefijmnopqtu") (address "93.100.152.179")
L 04/24/2012 - 00:36:58: [amxbans.amxx] [AMXBANS] AMXBans 5.0 is online
L 04/24/2012 - 00:46:06: [pbk.amxx] "<Sa1nt-Maxa4yxecc[+]18><3847><STEAM_0:0:1544741275><TERRORIST>" was kicked for being AFK longer than 45 seconds.
L 04/24/2012 - 00:47:52: [admin_amxbans.amxx] Login: "Lutini<3867><STEAM_0:0:415503635><>" became an admin (account "Lutini") (access "t") (address "95.26.104.17")
L 04/24/2012 - 00:49:36: [pbk.amxx] "<-Frag^Cs[Tm]|wtf>? =D><3857><STEAM_ID_LAN><TERRORIST>" was kicked for being AFK longer than 45 seconds.
L 04/24/2012 - 00:53:41: [pbk.amxx] "<klon LEONID><3839><STEAM_0:0:471299566><TERRORIST>" was kicked for being AFK longer than 45 seconds.
L 04/24/2012 - 00:53:51: [pbk.amxx] "<--------->Cy4(e)Hak *P><3772><STEAM_ID_LAN><TERRORIST>" was kicked for being AFK longer than 45 seconds.
L 04/24/2012 - 00:57:06: [pbk.amxx] "<Raul_Smith><3849><STEAM_ID_LAN><TERRORIST>" was kicked for being AFK longer than 45 seconds.
L 04/24/2012 - 00:57:45: -------- Mapchange to zm_dd --------
L 04/24/2012 - 00:57:46: [walkguard.amxx] no zone-file found
L 04/24/2012 - 00:57:46: [admin_amxbans.amxx] Login: "Lutini<3867><STEAM_0:0:415503635><>" became an admin (account "Lutini") (access "t") (address "95.26.104.17")
L 04/24/2012 - 00:57:47: [amxbans.amxx] [AMXBANS] AMXBans 5.0 is online
L 04/24/2012 - 01:02:00: [pbk.amxx] "<(1)Terminator><3862><STEAM_ID_LAN><CT>" was kicked for being AFK longer than 45 seconds.
L 04/24/2012 - 01:02:54: -------- Mapchange to 016 --------
L 04/24/2012 - 01:02:55: [walkguard.amxx] no zone-file found
L 04/24/2012 - 01:02:55: [admin_amxbans.amxx] Login: "Lutini<3867><STEAM_0:0:415503635><>" became an admin (account "Lutini") (access "t") (address "95.26.104.17")
L 04/24/2012 - 01:02:56: [amxbans.amxx] [AMXBANS] AMXBans 5.0 is online
L 04/24/2012 - 01:06:34: [pbk.amxx] "<Terminator><3890><STEAM_ID_LAN><TERRORIST>" was kicked for being AFK longer than 45 seconds.
L 04/24/2012 - 01:13:44: [pbk.amxx] "<Valdo><3848><STEAM_ID_LAN><CT>" was kicked for being AFK longer than 45 seconds.
L 04/24/2012 - 01:16:39: [pbk.amxx] "<[F]MMZ><3896><STEAM_ID_LAN><CT>" was kicked for being AFK longer than 45 seconds.
L 04/24/2012 - 01:21:51: [voteban.amxx] Voteban starter Lutini against Ser1k 3 months didn't play STEAM_0:1:36882263
L 04/24/2012 - 01:22:06: [voteban.amxx] [AMXX] BANNED: Ser1k 3 months didn't play, STARTER: Lutini
L 04/24/2012 - 01:22:07: [amxbans.amxx]  –ó–æ–º–±–∏ —Å–µ—Ä–≤–µ—Ä (x_x(O_o)x_x) Go Zombie !!!<0><><> banned Ser1k 3 months didn¥t play<STEAM_0:1:36882263> for 30 minutes (30 minutes). Reason: VIP->Lutini.
L 04/24/2012 - 01:22:19: [pbk.amxx] "<[F]MMZ><3906><STEAM_ID_LAN><CT>" was kicked for being AFK longer than 45 seconds.
L 04/24/2012 - 01:24:15: [voteban.amxx] Voteban starter Lutini against LoaD STEAM_0:0:965350905
L 04/24/2012 - 01:24:30: [voteban.amxx] [AMXX] BANNED: LoaD, STARTER: Lutini
L 04/24/2012 - 01:24:31: [amxbans.amxx]  –ó–æ–º–±–∏ —Å–µ—Ä–≤–µ—Ä (x_x(O_o)x_x) Go Zombie !!!<0><><> banned LoaD<STEAM_0:0:965350905> for 30 minutes (30 minutes). Reason: VIP->Lutini.
L 04/24/2012 - 01:24:39: -------- Mapchange to zm_zbek --------
L 04/24/2012 - 01:24:40: [walkguard.amxx] no zone-file found
L 04/24/2012 - 01:24:40: [admin_amxbans.amxx] Login: "Lutini<3867><STEAM_0:0:415503635><>" became an admin (account "Lutini") (access "t") (address "95.26.104.17")
L 04/24/2012 - 01:24:41: [amxbans.amxx] [AMXBANS] AMXBans 5.0 is online
L 04/24/2012 - 01:34:24: [pbk.amxx] "<[F]MMZ><3912><STEAM_ID_LAN><TERRORIST>" was kicked for being AFK longer than 45 seconds.
L 04/24/2012 - 01:35:14: [pbk.amxx] "<XuTpuK><3911><STEAM_0:0:1986440821><CT>" was kicked for being AFK longer than 45 seconds.
L 04/24/2012 - 01:39:19: [pbk.amxx] "<Sa1nt-Maxa4yxecc[+]18><3868><STEAM_0:0:1544741275><TERRORIST>" was kicked for being AFK longer than 45 seconds.
L 04/24/2012 - 01:39:24: [pbk.amxx] "<[F]MMZ><3922><STEAM_ID_LAN><TERRORIST>" was kicked for being AFK longer than 45 seconds.
L 04/24/2012 - 01:40:34: [pbk.amxx] "<Aleks><3798><STEAM_0:0:2008690353><CT>" was kicked for being AFK longer than 45 seconds.
L 04/24/2012 - 01:45:54: [pbk.amxx] "<--------->Cy4(e)Hak *Pd><3874><STEAM_ID_LAN><TERRORIST>" was kicked for being AFK longer than 45 seconds.
L 04/24/2012 - 01:46:24: [pbk.amxx] "<Aleks><3931><STEAM_0:0:2008690353><TERRORIST>" was kicked for being AFK longer than 45 seconds.
L 04/24/2012 - 01:47:12: -------- Mapchange to zm_electro_house --------
L 04/24/2012 - 01:47:12: [walkguard.amxx] no zone-file found
L 04/24/2012 - 01:47:13: [amxbans.amxx] [AMXBANS] AMXBans 5.0 is online
L 04/24/2012 - 01:48:51: [pbk.amxx] "<[F]MMZ><3929><STEAM_ID_LAN><CT>" was kicked for being AFK longer than 45 seconds.
L 04/24/2012 - 01:48:56: [pbk.amxx] "<[F]MMZ><3929><STEAM_ID_LAN><CT>" was kicked for being AFK longer than 45 seconds.
L 04/24/2012 - 01:49:01: [pbk.amxx] "<[F]MMZ><3929><STEAM_ID_LAN><CT>" was kicked for being AFK longer than 45 seconds.
L 04/24/2012 - 01:49:06: [pbk.amxx] "<[F]MMZ><3929><STEAM_ID_LAN><CT>" was kicked for being AFK longer than 45 seconds.
L 04/24/2012 - 01:52:26: [pbk.amxx] "<Sa1nt-Maxa4yxecc[+]18><3928><STEAM_0:0:1544741275><CT>" was kicked for being AFK longer than 45 seconds.
L 04/24/2012 - 01:52:36: [pbk.amxx] "<Aleks><3940><STEAM_0:0:2008690353><TERRORIST>" was kicked for being AFK longer than 45 seconds.
L 04/24/2012 - 01:58:21: [pbk.amxx] "<Moskvin ?!><3939><STEAM_0:0:43678884><CT>" was kicked for being AFK longer than 45 seconds.
L 04/24/2012 - 01:59:11: [pbk.amxx] "<Sa1nt-Maxa4yxecc[+]18><3948><STEAM_0:0:1544741275><CT>" was kicked for being AFK longer than 45 seconds.
L 04/24/2012 - 02:09:47: -------- Mapchange to ze_egypt --------
L 04/24/2012 - 02:09:48: [walkguard.amxx] no zone-file found
L 04/24/2012 - 02:09:49: [amxbans.amxx] [AMXBANS] AMXBans 5.0 is online
L 04/24/2012 - 02:15:02: [pbk.amxx] "<Aleks><3964><STEAM_0:0:2008690353><TERRORIST>" was kicked for being AFK longer than 45 seconds.
L 04/24/2012 - 02:27:37: [pbk.amxx] "<Baks><3978><STEAM_0:0:188372989><CT>" was kicked for being AFK longer than 45 seconds.
L 04/24/2012 - 02:27:42: [pbk.amxx] "<Baks><3978><STEAM_0:0:188372989><CT>" was kicked for being AFK longer than 45 seconds.
L 04/24/2012 - 02:27:47: [pbk.amxx] "<Baks><3978><STEAM_0:0:188372989><CT>" was kicked for being AFK longer than 45 seconds.
L 04/24/2012 - 02:32:09: -------- Mapchange to zm_dust_brick_b1_fx --------
L 04/24/2012 - 02:32:10: [walkguard.amxx] no zone-file found
L 04/24/2012 - 02:32:11: [amxbans.amxx] [AMXBANS] AMXBans 5.0 is online
L 04/24/2012 - 02:44:24: [pbk.amxx] "<Aleks><3976><STEAM_0:0:2008690353><TERRORIST>" was kicked for being AFK longer than 45 seconds.
L 04/24/2012 - 02:46:34: [pbk.amxx] "<BuweHka><4001><STEAM_0:0:144751224><CT>" was kicked for being AFK longer than 45 seconds.
L 04/24/2012 - 02:54:19: -------- Mapchange to zm_street_new --------
L 04/24/2012 - 02:54:20: [amxbans.amxx] [AMXBANS] AMXBans 5.0 is online
L 04/24/2012 - 03:14:47: -------- Mapchange to zm_desolation_house --------
L 04/24/2012 - 03:14:48: [walkguard.amxx] no zone-file found
L 04/24/2012 - 03:14:49: [amxbans.amxx] [AMXBANS] AMXBans 5.0 is online
L 04/24/2012 - 03:35:16: -------- Mapchange to zm_house_2011 --------
L 04/24/2012 - 03:35:17: [amxbans.amxx] [AMXBANS] AMXBans 5.0 is online
L 04/24/2012 - 03:55:20: [pbk.amxx] "<SuPeR><4044><STEAM_ID_LAN><CT>" was kicked for being AFK longer than 45 seconds.
L 04/24/2012 - 03:58:01: -------- Mapchange to zm_decline2k --------
L 04/24/2012 - 03:58:03: [amxbans.amxx] [AMXBANS] AMXBans 5.0 is online
L 04/24/2012 - 04:18:12: -------- Mapchange to zm_houses --------
L 04/24/2012 - 04:18:14: [amxbans.amxx] [AMXBANS] AMXBans 5.0 is online
L 04/24/2012 - 04:20:27: [pbk.amxx] "<PO___TRUSAM><4072><STEAM_0:0:1648032373><TERRORIST>" was kicked for being AFK longer than 45 seconds.
L 04/24/2012 - 04:23:57: [pbk.amxx] "<Moskvin ?!><3966><STEAM_0:0:43678884><TERRORIST>" was kicked for being AFK longer than 45 seconds.
L 04/24/2012 - 04:30:02: [pbk.amxx] "<--------->Cy4(e)Hak *P><4063><STEAM_ID_LAN><TERRORIST>" was kicked for being AFK longer than 45 seconds.
L 04/24/2012 - 04:30:17: [pbk.amxx] "<--------->Cy4(e)Hak *P><4063><STEAM_ID_LAN><TERRORIST>" was kicked for being AFK longer than 45 seconds.
L 04/24/2012 - 04:39:15: -------- Mapchange to zm_kill_duster_2 --------
L 04/24/2012 - 04:39:17: [amxbans.amxx] [AMXBANS] AMXBans 5.0 is online
L 04/24/2012 - 04:45:25: [pbk.amxx] "<eS^Craw | `af1k0^ #         /A/><4082><STEAM_0:0:1369886976><CT>" was kicked for being AFK longer than 45 seconds.
L 04/24/2012 - 05:00:57: -------- Mapchange to zm_666_brick --------
L 04/24/2012 - 05:00:58: [walkguard.amxx] no zone-file found
L 04/24/2012 - 05:00:59: [amxbans.amxx] [AMXBANS] AMXBans 5.0 is online
L 04/24/2012 - 05:03:02: [pbk.amxx] "<Doc><4085><STEAM_0:0:1578132857><CT>" was kicked for being AFK longer than 45 seconds.
L 04/24/2012 - 05:03:07: [pbk.amxx] "<Doc><4085><STEAM_0:0:1578132857><CT>" was kicked for being AFK longer than 45 seconds.
L 04/24/2012 - 05:42:55: -------- Mapchange to ze_jurassicpark --------
L 04/24/2012 - 05:42:56: [amxbans.amxx] [AMXBANS] AMXBans 5.0 is online
L 04/24/2012 - 06:03:25: -------- Mapchange to 016 --------
L 04/24/2012 - 06:03:25: [walkguard.amxx] no zone-file found
L 04/24/2012 - 06:03:26: [amxbans.amxx] [AMXBANS] AMXBans 5.0 is online
L 04/24/2012 - 06:04:44: [pbk.amxx] "<AnZz1k!><4112><STEAM_0:0:2092796005><TERRORIST>" was kicked for being AFK longer than 45 seconds.
L 04/24/2012 - 06:24:14: [pbk.amxx] "<kostratorz><4118><STEAM_ID_LAN><CT>" was kicked for being AFK longer than 45 seconds.
L 04/24/2012 - 06:26:08: -------- Mapchange to zm_zbek --------
L 04/24/2012 - 06:26:08: [walkguard.amxx] no zone-file found
L 04/24/2012 - 06:26:09: [amxbans.amxx] [AMXBANS] AMXBans 5.0 is online
L 04/24/2012 - 06:40:37: [pbk.amxx] "<4epno6bIl'><4140><STEAM_0:0:1572639257><TERRORIST>" was kicked for being AFK longer than 45 seconds.
L 04/24/2012 - 06:49:30: -------- Mapchange to zm_dust_siege_final --------
L 04/24/2012 - 06:49:32: [amxbans.amxx] [AMXBANS] AMXBans 5.0 is online
L 04/24/2012 - 06:53:05: [pbk.amxx] "<I Love You (Music on)><4143><STEAM_ID_LAN><TERRORIST>" was kicked for being AFK longer than 45 seconds.
L 04/24/2012 - 06:55:45: [pbk.amxx] "<PozZz[i]T[i]Ve - 6ym 6ym><4151><STEAM_ID_LAN><TERRORIST>" was kicked for being AFK longer than 45 seconds.
L 04/24/2012 - 06:56:20: [pbk.amxx] "<kostratorz><4144><STEAM_ID_LAN><TERRORIST>" was kicked for being AFK longer than 45 seconds.
L 04/24/2012 - 06:56:25: [pbk.amxx] "<kostratorz><4144><STEAM_ID_LAN><TERRORIST>" was kicked for being AFK longer than 45 seconds.
L 04/24/2012 - 06:56:30: [pbk.amxx] "<kostratorz><4144><STEAM_ID_LAN><TERRORIST>" was kicked for being AFK longer than 45 seconds.
L 04/24/2012 - 06:56:35: [pbk.amxx] "<kostratorz><4144><STEAM_ID_LAN><TERRORIST>" was kicked for being AFK longer than 45 seconds.
L 04/24/2012 - 06:56:40: [pbk.amxx] "<kostratorz><4144><STEAM_ID_LAN><TERRORIST>" was kicked for being AFK longer than 45 seconds.
L 04/24/2012 - 07:04:35: [pbk.amxx] "<GerakL><4146><STEAM_0:0:2046040496><CT>" was kicked for being AFK longer than 45 seconds.
L 04/24/2012 - 07:06:45: [pbk.amxx] "<[BOT] Bob><4145><STEAM_0:0:173486960><CT>" was kicked for being AFK longer than 45 seconds.
L 04/24/2012 - 07:06:50: [pbk.amxx] "<[BOT] Bob><4145><STEAM_0:0:173486960><CT>" was kicked for being AFK longer than 45 seconds.
L 04/24/2012 - 07:06:55: [pbk.amxx] "<[BOT] Bob><4145><STEAM_0:0:173486960><CT>" was kicked for being AFK longer than 45 seconds.
L 04/24/2012 - 07:10:14: -------- Mapchange to ze_egypt --------
L 04/24/2012 - 07:10:15: [walkguard.amxx] no zone-file found
L 04/24/2012 - 07:10:16: [amxbans.amxx] [AMXBANS] AMXBans 5.0 is online
L 04/24/2012 - 07:27:44: [pbk.amxx] "<david><4175><STEAM_0:0:652348610><CT>" was kicked for being AFK longer than 45 seconds.
L 04/24/2012 - 07:29:19: [pbk.amxx] "<Johnny Mad Dog><4165><STEAM_0:0:1896839165><TERRORIST>" was kicked for being AFK longer than 45 seconds.
L 04/24/2012 - 07:31:58: -------- Mapchange to zm_caca --------
L 04/24/2012 - 07:31:59: [walkguard.amxx] no zone-file found
L 04/24/2012 - 07:32:00: [amxbans.amxx] [AMXBANS] AMXBans 5.0 is online
L 04/24/2012 - 07:53:12: -------- Mapchange to zm_desolation_house --------
L 04/24/2012 - 07:53:13: [walkguard.amxx] no zone-file found
L 04/24/2012 - 07:53:14: [amxbans.amxx] [AMXBANS] AMXBans 5.0 is online
L 04/24/2012 - 07:56:27: [pbk.amxx] "<[SkyLiNe_] IIaPaBo3><4195><STEAM_0:0:1608689408><TERRORIST>" was kicked for being AFK longer than 45 seconds.
L 04/24/2012 - 08:01:42: [pbk.amxx] "<GerakL><4207><STEAM_0:0:2046040496><CT>" was kicked for being AFK longer than 45 seconds.
L 04/24/2012 - 08:02:52: [pbk.amxx] "<F1-{G}amin{G} | LaMeR><4191><STEAM_0:0:701509362><TERRORIST>" was kicked for being AFK longer than 45 seconds.
L 04/24/2012 - 08:13:12: [pbk.amxx] "<GerakL><4219><STEAM_0:0:2046040496><TERRORIST>" was kicked for being AFK longer than 45 seconds.
L 04/24/2012 - 08:13:44: -------- Mapchange to zm_cpl_mill_kamp --------
L 04/24/2012 - 08:13:46: [amxbans.amxx] [AMXBANS] AMXBans 5.0 is online
L 04/24/2012 - 08:15:54: [admin_amxbans.amxx] Login: "F1-[G]amin[G] |Mr.Pr9niK<4227><STEAM_0:0:1360403837><>" became an admin (account "F1-[G]amin[G] |Mr.Pr9niK") (access "t") (address "95.70.77.220")
L 04/24/2012 - 08:20:34: [pbk.amxx] "<Mr.Sasha><4228><STEAM_0:0:557256476><TERRORIST>" was kicked for being AFK longer than 45 seconds.
L 04/24/2012 - 08:21:07: [voteban.amxx] Voteban starter F1-[G]amin[G] |Mr.Pr9niK against Valdo STEAM_ID_LAN
L 04/24/2012 - 08:21:22: [voteban.amxx] [AMXX] BANNED: Valdo, STARTER: F1-[G]amin[G] |Mr.Pr9niK
L 04/24/2012 - 08:21:23: [amxbans.amxx]  –ó–æ–º–±–∏ —Å–µ—Ä–≤–µ—Ä (x_x(O_o)x_x) Go Zombie !!!<0><><> banned [_SkyLiNe_] ?!<STEAM_ID_LAN> for 30 minutes (30 minutes). Reason: VIP->F1-[G]amin[G] |Mr.Pr9niK.
L 04/24/2012 - 08:21:39: [pbk.amxx] "<[_SkyLiNe_] IIaPaBo3><4214><STEAM_0:0:1608689408><TERRORIST>" was kicked for being AFK longer than 45 seconds.
L 04/24/2012 - 08:25:04: [pbk.amxx] "<[_SkyLiNe_] ?!><4232><STEAM_ID_LAN><TERRORIST>" was kicked for being AFK longer than 45 seconds.
L 04/24/2012 - 08:27:14: [pbk.amxx] "<[_SkyLiNe_] IIaPaBo3><4233><STEAM_0:0:1608689408><TERRORIST>" was kicked for being AFK longer than 45 seconds.
L 04/24/2012 - 08:27:19: [pbk.amxx] "<[_SkyLiNe_] ?!><4237><STEAM_ID_LAN><TERRORIST>" was kicked for being AFK longer than 45 seconds.
L 04/24/2012 - 08:27:49: [pbk.amxx] "<[_SkyLiNe_] *V_1_p_e_R*><4092><STEAM_0:0:270646567><CT>" was kicked for being AFK longer than 45 seconds.
L 04/24/2012 - 08:34:08: -------- Mapchange to zm_dd --------
L 04/24/2012 - 08:34:09: [walkguard.amxx] no zone-file found
L 04/24/2012 - 08:34:10: [amxbans.amxx] [AMXBANS] AMXBans 5.0 is online
L 04/24/2012 - 08:36:28: [pbk.amxx] "<[_SkyLiNe_] -->Cy4eHak*P><4159><STEAM_ID_LAN><TERRORIST>" was kicked for being AFK longer than 45 seconds.
L 04/24/2012 - 08:53:53: [pbk.amxx] "<F1-[G]amin[G] | Kaka1n><4261><STEAM_0:0:902582501><CT>" was kicked for being AFK longer than 45 seconds.
L 04/24/2012 - 08:55:26: -------- Mapchange to zm_fdust2x2 --------
L 04/24/2012 - 08:55:28: [amxbans.amxx] [AMXBANS] AMXBans 5.0 is online
L 04/24/2012 - 09:01:26: [pbk.amxx] "<[_SkyLiNe_] ?!><4263><STEAM_ID_LAN><CT>" was kicked for being AFK longer than 45 seconds.
L 04/24/2012 - 09:01:31: [pbk.amxx] "<GerakL><4269><STEAM_0:0:2046040496><CT>" was kicked for being AFK longer than 45 seconds.
L 04/24/2012 - 09:03:46: [pbk.amxx] "<[_SkyLiNe_] ?!><4272><STEAM_ID_LAN><CT>" was kicked for being AFK longer than 45 seconds.
L 04/24/2012 - 09:07:16: [pbk.amxx] "<[_SkyLiNe_] ?!><4279><STEAM_ID_LAN><CT>" was kicked for being AFK longer than 45 seconds.
L 04/24/2012 - 09:09:41: [pbk.amxx] "<Olympus Bot><4264><STEAM_ID_LAN><TERRORIST>" was kicked for being AFK longer than 45 seconds.
L 04/24/2012 - 09:11:16: [pbk.amxx] "<[_SkyLiNe_] ?!><4284><STEAM_ID_LAN><CT>" was kicked for being AFK longer than 45 seconds.
L 04/24/2012 - 09:17:06: -------- Mapchange to zm_zonecs --------
L 04/24/2012 - 09:17:07: [walkguard.amxx] no zone-file found
L 04/24/2012 - 09:17:08: [amxbans.amxx] [AMXBANS] AMXBans 5.0 is online
L 04/24/2012 - 09:21:51: [pbk.amxx] "<SantaMonika><4297><STEAM_0:0:1171481625><TERRORIST>" was kicked for being AFK longer than 45 seconds.
L 04/24/2012 - 09:29:37: [admin_amxbans.amxx] Login: "4e-N<4306><STEAM_0:0:1836044300><>" became an admin (account "4e-N") (access "abcdefijmnopqtu") (address "78.37.234.6")
L 04/24/2012 - 09:31:01: [admincmd.amxx] Cmd: "4e-N<4306><STEAM_0:0:1836044300><>" slay "[_SkyLiNe_] IIaPaBo3<4250><STEAM_0:0:1608689408><>"
L 04/24/2012 - 09:34:41: [admincmd.amxx] Cmd: "4e-N<4306><STEAM_0:0:1836044300><>" ask for players list
L 04/24/2012 - 09:37:22: -------- Mapchange to zm_dust_brick_b1_fx --------
L 04/24/2012 - 09:37:22: [walkguard.amxx] no zone-file found
L 04/24/2012 - 09:37:22: [admin_amxbans.amxx] Login: "4e-N<4306><STEAM_0:0:1836044300><>" became an admin (account "4e-N") (access "abcdefijmnopqtu") (address "78.37.234.6")
L 04/24/2012 - 09:37:23: [amxbans.amxx] [AMXBANS] AMXBans 5.0 is online
L 04/24/2012 - 09:39:08: [amxbans.amxx] 4e-N<4306><STEAM_0:0:1836044300><TERRORIST> banned david<STEAM_0:0:652348610> for 1 day (1440 minutes). Reason: 6JIOKu.
L 04/24/2012 - 09:41:46: [pbk.amxx] "<Olympus Bot><4300><STEAM_ID_LAN><CT>" was kicked for being AFK longer than 45 seconds.
L 04/24/2012 - 09:41:46: [pbk.amxx] "<[NO-UCP] TEXHOJIAG><4316><STEAM_0:0:563437955><CT>" was kicked for being AFK longer than 45 seconds.
L 04/24/2012 - 09:48:18: [admincmd.amxx] Cmd: "4e-N<4306><STEAM_0:0:1836044300><>" slay "[_SkyLiNe_] -->Cy4eHak*P<4310><STEAM_ID_LAN><>"
L 04/24/2012 - 09:48:31: [pbk.amxx] "<Olympus Bot><4324><STEAM_ID_LAN><TERRORIST>" was kicked for being AFK longer than 45 seconds.
L 04/24/2012 - 09:49:13: [amxbans.amxx] 4e-N<4306><STEAM_0:0:1836044300><TERRORIST> banned [_SkyLiNe_] -->Cy4eHak*P<STEAM_ID_LAN> for 1 day (1440 minutes). Reason: MAT/Hy6.
L 04/24/2012 - 09:56:25: [amxbans.amxx] 4e-N<4306><STEAM_0:0:1836044300><CT> banned [HE0H-REAlAm]<STEAM_0:0:1200996999> for 1 day (1440 minutes). Reason: OCKOP6JIEHu9/HuKCnaM.
L 04/24/2012 - 09:57:01: [pbk.amxx] "<kostrov><4334><STEAM_ID_LAN><CT>" was kicked for being AFK longer than 45 seconds.
L 04/24/2012 - 09:57:49: [plmenu.amxx] Kick: "4e-N<4306><STEAM_0:0:1836044300><>" kick "@Doc@ CbIH Aleho4k|/|<4315><STEAM_ID_LAN><>"
L 04/24/2012 - 09:58:41: [pbk.amxx] "<Olympus Bot><4337><STEAM_ID_LAN><CT>" was kicked for being AFK longer than 45 seconds.
L 04/24/2012 - 09:58:45: [plmenu.amxx] Kick: "4e-N<4306><STEAM_0:0:1836044300><>" kick "[_SkyLiNe_] I_Malchik_I<4320><STEAM_0:0:1035554061><>"
L 04/24/2012 - 09:59:18: [amxbans.amxx] 4e-N<4306><STEAM_0:0:1836044300><TERRORIST> banned [_SkyLiNe_] I_Malchik_I<STEAM_0:0:1035554061> for 1 day (1440 minutes). Reason: CJIuB.
L 04/24/2012 - 09:59:38: -------- Mapchange to zm_666_brick --------
L 04/24/2012 - 09:59:39: [walkguard.amxx] no zone-file found
L 04/24/2012 - 09:59:39: [admin_amxbans.amxx] Login: "4e-N<4306><STEAM_0:0:1836044300><>" became an admin (account "4e-N") (access "abcdefijmnopqtu") (address "78.37.234.6")
L 04/24/2012 - 09:59:40: [amxbans.amxx] [AMXBANS] AMXBans 5.0 is online
L 04/24/2012 - 10:00:14: [amxbans.amxx] 4e-N<4306><STEAM_0:0:1836044300><SPECTATOR> banned SantaMonika<STEAM_0:0:1171481625> for 1 day (1440 minutes). Reason: PEKOHHEKT.
L 04/24/2012 - 10:00:31: [admin_amxbans.amxx] Login: "4e-N<4356><STEAM_0:0:1836044300><>" became an admin (account "4e-N") (access "abcdefijmnopqtu") (address "78.37.234.6")
L 04/24/2012 - 10:07:38: [pbk.amxx] "<sMaIl*><4348><STEAM_0:0:1839653415><CT>" was kicked for being AFK longer than 45 seconds.
L 04/24/2012 - 10:14:18: [amxbans.amxx] 4e-N<4356><STEAM_0:0:1836044300><TERRORIST> banned @Doc@ CbIH Aleho4k|/|<STEAM_ID_LAN> for 1 day (1440 minutes). Reason: CJIuB.
L 04/24/2012 - 10:15:08: [pbk.amxx] "<_BiTaLiK_RuLit><4353><STEAM_0:0:1681842642><CT>" was kicked for being AFK longer than 45 seconds.
L 04/24/2012 - 10:16:47: [plmenu.amxx] Kick: "4e-N<4356><STEAM_0:0:1836044300><>" kick "Olympus Bot<4375><STEAM_ID_LAN><>"
L 04/24/2012 - 10:19:21: [plmenu.amxx] Kick: "4e-N<4356><STEAM_0:0:1836044300><>" kick "*[V!P]* 3DxKill.<4384><STEAM_ID_LAN><>"
L 04/24/2012 - 10:20:30: [amxbans.amxx] 4e-N<4356><STEAM_0:0:1836044300><CT> banned *[V!P]* 3DxKill.<STEAM_ID_LAN> for 1 day (1440 minutes). Reason: CJIuB.
L 04/24/2012 - 10:21:13: -------- Mapchange to zm_snow_s1h_v2 --------
L 04/24/2012 - 10:21:14: [walkguard.amxx] no zone-file found
L 04/24/2012 - 10:21:14: [admin_amxbans.amxx] Login: "4e-N<4356><STEAM_0:0:1836044300><>" became an admin (account "4e-N") (access "abcdefijmnopqtu") (address "78.37.234.6")
L 04/24/2012 - 10:21:14: [admin_amxbans.amxx] Login: "4e-N<4388><STEAM_0:0:1836044300><>" became an admin (account "4e-N") (access "abcdefijmnopqtu") (address "78.37.234.6")
L 04/24/2012 - 10:21:15: [amxbans.amxx] [AMXBANS] AMXBans 5.0 is online
L 04/24/2012 - 10:27:38: [pbk.amxx] "<killer14><4393><STEAM_0:0:1220439397><CT>" was kicked for being AFK longer than 45 seconds.
L 04/24/2012 - 10:27:43: [pbk.amxx] "<killer14><4393><STEAM_0:0:1220439397><CT>" was kicked for being AFK longer than 45 seconds.
L 04/24/2012 - 10:27:48: [pbk.amxx] "<killer14><4393><STEAM_0:0:1220439397><CT>" was kicked for being AFK longer than 45 seconds.
L 04/24/2012 - 10:33:18: [pbk.amxx] "<[_SkyLiNe_] ?!><4404><STEAM_ID_LAN><TERRORIST>" was kicked for being AFK longer than 45 seconds.
L 04/24/2012 - 10:36:17: [admin_amxbans.amxx] Login: "Euforia<4401><STEAM_0:0:1631851413><>" became an admin (account "Euforia") (access "t") (address "95.84.206.82")
L 04/24/2012 - 10:40:33: [pbk.amxx] "<cTyDeHT><4327><STEAM_ID_LAN><CT>" was kicked for being AFK longer than 45 seconds.
L 04/24/2012 - 10:41:28: -------- Mapchange to zm_houses --------
L 04/24/2012 - 10:41:30: [admin_amxbans.amxx] Login: "Euforia<4401><STEAM_0:0:1631851413><>" became an admin (account "Euforia") (access "t") (address "95.84.206.82")
L 04/24/2012 - 10:41:30: [amxbans.amxx] [AMXBANS] AMXBans 5.0 is online
L 04/24/2012 - 10:46:38: [pbk.amxx] "<aza><4428><STEAM_ID_LAN><CT>" was kicked for being AFK longer than 45 seconds.
L 04/24/2012 - 10:48:58: [pbk.amxx] "<cTyDeHT><4422><STEAM_ID_LAN><CT>" was kicked for being AFK longer than 45 seconds.
L 04/24/2012 - 10:48:58: [pbk.amxx] "<P O L I C E><4433><STEAM_0:0:824524807><CT>" was kicked for being AFK longer than 45 seconds.
L 04/24/2012 - 10:49:03: [pbk.amxx] "<P O L I C E><4433><STEAM_0:0:824524807><CT>" was kicked for being AFK longer than 45 seconds.
L 04/24/2012 - 10:49:08: [pbk.amxx] "<P O L I C E><4433><STEAM_0:0:824524807><CT>" was kicked for being AFK longer than 45 seconds.
L 04/24/2012 - 10:49:13: [pbk.amxx] "<P O L I C E><4433><STEAM_0:0:824524807><CT>" was kicked for being AFK longer than 45 seconds.
L 04/24/2012 - 10:52:58: [pbk.amxx] "<Olympus Bot><4380><STEAM_ID_LAN><TERRORIST>" was kicked for being AFK longer than 45 seconds.
L 04/24/2012 - 10:54:33: [pbk.amxx] "<[_SkyLiNe_] ?!><4430><STEAM_ID_LAN><TERRORIST>" was kicked for being AFK longer than 45 seconds.
L 04/24/2012 - 11:02:13: [pbk.amxx] "<lyntik><4437><STEAM_0:0:1170515146><TERRORIST>" was kicked for being AFK longer than 45 seconds.
L 04/24/2012 - 11:03:48: [pbk.amxx] "<[NO-UCP] TEXHOJIAG><4424><STEAM_0:0:563437955><CT>" was kicked for being AFK longer than 45 seconds.
L 04/24/2012 - 11:04:22: -------- Mapchange to zm_house_2011 --------
L 04/24/2012 - 11:04:24: [amxbans.amxx] [AMXBANS] AMXBans 5.0 is online
L 04/24/2012 - 11:06:52: [admin_amxbans.amxx] Login: "Celldweller<4457><STEAM_0:0:1924579479><>" became an admin (account "Celldweller") (access "abcdefijmnopqtu") (address "178.127.142.191")
L 04/24/2012 - 11:09:07: [pbk.amxx] "<aza><4443><STEAM_ID_LAN><UNASSIGNED>" was kicked for failing to choose a team within 2 minutes.
L 04/24/2012 - 11:12:07: [pbk.amxx] "<dima 999><4415><STEAM_0:0:1932608815><CT>" was kicked for being AFK longer than 45 seconds.
L 04/24/2012 - 11:16:42: [pbk.amxx] "<[_SkyLiNe_] ?!><4454><STEAM_ID_LAN><TERRORIST>" was kicked for being AFK longer than 45 seconds.
L 04/24/2012 - 11:26:31: -------- Mapchange to 016 --------
L 04/24/2012 - 11:26:32: [walkguard.amxx] no zone-file found
L 04/24/2012 - 11:26:32: [admin_amxbans.amxx] Login: "Celldweller<4457><STEAM_0:0:1924579479><>" became an admin (account "Celldweller") (access "abcdefijmnopqtu") (address "178.127.142.191")
L 04/24/2012 - 11:26:33: [amxbans.amxx] [AMXBANS] AMXBans 5.0 is online
L 04/24/2012 - 11:28:36: [voteban.amxx] Voteban starter Celldweller against Player [MonCS.Ru] STEAM_ID_LAN
L 04/24/2012 - 11:28:51: [voteban.amxx] [AMXX] BANNED: Player [MonCS.Ru], STARTER: Celldweller
L 04/24/2012 - 11:28:53: [amxbans.amxx]  –ó–æ–º–±–∏ —Å–µ—Ä–≤–µ—Ä (x_x(O_o)x_x) Go Zombie !!!<0><><> banned SASHA<STEAM_ID_LAN> for 30 minutes (30 minutes). Reason: VIP->Celldweller.
L 04/24/2012 - 11:35:33: [voteban.amxx] Voteban starter Celldweller against VblnOsim_4ester STEAM_ID_LAN
L 04/24/2012 - 11:35:48: [voteban.amxx] [AMXX] BANNED: VblnOsim_4ester, STARTER: Celldweller
L 04/24/2012 - 11:35:49: [amxbans.amxx]  –ó–æ–º–±–∏ —Å–µ—Ä–≤–µ—Ä (x_x(O_o)x_x) Go Zombie !!!<0><><> banned Mister X<STEAM_ID_LAN> for 30 minutes (30 minutes). Reason: VIP->Celldweller.
L 04/24/2012 - 11:36:22: [voteban.amxx] Voteban starter Celldweller against PaLa4 STEAM_0:0:2108284128
L 04/24/2012 - 11:36:37: [voteban.amxx] [AMXX] BANNED: PaLa4, STARTER: Celldweller
L 04/24/2012 - 11:36:38: [amxbans.amxx]  –ó–æ–º–±–∏ —Å–µ—Ä–≤–µ—Ä (x_x(O_o)x_x) Go Zombie !!!<0><><> banned PaLa4<STEAM_0:0:2108284128> for 30 minutes (30 minutes). Reason: VIP->Celldweller.
L 04/24/2012 - 11:41:56: [pbk.amxx] "<aza><4478><STEAM_ID_LAN><CT>" was kicked for being AFK longer than 45 seconds.
L 04/24/2012 - 11:44:01: [pbk.amxx] "<___Bupyc___+5Gigi5+><4479><STEAM_0:0:1248909968><CT>" was kicked for being AFK longer than 45 seconds.
L 04/24/2012 - 11:44:26: [admin_amxbans.amxx] Login: "4e-N<4508><STEAM_0:0:1836044300><>" became an admin (account "4e-N") (access "abcdefijmnopqtu") (address "78.37.234.6")
L 04/24/2012 - 11:48:05: -------- Mapchange to zm_caca --------
L 04/24/2012 - 11:48:05: [walkguard.amxx] no zone-file found
L 04/24/2012 - 11:48:05: [admin_amxbans.amxx] Login: "4e-N<4508><STEAM_0:0:1836044300><>" became an admin (account "4e-N") (access "abcdefijmnopqtu") (address "78.37.234.6")
L 04/24/2012 - 11:48:06: [admin_amxbans.amxx] Login: "Celldweller<4457><STEAM_0:0:1924579479><>" became an admin (account "Celldweller") (access "abcdefijmnopqtu") (address "178.127.142.191")
L 04/24/2012 - 11:48:06: [amxbans.amxx] [AMXBANS] AMXBans 5.0 is online
L 04/24/2012 - 11:55:35: [pbk.amxx] "<ry6bl><4516><STEAM_ID_LAN><CT>" was kicked for being AFK longer than 45 seconds.
L 04/24/2012 - 11:55:38: [admin_amxbans.amxx] Login: "4e-N<4535><STEAM_0:0:1836044300><>" became an admin (account "4e-N") (access "abcdefijmnopqtu") (address "78.37.234.6")
L 04/24/2012 - 12:05:56: [plmenu.amxx] Kick: "4e-N<4535><STEAM_0:0:1836044300><>" kick "[HAEMHUK]<4550><STEAM_0:0:84152063><>"
L 04/24/2012 - 12:08:56: -------- Mapchange to zm_neris --------
L 04/24/2012 - 12:08:57: [admin_amxbans.amxx] Login: "4e-N<4535><STEAM_0:0:1836044300><>" became an admin (account "4e-N") (access "abcdefijmnopqtu") (address "78.37.234.6")
L 04/24/2012 - 12:08:57: [admin_amxbans.amxx] Login: "4e-N<4535><STEAM_0:0:1836044300><>" became an admin (account "4e-N") (access "abcdefijmnopqtu") (address "78.37.234.6")
L 04/24/2012 - 12:08:57: [amxbans.amxx] [AMXBANS] AMXBans 5.0 is online
L 04/24/2012 - 12:11:05: [plmenu.amxx] Kick: "4e-N<4535><STEAM_0:0:1836044300><>" kick "J.O.K.E.R<4560><STEAM_0:0:87373497><>"
L 04/24/2012 - 12:11:31: [pbk.amxx] "<kostrov><4505><STEAM_ID_LAN><TERRORIST>" was kicked for being AFK longer than 45 seconds.
L 04/24/2012 - 12:12:12: [plmenu.amxx] Kick: "4e-N<4535><STEAM_0:0:1836044300><>" kick "Dota2Max<4559><STEAM_0:0:1603279318><>"
L 04/24/2012 - 12:13:05: [pbk.amxx] "<lyntik><4525><STEAM_0:0:1170515146><CT>" was kicked for being AFK longer than 45 seconds.
L 04/24/2012 - 12:13:26: [admin_amxbans.amxx] Login: "= ACTION EXPRESS =<4576><STEAM_0:0:2105366972><>" became an admin (account "= ACTION EXPRESS =") (access "abcdefijmnopqtu") (address "83.139.180.185")
L 04/24/2012 - 12:18:02: [admin_amxbans.amxx] Login: "= ACTION EXPRESS =<4583><STEAM_0:0:2105366972><>" became an admin (account "= ACTION EXPRESS =") (access "abcdefijmnopqtu") (address "83.139.180.185")
L 04/24/2012 - 12:18:57: [plmenu.amxx] Kick: "4e-N<4535><STEAM_0:0:1836044300><>" kick "orewek:D<4571><STEAM_0:0:1935444604><>"
L 04/24/2012 - 12:19:16: [pbk.amxx] "<[_SkyLiNe_] ?!><4581><STEAM_ID_LAN><UNASSIGNED>" was kicked for failing to choose a team within 2 minutes.
L 04/24/2012 - 12:19:29: [amxbans.amxx] 4e-N<4535><STEAM_0:0:1836044300><TERRORIST> banned naahjehb5u<STEAM_ID_LAN> for 3 days (4320 minutes). Reason: 3awuTA/6JIOK.
L 04/24/2012 - 12:21:58: [plmenu.amxx] Kick: "4e-N<4535><STEAM_0:0:1836044300><>" kick "[400kg]-tm>.KOT3l-/a//<4564><STEAM_ID_LAN><>"
L 04/24/2012 - 12:22:05: [plmenu.amxx] Kick: "4e-N<4535><STEAM_0:0:1836044300><>" kick "Ronaldinho Gaucho<4577><STEAM_0:0:967187912><>"
L 04/24/2012 - 12:22:57: [plmenu.amxx] Kick: "4e-N<4535><STEAM_0:0:1836044300><>" kick "klon LEONID<4580><STEAM_0:0:471299566><>"
L 04/24/2012 - 12:25:01: [pbk.amxx] "<n00b><4582><STEAM_ID_LAN><SPECTATOR>" was kicked for spectating longer than 2 minutes.
L 04/24/2012 - 12:29:22: -------- Mapchange to zm_decline2k --------
L 04/24/2012 - 12:29:23: [admin_amxbans.amxx] Login: "4e-N<4535><STEAM_0:0:1836044300><>" became an admin (account "4e-N") (access "abcdefijmnopqtu") (address "78.37.234.6")
L 04/24/2012 - 12:29:23: [admin_amxbans.amxx] Login: "= ACTION EXPRESS =<4583><STEAM_0:0:2105366972><>" became an admin (account "= ACTION EXPRESS =") (access "abcdefijmnopqtu") (address "83.139.180.185")
L 04/24/2012 - 12:29:24: [amxbans.amxx] [AMXBANS] AMXBans 5.0 is online
L 04/24/2012 - 12:35:09: [admin_amxbans.amxx] Login: "F1-[G]amin[G] |Mr.Pr9niK<4614><STEAM_0:0:1360403837><>" became an admin (account "F1-[G]amin[G] |Mr.Pr9niK") (access "t") (address "95.70.77.220")
L 04/24/2012 - 12:37:42: [pbk.amxx] "<[>_<]MaRmElaD><4477><STEAM_0:0:2137650844><CT>" was kicked for being AFK longer than 45 seconds.
L 04/24/2012 - 12:41:40: [amxbans.amxx] = ACTION EXPRESS =<4583><STEAM_0:0:2105366972><TERRORIST> banned Raul_Smith<STEAM_ID_LAN> for 1 day (1440 minutes). Reason: nLLIeJI Haxyu ye6ok!!!!!!!.
L 04/24/2012 - 12:44:42: [pbk.amxx] "<Ronaldinho Gaucho><4587><STEAM_0:0:967187912><TERRORIST>" was kicked for being AFK longer than 45 seconds.
L 04/24/2012 - 12:47:32: [pbk.amxx] "<eX'ExtR1m [TM] | Faz1o><4621><STEAM_0:0:1438748357><CT>" was kicked for being AFK longer than 45 seconds.
L 04/24/2012 - 12:47:37: [pbk.amxx] "<eX'ExtR1m [TM] | Faz1o><4621><STEAM_0:0:1438748357><CT>" was kicked for being AFK longer than 45 seconds.
L 04/24/2012 - 12:47:42: [pbk.amxx] "<eX'ExtR1m [TM] | Faz1o><4621><STEAM_0:0:1438748357><CT>" was kicked for being AFK longer than 45 seconds.
L 04/24/2012 - 12:47:47: [pbk.amxx] "<eX'ExtR1m [TM] | Faz1o><4621><STEAM_0:0:1438748357><CT>" was kicked for being AFK longer than 45 seconds.
L 04/24/2012 - 12:49:02: [pbk.amxx] "<F1-[G]amin[G] |Kaktus><4604><STEAM_0:0:765412180><TERRORIST>" was kicked for being AFK longer than 45 seconds.
L 04/24/2012 - 12:49:38: -------- Mapchange to zm_fdust2x2 --------
L 04/24/2012 - 12:49:39: [admin_amxbans.amxx] Login: "= ACTION EXPRESS =<4583><STEAM_0:0:2105366972><>" became an admin (account "= ACTION EXPRESS =") (access "abcdefijmnopqtu") (address "83.139.180.185")
L 04/24/2012 - 12:49:39: [admin_amxbans.amxx] Login: "F1-[G]amin[G] |Mr.Pr9niK<4614><STEAM_0:0:1360403837><>" became an admin (account "F1-[G]amin[G] |Mr.Pr9niK") (access "t") (address "95.70.77.220")
L 04/24/2012 - 12:49:40: [amxbans.amxx] [AMXBANS] AMXBans 5.0 is online
L 04/24/2012 - 12:52:23: [pbk.amxx] "<zik><4640><STEAM_0:0:1268232367><SPECTATOR>" was kicked for spectating longer than 2 minutes.
L 04/24/2012 - 12:54:38: [pbk.amxx] "<klon LEONID><4647><STEAM_0:0:471299566><CT>" was kicked for being AFK longer than 45 seconds.
L 04/24/2012 - 12:59:48: [pbk.amxx] "<F1-[G]amin[G] |Kaktus><4645><STEAM_0:0:765412180><CT>" was kicked for being AFK longer than 45 seconds.
L 04/24/2012 - 13:01:18: [pbk.amxx] "<Alexa[LSV]><4544><STEAM_0:0:727675318><CT>" was kicked for being AFK longer than 45 seconds.
L 04/24/2012 - 13:04:38: [pbk.amxx] "<F1-[G]amin[G] l Termin@tor><4639><STEAM_0:0:543384798><CT>" was kicked for being AFK longer than 45 seconds.
L 04/24/2012 - 13:04:38: [pbk.amxx] "<GerakL><4633><STEAM_0:0:2046040496><CT>" was kicked for being AFK longer than 45 seconds.
L 04/24/2012 - 13:07:08: [pbk.amxx] "<[_SkyLiNe_] IIaPaBo3><4556><STEAM_0:0:1608689408><TERRORIST>" was kicked for being AFK longer than 45 seconds.
L 04/24/2012 - 13:12:57: -------- Mapchange to zm_dust_siege_final --------
L 04/24/2012 - 13:12:58: [admin_amxbans.amxx] Login: "F1-[G]amin[G] |Mr.Pr9niK<4614><STEAM_0:0:1360403837><>" became an admin (account "F1-[G]amin[G] |Mr.Pr9niK") (access "t") (address "95.70.77.220")
L 04/24/2012 - 13:12:58: [amxbans.amxx] [AMXBANS] AMXBans 5.0 is online
L 04/24/2012 - 13:19:52: [pbk.amxx] "<[_SkyLiNe_] ?!><4675><STEAM_ID_LAN><CT>" was kicked for being AFK longer than 45 seconds.
L 04/24/2012 - 13:28:11: [pbk.amxx] "<zik><4669><STEAM_0:0:1268232367><CT>" was kicked for being AFK longer than 45 seconds.
L 04/24/2012 - 13:29:41: [pbk.amxx] "<kostrov><4623><STEAM_ID_LAN><TERRORIST>" was kicked for being AFK longer than 45 seconds.
L 04/24/2012 - 13:32:51: [pbk.amxx] "<[NO-UCP] TEXHOJIAG><4671><STEAM_0:0:563437955><TERRORIST>" was kicked for being AFK longer than 45 seconds.
L 04/24/2012 - 13:34:38: -------- Mapchange to zm_dust_brick_b1_fx --------
L 04/24/2012 - 13:34:38: [walkguard.amxx] no zone-file found
L 04/24/2012 - 13:34:39: [amxbans.amxx] [AMXBANS] AMXBans 5.0 is online
L 04/24/2012 - 13:43:02: [pbk.amxx] "<[_SkyLiNe_] ?!><4695><STEAM_ID_LAN><TERRORIST>" was kicked for being AFK longer than 45 seconds.
L 04/24/2012 - 13:44:22: [pbk.amxx] "<[13]DoNBaSS_[HAEMHUK]><4551><STEAM_0:0:84152063><CT>" was kicked for being AFK longer than 45 seconds.
L 04/24/2012 - 13:46:47: [pbk.amxx] "<[p][R][o]100<4ok>*DooMRotter><4707><STEAM_0:0:1388113346><TERRORIST>" was kicked for being AFK longer than 45 seconds.
L 04/24/2012 - 13:46:52: [pbk.amxx] "<[p][R][o]100<4ok>*DooMRotter><4707><STEAM_0:0:1388113346><TERRORIST>" was kicked for being AFK longer than 45 seconds.
L 04/24/2012 - 13:46:57: [pbk.amxx] "<[p][R][o]100<4ok>*DooMRotter><4707><STEAM_0:0:1388113346><TERRORIST>" was kicked for being AFK longer than 45 seconds.
L 04/24/2012 - 13:47:02: [pbk.amxx] "<[p][R][o]100<4ok>*DooMRotter><4707><STEAM_0:0:1388113346><TERRORIST>" was kicked for being AFK longer than 45 seconds.
L 04/24/2012 - 13:47:12: [pbk.amxx] "<[p][R][o]100<4ok>*DooMRotter><4707><STEAM_0:0:1388113346><TERRORIST>" was kicked for being AFK longer than 45 seconds.
L 04/24/2012 - 13:47:17: [pbk.amxx] "<[p][R][o]100<4ok>*DooMRotter><4707><STEAM_0:0:1388113346><TERRORIST>" was kicked for being AFK longer than 45 seconds.
L 04/24/2012 - 13:47:22: [pbk.amxx] "<[p][R][o]100<4ok>*DooMRotter><4707><STEAM_0:0:1388113346><TERRORIST>" was kicked for being AFK longer than 45 seconds.
L 04/24/2012 - 13:47:27: [pbk.amxx] "<[p][R][o]100<4ok>*DooMRotter><4707><STEAM_0:0:1388113346><TERRORIST>" was kicked for being AFK longer than 45 seconds.
L 04/24/2012 - 13:47:32: [pbk.amxx] "<[p][R][o]100<4ok>*DooMRotter><4707><STEAM_0:0:1388113346><TERRORIST>" was kicked for being AFK longer than 45 seconds.
L 04/24/2012 - 13:47:37: [pbk.amxx] "<[p][R][o]100<4ok>*DooMRotter><4707><STEAM_0:0:1388113346><TERRORIST>" was kicked for being AFK longer than 45 seconds.
L 04/24/2012 - 13:47:42: [pbk.amxx] "<[p][R][o]100<4ok>*DooMRotter><4707><STEAM_0:0:1388113346><TERRORIST>" was kicked for being AFK longer than 45 seconds.
L 04/24/2012 - 13:49:37: [pbk.amxx] "<cTyDeHT><4667><STEAM_ID_LAN><TERRORIST>" was kicked for being AFK longer than 45 seconds.
L 04/24/2012 - 13:53:32: [pbk.amxx] "<[>_<]MaRmElaD><4692><STEAM_0:0:2137650844><TERRORIST>" was kicked for being AFK longer than 45 seconds.
L 04/24/2012 - 13:53:37: [pbk.amxx] "<[>_<]MaRmElaD><4692><STEAM_0:0:2137650844><TERRORIST>" was kicked for being AFK longer than 45 seconds.
L 04/24/2012 - 13:53:42: [pbk.amxx] "<[>_<]MaRmElaD><4692><STEAM_0:0:2137650844><TERRORIST>" was kicked for being AFK longer than 45 seconds.
L 04/24/2012 - 13:53:47: [pbk.amxx] "<[>_<]MaRmElaD><4692><STEAM_0:0:2137650844><TERRORIST>" was kicked for being AFK longer than 45 seconds.
L 04/24/2012 - 13:54:41: -------- Mapchange to zm_kill_duster_2 --------
L 04/24/2012 - 13:54:42: [amxbans.amxx] [AMXBANS] AMXBans 5.0 is online
L 04/24/2012 - 13:58:45: [pbk.amxx] "<Olympus Bot><4664><STEAM_ID_LAN><TERRORIST>" was kicked for being AFK longer than 45 seconds.
L 04/24/2012 - 14:01:52: [admin_amxbans.amxx] Login: "F1-[G]amin[G] |Mr.Pr9niK<4757><STEAM_0:0:1360403837><>" became an admin (account "F1-[G]amin[G] |Mr.Pr9niK") (access "t") (address "95.70.77.220")
L 04/24/2012 - 14:05:50: [pbk.amxx] "<Olympus Bot><4758><STEAM_ID_LAN><CT>" was kicked for being AFK longer than 45 seconds.
L 04/24/2012 - 14:08:21: [pbk.amxx] "<NEVEC><4739><STEAM_0:0:702667821><TERRORIST>" was kicked for being AFK longer than 45 seconds.
L 04/24/2012 - 14:08:56: [voteban.amxx] Voteban starter F1-[G]amin[G] |Mr.Pr9niK against ToKiD STEAM_0:0:1087661071
L 04/24/2012 - 14:09:11: [voteban.amxx] [AMXX] BANNED: ToKiD, STARTER: F1-[G]amin[G] |Mr.Pr9niK
L 04/24/2012 - 14:09:12: [amxbans.amxx]  –ó–æ–º–±–∏ —Å–µ—Ä–≤–µ—Ä (x_x(O_o)x_x) Go Zombie !!!<0><><> banned ToKiD<STEAM_0:0:1087661071> for 30 minutes (30 minutes). Reason: VIP->F1-[G]amin[G] |Mr.Pr9niK.
L 04/24/2012 - 14:15:36: -------- Mapchange to zm_snow_s1h_v2 --------
L 04/24/2012 - 14:15:36: [walkguard.amxx] no zone-file found
L 04/24/2012 - 14:15:37: [admin_amxbans.amxx] Login: "F1-[G]amin[G] |Mr.Pr9niK<4757><STEAM_0:0:1360403837><>" became an admin (account "F1-[G]amin[G] |Mr.Pr9niK") (access "t") (address "95.70.77.220")
L 04/24/2012 - 14:15:37: [amxbans.amxx] [AMXBANS] AMXBans 5.0 is online
L 04/24/2012 - 14:21:55: [pbk.amxx] "<GerakL><4796><STEAM_0:0:2046040496><UNASSIGNED>" was kicked for failing to choose a team within 2 minutes.
L 04/24/2012 - 14:25:30: [pbk.amxx] "<dead space><4787><STEAM_ID_LAN><TERRORIST>" was kicked for being AFK longer than 45 seconds.
L 04/24/2012 - 14:26:50: [pbk.amxx] "<-=S.H.E.I.X.=-><4785><STEAM_0:0:1159539893><CT>" was kicked for being AFK longer than 45 seconds.
L 04/24/2012 - 14:30:10: [pbk.amxx] "<GerakL><4812><STEAM_0:0:2046040496><CT>" was kicked for being AFK longer than 45 seconds.
L 04/24/2012 - 14:30:15: [pbk.amxx] "<GerakL><4812><STEAM_0:0:2046040496><CT>" was kicked for being AFK longer than 45 seconds.
L 04/24/2012 - 14:30:20: [pbk.amxx] "<GerakL><4812><STEAM_0:0:2046040496><CT>" was kicked for being AFK longer than 45 seconds.
L 04/24/2012 - 14:30:25: [pbk.amxx] "<GerakL><4812><STEAM_0:0:2046040496><CT>" was kicked for being AFK longer than 45 seconds.
L 04/24/2012 - 14:30:30: [pbk.amxx] "<GerakL><4812><STEAM_0:0:2046040496><CT>" was kicked for being AFK longer than 45 seconds.
L 04/24/2012 - 14:30:35: [pbk.amxx] "<GerakL><4812><STEAM_0:0:2046040496><CT>" was kicked for being AFK longer than 45 seconds.
L 04/24/2012 - 14:30:40: [pbk.amxx] "<GerakL><4812><STEAM_0:0:2046040496><CT>" was kicked for being AFK longer than 45 seconds.
L 04/24/2012 - 14:30:45: [pbk.amxx] "<GerakL><4812><STEAM_0:0:2046040496><CT>" was kicked for being AFK longer than 45 seconds.
L 04/24/2012 - 14:30:50: [pbk.amxx] "<GerakL><4812><STEAM_0:0:2046040496><CT>" was kicked for being AFK longer than 45 seconds.
L 04/24/2012 - 14:30:55: [pbk.amxx] "<GerakL><4812><STEAM_0:0:2046040496><CT>" was kicked for being AFK longer than 45 seconds.
L 04/24/2012 - 14:32:30: [pbk.amxx] "<klon LEONID><4820><STEAM_0:0:471299566><TERRORIST>" was kicked for being AFK longer than 45 seconds.
L 04/24/2012 - 14:33:30: [pbk.amxx] "<F1-[G]amin[G] | KinG Amerika><4804><STEAM_ID_LAN><CT>" was kicked for being AFK longer than 45 seconds.
L 04/24/2012 - 14:34:35: [pbk.amxx] "<klon LEONID><4827><STEAM_0:0:471299566><CT>" was kicked for being AFK longer than 45 seconds.
L 04/24/2012 - 14:37:47: -------- Mapchange to zm_houses --------
L 04/24/2012 - 14:37:48: [amxbans.amxx] [AMXBANS] AMXBans 5.0 is online
L 04/24/2012 - 14:41:41: [pbk.amxx] "<[PRO100] OJIEHb><4760><STEAM_0:0:1506415880><CT>" was kicked for being AFK longer than 45 seconds.
L 04/24/2012 - 14:45:11: [pbk.amxx] "<F1-[G]amin[G] | KinG Amerika><4830><STEAM_ID_LAN><CT>" was kicked for being AFK longer than 45 seconds.
L 04/24/2012 - 14:46:01: [pbk.amxx] "<[PRO100] OJIEHb><4850><STEAM_0:0:1506415880><UNASSIGNED>" was kicked for failing to choose a team within 2 minutes.
L 04/24/2012 - 14:51:31: [pbk.amxx] "<[13]DoNBaSS_[HAEMHUK]><4805><STEAM_0:0:84152063><CT>" was kicked for being AFK longer than 45 seconds.
L 04/24/2012 - 14:51:36: [pbk.amxx] "<Sa1nt-Maxa4yxecc[+]18><4814><STEAM_0:0:1544741275><TERRORIST>" was kicked for being AFK longer than 45 seconds.
L 04/24/2012 - 14:56:36: [pbk.amxx] "<Pavlik_Narkoman><4863><STEAM_0:0:1419611273><CT>" was kicked for being AFK longer than 45 seconds.
L 04/24/2012 - 14:56:41: [pbk.amxx] "<Pavlik_Narkoman><4863><STEAM_0:0:1419611273><CT>" was kicked for being AFK longer than 45 seconds.
L 04/24/2012 - 14:56:46: [pbk.amxx] "<Pavlik_Narkoman><4863><STEAM_0:0:1419611273><CT>" was kicked for being AFK longer than 45 seconds.
L 04/24/2012 - 14:56:51: [pbk.amxx] "<Pavlik_Narkoman><4863><STEAM_0:0:1419611273><CT>" was kicked for being AFK longer than 45 seconds.
L 04/24/2012 - 14:56:56: [pbk.amxx] "<Pavlik_Narkoman><4863><STEAM_0:0:1419611273><CT>" was kicked for being AFK longer than 45 seconds.
L 04/24/2012 - 14:59:00: -------- Mapchange to zm_house_2011 --------
L 04/24/2012 - 14:59:02: [amxbans.amxx] [AMXBANS] AMXBans 5.0 is online
L 04/24/2012 - 15:01:25: [pbk.amxx] "<zik><4871><STEAM_0:0:1268232367><UNASSIGNED>" was kicked for failing to choose a team within 2 minutes.
L 04/24/2012 - 15:02:25: [pbk.amxx] "<F1-[G]amin[G] | KinG Amerika><4852><STEAM_ID_LAN><CT>" was kicked for being AFK longer than 45 seconds.
L 04/24/2012 - 15:02:55: [pbk.amxx] "<[PRO100] OJIEHb><4860><STEAM_0:0:1506415880><CT>" was kicked for being AFK longer than 45 seconds.
L 04/24/2012 - 15:04:20: [pbk.amxx] "<kostrov><4756><STEAM_ID_LAN><TERRORIST>" was kicked for being AFK longer than 45 seconds.
L 04/24/2012 - 15:12:55: [pbk.amxx] "<kostratorz><4874><STEAM_ID_LAN><CT>" was kicked for being AFK longer than 45 seconds.
L 04/24/2012 - 15:13:00: [pbk.amxx] "<kostratorz><4874><STEAM_ID_LAN><CT>" was kicked for being AFK longer than 45 seconds.
L 04/24/2012 - 15:13:05: [pbk.amxx] "<kostratorz><4874><STEAM_ID_LAN><CT>" was kicked for being AFK longer than 45 seconds.
L 04/24/2012 - 15:13:10: [pbk.amxx] "<kostratorz><4874><STEAM_ID_LAN><CT>" was kicked for being AFK longer than 45 seconds.
L 04/24/2012 - 15:15:25: [pbk.amxx] "<F1-[G]amin[G] | KinG Amerika><4891><STEAM_ID_LAN><TERRORIST>" was kicked for being AFK longer than 45 seconds.
L 04/24/2012 - 15:20:25: -------- Mapchange to zm_abbac --------
L 04/24/2012 - 15:20:27: [amxbans.amxx] [AMXBANS] AMXBans 5.0 is online
L 04/24/2012 - 15:22:50: [pbk.amxx] "<klon LEONID><4921><STEAM_0:0:471299566><TERRORIST>" was kicked for being AFK longer than 45 seconds.
L 04/24/2012 - 15:28:20: [pbk.amxx] "<Sa1nt-Maxa4yxecc[+]18><4928><STEAM_0:0:1544741275><CT>" was kicked for being AFK longer than 45 seconds.
L 04/24/2012 - 15:28:30: [pbk.amxx] "<TURIST><4833><STEAM_ID_LAN><CT>" was kicked for being AFK longer than 45 seconds.
L 04/24/2012 - 15:33:40: [pbk.amxx] "<CS.ROXCS.LV><4941><STEAM_0:0:2072229925><SPECTATOR>" was kicked for spectating longer than 2 minutes.
L 04/24/2012 - 15:34:45: [pbk.amxx] "<Kurt Kombain><4942><STEAM_0:0:496272388><UNASSIGNED>" was kicked for failing to choose a team within 2 minutes.
L 04/24/2012 - 15:35:50: [pbk.amxx] "<CS.ROXCS.LV><4943><STEAM_0:0:2072229925><SPECTATOR>" was kicked for spectating longer than 2 minutes.
L 04/24/2012 - 15:36:20: [pbk.amxx] "<VbInOsim_InKoGnItO:D><4907><STEAM_0:0:1295001255><SPECTATOR>" was kicked for spectating longer than 2 minutes.
L 04/24/2012 - 15:37:14: [admin_amxbans.amxx] Login: "~dark_light<4949><STEAM_0:0:743756224><>" became an admin (account "~dark_light") (access "abcdefgijmnoprstu") (address "178.121.184.10")
L 04/24/2012 - 15:37:56: [plmenu.amxx] Cmd: "~dark_light<4949><STEAM_0:0:743756224><>" slay "F1-[G]amin[G] |Kaktus<4926><STEAM_0:0:765412180><>"
L 04/24/2012 - 15:38:50: [pbk.amxx] "<CS.ROXCS.LV><4948><STEAM_0:0:2072229925><SPECTATOR>" was kicked for spectating longer than 2 minutes.
L 04/24/2012 - 15:39:00: [pbk.amxx] "<klon LEONID><4930><STEAM_0:0:471299566><TERRORIST>" was kicked for being AFK longer than 45 seconds.
L 04/24/2012 - 15:40:37: -------- Mapchange to 016 --------
L 04/24/2012 - 15:40:38: [walkguard.amxx] no zone-file found
L 04/24/2012 - 15:40:38: [admin_amxbans.amxx] Login: "~dark_light<4949><STEAM_0:0:743756224><>" became an admin (account "~dark_light") (access "abcdefgijmnoprstu") (address "178.121.184.10")
L 04/24/2012 - 15:40:39: [amxbans.amxx] [AMXBANS] AMXBans 5.0 is online
L 04/24/2012 - 15:44:07: [pbk.amxx] "<F1-[G]amin[G] | KinG Amerika><4936><STEAM_ID_LAN><CT>" was kicked for being AFK longer than 45 seconds.
L 04/24/2012 - 15:46:30: [amxbans.amxx]  –ó–æ–º–±–∏ —Å–µ—Ä–≤–µ—Ä (x_x(O_o)x_x) Go Zombie !!!<0><><> banned F1-[G]amin[G] |Kaktus<STEAM_0:0:765412180> for 2 weeks (20160 minutes). Reason: 26" "Game Destroyer".
L 04/24/2012 - 15:50:57: [pbk.amxx] "<F1-[G]amin[G] |Narko Kent><4950><STEAM_0:0:694808668><TERRORIST>" was kicked for being AFK longer than 45 seconds.
L 04/24/2012 - 15:51:47: [pbk.amxx] "<CS.ROXCS.LV><4955><STEAM_0:0:2072229925><TERRORIST>" was kicked for being AFK longer than 45 seconds.
L 04/24/2012 - 15:52:39: [admincmd.amxx] Cmd: "~dark_light<4949><STEAM_0:0:743756224><>" ask for players list
L 04/24/2012 - 15:53:32: [pbk.amxx] "<n1ne><4971><STEAM_0:0:12605980><UNASSIGNED>" was kicked for failing to choose a team within 2 minutes.
L 04/24/2012 - 15:54:02: [pbk.amxx] "<TURIST><4934><STEAM_ID_LAN><CT>" was kicked for being AFK longer than 45 seconds.
L 04/24/2012 - 15:56:07: [pbk.amxx] "<CS.ROXCS.LV><4972><STEAM_0:0:2072229925><TERRORIST>" was kicked for being AFK longer than 45 seconds.
L 04/24/2012 - 15:56:17: [pbk.amxx] "<n1ne><4981><STEAM_0:0:12605980><UNASSIGNED>" was kicked for failing to choose a team within 2 minutes.
L 04/24/2012 - 15:59:17: [pbk.amxx] "<n1ne><4986><STEAM_0:0:12605980><UNASSIGNED>" was kicked for failing to choose a team within 2 minutes.
L 04/24/2012 - 15:59:19: -------- Mapchange to ze_egypt --------
L 04/24/2012 - 15:59:20: [walkguard.amxx] no zone-file found
L 04/24/2012 - 15:59:20: [admin_amxbans.amxx] Login: "~dark_light<4949><STEAM_0:0:743756224><>" became an admin (account "~dark_light") (access "abcdefgijmnoprstu") (address "178.121.184.10")
L 04/24/2012 - 15:59:21: [amxbans.amxx] [AMXBANS] AMXBans 5.0 is online
L 04/24/2012 - 15:59:24: [admin_amxbans.amxx] Login: "~dark_light<4998><STEAM_0:0:743756224><>" became an admin (account "~dark_light") (access "abcdefgijmnoprstu") (address "178.121.184.10")
L 04/24/2012 - 16:01:52: [plmenu.amxx] Cmd: "~dark_light<4998><STEAM_0:0:743756224><>" slay "F1-[G]amin[G] |Narko Kent<5000><STEAM_0:0:694808668><>"
L 04/24/2012 - 16:02:30: [admin_amxbans.amxx] Login: "FuckOFF | 4eSteR<5029><STEAM_0:0:1295282661><>" became an admin (account "FuckOFF | 4eSteR") (access "t") (address "95.72.165.200")
L 04/24/2012 - 16:02:34: [admin_amxbans.amxx] Login: "FuckOFF | 4eSteR<5030><STEAM_0:0:1295282661><>" became an admin (account "FuckOFF | 4eSteR") (access "t") (address "95.72.165.200")
L 04/24/2012 - 16:03:01: [plmenu.amxx] Cmd: "~dark_light<4998><STEAM_0:0:743756224><>" slay "[PRO100] OJIEHb<4999><STEAM_0:0:1506415880><>"
L 04/24/2012 - 16:03:54: [pbk.amxx] "<n1ne><5016><STEAM_0:0:12605980><UNASSIGNED>" was kicked for failing to choose a team within 2 minutes.
L 04/24/2012 - 16:04:44: [pbk.amxx] "<Tequila><4993><STEAM_0:0:766843818><CT>" was kicked for being AFK longer than 45 seconds.
L 04/24/2012 - 16:07:09: [plmenu.amxx] Cmd: "~dark_light<4998><STEAM_0:0:743756224><>" slay "BASNI krilova<4994><STEAM_0:1:22608419><>"
L 04/24/2012 - 16:07:40: [voteban.amxx] Voteban starter ~dark_light against BASNI krilova STEAM_0:1:22608419
L 04/24/2012 - 16:07:55: [voteban.amxx] [AMXX] BANNED: BASNI krilova, STARTER: ~dark_light
L 04/24/2012 - 16:07:56: [amxbans.amxx]  –ó–æ–º–±–∏ —Å–µ—Ä–≤–µ—Ä (x_x(O_o)x_x) Go Zombie !!!<0><><> banned unknown_STEAM_0:1:22608419<STEAM_0:1:22608419> for 30 minutes (30 minutes). Reason: VIP->~dark_light.
L 04/24/2012 - 16:08:41: [voteban.amxx] Voteban starter ~dark_light against [PRO100] OJIEHb STEAM_0:0:1506415880
L 04/24/2012 - 16:08:56: [voteban.amxx] [AMXX] BANNED: [PRO100] OJIEHb, STARTER: ~dark_light
L 04/24/2012 - 16:08:57: [amxbans.amxx]  –ó–æ–º–±–∏ —Å–µ—Ä–≤–µ—Ä (x_x(O_o)x_x) Go Zombie !!!<0><><> banned [PRO100] OJIEHb<STEAM_0:0:1506415880> for 30 minutes (30 minutes). Reason: VIP->~dark_light.
L 04/24/2012 - 16:10:40: [plmenu.amxx] Kick: "~dark_light<4998><STEAM_0:0:743756224><>" kick "huynhdoanhvu33<5024><STEAM_ID_LAN><>"
L 04/24/2012 - 16:11:06: [plmenu.amxx] Kick: "~dark_light<4998><STEAM_0:0:743756224><>" kick "roger<5009><STEAM_ID_LAN><>"
L 04/24/2012 - 16:15:19: [amxbans.amxx] ~dark_light<4998><STEAM_0:0:743756224><CT> banned F1-[G]amin[G] |Narko Kent<STEAM_0:0:694808668> for 3 days (4320 minutes). Reason: Noob.
L 04/24/2012 - 16:15:21: [plmenu.amxx] Cmd: "~dark_light<4998><STEAM_0:0:743756224><>" slay "F1-[G]amin[G] |Narko Kent<5000><STEAM_0:0:694808668><>"
L 04/24/2012 - 16:19:24: -------- Mapchange to ze_jurassicpark --------
L 04/24/2012 - 16:19:25: [admin_amxbans.amxx] Login: "FuckOFF | 4eSteR<5030><STEAM_0:0:1295282661><>" became an admin (account "FuckOFF | 4eSteR") (access "t") (address "95.72.165.200")
L 04/24/2012 - 16:19:25: [admin_amxbans.amxx] Login: "~dark_light<4998><STEAM_0:0:743756224><>" became an admin (account "~dark_light") (access "abcdefgijmnoprstu") (address "178.121.184.10")
L 04/24/2012 - 16:19:26: [amxbans.amxx] [AMXBANS] AMXBans 5.0 is online
L 04/24/2012 - 16:24:39: [voteban.amxx] Voteban starter ~dark_light against Bully STEAM_0:0:263990190
L 04/24/2012 - 16:24:54: [voteban.amxx] [AMXX] BANNED: Bully, STARTER: ~dark_light
L 04/24/2012 - 16:24:55: [amxbans.amxx]  –ó–æ–º–±–∏ —Å–µ—Ä–≤–µ—Ä (x_x(O_o)x_x) Go Zombie !!!<0><><> banned Bully<STEAM_0:0:263990190> for 30 minutes (30 minutes). Reason: VIP->~dark_light.
L 04/24/2012 - 16:32:04: [pbk.amxx] "<[13]DoNBaSS_[HAEMHUK]><4996><STEAM_0:0:84152063><CT>" was kicked for being AFK longer than 45 seconds.
L 04/24/2012 - 16:33:46: [plmenu.amxx] Cmd: "~dark_light<4998><STEAM_0:0:743756224><>" slay "~panda**<5010><STEAM_0:0:561128111><>"
L 04/24/2012 - 16:34:01: [voteban.amxx] Voteban starter FuckOFF | 4eSteR against **XOREK** STEAM_0:0:556723658
L 04/24/2012 - 16:34:16: [voteban.amxx] [AMXX] BANNED: **XOREK**, STARTER: FuckOFF | 4eSteR
L 04/24/2012 - 16:34:17: [amxbans.amxx]  –ó–æ–º–±–∏ —Å–µ—Ä–≤–µ—Ä (x_x(O_o)x_x) Go Zombie !!!<0><><> banned **XOREK**<STEAM_0:0:556723658> for 30 minutes (30 minutes). Reason: VIP->FuckOFF | 4eSteR.
L 04/24/2012 - 16:35:14: [pbk.amxx] "<zik><5084><STEAM_0:0:1268232367><CT>" was kicked for being AFK longer than 45 seconds.
L 04/24/2012 - 16:36:59: [voteban.amxx] Voteban starter ~dark_light against ~panda** STEAM_0:0:561128111
L 04/24/2012 - 16:37:14: [voteban.amxx] [AMXX] BANNED: ~panda**, STARTER: ~dark_light
L 04/24/2012 - 16:37:15: [amxbans.amxx]  –ó–æ–º–±–∏ —Å–µ—Ä–≤–µ—Ä (x_x(O_o)x_x) Go Zombie !!!<0><><> banned unknown_STEAM_0:0:561128111<STEAM_0:0:561128111> for 30 minutes (30 minutes). Reason: VIP->~dark_light.
L 04/24/2012 - 16:39:47: -------- Mapchange to zm_monsterhouse --------
L 04/24/2012 - 16:39:48: [admin_amxbans.amxx] Login: "FuckOFF | 4eSteR<5030><STEAM_0:0:1295282661><>" became an admin (account "FuckOFF | 4eSteR") (access "t") (address "95.72.165.200")
L 04/24/2012 - 16:39:48: [admin_amxbans.amxx] Login: "~dark_light<4998><STEAM_0:0:743756224><>" became an admin (account "~dark_light") (access "abcdefgijmnoprstu") (address "178.121.184.10")
L 04/24/2012 - 16:39:49: [amxbans.amxx] [AMXBANS] AMXBans 5.0 is online
L 04/24/2012 - 16:42:37: [pbk.amxx] "<zik><5141><STEAM_0:0:1268232367><UNASSIGNED>" was kicked for failing to choose a team within 2 minutes.
L 04/24/2012 - 16:42:40: [admin_amxbans.amxx] Login: "F1-[G]amin[G] |Mr.Pr9niK<5146><STEAM_0:0:1360403837><>" became an admin (account "F1-[G]amin[G] |Mr.Pr9niK") (access "t") (address "95.70.77.220")
L 04/24/2012 - 16:46:07: [pbk.amxx] "<KaPaTe^p><5143><STEAM_ID_LAN><CT>" was kicked for being AFK longer than 45 seconds.
L 04/24/2012 - 16:48:12: [pbk.amxx] "<kostrov><5134><STEAM_ID_LAN><CT>" was kicked for being AFK longer than 45 seconds.
L 04/24/2012 - 17:00:18: [amxbans.amxx] [Amxbans] Query failed!
L 04/24/2012 - 17:00:18: [amxbans.amxx] [Amxbans] Threaded query error, location: 18
L 04/24/2012 - 17:00:18: [amxbans.amxx] [Amxbans] Message: You have an error in your SQL syntax; check the manual that corresponds to your MySQL server version for the right syntax to use near ''am' at line 1 (1064)
L 04/24/2012 - 17:00:18: [amxbans.amxx] [Amxbans] Query statement: 
L 04/24/2012 - 17:00:28: [amxbans.amxx] [Amxbans] Query failed!
L 04/24/2012 - 17:00:28: [amxbans.amxx] [Amxbans] Threaded query error, location: 18
L 04/24/2012 - 17:00:28: [amxbans.amxx] [Amxbans] Message: You have an error in your SQL syntax; check the manual that corresponds to your MySQL server version for the right syntax to use near ''am' at line 1 (1064)
L 04/24/2012 - 17:00:28: [amxbans.amxx] [Amxbans] Query statement: 
L 04/24/2012 - 17:03:04: -------- Mapchange to zm_fdust2x2 --------
L 04/24/2012 - 17:03:05: [admin_amxbans.amxx] Login: "FuckOFF | 4eSteR<5030><STEAM_0:0:1295282661><>" became an admin (account "FuckOFF | 4eSteR") (access "t") (address "95.72.165.200")
L 04/24/2012 - 17:03:05: [admin_amxbans.amxx] Login: "~dark_light<4998><STEAM_0:0:743756224><>" became an admin (account "~dark_light") (access "abcdefgijmnoprstu") (address "178.121.184.10")
L 04/24/2012 - 17:03:06: [amxbans.amxx] [AMXBANS] AMXBans 5.0 is online
L 04/24/2012 - 17:05:24: [pbk.amxx] "<NicoS><5191><STEAM_0:0:1347677559><UNASSIGNED>" was kicked for failing to choose a team within 2 minutes.
L 04/24/2012 - 17:05:24: [pbk.amxx] "<Neo><5109><STEAM_0:0:903725059><UNASSIGNED>" was kicked for failing to choose a team within 2 minutes.
L 04/24/2012 - 17:06:34: [pbk.amxx] "<[Difficult]_SEREGA><5189><STEAM_ID_LAN><CT>" was kicked for being AFK longer than 45 seconds.
L 04/24/2012 - 17:06:39: [pbk.amxx] "<[Difficult]_SEREGA><5189><STEAM_ID_LAN><CT>" was kicked for being AFK longer than 45 seconds.
L 04/24/2012 - 17:06:44: [pbk.amxx] "<[Difficult]_SEREGA><5189><STEAM_ID_LAN><CT>" was kicked for being AFK longer than 45 seconds.
L 04/24/2012 - 17:06:49: [pbk.amxx] "<[Difficult]_SEREGA><5189><STEAM_ID_LAN><CT>" was kicked for being AFK longer than 45 seconds.
L 04/24/2012 - 17:12:34: [pbk.amxx] "<zik><5162><STEAM_0:0:1268232367><CT>" was kicked for being AFK longer than 45 seconds.
L 04/24/2012 - 17:15:59: [pbk.amxx] "<Bublik><5114><STEAM_0:0:363952564><CT>" was kicked for being AFK longer than 45 seconds.
L 04/24/2012 - 17:16:04: [pbk.amxx] "<Bublik><5114><STEAM_0:0:363952564><CT>" was kicked for being AFK longer than 45 seconds.
L 04/24/2012 - 17:16:09: [pbk.amxx] "<$$$$  IIABLNK NARKOMAN $$$$><5163><STEAM_0:0:629425670><CT>" was kicked for being AFK longer than 45 seconds.
L 04/24/2012 - 17:16:09: [pbk.amxx] "<Bublik><5114><STEAM_0:0:363952564><CT>" was kicked for being AFK longer than 45 seconds.
L 04/24/2012 - 17:16:14: [pbk.amxx] "<Bublik><5114><STEAM_0:0:363952564><CT>" was kicked for being AFK longer than 45 seconds.
L 04/24/2012 - 17:16:32: [amxbans.amxx] [Amxbans] Query failed!
L 04/24/2012 - 17:16:32: [amxbans.amxx] [Amxbans] Threaded query error, location: 18
L 04/24/2012 - 17:16:32: [amxbans.amxx] [Amxbans] Message: You have an error in your SQL syntax; check the manual that corresponds to your MySQL server version for the right syntax to use near '' at line 1 (1064)
L 04/24/2012 - 17:16:32: [amxbans.amxx] [Amxbans] Query statement: 
L 04/24/2012 - 17:23:38: [admin_amxbans.amxx] Login: "Celldweller<5221><STEAM_0:0:1924579479><>" became an admin (account "Celldweller") (access "abcdefijmnopqtu") (address "178.127.173.149")
L 04/24/2012 - 17:24:09: [pbk.amxx] "<mike><5196><STEAM_0:0:2044909272><CT>" was kicked for being AFK longer than 45 seconds.
L 04/24/2012 - 17:24:14: [pbk.amxx] "<mike><5196><STEAM_0:0:2044909272><CT>" was kicked for being AFK longer than 45 seconds.
L 04/24/2012 - 17:24:19: [pbk.amxx] "<mike><5196><STEAM_0:0:2044909272><CT>" was kicked for being AFK longer than 45 seconds.
L 04/24/2012 - 17:24:29: -------- Mapchange to zm_caca --------
L 04/24/2012 - 17:24:30: [walkguard.amxx] no zone-file found
L 04/24/2012 - 17:24:30: [admin_amxbans.amxx] Login: "FuckOFF | 4eSteR<5030><STEAM_0:0:1295282661><>" became an admin (account "FuckOFF | 4eSteR") (access "t") (address "95.72.165.200")
L 04/24/2012 - 17:24:30: [admin_amxbans.amxx] Login: "Celldweller<5221><STEAM_0:0:1924579479><>" became an admin (account "Celldweller") (access "abcdefijmnopqtu") (address "178.127.173.149")
L 04/24/2012 - 17:24:31: [amxbans.amxx] [AMXBANS] AMXBans 5.0 is online
L 04/24/2012 - 17:24:38: [amxbans.amxx] [Amxbans] Query failed!
L 04/24/2012 - 17:24:38: [amxbans.amxx] [Amxbans] Threaded query error, location: 18
L 04/24/2012 - 17:24:38: [amxbans.amxx] [Amxbans] Message: You have an error in your SQL syntax; check the manual that corresponds to your MySQL server version for the right syntax to use near '' at line 1 (1064)
L 04/24/2012 - 17:24:38: [amxbans.amxx] [Amxbans] Query statement: 
L 04/24/2012 - 17:26:50: [admin_amxbans.amxx] Login: "Topaz<5231><STEAM_0:0:1460434637><>" became an admin (account "Topaz") (access "t") (address "91.194.111.250")
L 04/24/2012 - 17:31:14: [pbk.amxx] "<[p][R][o]100<4ok>*DooMRotter><5215><STEAM_0:0:1388113346><CT>" was kicked for being AFK longer than 45 seconds.
L 04/24/2012 - 17:34:54: [voteban.amxx] Voteban starter FuckOFF | 4eSteR against BaByska STEAM_0:0:1978454345
L 04/24/2012 - 17:35:10: [voteban.amxx] [AMXX] BANNED: BaByska, STARTER: FuckOFF | 4eSteR
L 04/24/2012 - 17:35:10: [amxbans.amxx]  –ó–æ–º–±–∏ —Å–µ—Ä–≤–µ—Ä (x_x(O_o)x_x) Go Zombie !!!<0><><> banned BaByska<STEAM_0:0:1978454345> for 30 minutes (30 minutes). Reason: VIP->FuckOFF | 4eSteR.
L 04/24/2012 - 17:36:54: [pbk.amxx] "<roger><5205><STEAM_ID_LAN><TERRORIST>" was kicked for being AFK longer than 45 seconds.
L 04/24/2012 - 17:37:49: [pbk.amxx] "<PaLermo><5238><STEAM_0:0:196401603><UNASSIGNED>" was kicked for failing to choose a team within 2 minutes.
L 04/24/2012 - 17:38:49: [pbk.amxx] "<GHOST^ 74 RUS><5237><STEAM_ID_LAN><CT>" was kicked for being AFK longer than 45 seconds.
L 04/24/2012 - 17:38:54: [pbk.amxx] "<GHOST^ 74 RUS><5237><STEAM_ID_LAN><CT>" was kicked for being AFK longer than 45 seconds.
L 04/24/2012 - 17:38:59: [pbk.amxx] "<GHOST^ 74 RUS><5237><STEAM_ID_LAN><CT>" was kicked for being AFK longer than 45 seconds.
L 04/24/2012 - 17:40:49: [pbk.amxx] "<MILASHKA DASHA><5240><STEAM_0:0:554518786><TERRORIST>" was kicked for being AFK longer than 45 seconds.
L 04/24/2012 - 17:44:30: -------- Mapchange to zm_decline2k --------
L 04/24/2012 - 17:44:31: [admin_amxbans.amxx] Login: "Celldweller<5221><STEAM_0:0:1924579479><>" became an admin (account "Celldweller") (access "abcdefijmnopqtu") (address "178.127.173.149")
L 04/24/2012 - 17:44:31: [admin_amxbans.amxx] Login: "FuckOFF | 4eSteR<5030><STEAM_0:0:1295282661><>" became an admin (account "FuckOFF | 4eSteR") (access "t") (address "95.72.165.200")
L 04/24/2012 - 17:44:31: [amxbans.amxx] [AMXBANS] AMXBans 5.0 is online
L 04/24/2012 - 17:44:38: [amxbans.amxx] [Amxbans] Query failed!
L 04/24/2012 - 17:44:38: [amxbans.amxx] [Amxbans] Threaded query error, location: 18
L 04/24/2012 - 17:44:38: [amxbans.amxx] [Amxbans] Message: You have an error in your SQL syntax; check the manual that corresponds to your MySQL server version for the right syntax to use near '' at line 1 (1064)
L 04/24/2012 - 17:44:38: [amxbans.amxx] [Amxbans] Query statement: 
L 04/24/2012 - 17:47:19: [pbk.amxx] "<[camper]><5263><STEAM_0:0:1437671126><TERRORIST>" was kicked for being AFK longer than 45 seconds.
L 04/24/2012 - 17:47:50: [pbk.amxx] "<zik><5265><STEAM_0:0:1268232367><UNASSIGNED>" was kicked for failing to choose a team within 2 minutes.
L 04/24/2012 - 17:52:30: [pbk.amxx] "<@k-56-rus><5272><STEAM_ID_LAN><UNASSIGNED>" was kicked for failing to choose a team within 2 minutes.
L 04/24/2012 - 17:54:40: [pbk.amxx] "<Dark_knight911><5278><STEAM_0:0:1763677387><SPECTATOR>" was kicked for spectating longer than 2 minutes.
L 04/24/2012 - 17:56:55: [pbk.amxx] "<5000><5268><STEAM_0:0:115086154><TERRORIST>" was kicked for being AFK longer than 45 seconds.
L 04/24/2012 - 17:57:00: [pbk.amxx] "<5000><5268><STEAM_0:0:115086154><TERRORIST>" was kicked for being AFK longer than 45 seconds.
L 04/24/2012 - 17:57:15: [pbk.amxx] "<5000><5268><STEAM_0:0:115086154><TERRORIST>" was kicked for being AFK longer than 45 seconds.
L 04/24/2012 - 17:57:20: [pbk.amxx] "<5000><5268><STEAM_0:0:115086154><TERRORIST>" was kicked for being AFK longer than 45 seconds.
L 04/24/2012 - 18:04:37: -------- Mapchange to zm_666_brick --------
L 04/24/2012 - 18:04:37: [walkguard.amxx] no zone-file found
L 04/24/2012 - 18:04:38: [amxbans.amxx] [AMXBANS] AMXBans 5.0 is online
L 04/24/2012 - 18:04:46: [amxbans.amxx] [Amxbans] Query failed!
L 04/24/2012 - 18:04:46: [amxbans.amxx] [Amxbans] Threaded query error, location: 18
L 04/24/2012 - 18:04:46: [amxbans.amxx] [Amxbans] Message: You have an error in your SQL syntax; check the manual that corresponds to your MySQL server version for the right syntax to use near '' at line 1 (1064)
L 04/24/2012 - 18:04:46: [amxbans.amxx] [Amxbans] Query statement: 
L 04/24/2012 - 18:08:56: [pbk.amxx] "<ak-47(: PIDAR :)><5258><STEAM_0:0:1171113900><CT>" was kicked for being AFK longer than 45 seconds.
L 04/24/2012 - 18:13:31: [pbk.amxx] "<mike><5229><STEAM_0:0:2044909272><CT>" was kicked for being AFK longer than 45 seconds.
L 04/24/2012 - 18:13:36: [pbk.amxx] "<mike><5229><STEAM_0:0:2044909272><CT>" was kicked for being AFK longer than 45 seconds.
L 04/24/2012 - 18:13:36: [pbk.amxx] "<<<< Ck@Tuk >>>><5301><STEAM_0:0:355144688><TERRORIST>" was kicked for being AFK longer than 45 seconds.
L 04/24/2012 - 18:13:41: [pbk.amxx] "<mike><5229><STEAM_0:0:2044909272><CT>" was kicked for being AFK longer than 45 seconds.
L 04/24/2012 - 18:14:41: [pbk.amxx] "<Maksim><5296><STEAM_0:1:50125990><TERRORIST>" was kicked for being AFK longer than 45 seconds.
L 04/24/2012 - 18:23:06: [pbk.amxx] "<DieStro><5300><STEAM_0:0:489575886><CT>" was kicked for being AFK longer than 45 seconds.
L 04/24/2012 - 18:23:56: [pbk.amxx] "<Player><5330><STEAM_ID_LAN><UNASSIGNED>" was kicked for failing to choose a team within 2 minutes.
L 04/24/2012 - 18:25:21: [pbk.amxx] "<leks><5266><STEAM_0:0:763207328><CT>" was kicked for being AFK longer than 45 seconds.
L 04/24/2012 - 18:26:36: [pbk.amxx] "<INT+1><5327><STEAM_ID_LAN><TERRORIST>" was kicked for being AFK longer than 45 seconds.
L 04/24/2012 - 18:26:37: -------- Mapchange to zm_dd --------
L 04/24/2012 - 18:26:38: [walkguard.amxx] no zone-file found
L 04/24/2012 - 18:26:39: [amxbans.amxx] [AMXBANS] AMXBans 5.0 is online
L 04/24/2012 - 18:28:52: [pbk.amxx] "<Mister X><5147><STEAM_ID_LAN><TERRORIST>" was kicked for being AFK longer than 45 seconds.
L 04/24/2012 - 18:31:52: [pbk.amxx] "<[p][R][o]100<4ok>*DooMRotter><5236><STEAM_0:0:1388113346><CT>" was kicked for being AFK longer than 45 seconds.
L 04/24/2012 - 18:32:37: [pbk.amxx] "<Sa1nt-Maxa4yxecc[+]18><5336><STEAM_0:0:1544741275><TERRORIST>" was kicked for being AFK longer than 45 seconds.
L 04/24/2012 - 18:39:22: [pbk.amxx] "<Witja nosit nike><5309><STEAM_0:0:561844018><TERRORIST>" was kicked for being AFK longer than 45 seconds.
L 04/24/2012 - 18:39:30: [admin_amxbans.amxx] Login: "Celldweller<5353><STEAM_0:0:1924579479><>" became an admin (account "Celldweller") (access "abcdefijmnopqtu") (address "178.127.173.149")
L 04/24/2012 - 18:39:47: [pbk.amxx] "<Richard><5351><STEAM_ID_LAN><TERRORIST>" was kicked for being AFK longer than 45 seconds.
L 04/24/2012 - 18:41:39: [admin_amxbans.amxx] Login: "Celldweller<5357><STEAM_0:0:1924579479><>" became an admin (account "Celldweller") (access "abcdefijmnopqtu") (address "178.127.173.149")
L 04/24/2012 - 18:42:02: [pbk.amxx] "<GerakL><5302><STEAM_0:0:2046040496><TERRORIST>" was kicked for being AFK longer than 45 seconds.
L 04/24/2012 - 18:42:22: [pbk.amxx] "<dima 999><5325><STEAM_0:0:1932608815><CT>" was kicked for being AFK longer than 45 seconds.
L 04/24/2012 - 18:42:27: [pbk.amxx] "<dima 999><5325><STEAM_0:0:1932608815><CT>" was kicked for being AFK longer than 45 seconds.
L 04/24/2012 - 18:42:32: [pbk.amxx] "<dima 999><5325><STEAM_0:0:1932608815><CT>" was kicked for being AFK longer than 45 seconds.
L 04/24/2012 - 18:43:15: [admin_amxbans.amxx] Login: "FuckOFF | 4eSteR<5359><STEAM_0:0:1295282661><>" became an admin (account "FuckOFF | 4eSteR") (access "t") (address "95.72.165.200")
L 04/24/2012 - 18:46:27: [pbk.amxx] "<klon LEONID><5307><STEAM_0:0:471299566><CT>" was kicked for being AFK longer than 45 seconds.
L 04/24/2012 - 18:47:06: -------- Mapchange to zm_snow_s1h_v2 --------
L 04/24/2012 - 18:47:07: [walkguard.amxx] no zone-file found
L 04/24/2012 - 18:47:07: [admin_amxbans.amxx] Login: "FuckOFF | 4eSteR<5359><STEAM_0:0:1295282661><>" became an admin (account "FuckOFF | 4eSteR") (access "t") (address "95.72.165.200")
L 04/24/2012 - 18:47:07: [admin_amxbans.amxx] Login: "Celldweller<5357><STEAM_0:0:1924579479><>" became an admin (account "Celldweller") (access "abcdefijmnopqtu") (address "178.127.173.149")
L 04/24/2012 - 18:47:08: [amxbans.amxx] [AMXBANS] AMXBans 5.0 is online
L 04/24/2012 - 18:51:01: [pbk.amxx] "<klon LEONID><5370><STEAM_0:0:471299566><TERRORIST>" was kicked for being AFK longer than 45 seconds.
L 04/24/2012 - 18:51:51: [pbk.amxx] "<**XOREK**><5343><STEAM_0:0:556723658><CT>" was kicked for being AFK longer than 45 seconds.
L 04/24/2012 - 18:52:11: [pbk.amxx] "<Sa1nt-Maxa4yxecc[+]18><5355><STEAM_0:0:1544741275><TERRORIST>" was kicked for being AFK longer than 45 seconds.
L 04/24/2012 - 18:55:36: [pbk.amxx] "<[PRO]OJIEHb><5372><STEAM_0:0:1506415880><UNASSIGNED>" was kicked for failing to choose a team within 2 minutes.
L 04/24/2012 - 18:56:51: [pbk.amxx] "<s/t/r/e/lok/><5151><STEAM_0:0:16163994><CT>" was kicked for being AFK longer than 45 seconds.
L 04/24/2012 - 19:02:31: [pbk.amxx] "<_-_pro100 master_-_><5373><STEAM_0:0:1160500933><TERRORIST>" was kicked for being AFK longer than 45 seconds.
L 04/24/2012 - 19:08:06: [pbk.amxx] "<F1-[G]amin[G] | KinG Amerika><5395><STEAM_ID_LAN><TERRORIST>" was kicked for being AFK longer than 45 seconds.
L 04/24/2012 - 19:09:48: -------- Mapchange to zm_kill_duster_2 --------
L 04/24/2012 - 19:09:50: [amxbans.amxx] [AMXBANS] AMXBans 5.0 is online
L 04/24/2012 - 19:27:23: [pbk.amxx] "<Nik  dolgiu><5377><STEAM_0:0:34256533><TERRORIST>" was kicked for being AFK longer than 45 seconds.
L 04/24/2012 - 19:27:28: [pbk.amxx] "<Nik  dolgiu><5377><STEAM_0:0:34256533><TERRORIST>" was kicked for being AFK longer than 45 seconds.
L 04/24/2012 - 19:27:33: [pbk.amxx] "<Nik  dolgiu><5377><STEAM_0:0:34256533><TERRORIST>" was kicked for being AFK longer than 45 seconds.
L 04/24/2012 - 19:27:38: [pbk.amxx] "<Nik  dolgiu><5377><STEAM_0:0:34256533><TERRORIST>" was kicked for being AFK longer than 45 seconds.
L 04/24/2012 - 19:27:43: [pbk.amxx] "<Nik  dolgiu><5377><STEAM_0:0:34256533><TERRORIST>" was kicked for being AFK longer than 45 seconds.
L 04/24/2012 - 19:27:48: [pbk.amxx] "<Nik  dolgiu><5377><STEAM_0:0:34256533><TERRORIST>" was kicked for being AFK longer than 45 seconds.
L 04/24/2012 - 19:28:08: [pbk.amxx] "<Immort@L><5388><STEAM_0:0:1137623610><TERRORIST>" was kicked for being AFK longer than 45 seconds.
L 04/24/2012 - 19:28:13: [pbk.amxx] "<Immort@L><5388><STEAM_0:0:1137623610><TERRORIST>" was kicked for being AFK longer than 45 seconds.
L 04/24/2012 - 19:28:18: [pbk.amxx] "<Immort@L><5388><STEAM_0:0:1137623610><TERRORIST>" was kicked for being AFK longer than 45 seconds.
L 04/24/2012 - 19:30:03: [pbk.amxx] "<Nik  dolgiu><5377><STEAM_0:0:34256533><CT>" was kicked for being AFK longer than 45 seconds.
L 04/24/2012 - 19:30:08: [pbk.amxx] "<Nik  dolgiu><5377><STEAM_0:0:34256533><CT>" was kicked for being AFK longer than 45 seconds.
L 04/24/2012 - 19:30:23: [pbk.amxx] "<Nik  dolgiu><5377><STEAM_0:0:34256533><TERRORIST>" was kicked for being AFK longer than 45 seconds.
L 04/24/2012 - 19:30:28: [pbk.amxx] "<Nik  dolgiu><5377><STEAM_0:0:34256533><TERRORIST>" was kicked for being AFK longer than 45 seconds.
L 04/24/2012 - 19:30:33: [pbk.amxx] "<Nik  dolgiu><5377><STEAM_0:0:34256533><TERRORIST>" was kicked for being AFK longer than 45 seconds.
L 04/24/2012 - 19:30:38: [pbk.amxx] "<Nik  dolgiu><5377><STEAM_0:0:34256533><CT>" was kicked for being AFK longer than 45 seconds.
L 04/24/2012 - 19:30:43: [pbk.amxx] "<Nik  dolgiu><5377><STEAM_0:0:34256533><CT>" was kicked for being AFK longer than 45 seconds.
L 04/24/2012 - 19:30:48: [pbk.amxx] "<Nik  dolgiu><5377><STEAM_0:0:34256533><CT>" was kicked for being AFK longer than 45 seconds.
L 04/24/2012 - 19:30:48: [pbk.amxx] "<Sa1nt-Maxa4yxecc[+]18><5383><STEAM_0:0:1544741275><CT>" was kicked for being AFK longer than 45 seconds.
L 04/24/2012 - 19:30:53: [pbk.amxx] "<Nik  dolgiu><5377><STEAM_0:0:34256533><CT>" was kicked for being AFK longer than 45 seconds.
L 04/24/2012 - 19:30:58: [pbk.amxx] "<Nik  dolgiu><5377><STEAM_0:0:34256533><CT>" was kicked for being AFK longer than 45 seconds.
L 04/24/2012 - 19:31:03: [pbk.amxx] "<Nik  dolgiu><5377><STEAM_0:0:34256533><CT>" was kicked for being AFK longer than 45 seconds.
L 04/24/2012 - 19:31:08: [pbk.amxx] "<Nik  dolgiu><5377><STEAM_0:0:34256533><CT>" was kicked for being AFK longer than 45 seconds.
L 04/24/2012 - 19:37:06: -------- Mapchange to zm_cpl_mill_kamp --------
L 04/24/2012 - 19:37:08: [amxbans.amxx] [AMXBANS] AMXBans 5.0 is online
L 04/24/2012 - 19:38:41: [pbk.amxx] "<Sa1nt-Maxa4yxecc[+]18><5447><STEAM_0:0:1544741275><CT>" was kicked for being AFK longer than 45 seconds.
L 04/24/2012 - 19:39:31: [pbk.amxx] "<Nik  dolgiu><5377><STEAM_0:0:34256533><CT>" was kicked for failing to choose a team within 2 minutes.
L 04/24/2012 - 19:39:54: [admin_amxbans.amxx] Login: "KpuMuHaJI_B_MaKgoHaJIgCe<5455><STEAM_0:0:352547479><>" became an admin (account "KpuMuHaJI_B_MaKgoHaJIgCe") (access "t") (address "178.130.42.13")
L 04/24/2012 - 19:41:26: [pbk.amxx] "<CHAMPION><5453><STEAM_ID_LAN><CT>" was kicked for being AFK longer than 45 seconds.
L 04/24/2012 - 19:47:11: [voteban.amxx] Voteban starter KpuMuHaJI_B_MaKgoHaJIgCe against BaJIeHok Cu6upckuu STEAM_0:0:1036782365
L 04/24/2012 - 19:47:26: [voteban.amxx] [AMXX] BANNED: BaJIeHok Cu6upckuu, STARTER: KpuMuHaJI_B_MaKgoHaJIgCe
L 04/24/2012 - 19:47:27: [amxbans.amxx]  –ó–æ–º–±–∏ —Å–µ—Ä–≤–µ—Ä (x_x(O_o)x_x) Go Zombie !!!<0><><> banned BaJIeHok Cu6upckuu<STEAM_0:0:1036782365> for 30 minutes (30 minutes). Reason: VIP->KpuMuHaJI_B_MaKgoHaJIgCe.
L 04/24/2012 - 19:47:46: [pbk.amxx] "<KpoT*><5429><STEAM_ID_LAN><CT>" was kicked for being AFK longer than 45 seconds.
L 04/24/2012 - 19:48:36: [pbk.amxx] "<BuweHka><5443><STEAM_0:0:144751224><CT>" was kicked for being AFK longer than 45 seconds.
L 04/24/2012 - 19:58:26: [pbk.amxx] "<DaNek><5462><STEAM_0:0:871181669><CT>" was kicked for being AFK longer than 45 seconds.
L 04/24/2012 - 19:59:02: -------- Mapchange to zm_dust_siege_final --------
L 04/24/2012 - 19:59:02: [admin_amxbans.amxx] Login: "KpuMuHaJI_B_MaKgoHaJIgCe<5455><STEAM_0:0:352547479><>" became an admin (account "KpuMuHaJI_B_MaKgoHaJIgCe") (access "t") (address "178.130.42.13")
L 04/24/2012 - 19:59:03: [amxbans.amxx] [AMXBANS] AMXBans 5.0 is online
L 04/24/2012 - 20:07:01: [pbk.amxx] "<DEXTER><5482><STEAM_0:0:628465817><UNASSIGNED>" was kicked for failing to choose a team within 2 minutes.
L 04/24/2012 - 20:07:28: [amxbans.amxx] [Amxbans] Query failed!
L 04/24/2012 - 20:07:28: [amxbans.amxx] [Amxbans] Threaded query error, location: 18
L 04/24/2012 - 20:07:28: [amxbans.amxx] [Amxbans] Message: You have an error in your SQL syntax; check the manual that corresponds to your MySQL server version for the right syntax to use near '' at line 1 (1064)
L 04/24/2012 - 20:07:28: [amxbans.amxx] [Amxbans] Query statement: 
L 04/24/2012 - 20:08:17: [admin_amxbans.amxx] Login: "Celldweller<5487><STEAM_0:0:1924579479><>" became an admin (account "Celldweller") (access "abcdefijmnopqtu") (address "178.127.173.149")
L 04/24/2012 - 20:19:42: -------- Mapchange to zm_zbek --------
L 04/24/2012 - 20:19:43: [walkguard.amxx] no zone-file found
L 04/24/2012 - 20:19:43: [admin_amxbans.amxx] Login: "Celldweller<5487><STEAM_0:0:1924579479><>" became an admin (account "Celldweller") (access "abcdefijmnopqtu") (address "178.127.173.149")
L 04/24/2012 - 20:19:44: [amxbans.amxx] [AMXBANS] AMXBans 5.0 is online
L 04/24/2012 - 20:19:53: [amxbans.amxx] [Amxbans] Query failed!
L 04/24/2012 - 20:19:53: [amxbans.amxx] [Amxbans] Threaded query error, location: 18
L 04/24/2012 - 20:19:53: [amxbans.amxx] [Amxbans] Message: You have an error in your SQL syntax; check the manual that corresponds to your MySQL server version for the right syntax to use near '' at line 1 (1064)
L 04/24/2012 - 20:19:53: [amxbans.amxx] [Amxbans] Query statement: 
L 04/24/2012 - 20:19:57: [amxbans.amxx] [Amxbans] Query failed!
L 04/24/2012 - 20:19:57: [amxbans.amxx] [Amxbans] Threaded query error, location: 18
L 04/24/2012 - 20:19:57: [amxbans.amxx] [Amxbans] Message: You have an error in your SQL syntax; check the manual that corresponds to your MySQL server version for the right syntax to use near ''amxbans' at line 1 (1064)
L 04/24/2012 - 20:19:57: [amxbans.amxx] [Amxbans] Query statement: 
L 04/24/2012 - 20:24:29: [admin_amxbans.amxx] Login: "~dark_light<5510><STEAM_0:0:743756224><>" became an admin (account "~dark_light") (access "abcdefgijmnoprstu") (address "178.121.184.10")
L 04/24/2012 - 20:28:25: [admin_amxbans.amxx] Login: "Celldweller<5514><STEAM_0:0:1924579479><>" became an admin (account "Celldweller") (access "abcdefijmnopqtu") (address "178.127.173.149")
L 04/24/2012 - 20:33:37: [pbk.amxx] "<fanatik zenita><5455><STEAM_0:0:352547479><TERRORIST>" was kicked for being AFK longer than 45 seconds.
L 04/24/2012 - 20:38:04: [plmenu.amxx] Cmd: "~dark_light<5510><STEAM_0:0:743756224><>" slay "dima 999<5325><STEAM_0:0:1932608815><>"
L 04/24/2012 - 20:42:55: -------- Mapchange to zm_house_2011 --------
L 04/24/2012 - 20:42:56: [admin_amxbans.amxx] Login: "~dark_light<5510><STEAM_0:0:743756224><>" became an admin (account "~dark_light") (access "abcdefgijmnoprstu") (address "178.121.184.10")
L 04/24/2012 - 20:42:56: [admin_amxbans.amxx] Login: "Celldweller<5514><STEAM_0:0:1924579479><>" became an admin (account "Celldweller") (access "abcdefijmnopqtu") (address "178.127.173.149")
L 04/24/2012 - 20:42:57: [amxbans.amxx] [AMXBANS] AMXBans 5.0 is online
L 04/24/2012 - 20:43:04: [amxbans.amxx] [Amxbans] Query failed!
L 04/24/2012 - 20:43:04: [amxbans.amxx] [Amxbans] Threaded query error, location: 18
L 04/24/2012 - 20:43:04: [amxbans.amxx] [Amxbans] Message: You have an error in your SQL syntax; check the manual that corresponds to your MySQL server version for the right syntax to use near ''amxbans' at line 1 (1064)
L 04/24/2012 - 20:43:04: [amxbans.amxx] [Amxbans] Query statement: 
L 04/24/2012 - 20:43:50: [amxbans.amxx] ~dark_light<5510><STEAM_0:0:743756224><SPECTATOR> banned zadro polnbl<STEAM_0:0:285852949> for 2 weeks (20160 minutes). Reason: WallHack.
L 04/24/2012 - 20:44:55: [admincmd.amxx] Cmd: "~dark_light<5510><STEAM_0:0:743756224><>" ask for players list
L 04/24/2012 - 20:45:59: [voteban.amxx] Voteban starter ~dark_light against Frick STEAM_0:0:439134219
L 04/24/2012 - 20:46:14: [voteban.amxx] [AMXX] BANNED: Frick, STARTER: ~dark_light
L 04/24/2012 - 20:46:15: [amxbans.amxx]  –ó–æ–º–±–∏ —Å–µ—Ä–≤–µ—Ä (x_x(O_o)x_x) Go Zombie !!!<0><><> banned Frick<STEAM_0:0:439134219> for 30 minutes (30 minutes). Reason: VIP->~dark_light.
L 04/24/2012 - 20:46:20: [pbk.amxx] "<Egorka><5531><STEAM_0:0:1439672928><CT>" was kicked for being AFK longer than 45 seconds.
L 04/24/2012 - 20:46:52: [admincmd.amxx] Kick: "~dark_light<5510><STEAM_0:0:743756224><>" leave some group (tag1 "dark_") (tag2 "") (tag3 "") (tag4 "")
L 04/24/2012 - 20:47:00: [amxbans.amxx] [Amxbans] Query failed!
L 04/24/2012 - 20:47:00: [amxbans.amxx] [Amxbans] Threaded query error, location: 18
L 04/24/2012 - 20:47:00: [amxbans.amxx] [Amxbans] Message: You have an error in your SQL syntax; check the manual that corresponds to your MySQL server version for the right syntax to use near ''amxbans' at line 1 (1064)
L 04/24/2012 - 20:47:00: [amxbans.amxx] [Amxbans] Query statement: 
L 04/24/2012 - 20:47:11: [admin_amxbans.amxx] Login: "Celldweller<5545><STEAM_0:0:1924579479><>" became an admin (account "Celldweller") (access "abcdefijmnopqtu") (address "178.127.173.149")
L 04/24/2012 - 20:50:31: -------- Mapchange to ze_egypt --------
L 04/24/2012 - 20:50:31: [walkguard.amxx] no zone-file found
L 04/24/2012 - 20:50:32: [admin_amxbans.amxx] Login: "~dark_light<5510><STEAM_0:0:743756224><>" became an admin (account "~dark_light") (access "abcdefgijmnoprstu") (address "178.121.184.10")
L 04/24/2012 - 20:50:32: [admin_amxbans.amxx] Login: "Celldweller<5545><STEAM_0:0:1924579479><>" became an admin (account "Celldweller") (access "abcdefijmnopqtu") (address "178.127.173.149")
L 04/24/2012 - 20:50:32: [amxbans.amxx] [AMXBANS] AMXBans 5.0 is online
L 04/24/2012 - 20:50:37: [admin_amxbans.amxx] Login: "Celldweller<5571><STEAM_0:0:1924579479><>" became an admin (account "Celldweller") (access "abcdefijmnopqtu") (address "178.127.173.149")
L 04/24/2012 - 20:50:41: [amxbans.amxx] [Amxbans] Query failed!
L 04/24/2012 - 20:50:41: [amxbans.amxx] [Amxbans] Threaded query error, location: 18
L 04/24/2012 - 20:50:41: [amxbans.amxx] [Amxbans] Message: You have an error in your SQL syntax; check the manual that corresponds to your MySQL server version for the right syntax to use near ''amxbans' at line 1 (1064)
L 04/24/2012 - 20:50:41: [amxbans.amxx] [Amxbans] Query statement: 
L 04/24/2012 - 20:50:44: [admin_amxbans.amxx] Login: "~dark_light<5584><STEAM_0:0:743756224><>" became an admin (account "~dark_light") (access "abcdefgijmnoprstu") (address "178.121.184.10")
L 04/24/2012 - 20:53:26: [admin_amxbans.amxx] Login: "4e-N<5597><STEAM_0:0:1836044300><>" became an admin (account "4e-N") (access "abcdefijmnopqtu") (address "78.37.234.6")
L 04/24/2012 - 20:53:30: [admin_amxbans.amxx] Login: "4e-N<5598><STEAM_0:0:1836044300><>" became an admin (account "4e-N") (access "abcdefijmnopqtu") (address "78.37.234.6")
L 04/24/2012 - 20:53:46: -------- Mapchange to ze_egypt --------
L 04/24/2012 - 20:53:47: [walkguard.amxx] no zone-file found
L 04/24/2012 - 20:53:47: [admin_amxbans.amxx] Login: "~dark_light<5584><STEAM_0:0:743756224><>" became an admin (account "~dark_light") (access "abcdefgijmnoprstu") (address "178.121.184.10")
L 04/24/2012 - 20:53:48: [amxbans.amxx] [AMXBANS] AMXBans 5.0 is online
L 04/24/2012 - 20:53:49: [admin_amxbans.amxx] Login: "4e-N<5598><STEAM_0:0:1836044300><>" became an admin (account "4e-N") (access "abcdefijmnopqtu") (address "78.37.234.6")
L 04/24/2012 - 20:55:07: [admincmd.amxx] Cmd: "4e-N<5598><STEAM_0:0:1836044300><>" ask for players list
L 04/24/2012 - 20:56:08: [admin_amxbans.amxx] Login: "Celldweller<5571><STEAM_0:0:1924579479><>" became an admin (account "Celldweller") (access "abcdefijmnopqtu") (address "178.127.173.149")
L 04/24/2012 - 20:56:09: [admincmd.amxx] Cmd: "Celldweller<5571><STEAM_0:0:1924579479><>" change nick to "DASHA" "MILASHKA DASHA<5575><STEAM_0:0:554518786><>"
L 04/24/2012 - 20:56:16: [pbk.amxx] "<kostrov><5573><STEAM_ID_LAN><TERRORIST>" was kicked for being AFK longer than 45 seconds.
L 04/24/2012 - 20:56:18: [admincmd.amxx] Cmd: "Celldweller<5571><STEAM_0:0:1924579479><>" change nick to "DASHA" "MILASHKA DASHA<5575><STEAM_0:0:554518786><>"
L 04/24/2012 - 20:56:29: [admincmd.amxx] Cmd: "Celldweller<5571><STEAM_0:0:1924579479><>" change nick to "DASHA" "MILASHKA DASHA<5575><STEAM_0:0:554518786><>"
L 04/24/2012 - 20:56:57: [admin_amxbans.amxx] Login: "Celldweller<5604><STEAM_0:0:1924579479><>" became an admin (account "Celldweller") (access "abcdefijmnopqtu") (address "178.127.173.149")
L 04/24/2012 - 21:02:21: [pbk.amxx] "<Egorka><5589><STEAM_0:0:1439672928><TERRORIST>" was kicked for being AFK longer than 45 seconds.
L 04/24/2012 - 21:07:55: [admin_amxbans.amxx] Login: "4e-N<5638><STEAM_0:0:1836044300><>" became an admin (account "4e-N") (access "abcdefijmnopqtu") (address "78.37.234.6")
L 04/24/2012 - 21:11:34: [admincmd.amxx] Kick: "~dark_light<5584><STEAM_0:0:743756224><>" leave some group (tag1 "dark") (tag2 "") (tag3 "") (tag4 "")
L 04/24/2012 - 21:13:57: [amxbans.amxx] [Amxbans] Query failed!
L 04/24/2012 - 21:13:57: [amxbans.amxx] [Amxbans] Threaded query error, location: 18
L 04/24/2012 - 21:13:57: [amxbans.amxx] [Amxbans] Message: You have an error in your SQL syntax; check the manual that corresponds to your MySQL server version for the right syntax to use near ''amxbans' at line 1 (1064)
L 04/24/2012 - 21:13:57: [amxbans.amxx] [Amxbans] Query statement: 
L 04/24/2012 - 21:14:01: [amxbans.amxx] [Amxbans] Query failed!
L 04/24/2012 - 21:14:01: [amxbans.amxx] [Amxbans] Threaded query error, location: 18
L 04/24/2012 - 21:14:01: [amxbans.amxx] [Amxbans] Message: You have an error in your SQL syntax; check the manual that corresponds to your MySQL server version for the right syntax to use near ''amxbans' at line 1 (1064)
L 04/24/2012 - 21:14:01: [amxbans.amxx] [Amxbans] Query statement: 
L 04/24/2012 - 21:16:16: [pbk.amxx] "<SARAEGA 178 RUS><5657><STEAM_0:0:1232586911><UNASSIGNED>" was kicked for failing to choose a team within 2 minutes.
L 04/24/2012 - 21:17:44: [voteban.amxx] Voteban starter 4e-N against Richard STEAM_ID_LAN
L 04/24/2012 - 21:17:59: [voteban.amxx] [AMXX] BANNED: Richard, STARTER: 4e-N
L 04/24/2012 - 21:18:00: [amxbans.amxx]  –ó–æ–º–±–∏ —Å–µ—Ä–≤–µ—Ä (x_x(O_o)x_x) Go Zombie !!!<0><><> banned /IyKa<STEAM_ID_LAN> for 30 minutes (30 minutes). Reason: VIP->4e-N.
L 04/24/2012 - 21:19:52: -------- Mapchange to zm_caca --------
L 04/24/2012 - 21:19:53: [walkguard.amxx] no zone-file found
L 04/24/2012 - 21:19:53: [admin_amxbans.amxx] Login: "4e-N<5638><STEAM_0:0:1836044300><>" became an admin (account "4e-N") (access "abcdefijmnopqtu") (address "78.37.234.6")
L 04/24/2012 - 21:19:53: [admin_amxbans.amxx] Login: "~dark_light<5584><STEAM_0:0:743756224><>" became an admin (account "~dark_light") (access "abcdefgijmnoprstu") (address "178.121.184.10")
L 04/24/2012 - 21:19:53: [admin_amxbans.amxx] Login: "Celldweller<5604><STEAM_0:0:1924579479><>" became an admin (account "Celldweller") (access "abcdefijmnopqtu") (address "178.127.173.149")
L 04/24/2012 - 21:19:54: [amxbans.amxx] [AMXBANS] AMXBans 5.0 is online
L 04/24/2012 - 21:20:00: [amxbans.amxx] [Amxbans] Query failed!
L 04/24/2012 - 21:20:00: [amxbans.amxx] [Amxbans] Threaded query error, location: 18
L 04/24/2012 - 21:20:00: [amxbans.amxx] [Amxbans] Message: You have an error in your SQL syntax; check the manual that corresponds to your MySQL server version for the right syntax to use near ''amxbans' at line 1 (1064)
L 04/24/2012 - 21:20:00: [amxbans.amxx] [Amxbans] Query statement: 
L 04/24/2012 - 21:21:38: [plmenu.amxx] Kick: "4e-N<5638><STEAM_0:0:1836044300><>" kick "~Rock~<5678><STEAM_0:0:1842733010><>"
L 04/24/2012 - 21:24:14: [amxbans.amxx] ~dark_light<5584><STEAM_0:0:743756224><CT> banned Richard<STEAM_ID_LAN> for 15 minutes (15 minutes). Reason: Noob.
L 04/24/2012 - 21:24:23: [plmenu.amxx] Kick: "~dark_light<5584><STEAM_0:0:743756224><>" kick "Richard<5652><STEAM_ID_LAN><>"
L 04/24/2012 - 21:29:52: [pbk.amxx] "<kostrov><5641><STEAM_ID_LAN><TERRORIST>" was kicked for being AFK longer than 45 seconds.
L 04/24/2012 - 21:30:07: [pbk.amxx] "<{III}-{o}-{K}><5662><STEAM_0:0:589605468><TERRORIST>" was kicked for being AFK longer than 45 seconds.
L 04/24/2012 - 21:32:46: [admin_amxbans.amxx] Login: "~dark_light<5694><STEAM_0:0:743756224><>" became an admin (account "~dark_light") (access "abcdefgijmnoprstu") (address "178.121.184.10")
L 04/24/2012 - 21:35:07: [pbk.amxx] "<Packman><5696><STEAM_ID_LAN><CT>" was kicked for being AFK longer than 45 seconds.
L 04/24/2012 - 21:41:13: -------- Mapchange to zm_monsterhouse --------
L 04/24/2012 - 21:41:14: [admin_amxbans.amxx] Login: "~dark_light<5694><STEAM_0:0:743756224><>" became an admin (account "~dark_light") (access "abcdefgijmnoprstu") (address "178.121.184.10")
L 04/24/2012 - 21:41:15: [amxbans.amxx] [AMXBANS] AMXBans 5.0 is online
L 04/24/2012 - 21:46:23: [pbk.amxx] "<Terminator><5719><STEAM_ID_LAN><CT>" was kicked for being AFK longer than 45 seconds.
L 04/24/2012 - 21:53:19: [amxbans.amxx] [Amxbans] Query failed!
L 04/24/2012 - 21:53:19: [amxbans.amxx] [Amxbans] Threaded query error, location: 18
L 04/24/2012 - 21:53:19: [amxbans.amxx] [Amxbans] Message: You have an error in your SQL syntax; check the manual that corresponds to your MySQL server version for the right syntax to use near ''amxbans' at line 1 (1064)
L 04/24/2012 - 21:53:19: [amxbans.amxx] [Amxbans] Query statement: 
L 04/24/2012 - 21:53:33: [amxbans.amxx] [Amxbans] Query failed!
L 04/24/2012 - 21:53:33: [amxbans.amxx] [Amxbans] Threaded query error, location: 18
L 04/24/2012 - 21:53:33: [amxbans.amxx] [Amxbans] Message: You have an error in your SQL syntax; check the manual that corresponds to your MySQL server version for the right syntax to use near ''amxbans' at line 1 (1064)
L 04/24/2012 - 21:53:33: [amxbans.amxx] [Amxbans] Query statement: 
L 04/24/2012 - 21:53:40: [amxbans.amxx] [Amxbans] Query failed!
L 04/24/2012 - 21:53:40: [amxbans.amxx] [Amxbans] Threaded query error, location: 18
L 04/24/2012 - 21:53:40: [amxbans.amxx] [Amxbans] Message: You have an error in your SQL syntax; check the manual that corresponds to your MySQL server version for the right syntax to use near ''amxbans' at line 1 (1064)
L 04/24/2012 - 21:53:40: [amxbans.amxx] [Amxbans] Query statement: 
L 04/24/2012 - 21:57:57: [amxbans.amxx] [Amxbans] Query failed!
L 04/24/2012 - 21:57:57: [amxbans.amxx] [Amxbans] Threaded query error, location: 18
L 04/24/2012 - 21:57:57: [amxbans.amxx] [Amxbans] Message: You have an error in your SQL syntax; check the manual that corresponds to your MySQL server version for the right syntax to use near ''amxbans' at line 1 (1064)
L 04/24/2012 - 21:57:57: [amxbans.amxx] [Amxbans] Query statement: 
L 04/24/2012 - 21:59:23: [amxbans.amxx] [Amxbans] Query failed!
L 04/24/2012 - 21:59:23: [amxbans.amxx] [Amxbans] Threaded query error, location: 18
L 04/24/2012 - 21:59:23: [amxbans.amxx] [Amxbans] Message: You have an error in your SQL syntax; check the manual that corresponds to your MySQL server version for the right syntax to use near ''amxbans' at line 1 (1064)
L 04/24/2012 - 21:59:23: [amxbans.amxx] [Amxbans] Query statement: 
L 04/24/2012 - 21:59:43: [pbk.amxx] "<Paja Kljunar><5736><STEAM_0:0:886116103><TERRORIST>" was kicked for being AFK longer than 45 seconds.
L 04/24/2012 - 22:03:42: -------- Mapchange to zm_dd --------
L 04/24/2012 - 22:03:43: [walkguard.amxx] no zone-file found
L 04/24/2012 - 22:03:44: [amxbans.amxx] [AMXBANS] AMXBans 5.0 is online
L 04/24/2012 - 22:08:20: [admin_amxbans.amxx] Login: "KpuMuHaJI_B_MaKgoHaJIgCe<5759><STEAM_0:0:352547479><>" became an admin (account "KpuMuHaJI_B_MaKgoHaJIgCe") (access "t") (address "178.130.42.13")
L 04/24/2012 - 22:14:22: [pbk.amxx] "<Terminator><5784><STEAM_ID_LAN><TERRORIST>" was kicked for being AFK longer than 45 seconds.
L 04/24/2012 - 22:16:02: [pbk.amxx] "<LooKiD><5781><STEAM_ID_LAN><CT>" was kicked for being AFK longer than 45 seconds.
L 04/24/2012 - 22:20:27: [pbk.amxx] "<Ultr Kil><5757><STEAM_0:0:628465817><TERRORIST>" was kicked for being AFK longer than 45 seconds.
L 04/24/2012 - 22:22:07: [pbk.amxx] "<MOSSKBA><5767><STEAM_0:0:1876200898><TERRORIST>" was kicked for being AFK longer than 45 seconds.
L 04/24/2012 - 22:23:59: -------- Mapchange to 016 --------
L 04/24/2012 - 22:24:00: [walkguard.amxx] no zone-file found
L 04/24/2012 - 22:24:00: [admin_amxbans.amxx] Login: "KpuMuHaJI_B_MaKgoHaJIgCe<5759><STEAM_0:0:352547479><>" became an admin (account "KpuMuHaJI_B_MaKgoHaJIgCe") (access "t") (address "178.130.42.13")
L 04/24/2012 - 22:24:00: [admin_amxbans.amxx] Login: "KpuMuHaJI_B_MaKgoHaJIgCe<5759><STEAM_0:0:352547479><>" became an admin (account "KpuMuHaJI_B_MaKgoHaJIgCe") (access "t") (address "178.130.42.13")
L 04/24/2012 - 22:24:01: [amxbans.amxx] [AMXBANS] AMXBans 5.0 is online
L 04/24/2012 - 22:24:46: [admin_amxbans.amxx] Login: "Dimka<5804><STEAM_0:0:44643826><>" became an admin (account "Dimka") (access "abcdefghijklmnopqrstu") (address "172.23.65.13")
L 04/24/2012 - 22:24:56: [admincmd.amxx] Cmd: "Dimka<5804><STEAM_0:0:44643826><>" ask for players list
L 04/24/2012 - 22:27:23: [admin_amxbans.amxx] Login: "ryceBu4<5808><STEAM_0:0:360750727><>" became an admin (account "ryceBu4") (access "abcdefijmnopqtu") (address "93.100.152.179")
L 04/24/2012 - 22:33:38: [amxbans.amxx] ryceBu4<5808><STEAM_0:0:360750727><TERRORIST> banned VoLk14_KoHaH<STEAM_0:0:153190916> for 8 hours (480 minutes). Reason: Oskorblenu9 adm.
L 04/24/2012 - 22:40:24: [pbk.amxx] "<INT+1><5827><STEAM_ID_LAN><CT>" was kicked for being AFK longer than 45 seconds.
L 04/24/2012 - 22:44:17: [admin_amxbans.amxx] Login: "Topaz<5831><STEAM_0:0:1460434637><>" became an admin (account "Topaz") (access "t") (address "91.194.111.250")
L 04/24/2012 - 22:44:40: -------- Mapchange to ze_jurassicpark --------
L 04/24/2012 - 22:44:40: [admin_amxbans.amxx] Login: "ryceBu4<5808><STEAM_0:0:360750727><>" became an admin (account "ryceBu4") (access "abcdefijmnopqtu") (address "93.100.152.179")
L 04/24/2012 - 22:44:41: [admin_amxbans.amxx] Login: "KpuMuHaJI_B_MaKgoHaJIgCe<5759><STEAM_0:0:352547479><>" became an admin (account "KpuMuHaJI_B_MaKgoHaJIgCe") (access "t") (address "178.130.42.13")
L 04/24/2012 - 22:44:41: [admin_amxbans.amxx] Login: "Topaz<5831><STEAM_0:0:1460434637><>" became an admin (account "Topaz") (access "t") (address "91.194.111.250")
L 04/24/2012 - 22:44:41: [amxbans.amxx] [AMXBANS] AMXBans 5.0 is online
L 04/24/2012 - 22:47:04: [pbk.amxx] "<KpuMuHaJI_B_MaKgoHaJIgCe><5759><STEAM_0:0:352547479><UNASSIGNED>" was kicked for failing to choose a team within 2 minutes.
L 04/24/2012 - 22:47:04: [pbk.amxx] "<INT+1><5835><STEAM_ID_LAN><UNASSIGNED>" was kicked for failing to choose a team within 2 minutes.
L 04/24/2012 - 22:47:45: [amxbans.amxx] ryceBu4<5808><STEAM_0:0:360750727><CT> banned I_LOVE_TO_PLAY_STUPID_GAMES<STEAM_0:0:12605980> for 15 minutes (15 minutes). Reason: Noob.
L 04/24/2012 - 23:01:14: [pbk.amxx] "<Den ITF><5832><STEAM_0:0:21661432><CT>" was kicked for being AFK longer than 45 seconds.
L 04/24/2012 - 23:05:33: -------- Mapchange to zm_fdust2x2 --------
L 04/24/2012 - 23:05:33: [admin_amxbans.amxx] Login: "ryceBu4<5808><STEAM_0:0:360750727><>" became an admin (account "ryceBu4") (access "abcdefijmnopqtu") (address "93.100.152.179")
L 04/24/2012 - 23:05:34: [admin_amxbans.amxx] Login: "Topaz<5831><STEAM_0:0:1460434637><>" became an admin (account "Topaz") (access "t") (address "91.194.111.250")
L 04/24/2012 - 23:05:34: [admin_amxbans.amxx] Login: "ryceBu4<5856><STEAM_0:0:360750727><>" became an admin (account "ryceBu4") (access "abcdefijmnopqtu") (address "93.100.152.179")
L 04/24/2012 - 23:05:34: [amxbans.amxx] [AMXBANS] AMXBans 5.0 is online
L 04/24/2012 - 23:10:12: [pbk.amxx] "<[p][R][o]100<4ok>*DooMRotter><5779><STEAM_0:0:1388113346><TERRORIST>" was kicked for being AFK longer than 45 seconds.
L 04/24/2012 - 23:10:27: [pbk.amxx] "<Fuck_yea><5859><STEAM_0:0:1440290508><CT>" was kicked for being AFK longer than 45 seconds.
L 04/24/2012 - 23:10:33: [pbk.amxx] "<Fuck_yea><5859><STEAM_0:0:1440290508><CT>" was kicked for being AFK longer than 45 seconds.
L 04/24/2012 - 23:10:37: [pbk.amxx] "<Fuck_yea><5859><STEAM_0:0:1440290508><CT>" was kicked for being AFK longer than 45 seconds.
L 04/24/2012 - 23:12:07: [pbk.amxx] "<GUF><5846><STEAM_0:0:1363843813><CT>" was kicked for being AFK longer than 45 seconds.
L 04/24/2012 - 23:12:49: [admin_amxbans.amxx] Login: "Fedya Chirik<5873><STEAM_ID_LAN><>" became an admin (account "212.55.104.156") (access "abcdefgijmnoprstu") (address "212.55.104.156")
L 04/24/2012 - 23:13:57: [pbk.amxx] "<Andrik><5847><STEAM_0:0:2108686160><TERRORIST>" was kicked for being AFK longer than 45 seconds.
L 04/24/2012 - 23:14:03: [admin_amxbans.amxx] Login: "Fedya Chirik<5874><STEAM_ID_LAN><>" became an admin (account "212.55.104.156") (access "abcdefgijmnoprstu") (address "212.55.104.156")
L 04/24/2012 - 23:17:07: [pbk.amxx] "<aimbot><5807><STEAM_0:0:25354220><CT>" was kicked for being AFK longer than 45 seconds.
L 04/24/2012 - 23:18:08: [pbk.amxx] "<MAD TEAM | SKoF><5864><STEAM_0:0:1903315747><CT>" was kicked for being AFK longer than 45 seconds.
L 04/24/2012 - 23:23:42: [pbk.amxx] "<LooKiD><5811><STEAM_ID_LAN><TERRORIST>" was kicked for being AFK longer than 45 seconds.
L 04/24/2012 - 23:24:37: [pbk.amxx] "<MAD TEAM | SKoF><5880><STEAM_0:0:1903315747><TERRORIST>" was kicked for being AFK longer than 45 seconds.
L 04/24/2012 - 23:25:38: [pbk.amxx] "<SashkaSlad><5836><STEAM_ID_LAN><CT>" was kicked for being AFK longer than 45 seconds.
L 04/24/2012 - 23:28:13: -------- Mapchange to zm_snow_s1h_v2 --------
L 04/24/2012 - 23:28:13: [walkguard.amxx] no zone-file found
L 04/24/2012 - 23:28:14: [amxbans.amxx] [AMXBANS] AMXBans 5.0 is online
L 04/24/2012 - 23:29:30: [admin_amxbans.amxx] Login: "ryceBu4<5891><STEAM_0:0:360750727><>" became an admin (account "ryceBu4") (access "abcdefijmnopqtu") (address "93.100.152.179")
L 04/24/2012 - 23:31:37: [pbk.amxx] "<Alexandr K.><5887><STEAM_ID_LAN><TERRORIST>" was kicked for being AFK longer than 45 seconds.
L 04/24/2012 - 23:33:02: [pbk.amxx] "<Sa1nt-Maxa4yxecc[+]18><5896><STEAM_0:0:1544741275><TERRORIST>" was kicked for being AFK longer than 45 seconds.
L 04/24/2012 - 23:37:07: [admin_amxbans.amxx] Login: "= ACTION EXPRESS =<5906><STEAM_0:0:2105366972><>" became an admin (account "= ACTION EXPRESS =") (access "abcdefijmnopqtu") (address "92.244.224.88")
L 04/24/2012 - 23:45:17: [pbk.amxx] "<LLlblLLlKA><5895><STEAM_0:0:831757727><CT>" was kicked for being AFK longer than 45 seconds.
L 04/24/2012 - 23:51:15: -------- Mapchange to zm_street_new --------
L 04/24/2012 - 23:51:16: [admin_amxbans.amxx] Login: "ryceBu4<5891><STEAM_0:0:360750727><>" became an admin (account "ryceBu4") (access "abcdefijmnopqtu") (address "93.100.152.179")
L 04/24/2012 - 23:51:16: [admin_amxbans.amxx] Login: "= ACTION EXPRESS =<5906><STEAM_0:0:2105366972><>" became an admin (account "= ACTION EXPRESS =") (access "abcdefijmnopqtu") (address "92.244.224.88")
L 04/24/2012 - 23:51:17: [amxbans.amxx] [AMXBANS] AMXBans 5.0 is online
L 04/24/2012 - 23:53:00: [pbk.amxx] "<mashka777><5876><STEAM_0:0:218431355><CT>" was kicked for being AFK longer than 45 seconds.
