L 07/21/2011 - 09:42:08: Start of error session.
L 07/21/2011 - 09:42:08: Info (map "zm_escapetrain") (file "addons/amxmodx/logs/error_20110721.log")
L 07/21/2011 - 09:42:08: [AMXX] Run time error 4 (plugin "biohazard.amxx") - debug not enabled!
L 07/21/2011 - 09:42:08: [AMXX] To enable debug mode, add "debug" after the plugin name in plugins.ini (without quotes).
L 07/21/2011 - 09:42:09: [AMXX] Run time error 4 (plugin "biohazard.amxx") - debug not enabled!
L 07/21/2011 - 09:42:09: [AMXX] To enable debug mode, add "debug" after the plugin name in plugins.ini (without quotes).
L 07/21/2011 - 09:42:09: [AMXX] Run time error 4 (plugin "biohazard.amxx") - debug not enabled!
L 07/21/2011 - 09:42:09: [AMXX] To enable debug mode, add "debug" after the plugin name in plugins.ini (without quotes).
L 07/21/2011 - 09:42:09: [AMXX] Run time error 4 (plugin "biohazard.amxx") - debug not enabled!
L 07/21/2011 - 09:42:09: [AMXX] To enable debug mode, add "debug" after the plugin name in plugins.ini (without quotes).
L 07/21/2011 - 09:42:09: [AMXX] Run time error 4 (plugin "biohazard.amxx") - debug not enabled!
L 07/21/2011 - 09:42:09: [AMXX] To enable debug mode, add "debug" after the plugin name in plugins.ini (without quotes).
L 07/21/2011 - 09:42:09: [AMXX] Run time error 4 (plugin "biohazard.amxx") - debug not enabled!
L 07/21/2011 - 09:42:09: [AMXX] To enable debug mode, add "debug" after the plugin name in plugins.ini (without quotes).
L 07/21/2011 - 09:42:09: [AMXX] Run time error 4 (plugin "biohazard.amxx") - debug not enabled!
L 07/21/2011 - 09:42:09: [AMXX] To enable debug mode, add "debug" after the plugin name in plugins.ini (without quotes).
L 07/21/2011 - 09:42:10: [AMXX] Run time error 4 (plugin "biohazard.amxx") - debug not enabled!
L 07/21/2011 - 09:42:10: [AMXX] To enable debug mode, add "debug" after the plugin name in plugins.ini (without quotes).
L 07/21/2011 - 09:42:10: [AMXX] Run time error 4 (plugin "biohazard.amxx") - debug not enabled!
L 07/21/2011 - 09:42:10: [AMXX] To enable debug mode, add "debug" after the plugin name in plugins.ini (without quotes).
L 07/21/2011 - 09:42:10: [AMXX] Run time error 4 (plugin "biohazard.amxx") - debug not enabled!
L 07/21/2011 - 09:42:10: [AMXX] To enable debug mode, add "debug" after the plugin name in plugins.ini (without quotes).
L 07/21/2011 - 09:42:10: [AMXX] Run time error 4 (plugin "biohazard.amxx") - debug not enabled!
L 07/21/2011 - 09:42:10: [AMXX] To enable debug mode, add "debug" after the plugin name in plugins.ini (without quotes).
L 07/21/2011 - 09:42:10: [AMXX] Run time error 4 (plugin "biohazard.amxx") - debug not enabled!
L 07/21/2011 - 09:42:10: [AMXX] To enable debug mode, add "debug" after the plugin name in plugins.ini (without quotes).
L 07/21/2011 - 09:42:11: [AMXX] Run time error 4 (plugin "biohazard.amxx") - debug not enabled!
L 07/21/2011 - 09:42:11: [AMXX] To enable debug mode, add "debug" after the plugin name in plugins.ini (without quotes).
L 07/21/2011 - 09:42:11: [AMXX] Run time error 4 (plugin "biohazard.amxx") - debug not enabled!
L 07/21/2011 - 09:42:11: [AMXX] To enable debug mode, add "debug" after the plugin name in plugins.ini (without quotes).
L 07/21/2011 - 09:42:11: [AMXX] Run time error 4 (plugin "biohazard.amxx") - debug not enabled!
L 07/21/2011 - 09:42:11: [AMXX] To enable debug mode, add "debug" after the plugin name in plugins.ini (without quotes).
L 07/21/2011 - 09:42:12: [AMXX] Run time error 4 (plugin "biohazard.amxx") - debug not enabled!
L 07/21/2011 - 09:42:12: [AMXX] To enable debug mode, add "debug" after the plugin name in plugins.ini (without quotes).
L 07/21/2011 - 09:42:12: [AMXX] Run time error 4 (plugin "biohazard.amxx") - debug not enabled!
L 07/21/2011 - 09:42:12: [AMXX] To enable debug mode, add "debug" after the plugin name in plugins.ini (without quotes).
L 07/21/2011 - 09:42:12: [AMXX] Run time error 4 (plugin "biohazard.amxx") - debug not enabled!
L 07/21/2011 - 09:42:12: [AMXX] To enable debug mode, add "debug" after the plugin name in plugins.ini (without quotes).
L 07/21/2011 - 09:42:30: [AMXX] Run time error 4 (plugin "biohazard.amxx") - debug not enabled!
L 07/21/2011 - 09:42:30: [AMXX] To enable debug mode, add "debug" after the plugin name in plugins.ini (without quotes).
L 07/21/2011 - 09:46:50: [AMXX] Run time error 4 (plugin "biohazard.amxx") - debug not enabled!
L 07/21/2011 - 09:46:50: [AMXX] To enable debug mode, add "debug" after the plugin name in plugins.ini (without quotes).
L 07/21/2011 - 09:56:33: [AMXX] Run time error 4 (plugin "biohazard.amxx") - debug not enabled!
L 07/21/2011 - 09:56:33: [AMXX] To enable debug mode, add "debug" after the plugin name in plugins.ini (without quotes).
L 07/21/2011 - 09:56:33: [AMXX] Run time error 4 (plugin "biohazard.amxx") - debug not enabled!
L 07/21/2011 - 09:56:33: [AMXX] To enable debug mode, add "debug" after the plugin name in plugins.ini (without quotes).
L 07/21/2011 - 09:56:33: [AMXX] Run time error 4 (plugin "biohazard.amxx") - debug not enabled!
L 07/21/2011 - 09:56:33: [AMXX] To enable debug mode, add "debug" after the plugin name in plugins.ini (without quotes).
L 07/21/2011 - 09:56:33: [AMXX] Run time error 4 (plugin "biohazard.amxx") - debug not enabled!
L 07/21/2011 - 09:56:33: [AMXX] To enable debug mode, add "debug" after the plugin name in plugins.ini (without quotes).
L 07/21/2011 - 10:47:35: Start of error session.
L 07/21/2011 - 10:47:35: Info (map "zm_303") (file "addons/amxmodx/logs/error_20110721.log")
L 07/21/2011 - 10:47:35: [AMXX] Run time error 4 (plugin "biohazard.amxx") - debug not enabled!
L 07/21/2011 - 10:47:35: [AMXX] To enable debug mode, add "debug" after the plugin name in plugins.ini (without quotes).
L 07/21/2011 - 10:47:36: [AMXX] Run time error 4 (plugin "biohazard.amxx") - debug not enabled!
L 07/21/2011 - 10:47:36: [AMXX] To enable debug mode, add "debug" after the plugin name in plugins.ini (without quotes).
L 07/21/2011 - 10:47:40: [AMXX] Run time error 4 (plugin "biohazard.amxx") - debug not enabled!
L 07/21/2011 - 10:47:40: [AMXX] To enable debug mode, add "debug" after the plugin name in plugins.ini (without quotes).
L 07/21/2011 - 10:47:40: [AMXX] Run time error 4 (plugin "biohazard.amxx") - debug not enabled!
L 07/21/2011 - 10:47:40: [AMXX] To enable debug mode, add "debug" after the plugin name in plugins.ini (without quotes).
L 07/21/2011 - 10:49:53: [AMXX] Run time error 4 (plugin "biohazard.amxx") - debug not enabled!
L 07/21/2011 - 10:49:53: [AMXX] To enable debug mode, add "debug" after the plugin name in plugins.ini (without quotes).
L 07/21/2011 - 10:49:53: [AMXX] Run time error 4 (plugin "biohazard.amxx") - debug not enabled!
L 07/21/2011 - 10:49:53: [AMXX] To enable debug mode, add "debug" after the plugin name in plugins.ini (without quotes).
L 07/21/2011 - 11:23:38: Start of error session.
L 07/21/2011 - 11:23:38: Info (map "zm_army") (file "addons/amxmodx/logs/error_20110721.log")
L 07/21/2011 - 11:23:38: [AMXX] Run time error 4 (plugin "biohazard.amxx") - debug not enabled!
L 07/21/2011 - 11:23:38: [AMXX] To enable debug mode, add "debug" after the plugin name in plugins.ini (without quotes).
L 07/21/2011 - 11:23:38: [AMXX] Run time error 4 (plugin "biohazard.amxx") - debug not enabled!
L 07/21/2011 - 11:23:38: [AMXX] To enable debug mode, add "debug" after the plugin name in plugins.ini (without quotes).
L 07/21/2011 - 11:23:38: [AMXX] Run time error 4 (plugin "biohazard.amxx") - debug not enabled!
L 07/21/2011 - 11:23:38: [AMXX] To enable debug mode, add "debug" after the plugin name in plugins.ini (without quotes).
L 07/21/2011 - 11:23:38: [AMXX] Run time error 4 (plugin "biohazard.amxx") - debug not enabled!
L 07/21/2011 - 11:23:38: [AMXX] To enable debug mode, add "debug" after the plugin name in plugins.ini (without quotes).
L 07/21/2011 - 11:23:38: [AMXX] Run time error 4 (plugin "biohazard.amxx") - debug not enabled!
L 07/21/2011 - 11:23:38: [AMXX] To enable debug mode, add "debug" after the plugin name in plugins.ini (without quotes).
L 07/21/2011 - 11:23:39: [AMXX] Run time error 4 (plugin "biohazard.amxx") - debug not enabled!
L 07/21/2011 - 11:23:39: [AMXX] To enable debug mode, add "debug" after the plugin name in plugins.ini (without quotes).
L 07/21/2011 - 11:23:39: [AMXX] Run time error 4 (plugin "biohazard.amxx") - debug not enabled!
L 07/21/2011 - 11:23:39: [AMXX] To enable debug mode, add "debug" after the plugin name in plugins.ini (without quotes).
L 07/21/2011 - 11:23:39: [AMXX] Run time error 4 (plugin "biohazard.amxx") - debug not enabled!
L 07/21/2011 - 11:23:39: [AMXX] To enable debug mode, add "debug" after the plugin name in plugins.ini (without quotes).
L 07/21/2011 - 11:23:39: [AMXX] Run time error 4 (plugin "biohazard.amxx") - debug not enabled!
L 07/21/2011 - 11:23:39: [AMXX] To enable debug mode, add "debug" after the plugin name in plugins.ini (without quotes).
L 07/21/2011 - 11:23:39: [AMXX] Run time error 4 (plugin "biohazard.amxx") - debug not enabled!
L 07/21/2011 - 11:23:39: [AMXX] To enable debug mode, add "debug" after the plugin name in plugins.ini (without quotes).
L 07/21/2011 - 11:23:40: [AMXX] Run time error 4 (plugin "biohazard.amxx") - debug not enabled!
L 07/21/2011 - 11:23:40: [AMXX] To enable debug mode, add "debug" after the plugin name in plugins.ini (without quotes).
L 07/21/2011 - 11:23:40: [AMXX] Run time error 4 (plugin "biohazard.amxx") - debug not enabled!
L 07/21/2011 - 11:23:40: [AMXX] To enable debug mode, add "debug" after the plugin name in plugins.ini (without quotes).
L 07/21/2011 - 11:23:40: [AMXX] Run time error 4 (plugin "biohazard.amxx") - debug not enabled!
L 07/21/2011 - 11:23:40: [AMXX] To enable debug mode, add "debug" after the plugin name in plugins.ini (without quotes).
L 07/21/2011 - 11:23:40: [AMXX] Run time error 4 (plugin "biohazard.amxx") - debug not enabled!
L 07/21/2011 - 11:23:40: [AMXX] To enable debug mode, add "debug" after the plugin name in plugins.ini (without quotes).
L 07/21/2011 - 11:23:40: [AMXX] Run time error 4 (plugin "biohazard.amxx") - debug not enabled!
L 07/21/2011 - 11:23:40: [AMXX] To enable debug mode, add "debug" after the plugin name in plugins.ini (without quotes).
L 07/21/2011 - 11:23:41: [AMXX] Run time error 4 (plugin "biohazard.amxx") - debug not enabled!
L 07/21/2011 - 11:23:41: [AMXX] To enable debug mode, add "debug" after the plugin name in plugins.ini (without quotes).
L 07/21/2011 - 11:23:41: [AMXX] Run time error 4 (plugin "biohazard.amxx") - debug not enabled!
L 07/21/2011 - 11:23:41: [AMXX] To enable debug mode, add "debug" after the plugin name in plugins.ini (without quotes).
L 07/21/2011 - 11:23:41: [AMXX] Run time error 4 (plugin "biohazard.amxx") - debug not enabled!
L 07/21/2011 - 11:23:41: [AMXX] To enable debug mode, add "debug" after the plugin name in plugins.ini (without quotes).
L 07/21/2011 - 11:23:41: [AMXX] Run time error 4 (plugin "biohazard.amxx") - debug not enabled!
L 07/21/2011 - 11:23:41: [AMXX] To enable debug mode, add "debug" after the plugin name in plugins.ini (without quotes).
L 07/21/2011 - 11:23:41: [AMXX] Run time error 4 (plugin "biohazard.amxx") - debug not enabled!
L 07/21/2011 - 11:23:41: [AMXX] To enable debug mode, add "debug" after the plugin name in plugins.ini (without quotes).
L 07/21/2011 - 11:23:41: [AMXX] Run time error 4 (plugin "biohazard.amxx") - debug not enabled!
L 07/21/2011 - 11:23:41: [AMXX] To enable debug mode, add "debug" after the plugin name in plugins.ini (without quotes).
L 07/21/2011 - 11:23:42: [AMXX] Run time error 4 (plugin "biohazard.amxx") - debug not enabled!
L 07/21/2011 - 11:23:42: [AMXX] To enable debug mode, add "debug" after the plugin name in plugins.ini (without quotes).
L 07/21/2011 - 13:13:31: Start of error session.
L 07/21/2011 - 13:13:31: Info (map "ze_lift_escape_b5") (file "addons/amxmodx/logs/error_20110721.log")
L 07/21/2011 - 13:13:31: [AMXX] Run time error 4 (plugin "biohazard.amxx") - debug not enabled!
L 07/21/2011 - 13:13:31: [AMXX] To enable debug mode, add "debug" after the plugin name in plugins.ini (without quotes).
L 07/21/2011 - 13:13:31: [AMXX] Run time error 4 (plugin "biohazard.amxx") - debug not enabled!
L 07/21/2011 - 13:13:31: [AMXX] To enable debug mode, add "debug" after the plugin name in plugins.ini (without quotes).
L 07/21/2011 - 13:13:31: [AMXX] Run time error 4 (plugin "biohazard.amxx") - debug not enabled!
L 07/21/2011 - 13:13:31: [AMXX] To enable debug mode, add "debug" after the plugin name in plugins.ini (without quotes).
L 07/21/2011 - 13:13:31: [AMXX] Run time error 4 (plugin "biohazard.amxx") - debug not enabled!
L 07/21/2011 - 13:13:31: [AMXX] To enable debug mode, add "debug" after the plugin name in plugins.ini (without quotes).
L 07/21/2011 - 13:13:31: [AMXX] Run time error 4 (plugin "biohazard.amxx") - debug not enabled!
L 07/21/2011 - 13:13:31: [AMXX] To enable debug mode, add "debug" after the plugin name in plugins.ini (without quotes).
L 07/21/2011 - 13:13:31: [AMXX] Run time error 4 (plugin "biohazard.amxx") - debug not enabled!
L 07/21/2011 - 13:13:31: [AMXX] To enable debug mode, add "debug" after the plugin name in plugins.ini (without quotes).
L 07/21/2011 - 13:13:31: [AMXX] Run time error 4 (plugin "biohazard.amxx") - debug not enabled!
L 07/21/2011 - 13:13:31: [AMXX] To enable debug mode, add "debug" after the plugin name in plugins.ini (without quotes).
L 07/21/2011 - 13:42:30: Start of error session.
L 07/21/2011 - 13:42:30: Info (map "zm_303") (file "addons/amxmodx/logs/error_20110721.log")
L 07/21/2011 - 13:42:30: [AMXX] Run time error 4 (plugin "biohazard.amxx") - debug not enabled!
L 07/21/2011 - 13:42:30: [AMXX] To enable debug mode, add "debug" after the plugin name in plugins.ini (without quotes).
L 07/21/2011 - 13:42:30: [AMXX] Run time error 4 (plugin "biohazard.amxx") - debug not enabled!
L 07/21/2011 - 13:42:30: [AMXX] To enable debug mode, add "debug" after the plugin name in plugins.ini (without quotes).
L 07/21/2011 - 13:42:31: [AMXX] Run time error 4 (plugin "biohazard.amxx") - debug not enabled!
L 07/21/2011 - 13:42:31: [AMXX] To enable debug mode, add "debug" after the plugin name in plugins.ini (without quotes).
L 07/21/2011 - 14:39:16: Start of error session.
L 07/21/2011 - 14:39:16: Info (map "zm_army") (file "addons/amxmodx/logs/error_20110721.log")
L 07/21/2011 - 14:39:16: [AMXX] Run time error 4 (plugin "biohazard.amxx") - debug not enabled!
L 07/21/2011 - 14:39:16: [AMXX] To enable debug mode, add "debug" after the plugin name in plugins.ini (without quotes).
L 07/21/2011 - 14:48:59: [AMXX] Run time error 4 (plugin "biohazard.amxx") - debug not enabled!
L 07/21/2011 - 14:48:59: [AMXX] To enable debug mode, add "debug" after the plugin name in plugins.ini (without quotes).
L 07/21/2011 - 15:01:07: Start of error session.
L 07/21/2011 - 15:01:07: Info (map "zm_hospital_v1") (file "addons/amxmodx/logs/error_20110721.log")
L 07/21/2011 - 15:01:07: [AMXX] Run time error 4 (plugin "biohazard.amxx") - debug not enabled!
L 07/21/2011 - 15:01:07: [AMXX] To enable debug mode, add "debug" after the plugin name in plugins.ini (without quotes).
L 07/21/2011 - 15:01:12: [AMXX] Run time error 4 (plugin "biohazard.amxx") - debug not enabled!
L 07/21/2011 - 15:01:12: [AMXX] To enable debug mode, add "debug" after the plugin name in plugins.ini (without quotes).
L 07/21/2011 - 15:01:17: [AMXX] Run time error 4 (plugin "biohazard.amxx") - debug not enabled!
L 07/21/2011 - 15:01:17: [AMXX] To enable debug mode, add "debug" after the plugin name in plugins.ini (without quotes).
L 07/21/2011 - 15:01:20: [AMXX] Run time error 4 (plugin "biohazard.amxx") - debug not enabled!
L 07/21/2011 - 15:01:20: [AMXX] To enable debug mode, add "debug" after the plugin name in plugins.ini (without quotes).
L 07/21/2011 - 15:01:29: [AMXX] Run time error 4 (plugin "biohazard.amxx") - debug not enabled!
L 07/21/2011 - 15:01:29: [AMXX] To enable debug mode, add "debug" after the plugin name in plugins.ini (without quotes).
L 07/21/2011 - 15:01:34: [AMXX] Run time error 4 (plugin "biohazard.amxx") - debug not enabled!
L 07/21/2011 - 15:01:34: [AMXX] To enable debug mode, add "debug" after the plugin name in plugins.ini (without quotes).
L 07/21/2011 - 15:03:37: [AMXX] Run time error 4 (plugin "biohazard.amxx") - debug not enabled!
L 07/21/2011 - 15:03:37: [AMXX] To enable debug mode, add "debug" after the plugin name in plugins.ini (without quotes).
L 07/21/2011 - 15:12:47: [AMXX] Run time error 4 (plugin "biohazard.amxx") - debug not enabled!
L 07/21/2011 - 15:12:47: [AMXX] To enable debug mode, add "debug" after the plugin name in plugins.ini (without quotes).
L 07/21/2011 - 15:12:59: [AMXX] Run time error 4 (plugin "biohazard.amxx") - debug not enabled!
L 07/21/2011 - 15:12:59: [AMXX] To enable debug mode, add "debug" after the plugin name in plugins.ini (without quotes).
L 07/21/2011 - 16:04:38: Start of error session.
L 07/21/2011 - 16:04:38: Info (map "zm_666_brick") (file "addons/amxmodx/logs/error_20110721.log")
L 07/21/2011 - 16:04:38: [AMXX] Run time error 4 (plugin "biohazard.amxx") - debug not enabled!
L 07/21/2011 - 16:04:38: [AMXX] To enable debug mode, add "debug" after the plugin name in plugins.ini (without quotes).
L 07/21/2011 - 16:04:38: [AMXX] Run time error 4 (plugin "biohazard.amxx") - debug not enabled!
L 07/21/2011 - 16:04:38: [AMXX] To enable debug mode, add "debug" after the plugin name in plugins.ini (without quotes).
L 07/21/2011 - 16:04:38: [AMXX] Run time error 4 (plugin "biohazard.amxx") - debug not enabled!
L 07/21/2011 - 16:04:38: [AMXX] To enable debug mode, add "debug" after the plugin name in plugins.ini (without quotes).
L 07/21/2011 - 16:04:38: [AMXX] Run time error 4 (plugin "biohazard.amxx") - debug not enabled!
L 07/21/2011 - 16:04:38: [AMXX] To enable debug mode, add "debug" after the plugin name in plugins.ini (without quotes).
L 07/21/2011 - 16:04:38: [AMXX] Run time error 4 (plugin "biohazard.amxx") - debug not enabled!
L 07/21/2011 - 16:04:38: [AMXX] To enable debug mode, add "debug" after the plugin name in plugins.ini (without quotes).
L 07/21/2011 - 16:05:13: [AMXX] Run time error 4 (plugin "biohazard.amxx") - debug not enabled!
L 07/21/2011 - 16:05:13: [AMXX] To enable debug mode, add "debug" after the plugin name in plugins.ini (without quotes).
L 07/21/2011 - 16:05:13: [AMXX] Run time error 4 (plugin "biohazard.amxx") - debug not enabled!
L 07/21/2011 - 16:05:13: [AMXX] To enable debug mode, add "debug" after the plugin name in plugins.ini (without quotes).
L 07/21/2011 - 16:05:13: [AMXX] Run time error 4 (plugin "biohazard.amxx") - debug not enabled!
L 07/21/2011 - 16:05:13: [AMXX] To enable debug mode, add "debug" after the plugin name in plugins.ini (without quotes).
L 07/21/2011 - 16:05:13: [AMXX] Run time error 4 (plugin "biohazard.amxx") - debug not enabled!
L 07/21/2011 - 16:05:13: [AMXX] To enable debug mode, add "debug" after the plugin name in plugins.ini (without quotes).
L 07/21/2011 - 16:05:13: [AMXX] Run time error 4 (plugin "biohazard.amxx") - debug not enabled!
L 07/21/2011 - 16:05:13: [AMXX] To enable debug mode, add "debug" after the plugin name in plugins.ini (without quotes).
L 07/21/2011 - 16:05:14: [AMXX] Run time error 4 (plugin "biohazard.amxx") - debug not enabled!
L 07/21/2011 - 16:05:14: [AMXX] To enable debug mode, add "debug" after the plugin name in plugins.ini (without quotes).
L 07/21/2011 - 16:05:14: [AMXX] Run time error 4 (plugin "biohazard.amxx") - debug not enabled!
L 07/21/2011 - 16:05:14: [AMXX] To enable debug mode, add "debug" after the plugin name in plugins.ini (without quotes).
L 07/21/2011 - 16:05:14: [AMXX] Run time error 4 (plugin "biohazard.amxx") - debug not enabled!
L 07/21/2011 - 16:05:14: [AMXX] To enable debug mode, add "debug" after the plugin name in plugins.ini (without quotes).
L 07/21/2011 - 16:05:14: [AMXX] Run time error 4 (plugin "biohazard.amxx") - debug not enabled!
L 07/21/2011 - 16:05:14: [AMXX] To enable debug mode, add "debug" after the plugin name in plugins.ini (without quotes).
L 07/21/2011 - 16:05:14: [AMXX] Run time error 4 (plugin "biohazard.amxx") - debug not enabled!
L 07/21/2011 - 16:05:14: [AMXX] To enable debug mode, add "debug" after the plugin name in plugins.ini (without quotes).
L 07/21/2011 - 16:05:16: [AMXX] Run time error 4 (plugin "biohazard.amxx") - debug not enabled!
L 07/21/2011 - 16:05:16: [AMXX] To enable debug mode, add "debug" after the plugin name in plugins.ini (without quotes).
L 07/21/2011 - 16:05:16: [AMXX] Run time error 4 (plugin "biohazard.amxx") - debug not enabled!
L 07/21/2011 - 16:05:16: [AMXX] To enable debug mode, add "debug" after the plugin name in plugins.ini (without quotes).
L 07/21/2011 - 16:05:17: [AMXX] Run time error 4 (plugin "biohazard.amxx") - debug not enabled!
L 07/21/2011 - 16:05:17: [AMXX] To enable debug mode, add "debug" after the plugin name in plugins.ini (without quotes).
L 07/21/2011 - 16:05:17: [AMXX] Run time error 4 (plugin "biohazard.amxx") - debug not enabled!
L 07/21/2011 - 16:05:17: [AMXX] To enable debug mode, add "debug" after the plugin name in plugins.ini (without quotes).
L 07/21/2011 - 16:05:19: [AMXX] Run time error 4 (plugin "biohazard.amxx") - debug not enabled!
L 07/21/2011 - 16:05:19: [AMXX] To enable debug mode, add "debug" after the plugin name in plugins.ini (without quotes).
L 07/21/2011 - 16:05:19: [AMXX] Run time error 4 (plugin "biohazard.amxx") - debug not enabled!
L 07/21/2011 - 16:05:19: [AMXX] To enable debug mode, add "debug" after the plugin name in plugins.ini (without quotes).
L 07/21/2011 - 16:05:19: [AMXX] Run time error 4 (plugin "biohazard.amxx") - debug not enabled!
L 07/21/2011 - 16:05:19: [AMXX] To enable debug mode, add "debug" after the plugin name in plugins.ini (without quotes).
L 07/21/2011 - 16:05:19: [AMXX] Run time error 4 (plugin "biohazard.amxx") - debug not enabled!
L 07/21/2011 - 16:05:19: [AMXX] To enable debug mode, add "debug" after the plugin name in plugins.ini (without quotes).
L 07/21/2011 - 16:05:20: [AMXX] Run time error 4 (plugin "biohazard.amxx") - debug not enabled!
L 07/21/2011 - 16:05:20: [AMXX] To enable debug mode, add "debug" after the plugin name in plugins.ini (without quotes).
L 07/21/2011 - 16:51:33: Start of error session.
L 07/21/2011 - 16:51:33: Info (map "zm_303") (file "addons/amxmodx/logs/error_20110721.log")
L 07/21/2011 - 16:51:33: [AMXX] Run time error 4 (plugin "biohazard.amxx") - debug not enabled!
L 07/21/2011 - 16:51:33: [AMXX] To enable debug mode, add "debug" after the plugin name in plugins.ini (without quotes).
L 07/21/2011 - 16:51:33: [AMXX] Run time error 4 (plugin "biohazard.amxx") - debug not enabled!
L 07/21/2011 - 16:51:33: [AMXX] To enable debug mode, add "debug" after the plugin name in plugins.ini (without quotes).
L 07/21/2011 - 16:51:35: [AMXX] Run time error 4 (plugin "biohazard.amxx") - debug not enabled!
L 07/21/2011 - 16:51:35: [AMXX] To enable debug mode, add "debug" after the plugin name in plugins.ini (without quotes).
L 07/21/2011 - 16:51:35: [AMXX] Run time error 4 (plugin "biohazard.amxx") - debug not enabled!
L 07/21/2011 - 16:51:35: [AMXX] To enable debug mode, add "debug" after the plugin name in plugins.ini (without quotes).
L 07/21/2011 - 16:51:37: [AMXX] Run time error 4 (plugin "biohazard.amxx") - debug not enabled!
L 07/21/2011 - 16:51:37: [AMXX] To enable debug mode, add "debug" after the plugin name in plugins.ini (without quotes).
L 07/21/2011 - 16:51:37: [AMXX] Run time error 4 (plugin "biohazard.amxx") - debug not enabled!
L 07/21/2011 - 16:51:37: [AMXX] To enable debug mode, add "debug" after the plugin name in plugins.ini (without quotes).
L 07/21/2011 - 16:51:38: [AMXX] Run time error 4 (plugin "biohazard.amxx") - debug not enabled!
L 07/21/2011 - 16:51:38: [AMXX] To enable debug mode, add "debug" after the plugin name in plugins.ini (without quotes).
L 07/21/2011 - 16:51:39: [AMXX] Run time error 4 (plugin "biohazard.amxx") - debug not enabled!
L 07/21/2011 - 16:51:39: [AMXX] To enable debug mode, add "debug" after the plugin name in plugins.ini (without quotes).
L 07/21/2011 - 16:52:12: [AMXX] Run time error 4 (plugin "biohazard.amxx") - debug not enabled!
L 07/21/2011 - 16:52:12: [AMXX] To enable debug mode, add "debug" after the plugin name in plugins.ini (without quotes).
L 07/21/2011 - 16:52:13: [AMXX] Run time error 4 (plugin "biohazard.amxx") - debug not enabled!
L 07/21/2011 - 16:52:13: [AMXX] To enable debug mode, add "debug" after the plugin name in plugins.ini (without quotes).
L 07/21/2011 - 16:52:17: [AMXX] Run time error 4 (plugin "biohazard.amxx") - debug not enabled!
L 07/21/2011 - 16:52:17: [AMXX] To enable debug mode, add "debug" after the plugin name in plugins.ini (without quotes).
L 07/21/2011 - 16:52:18: [AMXX] Run time error 4 (plugin "biohazard.amxx") - debug not enabled!
L 07/21/2011 - 16:52:18: [AMXX] To enable debug mode, add "debug" after the plugin name in plugins.ini (without quotes).
L 07/21/2011 - 16:52:18: [AMXX] Run time error 4 (plugin "biohazard.amxx") - debug not enabled!
L 07/21/2011 - 16:52:18: [AMXX] To enable debug mode, add "debug" after the plugin name in plugins.ini (without quotes).
L 07/21/2011 - 16:52:18: [AMXX] Run time error 4 (plugin "biohazard.amxx") - debug not enabled!
L 07/21/2011 - 16:52:18: [AMXX] To enable debug mode, add "debug" after the plugin name in plugins.ini (without quotes).
L 07/21/2011 - 16:52:19: [AMXX] Run time error 4 (plugin "biohazard.amxx") - debug not enabled!
L 07/21/2011 - 16:52:19: [AMXX] To enable debug mode, add "debug" after the plugin name in plugins.ini (without quotes).
L 07/21/2011 - 16:52:19: [AMXX] Run time error 4 (plugin "biohazard.amxx") - debug not enabled!
L 07/21/2011 - 16:52:19: [AMXX] To enable debug mode, add "debug" after the plugin name in plugins.ini (without quotes).
L 07/21/2011 - 16:52:19: [AMXX] Run time error 4 (plugin "biohazard.amxx") - debug not enabled!
L 07/21/2011 - 16:52:19: [AMXX] To enable debug mode, add "debug" after the plugin name in plugins.ini (without quotes).
L 07/21/2011 - 16:52:26: [AMXX] Run time error 4 (plugin "biohazard.amxx") - debug not enabled!
L 07/21/2011 - 16:52:26: [AMXX] To enable debug mode, add "debug" after the plugin name in plugins.ini (without quotes).
L 07/21/2011 - 16:52:26: [AMXX] Run time error 4 (plugin "biohazard.amxx") - debug not enabled!
L 07/21/2011 - 16:52:26: [AMXX] To enable debug mode, add "debug" after the plugin name in plugins.ini (without quotes).
L 07/21/2011 - 16:52:27: [AMXX] Run time error 4 (plugin "biohazard.amxx") - debug not enabled!
L 07/21/2011 - 16:52:27: [AMXX] To enable debug mode, add "debug" after the plugin name in plugins.ini (without quotes).
L 07/21/2011 - 16:52:27: [AMXX] Run time error 4 (plugin "biohazard.amxx") - debug not enabled!
L 07/21/2011 - 16:52:27: [AMXX] To enable debug mode, add "debug" after the plugin name in plugins.ini (without quotes).
L 07/21/2011 - 16:52:27: [AMXX] Run time error 4 (plugin "biohazard.amxx") - debug not enabled!
L 07/21/2011 - 16:52:27: [AMXX] To enable debug mode, add "debug" after the plugin name in plugins.ini (without quotes).
L 07/21/2011 - 16:52:28: [AMXX] Run time error 4 (plugin "biohazard.amxx") - debug not enabled!
L 07/21/2011 - 16:52:28: [AMXX] To enable debug mode, add "debug" after the plugin name in plugins.ini (without quotes).
L 07/21/2011 - 16:52:28: [AMXX] Run time error 4 (plugin "biohazard.amxx") - debug not enabled!
L 07/21/2011 - 16:52:28: [AMXX] To enable debug mode, add "debug" after the plugin name in plugins.ini (without quotes).
L 07/21/2011 - 16:53:15: [AMXX] Run time error 4 (plugin "biohazard.amxx") - debug not enabled!
L 07/21/2011 - 16:53:15: [AMXX] To enable debug mode, add "debug" after the plugin name in plugins.ini (without quotes).
L 07/21/2011 - 16:53:16: [AMXX] Run time error 4 (plugin "biohazard.amxx") - debug not enabled!
L 07/21/2011 - 16:53:16: [AMXX] To enable debug mode, add "debug" after the plugin name in plugins.ini (without quotes).
L 07/21/2011 - 16:53:17: [AMXX] Run time error 4 (plugin "biohazard.amxx") - debug not enabled!
L 07/21/2011 - 16:53:17: [AMXX] To enable debug mode, add "debug" after the plugin name in plugins.ini (without quotes).
L 07/21/2011 - 16:53:17: [AMXX] Run time error 4 (plugin "biohazard.amxx") - debug not enabled!
L 07/21/2011 - 16:53:17: [AMXX] To enable debug mode, add "debug" after the plugin name in plugins.ini (without quotes).
L 07/21/2011 - 16:53:17: [AMXX] Run time error 4 (plugin "biohazard.amxx") - debug not enabled!
L 07/21/2011 - 16:53:17: [AMXX] To enable debug mode, add "debug" after the plugin name in plugins.ini (without quotes).
L 07/21/2011 - 16:53:17: [AMXX] Run time error 4 (plugin "biohazard.amxx") - debug not enabled!
L 07/21/2011 - 16:53:17: [AMXX] To enable debug mode, add "debug" after the plugin name in plugins.ini (without quotes).
L 07/21/2011 - 16:53:18: [AMXX] Run time error 4 (plugin "biohazard.amxx") - debug not enabled!
L 07/21/2011 - 16:53:18: [AMXX] To enable debug mode, add "debug" after the plugin name in plugins.ini (without quotes).
L 07/21/2011 - 16:53:18: [AMXX] Run time error 4 (plugin "biohazard.amxx") - debug not enabled!
L 07/21/2011 - 16:53:18: [AMXX] To enable debug mode, add "debug" after the plugin name in plugins.ini (without quotes).
L 07/21/2011 - 16:53:18: [AMXX] Run time error 4 (plugin "biohazard.amxx") - debug not enabled!
L 07/21/2011 - 16:53:18: [AMXX] To enable debug mode, add "debug" after the plugin name in plugins.ini (without quotes).
L 07/21/2011 - 16:53:18: [AMXX] Run time error 4 (plugin "biohazard.amxx") - debug not enabled!
L 07/21/2011 - 16:53:18: [AMXX] To enable debug mode, add "debug" after the plugin name in plugins.ini (without quotes).
L 07/21/2011 - 16:53:19: [AMXX] Run time error 4 (plugin "biohazard.amxx") - debug not enabled!
L 07/21/2011 - 16:53:19: [AMXX] To enable debug mode, add "debug" after the plugin name in plugins.ini (without quotes).
L 07/21/2011 - 16:53:19: [AMXX] Run time error 4 (plugin "biohazard.amxx") - debug not enabled!
L 07/21/2011 - 16:53:19: [AMXX] To enable debug mode, add "debug" after the plugin name in plugins.ini (without quotes).
L 07/21/2011 - 16:53:19: [AMXX] Run time error 4 (plugin "biohazard.amxx") - debug not enabled!
L 07/21/2011 - 16:53:19: [AMXX] To enable debug mode, add "debug" after the plugin name in plugins.ini (without quotes).
L 07/21/2011 - 16:53:19: [AMXX] Run time error 4 (plugin "biohazard.amxx") - debug not enabled!
L 07/21/2011 - 16:53:19: [AMXX] To enable debug mode, add "debug" after the plugin name in plugins.ini (without quotes).
L 07/21/2011 - 16:53:19: [AMXX] Run time error 4 (plugin "biohazard.amxx") - debug not enabled!
L 07/21/2011 - 16:53:19: [AMXX] To enable debug mode, add "debug" after the plugin name in plugins.ini (without quotes).
L 07/21/2011 - 16:53:20: [AMXX] Run time error 4 (plugin "biohazard.amxx") - debug not enabled!
L 07/21/2011 - 16:53:20: [AMXX] To enable debug mode, add "debug" after the plugin name in plugins.ini (without quotes).
L 07/21/2011 - 16:53:20: [AMXX] Run time error 4 (plugin "biohazard.amxx") - debug not enabled!
L 07/21/2011 - 16:53:20: [AMXX] To enable debug mode, add "debug" after the plugin name in plugins.ini (without quotes).
L 07/21/2011 - 16:53:32: [AMXX] Run time error 4 (plugin "biohazard.amxx") - debug not enabled!
L 07/21/2011 - 16:53:32: [AMXX] To enable debug mode, add "debug" after the plugin name in plugins.ini (without quotes).
L 07/21/2011 - 16:53:32: [AMXX] Run time error 4 (plugin "biohazard.amxx") - debug not enabled!
L 07/21/2011 - 16:53:32: [AMXX] To enable debug mode, add "debug" after the plugin name in plugins.ini (without quotes).
L 07/21/2011 - 16:53:32: [AMXX] Run time error 4 (plugin "biohazard.amxx") - debug not enabled!
L 07/21/2011 - 16:53:32: [AMXX] To enable debug mode, add "debug" after the plugin name in plugins.ini (without quotes).
L 07/21/2011 - 16:53:33: [AMXX] Run time error 4 (plugin "biohazard.amxx") - debug not enabled!
L 07/21/2011 - 16:53:33: [AMXX] To enable debug mode, add "debug" after the plugin name in plugins.ini (without quotes).
L 07/21/2011 - 16:53:36: [AMXX] Run time error 4 (plugin "biohazard.amxx") - debug not enabled!
L 07/21/2011 - 16:53:36: [AMXX] To enable debug mode, add "debug" after the plugin name in plugins.ini (without quotes).
L 07/21/2011 - 16:53:36: [AMXX] Run time error 4 (plugin "biohazard.amxx") - debug not enabled!
L 07/21/2011 - 16:53:36: [AMXX] To enable debug mode, add "debug" after the plugin name in plugins.ini (without quotes).
L 07/21/2011 - 16:53:36: [AMXX] Run time error 4 (plugin "biohazard.amxx") - debug not enabled!
L 07/21/2011 - 16:53:36: [AMXX] To enable debug mode, add "debug" after the plugin name in plugins.ini (without quotes).
L 07/21/2011 - 16:53:39: [AMXX] Run time error 4 (plugin "biohazard.amxx") - debug not enabled!
L 07/21/2011 - 16:53:39: [AMXX] To enable debug mode, add "debug" after the plugin name in plugins.ini (without quotes).
L 07/21/2011 - 16:53:39: [AMXX] Run time error 4 (plugin "biohazard.amxx") - debug not enabled!
L 07/21/2011 - 16:53:39: [AMXX] To enable debug mode, add "debug" after the plugin name in plugins.ini (without quotes).
L 07/21/2011 - 16:53:39: [AMXX] Run time error 4 (plugin "biohazard.amxx") - debug not enabled!
L 07/21/2011 - 16:53:39: [AMXX] To enable debug mode, add "debug" after the plugin name in plugins.ini (without quotes).
L 07/21/2011 - 16:53:39: [AMXX] Run time error 4 (plugin "biohazard.amxx") - debug not enabled!
L 07/21/2011 - 16:53:39: [AMXX] To enable debug mode, add "debug" after the plugin name in plugins.ini (without quotes).
L 07/21/2011 - 16:53:39: [AMXX] Run time error 4 (plugin "biohazard.amxx") - debug not enabled!
L 07/21/2011 - 16:53:39: [AMXX] To enable debug mode, add "debug" after the plugin name in plugins.ini (without quotes).
L 07/21/2011 - 16:53:40: [AMXX] Run time error 4 (plugin "biohazard.amxx") - debug not enabled!
L 07/21/2011 - 16:53:40: [AMXX] To enable debug mode, add "debug" after the plugin name in plugins.ini (without quotes).
L 07/21/2011 - 16:53:40: [AMXX] Run time error 4 (plugin "biohazard.amxx") - debug not enabled!
L 07/21/2011 - 16:53:40: [AMXX] To enable debug mode, add "debug" after the plugin name in plugins.ini (without quotes).
L 07/21/2011 - 16:54:41: [AMXX] Run time error 4 (plugin "biohazard.amxx") - debug not enabled!
L 07/21/2011 - 16:54:41: [AMXX] To enable debug mode, add "debug" after the plugin name in plugins.ini (without quotes).
L 07/21/2011 - 16:54:41: [AMXX] Run time error 4 (plugin "biohazard.amxx") - debug not enabled!
L 07/21/2011 - 16:54:41: [AMXX] To enable debug mode, add "debug" after the plugin name in plugins.ini (without quotes).
L 07/21/2011 - 16:54:41: [AMXX] Run time error 4 (plugin "biohazard.amxx") - debug not enabled!
L 07/21/2011 - 16:54:41: [AMXX] To enable debug mode, add "debug" after the plugin name in plugins.ini (without quotes).
L 07/21/2011 - 16:54:42: [AMXX] Run time error 4 (plugin "biohazard.amxx") - debug not enabled!
L 07/21/2011 - 16:54:42: [AMXX] To enable debug mode, add "debug" after the plugin name in plugins.ini (without quotes).
L 07/21/2011 - 16:54:56: [AMXX] Run time error 4 (plugin "biohazard.amxx") - debug not enabled!
L 07/21/2011 - 16:54:56: [AMXX] To enable debug mode, add "debug" after the plugin name in plugins.ini (without quotes).
L 07/21/2011 - 16:54:56: [AMXX] Run time error 4 (plugin "biohazard.amxx") - debug not enabled!
L 07/21/2011 - 16:54:56: [AMXX] To enable debug mode, add "debug" after the plugin name in plugins.ini (without quotes).
L 07/21/2011 - 16:54:56: [AMXX] Run time error 4 (plugin "biohazard.amxx") - debug not enabled!
L 07/21/2011 - 16:54:56: [AMXX] To enable debug mode, add "debug" after the plugin name in plugins.ini (without quotes).
L 07/21/2011 - 16:54:56: [AMXX] Run time error 4 (plugin "biohazard.amxx") - debug not enabled!
L 07/21/2011 - 16:54:56: [AMXX] To enable debug mode, add "debug" after the plugin name in plugins.ini (without quotes).
L 07/21/2011 - 16:54:56: [AMXX] Run time error 4 (plugin "biohazard.amxx") - debug not enabled!
L 07/21/2011 - 16:54:56: [AMXX] To enable debug mode, add "debug" after the plugin name in plugins.ini (without quotes).
L 07/21/2011 - 16:54:57: [AMXX] Run time error 4 (plugin "biohazard.amxx") - debug not enabled!
L 07/21/2011 - 16:54:57: [AMXX] To enable debug mode, add "debug" after the plugin name in plugins.ini (without quotes).
L 07/21/2011 - 16:54:57: [AMXX] Run time error 4 (plugin "biohazard.amxx") - debug not enabled!
L 07/21/2011 - 16:54:57: [AMXX] To enable debug mode, add "debug" after the plugin name in plugins.ini (without quotes).
L 07/21/2011 - 16:54:57: [AMXX] Run time error 4 (plugin "biohazard.amxx") - debug not enabled!
L 07/21/2011 - 16:54:57: [AMXX] To enable debug mode, add "debug" after the plugin name in plugins.ini (without quotes).
L 07/21/2011 - 16:54:58: [AMXX] Run time error 4 (plugin "biohazard.amxx") - debug not enabled!
L 07/21/2011 - 16:54:58: [AMXX] To enable debug mode, add "debug" after the plugin name in plugins.ini (without quotes).
L 07/21/2011 - 16:54:58: [AMXX] Run time error 4 (plugin "biohazard.amxx") - debug not enabled!
L 07/21/2011 - 16:54:58: [AMXX] To enable debug mode, add "debug" after the plugin name in plugins.ini (without quotes).
L 07/21/2011 - 16:54:58: [AMXX] Run time error 4 (plugin "biohazard.amxx") - debug not enabled!
L 07/21/2011 - 16:54:58: [AMXX] To enable debug mode, add "debug" after the plugin name in plugins.ini (without quotes).
L 07/21/2011 - 16:55:58: [AMXX] Run time error 4 (plugin "biohazard.amxx") - debug not enabled!
L 07/21/2011 - 16:55:58: [AMXX] To enable debug mode, add "debug" after the plugin name in plugins.ini (without quotes).
L 07/21/2011 - 16:56:01: [AMXX] Run time error 4 (plugin "biohazard.amxx") - debug not enabled!
L 07/21/2011 - 16:56:01: [AMXX] To enable debug mode, add "debug" after the plugin name in plugins.ini (without quotes).
L 07/21/2011 - 16:56:02: [AMXX] Run time error 4 (plugin "biohazard.amxx") - debug not enabled!
L 07/21/2011 - 16:56:02: [AMXX] To enable debug mode, add "debug" after the plugin name in plugins.ini (without quotes).
L 07/21/2011 - 16:56:03: [AMXX] Run time error 4 (plugin "biohazard.amxx") - debug not enabled!
L 07/21/2011 - 16:56:03: [AMXX] To enable debug mode, add "debug" after the plugin name in plugins.ini (without quotes).
L 07/21/2011 - 17:11:42: Start of error session.
L 07/21/2011 - 17:11:42: Info (map "zm_xata") (file "addons/amxmodx/logs/error_20110721.log")
L 07/21/2011 - 17:11:42: [AMXX] Run time error 4 (plugin "biohazard.amxx") - debug not enabled!
L 07/21/2011 - 17:11:42: [AMXX] To enable debug mode, add "debug" after the plugin name in plugins.ini (without quotes).
L 07/21/2011 - 17:11:42: [AMXX] Run time error 4 (plugin "biohazard.amxx") - debug not enabled!
L 07/21/2011 - 17:11:42: [AMXX] To enable debug mode, add "debug" after the plugin name in plugins.ini (without quotes).
L 07/21/2011 - 17:11:42: [AMXX] Run time error 4 (plugin "biohazard.amxx") - debug not enabled!
L 07/21/2011 - 17:11:42: [AMXX] To enable debug mode, add "debug" after the plugin name in plugins.ini (without quotes).
L 07/21/2011 - 17:11:43: [AMXX] Run time error 4 (plugin "biohazard.amxx") - debug not enabled!
L 07/21/2011 - 17:11:43: [AMXX] To enable debug mode, add "debug" after the plugin name in plugins.ini (without quotes).
L 07/21/2011 - 17:11:43: [AMXX] Run time error 4 (plugin "biohazard.amxx") - debug not enabled!
L 07/21/2011 - 17:11:43: [AMXX] To enable debug mode, add "debug" after the plugin name in plugins.ini (without quotes).
L 07/21/2011 - 17:11:43: [AMXX] Run time error 4 (plugin "biohazard.amxx") - debug not enabled!
L 07/21/2011 - 17:11:43: [AMXX] To enable debug mode, add "debug" after the plugin name in plugins.ini (without quotes).
L 07/21/2011 - 17:11:43: [AMXX] Run time error 4 (plugin "biohazard.amxx") - debug not enabled!
L 07/21/2011 - 17:11:43: [AMXX] To enable debug mode, add "debug" after the plugin name in plugins.ini (without quotes).
L 07/21/2011 - 17:11:43: [AMXX] Run time error 4 (plugin "biohazard.amxx") - debug not enabled!
L 07/21/2011 - 17:11:43: [AMXX] To enable debug mode, add "debug" after the plugin name in plugins.ini (without quotes).
L 07/21/2011 - 17:11:43: [AMXX] Run time error 4 (plugin "biohazard.amxx") - debug not enabled!
L 07/21/2011 - 17:11:43: [AMXX] To enable debug mode, add "debug" after the plugin name in plugins.ini (without quotes).
L 07/21/2011 - 17:11:43: [AMXX] Run time error 4 (plugin "biohazard.amxx") - debug not enabled!
L 07/21/2011 - 17:11:43: [AMXX] To enable debug mode, add "debug" after the plugin name in plugins.ini (without quotes).
L 07/21/2011 - 17:11:43: [AMXX] Run time error 4 (plugin "biohazard.amxx") - debug not enabled!
L 07/21/2011 - 17:11:43: [AMXX] To enable debug mode, add "debug" after the plugin name in plugins.ini (without quotes).
L 07/21/2011 - 17:11:44: [AMXX] Run time error 4 (plugin "biohazard.amxx") - debug not enabled!
L 07/21/2011 - 17:11:44: [AMXX] To enable debug mode, add "debug" after the plugin name in plugins.ini (without quotes).
L 07/21/2011 - 17:11:44: [AMXX] Run time error 4 (plugin "biohazard.amxx") - debug not enabled!
L 07/21/2011 - 17:11:44: [AMXX] To enable debug mode, add "debug" after the plugin name in plugins.ini (without quotes).
L 07/21/2011 - 17:11:44: [AMXX] Run time error 4 (plugin "biohazard.amxx") - debug not enabled!
L 07/21/2011 - 17:11:44: [AMXX] To enable debug mode, add "debug" after the plugin name in plugins.ini (without quotes).
L 07/21/2011 - 17:11:44: [AMXX] Run time error 4 (plugin "biohazard.amxx") - debug not enabled!
L 07/21/2011 - 17:11:44: [AMXX] To enable debug mode, add "debug" after the plugin name in plugins.ini (without quotes).
L 07/21/2011 - 17:11:44: [AMXX] Run time error 4 (plugin "biohazard.amxx") - debug not enabled!
L 07/21/2011 - 17:11:44: [AMXX] To enable debug mode, add "debug" after the plugin name in plugins.ini (without quotes).
L 07/21/2011 - 17:11:44: [AMXX] Run time error 4 (plugin "biohazard.amxx") - debug not enabled!
L 07/21/2011 - 17:11:44: [AMXX] To enable debug mode, add "debug" after the plugin name in plugins.ini (without quotes).
L 07/21/2011 - 17:11:44: [AMXX] Run time error 4 (plugin "biohazard.amxx") - debug not enabled!
L 07/21/2011 - 17:11:44: [AMXX] To enable debug mode, add "debug" after the plugin name in plugins.ini (without quotes).
L 07/21/2011 - 17:11:44: [AMXX] Run time error 4 (plugin "biohazard.amxx") - debug not enabled!
L 07/21/2011 - 17:11:44: [AMXX] To enable debug mode, add "debug" after the plugin name in plugins.ini (without quotes).
L 07/21/2011 - 17:11:44: [AMXX] Run time error 4 (plugin "biohazard.amxx") - debug not enabled!
L 07/21/2011 - 17:11:44: [AMXX] To enable debug mode, add "debug" after the plugin name in plugins.ini (without quotes).
L 07/21/2011 - 17:11:46: [AMXX] Run time error 4 (plugin "biohazard.amxx") - debug not enabled!
L 07/21/2011 - 17:11:46: [AMXX] To enable debug mode, add "debug" after the plugin name in plugins.ini (without quotes).
L 07/21/2011 - 17:11:52: [AMXX] Run time error 4 (plugin "biohazard.amxx") - debug not enabled!
L 07/21/2011 - 17:11:52: [AMXX] To enable debug mode, add "debug" after the plugin name in plugins.ini (without quotes).
L 07/21/2011 - 17:11:52: [AMXX] Run time error 4 (plugin "biohazard.amxx") - debug not enabled!
L 07/21/2011 - 17:11:52: [AMXX] To enable debug mode, add "debug" after the plugin name in plugins.ini (without quotes).
L 07/21/2011 - 19:59:05: Start of error session.
L 07/21/2011 - 19:59:05: Info (map "zm_666_brick") (file "addons/amxmodx/logs/error_20110721.log")
L 07/21/2011 - 19:59:05: [AMXX] Run time error 4 (plugin "biohazard.amxx") - debug not enabled!
L 07/21/2011 - 19:59:05: [AMXX] To enable debug mode, add "debug" after the plugin name in plugins.ini (without quotes).
L 07/21/2011 - 19:59:05: [AMXX] Run time error 4 (plugin "biohazard.amxx") - debug not enabled!
L 07/21/2011 - 19:59:05: [AMXX] To enable debug mode, add "debug" after the plugin name in plugins.ini (without quotes).
L 07/21/2011 - 21:01:14: Start of error session.
L 07/21/2011 - 21:01:14: Info (map "zm_303") (file "addons/amxmodx/logs/error_20110721.log")
L 07/21/2011 - 21:01:14: [AMXX] Run time error 4 (plugin "biohazard.amxx") - debug not enabled!
L 07/21/2011 - 21:01:14: [AMXX] To enable debug mode, add "debug" after the plugin name in plugins.ini (without quotes).
L 07/21/2011 - 21:01:15: [AMXX] Run time error 4 (plugin "biohazard.amxx") - debug not enabled!
L 07/21/2011 - 21:01:15: [AMXX] To enable debug mode, add "debug" after the plugin name in plugins.ini (without quotes).
L 07/21/2011 - 21:01:15: [AMXX] Run time error 4 (plugin "biohazard.amxx") - debug not enabled!
L 07/21/2011 - 21:01:15: [AMXX] To enable debug mode, add "debug" after the plugin name in plugins.ini (without quotes).
L 07/21/2011 - 21:01:16: [AMXX] Run time error 4 (plugin "biohazard.amxx") - debug not enabled!
L 07/21/2011 - 21:01:16: [AMXX] To enable debug mode, add "debug" after the plugin name in plugins.ini (without quotes).
L 07/21/2011 - 21:01:16: [AMXX] Run time error 4 (plugin "biohazard.amxx") - debug not enabled!
L 07/21/2011 - 21:01:16: [AMXX] To enable debug mode, add "debug" after the plugin name in plugins.ini (without quotes).
L 07/21/2011 - 21:01:17: [AMXX] Run time error 4 (plugin "biohazard.amxx") - debug not enabled!
L 07/21/2011 - 21:01:17: [AMXX] To enable debug mode, add "debug" after the plugin name in plugins.ini (without quotes).
L 07/21/2011 - 21:07:38: [AMXX] Run time error 4 (plugin "biohazard.amxx") - debug not enabled!
L 07/21/2011 - 21:07:38: [AMXX] To enable debug mode, add "debug" after the plugin name in plugins.ini (without quotes).
L 07/21/2011 - 21:07:38: [AMXX] Run time error 4 (plugin "biohazard.amxx") - debug not enabled!
L 07/21/2011 - 21:07:38: [AMXX] To enable debug mode, add "debug" after the plugin name in plugins.ini (without quotes).
L 07/21/2011 - 21:25:00: Start of error session.
L 07/21/2011 - 21:25:00: Info (map "zm_army") (file "addons/amxmodx/logs/error_20110721.log")
L 07/21/2011 - 21:25:00: [AMXX] Run time error 4 (plugin "biohazard.amxx") - debug not enabled!
L 07/21/2011 - 21:25:00: [AMXX] To enable debug mode, add "debug" after the plugin name in plugins.ini (without quotes).
L 07/21/2011 - 21:26:50: [AMXX] Run time error 4 (plugin "biohazard.amxx") - debug not enabled!
L 07/21/2011 - 21:26:50: [AMXX] To enable debug mode, add "debug" after the plugin name in plugins.ini (without quotes).
L 07/21/2011 - 21:35:17: [AMXX] Run time error 4 (plugin "biohazard.amxx") - debug not enabled!
L 07/21/2011 - 21:35:17: [AMXX] To enable debug mode, add "debug" after the plugin name in plugins.ini (without quotes).
