L 05/18/2011 - 00:00:39: [AMXX] Run time error 4 (plugin "biohazard.amxx") - debug not enabled!
L 05/18/2011 - 00:00:39: [AMXX] To enable debug mode, add "debug" after the plugin name in plugins.ini (without quotes).
L 05/18/2011 - 00:00:39: [AMXX] Run time error 4 (plugin "biohazard.amxx") - debug not enabled!
L 05/18/2011 - 00:00:39: [AMXX] To enable debug mode, add "debug" after the plugin name in plugins.ini (without quotes).
L 05/18/2011 - 00:00:39: [AMXX] Run time error 4 (plugin "biohazard.amxx") - debug not enabled!
L 05/18/2011 - 00:00:39: [AMXX] To enable debug mode, add "debug" after the plugin name in plugins.ini (without quotes).
L 05/18/2011 - 00:04:00: [AMXX] Run time error 4 (plugin "biohazard.amxx") - debug not enabled!
L 05/18/2011 - 00:04:00: [AMXX] To enable debug mode, add "debug" after the plugin name in plugins.ini (without quotes).
L 05/18/2011 - 00:04:00: [AMXX] Run time error 4 (plugin "biohazard.amxx") - debug not enabled!
L 05/18/2011 - 00:04:00: [AMXX] To enable debug mode, add "debug" after the plugin name in plugins.ini (without quotes).
L 05/18/2011 - 00:06:22: [AMXX] Run time error 4 (plugin "biohazard.amxx") - debug not enabled!
L 05/18/2011 - 00:06:22: [AMXX] To enable debug mode, add "debug" after the plugin name in plugins.ini (without quotes).
L 05/18/2011 - 00:09:43: [AMXX] Run time error 4 (plugin "biohazard.amxx") - debug not enabled!
L 05/18/2011 - 00:09:43: [AMXX] To enable debug mode, add "debug" after the plugin name in plugins.ini (without quotes).
L 05/18/2011 - 00:17:57: Start of error session.
L 05/18/2011 - 00:17:57: Info (map "zm_houses") (file "addons/amxmodx/logs/error_20110518.log")
L 05/18/2011 - 00:17:57: [AMXX] Run time error 4 (plugin "biohazard.amxx") - debug not enabled!
L 05/18/2011 - 00:17:57: [AMXX] To enable debug mode, add "debug" after the plugin name in plugins.ini (without quotes).
L 05/18/2011 - 00:24:01: [AMXX] Run time error 4 (plugin "biohazard.amxx") - debug not enabled!
L 05/18/2011 - 00:24:01: [AMXX] To enable debug mode, add "debug" after the plugin name in plugins.ini (without quotes).
L 05/18/2011 - 00:26:28: [AMXX] Run time error 4 (plugin "biohazard.amxx") - debug not enabled!
L 05/18/2011 - 00:26:28: [AMXX] To enable debug mode, add "debug" after the plugin name in plugins.ini (without quotes).
L 05/18/2011 - 00:28:46: [AMXX] Run time error 4 (plugin "biohazard.amxx") - debug not enabled!
L 05/18/2011 - 00:28:46: [AMXX] To enable debug mode, add "debug" after the plugin name in plugins.ini (without quotes).
L 05/18/2011 - 00:30:06: [AMXX] Run time error 4 (plugin "biohazard.amxx") - debug not enabled!
L 05/18/2011 - 00:30:06: [AMXX] To enable debug mode, add "debug" after the plugin name in plugins.ini (without quotes).
L 05/18/2011 - 00:32:44: [AMXX] Run time error 4 (plugin "biohazard.amxx") - debug not enabled!
L 05/18/2011 - 00:32:44: [AMXX] To enable debug mode, add "debug" after the plugin name in plugins.ini (without quotes).
L 05/18/2011 - 02:27:31: Start of error session.
L 05/18/2011 - 02:27:31: Info (map "016_rmk") (file "addons/amxmodx/logs/error_20110518.log")
L 05/18/2011 - 02:27:31: [MySQL] Invalid handle: 0
L 05/18/2011 - 02:27:31: [AMXX] Run time error 10 (plugin "amxbans.amxx") (native "SQL_FreeHandle") - debug not enabled!
L 05/18/2011 - 02:27:31: [AMXX] To enable debug mode, add "debug" after the plugin name in plugins.ini (without quotes).
L 05/18/2011 - 09:11:50: Start of error session.
L 05/18/2011 - 09:11:50: Info (map "cs_estate") (file "addons/amxmodx/logs/error_20110518.log")
L 05/18/2011 - 09:11:50: [AMXX] Run time error 4 (plugin "biohazard.amxx") - debug not enabled!
L 05/18/2011 - 09:11:50: [AMXX] To enable debug mode, add "debug" after the plugin name in plugins.ini (without quotes).
L 05/18/2011 - 09:15:11: [AMXX] Run time error 4 (plugin "biohazard.amxx") - debug not enabled!
L 05/18/2011 - 09:15:11: [AMXX] To enable debug mode, add "debug" after the plugin name in plugins.ini (without quotes).
L 05/18/2011 - 09:17:17: Start of error session.
L 05/18/2011 - 09:17:17: Info (map "zm_dust_base_fin") (file "addons/amxmodx/logs/error_20110518.log")
L 05/18/2011 - 09:17:17: [AMXX] Run time error 4 (plugin "biohazard.amxx") - debug not enabled!
L 05/18/2011 - 09:17:17: [AMXX] To enable debug mode, add "debug" after the plugin name in plugins.ini (without quotes).
L 05/18/2011 - 09:37:48: Start of error session.
L 05/18/2011 - 09:37:48: Info (map "cs_militia") (file "addons/amxmodx/logs/error_20110518.log")
L 05/18/2011 - 09:37:48: [AMXX] Run time error 4 (plugin "biohazard.amxx") - debug not enabled!
L 05/18/2011 - 09:37:48: [AMXX] To enable debug mode, add "debug" after the plugin name in plugins.ini (without quotes).
L 05/18/2011 - 10:39:40: Start of error session.
L 05/18/2011 - 10:39:40: Info (map "zm_303") (file "addons/amxmodx/logs/error_20110518.log")
L 05/18/2011 - 10:39:40: [AMXX] Run time error 4 (plugin "biohazard.amxx") - debug not enabled!
L 05/18/2011 - 10:39:40: [AMXX] To enable debug mode, add "debug" after the plugin name in plugins.ini (without quotes).
L 05/18/2011 - 11:43:47: Start of error session.
L 05/18/2011 - 11:43:47: Info (map "zm_fdust2x2") (file "addons/amxmodx/logs/error_20110518.log")
L 05/18/2011 - 11:43:47: [AMXX] Run time error 4 (plugin "biohazard.amxx") - debug not enabled!
L 05/18/2011 - 11:43:47: [AMXX] To enable debug mode, add "debug" after the plugin name in plugins.ini (without quotes).
L 05/18/2011 - 11:45:37: [AMXX] Run time error 4 (plugin "biohazard.amxx") - debug not enabled!
L 05/18/2011 - 11:45:37: [AMXX] To enable debug mode, add "debug" after the plugin name in plugins.ini (without quotes).
L 05/18/2011 - 12:06:00: Start of error session.
L 05/18/2011 - 12:06:00: Info (map "zm_202") (file "addons/amxmodx/logs/error_20110518.log")
L 05/18/2011 - 12:06:00: [AMXX] Run time error 4 (plugin "biohazard.amxx") - debug not enabled!
L 05/18/2011 - 12:06:00: [AMXX] To enable debug mode, add "debug" after the plugin name in plugins.ini (without quotes).
L 05/18/2011 - 12:09:21: [AMXX] Run time error 4 (plugin "biohazard.amxx") - debug not enabled!
L 05/18/2011 - 12:09:21: [AMXX] To enable debug mode, add "debug" after the plugin name in plugins.ini (without quotes).
L 05/18/2011 - 12:11:42: [AMXX] Run time error 4 (plugin "biohazard.amxx") - debug not enabled!
L 05/18/2011 - 12:11:42: [AMXX] To enable debug mode, add "debug" after the plugin name in plugins.ini (without quotes).
L 05/18/2011 - 12:13:03: Start of error session.
L 05/18/2011 - 12:13:03: Info (map "de_dust") (file "addons/amxmodx/logs/error_20110518.log")
L 05/18/2011 - 12:13:03: [AMXX] Run time error 4 (plugin "biohazard.amxx") - debug not enabled!
L 05/18/2011 - 12:13:03: [AMXX] To enable debug mode, add "debug" after the plugin name in plugins.ini (without quotes).
L 05/18/2011 - 12:15:54: [AMXX] Run time error 4 (plugin "biohazard.amxx") - debug not enabled!
L 05/18/2011 - 12:15:54: [AMXX] To enable debug mode, add "debug" after the plugin name in plugins.ini (without quotes).
L 05/18/2011 - 12:28:05: Start of error session.
L 05/18/2011 - 12:28:05: Info (map "zm_houses") (file "addons/amxmodx/logs/error_20110518.log")
L 05/18/2011 - 12:28:05: [AMXX] Run time error 4 (plugin "biohazard.amxx") - debug not enabled!
L 05/18/2011 - 12:28:05: [AMXX] To enable debug mode, add "debug" after the plugin name in plugins.ini (without quotes).
L 05/18/2011 - 12:31:26: [AMXX] Run time error 4 (plugin "biohazard.amxx") - debug not enabled!
L 05/18/2011 - 12:31:26: [AMXX] To enable debug mode, add "debug" after the plugin name in plugins.ini (without quotes).
L 05/18/2011 - 13:07:17: Start of error session.
L 05/18/2011 - 13:07:17: Info (map "zm_army") (file "addons/amxmodx/logs/error_20110518.log")
L 05/18/2011 - 13:07:17: [AMXX] Run time error 4 (plugin "biohazard.amxx") - debug not enabled!
L 05/18/2011 - 13:07:17: [AMXX] To enable debug mode, add "debug" after the plugin name in plugins.ini (without quotes).
L 05/18/2011 - 13:10:38: [AMXX] Run time error 4 (plugin "biohazard.amxx") - debug not enabled!
L 05/18/2011 - 13:10:38: [AMXX] To enable debug mode, add "debug" after the plugin name in plugins.ini (without quotes).
L 05/18/2011 - 13:13:59: [AMXX] Run time error 4 (plugin "biohazard.amxx") - debug not enabled!
L 05/18/2011 - 13:13:59: [AMXX] To enable debug mode, add "debug" after the plugin name in plugins.ini (without quotes).
L 05/18/2011 - 13:17:40: [AMXX] Run time error 4 (plugin "biohazard.amxx") - debug not enabled!
L 05/18/2011 - 13:17:40: [AMXX] To enable debug mode, add "debug" after the plugin name in plugins.ini (without quotes).
L 05/18/2011 - 13:18:48: [AMXX] Run time error 4 (plugin "biohazard.amxx") - debug not enabled!
L 05/18/2011 - 13:18:48: [AMXX] To enable debug mode, add "debug" after the plugin name in plugins.ini (without quotes).
L 05/18/2011 - 13:22:09: [AMXX] Run time error 4 (plugin "biohazard.amxx") - debug not enabled!
L 05/18/2011 - 13:22:09: [AMXX] To enable debug mode, add "debug" after the plugin name in plugins.ini (without quotes).
L 05/18/2011 - 13:41:23: Start of error session.
L 05/18/2011 - 13:41:23: Info (map "zm_desolation_house") (file "addons/amxmodx/logs/error_20110518.log")
L 05/18/2011 - 13:41:23: [AMXX] Run time error 4 (plugin "biohazard.amxx") - debug not enabled!
L 05/18/2011 - 13:41:23: [AMXX] To enable debug mode, add "debug" after the plugin name in plugins.ini (without quotes).
L 05/18/2011 - 13:44:44: [AMXX] Run time error 4 (plugin "biohazard.amxx") - debug not enabled!
L 05/18/2011 - 13:44:44: [AMXX] To enable debug mode, add "debug" after the plugin name in plugins.ini (without quotes).
L 05/18/2011 - 13:46:44: Start of error session.
L 05/18/2011 - 13:46:44: Info (map "zm_xata") (file "addons/amxmodx/logs/error_20110518.log")
L 05/18/2011 - 13:46:44: [AMXX] Run time error 4 (plugin "biohazard.amxx") - debug not enabled!
L 05/18/2011 - 13:46:44: [AMXX] To enable debug mode, add "debug" after the plugin name in plugins.ini (without quotes).
L 05/18/2011 - 13:46:44: [AMXX] Run time error 4 (plugin "biohazard.amxx") - debug not enabled!
L 05/18/2011 - 13:46:44: [AMXX] To enable debug mode, add "debug" after the plugin name in plugins.ini (without quotes).
L 05/18/2011 - 13:46:44: [AMXX] Run time error 4 (plugin "biohazard.amxx") - debug not enabled!
L 05/18/2011 - 13:46:44: [AMXX] To enable debug mode, add "debug" after the plugin name in plugins.ini (without quotes).
L 05/18/2011 - 13:52:54: [AMXX] Run time error 4 (plugin "biohazard.amxx") - debug not enabled!
L 05/18/2011 - 13:52:54: [AMXX] To enable debug mode, add "debug" after the plugin name in plugins.ini (without quotes).
L 05/18/2011 - 13:52:54: [AMXX] Run time error 4 (plugin "biohazard.amxx") - debug not enabled!
L 05/18/2011 - 13:52:54: [AMXX] To enable debug mode, add "debug" after the plugin name in plugins.ini (without quotes).
L 05/18/2011 - 13:52:54: [AMXX] Run time error 4 (plugin "biohazard.amxx") - debug not enabled!
L 05/18/2011 - 13:52:54: [AMXX] To enable debug mode, add "debug" after the plugin name in plugins.ini (without quotes).
L 05/18/2011 - 13:56:15: [AMXX] Run time error 4 (plugin "biohazard.amxx") - debug not enabled!
L 05/18/2011 - 13:56:15: [AMXX] To enable debug mode, add "debug" after the plugin name in plugins.ini (without quotes).
L 05/18/2011 - 13:56:15: [AMXX] Run time error 4 (plugin "biohazard.amxx") - debug not enabled!
L 05/18/2011 - 13:56:15: [AMXX] To enable debug mode, add "debug" after the plugin name in plugins.ini (without quotes).
L 05/18/2011 - 14:02:57: [AMXX] Run time error 4 (plugin "biohazard.amxx") - debug not enabled!
L 05/18/2011 - 14:02:57: [AMXX] To enable debug mode, add "debug" after the plugin name in plugins.ini (without quotes).
L 05/18/2011 - 14:02:57: [AMXX] Run time error 4 (plugin "biohazard.amxx") - debug not enabled!
L 05/18/2011 - 14:02:57: [AMXX] To enable debug mode, add "debug" after the plugin name in plugins.ini (without quotes).
L 05/18/2011 - 14:06:47: [AMXX] Run time error 4 (plugin "biohazard.amxx") - debug not enabled!
L 05/18/2011 - 14:06:47: [AMXX] To enable debug mode, add "debug" after the plugin name in plugins.ini (without quotes).
L 05/18/2011 - 14:10:15: Start of error session.
L 05/18/2011 - 14:10:15: Info (map "zm_dust_base_fin") (file "addons/amxmodx/logs/error_20110518.log")
L 05/18/2011 - 14:10:15: [AMXX] Run time error 4 (plugin "biohazard.amxx") - debug not enabled!
L 05/18/2011 - 14:10:15: [AMXX] To enable debug mode, add "debug" after the plugin name in plugins.ini (without quotes).
L 05/18/2011 - 14:31:54: Start of error session.
L 05/18/2011 - 14:31:54: Info (map "zm_fdust2x2") (file "addons/amxmodx/logs/error_20110518.log")
L 05/18/2011 - 14:31:54: [AMXX] Run time error 4 (plugin "biohazard.amxx") - debug not enabled!
L 05/18/2011 - 14:31:54: [AMXX] To enable debug mode, add "debug" after the plugin name in plugins.ini (without quotes).
L 05/18/2011 - 14:33:11: [AMXX] Run time error 4 (plugin "biohazard.amxx") - debug not enabled!
L 05/18/2011 - 14:33:11: [AMXX] To enable debug mode, add "debug" after the plugin name in plugins.ini (without quotes).
L 05/18/2011 - 14:34:47: [AMXX] Run time error 4 (plugin "biohazard.amxx") - debug not enabled!
L 05/18/2011 - 14:34:47: [AMXX] To enable debug mode, add "debug" after the plugin name in plugins.ini (without quotes).
L 05/18/2011 - 14:34:47: [AMXX] Run time error 4 (plugin "biohazard.amxx") - debug not enabled!
L 05/18/2011 - 14:34:47: [AMXX] To enable debug mode, add "debug" after the plugin name in plugins.ini (without quotes).
L 05/18/2011 - 14:38:08: [AMXX] Run time error 4 (plugin "biohazard.amxx") - debug not enabled!
L 05/18/2011 - 14:38:08: [AMXX] To enable debug mode, add "debug" after the plugin name in plugins.ini (without quotes).
L 05/18/2011 - 14:41:29: [AMXX] Run time error 4 (plugin "biohazard.amxx") - debug not enabled!
L 05/18/2011 - 14:41:29: [AMXX] To enable debug mode, add "debug" after the plugin name in plugins.ini (without quotes).
L 05/18/2011 - 14:42:35: [AMXX] Run time error 4 (plugin "biohazard.amxx") - debug not enabled!
L 05/18/2011 - 14:42:35: [AMXX] To enable debug mode, add "debug" after the plugin name in plugins.ini (without quotes).
L 05/18/2011 - 14:51:46: [AMXX] Run time error 4 (plugin "biohazard.amxx") - debug not enabled!
L 05/18/2011 - 14:51:46: [AMXX] To enable debug mode, add "debug" after the plugin name in plugins.ini (without quotes).
L 05/18/2011 - 14:54:11: Start of error session.
L 05/18/2011 - 14:54:11: Info (map "ze_jurassickpark3_lg") (file "addons/amxmodx/logs/error_20110518.log")
L 05/18/2011 - 14:54:11: [AMXX] Run time error 4 (plugin "biohazard.amxx") - debug not enabled!
L 05/18/2011 - 14:54:11: [AMXX] To enable debug mode, add "debug" after the plugin name in plugins.ini (without quotes).
L 05/18/2011 - 14:54:11: [AMXX] Run time error 4 (plugin "biohazard.amxx") - debug not enabled!
L 05/18/2011 - 14:54:11: [AMXX] To enable debug mode, add "debug" after the plugin name in plugins.ini (without quotes).
L 05/18/2011 - 14:56:59: [AMXX] Run time error 4 (plugin "biohazard.amxx") - debug not enabled!
L 05/18/2011 - 14:56:59: [AMXX] To enable debug mode, add "debug" after the plugin name in plugins.ini (without quotes).
L 05/18/2011 - 15:10:32: Start of error session.
L 05/18/2011 - 15:10:32: Info (map "016_rmk") (file "addons/amxmodx/logs/error_20110518.log")
L 05/18/2011 - 15:10:32: [AMXX] Run time error 4 (plugin "biohazard.amxx") - debug not enabled!
L 05/18/2011 - 15:10:32: [AMXX] To enable debug mode, add "debug" after the plugin name in plugins.ini (without quotes).
L 05/18/2011 - 15:13:53: [AMXX] Run time error 4 (plugin "biohazard.amxx") - debug not enabled!
L 05/18/2011 - 15:13:53: [AMXX] To enable debug mode, add "debug" after the plugin name in plugins.ini (without quotes).
L 05/18/2011 - 15:23:17: [AMXX] Run time error 4 (plugin "biohazard.amxx") - debug not enabled!
L 05/18/2011 - 15:23:17: [AMXX] To enable debug mode, add "debug" after the plugin name in plugins.ini (without quotes).
L 05/18/2011 - 15:26:38: [AMXX] Run time error 4 (plugin "biohazard.amxx") - debug not enabled!
L 05/18/2011 - 15:26:38: [AMXX] To enable debug mode, add "debug" after the plugin name in plugins.ini (without quotes).
L 05/18/2011 - 15:27:55: [AMXX] Run time error 4 (plugin "biohazard.amxx") - debug not enabled!
L 05/18/2011 - 15:27:55: [AMXX] To enable debug mode, add "debug" after the plugin name in plugins.ini (without quotes).
L 05/18/2011 - 15:30:06: Start of error session.
L 05/18/2011 - 15:30:06: Info (map "zm_202") (file "addons/amxmodx/logs/error_20110518.log")
L 05/18/2011 - 15:30:06: [AMXX] Run time error 4 (plugin "biohazard.amxx") - debug not enabled!
L 05/18/2011 - 15:30:06: [AMXX] To enable debug mode, add "debug" after the plugin name in plugins.ini (without quotes).
L 05/18/2011 - 15:33:27: [AMXX] Run time error 4 (plugin "biohazard.amxx") - debug not enabled!
L 05/18/2011 - 15:33:27: [AMXX] To enable debug mode, add "debug" after the plugin name in plugins.ini (without quotes).
L 05/18/2011 - 15:33:27: [AMXX] Run time error 4 (plugin "biohazard.amxx") - debug not enabled!
L 05/18/2011 - 15:33:27: [AMXX] To enable debug mode, add "debug" after the plugin name in plugins.ini (without quotes).
L 05/18/2011 - 15:34:46: [AMXX] Run time error 4 (plugin "biohazard.amxx") - debug not enabled!
L 05/18/2011 - 15:34:46: [AMXX] To enable debug mode, add "debug" after the plugin name in plugins.ini (without quotes).
L 05/18/2011 - 15:36:21: [AMXX] Run time error 4 (plugin "biohazard.amxx") - debug not enabled!
L 05/18/2011 - 15:36:21: [AMXX] To enable debug mode, add "debug" after the plugin name in plugins.ini (without quotes).
L 05/18/2011 - 15:38:24: [AMXX] Run time error 4 (plugin "biohazard.amxx") - debug not enabled!
L 05/18/2011 - 15:38:24: [AMXX] To enable debug mode, add "debug" after the plugin name in plugins.ini (without quotes).
L 05/18/2011 - 15:38:24: [AMXX] Run time error 4 (plugin "biohazard.amxx") - debug not enabled!
L 05/18/2011 - 15:38:24: [AMXX] To enable debug mode, add "debug" after the plugin name in plugins.ini (without quotes).
L 05/18/2011 - 15:41:11: [AMXX] Run time error 4 (plugin "biohazard.amxx") - debug not enabled!
L 05/18/2011 - 15:41:11: [AMXX] To enable debug mode, add "debug" after the plugin name in plugins.ini (without quotes).
L 05/18/2011 - 15:46:41: [AMXX] Run time error 4 (plugin "biohazard.amxx") - debug not enabled!
L 05/18/2011 - 15:46:41: [AMXX] To enable debug mode, add "debug" after the plugin name in plugins.ini (without quotes).
L 05/18/2011 - 15:46:41: [AMXX] Run time error 4 (plugin "biohazard.amxx") - debug not enabled!
L 05/18/2011 - 15:46:41: [AMXX] To enable debug mode, add "debug" after the plugin name in plugins.ini (without quotes).
L 05/18/2011 - 15:49:43: Start of error session.
L 05/18/2011 - 15:49:43: Info (map "zm_army") (file "addons/amxmodx/logs/error_20110518.log")
L 05/18/2011 - 15:49:43: [AMXX] Run time error 4 (plugin "biohazard.amxx") - debug not enabled!
L 05/18/2011 - 15:49:43: [AMXX] To enable debug mode, add "debug" after the plugin name in plugins.ini (without quotes).
L 05/18/2011 - 15:59:39: [AMXX] Run time error 4 (plugin "biohazard.amxx") - debug not enabled!
L 05/18/2011 - 15:59:39: [AMXX] To enable debug mode, add "debug" after the plugin name in plugins.ini (without quotes).
L 05/18/2011 - 16:11:50: Start of error session.
L 05/18/2011 - 16:11:50: Info (map "zm_south_escape_b2") (file "addons/amxmodx/logs/error_20110518.log")
L 05/18/2011 - 16:11:50: [AMXX] Run time error 4 (plugin "biohazard.amxx") - debug not enabled!
L 05/18/2011 - 16:11:50: [AMXX] To enable debug mode, add "debug" after the plugin name in plugins.ini (without quotes).
L 05/18/2011 - 16:12:54: [AMXX] Run time error 4 (plugin "biohazard.amxx") - debug not enabled!
L 05/18/2011 - 16:12:54: [AMXX] To enable debug mode, add "debug" after the plugin name in plugins.ini (without quotes).
L 05/18/2011 - 16:15:12: [AMXX] Run time error 4 (plugin "biohazard.amxx") - debug not enabled!
L 05/18/2011 - 16:15:12: [AMXX] To enable debug mode, add "debug" after the plugin name in plugins.ini (without quotes).
L 05/18/2011 - 16:47:35: [AMXX] Run time error 4 (plugin "biohazard.amxx") - debug not enabled!
L 05/18/2011 - 16:47:35: [AMXX] To enable debug mode, add "debug" after the plugin name in plugins.ini (without quotes).
L 05/18/2011 - 17:04:59: Start of error session.
L 05/18/2011 - 17:04:59: Info (map "zm_xata") (file "addons/amxmodx/logs/error_20110518.log")
L 05/18/2011 - 17:04:59: [AMXX] Run time error 4 (plugin "biohazard.amxx") - debug not enabled!
L 05/18/2011 - 17:04:59: [AMXX] To enable debug mode, add "debug" after the plugin name in plugins.ini (without quotes).
L 05/18/2011 - 17:12:10: [AMXX] Run time error 4 (plugin "biohazard.amxx") - debug not enabled!
L 05/18/2011 - 17:12:10: [AMXX] To enable debug mode, add "debug" after the plugin name in plugins.ini (without quotes).
L 05/18/2011 - 17:15:31: [AMXX] Run time error 4 (plugin "biohazard.amxx") - debug not enabled!
L 05/18/2011 - 17:15:31: [AMXX] To enable debug mode, add "debug" after the plugin name in plugins.ini (without quotes).
L 05/18/2011 - 17:18:28: Start of error session.
L 05/18/2011 - 17:18:28: Info (map "zm_303") (file "addons/amxmodx/logs/error_20110518.log")
L 05/18/2011 - 17:18:28: [AMXX] Run time error 4 (plugin "biohazard.amxx") - debug not enabled!
L 05/18/2011 - 17:18:28: [AMXX] To enable debug mode, add "debug" after the plugin name in plugins.ini (without quotes).
L 05/18/2011 - 17:18:28: [AMXX] Run time error 4 (plugin "biohazard.amxx") - debug not enabled!
L 05/18/2011 - 17:18:28: [AMXX] To enable debug mode, add "debug" after the plugin name in plugins.ini (without quotes).
L 05/18/2011 - 17:42:34: Start of error session.
L 05/18/2011 - 17:42:34: Info (map "zm_dust_base_fin") (file "addons/amxmodx/logs/error_20110518.log")
L 05/18/2011 - 17:42:34: [AMXX] Run time error 4 (plugin "biohazard.amxx") - debug not enabled!
L 05/18/2011 - 17:42:34: [AMXX] To enable debug mode, add "debug" after the plugin name in plugins.ini (without quotes).
L 05/18/2011 - 17:46:21: [AMXX] Run time error 4 (plugin "biohazard.amxx") - debug not enabled!
L 05/18/2011 - 17:46:21: [AMXX] To enable debug mode, add "debug" after the plugin name in plugins.ini (without quotes).
L 05/18/2011 - 18:13:28: Start of error session.
L 05/18/2011 - 18:13:28: Info (map "zm_neris") (file "addons/amxmodx/logs/error_20110518.log")
L 05/18/2011 - 18:13:28: [AMXX] Run time error 4 (plugin "biohazard.amxx") - debug not enabled!
L 05/18/2011 - 18:13:28: [AMXX] To enable debug mode, add "debug" after the plugin name in plugins.ini (without quotes).
L 05/18/2011 - 18:16:11: [AMXX] Run time error 4 (plugin "biohazard.amxx") - debug not enabled!
L 05/18/2011 - 18:16:11: [AMXX] To enable debug mode, add "debug" after the plugin name in plugins.ini (without quotes).
L 05/18/2011 - 18:20:17: [AMXX] Run time error 4 (plugin "biohazard.amxx") - debug not enabled!
L 05/18/2011 - 18:20:17: [AMXX] To enable debug mode, add "debug" after the plugin name in plugins.ini (without quotes).
L 05/18/2011 - 18:23:13: Start of error session.
L 05/18/2011 - 18:23:13: Info (map "zm_desolation_house") (file "addons/amxmodx/logs/error_20110518.log")
L 05/18/2011 - 18:23:13: [AMXX] Run time error 4 (plugin "biohazard.amxx") - debug not enabled!
L 05/18/2011 - 18:23:13: [AMXX] To enable debug mode, add "debug" after the plugin name in plugins.ini (without quotes).
L 05/18/2011 - 18:23:13: [AMXX] Run time error 4 (plugin "biohazard.amxx") - debug not enabled!
L 05/18/2011 - 18:23:13: [AMXX] To enable debug mode, add "debug" after the plugin name in plugins.ini (without quotes).
L 05/18/2011 - 18:26:34: [AMXX] Run time error 4 (plugin "biohazard.amxx") - debug not enabled!
L 05/18/2011 - 18:26:34: [AMXX] To enable debug mode, add "debug" after the plugin name in plugins.ini (without quotes).
L 05/18/2011 - 18:26:34: [AMXX] Run time error 4 (plugin "biohazard.amxx") - debug not enabled!
L 05/18/2011 - 18:26:34: [AMXX] To enable debug mode, add "debug" after the plugin name in plugins.ini (without quotes).
L 05/18/2011 - 18:29:55: [AMXX] Run time error 4 (plugin "biohazard.amxx") - debug not enabled!
L 05/18/2011 - 18:29:55: [AMXX] To enable debug mode, add "debug" after the plugin name in plugins.ini (without quotes).
L 05/18/2011 - 18:29:55: [AMXX] Run time error 4 (plugin "biohazard.amxx") - debug not enabled!
L 05/18/2011 - 18:29:55: [AMXX] To enable debug mode, add "debug" after the plugin name in plugins.ini (without quotes).
L 05/18/2011 - 18:29:55: [AMXX] Run time error 4 (plugin "biohazard.amxx") - debug not enabled!
L 05/18/2011 - 18:29:55: [AMXX] To enable debug mode, add "debug" after the plugin name in plugins.ini (without quotes).
L 05/18/2011 - 18:33:16: [AMXX] Run time error 4 (plugin "biohazard.amxx") - debug not enabled!
L 05/18/2011 - 18:33:16: [AMXX] To enable debug mode, add "debug" after the plugin name in plugins.ini (without quotes).
L 05/18/2011 - 18:33:16: [AMXX] Run time error 4 (plugin "biohazard.amxx") - debug not enabled!
L 05/18/2011 - 18:33:16: [AMXX] To enable debug mode, add "debug" after the plugin name in plugins.ini (without quotes).
L 05/18/2011 - 18:36:37: [AMXX] Run time error 4 (plugin "biohazard.amxx") - debug not enabled!
L 05/18/2011 - 18:36:37: [AMXX] To enable debug mode, add "debug" after the plugin name in plugins.ini (without quotes).
L 05/18/2011 - 18:37:47: [AMXX] Run time error 4 (plugin "biohazard.amxx") - debug not enabled!
L 05/18/2011 - 18:37:47: [AMXX] To enable debug mode, add "debug" after the plugin name in plugins.ini (without quotes).
L 05/18/2011 - 18:41:08: [AMXX] Run time error 4 (plugin "biohazard.amxx") - debug not enabled!
L 05/18/2011 - 18:41:08: [AMXX] To enable debug mode, add "debug" after the plugin name in plugins.ini (without quotes).
L 05/18/2011 - 18:44:42: Start of error session.
L 05/18/2011 - 18:44:42: Info (map "cs_militia") (file "addons/amxmodx/logs/error_20110518.log")
L 05/18/2011 - 18:44:42: [AMXX] Run time error 4 (plugin "biohazard.amxx") - debug not enabled!
L 05/18/2011 - 18:44:42: [AMXX] To enable debug mode, add "debug" after the plugin name in plugins.ini (without quotes).
L 05/18/2011 - 19:26:38: Start of error session.
L 05/18/2011 - 19:26:38: Info (map "zm_houses") (file "addons/amxmodx/logs/error_20110518.log")
L 05/18/2011 - 19:26:38: [AMXX] Run time error 4 (plugin "biohazard.amxx") - debug not enabled!
L 05/18/2011 - 19:26:38: [AMXX] To enable debug mode, add "debug" after the plugin name in plugins.ini (without quotes).
L 05/18/2011 - 19:28:39: [AMXX] Run time error 4 (plugin "biohazard.amxx") - debug not enabled!
L 05/18/2011 - 19:28:39: [AMXX] To enable debug mode, add "debug" after the plugin name in plugins.ini (without quotes).
L 05/18/2011 - 19:32:33: [AMXX] Run time error 4 (plugin "biohazard.amxx") - debug not enabled!
L 05/18/2011 - 19:32:33: [AMXX] To enable debug mode, add "debug" after the plugin name in plugins.ini (without quotes).
L 05/18/2011 - 19:45:42: Start of error session.
L 05/18/2011 - 19:45:42: Info (map "016_rmk") (file "addons/amxmodx/logs/error_20110518.log")
L 05/18/2011 - 19:45:42: [AMXX] Run time error 4 (plugin "biohazard.amxx") - debug not enabled!
L 05/18/2011 - 19:45:42: [AMXX] To enable debug mode, add "debug" after the plugin name in plugins.ini (without quotes).
L 05/18/2011 - 19:48:11: [AMXX] Run time error 4 (plugin "biohazard.amxx") - debug not enabled!
L 05/18/2011 - 19:48:11: [AMXX] To enable debug mode, add "debug" after the plugin name in plugins.ini (without quotes).
L 05/18/2011 - 19:58:43: [AMXX] Run time error 4 (plugin "biohazard.amxx") - debug not enabled!
L 05/18/2011 - 19:58:43: [AMXX] To enable debug mode, add "debug" after the plugin name in plugins.ini (without quotes).
L 05/18/2011 - 20:00:49: Start of error session.
L 05/18/2011 - 20:00:49: Info (map "zm_army") (file "addons/amxmodx/logs/error_20110518.log")
L 05/18/2011 - 20:00:49: [AMXX] Run time error 4 (plugin "biohazard.amxx") - debug not enabled!
L 05/18/2011 - 20:00:49: [AMXX] To enable debug mode, add "debug" after the plugin name in plugins.ini (without quotes).
L 05/18/2011 - 20:03:33: [AMXX] Run time error 4 (plugin "biohazard.amxx") - debug not enabled!
L 05/18/2011 - 20:03:33: [AMXX] To enable debug mode, add "debug" after the plugin name in plugins.ini (without quotes).
L 05/18/2011 - 20:08:37: Start of error session.
L 05/18/2011 - 20:08:37: Info (map "zm_202") (file "addons/amxmodx/logs/error_20110518.log")
L 05/18/2011 - 20:08:37: [AMXX] Run time error 4 (plugin "biohazard.amxx") - debug not enabled!
L 05/18/2011 - 20:08:37: [AMXX] To enable debug mode, add "debug" after the plugin name in plugins.ini (without quotes).
L 05/18/2011 - 20:11:38: [AMXX] Run time error 4 (plugin "biohazard.amxx") - debug not enabled!
L 05/18/2011 - 20:11:38: [AMXX] To enable debug mode, add "debug" after the plugin name in plugins.ini (without quotes).
L 05/18/2011 - 20:13:32: [AMXX] Run time error 4 (plugin "biohazard.amxx") - debug not enabled!
L 05/18/2011 - 20:13:32: [AMXX] To enable debug mode, add "debug" after the plugin name in plugins.ini (without quotes).
L 05/18/2011 - 20:16:46: [AMXX] Run time error 4 (plugin "biohazard.amxx") - debug not enabled!
L 05/18/2011 - 20:16:46: [AMXX] To enable debug mode, add "debug" after the plugin name in plugins.ini (without quotes).
L 05/18/2011 - 20:20:07: [AMXX] Run time error 4 (plugin "biohazard.amxx") - debug not enabled!
L 05/18/2011 - 20:20:07: [AMXX] To enable debug mode, add "debug" after the plugin name in plugins.ini (without quotes).
L 05/18/2011 - 20:33:39: Start of error session.
L 05/18/2011 - 20:33:39: Info (map "de_dust") (file "addons/amxmodx/logs/error_20110518.log")
L 05/18/2011 - 20:33:39: [AMXX] Run time error 4 (plugin "biohazard.amxx") - debug not enabled!
L 05/18/2011 - 20:33:39: [AMXX] To enable debug mode, add "debug" after the plugin name in plugins.ini (without quotes).
L 05/18/2011 - 20:33:39: [AMXX] Run time error 4 (plugin "biohazard.amxx") - debug not enabled!
L 05/18/2011 - 20:33:39: [AMXX] To enable debug mode, add "debug" after the plugin name in plugins.ini (without quotes).
L 05/18/2011 - 20:41:17: [AMXX] Run time error 4 (plugin "biohazard.amxx") - debug not enabled!
L 05/18/2011 - 20:41:17: [AMXX] To enable debug mode, add "debug" after the plugin name in plugins.ini (without quotes).
L 05/18/2011 - 20:45:25: [AMXX] Run time error 4 (plugin "biohazard.amxx") - debug not enabled!
L 05/18/2011 - 20:45:25: [AMXX] To enable debug mode, add "debug" after the plugin name in plugins.ini (without quotes).
L 05/18/2011 - 20:48:02: [AMXX] Run time error 4 (plugin "biohazard.amxx") - debug not enabled!
L 05/18/2011 - 20:48:02: [AMXX] To enable debug mode, add "debug" after the plugin name in plugins.ini (without quotes).
L 05/18/2011 - 20:49:36: [AMXX] Run time error 4 (plugin "biohazard.amxx") - debug not enabled!
L 05/18/2011 - 20:49:36: [AMXX] To enable debug mode, add "debug" after the plugin name in plugins.ini (without quotes).
L 05/18/2011 - 20:49:36: [AMXX] Run time error 4 (plugin "biohazard.amxx") - debug not enabled!
L 05/18/2011 - 20:49:36: [AMXX] To enable debug mode, add "debug" after the plugin name in plugins.ini (without quotes).
L 05/18/2011 - 20:51:57: [AMXX] Run time error 4 (plugin "biohazard.amxx") - debug not enabled!
L 05/18/2011 - 20:51:57: [AMXX] To enable debug mode, add "debug" after the plugin name in plugins.ini (without quotes).
L 05/18/2011 - 21:01:01: Start of error session.
L 05/18/2011 - 21:01:01: Info (map "ze_jurassickpark3_lg") (file "addons/amxmodx/logs/error_20110518.log")
L 05/18/2011 - 21:01:01: [AMXX] Run time error 4 (plugin "biohazard.amxx") - debug not enabled!
L 05/18/2011 - 21:01:01: [AMXX] To enable debug mode, add "debug" after the plugin name in plugins.ini (without quotes).
L 05/18/2011 - 21:03:31: [AMXX] Run time error 4 (plugin "biohazard.amxx") - debug not enabled!
L 05/18/2011 - 21:03:31: [AMXX] To enable debug mode, add "debug" after the plugin name in plugins.ini (without quotes).
L 05/18/2011 - 21:03:31: [AMXX] Run time error 4 (plugin "biohazard.amxx") - debug not enabled!
L 05/18/2011 - 21:03:31: [AMXX] To enable debug mode, add "debug" after the plugin name in plugins.ini (without quotes).
L 05/18/2011 - 21:06:40: [AMXX] Run time error 4 (plugin "biohazard.amxx") - debug not enabled!
L 05/18/2011 - 21:06:40: [AMXX] To enable debug mode, add "debug" after the plugin name in plugins.ini (without quotes).
L 05/18/2011 - 21:06:40: [AMXX] Run time error 4 (plugin "biohazard.amxx") - debug not enabled!
L 05/18/2011 - 21:06:40: [AMXX] To enable debug mode, add "debug" after the plugin name in plugins.ini (without quotes).
L 05/18/2011 - 21:11:41: [AMXX] Run time error 4 (plugin "biohazard.amxx") - debug not enabled!
L 05/18/2011 - 21:11:41: [AMXX] To enable debug mode, add "debug" after the plugin name in plugins.ini (without quotes).
L 05/18/2011 - 21:17:47: Start of error session.
L 05/18/2011 - 21:17:47: Info (map "zm_303") (file "addons/amxmodx/logs/error_20110518.log")
L 05/18/2011 - 21:17:47: [AMXX] Run time error 4 (plugin "biohazard.amxx") - debug not enabled!
L 05/18/2011 - 21:17:47: [AMXX] To enable debug mode, add "debug" after the plugin name in plugins.ini (without quotes).
L 05/18/2011 - 21:17:47: [AMXX] Run time error 4 (plugin "biohazard.amxx") - debug not enabled!
L 05/18/2011 - 21:17:47: [AMXX] To enable debug mode, add "debug" after the plugin name in plugins.ini (without quotes).
L 05/18/2011 - 21:17:47: [AMXX] Run time error 4 (plugin "biohazard.amxx") - debug not enabled!
L 05/18/2011 - 21:17:47: [AMXX] To enable debug mode, add "debug" after the plugin name in plugins.ini (without quotes).
L 05/18/2011 - 21:21:08: [AMXX] Run time error 4 (plugin "biohazard.amxx") - debug not enabled!
L 05/18/2011 - 21:21:08: [AMXX] To enable debug mode, add "debug" after the plugin name in plugins.ini (without quotes).
L 05/18/2011 - 21:21:08: [AMXX] Run time error 4 (plugin "biohazard.amxx") - debug not enabled!
L 05/18/2011 - 21:21:08: [AMXX] To enable debug mode, add "debug" after the plugin name in plugins.ini (without quotes).
L 05/18/2011 - 21:24:29: [AMXX] Run time error 4 (plugin "biohazard.amxx") - debug not enabled!
L 05/18/2011 - 21:24:29: [AMXX] To enable debug mode, add "debug" after the plugin name in plugins.ini (without quotes).
L 05/18/2011 - 21:24:29: [AMXX] Run time error 4 (plugin "biohazard.amxx") - debug not enabled!
L 05/18/2011 - 21:24:29: [AMXX] To enable debug mode, add "debug" after the plugin name in plugins.ini (without quotes).
L 05/18/2011 - 21:24:29: [AMXX] Run time error 4 (plugin "biohazard.amxx") - debug not enabled!
L 05/18/2011 - 21:24:29: [AMXX] To enable debug mode, add "debug" after the plugin name in plugins.ini (without quotes).
L 05/18/2011 - 21:27:35: [AMXX] Run time error 4 (plugin "biohazard.amxx") - debug not enabled!
L 05/18/2011 - 21:27:35: [AMXX] To enable debug mode, add "debug" after the plugin name in plugins.ini (without quotes).
L 05/18/2011 - 21:27:35: [AMXX] Run time error 4 (plugin "biohazard.amxx") - debug not enabled!
L 05/18/2011 - 21:27:35: [AMXX] To enable debug mode, add "debug" after the plugin name in plugins.ini (without quotes).
L 05/18/2011 - 21:30:18: [AMXX] Run time error 4 (plugin "biohazard.amxx") - debug not enabled!
L 05/18/2011 - 21:30:18: [AMXX] To enable debug mode, add "debug" after the plugin name in plugins.ini (without quotes).
L 05/18/2011 - 21:34:19: [AMXX] Run time error 4 (plugin "biohazard.amxx") - debug not enabled!
L 05/18/2011 - 21:34:19: [AMXX] To enable debug mode, add "debug" after the plugin name in plugins.ini (without quotes).
L 05/18/2011 - 21:34:19: [AMXX] Run time error 4 (plugin "biohazard.amxx") - debug not enabled!
L 05/18/2011 - 21:34:19: [AMXX] To enable debug mode, add "debug" after the plugin name in plugins.ini (without quotes).
L 05/18/2011 - 21:37:40: [AMXX] Run time error 4 (plugin "biohazard.amxx") - debug not enabled!
L 05/18/2011 - 21:37:40: [AMXX] To enable debug mode, add "debug" after the plugin name in plugins.ini (without quotes).
L 05/18/2011 - 21:41:24: Start of error session.
L 05/18/2011 - 21:41:24: Info (map "zm_fdust2x2") (file "addons/amxmodx/logs/error_20110518.log")
L 05/18/2011 - 21:41:24: [AMXX] Run time error 4 (plugin "biohazard.amxx") - debug not enabled!
L 05/18/2011 - 21:41:24: [AMXX] To enable debug mode, add "debug" after the plugin name in plugins.ini (without quotes).
L 05/18/2011 - 21:44:45: [AMXX] Run time error 4 (plugin "biohazard.amxx") - debug not enabled!
L 05/18/2011 - 21:44:45: [AMXX] To enable debug mode, add "debug" after the plugin name in plugins.ini (without quotes).
L 05/18/2011 - 21:48:06: [AMXX] Run time error 4 (plugin "biohazard.amxx") - debug not enabled!
L 05/18/2011 - 21:48:06: [AMXX] To enable debug mode, add "debug" after the plugin name in plugins.ini (without quotes).
L 05/18/2011 - 21:51:27: [AMXX] Run time error 4 (plugin "biohazard.amxx") - debug not enabled!
L 05/18/2011 - 21:51:27: [AMXX] To enable debug mode, add "debug" after the plugin name in plugins.ini (without quotes).
L 05/18/2011 - 22:05:15: Start of error session.
L 05/18/2011 - 22:05:15: Info (map "zm_xata") (file "addons/amxmodx/logs/error_20110518.log")
L 05/18/2011 - 22:05:15: [AMXX] Run time error 4 (plugin "biohazard.amxx") - debug not enabled!
L 05/18/2011 - 22:05:15: [AMXX] To enable debug mode, add "debug" after the plugin name in plugins.ini (without quotes).
L 05/18/2011 - 22:25:26: [AMXX] Run time error 4 (plugin "biohazard.amxx") - debug not enabled!
L 05/18/2011 - 22:25:26: [AMXX] To enable debug mode, add "debug" after the plugin name in plugins.ini (without quotes).
L 05/18/2011 - 22:29:21: [AMXX] Run time error 4 (plugin "biohazard.amxx") - debug not enabled!
L 05/18/2011 - 22:29:21: [AMXX] To enable debug mode, add "debug" after the plugin name in plugins.ini (without quotes).
L 05/18/2011 - 22:36:03: [AMXX] Run time error 4 (plugin "biohazard.amxx") - debug not enabled!
L 05/18/2011 - 22:36:03: [AMXX] To enable debug mode, add "debug" after the plugin name in plugins.ini (without quotes).
L 05/18/2011 - 22:40:02: [AMXX] Run time error 4 (plugin "biohazard.amxx") - debug not enabled!
L 05/18/2011 - 22:40:02: [AMXX] To enable debug mode, add "debug" after the plugin name in plugins.ini (without quotes).
L 05/18/2011 - 22:40:02: [AMXX] Run time error 4 (plugin "biohazard.amxx") - debug not enabled!
L 05/18/2011 - 22:40:02: [AMXX] To enable debug mode, add "debug" after the plugin name in plugins.ini (without quotes).
L 05/18/2011 - 22:40:02: [AMXX] Run time error 4 (plugin "biohazard.amxx") - debug not enabled!
L 05/18/2011 - 22:40:02: [AMXX] To enable debug mode, add "debug" after the plugin name in plugins.ini (without quotes).
L 05/18/2011 - 22:53:47: Start of error session.
L 05/18/2011 - 22:53:47: Info (map "zm_desolation_house") (file "addons/amxmodx/logs/error_20110518.log")
L 05/18/2011 - 22:53:47: [AMXX] Run time error 4 (plugin "biohazard.amxx") - debug not enabled!
L 05/18/2011 - 22:53:47: [AMXX] To enable debug mode, add "debug" after the plugin name in plugins.ini (without quotes).
L 05/18/2011 - 22:56:11: [AMXX] Run time error 4 (plugin "biohazard.amxx") - debug not enabled!
L 05/18/2011 - 22:56:11: [AMXX] To enable debug mode, add "debug" after the plugin name in plugins.ini (without quotes).
L 05/18/2011 - 23:06:30: Start of error session.
L 05/18/2011 - 23:06:30: Info (map "zm_neris") (file "addons/amxmodx/logs/error_20110518.log")
L 05/18/2011 - 23:06:30: [AMXX] Run time error 4 (plugin "biohazard.amxx") - debug not enabled!
L 05/18/2011 - 23:06:30: [AMXX] To enable debug mode, add "debug" after the plugin name in plugins.ini (without quotes).
L 05/18/2011 - 23:06:30: [AMXX] Run time error 4 (plugin "biohazard.amxx") - debug not enabled!
L 05/18/2011 - 23:06:30: [AMXX] To enable debug mode, add "debug" after the plugin name in plugins.ini (without quotes).
L 05/18/2011 - 23:09:25: [AMXX] Run time error 4 (plugin "biohazard.amxx") - debug not enabled!
L 05/18/2011 - 23:09:25: [AMXX] To enable debug mode, add "debug" after the plugin name in plugins.ini (without quotes).
L 05/18/2011 - 23:09:25: [AMXX] Run time error 4 (plugin "biohazard.amxx") - debug not enabled!
L 05/18/2011 - 23:09:25: [AMXX] To enable debug mode, add "debug" after the plugin name in plugins.ini (without quotes).
L 05/18/2011 - 23:11:26: [AMXX] Run time error 4 (plugin "biohazard.amxx") - debug not enabled!
L 05/18/2011 - 23:11:26: [AMXX] To enable debug mode, add "debug" after the plugin name in plugins.ini (without quotes).
L 05/18/2011 - 23:20:07: [AMXX] Run time error 4 (plugin "biohazard.amxx") - debug not enabled!
L 05/18/2011 - 23:20:07: [AMXX] To enable debug mode, add "debug" after the plugin name in plugins.ini (without quotes).
L 05/18/2011 - 23:22:06: [AMXX] Run time error 4 (plugin "biohazard.amxx") - debug not enabled!
L 05/18/2011 - 23:22:06: [AMXX] To enable debug mode, add "debug" after the plugin name in plugins.ini (without quotes).
L 05/18/2011 - 23:27:50: Start of error session.
L 05/18/2011 - 23:27:50: Info (map "zm_202") (file "addons/amxmodx/logs/error_20110518.log")
L 05/18/2011 - 23:27:50: [AMXX] Run time error 4 (plugin "biohazard.amxx") - debug not enabled!
L 05/18/2011 - 23:27:50: [AMXX] To enable debug mode, add "debug" after the plugin name in plugins.ini (without quotes).
L 05/18/2011 - 23:31:11: [AMXX] Run time error 4 (plugin "biohazard.amxx") - debug not enabled!
L 05/18/2011 - 23:31:11: [AMXX] To enable debug mode, add "debug" after the plugin name in plugins.ini (without quotes).
L 05/18/2011 - 23:33:38: [AMXX] Run time error 4 (plugin "biohazard.amxx") - debug not enabled!
L 05/18/2011 - 23:33:38: [AMXX] To enable debug mode, add "debug" after the plugin name in plugins.ini (without quotes).
L 05/18/2011 - 23:36:59: [AMXX] Run time error 4 (plugin "biohazard.amxx") - debug not enabled!
L 05/18/2011 - 23:36:59: [AMXX] To enable debug mode, add "debug" after the plugin name in plugins.ini (without quotes).
L 05/18/2011 - 23:52:38: Start of error session.
L 05/18/2011 - 23:52:38: Info (map "cs_office") (file "addons/amxmodx/logs/error_20110518.log")
L 05/18/2011 - 23:52:38: [AMXX] Run time error 4 (plugin "biohazard.amxx") - debug not enabled!
L 05/18/2011 - 23:52:38: [AMXX] To enable debug mode, add "debug" after the plugin name in plugins.ini (without quotes).
L 05/18/2011 - 23:55:59: [AMXX] Run time error 4 (plugin "biohazard.amxx") - debug not enabled!
L 05/18/2011 - 23:55:59: [AMXX] To enable debug mode, add "debug" after the plugin name in plugins.ini (without quotes).
