L 05/22/2011 - 00:07:09: [AMXX] Run time error 4 (plugin "biohazard.amxx") - debug not enabled!
L 05/22/2011 - 00:07:09: [AMXX] To enable debug mode, add "debug" after the plugin name in plugins.ini (without quotes).
L 05/22/2011 - 00:11:01: [AMXX] Run time error 4 (plugin "biohazard.amxx") - debug not enabled!
L 05/22/2011 - 00:11:01: [AMXX] To enable debug mode, add "debug" after the plugin name in plugins.ini (without quotes).
L 05/22/2011 - 00:12:12: [AMXX] Run time error 4 (plugin "biohazard.amxx") - debug not enabled!
L 05/22/2011 - 00:12:12: [AMXX] To enable debug mode, add "debug" after the plugin name in plugins.ini (without quotes).
L 05/22/2011 - 00:20:52: Start of error session.
L 05/22/2011 - 00:20:52: Info (map "cs_office") (file "addons/amxmodx/logs/error_20110522.log")
L 05/22/2011 - 00:20:52: [AMXX] Run time error 4 (plugin "biohazard.amxx") - debug not enabled!
L 05/22/2011 - 00:20:52: [AMXX] To enable debug mode, add "debug" after the plugin name in plugins.ini (without quotes).
L 05/22/2011 - 00:31:29: Start of error session.
L 05/22/2011 - 00:31:29: Info (map "016_rmk") (file "addons/amxmodx/logs/error_20110522.log")
L 05/22/2011 - 00:31:29: [AMXX] Run time error 4 (plugin "biohazard.amxx") - debug not enabled!
L 05/22/2011 - 00:31:29: [AMXX] To enable debug mode, add "debug" after the plugin name in plugins.ini (without quotes).
L 05/22/2011 - 00:34:44: [AMXX] Run time error 4 (plugin "biohazard.amxx") - debug not enabled!
L 05/22/2011 - 00:34:44: [AMXX] To enable debug mode, add "debug" after the plugin name in plugins.ini (without quotes).
L 05/22/2011 - 00:58:07: Start of error session.
L 05/22/2011 - 00:58:07: Info (map "zm_simple_b1") (file "addons/amxmodx/logs/error_20110522.log")
L 05/22/2011 - 00:58:07: [AMXX] Run time error 4 (plugin "biohazard.amxx") - debug not enabled!
L 05/22/2011 - 00:58:07: [AMXX] To enable debug mode, add "debug" after the plugin name in plugins.ini (without quotes).
L 05/22/2011 - 01:05:47: [AMXX] Run time error 4 (plugin "biohazard.amxx") - debug not enabled!
L 05/22/2011 - 01:05:47: [AMXX] To enable debug mode, add "debug" after the plugin name in plugins.ini (without quotes).
L 05/22/2011 - 02:45:26: Start of error session.
L 05/22/2011 - 02:45:26: Info (map "cs_estate") (file "addons/amxmodx/logs/error_20110522.log")
L 05/22/2011 - 02:45:26: [AMXX] Run time error 4 (plugin "biohazard.amxx") - debug not enabled!
L 05/22/2011 - 02:45:26: [AMXX] To enable debug mode, add "debug" after the plugin name in plugins.ini (without quotes).
L 05/22/2011 - 02:47:40: Start of error session.
L 05/22/2011 - 02:47:40: Info (map "cs_estate") (file "addons/amxmodx/logs/error_20110522.log")
L 05/22/2011 - 02:47:40: [AMXX] Run time error 4 (plugin "biohazard.amxx") - debug not enabled!
L 05/22/2011 - 02:47:40: [AMXX] To enable debug mode, add "debug" after the plugin name in plugins.ini (without quotes).
L 05/22/2011 - 02:51:47: [AMXX] Run time error 4 (plugin "biohazard.amxx") - debug not enabled!
L 05/22/2011 - 02:51:47: [AMXX] To enable debug mode, add "debug" after the plugin name in plugins.ini (without quotes).
L 05/22/2011 - 02:54:38: [AMXX] Run time error 4 (plugin "biohazard.amxx") - debug not enabled!
L 05/22/2011 - 02:54:38: [AMXX] To enable debug mode, add "debug" after the plugin name in plugins.ini (without quotes).
L 05/22/2011 - 02:58:02: [AMXX] Run time error 4 (plugin "biohazard.amxx") - debug not enabled!
L 05/22/2011 - 02:58:02: [AMXX] To enable debug mode, add "debug" after the plugin name in plugins.ini (without quotes).
L 05/22/2011 - 03:01:04: [AMXX] Run time error 4 (plugin "biohazard.amxx") - debug not enabled!
L 05/22/2011 - 03:01:04: [AMXX] To enable debug mode, add "debug" after the plugin name in plugins.ini (without quotes).
L 05/22/2011 - 03:01:04: [AMXX] Run time error 4 (plugin "biohazard.amxx") - debug not enabled!
L 05/22/2011 - 03:01:04: [AMXX] To enable debug mode, add "debug" after the plugin name in plugins.ini (without quotes).
L 05/22/2011 - 03:03:31: [AMXX] Run time error 4 (plugin "biohazard.amxx") - debug not enabled!
L 05/22/2011 - 03:03:31: [AMXX] To enable debug mode, add "debug" after the plugin name in plugins.ini (without quotes).
L 05/22/2011 - 03:06:52: [AMXX] Run time error 4 (plugin "biohazard.amxx") - debug not enabled!
L 05/22/2011 - 03:06:52: [AMXX] To enable debug mode, add "debug" after the plugin name in plugins.ini (without quotes).
L 05/22/2011 - 06:00:15: Start of error session.
L 05/22/2011 - 06:00:15: Info (map "016_rmk") (file "addons/amxmodx/logs/error_20110522.log")
L 05/22/2011 - 06:00:15: [MySQL] Invalid handle: 0
L 05/22/2011 - 06:00:15: [AMXX] Run time error 10 (plugin "amxbans.amxx") (native "SQL_FreeHandle") - debug not enabled!
L 05/22/2011 - 06:00:15: [AMXX] To enable debug mode, add "debug" after the plugin name in plugins.ini (without quotes).
L 05/22/2011 - 07:37:55: Start of error session.
L 05/22/2011 - 07:37:55: Info (map "cs_estate") (file "addons/amxmodx/logs/error_20110522.log")
L 05/22/2011 - 07:37:55: [AMXX] Run time error 4 (plugin "biohazard.amxx") - debug not enabled!
L 05/22/2011 - 07:37:55: [AMXX] To enable debug mode, add "debug" after the plugin name in plugins.ini (without quotes).
L 05/22/2011 - 08:26:05: Start of error session.
L 05/22/2011 - 08:26:05: Info (map "cs_estate") (file "addons/amxmodx/logs/error_20110522.log")
L 05/22/2011 - 08:26:05: [AMXX] Run time error 4 (plugin "biohazard.amxx") - debug not enabled!
L 05/22/2011 - 08:26:05: [AMXX] To enable debug mode, add "debug" after the plugin name in plugins.ini (without quotes).
L 05/22/2011 - 08:27:17: [AMXX] Run time error 4 (plugin "biohazard.amxx") - debug not enabled!
L 05/22/2011 - 08:27:17: [AMXX] To enable debug mode, add "debug" after the plugin name in plugins.ini (without quotes).
L 05/22/2011 - 08:59:08: Start of error session.
L 05/22/2011 - 08:59:08: Info (map "cs_estate") (file "addons/amxmodx/logs/error_20110522.log")
L 05/22/2011 - 08:59:08: [AMXX] Run time error 4 (plugin "biohazard.amxx") - debug not enabled!
L 05/22/2011 - 08:59:08: [AMXX] To enable debug mode, add "debug" after the plugin name in plugins.ini (without quotes).
L 05/22/2011 - 09:11:42: [AMXX] Run time error 4 (plugin "biohazard.amxx") - debug not enabled!
L 05/22/2011 - 09:11:42: [AMXX] To enable debug mode, add "debug" after the plugin name in plugins.ini (without quotes).
L 05/22/2011 - 09:14:14: Start of error session.
L 05/22/2011 - 09:14:14: Info (map "zm_army") (file "addons/amxmodx/logs/error_20110522.log")
L 05/22/2011 - 09:14:14: [AMXX] Run time error 4 (plugin "biohazard.amxx") - debug not enabled!
L 05/22/2011 - 09:14:14: [AMXX] To enable debug mode, add "debug" after the plugin name in plugins.ini (without quotes).
L 05/22/2011 - 09:16:57: [AMXX] Run time error 4 (plugin "biohazard.amxx") - debug not enabled!
L 05/22/2011 - 09:16:57: [AMXX] To enable debug mode, add "debug" after the plugin name in plugins.ini (without quotes).
L 05/22/2011 - 09:21:20: [AMXX] Run time error 4 (plugin "biohazard.amxx") - debug not enabled!
L 05/22/2011 - 09:21:20: [AMXX] To enable debug mode, add "debug" after the plugin name in plugins.ini (without quotes).
L 05/22/2011 - 09:22:39: [AMXX] Run time error 4 (plugin "biohazard.amxx") - debug not enabled!
L 05/22/2011 - 09:22:39: [AMXX] To enable debug mode, add "debug" after the plugin name in plugins.ini (without quotes).
L 05/22/2011 - 09:24:32: [AMXX] Run time error 4 (plugin "biohazard.amxx") - debug not enabled!
L 05/22/2011 - 09:24:32: [AMXX] To enable debug mode, add "debug" after the plugin name in plugins.ini (without quotes).
L 05/22/2011 - 09:27:52: [AMXX] Run time error 4 (plugin "biohazard.amxx") - debug not enabled!
L 05/22/2011 - 09:27:52: [AMXX] To enable debug mode, add "debug" after the plugin name in plugins.ini (without quotes).
L 05/22/2011 - 09:31:40: [AMXX] Run time error 4 (plugin "biohazard.amxx") - debug not enabled!
L 05/22/2011 - 09:31:40: [AMXX] To enable debug mode, add "debug" after the plugin name in plugins.ini (without quotes).
L 05/22/2011 - 09:34:21: [AMXX] Run time error 4 (plugin "biohazard.amxx") - debug not enabled!
L 05/22/2011 - 09:34:21: [AMXX] To enable debug mode, add "debug" after the plugin name in plugins.ini (without quotes).
L 05/22/2011 - 09:38:16: Start of error session.
L 05/22/2011 - 09:38:16: Info (map "zm_houses") (file "addons/amxmodx/logs/error_20110522.log")
L 05/22/2011 - 09:38:16: [AMXX] Run time error 4 (plugin "biohazard.amxx") - debug not enabled!
L 05/22/2011 - 09:38:16: [AMXX] To enable debug mode, add "debug" after the plugin name in plugins.ini (without quotes).
L 05/22/2011 - 09:38:41: [AMXX] Run time error 4 (plugin "biohazard.amxx") - debug not enabled!
L 05/22/2011 - 09:38:41: [AMXX] To enable debug mode, add "debug" after the plugin name in plugins.ini (without quotes).
L 05/22/2011 - 09:42:02: [AMXX] Run time error 4 (plugin "biohazard.amxx") - debug not enabled!
L 05/22/2011 - 09:42:02: [AMXX] To enable debug mode, add "debug" after the plugin name in plugins.ini (without quotes).
L 05/22/2011 - 09:44:51: [AMXX] Run time error 4 (plugin "biohazard.amxx") - debug not enabled!
L 05/22/2011 - 09:44:51: [AMXX] To enable debug mode, add "debug" after the plugin name in plugins.ini (without quotes).
L 05/22/2011 - 09:45:38: [AMXX] Run time error 4 (plugin "biohazard.amxx") - debug not enabled!
L 05/22/2011 - 09:45:38: [AMXX] To enable debug mode, add "debug" after the plugin name in plugins.ini (without quotes).
L 05/22/2011 - 09:47:09: [AMXX] Run time error 4 (plugin "biohazard.amxx") - debug not enabled!
L 05/22/2011 - 09:47:09: [AMXX] To enable debug mode, add "debug" after the plugin name in plugins.ini (without quotes).
L 05/22/2011 - 09:49:15: [AMXX] Run time error 4 (plugin "biohazard.amxx") - debug not enabled!
L 05/22/2011 - 09:49:15: [AMXX] To enable debug mode, add "debug" after the plugin name in plugins.ini (without quotes).
L 05/22/2011 - 09:50:19: [AMXX] Run time error 4 (plugin "biohazard.amxx") - debug not enabled!
L 05/22/2011 - 09:50:19: [AMXX] To enable debug mode, add "debug" after the plugin name in plugins.ini (without quotes).
L 05/22/2011 - 09:50:48: [AMXX] Run time error 4 (plugin "biohazard.amxx") - debug not enabled!
L 05/22/2011 - 09:50:48: [AMXX] To enable debug mode, add "debug" after the plugin name in plugins.ini (without quotes).
L 05/22/2011 - 09:51:22: [AMXX] Run time error 4 (plugin "biohazard.amxx") - debug not enabled!
L 05/22/2011 - 09:51:22: [AMXX] To enable debug mode, add "debug" after the plugin name in plugins.ini (without quotes).
L 05/22/2011 - 09:53:37: [AMXX] Run time error 4 (plugin "biohazard.amxx") - debug not enabled!
L 05/22/2011 - 09:53:37: [AMXX] To enable debug mode, add "debug" after the plugin name in plugins.ini (without quotes).
L 05/22/2011 - 09:55:41: [AMXX] Run time error 4 (plugin "biohazard.amxx") - debug not enabled!
L 05/22/2011 - 09:55:41: [AMXX] To enable debug mode, add "debug" after the plugin name in plugins.ini (without quotes).
L 05/22/2011 - 10:17:43: Start of error session.
L 05/22/2011 - 10:17:43: Info (map "zm_dust_base_fin") (file "addons/amxmodx/logs/error_20110522.log")
L 05/22/2011 - 10:17:43: [AMXX] Run time error 4 (plugin "biohazard.amxx") - debug not enabled!
L 05/22/2011 - 10:17:43: [AMXX] To enable debug mode, add "debug" after the plugin name in plugins.ini (without quotes).
L 05/22/2011 - 10:19:53: [AMXX] Run time error 4 (plugin "biohazard.amxx") - debug not enabled!
L 05/22/2011 - 10:19:53: [AMXX] To enable debug mode, add "debug" after the plugin name in plugins.ini (without quotes).
L 05/22/2011 - 10:21:28: [AMXX] Run time error 4 (plugin "biohazard.amxx") - debug not enabled!
L 05/22/2011 - 10:21:28: [AMXX] To enable debug mode, add "debug" after the plugin name in plugins.ini (without quotes).
L 05/22/2011 - 10:40:34: Start of error session.
L 05/22/2011 - 10:40:34: Info (map "zm_neris") (file "addons/amxmodx/logs/error_20110522.log")
L 05/22/2011 - 10:40:34: [AMXX] Run time error 4 (plugin "biohazard.amxx") - debug not enabled!
L 05/22/2011 - 10:40:34: [AMXX] To enable debug mode, add "debug" after the plugin name in plugins.ini (without quotes).
L 05/22/2011 - 10:44:42: [AMXX] Run time error 4 (plugin "biohazard.amxx") - debug not enabled!
L 05/22/2011 - 10:44:42: [AMXX] To enable debug mode, add "debug" after the plugin name in plugins.ini (without quotes).
L 05/22/2011 - 10:45:49: [AMXX] Run time error 4 (plugin "biohazard.amxx") - debug not enabled!
L 05/22/2011 - 10:45:49: [AMXX] To enable debug mode, add "debug" after the plugin name in plugins.ini (without quotes).
L 05/22/2011 - 10:48:19: [AMXX] Run time error 4 (plugin "biohazard.amxx") - debug not enabled!
L 05/22/2011 - 10:48:19: [AMXX] To enable debug mode, add "debug" after the plugin name in plugins.ini (without quotes).
L 05/22/2011 - 10:51:14: [AMXX] Run time error 4 (plugin "biohazard.amxx") - debug not enabled!
L 05/22/2011 - 10:51:14: [AMXX] To enable debug mode, add "debug" after the plugin name in plugins.ini (without quotes).
L 05/22/2011 - 10:54:22: [AMXX] Run time error 4 (plugin "biohazard.amxx") - debug not enabled!
L 05/22/2011 - 10:54:22: [AMXX] To enable debug mode, add "debug" after the plugin name in plugins.ini (without quotes).
L 05/22/2011 - 10:54:56: [AMXX] Run time error 4 (plugin "biohazard.amxx") - debug not enabled!
L 05/22/2011 - 10:54:56: [AMXX] To enable debug mode, add "debug" after the plugin name in plugins.ini (without quotes).
L 05/22/2011 - 10:56:53: [AMXX] Run time error 4 (plugin "biohazard.amxx") - debug not enabled!
L 05/22/2011 - 10:56:53: [AMXX] To enable debug mode, add "debug" after the plugin name in plugins.ini (without quotes).
L 05/22/2011 - 10:58:14: [AMXX] Run time error 4 (plugin "biohazard.amxx") - debug not enabled!
L 05/22/2011 - 10:58:14: [AMXX] To enable debug mode, add "debug" after the plugin name in plugins.ini (without quotes).
L 05/22/2011 - 11:29:57: Start of error session.
L 05/22/2011 - 11:29:57: Info (map "cs_militia") (file "addons/amxmodx/logs/error_20110522.log")
L 05/22/2011 - 11:29:57: [AMXX] Run time error 4 (plugin "biohazard.amxx") - debug not enabled!
L 05/22/2011 - 11:29:57: [AMXX] To enable debug mode, add "debug" after the plugin name in plugins.ini (without quotes).
L 05/22/2011 - 11:56:04: Start of error session.
L 05/22/2011 - 11:56:04: Info (map "zm_south_escape_b2") (file "addons/amxmodx/logs/error_20110522.log")
L 05/22/2011 - 11:56:04: [AMXX] Run time error 4 (plugin "biohazard.amxx") - debug not enabled!
L 05/22/2011 - 11:56:04: [AMXX] To enable debug mode, add "debug" after the plugin name in plugins.ini (without quotes).
L 05/22/2011 - 12:28:40: Start of error session.
L 05/22/2011 - 12:28:40: Info (map "zm_escapetrain") (file "addons/amxmodx/logs/error_20110522.log")
L 05/22/2011 - 12:28:40: [AMXX] Run time error 4 (plugin "biohazard.amxx") - debug not enabled!
L 05/22/2011 - 12:28:40: [AMXX] To enable debug mode, add "debug" after the plugin name in plugins.ini (without quotes).
L 05/22/2011 - 12:49:37: Start of error session.
L 05/22/2011 - 12:49:37: Info (map "cs_office") (file "addons/amxmodx/logs/error_20110522.log")
L 05/22/2011 - 12:49:37: [AMXX] Run time error 4 (plugin "biohazard.amxx") - debug not enabled!
L 05/22/2011 - 12:49:37: [AMXX] To enable debug mode, add "debug" after the plugin name in plugins.ini (without quotes).
L 05/22/2011 - 12:56:50: Start of error session.
L 05/22/2011 - 12:56:50: Info (map "de_dust") (file "addons/amxmodx/logs/error_20110522.log")
L 05/22/2011 - 12:56:50: [AMXX] Run time error 4 (plugin "biohazard.amxx") - debug not enabled!
L 05/22/2011 - 12:56:50: [AMXX] To enable debug mode, add "debug" after the plugin name in plugins.ini (without quotes).
L 05/22/2011 - 12:56:51: [AMXX] Run time error 4 (plugin "biohazard.amxx") - debug not enabled!
L 05/22/2011 - 12:56:51: [AMXX] To enable debug mode, add "debug" after the plugin name in plugins.ini (without quotes).
L 05/22/2011 - 13:00:03: [AMXX] Run time error 4 (plugin "biohazard.amxx") - debug not enabled!
L 05/22/2011 - 13:00:03: [AMXX] To enable debug mode, add "debug" after the plugin name in plugins.ini (without quotes).
L 05/22/2011 - 13:00:03: [AMXX] Run time error 4 (plugin "biohazard.amxx") - debug not enabled!
L 05/22/2011 - 13:00:03: [AMXX] To enable debug mode, add "debug" after the plugin name in plugins.ini (without quotes).
L 05/22/2011 - 13:01:25: [AMXX] Run time error 4 (plugin "biohazard.amxx") - debug not enabled!
L 05/22/2011 - 13:01:25: [AMXX] To enable debug mode, add "debug" after the plugin name in plugins.ini (without quotes).
L 05/22/2011 - 13:01:25: [AMXX] Run time error 4 (plugin "biohazard.amxx") - debug not enabled!
L 05/22/2011 - 13:01:25: [AMXX] To enable debug mode, add "debug" after the plugin name in plugins.ini (without quotes).
L 05/22/2011 - 13:01:25: [AMXX] Run time error 4 (plugin "biohazard.amxx") - debug not enabled!
L 05/22/2011 - 13:01:25: [AMXX] To enable debug mode, add "debug" after the plugin name in plugins.ini (without quotes).
L 05/22/2011 - 13:01:25: [AMXX] Run time error 4 (plugin "biohazard.amxx") - debug not enabled!
L 05/22/2011 - 13:01:25: [AMXX] To enable debug mode, add "debug" after the plugin name in plugins.ini (without quotes).
L 05/22/2011 - 13:04:46: [AMXX] Run time error 4 (plugin "biohazard.amxx") - debug not enabled!
L 05/22/2011 - 13:04:46: [AMXX] To enable debug mode, add "debug" after the plugin name in plugins.ini (without quotes).
L 05/22/2011 - 13:04:46: [AMXX] Run time error 4 (plugin "biohazard.amxx") - debug not enabled!
L 05/22/2011 - 13:04:46: [AMXX] To enable debug mode, add "debug" after the plugin name in plugins.ini (without quotes).
L 05/22/2011 - 13:04:46: [AMXX] Run time error 4 (plugin "biohazard.amxx") - debug not enabled!
L 05/22/2011 - 13:04:46: [AMXX] To enable debug mode, add "debug" after the plugin name in plugins.ini (without quotes).
L 05/22/2011 - 13:07:13: [AMXX] Run time error 4 (plugin "biohazard.amxx") - debug not enabled!
L 05/22/2011 - 13:07:13: [AMXX] To enable debug mode, add "debug" after the plugin name in plugins.ini (without quotes).
L 05/22/2011 - 13:07:13: [AMXX] Run time error 4 (plugin "biohazard.amxx") - debug not enabled!
L 05/22/2011 - 13:07:13: [AMXX] To enable debug mode, add "debug" after the plugin name in plugins.ini (without quotes).
L 05/22/2011 - 13:08:39: [AMXX] Run time error 4 (plugin "biohazard.amxx") - debug not enabled!
L 05/22/2011 - 13:08:39: [AMXX] To enable debug mode, add "debug" after the plugin name in plugins.ini (without quotes).
L 05/22/2011 - 13:13:13: [AMXX] Run time error 4 (plugin "biohazard.amxx") - debug not enabled!
L 05/22/2011 - 13:13:13: [AMXX] To enable debug mode, add "debug" after the plugin name in plugins.ini (without quotes).
L 05/22/2011 - 13:21:29: Start of error session.
L 05/22/2011 - 13:21:29: Info (map "zm_303") (file "addons/amxmodx/logs/error_20110522.log")
L 05/22/2011 - 13:21:29: [AMXX] Run time error 4 (plugin "biohazard.amxx") - debug not enabled!
L 05/22/2011 - 13:21:29: [AMXX] To enable debug mode, add "debug" after the plugin name in plugins.ini (without quotes).
L 05/22/2011 - 13:33:25: [AMXX] Run time error 4 (plugin "biohazard.amxx") - debug not enabled!
L 05/22/2011 - 13:33:25: [AMXX] To enable debug mode, add "debug" after the plugin name in plugins.ini (without quotes).
L 05/22/2011 - 13:36:10: [AMXX] Run time error 4 (plugin "biohazard.amxx") - debug not enabled!
L 05/22/2011 - 13:36:10: [AMXX] To enable debug mode, add "debug" after the plugin name in plugins.ini (without quotes).
L 05/22/2011 - 13:36:10: [AMXX] Run time error 4 (plugin "biohazard.amxx") - debug not enabled!
L 05/22/2011 - 13:36:10: [AMXX] To enable debug mode, add "debug" after the plugin name in plugins.ini (without quotes).
L 05/22/2011 - 13:39:53: [AMXX] Run time error 4 (plugin "biohazard.amxx") - debug not enabled!
L 05/22/2011 - 13:39:53: [AMXX] To enable debug mode, add "debug" after the plugin name in plugins.ini (without quotes).
L 05/22/2011 - 13:39:53: [AMXX] Run time error 4 (plugin "biohazard.amxx") - debug not enabled!
L 05/22/2011 - 13:39:53: [AMXX] To enable debug mode, add "debug" after the plugin name in plugins.ini (without quotes).
L 05/22/2011 - 13:43:35: Start of error session.
L 05/22/2011 - 13:43:35: Info (map "zm_fdust2x2") (file "addons/amxmodx/logs/error_20110522.log")
L 05/22/2011 - 13:43:35: [AMXX] Run time error 4 (plugin "biohazard.amxx") - debug not enabled!
L 05/22/2011 - 13:43:35: [AMXX] To enable debug mode, add "debug" after the plugin name in plugins.ini (without quotes).
L 05/22/2011 - 13:43:35: [AMXX] Run time error 4 (plugin "biohazard.amxx") - debug not enabled!
L 05/22/2011 - 13:43:35: [AMXX] To enable debug mode, add "debug" after the plugin name in plugins.ini (without quotes).
L 05/22/2011 - 14:07:26: Start of error session.
L 05/22/2011 - 14:07:26: Info (map "zm_202") (file "addons/amxmodx/logs/error_20110522.log")
L 05/22/2011 - 14:07:26: [AMXX] Run time error 4 (plugin "biohazard.amxx") - debug not enabled!
L 05/22/2011 - 14:07:26: [AMXX] To enable debug mode, add "debug" after the plugin name in plugins.ini (without quotes).
L 05/22/2011 - 14:08:07: [AMXX] Run time error 4 (plugin "biohazard.amxx") - debug not enabled!
L 05/22/2011 - 14:08:07: [AMXX] To enable debug mode, add "debug" after the plugin name in plugins.ini (without quotes).
L 05/22/2011 - 14:09:01: [AMXX] Run time error 4 (plugin "biohazard.amxx") - debug not enabled!
L 05/22/2011 - 14:09:01: [AMXX] To enable debug mode, add "debug" after the plugin name in plugins.ini (without quotes).
L 05/22/2011 - 14:11:51: [AMXX] Run time error 4 (plugin "biohazard.amxx") - debug not enabled!
L 05/22/2011 - 14:11:51: [AMXX] To enable debug mode, add "debug" after the plugin name in plugins.ini (without quotes).
L 05/22/2011 - 14:20:40: [AMXX] Run time error 4 (plugin "biohazard.amxx") - debug not enabled!
L 05/22/2011 - 14:20:40: [AMXX] To enable debug mode, add "debug" after the plugin name in plugins.ini (without quotes).
L 05/22/2011 - 14:23:46: [AMXX] Run time error 4 (plugin "biohazard.amxx") - debug not enabled!
L 05/22/2011 - 14:23:46: [AMXX] To enable debug mode, add "debug" after the plugin name in plugins.ini (without quotes).
L 05/22/2011 - 14:26:08: Start of error session.
L 05/22/2011 - 14:26:08: Info (map "zm_neris") (file "addons/amxmodx/logs/error_20110522.log")
L 05/22/2011 - 14:26:08: [AMXX] Run time error 4 (plugin "biohazard.amxx") - debug not enabled!
L 05/22/2011 - 14:26:08: [AMXX] To enable debug mode, add "debug" after the plugin name in plugins.ini (without quotes).
L 05/22/2011 - 14:26:08: [AMXX] Run time error 4 (plugin "biohazard.amxx") - debug not enabled!
L 05/22/2011 - 14:26:08: [AMXX] To enable debug mode, add "debug" after the plugin name in plugins.ini (without quotes).
L 05/22/2011 - 14:27:26: [AMXX] Run time error 4 (plugin "biohazard.amxx") - debug not enabled!
L 05/22/2011 - 14:27:26: [AMXX] To enable debug mode, add "debug" after the plugin name in plugins.ini (without quotes).
L 05/22/2011 - 14:27:26: [AMXX] Run time error 4 (plugin "biohazard.amxx") - debug not enabled!
L 05/22/2011 - 14:27:26: [AMXX] To enable debug mode, add "debug" after the plugin name in plugins.ini (without quotes).
L 05/22/2011 - 14:30:47: [AMXX] Run time error 4 (plugin "biohazard.amxx") - debug not enabled!
L 05/22/2011 - 14:30:47: [AMXX] To enable debug mode, add "debug" after the plugin name in plugins.ini (without quotes).
L 05/22/2011 - 14:30:47: [AMXX] Run time error 4 (plugin "biohazard.amxx") - debug not enabled!
L 05/22/2011 - 14:30:47: [AMXX] To enable debug mode, add "debug" after the plugin name in plugins.ini (without quotes).
L 05/22/2011 - 14:34:56: [AMXX] Run time error 4 (plugin "biohazard.amxx") - debug not enabled!
L 05/22/2011 - 14:34:56: [AMXX] To enable debug mode, add "debug" after the plugin name in plugins.ini (without quotes).
L 05/22/2011 - 14:38:14: [AMXX] Run time error 4 (plugin "biohazard.amxx") - debug not enabled!
L 05/22/2011 - 14:38:14: [AMXX] To enable debug mode, add "debug" after the plugin name in plugins.ini (without quotes).
L 05/22/2011 - 14:41:59: [AMXX] Run time error 4 (plugin "biohazard.amxx") - debug not enabled!
L 05/22/2011 - 14:41:59: [AMXX] To enable debug mode, add "debug" after the plugin name in plugins.ini (without quotes).
L 05/22/2011 - 14:47:01: [AMXX] Run time error 4 (plugin "biohazard.amxx") - debug not enabled!
L 05/22/2011 - 14:47:01: [AMXX] To enable debug mode, add "debug" after the plugin name in plugins.ini (without quotes).
L 05/22/2011 - 14:49:25: Start of error session.
L 05/22/2011 - 14:49:25: Info (map "cs_militia") (file "addons/amxmodx/logs/error_20110522.log")
L 05/22/2011 - 14:49:25: [AMXX] Run time error 4 (plugin "biohazard.amxx") - debug not enabled!
L 05/22/2011 - 14:49:25: [AMXX] To enable debug mode, add "debug" after the plugin name in plugins.ini (without quotes).
L 05/22/2011 - 14:49:25: [AMXX] Run time error 4 (plugin "biohazard.amxx") - debug not enabled!
L 05/22/2011 - 14:49:25: [AMXX] To enable debug mode, add "debug" after the plugin name in plugins.ini (without quotes).
L 05/22/2011 - 14:52:46: [AMXX] Run time error 4 (plugin "biohazard.amxx") - debug not enabled!
L 05/22/2011 - 14:52:46: [AMXX] To enable debug mode, add "debug" after the plugin name in plugins.ini (without quotes).
L 05/22/2011 - 14:56:38: [AMXX] Run time error 4 (plugin "biohazard.amxx") - debug not enabled!
L 05/22/2011 - 14:56:38: [AMXX] To enable debug mode, add "debug" after the plugin name in plugins.ini (without quotes).
L 05/22/2011 - 15:14:07: Start of error session.
L 05/22/2011 - 15:14:07: Info (map "zm_army") (file "addons/amxmodx/logs/error_20110522.log")
L 05/22/2011 - 15:14:07: [AMXX] Run time error 4 (plugin "biohazard.amxx") - debug not enabled!
L 05/22/2011 - 15:14:07: [AMXX] To enable debug mode, add "debug" after the plugin name in plugins.ini (without quotes).
L 05/22/2011 - 15:14:46: [AMXX] Run time error 4 (plugin "biohazard.amxx") - debug not enabled!
L 05/22/2011 - 15:14:46: [AMXX] To enable debug mode, add "debug" after the plugin name in plugins.ini (without quotes).
L 05/22/2011 - 15:24:12: [AMXX] Run time error 4 (plugin "biohazard.amxx") - debug not enabled!
L 05/22/2011 - 15:24:12: [AMXX] To enable debug mode, add "debug" after the plugin name in plugins.ini (without quotes).
L 05/22/2011 - 15:30:22: [AMXX] Run time error 4 (plugin "biohazard.amxx") - debug not enabled!
L 05/22/2011 - 15:30:22: [AMXX] To enable debug mode, add "debug" after the plugin name in plugins.ini (without quotes).
L 05/22/2011 - 15:32:36: Start of error session.
L 05/22/2011 - 15:32:36: Info (map "ze_jurassickpark3_lg") (file "addons/amxmodx/logs/error_20110522.log")
L 05/22/2011 - 15:32:36: [AMXX] Run time error 4 (plugin "biohazard.amxx") - debug not enabled!
L 05/22/2011 - 15:32:36: [AMXX] To enable debug mode, add "debug" after the plugin name in plugins.ini (without quotes).
L 05/22/2011 - 15:38:02: [AMXX] Run time error 4 (plugin "biohazard.amxx") - debug not enabled!
L 05/22/2011 - 15:38:02: [AMXX] To enable debug mode, add "debug" after the plugin name in plugins.ini (without quotes).
L 05/22/2011 - 15:44:14: [AMXX] Run time error 4 (plugin "biohazard.amxx") - debug not enabled!
L 05/22/2011 - 15:44:14: [AMXX] To enable debug mode, add "debug" after the plugin name in plugins.ini (without quotes).
L 05/22/2011 - 15:47:38: [AMXX] Run time error 4 (plugin "biohazard.amxx") - debug not enabled!
L 05/22/2011 - 15:47:38: [AMXX] To enable debug mode, add "debug" after the plugin name in plugins.ini (without quotes).
L 05/22/2011 - 15:49:56: [AMXX] Run time error 4 (plugin "biohazard.amxx") - debug not enabled!
L 05/22/2011 - 15:49:56: [AMXX] To enable debug mode, add "debug" after the plugin name in plugins.ini (without quotes).
L 05/22/2011 - 15:55:33: Start of error session.
L 05/22/2011 - 15:55:33: Info (map "zm_houses") (file "addons/amxmodx/logs/error_20110522.log")
L 05/22/2011 - 15:55:33: [AMXX] Run time error 4 (plugin "biohazard.amxx") - debug not enabled!
L 05/22/2011 - 15:55:33: [AMXX] To enable debug mode, add "debug" after the plugin name in plugins.ini (without quotes).
L 05/22/2011 - 15:55:33: [AMXX] Run time error 4 (plugin "biohazard.amxx") - debug not enabled!
L 05/22/2011 - 15:55:33: [AMXX] To enable debug mode, add "debug" after the plugin name in plugins.ini (without quotes).
L 05/22/2011 - 15:55:33: [AMXX] Run time error 4 (plugin "biohazard.amxx") - debug not enabled!
L 05/22/2011 - 15:55:33: [AMXX] To enable debug mode, add "debug" after the plugin name in plugins.ini (without quotes).
L 05/22/2011 - 15:58:16: [AMXX] Run time error 4 (plugin "biohazard.amxx") - debug not enabled!
L 05/22/2011 - 15:58:16: [AMXX] To enable debug mode, add "debug" after the plugin name in plugins.ini (without quotes).
L 05/22/2011 - 15:59:16: [AMXX] Run time error 4 (plugin "biohazard.amxx") - debug not enabled!
L 05/22/2011 - 15:59:16: [AMXX] To enable debug mode, add "debug" after the plugin name in plugins.ini (without quotes).
L 05/22/2011 - 16:03:13: [AMXX] Run time error 4 (plugin "biohazard.amxx") - debug not enabled!
L 05/22/2011 - 16:03:13: [AMXX] To enable debug mode, add "debug" after the plugin name in plugins.ini (without quotes).
L 05/22/2011 - 16:03:13: [AMXX] Run time error 4 (plugin "biohazard.amxx") - debug not enabled!
L 05/22/2011 - 16:03:13: [AMXX] To enable debug mode, add "debug" after the plugin name in plugins.ini (without quotes).
L 05/22/2011 - 16:06:34: [AMXX] Run time error 4 (plugin "biohazard.amxx") - debug not enabled!
L 05/22/2011 - 16:06:34: [AMXX] To enable debug mode, add "debug" after the plugin name in plugins.ini (without quotes).
L 05/22/2011 - 16:08:33: [AMXX] Run time error 4 (plugin "biohazard.amxx") - debug not enabled!
L 05/22/2011 - 16:08:33: [AMXX] To enable debug mode, add "debug" after the plugin name in plugins.ini (without quotes).
L 05/22/2011 - 16:08:33: [AMXX] Run time error 4 (plugin "biohazard.amxx") - debug not enabled!
L 05/22/2011 - 16:08:33: [AMXX] To enable debug mode, add "debug" after the plugin name in plugins.ini (without quotes).
L 05/22/2011 - 16:15:31: [AMXX] Run time error 4 (plugin "biohazard.amxx") - debug not enabled!
L 05/22/2011 - 16:15:31: [AMXX] To enable debug mode, add "debug" after the plugin name in plugins.ini (without quotes).
L 05/22/2011 - 16:19:15: Start of error session.
L 05/22/2011 - 16:19:15: Info (map "zm_desolation_house") (file "addons/amxmodx/logs/error_20110522.log")
L 05/22/2011 - 16:19:15: [AMXX] Run time error 4 (plugin "biohazard.amxx") - debug not enabled!
L 05/22/2011 - 16:19:15: [AMXX] To enable debug mode, add "debug" after the plugin name in plugins.ini (without quotes).
L 05/22/2011 - 16:22:36: [AMXX] Run time error 4 (plugin "biohazard.amxx") - debug not enabled!
L 05/22/2011 - 16:22:36: [AMXX] To enable debug mode, add "debug" after the plugin name in plugins.ini (without quotes).
L 05/22/2011 - 16:23:56: [AMXX] Run time error 4 (plugin "biohazard.amxx") - debug not enabled!
L 05/22/2011 - 16:23:56: [AMXX] To enable debug mode, add "debug" after the plugin name in plugins.ini (without quotes).
L 05/22/2011 - 16:24:37: [AMXX] Run time error 4 (plugin "biohazard.amxx") - debug not enabled!
L 05/22/2011 - 16:24:37: [AMXX] To enable debug mode, add "debug" after the plugin name in plugins.ini (without quotes).
L 05/22/2011 - 16:27:58: [AMXX] Run time error 4 (plugin "biohazard.amxx") - debug not enabled!
L 05/22/2011 - 16:27:58: [AMXX] To enable debug mode, add "debug" after the plugin name in plugins.ini (without quotes).
L 05/22/2011 - 16:31:19: [AMXX] Run time error 4 (plugin "biohazard.amxx") - debug not enabled!
L 05/22/2011 - 16:31:19: [AMXX] To enable debug mode, add "debug" after the plugin name in plugins.ini (without quotes).
L 05/22/2011 - 16:34:40: [AMXX] Run time error 4 (plugin "biohazard.amxx") - debug not enabled!
L 05/22/2011 - 16:34:40: [AMXX] To enable debug mode, add "debug" after the plugin name in plugins.ini (without quotes).
L 05/22/2011 - 16:35:43: [AMXX] Run time error 4 (plugin "biohazard.amxx") - debug not enabled!
L 05/22/2011 - 16:35:43: [AMXX] To enable debug mode, add "debug" after the plugin name in plugins.ini (without quotes).
L 05/22/2011 - 16:39:33: Start of error session.
L 05/22/2011 - 16:39:33: Info (map "zm_303") (file "addons/amxmodx/logs/error_20110522.log")
L 05/22/2011 - 16:39:33: [AMXX] Run time error 4 (plugin "biohazard.amxx") - debug not enabled!
L 05/22/2011 - 16:39:33: [AMXX] To enable debug mode, add "debug" after the plugin name in plugins.ini (without quotes).
L 05/22/2011 - 16:43:48: [AMXX] Run time error 4 (plugin "biohazard.amxx") - debug not enabled!
L 05/22/2011 - 16:43:48: [AMXX] To enable debug mode, add "debug" after the plugin name in plugins.ini (without quotes).
L 05/22/2011 - 16:43:48: [AMXX] Run time error 4 (plugin "biohazard.amxx") - debug not enabled!
L 05/22/2011 - 16:43:48: [AMXX] To enable debug mode, add "debug" after the plugin name in plugins.ini (without quotes).
L 05/22/2011 - 16:47:09: [AMXX] Run time error 4 (plugin "biohazard.amxx") - debug not enabled!
L 05/22/2011 - 16:47:09: [AMXX] To enable debug mode, add "debug" after the plugin name in plugins.ini (without quotes).
L 05/22/2011 - 16:47:09: [AMXX] Run time error 4 (plugin "biohazard.amxx") - debug not enabled!
L 05/22/2011 - 16:47:09: [AMXX] To enable debug mode, add "debug" after the plugin name in plugins.ini (without quotes).
L 05/22/2011 - 16:49:00: [AMXX] Run time error 4 (plugin "biohazard.amxx") - debug not enabled!
L 05/22/2011 - 16:49:00: [AMXX] To enable debug mode, add "debug" after the plugin name in plugins.ini (without quotes).
L 05/22/2011 - 16:53:44: [AMXX] Run time error 4 (plugin "biohazard.amxx") - debug not enabled!
L 05/22/2011 - 16:53:44: [AMXX] To enable debug mode, add "debug" after the plugin name in plugins.ini (without quotes).
L 05/22/2011 - 16:53:44: [AMXX] Run time error 4 (plugin "biohazard.amxx") - debug not enabled!
L 05/22/2011 - 16:53:44: [AMXX] To enable debug mode, add "debug" after the plugin name in plugins.ini (without quotes).
L 05/22/2011 - 16:57:05: [AMXX] Run time error 4 (plugin "biohazard.amxx") - debug not enabled!
L 05/22/2011 - 16:57:05: [AMXX] To enable debug mode, add "debug" after the plugin name in plugins.ini (without quotes).
L 05/22/2011 - 16:57:05: [AMXX] Run time error 4 (plugin "biohazard.amxx") - debug not enabled!
L 05/22/2011 - 16:57:05: [AMXX] To enable debug mode, add "debug" after the plugin name in plugins.ini (without quotes).
L 05/22/2011 - 17:00:49: Start of error session.
L 05/22/2011 - 17:00:49: Info (map "zm_202") (file "addons/amxmodx/logs/error_20110522.log")
L 05/22/2011 - 17:00:49: [AMXX] Run time error 4 (plugin "biohazard.amxx") - debug not enabled!
L 05/22/2011 - 17:00:49: [AMXX] To enable debug mode, add "debug" after the plugin name in plugins.ini (without quotes).
L 05/22/2011 - 17:00:49: [AMXX] Run time error 4 (plugin "biohazard.amxx") - debug not enabled!
L 05/22/2011 - 17:00:49: [AMXX] To enable debug mode, add "debug" after the plugin name in plugins.ini (without quotes).
L 05/22/2011 - 17:04:10: [AMXX] Run time error 4 (plugin "biohazard.amxx") - debug not enabled!
L 05/22/2011 - 17:04:10: [AMXX] To enable debug mode, add "debug" after the plugin name in plugins.ini (without quotes).
L 05/22/2011 - 17:06:32: [AMXX] Run time error 4 (plugin "biohazard.amxx") - debug not enabled!
L 05/22/2011 - 17:06:32: [AMXX] To enable debug mode, add "debug" after the plugin name in plugins.ini (without quotes).
L 05/22/2011 - 17:09:46: [AMXX] Run time error 4 (plugin "biohazard.amxx") - debug not enabled!
L 05/22/2011 - 17:09:46: [AMXX] To enable debug mode, add "debug" after the plugin name in plugins.ini (without quotes).
L 05/22/2011 - 17:09:46: [AMXX] Run time error 4 (plugin "biohazard.amxx") - debug not enabled!
L 05/22/2011 - 17:09:46: [AMXX] To enable debug mode, add "debug" after the plugin name in plugins.ini (without quotes).
L 05/22/2011 - 17:12:56: [AMXX] Run time error 4 (plugin "biohazard.amxx") - debug not enabled!
L 05/22/2011 - 17:12:56: [AMXX] To enable debug mode, add "debug" after the plugin name in plugins.ini (without quotes).
L 05/22/2011 - 17:12:56: [AMXX] Run time error 4 (plugin "biohazard.amxx") - debug not enabled!
L 05/22/2011 - 17:12:56: [AMXX] To enable debug mode, add "debug" after the plugin name in plugins.ini (without quotes).
L 05/22/2011 - 17:16:17: [AMXX] Run time error 4 (plugin "biohazard.amxx") - debug not enabled!
L 05/22/2011 - 17:16:17: [AMXX] To enable debug mode, add "debug" after the plugin name in plugins.ini (without quotes).
L 05/22/2011 - 17:19:11: [AMXX] Run time error 4 (plugin "biohazard.amxx") - debug not enabled!
L 05/22/2011 - 17:19:11: [AMXX] To enable debug mode, add "debug" after the plugin name in plugins.ini (without quotes).
L 05/22/2011 - 17:19:11: [AMXX] Run time error 4 (plugin "biohazard.amxx") - debug not enabled!
L 05/22/2011 - 17:19:11: [AMXX] To enable debug mode, add "debug" after the plugin name in plugins.ini (without quotes).
L 05/22/2011 - 17:23:25: Start of error session.
L 05/22/2011 - 17:23:25: Info (map "016_rmk") (file "addons/amxmodx/logs/error_20110522.log")
L 05/22/2011 - 17:23:25: [AMXX] Run time error 4 (plugin "biohazard.amxx") - debug not enabled!
L 05/22/2011 - 17:23:25: [AMXX] To enable debug mode, add "debug" after the plugin name in plugins.ini (without quotes).
L 05/22/2011 - 17:28:21: [AMXX] Run time error 4 (plugin "biohazard.amxx") - debug not enabled!
L 05/22/2011 - 17:28:21: [AMXX] To enable debug mode, add "debug" after the plugin name in plugins.ini (without quotes).
L 05/22/2011 - 17:28:21: [AMXX] Run time error 4 (plugin "biohazard.amxx") - debug not enabled!
L 05/22/2011 - 17:28:21: [AMXX] To enable debug mode, add "debug" after the plugin name in plugins.ini (without quotes).
L 05/22/2011 - 17:30:08: [AMXX] Run time error 4 (plugin "biohazard.amxx") - debug not enabled!
L 05/22/2011 - 17:30:08: [AMXX] To enable debug mode, add "debug" after the plugin name in plugins.ini (without quotes).
L 05/22/2011 - 17:30:08: [AMXX] Run time error 4 (plugin "biohazard.amxx") - debug not enabled!
L 05/22/2011 - 17:30:08: [AMXX] To enable debug mode, add "debug" after the plugin name in plugins.ini (without quotes).
L 05/22/2011 - 17:33:29: [AMXX] Run time error 4 (plugin "biohazard.amxx") - debug not enabled!
L 05/22/2011 - 17:33:29: [AMXX] To enable debug mode, add "debug" after the plugin name in plugins.ini (without quotes).
L 05/22/2011 - 17:35:25: [AMXX] Run time error 4 (plugin "biohazard.amxx") - debug not enabled!
L 05/22/2011 - 17:35:25: [AMXX] To enable debug mode, add "debug" after the plugin name in plugins.ini (without quotes).
L 05/22/2011 - 17:35:25: [AMXX] Run time error 4 (plugin "biohazard.amxx") - debug not enabled!
L 05/22/2011 - 17:35:25: [AMXX] To enable debug mode, add "debug" after the plugin name in plugins.ini (without quotes).
L 05/22/2011 - 17:41:47: [AMXX] Run time error 4 (plugin "biohazard.amxx") - debug not enabled!
L 05/22/2011 - 17:41:47: [AMXX] To enable debug mode, add "debug" after the plugin name in plugins.ini (without quotes).
L 05/22/2011 - 17:41:47: [AMXX] Run time error 4 (plugin "biohazard.amxx") - debug not enabled!
L 05/22/2011 - 17:41:47: [AMXX] To enable debug mode, add "debug" after the plugin name in plugins.ini (without quotes).
L 05/22/2011 - 17:43:52: Start of error session.
L 05/22/2011 - 17:43:52: Info (map "zm_neris") (file "addons/amxmodx/logs/error_20110522.log")
L 05/22/2011 - 17:43:52: [AMXX] Run time error 4 (plugin "biohazard.amxx") - debug not enabled!
L 05/22/2011 - 17:43:52: [AMXX] To enable debug mode, add "debug" after the plugin name in plugins.ini (without quotes).
L 05/22/2011 - 17:43:52: [AMXX] Run time error 4 (plugin "biohazard.amxx") - debug not enabled!
L 05/22/2011 - 17:43:52: [AMXX] To enable debug mode, add "debug" after the plugin name in plugins.ini (without quotes).
L 05/22/2011 - 17:43:52: [AMXX] Run time error 4 (plugin "biohazard.amxx") - debug not enabled!
L 05/22/2011 - 17:43:52: [AMXX] To enable debug mode, add "debug" after the plugin name in plugins.ini (without quotes).
L 05/22/2011 - 17:43:52: [AMXX] Run time error 4 (plugin "biohazard.amxx") - debug not enabled!
L 05/22/2011 - 17:43:52: [AMXX] To enable debug mode, add "debug" after the plugin name in plugins.ini (without quotes).
L 05/22/2011 - 17:43:52: [AMXX] Run time error 4 (plugin "biohazard.amxx") - debug not enabled!
L 05/22/2011 - 17:43:52: [AMXX] To enable debug mode, add "debug" after the plugin name in plugins.ini (without quotes).
L 05/22/2011 - 17:47:13: [AMXX] Run time error 4 (plugin "biohazard.amxx") - debug not enabled!
L 05/22/2011 - 17:47:13: [AMXX] To enable debug mode, add "debug" after the plugin name in plugins.ini (without quotes).
L 05/22/2011 - 17:47:13: [AMXX] Run time error 4 (plugin "biohazard.amxx") - debug not enabled!
L 05/22/2011 - 17:47:13: [AMXX] To enable debug mode, add "debug" after the plugin name in plugins.ini (without quotes).
L 05/22/2011 - 17:47:13: [AMXX] Run time error 4 (plugin "biohazard.amxx") - debug not enabled!
L 05/22/2011 - 17:47:13: [AMXX] To enable debug mode, add "debug" after the plugin name in plugins.ini (without quotes).
L 05/22/2011 - 17:52:20: [AMXX] Run time error 4 (plugin "biohazard.amxx") - debug not enabled!
L 05/22/2011 - 17:52:20: [AMXX] To enable debug mode, add "debug" after the plugin name in plugins.ini (without quotes).
L 05/22/2011 - 17:52:20: [AMXX] Run time error 4 (plugin "biohazard.amxx") - debug not enabled!
L 05/22/2011 - 17:52:20: [AMXX] To enable debug mode, add "debug" after the plugin name in plugins.ini (without quotes).
L 05/22/2011 - 17:52:20: [AMXX] Run time error 4 (plugin "biohazard.amxx") - debug not enabled!
L 05/22/2011 - 17:52:20: [AMXX] To enable debug mode, add "debug" after the plugin name in plugins.ini (without quotes).
L 05/22/2011 - 17:55:41: [AMXX] Run time error 4 (plugin "biohazard.amxx") - debug not enabled!
L 05/22/2011 - 17:55:41: [AMXX] To enable debug mode, add "debug" after the plugin name in plugins.ini (without quotes).
L 05/22/2011 - 17:55:41: [AMXX] Run time error 4 (plugin "biohazard.amxx") - debug not enabled!
L 05/22/2011 - 17:55:41: [AMXX] To enable debug mode, add "debug" after the plugin name in plugins.ini (without quotes).
L 05/22/2011 - 17:58:48: [AMXX] Run time error 4 (plugin "biohazard.amxx") - debug not enabled!
L 05/22/2011 - 17:58:48: [AMXX] To enable debug mode, add "debug" after the plugin name in plugins.ini (without quotes).
L 05/22/2011 - 17:58:48: [AMXX] Run time error 4 (plugin "biohazard.amxx") - debug not enabled!
L 05/22/2011 - 17:58:48: [AMXX] To enable debug mode, add "debug" after the plugin name in plugins.ini (without quotes).
L 05/22/2011 - 17:58:48: [AMXX] Run time error 4 (plugin "biohazard.amxx") - debug not enabled!
L 05/22/2011 - 17:58:48: [AMXX] To enable debug mode, add "debug" after the plugin name in plugins.ini (without quotes).
L 05/22/2011 - 18:02:09: [AMXX] Run time error 4 (plugin "biohazard.amxx") - debug not enabled!
L 05/22/2011 - 18:02:09: [AMXX] To enable debug mode, add "debug" after the plugin name in plugins.ini (without quotes).
L 05/22/2011 - 18:02:09: [AMXX] Run time error 4 (plugin "biohazard.amxx") - debug not enabled!
L 05/22/2011 - 18:02:09: [AMXX] To enable debug mode, add "debug" after the plugin name in plugins.ini (without quotes).
L 05/22/2011 - 18:02:09: [AMXX] Run time error 4 (plugin "biohazard.amxx") - debug not enabled!
L 05/22/2011 - 18:02:09: [AMXX] To enable debug mode, add "debug" after the plugin name in plugins.ini (without quotes).
L 05/22/2011 - 18:02:09: [AMXX] Run time error 4 (plugin "biohazard.amxx") - debug not enabled!
L 05/22/2011 - 18:02:09: [AMXX] To enable debug mode, add "debug" after the plugin name in plugins.ini (without quotes).
L 05/22/2011 - 18:05:03: Start of error session.
L 05/22/2011 - 18:05:03: Info (map "de_dust") (file "addons/amxmodx/logs/error_20110522.log")
L 05/22/2011 - 18:05:03: [AMXX] Run time error 4 (plugin "biohazard.amxx") - debug not enabled!
L 05/22/2011 - 18:05:03: [AMXX] To enable debug mode, add "debug" after the plugin name in plugins.ini (without quotes).
L 05/22/2011 - 18:05:03: [AMXX] Run time error 4 (plugin "biohazard.amxx") - debug not enabled!
L 05/22/2011 - 18:05:03: [AMXX] To enable debug mode, add "debug" after the plugin name in plugins.ini (without quotes).
L 05/22/2011 - 18:05:03: [AMXX] Run time error 4 (plugin "biohazard.amxx") - debug not enabled!
L 05/22/2011 - 18:05:03: [AMXX] To enable debug mode, add "debug" after the plugin name in plugins.ini (without quotes).
L 05/22/2011 - 18:05:03: [AMXX] Run time error 4 (plugin "biohazard.amxx") - debug not enabled!
L 05/22/2011 - 18:05:03: [AMXX] To enable debug mode, add "debug" after the plugin name in plugins.ini (without quotes).
L 05/22/2011 - 18:05:03: [AMXX] Run time error 4 (plugin "biohazard.amxx") - debug not enabled!
L 05/22/2011 - 18:05:03: [AMXX] To enable debug mode, add "debug" after the plugin name in plugins.ini (without quotes).
L 05/22/2011 - 18:07:30: [AMXX] Run time error 4 (plugin "biohazard.amxx") - debug not enabled!
L 05/22/2011 - 18:07:30: [AMXX] To enable debug mode, add "debug" after the plugin name in plugins.ini (without quotes).
L 05/22/2011 - 18:07:30: [AMXX] Run time error 4 (plugin "biohazard.amxx") - debug not enabled!
L 05/22/2011 - 18:07:30: [AMXX] To enable debug mode, add "debug" after the plugin name in plugins.ini (without quotes).
L 05/22/2011 - 18:10:14: [AMXX] Run time error 4 (plugin "biohazard.amxx") - debug not enabled!
L 05/22/2011 - 18:10:14: [AMXX] To enable debug mode, add "debug" after the plugin name in plugins.ini (without quotes).
L 05/22/2011 - 18:10:14: [AMXX] Run time error 4 (plugin "biohazard.amxx") - debug not enabled!
L 05/22/2011 - 18:10:14: [AMXX] To enable debug mode, add "debug" after the plugin name in plugins.ini (without quotes).
L 05/22/2011 - 18:10:14: [AMXX] Run time error 4 (plugin "biohazard.amxx") - debug not enabled!
L 05/22/2011 - 18:10:14: [AMXX] To enable debug mode, add "debug" after the plugin name in plugins.ini (without quotes).
L 05/22/2011 - 18:10:14: [AMXX] Run time error 4 (plugin "biohazard.amxx") - debug not enabled!
L 05/22/2011 - 18:10:14: [AMXX] To enable debug mode, add "debug" after the plugin name in plugins.ini (without quotes).
L 05/22/2011 - 18:15:39: [AMXX] Run time error 4 (plugin "biohazard.amxx") - debug not enabled!
L 05/22/2011 - 18:15:39: [AMXX] To enable debug mode, add "debug" after the plugin name in plugins.ini (without quotes).
L 05/22/2011 - 18:19:08: [AMXX] Run time error 4 (plugin "biohazard.amxx") - debug not enabled!
L 05/22/2011 - 18:19:08: [AMXX] To enable debug mode, add "debug" after the plugin name in plugins.ini (without quotes).
L 05/22/2011 - 18:19:08: [AMXX] Run time error 4 (plugin "biohazard.amxx") - debug not enabled!
L 05/22/2011 - 18:19:08: [AMXX] To enable debug mode, add "debug" after the plugin name in plugins.ini (without quotes).
L 05/22/2011 - 18:19:08: [AMXX] Run time error 4 (plugin "biohazard.amxx") - debug not enabled!
L 05/22/2011 - 18:19:08: [AMXX] To enable debug mode, add "debug" after the plugin name in plugins.ini (without quotes).
L 05/22/2011 - 18:19:08: [AMXX] Run time error 4 (plugin "biohazard.amxx") - debug not enabled!
L 05/22/2011 - 18:19:08: [AMXX] To enable debug mode, add "debug" after the plugin name in plugins.ini (without quotes).
L 05/22/2011 - 18:21:14: [AMXX] Run time error 4 (plugin "biohazard.amxx") - debug not enabled!
L 05/22/2011 - 18:21:14: [AMXX] To enable debug mode, add "debug" after the plugin name in plugins.ini (without quotes).
L 05/22/2011 - 18:21:14: [AMXX] Run time error 4 (plugin "biohazard.amxx") - debug not enabled!
L 05/22/2011 - 18:21:14: [AMXX] To enable debug mode, add "debug" after the plugin name in plugins.ini (without quotes).
L 05/22/2011 - 18:24:11: [AMXX] Run time error 4 (plugin "biohazard.amxx") - debug not enabled!
L 05/22/2011 - 18:24:11: [AMXX] To enable debug mode, add "debug" after the plugin name in plugins.ini (without quotes).
L 05/22/2011 - 18:24:11: [AMXX] Run time error 4 (plugin "biohazard.amxx") - debug not enabled!
L 05/22/2011 - 18:24:11: [AMXX] To enable debug mode, add "debug" after the plugin name in plugins.ini (without quotes).
L 05/22/2011 - 18:24:11: [AMXX] Run time error 4 (plugin "biohazard.amxx") - debug not enabled!
L 05/22/2011 - 18:24:11: [AMXX] To enable debug mode, add "debug" after the plugin name in plugins.ini (without quotes).
L 05/22/2011 - 18:24:11: [AMXX] Run time error 4 (plugin "biohazard.amxx") - debug not enabled!
L 05/22/2011 - 18:24:11: [AMXX] To enable debug mode, add "debug" after the plugin name in plugins.ini (without quotes).
L 05/22/2011 - 18:26:33: Start of error session.
L 05/22/2011 - 18:26:33: Info (map "zm_south_escape_b2") (file "addons/amxmodx/logs/error_20110522.log")
L 05/22/2011 - 18:26:33: [AMXX] Run time error 4 (plugin "biohazard.amxx") - debug not enabled!
L 05/22/2011 - 18:26:33: [AMXX] To enable debug mode, add "debug" after the plugin name in plugins.ini (without quotes).
L 05/22/2011 - 18:28:30: [AMXX] Run time error 4 (plugin "biohazard.amxx") - debug not enabled!
L 05/22/2011 - 18:28:30: [AMXX] To enable debug mode, add "debug" after the plugin name in plugins.ini (without quotes).
L 05/22/2011 - 18:28:30: [AMXX] Run time error 4 (plugin "biohazard.amxx") - debug not enabled!
L 05/22/2011 - 18:28:30: [AMXX] To enable debug mode, add "debug" after the plugin name in plugins.ini (without quotes).
L 05/22/2011 - 18:28:30: [AMXX] Run time error 4 (plugin "biohazard.amxx") - debug not enabled!
L 05/22/2011 - 18:28:30: [AMXX] To enable debug mode, add "debug" after the plugin name in plugins.ini (without quotes).
L 05/22/2011 - 18:32:29: [AMXX] Run time error 4 (plugin "biohazard.amxx") - debug not enabled!
L 05/22/2011 - 18:32:29: [AMXX] To enable debug mode, add "debug" after the plugin name in plugins.ini (without quotes).
L 05/22/2011 - 18:32:29: [AMXX] Run time error 4 (plugin "biohazard.amxx") - debug not enabled!
L 05/22/2011 - 18:32:29: [AMXX] To enable debug mode, add "debug" after the plugin name in plugins.ini (without quotes).
L 05/22/2011 - 18:32:29: [AMXX] Run time error 4 (plugin "biohazard.amxx") - debug not enabled!
L 05/22/2011 - 18:32:29: [AMXX] To enable debug mode, add "debug" after the plugin name in plugins.ini (without quotes).
L 05/22/2011 - 18:34:31: [AMXX] Run time error 4 (plugin "biohazard.amxx") - debug not enabled!
L 05/22/2011 - 18:34:31: [AMXX] To enable debug mode, add "debug" after the plugin name in plugins.ini (without quotes).
L 05/22/2011 - 18:36:19: [AMXX] Run time error 4 (plugin "biohazard.amxx") - debug not enabled!
L 05/22/2011 - 18:36:19: [AMXX] To enable debug mode, add "debug" after the plugin name in plugins.ini (without quotes).
L 05/22/2011 - 18:36:19: [AMXX] Run time error 4 (plugin "biohazard.amxx") - debug not enabled!
L 05/22/2011 - 18:36:19: [AMXX] To enable debug mode, add "debug" after the plugin name in plugins.ini (without quotes).
L 05/22/2011 - 18:36:19: [AMXX] Run time error 4 (plugin "biohazard.amxx") - debug not enabled!
L 05/22/2011 - 18:36:19: [AMXX] To enable debug mode, add "debug" after the plugin name in plugins.ini (without quotes).
L 05/22/2011 - 18:36:58: [AMXX] Run time error 4 (plugin "biohazard.amxx") - debug not enabled!
L 05/22/2011 - 18:36:58: [AMXX] To enable debug mode, add "debug" after the plugin name in plugins.ini (without quotes).
L 05/22/2011 - 18:39:53: [AMXX] Run time error 4 (plugin "biohazard.amxx") - debug not enabled!
L 05/22/2011 - 18:39:53: [AMXX] To enable debug mode, add "debug" after the plugin name in plugins.ini (without quotes).
L 05/22/2011 - 18:39:53: [AMXX] Run time error 4 (plugin "biohazard.amxx") - debug not enabled!
L 05/22/2011 - 18:39:53: [AMXX] To enable debug mode, add "debug" after the plugin name in plugins.ini (without quotes).
L 05/22/2011 - 18:39:53: [AMXX] Run time error 4 (plugin "biohazard.amxx") - debug not enabled!
L 05/22/2011 - 18:39:53: [AMXX] To enable debug mode, add "debug" after the plugin name in plugins.ini (without quotes).
L 05/22/2011 - 18:41:02: [AMXX] Run time error 4 (plugin "biohazard.amxx") - debug not enabled!
L 05/22/2011 - 18:41:02: [AMXX] To enable debug mode, add "debug" after the plugin name in plugins.ini (without quotes).
L 05/22/2011 - 18:44:04: [AMXX] Run time error 4 (plugin "biohazard.amxx") - debug not enabled!
L 05/22/2011 - 18:44:04: [AMXX] To enable debug mode, add "debug" after the plugin name in plugins.ini (without quotes).
L 05/22/2011 - 18:44:04: [AMXX] Run time error 4 (plugin "biohazard.amxx") - debug not enabled!
L 05/22/2011 - 18:44:04: [AMXX] To enable debug mode, add "debug" after the plugin name in plugins.ini (without quotes).
L 05/22/2011 - 18:44:04: [AMXX] Run time error 4 (plugin "biohazard.amxx") - debug not enabled!
L 05/22/2011 - 18:44:04: [AMXX] To enable debug mode, add "debug" after the plugin name in plugins.ini (without quotes).
L 05/22/2011 - 18:45:24: Start of error session.
L 05/22/2011 - 18:45:24: Info (map "zm_army") (file "addons/amxmodx/logs/error_20110522.log")
L 05/22/2011 - 18:45:24: [AMXX] Run time error 4 (plugin "biohazard.amxx") - debug not enabled!
L 05/22/2011 - 18:45:24: [AMXX] To enable debug mode, add "debug" after the plugin name in plugins.ini (without quotes).
L 05/22/2011 - 18:49:22: [AMXX] Run time error 4 (plugin "biohazard.amxx") - debug not enabled!
L 05/22/2011 - 18:49:22: [AMXX] To enable debug mode, add "debug" after the plugin name in plugins.ini (without quotes).
L 05/22/2011 - 18:49:22: [AMXX] Run time error 4 (plugin "biohazard.amxx") - debug not enabled!
L 05/22/2011 - 18:49:22: [AMXX] To enable debug mode, add "debug" after the plugin name in plugins.ini (without quotes).
L 05/22/2011 - 18:49:22: [AMXX] Run time error 4 (plugin "biohazard.amxx") - debug not enabled!
L 05/22/2011 - 18:49:22: [AMXX] To enable debug mode, add "debug" after the plugin name in plugins.ini (without quotes).
L 05/22/2011 - 18:53:29: [AMXX] Run time error 4 (plugin "biohazard.amxx") - debug not enabled!
L 05/22/2011 - 18:53:29: [AMXX] To enable debug mode, add "debug" after the plugin name in plugins.ini (without quotes).
L 05/22/2011 - 18:57:10: [AMXX] Run time error 4 (plugin "biohazard.amxx") - debug not enabled!
L 05/22/2011 - 18:57:10: [AMXX] To enable debug mode, add "debug" after the plugin name in plugins.ini (without quotes).
L 05/22/2011 - 19:01:46: [AMXX] Run time error 4 (plugin "biohazard.amxx") - debug not enabled!
L 05/22/2011 - 19:01:46: [AMXX] To enable debug mode, add "debug" after the plugin name in plugins.ini (without quotes).
L 05/22/2011 - 19:03:59: [AMXX] Run time error 4 (plugin "biohazard.amxx") - debug not enabled!
L 05/22/2011 - 19:03:59: [AMXX] To enable debug mode, add "debug" after the plugin name in plugins.ini (without quotes).
L 05/22/2011 - 19:06:24: [AMXX] Run time error 4 (plugin "biohazard.amxx") - debug not enabled!
L 05/22/2011 - 19:06:24: [AMXX] To enable debug mode, add "debug" after the plugin name in plugins.ini (without quotes).
L 05/22/2011 - 19:20:07: Start of error session.
L 05/22/2011 - 19:20:07: Info (map "zm_fdust2x2") (file "addons/amxmodx/logs/error_20110522.log")
L 05/22/2011 - 19:20:07: [AMXX] Run time error 4 (plugin "biohazard.amxx") - debug not enabled!
L 05/22/2011 - 19:20:07: [AMXX] To enable debug mode, add "debug" after the plugin name in plugins.ini (without quotes).
L 05/22/2011 - 19:23:28: [AMXX] Run time error 4 (plugin "biohazard.amxx") - debug not enabled!
L 05/22/2011 - 19:23:28: [AMXX] To enable debug mode, add "debug" after the plugin name in plugins.ini (without quotes).
L 05/22/2011 - 19:26:49: [AMXX] Run time error 4 (plugin "biohazard.amxx") - debug not enabled!
L 05/22/2011 - 19:26:49: [AMXX] To enable debug mode, add "debug" after the plugin name in plugins.ini (without quotes).
L 05/22/2011 - 19:30:31: Start of error session.
L 05/22/2011 - 19:30:31: Info (map "zm_303") (file "addons/amxmodx/logs/error_20110522.log")
L 05/22/2011 - 19:30:31: [AMXX] Run time error 4 (plugin "biohazard.amxx") - debug not enabled!
L 05/22/2011 - 19:30:31: [AMXX] To enable debug mode, add "debug" after the plugin name in plugins.ini (without quotes).
L 05/22/2011 - 19:30:31: [AMXX] Run time error 4 (plugin "biohazard.amxx") - debug not enabled!
L 05/22/2011 - 19:30:31: [AMXX] To enable debug mode, add "debug" after the plugin name in plugins.ini (without quotes).
L 05/22/2011 - 19:36:35: [AMXX] Run time error 4 (plugin "biohazard.amxx") - debug not enabled!
L 05/22/2011 - 19:36:35: [AMXX] To enable debug mode, add "debug" after the plugin name in plugins.ini (without quotes).
L 05/22/2011 - 19:42:19: [AMXX] Run time error 4 (plugin "biohazard.amxx") - debug not enabled!
L 05/22/2011 - 19:42:19: [AMXX] To enable debug mode, add "debug" after the plugin name in plugins.ini (without quotes).
L 05/22/2011 - 19:42:19: [AMXX] Run time error 4 (plugin "biohazard.amxx") - debug not enabled!
L 05/22/2011 - 19:42:19: [AMXX] To enable debug mode, add "debug" after the plugin name in plugins.ini (without quotes).
L 05/22/2011 - 19:51:10: Start of error session.
L 05/22/2011 - 19:51:10: Info (map "zm_desolation_house") (file "addons/amxmodx/logs/error_20110522.log")
L 05/22/2011 - 19:51:10: [AMXX] Run time error 4 (plugin "biohazard.amxx") - debug not enabled!
L 05/22/2011 - 19:51:10: [AMXX] To enable debug mode, add "debug" after the plugin name in plugins.ini (without quotes).
L 05/22/2011 - 19:54:31: [AMXX] Run time error 4 (plugin "biohazard.amxx") - debug not enabled!
L 05/22/2011 - 19:54:31: [AMXX] To enable debug mode, add "debug" after the plugin name in plugins.ini (without quotes).
L 05/22/2011 - 20:03:41: [AMXX] Run time error 4 (plugin "biohazard.amxx") - debug not enabled!
L 05/22/2011 - 20:03:41: [AMXX] To enable debug mode, add "debug" after the plugin name in plugins.ini (without quotes).
L 05/22/2011 - 20:07:02: [AMXX] Run time error 4 (plugin "biohazard.amxx") - debug not enabled!
L 05/22/2011 - 20:07:02: [AMXX] To enable debug mode, add "debug" after the plugin name in plugins.ini (without quotes).
L 05/22/2011 - 20:10:23: [AMXX] Run time error 4 (plugin "biohazard.amxx") - debug not enabled!
L 05/22/2011 - 20:10:23: [AMXX] To enable debug mode, add "debug" after the plugin name in plugins.ini (without quotes).
L 05/22/2011 - 20:16:07: Start of error session.
L 05/22/2011 - 20:16:07: Info (map "zm_dust_base_fin") (file "addons/amxmodx/logs/error_20110522.log")
L 05/22/2011 - 20:16:07: [AMXX] Run time error 4 (plugin "biohazard.amxx") - debug not enabled!
L 05/22/2011 - 20:16:07: [AMXX] To enable debug mode, add "debug" after the plugin name in plugins.ini (without quotes).
L 05/22/2011 - 20:18:33: [AMXX] Run time error 4 (plugin "biohazard.amxx") - debug not enabled!
L 05/22/2011 - 20:18:33: [AMXX] To enable debug mode, add "debug" after the plugin name in plugins.ini (without quotes).
L 05/22/2011 - 20:19:58: [AMXX] Run time error 4 (plugin "biohazard.amxx") - debug not enabled!
L 05/22/2011 - 20:19:58: [AMXX] To enable debug mode, add "debug" after the plugin name in plugins.ini (without quotes).
L 05/22/2011 - 20:29:30: [AMXX] Run time error 4 (plugin "biohazard.amxx") - debug not enabled!
L 05/22/2011 - 20:29:30: [AMXX] To enable debug mode, add "debug" after the plugin name in plugins.ini (without quotes).
L 05/22/2011 - 20:35:48: Start of error session.
L 05/22/2011 - 20:35:48: Info (map "cs_militia") (file "addons/amxmodx/logs/error_20110522.log")
L 05/22/2011 - 20:35:48: [AMXX] Run time error 4 (plugin "biohazard.amxx") - debug not enabled!
L 05/22/2011 - 20:35:48: [AMXX] To enable debug mode, add "debug" after the plugin name in plugins.ini (without quotes).
L 05/22/2011 - 20:35:48: [AMXX] Run time error 4 (plugin "biohazard.amxx") - debug not enabled!
L 05/22/2011 - 20:35:48: [AMXX] To enable debug mode, add "debug" after the plugin name in plugins.ini (without quotes).
L 05/22/2011 - 20:38:36: [AMXX] Run time error 4 (plugin "biohazard.amxx") - debug not enabled!
L 05/22/2011 - 20:38:36: [AMXX] To enable debug mode, add "debug" after the plugin name in plugins.ini (without quotes).
L 05/22/2011 - 20:38:36: [AMXX] Run time error 4 (plugin "biohazard.amxx") - debug not enabled!
L 05/22/2011 - 20:38:36: [AMXX] To enable debug mode, add "debug" after the plugin name in plugins.ini (without quotes).
L 05/22/2011 - 20:38:36: [AMXX] Run time error 4 (plugin "biohazard.amxx") - debug not enabled!
L 05/22/2011 - 20:38:36: [AMXX] To enable debug mode, add "debug" after the plugin name in plugins.ini (without quotes).
L 05/22/2011 - 20:41:57: [AMXX] Run time error 4 (plugin "biohazard.amxx") - debug not enabled!
L 05/22/2011 - 20:41:57: [AMXX] To enable debug mode, add "debug" after the plugin name in plugins.ini (without quotes).
L 05/22/2011 - 20:45:18: [AMXX] Run time error 4 (plugin "biohazard.amxx") - debug not enabled!
L 05/22/2011 - 20:45:18: [AMXX] To enable debug mode, add "debug" after the plugin name in plugins.ini (without quotes).
L 05/22/2011 - 20:48:39: [AMXX] Run time error 4 (plugin "biohazard.amxx") - debug not enabled!
L 05/22/2011 - 20:48:39: [AMXX] To enable debug mode, add "debug" after the plugin name in plugins.ini (without quotes).
L 05/22/2011 - 20:57:48: Start of error session.
L 05/22/2011 - 20:57:48: Info (map "zm_escapetrain") (file "addons/amxmodx/logs/error_20110522.log")
L 05/22/2011 - 20:57:48: [AMXX] Run time error 4 (plugin "biohazard.amxx") - debug not enabled!
L 05/22/2011 - 20:57:48: [AMXX] To enable debug mode, add "debug" after the plugin name in plugins.ini (without quotes).
L 05/22/2011 - 21:00:04: [AMXX] Run time error 4 (plugin "biohazard.amxx") - debug not enabled!
L 05/22/2011 - 21:00:04: [AMXX] To enable debug mode, add "debug" after the plugin name in plugins.ini (without quotes).
L 05/22/2011 - 21:00:04: [AMXX] Run time error 4 (plugin "biohazard.amxx") - debug not enabled!
L 05/22/2011 - 21:00:04: [AMXX] To enable debug mode, add "debug" after the plugin name in plugins.ini (without quotes).
L 05/22/2011 - 21:10:00: [AMXX] Run time error 4 (plugin "biohazard.amxx") - debug not enabled!
L 05/22/2011 - 21:10:00: [AMXX] To enable debug mode, add "debug" after the plugin name in plugins.ini (without quotes).
L 05/22/2011 - 21:14:58: [AMXX] Run time error 4 (plugin "biohazard.amxx") - debug not enabled!
L 05/22/2011 - 21:14:58: [AMXX] To enable debug mode, add "debug" after the plugin name in plugins.ini (without quotes).
L 05/22/2011 - 21:14:58: [AMXX] Run time error 4 (plugin "biohazard.amxx") - debug not enabled!
L 05/22/2011 - 21:14:58: [AMXX] To enable debug mode, add "debug" after the plugin name in plugins.ini (without quotes).
L 05/22/2011 - 21:16:58: [AMXX] Run time error 4 (plugin "biohazard.amxx") - debug not enabled!
L 05/22/2011 - 21:16:58: [AMXX] To enable debug mode, add "debug" after the plugin name in plugins.ini (without quotes).
L 05/22/2011 - 21:16:58: [AMXX] Run time error 4 (plugin "biohazard.amxx") - debug not enabled!
L 05/22/2011 - 21:16:58: [AMXX] To enable debug mode, add "debug" after the plugin name in plugins.ini (without quotes).
L 05/22/2011 - 21:20:34: Start of error session.
L 05/22/2011 - 21:20:34: Info (map "zm_202") (file "addons/amxmodx/logs/error_20110522.log")
L 05/22/2011 - 21:20:34: [AMXX] Run time error 4 (plugin "biohazard.amxx") - debug not enabled!
L 05/22/2011 - 21:20:34: [AMXX] To enable debug mode, add "debug" after the plugin name in plugins.ini (without quotes).
L 05/22/2011 - 21:20:34: [AMXX] Run time error 4 (plugin "biohazard.amxx") - debug not enabled!
L 05/22/2011 - 21:20:34: [AMXX] To enable debug mode, add "debug" after the plugin name in plugins.ini (without quotes).
L 05/22/2011 - 21:20:34: [AMXX] Run time error 4 (plugin "biohazard.amxx") - debug not enabled!
L 05/22/2011 - 21:20:34: [AMXX] To enable debug mode, add "debug" after the plugin name in plugins.ini (without quotes).
L 05/22/2011 - 21:23:46: [AMXX] Run time error 4 (plugin "biohazard.amxx") - debug not enabled!
L 05/22/2011 - 21:23:46: [AMXX] To enable debug mode, add "debug" after the plugin name in plugins.ini (without quotes).
L 05/22/2011 - 21:23:46: [AMXX] Run time error 4 (plugin "biohazard.amxx") - debug not enabled!
L 05/22/2011 - 21:23:46: [AMXX] To enable debug mode, add "debug" after the plugin name in plugins.ini (without quotes).
L 05/22/2011 - 21:23:46: [AMXX] Run time error 4 (plugin "biohazard.amxx") - debug not enabled!
L 05/22/2011 - 21:23:46: [AMXX] To enable debug mode, add "debug" after the plugin name in plugins.ini (without quotes).
L 05/22/2011 - 21:26:37: [AMXX] Run time error 4 (plugin "biohazard.amxx") - debug not enabled!
L 05/22/2011 - 21:26:37: [AMXX] To enable debug mode, add "debug" after the plugin name in plugins.ini (without quotes).
L 05/22/2011 - 21:29:58: [AMXX] Run time error 4 (plugin "biohazard.amxx") - debug not enabled!
L 05/22/2011 - 21:29:58: [AMXX] To enable debug mode, add "debug" after the plugin name in plugins.ini (without quotes).
L 05/22/2011 - 21:29:58: [AMXX] Run time error 4 (plugin "biohazard.amxx") - debug not enabled!
L 05/22/2011 - 21:29:58: [AMXX] To enable debug mode, add "debug" after the plugin name in plugins.ini (without quotes).
L 05/22/2011 - 21:32:56: [AMXX] Run time error 4 (plugin "biohazard.amxx") - debug not enabled!
L 05/22/2011 - 21:32:56: [AMXX] To enable debug mode, add "debug" after the plugin name in plugins.ini (without quotes).
L 05/22/2011 - 21:32:56: [AMXX] Run time error 4 (plugin "biohazard.amxx") - debug not enabled!
L 05/22/2011 - 21:32:56: [AMXX] To enable debug mode, add "debug" after the plugin name in plugins.ini (without quotes).
L 05/22/2011 - 21:42:23: Start of error session.
L 05/22/2011 - 21:42:23: Info (map "zm_simple_b1") (file "addons/amxmodx/logs/error_20110522.log")
L 05/22/2011 - 21:42:23: [AMXX] Run time error 4 (plugin "biohazard.amxx") - debug not enabled!
L 05/22/2011 - 21:42:23: [AMXX] To enable debug mode, add "debug" after the plugin name in plugins.ini (without quotes).
L 05/22/2011 - 22:19:51: Start of error session.
L 05/22/2011 - 22:19:51: Info (map "zm_fdust2x2") (file "addons/amxmodx/logs/error_20110522.log")
L 05/22/2011 - 22:19:51: [AMXX] Run time error 4 (plugin "biohazard.amxx") - debug not enabled!
L 05/22/2011 - 22:19:51: [AMXX] To enable debug mode, add "debug" after the plugin name in plugins.ini (without quotes).
L 05/22/2011 - 22:52:29: Start of error session.
L 05/22/2011 - 22:52:29: Info (map "016_rmk") (file "addons/amxmodx/logs/error_20110522.log")
L 05/22/2011 - 22:52:29: [AMXX] Run time error 4 (plugin "biohazard.amxx") - debug not enabled!
L 05/22/2011 - 22:52:29: [AMXX] To enable debug mode, add "debug" after the plugin name in plugins.ini (without quotes).
L 05/22/2011 - 23:10:32: Start of error session.
L 05/22/2011 - 23:10:32: Info (map "zm_army") (file "addons/amxmodx/logs/error_20110522.log")
L 05/22/2011 - 23:10:32: [AMXX] Run time error 4 (plugin "biohazard.amxx") - debug not enabled!
L 05/22/2011 - 23:10:32: [AMXX] To enable debug mode, add "debug" after the plugin name in plugins.ini (without quotes).
L 05/22/2011 - 23:13:12: [AMXX] Run time error 4 (plugin "biohazard.amxx") - debug not enabled!
L 05/22/2011 - 23:13:12: [AMXX] To enable debug mode, add "debug" after the plugin name in plugins.ini (without quotes).
L 05/22/2011 - 23:15:15: [AMXX] Run time error 4 (plugin "biohazard.amxx") - debug not enabled!
L 05/22/2011 - 23:15:15: [AMXX] To enable debug mode, add "debug" after the plugin name in plugins.ini (without quotes).
L 05/22/2011 - 23:18:36: [AMXX] Run time error 4 (plugin "biohazard.amxx") - debug not enabled!
L 05/22/2011 - 23:18:36: [AMXX] To enable debug mode, add "debug" after the plugin name in plugins.ini (without quotes).
L 05/22/2011 - 23:30:21: Start of error session.
L 05/22/2011 - 23:30:21: Info (map "zm_resedent_lab_2010_v1") (file "addons/amxmodx/logs/error_20110522.log")
L 05/22/2011 - 23:30:21: [AMXX] Run time error 4 (plugin "biohazard.amxx") - debug not enabled!
L 05/22/2011 - 23:30:21: [AMXX] To enable debug mode, add "debug" after the plugin name in plugins.ini (without quotes).
L 05/22/2011 - 23:33:06: [AMXX] Run time error 4 (plugin "biohazard.amxx") - debug not enabled!
L 05/22/2011 - 23:33:06: [AMXX] To enable debug mode, add "debug" after the plugin name in plugins.ini (without quotes).
L 05/22/2011 - 23:37:46: [AMXX] Run time error 4 (plugin "biohazard.amxx") - debug not enabled!
L 05/22/2011 - 23:37:46: [AMXX] To enable debug mode, add "debug" after the plugin name in plugins.ini (without quotes).
L 05/22/2011 - 23:42:58: [AMXX] Run time error 4 (plugin "biohazard.amxx") - debug not enabled!
L 05/22/2011 - 23:42:58: [AMXX] To enable debug mode, add "debug" after the plugin name in plugins.ini (without quotes).
L 05/22/2011 - 23:44:27: [AMXX] Run time error 4 (plugin "biohazard.amxx") - debug not enabled!
L 05/22/2011 - 23:44:27: [AMXX] To enable debug mode, add "debug" after the plugin name in plugins.ini (without quotes).
L 05/22/2011 - 23:47:28: Start of error session.
L 05/22/2011 - 23:47:28: Info (map "zm_dust_base_fin") (file "addons/amxmodx/logs/error_20110522.log")
L 05/22/2011 - 23:47:28: [AMXX] Run time error 4 (plugin "biohazard.amxx") - debug not enabled!
L 05/22/2011 - 23:47:28: [AMXX] To enable debug mode, add "debug" after the plugin name in plugins.ini (without quotes).
L 05/22/2011 - 23:47:28: [AMXX] Run time error 4 (plugin "biohazard.amxx") - debug not enabled!
L 05/22/2011 - 23:47:28: [AMXX] To enable debug mode, add "debug" after the plugin name in plugins.ini (without quotes).
