L 05/26/2011 - 01:23:17: Start of error session.
L 05/26/2011 - 01:23:17: Info (map "zm_303") (file "addons/amxmodx/logs/error_20110526.log")
L 05/26/2011 - 01:23:17: [AMXX] Run time error 4 (plugin "biohazard.amxx") - debug not enabled!
L 05/26/2011 - 01:23:17: [AMXX] To enable debug mode, add "debug" after the plugin name in plugins.ini (without quotes).
L 05/26/2011 - 01:48:09: Start of error session.
L 05/26/2011 - 01:48:09: Info (map "de_westwood") (file "addons/amxmodx/logs/error_20110526.log")
L 05/26/2011 - 01:48:09: [AMXX] Run time error 4 (plugin "biohazard.amxx") - debug not enabled!
L 05/26/2011 - 01:48:09: [AMXX] To enable debug mode, add "debug" after the plugin name in plugins.ini (without quotes).
L 05/26/2011 - 01:59:21: [AMXX] Run time error 4 (plugin "biohazard.amxx") - debug not enabled!
L 05/26/2011 - 01:59:21: [AMXX] To enable debug mode, add "debug" after the plugin name in plugins.ini (without quotes).
L 05/26/2011 - 02:04:12: [AMXX] Run time error 4 (plugin "biohazard.amxx") - debug not enabled!
L 05/26/2011 - 02:04:12: [AMXX] To enable debug mode, add "debug" after the plugin name in plugins.ini (without quotes).
L 05/26/2011 - 02:07:33: [AMXX] Run time error 4 (plugin "biohazard.amxx") - debug not enabled!
L 05/26/2011 - 02:07:33: [AMXX] To enable debug mode, add "debug" after the plugin name in plugins.ini (without quotes).
L 05/26/2011 - 02:10:26: [AMXX] Run time error 4 (plugin "biohazard.amxx") - debug not enabled!
L 05/26/2011 - 02:10:26: [AMXX] To enable debug mode, add "debug" after the plugin name in plugins.ini (without quotes).
L 05/26/2011 - 02:33:07: Start of error session.
L 05/26/2011 - 02:33:07: Info (map "zm_desolation_house") (file "addons/amxmodx/logs/error_20110526.log")
L 05/26/2011 - 02:33:07: [AMXX] Run time error 4 (plugin "biohazard.amxx") - debug not enabled!
L 05/26/2011 - 02:33:07: [AMXX] To enable debug mode, add "debug" after the plugin name in plugins.ini (without quotes).
L 05/26/2011 - 02:43:34: Start of error session.
L 05/26/2011 - 02:43:34: Info (map "016_rmk") (file "addons/amxmodx/logs/error_20110526.log")
L 05/26/2011 - 02:43:34: [AMXX] Run time error 4 (plugin "biohazard.amxx") - debug not enabled!
L 05/26/2011 - 02:43:34: [AMXX] To enable debug mode, add "debug" after the plugin name in plugins.ini (without quotes).
L 05/26/2011 - 03:04:51: Start of error session.
L 05/26/2011 - 03:04:51: Info (map "cs_militia") (file "addons/amxmodx/logs/error_20110526.log")
L 05/26/2011 - 03:04:51: [AMXX] Run time error 4 (plugin "biohazard.amxx") - debug not enabled!
L 05/26/2011 - 03:04:51: [AMXX] To enable debug mode, add "debug" after the plugin name in plugins.ini (without quotes).
L 05/26/2011 - 04:03:28: Start of error session.
L 05/26/2011 - 04:03:28: Info (map "zm_neris") (file "addons/amxmodx/logs/error_20110526.log")
L 05/26/2011 - 04:03:28: [AMXX] Run time error 4 (plugin "biohazard.amxx") - debug not enabled!
L 05/26/2011 - 04:03:28: [AMXX] To enable debug mode, add "debug" after the plugin name in plugins.ini (without quotes).
L 05/26/2011 - 04:05:08: [AMXX] Run time error 4 (plugin "biohazard.amxx") - debug not enabled!
L 05/26/2011 - 04:05:08: [AMXX] To enable debug mode, add "debug" after the plugin name in plugins.ini (without quotes).
L 05/26/2011 - 04:09:08: [AMXX] Run time error 4 (plugin "biohazard.amxx") - debug not enabled!
L 05/26/2011 - 04:09:08: [AMXX] To enable debug mode, add "debug" after the plugin name in plugins.ini (without quotes).
L 05/26/2011 - 04:26:43: Start of error session.
L 05/26/2011 - 04:26:43: Info (map "awp_city") (file "addons/amxmodx/logs/error_20110526.log")
L 05/26/2011 - 04:26:43: [AMXX] Run time error 4 (plugin "biohazard.amxx") - debug not enabled!
L 05/26/2011 - 04:26:43: [AMXX] To enable debug mode, add "debug" after the plugin name in plugins.ini (without quotes).
L 05/26/2011 - 04:30:04: [AMXX] Run time error 4 (plugin "biohazard.amxx") - debug not enabled!
L 05/26/2011 - 04:30:04: [AMXX] To enable debug mode, add "debug" after the plugin name in plugins.ini (without quotes).
L 05/26/2011 - 04:33:25: [AMXX] Run time error 4 (plugin "biohazard.amxx") - debug not enabled!
L 05/26/2011 - 04:33:25: [AMXX] To enable debug mode, add "debug" after the plugin name in plugins.ini (without quotes).
L 05/26/2011 - 04:33:25: [AMXX] Run time error 4 (plugin "biohazard.amxx") - debug not enabled!
L 05/26/2011 - 04:33:25: [AMXX] To enable debug mode, add "debug" after the plugin name in plugins.ini (without quotes).
L 05/26/2011 - 04:36:18: [AMXX] Run time error 4 (plugin "biohazard.amxx") - debug not enabled!
L 05/26/2011 - 04:36:18: [AMXX] To enable debug mode, add "debug" after the plugin name in plugins.ini (without quotes).
L 05/26/2011 - 04:39:39: [AMXX] Run time error 4 (plugin "biohazard.amxx") - debug not enabled!
L 05/26/2011 - 04:39:39: [AMXX] To enable debug mode, add "debug" after the plugin name in plugins.ini (without quotes).
L 05/26/2011 - 04:56:12: Start of error session.
L 05/26/2011 - 04:56:12: Info (map "zm_army") (file "addons/amxmodx/logs/error_20110526.log")
L 05/26/2011 - 04:56:12: [AMXX] Run time error 4 (plugin "biohazard.amxx") - debug not enabled!
L 05/26/2011 - 04:56:12: [AMXX] To enable debug mode, add "debug" after the plugin name in plugins.ini (without quotes).
L 05/26/2011 - 04:59:33: [AMXX] Run time error 4 (plugin "biohazard.amxx") - debug not enabled!
L 05/26/2011 - 04:59:33: [AMXX] To enable debug mode, add "debug" after the plugin name in plugins.ini (without quotes).
L 05/26/2011 - 05:03:36: [AMXX] Run time error 4 (plugin "biohazard.amxx") - debug not enabled!
L 05/26/2011 - 05:03:36: [AMXX] To enable debug mode, add "debug" after the plugin name in plugins.ini (without quotes).
L 05/26/2011 - 05:13:47: Start of error session.
L 05/26/2011 - 05:13:47: Info (map "zm_houses") (file "addons/amxmodx/logs/error_20110526.log")
L 05/26/2011 - 05:13:47: [AMXX] Run time error 4 (plugin "biohazard.amxx") - debug not enabled!
L 05/26/2011 - 05:13:47: [AMXX] To enable debug mode, add "debug" after the plugin name in plugins.ini (without quotes).
L 05/26/2011 - 05:24:03: [AMXX] Run time error 4 (plugin "biohazard.amxx") - debug not enabled!
L 05/26/2011 - 05:24:03: [AMXX] To enable debug mode, add "debug" after the plugin name in plugins.ini (without quotes).
L 05/26/2011 - 05:26:38: [AMXX] Run time error 4 (plugin "biohazard.amxx") - debug not enabled!
L 05/26/2011 - 05:26:38: [AMXX] To enable debug mode, add "debug" after the plugin name in plugins.ini (without quotes).
L 05/26/2011 - 05:29:09: [AMXX] Run time error 4 (plugin "biohazard.amxx") - debug not enabled!
L 05/26/2011 - 05:29:09: [AMXX] To enable debug mode, add "debug" after the plugin name in plugins.ini (without quotes).
L 05/26/2011 - 06:48:51: Start of error session.
L 05/26/2011 - 06:48:51: Info (map "cs_estate") (file "addons/amxmodx/logs/error_20110526.log")
L 05/26/2011 - 06:48:51: [AMXX] Run time error 4 (plugin "biohazard.amxx") - debug not enabled!
L 05/26/2011 - 06:48:51: [AMXX] To enable debug mode, add "debug" after the plugin name in plugins.ini (without quotes).
L 05/26/2011 - 07:34:00: Start of error session.
L 05/26/2011 - 07:34:00: Info (map "cs_estate") (file "addons/amxmodx/logs/error_20110526.log")
L 05/26/2011 - 07:34:00: [AMXX] Run time error 4 (plugin "biohazard.amxx") - debug not enabled!
L 05/26/2011 - 07:34:00: [AMXX] To enable debug mode, add "debug" after the plugin name in plugins.ini (without quotes).
L 05/26/2011 - 07:36:26: [AMXX] Run time error 4 (plugin "biohazard.amxx") - debug not enabled!
L 05/26/2011 - 07:36:26: [AMXX] To enable debug mode, add "debug" after the plugin name in plugins.ini (without quotes).
L 05/26/2011 - 08:55:39: Start of error session.
L 05/26/2011 - 08:55:39: Info (map "awp_city") (file "addons/amxmodx/logs/error_20110526.log")
L 05/26/2011 - 08:55:39: [AMXX] Run time error 4 (plugin "biohazard.amxx") - debug not enabled!
L 05/26/2011 - 08:55:39: [AMXX] To enable debug mode, add "debug" after the plugin name in plugins.ini (without quotes).
L 05/26/2011 - 10:13:36: Start of error session.
L 05/26/2011 - 10:13:36: Info (map "zm_303") (file "addons/amxmodx/logs/error_20110526.log")
L 05/26/2011 - 10:13:36: [AMXX] Run time error 4 (plugin "biohazard.amxx") - debug not enabled!
L 05/26/2011 - 10:13:36: [AMXX] To enable debug mode, add "debug" after the plugin name in plugins.ini (without quotes).
L 05/26/2011 - 10:14:41: [AMXX] Run time error 4 (plugin "biohazard.amxx") - debug not enabled!
L 05/26/2011 - 10:14:41: [AMXX] To enable debug mode, add "debug" after the plugin name in plugins.ini (without quotes).
L 05/26/2011 - 10:41:00: Start of error session.
L 05/26/2011 - 10:41:00: Info (map "zm_dust_base_fin") (file "addons/amxmodx/logs/error_20110526.log")
L 05/26/2011 - 10:41:00: [AMXX] Run time error 4 (plugin "biohazard.amxx") - debug not enabled!
L 05/26/2011 - 10:41:00: [AMXX] To enable debug mode, add "debug" after the plugin name in plugins.ini (without quotes).
L 05/26/2011 - 11:05:47: Start of error session.
L 05/26/2011 - 11:05:47: Info (map "cs_estate") (file "addons/amxmodx/logs/error_20110526.log")
L 05/26/2011 - 11:05:47: [AMXX] Run time error 4 (plugin "biohazard.amxx") - debug not enabled!
L 05/26/2011 - 11:05:47: [AMXX] To enable debug mode, add "debug" after the plugin name in plugins.ini (without quotes).
L 05/26/2011 - 11:14:15: [AMXX] Run time error 4 (plugin "biohazard.amxx") - debug not enabled!
L 05/26/2011 - 11:14:15: [AMXX] To enable debug mode, add "debug" after the plugin name in plugins.ini (without quotes).
L 05/26/2011 - 11:14:48: [AMXX] Run time error 4 (plugin "biohazard.amxx") - debug not enabled!
L 05/26/2011 - 11:14:48: [AMXX] To enable debug mode, add "debug" after the plugin name in plugins.ini (without quotes).
L 05/26/2011 - 11:19:38: [AMXX] Run time error 4 (plugin "biohazard.amxx") - debug not enabled!
L 05/26/2011 - 11:19:38: [AMXX] To enable debug mode, add "debug" after the plugin name in plugins.ini (without quotes).
L 05/26/2011 - 11:23:28: Start of error session.
L 05/26/2011 - 11:23:28: Info (map "cs_militia") (file "addons/amxmodx/logs/error_20110526.log")
L 05/26/2011 - 11:23:28: [AMXX] Run time error 4 (plugin "biohazard.amxx") - debug not enabled!
L 05/26/2011 - 11:23:28: [AMXX] To enable debug mode, add "debug" after the plugin name in plugins.ini (without quotes).
L 05/26/2011 - 11:26:49: [AMXX] Run time error 4 (plugin "biohazard.amxx") - debug not enabled!
L 05/26/2011 - 11:26:49: [AMXX] To enable debug mode, add "debug" after the plugin name in plugins.ini (without quotes).
L 05/26/2011 - 11:30:10: [AMXX] Run time error 4 (plugin "biohazard.amxx") - debug not enabled!
L 05/26/2011 - 11:30:10: [AMXX] To enable debug mode, add "debug" after the plugin name in plugins.ini (without quotes).
L 05/26/2011 - 11:33:27: [AMXX] Run time error 4 (plugin "biohazard.amxx") - debug not enabled!
L 05/26/2011 - 11:33:27: [AMXX] To enable debug mode, add "debug" after the plugin name in plugins.ini (without quotes).
L 05/26/2011 - 11:38:06: [AMXX] Run time error 4 (plugin "biohazard.amxx") - debug not enabled!
L 05/26/2011 - 11:38:06: [AMXX] To enable debug mode, add "debug" after the plugin name in plugins.ini (without quotes).
L 05/26/2011 - 11:42:00: [AMXX] Run time error 4 (plugin "biohazard.amxx") - debug not enabled!
L 05/26/2011 - 11:42:00: [AMXX] To enable debug mode, add "debug" after the plugin name in plugins.ini (without quotes).
L 05/26/2011 - 11:43:31: Start of error session.
L 05/26/2011 - 11:43:31: Info (map "zm_202") (file "addons/amxmodx/logs/error_20110526.log")
L 05/26/2011 - 11:43:31: [AMXX] Run time error 4 (plugin "biohazard.amxx") - debug not enabled!
L 05/26/2011 - 11:43:31: [AMXX] To enable debug mode, add "debug" after the plugin name in plugins.ini (without quotes).
L 05/26/2011 - 11:45:50: [AMXX] Run time error 4 (plugin "biohazard.amxx") - debug not enabled!
L 05/26/2011 - 11:45:50: [AMXX] To enable debug mode, add "debug" after the plugin name in plugins.ini (without quotes).
L 05/26/2011 - 11:49:11: [AMXX] Run time error 4 (plugin "biohazard.amxx") - debug not enabled!
L 05/26/2011 - 11:49:11: [AMXX] To enable debug mode, add "debug" after the plugin name in plugins.ini (without quotes).
L 05/26/2011 - 12:04:57: Start of error session.
L 05/26/2011 - 12:04:57: Info (map "zm_escapetrain") (file "addons/amxmodx/logs/error_20110526.log")
L 05/26/2011 - 12:04:57: [AMXX] Run time error 4 (plugin "biohazard.amxx") - debug not enabled!
L 05/26/2011 - 12:04:57: [AMXX] To enable debug mode, add "debug" after the plugin name in plugins.ini (without quotes).
L 05/26/2011 - 12:17:50: Start of error session.
L 05/26/2011 - 12:17:50: Info (map "zm_fdust2x2") (file "addons/amxmodx/logs/error_20110526.log")
L 05/26/2011 - 12:17:50: [AMXX] Run time error 4 (plugin "biohazard.amxx") - debug not enabled!
L 05/26/2011 - 12:17:50: [AMXX] To enable debug mode, add "debug" after the plugin name in plugins.ini (without quotes).
L 05/26/2011 - 12:27:53: [AMXX] Run time error 4 (plugin "biohazard.amxx") - debug not enabled!
L 05/26/2011 - 12:27:53: [AMXX] To enable debug mode, add "debug" after the plugin name in plugins.ini (without quotes).
L 05/26/2011 - 12:30:57: [AMXX] Run time error 4 (plugin "biohazard.amxx") - debug not enabled!
L 05/26/2011 - 12:30:57: [AMXX] To enable debug mode, add "debug" after the plugin name in plugins.ini (without quotes).
L 05/26/2011 - 12:33:54: [AMXX] Run time error 4 (plugin "biohazard.amxx") - debug not enabled!
L 05/26/2011 - 12:33:54: [AMXX] To enable debug mode, add "debug" after the plugin name in plugins.ini (without quotes).
L 05/26/2011 - 12:36:20: Start of error session.
L 05/26/2011 - 12:36:20: Info (map "zm_neris") (file "addons/amxmodx/logs/error_20110526.log")
L 05/26/2011 - 12:36:20: [AMXX] Run time error 4 (plugin "biohazard.amxx") - debug not enabled!
L 05/26/2011 - 12:36:20: [AMXX] To enable debug mode, add "debug" after the plugin name in plugins.ini (without quotes).
L 05/26/2011 - 12:39:41: [AMXX] Run time error 4 (plugin "biohazard.amxx") - debug not enabled!
L 05/26/2011 - 12:39:41: [AMXX] To enable debug mode, add "debug" after the plugin name in plugins.ini (without quotes).
L 05/26/2011 - 12:42:12: [AMXX] Run time error 4 (plugin "biohazard.amxx") - debug not enabled!
L 05/26/2011 - 12:42:12: [AMXX] To enable debug mode, add "debug" after the plugin name in plugins.ini (without quotes).
L 05/26/2011 - 12:45:34: [AMXX] Run time error 4 (plugin "biohazard.amxx") - debug not enabled!
L 05/26/2011 - 12:45:34: [AMXX] To enable debug mode, add "debug" after the plugin name in plugins.ini (without quotes).
L 05/26/2011 - 12:50:58: [AMXX] Run time error 4 (plugin "biohazard.amxx") - debug not enabled!
L 05/26/2011 - 12:50:58: [AMXX] To enable debug mode, add "debug" after the plugin name in plugins.ini (without quotes).
L 05/26/2011 - 12:50:58: [AMXX] Run time error 4 (plugin "biohazard.amxx") - debug not enabled!
L 05/26/2011 - 12:50:58: [AMXX] To enable debug mode, add "debug" after the plugin name in plugins.ini (without quotes).
L 05/26/2011 - 12:54:03: [AMXX] Run time error 4 (plugin "biohazard.amxx") - debug not enabled!
L 05/26/2011 - 12:54:03: [AMXX] To enable debug mode, add "debug" after the plugin name in plugins.ini (without quotes).
L 05/26/2011 - 12:54:03: [AMXX] Run time error 4 (plugin "biohazard.amxx") - debug not enabled!
L 05/26/2011 - 12:54:03: [AMXX] To enable debug mode, add "debug" after the plugin name in plugins.ini (without quotes).
L 05/26/2011 - 12:56:07: Start of error session.
L 05/26/2011 - 12:56:07: Info (map "zm_dust_base_fin") (file "addons/amxmodx/logs/error_20110526.log")
L 05/26/2011 - 12:56:07: [AMXX] Run time error 4 (plugin "biohazard.amxx") - debug not enabled!
L 05/26/2011 - 12:56:07: [AMXX] To enable debug mode, add "debug" after the plugin name in plugins.ini (without quotes).
L 05/26/2011 - 12:56:07: [AMXX] Run time error 4 (plugin "biohazard.amxx") - debug not enabled!
L 05/26/2011 - 12:56:07: [AMXX] To enable debug mode, add "debug" after the plugin name in plugins.ini (without quotes).
L 05/26/2011 - 12:56:07: [AMXX] Run time error 4 (plugin "biohazard.amxx") - debug not enabled!
L 05/26/2011 - 12:56:07: [AMXX] To enable debug mode, add "debug" after the plugin name in plugins.ini (without quotes).
L 05/26/2011 - 12:57:35: [AMXX] Run time error 4 (plugin "biohazard.amxx") - debug not enabled!
L 05/26/2011 - 12:57:35: [AMXX] To enable debug mode, add "debug" after the plugin name in plugins.ini (without quotes).
L 05/26/2011 - 12:57:35: [AMXX] Run time error 4 (plugin "biohazard.amxx") - debug not enabled!
L 05/26/2011 - 12:57:35: [AMXX] To enable debug mode, add "debug" after the plugin name in plugins.ini (without quotes).
L 05/26/2011 - 12:57:35: [AMXX] Run time error 4 (plugin "biohazard.amxx") - debug not enabled!
L 05/26/2011 - 12:57:35: [AMXX] To enable debug mode, add "debug" after the plugin name in plugins.ini (without quotes).
L 05/26/2011 - 12:59:31: [AMXX] Run time error 4 (plugin "biohazard.amxx") - debug not enabled!
L 05/26/2011 - 12:59:31: [AMXX] To enable debug mode, add "debug" after the plugin name in plugins.ini (without quotes).
L 05/26/2011 - 12:59:31: [AMXX] Run time error 4 (plugin "biohazard.amxx") - debug not enabled!
L 05/26/2011 - 12:59:31: [AMXX] To enable debug mode, add "debug" after the plugin name in plugins.ini (without quotes).
L 05/26/2011 - 12:59:31: [AMXX] Run time error 4 (plugin "biohazard.amxx") - debug not enabled!
L 05/26/2011 - 12:59:31: [AMXX] To enable debug mode, add "debug" after the plugin name in plugins.ini (without quotes).
L 05/26/2011 - 13:02:11: [AMXX] Run time error 4 (plugin "biohazard.amxx") - debug not enabled!
L 05/26/2011 - 13:02:11: [AMXX] To enable debug mode, add "debug" after the plugin name in plugins.ini (without quotes).
L 05/26/2011 - 13:02:49: [AMXX] Run time error 4 (plugin "biohazard.amxx") - debug not enabled!
L 05/26/2011 - 13:02:49: [AMXX] To enable debug mode, add "debug" after the plugin name in plugins.ini (without quotes).
L 05/26/2011 - 13:05:47: [AMXX] Run time error 4 (plugin "biohazard.amxx") - debug not enabled!
L 05/26/2011 - 13:05:47: [AMXX] To enable debug mode, add "debug" after the plugin name in plugins.ini (without quotes).
L 05/26/2011 - 13:05:47: [AMXX] Run time error 4 (plugin "biohazard.amxx") - debug not enabled!
L 05/26/2011 - 13:05:47: [AMXX] To enable debug mode, add "debug" after the plugin name in plugins.ini (without quotes).
L 05/26/2011 - 13:07:58: [AMXX] Run time error 4 (plugin "biohazard.amxx") - debug not enabled!
L 05/26/2011 - 13:07:58: [AMXX] To enable debug mode, add "debug" after the plugin name in plugins.ini (without quotes).
L 05/26/2011 - 13:10:08: [AMXX] Run time error 4 (plugin "biohazard.amxx") - debug not enabled!
L 05/26/2011 - 13:10:08: [AMXX] To enable debug mode, add "debug" after the plugin name in plugins.ini (without quotes).
L 05/26/2011 - 13:10:08: [AMXX] Run time error 4 (plugin "biohazard.amxx") - debug not enabled!
L 05/26/2011 - 13:10:08: [AMXX] To enable debug mode, add "debug" after the plugin name in plugins.ini (without quotes).
L 05/26/2011 - 13:15:45: [AMXX] Run time error 4 (plugin "biohazard.amxx") - debug not enabled!
L 05/26/2011 - 13:15:45: [AMXX] To enable debug mode, add "debug" after the plugin name in plugins.ini (without quotes).
L 05/26/2011 - 13:19:27: Start of error session.
L 05/26/2011 - 13:19:27: Info (map "016_rmk") (file "addons/amxmodx/logs/error_20110526.log")
L 05/26/2011 - 13:19:27: [AMXX] Run time error 4 (plugin "biohazard.amxx") - debug not enabled!
L 05/26/2011 - 13:19:27: [AMXX] To enable debug mode, add "debug" after the plugin name in plugins.ini (without quotes).
L 05/26/2011 - 13:41:37: Start of error session.
L 05/26/2011 - 13:41:37: Info (map "de_dust") (file "addons/amxmodx/logs/error_20110526.log")
L 05/26/2011 - 13:41:37: [AMXX] Run time error 4 (plugin "biohazard.amxx") - debug not enabled!
L 05/26/2011 - 13:41:37: [AMXX] To enable debug mode, add "debug" after the plugin name in plugins.ini (without quotes).
L 05/26/2011 - 13:41:37: [AMXX] Run time error 4 (plugin "biohazard.amxx") - debug not enabled!
L 05/26/2011 - 13:41:37: [AMXX] To enable debug mode, add "debug" after the plugin name in plugins.ini (without quotes).
L 05/26/2011 - 13:41:37: [AMXX] Run time error 4 (plugin "biohazard.amxx") - debug not enabled!
L 05/26/2011 - 13:41:37: [AMXX] To enable debug mode, add "debug" after the plugin name in plugins.ini (without quotes).
L 05/26/2011 - 13:44:58: [AMXX] Run time error 4 (plugin "biohazard.amxx") - debug not enabled!
L 05/26/2011 - 13:44:58: [AMXX] To enable debug mode, add "debug" after the plugin name in plugins.ini (without quotes).
L 05/26/2011 - 13:48:09: [AMXX] Run time error 4 (plugin "biohazard.amxx") - debug not enabled!
L 05/26/2011 - 13:48:09: [AMXX] To enable debug mode, add "debug" after the plugin name in plugins.ini (without quotes).
L 05/26/2011 - 13:48:09: [AMXX] Run time error 4 (plugin "biohazard.amxx") - debug not enabled!
L 05/26/2011 - 13:48:09: [AMXX] To enable debug mode, add "debug" after the plugin name in plugins.ini (without quotes).
L 05/26/2011 - 13:53:59: [AMXX] Run time error 4 (plugin "biohazard.amxx") - debug not enabled!
L 05/26/2011 - 13:53:59: [AMXX] To enable debug mode, add "debug" after the plugin name in plugins.ini (without quotes).
L 05/26/2011 - 13:57:20: [AMXX] Run time error 4 (plugin "biohazard.amxx") - debug not enabled!
L 05/26/2011 - 13:57:20: [AMXX] To enable debug mode, add "debug" after the plugin name in plugins.ini (without quotes).
L 05/26/2011 - 13:58:24: [AMXX] Run time error 4 (plugin "biohazard.amxx") - debug not enabled!
L 05/26/2011 - 13:58:24: [AMXX] To enable debug mode, add "debug" after the plugin name in plugins.ini (without quotes).
L 05/26/2011 - 14:02:09: Start of error session.
L 05/26/2011 - 14:02:09: Info (map "zm_303") (file "addons/amxmodx/logs/error_20110526.log")
L 05/26/2011 - 14:02:09: [AMXX] Run time error 4 (plugin "biohazard.amxx") - debug not enabled!
L 05/26/2011 - 14:02:09: [AMXX] To enable debug mode, add "debug" after the plugin name in plugins.ini (without quotes).
L 05/26/2011 - 14:02:09: [AMXX] Run time error 4 (plugin "biohazard.amxx") - debug not enabled!
L 05/26/2011 - 14:02:09: [AMXX] To enable debug mode, add "debug" after the plugin name in plugins.ini (without quotes).
L 05/26/2011 - 14:03:06: [AMXX] Run time error 4 (plugin "biohazard.amxx") - debug not enabled!
L 05/26/2011 - 14:03:06: [AMXX] To enable debug mode, add "debug" after the plugin name in plugins.ini (without quotes).
L 05/26/2011 - 14:06:27: [AMXX] Run time error 4 (plugin "biohazard.amxx") - debug not enabled!
L 05/26/2011 - 14:06:27: [AMXX] To enable debug mode, add "debug" after the plugin name in plugins.ini (without quotes).
L 05/26/2011 - 14:06:27: [AMXX] Run time error 4 (plugin "biohazard.amxx") - debug not enabled!
L 05/26/2011 - 14:06:27: [AMXX] To enable debug mode, add "debug" after the plugin name in plugins.ini (without quotes).
L 05/26/2011 - 14:06:27: [AMXX] Run time error 4 (plugin "biohazard.amxx") - debug not enabled!
L 05/26/2011 - 14:06:27: [AMXX] To enable debug mode, add "debug" after the plugin name in plugins.ini (without quotes).
L 05/26/2011 - 14:09:48: [AMXX] Run time error 4 (plugin "biohazard.amxx") - debug not enabled!
L 05/26/2011 - 14:09:48: [AMXX] To enable debug mode, add "debug" after the plugin name in plugins.ini (without quotes).
L 05/26/2011 - 14:09:48: [AMXX] Run time error 4 (plugin "biohazard.amxx") - debug not enabled!
L 05/26/2011 - 14:09:48: [AMXX] To enable debug mode, add "debug" after the plugin name in plugins.ini (without quotes).
L 05/26/2011 - 14:09:48: [AMXX] Run time error 4 (plugin "biohazard.amxx") - debug not enabled!
L 05/26/2011 - 14:09:48: [AMXX] To enable debug mode, add "debug" after the plugin name in plugins.ini (without quotes).
L 05/26/2011 - 14:13:09: [AMXX] Run time error 4 (plugin "biohazard.amxx") - debug not enabled!
L 05/26/2011 - 14:13:09: [AMXX] To enable debug mode, add "debug" after the plugin name in plugins.ini (without quotes).
L 05/26/2011 - 14:13:09: [AMXX] Run time error 4 (plugin "biohazard.amxx") - debug not enabled!
L 05/26/2011 - 14:13:09: [AMXX] To enable debug mode, add "debug" after the plugin name in plugins.ini (without quotes).
L 05/26/2011 - 14:13:09: [AMXX] Run time error 4 (plugin "biohazard.amxx") - debug not enabled!
L 05/26/2011 - 14:13:09: [AMXX] To enable debug mode, add "debug" after the plugin name in plugins.ini (without quotes).
L 05/26/2011 - 14:16:30: [AMXX] Run time error 4 (plugin "biohazard.amxx") - debug not enabled!
L 05/26/2011 - 14:16:30: [AMXX] To enable debug mode, add "debug" after the plugin name in plugins.ini (without quotes).
L 05/26/2011 - 14:16:30: [AMXX] Run time error 4 (plugin "biohazard.amxx") - debug not enabled!
L 05/26/2011 - 14:16:30: [AMXX] To enable debug mode, add "debug" after the plugin name in plugins.ini (without quotes).
L 05/26/2011 - 14:19:51: [AMXX] Run time error 4 (plugin "biohazard.amxx") - debug not enabled!
L 05/26/2011 - 14:19:51: [AMXX] To enable debug mode, add "debug" after the plugin name in plugins.ini (without quotes).
L 05/26/2011 - 14:19:51: [AMXX] Run time error 4 (plugin "biohazard.amxx") - debug not enabled!
L 05/26/2011 - 14:19:51: [AMXX] To enable debug mode, add "debug" after the plugin name in plugins.ini (without quotes).
L 05/26/2011 - 14:25:11: Start of error session.
L 05/26/2011 - 14:25:11: Info (map "cs_militia") (file "addons/amxmodx/logs/error_20110526.log")
L 05/26/2011 - 14:25:11: [AMXX] Run time error 4 (plugin "biohazard.amxx") - debug not enabled!
L 05/26/2011 - 14:25:11: [AMXX] To enable debug mode, add "debug" after the plugin name in plugins.ini (without quotes).
L 05/26/2011 - 14:30:23: [AMXX] Run time error 4 (plugin "biohazard.amxx") - debug not enabled!
L 05/26/2011 - 14:30:23: [AMXX] To enable debug mode, add "debug" after the plugin name in plugins.ini (without quotes).
L 05/26/2011 - 14:40:36: [AMXX] Run time error 4 (plugin "biohazard.amxx") - debug not enabled!
L 05/26/2011 - 14:40:36: [AMXX] To enable debug mode, add "debug" after the plugin name in plugins.ini (without quotes).
L 05/26/2011 - 14:51:12: Start of error session.
L 05/26/2011 - 14:51:12: Info (map "awp_city") (file "addons/amxmodx/logs/error_20110526.log")
L 05/26/2011 - 14:51:12: [AMXX] Run time error 4 (plugin "biohazard.amxx") - debug not enabled!
L 05/26/2011 - 14:51:12: [AMXX] To enable debug mode, add "debug" after the plugin name in plugins.ini (without quotes).
L 05/26/2011 - 15:17:27: Start of error session.
L 05/26/2011 - 15:17:27: Info (map "zm_army") (file "addons/amxmodx/logs/error_20110526.log")
L 05/26/2011 - 15:17:27: [AMXX] Run time error 4 (plugin "biohazard.amxx") - debug not enabled!
L 05/26/2011 - 15:17:27: [AMXX] To enable debug mode, add "debug" after the plugin name in plugins.ini (without quotes).
L 05/26/2011 - 15:26:57: Start of error session.
L 05/26/2011 - 15:26:57: Info (map "zm_fdust2x2") (file "addons/amxmodx/logs/error_20110526.log")
L 05/26/2011 - 15:26:57: [AMXX] Run time error 4 (plugin "biohazard.amxx") - debug not enabled!
L 05/26/2011 - 15:26:57: [AMXX] To enable debug mode, add "debug" after the plugin name in plugins.ini (without quotes).
L 05/26/2011 - 15:32:56: [AMXX] Run time error 4 (plugin "biohazard.amxx") - debug not enabled!
L 05/26/2011 - 15:32:56: [AMXX] To enable debug mode, add "debug" after the plugin name in plugins.ini (without quotes).
L 05/26/2011 - 15:32:56: [AMXX] Run time error 4 (plugin "biohazard.amxx") - debug not enabled!
L 05/26/2011 - 15:32:56: [AMXX] To enable debug mode, add "debug" after the plugin name in plugins.ini (without quotes).
L 05/26/2011 - 15:39:38: [AMXX] Run time error 4 (plugin "biohazard.amxx") - debug not enabled!
L 05/26/2011 - 15:39:38: [AMXX] To enable debug mode, add "debug" after the plugin name in plugins.ini (without quotes).
L 05/26/2011 - 15:39:38: [AMXX] Run time error 4 (plugin "biohazard.amxx") - debug not enabled!
L 05/26/2011 - 15:39:38: [AMXX] To enable debug mode, add "debug" after the plugin name in plugins.ini (without quotes).
L 05/26/2011 - 15:46:20: [AMXX] Run time error 4 (plugin "biohazard.amxx") - debug not enabled!
L 05/26/2011 - 15:46:20: [AMXX] To enable debug mode, add "debug" after the plugin name in plugins.ini (without quotes).
L 05/26/2011 - 15:52:32: Start of error session.
L 05/26/2011 - 15:52:32: Info (map "ze_jurassickpark3_lg") (file "addons/amxmodx/logs/error_20110526.log")
L 05/26/2011 - 15:52:32: [AMXX] Run time error 4 (plugin "biohazard.amxx") - debug not enabled!
L 05/26/2011 - 15:52:32: [AMXX] To enable debug mode, add "debug" after the plugin name in plugins.ini (without quotes).
L 05/26/2011 - 15:55:00: [AMXX] Run time error 4 (plugin "biohazard.amxx") - debug not enabled!
L 05/26/2011 - 15:55:00: [AMXX] To enable debug mode, add "debug" after the plugin name in plugins.ini (without quotes).
L 05/26/2011 - 16:33:05: Start of error session.
L 05/26/2011 - 16:33:05: Info (map "zm_simple_b1") (file "addons/amxmodx/logs/error_20110526.log")
L 05/26/2011 - 16:33:05: [AMXX] Run time error 4 (plugin "biohazard.amxx") - debug not enabled!
L 05/26/2011 - 16:33:05: [AMXX] To enable debug mode, add "debug" after the plugin name in plugins.ini (without quotes).
L 05/26/2011 - 16:40:28: [AMXX] Run time error 4 (plugin "biohazard.amxx") - debug not enabled!
L 05/26/2011 - 16:40:28: [AMXX] To enable debug mode, add "debug" after the plugin name in plugins.ini (without quotes).
L 05/26/2011 - 16:55:29: Start of error session.
L 05/26/2011 - 16:55:29: Info (map "zm_desolation_house") (file "addons/amxmodx/logs/error_20110526.log")
L 05/26/2011 - 16:55:29: [AMXX] Run time error 4 (plugin "biohazard.amxx") - debug not enabled!
L 05/26/2011 - 16:55:29: [AMXX] To enable debug mode, add "debug" after the plugin name in plugins.ini (without quotes).
L 05/26/2011 - 16:59:39: [AMXX] Run time error 4 (plugin "biohazard.amxx") - debug not enabled!
L 05/26/2011 - 16:59:39: [AMXX] To enable debug mode, add "debug" after the plugin name in plugins.ini (without quotes).
L 05/26/2011 - 17:08:56: [AMXX] Run time error 4 (plugin "biohazard.amxx") - debug not enabled!
L 05/26/2011 - 17:08:56: [AMXX] To enable debug mode, add "debug" after the plugin name in plugins.ini (without quotes).
L 05/26/2011 - 17:15:21: Start of error session.
L 05/26/2011 - 17:15:21: Info (map "016_rmk") (file "addons/amxmodx/logs/error_20110526.log")
L 05/26/2011 - 17:15:21: [AMXX] Run time error 4 (plugin "biohazard.amxx") - debug not enabled!
L 05/26/2011 - 17:15:21: [AMXX] To enable debug mode, add "debug" after the plugin name in plugins.ini (without quotes).
L 05/26/2011 - 17:41:05: Start of error session.
L 05/26/2011 - 17:41:05: Info (map "de_westwood") (file "addons/amxmodx/logs/error_20110526.log")
L 05/26/2011 - 17:41:05: [AMXX] Run time error 4 (plugin "biohazard.amxx") - debug not enabled!
L 05/26/2011 - 17:41:05: [AMXX] To enable debug mode, add "debug" after the plugin name in plugins.ini (without quotes).
L 05/26/2011 - 17:42:10: [AMXX] Run time error 4 (plugin "biohazard.amxx") - debug not enabled!
L 05/26/2011 - 17:42:10: [AMXX] To enable debug mode, add "debug" after the plugin name in plugins.ini (without quotes).
L 05/26/2011 - 17:43:23: [AMXX] Run time error 4 (plugin "biohazard.amxx") - debug not enabled!
L 05/26/2011 - 17:43:23: [AMXX] To enable debug mode, add "debug" after the plugin name in plugins.ini (without quotes).
L 05/26/2011 - 17:46:17: [AMXX] Run time error 4 (plugin "biohazard.amxx") - debug not enabled!
L 05/26/2011 - 17:46:17: [AMXX] To enable debug mode, add "debug" after the plugin name in plugins.ini (without quotes).
L 05/26/2011 - 17:50:49: [AMXX] Run time error 4 (plugin "biohazard.amxx") - debug not enabled!
L 05/26/2011 - 17:50:49: [AMXX] To enable debug mode, add "debug" after the plugin name in plugins.ini (without quotes).
L 05/26/2011 - 17:55:26: Start of error session.
L 05/26/2011 - 17:55:26: Info (map "awp_city") (file "addons/amxmodx/logs/error_20110526.log")
L 05/26/2011 - 17:55:26: [AMXX] Run time error 4 (plugin "biohazard.amxx") - debug not enabled!
L 05/26/2011 - 17:55:26: [AMXX] To enable debug mode, add "debug" after the plugin name in plugins.ini (without quotes).
L 05/26/2011 - 17:58:47: [AMXX] Run time error 4 (plugin "biohazard.amxx") - debug not enabled!
L 05/26/2011 - 17:58:47: [AMXX] To enable debug mode, add "debug" after the plugin name in plugins.ini (without quotes).
L 05/26/2011 - 18:03:34: [AMXX] Run time error 4 (plugin "biohazard.amxx") - debug not enabled!
L 05/26/2011 - 18:03:34: [AMXX] To enable debug mode, add "debug" after the plugin name in plugins.ini (without quotes).
L 05/26/2011 - 18:06:55: [AMXX] Run time error 4 (plugin "biohazard.amxx") - debug not enabled!
L 05/26/2011 - 18:06:55: [AMXX] To enable debug mode, add "debug" after the plugin name in plugins.ini (without quotes).
L 05/26/2011 - 18:06:55: [AMXX] Run time error 4 (plugin "biohazard.amxx") - debug not enabled!
L 05/26/2011 - 18:06:55: [AMXX] To enable debug mode, add "debug" after the plugin name in plugins.ini (without quotes).
L 05/26/2011 - 18:12:26: [AMXX] Run time error 4 (plugin "biohazard.amxx") - debug not enabled!
L 05/26/2011 - 18:12:26: [AMXX] To enable debug mode, add "debug" after the plugin name in plugins.ini (without quotes).
L 05/26/2011 - 18:15:47: [AMXX] Run time error 4 (plugin "biohazard.amxx") - debug not enabled!
L 05/26/2011 - 18:15:47: [AMXX] To enable debug mode, add "debug" after the plugin name in plugins.ini (without quotes).
L 05/26/2011 - 18:19:23: Start of error session.
L 05/26/2011 - 18:19:23: Info (map "zm_303") (file "addons/amxmodx/logs/error_20110526.log")
L 05/26/2011 - 18:19:23: [AMXX] Run time error 4 (plugin "biohazard.amxx") - debug not enabled!
L 05/26/2011 - 18:19:23: [AMXX] To enable debug mode, add "debug" after the plugin name in plugins.ini (without quotes).
L 05/26/2011 - 18:21:27: [AMXX] Run time error 4 (plugin "biohazard.amxx") - debug not enabled!
L 05/26/2011 - 18:21:27: [AMXX] To enable debug mode, add "debug" after the plugin name in plugins.ini (without quotes).
L 05/26/2011 - 18:24:48: [AMXX] Run time error 4 (plugin "biohazard.amxx") - debug not enabled!
L 05/26/2011 - 18:24:48: [AMXX] To enable debug mode, add "debug" after the plugin name in plugins.ini (without quotes).
L 05/26/2011 - 18:28:09: [AMXX] Run time error 4 (plugin "biohazard.amxx") - debug not enabled!
L 05/26/2011 - 18:28:09: [AMXX] To enable debug mode, add "debug" after the plugin name in plugins.ini (without quotes).
L 05/26/2011 - 18:29:48: [AMXX] Run time error 4 (plugin "biohazard.amxx") - debug not enabled!
L 05/26/2011 - 18:29:48: [AMXX] To enable debug mode, add "debug" after the plugin name in plugins.ini (without quotes).
L 05/26/2011 - 18:33:09: [AMXX] Run time error 4 (plugin "biohazard.amxx") - debug not enabled!
L 05/26/2011 - 18:33:09: [AMXX] To enable debug mode, add "debug" after the plugin name in plugins.ini (without quotes).
L 05/26/2011 - 18:36:31: [AMXX] Run time error 4 (plugin "biohazard.amxx") - debug not enabled!
L 05/26/2011 - 18:36:31: [AMXX] To enable debug mode, add "debug" after the plugin name in plugins.ini (without quotes).
L 05/26/2011 - 18:40:14: Start of error session.
L 05/26/2011 - 18:40:14: Info (map "zm_xata") (file "addons/amxmodx/logs/error_20110526.log")
L 05/26/2011 - 18:40:14: [AMXX] Run time error 4 (plugin "biohazard.amxx") - debug not enabled!
L 05/26/2011 - 18:40:14: [AMXX] To enable debug mode, add "debug" after the plugin name in plugins.ini (without quotes).
L 05/26/2011 - 18:44:12: [AMXX] Run time error 4 (plugin "biohazard.amxx") - debug not enabled!
L 05/26/2011 - 18:44:12: [AMXX] To enable debug mode, add "debug" after the plugin name in plugins.ini (without quotes).
L 05/26/2011 - 18:44:57: [AMXX] Run time error 4 (plugin "biohazard.amxx") - debug not enabled!
L 05/26/2011 - 18:44:57: [AMXX] To enable debug mode, add "debug" after the plugin name in plugins.ini (without quotes).
L 05/26/2011 - 18:48:18: [AMXX] Run time error 4 (plugin "biohazard.amxx") - debug not enabled!
L 05/26/2011 - 18:48:18: [AMXX] To enable debug mode, add "debug" after the plugin name in plugins.ini (without quotes).
L 05/26/2011 - 18:51:39: [AMXX] Run time error 4 (plugin "biohazard.amxx") - debug not enabled!
L 05/26/2011 - 18:51:39: [AMXX] To enable debug mode, add "debug" after the plugin name in plugins.ini (without quotes).
L 05/26/2011 - 18:51:39: [AMXX] Run time error 4 (plugin "biohazard.amxx") - debug not enabled!
L 05/26/2011 - 18:51:39: [AMXX] To enable debug mode, add "debug" after the plugin name in plugins.ini (without quotes).
L 05/26/2011 - 18:55:34: [AMXX] Run time error 4 (plugin "biohazard.amxx") - debug not enabled!
L 05/26/2011 - 18:55:34: [AMXX] To enable debug mode, add "debug" after the plugin name in plugins.ini (without quotes).
L 05/26/2011 - 19:02:37: Start of error session.
L 05/26/2011 - 19:02:37: Info (map "zm_fdust2x2") (file "addons/amxmodx/logs/error_20110526.log")
L 05/26/2011 - 19:02:37: [AMXX] Run time error 4 (plugin "biohazard.amxx") - debug not enabled!
L 05/26/2011 - 19:02:37: [AMXX] To enable debug mode, add "debug" after the plugin name in plugins.ini (without quotes).
L 05/26/2011 - 19:08:55: [AMXX] Run time error 4 (plugin "biohazard.amxx") - debug not enabled!
L 05/26/2011 - 19:08:55: [AMXX] To enable debug mode, add "debug" after the plugin name in plugins.ini (without quotes).
L 05/26/2011 - 19:12:16: [AMXX] Run time error 4 (plugin "biohazard.amxx") - debug not enabled!
L 05/26/2011 - 19:12:16: [AMXX] To enable debug mode, add "debug" after the plugin name in plugins.ini (without quotes).
L 05/26/2011 - 19:55:09: Start of error session.
L 05/26/2011 - 19:55:09: Info (map "de_dust") (file "addons/amxmodx/logs/error_20110526.log")
L 05/26/2011 - 19:55:09: [AMXX] Run time error 4 (plugin "biohazard.amxx") - debug not enabled!
L 05/26/2011 - 19:55:09: [AMXX] To enable debug mode, add "debug" after the plugin name in plugins.ini (without quotes).
L 05/26/2011 - 19:58:24: [AMXX] Run time error 4 (plugin "biohazard.amxx") - debug not enabled!
L 05/26/2011 - 19:58:24: [AMXX] To enable debug mode, add "debug" after the plugin name in plugins.ini (without quotes).
L 05/26/2011 - 20:01:45: [AMXX] Run time error 4 (plugin "biohazard.amxx") - debug not enabled!
L 05/26/2011 - 20:01:45: [AMXX] To enable debug mode, add "debug" after the plugin name in plugins.ini (without quotes).
L 05/26/2011 - 20:01:45: [AMXX] Run time error 4 (plugin "biohazard.amxx") - debug not enabled!
L 05/26/2011 - 20:01:45: [AMXX] To enable debug mode, add "debug" after the plugin name in plugins.ini (without quotes).
L 05/26/2011 - 20:04:16: Start of error session.
L 05/26/2011 - 20:04:16: Info (map "zm_neris") (file "addons/amxmodx/logs/error_20110526.log")
L 05/26/2011 - 20:04:16: [AMXX] Run time error 4 (plugin "biohazard.amxx") - debug not enabled!
L 05/26/2011 - 20:04:16: [AMXX] To enable debug mode, add "debug" after the plugin name in plugins.ini (without quotes).
L 05/26/2011 - 20:07:11: [AMXX] Run time error 4 (plugin "biohazard.amxx") - debug not enabled!
L 05/26/2011 - 20:07:11: [AMXX] To enable debug mode, add "debug" after the plugin name in plugins.ini (without quotes).
L 05/26/2011 - 20:10:32: [AMXX] Run time error 4 (plugin "biohazard.amxx") - debug not enabled!
L 05/26/2011 - 20:10:32: [AMXX] To enable debug mode, add "debug" after the plugin name in plugins.ini (without quotes).
L 05/26/2011 - 20:13:53: [AMXX] Run time error 4 (plugin "biohazard.amxx") - debug not enabled!
L 05/26/2011 - 20:13:53: [AMXX] To enable debug mode, add "debug" after the plugin name in plugins.ini (without quotes).
L 05/26/2011 - 20:17:55: [AMXX] Run time error 4 (plugin "biohazard.amxx") - debug not enabled!
L 05/26/2011 - 20:17:56: [AMXX] To enable debug mode, add "debug" after the plugin name in plugins.ini (without quotes).
L 05/26/2011 - 20:21:17: [AMXX] Run time error 4 (plugin "biohazard.amxx") - debug not enabled!
L 05/26/2011 - 20:21:17: [AMXX] To enable debug mode, add "debug" after the plugin name in plugins.ini (without quotes).
L 05/26/2011 - 20:28:19: Start of error session.
L 05/26/2011 - 20:28:19: Info (map "016_rmk") (file "addons/amxmodx/logs/error_20110526.log")
L 05/26/2011 - 20:28:19: [AMXX] Run time error 4 (plugin "biohazard.amxx") - debug not enabled!
L 05/26/2011 - 20:28:19: [AMXX] To enable debug mode, add "debug" after the plugin name in plugins.ini (without quotes).
L 05/26/2011 - 20:39:29: [AMXX] Run time error 4 (plugin "biohazard.amxx") - debug not enabled!
L 05/26/2011 - 20:39:29: [AMXX] To enable debug mode, add "debug" after the plugin name in plugins.ini (without quotes).
L 05/26/2011 - 20:42:29: [AMXX] Run time error 4 (plugin "biohazard.amxx") - debug not enabled!
L 05/26/2011 - 20:42:29: [AMXX] To enable debug mode, add "debug" after the plugin name in plugins.ini (without quotes).
L 05/26/2011 - 20:45:02: [AMXX] Run time error 4 (plugin "biohazard.amxx") - debug not enabled!
L 05/26/2011 - 20:45:02: [AMXX] To enable debug mode, add "debug" after the plugin name in plugins.ini (without quotes).
L 05/26/2011 - 20:48:47: Start of error session.
L 05/26/2011 - 20:48:47: Info (map "zm_army") (file "addons/amxmodx/logs/error_20110526.log")
L 05/26/2011 - 20:48:47: [AMXX] Run time error 4 (plugin "biohazard.amxx") - debug not enabled!
L 05/26/2011 - 20:48:47: [AMXX] To enable debug mode, add "debug" after the plugin name in plugins.ini (without quotes).
L 05/26/2011 - 20:48:47: [AMXX] Run time error 4 (plugin "biohazard.amxx") - debug not enabled!
L 05/26/2011 - 20:48:47: [AMXX] To enable debug mode, add "debug" after the plugin name in plugins.ini (without quotes).
L 05/26/2011 - 20:57:58: [AMXX] Run time error 4 (plugin "biohazard.amxx") - debug not enabled!
L 05/26/2011 - 20:57:58: [AMXX] To enable debug mode, add "debug" after the plugin name in plugins.ini (without quotes).
L 05/26/2011 - 21:01:08: [AMXX] Run time error 4 (plugin "biohazard.amxx") - debug not enabled!
L 05/26/2011 - 21:01:08: [AMXX] To enable debug mode, add "debug" after the plugin name in plugins.ini (without quotes).
L 05/26/2011 - 21:01:08: [AMXX] Run time error 4 (plugin "biohazard.amxx") - debug not enabled!
L 05/26/2011 - 21:01:08: [AMXX] To enable debug mode, add "debug" after the plugin name in plugins.ini (without quotes).
L 05/26/2011 - 21:03:29: [AMXX] Run time error 4 (plugin "biohazard.amxx") - debug not enabled!
L 05/26/2011 - 21:03:29: [AMXX] To enable debug mode, add "debug" after the plugin name in plugins.ini (without quotes).
L 05/26/2011 - 21:03:29: [AMXX] Run time error 4 (plugin "biohazard.amxx") - debug not enabled!
L 05/26/2011 - 21:03:29: [AMXX] To enable debug mode, add "debug" after the plugin name in plugins.ini (without quotes).
L 05/26/2011 - 21:03:29: [AMXX] Run time error 4 (plugin "biohazard.amxx") - debug not enabled!
L 05/26/2011 - 21:03:29: [AMXX] To enable debug mode, add "debug" after the plugin name in plugins.ini (without quotes).
L 05/26/2011 - 21:06:50: [AMXX] Run time error 4 (plugin "biohazard.amxx") - debug not enabled!
L 05/26/2011 - 21:06:50: [AMXX] To enable debug mode, add "debug" after the plugin name in plugins.ini (without quotes).
L 05/26/2011 - 21:09:37: Start of error session.
L 05/26/2011 - 21:09:37: Info (map "awp_city") (file "addons/amxmodx/logs/error_20110526.log")
L 05/26/2011 - 21:09:37: [AMXX] Run time error 4 (plugin "biohazard.amxx") - debug not enabled!
L 05/26/2011 - 21:09:37: [AMXX] To enable debug mode, add "debug" after the plugin name in plugins.ini (without quotes).
L 05/26/2011 - 21:12:58: [AMXX] Run time error 4 (plugin "biohazard.amxx") - debug not enabled!
L 05/26/2011 - 21:12:58: [AMXX] To enable debug mode, add "debug" after the plugin name in plugins.ini (without quotes).
L 05/26/2011 - 21:12:58: [AMXX] Run time error 4 (plugin "biohazard.amxx") - debug not enabled!
L 05/26/2011 - 21:12:58: [AMXX] To enable debug mode, add "debug" after the plugin name in plugins.ini (without quotes).
L 05/26/2011 - 21:16:19: [AMXX] Run time error 4 (plugin "biohazard.amxx") - debug not enabled!
L 05/26/2011 - 21:16:19: [AMXX] To enable debug mode, add "debug" after the plugin name in plugins.ini (without quotes).
L 05/26/2011 - 21:16:19: [AMXX] Run time error 4 (plugin "biohazard.amxx") - debug not enabled!
L 05/26/2011 - 21:16:19: [AMXX] To enable debug mode, add "debug" after the plugin name in plugins.ini (without quotes).
L 05/26/2011 - 21:16:37: Start of error session.
L 05/26/2011 - 21:16:37: Info (map "016_rmk") (file "addons/amxmodx/logs/error_20110526.log")
L 05/26/2011 - 21:16:37: [MySQL] Invalid handle: 0
L 05/26/2011 - 21:16:37: [AMXX] Run time error 10 (plugin "amxbans.amxx") (native "SQL_FreeHandle") - debug not enabled!
L 05/26/2011 - 21:16:37: [AMXX] To enable debug mode, add "debug" after the plugin name in plugins.ini (without quotes).
L 05/26/2011 - 21:19:30: Start of error session.
L 05/26/2011 - 21:19:30: Info (map "de_westwood") (file "addons/amxmodx/logs/error_20110526.log")
L 05/26/2011 - 21:19:30: [AMXX] Run time error 4 (plugin "biohazard.amxx") - debug not enabled!
L 05/26/2011 - 21:19:30: [AMXX] To enable debug mode, add "debug" after the plugin name in plugins.ini (without quotes).
L 05/26/2011 - 21:19:30: [AMXX] Run time error 4 (plugin "biohazard.amxx") - debug not enabled!
L 05/26/2011 - 21:19:30: [AMXX] To enable debug mode, add "debug" after the plugin name in plugins.ini (without quotes).
L 05/26/2011 - 21:19:30: [AMXX] Run time error 4 (plugin "biohazard.amxx") - debug not enabled!
L 05/26/2011 - 21:19:30: [AMXX] To enable debug mode, add "debug" after the plugin name in plugins.ini (without quotes).
L 05/26/2011 - 21:22:09: [AMXX] Run time error 4 (plugin "biohazard.amxx") - debug not enabled!
L 05/26/2011 - 21:22:09: [AMXX] To enable debug mode, add "debug" after the plugin name in plugins.ini (without quotes).
L 05/26/2011 - 21:22:09: [AMXX] Run time error 4 (plugin "biohazard.amxx") - debug not enabled!
L 05/26/2011 - 21:22:09: [AMXX] To enable debug mode, add "debug" after the plugin name in plugins.ini (without quotes).
L 05/26/2011 - 21:22:09: [AMXX] Run time error 4 (plugin "biohazard.amxx") - debug not enabled!
L 05/26/2011 - 21:22:09: [AMXX] To enable debug mode, add "debug" after the plugin name in plugins.ini (without quotes).
L 05/26/2011 - 21:22:09: [AMXX] Run time error 4 (plugin "biohazard.amxx") - debug not enabled!
L 05/26/2011 - 21:22:09: [AMXX] To enable debug mode, add "debug" after the plugin name in plugins.ini (without quotes).
L 05/26/2011 - 21:25:06: [AMXX] Run time error 4 (plugin "biohazard.amxx") - debug not enabled!
L 05/26/2011 - 21:25:06: [AMXX] To enable debug mode, add "debug" after the plugin name in plugins.ini (without quotes).
L 05/26/2011 - 21:25:06: [AMXX] Run time error 4 (plugin "biohazard.amxx") - debug not enabled!
L 05/26/2011 - 21:25:06: [AMXX] To enable debug mode, add "debug" after the plugin name in plugins.ini (without quotes).
L 05/26/2011 - 21:25:06: [AMXX] Run time error 4 (plugin "biohazard.amxx") - debug not enabled!
L 05/26/2011 - 21:25:06: [AMXX] To enable debug mode, add "debug" after the plugin name in plugins.ini (without quotes).
L 05/26/2011 - 21:25:06: [AMXX] Run time error 4 (plugin "biohazard.amxx") - debug not enabled!
L 05/26/2011 - 21:25:06: [AMXX] To enable debug mode, add "debug" after the plugin name in plugins.ini (without quotes).
L 05/26/2011 - 21:27:22: [AMXX] Run time error 4 (plugin "biohazard.amxx") - debug not enabled!
L 05/26/2011 - 21:27:22: [AMXX] To enable debug mode, add "debug" after the plugin name in plugins.ini (without quotes).
L 05/26/2011 - 21:27:22: [AMXX] Run time error 4 (plugin "biohazard.amxx") - debug not enabled!
L 05/26/2011 - 21:27:22: [AMXX] To enable debug mode, add "debug" after the plugin name in plugins.ini (without quotes).
L 05/26/2011 - 21:30:56: [AMXX] Run time error 4 (plugin "biohazard.amxx") - debug not enabled!
L 05/26/2011 - 21:30:56: [AMXX] To enable debug mode, add "debug" after the plugin name in plugins.ini (without quotes).
L 05/26/2011 - 21:30:56: [AMXX] Run time error 4 (plugin "biohazard.amxx") - debug not enabled!
L 05/26/2011 - 21:30:56: [AMXX] To enable debug mode, add "debug" after the plugin name in plugins.ini (without quotes).
L 05/26/2011 - 21:32:52: [AMXX] Run time error 4 (plugin "biohazard.amxx") - debug not enabled!
L 05/26/2011 - 21:32:52: [AMXX] To enable debug mode, add "debug" after the plugin name in plugins.ini (without quotes).
L 05/26/2011 - 21:35:22: [AMXX] Run time error 4 (plugin "biohazard.amxx") - debug not enabled!
L 05/26/2011 - 21:35:22: [AMXX] To enable debug mode, add "debug" after the plugin name in plugins.ini (without quotes).
L 05/26/2011 - 21:35:22: [AMXX] Run time error 4 (plugin "biohazard.amxx") - debug not enabled!
L 05/26/2011 - 21:35:22: [AMXX] To enable debug mode, add "debug" after the plugin name in plugins.ini (without quotes).
L 05/26/2011 - 21:37:38: [AMXX] Run time error 4 (plugin "biohazard.amxx") - debug not enabled!
L 05/26/2011 - 21:37:38: [AMXX] To enable debug mode, add "debug" after the plugin name in plugins.ini (without quotes).
L 05/26/2011 - 21:37:38: [AMXX] Run time error 4 (plugin "biohazard.amxx") - debug not enabled!
L 05/26/2011 - 21:37:38: [AMXX] To enable debug mode, add "debug" after the plugin name in plugins.ini (without quotes).
L 05/26/2011 - 21:37:38: [AMXX] Run time error 4 (plugin "biohazard.amxx") - debug not enabled!
L 05/26/2011 - 21:37:38: [AMXX] To enable debug mode, add "debug" after the plugin name in plugins.ini (without quotes).
L 05/26/2011 - 21:44:43: Start of error session.
L 05/26/2011 - 21:44:43: Info (map "zm_fdust2x2") (file "addons/amxmodx/logs/error_20110526.log")
L 05/26/2011 - 21:44:43: [AMXX] Run time error 4 (plugin "biohazard.amxx") - debug not enabled!
L 05/26/2011 - 21:44:43: [AMXX] To enable debug mode, add "debug" after the plugin name in plugins.ini (without quotes).
L 05/26/2011 - 21:44:43: [AMXX] Run time error 4 (plugin "biohazard.amxx") - debug not enabled!
L 05/26/2011 - 21:44:43: [AMXX] To enable debug mode, add "debug" after the plugin name in plugins.ini (without quotes).
L 05/26/2011 - 21:45:47: [AMXX] Run time error 4 (plugin "biohazard.amxx") - debug not enabled!
L 05/26/2011 - 21:45:47: [AMXX] To enable debug mode, add "debug" after the plugin name in plugins.ini (without quotes).
L 05/26/2011 - 21:48:28: [AMXX] Run time error 4 (plugin "biohazard.amxx") - debug not enabled!
L 05/26/2011 - 21:48:28: [AMXX] To enable debug mode, add "debug" after the plugin name in plugins.ini (without quotes).
L 05/26/2011 - 21:51:49: [AMXX] Run time error 4 (plugin "biohazard.amxx") - debug not enabled!
L 05/26/2011 - 21:51:49: [AMXX] To enable debug mode, add "debug" after the plugin name in plugins.ini (without quotes).
L 05/26/2011 - 21:55:10: [AMXX] Run time error 4 (plugin "biohazard.amxx") - debug not enabled!
L 05/26/2011 - 21:55:10: [AMXX] To enable debug mode, add "debug" after the plugin name in plugins.ini (without quotes).
L 05/26/2011 - 21:58:31: [AMXX] Run time error 4 (plugin "biohazard.amxx") - debug not enabled!
L 05/26/2011 - 21:58:31: [AMXX] To enable debug mode, add "debug" after the plugin name in plugins.ini (without quotes).
L 05/26/2011 - 22:01:53: Start of error session.
L 05/26/2011 - 22:01:53: Info (map "zm_houses") (file "addons/amxmodx/logs/error_20110526.log")
L 05/26/2011 - 22:01:53: [AMXX] Run time error 4 (plugin "biohazard.amxx") - debug not enabled!
L 05/26/2011 - 22:01:53: [AMXX] To enable debug mode, add "debug" after the plugin name in plugins.ini (without quotes).
L 05/26/2011 - 22:01:53: [AMXX] Run time error 4 (plugin "biohazard.amxx") - debug not enabled!
L 05/26/2011 - 22:01:53: [AMXX] To enable debug mode, add "debug" after the plugin name in plugins.ini (without quotes).
L 05/26/2011 - 22:07:03: [AMXX] Run time error 4 (plugin "biohazard.amxx") - debug not enabled!
L 05/26/2011 - 22:07:03: [AMXX] To enable debug mode, add "debug" after the plugin name in plugins.ini (without quotes).
L 05/26/2011 - 22:23:03: Start of error session.
L 05/26/2011 - 22:23:03: Info (map "de_dust") (file "addons/amxmodx/logs/error_20110526.log")
L 05/26/2011 - 22:23:03: [AMXX] Run time error 4 (plugin "biohazard.amxx") - debug not enabled!
L 05/26/2011 - 22:23:03: [AMXX] To enable debug mode, add "debug" after the plugin name in plugins.ini (without quotes).
L 05/26/2011 - 22:23:03: [AMXX] Run time error 4 (plugin "biohazard.amxx") - debug not enabled!
L 05/26/2011 - 22:23:03: [AMXX] To enable debug mode, add "debug" after the plugin name in plugins.ini (without quotes).
L 05/26/2011 - 22:30:31: Start of error session.
L 05/26/2011 - 22:30:31: Info (map "ze_jurassickpark3_lg") (file "addons/amxmodx/logs/error_20110526.log")
L 05/26/2011 - 22:30:31: [AMXX] Run time error 4 (plugin "biohazard.amxx") - debug not enabled!
L 05/26/2011 - 22:30:31: [AMXX] To enable debug mode, add "debug" after the plugin name in plugins.ini (without quotes).
L 05/26/2011 - 22:35:35: Start of error session.
L 05/26/2011 - 22:35:35: Info (map "de_westwood") (file "addons/amxmodx/logs/error_20110526.log")
L 05/26/2011 - 22:35:35: [AMXX] Run time error 4 (plugin "biohazard.amxx") - debug not enabled!
L 05/26/2011 - 22:35:35: [AMXX] To enable debug mode, add "debug" after the plugin name in plugins.ini (without quotes).
L 05/26/2011 - 22:38:21: [AMXX] Run time error 4 (plugin "biohazard.amxx") - debug not enabled!
L 05/26/2011 - 22:38:21: [AMXX] To enable debug mode, add "debug" after the plugin name in plugins.ini (without quotes).
L 05/26/2011 - 23:35:13: Start of error session.
L 05/26/2011 - 23:35:13: Info (map "zm_houses") (file "addons/amxmodx/logs/error_20110526.log")
L 05/26/2011 - 23:35:13: [AMXX] Run time error 4 (plugin "biohazard.amxx") - debug not enabled!
L 05/26/2011 - 23:35:13: [AMXX] To enable debug mode, add "debug" after the plugin name in plugins.ini (without quotes).
L 05/26/2011 - 23:39:37: [AMXX] Run time error 4 (plugin "biohazard.amxx") - debug not enabled!
L 05/26/2011 - 23:39:37: [AMXX] To enable debug mode, add "debug" after the plugin name in plugins.ini (without quotes).
