L 05/19/2011 - 00:23:31: Start of error session.
L 05/19/2011 - 00:23:31: Info (map "de_dust") (file "addons/amxmodx/logs/error_20110519.log")
L 05/19/2011 - 00:23:31: [AMXX] Run time error 4 (plugin "biohazard.amxx") - debug not enabled!
L 05/19/2011 - 00:23:31: [AMXX] To enable debug mode, add "debug" after the plugin name in plugins.ini (without quotes).
L 05/19/2011 - 00:34:10: Start of error session.
L 05/19/2011 - 00:34:10: Info (map "016_rmk") (file "addons/amxmodx/logs/error_20110519.log")
L 05/19/2011 - 00:34:10: [AMXX] Run time error 4 (plugin "biohazard.amxx") - debug not enabled!
L 05/19/2011 - 00:34:10: [AMXX] To enable debug mode, add "debug" after the plugin name in plugins.ini (without quotes).
L 05/19/2011 - 00:56:31: Start of error session.
L 05/19/2011 - 00:56:31: Info (map "zm_army") (file "addons/amxmodx/logs/error_20110519.log")
L 05/19/2011 - 00:56:31: [AMXX] Run time error 4 (plugin "biohazard.amxx") - debug not enabled!
L 05/19/2011 - 00:56:31: [AMXX] To enable debug mode, add "debug" after the plugin name in plugins.ini (without quotes).
L 05/19/2011 - 01:09:08: [AMXX] Run time error 4 (plugin "biohazard.amxx") - debug not enabled!
L 05/19/2011 - 01:09:08: [AMXX] To enable debug mode, add "debug" after the plugin name in plugins.ini (without quotes).
L 05/19/2011 - 01:12:46: [AMXX] Run time error 4 (plugin "biohazard.amxx") - debug not enabled!
L 05/19/2011 - 01:12:46: [AMXX] To enable debug mode, add "debug" after the plugin name in plugins.ini (without quotes).
L 05/19/2011 - 01:15:34: Start of error session.
L 05/19/2011 - 01:15:34: Info (map "zm_303") (file "addons/amxmodx/logs/error_20110519.log")
L 05/19/2011 - 01:15:34: [AMXX] Run time error 4 (plugin "biohazard.amxx") - debug not enabled!
L 05/19/2011 - 01:15:34: [AMXX] To enable debug mode, add "debug" after the plugin name in plugins.ini (without quotes).
L 05/19/2011 - 01:15:34: [AMXX] Run time error 4 (plugin "biohazard.amxx") - debug not enabled!
L 05/19/2011 - 01:15:34: [AMXX] To enable debug mode, add "debug" after the plugin name in plugins.ini (without quotes).
L 05/19/2011 - 01:17:20: [AMXX] Run time error 4 (plugin "biohazard.amxx") - debug not enabled!
L 05/19/2011 - 01:17:20: [AMXX] To enable debug mode, add "debug" after the plugin name in plugins.ini (without quotes).
L 05/19/2011 - 01:20:34: [AMXX] Run time error 4 (plugin "biohazard.amxx") - debug not enabled!
L 05/19/2011 - 01:20:34: [AMXX] To enable debug mode, add "debug" after the plugin name in plugins.ini (without quotes).
L 05/19/2011 - 01:23:06: [AMXX] Run time error 4 (plugin "biohazard.amxx") - debug not enabled!
L 05/19/2011 - 01:23:06: [AMXX] To enable debug mode, add "debug" after the plugin name in plugins.ini (without quotes).
L 05/19/2011 - 01:26:27: [AMXX] Run time error 4 (plugin "biohazard.amxx") - debug not enabled!
L 05/19/2011 - 01:26:27: [AMXX] To enable debug mode, add "debug" after the plugin name in plugins.ini (without quotes).
L 05/19/2011 - 01:29:48: [AMXX] Run time error 4 (plugin "biohazard.amxx") - debug not enabled!
L 05/19/2011 - 01:29:48: [AMXX] To enable debug mode, add "debug" after the plugin name in plugins.ini (without quotes).
L 05/19/2011 - 01:33:09: [AMXX] Run time error 4 (plugin "biohazard.amxx") - debug not enabled!
L 05/19/2011 - 01:33:09: [AMXX] To enable debug mode, add "debug" after the plugin name in plugins.ini (without quotes).
L 05/19/2011 - 01:35:09: Start of error session.
L 05/19/2011 - 01:35:09: Info (map "zm_escapetrain") (file "addons/amxmodx/logs/error_20110519.log")
L 05/19/2011 - 01:35:09: [AMXX] Run time error 4 (plugin "biohazard.amxx") - debug not enabled!
L 05/19/2011 - 01:35:09: [AMXX] To enable debug mode, add "debug" after the plugin name in plugins.ini (without quotes).
L 05/19/2011 - 01:36:32: [AMXX] Run time error 4 (plugin "biohazard.amxx") - debug not enabled!
L 05/19/2011 - 01:36:32: [AMXX] To enable debug mode, add "debug" after the plugin name in plugins.ini (without quotes).
L 05/19/2011 - 01:38:37: [AMXX] Run time error 4 (plugin "biohazard.amxx") - debug not enabled!
L 05/19/2011 - 01:38:37: [AMXX] To enable debug mode, add "debug" after the plugin name in plugins.ini (without quotes).
L 05/19/2011 - 01:41:27: [AMXX] Run time error 4 (plugin "biohazard.amxx") - debug not enabled!
L 05/19/2011 - 01:41:27: [AMXX] To enable debug mode, add "debug" after the plugin name in plugins.ini (without quotes).
L 05/19/2011 - 01:44:24: [AMXX] Run time error 4 (plugin "biohazard.amxx") - debug not enabled!
L 05/19/2011 - 01:44:24: [AMXX] To enable debug mode, add "debug" after the plugin name in plugins.ini (without quotes).
L 05/19/2011 - 01:48:09: [AMXX] Run time error 4 (plugin "biohazard.amxx") - debug not enabled!
L 05/19/2011 - 01:48:09: [AMXX] To enable debug mode, add "debug" after the plugin name in plugins.ini (without quotes).
L 05/19/2011 - 01:51:30: [AMXX] Run time error 4 (plugin "biohazard.amxx") - debug not enabled!
L 05/19/2011 - 01:51:30: [AMXX] To enable debug mode, add "debug" after the plugin name in plugins.ini (without quotes).
L 05/19/2011 - 01:53:48: [AMXX] Run time error 4 (plugin "biohazard.amxx") - debug not enabled!
L 05/19/2011 - 01:53:48: [AMXX] To enable debug mode, add "debug" after the plugin name in plugins.ini (without quotes).
L 05/19/2011 - 01:56:37: Start of error session.
L 05/19/2011 - 01:56:37: Info (map "cs_militia") (file "addons/amxmodx/logs/error_20110519.log")
L 05/19/2011 - 01:56:37: [AMXX] Run time error 4 (plugin "biohazard.amxx") - debug not enabled!
L 05/19/2011 - 01:56:37: [AMXX] To enable debug mode, add "debug" after the plugin name in plugins.ini (without quotes).
L 05/19/2011 - 01:56:37: [AMXX] Run time error 4 (plugin "biohazard.amxx") - debug not enabled!
L 05/19/2011 - 01:56:37: [AMXX] To enable debug mode, add "debug" after the plugin name in plugins.ini (without quotes).
L 05/19/2011 - 01:59:58: [AMXX] Run time error 4 (plugin "biohazard.amxx") - debug not enabled!
L 05/19/2011 - 01:59:58: [AMXX] To enable debug mode, add "debug" after the plugin name in plugins.ini (without quotes).
L 05/19/2011 - 01:59:58: [AMXX] Run time error 4 (plugin "biohazard.amxx") - debug not enabled!
L 05/19/2011 - 01:59:58: [AMXX] To enable debug mode, add "debug" after the plugin name in plugins.ini (without quotes).
L 05/19/2011 - 02:01:54: [AMXX] Run time error 4 (plugin "biohazard.amxx") - debug not enabled!
L 05/19/2011 - 02:01:54: [AMXX] To enable debug mode, add "debug" after the plugin name in plugins.ini (without quotes).
L 05/19/2011 - 02:01:54: [AMXX] Run time error 4 (plugin "biohazard.amxx") - debug not enabled!
L 05/19/2011 - 02:01:54: [AMXX] To enable debug mode, add "debug" after the plugin name in plugins.ini (without quotes).
L 05/19/2011 - 02:03:59: [AMXX] Run time error 4 (plugin "biohazard.amxx") - debug not enabled!
L 05/19/2011 - 02:03:59: [AMXX] To enable debug mode, add "debug" after the plugin name in plugins.ini (without quotes).
L 05/19/2011 - 02:06:58: [AMXX] Run time error 4 (plugin "biohazard.amxx") - debug not enabled!
L 05/19/2011 - 02:06:58: [AMXX] To enable debug mode, add "debug" after the plugin name in plugins.ini (without quotes).
L 05/19/2011 - 02:10:19: [AMXX] Run time error 4 (plugin "biohazard.amxx") - debug not enabled!
L 05/19/2011 - 02:10:19: [AMXX] To enable debug mode, add "debug" after the plugin name in plugins.ini (without quotes).
L 05/19/2011 - 02:11:35: [AMXX] Run time error 4 (plugin "biohazard.amxx") - debug not enabled!
L 05/19/2011 - 02:11:35: [AMXX] To enable debug mode, add "debug" after the plugin name in plugins.ini (without quotes).
L 05/19/2011 - 02:14:40: [AMXX] Run time error 4 (plugin "biohazard.amxx") - debug not enabled!
L 05/19/2011 - 02:14:40: [AMXX] To enable debug mode, add "debug" after the plugin name in plugins.ini (without quotes).
L 05/19/2011 - 02:41:43: Start of error session.
L 05/19/2011 - 02:41:43: Info (map "zm_desolation_house") (file "addons/amxmodx/logs/error_20110519.log")
L 05/19/2011 - 02:41:43: [AMXX] Run time error 4 (plugin "biohazard.amxx") - debug not enabled!
L 05/19/2011 - 02:41:43: [AMXX] To enable debug mode, add "debug" after the plugin name in plugins.ini (without quotes).
L 05/19/2011 - 05:01:39: Start of error session.
L 05/19/2011 - 05:01:39: Info (map "016_rmk") (file "addons/amxmodx/logs/error_20110519.log")
L 05/19/2011 - 05:01:39: [AMXX] Run time error 4 (plugin "biohazard.amxx") - debug not enabled!
L 05/19/2011 - 05:01:39: [AMXX] To enable debug mode, add "debug" after the plugin name in plugins.ini (without quotes).
L 05/19/2011 - 05:25:02: Start of error session.
L 05/19/2011 - 05:25:02: Info (map "zm_houses") (file "addons/amxmodx/logs/error_20110519.log")
L 05/19/2011 - 05:25:02: [AMXX] Run time error 4 (plugin "biohazard.amxx") - debug not enabled!
L 05/19/2011 - 05:25:02: [AMXX] To enable debug mode, add "debug" after the plugin name in plugins.ini (without quotes).
L 05/19/2011 - 05:29:08: [AMXX] Run time error 4 (plugin "biohazard.amxx") - debug not enabled!
L 05/19/2011 - 05:29:08: [AMXX] To enable debug mode, add "debug" after the plugin name in plugins.ini (without quotes).
L 05/19/2011 - 05:31:31: [AMXX] Run time error 4 (plugin "biohazard.amxx") - debug not enabled!
L 05/19/2011 - 05:31:31: [AMXX] To enable debug mode, add "debug" after the plugin name in plugins.ini (without quotes).
L 05/19/2011 - 05:32:50: [AMXX] Run time error 4 (plugin "biohazard.amxx") - debug not enabled!
L 05/19/2011 - 05:32:50: [AMXX] To enable debug mode, add "debug" after the plugin name in plugins.ini (without quotes).
L 05/19/2011 - 05:33:37: [AMXX] Run time error 4 (plugin "biohazard.amxx") - debug not enabled!
L 05/19/2011 - 05:33:37: [AMXX] To enable debug mode, add "debug" after the plugin name in plugins.ini (without quotes).
L 05/19/2011 - 05:34:30: [AMXX] Run time error 4 (plugin "biohazard.amxx") - debug not enabled!
L 05/19/2011 - 05:34:30: [AMXX] To enable debug mode, add "debug" after the plugin name in plugins.ini (without quotes).
L 05/19/2011 - 05:35:25: [AMXX] Run time error 4 (plugin "biohazard.amxx") - debug not enabled!
L 05/19/2011 - 05:35:25: [AMXX] To enable debug mode, add "debug" after the plugin name in plugins.ini (without quotes).
L 05/19/2011 - 05:39:19: [AMXX] Run time error 4 (plugin "biohazard.amxx") - debug not enabled!
L 05/19/2011 - 05:39:19: [AMXX] To enable debug mode, add "debug" after the plugin name in plugins.ini (without quotes).
L 05/19/2011 - 05:41:58: [AMXX] Run time error 4 (plugin "biohazard.amxx") - debug not enabled!
L 05/19/2011 - 05:41:58: [AMXX] To enable debug mode, add "debug" after the plugin name in plugins.ini (without quotes).
L 05/19/2011 - 06:00:16: Start of error session.
L 05/19/2011 - 06:00:16: Info (map "016_rmk") (file "addons/amxmodx/logs/error_20110519.log")
L 05/19/2011 - 06:00:16: [MySQL] Invalid handle: 0
L 05/19/2011 - 06:00:16: [AMXX] Run time error 10 (plugin "amxbans.amxx") (native "SQL_FreeHandle") - debug not enabled!
L 05/19/2011 - 06:00:16: [AMXX] To enable debug mode, add "debug" after the plugin name in plugins.ini (without quotes).
L 05/19/2011 - 08:31:00: Start of error session.
L 05/19/2011 - 08:31:00: Info (map "016_rmk") (file "addons/amxmodx/logs/error_20110519.log")
L 05/19/2011 - 08:31:00: [AMXX] Run time error 4 (plugin "biohazard.amxx") - debug not enabled!
L 05/19/2011 - 08:31:00: [AMXX] To enable debug mode, add "debug" after the plugin name in plugins.ini (without quotes).
L 05/19/2011 - 09:04:36: Start of error session.
L 05/19/2011 - 09:04:36: Info (map "zm_army") (file "addons/amxmodx/logs/error_20110519.log")
L 05/19/2011 - 09:04:36: [AMXX] Run time error 4 (plugin "biohazard.amxx") - debug not enabled!
L 05/19/2011 - 09:04:36: [AMXX] To enable debug mode, add "debug" after the plugin name in plugins.ini (without quotes).
L 05/19/2011 - 09:19:03: Start of error session.
L 05/19/2011 - 09:19:03: Info (map "de_dust") (file "addons/amxmodx/logs/error_20110519.log")
L 05/19/2011 - 09:19:03: [AMXX] Run time error 4 (plugin "biohazard.amxx") - debug not enabled!
L 05/19/2011 - 09:19:03: [AMXX] To enable debug mode, add "debug" after the plugin name in plugins.ini (without quotes).
L 05/19/2011 - 09:40:59: Start of error session.
L 05/19/2011 - 09:40:59: Info (map "zm_desolation_house") (file "addons/amxmodx/logs/error_20110519.log")
L 05/19/2011 - 09:40:59: [AMXX] Run time error 4 (plugin "biohazard.amxx") - debug not enabled!
L 05/19/2011 - 09:40:59: [AMXX] To enable debug mode, add "debug" after the plugin name in plugins.ini (without quotes).
L 05/19/2011 - 11:28:43: Start of error session.
L 05/19/2011 - 11:28:43: Info (map "zm_dust_base_fin") (file "addons/amxmodx/logs/error_20110519.log")
L 05/19/2011 - 11:28:43: [AMXX] Run time error 4 (plugin "biohazard.amxx") - debug not enabled!
L 05/19/2011 - 11:28:43: [AMXX] To enable debug mode, add "debug" after the plugin name in plugins.ini (without quotes).
L 05/19/2011 - 11:40:21: [AMXX] Run time error 4 (plugin "biohazard.amxx") - debug not enabled!
L 05/19/2011 - 11:40:21: [AMXX] To enable debug mode, add "debug" after the plugin name in plugins.ini (without quotes).
L 05/19/2011 - 11:51:13: Start of error session.
L 05/19/2011 - 11:51:13: Info (map "cs_office") (file "addons/amxmodx/logs/error_20110519.log")
L 05/19/2011 - 11:51:13: [AMXX] Run time error 4 (plugin "biohazard.amxx") - debug not enabled!
L 05/19/2011 - 11:51:13: [AMXX] To enable debug mode, add "debug" after the plugin name in plugins.ini (without quotes).
L 05/19/2011 - 11:51:13: [AMXX] Run time error 4 (plugin "biohazard.amxx") - debug not enabled!
L 05/19/2011 - 11:51:13: [AMXX] To enable debug mode, add "debug" after the plugin name in plugins.ini (without quotes).
L 05/19/2011 - 11:53:33: [AMXX] Run time error 4 (plugin "biohazard.amxx") - debug not enabled!
L 05/19/2011 - 11:53:33: [AMXX] To enable debug mode, add "debug" after the plugin name in plugins.ini (without quotes).
L 05/19/2011 - 11:53:33: [AMXX] Run time error 4 (plugin "biohazard.amxx") - debug not enabled!
L 05/19/2011 - 11:53:33: [AMXX] To enable debug mode, add "debug" after the plugin name in plugins.ini (without quotes).
L 05/19/2011 - 11:56:54: [AMXX] Run time error 4 (plugin "biohazard.amxx") - debug not enabled!
L 05/19/2011 - 11:56:54: [AMXX] To enable debug mode, add "debug" after the plugin name in plugins.ini (without quotes).
L 05/19/2011 - 12:31:04: Start of error session.
L 05/19/2011 - 12:31:04: Info (map "zm_fdust2x2") (file "addons/amxmodx/logs/error_20110519.log")
L 05/19/2011 - 12:31:04: [AMXX] Run time error 4 (plugin "biohazard.amxx") - debug not enabled!
L 05/19/2011 - 12:31:04: [AMXX] To enable debug mode, add "debug" after the plugin name in plugins.ini (without quotes).
L 05/19/2011 - 12:56:37: Start of error session.
L 05/19/2011 - 12:56:37: Info (map "zm_202") (file "addons/amxmodx/logs/error_20110519.log")
L 05/19/2011 - 12:56:37: [AMXX] Run time error 4 (plugin "biohazard.amxx") - debug not enabled!
L 05/19/2011 - 12:56:37: [AMXX] To enable debug mode, add "debug" after the plugin name in plugins.ini (without quotes).
L 05/19/2011 - 13:29:26: Start of error session.
L 05/19/2011 - 13:29:26: Info (map "de_dust") (file "addons/amxmodx/logs/error_20110519.log")
L 05/19/2011 - 13:29:26: [AMXX] Run time error 4 (plugin "biohazard.amxx") - debug not enabled!
L 05/19/2011 - 13:29:26: [AMXX] To enable debug mode, add "debug" after the plugin name in plugins.ini (without quotes).
L 05/19/2011 - 13:43:53: [AMXX] Run time error 4 (plugin "biohazard.amxx") - debug not enabled!
L 05/19/2011 - 13:43:53: [AMXX] To enable debug mode, add "debug" after the plugin name in plugins.ini (without quotes).
L 05/19/2011 - 13:45:43: [AMXX] Run time error 4 (plugin "biohazard.amxx") - debug not enabled!
L 05/19/2011 - 13:45:43: [AMXX] To enable debug mode, add "debug" after the plugin name in plugins.ini (without quotes).
L 05/19/2011 - 13:48:09: Start of error session.
L 05/19/2011 - 13:48:09: Info (map "016_rmk") (file "addons/amxmodx/logs/error_20110519.log")
L 05/19/2011 - 13:48:09: [AMXX] Run time error 4 (plugin "biohazard.amxx") - debug not enabled!
L 05/19/2011 - 13:48:09: [AMXX] To enable debug mode, add "debug" after the plugin name in plugins.ini (without quotes).
L 05/19/2011 - 13:50:06: [AMXX] Run time error 4 (plugin "biohazard.amxx") - debug not enabled!
L 05/19/2011 - 13:50:06: [AMXX] To enable debug mode, add "debug" after the plugin name in plugins.ini (without quotes).
L 05/19/2011 - 13:50:06: [AMXX] Run time error 4 (plugin "biohazard.amxx") - debug not enabled!
L 05/19/2011 - 13:50:06: [AMXX] To enable debug mode, add "debug" after the plugin name in plugins.ini (without quotes).
L 05/19/2011 - 13:56:48: [AMXX] Run time error 4 (plugin "biohazard.amxx") - debug not enabled!
L 05/19/2011 - 13:56:48: [AMXX] To enable debug mode, add "debug" after the plugin name in plugins.ini (without quotes).
L 05/19/2011 - 13:59:18: [AMXX] Run time error 4 (plugin "biohazard.amxx") - debug not enabled!
L 05/19/2011 - 13:59:18: [AMXX] To enable debug mode, add "debug" after the plugin name in plugins.ini (without quotes).
L 05/19/2011 - 14:02:39: [AMXX] Run time error 4 (plugin "biohazard.amxx") - debug not enabled!
L 05/19/2011 - 14:02:39: [AMXX] To enable debug mode, add "debug" after the plugin name in plugins.ini (without quotes).
L 05/19/2011 - 14:09:12: Start of error session.
L 05/19/2011 - 14:09:12: Info (map "zm_army") (file "addons/amxmodx/logs/error_20110519.log")
L 05/19/2011 - 14:09:12: [AMXX] Run time error 4 (plugin "biohazard.amxx") - debug not enabled!
L 05/19/2011 - 14:09:12: [AMXX] To enable debug mode, add "debug" after the plugin name in plugins.ini (without quotes).
L 05/19/2011 - 14:10:39: [AMXX] Run time error 4 (plugin "biohazard.amxx") - debug not enabled!
L 05/19/2011 - 14:10:39: [AMXX] To enable debug mode, add "debug" after the plugin name in plugins.ini (without quotes).
L 05/19/2011 - 14:14:00: [AMXX] Run time error 4 (plugin "biohazard.amxx") - debug not enabled!
L 05/19/2011 - 14:14:00: [AMXX] To enable debug mode, add "debug" after the plugin name in plugins.ini (without quotes).
L 05/19/2011 - 14:14:38: [AMXX] Run time error 4 (plugin "biohazard.amxx") - debug not enabled!
L 05/19/2011 - 14:14:38: [AMXX] To enable debug mode, add "debug" after the plugin name in plugins.ini (without quotes).
L 05/19/2011 - 14:16:59: [AMXX] Run time error 4 (plugin "biohazard.amxx") - debug not enabled!
L 05/19/2011 - 14:16:59: [AMXX] To enable debug mode, add "debug" after the plugin name in plugins.ini (without quotes).
L 05/19/2011 - 14:20:20: [AMXX] Run time error 4 (plugin "biohazard.amxx") - debug not enabled!
L 05/19/2011 - 14:20:20: [AMXX] To enable debug mode, add "debug" after the plugin name in plugins.ini (without quotes).
L 05/19/2011 - 14:36:00: Start of error session.
L 05/19/2011 - 14:36:00: Info (map "zm_303") (file "addons/amxmodx/logs/error_20110519.log")
L 05/19/2011 - 14:36:00: [AMXX] Run time error 4 (plugin "biohazard.amxx") - debug not enabled!
L 05/19/2011 - 14:36:00: [AMXX] To enable debug mode, add "debug" after the plugin name in plugins.ini (without quotes).
L 05/19/2011 - 14:46:03: [AMXX] Run time error 4 (plugin "biohazard.amxx") - debug not enabled!
L 05/19/2011 - 14:46:03: [AMXX] To enable debug mode, add "debug" after the plugin name in plugins.ini (without quotes).
L 05/19/2011 - 14:57:42: Start of error session.
L 05/19/2011 - 14:57:42: Info (map "zm_desolation_house") (file "addons/amxmodx/logs/error_20110519.log")
L 05/19/2011 - 14:57:42: [AMXX] Run time error 4 (plugin "biohazard.amxx") - debug not enabled!
L 05/19/2011 - 14:57:42: [AMXX] To enable debug mode, add "debug" after the plugin name in plugins.ini (without quotes).
L 05/19/2011 - 15:01:33: [AMXX] Run time error 4 (plugin "biohazard.amxx") - debug not enabled!
L 05/19/2011 - 15:01:33: [AMXX] To enable debug mode, add "debug" after the plugin name in plugins.ini (without quotes).
L 05/19/2011 - 15:04:30: [AMXX] Run time error 4 (plugin "biohazard.amxx") - debug not enabled!
L 05/19/2011 - 15:04:30: [AMXX] To enable debug mode, add "debug" after the plugin name in plugins.ini (without quotes).
L 05/19/2011 - 15:09:11: [AMXX] Run time error 4 (plugin "biohazard.amxx") - debug not enabled!
L 05/19/2011 - 15:09:11: [AMXX] To enable debug mode, add "debug" after the plugin name in plugins.ini (without quotes).
L 05/19/2011 - 15:14:28: Start of error session.
L 05/19/2011 - 15:14:28: Info (map "cs_office") (file "addons/amxmodx/logs/error_20110519.log")
L 05/19/2011 - 15:14:28: [AMXX] Run time error 4 (plugin "biohazard.amxx") - debug not enabled!
L 05/19/2011 - 15:14:28: [AMXX] To enable debug mode, add "debug" after the plugin name in plugins.ini (without quotes).
L 05/19/2011 - 15:14:28: [AMXX] Run time error 4 (plugin "biohazard.amxx") - debug not enabled!
L 05/19/2011 - 15:14:28: [AMXX] To enable debug mode, add "debug" after the plugin name in plugins.ini (without quotes).
L 05/19/2011 - 15:15:35: [AMXX] Run time error 4 (plugin "biohazard.amxx") - debug not enabled!
L 05/19/2011 - 15:15:35: [AMXX] To enable debug mode, add "debug" after the plugin name in plugins.ini (without quotes).
L 05/19/2011 - 15:15:35: [AMXX] Run time error 4 (plugin "biohazard.amxx") - debug not enabled!
L 05/19/2011 - 15:15:35: [AMXX] To enable debug mode, add "debug" after the plugin name in plugins.ini (without quotes).
L 05/19/2011 - 15:15:35: [AMXX] Run time error 4 (plugin "biohazard.amxx") - debug not enabled!
L 05/19/2011 - 15:15:35: [AMXX] To enable debug mode, add "debug" after the plugin name in plugins.ini (without quotes).
L 05/19/2011 - 15:22:17: [AMXX] Run time error 4 (plugin "biohazard.amxx") - debug not enabled!
L 05/19/2011 - 15:22:17: [AMXX] To enable debug mode, add "debug" after the plugin name in plugins.ini (without quotes).
L 05/19/2011 - 16:01:27: Start of error session.
L 05/19/2011 - 16:01:27: Info (map "zm_houses") (file "addons/amxmodx/logs/error_20110519.log")
L 05/19/2011 - 16:01:27: [AMXX] Run time error 4 (plugin "biohazard.amxx") - debug not enabled!
L 05/19/2011 - 16:01:27: [AMXX] To enable debug mode, add "debug" after the plugin name in plugins.ini (without quotes).
L 05/19/2011 - 16:16:53: [AMXX] Run time error 4 (plugin "biohazard.amxx") - debug not enabled!
L 05/19/2011 - 16:16:53: [AMXX] To enable debug mode, add "debug" after the plugin name in plugins.ini (without quotes).
L 05/19/2011 - 16:26:22: Start of error session.
L 05/19/2011 - 16:26:22: Info (map "zm_fdust2x2") (file "addons/amxmodx/logs/error_20110519.log")
L 05/19/2011 - 16:26:22: [AMXX] Run time error 4 (plugin "biohazard.amxx") - debug not enabled!
L 05/19/2011 - 16:26:22: [AMXX] To enable debug mode, add "debug" after the plugin name in plugins.ini (without quotes).
L 05/19/2011 - 16:43:07: Start of error session.
L 05/19/2011 - 16:43:07: Info (map "zm_202") (file "addons/amxmodx/logs/error_20110519.log")
L 05/19/2011 - 16:43:07: [AMXX] Run time error 4 (plugin "biohazard.amxx") - debug not enabled!
L 05/19/2011 - 16:43:07: [AMXX] To enable debug mode, add "debug" after the plugin name in plugins.ini (without quotes).
L 05/19/2011 - 16:46:28: [AMXX] Run time error 4 (plugin "biohazard.amxx") - debug not enabled!
L 05/19/2011 - 16:46:28: [AMXX] To enable debug mode, add "debug" after the plugin name in plugins.ini (without quotes).
L 05/19/2011 - 17:04:41: Start of error session.
L 05/19/2011 - 17:04:41: Info (map "016_rmk") (file "addons/amxmodx/logs/error_20110519.log")
L 05/19/2011 - 17:04:41: [AMXX] Run time error 4 (plugin "biohazard.amxx") - debug not enabled!
L 05/19/2011 - 17:04:41: [AMXX] To enable debug mode, add "debug" after the plugin name in plugins.ini (without quotes).
L 05/19/2011 - 17:04:41: [AMXX] Run time error 4 (plugin "biohazard.amxx") - debug not enabled!
L 05/19/2011 - 17:04:41: [AMXX] To enable debug mode, add "debug" after the plugin name in plugins.ini (without quotes).
L 05/19/2011 - 17:08:02: [AMXX] Run time error 4 (plugin "biohazard.amxx") - debug not enabled!
L 05/19/2011 - 17:08:02: [AMXX] To enable debug mode, add "debug" after the plugin name in plugins.ini (without quotes).
L 05/19/2011 - 17:27:05: Start of error session.
L 05/19/2011 - 17:27:05: Info (map "zm_303") (file "addons/amxmodx/logs/error_20110519.log")
L 05/19/2011 - 17:27:05: [AMXX] Run time error 4 (plugin "biohazard.amxx") - debug not enabled!
L 05/19/2011 - 17:27:05: [AMXX] To enable debug mode, add "debug" after the plugin name in plugins.ini (without quotes).
L 05/19/2011 - 17:44:23: [AMXX] Run time error 4 (plugin "biohazard.amxx") - debug not enabled!
L 05/19/2011 - 17:44:23: [AMXX] To enable debug mode, add "debug" after the plugin name in plugins.ini (without quotes).
L 05/19/2011 - 17:48:05: Start of error session.
L 05/19/2011 - 17:48:05: Info (map "zm_desolation_house") (file "addons/amxmodx/logs/error_20110519.log")
L 05/19/2011 - 17:48:05: [AMXX] Run time error 4 (plugin "biohazard.amxx") - debug not enabled!
L 05/19/2011 - 17:48:05: [AMXX] To enable debug mode, add "debug" after the plugin name in plugins.ini (without quotes).
L 05/19/2011 - 17:51:26: [AMXX] Run time error 4 (plugin "biohazard.amxx") - debug not enabled!
L 05/19/2011 - 17:51:26: [AMXX] To enable debug mode, add "debug" after the plugin name in plugins.ini (without quotes).
L 05/19/2011 - 17:54:47: [AMXX] Run time error 4 (plugin "biohazard.amxx") - debug not enabled!
L 05/19/2011 - 17:54:47: [AMXX] To enable debug mode, add "debug" after the plugin name in plugins.ini (without quotes).
L 05/19/2011 - 18:22:25: Start of error session.
L 05/19/2011 - 18:22:25: Info (map "zm_south_escape_b2") (file "addons/amxmodx/logs/error_20110519.log")
L 05/19/2011 - 18:22:25: [AMXX] Run time error 4 (plugin "biohazard.amxx") - debug not enabled!
L 05/19/2011 - 18:22:25: [AMXX] To enable debug mode, add "debug" after the plugin name in plugins.ini (without quotes).
L 05/19/2011 - 18:32:06: Start of error session.
L 05/19/2011 - 18:32:06: Info (map "cs_office") (file "addons/amxmodx/logs/error_20110519.log")
L 05/19/2011 - 18:32:06: [AMXX] Run time error 4 (plugin "biohazard.amxx") - debug not enabled!
L 05/19/2011 - 18:32:06: [AMXX] To enable debug mode, add "debug" after the plugin name in plugins.ini (without quotes).
L 05/19/2011 - 19:12:43: Start of error session.
L 05/19/2011 - 19:12:43: Info (map "zm_dust_base_fin") (file "addons/amxmodx/logs/error_20110519.log")
L 05/19/2011 - 19:12:43: [AMXX] Run time error 4 (plugin "biohazard.amxx") - debug not enabled!
L 05/19/2011 - 19:12:43: [AMXX] To enable debug mode, add "debug" after the plugin name in plugins.ini (without quotes).
L 05/19/2011 - 19:16:04: [AMXX] Run time error 4 (plugin "biohazard.amxx") - debug not enabled!
L 05/19/2011 - 19:16:04: [AMXX] To enable debug mode, add "debug" after the plugin name in plugins.ini (without quotes).
L 05/19/2011 - 19:16:04: [AMXX] Run time error 4 (plugin "biohazard.amxx") - debug not enabled!
L 05/19/2011 - 19:16:04: [AMXX] To enable debug mode, add "debug" after the plugin name in plugins.ini (without quotes).
L 05/19/2011 - 19:19:25: [AMXX] Run time error 4 (plugin "biohazard.amxx") - debug not enabled!
L 05/19/2011 - 19:19:25: [AMXX] To enable debug mode, add "debug" after the plugin name in plugins.ini (without quotes).
L 05/19/2011 - 19:22:47: [AMXX] Run time error 4 (plugin "biohazard.amxx") - debug not enabled!
L 05/19/2011 - 19:22:47: [AMXX] To enable debug mode, add "debug" after the plugin name in plugins.ini (without quotes).
L 05/19/2011 - 19:29:42: [AMXX] Run time error 4 (plugin "biohazard.amxx") - debug not enabled!
L 05/19/2011 - 19:29:42: [AMXX] To enable debug mode, add "debug" after the plugin name in plugins.ini (without quotes).
L 05/19/2011 - 19:36:31: Start of error session.
L 05/19/2011 - 19:36:31: Info (map "cs_militia") (file "addons/amxmodx/logs/error_20110519.log")
L 05/19/2011 - 19:36:31: [AMXX] Run time error 4 (plugin "biohazard.amxx") - debug not enabled!
L 05/19/2011 - 19:36:31: [AMXX] To enable debug mode, add "debug" after the plugin name in plugins.ini (without quotes).
L 05/19/2011 - 20:25:05: Start of error session.
L 05/19/2011 - 20:25:05: Info (map "ze_jurassickpark3_lg") (file "addons/amxmodx/logs/error_20110519.log")
L 05/19/2011 - 20:25:05: [AMXX] Run time error 4 (plugin "biohazard.amxx") - debug not enabled!
L 05/19/2011 - 20:25:05: [AMXX] To enable debug mode, add "debug" after the plugin name in plugins.ini (without quotes).
L 05/19/2011 - 21:09:01: Start of error session.
L 05/19/2011 - 21:09:01: Info (map "zm_fdust2x2") (file "addons/amxmodx/logs/error_20110519.log")
L 05/19/2011 - 21:09:01: [AMXX] Run time error 4 (plugin "biohazard.amxx") - debug not enabled!
L 05/19/2011 - 21:09:01: [AMXX] To enable debug mode, add "debug" after the plugin name in plugins.ini (without quotes).
L 05/19/2011 - 21:28:21: [AMXX] Run time error 4 (plugin "biohazard.amxx") - debug not enabled!
L 05/19/2011 - 21:28:21: [AMXX] To enable debug mode, add "debug" after the plugin name in plugins.ini (without quotes).
L 05/19/2011 - 21:59:28: Start of error session.
L 05/19/2011 - 21:59:28: Info (map "cs_office") (file "addons/amxmodx/logs/error_20110519.log")
L 05/19/2011 - 21:59:28: [AMXX] Run time error 4 (plugin "biohazard.amxx") - debug not enabled!
L 05/19/2011 - 21:59:28: [AMXX] To enable debug mode, add "debug" after the plugin name in plugins.ini (without quotes).
L 05/19/2011 - 23:45:41: Start of error session.
L 05/19/2011 - 23:45:41: Info (map "zm_army") (file "addons/amxmodx/logs/error_20110519.log")
L 05/19/2011 - 23:45:41: [AMXX] Run time error 4 (plugin "biohazard.amxx") - debug not enabled!
L 05/19/2011 - 23:45:41: [AMXX] To enable debug mode, add "debug" after the plugin name in plugins.ini (without quotes).
