L 05/17/2011 - 00:12:51: Start of error session.
L 05/17/2011 - 00:12:51: Info (map "ze_jurassickpark3_lg") (file "addons/amxmodx/logs/error_20110517.log")
L 05/17/2011 - 00:12:51: [AMXX] Run time error 4 (plugin "biohazard.amxx") - debug not enabled!
L 05/17/2011 - 00:12:51: [AMXX] To enable debug mode, add "debug" after the plugin name in plugins.ini (without quotes).
L 05/17/2011 - 01:46:19: Start of error session.
L 05/17/2011 - 01:46:19: Info (map "cs_estate") (file "addons/amxmodx/logs/error_20110517.log")
L 05/17/2011 - 01:46:19: [AMXX] Run time error 4 (plugin "biohazard.amxx") - debug not enabled!
L 05/17/2011 - 01:46:19: [AMXX] To enable debug mode, add "debug" after the plugin name in plugins.ini (without quotes).
L 05/17/2011 - 01:48:51: [AMXX] Run time error 4 (plugin "biohazard.amxx") - debug not enabled!
L 05/17/2011 - 01:48:51: [AMXX] To enable debug mode, add "debug" after the plugin name in plugins.ini (without quotes).
L 05/17/2011 - 01:52:12: [AMXX] Run time error 4 (plugin "biohazard.amxx") - debug not enabled!
L 05/17/2011 - 01:52:12: [AMXX] To enable debug mode, add "debug" after the plugin name in plugins.ini (without quotes).
L 05/17/2011 - 05:07:14: Start of error session.
L 05/17/2011 - 05:07:14: Info (map "cs_estate") (file "addons/amxmodx/logs/error_20110517.log")
L 05/17/2011 - 05:07:14: [AMXX] Run time error 4 (plugin "biohazard.amxx") - debug not enabled!
L 05/17/2011 - 05:07:14: [AMXX] To enable debug mode, add "debug" after the plugin name in plugins.ini (without quotes).
L 05/17/2011 - 05:12:49: [AMXX] Run time error 4 (plugin "biohazard.amxx") - debug not enabled!
L 05/17/2011 - 05:12:49: [AMXX] To enable debug mode, add "debug" after the plugin name in plugins.ini (without quotes).
L 05/17/2011 - 05:17:39: [AMXX] Run time error 4 (plugin "biohazard.amxx") - debug not enabled!
L 05/17/2011 - 05:17:39: [AMXX] To enable debug mode, add "debug" after the plugin name in plugins.ini (without quotes).
L 05/17/2011 - 07:55:24: Start of error session.
L 05/17/2011 - 07:55:24: Info (map "cs_estate") (file "addons/amxmodx/logs/error_20110517.log")
L 05/17/2011 - 07:55:24: [AMXX] Run time error 4 (plugin "biohazard.amxx") - debug not enabled!
L 05/17/2011 - 07:55:24: [AMXX] To enable debug mode, add "debug" after the plugin name in plugins.ini (without quotes).
L 05/17/2011 - 07:58:01: Start of error session.
L 05/17/2011 - 07:58:01: Info (map "zm_neris") (file "addons/amxmodx/logs/error_20110517.log")
L 05/17/2011 - 07:58:01: [AMXX] Run time error 4 (plugin "biohazard.amxx") - debug not enabled!
L 05/17/2011 - 07:58:01: [AMXX] To enable debug mode, add "debug" after the plugin name in plugins.ini (without quotes).
L 05/17/2011 - 08:54:23: Start of error session.
L 05/17/2011 - 08:54:23: Info (map "zm_303") (file "addons/amxmodx/logs/error_20110517.log")
L 05/17/2011 - 08:54:23: [AMXX] Run time error 4 (plugin "biohazard.amxx") - debug not enabled!
L 05/17/2011 - 08:54:23: [AMXX] To enable debug mode, add "debug" after the plugin name in plugins.ini (without quotes).
L 05/17/2011 - 08:56:08: [AMXX] Run time error 4 (plugin "biohazard.amxx") - debug not enabled!
L 05/17/2011 - 08:56:08: [AMXX] To enable debug mode, add "debug" after the plugin name in plugins.ini (without quotes).
L 05/17/2011 - 08:56:08: [AMXX] Run time error 4 (plugin "biohazard.amxx") - debug not enabled!
L 05/17/2011 - 08:56:08: [AMXX] To enable debug mode, add "debug" after the plugin name in plugins.ini (without quotes).
L 05/17/2011 - 08:59:07: [AMXX] Run time error 4 (plugin "biohazard.amxx") - debug not enabled!
L 05/17/2011 - 08:59:07: [AMXX] To enable debug mode, add "debug" after the plugin name in plugins.ini (without quotes).
L 05/17/2011 - 08:59:07: [AMXX] Run time error 4 (plugin "biohazard.amxx") - debug not enabled!
L 05/17/2011 - 08:59:07: [AMXX] To enable debug mode, add "debug" after the plugin name in plugins.ini (without quotes).
L 05/17/2011 - 09:01:58: [AMXX] Run time error 4 (plugin "biohazard.amxx") - debug not enabled!
L 05/17/2011 - 09:01:58: [AMXX] To enable debug mode, add "debug" after the plugin name in plugins.ini (without quotes).
L 05/17/2011 - 09:01:58: [AMXX] Run time error 4 (plugin "biohazard.amxx") - debug not enabled!
L 05/17/2011 - 09:01:58: [AMXX] To enable debug mode, add "debug" after the plugin name in plugins.ini (without quotes).
L 05/17/2011 - 09:04:30: [AMXX] Run time error 4 (plugin "biohazard.amxx") - debug not enabled!
L 05/17/2011 - 09:04:30: [AMXX] To enable debug mode, add "debug" after the plugin name in plugins.ini (without quotes).
L 05/17/2011 - 09:04:30: [AMXX] Run time error 4 (plugin "biohazard.amxx") - debug not enabled!
L 05/17/2011 - 09:04:30: [AMXX] To enable debug mode, add "debug" after the plugin name in plugins.ini (without quotes).
L 05/17/2011 - 09:04:30: [AMXX] Run time error 4 (plugin "biohazard.amxx") - debug not enabled!
L 05/17/2011 - 09:04:30: [AMXX] To enable debug mode, add "debug" after the plugin name in plugins.ini (without quotes).
L 05/17/2011 - 09:06:41: [AMXX] Run time error 4 (plugin "biohazard.amxx") - debug not enabled!
L 05/17/2011 - 09:06:41: [AMXX] To enable debug mode, add "debug" after the plugin name in plugins.ini (without quotes).
L 05/17/2011 - 09:06:41: [AMXX] Run time error 4 (plugin "biohazard.amxx") - debug not enabled!
L 05/17/2011 - 09:06:41: [AMXX] To enable debug mode, add "debug" after the plugin name in plugins.ini (without quotes).
L 05/17/2011 - 09:09:00: [AMXX] Run time error 4 (plugin "biohazard.amxx") - debug not enabled!
L 05/17/2011 - 09:09:00: [AMXX] To enable debug mode, add "debug" after the plugin name in plugins.ini (without quotes).
L 05/17/2011 - 09:09:00: [AMXX] Run time error 4 (plugin "biohazard.amxx") - debug not enabled!
L 05/17/2011 - 09:09:00: [AMXX] To enable debug mode, add "debug" after the plugin name in plugins.ini (without quotes).
L 05/17/2011 - 09:11:40: [AMXX] Run time error 4 (plugin "biohazard.amxx") - debug not enabled!
L 05/17/2011 - 09:11:40: [AMXX] To enable debug mode, add "debug" after the plugin name in plugins.ini (without quotes).
L 05/17/2011 - 09:11:40: [AMXX] Run time error 4 (plugin "biohazard.amxx") - debug not enabled!
L 05/17/2011 - 09:11:40: [AMXX] To enable debug mode, add "debug" after the plugin name in plugins.ini (without quotes).
L 05/17/2011 - 09:13:04: [AMXX] Run time error 4 (plugin "biohazard.amxx") - debug not enabled!
L 05/17/2011 - 09:13:04: [AMXX] To enable debug mode, add "debug" after the plugin name in plugins.ini (without quotes).
L 05/17/2011 - 09:13:04: [AMXX] Run time error 4 (plugin "biohazard.amxx") - debug not enabled!
L 05/17/2011 - 09:13:04: [AMXX] To enable debug mode, add "debug" after the plugin name in plugins.ini (without quotes).
L 05/17/2011 - 09:14:37: Start of error session.
L 05/17/2011 - 09:14:37: Info (map "de_dust") (file "addons/amxmodx/logs/error_20110517.log")
L 05/17/2011 - 09:14:37: [AMXX] Run time error 4 (plugin "biohazard.amxx") - debug not enabled!
L 05/17/2011 - 09:14:37: [AMXX] To enable debug mode, add "debug" after the plugin name in plugins.ini (without quotes).
L 05/17/2011 - 09:17:16: [AMXX] Run time error 4 (plugin "biohazard.amxx") - debug not enabled!
L 05/17/2011 - 09:17:16: [AMXX] To enable debug mode, add "debug" after the plugin name in plugins.ini (without quotes).
L 05/17/2011 - 09:19:47: [AMXX] Run time error 4 (plugin "biohazard.amxx") - debug not enabled!
L 05/17/2011 - 09:19:47: [AMXX] To enable debug mode, add "debug" after the plugin name in plugins.ini (without quotes).
L 05/17/2011 - 09:23:53: [AMXX] Run time error 4 (plugin "biohazard.amxx") - debug not enabled!
L 05/17/2011 - 09:23:53: [AMXX] To enable debug mode, add "debug" after the plugin name in plugins.ini (without quotes).
L 05/17/2011 - 09:26:21: [AMXX] Run time error 4 (plugin "biohazard.amxx") - debug not enabled!
L 05/17/2011 - 09:26:21: [AMXX] To enable debug mode, add "debug" after the plugin name in plugins.ini (without quotes).
L 05/17/2011 - 09:30:12: Start of error session.
L 05/17/2011 - 09:30:12: Info (map "016_rmk") (file "addons/amxmodx/logs/error_20110517.log")
L 05/17/2011 - 09:30:12: [AMXX] Run time error 4 (plugin "biohazard.amxx") - debug not enabled!
L 05/17/2011 - 09:30:12: [AMXX] To enable debug mode, add "debug" after the plugin name in plugins.ini (without quotes).
L 05/17/2011 - 09:30:12: [AMXX] Run time error 4 (plugin "biohazard.amxx") - debug not enabled!
L 05/17/2011 - 09:30:12: [AMXX] To enable debug mode, add "debug" after the plugin name in plugins.ini (without quotes).
L 05/17/2011 - 10:31:56: Start of error session.
L 05/17/2011 - 10:31:56: Info (map "zm_dust_base_fin") (file "addons/amxmodx/logs/error_20110517.log")
L 05/17/2011 - 10:31:56: [AMXX] Run time error 4 (plugin "biohazard.amxx") - debug not enabled!
L 05/17/2011 - 10:31:56: [AMXX] To enable debug mode, add "debug" after the plugin name in plugins.ini (without quotes).
L 05/17/2011 - 10:35:45: [AMXX] Run time error 4 (plugin "biohazard.amxx") - debug not enabled!
L 05/17/2011 - 10:35:45: [AMXX] To enable debug mode, add "debug" after the plugin name in plugins.ini (without quotes).
L 05/17/2011 - 10:39:22: [AMXX] Run time error 4 (plugin "biohazard.amxx") - debug not enabled!
L 05/17/2011 - 10:39:22: [AMXX] To enable debug mode, add "debug" after the plugin name in plugins.ini (without quotes).
L 05/17/2011 - 10:42:43: [AMXX] Run time error 4 (plugin "biohazard.amxx") - debug not enabled!
L 05/17/2011 - 10:42:43: [AMXX] To enable debug mode, add "debug" after the plugin name in plugins.ini (without quotes).
L 05/17/2011 - 10:46:04: [AMXX] Run time error 4 (plugin "biohazard.amxx") - debug not enabled!
L 05/17/2011 - 10:46:04: [AMXX] To enable debug mode, add "debug" after the plugin name in plugins.ini (without quotes).
L 05/17/2011 - 10:47:39: Start of error session.
L 05/17/2011 - 10:47:39: Info (map "zm_army") (file "addons/amxmodx/logs/error_20110517.log")
L 05/17/2011 - 10:47:39: [AMXX] Run time error 4 (plugin "biohazard.amxx") - debug not enabled!
L 05/17/2011 - 10:47:39: [AMXX] To enable debug mode, add "debug" after the plugin name in plugins.ini (without quotes).
L 05/17/2011 - 10:48:35: [AMXX] Run time error 4 (plugin "biohazard.amxx") - debug not enabled!
L 05/17/2011 - 10:48:35: [AMXX] To enable debug mode, add "debug" after the plugin name in plugins.ini (without quotes).
L 05/17/2011 - 10:50:33: [AMXX] Run time error 4 (plugin "biohazard.amxx") - debug not enabled!
L 05/17/2011 - 10:50:33: [AMXX] To enable debug mode, add "debug" after the plugin name in plugins.ini (without quotes).
L 05/17/2011 - 10:52:00: [AMXX] Run time error 4 (plugin "biohazard.amxx") - debug not enabled!
L 05/17/2011 - 10:52:00: [AMXX] To enable debug mode, add "debug" after the plugin name in plugins.ini (without quotes).
L 05/17/2011 - 10:52:53: [AMXX] Run time error 4 (plugin "biohazard.amxx") - debug not enabled!
L 05/17/2011 - 10:52:53: [AMXX] To enable debug mode, add "debug" after the plugin name in plugins.ini (without quotes).
L 05/17/2011 - 10:56:14: [AMXX] Run time error 4 (plugin "biohazard.amxx") - debug not enabled!
L 05/17/2011 - 10:56:14: [AMXX] To enable debug mode, add "debug" after the plugin name in plugins.ini (without quotes).
L 05/17/2011 - 11:13:00: Start of error session.
L 05/17/2011 - 11:13:00: Info (map "zm_houses") (file "addons/amxmodx/logs/error_20110517.log")
L 05/17/2011 - 11:13:00: [AMXX] Run time error 4 (plugin "biohazard.amxx") - debug not enabled!
L 05/17/2011 - 11:13:00: [AMXX] To enable debug mode, add "debug" after the plugin name in plugins.ini (without quotes).
L 05/17/2011 - 11:14:28: [AMXX] Run time error 4 (plugin "biohazard.amxx") - debug not enabled!
L 05/17/2011 - 11:14:28: [AMXX] To enable debug mode, add "debug" after the plugin name in plugins.ini (without quotes).
L 05/17/2011 - 11:50:12: Start of error session.
L 05/17/2011 - 11:50:12: Info (map "zm_neris") (file "addons/amxmodx/logs/error_20110517.log")
L 05/17/2011 - 11:50:12: [AMXX] Run time error 4 (plugin "biohazard.amxx") - debug not enabled!
L 05/17/2011 - 11:50:12: [AMXX] To enable debug mode, add "debug" after the plugin name in plugins.ini (without quotes).
L 05/17/2011 - 12:08:35: Start of error session.
L 05/17/2011 - 12:08:35: Info (map "zm_desolation_house") (file "addons/amxmodx/logs/error_20110517.log")
L 05/17/2011 - 12:08:35: [AMXX] Run time error 4 (plugin "biohazard.amxx") - debug not enabled!
L 05/17/2011 - 12:08:35: [AMXX] To enable debug mode, add "debug" after the plugin name in plugins.ini (without quotes).
L 05/17/2011 - 12:09:28: [AMXX] Run time error 4 (plugin "biohazard.amxx") - debug not enabled!
L 05/17/2011 - 12:09:28: [AMXX] To enable debug mode, add "debug" after the plugin name in plugins.ini (without quotes).
L 05/17/2011 - 12:12:45: [AMXX] Run time error 4 (plugin "biohazard.amxx") - debug not enabled!
L 05/17/2011 - 12:12:45: [AMXX] To enable debug mode, add "debug" after the plugin name in plugins.ini (without quotes).
L 05/17/2011 - 12:14:24: [AMXX] Run time error 4 (plugin "biohazard.amxx") - debug not enabled!
L 05/17/2011 - 12:14:24: [AMXX] To enable debug mode, add "debug" after the plugin name in plugins.ini (without quotes).
L 05/17/2011 - 12:16:41: [AMXX] Run time error 4 (plugin "biohazard.amxx") - debug not enabled!
L 05/17/2011 - 12:16:41: [AMXX] To enable debug mode, add "debug" after the plugin name in plugins.ini (without quotes).
L 05/17/2011 - 12:19:27: [AMXX] Run time error 4 (plugin "biohazard.amxx") - debug not enabled!
L 05/17/2011 - 12:19:27: [AMXX] To enable debug mode, add "debug" after the plugin name in plugins.ini (without quotes).
L 05/17/2011 - 12:22:48: [AMXX] Run time error 4 (plugin "biohazard.amxx") - debug not enabled!
L 05/17/2011 - 12:22:48: [AMXX] To enable debug mode, add "debug" after the plugin name in plugins.ini (without quotes).
L 05/17/2011 - 12:25:32: [AMXX] Run time error 4 (plugin "biohazard.amxx") - debug not enabled!
L 05/17/2011 - 12:25:32: [AMXX] To enable debug mode, add "debug" after the plugin name in plugins.ini (without quotes).
L 05/17/2011 - 12:25:32: [AMXX] Run time error 4 (plugin "biohazard.amxx") - debug not enabled!
L 05/17/2011 - 12:25:32: [AMXX] To enable debug mode, add "debug" after the plugin name in plugins.ini (without quotes).
L 05/17/2011 - 12:46:45: Start of error session.
L 05/17/2011 - 12:46:45: Info (map "zm_fdust2x2") (file "addons/amxmodx/logs/error_20110517.log")
L 05/17/2011 - 12:46:45: [AMXX] Run time error 4 (plugin "biohazard.amxx") - debug not enabled!
L 05/17/2011 - 12:46:45: [AMXX] To enable debug mode, add "debug" after the plugin name in plugins.ini (without quotes).
L 05/17/2011 - 13:23:28: Start of error session.
L 05/17/2011 - 13:23:28: Info (map "016_rmk") (file "addons/amxmodx/logs/error_20110517.log")
L 05/17/2011 - 13:23:28: [AMXX] Run time error 4 (plugin "biohazard.amxx") - debug not enabled!
L 05/17/2011 - 13:23:28: [AMXX] To enable debug mode, add "debug" after the plugin name in plugins.ini (without quotes).
L 05/17/2011 - 13:25:26: [AMXX] Run time error 4 (plugin "biohazard.amxx") - debug not enabled!
L 05/17/2011 - 13:25:26: [AMXX] To enable debug mode, add "debug" after the plugin name in plugins.ini (without quotes).
L 05/17/2011 - 13:35:01: [AMXX] Run time error 4 (plugin "biohazard.amxx") - debug not enabled!
L 05/17/2011 - 13:35:01: [AMXX] To enable debug mode, add "debug" after the plugin name in plugins.ini (without quotes).
L 05/17/2011 - 13:38:22: [AMXX] Run time error 4 (plugin "biohazard.amxx") - debug not enabled!
L 05/17/2011 - 13:38:22: [AMXX] To enable debug mode, add "debug" after the plugin name in plugins.ini (without quotes).
L 05/17/2011 - 13:55:48: Start of error session.
L 05/17/2011 - 13:55:48: Info (map "zm_303") (file "addons/amxmodx/logs/error_20110517.log")
L 05/17/2011 - 13:55:48: [AMXX] Run time error 4 (plugin "biohazard.amxx") - debug not enabled!
L 05/17/2011 - 13:55:48: [AMXX] To enable debug mode, add "debug" after the plugin name in plugins.ini (without quotes).
L 05/17/2011 - 14:00:11: [AMXX] Run time error 4 (plugin "biohazard.amxx") - debug not enabled!
L 05/17/2011 - 14:00:11: [AMXX] To enable debug mode, add "debug" after the plugin name in plugins.ini (without quotes).
L 05/17/2011 - 14:21:38: Start of error session.
L 05/17/2011 - 14:21:38: Info (map "de_dust") (file "addons/amxmodx/logs/error_20110517.log")
L 05/17/2011 - 14:21:38: [AMXX] Run time error 4 (plugin "biohazard.amxx") - debug not enabled!
L 05/17/2011 - 14:21:38: [AMXX] To enable debug mode, add "debug" after the plugin name in plugins.ini (without quotes).
L 05/17/2011 - 14:23:30: [AMXX] Run time error 4 (plugin "biohazard.amxx") - debug not enabled!
L 05/17/2011 - 14:23:30: [AMXX] To enable debug mode, add "debug" after the plugin name in plugins.ini (without quotes).
L 05/17/2011 - 14:27:40: Start of error session.
L 05/17/2011 - 14:27:40: Info (map "zm_die_hard_tn") (file "addons/amxmodx/logs/error_20110517.log")
L 05/17/2011 - 14:27:40: [AMXX] Run time error 4 (plugin "biohazard.amxx") - debug not enabled!
L 05/17/2011 - 14:27:40: [AMXX] To enable debug mode, add "debug" after the plugin name in plugins.ini (without quotes).
L 05/17/2011 - 14:41:28: [AMXX] Run time error 4 (plugin "biohazard.amxx") - debug not enabled!
L 05/17/2011 - 14:41:28: [AMXX] To enable debug mode, add "debug" after the plugin name in plugins.ini (without quotes).
L 05/17/2011 - 14:44:49: [AMXX] Run time error 4 (plugin "biohazard.amxx") - debug not enabled!
L 05/17/2011 - 14:44:49: [AMXX] To enable debug mode, add "debug" after the plugin name in plugins.ini (without quotes).
L 05/17/2011 - 14:48:04: [AMXX] Run time error 4 (plugin "biohazard.amxx") - debug not enabled!
L 05/17/2011 - 14:48:04: [AMXX] To enable debug mode, add "debug" after the plugin name in plugins.ini (without quotes).
L 05/17/2011 - 15:07:14: Start of error session.
L 05/17/2011 - 15:07:14: Info (map "zm_army") (file "addons/amxmodx/logs/error_20110517.log")
L 05/17/2011 - 15:07:14: [AMXX] Run time error 4 (plugin "biohazard.amxx") - debug not enabled!
L 05/17/2011 - 15:07:14: [AMXX] To enable debug mode, add "debug" after the plugin name in plugins.ini (without quotes).
L 05/17/2011 - 15:20:13: Start of error session.
L 05/17/2011 - 15:20:13: Info (map "cs_office") (file "addons/amxmodx/logs/error_20110517.log")
L 05/17/2011 - 15:20:13: [AMXX] Run time error 4 (plugin "biohazard.amxx") - debug not enabled!
L 05/17/2011 - 15:20:13: [AMXX] To enable debug mode, add "debug" after the plugin name in plugins.ini (without quotes).
L 05/17/2011 - 15:26:08: [AMXX] Run time error 4 (plugin "biohazard.amxx") - debug not enabled!
L 05/17/2011 - 15:26:08: [AMXX] To enable debug mode, add "debug" after the plugin name in plugins.ini (without quotes).
L 05/17/2011 - 15:27:48: [AMXX] Run time error 4 (plugin "biohazard.amxx") - debug not enabled!
L 05/17/2011 - 15:27:48: [AMXX] To enable debug mode, add "debug" after the plugin name in plugins.ini (without quotes).
L 05/17/2011 - 15:31:08: [AMXX] Run time error 4 (plugin "biohazard.amxx") - debug not enabled!
L 05/17/2011 - 15:31:08: [AMXX] To enable debug mode, add "debug" after the plugin name in plugins.ini (without quotes).
L 05/17/2011 - 15:34:29: [AMXX] Run time error 4 (plugin "biohazard.amxx") - debug not enabled!
L 05/17/2011 - 15:34:29: [AMXX] To enable debug mode, add "debug" after the plugin name in plugins.ini (without quotes).
L 05/17/2011 - 15:37:50: [AMXX] Run time error 4 (plugin "biohazard.amxx") - debug not enabled!
L 05/17/2011 - 15:37:50: [AMXX] To enable debug mode, add "debug" after the plugin name in plugins.ini (without quotes).
L 05/17/2011 - 15:44:32: [AMXX] Run time error 4 (plugin "biohazard.amxx") - debug not enabled!
L 05/17/2011 - 15:44:32: [AMXX] To enable debug mode, add "debug" after the plugin name in plugins.ini (without quotes).
L 05/17/2011 - 15:51:03: Start of error session.
L 05/17/2011 - 15:51:03: Info (map "zm_houses") (file "addons/amxmodx/logs/error_20110517.log")
L 05/17/2011 - 15:51:03: [AMXX] Run time error 4 (plugin "biohazard.amxx") - debug not enabled!
L 05/17/2011 - 15:51:03: [AMXX] To enable debug mode, add "debug" after the plugin name in plugins.ini (without quotes).
L 05/17/2011 - 15:54:24: [AMXX] Run time error 4 (plugin "biohazard.amxx") - debug not enabled!
L 05/17/2011 - 15:54:24: [AMXX] To enable debug mode, add "debug" after the plugin name in plugins.ini (without quotes).
L 05/17/2011 - 15:54:24: [AMXX] Run time error 4 (plugin "biohazard.amxx") - debug not enabled!
L 05/17/2011 - 15:54:24: [AMXX] To enable debug mode, add "debug" after the plugin name in plugins.ini (without quotes).
L 05/17/2011 - 15:57:45: [AMXX] Run time error 4 (plugin "biohazard.amxx") - debug not enabled!
L 05/17/2011 - 15:57:45: [AMXX] To enable debug mode, add "debug" after the plugin name in plugins.ini (without quotes).
L 05/17/2011 - 15:57:45: [AMXX] Run time error 4 (plugin "biohazard.amxx") - debug not enabled!
L 05/17/2011 - 15:57:45: [AMXX] To enable debug mode, add "debug" after the plugin name in plugins.ini (without quotes).
L 05/17/2011 - 16:02:14: [AMXX] Run time error 4 (plugin "biohazard.amxx") - debug not enabled!
L 05/17/2011 - 16:02:14: [AMXX] To enable debug mode, add "debug" after the plugin name in plugins.ini (without quotes).
L 05/17/2011 - 16:02:14: [AMXX] Run time error 4 (plugin "biohazard.amxx") - debug not enabled!
L 05/17/2011 - 16:02:14: [AMXX] To enable debug mode, add "debug" after the plugin name in plugins.ini (without quotes).
L 05/17/2011 - 16:03:15: [AMXX] Run time error 4 (plugin "biohazard.amxx") - debug not enabled!
L 05/17/2011 - 16:03:15: [AMXX] To enable debug mode, add "debug" after the plugin name in plugins.ini (without quotes).
L 05/17/2011 - 16:10:37: Start of error session.
L 05/17/2011 - 16:10:37: Info (map "zm_desolation_house") (file "addons/amxmodx/logs/error_20110517.log")
L 05/17/2011 - 16:10:37: [AMXX] Run time error 4 (plugin "biohazard.amxx") - debug not enabled!
L 05/17/2011 - 16:10:37: [AMXX] To enable debug mode, add "debug" after the plugin name in plugins.ini (without quotes).
L 05/17/2011 - 16:10:37: [AMXX] Run time error 4 (plugin "biohazard.amxx") - debug not enabled!
L 05/17/2011 - 16:10:37: [AMXX] To enable debug mode, add "debug" after the plugin name in plugins.ini (without quotes).
L 05/17/2011 - 16:10:37: [AMXX] Run time error 4 (plugin "biohazard.amxx") - debug not enabled!
L 05/17/2011 - 16:10:37: [AMXX] To enable debug mode, add "debug" after the plugin name in plugins.ini (without quotes).
L 05/17/2011 - 16:10:37: [AMXX] Run time error 4 (plugin "biohazard.amxx") - debug not enabled!
L 05/17/2011 - 16:10:37: [AMXX] To enable debug mode, add "debug" after the plugin name in plugins.ini (without quotes).
L 05/17/2011 - 16:10:37: [AMXX] Run time error 4 (plugin "biohazard.amxx") - debug not enabled!
L 05/17/2011 - 16:10:37: [AMXX] To enable debug mode, add "debug" after the plugin name in plugins.ini (without quotes).
L 05/17/2011 - 16:10:37: [AMXX] Run time error 4 (plugin "biohazard.amxx") - debug not enabled!
L 05/17/2011 - 16:10:37: [AMXX] To enable debug mode, add "debug" after the plugin name in plugins.ini (without quotes).
L 05/17/2011 - 16:13:17: [AMXX] Run time error 4 (plugin "biohazard.amxx") - debug not enabled!
L 05/17/2011 - 16:13:17: [AMXX] To enable debug mode, add "debug" after the plugin name in plugins.ini (without quotes).
L 05/17/2011 - 16:13:17: [AMXX] Run time error 4 (plugin "biohazard.amxx") - debug not enabled!
L 05/17/2011 - 16:13:17: [AMXX] To enable debug mode, add "debug" after the plugin name in plugins.ini (without quotes).
L 05/17/2011 - 16:13:17: [AMXX] Run time error 4 (plugin "biohazard.amxx") - debug not enabled!
L 05/17/2011 - 16:13:17: [AMXX] To enable debug mode, add "debug" after the plugin name in plugins.ini (without quotes).
L 05/17/2011 - 16:17:20: [AMXX] Run time error 4 (plugin "biohazard.amxx") - debug not enabled!
L 05/17/2011 - 16:17:20: [AMXX] To enable debug mode, add "debug" after the plugin name in plugins.ini (without quotes).
L 05/17/2011 - 16:17:20: [AMXX] Run time error 4 (plugin "biohazard.amxx") - debug not enabled!
L 05/17/2011 - 16:17:20: [AMXX] To enable debug mode, add "debug" after the plugin name in plugins.ini (without quotes).
L 05/17/2011 - 16:17:20: [AMXX] Run time error 4 (plugin "biohazard.amxx") - debug not enabled!
L 05/17/2011 - 16:17:20: [AMXX] To enable debug mode, add "debug" after the plugin name in plugins.ini (without quotes).
L 05/17/2011 - 16:17:56: [AMXX] Run time error 4 (plugin "biohazard.amxx") - debug not enabled!
L 05/17/2011 - 16:17:56: [AMXX] To enable debug mode, add "debug" after the plugin name in plugins.ini (without quotes).
L 05/17/2011 - 16:21:17: [AMXX] Run time error 4 (plugin "biohazard.amxx") - debug not enabled!
L 05/17/2011 - 16:21:17: [AMXX] To enable debug mode, add "debug" after the plugin name in plugins.ini (without quotes).
L 05/17/2011 - 16:21:17: [AMXX] Run time error 4 (plugin "biohazard.amxx") - debug not enabled!
L 05/17/2011 - 16:21:17: [AMXX] To enable debug mode, add "debug" after the plugin name in plugins.ini (without quotes).
L 05/17/2011 - 16:21:17: [AMXX] Run time error 4 (plugin "biohazard.amxx") - debug not enabled!
L 05/17/2011 - 16:21:17: [AMXX] To enable debug mode, add "debug" after the plugin name in plugins.ini (without quotes).
L 05/17/2011 - 16:21:17: [AMXX] Run time error 4 (plugin "biohazard.amxx") - debug not enabled!
L 05/17/2011 - 16:21:17: [AMXX] To enable debug mode, add "debug" after the plugin name in plugins.ini (without quotes).
L 05/17/2011 - 16:24:18: [AMXX] Run time error 4 (plugin "biohazard.amxx") - debug not enabled!
L 05/17/2011 - 16:24:18: [AMXX] To enable debug mode, add "debug" after the plugin name in plugins.ini (without quotes).
L 05/17/2011 - 16:24:18: [AMXX] Run time error 4 (plugin "biohazard.amxx") - debug not enabled!
L 05/17/2011 - 16:24:18: [AMXX] To enable debug mode, add "debug" after the plugin name in plugins.ini (without quotes).
L 05/17/2011 - 16:24:18: [AMXX] Run time error 4 (plugin "biohazard.amxx") - debug not enabled!
L 05/17/2011 - 16:24:18: [AMXX] To enable debug mode, add "debug" after the plugin name in plugins.ini (without quotes).
L 05/17/2011 - 16:27:39: [AMXX] Run time error 4 (plugin "biohazard.amxx") - debug not enabled!
L 05/17/2011 - 16:27:39: [AMXX] To enable debug mode, add "debug" after the plugin name in plugins.ini (without quotes).
L 05/17/2011 - 16:31:22: Start of error session.
L 05/17/2011 - 16:31:22: Info (map "zm_neris") (file "addons/amxmodx/logs/error_20110517.log")
L 05/17/2011 - 16:31:22: [AMXX] Run time error 4 (plugin "biohazard.amxx") - debug not enabled!
L 05/17/2011 - 16:31:22: [AMXX] To enable debug mode, add "debug" after the plugin name in plugins.ini (without quotes).
L 05/17/2011 - 16:31:22: [AMXX] Run time error 4 (plugin "biohazard.amxx") - debug not enabled!
L 05/17/2011 - 16:31:22: [AMXX] To enable debug mode, add "debug" after the plugin name in plugins.ini (without quotes).
L 05/17/2011 - 16:33:42: [AMXX] Run time error 4 (plugin "biohazard.amxx") - debug not enabled!
L 05/17/2011 - 16:33:42: [AMXX] To enable debug mode, add "debug" after the plugin name in plugins.ini (without quotes).
L 05/17/2011 - 16:33:42: [AMXX] Run time error 4 (plugin "biohazard.amxx") - debug not enabled!
L 05/17/2011 - 16:33:42: [AMXX] To enable debug mode, add "debug" after the plugin name in plugins.ini (without quotes).
L 05/17/2011 - 16:39:07: [AMXX] Run time error 4 (plugin "biohazard.amxx") - debug not enabled!
L 05/17/2011 - 16:39:07: [AMXX] To enable debug mode, add "debug" after the plugin name in plugins.ini (without quotes).
L 05/17/2011 - 16:42:28: [AMXX] Run time error 4 (plugin "biohazard.amxx") - debug not enabled!
L 05/17/2011 - 16:42:28: [AMXX] To enable debug mode, add "debug" after the plugin name in plugins.ini (without quotes).
L 05/17/2011 - 16:42:28: [AMXX] Run time error 4 (plugin "biohazard.amxx") - debug not enabled!
L 05/17/2011 - 16:42:28: [AMXX] To enable debug mode, add "debug" after the plugin name in plugins.ini (without quotes).
L 05/17/2011 - 16:45:49: [AMXX] Run time error 4 (plugin "biohazard.amxx") - debug not enabled!
L 05/17/2011 - 16:45:49: [AMXX] To enable debug mode, add "debug" after the plugin name in plugins.ini (without quotes).
L 05/17/2011 - 16:45:49: [AMXX] Run time error 4 (plugin "biohazard.amxx") - debug not enabled!
L 05/17/2011 - 16:45:49: [AMXX] To enable debug mode, add "debug" after the plugin name in plugins.ini (without quotes).
L 05/17/2011 - 16:49:10: [AMXX] Run time error 4 (plugin "biohazard.amxx") - debug not enabled!
L 05/17/2011 - 16:49:10: [AMXX] To enable debug mode, add "debug" after the plugin name in plugins.ini (without quotes).
L 05/17/2011 - 16:52:53: Start of error session.
L 05/17/2011 - 16:52:53: Info (map "016_rmk") (file "addons/amxmodx/logs/error_20110517.log")
L 05/17/2011 - 16:52:53: [AMXX] Run time error 4 (plugin "biohazard.amxx") - debug not enabled!
L 05/17/2011 - 16:52:53: [AMXX] To enable debug mode, add "debug" after the plugin name in plugins.ini (without quotes).
L 05/17/2011 - 16:52:53: [AMXX] Run time error 4 (plugin "biohazard.amxx") - debug not enabled!
L 05/17/2011 - 16:52:53: [AMXX] To enable debug mode, add "debug" after the plugin name in plugins.ini (without quotes).
L 05/17/2011 - 16:52:53: [AMXX] Run time error 4 (plugin "biohazard.amxx") - debug not enabled!
L 05/17/2011 - 16:52:53: [AMXX] To enable debug mode, add "debug" after the plugin name in plugins.ini (without quotes).
L 05/17/2011 - 16:54:48: [AMXX] Run time error 4 (plugin "biohazard.amxx") - debug not enabled!
L 05/17/2011 - 16:54:48: [AMXX] To enable debug mode, add "debug" after the plugin name in plugins.ini (without quotes).
L 05/17/2011 - 16:54:48: [AMXX] Run time error 4 (plugin "biohazard.amxx") - debug not enabled!
L 05/17/2011 - 16:54:48: [AMXX] To enable debug mode, add "debug" after the plugin name in plugins.ini (without quotes).
L 05/17/2011 - 16:54:48: [AMXX] Run time error 4 (plugin "biohazard.amxx") - debug not enabled!
L 05/17/2011 - 16:54:48: [AMXX] To enable debug mode, add "debug" after the plugin name in plugins.ini (without quotes).
L 05/17/2011 - 16:54:48: [AMXX] Run time error 4 (plugin "biohazard.amxx") - debug not enabled!
L 05/17/2011 - 16:54:48: [AMXX] To enable debug mode, add "debug" after the plugin name in plugins.ini (without quotes).
L 05/17/2011 - 16:58:09: [AMXX] Run time error 4 (plugin "biohazard.amxx") - debug not enabled!
L 05/17/2011 - 16:58:09: [AMXX] To enable debug mode, add "debug" after the plugin name in plugins.ini (without quotes).
L 05/17/2011 - 16:58:09: [AMXX] Run time error 4 (plugin "biohazard.amxx") - debug not enabled!
L 05/17/2011 - 16:58:09: [AMXX] To enable debug mode, add "debug" after the plugin name in plugins.ini (without quotes).
L 05/17/2011 - 17:01:30: [AMXX] Run time error 4 (plugin "biohazard.amxx") - debug not enabled!
L 05/17/2011 - 17:01:30: [AMXX] To enable debug mode, add "debug" after the plugin name in plugins.ini (without quotes).
L 05/17/2011 - 17:03:41: [AMXX] Run time error 4 (plugin "biohazard.amxx") - debug not enabled!
L 05/17/2011 - 17:03:41: [AMXX] To enable debug mode, add "debug" after the plugin name in plugins.ini (without quotes).
L 05/17/2011 - 17:03:41: [AMXX] Run time error 4 (plugin "biohazard.amxx") - debug not enabled!
L 05/17/2011 - 17:03:41: [AMXX] To enable debug mode, add "debug" after the plugin name in plugins.ini (without quotes).
L 05/17/2011 - 17:03:41: [AMXX] Run time error 4 (plugin "biohazard.amxx") - debug not enabled!
L 05/17/2011 - 17:03:41: [AMXX] To enable debug mode, add "debug" after the plugin name in plugins.ini (without quotes).
L 05/17/2011 - 17:06:12: [AMXX] Run time error 4 (plugin "biohazard.amxx") - debug not enabled!
L 05/17/2011 - 17:06:12: [AMXX] To enable debug mode, add "debug" after the plugin name in plugins.ini (without quotes).
L 05/17/2011 - 17:06:12: [AMXX] Run time error 4 (plugin "biohazard.amxx") - debug not enabled!
L 05/17/2011 - 17:06:12: [AMXX] To enable debug mode, add "debug" after the plugin name in plugins.ini (without quotes).
L 05/17/2011 - 17:09:33: [AMXX] Run time error 4 (plugin "biohazard.amxx") - debug not enabled!
L 05/17/2011 - 17:09:33: [AMXX] To enable debug mode, add "debug" after the plugin name in plugins.ini (without quotes).
L 05/17/2011 - 17:09:33: [AMXX] Run time error 4 (plugin "biohazard.amxx") - debug not enabled!
L 05/17/2011 - 17:09:33: [AMXX] To enable debug mode, add "debug" after the plugin name in plugins.ini (without quotes).
L 05/17/2011 - 17:13:16: Start of error session.
L 05/17/2011 - 17:13:16: Info (map "zm_fdust2x2") (file "addons/amxmodx/logs/error_20110517.log")
L 05/17/2011 - 17:13:16: [AMXX] Run time error 4 (plugin "biohazard.amxx") - debug not enabled!
L 05/17/2011 - 17:13:16: [AMXX] To enable debug mode, add "debug" after the plugin name in plugins.ini (without quotes).
L 05/17/2011 - 17:19:58: [AMXX] Run time error 4 (plugin "biohazard.amxx") - debug not enabled!
L 05/17/2011 - 17:19:58: [AMXX] To enable debug mode, add "debug" after the plugin name in plugins.ini (without quotes).
L 05/17/2011 - 17:22:00: [AMXX] Run time error 4 (plugin "biohazard.amxx") - debug not enabled!
L 05/17/2011 - 17:22:00: [AMXX] To enable debug mode, add "debug" after the plugin name in plugins.ini (without quotes).
L 05/17/2011 - 17:25:21: [AMXX] Run time error 4 (plugin "biohazard.amxx") - debug not enabled!
L 05/17/2011 - 17:25:21: [AMXX] To enable debug mode, add "debug" after the plugin name in plugins.ini (without quotes).
L 05/17/2011 - 17:34:03: Start of error session.
L 05/17/2011 - 17:34:03: Info (map "de_dust") (file "addons/amxmodx/logs/error_20110517.log")
L 05/17/2011 - 17:34:03: [AMXX] Run time error 4 (plugin "biohazard.amxx") - debug not enabled!
L 05/17/2011 - 17:34:03: [AMXX] To enable debug mode, add "debug" after the plugin name in plugins.ini (without quotes).
L 05/17/2011 - 17:34:03: [AMXX] Run time error 4 (plugin "biohazard.amxx") - debug not enabled!
L 05/17/2011 - 17:34:03: [AMXX] To enable debug mode, add "debug" after the plugin name in plugins.ini (without quotes).
L 05/17/2011 - 17:34:03: [AMXX] Run time error 4 (plugin "biohazard.amxx") - debug not enabled!
L 05/17/2011 - 17:34:03: [AMXX] To enable debug mode, add "debug" after the plugin name in plugins.ini (without quotes).
L 05/17/2011 - 17:37:24: [AMXX] Run time error 4 (plugin "biohazard.amxx") - debug not enabled!
L 05/17/2011 - 17:37:24: [AMXX] To enable debug mode, add "debug" after the plugin name in plugins.ini (without quotes).
L 05/17/2011 - 17:40:36: [AMXX] Run time error 4 (plugin "biohazard.amxx") - debug not enabled!
L 05/17/2011 - 17:40:36: [AMXX] To enable debug mode, add "debug" after the plugin name in plugins.ini (without quotes).
L 05/17/2011 - 17:42:23: [AMXX] Run time error 4 (plugin "biohazard.amxx") - debug not enabled!
L 05/17/2011 - 17:42:23: [AMXX] To enable debug mode, add "debug" after the plugin name in plugins.ini (without quotes).
L 05/17/2011 - 17:49:36: [AMXX] Run time error 4 (plugin "biohazard.amxx") - debug not enabled!
L 05/17/2011 - 17:49:36: [AMXX] To enable debug mode, add "debug" after the plugin name in plugins.ini (without quotes).
L 05/17/2011 - 18:06:01: Start of error session.
L 05/17/2011 - 18:06:01: Info (map "zm_303") (file "addons/amxmodx/logs/error_20110517.log")
L 05/17/2011 - 18:06:01: [AMXX] Run time error 4 (plugin "biohazard.amxx") - debug not enabled!
L 05/17/2011 - 18:06:01: [AMXX] To enable debug mode, add "debug" after the plugin name in plugins.ini (without quotes).
L 05/17/2011 - 18:06:01: [AMXX] Run time error 4 (plugin "biohazard.amxx") - debug not enabled!
L 05/17/2011 - 18:06:01: [AMXX] To enable debug mode, add "debug" after the plugin name in plugins.ini (without quotes).
L 05/17/2011 - 18:09:22: [AMXX] Run time error 4 (plugin "biohazard.amxx") - debug not enabled!
L 05/17/2011 - 18:09:22: [AMXX] To enable debug mode, add "debug" after the plugin name in plugins.ini (without quotes).
L 05/17/2011 - 18:12:43: [AMXX] Run time error 4 (plugin "biohazard.amxx") - debug not enabled!
L 05/17/2011 - 18:12:43: [AMXX] To enable debug mode, add "debug" after the plugin name in plugins.ini (without quotes).
L 05/17/2011 - 18:16:25: Start of error session.
L 05/17/2011 - 18:16:25: Info (map "zm_army") (file "addons/amxmodx/logs/error_20110517.log")
L 05/17/2011 - 18:16:25: [AMXX] Run time error 4 (plugin "biohazard.amxx") - debug not enabled!
L 05/17/2011 - 18:16:25: [AMXX] To enable debug mode, add "debug" after the plugin name in plugins.ini (without quotes).
L 05/17/2011 - 18:16:25: [AMXX] Run time error 4 (plugin "biohazard.amxx") - debug not enabled!
L 05/17/2011 - 18:16:25: [AMXX] To enable debug mode, add "debug" after the plugin name in plugins.ini (without quotes).
L 05/17/2011 - 18:42:15: [AMXX] Run time error 4 (plugin "biohazard.amxx") - debug not enabled!
L 05/17/2011 - 18:42:15: [AMXX] To enable debug mode, add "debug" after the plugin name in plugins.ini (without quotes).
L 05/17/2011 - 19:06:08: Start of error session.
L 05/17/2011 - 19:06:08: Info (map "zm_die_hard_tn") (file "addons/amxmodx/logs/error_20110517.log")
L 05/17/2011 - 19:06:08: [AMXX] Run time error 4 (plugin "biohazard.amxx") - debug not enabled!
L 05/17/2011 - 19:06:08: [AMXX] To enable debug mode, add "debug" after the plugin name in plugins.ini (without quotes).
L 05/17/2011 - 19:06:53: [AMXX] Run time error 4 (plugin "biohazard.amxx") - debug not enabled!
L 05/17/2011 - 19:06:53: [AMXX] To enable debug mode, add "debug" after the plugin name in plugins.ini (without quotes).
L 05/17/2011 - 19:10:02: [AMXX] Run time error 4 (plugin "biohazard.amxx") - debug not enabled!
L 05/17/2011 - 19:10:02: [AMXX] To enable debug mode, add "debug" after the plugin name in plugins.ini (without quotes).
L 05/17/2011 - 19:12:46: [AMXX] Run time error 4 (plugin "biohazard.amxx") - debug not enabled!
L 05/17/2011 - 19:12:46: [AMXX] To enable debug mode, add "debug" after the plugin name in plugins.ini (without quotes).
L 05/17/2011 - 19:43:32: Start of error session.
L 05/17/2011 - 19:43:32: Info (map "cs_militia") (file "addons/amxmodx/logs/error_20110517.log")
L 05/17/2011 - 19:43:32: [AMXX] Run time error 4 (plugin "biohazard.amxx") - debug not enabled!
L 05/17/2011 - 19:43:32: [AMXX] To enable debug mode, add "debug" after the plugin name in plugins.ini (without quotes).
L 05/17/2011 - 19:46:53: [AMXX] Run time error 4 (plugin "biohazard.amxx") - debug not enabled!
L 05/17/2011 - 19:46:53: [AMXX] To enable debug mode, add "debug" after the plugin name in plugins.ini (without quotes).
L 05/17/2011 - 19:48:38: [AMXX] Run time error 4 (plugin "biohazard.amxx") - debug not enabled!
L 05/17/2011 - 19:48:38: [AMXX] To enable debug mode, add "debug" after the plugin name in plugins.ini (without quotes).
L 05/17/2011 - 19:48:38: [AMXX] Run time error 4 (plugin "biohazard.amxx") - debug not enabled!
L 05/17/2011 - 19:48:38: [AMXX] To enable debug mode, add "debug" after the plugin name in plugins.ini (without quotes).
L 05/17/2011 - 19:50:33: [AMXX] Run time error 4 (plugin "biohazard.amxx") - debug not enabled!
L 05/17/2011 - 19:50:33: [AMXX] To enable debug mode, add "debug" after the plugin name in plugins.ini (without quotes).
L 05/17/2011 - 19:52:07: [AMXX] Run time error 4 (plugin "biohazard.amxx") - debug not enabled!
L 05/17/2011 - 19:52:07: [AMXX] To enable debug mode, add "debug" after the plugin name in plugins.ini (without quotes).
L 05/17/2011 - 19:52:07: [AMXX] Run time error 4 (plugin "biohazard.amxx") - debug not enabled!
L 05/17/2011 - 19:52:07: [AMXX] To enable debug mode, add "debug" after the plugin name in plugins.ini (without quotes).
L 05/17/2011 - 19:54:54: Start of error session.
L 05/17/2011 - 19:54:54: Info (map "cs_office") (file "addons/amxmodx/logs/error_20110517.log")
L 05/17/2011 - 19:54:54: [AMXX] Run time error 4 (plugin "biohazard.amxx") - debug not enabled!
L 05/17/2011 - 19:54:54: [AMXX] To enable debug mode, add "debug" after the plugin name in plugins.ini (without quotes).
L 05/17/2011 - 19:54:54: [AMXX] Run time error 4 (plugin "biohazard.amxx") - debug not enabled!
L 05/17/2011 - 19:54:54: [AMXX] To enable debug mode, add "debug" after the plugin name in plugins.ini (without quotes).
L 05/17/2011 - 19:57:38: [AMXX] Run time error 4 (plugin "biohazard.amxx") - debug not enabled!
L 05/17/2011 - 19:57:38: [AMXX] To enable debug mode, add "debug" after the plugin name in plugins.ini (without quotes).
L 05/17/2011 - 19:57:38: [AMXX] Run time error 4 (plugin "biohazard.amxx") - debug not enabled!
L 05/17/2011 - 19:57:38: [AMXX] To enable debug mode, add "debug" after the plugin name in plugins.ini (without quotes).
L 05/17/2011 - 19:57:38: [AMXX] Run time error 4 (plugin "biohazard.amxx") - debug not enabled!
L 05/17/2011 - 19:57:38: [AMXX] To enable debug mode, add "debug" after the plugin name in plugins.ini (without quotes).
L 05/17/2011 - 20:00:59: [AMXX] Run time error 4 (plugin "biohazard.amxx") - debug not enabled!
L 05/17/2011 - 20:00:59: [AMXX] To enable debug mode, add "debug" after the plugin name in plugins.ini (without quotes).
L 05/17/2011 - 20:01:53: [AMXX] Run time error 4 (plugin "biohazard.amxx") - debug not enabled!
L 05/17/2011 - 20:01:53: [AMXX] To enable debug mode, add "debug" after the plugin name in plugins.ini (without quotes).
L 05/17/2011 - 20:04:00: [AMXX] Run time error 4 (plugin "biohazard.amxx") - debug not enabled!
L 05/17/2011 - 20:04:00: [AMXX] To enable debug mode, add "debug" after the plugin name in plugins.ini (without quotes).
L 05/17/2011 - 20:07:21: [AMXX] Run time error 4 (plugin "biohazard.amxx") - debug not enabled!
L 05/17/2011 - 20:07:21: [AMXX] To enable debug mode, add "debug" after the plugin name in plugins.ini (without quotes).
L 05/17/2011 - 20:07:21: [AMXX] Run time error 4 (plugin "biohazard.amxx") - debug not enabled!
L 05/17/2011 - 20:07:21: [AMXX] To enable debug mode, add "debug" after the plugin name in plugins.ini (without quotes).
L 05/17/2011 - 20:10:42: [AMXX] Run time error 4 (plugin "biohazard.amxx") - debug not enabled!
L 05/17/2011 - 20:10:42: [AMXX] To enable debug mode, add "debug" after the plugin name in plugins.ini (without quotes).
L 05/17/2011 - 20:16:28: Start of error session.
L 05/17/2011 - 20:16:28: Info (map "zm_neris") (file "addons/amxmodx/logs/error_20110517.log")
L 05/17/2011 - 20:16:28: [AMXX] Run time error 4 (plugin "biohazard.amxx") - debug not enabled!
L 05/17/2011 - 20:16:28: [AMXX] To enable debug mode, add "debug" after the plugin name in plugins.ini (without quotes).
L 05/17/2011 - 20:16:28: [AMXX] Run time error 4 (plugin "biohazard.amxx") - debug not enabled!
L 05/17/2011 - 20:16:28: [AMXX] To enable debug mode, add "debug" after the plugin name in plugins.ini (without quotes).
L 05/17/2011 - 20:18:15: [AMXX] Run time error 4 (plugin "biohazard.amxx") - debug not enabled!
L 05/17/2011 - 20:18:15: [AMXX] To enable debug mode, add "debug" after the plugin name in plugins.ini (without quotes).
L 05/17/2011 - 20:20:44: [AMXX] Run time error 4 (plugin "biohazard.amxx") - debug not enabled!
L 05/17/2011 - 20:20:44: [AMXX] To enable debug mode, add "debug" after the plugin name in plugins.ini (without quotes).
L 05/17/2011 - 20:24:05: [AMXX] Run time error 4 (plugin "biohazard.amxx") - debug not enabled!
L 05/17/2011 - 20:24:05: [AMXX] To enable debug mode, add "debug" after the plugin name in plugins.ini (without quotes).
L 05/17/2011 - 20:27:26: [AMXX] Run time error 4 (plugin "biohazard.amxx") - debug not enabled!
L 05/17/2011 - 20:27:26: [AMXX] To enable debug mode, add "debug" after the plugin name in plugins.ini (without quotes).
L 05/17/2011 - 20:42:28: Start of error session.
L 05/17/2011 - 20:42:28: Info (map "zm_fdust2x2") (file "addons/amxmodx/logs/error_20110517.log")
L 05/17/2011 - 20:42:28: [AMXX] Run time error 4 (plugin "biohazard.amxx") - debug not enabled!
L 05/17/2011 - 20:42:28: [AMXX] To enable debug mode, add "debug" after the plugin name in plugins.ini (without quotes).
L 05/17/2011 - 20:45:49: [AMXX] Run time error 4 (plugin "biohazard.amxx") - debug not enabled!
L 05/17/2011 - 20:45:49: [AMXX] To enable debug mode, add "debug" after the plugin name in plugins.ini (without quotes).
L 05/17/2011 - 20:47:42: [AMXX] Run time error 4 (plugin "biohazard.amxx") - debug not enabled!
L 05/17/2011 - 20:47:42: [AMXX] To enable debug mode, add "debug" after the plugin name in plugins.ini (without quotes).
L 05/17/2011 - 20:49:05: [AMXX] Run time error 4 (plugin "biohazard.amxx") - debug not enabled!
L 05/17/2011 - 20:49:05: [AMXX] To enable debug mode, add "debug" after the plugin name in plugins.ini (without quotes).
L 05/17/2011 - 20:55:10: [AMXX] Run time error 4 (plugin "biohazard.amxx") - debug not enabled!
L 05/17/2011 - 20:55:10: [AMXX] To enable debug mode, add "debug" after the plugin name in plugins.ini (without quotes).
L 05/17/2011 - 20:59:28: Start of error session.
L 05/17/2011 - 20:59:28: Info (map "zm_houses") (file "addons/amxmodx/logs/error_20110517.log")
L 05/17/2011 - 20:59:28: [AMXX] Run time error 4 (plugin "biohazard.amxx") - debug not enabled!
L 05/17/2011 - 20:59:28: [AMXX] To enable debug mode, add "debug" after the plugin name in plugins.ini (without quotes).
L 05/17/2011 - 20:59:28: [AMXX] Run time error 4 (plugin "biohazard.amxx") - debug not enabled!
L 05/17/2011 - 20:59:28: [AMXX] To enable debug mode, add "debug" after the plugin name in plugins.ini (without quotes).
L 05/17/2011 - 21:02:49: [AMXX] Run time error 4 (plugin "biohazard.amxx") - debug not enabled!
L 05/17/2011 - 21:02:49: [AMXX] To enable debug mode, add "debug" after the plugin name in plugins.ini (without quotes).
L 05/17/2011 - 21:21:38: Start of error session.
L 05/17/2011 - 21:21:38: Info (map "zm_202") (file "addons/amxmodx/logs/error_20110517.log")
L 05/17/2011 - 21:21:38: [AMXX] Run time error 4 (plugin "biohazard.amxx") - debug not enabled!
L 05/17/2011 - 21:21:38: [AMXX] To enable debug mode, add "debug" after the plugin name in plugins.ini (without quotes).
L 05/17/2011 - 21:32:23: [AMXX] Run time error 4 (plugin "biohazard.amxx") - debug not enabled!
L 05/17/2011 - 21:32:23: [AMXX] To enable debug mode, add "debug" after the plugin name in plugins.ini (without quotes).
L 05/17/2011 - 21:38:49: [AMXX] Run time error 4 (plugin "biohazard.amxx") - debug not enabled!
L 05/17/2011 - 21:38:49: [AMXX] To enable debug mode, add "debug" after the plugin name in plugins.ini (without quotes).
L 05/17/2011 - 22:16:44: Start of error session.
L 05/17/2011 - 22:16:44: Info (map "zm_army") (file "addons/amxmodx/logs/error_20110517.log")
L 05/17/2011 - 22:16:44: [AMXX] Run time error 4 (plugin "biohazard.amxx") - debug not enabled!
L 05/17/2011 - 22:16:44: [AMXX] To enable debug mode, add "debug" after the plugin name in plugins.ini (without quotes).
L 05/17/2011 - 22:20:05: [AMXX] Run time error 4 (plugin "biohazard.amxx") - debug not enabled!
L 05/17/2011 - 22:20:05: [AMXX] To enable debug mode, add "debug" after the plugin name in plugins.ini (without quotes).
L 05/17/2011 - 22:23:26: [AMXX] Run time error 4 (plugin "biohazard.amxx") - debug not enabled!
L 05/17/2011 - 22:23:26: [AMXX] To enable debug mode, add "debug" after the plugin name in plugins.ini (without quotes).
L 05/17/2011 - 22:25:24: [AMXX] Run time error 4 (plugin "biohazard.amxx") - debug not enabled!
L 05/17/2011 - 22:25:24: [AMXX] To enable debug mode, add "debug" after the plugin name in plugins.ini (without quotes).
L 05/17/2011 - 22:28:45: [AMXX] Run time error 4 (plugin "biohazard.amxx") - debug not enabled!
L 05/17/2011 - 22:28:45: [AMXX] To enable debug mode, add "debug" after the plugin name in plugins.ini (without quotes).
L 05/17/2011 - 22:28:45: [AMXX] Run time error 4 (plugin "biohazard.amxx") - debug not enabled!
L 05/17/2011 - 22:28:45: [AMXX] To enable debug mode, add "debug" after the plugin name in plugins.ini (without quotes).
L 05/17/2011 - 22:31:06: [AMXX] Run time error 4 (plugin "biohazard.amxx") - debug not enabled!
L 05/17/2011 - 22:31:06: [AMXX] To enable debug mode, add "debug" after the plugin name in plugins.ini (without quotes).
L 05/17/2011 - 22:37:48: [AMXX] Run time error 4 (plugin "biohazard.amxx") - debug not enabled!
L 05/17/2011 - 22:37:48: [AMXX] To enable debug mode, add "debug" after the plugin name in plugins.ini (without quotes).
L 05/17/2011 - 22:40:17: [AMXX] Run time error 4 (plugin "biohazard.amxx") - debug not enabled!
L 05/17/2011 - 22:40:17: [AMXX] To enable debug mode, add "debug" after the plugin name in plugins.ini (without quotes).
L 05/17/2011 - 22:44:36: [AMXX] Run time error 4 (plugin "biohazard.amxx") - debug not enabled!
L 05/17/2011 - 22:44:36: [AMXX] To enable debug mode, add "debug" after the plugin name in plugins.ini (without quotes).
L 05/17/2011 - 22:47:57: [AMXX] Run time error 4 (plugin "biohazard.amxx") - debug not enabled!
L 05/17/2011 - 22:47:57: [AMXX] To enable debug mode, add "debug" after the plugin name in plugins.ini (without quotes).
L 05/17/2011 - 22:57:02: Start of error session.
L 05/17/2011 - 22:57:02: Info (map "cs_office") (file "addons/amxmodx/logs/error_20110517.log")
L 05/17/2011 - 22:57:02: [AMXX] Run time error 4 (plugin "biohazard.amxx") - debug not enabled!
L 05/17/2011 - 22:57:02: [AMXX] To enable debug mode, add "debug" after the plugin name in plugins.ini (without quotes).
L 05/17/2011 - 23:03:23: [AMXX] Run time error 4 (plugin "biohazard.amxx") - debug not enabled!
L 05/17/2011 - 23:03:23: [AMXX] To enable debug mode, add "debug" after the plugin name in plugins.ini (without quotes).
L 05/17/2011 - 23:05:24: [AMXX] Run time error 4 (plugin "biohazard.amxx") - debug not enabled!
L 05/17/2011 - 23:05:24: [AMXX] To enable debug mode, add "debug" after the plugin name in plugins.ini (without quotes).
L 05/17/2011 - 23:06:37: [AMXX] Run time error 4 (plugin "biohazard.amxx") - debug not enabled!
L 05/17/2011 - 23:06:37: [AMXX] To enable debug mode, add "debug" after the plugin name in plugins.ini (without quotes).
L 05/17/2011 - 23:09:37: [AMXX] Run time error 4 (plugin "biohazard.amxx") - debug not enabled!
L 05/17/2011 - 23:09:37: [AMXX] To enable debug mode, add "debug" after the plugin name in plugins.ini (without quotes).
L 05/17/2011 - 23:11:30: [AMXX] Run time error 4 (plugin "biohazard.amxx") - debug not enabled!
L 05/17/2011 - 23:11:30: [AMXX] To enable debug mode, add "debug" after the plugin name in plugins.ini (without quotes).
L 05/17/2011 - 23:14:03: Start of error session.
L 05/17/2011 - 23:14:03: Info (map "cs_militia") (file "addons/amxmodx/logs/error_20110517.log")
L 05/17/2011 - 23:14:03: [AMXX] Run time error 4 (plugin "biohazard.amxx") - debug not enabled!
L 05/17/2011 - 23:14:03: [AMXX] To enable debug mode, add "debug" after the plugin name in plugins.ini (without quotes).
L 05/17/2011 - 23:17:24: [AMXX] Run time error 4 (plugin "biohazard.amxx") - debug not enabled!
L 05/17/2011 - 23:17:24: [AMXX] To enable debug mode, add "debug" after the plugin name in plugins.ini (without quotes).
L 05/17/2011 - 23:17:24: [AMXX] Run time error 4 (plugin "biohazard.amxx") - debug not enabled!
L 05/17/2011 - 23:17:24: [AMXX] To enable debug mode, add "debug" after the plugin name in plugins.ini (without quotes).
L 05/17/2011 - 23:20:45: [AMXX] Run time error 4 (plugin "biohazard.amxx") - debug not enabled!
L 05/17/2011 - 23:20:45: [AMXX] To enable debug mode, add "debug" after the plugin name in plugins.ini (without quotes).
L 05/17/2011 - 23:24:06: [AMXX] Run time error 4 (plugin "biohazard.amxx") - debug not enabled!
L 05/17/2011 - 23:24:06: [AMXX] To enable debug mode, add "debug" after the plugin name in plugins.ini (without quotes).
L 05/17/2011 - 23:24:06: [AMXX] Run time error 4 (plugin "biohazard.amxx") - debug not enabled!
L 05/17/2011 - 23:24:06: [AMXX] To enable debug mode, add "debug" after the plugin name in plugins.ini (without quotes).
L 05/17/2011 - 23:27:15: [AMXX] Run time error 4 (plugin "biohazard.amxx") - debug not enabled!
L 05/17/2011 - 23:27:15: [AMXX] To enable debug mode, add "debug" after the plugin name in plugins.ini (without quotes).
L 05/17/2011 - 23:27:15: [AMXX] Run time error 4 (plugin "biohazard.amxx") - debug not enabled!
L 05/17/2011 - 23:27:15: [AMXX] To enable debug mode, add "debug" after the plugin name in plugins.ini (without quotes).
L 05/17/2011 - 23:30:36: [AMXX] Run time error 4 (plugin "biohazard.amxx") - debug not enabled!
L 05/17/2011 - 23:30:36: [AMXX] To enable debug mode, add "debug" after the plugin name in plugins.ini (without quotes).
L 05/17/2011 - 23:46:13: Start of error session.
L 05/17/2011 - 23:46:13: Info (map "de_dust") (file "addons/amxmodx/logs/error_20110517.log")
L 05/17/2011 - 23:46:13: [AMXX] Run time error 4 (plugin "biohazard.amxx") - debug not enabled!
L 05/17/2011 - 23:46:13: [AMXX] To enable debug mode, add "debug" after the plugin name in plugins.ini (without quotes).
L 05/17/2011 - 23:46:13: [AMXX] Run time error 4 (plugin "biohazard.amxx") - debug not enabled!
L 05/17/2011 - 23:46:13: [AMXX] To enable debug mode, add "debug" after the plugin name in plugins.ini (without quotes).
L 05/17/2011 - 23:47:31: [AMXX] Run time error 4 (plugin "biohazard.amxx") - debug not enabled!
L 05/17/2011 - 23:47:31: [AMXX] To enable debug mode, add "debug" after the plugin name in plugins.ini (without quotes).
L 05/17/2011 - 23:56:08: Start of error session.
L 05/17/2011 - 23:56:08: Info (map "zm_desolation_house") (file "addons/amxmodx/logs/error_20110517.log")
L 05/17/2011 - 23:56:08: [AMXX] Run time error 4 (plugin "biohazard.amxx") - debug not enabled!
L 05/17/2011 - 23:56:08: [AMXX] To enable debug mode, add "debug" after the plugin name in plugins.ini (without quotes).
L 05/17/2011 - 23:57:18: [AMXX] Run time error 4 (plugin "biohazard.amxx") - debug not enabled!
L 05/17/2011 - 23:57:18: [AMXX] To enable debug mode, add "debug" after the plugin name in plugins.ini (without quotes).
L 05/17/2011 - 23:57:18: [AMXX] Run time error 4 (plugin "biohazard.amxx") - debug not enabled!
L 05/17/2011 - 23:57:18: [AMXX] To enable debug mode, add "debug" after the plugin name in plugins.ini (without quotes).
