L 05/28/2011 - 00:03:07: [AMXX] Run time error 4 (plugin "biohazard.amxx") - debug not enabled!
L 05/28/2011 - 00:03:07: [AMXX] To enable debug mode, add "debug" after the plugin name in plugins.ini (without quotes).
L 05/28/2011 - 00:03:07: [AMXX] Run time error 4 (plugin "biohazard.amxx") - debug not enabled!
L 05/28/2011 - 00:03:07: [AMXX] To enable debug mode, add "debug" after the plugin name in plugins.ini (without quotes).
L 05/28/2011 - 00:06:08: [AMXX] Run time error 4 (plugin "biohazard.amxx") - debug not enabled!
L 05/28/2011 - 00:06:08: [AMXX] To enable debug mode, add "debug" after the plugin name in plugins.ini (without quotes).
L 05/28/2011 - 00:13:43: [AMXX] Run time error 4 (plugin "biohazard.amxx") - debug not enabled!
L 05/28/2011 - 00:13:43: [AMXX] To enable debug mode, add "debug" after the plugin name in plugins.ini (without quotes).
L 05/28/2011 - 00:13:43: [AMXX] Run time error 4 (plugin "biohazard.amxx") - debug not enabled!
L 05/28/2011 - 00:13:43: [AMXX] To enable debug mode, add "debug" after the plugin name in plugins.ini (without quotes).
L 05/28/2011 - 00:17:04: [AMXX] Run time error 4 (plugin "biohazard.amxx") - debug not enabled!
L 05/28/2011 - 00:17:04: [AMXX] To enable debug mode, add "debug" after the plugin name in plugins.ini (without quotes).
L 05/28/2011 - 00:22:28: Start of error session.
L 05/28/2011 - 00:22:28: Info (map "cs_militia") (file "addons/amxmodx/logs/error_20110528.log")
L 05/28/2011 - 00:22:28: [AMXX] Run time error 4 (plugin "biohazard.amxx") - debug not enabled!
L 05/28/2011 - 00:22:28: [AMXX] To enable debug mode, add "debug" after the plugin name in plugins.ini (without quotes).
L 05/28/2011 - 00:22:28: [AMXX] Run time error 4 (plugin "biohazard.amxx") - debug not enabled!
L 05/28/2011 - 00:22:28: [AMXX] To enable debug mode, add "debug" after the plugin name in plugins.ini (without quotes).
L 05/28/2011 - 00:29:10: [AMXX] Run time error 4 (plugin "biohazard.amxx") - debug not enabled!
L 05/28/2011 - 00:29:10: [AMXX] To enable debug mode, add "debug" after the plugin name in plugins.ini (without quotes).
L 05/28/2011 - 00:32:31: [AMXX] Run time error 4 (plugin "biohazard.amxx") - debug not enabled!
L 05/28/2011 - 00:32:31: [AMXX] To enable debug mode, add "debug" after the plugin name in plugins.ini (without quotes).
L 05/28/2011 - 00:32:31: [AMXX] Run time error 4 (plugin "biohazard.amxx") - debug not enabled!
L 05/28/2011 - 00:32:31: [AMXX] To enable debug mode, add "debug" after the plugin name in plugins.ini (without quotes).
L 05/28/2011 - 00:35:51: [AMXX] Run time error 4 (plugin "biohazard.amxx") - debug not enabled!
L 05/28/2011 - 00:35:51: [AMXX] To enable debug mode, add "debug" after the plugin name in plugins.ini (without quotes).
L 05/28/2011 - 00:35:51: [AMXX] Run time error 4 (plugin "biohazard.amxx") - debug not enabled!
L 05/28/2011 - 00:35:51: [AMXX] To enable debug mode, add "debug" after the plugin name in plugins.ini (without quotes).
L 05/28/2011 - 00:38:40: [AMXX] Run time error 4 (plugin "biohazard.amxx") - debug not enabled!
L 05/28/2011 - 00:38:40: [AMXX] To enable debug mode, add "debug" after the plugin name in plugins.ini (without quotes).
L 05/28/2011 - 00:38:40: [AMXX] Run time error 4 (plugin "biohazard.amxx") - debug not enabled!
L 05/28/2011 - 00:38:40: [AMXX] To enable debug mode, add "debug" after the plugin name in plugins.ini (without quotes).
L 05/28/2011 - 00:41:19: Start of error session.
L 05/28/2011 - 00:41:19: Info (map "zm_303") (file "addons/amxmodx/logs/error_20110528.log")
L 05/28/2011 - 00:41:19: [AMXX] Run time error 4 (plugin "biohazard.amxx") - debug not enabled!
L 05/28/2011 - 00:41:19: [AMXX] To enable debug mode, add "debug" after the plugin name in plugins.ini (without quotes).
L 05/28/2011 - 00:44:40: [AMXX] Run time error 4 (plugin "biohazard.amxx") - debug not enabled!
L 05/28/2011 - 00:44:40: [AMXX] To enable debug mode, add "debug" after the plugin name in plugins.ini (without quotes).
L 05/28/2011 - 00:44:40: [AMXX] Run time error 4 (plugin "biohazard.amxx") - debug not enabled!
L 05/28/2011 - 00:44:40: [AMXX] To enable debug mode, add "debug" after the plugin name in plugins.ini (without quotes).
L 05/28/2011 - 00:57:14: [AMXX] Run time error 4 (plugin "biohazard.amxx") - debug not enabled!
L 05/28/2011 - 00:57:14: [AMXX] To enable debug mode, add "debug" after the plugin name in plugins.ini (without quotes).
L 05/28/2011 - 01:00:35: [AMXX] Run time error 4 (plugin "biohazard.amxx") - debug not enabled!
L 05/28/2011 - 01:00:35: [AMXX] To enable debug mode, add "debug" after the plugin name in plugins.ini (without quotes).
L 05/28/2011 - 01:04:16: Start of error session.
L 05/28/2011 - 01:04:16: Info (map "zm_army") (file "addons/amxmodx/logs/error_20110528.log")
L 05/28/2011 - 01:04:16: [AMXX] Run time error 4 (plugin "biohazard.amxx") - debug not enabled!
L 05/28/2011 - 01:04:16: [AMXX] To enable debug mode, add "debug" after the plugin name in plugins.ini (without quotes).
L 05/28/2011 - 01:09:28: [AMXX] Run time error 4 (plugin "biohazard.amxx") - debug not enabled!
L 05/28/2011 - 01:09:28: [AMXX] To enable debug mode, add "debug" after the plugin name in plugins.ini (without quotes).
L 05/28/2011 - 01:11:59: [AMXX] Run time error 4 (plugin "biohazard.amxx") - debug not enabled!
L 05/28/2011 - 01:11:59: [AMXX] To enable debug mode, add "debug" after the plugin name in plugins.ini (without quotes).
L 05/28/2011 - 01:11:59: [AMXX] Run time error 4 (plugin "biohazard.amxx") - debug not enabled!
L 05/28/2011 - 01:11:59: [AMXX] To enable debug mode, add "debug" after the plugin name in plugins.ini (without quotes).
L 05/28/2011 - 01:13:50: [AMXX] Run time error 4 (plugin "biohazard.amxx") - debug not enabled!
L 05/28/2011 - 01:13:50: [AMXX] To enable debug mode, add "debug" after the plugin name in plugins.ini (without quotes).
L 05/28/2011 - 01:17:11: [AMXX] Run time error 4 (plugin "biohazard.amxx") - debug not enabled!
L 05/28/2011 - 01:17:11: [AMXX] To enable debug mode, add "debug" after the plugin name in plugins.ini (without quotes).
L 05/28/2011 - 01:17:11: [AMXX] Run time error 4 (plugin "biohazard.amxx") - debug not enabled!
L 05/28/2011 - 01:17:11: [AMXX] To enable debug mode, add "debug" after the plugin name in plugins.ini (without quotes).
L 05/28/2011 - 01:19:08: [AMXX] Run time error 4 (plugin "biohazard.amxx") - debug not enabled!
L 05/28/2011 - 01:19:08: [AMXX] To enable debug mode, add "debug" after the plugin name in plugins.ini (without quotes).
L 05/28/2011 - 01:19:08: [AMXX] Run time error 4 (plugin "biohazard.amxx") - debug not enabled!
L 05/28/2011 - 01:19:08: [AMXX] To enable debug mode, add "debug" after the plugin name in plugins.ini (without quotes).
L 05/28/2011 - 01:20:50: [AMXX] Run time error 4 (plugin "biohazard.amxx") - debug not enabled!
L 05/28/2011 - 01:20:50: [AMXX] To enable debug mode, add "debug" after the plugin name in plugins.ini (without quotes).
L 05/28/2011 - 01:23:58: Start of error session.
L 05/28/2011 - 01:23:58: Info (map "de_dust") (file "addons/amxmodx/logs/error_20110528.log")
L 05/28/2011 - 01:23:58: [AMXX] Run time error 4 (plugin "biohazard.amxx") - debug not enabled!
L 05/28/2011 - 01:23:58: [AMXX] To enable debug mode, add "debug" after the plugin name in plugins.ini (without quotes).
L 05/28/2011 - 01:25:51: [AMXX] Run time error 4 (plugin "biohazard.amxx") - debug not enabled!
L 05/28/2011 - 01:25:51: [AMXX] To enable debug mode, add "debug" after the plugin name in plugins.ini (without quotes).
L 05/28/2011 - 01:28:09: [AMXX] Run time error 4 (plugin "biohazard.amxx") - debug not enabled!
L 05/28/2011 - 01:28:09: [AMXX] To enable debug mode, add "debug" after the plugin name in plugins.ini (without quotes).
L 05/28/2011 - 01:28:09: [AMXX] Run time error 4 (plugin "biohazard.amxx") - debug not enabled!
L 05/28/2011 - 01:28:09: [AMXX] To enable debug mode, add "debug" after the plugin name in plugins.ini (without quotes).
L 05/28/2011 - 01:31:30: [AMXX] Run time error 4 (plugin "biohazard.amxx") - debug not enabled!
L 05/28/2011 - 01:31:30: [AMXX] To enable debug mode, add "debug" after the plugin name in plugins.ini (without quotes).
L 05/28/2011 - 01:31:30: [AMXX] Run time error 4 (plugin "biohazard.amxx") - debug not enabled!
L 05/28/2011 - 01:31:30: [AMXX] To enable debug mode, add "debug" after the plugin name in plugins.ini (without quotes).
L 05/28/2011 - 01:37:40: [AMXX] Run time error 4 (plugin "biohazard.amxx") - debug not enabled!
L 05/28/2011 - 01:37:40: [AMXX] To enable debug mode, add "debug" after the plugin name in plugins.ini (without quotes).
L 05/28/2011 - 01:40:53: [AMXX] Run time error 4 (plugin "biohazard.amxx") - debug not enabled!
L 05/28/2011 - 01:40:53: [AMXX] To enable debug mode, add "debug" after the plugin name in plugins.ini (without quotes).
L 05/28/2011 - 01:42:13: [AMXX] Run time error 4 (plugin "biohazard.amxx") - debug not enabled!
L 05/28/2011 - 01:42:13: [AMXX] To enable debug mode, add "debug" after the plugin name in plugins.ini (without quotes).
L 05/28/2011 - 01:46:03: Start of error session.
L 05/28/2011 - 01:46:03: Info (map "zm_dust_base_fin") (file "addons/amxmodx/logs/error_20110528.log")
L 05/28/2011 - 01:46:03: [AMXX] Run time error 4 (plugin "biohazard.amxx") - debug not enabled!
L 05/28/2011 - 01:46:03: [AMXX] To enable debug mode, add "debug" after the plugin name in plugins.ini (without quotes).
L 05/28/2011 - 02:31:47: Start of error session.
L 05/28/2011 - 02:31:47: Info (map "cs_estate") (file "addons/amxmodx/logs/error_20110528.log")
L 05/28/2011 - 02:31:47: [AMXX] Run time error 4 (plugin "biohazard.amxx") - debug not enabled!
L 05/28/2011 - 02:31:47: [AMXX] To enable debug mode, add "debug" after the plugin name in plugins.ini (without quotes).
L 05/28/2011 - 03:35:47: Start of error session.
L 05/28/2011 - 03:35:47: Info (map "zm_202") (file "addons/amxmodx/logs/error_20110528.log")
L 05/28/2011 - 03:35:47: [AMXX] Run time error 4 (plugin "biohazard.amxx") - debug not enabled!
L 05/28/2011 - 03:35:47: [AMXX] To enable debug mode, add "debug" after the plugin name in plugins.ini (without quotes).
L 05/28/2011 - 06:00:16: Start of error session.
L 05/28/2011 - 06:00:16: Info (map "016_rmk") (file "addons/amxmodx/logs/error_20110528.log")
L 05/28/2011 - 06:00:16: [MySQL] Invalid handle: 0
L 05/28/2011 - 06:00:16: [AMXX] Run time error 10 (plugin "amxbans.amxx") (native "SQL_FreeHandle") - debug not enabled!
L 05/28/2011 - 06:00:16: [AMXX] To enable debug mode, add "debug" after the plugin name in plugins.ini (without quotes).
L 05/28/2011 - 09:25:24: Start of error session.
L 05/28/2011 - 09:25:24: Info (map "cs_estate") (file "addons/amxmodx/logs/error_20110528.log")
L 05/28/2011 - 09:25:24: [AMXX] Run time error 4 (plugin "biohazard.amxx") - debug not enabled!
L 05/28/2011 - 09:25:24: [AMXX] To enable debug mode, add "debug" after the plugin name in plugins.ini (without quotes).
L 05/28/2011 - 09:46:54: Start of error session.
L 05/28/2011 - 09:46:54: Info (map "zm_houses") (file "addons/amxmodx/logs/error_20110528.log")
L 05/28/2011 - 09:46:54: [AMXX] Run time error 4 (plugin "biohazard.amxx") - debug not enabled!
L 05/28/2011 - 09:46:54: [AMXX] To enable debug mode, add "debug" after the plugin name in plugins.ini (without quotes).
L 05/28/2011 - 09:53:19: [AMXX] Run time error 4 (plugin "biohazard.amxx") - debug not enabled!
L 05/28/2011 - 09:53:19: [AMXX] To enable debug mode, add "debug" after the plugin name in plugins.ini (without quotes).
L 05/28/2011 - 09:58:52: [AMXX] Run time error 4 (plugin "biohazard.amxx") - debug not enabled!
L 05/28/2011 - 09:58:52: [AMXX] To enable debug mode, add "debug" after the plugin name in plugins.ini (without quotes).
L 05/28/2011 - 10:54:11: Start of error session.
L 05/28/2011 - 10:54:11: Info (map "awp_city") (file "addons/amxmodx/logs/error_20110528.log")
L 05/28/2011 - 10:54:11: [AMXX] Run time error 4 (plugin "biohazard.amxx") - debug not enabled!
L 05/28/2011 - 10:54:11: [AMXX] To enable debug mode, add "debug" after the plugin name in plugins.ini (without quotes).
L 05/28/2011 - 11:17:34: Start of error session.
L 05/28/2011 - 11:17:34: Info (map "zm_fdust2x2") (file "addons/amxmodx/logs/error_20110528.log")
L 05/28/2011 - 11:17:34: [AMXX] Run time error 4 (plugin "biohazard.amxx") - debug not enabled!
L 05/28/2011 - 11:17:34: [AMXX] To enable debug mode, add "debug" after the plugin name in plugins.ini (without quotes).
L 05/28/2011 - 11:20:56: [AMXX] Run time error 4 (plugin "biohazard.amxx") - debug not enabled!
L 05/28/2011 - 11:20:56: [AMXX] To enable debug mode, add "debug" after the plugin name in plugins.ini (without quotes).
L 05/28/2011 - 11:34:18: [AMXX] Run time error 4 (plugin "biohazard.amxx") - debug not enabled!
L 05/28/2011 - 11:34:18: [AMXX] To enable debug mode, add "debug" after the plugin name in plugins.ini (without quotes).
L 05/28/2011 - 11:43:23: Start of error session.
L 05/28/2011 - 11:43:23: Info (map "zm_dust_base_fin") (file "addons/amxmodx/logs/error_20110528.log")
L 05/28/2011 - 11:43:23: [AMXX] Run time error 4 (plugin "biohazard.amxx") - debug not enabled!
L 05/28/2011 - 11:43:23: [AMXX] To enable debug mode, add "debug" after the plugin name in plugins.ini (without quotes).
L 05/28/2011 - 11:48:27: [AMXX] Run time error 4 (plugin "biohazard.amxx") - debug not enabled!
L 05/28/2011 - 11:48:27: [AMXX] To enable debug mode, add "debug" after the plugin name in plugins.ini (without quotes).
L 05/28/2011 - 11:54:18: [AMXX] Run time error 4 (plugin "biohazard.amxx") - debug not enabled!
L 05/28/2011 - 11:54:18: [AMXX] To enable debug mode, add "debug" after the plugin name in plugins.ini (without quotes).
L 05/28/2011 - 11:57:22: [AMXX] Run time error 4 (plugin "biohazard.amxx") - debug not enabled!
L 05/28/2011 - 11:57:22: [AMXX] To enable debug mode, add "debug" after the plugin name in plugins.ini (without quotes).
L 05/28/2011 - 12:16:12: Start of error session.
L 05/28/2011 - 12:16:12: Info (map "cs_militia") (file "addons/amxmodx/logs/error_20110528.log")
L 05/28/2011 - 12:16:12: [AMXX] Run time error 4 (plugin "biohazard.amxx") - debug not enabled!
L 05/28/2011 - 12:16:12: [AMXX] To enable debug mode, add "debug" after the plugin name in plugins.ini (without quotes).
L 05/28/2011 - 12:17:06: [AMXX] Run time error 4 (plugin "biohazard.amxx") - debug not enabled!
L 05/28/2011 - 12:17:06: [AMXX] To enable debug mode, add "debug" after the plugin name in plugins.ini (without quotes).
L 05/28/2011 - 12:20:27: [AMXX] Run time error 4 (plugin "biohazard.amxx") - debug not enabled!
L 05/28/2011 - 12:20:27: [AMXX] To enable debug mode, add "debug" after the plugin name in plugins.ini (without quotes).
L 05/28/2011 - 12:42:52: Start of error session.
L 05/28/2011 - 12:42:52: Info (map "ze_jurassickpark3_lg") (file "addons/amxmodx/logs/error_20110528.log")
L 05/28/2011 - 12:42:52: [AMXX] Run time error 4 (plugin "biohazard.amxx") - debug not enabled!
L 05/28/2011 - 12:42:52: [AMXX] To enable debug mode, add "debug" after the plugin name in plugins.ini (without quotes).
L 05/28/2011 - 12:46:13: [AMXX] Run time error 4 (plugin "biohazard.amxx") - debug not enabled!
L 05/28/2011 - 12:46:13: [AMXX] To enable debug mode, add "debug" after the plugin name in plugins.ini (without quotes).
L 05/28/2011 - 13:05:26: Start of error session.
L 05/28/2011 - 13:05:26: Info (map "zm_neris") (file "addons/amxmodx/logs/error_20110528.log")
L 05/28/2011 - 13:05:26: [AMXX] Run time error 4 (plugin "biohazard.amxx") - debug not enabled!
L 05/28/2011 - 13:05:26: [AMXX] To enable debug mode, add "debug" after the plugin name in plugins.ini (without quotes).
L 05/28/2011 - 13:08:15: [AMXX] Run time error 4 (plugin "biohazard.amxx") - debug not enabled!
L 05/28/2011 - 13:08:15: [AMXX] To enable debug mode, add "debug" after the plugin name in plugins.ini (without quotes).
L 05/28/2011 - 13:08:57: [AMXX] Run time error 4 (plugin "biohazard.amxx") - debug not enabled!
L 05/28/2011 - 13:08:57: [AMXX] To enable debug mode, add "debug" after the plugin name in plugins.ini (without quotes).
L 05/28/2011 - 13:12:38: [AMXX] Run time error 4 (plugin "biohazard.amxx") - debug not enabled!
L 05/28/2011 - 13:12:38: [AMXX] To enable debug mode, add "debug" after the plugin name in plugins.ini (without quotes).
L 05/28/2011 - 13:21:22: Start of error session.
L 05/28/2011 - 13:21:22: Info (map "zm_simple_b1") (file "addons/amxmodx/logs/error_20110528.log")
L 05/28/2011 - 13:21:22: [AMXX] Run time error 4 (plugin "biohazard.amxx") - debug not enabled!
L 05/28/2011 - 13:21:22: [AMXX] To enable debug mode, add "debug" after the plugin name in plugins.ini (without quotes).
L 05/28/2011 - 13:25:31: [AMXX] Run time error 4 (plugin "biohazard.amxx") - debug not enabled!
L 05/28/2011 - 13:25:31: [AMXX] To enable debug mode, add "debug" after the plugin name in plugins.ini (without quotes).
L 05/28/2011 - 13:33:05: [AMXX] Run time error 4 (plugin "biohazard.amxx") - debug not enabled!
L 05/28/2011 - 13:33:05: [AMXX] To enable debug mode, add "debug" after the plugin name in plugins.ini (without quotes).
L 05/28/2011 - 13:35:27: [AMXX] Run time error 4 (plugin "biohazard.amxx") - debug not enabled!
L 05/28/2011 - 13:35:27: [AMXX] To enable debug mode, add "debug" after the plugin name in plugins.ini (without quotes).
L 05/28/2011 - 13:37:45: [AMXX] Run time error 4 (plugin "biohazard.amxx") - debug not enabled!
L 05/28/2011 - 13:37:45: [AMXX] To enable debug mode, add "debug" after the plugin name in plugins.ini (without quotes).
L 05/28/2011 - 13:55:19: Start of error session.
L 05/28/2011 - 13:55:19: Info (map "016_rmk") (file "addons/amxmodx/logs/error_20110528.log")
L 05/28/2011 - 13:55:19: [AMXX] Run time error 4 (plugin "biohazard.amxx") - debug not enabled!
L 05/28/2011 - 13:55:19: [AMXX] To enable debug mode, add "debug" after the plugin name in plugins.ini (without quotes).
L 05/28/2011 - 14:06:51: Start of error session.
L 05/28/2011 - 14:06:51: Info (map "de_westwood") (file "addons/amxmodx/logs/error_20110528.log")
L 05/28/2011 - 14:06:51: [AMXX] Run time error 4 (plugin "biohazard.amxx") - debug not enabled!
L 05/28/2011 - 14:06:51: [AMXX] To enable debug mode, add "debug" after the plugin name in plugins.ini (without quotes).
L 05/28/2011 - 14:18:24: Start of error session.
L 05/28/2011 - 14:18:24: Info (map "zm_xata") (file "addons/amxmodx/logs/error_20110528.log")
L 05/28/2011 - 14:18:24: [AMXX] Run time error 4 (plugin "biohazard.amxx") - debug not enabled!
L 05/28/2011 - 14:18:24: [AMXX] To enable debug mode, add "debug" after the plugin name in plugins.ini (without quotes).
L 05/28/2011 - 14:22:37: [AMXX] Run time error 4 (plugin "biohazard.amxx") - debug not enabled!
L 05/28/2011 - 14:22:37: [AMXX] To enable debug mode, add "debug" after the plugin name in plugins.ini (without quotes).
L 05/28/2011 - 14:26:30: [AMXX] Run time error 4 (plugin "biohazard.amxx") - debug not enabled!
L 05/28/2011 - 14:26:30: [AMXX] To enable debug mode, add "debug" after the plugin name in plugins.ini (without quotes).
L 05/28/2011 - 14:57:25: Start of error session.
L 05/28/2011 - 14:57:25: Info (map "de_dust") (file "addons/amxmodx/logs/error_20110528.log")
L 05/28/2011 - 14:57:25: [AMXX] Run time error 4 (plugin "biohazard.amxx") - debug not enabled!
L 05/28/2011 - 14:57:25: [AMXX] To enable debug mode, add "debug" after the plugin name in plugins.ini (without quotes).
L 05/28/2011 - 15:12:20: [AMXX] Run time error 4 (plugin "biohazard.amxx") - debug not enabled!
L 05/28/2011 - 15:12:20: [AMXX] To enable debug mode, add "debug" after the plugin name in plugins.ini (without quotes).
L 05/28/2011 - 15:39:55: Start of error session.
L 05/28/2011 - 15:39:55: Info (map "awp_city") (file "addons/amxmodx/logs/error_20110528.log")
L 05/28/2011 - 15:39:55: [AMXX] Run time error 4 (plugin "biohazard.amxx") - debug not enabled!
L 05/28/2011 - 15:39:55: [AMXX] To enable debug mode, add "debug" after the plugin name in plugins.ini (without quotes).
L 05/28/2011 - 15:44:43: [AMXX] Run time error 4 (plugin "biohazard.amxx") - debug not enabled!
L 05/28/2011 - 15:44:43: [AMXX] To enable debug mode, add "debug" after the plugin name in plugins.ini (without quotes).
L 05/28/2011 - 15:54:56: [AMXX] Run time error 4 (plugin "biohazard.amxx") - debug not enabled!
L 05/28/2011 - 15:54:56: [AMXX] To enable debug mode, add "debug" after the plugin name in plugins.ini (without quotes).
L 05/28/2011 - 15:57:17: [AMXX] Run time error 4 (plugin "biohazard.amxx") - debug not enabled!
L 05/28/2011 - 15:57:17: [AMXX] To enable debug mode, add "debug" after the plugin name in plugins.ini (without quotes).
L 05/28/2011 - 16:01:00: Start of error session.
L 05/28/2011 - 16:01:00: Info (map "zm_houses") (file "addons/amxmodx/logs/error_20110528.log")
L 05/28/2011 - 16:01:00: [AMXX] Run time error 4 (plugin "biohazard.amxx") - debug not enabled!
L 05/28/2011 - 16:01:00: [AMXX] To enable debug mode, add "debug" after the plugin name in plugins.ini (without quotes).
L 05/28/2011 - 16:08:36: [AMXX] Run time error 4 (plugin "biohazard.amxx") - debug not enabled!
L 05/28/2011 - 16:08:36: [AMXX] To enable debug mode, add "debug" after the plugin name in plugins.ini (without quotes).
L 05/28/2011 - 16:09:19: [AMXX] Run time error 4 (plugin "biohazard.amxx") - debug not enabled!
L 05/28/2011 - 16:09:19: [AMXX] To enable debug mode, add "debug" after the plugin name in plugins.ini (without quotes).
L 05/28/2011 - 16:10:39: [AMXX] Run time error 4 (plugin "biohazard.amxx") - debug not enabled!
L 05/28/2011 - 16:10:39: [AMXX] To enable debug mode, add "debug" after the plugin name in plugins.ini (without quotes).
L 05/28/2011 - 16:13:15: [AMXX] Run time error 4 (plugin "biohazard.amxx") - debug not enabled!
L 05/28/2011 - 16:13:15: [AMXX] To enable debug mode, add "debug" after the plugin name in plugins.ini (without quotes).
L 05/28/2011 - 16:13:15: [AMXX] Run time error 4 (plugin "biohazard.amxx") - debug not enabled!
L 05/28/2011 - 16:13:15: [AMXX] To enable debug mode, add "debug" after the plugin name in plugins.ini (without quotes).
L 05/28/2011 - 16:16:36: [AMXX] Run time error 4 (plugin "biohazard.amxx") - debug not enabled!
L 05/28/2011 - 16:16:36: [AMXX] To enable debug mode, add "debug" after the plugin name in plugins.ini (without quotes).
L 05/28/2011 - 16:16:36: [AMXX] Run time error 4 (plugin "biohazard.amxx") - debug not enabled!
L 05/28/2011 - 16:16:36: [AMXX] To enable debug mode, add "debug" after the plugin name in plugins.ini (without quotes).
L 05/28/2011 - 16:41:46: Start of error session.
L 05/28/2011 - 16:41:46: Info (map "016_rmk") (file "addons/amxmodx/logs/error_20110528.log")
L 05/28/2011 - 16:41:46: [AMXX] Run time error 4 (plugin "biohazard.amxx") - debug not enabled!
L 05/28/2011 - 16:41:46: [AMXX] To enable debug mode, add "debug" after the plugin name in plugins.ini (without quotes).
L 05/28/2011 - 16:45:10: Start of error session.
L 05/28/2011 - 16:45:10: Info (map "zm_neris") (file "addons/amxmodx/logs/error_20110528.log")
L 05/28/2011 - 16:45:10: [AMXX] Run time error 4 (plugin "biohazard.amxx") - debug not enabled!
L 05/28/2011 - 16:45:10: [AMXX] To enable debug mode, add "debug" after the plugin name in plugins.ini (without quotes).
L 05/28/2011 - 16:45:10: [AMXX] Run time error 4 (plugin "biohazard.amxx") - debug not enabled!
L 05/28/2011 - 16:45:10: [AMXX] To enable debug mode, add "debug" after the plugin name in plugins.ini (without quotes).
L 05/28/2011 - 16:48:54: [AMXX] Run time error 4 (plugin "biohazard.amxx") - debug not enabled!
L 05/28/2011 - 16:48:54: [AMXX] To enable debug mode, add "debug" after the plugin name in plugins.ini (without quotes).
L 05/28/2011 - 16:48:54: [AMXX] Run time error 4 (plugin "biohazard.amxx") - debug not enabled!
L 05/28/2011 - 16:48:54: [AMXX] To enable debug mode, add "debug" after the plugin name in plugins.ini (without quotes).
L 05/28/2011 - 16:48:54: [AMXX] Run time error 4 (plugin "biohazard.amxx") - debug not enabled!
L 05/28/2011 - 16:48:54: [AMXX] To enable debug mode, add "debug" after the plugin name in plugins.ini (without quotes).
L 05/28/2011 - 16:52:15: [AMXX] Run time error 4 (plugin "biohazard.amxx") - debug not enabled!
L 05/28/2011 - 16:52:15: [AMXX] To enable debug mode, add "debug" after the plugin name in plugins.ini (without quotes).
L 05/28/2011 - 16:52:15: [AMXX] Run time error 4 (plugin "biohazard.amxx") - debug not enabled!
L 05/28/2011 - 16:52:15: [AMXX] To enable debug mode, add "debug" after the plugin name in plugins.ini (without quotes).
L 05/28/2011 - 16:55:36: [AMXX] Run time error 4 (plugin "biohazard.amxx") - debug not enabled!
L 05/28/2011 - 16:55:36: [AMXX] To enable debug mode, add "debug" after the plugin name in plugins.ini (without quotes).
L 05/28/2011 - 16:55:36: [AMXX] Run time error 4 (plugin "biohazard.amxx") - debug not enabled!
L 05/28/2011 - 16:55:36: [AMXX] To enable debug mode, add "debug" after the plugin name in plugins.ini (without quotes).
L 05/28/2011 - 16:58:06: [AMXX] Run time error 4 (plugin "biohazard.amxx") - debug not enabled!
L 05/28/2011 - 16:58:06: [AMXX] To enable debug mode, add "debug" after the plugin name in plugins.ini (without quotes).
L 05/28/2011 - 16:58:06: [AMXX] Run time error 4 (plugin "biohazard.amxx") - debug not enabled!
L 05/28/2011 - 16:58:06: [AMXX] To enable debug mode, add "debug" after the plugin name in plugins.ini (without quotes).
L 05/28/2011 - 17:01:27: [AMXX] Run time error 4 (plugin "biohazard.amxx") - debug not enabled!
L 05/28/2011 - 17:01:27: [AMXX] To enable debug mode, add "debug" after the plugin name in plugins.ini (without quotes).
L 05/28/2011 - 17:04:48: [AMXX] Run time error 4 (plugin "biohazard.amxx") - debug not enabled!
L 05/28/2011 - 17:04:48: [AMXX] To enable debug mode, add "debug" after the plugin name in plugins.ini (without quotes).
L 05/28/2011 - 17:12:56: Start of error session.
L 05/28/2011 - 17:12:56: Info (map "zm_303") (file "addons/amxmodx/logs/error_20110528.log")
L 05/28/2011 - 17:12:56: [AMXX] Run time error 4 (plugin "biohazard.amxx") - debug not enabled!
L 05/28/2011 - 17:12:56: [AMXX] To enable debug mode, add "debug" after the plugin name in plugins.ini (without quotes).
L 05/28/2011 - 17:16:17: [AMXX] Run time error 4 (plugin "biohazard.amxx") - debug not enabled!
L 05/28/2011 - 17:16:17: [AMXX] To enable debug mode, add "debug" after the plugin name in plugins.ini (without quotes).
L 05/28/2011 - 17:19:38: [AMXX] Run time error 4 (plugin "biohazard.amxx") - debug not enabled!
L 05/28/2011 - 17:19:38: [AMXX] To enable debug mode, add "debug" after the plugin name in plugins.ini (without quotes).
L 05/28/2011 - 17:22:59: [AMXX] Run time error 4 (plugin "biohazard.amxx") - debug not enabled!
L 05/28/2011 - 17:22:59: [AMXX] To enable debug mode, add "debug" after the plugin name in plugins.ini (without quotes).
L 05/28/2011 - 17:27:06: [AMXX] Run time error 4 (plugin "biohazard.amxx") - debug not enabled!
L 05/28/2011 - 17:27:06: [AMXX] To enable debug mode, add "debug" after the plugin name in plugins.ini (without quotes).
L 05/28/2011 - 17:28:49: Start of error session.
L 05/28/2011 - 17:28:49: Info (map "cs_office") (file "addons/amxmodx/logs/error_20110528.log")
L 05/28/2011 - 17:28:49: [AMXX] Run time error 4 (plugin "biohazard.amxx") - debug not enabled!
L 05/28/2011 - 17:28:49: [AMXX] To enable debug mode, add "debug" after the plugin name in plugins.ini (without quotes).
L 05/28/2011 - 17:44:51: [AMXX] Run time error 4 (plugin "biohazard.amxx") - debug not enabled!
L 05/28/2011 - 17:44:51: [AMXX] To enable debug mode, add "debug" after the plugin name in plugins.ini (without quotes).
L 05/28/2011 - 17:44:51: [AMXX] Run time error 4 (plugin "biohazard.amxx") - debug not enabled!
L 05/28/2011 - 17:44:51: [AMXX] To enable debug mode, add "debug" after the plugin name in plugins.ini (without quotes).
L 05/28/2011 - 17:45:32: [AMXX] Run time error 4 (plugin "biohazard.amxx") - debug not enabled!
L 05/28/2011 - 17:45:32: [AMXX] To enable debug mode, add "debug" after the plugin name in plugins.ini (without quotes).
L 05/28/2011 - 17:47:08: [AMXX] Run time error 4 (plugin "biohazard.amxx") - debug not enabled!
L 05/28/2011 - 17:47:08: [AMXX] To enable debug mode, add "debug" after the plugin name in plugins.ini (without quotes).
L 05/28/2011 - 18:30:20: Start of error session.
L 05/28/2011 - 18:30:20: Info (map "zm_south_escape_b2") (file "addons/amxmodx/logs/error_20110528.log")
L 05/28/2011 - 18:30:20: [AMXX] Run time error 4 (plugin "biohazard.amxx") - debug not enabled!
L 05/28/2011 - 18:30:20: [AMXX] To enable debug mode, add "debug" after the plugin name in plugins.ini (without quotes).
L 05/28/2011 - 18:32:25: [AMXX] Run time error 4 (plugin "biohazard.amxx") - debug not enabled!
L 05/28/2011 - 18:32:25: [AMXX] To enable debug mode, add "debug" after the plugin name in plugins.ini (without quotes).
L 05/28/2011 - 18:34:52: [AMXX] Run time error 4 (plugin "biohazard.amxx") - debug not enabled!
L 05/28/2011 - 18:34:52: [AMXX] To enable debug mode, add "debug" after the plugin name in plugins.ini (without quotes).
L 05/28/2011 - 18:43:03: Start of error session.
L 05/28/2011 - 18:43:03: Info (map "zm_fdust2x2") (file "addons/amxmodx/logs/error_20110528.log")
L 05/28/2011 - 18:43:03: [AMXX] Run time error 4 (plugin "biohazard.amxx") - debug not enabled!
L 05/28/2011 - 18:43:03: [AMXX] To enable debug mode, add "debug" after the plugin name in plugins.ini (without quotes).
L 05/28/2011 - 18:43:03: [AMXX] Run time error 4 (plugin "biohazard.amxx") - debug not enabled!
L 05/28/2011 - 18:43:03: [AMXX] To enable debug mode, add "debug" after the plugin name in plugins.ini (without quotes).
L 05/28/2011 - 18:43:03: [AMXX] Run time error 4 (plugin "biohazard.amxx") - debug not enabled!
L 05/28/2011 - 18:43:03: [AMXX] To enable debug mode, add "debug" after the plugin name in plugins.ini (without quotes).
L 05/28/2011 - 18:56:26: [AMXX] Run time error 4 (plugin "biohazard.amxx") - debug not enabled!
L 05/28/2011 - 18:56:26: [AMXX] To enable debug mode, add "debug" after the plugin name in plugins.ini (without quotes).
L 05/28/2011 - 19:01:55: Start of error session.
L 05/28/2011 - 19:01:55: Info (map "zm_simple_b1") (file "addons/amxmodx/logs/error_20110528.log")
L 05/28/2011 - 19:01:55: [AMXX] Run time error 4 (plugin "biohazard.amxx") - debug not enabled!
L 05/28/2011 - 19:01:55: [AMXX] To enable debug mode, add "debug" after the plugin name in plugins.ini (without quotes).
L 05/28/2011 - 19:05:16: [AMXX] Run time error 4 (plugin "biohazard.amxx") - debug not enabled!
L 05/28/2011 - 19:05:16: [AMXX] To enable debug mode, add "debug" after the plugin name in plugins.ini (without quotes).
L 05/28/2011 - 19:08:37: [AMXX] Run time error 4 (plugin "biohazard.amxx") - debug not enabled!
L 05/28/2011 - 19:08:37: [AMXX] To enable debug mode, add "debug" after the plugin name in plugins.ini (without quotes).
L 05/28/2011 - 19:08:37: [AMXX] Run time error 4 (plugin "biohazard.amxx") - debug not enabled!
L 05/28/2011 - 19:08:37: [AMXX] To enable debug mode, add "debug" after the plugin name in plugins.ini (without quotes).
L 05/28/2011 - 19:11:58: [AMXX] Run time error 4 (plugin "biohazard.amxx") - debug not enabled!
L 05/28/2011 - 19:11:58: [AMXX] To enable debug mode, add "debug" after the plugin name in plugins.ini (without quotes).
L 05/28/2011 - 19:22:28: Start of error session.
L 05/28/2011 - 19:22:28: Info (map "de_nuke") (file "addons/amxmodx/logs/error_20110528.log")
L 05/28/2011 - 19:22:28: [AMXX] Run time error 4 (plugin "biohazard.amxx") - debug not enabled!
L 05/28/2011 - 19:22:28: [AMXX] To enable debug mode, add "debug" after the plugin name in plugins.ini (without quotes).
L 05/28/2011 - 19:56:48: Start of error session.
L 05/28/2011 - 19:56:48: Info (map "016_rmk") (file "addons/amxmodx/logs/error_20110528.log")
L 05/28/2011 - 19:56:48: [AMXX] Run time error 4 (plugin "biohazard.amxx") - debug not enabled!
L 05/28/2011 - 19:56:48: [AMXX] To enable debug mode, add "debug" after the plugin name in plugins.ini (without quotes).
L 05/28/2011 - 20:00:53: [AMXX] Run time error 4 (plugin "biohazard.amxx") - debug not enabled!
L 05/28/2011 - 20:00:53: [AMXX] To enable debug mode, add "debug" after the plugin name in plugins.ini (without quotes).
L 05/28/2011 - 20:04:14: [AMXX] Run time error 4 (plugin "biohazard.amxx") - debug not enabled!
L 05/28/2011 - 20:04:14: [AMXX] To enable debug mode, add "debug" after the plugin name in plugins.ini (without quotes).
L 05/28/2011 - 20:07:35: [AMXX] Run time error 4 (plugin "biohazard.amxx") - debug not enabled!
L 05/28/2011 - 20:07:35: [AMXX] To enable debug mode, add "debug" after the plugin name in plugins.ini (without quotes).
L 05/28/2011 - 20:21:52: Start of error session.
L 05/28/2011 - 20:21:52: Info (map "zm_303") (file "addons/amxmodx/logs/error_20110528.log")
L 05/28/2011 - 20:21:52: [AMXX] Run time error 4 (plugin "biohazard.amxx") - debug not enabled!
L 05/28/2011 - 20:21:52: [AMXX] To enable debug mode, add "debug" after the plugin name in plugins.ini (without quotes).
L 05/28/2011 - 20:43:33: Start of error session.
L 05/28/2011 - 20:43:33: Info (map "zm_202") (file "addons/amxmodx/logs/error_20110528.log")
L 05/28/2011 - 20:43:33: [AMXX] Run time error 4 (plugin "biohazard.amxx") - debug not enabled!
L 05/28/2011 - 20:43:33: [AMXX] To enable debug mode, add "debug" after the plugin name in plugins.ini (without quotes).
L 05/28/2011 - 20:43:33: [AMXX] Run time error 4 (plugin "biohazard.amxx") - debug not enabled!
L 05/28/2011 - 20:43:33: [AMXX] To enable debug mode, add "debug" after the plugin name in plugins.ini (without quotes).
L 05/28/2011 - 20:46:54: [AMXX] Run time error 4 (plugin "biohazard.amxx") - debug not enabled!
L 05/28/2011 - 20:46:54: [AMXX] To enable debug mode, add "debug" after the plugin name in plugins.ini (without quotes).
L 05/28/2011 - 20:47:36: [AMXX] Run time error 4 (plugin "biohazard.amxx") - debug not enabled!
L 05/28/2011 - 20:47:36: [AMXX] To enable debug mode, add "debug" after the plugin name in plugins.ini (without quotes).
L 05/28/2011 - 20:59:44: Start of error session.
L 05/28/2011 - 20:59:44: Info (map "de_dust") (file "addons/amxmodx/logs/error_20110528.log")
L 05/28/2011 - 20:59:44: [AMXX] Run time error 4 (plugin "biohazard.amxx") - debug not enabled!
L 05/28/2011 - 20:59:44: [AMXX] To enable debug mode, add "debug" after the plugin name in plugins.ini (without quotes).
L 05/28/2011 - 21:03:45: [AMXX] Run time error 4 (plugin "biohazard.amxx") - debug not enabled!
L 05/28/2011 - 21:03:45: [AMXX] To enable debug mode, add "debug" after the plugin name in plugins.ini (without quotes).
L 05/28/2011 - 21:04:42: [AMXX] Run time error 4 (plugin "biohazard.amxx") - debug not enabled!
L 05/28/2011 - 21:04:42: [AMXX] To enable debug mode, add "debug" after the plugin name in plugins.ini (without quotes).
L 05/28/2011 - 21:08:45: [AMXX] Run time error 4 (plugin "biohazard.amxx") - debug not enabled!
L 05/28/2011 - 21:08:45: [AMXX] To enable debug mode, add "debug" after the plugin name in plugins.ini (without quotes).
L 05/28/2011 - 21:27:30: Start of error session.
L 05/28/2011 - 21:27:30: Info (map "zm_desolation_house") (file "addons/amxmodx/logs/error_20110528.log")
L 05/28/2011 - 21:27:30: [AMXX] Run time error 4 (plugin "biohazard.amxx") - debug not enabled!
L 05/28/2011 - 21:27:30: [AMXX] To enable debug mode, add "debug" after the plugin name in plugins.ini (without quotes).
L 05/28/2011 - 21:29:15: [AMXX] Run time error 4 (plugin "biohazard.amxx") - debug not enabled!
L 05/28/2011 - 21:29:15: [AMXX] To enable debug mode, add "debug" after the plugin name in plugins.ini (without quotes).
L 05/28/2011 - 21:31:37: [AMXX] Run time error 4 (plugin "biohazard.amxx") - debug not enabled!
L 05/28/2011 - 21:31:37: [AMXX] To enable debug mode, add "debug" after the plugin name in plugins.ini (without quotes).
L 05/28/2011 - 21:36:04: [AMXX] Run time error 4 (plugin "biohazard.amxx") - debug not enabled!
L 05/28/2011 - 21:36:04: [AMXX] To enable debug mode, add "debug" after the plugin name in plugins.ini (without quotes).
L 05/28/2011 - 21:43:29: Start of error session.
L 05/28/2011 - 21:43:29: Info (map "zm_army") (file "addons/amxmodx/logs/error_20110528.log")
L 05/28/2011 - 21:43:29: [AMXX] Run time error 4 (plugin "biohazard.amxx") - debug not enabled!
L 05/28/2011 - 21:43:29: [AMXX] To enable debug mode, add "debug" after the plugin name in plugins.ini (without quotes).
L 05/28/2011 - 22:33:06: Start of error session.
L 05/28/2011 - 22:33:06: Info (map "ze_jurassickpark3_lg") (file "addons/amxmodx/logs/error_20110528.log")
L 05/28/2011 - 22:33:06: [AMXX] Run time error 4 (plugin "biohazard.amxx") - debug not enabled!
L 05/28/2011 - 22:33:06: [AMXX] To enable debug mode, add "debug" after the plugin name in plugins.ini (without quotes).
L 05/28/2011 - 22:39:23: Start of error session.
L 05/28/2011 - 22:39:23: Info (map "zm_fdust2x2") (file "addons/amxmodx/logs/error_20110528.log")
L 05/28/2011 - 22:39:23: [AMXX] Run time error 4 (plugin "biohazard.amxx") - debug not enabled!
L 05/28/2011 - 22:39:23: [AMXX] To enable debug mode, add "debug" after the plugin name in plugins.ini (without quotes).
L 05/28/2011 - 22:57:44: Start of error session.
L 05/28/2011 - 22:57:44: Info (map "awp_city") (file "addons/amxmodx/logs/error_20110528.log")
L 05/28/2011 - 22:57:44: [AMXX] Run time error 4 (plugin "biohazard.amxx") - debug not enabled!
L 05/28/2011 - 22:57:44: [AMXX] To enable debug mode, add "debug" after the plugin name in plugins.ini (without quotes).
L 05/28/2011 - 23:18:42: Start of error session.
L 05/28/2011 - 23:18:42: Info (map "zm_202") (file "addons/amxmodx/logs/error_20110528.log")
L 05/28/2011 - 23:18:42: [AMXX] Run time error 4 (plugin "biohazard.amxx") - debug not enabled!
L 05/28/2011 - 23:18:42: [AMXX] To enable debug mode, add "debug" after the plugin name in plugins.ini (without quotes).
L 05/28/2011 - 23:59:48: Start of error session.
L 05/28/2011 - 23:59:48: Info (map "zm_neris") (file "addons/amxmodx/logs/error_20110528.log")
L 05/28/2011 - 23:59:48: [AMXX] Run time error 4 (plugin "biohazard.amxx") - debug not enabled!
L 05/28/2011 - 23:59:48: [AMXX] To enable debug mode, add "debug" after the plugin name in plugins.ini (without quotes).
