L 06/01/2011 - 00:51:21: Start of error session.
L 06/01/2011 - 00:51:21: Info (map "de_dust") (file "addons/amxmodx/logs/error_20110601.log")
L 06/01/2011 - 00:51:21: [AMXX] Displaying debug trace (plugin "biohazard.amxx")
L 06/01/2011 - 00:51:21: [AMXX] Run time error 4: index out of bounds 
L 06/01/2011 - 00:51:21: [AMXX]    [0] biohazard.sma::equipweapon (line 2731)
L 06/01/2011 - 00:51:21: [AMXX]    [1] biohazard.sma::cure_user (line 1998)
L 06/01/2011 - 00:51:21: [AMXX]    [2] biohazard.sma::bacon_spawn_player_post (line 1465)
L 06/01/2011 - 00:54:42: [AMXX] Displaying debug trace (plugin "biohazard.amxx")
L 06/01/2011 - 00:54:42: [AMXX] Run time error 4: index out of bounds 
L 06/01/2011 - 00:54:42: [AMXX]    [0] biohazard.sma::equipweapon (line 2731)
L 06/01/2011 - 00:54:42: [AMXX]    [1] biohazard.sma::cure_user (line 1998)
L 06/01/2011 - 00:54:42: [AMXX]    [2] biohazard.sma::bacon_spawn_player_post (line 1465)
L 06/01/2011 - 01:02:01: [AMXX] Displaying debug trace (plugin "biohazard.amxx")
L 06/01/2011 - 01:02:01: [AMXX] Run time error 4: index out of bounds 
L 06/01/2011 - 01:02:01: [AMXX]    [0] biohazard.sma::equipweapon (line 2731)
L 06/01/2011 - 01:02:01: [AMXX]    [1] biohazard.sma::cure_user (line 1998)
L 06/01/2011 - 01:02:01: [AMXX]    [2] biohazard.sma::bacon_spawn_player_post (line 1465)
L 06/01/2011 - 01:03:35: Start of error session.
L 06/01/2011 - 01:03:35: Info (map "zm_houses") (file "addons/amxmodx/logs/error_20110601.log")
L 06/01/2011 - 01:03:35: [AMXX] Displaying debug trace (plugin "biohazard.amxx")
L 06/01/2011 - 01:03:35: [AMXX] Run time error 4: index out of bounds 
L 06/01/2011 - 01:03:35: [AMXX]    [0] biohazard.sma::equipweapon (line 2731)
L 06/01/2011 - 01:03:35: [AMXX]    [1] biohazard.sma::cure_user (line 1998)
L 06/01/2011 - 01:03:35: [AMXX]    [2] biohazard.sma::bacon_spawn_player_post (line 1465)
L 06/01/2011 - 02:32:06: Start of error session.
L 06/01/2011 - 02:32:06: Info (map "016_rmk") (file "addons/amxmodx/logs/error_20110601.log")
L 06/01/2011 - 02:32:06: [MySQL] Invalid handle: 0
L 06/01/2011 - 02:32:06: [AMXX] Run time error 10 (plugin "amxbans.amxx") (native "SQL_FreeHandle") - debug not enabled!
L 06/01/2011 - 02:32:06: [AMXX] To enable debug mode, add "debug" after the plugin name in plugins.ini (without quotes).
L 06/01/2011 - 04:32:05: Start of error session.
L 06/01/2011 - 04:32:05: Info (map "016_rmk") (file "addons/amxmodx/logs/error_20110601.log")
L 06/01/2011 - 04:32:05: [MySQL] Invalid handle: 0
L 06/01/2011 - 04:32:05: [AMXX] Run time error 10 (plugin "amxbans.amxx") (native "SQL_FreeHandle") - debug not enabled!
L 06/01/2011 - 04:32:05: [AMXX] To enable debug mode, add "debug" after the plugin name in plugins.ini (without quotes).
L 06/01/2011 - 04:42:34: Start of error session.
L 06/01/2011 - 04:42:34: Info (map "016_rmk") (file "addons/amxmodx/logs/error_20110601.log")
L 06/01/2011 - 04:42:34: [MySQL] Invalid handle: 0
L 06/01/2011 - 04:42:34: [AMXX] Run time error 10 (plugin "amxbans.amxx") (native "SQL_FreeHandle") - debug not enabled!
L 06/01/2011 - 04:42:34: [AMXX] To enable debug mode, add "debug" after the plugin name in plugins.ini (without quotes).
L 06/01/2011 - 07:57:39: Start of error session.
L 06/01/2011 - 07:57:39: Info (map "cs_office") (file "addons/amxmodx/logs/error_20110601.log")
L 06/01/2011 - 07:57:39: [AMXX] Displaying debug trace (plugin "biohazard.amxx")
L 06/01/2011 - 07:57:39: [AMXX] Run time error 4: index out of bounds 
L 06/01/2011 - 07:57:39: [AMXX]    [0] biohazard.sma::equipweapon (line 2728)
L 06/01/2011 - 07:57:39: [AMXX]    [1] biohazard.sma::cure_user (line 1995)
L 06/01/2011 - 07:57:39: [AMXX]    [2] biohazard.sma::bacon_spawn_player_post (line 1462)
L 06/01/2011 - 08:01:00: [AMXX] Displaying debug trace (plugin "biohazard.amxx")
L 06/01/2011 - 08:01:00: [AMXX] Run time error 4: index out of bounds 
L 06/01/2011 - 08:01:00: [AMXX]    [0] biohazard.sma::equipweapon (line 2728)
L 06/01/2011 - 08:01:00: [AMXX]    [1] biohazard.sma::cure_user (line 1995)
L 06/01/2011 - 08:01:00: [AMXX]    [2] biohazard.sma::bacon_spawn_player_post (line 1462)
L 06/01/2011 - 08:02:51: [AMXX] Displaying debug trace (plugin "biohazard.amxx")
L 06/01/2011 - 08:02:51: [AMXX] Run time error 4: index out of bounds 
L 06/01/2011 - 08:02:51: [AMXX]    [0] biohazard.sma::equipweapon (line 2728)
L 06/01/2011 - 08:02:51: [AMXX]    [1] biohazard.sma::cure_user (line 1995)
L 06/01/2011 - 08:02:51: [AMXX]    [2] biohazard.sma::bacon_spawn_player_post (line 1462)
L 06/01/2011 - 08:06:12: [AMXX] Displaying debug trace (plugin "biohazard.amxx")
L 06/01/2011 - 08:06:12: [AMXX] Run time error 4: index out of bounds 
L 06/01/2011 - 08:06:12: [AMXX]    [0] biohazard.sma::equipweapon (line 2728)
L 06/01/2011 - 08:06:12: [AMXX]    [1] biohazard.sma::cure_user (line 1995)
L 06/01/2011 - 08:06:12: [AMXX]    [2] biohazard.sma::bacon_spawn_player_post (line 1462)
L 06/01/2011 - 08:19:59: Start of error session.
L 06/01/2011 - 08:19:59: Info (map "ze_jurassickpark3_lg") (file "addons/amxmodx/logs/error_20110601.log")
L 06/01/2011 - 08:19:59: [AMXX] Displaying debug trace (plugin "biohazard.amxx")
L 06/01/2011 - 08:19:59: [AMXX] Run time error 4: index out of bounds 
L 06/01/2011 - 08:19:59: [AMXX]    [0] biohazard.sma::equipweapon (line 2728)
L 06/01/2011 - 08:19:59: [AMXX]    [1] biohazard.sma::cure_user (line 1995)
L 06/01/2011 - 08:19:59: [AMXX]    [2] biohazard.sma::bacon_spawn_player_post (line 1462)
L 06/01/2011 - 08:20:57: [AMXX] Displaying debug trace (plugin "biohazard.amxx")
L 06/01/2011 - 08:20:57: [AMXX] Run time error 4: index out of bounds 
L 06/01/2011 - 08:20:57: [AMXX]    [0] biohazard.sma::equipweapon (line 2728)
L 06/01/2011 - 08:20:57: [AMXX]    [1] biohazard.sma::cure_user (line 1995)
L 06/01/2011 - 08:20:57: [AMXX]    [2] biohazard.sma::bacon_spawn_player_post (line 1462)
L 06/01/2011 - 08:23:55: [AMXX] Displaying debug trace (plugin "biohazard.amxx")
L 06/01/2011 - 08:23:55: [AMXX] Run time error 4: index out of bounds 
L 06/01/2011 - 08:23:55: [AMXX]    [0] biohazard.sma::equipweapon (line 2728)
L 06/01/2011 - 08:23:55: [AMXX]    [1] biohazard.sma::cure_user (line 1995)
L 06/01/2011 - 08:23:55: [AMXX]    [2] biohazard.sma::bacon_spawn_player_post (line 1462)
L 06/01/2011 - 08:26:07: [AMXX] Displaying debug trace (plugin "biohazard.amxx")
L 06/01/2011 - 08:26:07: [AMXX] Run time error 4: index out of bounds 
L 06/01/2011 - 08:26:07: [AMXX]    [0] biohazard.sma::equipweapon (line 2728)
L 06/01/2011 - 08:26:07: [AMXX]    [1] biohazard.sma::cure_user (line 1995)
L 06/01/2011 - 08:26:07: [AMXX]    [2] biohazard.sma::bacon_spawn_player_post (line 1462)
L 06/01/2011 - 08:28:26: [AMXX] Displaying debug trace (plugin "biohazard.amxx")
L 06/01/2011 - 08:28:26: [AMXX] Run time error 4: index out of bounds 
L 06/01/2011 - 08:28:26: [AMXX]    [0] biohazard.sma::equipweapon (line 2728)
L 06/01/2011 - 08:28:26: [AMXX]    [1] biohazard.sma::cure_user (line 1995)
L 06/01/2011 - 08:28:26: [AMXX]    [2] biohazard.sma::bacon_spawn_player_post (line 1462)
L 06/01/2011 - 09:16:22: Start of error session.
L 06/01/2011 - 09:16:22: Info (map "zm_escapetrain") (file "addons/amxmodx/logs/error_20110601.log")
L 06/01/2011 - 09:16:22: [AMXX] Displaying debug trace (plugin "biohazard.amxx")
L 06/01/2011 - 09:16:22: [AMXX] Run time error 4: index out of bounds 
L 06/01/2011 - 09:16:22: [AMXX]    [0] biohazard.sma::equipweapon (line 2751)
L 06/01/2011 - 09:16:22: [AMXX]    [1] biohazard.sma::cure_user (line 1995)
L 06/01/2011 - 09:16:22: [AMXX]    [2] biohazard.sma::bacon_spawn_player_post (line 1462)
L 06/01/2011 - 09:23:02: [AMXX] Displaying debug trace (plugin "biohazard.amxx")
L 06/01/2011 - 09:23:02: [AMXX] Run time error 4: index out of bounds 
L 06/01/2011 - 09:23:02: [AMXX]    [0] biohazard.sma::equipweapon (line 2751)
L 06/01/2011 - 09:23:02: [AMXX]    [1] biohazard.sma::cure_user (line 1995)
L 06/01/2011 - 09:23:02: [AMXX]    [2] biohazard.sma::bacon_spawn_player_post (line 1462)
L 06/01/2011 - 09:41:54: Start of error session.
L 06/01/2011 - 09:41:54: Info (map "cs_militia") (file "addons/amxmodx/logs/error_20110601.log")
L 06/01/2011 - 09:41:54: [AMXX] Displaying debug trace (plugin "biohazard.amxx")
L 06/01/2011 - 09:41:54: [AMXX] Run time error 4: index out of bounds 
L 06/01/2011 - 09:41:54: [AMXX]    [0] biohazard.sma::equipweapon (line 2728)
L 06/01/2011 - 09:41:54: [AMXX]    [1] biohazard.sma::cure_user (line 1995)
L 06/01/2011 - 09:41:54: [AMXX]    [2] biohazard.sma::bacon_spawn_player_post (line 1462)
L 06/01/2011 - 09:44:55: [AMXX] Displaying debug trace (plugin "biohazard.amxx")
L 06/01/2011 - 09:44:55: [AMXX] Run time error 4: index out of bounds 
L 06/01/2011 - 09:44:55: [AMXX]    [0] biohazard.sma::equipweapon (line 2728)
L 06/01/2011 - 09:44:55: [AMXX]    [1] biohazard.sma::cure_user (line 1995)
L 06/01/2011 - 09:44:55: [AMXX]    [2] biohazard.sma::bacon_spawn_player_post (line 1462)
L 06/01/2011 - 09:48:16: [AMXX] Displaying debug trace (plugin "biohazard.amxx")
L 06/01/2011 - 09:48:16: [AMXX] Run time error 4: index out of bounds 
L 06/01/2011 - 09:48:16: [AMXX]    [0] biohazard.sma::equipweapon (line 2728)
L 06/01/2011 - 09:48:16: [AMXX]    [1] biohazard.sma::cure_user (line 1995)
L 06/01/2011 - 09:48:16: [AMXX]    [2] biohazard.sma::bacon_spawn_player_post (line 1462)
L 06/01/2011 - 09:51:17: [AMXX] Displaying debug trace (plugin "biohazard.amxx")
L 06/01/2011 - 09:51:17: [AMXX] Run time error 4: index out of bounds 
L 06/01/2011 - 09:51:17: [AMXX]    [0] biohazard.sma::equipweapon (line 2728)
L 06/01/2011 - 09:51:17: [AMXX]    [1] biohazard.sma::cure_user (line 1995)
L 06/01/2011 - 09:51:17: [AMXX]    [2] biohazard.sma::bacon_spawn_player_post (line 1462)
L 06/01/2011 - 09:57:28: Start of error session.
L 06/01/2011 - 09:57:28: Info (map "016_rmk") (file "addons/amxmodx/logs/error_20110601.log")
L 06/01/2011 - 09:57:28: [AMXX] Displaying debug trace (plugin "biohazard.amxx")
L 06/01/2011 - 09:57:28: [AMXX] Run time error 4: index out of bounds 
L 06/01/2011 - 09:57:28: [AMXX]    [0] biohazard.sma::equipweapon (line 2728)
L 06/01/2011 - 09:57:28: [AMXX]    [1] biohazard.sma::cure_user (line 1995)
L 06/01/2011 - 09:57:28: [AMXX]    [2] biohazard.sma::bacon_spawn_player_post (line 1462)
L 06/01/2011 - 10:00:49: [AMXX] Displaying debug trace (plugin "biohazard.amxx")
L 06/01/2011 - 10:00:49: [AMXX] Run time error 4: index out of bounds 
L 06/01/2011 - 10:00:49: [AMXX]    [0] biohazard.sma::equipweapon (line 2728)
L 06/01/2011 - 10:00:49: [AMXX]    [1] biohazard.sma::cure_user (line 1995)
L 06/01/2011 - 10:00:49: [AMXX]    [2] biohazard.sma::bacon_spawn_player_post (line 1462)
L 06/01/2011 - 10:03:45: [AMXX] Displaying debug trace (plugin "biohazard.amxx")
L 06/01/2011 - 10:03:45: [AMXX] Run time error 4: index out of bounds 
L 06/01/2011 - 10:03:45: [AMXX]    [0] biohazard.sma::equipweapon (line 2728)
L 06/01/2011 - 10:03:45: [AMXX]    [1] biohazard.sma::cure_user (line 1995)
L 06/01/2011 - 10:03:45: [AMXX]    [2] biohazard.sma::bacon_spawn_player_post (line 1462)
L 06/01/2011 - 10:03:45: [AMXX] Displaying debug trace (plugin "biohazard.amxx")
L 06/01/2011 - 10:03:45: [AMXX] Run time error 4: index out of bounds 
L 06/01/2011 - 10:03:45: [AMXX]    [0] biohazard.sma::equipweapon (line 2728)
L 06/01/2011 - 10:03:45: [AMXX]    [1] biohazard.sma::cure_user (line 1995)
L 06/01/2011 - 10:03:45: [AMXX]    [2] biohazard.sma::bacon_spawn_player_post (line 1462)
L 06/01/2011 - 10:07:20: [AMXX] Displaying debug trace (plugin "biohazard.amxx")
L 06/01/2011 - 10:07:20: [AMXX] Run time error 4: index out of bounds 
L 06/01/2011 - 10:07:20: [AMXX]    [0] biohazard.sma::equipweapon (line 2728)
L 06/01/2011 - 10:07:20: [AMXX]    [1] biohazard.sma::cure_user (line 1995)
L 06/01/2011 - 10:07:20: [AMXX]    [2] biohazard.sma::bacon_spawn_player_post (line 1462)
L 06/01/2011 - 10:10:41: [AMXX] Displaying debug trace (plugin "biohazard.amxx")
L 06/01/2011 - 10:10:41: [AMXX] Run time error 4: index out of bounds 
L 06/01/2011 - 10:10:41: [AMXX]    [0] biohazard.sma::equipweapon (line 2728)
L 06/01/2011 - 10:10:41: [AMXX]    [1] biohazard.sma::cure_user (line 1995)
L 06/01/2011 - 10:10:41: [AMXX]    [2] biohazard.sma::bacon_spawn_player_post (line 1462)
L 06/01/2011 - 10:15:28: Start of error session.
L 06/01/2011 - 10:15:28: Info (map "zm_fdust2x2") (file "addons/amxmodx/logs/error_20110601.log")
L 06/01/2011 - 10:15:28: [AMXX] Displaying debug trace (plugin "biohazard.amxx")
L 06/01/2011 - 10:15:28: [AMXX] Run time error 4: index out of bounds 
L 06/01/2011 - 10:15:28: [AMXX]    [0] biohazard.sma::equipweapon (line 2751)
L 06/01/2011 - 10:15:28: [AMXX]    [1] biohazard.sma::cure_user (line 1995)
L 06/01/2011 - 10:15:28: [AMXX]    [2] biohazard.sma::bacon_spawn_player_post (line 1462)
L 06/01/2011 - 10:18:49: [AMXX] Displaying debug trace (plugin "biohazard.amxx")
L 06/01/2011 - 10:18:49: [AMXX] Run time error 4: index out of bounds 
L 06/01/2011 - 10:18:49: [AMXX]    [0] biohazard.sma::equipweapon (line 2728)
L 06/01/2011 - 10:18:49: [AMXX]    [1] biohazard.sma::cure_user (line 1995)
L 06/01/2011 - 10:18:49: [AMXX]    [2] biohazard.sma::bacon_spawn_player_post (line 1462)
L 06/01/2011 - 10:18:49: [AMXX] Displaying debug trace (plugin "biohazard.amxx")
L 06/01/2011 - 10:18:49: [AMXX] Run time error 4: index out of bounds 
L 06/01/2011 - 10:18:49: [AMXX]    [0] biohazard.sma::equipweapon (line 2751)
L 06/01/2011 - 10:18:49: [AMXX]    [1] biohazard.sma::cure_user (line 1995)
L 06/01/2011 - 10:18:49: [AMXX]    [2] biohazard.sma::bacon_spawn_player_post (line 1462)
L 06/01/2011 - 10:22:09: [AMXX] Displaying debug trace (plugin "biohazard.amxx")
L 06/01/2011 - 10:22:09: [AMXX] Run time error 4: index out of bounds 
L 06/01/2011 - 10:22:09: [AMXX]    [0] biohazard.sma::equipweapon (line 2728)
L 06/01/2011 - 10:22:09: [AMXX]    [1] biohazard.sma::cure_user (line 1995)
L 06/01/2011 - 10:22:09: [AMXX]    [2] biohazard.sma::bacon_spawn_player_post (line 1462)
L 06/01/2011 - 10:28:27: [AMXX] Displaying debug trace (plugin "biohazard.amxx")
L 06/01/2011 - 10:28:27: [AMXX] Run time error 4: index out of bounds 
L 06/01/2011 - 10:28:27: [AMXX]    [0] biohazard.sma::equipweapon (line 2728)
L 06/01/2011 - 10:28:27: [AMXX]    [1] biohazard.sma::cure_user (line 1995)
L 06/01/2011 - 10:28:27: [AMXX]    [2] biohazard.sma::bacon_spawn_player_post (line 1462)
L 06/01/2011 - 10:31:48: [AMXX] Displaying debug trace (plugin "biohazard.amxx")
L 06/01/2011 - 10:31:48: [AMXX] Run time error 4: index out of bounds 
L 06/01/2011 - 10:31:48: [AMXX]    [0] biohazard.sma::equipweapon (line 2728)
L 06/01/2011 - 10:31:48: [AMXX]    [1] biohazard.sma::cure_user (line 1995)
L 06/01/2011 - 10:31:48: [AMXX]    [2] biohazard.sma::bacon_spawn_player_post (line 1462)
L 06/01/2011 - 10:31:48: [AMXX] Displaying debug trace (plugin "biohazard.amxx")
L 06/01/2011 - 10:31:48: [AMXX] Run time error 4: index out of bounds 
L 06/01/2011 - 10:31:48: [AMXX]    [0] biohazard.sma::equipweapon (line 2728)
L 06/01/2011 - 10:31:48: [AMXX]    [1] biohazard.sma::cure_user (line 1995)
L 06/01/2011 - 10:31:48: [AMXX]    [2] biohazard.sma::bacon_spawn_player_post (line 1462)
L 06/01/2011 - 10:34:51: [AMXX] Displaying debug trace (plugin "biohazard.amxx")
L 06/01/2011 - 10:34:51: [AMXX] Run time error 4: index out of bounds 
L 06/01/2011 - 10:34:51: [AMXX]    [0] biohazard.sma::equipweapon (line 2728)
L 06/01/2011 - 10:34:51: [AMXX]    [1] biohazard.sma::cure_user (line 1995)
L 06/01/2011 - 10:34:51: [AMXX]    [2] biohazard.sma::bacon_spawn_player_post (line 1462)
L 06/01/2011 - 10:34:51: [AMXX] Displaying debug trace (plugin "biohazard.amxx")
L 06/01/2011 - 10:34:51: [AMXX] Run time error 4: index out of bounds 
L 06/01/2011 - 10:34:51: [AMXX]    [0] biohazard.sma::equipweapon (line 2751)
L 06/01/2011 - 10:34:51: [AMXX]    [1] biohazard.sma::cure_user (line 1995)
L 06/01/2011 - 10:34:51: [AMXX]    [2] biohazard.sma::bacon_spawn_player_post (line 1462)
L 06/01/2011 - 10:38:33: Start of error session.
L 06/01/2011 - 10:38:33: Info (map "zm_202") (file "addons/amxmodx/logs/error_20110601.log")
L 06/01/2011 - 10:38:33: [AMXX] Displaying debug trace (plugin "biohazard.amxx")
L 06/01/2011 - 10:38:33: [AMXX] Run time error 4: index out of bounds 
L 06/01/2011 - 10:38:33: [AMXX]    [0] biohazard.sma::equipweapon (line 2728)
L 06/01/2011 - 10:38:33: [AMXX]    [1] biohazard.sma::cure_user (line 1995)
L 06/01/2011 - 10:38:33: [AMXX]    [2] biohazard.sma::bacon_spawn_player_post (line 1462)
L 06/01/2011 - 10:38:33: [AMXX] Displaying debug trace (plugin "biohazard.amxx")
L 06/01/2011 - 10:38:33: [AMXX] Run time error 4: index out of bounds 
L 06/01/2011 - 10:38:33: [AMXX]    [0] biohazard.sma::equipweapon (line 2728)
L 06/01/2011 - 10:38:33: [AMXX]    [1] biohazard.sma::cure_user (line 1995)
L 06/01/2011 - 10:38:33: [AMXX]    [2] biohazard.sma::bacon_spawn_player_post (line 1462)
L 06/01/2011 - 10:45:15: [AMXX] Displaying debug trace (plugin "biohazard.amxx")
L 06/01/2011 - 10:45:15: [AMXX] Run time error 4: index out of bounds 
L 06/01/2011 - 10:45:15: [AMXX]    [0] biohazard.sma::equipweapon (line 2728)
L 06/01/2011 - 10:45:15: [AMXX]    [1] biohazard.sma::cure_user (line 1995)
L 06/01/2011 - 10:45:15: [AMXX]    [2] biohazard.sma::bacon_spawn_player_post (line 1462)
L 06/01/2011 - 10:48:36: [AMXX] Displaying debug trace (plugin "biohazard.amxx")
L 06/01/2011 - 10:48:36: [AMXX] Run time error 4: index out of bounds 
L 06/01/2011 - 10:48:36: [AMXX]    [0] biohazard.sma::equipweapon (line 2728)
L 06/01/2011 - 10:48:36: [AMXX]    [1] biohazard.sma::cure_user (line 1995)
L 06/01/2011 - 10:48:36: [AMXX]    [2] biohazard.sma::bacon_spawn_player_post (line 1462)
L 06/01/2011 - 10:51:57: [AMXX] Displaying debug trace (plugin "biohazard.amxx")
L 06/01/2011 - 10:51:57: [AMXX] Run time error 4: index out of bounds 
L 06/01/2011 - 10:51:57: [AMXX]    [0] biohazard.sma::equipweapon (line 2728)
L 06/01/2011 - 10:51:57: [AMXX]    [1] biohazard.sma::cure_user (line 1995)
L 06/01/2011 - 10:51:57: [AMXX]    [2] biohazard.sma::bacon_spawn_player_post (line 1462)
L 06/01/2011 - 12:10:13: Start of error session.
L 06/01/2011 - 12:10:13: Info (map "awp_city") (file "addons/amxmodx/logs/error_20110601.log")
L 06/01/2011 - 12:10:13: [AMXX] Displaying debug trace (plugin "biohazard.amxx")
L 06/01/2011 - 12:10:13: [AMXX] Run time error 4: index out of bounds 
L 06/01/2011 - 12:10:13: [AMXX]    [0] biohazard.sma::equipweapon (line 2728)
L 06/01/2011 - 12:10:13: [AMXX]    [1] biohazard.sma::cure_user (line 1995)
L 06/01/2011 - 12:10:13: [AMXX]    [2] biohazard.sma::bacon_spawn_player_post (line 1462)
L 06/01/2011 - 12:21:42: Start of error session.
L 06/01/2011 - 12:21:42: Info (map "zm_xata") (file "addons/amxmodx/logs/error_20110601.log")
L 06/01/2011 - 12:21:42: [AMXX] Displaying debug trace (plugin "biohazard.amxx")
L 06/01/2011 - 12:21:42: [AMXX] Run time error 4: index out of bounds 
L 06/01/2011 - 12:21:42: [AMXX]    [0] biohazard.sma::equipweapon (line 2728)
L 06/01/2011 - 12:21:42: [AMXX]    [1] biohazard.sma::cure_user (line 1995)
L 06/01/2011 - 12:21:42: [AMXX]    [2] biohazard.sma::bacon_spawn_player_post (line 1462)
L 06/01/2011 - 12:31:13: [AMXX] Displaying debug trace (plugin "biohazard.amxx")
L 06/01/2011 - 12:31:13: [AMXX] Run time error 4: index out of bounds 
L 06/01/2011 - 12:31:13: [AMXX]    [0] biohazard.sma::equipweapon (line 2728)
L 06/01/2011 - 12:31:13: [AMXX]    [1] biohazard.sma::cure_user (line 1995)
L 06/01/2011 - 12:31:13: [AMXX]    [2] biohazard.sma::bacon_spawn_player_post (line 1462)
L 06/01/2011 - 12:34:34: [AMXX] Displaying debug trace (plugin "biohazard.amxx")
L 06/01/2011 - 12:34:34: [AMXX] Run time error 4: index out of bounds 
L 06/01/2011 - 12:34:34: [AMXX]    [0] biohazard.sma::equipweapon (line 2728)
L 06/01/2011 - 12:34:34: [AMXX]    [1] biohazard.sma::cure_user (line 1995)
L 06/01/2011 - 12:34:34: [AMXX]    [2] biohazard.sma::bacon_spawn_player_post (line 1462)
L 06/01/2011 - 12:36:53: [AMXX] Displaying debug trace (plugin "biohazard.amxx")
L 06/01/2011 - 12:36:53: [AMXX] Run time error 4: index out of bounds 
L 06/01/2011 - 12:36:53: [AMXX]    [0] biohazard.sma::equipweapon (line 2728)
L 06/01/2011 - 12:36:53: [AMXX]    [1] biohazard.sma::cure_user (line 1995)
L 06/01/2011 - 12:36:53: [AMXX]    [2] biohazard.sma::bacon_spawn_player_post (line 1462)
L 06/01/2011 - 12:57:50: Start of error session.
L 06/01/2011 - 12:57:50: Info (map "de_westwood") (file "addons/amxmodx/logs/error_20110601.log")
L 06/01/2011 - 12:57:50: [AMXX] Displaying debug trace (plugin "biohazard.amxx")
L 06/01/2011 - 12:57:50: [AMXX] Run time error 4: index out of bounds 
L 06/01/2011 - 12:57:50: [AMXX]    [0] biohazard.sma::equipweapon (line 2728)
L 06/01/2011 - 12:57:50: [AMXX]    [1] biohazard.sma::cure_user (line 1995)
L 06/01/2011 - 12:57:50: [AMXX]    [2] biohazard.sma::bacon_spawn_player_post (line 1462)
L 06/01/2011 - 13:04:07: [AMXX] Displaying debug trace (plugin "biohazard.amxx")
L 06/01/2011 - 13:04:07: [AMXX] Run time error 4: index out of bounds 
L 06/01/2011 - 13:04:07: [AMXX]    [0] biohazard.sma::equipweapon (line 2728)
L 06/01/2011 - 13:04:07: [AMXX]    [1] biohazard.sma::cure_user (line 1995)
L 06/01/2011 - 13:04:07: [AMXX]    [2] biohazard.sma::bacon_spawn_player_post (line 1462)
L 06/01/2011 - 13:07:51: Start of error session.
L 06/01/2011 - 13:07:51: Info (map "zm_houses") (file "addons/amxmodx/logs/error_20110601.log")
L 06/01/2011 - 13:07:51: [AMXX] Displaying debug trace (plugin "biohazard.amxx")
L 06/01/2011 - 13:07:51: [AMXX] Run time error 4: index out of bounds 
L 06/01/2011 - 13:07:51: [AMXX]    [0] biohazard.sma::equipweapon (line 2728)
L 06/01/2011 - 13:07:51: [AMXX]    [1] biohazard.sma::cure_user (line 1995)
L 06/01/2011 - 13:07:51: [AMXX]    [2] biohazard.sma::bacon_spawn_player_post (line 1462)
L 06/01/2011 - 13:07:51: [AMXX] Displaying debug trace (plugin "biohazard.amxx")
L 06/01/2011 - 13:07:51: [AMXX] Run time error 4: index out of bounds 
L 06/01/2011 - 13:07:51: [AMXX]    [0] biohazard.sma::equipweapon (line 2751)
L 06/01/2011 - 13:07:51: [AMXX]    [1] biohazard.sma::cure_user (line 1995)
L 06/01/2011 - 13:07:51: [AMXX]    [2] biohazard.sma::bacon_spawn_player_post (line 1462)
L 06/01/2011 - 13:27:12: [AMXX] Displaying debug trace (plugin "biohazard.amxx")
L 06/01/2011 - 13:27:12: [AMXX] Run time error 4: index out of bounds 
L 06/01/2011 - 13:27:12: [AMXX]    [0] biohazard.sma::equipweapon (line 2751)
L 06/01/2011 - 13:27:12: [AMXX]    [1] biohazard.sma::cure_user (line 1995)
L 06/01/2011 - 13:27:12: [AMXX]    [2] biohazard.sma::bacon_spawn_player_post (line 1462)
L 06/01/2011 - 13:29:04: Start of error session.
L 06/01/2011 - 13:29:04: Info (map "zm_fdust2x2") (file "addons/amxmodx/logs/error_20110601.log")
L 06/01/2011 - 13:29:04: [AMXX] Displaying debug trace (plugin "biohazard.amxx")
L 06/01/2011 - 13:29:04: [AMXX] Run time error 4: index out of bounds 
L 06/01/2011 - 13:29:04: [AMXX]    [0] biohazard.sma::equipweapon (line 2728)
L 06/01/2011 - 13:29:04: [AMXX]    [1] biohazard.sma::cure_user (line 1995)
L 06/01/2011 - 13:29:04: [AMXX]    [2] biohazard.sma::bacon_spawn_player_post (line 1462)
L 06/01/2011 - 13:35:46: [AMXX] Displaying debug trace (plugin "biohazard.amxx")
L 06/01/2011 - 13:35:46: [AMXX] Run time error 4: index out of bounds 
L 06/01/2011 - 13:35:46: [AMXX]    [0] biohazard.sma::equipweapon (line 2728)
L 06/01/2011 - 13:35:46: [AMXX]    [1] biohazard.sma::cure_user (line 1995)
L 06/01/2011 - 13:35:46: [AMXX]    [2] biohazard.sma::bacon_spawn_player_post (line 1462)
L 06/01/2011 - 13:36:59: [AMXX] Displaying debug trace (plugin "biohazard.amxx")
L 06/01/2011 - 13:36:59: [AMXX] Run time error 4: index out of bounds 
L 06/01/2011 - 13:36:59: [AMXX]    [0] biohazard.sma::equipweapon (line 2728)
L 06/01/2011 - 13:36:59: [AMXX]    [1] biohazard.sma::cure_user (line 1995)
L 06/01/2011 - 13:36:59: [AMXX]    [2] biohazard.sma::bacon_spawn_player_post (line 1462)
L 06/01/2011 - 13:40:20: [AMXX] Displaying debug trace (plugin "biohazard.amxx")
L 06/01/2011 - 13:40:20: [AMXX] Run time error 4: index out of bounds 
L 06/01/2011 - 13:40:20: [AMXX]    [0] biohazard.sma::equipweapon (line 2728)
L 06/01/2011 - 13:40:20: [AMXX]    [1] biohazard.sma::cure_user (line 1995)
L 06/01/2011 - 13:40:20: [AMXX]    [2] biohazard.sma::bacon_spawn_player_post (line 1462)
L 06/01/2011 - 13:41:18: [AMXX] Displaying debug trace (plugin "biohazard.amxx")
L 06/01/2011 - 13:41:18: [AMXX] Run time error 4: index out of bounds 
L 06/01/2011 - 13:41:18: [AMXX]    [0] biohazard.sma::equipweapon (line 2728)
L 06/01/2011 - 13:41:18: [AMXX]    [1] biohazard.sma::cure_user (line 1995)
L 06/01/2011 - 13:41:18: [AMXX]    [2] biohazard.sma::bacon_spawn_player_post (line 1462)
L 06/01/2011 - 13:44:39: [AMXX] Displaying debug trace (plugin "biohazard.amxx")
L 06/01/2011 - 13:44:39: [AMXX] Run time error 4: index out of bounds 
L 06/01/2011 - 13:44:39: [AMXX]    [0] biohazard.sma::equipweapon (line 2728)
L 06/01/2011 - 13:44:39: [AMXX]    [1] biohazard.sma::cure_user (line 1995)
L 06/01/2011 - 13:44:39: [AMXX]    [2] biohazard.sma::bacon_spawn_player_post (line 1462)
L 06/01/2011 - 13:58:37: Start of error session.
L 06/01/2011 - 13:58:37: Info (map "zm_202") (file "addons/amxmodx/logs/error_20110601.log")
L 06/01/2011 - 13:58:37: [AMXX] Displaying debug trace (plugin "biohazard.amxx")
L 06/01/2011 - 13:58:37: [AMXX] Run time error 4: index out of bounds 
L 06/01/2011 - 13:58:37: [AMXX]    [0] biohazard.sma::equipweapon (line 2728)
L 06/01/2011 - 13:58:37: [AMXX]    [1] biohazard.sma::cure_user (line 1995)
L 06/01/2011 - 13:58:37: [AMXX]    [2] biohazard.sma::bacon_spawn_player_post (line 1462)
L 06/01/2011 - 14:33:22: Start of error session.
L 06/01/2011 - 14:33:22: Info (map "zm_army") (file "addons/amxmodx/logs/error_20110601.log")
L 06/01/2011 - 14:33:22: [AMXX] Displaying debug trace (plugin "biohazard.amxx")
L 06/01/2011 - 14:33:22: [AMXX] Run time error 4: index out of bounds 
L 06/01/2011 - 14:33:22: [AMXX]    [0] biohazard.sma::equipweapon (line 2728)
L 06/01/2011 - 14:33:22: [AMXX]    [1] biohazard.sma::cure_user (line 1995)
L 06/01/2011 - 14:33:22: [AMXX]    [2] biohazard.sma::bacon_spawn_player_post (line 1462)
L 06/01/2011 - 14:36:43: [AMXX] Displaying debug trace (plugin "biohazard.amxx")
L 06/01/2011 - 14:36:43: [AMXX] Run time error 4: index out of bounds 
L 06/01/2011 - 14:36:43: [AMXX]    [0] biohazard.sma::equipweapon (line 2728)
L 06/01/2011 - 14:36:43: [AMXX]    [1] biohazard.sma::cure_user (line 1995)
L 06/01/2011 - 14:36:43: [AMXX]    [2] biohazard.sma::bacon_spawn_player_post (line 1462)
L 06/01/2011 - 14:43:25: [AMXX] Displaying debug trace (plugin "biohazard.amxx")
L 06/01/2011 - 14:43:25: [AMXX] Run time error 4: index out of bounds 
L 06/01/2011 - 14:43:25: [AMXX]    [0] biohazard.sma::equipweapon (line 2728)
L 06/01/2011 - 14:43:25: [AMXX]    [1] biohazard.sma::cure_user (line 1995)
L 06/01/2011 - 14:43:25: [AMXX]    [2] biohazard.sma::bacon_spawn_player_post (line 1462)
L 06/01/2011 - 14:43:25: [AMXX] Displaying debug trace (plugin "biohazard.amxx")
L 06/01/2011 - 14:43:25: [AMXX] Run time error 4: index out of bounds 
L 06/01/2011 - 14:43:25: [AMXX]    [0] biohazard.sma::equipweapon (line 2728)
L 06/01/2011 - 14:43:25: [AMXX]    [1] biohazard.sma::cure_user (line 1995)
L 06/01/2011 - 14:43:25: [AMXX]    [2] biohazard.sma::bacon_spawn_player_post (line 1462)
L 06/01/2011 - 14:46:46: [AMXX] Displaying debug trace (plugin "biohazard.amxx")
L 06/01/2011 - 14:46:46: [AMXX] Run time error 4: index out of bounds 
L 06/01/2011 - 14:46:46: [AMXX]    [0] biohazard.sma::equipweapon (line 2728)
L 06/01/2011 - 14:46:46: [AMXX]    [1] biohazard.sma::cure_user (line 1995)
L 06/01/2011 - 14:46:46: [AMXX]    [2] biohazard.sma::bacon_spawn_player_post (line 1462)
L 06/01/2011 - 14:46:46: [AMXX] Displaying debug trace (plugin "biohazard.amxx")
L 06/01/2011 - 14:46:46: [AMXX] Run time error 4: index out of bounds 
L 06/01/2011 - 14:46:46: [AMXX]    [0] biohazard.sma::equipweapon (line 2728)
L 06/01/2011 - 14:46:46: [AMXX]    [1] biohazard.sma::cure_user (line 1995)
L 06/01/2011 - 14:46:46: [AMXX]    [2] biohazard.sma::bacon_spawn_player_post (line 1462)
L 06/01/2011 - 14:46:46: [AMXX] Displaying debug trace (plugin "biohazard.amxx")
L 06/01/2011 - 14:46:46: [AMXX] Run time error 4: index out of bounds 
L 06/01/2011 - 14:46:46: [AMXX]    [0] biohazard.sma::equipweapon (line 2728)
L 06/01/2011 - 14:46:46: [AMXX]    [1] biohazard.sma::cure_user (line 1995)
L 06/01/2011 - 14:46:46: [AMXX]    [2] biohazard.sma::bacon_spawn_player_post (line 1462)
L 06/01/2011 - 14:48:16: [AMXX] Displaying debug trace (plugin "biohazard.amxx")
L 06/01/2011 - 14:48:16: [AMXX] Run time error 4: index out of bounds 
L 06/01/2011 - 14:48:16: [AMXX]    [0] biohazard.sma::equipweapon (line 2728)
L 06/01/2011 - 14:48:16: [AMXX]    [1] biohazard.sma::cure_user (line 1995)
L 06/01/2011 - 14:48:16: [AMXX]    [2] biohazard.sma::bacon_spawn_player_post (line 1462)
L 06/01/2011 - 14:52:28: [AMXX] Displaying debug trace (plugin "biohazard.amxx")
L 06/01/2011 - 14:52:28: [AMXX] Run time error 4: index out of bounds 
L 06/01/2011 - 14:52:28: [AMXX]    [0] biohazard.sma::equipweapon (line 2728)
L 06/01/2011 - 14:52:28: [AMXX]    [1] biohazard.sma::cure_user (line 1995)
L 06/01/2011 - 14:52:28: [AMXX]    [2] biohazard.sma::bacon_spawn_player_post (line 1462)
L 06/01/2011 - 14:52:28: [AMXX] Displaying debug trace (plugin "biohazard.amxx")
L 06/01/2011 - 14:52:28: [AMXX] Run time error 4: index out of bounds 
L 06/01/2011 - 14:52:28: [AMXX]    [0] biohazard.sma::equipweapon (line 2728)
L 06/01/2011 - 14:52:28: [AMXX]    [1] biohazard.sma::cure_user (line 1995)
L 06/01/2011 - 14:52:28: [AMXX]    [2] biohazard.sma::bacon_spawn_player_post (line 1462)
L 06/01/2011 - 14:55:36: Start of error session.
L 06/01/2011 - 14:55:36: Info (map "de_dust") (file "addons/amxmodx/logs/error_20110601.log")
L 06/01/2011 - 14:55:36: [AMXX] Displaying debug trace (plugin "biohazard.amxx")
L 06/01/2011 - 14:55:36: [AMXX] Run time error 4: index out of bounds 
L 06/01/2011 - 14:55:36: [AMXX]    [0] biohazard.sma::equipweapon (line 2728)
L 06/01/2011 - 14:55:36: [AMXX]    [1] biohazard.sma::cure_user (line 1995)
L 06/01/2011 - 14:55:36: [AMXX]    [2] biohazard.sma::bacon_spawn_player_post (line 1462)
L 06/01/2011 - 14:55:36: [AMXX] Displaying debug trace (plugin "biohazard.amxx")
L 06/01/2011 - 14:55:36: [AMXX] Run time error 4: index out of bounds 
L 06/01/2011 - 14:55:36: [AMXX]    [0] biohazard.sma::equipweapon (line 2728)
L 06/01/2011 - 14:55:36: [AMXX]    [1] biohazard.sma::cure_user (line 1995)
L 06/01/2011 - 14:55:36: [AMXX]    [2] biohazard.sma::bacon_spawn_player_post (line 1462)
L 06/01/2011 - 14:55:36: [AMXX] Displaying debug trace (plugin "biohazard.amxx")
L 06/01/2011 - 14:55:36: [AMXX] Run time error 4: index out of bounds 
L 06/01/2011 - 14:55:36: [AMXX]    [0] biohazard.sma::equipweapon (line 2728)
L 06/01/2011 - 14:55:36: [AMXX]    [1] biohazard.sma::cure_user (line 1995)
L 06/01/2011 - 14:55:36: [AMXX]    [2] biohazard.sma::bacon_spawn_player_post (line 1462)
L 06/01/2011 - 14:55:36: [AMXX] Displaying debug trace (plugin "biohazard.amxx")
L 06/01/2011 - 14:55:36: [AMXX] Run time error 4: index out of bounds 
L 06/01/2011 - 14:55:36: [AMXX]    [0] biohazard.sma::equipweapon (line 2728)
L 06/01/2011 - 14:55:36: [AMXX]    [1] biohazard.sma::cure_user (line 1995)
L 06/01/2011 - 14:55:36: [AMXX]    [2] biohazard.sma::bacon_spawn_player_post (line 1462)
L 06/01/2011 - 14:57:40: [AMXX] Displaying debug trace (plugin "biohazard.amxx")
L 06/01/2011 - 14:57:40: [AMXX] Run time error 4: index out of bounds 
L 06/01/2011 - 14:57:40: [AMXX]    [0] biohazard.sma::equipweapon (line 2728)
L 06/01/2011 - 14:57:40: [AMXX]    [1] biohazard.sma::cure_user (line 1995)
L 06/01/2011 - 14:57:40: [AMXX]    [2] biohazard.sma::bacon_spawn_player_post (line 1462)
L 06/01/2011 - 14:57:40: [AMXX] Displaying debug trace (plugin "biohazard.amxx")
L 06/01/2011 - 14:57:40: [AMXX] Run time error 4: index out of bounds 
L 06/01/2011 - 14:57:40: [AMXX]    [0] biohazard.sma::equipweapon (line 2728)
L 06/01/2011 - 14:57:40: [AMXX]    [1] biohazard.sma::cure_user (line 1995)
L 06/01/2011 - 14:57:40: [AMXX]    [2] biohazard.sma::bacon_spawn_player_post (line 1462)
L 06/01/2011 - 15:00:55: [AMXX] Displaying debug trace (plugin "biohazard.amxx")
L 06/01/2011 - 15:00:55: [AMXX] Run time error 4: index out of bounds 
L 06/01/2011 - 15:00:55: [AMXX]    [0] biohazard.sma::equipweapon (line 2728)
L 06/01/2011 - 15:00:55: [AMXX]    [1] biohazard.sma::cure_user (line 1995)
L 06/01/2011 - 15:00:55: [AMXX]    [2] biohazard.sma::bacon_spawn_player_post (line 1462)
L 06/01/2011 - 15:00:55: [AMXX] Displaying debug trace (plugin "biohazard.amxx")
L 06/01/2011 - 15:00:55: [AMXX] Run time error 4: index out of bounds 
L 06/01/2011 - 15:00:55: [AMXX]    [0] biohazard.sma::equipweapon (line 2728)
L 06/01/2011 - 15:00:55: [AMXX]    [1] biohazard.sma::cure_user (line 1995)
L 06/01/2011 - 15:00:55: [AMXX]    [2] biohazard.sma::bacon_spawn_player_post (line 1462)
L 06/01/2011 - 15:03:18: [AMXX] Displaying debug trace (plugin "biohazard.amxx")
L 06/01/2011 - 15:03:18: [AMXX] Run time error 4: index out of bounds 
L 06/01/2011 - 15:03:18: [AMXX]    [0] biohazard.sma::equipweapon (line 2728)
L 06/01/2011 - 15:03:18: [AMXX]    [1] biohazard.sma::cure_user (line 1995)
L 06/01/2011 - 15:03:18: [AMXX]    [2] biohazard.sma::bacon_spawn_player_post (line 1462)
L 06/01/2011 - 15:03:18: [AMXX] Displaying debug trace (plugin "biohazard.amxx")
L 06/01/2011 - 15:03:18: [AMXX] Run time error 4: index out of bounds 
L 06/01/2011 - 15:03:18: [AMXX]    [0] biohazard.sma::equipweapon (line 2728)
L 06/01/2011 - 15:03:18: [AMXX]    [1] biohazard.sma::cure_user (line 1995)
L 06/01/2011 - 15:03:18: [AMXX]    [2] biohazard.sma::bacon_spawn_player_post (line 1462)
L 06/01/2011 - 15:05:27: [AMXX] Displaying debug trace (plugin "biohazard.amxx")
L 06/01/2011 - 15:05:27: [AMXX] Run time error 4: index out of bounds 
L 06/01/2011 - 15:05:27: [AMXX]    [0] biohazard.sma::equipweapon (line 2728)
L 06/01/2011 - 15:05:27: [AMXX]    [1] biohazard.sma::cure_user (line 1995)
L 06/01/2011 - 15:05:27: [AMXX]    [2] biohazard.sma::bacon_spawn_player_post (line 1462)
L 06/01/2011 - 15:05:27: [AMXX] Displaying debug trace (plugin "biohazard.amxx")
L 06/01/2011 - 15:05:27: [AMXX] Run time error 4: index out of bounds 
L 06/01/2011 - 15:05:27: [AMXX]    [0] biohazard.sma::equipweapon (line 2728)
L 06/01/2011 - 15:05:27: [AMXX]    [1] biohazard.sma::cure_user (line 1995)
L 06/01/2011 - 15:05:27: [AMXX]    [2] biohazard.sma::bacon_spawn_player_post (line 1462)
L 06/01/2011 - 15:07:02: [AMXX] Displaying debug trace (plugin "biohazard.amxx")
L 06/01/2011 - 15:07:02: [AMXX] Run time error 4: index out of bounds 
L 06/01/2011 - 15:07:02: [AMXX]    [0] biohazard.sma::equipweapon (line 2728)
L 06/01/2011 - 15:07:02: [AMXX]    [1] biohazard.sma::cure_user (line 1995)
L 06/01/2011 - 15:07:02: [AMXX]    [2] biohazard.sma::bacon_spawn_player_post (line 1462)
L 06/01/2011 - 15:07:02: [AMXX] Displaying debug trace (plugin "biohazard.amxx")
L 06/01/2011 - 15:07:02: [AMXX] Run time error 4: index out of bounds 
L 06/01/2011 - 15:07:02: [AMXX]    [0] biohazard.sma::equipweapon (line 2728)
L 06/01/2011 - 15:07:02: [AMXX]    [1] biohazard.sma::cure_user (line 1995)
L 06/01/2011 - 15:07:02: [AMXX]    [2] biohazard.sma::bacon_spawn_player_post (line 1462)
L 06/01/2011 - 15:10:23: [AMXX] Displaying debug trace (plugin "biohazard.amxx")
L 06/01/2011 - 15:10:23: [AMXX] Run time error 4: index out of bounds 
L 06/01/2011 - 15:10:23: [AMXX]    [0] biohazard.sma::equipweapon (line 2728)
L 06/01/2011 - 15:10:23: [AMXX]    [1] biohazard.sma::cure_user (line 1995)
L 06/01/2011 - 15:10:23: [AMXX]    [2] biohazard.sma::bacon_spawn_player_post (line 1462)
L 06/01/2011 - 15:10:23: [AMXX] Displaying debug trace (plugin "biohazard.amxx")
L 06/01/2011 - 15:10:23: [AMXX] Run time error 4: index out of bounds 
L 06/01/2011 - 15:10:23: [AMXX]    [0] biohazard.sma::equipweapon (line 2728)
L 06/01/2011 - 15:10:23: [AMXX]    [1] biohazard.sma::cure_user (line 1995)
L 06/01/2011 - 15:10:23: [AMXX]    [2] biohazard.sma::bacon_spawn_player_post (line 1462)
L 06/01/2011 - 15:12:45: [AMXX] Displaying debug trace (plugin "biohazard.amxx")
L 06/01/2011 - 15:12:45: [AMXX] Run time error 4: index out of bounds 
L 06/01/2011 - 15:12:45: [AMXX]    [0] biohazard.sma::equipweapon (line 2751)
L 06/01/2011 - 15:12:45: [AMXX]    [1] biohazard.sma::cure_user (line 1995)
L 06/01/2011 - 15:12:45: [AMXX]    [2] biohazard.sma::bacon_spawn_player_post (line 1462)
L 06/01/2011 - 15:14:51: Start of error session.
L 06/01/2011 - 15:14:51: Info (map "zm_dust_base_fin") (file "addons/amxmodx/logs/error_20110601.log")
L 06/01/2011 - 15:14:51: [AMXX] Displaying debug trace (plugin "biohazard.amxx")
L 06/01/2011 - 15:14:51: [AMXX] Run time error 4: index out of bounds 
L 06/01/2011 - 15:14:51: [AMXX]    [0] biohazard.sma::equipweapon (line 2728)
L 06/01/2011 - 15:14:51: [AMXX]    [1] biohazard.sma::cure_user (line 1995)
L 06/01/2011 - 15:14:51: [AMXX]    [2] biohazard.sma::bacon_spawn_player_post (line 1462)
L 06/01/2011 - 15:18:12: [AMXX] Displaying debug trace (plugin "biohazard.amxx")
L 06/01/2011 - 15:18:12: [AMXX] Run time error 4: index out of bounds 
L 06/01/2011 - 15:18:12: [AMXX]    [0] biohazard.sma::equipweapon (line 2728)
L 06/01/2011 - 15:18:12: [AMXX]    [1] biohazard.sma::cure_user (line 1995)
L 06/01/2011 - 15:18:12: [AMXX]    [2] biohazard.sma::bacon_spawn_player_post (line 1462)
L 06/01/2011 - 15:18:12: [AMXX] Displaying debug trace (plugin "biohazard.amxx")
L 06/01/2011 - 15:18:12: [AMXX] Run time error 4: index out of bounds 
L 06/01/2011 - 15:18:12: [AMXX]    [0] biohazard.sma::equipweapon (line 2728)
L 06/01/2011 - 15:18:12: [AMXX]    [1] biohazard.sma::cure_user (line 1995)
L 06/01/2011 - 15:18:12: [AMXX]    [2] biohazard.sma::bacon_spawn_player_post (line 1462)
L 06/01/2011 - 15:20:44: [AMXX] Displaying debug trace (plugin "biohazard.amxx")
L 06/01/2011 - 15:20:44: [AMXX] Run time error 4: index out of bounds 
L 06/01/2011 - 15:20:44: [AMXX]    [0] biohazard.sma::equipweapon (line 2728)
L 06/01/2011 - 15:20:44: [AMXX]    [1] biohazard.sma::cure_user (line 1995)
L 06/01/2011 - 15:20:44: [AMXX]    [2] biohazard.sma::bacon_spawn_player_post (line 1462)
L 06/01/2011 - 15:20:44: [AMXX] Displaying debug trace (plugin "biohazard.amxx")
L 06/01/2011 - 15:20:44: [AMXX] Run time error 4: index out of bounds 
L 06/01/2011 - 15:20:44: [AMXX]    [0] biohazard.sma::equipweapon (line 2728)
L 06/01/2011 - 15:20:44: [AMXX]    [1] biohazard.sma::cure_user (line 1995)
L 06/01/2011 - 15:20:44: [AMXX]    [2] biohazard.sma::bacon_spawn_player_post (line 1462)
L 06/01/2011 - 15:20:44: [AMXX] Displaying debug trace (plugin "biohazard.amxx")
L 06/01/2011 - 15:20:44: [AMXX] Run time error 4: index out of bounds 
L 06/01/2011 - 15:20:44: [AMXX]    [0] biohazard.sma::equipweapon (line 2728)
L 06/01/2011 - 15:20:44: [AMXX]    [1] biohazard.sma::cure_user (line 1995)
L 06/01/2011 - 15:20:44: [AMXX]    [2] biohazard.sma::bacon_spawn_player_post (line 1462)
L 06/01/2011 - 15:24:05: [AMXX] Displaying debug trace (plugin "biohazard.amxx")
L 06/01/2011 - 15:24:05: [AMXX] Run time error 4: index out of bounds 
L 06/01/2011 - 15:24:05: [AMXX]    [0] biohazard.sma::equipweapon (line 2728)
L 06/01/2011 - 15:24:05: [AMXX]    [1] biohazard.sma::cure_user (line 1995)
L 06/01/2011 - 15:24:05: [AMXX]    [2] biohazard.sma::bacon_spawn_player_post (line 1462)
L 06/01/2011 - 15:24:05: [AMXX] Displaying debug trace (plugin "biohazard.amxx")
L 06/01/2011 - 15:24:05: [AMXX] Run time error 4: index out of bounds 
L 06/01/2011 - 15:24:05: [AMXX]    [0] biohazard.sma::equipweapon (line 2728)
L 06/01/2011 - 15:24:05: [AMXX]    [1] biohazard.sma::cure_user (line 1995)
L 06/01/2011 - 15:24:05: [AMXX]    [2] biohazard.sma::bacon_spawn_player_post (line 1462)
L 06/01/2011 - 15:25:43: [AMXX] Displaying debug trace (plugin "biohazard.amxx")
L 06/01/2011 - 15:25:43: [AMXX] Run time error 4: index out of bounds 
L 06/01/2011 - 15:25:43: [AMXX]    [0] biohazard.sma::equipweapon (line 2728)
L 06/01/2011 - 15:25:43: [AMXX]    [1] biohazard.sma::cure_user (line 1995)
L 06/01/2011 - 15:25:43: [AMXX]    [2] biohazard.sma::bacon_spawn_player_post (line 1462)
L 06/01/2011 - 15:25:43: [AMXX] Displaying debug trace (plugin "biohazard.amxx")
L 06/01/2011 - 15:25:43: [AMXX] Run time error 4: index out of bounds 
L 06/01/2011 - 15:25:43: [AMXX]    [0] biohazard.sma::equipweapon (line 2728)
L 06/01/2011 - 15:25:43: [AMXX]    [1] biohazard.sma::cure_user (line 1995)
L 06/01/2011 - 15:25:43: [AMXX]    [2] biohazard.sma::bacon_spawn_player_post (line 1462)
L 06/01/2011 - 15:27:32: [AMXX] Displaying debug trace (plugin "biohazard.amxx")
L 06/01/2011 - 15:27:32: [AMXX] Run time error 4: index out of bounds 
L 06/01/2011 - 15:27:32: [AMXX]    [0] biohazard.sma::equipweapon (line 2728)
L 06/01/2011 - 15:27:32: [AMXX]    [1] biohazard.sma::cure_user (line 1995)
L 06/01/2011 - 15:27:32: [AMXX]    [2] biohazard.sma::bacon_spawn_player_post (line 1462)
L 06/01/2011 - 15:27:32: [AMXX] Displaying debug trace (plugin "biohazard.amxx")
L 06/01/2011 - 15:27:32: [AMXX] Run time error 4: index out of bounds 
L 06/01/2011 - 15:27:32: [AMXX]    [0] biohazard.sma::equipweapon (line 2728)
L 06/01/2011 - 15:27:32: [AMXX]    [1] biohazard.sma::cure_user (line 1995)
L 06/01/2011 - 15:27:32: [AMXX]    [2] biohazard.sma::bacon_spawn_player_post (line 1462)
L 06/01/2011 - 15:30:09: [AMXX] Displaying debug trace (plugin "biohazard.amxx")
L 06/01/2011 - 15:30:09: [AMXX] Run time error 4: index out of bounds 
L 06/01/2011 - 15:30:09: [AMXX]    [0] biohazard.sma::equipweapon (line 2728)
L 06/01/2011 - 15:30:09: [AMXX]    [1] biohazard.sma::cure_user (line 1995)
L 06/01/2011 - 15:30:09: [AMXX]    [2] biohazard.sma::bacon_spawn_player_post (line 1462)
L 06/01/2011 - 15:30:09: [AMXX] Displaying debug trace (plugin "biohazard.amxx")
L 06/01/2011 - 15:30:09: [AMXX] Run time error 4: index out of bounds 
L 06/01/2011 - 15:30:09: [AMXX]    [0] biohazard.sma::equipweapon (line 2728)
L 06/01/2011 - 15:30:09: [AMXX]    [1] biohazard.sma::cure_user (line 1995)
L 06/01/2011 - 15:30:09: [AMXX]    [2] biohazard.sma::bacon_spawn_player_post (line 1462)
L 06/01/2011 - 15:30:09: [AMXX] Displaying debug trace (plugin "biohazard.amxx")
L 06/01/2011 - 15:30:09: [AMXX] Run time error 4: index out of bounds 
L 06/01/2011 - 15:30:09: [AMXX]    [0] biohazard.sma::equipweapon (line 2728)
L 06/01/2011 - 15:30:09: [AMXX]    [1] biohazard.sma::cure_user (line 1995)
L 06/01/2011 - 15:30:09: [AMXX]    [2] biohazard.sma::bacon_spawn_player_post (line 1462)
L 06/01/2011 - 15:31:55: [AMXX] Displaying debug trace (plugin "biohazard.amxx")
L 06/01/2011 - 15:31:55: [AMXX] Run time error 4: index out of bounds 
L 06/01/2011 - 15:31:55: [AMXX]    [0] biohazard.sma::equipweapon (line 2728)
L 06/01/2011 - 15:31:55: [AMXX]    [1] biohazard.sma::cure_user (line 1995)
L 06/01/2011 - 15:31:55: [AMXX]    [2] biohazard.sma::bacon_spawn_player_post (line 1462)
L 06/01/2011 - 15:31:55: [AMXX] Displaying debug trace (plugin "biohazard.amxx")
L 06/01/2011 - 15:31:55: [AMXX] Run time error 4: index out of bounds 
L 06/01/2011 - 15:31:55: [AMXX]    [0] biohazard.sma::equipweapon (line 2728)
L 06/01/2011 - 15:31:55: [AMXX]    [1] biohazard.sma::cure_user (line 1995)
L 06/01/2011 - 15:31:55: [AMXX]    [2] biohazard.sma::bacon_spawn_player_post (line 1462)
L 06/01/2011 - 15:31:55: [AMXX] Displaying debug trace (plugin "biohazard.amxx")
L 06/01/2011 - 15:31:55: [AMXX] Run time error 4: index out of bounds 
L 06/01/2011 - 15:31:55: [AMXX]    [0] biohazard.sma::equipweapon (line 2728)
L 06/01/2011 - 15:31:55: [AMXX]    [1] biohazard.sma::cure_user (line 1995)
L 06/01/2011 - 15:31:55: [AMXX]    [2] biohazard.sma::bacon_spawn_player_post (line 1462)
L 06/01/2011 - 15:33:26: [AMXX] Displaying debug trace (plugin "biohazard.amxx")
L 06/01/2011 - 15:33:26: [AMXX] Run time error 4: index out of bounds 
L 06/01/2011 - 15:33:26: [AMXX]    [0] biohazard.sma::equipweapon (line 2728)
L 06/01/2011 - 15:33:26: [AMXX]    [1] biohazard.sma::cure_user (line 1995)
L 06/01/2011 - 15:33:26: [AMXX]    [2] biohazard.sma::bacon_spawn_player_post (line 1462)
L 06/01/2011 - 15:33:26: [AMXX] Displaying debug trace (plugin "biohazard.amxx")
L 06/01/2011 - 15:33:26: [AMXX] Run time error 4: index out of bounds 
L 06/01/2011 - 15:33:26: [AMXX]    [0] biohazard.sma::equipweapon (line 2728)
L 06/01/2011 - 15:33:26: [AMXX]    [1] biohazard.sma::cure_user (line 1995)
L 06/01/2011 - 15:33:26: [AMXX]    [2] biohazard.sma::bacon_spawn_player_post (line 1462)
L 06/01/2011 - 15:33:26: [AMXX] Displaying debug trace (plugin "biohazard.amxx")
L 06/01/2011 - 15:33:26: [AMXX] Run time error 4: index out of bounds 
L 06/01/2011 - 15:33:26: [AMXX]    [0] biohazard.sma::equipweapon (line 2728)
L 06/01/2011 - 15:33:26: [AMXX]    [1] biohazard.sma::cure_user (line 1995)
L 06/01/2011 - 15:33:26: [AMXX]    [2] biohazard.sma::bacon_spawn_player_post (line 1462)
L 06/01/2011 - 15:37:58: Start of error session.
L 06/01/2011 - 15:37:58: Info (map "awp_city") (file "addons/amxmodx/logs/error_20110601.log")
L 06/01/2011 - 15:37:58: [AMXX] Displaying debug trace (plugin "biohazard.amxx")
L 06/01/2011 - 15:37:58: [AMXX] Run time error 4: index out of bounds 
L 06/01/2011 - 15:37:58: [AMXX]    [0] biohazard.sma::equipweapon (line 2728)
L 06/01/2011 - 15:37:58: [AMXX]    [1] biohazard.sma::cure_user (line 1995)
L 06/01/2011 - 15:37:58: [AMXX]    [2] biohazard.sma::bacon_spawn_player_post (line 1462)
L 06/01/2011 - 15:37:58: [AMXX] Displaying debug trace (plugin "biohazard.amxx")
L 06/01/2011 - 15:37:58: [AMXX] Run time error 4: index out of bounds 
L 06/01/2011 - 15:37:58: [AMXX]    [0] biohazard.sma::equipweapon (line 2728)
L 06/01/2011 - 15:37:58: [AMXX]    [1] biohazard.sma::cure_user (line 1995)
L 06/01/2011 - 15:37:58: [AMXX]    [2] biohazard.sma::bacon_spawn_player_post (line 1462)
L 06/01/2011 - 15:37:58: [AMXX] Displaying debug trace (plugin "biohazard.amxx")
L 06/01/2011 - 15:37:58: [AMXX] Run time error 4: index out of bounds 
L 06/01/2011 - 15:37:58: [AMXX]    [0] biohazard.sma::equipweapon (line 2751)
L 06/01/2011 - 15:37:58: [AMXX]    [1] biohazard.sma::cure_user (line 1995)
L 06/01/2011 - 15:37:58: [AMXX]    [2] biohazard.sma::bacon_spawn_player_post (line 1462)
L 06/01/2011 - 15:41:19: [AMXX] Displaying debug trace (plugin "biohazard.amxx")
L 06/01/2011 - 15:41:19: [AMXX] Run time error 4: index out of bounds 
L 06/01/2011 - 15:41:19: [AMXX]    [0] biohazard.sma::equipweapon (line 2728)
L 06/01/2011 - 15:41:19: [AMXX]    [1] biohazard.sma::cure_user (line 1995)
L 06/01/2011 - 15:41:19: [AMXX]    [2] biohazard.sma::bacon_spawn_player_post (line 1462)
L 06/01/2011 - 15:41:19: [AMXX] Displaying debug trace (plugin "biohazard.amxx")
L 06/01/2011 - 15:41:19: [AMXX] Run time error 4: index out of bounds 
L 06/01/2011 - 15:41:19: [AMXX]    [0] biohazard.sma::equipweapon (line 2751)
L 06/01/2011 - 15:41:19: [AMXX]    [1] biohazard.sma::cure_user (line 1995)
L 06/01/2011 - 15:41:19: [AMXX]    [2] biohazard.sma::bacon_spawn_player_post (line 1462)
L 06/01/2011 - 15:43:18: [AMXX] Displaying debug trace (plugin "biohazard.amxx")
L 06/01/2011 - 15:43:18: [AMXX] Run time error 4: index out of bounds 
L 06/01/2011 - 15:43:18: [AMXX]    [0] biohazard.sma::equipweapon (line 2728)
L 06/01/2011 - 15:43:18: [AMXX]    [1] biohazard.sma::cure_user (line 1995)
L 06/01/2011 - 15:43:18: [AMXX]    [2] biohazard.sma::bacon_spawn_player_post (line 1462)
L 06/01/2011 - 15:43:18: [AMXX] Displaying debug trace (plugin "biohazard.amxx")
L 06/01/2011 - 15:43:18: [AMXX] Run time error 4: index out of bounds 
L 06/01/2011 - 15:43:18: [AMXX]    [0] biohazard.sma::equipweapon (line 2751)
L 06/01/2011 - 15:43:18: [AMXX]    [1] biohazard.sma::cure_user (line 1995)
L 06/01/2011 - 15:43:18: [AMXX]    [2] biohazard.sma::bacon_spawn_player_post (line 1462)
L 06/01/2011 - 15:46:26: [AMXX] Displaying debug trace (plugin "biohazard.amxx")
L 06/01/2011 - 15:46:26: [AMXX] Run time error 4: index out of bounds 
L 06/01/2011 - 15:46:26: [AMXX]    [0] biohazard.sma::equipweapon (line 2751)
L 06/01/2011 - 15:46:26: [AMXX]    [1] biohazard.sma::cure_user (line 1995)
L 06/01/2011 - 15:46:26: [AMXX]    [2] biohazard.sma::bacon_spawn_player_post (line 1462)
L 06/01/2011 - 15:47:56: [AMXX] Displaying debug trace (plugin "biohazard.amxx")
L 06/01/2011 - 15:47:56: [AMXX] Run time error 4: index out of bounds 
L 06/01/2011 - 15:47:56: [AMXX]    [0] biohazard.sma::equipweapon (line 2728)
L 06/01/2011 - 15:47:56: [AMXX]    [1] biohazard.sma::cure_user (line 1995)
L 06/01/2011 - 15:47:56: [AMXX]    [2] biohazard.sma::bacon_spawn_player_post (line 1462)
L 06/01/2011 - 15:51:08: [AMXX] Displaying debug trace (plugin "biohazard.amxx")
L 06/01/2011 - 15:51:08: [AMXX] Run time error 4: index out of bounds 
L 06/01/2011 - 15:51:08: [AMXX]    [0] biohazard.sma::equipweapon (line 2728)
L 06/01/2011 - 15:51:08: [AMXX]    [1] biohazard.sma::cure_user (line 1995)
L 06/01/2011 - 15:51:08: [AMXX]    [2] biohazard.sma::bacon_spawn_player_post (line 1462)
L 06/01/2011 - 15:51:08: [AMXX] Displaying debug trace (plugin "biohazard.amxx")
L 06/01/2011 - 15:51:08: [AMXX] Run time error 4: index out of bounds 
L 06/01/2011 - 15:51:08: [AMXX]    [0] biohazard.sma::equipweapon (line 2751)
L 06/01/2011 - 15:51:08: [AMXX]    [1] biohazard.sma::cure_user (line 1995)
L 06/01/2011 - 15:51:08: [AMXX]    [2] biohazard.sma::bacon_spawn_player_post (line 1462)
L 06/01/2011 - 15:54:28: [AMXX] Displaying debug trace (plugin "biohazard.amxx")
L 06/01/2011 - 15:54:28: [AMXX] Run time error 4: index out of bounds 
L 06/01/2011 - 15:54:28: [AMXX]    [0] biohazard.sma::equipweapon (line 2728)
L 06/01/2011 - 15:54:28: [AMXX]    [1] biohazard.sma::cure_user (line 1995)
L 06/01/2011 - 15:54:28: [AMXX]    [2] biohazard.sma::bacon_spawn_player_post (line 1462)
L 06/01/2011 - 15:54:29: [AMXX] Displaying debug trace (plugin "biohazard.amxx")
L 06/01/2011 - 15:54:29: [AMXX] Run time error 4: index out of bounds 
L 06/01/2011 - 15:54:29: [AMXX]    [0] biohazard.sma::equipweapon (line 2751)
L 06/01/2011 - 15:54:29: [AMXX]    [1] biohazard.sma::cure_user (line 1995)
L 06/01/2011 - 15:54:29: [AMXX]    [2] biohazard.sma::bacon_spawn_player_post (line 1462)
L 06/01/2011 - 15:58:12: Start of error session.
L 06/01/2011 - 15:58:12: Info (map "zm_303") (file "addons/amxmodx/logs/error_20110601.log")
L 06/01/2011 - 15:58:12: [AMXX] Displaying debug trace (plugin "biohazard.amxx")
L 06/01/2011 - 15:58:12: [AMXX] Run time error 4: index out of bounds 
L 06/01/2011 - 15:58:12: [AMXX]    [0] biohazard.sma::equipweapon (line 2728)
L 06/01/2011 - 15:58:12: [AMXX]    [1] biohazard.sma::cure_user (line 1995)
L 06/01/2011 - 15:58:12: [AMXX]    [2] biohazard.sma::bacon_spawn_player_post (line 1462)
L 06/01/2011 - 15:58:12: [AMXX] Displaying debug trace (plugin "biohazard.amxx")
L 06/01/2011 - 15:58:12: [AMXX] Run time error 4: index out of bounds 
L 06/01/2011 - 15:58:12: [AMXX]    [0] biohazard.sma::equipweapon (line 2728)
L 06/01/2011 - 15:58:12: [AMXX]    [1] biohazard.sma::cure_user (line 1995)
L 06/01/2011 - 15:58:12: [AMXX]    [2] biohazard.sma::bacon_spawn_player_post (line 1462)
L 06/01/2011 - 16:05:34: [AMXX] Displaying debug trace (plugin "biohazard.amxx")
L 06/01/2011 - 16:05:34: [AMXX] Run time error 4: index out of bounds 
L 06/01/2011 - 16:05:34: [AMXX]    [0] biohazard.sma::equipweapon (line 2728)
L 06/01/2011 - 16:05:34: [AMXX]    [1] biohazard.sma::cure_user (line 1995)
L 06/01/2011 - 16:05:34: [AMXX]    [2] biohazard.sma::bacon_spawn_player_post (line 1462)
L 06/01/2011 - 16:05:34: [AMXX] Displaying debug trace (plugin "biohazard.amxx")
L 06/01/2011 - 16:05:34: [AMXX] Run time error 4: index out of bounds 
L 06/01/2011 - 16:05:34: [AMXX]    [0] biohazard.sma::equipweapon (line 2728)
L 06/01/2011 - 16:05:34: [AMXX]    [1] biohazard.sma::cure_user (line 1995)
L 06/01/2011 - 16:05:34: [AMXX]    [2] biohazard.sma::bacon_spawn_player_post (line 1462)
L 06/01/2011 - 16:07:03: [AMXX] Displaying debug trace (plugin "biohazard.amxx")
L 06/01/2011 - 16:07:03: [AMXX] Run time error 4: index out of bounds 
L 06/01/2011 - 16:07:03: [AMXX]    [0] biohazard.sma::equipweapon (line 2728)
L 06/01/2011 - 16:07:03: [AMXX]    [1] biohazard.sma::cure_user (line 1995)
L 06/01/2011 - 16:07:03: [AMXX]    [2] biohazard.sma::bacon_spawn_player_post (line 1462)
L 06/01/2011 - 16:10:24: [AMXX] Displaying debug trace (plugin "biohazard.amxx")
L 06/01/2011 - 16:10:24: [AMXX] Run time error 4: index out of bounds 
L 06/01/2011 - 16:10:24: [AMXX]    [0] biohazard.sma::equipweapon (line 2728)
L 06/01/2011 - 16:10:24: [AMXX]    [1] biohazard.sma::cure_user (line 1995)
L 06/01/2011 - 16:10:24: [AMXX]    [2] biohazard.sma::bacon_spawn_player_post (line 1462)
L 06/01/2011 - 16:10:24: [AMXX] Displaying debug trace (plugin "biohazard.amxx")
L 06/01/2011 - 16:10:24: [AMXX] Run time error 4: index out of bounds 
L 06/01/2011 - 16:10:24: [AMXX]    [0] biohazard.sma::equipweapon (line 2751)
L 06/01/2011 - 16:10:24: [AMXX]    [1] biohazard.sma::cure_user (line 1995)
L 06/01/2011 - 16:10:24: [AMXX]    [2] biohazard.sma::bacon_spawn_player_post (line 1462)
L 06/01/2011 - 16:13:45: [AMXX] Displaying debug trace (plugin "biohazard.amxx")
L 06/01/2011 - 16:13:45: [AMXX] Run time error 4: index out of bounds 
L 06/01/2011 - 16:13:45: [AMXX]    [0] biohazard.sma::equipweapon (line 2728)
L 06/01/2011 - 16:13:45: [AMXX]    [1] biohazard.sma::cure_user (line 1995)
L 06/01/2011 - 16:13:45: [AMXX]    [2] biohazard.sma::bacon_spawn_player_post (line 1462)
L 06/01/2011 - 16:13:45: [AMXX] Displaying debug trace (plugin "biohazard.amxx")
L 06/01/2011 - 16:13:45: [AMXX] Run time error 4: index out of bounds 
L 06/01/2011 - 16:13:45: [AMXX]    [0] biohazard.sma::equipweapon (line 2728)
L 06/01/2011 - 16:13:45: [AMXX]    [1] biohazard.sma::cure_user (line 1995)
L 06/01/2011 - 16:13:45: [AMXX]    [2] biohazard.sma::bacon_spawn_player_post (line 1462)
L 06/01/2011 - 16:13:45: [AMXX] Displaying debug trace (plugin "biohazard.amxx")
L 06/01/2011 - 16:13:45: [AMXX] Run time error 4: index out of bounds 
L 06/01/2011 - 16:13:45: [AMXX]    [0] biohazard.sma::equipweapon (line 2751)
L 06/01/2011 - 16:13:45: [AMXX]    [1] biohazard.sma::cure_user (line 1995)
L 06/01/2011 - 16:13:45: [AMXX]    [2] biohazard.sma::bacon_spawn_player_post (line 1462)
L 06/01/2011 - 16:18:00: Start of error session.
L 06/01/2011 - 16:18:00: Info (map "zm_fdust2x2") (file "addons/amxmodx/logs/error_20110601.log")
L 06/01/2011 - 16:18:00: [AMXX] Run time error 4 (plugin "biohazard.amxx") - debug not enabled!
L 06/01/2011 - 16:18:00: [AMXX] To enable debug mode, add "debug" after the plugin name in plugins.ini (without quotes).
L 06/01/2011 - 16:21:21: [AMXX] Run time error 4 (plugin "biohazard.amxx") - debug not enabled!
L 06/01/2011 - 16:21:21: [AMXX] To enable debug mode, add "debug" after the plugin name in plugins.ini (without quotes).
L 06/01/2011 - 16:21:21: [AMXX] Run time error 4 (plugin "biohazard.amxx") - debug not enabled!
L 06/01/2011 - 16:21:21: [AMXX] To enable debug mode, add "debug" after the plugin name in plugins.ini (without quotes).
L 06/01/2011 - 16:24:42: [AMXX] Run time error 4 (plugin "biohazard.amxx") - debug not enabled!
L 06/01/2011 - 16:24:42: [AMXX] To enable debug mode, add "debug" after the plugin name in plugins.ini (without quotes).
L 06/01/2011 - 16:28:03: [AMXX] Run time error 4 (plugin "biohazard.amxx") - debug not enabled!
L 06/01/2011 - 16:28:03: [AMXX] To enable debug mode, add "debug" after the plugin name in plugins.ini (without quotes).
L 06/01/2011 - 16:37:46: Start of error session.
L 06/01/2011 - 16:37:46: Info (map "016_rmk") (file "addons/amxmodx/logs/error_20110601.log")
L 06/01/2011 - 16:37:46: [AMXX] Run time error 4 (plugin "biohazard.amxx") - debug not enabled!
L 06/01/2011 - 16:37:46: [AMXX] To enable debug mode, add "debug" after the plugin name in plugins.ini (without quotes).
L 06/01/2011 - 16:41:07: [AMXX] Run time error 4 (plugin "biohazard.amxx") - debug not enabled!
L 06/01/2011 - 16:41:07: [AMXX] To enable debug mode, add "debug" after the plugin name in plugins.ini (without quotes).
L 06/01/2011 - 16:41:07: [AMXX] Run time error 4 (plugin "biohazard.amxx") - debug not enabled!
L 06/01/2011 - 16:41:07: [AMXX] To enable debug mode, add "debug" after the plugin name in plugins.ini (without quotes).
L 06/01/2011 - 16:44:28: [AMXX] Run time error 4 (plugin "biohazard.amxx") - debug not enabled!
L 06/01/2011 - 16:44:28: [AMXX] To enable debug mode, add "debug" after the plugin name in plugins.ini (without quotes).
L 06/01/2011 - 16:46:44: [AMXX] Run time error 4 (plugin "biohazard.amxx") - debug not enabled!
L 06/01/2011 - 16:46:44: [AMXX] To enable debug mode, add "debug" after the plugin name in plugins.ini (without quotes).
L 06/01/2011 - 16:46:44: [AMXX] Run time error 4 (plugin "biohazard.amxx") - debug not enabled!
L 06/01/2011 - 16:46:44: [AMXX] To enable debug mode, add "debug" after the plugin name in plugins.ini (without quotes).
L 06/01/2011 - 16:50:05: [AMXX] Run time error 4 (plugin "biohazard.amxx") - debug not enabled!
L 06/01/2011 - 16:50:05: [AMXX] To enable debug mode, add "debug" after the plugin name in plugins.ini (without quotes).
L 06/01/2011 - 16:54:17: [AMXX] Run time error 4 (plugin "biohazard.amxx") - debug not enabled!
L 06/01/2011 - 16:54:17: [AMXX] To enable debug mode, add "debug" after the plugin name in plugins.ini (without quotes).
L 06/01/2011 - 16:57:38: [AMXX] Run time error 4 (plugin "biohazard.amxx") - debug not enabled!
L 06/01/2011 - 16:57:38: [AMXX] To enable debug mode, add "debug" after the plugin name in plugins.ini (without quotes).
L 06/01/2011 - 16:57:38: [AMXX] Run time error 4 (plugin "biohazard.amxx") - debug not enabled!
L 06/01/2011 - 16:57:38: [AMXX] To enable debug mode, add "debug" after the plugin name in plugins.ini (without quotes).
L 06/01/2011 - 16:57:38: [AMXX] Run time error 4 (plugin "biohazard.amxx") - debug not enabled!
L 06/01/2011 - 16:57:38: [AMXX] To enable debug mode, add "debug" after the plugin name in plugins.ini (without quotes).
L 06/01/2011 - 17:04:42: Start of error session.
L 06/01/2011 - 17:04:42: Info (map "zm_xata") (file "addons/amxmodx/logs/error_20110601.log")
L 06/01/2011 - 17:04:42: [AMXX] Run time error 4 (plugin "biohazard.amxx") - debug not enabled!
L 06/01/2011 - 17:04:42: [AMXX] To enable debug mode, add "debug" after the plugin name in plugins.ini (without quotes).
L 06/01/2011 - 17:04:42: [AMXX] Run time error 4 (plugin "biohazard.amxx") - debug not enabled!
L 06/01/2011 - 17:04:42: [AMXX] To enable debug mode, add "debug" after the plugin name in plugins.ini (without quotes).
L 06/01/2011 - 17:10:05: [AMXX] Run time error 4 (plugin "biohazard.amxx") - debug not enabled!
L 06/01/2011 - 17:10:05: [AMXX] To enable debug mode, add "debug" after the plugin name in plugins.ini (without quotes).
L 06/01/2011 - 17:13:26: [AMXX] Run time error 4 (plugin "biohazard.amxx") - debug not enabled!
L 06/01/2011 - 17:13:26: [AMXX] To enable debug mode, add "debug" after the plugin name in plugins.ini (without quotes).
L 06/01/2011 - 17:19:03: Start of error session.
L 06/01/2011 - 17:19:03: Info (map "zm_army") (file "addons/amxmodx/logs/error_20110601.log")
L 06/01/2011 - 17:19:03: [AMXX] Run time error 4 (plugin "biohazard.amxx") - debug not enabled!
L 06/01/2011 - 17:19:03: [AMXX] To enable debug mode, add "debug" after the plugin name in plugins.ini (without quotes).
L 06/01/2011 - 17:22:15: [AMXX] Run time error 4 (plugin "biohazard.amxx") - debug not enabled!
L 06/01/2011 - 17:22:15: [AMXX] To enable debug mode, add "debug" after the plugin name in plugins.ini (without quotes).
L 06/01/2011 - 17:34:02: [AMXX] Run time error 4 (plugin "biohazard.amxx") - debug not enabled!
L 06/01/2011 - 17:34:02: [AMXX] To enable debug mode, add "debug" after the plugin name in plugins.ini (without quotes).
L 06/01/2011 - 17:41:06: Start of error session.
L 06/01/2011 - 17:41:06: Info (map "zm_desolation_house") (file "addons/amxmodx/logs/error_20110601.log")
L 06/01/2011 - 17:41:06: [AMXX] Run time error 4 (plugin "biohazard.amxx") - debug not enabled!
L 06/01/2011 - 17:41:06: [AMXX] To enable debug mode, add "debug" after the plugin name in plugins.ini (without quotes).
L 06/01/2011 - 17:44:27: [AMXX] Run time error 4 (plugin "biohazard.amxx") - debug not enabled!
L 06/01/2011 - 17:44:27: [AMXX] To enable debug mode, add "debug" after the plugin name in plugins.ini (without quotes).
L 06/01/2011 - 17:44:27: [AMXX] Run time error 4 (plugin "biohazard.amxx") - debug not enabled!
L 06/01/2011 - 17:44:27: [AMXX] To enable debug mode, add "debug" after the plugin name in plugins.ini (without quotes).
L 06/01/2011 - 17:47:48: [AMXX] Run time error 4 (plugin "biohazard.amxx") - debug not enabled!
L 06/01/2011 - 17:47:48: [AMXX] To enable debug mode, add "debug" after the plugin name in plugins.ini (without quotes).
L 06/01/2011 - 17:51:09: [AMXX] Run time error 4 (plugin "biohazard.amxx") - debug not enabled!
L 06/01/2011 - 17:51:09: [AMXX] To enable debug mode, add "debug" after the plugin name in plugins.ini (without quotes).
L 06/01/2011 - 17:53:30: [AMXX] Run time error 4 (plugin "biohazard.amxx") - debug not enabled!
L 06/01/2011 - 17:53:30: [AMXX] To enable debug mode, add "debug" after the plugin name in plugins.ini (without quotes).
L 06/01/2011 - 17:54:19: [AMXX] Run time error 4 (plugin "biohazard.amxx") - debug not enabled!
L 06/01/2011 - 17:54:19: [AMXX] To enable debug mode, add "debug" after the plugin name in plugins.ini (without quotes).
L 06/01/2011 - 17:58:01: Start of error session.
L 06/01/2011 - 17:58:01: Info (map "zm_houses") (file "addons/amxmodx/logs/error_20110601.log")
L 06/01/2011 - 17:58:01: [AMXX] Run time error 4 (plugin "biohazard.amxx") - debug not enabled!
L 06/01/2011 - 17:58:01: [AMXX] To enable debug mode, add "debug" after the plugin name in plugins.ini (without quotes).
L 06/01/2011 - 17:58:01: [AMXX] Run time error 4 (plugin "biohazard.amxx") - debug not enabled!
L 06/01/2011 - 17:58:01: [AMXX] To enable debug mode, add "debug" after the plugin name in plugins.ini (without quotes).
L 06/01/2011 - 17:59:04: [AMXX] Run time error 4 (plugin "biohazard.amxx") - debug not enabled!
L 06/01/2011 - 17:59:04: [AMXX] To enable debug mode, add "debug" after the plugin name in plugins.ini (without quotes).
L 06/01/2011 - 18:18:22: Start of error session.
L 06/01/2011 - 18:18:22: Info (map "de_westwood") (file "addons/amxmodx/logs/error_20110601.log")
L 06/01/2011 - 18:18:22: [AMXX] Run time error 4 (plugin "biohazard.amxx") - debug not enabled!
L 06/01/2011 - 18:18:22: [AMXX] To enable debug mode, add "debug" after the plugin name in plugins.ini (without quotes).
L 06/01/2011 - 18:20:02: [AMXX] Run time error 4 (plugin "biohazard.amxx") - debug not enabled!
L 06/01/2011 - 18:20:02: [AMXX] To enable debug mode, add "debug" after the plugin name in plugins.ini (without quotes).
L 06/01/2011 - 18:24:38: [AMXX] Run time error 4 (plugin "biohazard.amxx") - debug not enabled!
L 06/01/2011 - 18:24:38: [AMXX] To enable debug mode, add "debug" after the plugin name in plugins.ini (without quotes).
L 06/01/2011 - 18:27:59: [AMXX] Run time error 4 (plugin "biohazard.amxx") - debug not enabled!
L 06/01/2011 - 18:27:59: [AMXX] To enable debug mode, add "debug" after the plugin name in plugins.ini (without quotes).
L 06/01/2011 - 18:31:20: [AMXX] Run time error 4 (plugin "biohazard.amxx") - debug not enabled!
L 06/01/2011 - 18:31:20: [AMXX] To enable debug mode, add "debug" after the plugin name in plugins.ini (without quotes).
L 06/01/2011 - 18:39:22: Start of error session.
L 06/01/2011 - 18:39:22: Info (map "zm_303") (file "addons/amxmodx/logs/error_20110601.log")
L 06/01/2011 - 18:39:22: [AMXX] Run time error 4 (plugin "biohazard.amxx") - debug not enabled!
L 06/01/2011 - 18:39:22: [AMXX] To enable debug mode, add "debug" after the plugin name in plugins.ini (without quotes).
L 06/01/2011 - 18:42:09: [AMXX] Run time error 4 (plugin "biohazard.amxx") - debug not enabled!
L 06/01/2011 - 18:42:09: [AMXX] To enable debug mode, add "debug" after the plugin name in plugins.ini (without quotes).
L 06/01/2011 - 18:48:51: [AMXX] Run time error 4 (plugin "biohazard.amxx") - debug not enabled!
L 06/01/2011 - 18:48:51: [AMXX] To enable debug mode, add "debug" after the plugin name in plugins.ini (without quotes).
L 06/01/2011 - 18:52:12: [AMXX] Run time error 4 (plugin "biohazard.amxx") - debug not enabled!
L 06/01/2011 - 18:52:12: [AMXX] To enable debug mode, add "debug" after the plugin name in plugins.ini (without quotes).
L 06/01/2011 - 19:01:32: Start of error session.
L 06/01/2011 - 19:01:32: Info (map "de_dust") (file "addons/amxmodx/logs/error_20110601.log")
L 06/01/2011 - 19:01:32: [AMXX] Run time error 4 (plugin "biohazard.amxx") - debug not enabled!
L 06/01/2011 - 19:01:32: [AMXX] To enable debug mode, add "debug" after the plugin name in plugins.ini (without quotes).
L 06/01/2011 - 19:03:03: [AMXX] Run time error 4 (plugin "biohazard.amxx") - debug not enabled!
L 06/01/2011 - 19:03:03: [AMXX] To enable debug mode, add "debug" after the plugin name in plugins.ini (without quotes).
L 06/01/2011 - 19:05:06: [AMXX] Run time error 4 (plugin "biohazard.amxx") - debug not enabled!
L 06/01/2011 - 19:05:06: [AMXX] To enable debug mode, add "debug" after the plugin name in plugins.ini (without quotes).
L 06/01/2011 - 19:08:27: [AMXX] Run time error 4 (plugin "biohazard.amxx") - debug not enabled!
L 06/01/2011 - 19:08:27: [AMXX] To enable debug mode, add "debug" after the plugin name in plugins.ini (without quotes).
L 06/01/2011 - 19:14:25: [AMXX] Run time error 4 (plugin "biohazard.amxx") - debug not enabled!
L 06/01/2011 - 19:14:25: [AMXX] To enable debug mode, add "debug" after the plugin name in plugins.ini (without quotes).
L 06/01/2011 - 19:17:46: [AMXX] Run time error 4 (plugin "biohazard.amxx") - debug not enabled!
L 06/01/2011 - 19:17:46: [AMXX] To enable debug mode, add "debug" after the plugin name in plugins.ini (without quotes).
L 06/01/2011 - 19:21:01: [AMXX] Run time error 4 (plugin "biohazard.amxx") - debug not enabled!
L 06/01/2011 - 19:21:01: [AMXX] To enable debug mode, add "debug" after the plugin name in plugins.ini (without quotes).
L 06/01/2011 - 19:25:12: Start of error session.
L 06/01/2011 - 19:25:12: Info (map "zm_dust_brick_b1") (file "addons/amxmodx/logs/error_20110601.log")
L 06/01/2011 - 19:25:12: [AMXX] Run time error 4 (plugin "biohazard.amxx") - debug not enabled!
L 06/01/2011 - 19:25:12: [AMXX] To enable debug mode, add "debug" after the plugin name in plugins.ini (without quotes).
L 06/01/2011 - 19:28:33: [AMXX] Run time error 4 (plugin "biohazard.amxx") - debug not enabled!
L 06/01/2011 - 19:28:33: [AMXX] To enable debug mode, add "debug" after the plugin name in plugins.ini (without quotes).
L 06/01/2011 - 19:31:54: [AMXX] Run time error 4 (plugin "biohazard.amxx") - debug not enabled!
L 06/01/2011 - 19:31:54: [AMXX] To enable debug mode, add "debug" after the plugin name in plugins.ini (without quotes).
L 06/01/2011 - 19:31:54: [AMXX] Run time error 4 (plugin "biohazard.amxx") - debug not enabled!
L 06/01/2011 - 19:31:54: [AMXX] To enable debug mode, add "debug" after the plugin name in plugins.ini (without quotes).
L 06/01/2011 - 19:45:08: Start of error session.
L 06/01/2011 - 19:45:08: Info (map "awp_city") (file "addons/amxmodx/logs/error_20110601.log")
L 06/01/2011 - 19:45:08: [AMXX] Run time error 4 (plugin "biohazard.amxx") - debug not enabled!
L 06/01/2011 - 19:45:08: [AMXX] To enable debug mode, add "debug" after the plugin name in plugins.ini (without quotes).
L 06/01/2011 - 19:45:08: [AMXX] Run time error 4 (plugin "biohazard.amxx") - debug not enabled!
L 06/01/2011 - 19:45:08: [AMXX] To enable debug mode, add "debug" after the plugin name in plugins.ini (without quotes).
L 06/01/2011 - 19:50:00: [AMXX] Run time error 4 (plugin "biohazard.amxx") - debug not enabled!
L 06/01/2011 - 19:50:00: [AMXX] To enable debug mode, add "debug" after the plugin name in plugins.ini (without quotes).
L 06/01/2011 - 19:52:31: [AMXX] Run time error 4 (plugin "biohazard.amxx") - debug not enabled!
L 06/01/2011 - 19:52:31: [AMXX] To enable debug mode, add "debug" after the plugin name in plugins.ini (without quotes).
L 06/01/2011 - 19:54:56: [AMXX] Run time error 4 (plugin "biohazard.amxx") - debug not enabled!
L 06/01/2011 - 19:54:56: [AMXX] To enable debug mode, add "debug" after the plugin name in plugins.ini (without quotes).
L 06/01/2011 - 19:56:42: [AMXX] Run time error 4 (plugin "biohazard.amxx") - debug not enabled!
L 06/01/2011 - 19:56:42: [AMXX] To enable debug mode, add "debug" after the plugin name in plugins.ini (without quotes).
L 06/01/2011 - 20:04:21: [AMXX] Run time error 4 (plugin "biohazard.amxx") - debug not enabled!
L 06/01/2011 - 20:04:21: [AMXX] To enable debug mode, add "debug" after the plugin name in plugins.ini (without quotes).
L 06/01/2011 - 20:04:21: [AMXX] Run time error 4 (plugin "biohazard.amxx") - debug not enabled!
L 06/01/2011 - 20:04:21: [AMXX] To enable debug mode, add "debug" after the plugin name in plugins.ini (without quotes).
L 06/01/2011 - 20:07:03: Start of error session.
L 06/01/2011 - 20:07:03: Info (map "zm_dust_base_fin") (file "addons/amxmodx/logs/error_20110601.log")
L 06/01/2011 - 20:07:03: [AMXX] Run time error 4 (plugin "biohazard.amxx") - debug not enabled!
L 06/01/2011 - 20:07:03: [AMXX] To enable debug mode, add "debug" after the plugin name in plugins.ini (without quotes).
L 06/01/2011 - 20:07:03: [AMXX] Run time error 4 (plugin "biohazard.amxx") - debug not enabled!
L 06/01/2011 - 20:07:03: [AMXX] To enable debug mode, add "debug" after the plugin name in plugins.ini (without quotes).
L 06/01/2011 - 20:08:48: [AMXX] Run time error 4 (plugin "biohazard.amxx") - debug not enabled!
L 06/01/2011 - 20:08:48: [AMXX] To enable debug mode, add "debug" after the plugin name in plugins.ini (without quotes).
L 06/01/2011 - 20:08:48: [AMXX] Run time error 4 (plugin "biohazard.amxx") - debug not enabled!
L 06/01/2011 - 20:08:48: [AMXX] To enable debug mode, add "debug" after the plugin name in plugins.ini (without quotes).
L 06/01/2011 - 20:10:48: [AMXX] Run time error 4 (plugin "biohazard.amxx") - debug not enabled!
L 06/01/2011 - 20:10:48: [AMXX] To enable debug mode, add "debug" after the plugin name in plugins.ini (without quotes).
L 06/01/2011 - 20:10:48: [AMXX] Run time error 4 (plugin "biohazard.amxx") - debug not enabled!
L 06/01/2011 - 20:10:48: [AMXX] To enable debug mode, add "debug" after the plugin name in plugins.ini (without quotes).
L 06/01/2011 - 20:13:04: [AMXX] Run time error 4 (plugin "biohazard.amxx") - debug not enabled!
L 06/01/2011 - 20:13:04: [AMXX] To enable debug mode, add "debug" after the plugin name in plugins.ini (without quotes).
L 06/01/2011 - 20:13:04: [AMXX] Run time error 4 (plugin "biohazard.amxx") - debug not enabled!
L 06/01/2011 - 20:13:04: [AMXX] To enable debug mode, add "debug" after the plugin name in plugins.ini (without quotes).
L 06/01/2011 - 20:13:04: [AMXX] Run time error 4 (plugin "biohazard.amxx") - debug not enabled!
L 06/01/2011 - 20:13:04: [AMXX] To enable debug mode, add "debug" after the plugin name in plugins.ini (without quotes).
L 06/01/2011 - 20:14:33: [AMXX] Run time error 4 (plugin "biohazard.amxx") - debug not enabled!
L 06/01/2011 - 20:14:33: [AMXX] To enable debug mode, add "debug" after the plugin name in plugins.ini (without quotes).
L 06/01/2011 - 20:14:33: [AMXX] Run time error 4 (plugin "biohazard.amxx") - debug not enabled!
L 06/01/2011 - 20:14:33: [AMXX] To enable debug mode, add "debug" after the plugin name in plugins.ini (without quotes).
L 06/01/2011 - 20:14:33: [AMXX] Run time error 4 (plugin "biohazard.amxx") - debug not enabled!
L 06/01/2011 - 20:14:33: [AMXX] To enable debug mode, add "debug" after the plugin name in plugins.ini (without quotes).
L 06/01/2011 - 20:15:19: [AMXX] Run time error 4 (plugin "biohazard.amxx") - debug not enabled!
L 06/01/2011 - 20:15:19: [AMXX] To enable debug mode, add "debug" after the plugin name in plugins.ini (without quotes).
L 06/01/2011 - 20:18:40: [AMXX] Run time error 4 (plugin "biohazard.amxx") - debug not enabled!
L 06/01/2011 - 20:18:40: [AMXX] To enable debug mode, add "debug" after the plugin name in plugins.ini (without quotes).
L 06/01/2011 - 20:20:47: [AMXX] Run time error 4 (plugin "biohazard.amxx") - debug not enabled!
L 06/01/2011 - 20:20:47: [AMXX] To enable debug mode, add "debug" after the plugin name in plugins.ini (without quotes).
L 06/01/2011 - 20:25:33: [AMXX] Run time error 4 (plugin "biohazard.amxx") - debug not enabled!
L 06/01/2011 - 20:25:33: [AMXX] To enable debug mode, add "debug" after the plugin name in plugins.ini (without quotes).
L 06/01/2011 - 20:26:38: Start of error session.
L 06/01/2011 - 20:26:38: Info (map "zm_desolation_house") (file "addons/amxmodx/logs/error_20110601.log")
L 06/01/2011 - 20:26:38: [AMXX] Run time error 4 (plugin "biohazard.amxx") - debug not enabled!
L 06/01/2011 - 20:26:38: [AMXX] To enable debug mode, add "debug" after the plugin name in plugins.ini (without quotes).
L 06/01/2011 - 20:30:02: [AMXX] Run time error 4 (plugin "biohazard.amxx") - debug not enabled!
L 06/01/2011 - 20:30:02: [AMXX] To enable debug mode, add "debug" after the plugin name in plugins.ini (without quotes).
L 06/01/2011 - 20:32:22: [AMXX] Run time error 4 (plugin "biohazard.amxx") - debug not enabled!
L 06/01/2011 - 20:32:22: [AMXX] To enable debug mode, add "debug" after the plugin name in plugins.ini (without quotes).
L 06/01/2011 - 20:35:44: [AMXX] Run time error 4 (plugin "biohazard.amxx") - debug not enabled!
L 06/01/2011 - 20:35:44: [AMXX] To enable debug mode, add "debug" after the plugin name in plugins.ini (without quotes).
L 06/01/2011 - 20:39:05: [AMXX] Run time error 4 (plugin "biohazard.amxx") - debug not enabled!
L 06/01/2011 - 20:39:05: [AMXX] To enable debug mode, add "debug" after the plugin name in plugins.ini (without quotes).
L 06/01/2011 - 20:41:00: [AMXX] Run time error 4 (plugin "biohazard.amxx") - debug not enabled!
L 06/01/2011 - 20:41:00: [AMXX] To enable debug mode, add "debug" after the plugin name in plugins.ini (without quotes).
L 06/01/2011 - 20:44:21: [AMXX] Run time error 4 (plugin "biohazard.amxx") - debug not enabled!
L 06/01/2011 - 20:44:21: [AMXX] To enable debug mode, add "debug" after the plugin name in plugins.ini (without quotes).
L 06/01/2011 - 20:51:27: Start of error session.
L 06/01/2011 - 20:51:27: Info (map "cs_office") (file "addons/amxmodx/logs/error_20110601.log")
L 06/01/2011 - 20:51:27: [AMXX] Run time error 4 (plugin "biohazard.amxx") - debug not enabled!
L 06/01/2011 - 20:51:27: [AMXX] To enable debug mode, add "debug" after the plugin name in plugins.ini (without quotes).
L 06/01/2011 - 20:51:27: [AMXX] Run time error 4 (plugin "biohazard.amxx") - debug not enabled!
L 06/01/2011 - 20:51:27: [AMXX] To enable debug mode, add "debug" after the plugin name in plugins.ini (without quotes).
L 06/01/2011 - 20:51:27: [AMXX] Run time error 4 (plugin "biohazard.amxx") - debug not enabled!
L 06/01/2011 - 20:51:27: [AMXX] To enable debug mode, add "debug" after the plugin name in plugins.ini (without quotes).
L 06/01/2011 - 20:54:48: [AMXX] Run time error 4 (plugin "biohazard.amxx") - debug not enabled!
L 06/01/2011 - 20:54:48: [AMXX] To enable debug mode, add "debug" after the plugin name in plugins.ini (without quotes).
L 06/01/2011 - 20:54:48: [AMXX] Run time error 4 (plugin "biohazard.amxx") - debug not enabled!
L 06/01/2011 - 20:54:48: [AMXX] To enable debug mode, add "debug" after the plugin name in plugins.ini (without quotes).
L 06/01/2011 - 20:54:48: [AMXX] Run time error 4 (plugin "biohazard.amxx") - debug not enabled!
L 06/01/2011 - 20:54:48: [AMXX] To enable debug mode, add "debug" after the plugin name in plugins.ini (without quotes).
L 06/01/2011 - 20:54:48: [AMXX] Run time error 4 (plugin "biohazard.amxx") - debug not enabled!
L 06/01/2011 - 20:54:48: [AMXX] To enable debug mode, add "debug" after the plugin name in plugins.ini (without quotes).
L 06/01/2011 - 20:58:09: [AMXX] Run time error 4 (plugin "biohazard.amxx") - debug not enabled!
L 06/01/2011 - 20:58:09: [AMXX] To enable debug mode, add "debug" after the plugin name in plugins.ini (without quotes).
L 06/01/2011 - 20:58:09: [AMXX] Run time error 4 (plugin "biohazard.amxx") - debug not enabled!
L 06/01/2011 - 20:58:09: [AMXX] To enable debug mode, add "debug" after the plugin name in plugins.ini (without quotes).
L 06/01/2011 - 20:58:09: [AMXX] Run time error 4 (plugin "biohazard.amxx") - debug not enabled!
L 06/01/2011 - 20:58:09: [AMXX] To enable debug mode, add "debug" after the plugin name in plugins.ini (without quotes).
L 06/01/2011 - 20:58:09: [AMXX] Run time error 4 (plugin "biohazard.amxx") - debug not enabled!
L 06/01/2011 - 20:58:09: [AMXX] To enable debug mode, add "debug" after the plugin name in plugins.ini (without quotes).
L 06/01/2011 - 21:01:30: [AMXX] Run time error 4 (plugin "biohazard.amxx") - debug not enabled!
L 06/01/2011 - 21:01:30: [AMXX] To enable debug mode, add "debug" after the plugin name in plugins.ini (without quotes).
L 06/01/2011 - 21:01:30: [AMXX] Run time error 4 (plugin "biohazard.amxx") - debug not enabled!
L 06/01/2011 - 21:01:30: [AMXX] To enable debug mode, add "debug" after the plugin name in plugins.ini (without quotes).
L 06/01/2011 - 21:01:30: [AMXX] Run time error 4 (plugin "biohazard.amxx") - debug not enabled!
L 06/01/2011 - 21:01:30: [AMXX] To enable debug mode, add "debug" after the plugin name in plugins.ini (without quotes).
L 06/01/2011 - 21:02:06: [AMXX] Run time error 4 (plugin "biohazard.amxx") - debug not enabled!
L 06/01/2011 - 21:02:06: [AMXX] To enable debug mode, add "debug" after the plugin name in plugins.ini (without quotes).
L 06/01/2011 - 21:05:27: [AMXX] Run time error 4 (plugin "biohazard.amxx") - debug not enabled!
L 06/01/2011 - 21:05:27: [AMXX] To enable debug mode, add "debug" after the plugin name in plugins.ini (without quotes).
L 06/01/2011 - 21:05:27: [AMXX] Run time error 4 (plugin "biohazard.amxx") - debug not enabled!
L 06/01/2011 - 21:05:27: [AMXX] To enable debug mode, add "debug" after the plugin name in plugins.ini (without quotes).
L 06/01/2011 - 21:05:27: [AMXX] Run time error 4 (plugin "biohazard.amxx") - debug not enabled!
L 06/01/2011 - 21:05:27: [AMXX] To enable debug mode, add "debug" after the plugin name in plugins.ini (without quotes).
L 06/01/2011 - 21:08:48: [AMXX] Run time error 4 (plugin "biohazard.amxx") - debug not enabled!
L 06/01/2011 - 21:08:48: [AMXX] To enable debug mode, add "debug" after the plugin name in plugins.ini (without quotes).
L 06/01/2011 - 21:09:56: Start of error session.
L 06/01/2011 - 21:09:56: Info (map "zm_202") (file "addons/amxmodx/logs/error_20110601.log")
L 06/01/2011 - 21:09:56: [AMXX] Run time error 4 (plugin "biohazard.amxx") - debug not enabled!
L 06/01/2011 - 21:09:56: [AMXX] To enable debug mode, add "debug" after the plugin name in plugins.ini (without quotes).
L 06/01/2011 - 21:14:42: [AMXX] Run time error 4 (plugin "biohazard.amxx") - debug not enabled!
L 06/01/2011 - 21:14:42: [AMXX] To enable debug mode, add "debug" after the plugin name in plugins.ini (without quotes).
L 06/01/2011 - 21:18:03: [AMXX] Run time error 4 (plugin "biohazard.amxx") - debug not enabled!
L 06/01/2011 - 21:18:03: [AMXX] To enable debug mode, add "debug" after the plugin name in plugins.ini (without quotes).
L 06/01/2011 - 21:21:24: [AMXX] Run time error 4 (plugin "biohazard.amxx") - debug not enabled!
L 06/01/2011 - 21:21:24: [AMXX] To enable debug mode, add "debug" after the plugin name in plugins.ini (without quotes).
L 06/01/2011 - 21:21:24: [AMXX] Run time error 4 (plugin "biohazard.amxx") - debug not enabled!
L 06/01/2011 - 21:21:24: [AMXX] To enable debug mode, add "debug" after the plugin name in plugins.ini (without quotes).
L 06/01/2011 - 21:24:45: [AMXX] Run time error 4 (plugin "biohazard.amxx") - debug not enabled!
L 06/01/2011 - 21:24:45: [AMXX] To enable debug mode, add "debug" after the plugin name in plugins.ini (without quotes).
L 06/01/2011 - 21:27:44: [AMXX] Run time error 4 (plugin "biohazard.amxx") - debug not enabled!
L 06/01/2011 - 21:27:44: [AMXX] To enable debug mode, add "debug" after the plugin name in plugins.ini (without quotes).
L 06/01/2011 - 21:31:05: [AMXX] Run time error 4 (plugin "biohazard.amxx") - debug not enabled!
L 06/01/2011 - 21:31:05: [AMXX] To enable debug mode, add "debug" after the plugin name in plugins.ini (without quotes).
L 06/01/2011 - 21:31:05: [AMXX] Run time error 4 (plugin "biohazard.amxx") - debug not enabled!
L 06/01/2011 - 21:31:05: [AMXX] To enable debug mode, add "debug" after the plugin name in plugins.ini (without quotes).
L 06/01/2011 - 21:34:48: Start of error session.
L 06/01/2011 - 21:34:48: Info (map "zm_houses") (file "addons/amxmodx/logs/error_20110601.log")
L 06/01/2011 - 21:34:48: [AMXX] Run time error 4 (plugin "biohazard.amxx") - debug not enabled!
L 06/01/2011 - 21:34:48: [AMXX] To enable debug mode, add "debug" after the plugin name in plugins.ini (without quotes).
L 06/01/2011 - 22:16:39: Start of error session.
L 06/01/2011 - 22:16:39: Info (map "de_dust") (file "addons/amxmodx/logs/error_20110601.log")
L 06/01/2011 - 22:16:39: [AMXX] Run time error 4 (plugin "biohazard.amxx") - debug not enabled!
L 06/01/2011 - 22:16:39: [AMXX] To enable debug mode, add "debug" after the plugin name in plugins.ini (without quotes).
L 06/01/2011 - 22:20:00: [AMXX] Run time error 4 (plugin "biohazard.amxx") - debug not enabled!
L 06/01/2011 - 22:20:00: [AMXX] To enable debug mode, add "debug" after the plugin name in plugins.ini (without quotes).
L 06/01/2011 - 22:22:28: [AMXX] Run time error 4 (plugin "biohazard.amxx") - debug not enabled!
L 06/01/2011 - 22:22:28: [AMXX] To enable debug mode, add "debug" after the plugin name in plugins.ini (without quotes).
L 06/01/2011 - 22:28:48: [AMXX] Run time error 4 (plugin "biohazard.amxx") - debug not enabled!
L 06/01/2011 - 22:28:48: [AMXX] To enable debug mode, add "debug" after the plugin name in plugins.ini (without quotes).
L 06/01/2011 - 22:31:04: [AMXX] Run time error 4 (plugin "biohazard.amxx") - debug not enabled!
L 06/01/2011 - 22:31:04: [AMXX] To enable debug mode, add "debug" after the plugin name in plugins.ini (without quotes).
L 06/01/2011 - 22:39:41: Start of error session.
L 06/01/2011 - 22:39:41: Info (map "awp_city") (file "addons/amxmodx/logs/error_20110601.log")
L 06/01/2011 - 22:39:41: [AMXX] Run time error 4 (plugin "biohazard.amxx") - debug not enabled!
L 06/01/2011 - 22:39:41: [AMXX] To enable debug mode, add "debug" after the plugin name in plugins.ini (without quotes).
L 06/01/2011 - 22:39:41: [AMXX] Run time error 4 (plugin "biohazard.amxx") - debug not enabled!
L 06/01/2011 - 22:39:41: [AMXX] To enable debug mode, add "debug" after the plugin name in plugins.ini (without quotes).
L 06/01/2011 - 22:43:02: [AMXX] Run time error 4 (plugin "biohazard.amxx") - debug not enabled!
L 06/01/2011 - 22:43:02: [AMXX] To enable debug mode, add "debug" after the plugin name in plugins.ini (without quotes).
L 06/01/2011 - 22:46:23: [AMXX] Run time error 4 (plugin "biohazard.amxx") - debug not enabled!
L 06/01/2011 - 22:46:23: [AMXX] To enable debug mode, add "debug" after the plugin name in plugins.ini (without quotes).
L 06/01/2011 - 23:05:08: [AMXX] Run time error 4 (plugin "biohazard.amxx") - debug not enabled!
L 06/01/2011 - 23:05:08: [AMXX] To enable debug mode, add "debug" after the plugin name in plugins.ini (without quotes).
L 06/01/2011 - 23:37:10: Start of error session.
L 06/01/2011 - 23:37:10: Info (map "zm_fdust2x2") (file "addons/amxmodx/logs/error_20110601.log")
L 06/01/2011 - 23:37:10: [AMXX] Run time error 4 (plugin "biohazard.amxx") - debug not enabled!
L 06/01/2011 - 23:37:10: [AMXX] To enable debug mode, add "debug" after the plugin name in plugins.ini (without quotes).
