L 07/23/2011 - 00:35:33: Start of error session.
L 07/23/2011 - 00:35:33: Info (map "zm_666_brick") (file "addons/amxmodx/logs/error_20110723.log")
L 07/23/2011 - 00:35:33: [AMXX] Run time error 4 (plugin "biohazard.amxx") - debug not enabled!
L 07/23/2011 - 00:35:33: [AMXX] To enable debug mode, add "debug" after the plugin name in plugins.ini (without quotes).
L 07/23/2011 - 00:35:33: [AMXX] Run time error 4 (plugin "biohazard.amxx") - debug not enabled!
L 07/23/2011 - 00:35:33: [AMXX] To enable debug mode, add "debug" after the plugin name in plugins.ini (without quotes).
L 07/23/2011 - 00:35:47: [AMXX] Run time error 4 (plugin "biohazard.amxx") - debug not enabled!
L 07/23/2011 - 00:35:47: [AMXX] To enable debug mode, add "debug" after the plugin name in plugins.ini (without quotes).
L 07/23/2011 - 00:35:47: [AMXX] Run time error 4 (plugin "biohazard.amxx") - debug not enabled!
L 07/23/2011 - 00:35:47: [AMXX] To enable debug mode, add "debug" after the plugin name in plugins.ini (without quotes).
L 07/23/2011 - 00:45:02: [AMXX] Run time error 4 (plugin "biohazard.amxx") - debug not enabled!
L 07/23/2011 - 00:45:02: [AMXX] To enable debug mode, add "debug" after the plugin name in plugins.ini (without quotes).
L 07/23/2011 - 00:45:03: [AMXX] Run time error 4 (plugin "biohazard.amxx") - debug not enabled!
L 07/23/2011 - 00:45:03: [AMXX] To enable debug mode, add "debug" after the plugin name in plugins.ini (without quotes).
L 07/23/2011 - 00:45:03: [AMXX] Run time error 4 (plugin "biohazard.amxx") - debug not enabled!
L 07/23/2011 - 00:45:03: [AMXX] To enable debug mode, add "debug" after the plugin name in plugins.ini (without quotes).
L 07/23/2011 - 00:45:03: [AMXX] Run time error 4 (plugin "biohazard.amxx") - debug not enabled!
L 07/23/2011 - 00:45:03: [AMXX] To enable debug mode, add "debug" after the plugin name in plugins.ini (without quotes).
L 07/23/2011 - 00:45:03: [AMXX] Run time error 4 (plugin "biohazard.amxx") - debug not enabled!
L 07/23/2011 - 00:45:03: [AMXX] To enable debug mode, add "debug" after the plugin name in plugins.ini (without quotes).
L 07/23/2011 - 00:45:03: [AMXX] Run time error 4 (plugin "biohazard.amxx") - debug not enabled!
L 07/23/2011 - 00:45:03: [AMXX] To enable debug mode, add "debug" after the plugin name in plugins.ini (without quotes).
L 07/23/2011 - 00:45:03: [AMXX] Run time error 4 (plugin "biohazard.amxx") - debug not enabled!
L 07/23/2011 - 00:45:03: [AMXX] To enable debug mode, add "debug" after the plugin name in plugins.ini (without quotes).
L 07/23/2011 - 00:45:03: [AMXX] Run time error 4 (plugin "biohazard.amxx") - debug not enabled!
L 07/23/2011 - 00:45:03: [AMXX] To enable debug mode, add "debug" after the plugin name in plugins.ini (without quotes).
L 07/23/2011 - 00:45:03: [AMXX] Run time error 4 (plugin "biohazard.amxx") - debug not enabled!
L 07/23/2011 - 00:45:03: [AMXX] To enable debug mode, add "debug" after the plugin name in plugins.ini (without quotes).
L 07/23/2011 - 00:52:42: Start of error session.
L 07/23/2011 - 00:52:42: Info (map "zm_escapetrain") (file "addons/amxmodx/logs/error_20110723.log")
L 07/23/2011 - 00:52:42: [AMXX] Run time error 4 (plugin "biohazard.amxx") - debug not enabled!
L 07/23/2011 - 00:52:42: [AMXX] To enable debug mode, add "debug" after the plugin name in plugins.ini (without quotes).
L 07/23/2011 - 00:52:54: [AMXX] Run time error 4 (plugin "biohazard.amxx") - debug not enabled!
L 07/23/2011 - 00:52:54: [AMXX] To enable debug mode, add "debug" after the plugin name in plugins.ini (without quotes).
L 07/23/2011 - 00:52:54: [AMXX] Run time error 4 (plugin "biohazard.amxx") - debug not enabled!
L 07/23/2011 - 00:52:54: [AMXX] To enable debug mode, add "debug" after the plugin name in plugins.ini (without quotes).
L 07/23/2011 - 00:52:56: [AMXX] Run time error 4 (plugin "biohazard.amxx") - debug not enabled!
L 07/23/2011 - 00:52:56: [AMXX] To enable debug mode, add "debug" after the plugin name in plugins.ini (without quotes).
L 07/23/2011 - 00:52:57: [AMXX] Run time error 4 (plugin "biohazard.amxx") - debug not enabled!
L 07/23/2011 - 00:52:57: [AMXX] To enable debug mode, add "debug" after the plugin name in plugins.ini (without quotes).
L 07/23/2011 - 00:55:09: [AMXX] Run time error 4 (plugin "biohazard.amxx") - debug not enabled!
L 07/23/2011 - 00:55:09: [AMXX] To enable debug mode, add "debug" after the plugin name in plugins.ini (without quotes).
L 07/23/2011 - 00:57:13: [AMXX] Run time error 4 (plugin "biohazard.amxx") - debug not enabled!
L 07/23/2011 - 00:57:13: [AMXX] To enable debug mode, add "debug" after the plugin name in plugins.ini (without quotes).
L 07/23/2011 - 00:57:13: [AMXX] Run time error 4 (plugin "biohazard.amxx") - debug not enabled!
L 07/23/2011 - 00:57:13: [AMXX] To enable debug mode, add "debug" after the plugin name in plugins.ini (without quotes).
L 07/23/2011 - 00:57:13: [AMXX] Run time error 4 (plugin "biohazard.amxx") - debug not enabled!
L 07/23/2011 - 00:57:13: [AMXX] To enable debug mode, add "debug" after the plugin name in plugins.ini (without quotes).
L 07/23/2011 - 00:57:13: [AMXX] Run time error 4 (plugin "biohazard.amxx") - debug not enabled!
L 07/23/2011 - 00:57:13: [AMXX] To enable debug mode, add "debug" after the plugin name in plugins.ini (without quotes).
L 07/23/2011 - 00:57:13: [AMXX] Run time error 4 (plugin "biohazard.amxx") - debug not enabled!
L 07/23/2011 - 00:57:13: [AMXX] To enable debug mode, add "debug" after the plugin name in plugins.ini (without quotes).
L 07/23/2011 - 00:57:13: [AMXX] Run time error 4 (plugin "biohazard.amxx") - debug not enabled!
L 07/23/2011 - 00:57:13: [AMXX] To enable debug mode, add "debug" after the plugin name in plugins.ini (without quotes).
L 07/23/2011 - 00:57:13: [AMXX] Run time error 4 (plugin "biohazard.amxx") - debug not enabled!
L 07/23/2011 - 00:57:13: [AMXX] To enable debug mode, add "debug" after the plugin name in plugins.ini (without quotes).
L 07/23/2011 - 00:57:13: [AMXX] Run time error 4 (plugin "biohazard.amxx") - debug not enabled!
L 07/23/2011 - 00:57:13: [AMXX] To enable debug mode, add "debug" after the plugin name in plugins.ini (without quotes).
L 07/23/2011 - 00:57:13: [AMXX] Run time error 4 (plugin "biohazard.amxx") - debug not enabled!
L 07/23/2011 - 00:57:13: [AMXX] To enable debug mode, add "debug" after the plugin name in plugins.ini (without quotes).
L 07/23/2011 - 01:02:22: [AMXX] Run time error 4 (plugin "biohazard.amxx") - debug not enabled!
L 07/23/2011 - 01:02:22: [AMXX] To enable debug mode, add "debug" after the plugin name in plugins.ini (without quotes).
L 07/23/2011 - 01:03:27: [AMXX] Run time error 4 (plugin "biohazard.amxx") - debug not enabled!
L 07/23/2011 - 01:03:27: [AMXX] To enable debug mode, add "debug" after the plugin name in plugins.ini (without quotes).
L 07/23/2011 - 01:05:48: [AMXX] Run time error 4 (plugin "biohazard.amxx") - debug not enabled!
L 07/23/2011 - 01:05:48: [AMXX] To enable debug mode, add "debug" after the plugin name in plugins.ini (without quotes).
L 07/23/2011 - 01:05:48: [AMXX] Run time error 4 (plugin "biohazard.amxx") - debug not enabled!
L 07/23/2011 - 01:05:48: [AMXX] To enable debug mode, add "debug" after the plugin name in plugins.ini (without quotes).
L 07/23/2011 - 02:06:59: Start of error session.
L 07/23/2011 - 02:06:59: Info (map "zm_303") (file "addons/amxmodx/logs/error_20110723.log")
L 07/23/2011 - 02:06:59: [AMXX] Run time error 4 (plugin "biohazard.amxx") - debug not enabled!
L 07/23/2011 - 02:06:59: [AMXX] To enable debug mode, add "debug" after the plugin name in plugins.ini (without quotes).
L 07/23/2011 - 02:06:59: [AMXX] Run time error 4 (plugin "biohazard.amxx") - debug not enabled!
L 07/23/2011 - 02:06:59: [AMXX] To enable debug mode, add "debug" after the plugin name in plugins.ini (without quotes).
L 07/23/2011 - 02:06:59: [AMXX] Run time error 4 (plugin "biohazard.amxx") - debug not enabled!
L 07/23/2011 - 02:06:59: [AMXX] To enable debug mode, add "debug" after the plugin name in plugins.ini (without quotes).
L 07/23/2011 - 02:06:59: [AMXX] Run time error 4 (plugin "biohazard.amxx") - debug not enabled!
L 07/23/2011 - 02:06:59: [AMXX] To enable debug mode, add "debug" after the plugin name in plugins.ini (without quotes).
L 07/23/2011 - 02:07:24: [AMXX] Run time error 4 (plugin "biohazard.amxx") - debug not enabled!
L 07/23/2011 - 02:07:24: [AMXX] To enable debug mode, add "debug" after the plugin name in plugins.ini (without quotes).
L 07/23/2011 - 02:07:24: [AMXX] Run time error 4 (plugin "biohazard.amxx") - debug not enabled!
L 07/23/2011 - 02:07:24: [AMXX] To enable debug mode, add "debug" after the plugin name in plugins.ini (without quotes).
L 07/23/2011 - 02:07:24: [AMXX] Run time error 4 (plugin "biohazard.amxx") - debug not enabled!
L 07/23/2011 - 02:07:24: [AMXX] To enable debug mode, add "debug" after the plugin name in plugins.ini (without quotes).
L 07/23/2011 - 02:07:30: [AMXX] Run time error 4 (plugin "biohazard.amxx") - debug not enabled!
L 07/23/2011 - 02:07:30: [AMXX] To enable debug mode, add "debug" after the plugin name in plugins.ini (without quotes).
L 07/23/2011 - 02:07:30: [AMXX] Run time error 4 (plugin "biohazard.amxx") - debug not enabled!
L 07/23/2011 - 02:07:30: [AMXX] To enable debug mode, add "debug" after the plugin name in plugins.ini (without quotes).
L 07/23/2011 - 02:07:31: [AMXX] Run time error 4 (plugin "biohazard.amxx") - debug not enabled!
L 07/23/2011 - 02:07:31: [AMXX] To enable debug mode, add "debug" after the plugin name in plugins.ini (without quotes).
L 07/23/2011 - 02:07:31: [AMXX] Run time error 4 (plugin "biohazard.amxx") - debug not enabled!
L 07/23/2011 - 02:07:31: [AMXX] To enable debug mode, add "debug" after the plugin name in plugins.ini (without quotes).
L 07/23/2011 - 02:07:31: [AMXX] Run time error 4 (plugin "biohazard.amxx") - debug not enabled!
L 07/23/2011 - 02:07:31: [AMXX] To enable debug mode, add "debug" after the plugin name in plugins.ini (without quotes).
L 07/23/2011 - 02:34:59: Start of error session.
L 07/23/2011 - 02:34:59: Info (map "ze_jurassicpark") (file "addons/amxmodx/logs/error_20110723.log")
L 07/23/2011 - 02:34:59: [AMXX] Run time error 4 (plugin "biohazard.amxx") - debug not enabled!
L 07/23/2011 - 02:34:59: [AMXX] To enable debug mode, add "debug" after the plugin name in plugins.ini (without quotes).
L 07/23/2011 - 02:35:00: [AMXX] Run time error 4 (plugin "biohazard.amxx") - debug not enabled!
L 07/23/2011 - 02:35:00: [AMXX] To enable debug mode, add "debug" after the plugin name in plugins.ini (without quotes).
L 07/23/2011 - 02:37:29: [AMXX] Run time error 4 (plugin "biohazard.amxx") - debug not enabled!
L 07/23/2011 - 02:37:29: [AMXX] To enable debug mode, add "debug" after the plugin name in plugins.ini (without quotes).
L 07/23/2011 - 02:37:29: [AMXX] Run time error 4 (plugin "biohazard.amxx") - debug not enabled!
L 07/23/2011 - 02:37:29: [AMXX] To enable debug mode, add "debug" after the plugin name in plugins.ini (without quotes).
L 07/23/2011 - 02:39:11: [AMXX] Run time error 4 (plugin "biohazard.amxx") - debug not enabled!
L 07/23/2011 - 02:39:11: [AMXX] To enable debug mode, add "debug" after the plugin name in plugins.ini (without quotes).
L 07/23/2011 - 02:39:11: [AMXX] Run time error 4 (plugin "biohazard.amxx") - debug not enabled!
L 07/23/2011 - 02:39:11: [AMXX] To enable debug mode, add "debug" after the plugin name in plugins.ini (without quotes).
L 07/23/2011 - 02:39:12: [AMXX] Run time error 4 (plugin "biohazard.amxx") - debug not enabled!
L 07/23/2011 - 02:39:12: [AMXX] To enable debug mode, add "debug" after the plugin name in plugins.ini (without quotes).
L 07/23/2011 - 02:39:12: [AMXX] Run time error 4 (plugin "biohazard.amxx") - debug not enabled!
L 07/23/2011 - 02:39:12: [AMXX] To enable debug mode, add "debug" after the plugin name in plugins.ini (without quotes).
L 07/23/2011 - 02:39:12: [AMXX] Run time error 4 (plugin "biohazard.amxx") - debug not enabled!
L 07/23/2011 - 02:39:12: [AMXX] To enable debug mode, add "debug" after the plugin name in plugins.ini (without quotes).
L 07/23/2011 - 02:39:12: [AMXX] Run time error 4 (plugin "biohazard.amxx") - debug not enabled!
L 07/23/2011 - 02:39:12: [AMXX] To enable debug mode, add "debug" after the plugin name in plugins.ini (without quotes).
L 07/23/2011 - 02:39:13: [AMXX] Run time error 4 (plugin "biohazard.amxx") - debug not enabled!
L 07/23/2011 - 02:39:13: [AMXX] To enable debug mode, add "debug" after the plugin name in plugins.ini (without quotes).
L 07/23/2011 - 02:39:14: [AMXX] Run time error 4 (plugin "biohazard.amxx") - debug not enabled!
L 07/23/2011 - 02:39:14: [AMXX] To enable debug mode, add "debug" after the plugin name in plugins.ini (without quotes).
L 07/23/2011 - 02:39:14: [AMXX] Run time error 4 (plugin "biohazard.amxx") - debug not enabled!
L 07/23/2011 - 02:39:14: [AMXX] To enable debug mode, add "debug" after the plugin name in plugins.ini (without quotes).
L 07/23/2011 - 02:41:33: [AMXX] Run time error 4 (plugin "biohazard.amxx") - debug not enabled!
L 07/23/2011 - 02:41:33: [AMXX] To enable debug mode, add "debug" after the plugin name in plugins.ini (without quotes).
L 07/23/2011 - 02:41:33: [AMXX] Run time error 4 (plugin "biohazard.amxx") - debug not enabled!
L 07/23/2011 - 02:41:33: [AMXX] To enable debug mode, add "debug" after the plugin name in plugins.ini (without quotes).
L 07/23/2011 - 02:41:33: [AMXX] Run time error 4 (plugin "biohazard.amxx") - debug not enabled!
L 07/23/2011 - 02:41:33: [AMXX] To enable debug mode, add "debug" after the plugin name in plugins.ini (without quotes).
L 07/23/2011 - 02:46:37: [AMXX] Run time error 4 (plugin "biohazard.amxx") - debug not enabled!
L 07/23/2011 - 02:46:37: [AMXX] To enable debug mode, add "debug" after the plugin name in plugins.ini (without quotes).
L 07/23/2011 - 02:49:50: [AMXX] Run time error 4 (plugin "biohazard.amxx") - debug not enabled!
L 07/23/2011 - 02:49:50: [AMXX] To enable debug mode, add "debug" after the plugin name in plugins.ini (without quotes).
L 07/23/2011 - 02:52:06: [AMXX] Run time error 4 (plugin "biohazard.amxx") - debug not enabled!
L 07/23/2011 - 02:52:06: [AMXX] To enable debug mode, add "debug" after the plugin name in plugins.ini (without quotes).
L 07/23/2011 - 02:52:07: [AMXX] Run time error 4 (plugin "biohazard.amxx") - debug not enabled!
L 07/23/2011 - 02:52:07: [AMXX] To enable debug mode, add "debug" after the plugin name in plugins.ini (without quotes).
L 07/23/2011 - 02:52:07: [AMXX] Run time error 4 (plugin "biohazard.amxx") - debug not enabled!
L 07/23/2011 - 02:52:07: [AMXX] To enable debug mode, add "debug" after the plugin name in plugins.ini (without quotes).
L 07/23/2011 - 02:52:07: [AMXX] Run time error 4 (plugin "biohazard.amxx") - debug not enabled!
L 07/23/2011 - 02:52:07: [AMXX] To enable debug mode, add "debug" after the plugin name in plugins.ini (without quotes).
L 07/23/2011 - 02:52:07: [AMXX] Run time error 4 (plugin "biohazard.amxx") - debug not enabled!
L 07/23/2011 - 02:52:07: [AMXX] To enable debug mode, add "debug" after the plugin name in plugins.ini (without quotes).
L 07/23/2011 - 02:52:07: [AMXX] Run time error 4 (plugin "biohazard.amxx") - debug not enabled!
L 07/23/2011 - 02:52:07: [AMXX] To enable debug mode, add "debug" after the plugin name in plugins.ini (without quotes).
L 07/23/2011 - 02:52:07: [AMXX] Run time error 4 (plugin "biohazard.amxx") - debug not enabled!
L 07/23/2011 - 02:52:07: [AMXX] To enable debug mode, add "debug" after the plugin name in plugins.ini (without quotes).
L 07/23/2011 - 02:52:08: [AMXX] Run time error 4 (plugin "biohazard.amxx") - debug not enabled!
L 07/23/2011 - 02:52:08: [AMXX] To enable debug mode, add "debug" after the plugin name in plugins.ini (without quotes).
L 07/23/2011 - 02:52:08: [AMXX] Run time error 4 (plugin "biohazard.amxx") - debug not enabled!
L 07/23/2011 - 02:52:08: [AMXX] To enable debug mode, add "debug" after the plugin name in plugins.ini (without quotes).
L 07/23/2011 - 02:52:08: [AMXX] Run time error 4 (plugin "biohazard.amxx") - debug not enabled!
L 07/23/2011 - 02:52:08: [AMXX] To enable debug mode, add "debug" after the plugin name in plugins.ini (without quotes).
L 07/23/2011 - 07:09:07: Start of error session.
L 07/23/2011 - 07:09:07: Info (map "zm_escapetrain") (file "addons/amxmodx/logs/error_20110723.log")
L 07/23/2011 - 07:09:07: [AMXX] Run time error 4 (plugin "biohazard.amxx") - debug not enabled!
L 07/23/2011 - 07:09:07: [AMXX] To enable debug mode, add "debug" after the plugin name in plugins.ini (without quotes).
L 07/23/2011 - 07:09:07: [AMXX] Run time error 4 (plugin "biohazard.amxx") - debug not enabled!
L 07/23/2011 - 07:09:07: [AMXX] To enable debug mode, add "debug" after the plugin name in plugins.ini (without quotes).
L 07/23/2011 - 07:14:27: [AMXX] Run time error 4 (plugin "biohazard.amxx") - debug not enabled!
L 07/23/2011 - 07:14:27: [AMXX] To enable debug mode, add "debug" after the plugin name in plugins.ini (without quotes).
L 07/23/2011 - 07:14:39: [AMXX] Run time error 4 (plugin "biohazard.amxx") - debug not enabled!
L 07/23/2011 - 07:14:39: [AMXX] To enable debug mode, add "debug" after the plugin name in plugins.ini (without quotes).
L 07/23/2011 - 07:19:23: [AMXX] Run time error 4 (plugin "biohazard.amxx") - debug not enabled!
L 07/23/2011 - 07:19:23: [AMXX] To enable debug mode, add "debug" after the plugin name in plugins.ini (without quotes).
L 07/23/2011 - 12:46:30: Start of error session.
L 07/23/2011 - 12:46:30: Info (map "ze_lift_escape_b5") (file "addons/amxmodx/logs/error_20110723.log")
L 07/23/2011 - 12:46:30: [AMXX] Run time error 4 (plugin "biohazard.amxx") - debug not enabled!
L 07/23/2011 - 12:46:30: [AMXX] To enable debug mode, add "debug" after the plugin name in plugins.ini (without quotes).
L 07/23/2011 - 12:49:39: [AMXX] Run time error 4 (plugin "biohazard.amxx") - debug not enabled!
L 07/23/2011 - 12:49:39: [AMXX] To enable debug mode, add "debug" after the plugin name in plugins.ini (without quotes).
L 07/23/2011 - 12:49:39: [AMXX] Run time error 4 (plugin "biohazard.amxx") - debug not enabled!
L 07/23/2011 - 12:49:39: [AMXX] To enable debug mode, add "debug" after the plugin name in plugins.ini (without quotes).
L 07/23/2011 - 12:52:49: [AMXX] Run time error 4 (plugin "biohazard.amxx") - debug not enabled!
L 07/23/2011 - 12:52:49: [AMXX] To enable debug mode, add "debug" after the plugin name in plugins.ini (without quotes).
L 07/23/2011 - 12:52:49: [AMXX] Run time error 4 (plugin "biohazard.amxx") - debug not enabled!
L 07/23/2011 - 12:52:49: [AMXX] To enable debug mode, add "debug" after the plugin name in plugins.ini (without quotes).
L 07/23/2011 - 12:55:57: [AMXX] Run time error 4 (plugin "biohazard.amxx") - debug not enabled!
L 07/23/2011 - 12:55:57: [AMXX] To enable debug mode, add "debug" after the plugin name in plugins.ini (without quotes).
L 07/23/2011 - 12:55:57: [AMXX] Run time error 4 (plugin "biohazard.amxx") - debug not enabled!
L 07/23/2011 - 12:55:57: [AMXX] To enable debug mode, add "debug" after the plugin name in plugins.ini (without quotes).
L 07/23/2011 - 12:55:57: [AMXX] Run time error 4 (plugin "biohazard.amxx") - debug not enabled!
L 07/23/2011 - 12:55:57: [AMXX] To enable debug mode, add "debug" after the plugin name in plugins.ini (without quotes).
L 07/23/2011 - 13:10:03: Start of error session.
L 07/23/2011 - 13:10:03: Info (map "zm_666_brick") (file "addons/amxmodx/logs/error_20110723.log")
L 07/23/2011 - 13:10:03: [AMXX] Run time error 4 (plugin "biohazard.amxx") - debug not enabled!
L 07/23/2011 - 13:10:03: [AMXX] To enable debug mode, add "debug" after the plugin name in plugins.ini (without quotes).
L 07/23/2011 - 13:10:04: [AMXX] Run time error 4 (plugin "biohazard.amxx") - debug not enabled!
L 07/23/2011 - 13:10:04: [AMXX] To enable debug mode, add "debug" after the plugin name in plugins.ini (without quotes).
L 07/23/2011 - 13:10:04: [AMXX] Run time error 4 (plugin "biohazard.amxx") - debug not enabled!
L 07/23/2011 - 13:10:04: [AMXX] To enable debug mode, add "debug" after the plugin name in plugins.ini (without quotes).
L 07/23/2011 - 13:10:04: [AMXX] Run time error 4 (plugin "biohazard.amxx") - debug not enabled!
L 07/23/2011 - 13:10:04: [AMXX] To enable debug mode, add "debug" after the plugin name in plugins.ini (without quotes).
L 07/23/2011 - 13:10:05: [AMXX] Run time error 4 (plugin "biohazard.amxx") - debug not enabled!
L 07/23/2011 - 13:10:05: [AMXX] To enable debug mode, add "debug" after the plugin name in plugins.ini (without quotes).
L 07/23/2011 - 13:10:05: [AMXX] Run time error 4 (plugin "biohazard.amxx") - debug not enabled!
L 07/23/2011 - 13:10:05: [AMXX] To enable debug mode, add "debug" after the plugin name in plugins.ini (without quotes).
L 07/23/2011 - 13:10:05: [AMXX] Run time error 4 (plugin "biohazard.amxx") - debug not enabled!
L 07/23/2011 - 13:10:05: [AMXX] To enable debug mode, add "debug" after the plugin name in plugins.ini (without quotes).
L 07/23/2011 - 13:39:30: Start of error session.
L 07/23/2011 - 13:39:30: Info (map "zm_303") (file "addons/amxmodx/logs/error_20110723.log")
L 07/23/2011 - 13:39:30: [AMXX] Run time error 4 (plugin "biohazard.amxx") - debug not enabled!
L 07/23/2011 - 13:39:30: [AMXX] To enable debug mode, add "debug" after the plugin name in plugins.ini (without quotes).
L 07/23/2011 - 13:39:30: [AMXX] Run time error 4 (plugin "biohazard.amxx") - debug not enabled!
L 07/23/2011 - 13:39:30: [AMXX] To enable debug mode, add "debug" after the plugin name in plugins.ini (without quotes).
L 07/23/2011 - 13:39:30: [AMXX] Run time error 4 (plugin "biohazard.amxx") - debug not enabled!
L 07/23/2011 - 13:39:30: [AMXX] To enable debug mode, add "debug" after the plugin name in plugins.ini (without quotes).
L 07/23/2011 - 13:39:30: [AMXX] Run time error 4 (plugin "biohazard.amxx") - debug not enabled!
L 07/23/2011 - 13:39:30: [AMXX] To enable debug mode, add "debug" after the plugin name in plugins.ini (without quotes).
L 07/23/2011 - 13:39:30: [AMXX] Run time error 4 (plugin "biohazard.amxx") - debug not enabled!
L 07/23/2011 - 13:39:30: [AMXX] To enable debug mode, add "debug" after the plugin name in plugins.ini (without quotes).
L 07/23/2011 - 13:45:28: Start of error session.
L 07/23/2011 - 13:45:28: Info (map "ze_jurassicpark") (file "addons/amxmodx/logs/error_20110723.log")
L 07/23/2011 - 13:45:28: [AMXX] Run time error 4 (plugin "biohazard.amxx") - debug not enabled!
L 07/23/2011 - 13:45:28: [AMXX] To enable debug mode, add "debug" after the plugin name in plugins.ini (without quotes).
L 07/23/2011 - 13:45:28: [AMXX] Run time error 4 (plugin "biohazard.amxx") - debug not enabled!
L 07/23/2011 - 13:45:28: [AMXX] To enable debug mode, add "debug" after the plugin name in plugins.ini (without quotes).
L 07/23/2011 - 13:45:29: [AMXX] Run time error 4 (plugin "biohazard.amxx") - debug not enabled!
L 07/23/2011 - 13:45:29: [AMXX] To enable debug mode, add "debug" after the plugin name in plugins.ini (without quotes).
L 07/23/2011 - 13:45:29: [AMXX] Run time error 4 (plugin "biohazard.amxx") - debug not enabled!
L 07/23/2011 - 13:45:29: [AMXX] To enable debug mode, add "debug" after the plugin name in plugins.ini (without quotes).
L 07/23/2011 - 13:46:06: [AMXX] Run time error 4 (plugin "biohazard.amxx") - debug not enabled!
L 07/23/2011 - 13:46:06: [AMXX] To enable debug mode, add "debug" after the plugin name in plugins.ini (without quotes).
L 07/23/2011 - 13:46:06: [AMXX] Run time error 4 (plugin "biohazard.amxx") - debug not enabled!
L 07/23/2011 - 13:46:06: [AMXX] To enable debug mode, add "debug" after the plugin name in plugins.ini (without quotes).
L 07/23/2011 - 13:46:06: [AMXX] Run time error 4 (plugin "biohazard.amxx") - debug not enabled!
L 07/23/2011 - 13:46:06: [AMXX] To enable debug mode, add "debug" after the plugin name in plugins.ini (without quotes).
L 07/23/2011 - 13:46:06: [AMXX] Run time error 4 (plugin "biohazard.amxx") - debug not enabled!
L 07/23/2011 - 13:46:06: [AMXX] To enable debug mode, add "debug" after the plugin name in plugins.ini (without quotes).
L 07/23/2011 - 13:46:07: [AMXX] Run time error 4 (plugin "biohazard.amxx") - debug not enabled!
L 07/23/2011 - 13:46:07: [AMXX] To enable debug mode, add "debug" after the plugin name in plugins.ini (without quotes).
L 07/23/2011 - 13:46:07: [AMXX] Run time error 4 (plugin "biohazard.amxx") - debug not enabled!
L 07/23/2011 - 13:46:07: [AMXX] To enable debug mode, add "debug" after the plugin name in plugins.ini (without quotes).
L 07/23/2011 - 13:46:07: [AMXX] Run time error 4 (plugin "biohazard.amxx") - debug not enabled!
L 07/23/2011 - 13:46:07: [AMXX] To enable debug mode, add "debug" after the plugin name in plugins.ini (without quotes).
L 07/23/2011 - 13:46:08: [AMXX] Run time error 4 (plugin "biohazard.amxx") - debug not enabled!
L 07/23/2011 - 13:46:08: [AMXX] To enable debug mode, add "debug" after the plugin name in plugins.ini (without quotes).
L 07/23/2011 - 13:46:09: [AMXX] Run time error 4 (plugin "biohazard.amxx") - debug not enabled!
L 07/23/2011 - 13:46:09: [AMXX] To enable debug mode, add "debug" after the plugin name in plugins.ini (without quotes).
L 07/23/2011 - 13:46:09: [AMXX] Run time error 4 (plugin "biohazard.amxx") - debug not enabled!
L 07/23/2011 - 13:46:09: [AMXX] To enable debug mode, add "debug" after the plugin name in plugins.ini (without quotes).
L 07/23/2011 - 13:46:09: [AMXX] Run time error 4 (plugin "biohazard.amxx") - debug not enabled!
L 07/23/2011 - 13:46:09: [AMXX] To enable debug mode, add "debug" after the plugin name in plugins.ini (without quotes).
L 07/23/2011 - 13:48:32: [AMXX] Run time error 4 (plugin "biohazard.amxx") - debug not enabled!
L 07/23/2011 - 13:48:32: [AMXX] To enable debug mode, add "debug" after the plugin name in plugins.ini (without quotes).
L 07/23/2011 - 13:48:32: [AMXX] Run time error 4 (plugin "biohazard.amxx") - debug not enabled!
L 07/23/2011 - 13:48:32: [AMXX] To enable debug mode, add "debug" after the plugin name in plugins.ini (without quotes).
L 07/23/2011 - 13:48:43: [AMXX] Run time error 4 (plugin "biohazard.amxx") - debug not enabled!
L 07/23/2011 - 13:48:43: [AMXX] To enable debug mode, add "debug" after the plugin name in plugins.ini (without quotes).
L 07/23/2011 - 13:48:43: [AMXX] Run time error 4 (plugin "biohazard.amxx") - debug not enabled!
L 07/23/2011 - 13:48:43: [AMXX] To enable debug mode, add "debug" after the plugin name in plugins.ini (without quotes).
L 07/23/2011 - 13:48:43: [AMXX] Run time error 4 (plugin "biohazard.amxx") - debug not enabled!
L 07/23/2011 - 13:48:43: [AMXX] To enable debug mode, add "debug" after the plugin name in plugins.ini (without quotes).
L 07/23/2011 - 13:49:34: [AMXX] Run time error 4 (plugin "biohazard.amxx") - debug not enabled!
L 07/23/2011 - 13:49:34: [AMXX] To enable debug mode, add "debug" after the plugin name in plugins.ini (without quotes).
L 07/23/2011 - 13:49:34: [AMXX] Run time error 4 (plugin "biohazard.amxx") - debug not enabled!
L 07/23/2011 - 13:49:34: [AMXX] To enable debug mode, add "debug" after the plugin name in plugins.ini (without quotes).
L 07/23/2011 - 13:51:47: [AMXX] Run time error 4 (plugin "biohazard.amxx") - debug not enabled!
L 07/23/2011 - 13:51:47: [AMXX] To enable debug mode, add "debug" after the plugin name in plugins.ini (without quotes).
L 07/23/2011 - 13:52:48: [AMXX] Run time error 4 (plugin "biohazard.amxx") - debug not enabled!
L 07/23/2011 - 13:52:48: [AMXX] To enable debug mode, add "debug" after the plugin name in plugins.ini (without quotes).
L 07/23/2011 - 13:52:55: [AMXX] Run time error 4 (plugin "biohazard.amxx") - debug not enabled!
L 07/23/2011 - 13:52:55: [AMXX] To enable debug mode, add "debug" after the plugin name in plugins.ini (without quotes).
L 07/23/2011 - 13:52:55: [AMXX] Run time error 4 (plugin "biohazard.amxx") - debug not enabled!
L 07/23/2011 - 13:52:55: [AMXX] To enable debug mode, add "debug" after the plugin name in plugins.ini (without quotes).
L 07/23/2011 - 13:52:56: [AMXX] Run time error 4 (plugin "biohazard.amxx") - debug not enabled!
L 07/23/2011 - 13:52:56: [AMXX] To enable debug mode, add "debug" after the plugin name in plugins.ini (without quotes).
L 07/23/2011 - 13:52:56: [AMXX] Run time error 4 (plugin "biohazard.amxx") - debug not enabled!
L 07/23/2011 - 13:52:56: [AMXX] To enable debug mode, add "debug" after the plugin name in plugins.ini (without quotes).
L 07/23/2011 - 13:55:41: [AMXX] Run time error 4 (plugin "biohazard.amxx") - debug not enabled!
L 07/23/2011 - 13:55:41: [AMXX] To enable debug mode, add "debug" after the plugin name in plugins.ini (without quotes).
L 07/23/2011 - 13:55:41: [AMXX] Run time error 4 (plugin "biohazard.amxx") - debug not enabled!
L 07/23/2011 - 13:55:41: [AMXX] To enable debug mode, add "debug" after the plugin name in plugins.ini (without quotes).
L 07/23/2011 - 13:55:41: [AMXX] Run time error 4 (plugin "biohazard.amxx") - debug not enabled!
L 07/23/2011 - 13:55:41: [AMXX] To enable debug mode, add "debug" after the plugin name in plugins.ini (without quotes).
L 07/23/2011 - 13:55:41: [AMXX] Run time error 4 (plugin "biohazard.amxx") - debug not enabled!
L 07/23/2011 - 13:55:41: [AMXX] To enable debug mode, add "debug" after the plugin name in plugins.ini (without quotes).
L 07/23/2011 - 13:56:19: [AMXX] Run time error 4 (plugin "biohazard.amxx") - debug not enabled!
L 07/23/2011 - 13:56:19: [AMXX] To enable debug mode, add "debug" after the plugin name in plugins.ini (without quotes).
L 07/23/2011 - 14:48:50: Start of error session.
L 07/23/2011 - 14:48:50: Info (map "zm_army") (file "addons/amxmodx/logs/error_20110723.log")
L 07/23/2011 - 14:48:50: [AMXX] Run time error 4 (plugin "biohazard.amxx") - debug not enabled!
L 07/23/2011 - 14:48:50: [AMXX] To enable debug mode, add "debug" after the plugin name in plugins.ini (without quotes).
L 07/23/2011 - 16:12:58: Start of error session.
L 07/23/2011 - 16:12:58: Info (map "zm_666_brick") (file "addons/amxmodx/logs/error_20110723.log")
L 07/23/2011 - 16:12:58: [AMXX] Run time error 4 (plugin "biohazard.amxx") - debug not enabled!
L 07/23/2011 - 16:12:58: [AMXX] To enable debug mode, add "debug" after the plugin name in plugins.ini (without quotes).
L 07/23/2011 - 16:12:58: [AMXX] Run time error 4 (plugin "biohazard.amxx") - debug not enabled!
L 07/23/2011 - 16:12:58: [AMXX] To enable debug mode, add "debug" after the plugin name in plugins.ini (without quotes).
L 07/23/2011 - 16:12:59: [AMXX] Run time error 4 (plugin "biohazard.amxx") - debug not enabled!
L 07/23/2011 - 16:12:59: [AMXX] To enable debug mode, add "debug" after the plugin name in plugins.ini (without quotes).
L 07/23/2011 - 16:13:01: [AMXX] Run time error 4 (plugin "biohazard.amxx") - debug not enabled!
L 07/23/2011 - 16:13:01: [AMXX] To enable debug mode, add "debug" after the plugin name in plugins.ini (without quotes).
L 07/23/2011 - 16:21:46: [AMXX] Run time error 4 (plugin "biohazard.amxx") - debug not enabled!
L 07/23/2011 - 16:21:46: [AMXX] To enable debug mode, add "debug" after the plugin name in plugins.ini (without quotes).
L 07/23/2011 - 16:21:46: [AMXX] Run time error 4 (plugin "biohazard.amxx") - debug not enabled!
L 07/23/2011 - 16:21:46: [AMXX] To enable debug mode, add "debug" after the plugin name in plugins.ini (without quotes).
L 07/23/2011 - 16:21:46: [AMXX] Run time error 4 (plugin "biohazard.amxx") - debug not enabled!
L 07/23/2011 - 16:21:46: [AMXX] To enable debug mode, add "debug" after the plugin name in plugins.ini (without quotes).
L 07/23/2011 - 16:21:46: [AMXX] Run time error 4 (plugin "biohazard.amxx") - debug not enabled!
L 07/23/2011 - 16:21:46: [AMXX] To enable debug mode, add "debug" after the plugin name in plugins.ini (without quotes).
L 07/23/2011 - 16:21:47: [AMXX] Run time error 4 (plugin "biohazard.amxx") - debug not enabled!
L 07/23/2011 - 16:21:47: [AMXX] To enable debug mode, add "debug" after the plugin name in plugins.ini (without quotes).
L 07/23/2011 - 16:21:47: [AMXX] Run time error 4 (plugin "biohazard.amxx") - debug not enabled!
L 07/23/2011 - 16:21:47: [AMXX] To enable debug mode, add "debug" after the plugin name in plugins.ini (without quotes).
L 07/23/2011 - 16:21:47: [AMXX] Run time error 4 (plugin "biohazard.amxx") - debug not enabled!
L 07/23/2011 - 16:21:47: [AMXX] To enable debug mode, add "debug" after the plugin name in plugins.ini (without quotes).
L 07/23/2011 - 16:21:47: [AMXX] Run time error 4 (plugin "biohazard.amxx") - debug not enabled!
L 07/23/2011 - 16:21:47: [AMXX] To enable debug mode, add "debug" after the plugin name in plugins.ini (without quotes).
L 07/23/2011 - 16:21:47: [AMXX] Run time error 4 (plugin "biohazard.amxx") - debug not enabled!
L 07/23/2011 - 16:21:47: [AMXX] To enable debug mode, add "debug" after the plugin name in plugins.ini (without quotes).
L 07/23/2011 - 16:21:47: [AMXX] Run time error 4 (plugin "biohazard.amxx") - debug not enabled!
L 07/23/2011 - 16:21:47: [AMXX] To enable debug mode, add "debug" after the plugin name in plugins.ini (without quotes).
L 07/23/2011 - 16:53:39: Start of error session.
L 07/23/2011 - 16:53:39: Info (map "zm_303") (file "addons/amxmodx/logs/error_20110723.log")
L 07/23/2011 - 16:53:39: [AMXX] Run time error 4 (plugin "biohazard.amxx") - debug not enabled!
L 07/23/2011 - 16:53:39: [AMXX] To enable debug mode, add "debug" after the plugin name in plugins.ini (without quotes).
L 07/23/2011 - 16:53:39: [AMXX] Run time error 4 (plugin "biohazard.amxx") - debug not enabled!
L 07/23/2011 - 16:53:39: [AMXX] To enable debug mode, add "debug" after the plugin name in plugins.ini (without quotes).
