L 05/21/2011 - 00:01:29: [AMXX] Run time error 4 (plugin "biohazard.amxx") - debug not enabled!
L 05/21/2011 - 00:01:29: [AMXX] To enable debug mode, add "debug" after the plugin name in plugins.ini (without quotes).
L 05/21/2011 - 00:03:41: [AMXX] Run time error 4 (plugin "biohazard.amxx") - debug not enabled!
L 05/21/2011 - 00:03:41: [AMXX] To enable debug mode, add "debug" after the plugin name in plugins.ini (without quotes).
L 05/21/2011 - 00:41:45: Start of error session.
L 05/21/2011 - 00:41:45: Info (map "zm_army") (file "addons/amxmodx/logs/error_20110521.log")
L 05/21/2011 - 00:41:45: [AMXX] Run time error 4 (plugin "biohazard.amxx") - debug not enabled!
L 05/21/2011 - 00:41:45: [AMXX] To enable debug mode, add "debug" after the plugin name in plugins.ini (without quotes).
L 05/21/2011 - 00:48:27: [AMXX] Run time error 4 (plugin "biohazard.amxx") - debug not enabled!
L 05/21/2011 - 00:48:27: [AMXX] To enable debug mode, add "debug" after the plugin name in plugins.ini (without quotes).
L 05/21/2011 - 01:12:51: Start of error session.
L 05/21/2011 - 01:12:51: Info (map "zm_jambalaya_escape") (file "addons/amxmodx/logs/error_20110521.log")
L 05/21/2011 - 01:12:51: [AMXX] Run time error 4 (plugin "biohazard.amxx") - debug not enabled!
L 05/21/2011 - 01:12:51: [AMXX] To enable debug mode, add "debug" after the plugin name in plugins.ini (without quotes).
L 05/21/2011 - 02:48:11: Start of error session.
L 05/21/2011 - 02:48:11: Info (map "cs_office") (file "addons/amxmodx/logs/error_20110521.log")
L 05/21/2011 - 02:48:11: [AMXX] Run time error 4 (plugin "biohazard.amxx") - debug not enabled!
L 05/21/2011 - 02:48:11: [AMXX] To enable debug mode, add "debug" after the plugin name in plugins.ini (without quotes).
L 05/21/2011 - 03:49:38: Start of error session.
L 05/21/2011 - 03:49:38: Info (map "de_dust") (file "addons/amxmodx/logs/error_20110521.log")
L 05/21/2011 - 03:49:38: [AMXX] Run time error 4 (plugin "biohazard.amxx") - debug not enabled!
L 05/21/2011 - 03:49:38: [AMXX] To enable debug mode, add "debug" after the plugin name in plugins.ini (without quotes).
L 05/21/2011 - 04:03:51: Start of error session.
L 05/21/2011 - 04:03:51: Info (map "zm_escapetrain") (file "addons/amxmodx/logs/error_20110521.log")
L 05/21/2011 - 04:03:51: [AMXX] Run time error 4 (plugin "biohazard.amxx") - debug not enabled!
L 05/21/2011 - 04:03:51: [AMXX] To enable debug mode, add "debug" after the plugin name in plugins.ini (without quotes).
L 05/21/2011 - 04:05:02: [AMXX] Run time error 4 (plugin "biohazard.amxx") - debug not enabled!
L 05/21/2011 - 04:05:02: [AMXX] To enable debug mode, add "debug" after the plugin name in plugins.ini (without quotes).
L 05/21/2011 - 06:51:33: Start of error session.
L 05/21/2011 - 06:51:33: Info (map "de_dust") (file "addons/amxmodx/logs/error_20110521.log")
L 05/21/2011 - 06:51:33: [AMXX] Run time error 4 (plugin "biohazard.amxx") - debug not enabled!
L 05/21/2011 - 06:51:33: [AMXX] To enable debug mode, add "debug" after the plugin name in plugins.ini (without quotes).
L 05/21/2011 - 07:02:27: [AMXX] Run time error 4 (plugin "biohazard.amxx") - debug not enabled!
L 05/21/2011 - 07:02:27: [AMXX] To enable debug mode, add "debug" after the plugin name in plugins.ini (without quotes).
L 05/21/2011 - 07:15:19: Start of error session.
L 05/21/2011 - 07:15:19: Info (map "cs_office") (file "addons/amxmodx/logs/error_20110521.log")
L 05/21/2011 - 07:15:19: [AMXX] Run time error 4 (plugin "biohazard.amxx") - debug not enabled!
L 05/21/2011 - 07:15:19: [AMXX] To enable debug mode, add "debug" after the plugin name in plugins.ini (without quotes).
L 05/21/2011 - 07:17:31: [AMXX] Run time error 4 (plugin "biohazard.amxx") - debug not enabled!
L 05/21/2011 - 07:17:31: [AMXX] To enable debug mode, add "debug" after the plugin name in plugins.ini (without quotes).
L 05/21/2011 - 07:19:57: [AMXX] Run time error 4 (plugin "biohazard.amxx") - debug not enabled!
L 05/21/2011 - 07:19:57: [AMXX] To enable debug mode, add "debug" after the plugin name in plugins.ini (without quotes).
L 05/21/2011 - 07:19:57: [AMXX] Run time error 4 (plugin "biohazard.amxx") - debug not enabled!
L 05/21/2011 - 07:19:57: [AMXX] To enable debug mode, add "debug" after the plugin name in plugins.ini (without quotes).
L 05/21/2011 - 07:21:11: [AMXX] Run time error 4 (plugin "biohazard.amxx") - debug not enabled!
L 05/21/2011 - 07:21:11: [AMXX] To enable debug mode, add "debug" after the plugin name in plugins.ini (without quotes).
L 05/21/2011 - 07:21:11: [AMXX] Run time error 4 (plugin "biohazard.amxx") - debug not enabled!
L 05/21/2011 - 07:21:11: [AMXX] To enable debug mode, add "debug" after the plugin name in plugins.ini (without quotes).
L 05/21/2011 - 08:18:03: Start of error session.
L 05/21/2011 - 08:18:03: Info (map "zm_houses") (file "addons/amxmodx/logs/error_20110521.log")
L 05/21/2011 - 08:18:03: [AMXX] Run time error 4 (plugin "biohazard.amxx") - debug not enabled!
L 05/21/2011 - 08:18:03: [AMXX] To enable debug mode, add "debug" after the plugin name in plugins.ini (without quotes).
L 05/21/2011 - 08:33:09: [AMXX] Run time error 4 (plugin "biohazard.amxx") - debug not enabled!
L 05/21/2011 - 08:33:09: [AMXX] To enable debug mode, add "debug" after the plugin name in plugins.ini (without quotes).
L 05/21/2011 - 08:57:56: Start of error session.
L 05/21/2011 - 08:57:56: Info (map "zm_dust_base_fin") (file "addons/amxmodx/logs/error_20110521.log")
L 05/21/2011 - 08:57:56: [AMXX] Run time error 4 (plugin "biohazard.amxx") - debug not enabled!
L 05/21/2011 - 08:57:56: [AMXX] To enable debug mode, add "debug" after the plugin name in plugins.ini (without quotes).
L 05/21/2011 - 09:00:21: [AMXX] Run time error 4 (plugin "biohazard.amxx") - debug not enabled!
L 05/21/2011 - 09:00:21: [AMXX] To enable debug mode, add "debug" after the plugin name in plugins.ini (without quotes).
L 05/21/2011 - 09:03:18: Start of error session.
L 05/21/2011 - 09:03:18: Info (map "zm_neris") (file "addons/amxmodx/logs/error_20110521.log")
L 05/21/2011 - 09:03:18: [AMXX] Run time error 4 (plugin "biohazard.amxx") - debug not enabled!
L 05/21/2011 - 09:03:18: [AMXX] To enable debug mode, add "debug" after the plugin name in plugins.ini (without quotes).
L 05/21/2011 - 09:13:01: [AMXX] Run time error 4 (plugin "biohazard.amxx") - debug not enabled!
L 05/21/2011 - 09:13:01: [AMXX] To enable debug mode, add "debug" after the plugin name in plugins.ini (without quotes).
L 05/21/2011 - 09:47:55: Start of error session.
L 05/21/2011 - 09:47:55: Info (map "zm_fdust2x2") (file "addons/amxmodx/logs/error_20110521.log")
L 05/21/2011 - 09:47:55: [AMXX] Run time error 4 (plugin "biohazard.amxx") - debug not enabled!
L 05/21/2011 - 09:47:55: [AMXX] To enable debug mode, add "debug" after the plugin name in plugins.ini (without quotes).
L 05/21/2011 - 09:59:06: [AMXX] Run time error 4 (plugin "biohazard.amxx") - debug not enabled!
L 05/21/2011 - 09:59:06: [AMXX] To enable debug mode, add "debug" after the plugin name in plugins.ini (without quotes).
L 05/21/2011 - 10:48:06: Start of error session.
L 05/21/2011 - 10:48:06: Info (map "zm_jambalaya_escape") (file "addons/amxmodx/logs/error_20110521.log")
L 05/21/2011 - 10:48:06: [AMXX] Run time error 4 (plugin "biohazard.amxx") - debug not enabled!
L 05/21/2011 - 10:48:06: [AMXX] To enable debug mode, add "debug" after the plugin name in plugins.ini (without quotes).
L 05/21/2011 - 10:51:18: Start of error session.
L 05/21/2011 - 10:51:18: Info (map "zm_202") (file "addons/amxmodx/logs/error_20110521.log")
L 05/21/2011 - 10:51:18: [AMXX] Run time error 4 (plugin "biohazard.amxx") - debug not enabled!
L 05/21/2011 - 10:51:18: [AMXX] To enable debug mode, add "debug" after the plugin name in plugins.ini (without quotes).
L 05/21/2011 - 11:24:14: Start of error session.
L 05/21/2011 - 11:24:14: Info (map "zm_army") (file "addons/amxmodx/logs/error_20110521.log")
L 05/21/2011 - 11:24:14: [AMXX] Run time error 4 (plugin "biohazard.amxx") - debug not enabled!
L 05/21/2011 - 11:24:14: [AMXX] To enable debug mode, add "debug" after the plugin name in plugins.ini (without quotes).
L 05/21/2011 - 11:27:35: [AMXX] Run time error 4 (plugin "biohazard.amxx") - debug not enabled!
L 05/21/2011 - 11:27:35: [AMXX] To enable debug mode, add "debug" after the plugin name in plugins.ini (without quotes).
L 05/21/2011 - 11:30:09: [AMXX] Run time error 4 (plugin "biohazard.amxx") - debug not enabled!
L 05/21/2011 - 11:30:09: [AMXX] To enable debug mode, add "debug" after the plugin name in plugins.ini (without quotes).
L 05/21/2011 - 11:31:10: [AMXX] Run time error 4 (plugin "biohazard.amxx") - debug not enabled!
L 05/21/2011 - 11:31:10: [AMXX] To enable debug mode, add "debug" after the plugin name in plugins.ini (without quotes).
L 05/21/2011 - 11:36:45: Start of error session.
L 05/21/2011 - 11:36:45: Info (map "zm_dust_base_fin") (file "addons/amxmodx/logs/error_20110521.log")
L 05/21/2011 - 11:36:45: [AMXX] Run time error 4 (plugin "biohazard.amxx") - debug not enabled!
L 05/21/2011 - 11:36:45: [AMXX] To enable debug mode, add "debug" after the plugin name in plugins.ini (without quotes).
L 05/21/2011 - 11:36:45: [AMXX] Run time error 4 (plugin "biohazard.amxx") - debug not enabled!
L 05/21/2011 - 11:36:45: [AMXX] To enable debug mode, add "debug" after the plugin name in plugins.ini (without quotes).
L 05/21/2011 - 11:39:57: [AMXX] Run time error 4 (plugin "biohazard.amxx") - debug not enabled!
L 05/21/2011 - 11:39:57: [AMXX] To enable debug mode, add "debug" after the plugin name in plugins.ini (without quotes).
L 05/21/2011 - 11:42:28: [AMXX] Run time error 4 (plugin "biohazard.amxx") - debug not enabled!
L 05/21/2011 - 11:42:28: [AMXX] To enable debug mode, add "debug" after the plugin name in plugins.ini (without quotes).
L 05/21/2011 - 11:46:17: [AMXX] Run time error 4 (plugin "biohazard.amxx") - debug not enabled!
L 05/21/2011 - 11:46:17: [AMXX] To enable debug mode, add "debug" after the plugin name in plugins.ini (without quotes).
L 05/21/2011 - 11:47:33: [AMXX] Run time error 4 (plugin "biohazard.amxx") - debug not enabled!
L 05/21/2011 - 11:47:33: [AMXX] To enable debug mode, add "debug" after the plugin name in plugins.ini (without quotes).
L 05/21/2011 - 11:49:15: [AMXX] Run time error 4 (plugin "biohazard.amxx") - debug not enabled!
L 05/21/2011 - 11:49:15: [AMXX] To enable debug mode, add "debug" after the plugin name in plugins.ini (without quotes).
L 05/21/2011 - 11:52:06: [AMXX] Run time error 4 (plugin "biohazard.amxx") - debug not enabled!
L 05/21/2011 - 11:52:06: [AMXX] To enable debug mode, add "debug" after the plugin name in plugins.ini (without quotes).
L 05/21/2011 - 11:57:21: Start of error session.
L 05/21/2011 - 11:57:21: Info (map "cs_militia") (file "addons/amxmodx/logs/error_20110521.log")
L 05/21/2011 - 11:57:21: [AMXX] Run time error 4 (plugin "biohazard.amxx") - debug not enabled!
L 05/21/2011 - 11:57:21: [AMXX] To enable debug mode, add "debug" after the plugin name in plugins.ini (without quotes).
L 05/21/2011 - 11:57:21: [AMXX] Run time error 4 (plugin "biohazard.amxx") - debug not enabled!
L 05/21/2011 - 11:57:21: [AMXX] To enable debug mode, add "debug" after the plugin name in plugins.ini (without quotes).
L 05/21/2011 - 12:00:42: [AMXX] Run time error 4 (plugin "biohazard.amxx") - debug not enabled!
L 05/21/2011 - 12:00:42: [AMXX] To enable debug mode, add "debug" after the plugin name in plugins.ini (without quotes).
L 05/21/2011 - 12:00:42: [AMXX] Run time error 4 (plugin "biohazard.amxx") - debug not enabled!
L 05/21/2011 - 12:00:42: [AMXX] To enable debug mode, add "debug" after the plugin name in plugins.ini (without quotes).
L 05/21/2011 - 12:04:03: [AMXX] Run time error 4 (plugin "biohazard.amxx") - debug not enabled!
L 05/21/2011 - 12:04:03: [AMXX] To enable debug mode, add "debug" after the plugin name in plugins.ini (without quotes).
L 05/21/2011 - 12:04:03: [AMXX] Run time error 4 (plugin "biohazard.amxx") - debug not enabled!
L 05/21/2011 - 12:04:03: [AMXX] To enable debug mode, add "debug" after the plugin name in plugins.ini (without quotes).
L 05/21/2011 - 12:07:24: [AMXX] Run time error 4 (plugin "biohazard.amxx") - debug not enabled!
L 05/21/2011 - 12:07:24: [AMXX] To enable debug mode, add "debug" after the plugin name in plugins.ini (without quotes).
L 05/21/2011 - 12:07:24: [AMXX] Run time error 4 (plugin "biohazard.amxx") - debug not enabled!
L 05/21/2011 - 12:07:24: [AMXX] To enable debug mode, add "debug" after the plugin name in plugins.ini (without quotes).
L 05/21/2011 - 12:10:08: [AMXX] Run time error 4 (plugin "biohazard.amxx") - debug not enabled!
L 05/21/2011 - 12:10:08: [AMXX] To enable debug mode, add "debug" after the plugin name in plugins.ini (without quotes).
L 05/21/2011 - 12:11:02: [AMXX] Run time error 4 (plugin "biohazard.amxx") - debug not enabled!
L 05/21/2011 - 12:11:02: [AMXX] To enable debug mode, add "debug" after the plugin name in plugins.ini (without quotes).
L 05/21/2011 - 12:14:23: [AMXX] Run time error 4 (plugin "biohazard.amxx") - debug not enabled!
L 05/21/2011 - 12:14:23: [AMXX] To enable debug mode, add "debug" after the plugin name in plugins.ini (without quotes).
L 05/21/2011 - 12:21:48: Start of error session.
L 05/21/2011 - 12:21:48: Info (map "ze_jurassickpark3_lg") (file "addons/amxmodx/logs/error_20110521.log")
L 05/21/2011 - 12:21:48: [AMXX] Run time error 4 (plugin "biohazard.amxx") - debug not enabled!
L 05/21/2011 - 12:21:48: [AMXX] To enable debug mode, add "debug" after the plugin name in plugins.ini (without quotes).
L 05/21/2011 - 12:24:53: [AMXX] Run time error 4 (plugin "biohazard.amxx") - debug not enabled!
L 05/21/2011 - 12:24:53: [AMXX] To enable debug mode, add "debug" after the plugin name in plugins.ini (without quotes).
L 05/21/2011 - 12:27:26: [AMXX] Run time error 4 (plugin "biohazard.amxx") - debug not enabled!
L 05/21/2011 - 12:27:26: [AMXX] To enable debug mode, add "debug" after the plugin name in plugins.ini (without quotes).
L 05/21/2011 - 12:34:47: [AMXX] Run time error 4 (plugin "biohazard.amxx") - debug not enabled!
L 05/21/2011 - 12:34:47: [AMXX] To enable debug mode, add "debug" after the plugin name in plugins.ini (without quotes).
L 05/21/2011 - 12:46:35: Start of error session.
L 05/21/2011 - 12:46:35: Info (map "zm_fdust2x2") (file "addons/amxmodx/logs/error_20110521.log")
L 05/21/2011 - 12:46:35: [AMXX] Run time error 4 (plugin "biohazard.amxx") - debug not enabled!
L 05/21/2011 - 12:46:35: [AMXX] To enable debug mode, add "debug" after the plugin name in plugins.ini (without quotes).
L 05/21/2011 - 12:53:17: [AMXX] Run time error 4 (plugin "biohazard.amxx") - debug not enabled!
L 05/21/2011 - 12:53:17: [AMXX] To enable debug mode, add "debug" after the plugin name in plugins.ini (without quotes).
L 05/21/2011 - 12:55:20: [AMXX] Run time error 4 (plugin "biohazard.amxx") - debug not enabled!
L 05/21/2011 - 12:55:20: [AMXX] To enable debug mode, add "debug" after the plugin name in plugins.ini (without quotes).
L 05/21/2011 - 13:14:34: Start of error session.
L 05/21/2011 - 13:14:34: Info (map "zm_houses") (file "addons/amxmodx/logs/error_20110521.log")
L 05/21/2011 - 13:14:34: [AMXX] Run time error 4 (plugin "biohazard.amxx") - debug not enabled!
L 05/21/2011 - 13:14:34: [AMXX] To enable debug mode, add "debug" after the plugin name in plugins.ini (without quotes).
L 05/21/2011 - 13:17:26: [AMXX] Run time error 4 (plugin "biohazard.amxx") - debug not enabled!
L 05/21/2011 - 13:17:26: [AMXX] To enable debug mode, add "debug" after the plugin name in plugins.ini (without quotes).
L 05/21/2011 - 13:23:27: [AMXX] Run time error 4 (plugin "biohazard.amxx") - debug not enabled!
L 05/21/2011 - 13:23:27: [AMXX] To enable debug mode, add "debug" after the plugin name in plugins.ini (without quotes).
L 05/21/2011 - 13:41:12: Start of error session.
L 05/21/2011 - 13:41:12: Info (map "zm_202") (file "addons/amxmodx/logs/error_20110521.log")
L 05/21/2011 - 13:41:12: [AMXX] Run time error 4 (plugin "biohazard.amxx") - debug not enabled!
L 05/21/2011 - 13:41:12: [AMXX] To enable debug mode, add "debug" after the plugin name in plugins.ini (without quotes).
L 05/21/2011 - 13:54:58: Start of error session.
L 05/21/2011 - 13:54:58: Info (map "zm_neris") (file "addons/amxmodx/logs/error_20110521.log")
L 05/21/2011 - 13:54:58: [AMXX] Run time error 4 (plugin "biohazard.amxx") - debug not enabled!
L 05/21/2011 - 13:54:58: [AMXX] To enable debug mode, add "debug" after the plugin name in plugins.ini (without quotes).
L 05/21/2011 - 14:13:11: Start of error session.
L 05/21/2011 - 14:13:11: Info (map "zm_escapetrain") (file "addons/amxmodx/logs/error_20110521.log")
L 05/21/2011 - 14:13:11: [AMXX] Run time error 4 (plugin "biohazard.amxx") - debug not enabled!
L 05/21/2011 - 14:13:11: [AMXX] To enable debug mode, add "debug" after the plugin name in plugins.ini (without quotes).
L 05/21/2011 - 14:16:07: [AMXX] Run time error 4 (plugin "biohazard.amxx") - debug not enabled!
L 05/21/2011 - 14:16:07: [AMXX] To enable debug mode, add "debug" after the plugin name in plugins.ini (without quotes).
L 05/21/2011 - 14:20:10: [AMXX] Run time error 4 (plugin "biohazard.amxx") - debug not enabled!
L 05/21/2011 - 14:20:10: [AMXX] To enable debug mode, add "debug" after the plugin name in plugins.ini (without quotes).
L 05/21/2011 - 14:23:03: [AMXX] Run time error 4 (plugin "biohazard.amxx") - debug not enabled!
L 05/21/2011 - 14:23:03: [AMXX] To enable debug mode, add "debug" after the plugin name in plugins.ini (without quotes).
L 05/21/2011 - 14:35:05: Start of error session.
L 05/21/2011 - 14:35:05: Info (map "cs_office") (file "addons/amxmodx/logs/error_20110521.log")
L 05/21/2011 - 14:35:05: [AMXX] Run time error 4 (plugin "biohazard.amxx") - debug not enabled!
L 05/21/2011 - 14:35:05: [AMXX] To enable debug mode, add "debug" after the plugin name in plugins.ini (without quotes).
L 05/21/2011 - 14:40:15: Start of error session.
L 05/21/2011 - 14:40:15: Info (map "zm_fdust2x2") (file "addons/amxmodx/logs/error_20110521.log")
L 05/21/2011 - 14:40:15: [AMXX] Run time error 4 (plugin "biohazard.amxx") - debug not enabled!
L 05/21/2011 - 14:40:15: [AMXX] To enable debug mode, add "debug" after the plugin name in plugins.ini (without quotes).
L 05/21/2011 - 14:40:15: [AMXX] Run time error 4 (plugin "biohazard.amxx") - debug not enabled!
L 05/21/2011 - 14:40:15: [AMXX] To enable debug mode, add "debug" after the plugin name in plugins.ini (without quotes).
L 05/21/2011 - 14:45:32: Start of error session.
L 05/21/2011 - 14:45:32: Info (map "zm_fdust2x2") (file "addons/amxmodx/logs/error_20110521.log")
L 05/21/2011 - 14:45:32: [AMXX] Run time error 4 (plugin "biohazard.amxx") - debug not enabled!
L 05/21/2011 - 14:45:32: [AMXX] To enable debug mode, add "debug" after the plugin name in plugins.ini (without quotes).
L 05/21/2011 - 14:45:32: [AMXX] Run time error 4 (plugin "biohazard.amxx") - debug not enabled!
L 05/21/2011 - 14:45:32: [AMXX] To enable debug mode, add "debug" after the plugin name in plugins.ini (without quotes).
L 05/21/2011 - 14:45:32: [AMXX] Run time error 4 (plugin "biohazard.amxx") - debug not enabled!
L 05/21/2011 - 14:45:32: [AMXX] To enable debug mode, add "debug" after the plugin name in plugins.ini (without quotes).
L 05/21/2011 - 14:48:53: [AMXX] Run time error 4 (plugin "biohazard.amxx") - debug not enabled!
L 05/21/2011 - 14:48:53: [AMXX] To enable debug mode, add "debug" after the plugin name in plugins.ini (without quotes).
L 05/21/2011 - 14:48:53: [AMXX] Run time error 4 (plugin "biohazard.amxx") - debug not enabled!
L 05/21/2011 - 14:48:53: [AMXX] To enable debug mode, add "debug" after the plugin name in plugins.ini (without quotes).
L 05/21/2011 - 14:52:14: [AMXX] Run time error 4 (plugin "biohazard.amxx") - debug not enabled!
L 05/21/2011 - 14:52:14: [AMXX] To enable debug mode, add "debug" after the plugin name in plugins.ini (without quotes).
L 05/21/2011 - 14:57:20: [AMXX] Run time error 4 (plugin "biohazard.amxx") - debug not enabled!
L 05/21/2011 - 14:57:20: [AMXX] To enable debug mode, add "debug" after the plugin name in plugins.ini (without quotes).
L 05/21/2011 - 14:57:20: [AMXX] Run time error 4 (plugin "biohazard.amxx") - debug not enabled!
L 05/21/2011 - 14:57:20: [AMXX] To enable debug mode, add "debug" after the plugin name in plugins.ini (without quotes).
L 05/21/2011 - 14:57:20: [AMXX] Run time error 4 (plugin "biohazard.amxx") - debug not enabled!
L 05/21/2011 - 14:57:20: [AMXX] To enable debug mode, add "debug" after the plugin name in plugins.ini (without quotes).
L 05/21/2011 - 15:03:05: [AMXX] Run time error 4 (plugin "biohazard.amxx") - debug not enabled!
L 05/21/2011 - 15:03:05: [AMXX] To enable debug mode, add "debug" after the plugin name in plugins.ini (without quotes).
L 05/21/2011 - 15:06:07: Start of error session.
L 05/21/2011 - 15:06:07: Info (map "016_rmk") (file "addons/amxmodx/logs/error_20110521.log")
L 05/21/2011 - 15:06:07: [AMXX] Run time error 4 (plugin "biohazard.amxx") - debug not enabled!
L 05/21/2011 - 15:06:07: [AMXX] To enable debug mode, add "debug" after the plugin name in plugins.ini (without quotes).
L 05/21/2011 - 15:06:07: [AMXX] Run time error 4 (plugin "biohazard.amxx") - debug not enabled!
L 05/21/2011 - 15:06:07: [AMXX] To enable debug mode, add "debug" after the plugin name in plugins.ini (without quotes).
L 05/21/2011 - 15:09:28: [AMXX] Run time error 4 (plugin "biohazard.amxx") - debug not enabled!
L 05/21/2011 - 15:09:28: [AMXX] To enable debug mode, add "debug" after the plugin name in plugins.ini (without quotes).
L 05/21/2011 - 15:09:28: [AMXX] Run time error 4 (plugin "biohazard.amxx") - debug not enabled!
L 05/21/2011 - 15:09:28: [AMXX] To enable debug mode, add "debug" after the plugin name in plugins.ini (without quotes).
L 05/21/2011 - 15:13:22: [AMXX] Run time error 4 (plugin "biohazard.amxx") - debug not enabled!
L 05/21/2011 - 15:13:22: [AMXX] To enable debug mode, add "debug" after the plugin name in plugins.ini (without quotes).
L 05/21/2011 - 15:13:57: [AMXX] Run time error 4 (plugin "biohazard.amxx") - debug not enabled!
L 05/21/2011 - 15:13:57: [AMXX] To enable debug mode, add "debug" after the plugin name in plugins.ini (without quotes).
L 05/21/2011 - 15:27:41: Start of error session.
L 05/21/2011 - 15:27:41: Info (map "zm_303") (file "addons/amxmodx/logs/error_20110521.log")
L 05/21/2011 - 15:27:41: [AMXX] Run time error 4 (plugin "biohazard.amxx") - debug not enabled!
L 05/21/2011 - 15:27:41: [AMXX] To enable debug mode, add "debug" after the plugin name in plugins.ini (without quotes).
L 05/21/2011 - 15:30:55: [AMXX] Run time error 4 (plugin "biohazard.amxx") - debug not enabled!
L 05/21/2011 - 15:30:55: [AMXX] To enable debug mode, add "debug" after the plugin name in plugins.ini (without quotes).
L 05/21/2011 - 15:34:16: [AMXX] Run time error 4 (plugin "biohazard.amxx") - debug not enabled!
L 05/21/2011 - 15:34:16: [AMXX] To enable debug mode, add "debug" after the plugin name in plugins.ini (without quotes).
L 05/21/2011 - 15:47:42: Start of error session.
L 05/21/2011 - 15:47:42: Info (map "zm_houses") (file "addons/amxmodx/logs/error_20110521.log")
L 05/21/2011 - 15:47:42: [AMXX] Run time error 4 (plugin "biohazard.amxx") - debug not enabled!
L 05/21/2011 - 15:47:42: [AMXX] To enable debug mode, add "debug" after the plugin name in plugins.ini (without quotes).
L 05/21/2011 - 15:54:11: [AMXX] Run time error 4 (plugin "biohazard.amxx") - debug not enabled!
L 05/21/2011 - 15:54:11: [AMXX] To enable debug mode, add "debug" after the plugin name in plugins.ini (without quotes).
L 05/21/2011 - 15:57:32: [AMXX] Run time error 4 (plugin "biohazard.amxx") - debug not enabled!
L 05/21/2011 - 15:57:32: [AMXX] To enable debug mode, add "debug" after the plugin name in plugins.ini (without quotes).
L 05/21/2011 - 16:07:56: Start of error session.
L 05/21/2011 - 16:07:56: Info (map "de_dust") (file "addons/amxmodx/logs/error_20110521.log")
L 05/21/2011 - 16:07:56: [AMXX] Run time error 4 (plugin "biohazard.amxx") - debug not enabled!
L 05/21/2011 - 16:07:56: [AMXX] To enable debug mode, add "debug" after the plugin name in plugins.ini (without quotes).
L 05/21/2011 - 16:30:32: Start of error session.
L 05/21/2011 - 16:30:32: Info (map "016_rmk") (file "addons/amxmodx/logs/error_20110521.log")
L 05/21/2011 - 16:30:32: [MySQL] Invalid handle: 0
L 05/21/2011 - 16:30:32: [AMXX] Run time error 10 (plugin "amxbans.amxx") (native "SQL_FreeHandle") - debug not enabled!
L 05/21/2011 - 16:30:32: [AMXX] To enable debug mode, add "debug" after the plugin name in plugins.ini (without quotes).
L 05/21/2011 - 16:40:14: Start of error session.
L 05/21/2011 - 16:40:14: Info (map "zm_houses") (file "addons/amxmodx/logs/error_20110521.log")
L 05/21/2011 - 16:40:14: [AMXX] Run time error 4 (plugin "biohazard.amxx") - debug not enabled!
L 05/21/2011 - 16:40:14: [AMXX] To enable debug mode, add "debug" after the plugin name in plugins.ini (without quotes).
L 05/21/2011 - 16:40:14: [AMXX] Run time error 4 (plugin "biohazard.amxx") - debug not enabled!
L 05/21/2011 - 16:40:14: [AMXX] To enable debug mode, add "debug" after the plugin name in plugins.ini (without quotes).
L 05/21/2011 - 16:44:24: [AMXX] Run time error 4 (plugin "biohazard.amxx") - debug not enabled!
L 05/21/2011 - 16:44:24: [AMXX] To enable debug mode, add "debug" after the plugin name in plugins.ini (without quotes).
L 05/21/2011 - 16:44:24: [AMXX] Run time error 4 (plugin "biohazard.amxx") - debug not enabled!
L 05/21/2011 - 16:44:24: [AMXX] To enable debug mode, add "debug" after the plugin name in plugins.ini (without quotes).
L 05/21/2011 - 16:55:44: Start of error session.
L 05/21/2011 - 16:55:44: Info (map "cs_militia") (file "addons/amxmodx/logs/error_20110521.log")
L 05/21/2011 - 16:55:44: [AMXX] Run time error 4 (plugin "biohazard.amxx") - debug not enabled!
L 05/21/2011 - 16:55:44: [AMXX] To enable debug mode, add "debug" after the plugin name in plugins.ini (without quotes).
L 05/21/2011 - 16:58:09: [AMXX] Run time error 4 (plugin "biohazard.amxx") - debug not enabled!
L 05/21/2011 - 16:58:09: [AMXX] To enable debug mode, add "debug" after the plugin name in plugins.ini (without quotes).
L 05/21/2011 - 17:01:30: [AMXX] Run time error 4 (plugin "biohazard.amxx") - debug not enabled!
L 05/21/2011 - 17:01:30: [AMXX] To enable debug mode, add "debug" after the plugin name in plugins.ini (without quotes).
L 05/21/2011 - 17:04:51: [AMXX] Run time error 4 (plugin "biohazard.amxx") - debug not enabled!
L 05/21/2011 - 17:04:51: [AMXX] To enable debug mode, add "debug" after the plugin name in plugins.ini (without quotes).
L 05/21/2011 - 17:04:51: [AMXX] Run time error 4 (plugin "biohazard.amxx") - debug not enabled!
L 05/21/2011 - 17:04:51: [AMXX] To enable debug mode, add "debug" after the plugin name in plugins.ini (without quotes).
L 05/21/2011 - 17:08:12: [AMXX] Run time error 4 (plugin "biohazard.amxx") - debug not enabled!
L 05/21/2011 - 17:08:12: [AMXX] To enable debug mode, add "debug" after the plugin name in plugins.ini (without quotes).
L 05/21/2011 - 17:08:12: [AMXX] Run time error 4 (plugin "biohazard.amxx") - debug not enabled!
L 05/21/2011 - 17:08:12: [AMXX] To enable debug mode, add "debug" after the plugin name in plugins.ini (without quotes).
L 05/21/2011 - 17:11:17: [AMXX] Run time error 4 (plugin "biohazard.amxx") - debug not enabled!
L 05/21/2011 - 17:11:17: [AMXX] To enable debug mode, add "debug" after the plugin name in plugins.ini (without quotes).
L 05/21/2011 - 17:18:21: Start of error session.
L 05/21/2011 - 17:18:21: Info (map "zm_army") (file "addons/amxmodx/logs/error_20110521.log")
L 05/21/2011 - 17:18:21: [AMXX] Run time error 4 (plugin "biohazard.amxx") - debug not enabled!
L 05/21/2011 - 17:18:21: [AMXX] To enable debug mode, add "debug" after the plugin name in plugins.ini (without quotes).
L 05/21/2011 - 18:30:03: Start of error session.
L 05/21/2011 - 18:30:03: Info (map "016_rmk") (file "addons/amxmodx/logs/error_20110521.log")
L 05/21/2011 - 18:30:03: [AMXX] Run time error 4 (plugin "biohazard.amxx") - debug not enabled!
L 05/21/2011 - 18:30:03: [AMXX] To enable debug mode, add "debug" after the plugin name in plugins.ini (without quotes).
L 05/21/2011 - 18:30:03: [AMXX] Run time error 4 (plugin "biohazard.amxx") - debug not enabled!
L 05/21/2011 - 18:30:03: [AMXX] To enable debug mode, add "debug" after the plugin name in plugins.ini (without quotes).
L 05/21/2011 - 18:31:29: [AMXX] Run time error 4 (plugin "biohazard.amxx") - debug not enabled!
L 05/21/2011 - 18:31:29: [AMXX] To enable debug mode, add "debug" after the plugin name in plugins.ini (without quotes).
L 05/21/2011 - 18:34:50: [AMXX] Run time error 4 (plugin "biohazard.amxx") - debug not enabled!
L 05/21/2011 - 18:34:50: [AMXX] To enable debug mode, add "debug" after the plugin name in plugins.ini (without quotes).
L 05/21/2011 - 18:38:02: [AMXX] Run time error 4 (plugin "biohazard.amxx") - debug not enabled!
L 05/21/2011 - 18:38:02: [AMXX] To enable debug mode, add "debug" after the plugin name in plugins.ini (without quotes).
L 05/21/2011 - 18:38:02: [AMXX] Run time error 4 (plugin "biohazard.amxx") - debug not enabled!
L 05/21/2011 - 18:38:02: [AMXX] To enable debug mode, add "debug" after the plugin name in plugins.ini (without quotes).
L 05/21/2011 - 18:53:58: Start of error session.
L 05/21/2011 - 18:53:58: Info (map "cs_office") (file "addons/amxmodx/logs/error_20110521.log")
L 05/21/2011 - 18:53:58: [AMXX] Run time error 4 (plugin "biohazard.amxx") - debug not enabled!
L 05/21/2011 - 18:53:58: [AMXX] To enable debug mode, add "debug" after the plugin name in plugins.ini (without quotes).
L 05/21/2011 - 18:57:19: [AMXX] Run time error 4 (plugin "biohazard.amxx") - debug not enabled!
L 05/21/2011 - 18:57:19: [AMXX] To enable debug mode, add "debug" after the plugin name in plugins.ini (without quotes).
L 05/21/2011 - 19:22:27: Start of error session.
L 05/21/2011 - 19:22:27: Info (map "ze_jurassickpark3_lg") (file "addons/amxmodx/logs/error_20110521.log")
L 05/21/2011 - 19:22:27: [AMXX] Run time error 4 (plugin "biohazard.amxx") - debug not enabled!
L 05/21/2011 - 19:22:27: [AMXX] To enable debug mode, add "debug" after the plugin name in plugins.ini (without quotes).
L 05/21/2011 - 19:25:03: [AMXX] Run time error 4 (plugin "biohazard.amxx") - debug not enabled!
L 05/21/2011 - 19:25:03: [AMXX] To enable debug mode, add "debug" after the plugin name in plugins.ini (without quotes).
L 05/21/2011 - 19:29:04: Start of error session.
L 05/21/2011 - 19:29:04: Info (map "zm_dust_base_fin") (file "addons/amxmodx/logs/error_20110521.log")
L 05/21/2011 - 19:29:04: [AMXX] Run time error 4 (plugin "biohazard.amxx") - debug not enabled!
L 05/21/2011 - 19:29:04: [AMXX] To enable debug mode, add "debug" after the plugin name in plugins.ini (without quotes).
L 05/21/2011 - 19:52:50: Start of error session.
L 05/21/2011 - 19:52:50: Info (map "zm_south_escape_b2") (file "addons/amxmodx/logs/error_20110521.log")
L 05/21/2011 - 19:52:50: [AMXX] Run time error 4 (plugin "biohazard.amxx") - debug not enabled!
L 05/21/2011 - 19:52:50: [AMXX] To enable debug mode, add "debug" after the plugin name in plugins.ini (without quotes).
L 05/21/2011 - 19:54:49: [AMXX] Run time error 4 (plugin "biohazard.amxx") - debug not enabled!
L 05/21/2011 - 19:54:49: [AMXX] To enable debug mode, add "debug" after the plugin name in plugins.ini (without quotes).
L 05/21/2011 - 19:56:26: [AMXX] Run time error 4 (plugin "biohazard.amxx") - debug not enabled!
L 05/21/2011 - 19:56:26: [AMXX] To enable debug mode, add "debug" after the plugin name in plugins.ini (without quotes).
L 05/21/2011 - 19:58:24: [AMXX] Run time error 4 (plugin "biohazard.amxx") - debug not enabled!
L 05/21/2011 - 19:58:24: [AMXX] To enable debug mode, add "debug" after the plugin name in plugins.ini (without quotes).
L 05/21/2011 - 20:41:31: Start of error session.
L 05/21/2011 - 20:41:31: Info (map "zm_houses") (file "addons/amxmodx/logs/error_20110521.log")
L 05/21/2011 - 20:41:31: [AMXX] Run time error 4 (plugin "biohazard.amxx") - debug not enabled!
L 05/21/2011 - 20:41:31: [AMXX] To enable debug mode, add "debug" after the plugin name in plugins.ini (without quotes).
L 05/21/2011 - 21:15:08: Start of error session.
L 05/21/2011 - 21:15:08: Info (map "zm_army") (file "addons/amxmodx/logs/error_20110521.log")
L 05/21/2011 - 21:15:08: [AMXX] Run time error 4 (plugin "biohazard.amxx") - debug not enabled!
L 05/21/2011 - 21:15:08: [AMXX] To enable debug mode, add "debug" after the plugin name in plugins.ini (without quotes).
L 05/21/2011 - 21:19:16: [AMXX] Run time error 4 (plugin "biohazard.amxx") - debug not enabled!
L 05/21/2011 - 21:19:16: [AMXX] To enable debug mode, add "debug" after the plugin name in plugins.ini (without quotes).
L 05/21/2011 - 21:24:06: [AMXX] Run time error 4 (plugin "biohazard.amxx") - debug not enabled!
L 05/21/2011 - 21:24:06: [AMXX] To enable debug mode, add "debug" after the plugin name in plugins.ini (without quotes).
L 05/21/2011 - 21:27:25: [AMXX] Run time error 4 (plugin "biohazard.amxx") - debug not enabled!
L 05/21/2011 - 21:27:25: [AMXX] To enable debug mode, add "debug" after the plugin name in plugins.ini (without quotes).
L 05/21/2011 - 21:29:38: [AMXX] Run time error 4 (plugin "biohazard.amxx") - debug not enabled!
L 05/21/2011 - 21:29:38: [AMXX] To enable debug mode, add "debug" after the plugin name in plugins.ini (without quotes).
L 05/21/2011 - 21:31:48: [AMXX] Run time error 4 (plugin "biohazard.amxx") - debug not enabled!
L 05/21/2011 - 21:31:48: [AMXX] To enable debug mode, add "debug" after the plugin name in plugins.ini (without quotes).
L 05/21/2011 - 21:35:27: Start of error session.
L 05/21/2011 - 21:35:27: Info (map "zm_fdust2x2") (file "addons/amxmodx/logs/error_20110521.log")
L 05/21/2011 - 21:35:27: [AMXX] Run time error 4 (plugin "biohazard.amxx") - debug not enabled!
L 05/21/2011 - 21:35:27: [AMXX] To enable debug mode, add "debug" after the plugin name in plugins.ini (without quotes).
L 05/21/2011 - 21:35:27: [AMXX] Run time error 4 (plugin "biohazard.amxx") - debug not enabled!
L 05/21/2011 - 21:35:27: [AMXX] To enable debug mode, add "debug" after the plugin name in plugins.ini (without quotes).
L 05/21/2011 - 21:35:27: [AMXX] Run time error 4 (plugin "biohazard.amxx") - debug not enabled!
L 05/21/2011 - 21:35:27: [AMXX] To enable debug mode, add "debug" after the plugin name in plugins.ini (without quotes).
L 05/21/2011 - 21:38:48: [AMXX] Run time error 4 (plugin "biohazard.amxx") - debug not enabled!
L 05/21/2011 - 21:38:48: [AMXX] To enable debug mode, add "debug" after the plugin name in plugins.ini (without quotes).
L 05/21/2011 - 21:38:48: [AMXX] Run time error 4 (plugin "biohazard.amxx") - debug not enabled!
L 05/21/2011 - 21:38:48: [AMXX] To enable debug mode, add "debug" after the plugin name in plugins.ini (without quotes).
L 05/21/2011 - 21:45:01: [AMXX] Run time error 4 (plugin "biohazard.amxx") - debug not enabled!
L 05/21/2011 - 21:45:01: [AMXX] To enable debug mode, add "debug" after the plugin name in plugins.ini (without quotes).
L 05/21/2011 - 21:52:38: [AMXX] Run time error 4 (plugin "biohazard.amxx") - debug not enabled!
L 05/21/2011 - 21:52:38: [AMXX] To enable debug mode, add "debug" after the plugin name in plugins.ini (without quotes).
L 05/21/2011 - 21:52:38: [AMXX] Run time error 4 (plugin "biohazard.amxx") - debug not enabled!
L 05/21/2011 - 21:52:38: [AMXX] To enable debug mode, add "debug" after the plugin name in plugins.ini (without quotes).
L 05/21/2011 - 21:56:22: Start of error session.
L 05/21/2011 - 21:56:22: Info (map "zm_303") (file "addons/amxmodx/logs/error_20110521.log")
L 05/21/2011 - 21:56:22: [AMXX] Run time error 4 (plugin "biohazard.amxx") - debug not enabled!
L 05/21/2011 - 21:56:22: [AMXX] To enable debug mode, add "debug" after the plugin name in plugins.ini (without quotes).
L 05/21/2011 - 21:56:59: [AMXX] Run time error 4 (plugin "biohazard.amxx") - debug not enabled!
L 05/21/2011 - 21:56:59: [AMXX] To enable debug mode, add "debug" after the plugin name in plugins.ini (without quotes).
L 05/21/2011 - 22:00:20: [AMXX] Run time error 4 (plugin "biohazard.amxx") - debug not enabled!
L 05/21/2011 - 22:00:20: [AMXX] To enable debug mode, add "debug" after the plugin name in plugins.ini (without quotes).
L 05/21/2011 - 22:00:20: [AMXX] Run time error 4 (plugin "biohazard.amxx") - debug not enabled!
L 05/21/2011 - 22:00:20: [AMXX] To enable debug mode, add "debug" after the plugin name in plugins.ini (without quotes).
L 05/21/2011 - 22:00:20: [AMXX] Run time error 4 (plugin "biohazard.amxx") - debug not enabled!
L 05/21/2011 - 22:00:20: [AMXX] To enable debug mode, add "debug" after the plugin name in plugins.ini (without quotes).
L 05/21/2011 - 22:03:38: [AMXX] Run time error 4 (plugin "biohazard.amxx") - debug not enabled!
L 05/21/2011 - 22:03:38: [AMXX] To enable debug mode, add "debug" after the plugin name in plugins.ini (without quotes).
L 05/21/2011 - 22:06:59: [AMXX] Run time error 4 (plugin "biohazard.amxx") - debug not enabled!
L 05/21/2011 - 22:06:59: [AMXX] To enable debug mode, add "debug" after the plugin name in plugins.ini (without quotes).
L 05/21/2011 - 22:08:01: [AMXX] Run time error 4 (plugin "biohazard.amxx") - debug not enabled!
L 05/21/2011 - 22:08:01: [AMXX] To enable debug mode, add "debug" after the plugin name in plugins.ini (without quotes).
L 05/21/2011 - 22:11:22: [AMXX] Run time error 4 (plugin "biohazard.amxx") - debug not enabled!
L 05/21/2011 - 22:11:22: [AMXX] To enable debug mode, add "debug" after the plugin name in plugins.ini (without quotes).
L 05/21/2011 - 22:18:26: Start of error session.
L 05/21/2011 - 22:18:26: Info (map "016_rmk") (file "addons/amxmodx/logs/error_20110521.log")
L 05/21/2011 - 22:18:26: [AMXX] Run time error 4 (plugin "biohazard.amxx") - debug not enabled!
L 05/21/2011 - 22:18:26: [AMXX] To enable debug mode, add "debug" after the plugin name in plugins.ini (without quotes).
L 05/21/2011 - 22:31:51: Start of error session.
L 05/21/2011 - 22:31:51: Info (map "zm_houses") (file "addons/amxmodx/logs/error_20110521.log")
L 05/21/2011 - 22:31:51: [AMXX] Run time error 4 (plugin "biohazard.amxx") - debug not enabled!
L 05/21/2011 - 22:31:51: [AMXX] To enable debug mode, add "debug" after the plugin name in plugins.ini (without quotes).
L 05/21/2011 - 22:31:51: [AMXX] Run time error 4 (plugin "biohazard.amxx") - debug not enabled!
L 05/21/2011 - 22:31:51: [AMXX] To enable debug mode, add "debug" after the plugin name in plugins.ini (without quotes).
L 05/21/2011 - 22:34:28: [AMXX] Run time error 4 (plugin "biohazard.amxx") - debug not enabled!
L 05/21/2011 - 22:34:28: [AMXX] To enable debug mode, add "debug" after the plugin name in plugins.ini (without quotes).
L 05/21/2011 - 22:40:12: [AMXX] Run time error 4 (plugin "biohazard.amxx") - debug not enabled!
L 05/21/2011 - 22:40:12: [AMXX] To enable debug mode, add "debug" after the plugin name in plugins.ini (without quotes).
L 05/21/2011 - 22:43:33: [AMXX] Run time error 4 (plugin "biohazard.amxx") - debug not enabled!
L 05/21/2011 - 22:43:33: [AMXX] To enable debug mode, add "debug" after the plugin name in plugins.ini (without quotes).
L 05/21/2011 - 22:49:18: [AMXX] Run time error 4 (plugin "biohazard.amxx") - debug not enabled!
L 05/21/2011 - 22:49:18: [AMXX] To enable debug mode, add "debug" after the plugin name in plugins.ini (without quotes).
L 05/21/2011 - 22:57:04: Start of error session.
L 05/21/2011 - 22:57:04: Info (map "zm_desolation_house") (file "addons/amxmodx/logs/error_20110521.log")
L 05/21/2011 - 22:57:04: [AMXX] Run time error 4 (plugin "biohazard.amxx") - debug not enabled!
L 05/21/2011 - 22:57:04: [AMXX] To enable debug mode, add "debug" after the plugin name in plugins.ini (without quotes).
L 05/21/2011 - 23:04:47: Start of error session.
L 05/21/2011 - 23:04:47: Info (map "zm_desolation_house") (file "addons/amxmodx/logs/error_20110521.log")
L 05/21/2011 - 23:04:47: [AMXX] Run time error 4 (plugin "biohazard.amxx") - debug not enabled!
L 05/21/2011 - 23:04:47: [AMXX] To enable debug mode, add "debug" after the plugin name in plugins.ini (without quotes).
L 05/21/2011 - 23:08:08: [AMXX] Run time error 4 (plugin "biohazard.amxx") - debug not enabled!
L 05/21/2011 - 23:08:08: [AMXX] To enable debug mode, add "debug" after the plugin name in plugins.ini (without quotes).
L 05/21/2011 - 23:09:23: [AMXX] Run time error 4 (plugin "biohazard.amxx") - debug not enabled!
L 05/21/2011 - 23:09:23: [AMXX] To enable debug mode, add "debug" after the plugin name in plugins.ini (without quotes).
L 05/21/2011 - 23:24:42: Start of error session.
L 05/21/2011 - 23:24:42: Info (map "cs_militia") (file "addons/amxmodx/logs/error_20110521.log")
L 05/21/2011 - 23:24:42: [AMXX] Run time error 4 (plugin "biohazard.amxx") - debug not enabled!
L 05/21/2011 - 23:24:42: [AMXX] To enable debug mode, add "debug" after the plugin name in plugins.ini (without quotes).
L 05/21/2011 - 23:24:42: [AMXX] Run time error 4 (plugin "biohazard.amxx") - debug not enabled!
L 05/21/2011 - 23:24:42: [AMXX] To enable debug mode, add "debug" after the plugin name in plugins.ini (without quotes).
L 05/21/2011 - 23:28:03: [AMXX] Run time error 4 (plugin "biohazard.amxx") - debug not enabled!
L 05/21/2011 - 23:28:03: [AMXX] To enable debug mode, add "debug" after the plugin name in plugins.ini (without quotes).
L 05/21/2011 - 23:38:27: Start of error session.
L 05/21/2011 - 23:38:27: Info (map "zm_202") (file "addons/amxmodx/logs/error_20110521.log")
L 05/21/2011 - 23:38:27: [AMXX] Run time error 4 (plugin "biohazard.amxx") - debug not enabled!
L 05/21/2011 - 23:38:27: [AMXX] To enable debug mode, add "debug" after the plugin name in plugins.ini (without quotes).
L 05/21/2011 - 23:41:48: [AMXX] Run time error 4 (plugin "biohazard.amxx") - debug not enabled!
L 05/21/2011 - 23:41:48: [AMXX] To enable debug mode, add "debug" after the plugin name in plugins.ini (without quotes).
L 05/21/2011 - 23:45:03: [AMXX] Run time error 4 (plugin "biohazard.amxx") - debug not enabled!
L 05/21/2011 - 23:45:03: [AMXX] To enable debug mode, add "debug" after the plugin name in plugins.ini (without quotes).
L 05/21/2011 - 23:48:24: [AMXX] Run time error 4 (plugin "biohazard.amxx") - debug not enabled!
L 05/21/2011 - 23:48:24: [AMXX] To enable debug mode, add "debug" after the plugin name in plugins.ini (without quotes).
L 05/21/2011 - 23:51:45: [AMXX] Run time error 4 (plugin "biohazard.amxx") - debug not enabled!
L 05/21/2011 - 23:51:45: [AMXX] To enable debug mode, add "debug" after the plugin name in plugins.ini (without quotes).
L 05/21/2011 - 23:58:44: Start of error session.
L 05/21/2011 - 23:58:44: Info (map "zm_fdust2x2") (file "addons/amxmodx/logs/error_20110521.log")
L 05/21/2011 - 23:58:44: [AMXX] Run time error 4 (plugin "biohazard.amxx") - debug not enabled!
L 05/21/2011 - 23:58:44: [AMXX] To enable debug mode, add "debug" after the plugin name in plugins.ini (without quotes).
