L 06/16/2011 - 06:00:16: Start of error session.
L 06/16/2011 - 06:00:16: Info (map "cs_estate") (file "addons/amxmodx/logs/error_20110616.log")
L 06/16/2011 - 06:00:16: [MySQL] Invalid handle: 0
L 06/16/2011 - 06:00:16: [AMXX] Run time error 10 (plugin "amxbans.amxx") (native "SQL_FreeHandle") - debug not enabled!
L 06/16/2011 - 06:00:16: [AMXX] To enable debug mode, add "debug" after the plugin name in plugins.ini (without quotes).
L 06/16/2011 - 23:50:14: Start of error session.
L 06/16/2011 - 23:50:14: Info (map "cs_italy") (file "addons/amxmodx/logs/error_20110616.log")
L 06/16/2011 - 23:50:14: String formatted incorrectly - parameter 8 (total 7)
L 06/16/2011 - 23:50:14: [AMXX] Run time error 25 (plugin "statsx.amxx") - debug not enabled!
L 06/16/2011 - 23:50:14: [AMXX] To enable debug mode, add "debug" after the plugin name in plugins.ini (without quotes).
L 06/16/2011 - 23:50:28: String formatted incorrectly - parameter 8 (total 7)
L 06/16/2011 - 23:50:28: [AMXX] Run time error 25 (plugin "statsx.amxx") - debug not enabled!
L 06/16/2011 - 23:50:28: [AMXX] To enable debug mode, add "debug" after the plugin name in plugins.ini (without quotes).
L 06/16/2011 - 23:50:33: String formatted incorrectly - parameter 8 (total 7)
L 06/16/2011 - 23:50:33: [AMXX] Run time error 25 (plugin "statsx.amxx") - debug not enabled!
L 06/16/2011 - 23:50:33: [AMXX] To enable debug mode, add "debug" after the plugin name in plugins.ini (without quotes).
L 06/16/2011 - 23:50:54: String formatted incorrectly - parameter 8 (total 7)
L 06/16/2011 - 23:50:54: [AMXX] Run time error 25 (plugin "statsx.amxx") - debug not enabled!
L 06/16/2011 - 23:50:54: [AMXX] To enable debug mode, add "debug" after the plugin name in plugins.ini (without quotes).
L 06/16/2011 - 23:54:32: Start of error session.
L 06/16/2011 - 23:54:32: Info (map "de_nuke") (file "addons/amxmodx/logs/error_20110616.log")
L 06/16/2011 - 23:54:32: String formatted incorrectly - parameter 8 (total 7)
L 06/16/2011 - 23:54:32: [AMXX] Run time error 25 (plugin "statsx.amxx") - debug not enabled!
L 06/16/2011 - 23:54:32: [AMXX] To enable debug mode, add "debug" after the plugin name in plugins.ini (without quotes).
