L 09/22/2011 - 00:03:05: [admin_amxbans.amxx] Login: "The Ebashilovo<1222><STEAM_0:0:1236438227><>" became an admin (account "172.23.65.13") (access "l") (address "172.23.65.13")
L 09/22/2011 - 00:14:52: [admin_amxbans.amxx] Login: "The Ebashilovo<1234><STEAM_0:0:1236438227><>" became an admin (account "172.23.65.13") (access "l") (address "172.23.65.13")
L 09/22/2011 - 00:17:54: -------- Mapchange to zm_xata --------
L 09/22/2011 - 00:17:56: [amxbans.amxx] [AMXBANS] AMXBans 5.0 is online
L 09/22/2011 - 00:25:59: [admin_amxbans.amxx] Login: "The Ebashilovo<1253><STEAM_0:0:1236438227><>" became an admin (account "172.23.65.13") (access "l") (address "172.23.65.13")
L 09/22/2011 - 00:39:03: -------- Mapchange to zm_666_brick --------
L 09/22/2011 - 00:39:04: [admin_amxbans.amxx] Login: "The Ebashilovo<1253><STEAM_0:0:1236438227><>" became an admin (account "172.23.65.13") (access "l") (address "172.23.65.13")
L 09/22/2011 - 00:39:05: [amxbans.amxx] [AMXBANS] AMXBans 5.0 is online
L 09/22/2011 - 00:41:43: [admin_amxbans.amxx] Login: "[BlackWolf]Camelot<1263><STEAM_0:4:1417253489><>" became an admin (account "[BlackWolf]Camelot") (access "t") (address "91.198.175.1")
L 09/22/2011 - 00:50:49: [admincmd.amxx] Cmd: "The Ebashilovo<1253><STEAM_0:0:1236438227><>" server console (cmdline "amx_slap dark 0")
L 09/22/2011 - 00:50:49: [admincmd.amxx] Cmd: " Зомби сервер (x_x(O<0><><>" slap with 0 damage "Dark_Angel<1267><STEAM_0:4:17651315><>"
L 09/22/2011 - 00:50:51: [admincmd.amxx] Cmd: "The Ebashilovo<1253><STEAM_0:0:1236438227><>" server console (cmdline "amx_slap dark 0 ")
L 09/22/2011 - 00:50:51: [admincmd.amxx] Cmd: " Зомби сервер (x_x(O<0><><>" slap with 0 damage "Dark_Angel<1267><STEAM_0:4:17651315><>"
L 09/22/2011 - 00:50:51: [admincmd.amxx] Cmd: "The Ebashilovo<1253><STEAM_0:0:1236438227><>" server console (cmdline "amx_slap dark 0 ")
L 09/22/2011 - 00:50:51: [admincmd.amxx] Cmd: " Зомби сервер (x_x(O<0><><>" slap with 0 damage "Dark_Angel<1267><STEAM_0:4:17651315><>"
L 09/22/2011 - 00:50:51: [admincmd.amxx] Cmd: "The Ebashilovo<1253><STEAM_0:0:1236438227><>" server console (cmdline "amx_slap dark 0 ")
L 09/22/2011 - 00:50:51: [admincmd.amxx] Cmd: " Зомби сервер (x_x(O<0><><>" slap with 0 damage "Dark_Angel<1267><STEAM_0:4:17651315><>"
L 09/22/2011 - 00:50:51: [admincmd.amxx] Cmd: "The Ebashilovo<1253><STEAM_0:0:1236438227><>" server console (cmdline "amx_slap dark 0 ")
L 09/22/2011 - 00:50:51: [admincmd.amxx] Cmd: " Зомби сервер (x_x(O<0><><>" slap with 0 damage "Dark_Angel<1267><STEAM_0:4:17651315><>"
L 09/22/2011 - 00:50:52: [admincmd.amxx] Cmd: "The Ebashilovo<1253><STEAM_0:0:1236438227><>" server console (cmdline "amx_slap dark 0 ")
L 09/22/2011 - 00:50:52: [admincmd.amxx] Cmd: " Зомби сервер (x_x(O<0><><>" slap with 0 damage "Dark_Angel<1267><STEAM_0:4:17651315><>"
L 09/22/2011 - 00:50:52: [admincmd.amxx] Cmd: "The Ebashilovo<1253><STEAM_0:0:1236438227><>" server console (cmdline "amx_slap dark 0 ")
L 09/22/2011 - 00:50:52: [admincmd.amxx] Cmd: " Зомби сервер (x_x(O<0><><>" slap with 0 damage "Dark_Angel<1267><STEAM_0:4:17651315><>"
L 09/22/2011 - 00:50:52: [admincmd.amxx] Cmd: "The Ebashilovo<1253><STEAM_0:0:1236438227><>" server console (cmdline "amx_slap dark 0 ")
L 09/22/2011 - 00:50:52: [admincmd.amxx] Cmd: " Зомби сервер (x_x(O<0><><>" slap with 0 damage "Dark_Angel<1267><STEAM_0:4:17651315><>"
L 09/22/2011 - 00:50:52: [admincmd.amxx] Cmd: "The Ebashilovo<1253><STEAM_0:0:1236438227><>" server console (cmdline "amx_slap dark 0 ")
L 09/22/2011 - 00:50:52: [admincmd.amxx] Cmd: " Зомби сервер (x_x(O<0><><>" slap with 0 damage "Dark_Angel<1267><STEAM_0:4:17651315><>"
L 09/22/2011 - 00:50:52: [admincmd.amxx] Cmd: "The Ebashilovo<1253><STEAM_0:0:1236438227><>" server console (cmdline "amx_slap dark 0 ")
L 09/22/2011 - 00:50:52: [admincmd.amxx] Cmd: " Зомби сервер (x_x(O<0><><>" slap with 0 damage "Dark_Angel<1267><STEAM_0:4:17651315><>"
L 09/22/2011 - 00:50:52: [admincmd.amxx] Cmd: "The Ebashilovo<1253><STEAM_0:0:1236438227><>" server console (cmdline "amx_slap dark 0 ")
L 09/22/2011 - 00:50:52: [admincmd.amxx] Cmd: " Зомби сервер (x_x(O<0><><>" slap with 0 damage "Dark_Angel<1267><STEAM_0:4:17651315><>"
L 09/22/2011 - 00:50:53: [admincmd.amxx] Cmd: "The Ebashilovo<1253><STEAM_0:0:1236438227><>" server console (cmdline "amx_slap dark 0 ")
L 09/22/2011 - 00:50:53: [admincmd.amxx] Cmd: " Зомби сервер (x_x(O<0><><>" slap with 0 damage "Dark_Angel<1267><STEAM_0:4:17651315><>"
L 09/22/2011 - 01:01:25: -------- Mapchange to zm_houses --------
L 09/22/2011 - 01:01:27: [amxbans.amxx] [AMXBANS] AMXBans 5.0 is online
L 09/22/2011 - 01:22:52: -------- Mapchange to zm_vendetta --------
L 09/22/2011 - 01:22:54: [amxbans.amxx] [AMXBANS] AMXBans 5.0 is online
L 09/22/2011 - 01:42:18: -------- Mapchange to cs_estate --------
L 09/22/2011 - 01:42:20: [amxbans.amxx] [AMXBANS] AMXBans 5.0 is online
L 09/22/2011 - 01:54:53: -------- Mapchange to zm_303 --------
L 09/22/2011 - 01:54:55: [amxbans.amxx] [AMXBANS] AMXBans 5.0 is online
L 09/22/2011 - 02:01:02: -------- Mapchange to cs_estate --------
L 09/22/2011 - 02:01:05: [amxbans.amxx] [AMXBANS] AMXBans 5.0 is online
L 09/22/2011 - 02:11:10: -------- Mapchange to ze_jurassicpark --------
L 09/22/2011 - 02:11:11: [amxbans.amxx] [AMXBANS] AMXBans 5.0 is online
L 09/22/2011 - 02:14:10: -------- Mapchange to cs_estate --------
L 09/22/2011 - 02:14:12: [amxbans.amxx] [AMXBANS] AMXBans 5.0 is online
L 09/22/2011 - 02:24:06: -------- Mapchange to cs_estate --------
L 09/22/2011 - 02:24:08: [amxbans.amxx] [AMXBANS] AMXBans 5.0 is online
L 09/22/2011 - 02:34:02: -------- Mapchange to cs_estate --------
L 09/22/2011 - 02:34:04: [amxbans.amxx] [AMXBANS] AMXBans 5.0 is online
L 09/22/2011 - 02:52:57: -------- Mapchange to cs_estate --------
L 09/22/2011 - 02:53:00: [amxbans.amxx] [AMXBANS] AMXBans 5.0 is online
L 09/22/2011 - 03:01:20: -------- Mapchange to zm_666_brick --------
L 09/22/2011 - 03:01:21: [amxbans.amxx] [AMXBANS] AMXBans 5.0 is online
L 09/22/2011 - 03:04:20: -------- Mapchange to cs_estate --------
L 09/22/2011 - 03:04:22: [amxbans.amxx] [AMXBANS] AMXBans 5.0 is online
L 09/22/2011 - 03:14:16: -------- Mapchange to cs_estate --------
L 09/22/2011 - 03:14:18: [amxbans.amxx] [AMXBANS] AMXBans 5.0 is online
L 09/22/2011 - 03:24:12: -------- Mapchange to cs_estate --------
L 09/22/2011 - 03:24:14: [amxbans.amxx] [AMXBANS] AMXBans 5.0 is online
L 09/22/2011 - 03:34:07: -------- Mapchange to cs_estate --------
L 09/22/2011 - 03:34:10: [amxbans.amxx] [AMXBANS] AMXBans 5.0 is online
L 09/22/2011 - 03:44:03: -------- Mapchange to cs_estate --------
L 09/22/2011 - 03:44:06: [amxbans.amxx] [AMXBANS] AMXBans 5.0 is online
L 09/22/2011 - 03:53:11: -------- Mapchange to zm_dwarf --------
L 09/22/2011 - 03:53:12: [amxbans.amxx] [AMXBANS] AMXBans 5.0 is online
L 09/22/2011 - 03:56:11: -------- Mapchange to cs_estate --------
L 09/22/2011 - 03:56:13: [amxbans.amxx] [AMXBANS] AMXBans 5.0 is online
L 09/22/2011 - 04:06:01: -------- Mapchange to cs_estate --------
L 09/22/2011 - 04:06:04: [amxbans.amxx] [AMXBANS] AMXBans 5.0 is online
L 09/22/2011 - 04:15:57: -------- Mapchange to cs_estate --------
L 09/22/2011 - 04:16:00: [amxbans.amxx] [AMXBANS] AMXBans 5.0 is online
L 09/22/2011 - 04:25:53: -------- Mapchange to cs_estate --------
L 09/22/2011 - 04:25:56: [amxbans.amxx] [AMXBANS] AMXBans 5.0 is online
L 09/22/2011 - 04:35:49: -------- Mapchange to cs_estate --------
L 09/22/2011 - 04:35:52: [amxbans.amxx] [AMXBANS] AMXBans 5.0 is online
L 09/22/2011 - 04:45:45: -------- Mapchange to cs_estate --------
L 09/22/2011 - 04:45:47: [amxbans.amxx] [AMXBANS] AMXBans 5.0 is online
L 09/22/2011 - 04:55:41: -------- Mapchange to cs_estate --------
L 09/22/2011 - 04:55:43: [amxbans.amxx] [AMXBANS] AMXBans 5.0 is online
L 09/22/2011 - 05:05:37: -------- Mapchange to cs_estate --------
L 09/22/2011 - 05:05:39: [amxbans.amxx] [AMXBANS] AMXBans 5.0 is online
L 09/22/2011 - 05:13:59: -------- Mapchange to zm_cpl_mill_kamp --------
L 09/22/2011 - 05:14:01: [amxbans.amxx] [AMXBANS] AMXBans 5.0 is online
L 09/22/2011 - 05:16:59: -------- Mapchange to cs_estate --------
L 09/22/2011 - 05:17:02: [amxbans.amxx] [AMXBANS] AMXBans 5.0 is online
L 09/22/2011 - 05:26:55: -------- Mapchange to cs_estate --------
L 09/22/2011 - 05:26:58: [amxbans.amxx] [AMXBANS] AMXBans 5.0 is online
L 09/22/2011 - 05:36:51: -------- Mapchange to cs_estate --------
L 09/22/2011 - 05:36:54: [amxbans.amxx] [AMXBANS] AMXBans 5.0 is online
L 09/22/2011 - 05:46:47: -------- Mapchange to cs_estate --------
L 09/22/2011 - 05:46:49: [amxbans.amxx] [AMXBANS] AMXBans 5.0 is online
L 09/22/2011 - 05:56:43: -------- Mapchange to cs_estate --------
L 09/22/2011 - 05:56:45: [amxbans.amxx] [AMXBANS] AMXBans 5.0 is online
L 09/22/2011 - 06:00:11: -------- Mapchange to cs_estate --------
L 09/22/2011 - 06:00:14: -------- Mapchange to zm_neris --------
L 09/22/2011 - 06:00:16: [amxbans.amxx] [AMXBANS] AMXBans 5.0 is online
L 09/22/2011 - 06:03:15: -------- Mapchange to cs_estate --------
L 09/22/2011 - 06:03:17: [amxbans.amxx] [AMXBANS] AMXBans 5.0 is online
L 09/22/2011 - 06:19:41: -------- Mapchange to cs_estate --------
L 09/22/2011 - 06:19:43: [amxbans.amxx] [AMXBANS] AMXBans 5.0 is online
L 09/22/2011 - 06:29:37: -------- Mapchange to cs_estate --------
L 09/22/2011 - 06:29:39: [amxbans.amxx] [AMXBANS] AMXBans 5.0 is online
L 09/22/2011 - 06:39:33: -------- Mapchange to cs_estate --------
L 09/22/2011 - 06:39:35: [amxbans.amxx] [AMXBANS] AMXBans 5.0 is online
L 09/22/2011 - 06:49:29: -------- Mapchange to cs_estate --------
L 09/22/2011 - 06:49:31: [amxbans.amxx] [AMXBANS] AMXBans 5.0 is online
L 09/22/2011 - 06:59:24: -------- Mapchange to cs_estate --------
L 09/22/2011 - 06:59:27: [amxbans.amxx] [AMXBANS] AMXBans 5.0 is online
L 09/22/2011 - 07:11:32: -------- Mapchange to zm_vendetta --------
L 09/22/2011 - 07:11:34: [amxbans.amxx] [AMXBANS] AMXBans 5.0 is online
L 09/22/2011 - 07:14:32: -------- Mapchange to cs_estate --------
L 09/22/2011 - 07:14:34: [amxbans.amxx] [AMXBANS] AMXBans 5.0 is online
L 09/22/2011 - 07:24:28: -------- Mapchange to cs_estate --------
L 09/22/2011 - 07:24:30: [amxbans.amxx] [AMXBANS] AMXBans 5.0 is online
L 09/22/2011 - 07:41:09: -------- Mapchange to cs_estate --------
L 09/22/2011 - 07:41:11: [amxbans.amxx] [AMXBANS] AMXBans 5.0 is online
L 09/22/2011 - 07:52:21: -------- Mapchange to zm_666_brick --------
L 09/22/2011 - 07:52:22: [amxbans.amxx] [AMXBANS] AMXBans 5.0 is online
L 09/22/2011 - 08:13:09: -------- Mapchange to ze_jurassicpark --------
L 09/22/2011 - 08:13:11: [amxbans.amxx] [AMXBANS] AMXBans 5.0 is online
L 09/22/2011 - 08:37:00: -------- Mapchange to 016 --------
L 09/22/2011 - 08:37:01: [amxbans.amxx] [AMXBANS] AMXBans 5.0 is online
L 09/22/2011 - 09:23:29: -------- Mapchange to ze_egypt --------
L 09/22/2011 - 09:23:31: [amxbans.amxx] [AMXBANS] AMXBans 5.0 is online
L 09/22/2011 - 09:39:54: -------- Mapchange to ze_train_back_lg --------
L 09/22/2011 - 09:39:56: [amxbans.amxx] [AMXBANS] AMXBans 5.0 is online
L 09/22/2011 - 09:45:44: -------- Mapchange to zm_303 --------
L 09/22/2011 - 09:45:46: [amxbans.amxx] [AMXBANS] AMXBans 5.0 is online
L 09/22/2011 - 09:59:45: -------- Mapchange to ze_lift_escape_b5 --------
L 09/22/2011 - 09:59:47: [amxbans.amxx] [AMXBANS] AMXBans 5.0 is online
L 09/22/2011 - 10:11:34: -------- Mapchange to cs_estate --------
L 09/22/2011 - 10:11:37: [amxbans.amxx] [AMXBANS] AMXBans 5.0 is online
L 09/22/2011 - 10:27:34: -------- Mapchange to cs_militia --------
L 09/22/2011 - 10:27:39: [amxbans.amxx] [AMXBANS] AMXBans 5.0 is online
L 09/22/2011 - 10:46:29: -------- Mapchange to zm_666_brick --------
L 09/22/2011 - 10:46:31: [amxbans.amxx] [AMXBANS] AMXBans 5.0 is online
L 09/22/2011 - 10:50:05: -------- Mapchange to cs_estate --------
L 09/22/2011 - 10:50:08: [amxbans.amxx] [AMXBANS] AMXBans 5.0 is online
L 09/22/2011 - 10:58:42: -------- Mapchange to zm_fdust2x2 --------
L 09/22/2011 - 10:58:44: [amxbans.amxx] [AMXBANS] AMXBans 5.0 is online
L 09/22/2011 - 11:01:42: -------- Mapchange to cs_estate --------
L 09/22/2011 - 11:01:45: [amxbans.amxx] [AMXBANS] AMXBans 5.0 is online
L 09/22/2011 - 11:18:08: -------- Mapchange to 016 --------
L 09/22/2011 - 11:18:09: [amxbans.amxx] [AMXBANS] AMXBans 5.0 is online
L 09/22/2011 - 11:21:35: -------- Mapchange to cs_estate --------
L 09/22/2011 - 11:21:38: [amxbans.amxx] [AMXBANS] AMXBans 5.0 is online
L 09/22/2011 - 11:35:23: -------- Mapchange to ze_egypt --------
L 09/22/2011 - 11:35:25: [amxbans.amxx] [AMXBANS] AMXBans 5.0 is online
L 09/22/2011 - 11:45:31: -------- Mapchange to cs_estate --------
L 09/22/2011 - 11:45:34: [amxbans.amxx] [AMXBANS] AMXBans 5.0 is online
L 09/22/2011 - 11:55:27: -------- Mapchange to cs_estate --------
L 09/22/2011 - 11:55:30: [amxbans.amxx] [AMXBANS] AMXBans 5.0 is online
L 09/22/2011 - 12:06:38: -------- Mapchange to cs_estate --------
L 09/22/2011 - 12:06:41: [amxbans.amxx] [AMXBANS] AMXBans 5.0 is online
L 09/22/2011 - 12:15:01: -------- Mapchange to ze_lift_escape_b5 --------
L 09/22/2011 - 12:15:02: [amxbans.amxx] [AMXBANS] AMXBans 5.0 is online
L 09/22/2011 - 12:18:06: -------- Mapchange to cs_estate --------
L 09/22/2011 - 12:18:09: [amxbans.amxx] [AMXBANS] AMXBans 5.0 is online
L 09/22/2011 - 12:27:14: -------- Mapchange to ze_jurassicpark --------
L 09/22/2011 - 12:27:15: [amxbans.amxx] [AMXBANS] AMXBans 5.0 is online
L 09/22/2011 - 12:30:14: -------- Mapchange to cs_estate --------
L 09/22/2011 - 12:30:16: [amxbans.amxx] [AMXBANS] AMXBans 5.0 is online
L 09/22/2011 - 12:49:49: -------- Mapchange to cs_estate --------
L 09/22/2011 - 12:49:52: [amxbans.amxx] [AMXBANS] AMXBans 5.0 is online
L 09/22/2011 - 13:00:08: -------- Mapchange to zm_303 --------
L 09/22/2011 - 13:00:10: [amxbans.amxx] [AMXBANS] AMXBans 5.0 is online
L 09/22/2011 - 13:32:48: -------- Mapchange to ze_egypt --------
L 09/22/2011 - 13:32:50: [amxbans.amxx] [AMXBANS] AMXBans 5.0 is online
L 09/22/2011 - 13:48:01: -------- Mapchange to 016 --------
L 09/22/2011 - 13:48:03: [amxbans.amxx] [AMXBANS] AMXBans 5.0 is online
L 09/22/2011 - 14:19:19: -------- Mapchange to zm_caca --------
L 09/22/2011 - 14:19:20: [amxbans.amxx] [AMXBANS] AMXBans 5.0 is online
L 09/22/2011 - 14:39:56: -------- Mapchange to zm_cpl_mill_kamp --------
L 09/22/2011 - 14:39:57: [amxbans.amxx] [AMXBANS] AMXBans 5.0 is online
L 09/22/2011 - 14:57:00: [admin_amxbans.amxx] Login: "F1-[G]amin[G] |G-man<322><STEAM_0:0:299692916><>" became an admin (account "F1-[G]amin[G] |G-man") (access "t") (address "194.0.68.126")
L 09/22/2011 - 15:00:10: -------- Mapchange to cs_militia --------
L 09/22/2011 - 15:00:14: [admin_amxbans.amxx] Login: "F1-[G]amin[G] |G-man<322><STEAM_0:0:299692916><>" became an admin (account "F1-[G]amin[G] |G-man") (access "t") (address "194.0.68.126")
L 09/22/2011 - 15:00:15: [amxbans.amxx] [AMXBANS] AMXBans 5.0 is online
L 09/22/2011 - 15:12:21: [admin_amxbans.amxx] Login: "Euforia<330><STEAM_0:0:1365425199><>" kicked due to invalid password (account "Euforia") (address "188.123.245.19")
L 09/22/2011 - 15:12:39: [admin_amxbans.amxx] Login: "Euforia<331><STEAM_0:0:1365425199><>" became an admin (account "Euforia") (access "t") (address "188.123.245.19")
L 09/22/2011 - 15:17:51: [amxbans.amxx] [Amxbans] Query failed!
L 09/22/2011 - 15:17:51: [amxbans.amxx] [Amxbans] Threaded query error, location: 18
L 09/22/2011 - 15:17:51: [amxbans.amxx] [Amxbans] Message: You have an error in your SQL syntax; check the manual that corresponds to your MySQL server version for the right syntax to use near ''amxban' at line 1 (1064)
L 09/22/2011 - 15:17:51: [amxbans.amxx] [Amxbans] Query statement: 
L 09/22/2011 - 15:22:11: -------- Mapchange to zm_fdust2x2 --------
L 09/22/2011 - 15:22:11: [admin_amxbans.amxx] Login: "F1-[G]amin[G] |G-man<322><STEAM_0:0:299692916><>" became an admin (account "F1-[G]amin[G] |G-man") (access "t") (address "194.0.68.126")
L 09/22/2011 - 15:22:12: [amxbans.amxx] [AMXBANS] AMXBans 5.0 is online
L 09/22/2011 - 15:22:17: [amxbans.amxx] [Amxbans] Query failed!
L 09/22/2011 - 15:22:17: [amxbans.amxx] [Amxbans] Threaded query error, location: 18
L 09/22/2011 - 15:22:17: [amxbans.amxx] [Amxbans] Message: You have an error in your SQL syntax; check the manual that corresponds to your MySQL server version for the right syntax to use near ''amxban' at line 1 (1064)
L 09/22/2011 - 15:22:17: [amxbans.amxx] [Amxbans] Query statement: 
L 09/22/2011 - 15:28:30: [admin_amxbans.amxx] Login: "Euforia<343><STEAM_0:0:1365425199><>" became an admin (account "Euforia") (access "t") (address "188.123.245.19")
L 09/22/2011 - 15:28:36: [admin_amxbans.amxx] Login: "Euforia<344><STEAM_0:0:1365425199><>" became an admin (account "Euforia") (access "t") (address "188.123.245.19")
L 09/22/2011 - 15:31:52: [admin_amxbans.amxx] Login: "Euforia<351><STEAM_0:0:1365425199><>" became an admin (account "Euforia") (access "t") (address "188.123.245.19")
L 09/22/2011 - 15:37:55: [voteban.amxx] Voteban starter F1-[G]amin[G] |G-man against ---(0o)->$Hk1PeR STEAM_0:0:1588361959
L 09/22/2011 - 15:38:10: [voteban.amxx] [AMXX] BANNED: ---(0o)->$Hk1PeR, STARTER: F1-[G]amin[G] |G-man
L 09/22/2011 - 15:38:11: [amxbans.amxx]  Зомби сервер (x_x(O_o)x_x) Go Zombie !!!<0><><> banned ---(0o)->$Hk1PeR<STEAM_0:0:1588361959> for 15 minutes (15 minutes). Reason: VIP->F1-[G]amin[G] |G-man.
L 09/22/2011 - 15:41:12: [voteban.amxx] Voteban starter F1-[G]amin[G] |G-man against Tema C: STEAM_0:4:2016399749
L 09/22/2011 - 15:41:27: [voteban.amxx] [AMXX] BANNED: Tema C:, STARTER: F1-[G]amin[G] |G-man
L 09/22/2011 - 15:41:28: [amxbans.amxx]  Зомби сервер (x_x(O_o)x_x) Go Zombie !!!<0><><> banned Tema C:<STEAM_0:4:2016399749> for 15 minutes (15 minutes). Reason: VIP->F1-[G]amin[G] |G-man.
L 09/22/2011 - 15:43:55: -------- Mapchange to zm_666_brick --------
L 09/22/2011 - 15:43:55: [admin_amxbans.amxx] Login: "F1-[G]amin[G] |G-man<322><STEAM_0:0:299692916><>" became an admin (account "F1-[G]amin[G] |G-man") (access "t") (address "194.0.68.126")
L 09/22/2011 - 15:43:56: [amxbans.amxx] [AMXBANS] AMXBans 5.0 is online
L 09/22/2011 - 15:44:01: [amxbans.amxx] [Amxbans] Query failed!
L 09/22/2011 - 15:44:01: [amxbans.amxx] [Amxbans] Threaded query error, location: 18
L 09/22/2011 - 15:44:01: [amxbans.amxx] [Amxbans] Message: You have an error in your SQL syntax; check the manual that corresponds to your MySQL server version for the right syntax to use near ''amxban' at line 1 (1064)
L 09/22/2011 - 15:44:01: [amxbans.amxx] [Amxbans] Query statement: 
L 09/22/2011 - 15:44:01: [admin_amxbans.amxx] Login: "Euforia<361><STEAM_0:0:1365425199><>" became an admin (account "Euforia") (access "t") (address "188.123.245.19")
L 09/22/2011 - 15:44:15: [admin_amxbans.amxx] Login: "Euforia<365><STEAM_0:0:1365425199><>" became an admin (account "Euforia") (access "t") (address "188.123.245.19")
L 09/22/2011 - 15:44:33: [voteban.amxx] Voteban starter F1-[G]amin[G] |G-man against Tema C: STEAM_0:4:1950044549
L 09/22/2011 - 15:44:48: [voteban.amxx] [AMXX] BANNED: Tema C:, STARTER: F1-[G]amin[G] |G-man
L 09/22/2011 - 15:44:49: [amxbans.amxx]  Зомби сервер (x_x(O_o)x_x) Go Zombie !!!<0><><> banned Tema C:<STEAM_0:4:1950044549> for 15 minutes (15 minutes). Reason: VIP->F1-[G]amin[G] |G-man.
L 09/22/2011 - 16:04:35: -------- Mapchange to ze_train_back_lg --------
L 09/22/2011 - 16:04:35: [admin_amxbans.amxx] Login: "Euforia<365><STEAM_0:0:1365425199><>" became an admin (account "Euforia") (access "t") (address "188.123.245.19")
L 09/22/2011 - 16:04:35: [admin_amxbans.amxx] Login: "F1-[G]amin[G] |G-man<322><STEAM_0:0:299692916><>" became an admin (account "F1-[G]amin[G] |G-man") (access "t") (address "194.0.68.126")
L 09/22/2011 - 16:04:36: [amxbans.amxx] [AMXBANS] AMXBans 5.0 is online
L 09/22/2011 - 16:04:40: [admin_amxbans.amxx] Login: "F1-[G]amin[G] |G-man<401><STEAM_0:0:299692916><>" became an admin (account "F1-[G]amin[G] |G-man") (access "t") (address "194.0.68.126")
L 09/22/2011 - 16:04:42: [amxbans.amxx] [Amxbans] Query failed!
L 09/22/2011 - 16:04:42: [amxbans.amxx] [Amxbans] Threaded query error, location: 18
L 09/22/2011 - 16:04:42: [amxbans.amxx] [Amxbans] Message: You have an error in your SQL syntax; check the manual that corresponds to your MySQL server version for the right syntax to use near ''amxban' at line 1 (1064)
L 09/22/2011 - 16:04:42: [amxbans.amxx] [Amxbans] Query statement: 
L 09/22/2011 - 16:04:49: [amxbans.amxx] [Amxbans] Query failed!
L 09/22/2011 - 16:04:49: [amxbans.amxx] [Amxbans] Threaded query error, location: 18
L 09/22/2011 - 16:04:49: [amxbans.amxx] [Amxbans] Message: You have an error in your SQL syntax; check the manual that corresponds to your MySQL server version for the right syntax to use near ''amxban' at line 1 (1064)
L 09/22/2011 - 16:04:49: [amxbans.amxx] [Amxbans] Query statement: 
L 09/22/2011 - 16:05:02: [admin_amxbans.amxx] Login: "Euforia<408><STEAM_0:0:1365425199><>" became an admin (account "Euforia") (access "t") (address "188.123.245.19")
L 09/22/2011 - 16:17:02: -------- Mapchange to zm_303 --------
L 09/22/2011 - 16:17:03: [admin_amxbans.amxx] Login: "F1-[G]amin[G] |G-man<401><STEAM_0:0:299692916><>" became an admin (account "F1-[G]amin[G] |G-man") (access "t") (address "194.0.68.126")
L 09/22/2011 - 16:17:04: [amxbans.amxx] [AMXBANS] AMXBans 5.0 is online
L 09/22/2011 - 16:38:46: [admin_amxbans.amxx] Login: "F1-[G]amin[G] |G-man<461><STEAM_0:0:299692916><>" became an admin (account "F1-[G]amin[G] |G-man") (access "t") (address "194.0.68.126")
L 09/22/2011 - 16:42:08: [admin_amxbans.amxx] Login: "F1-[G]amin[G] |G-man<463><STEAM_0:0:299692916><>" became an admin (account "F1-[G]amin[G] |G-man") (access "t") (address "194.0.68.126")
L 09/22/2011 - 16:47:42: -------- Mapchange to zm_dwarf --------
L 09/22/2011 - 16:47:43: [admin_amxbans.amxx] Login: "F1-[G]amin[G] |G-man<463><STEAM_0:0:299692916><>" became an admin (account "F1-[G]amin[G] |G-man") (access "t") (address "194.0.68.126")
L 09/22/2011 - 16:47:44: [amxbans.amxx] [AMXBANS] AMXBans 5.0 is online
L 09/22/2011 - 16:56:45: [voteban.amxx] Voteban starter F1-[G]amin[G] |G-man against [S.W.A.T]_Jahmal STEAM_0:0:299207520
L 09/22/2011 - 16:57:00: [voteban.amxx] [AMXX] BANNED: [S.W.A.T]_Jahmal, STARTER: F1-[G]amin[G] |G-man
L 09/22/2011 - 16:57:01: [amxbans.amxx]  Зомби сервер (x_x(O_o)x_x) Go Zombie !!!<0><><> banned [S.W.A.T]_Jahmal<STEAM_0:0:299207520> for 15 minutes (15 minutes). Reason: VIP->F1-[G]amin[G] |G-man.
L 09/22/2011 - 17:00:42: [amxbans.amxx] [Amxbans] Query failed!
L 09/22/2011 - 17:00:42: [amxbans.amxx] [Amxbans] Threaded query error, location: 18
L 09/22/2011 - 17:00:42: [amxbans.amxx] [Amxbans] Message: You have an error in your SQL syntax; check the manual that corresponds to your MySQL server version for the right syntax to use near ''amxb' at line 1 (1064)
L 09/22/2011 - 17:00:42: [amxbans.amxx] [Amxbans] Query statement: 
L 09/22/2011 - 17:07:49: -------- Mapchange to 016 --------
L 09/22/2011 - 17:07:50: [admin_amxbans.amxx] Login: "F1-[G]amin[G] |G-man<463><STEAM_0:0:299692916><>" became an admin (account "F1-[G]amin[G] |G-man") (access "t") (address "194.0.68.126")
L 09/22/2011 - 17:07:50: [admin_amxbans.amxx] Login: "F1-[G]amin[G] |G-man<463><STEAM_0:0:299692916><>" became an admin (account "F1-[G]amin[G] |G-man") (access "t") (address "194.0.68.126")
L 09/22/2011 - 17:07:51: [amxbans.amxx] [AMXBANS] AMXBans 5.0 is online
L 09/22/2011 - 17:07:56: [amxbans.amxx] [Amxbans] Query failed!
L 09/22/2011 - 17:07:56: [amxbans.amxx] [Amxbans] Threaded query error, location: 18
L 09/22/2011 - 17:07:56: [amxbans.amxx] [Amxbans] Message: You have an error in your SQL syntax; check the manual that corresponds to your MySQL server version for the right syntax to use near ''amxb' at line 1 (1064)
L 09/22/2011 - 17:07:56: [amxbans.amxx] [Amxbans] Query statement: 
L 09/22/2011 - 17:18:10: [voteban.amxx] Voteban starter F1-[G]amin[G] |G-man against //Neo STEAM_0:0:1241555531
L 09/22/2011 - 17:18:25: [voteban.amxx] [AMXX] BANNED: //Neo, STARTER: F1-[G]amin[G] |G-man
L 09/22/2011 - 17:18:26: [amxbans.amxx]  Зомби сервер (x_x(O_o)x_x) Go Zombie !!!<0><><> banned //Neo<STEAM_0:0:1241555531> for 15 minutes (15 minutes). Reason: VIP->F1-[G]amin[G] |G-man.
L 09/22/2011 - 17:36:00: [admin_amxbans.amxx] Login: "Zloy-Tupoy-Buhoy [Str,RUS]<553><STEAM_0:4:508374731><>" became an admin (account "Zloy-Tupoy-Buhoy [Str,RUS]") (access "t") (address "46.191.198.149")
L 09/22/2011 - 17:40:34: -------- Mapchange to zm_houses --------
L 09/22/2011 - 17:40:35: [admin_amxbans.amxx] Login: "Zloy-Tupoy-Buhoy [Str,RUS]<553><STEAM_0:4:508374731><>" became an admin (account "Zloy-Tupoy-Buhoy [Str,RUS]") (access "t") (address "46.191.198.149")
L 09/22/2011 - 17:40:35: [admin_amxbans.amxx] Login: "F1-[G]amin[G] |G-man<463><STEAM_0:0:299692916><>" became an admin (account "F1-[G]amin[G] |G-man") (access "t") (address "194.0.68.126")
L 09/22/2011 - 17:40:36: [amxbans.amxx] [AMXBANS] AMXBans 5.0 is online
L 09/22/2011 - 17:40:42: [amxbans.amxx] [Amxbans] Query failed!
L 09/22/2011 - 17:40:42: [amxbans.amxx] [Amxbans] Threaded query error, location: 18
L 09/22/2011 - 17:40:42: [amxbans.amxx] [Amxbans] Message: You have an error in your SQL syntax; check the manual that corresponds to your MySQL server version for the right syntax to use near ''amxb' at line 1 (1064)
L 09/22/2011 - 17:40:42: [amxbans.amxx] [Amxbans] Query statement: 
L 09/22/2011 - 17:42:39: [voteban.amxx] Voteban starter Zloy-Tupoy-Buhoy [Str,RUS] against S.T.A.L.K.E.R. (Rus85) STEAM_0:0:245971539
L 09/22/2011 - 17:42:54: [voteban.amxx] [AMXX] BANNED: S.T.A.L.K.E.R. (Rus85), STARTER: Zloy-Tupoy-Buhoy [Str,RUS]
L 09/22/2011 - 17:52:25: [admin_amxbans.amxx] Login: "Euforia<596><STEAM_0:0:1365425199><>" became an admin (account "Euforia") (access "t") (address "188.123.245.19")
L 09/22/2011 - 17:52:28: [admin_amxbans.amxx] Login: "Euforia<597><STEAM_0:0:1365425199><>" became an admin (account "Euforia") (access "t") (address "188.123.245.19")
L 09/22/2011 - 17:59:12: [voteban.amxx] Voteban starter Zloy-Tupoy-Buhoy [Str,RUS] against nikita STEAM_0:0:1566760854
L 09/22/2011 - 17:59:27: [voteban.amxx] [AMXX] BANNED: nikita, STARTER: Zloy-Tupoy-Buhoy [Str,RUS]
L 09/22/2011 - 17:59:28: [amxbans.amxx]  Зомби сервер (x_x(O_o)x_x) Go Zombie !!!<0><><> banned nikita<STEAM_0:0:1566760854> for 15 minutes (15 minutes). Reason: VIP->Zloy-Tupoy-Buhoy [Str,RUS].
L 09/22/2011 - 18:01:32: [voteban.amxx] Voteban starter Zloy-Tupoy-Buhoy [Str,RUS] against .:Spike:. STEAM_0:4:2073604485
L 09/22/2011 - 18:01:47: [voteban.amxx] [AMXX] BANNED: .:Spike:., STARTER: Zloy-Tupoy-Buhoy [Str,RUS]
L 09/22/2011 - 18:01:48: [amxbans.amxx]  Зомби сервер (x_x(O_o)x_x) Go Zombie !!!<0><><> banned .:Spike:.<STEAM_0:4:2073604485> for 15 minutes (15 minutes). Reason: VIP->Zloy-Tupoy-Buhoy [Str,RUS].
L 09/22/2011 - 18:03:53: -------- Mapchange to ze_lift_escape_b5 --------
L 09/22/2011 - 18:03:53: [admin_amxbans.amxx] Login: "Zloy-Tupoy-Buhoy [Str,RUS]<553><STEAM_0:4:508374731><>" became an admin (account "Zloy-Tupoy-Buhoy [Str,RUS]") (access "t") (address "46.191.198.149")
L 09/22/2011 - 18:03:54: [amxbans.amxx] [AMXBANS] AMXBans 5.0 is online
L 09/22/2011 - 18:04:00: [amxbans.amxx] [Amxbans] Query failed!
L 09/22/2011 - 18:04:00: [amxbans.amxx] [Amxbans] Threaded query error, location: 18
L 09/22/2011 - 18:04:00: [amxbans.amxx] [Amxbans] Message: You have an error in your SQL syntax; check the manual that corresponds to your MySQL server version for the right syntax to use near ''amxb' at line 1 (1064)
L 09/22/2011 - 18:04:00: [amxbans.amxx] [Amxbans] Query statement: 
L 09/22/2011 - 18:18:10: [voteban.amxx] Voteban starter Zloy-Tupoy-Buhoy [Str,RUS] against [S.W.A.T] Denis STEAM_0:0:2109169376
L 09/22/2011 - 18:18:25: [voteban.amxx] [AMXX] BANNED: [S.W.A.T] Denis, STARTER: Zloy-Tupoy-Buhoy [Str,RUS]
L 09/22/2011 - 18:18:25: [amxbans.amxx]  Зомби сервер (x_x(O_o)x_x) Go Zombie !!!<0><><> banned [S.W.A.T] Denis<STEAM_0:0:2109169376> for 15 minutes (15 minutes). Reason: VIP->Zloy-Tupoy-Buhoy [Str,RUS].
L 09/22/2011 - 18:19:29: -------- Mapchange to cs_militia --------
L 09/22/2011 - 18:19:33: [admin_amxbans.amxx] Login: "Zloy-Tupoy-Buhoy [Str,RUS]<553><STEAM_0:4:508374731><>" became an admin (account "Zloy-Tupoy-Buhoy [Str,RUS]") (access "t") (address "46.191.198.149")
L 09/22/2011 - 18:19:34: [amxbans.amxx] [AMXBANS] AMXBans 5.0 is online
L 09/22/2011 - 18:19:41: [amxbans.amxx] [Amxbans] Query failed!
L 09/22/2011 - 18:19:41: [amxbans.amxx] [Amxbans] Threaded query error, location: 18
L 09/22/2011 - 18:19:41: [amxbans.amxx] [Amxbans] Message: You have an error in your SQL syntax; check the manual that corresponds to your MySQL server version for the right syntax to use near ''amxb' at line 1 (1064)
L 09/22/2011 - 18:19:41: [amxbans.amxx] [Amxbans] Query statement: 
L 09/22/2011 - 18:20:08: [amxbans.amxx] [Amxbans] Query failed!
L 09/22/2011 - 18:20:08: [amxbans.amxx] [Amxbans] Threaded query error, location: 18
L 09/22/2011 - 18:20:08: [amxbans.amxx] [Amxbans] Message: You have an error in your SQL syntax; check the manual that corresponds to your MySQL server version for the right syntax to use near '' at line 1 (1064)
L 09/22/2011 - 18:20:08: [amxbans.amxx] [Amxbans] Query statement: 
L 09/22/2011 - 18:40:21: -------- Mapchange to zm_alfresco_v2 --------
L 09/22/2011 - 18:40:22: [admin_amxbans.amxx] Login: "Zloy-Tupoy-Buhoy [Str,RUS]<553><STEAM_0:4:508374731><>" became an admin (account "Zloy-Tupoy-Buhoy [Str,RUS]") (access "t") (address "46.191.198.149")
L 09/22/2011 - 18:40:23: [amxbans.amxx] [AMXBANS] AMXBans 5.0 is online
L 09/22/2011 - 18:40:28: [amxbans.amxx] [Amxbans] Query failed!
L 09/22/2011 - 18:40:28: [amxbans.amxx] [Amxbans] Threaded query error, location: 18
L 09/22/2011 - 18:40:28: [amxbans.amxx] [Amxbans] Message: You have an error in your SQL syntax; check the manual that corresponds to your MySQL server version for the right syntax to use near ''amxb' at line 1 (1064)
L 09/22/2011 - 18:40:28: [amxbans.amxx] [Amxbans] Query statement: 
L 09/22/2011 - 18:43:48: [amxbans.amxx] [Amxbans] Query failed!
L 09/22/2011 - 18:43:48: [amxbans.amxx] [Amxbans] Threaded query error, location: 18
L 09/22/2011 - 18:43:48: [amxbans.amxx] [Amxbans] Message: You have an error in your SQL syntax; check the manual that corresponds to your MySQL server version for the right syntax to use near '' at line 1 (1064)
L 09/22/2011 - 18:43:48: [amxbans.amxx] [Amxbans] Query statement: 
L 09/22/2011 - 19:02:31: -------- Mapchange to zm_fdust2x2 --------
L 09/22/2011 - 19:02:32: [admin_amxbans.amxx] Login: "Zloy-Tupoy-Buhoy [Str,RUS]<553><STEAM_0:4:508374731><>" became an admin (account "Zloy-Tupoy-Buhoy [Str,RUS]") (access "t") (address "46.191.198.149")
L 09/22/2011 - 19:02:33: [amxbans.amxx] [AMXBANS] AMXBans 5.0 is online
L 09/22/2011 - 19:02:40: [amxbans.amxx] [Amxbans] Query failed!
L 09/22/2011 - 19:02:40: [amxbans.amxx] [Amxbans] Threaded query error, location: 18
L 09/22/2011 - 19:02:40: [amxbans.amxx] [Amxbans] Message: You have an error in your SQL syntax; check the manual that corresponds to your MySQL server version for the right syntax to use near ''amxb' at line 1 (1064)
L 09/22/2011 - 19:02:40: [amxbans.amxx] [Amxbans] Query statement: 
L 09/22/2011 - 19:02:40: [amxbans.amxx] [Amxbans] Query failed!
L 09/22/2011 - 19:02:40: [amxbans.amxx] [Amxbans] Threaded query error, location: 18
L 09/22/2011 - 19:02:40: [amxbans.amxx] [Amxbans] Message: You have an error in your SQL syntax; check the manual that corresponds to your MySQL server version for the right syntax to use near '' at line 1 (1064)
L 09/22/2011 - 19:02:40: [amxbans.amxx] [Amxbans] Query statement: 
L 09/22/2011 - 19:11:20: [admin_amxbans.amxx] Login: "Zloy-Tupoy-Buhoy [Str,RUS]<761><STEAM_0:4:508374731><>" became an admin (account "Zloy-Tupoy-Buhoy [Str,RUS]") (access "t") (address "46.191.198.149")
L 09/22/2011 - 19:25:46: -------- Mapchange to zm_666_brick --------
L 09/22/2011 - 19:25:47: [admin_amxbans.amxx] Login: "Zloy-Tupoy-Buhoy [Str,RUS]<761><STEAM_0:4:508374731><>" became an admin (account "Zloy-Tupoy-Buhoy [Str,RUS]") (access "t") (address "46.191.198.149")
L 09/22/2011 - 19:25:48: [amxbans.amxx] [AMXBANS] AMXBans 5.0 is online
L 09/22/2011 - 19:25:54: [amxbans.amxx] [Amxbans] Query failed!
L 09/22/2011 - 19:25:54: [amxbans.amxx] [Amxbans] Threaded query error, location: 18
L 09/22/2011 - 19:25:54: [amxbans.amxx] [Amxbans] Message: You have an error in your SQL syntax; check the manual that corresponds to your MySQL server version for the right syntax to use near ''amxb' at line 1 (1064)
L 09/22/2011 - 19:25:54: [amxbans.amxx] [Amxbans] Query statement: 
L 09/22/2011 - 19:46:42: -------- Mapchange to ze_jurassicpark --------
L 09/22/2011 - 19:46:44: [amxbans.amxx] [AMXBANS] AMXBans 5.0 is online
L 09/22/2011 - 19:46:50: [amxbans.amxx] [Amxbans] Query failed!
L 09/22/2011 - 19:46:50: [amxbans.amxx] [Amxbans] Threaded query error, location: 18
L 09/22/2011 - 19:46:50: [amxbans.amxx] [Amxbans] Message: You have an error in your SQL syntax; check the manual that corresponds to your MySQL server version for the right syntax to use near ''amxb' at line 1 (1064)
L 09/22/2011 - 19:46:50: [amxbans.amxx] [Amxbans] Query statement: 
L 09/22/2011 - 20:07:30: [admin_amxbans.amxx] Login: "Zloy-Tupoy-Buhoy [Str,RUS]<828><STEAM_0:4:927805131><>" became an admin (account "Zloy-Tupoy-Buhoy [Str,RUS]") (access "t") (address "46.191.198.199")
L 09/22/2011 - 20:08:49: -------- Mapchange to zm_caca --------
L 09/22/2011 - 20:08:50: [admin_amxbans.amxx] Login: "Zloy-Tupoy-Buhoy [Str,RUS]<828><STEAM_0:4:927805131><>" became an admin (account "Zloy-Tupoy-Buhoy [Str,RUS]") (access "t") (address "46.191.198.199")
L 09/22/2011 - 20:08:50: [amxbans.amxx] [AMXBANS] AMXBans 5.0 is online
L 09/22/2011 - 20:08:57: [amxbans.amxx] [Amxbans] Query failed!
L 09/22/2011 - 20:08:57: [amxbans.amxx] [Amxbans] Threaded query error, location: 18
L 09/22/2011 - 20:08:57: [amxbans.amxx] [Amxbans] Message: You have an error in your SQL syntax; check the manual that corresponds to your MySQL server version for the right syntax to use near ''amxb' at line 1 (1064)
L 09/22/2011 - 20:08:57: [amxbans.amxx] [Amxbans] Query statement: 
L 09/22/2011 - 20:22:06: [amxbans.amxx] [Amxbans] Query failed!
L 09/22/2011 - 20:22:06: [amxbans.amxx] [Amxbans] Threaded query error, location: 18
L 09/22/2011 - 20:22:06: [amxbans.amxx] [Amxbans] Message: You have an error in your SQL syntax; check the manual that corresponds to your MySQL server version for the right syntax to use near ''Ba' at line 1 (1064)
L 09/22/2011 - 20:22:06: [amxbans.amxx] [Amxbans] Query statement: 
L 09/22/2011 - 20:22:29: [amxbans.amxx] [Amxbans] Query failed!
L 09/22/2011 - 20:22:29: [amxbans.amxx] [Amxbans] Threaded query error, location: 18
L 09/22/2011 - 20:22:29: [amxbans.amxx] [Amxbans] Message: You have an error in your SQL syntax; check the manual that corresponds to your MySQL server version for the right syntax to use near ''Ba' at line 1 (1064)
L 09/22/2011 - 20:22:29: [amxbans.amxx] [Amxbans] Query statement: 
L 09/22/2011 - 20:24:07: [amxbans.amxx] [Amxbans] Query failed!
L 09/22/2011 - 20:24:07: [amxbans.amxx] [Amxbans] Threaded query error, location: 18
L 09/22/2011 - 20:24:07: [amxbans.amxx] [Amxbans] Message: You have an error in your SQL syntax; check the manual that corresponds to your MySQL server version for the right syntax to use near ''amxban' at line 1 (1064)
L 09/22/2011 - 20:24:07: [amxbans.amxx] [Amxbans] Query statement: 
L 09/22/2011 - 20:30:22: -------- Mapchange to 016 --------
L 09/22/2011 - 20:30:23: [admin_amxbans.amxx] Login: "Zloy-Tupoy-Buhoy [Str,RUS]<828><STEAM_0:4:927805131><>" became an admin (account "Zloy-Tupoy-Buhoy [Str,RUS]") (access "t") (address "46.191.198.199")
L 09/22/2011 - 20:30:24: [amxbans.amxx] [AMXBANS] AMXBans 5.0 is online
L 09/22/2011 - 20:30:30: [amxbans.amxx] [Amxbans] Query failed!
L 09/22/2011 - 20:30:30: [amxbans.amxx] [Amxbans] Threaded query error, location: 18
L 09/22/2011 - 20:30:30: [amxbans.amxx] [Amxbans] Message: You have an error in your SQL syntax; check the manual that corresponds to your MySQL server version for the right syntax to use near ''amxb' at line 1 (1064)
L 09/22/2011 - 20:30:30: [amxbans.amxx] [Amxbans] Query statement: 
L 09/22/2011 - 20:30:31: [amxbans.amxx] [Amxbans] Query failed!
L 09/22/2011 - 20:30:31: [amxbans.amxx] [Amxbans] Threaded query error, location: 18
L 09/22/2011 - 20:30:31: [amxbans.amxx] [Amxbans] Message: You have an error in your SQL syntax; check the manual that corresponds to your MySQL server version for the right syntax to use near ''amxb' at line 1 (1064)
L 09/22/2011 - 20:30:31: [amxbans.amxx] [Amxbans] Query statement: 
L 09/22/2011 - 20:30:32: [amxbans.amxx] [Amxbans] Query failed!
L 09/22/2011 - 20:30:32: [amxbans.amxx] [Amxbans] Threaded query error, location: 18
L 09/22/2011 - 20:30:32: [amxbans.amxx] [Amxbans] Message: You have an error in your SQL syntax; check the manual that corresponds to your MySQL server version for the right syntax to use near ''amxban' at line 1 (1064)
L 09/22/2011 - 20:30:32: [amxbans.amxx] [Amxbans] Query statement: 
L 09/22/2011 - 20:34:19: [voteban.amxx] Voteban starter Zloy-Tupoy-Buhoy [Str,RUS] against [o] DuzyLysyOrk STEAM_0:0:27307337
L 09/22/2011 - 20:34:34: [voteban.amxx] [AMXX] BANNED: [o] DuzyLysyOrk, STARTER: Zloy-Tupoy-Buhoy [Str,RUS]
L 09/22/2011 - 20:34:35: [amxbans.amxx]  Зомби сервер (x_x(O_o)x_x) Go Zombie !!!<0><><> banned [o] DuzyLysyOrk<STEAM_0:0:27307337> for 15 minutes (15 minutes). Reason: VIP->Zloy-Tupoy-Buhoy [Str,RUS].
L 09/22/2011 - 20:42:02: [admin_amxbans.amxx] Login: "Lenusjka<903><STEAM_0:4:1429483121><>" kicked due to invalid password (account "Lenusjka") (address "91.190.52.3")
L 09/22/2011 - 21:00:45: -------- Mapchange to zm_dwarf --------
L 09/22/2011 - 21:00:46: [admin_amxbans.amxx] Login: "Zloy-Tupoy-Buhoy [Str,RUS]<828><STEAM_0:4:927805131><>" became an admin (account "Zloy-Tupoy-Buhoy [Str,RUS]") (access "t") (address "46.191.198.199")
L 09/22/2011 - 21:00:46: [amxbans.amxx] [AMXBANS] AMXBans 5.0 is online
L 09/22/2011 - 21:00:52: [amxbans.amxx] [Amxbans] Query failed!
L 09/22/2011 - 21:00:52: [amxbans.amxx] [Amxbans] Threaded query error, location: 18
L 09/22/2011 - 21:00:52: [amxbans.amxx] [Amxbans] Message: You have an error in your SQL syntax; check the manual that corresponds to your MySQL server version for the right syntax to use near ''amxb' at line 1 (1064)
L 09/22/2011 - 21:00:52: [amxbans.amxx] [Amxbans] Query statement: 
L 09/22/2011 - 21:00:53: [amxbans.amxx] [Amxbans] Query failed!
L 09/22/2011 - 21:00:53: [amxbans.amxx] [Amxbans] Threaded query error, location: 18
L 09/22/2011 - 21:00:53: [amxbans.amxx] [Amxbans] Message: You have an error in your SQL syntax; check the manual that corresponds to your MySQL server version for the right syntax to use near ''amxban' at line 1 (1064)
L 09/22/2011 - 21:00:53: [amxbans.amxx] [Amxbans] Query statement: 
L 09/22/2011 - 21:03:35: [voteban.amxx] Voteban starter Zloy-Tupoy-Buhoy [Str,RUS] against S.T.A.L.K.E.R. (Rus85) STEAM_0:0:245971539
L 09/22/2011 - 21:03:50: [voteban.amxx] [AMXX] BANNED: S.T.A.L.K.E.R. (Rus85), STARTER: Zloy-Tupoy-Buhoy [Str,RUS]
L 09/22/2011 - 21:21:11: -------- Mapchange to ze_egypt --------
L 09/22/2011 - 21:21:12: [admin_amxbans.amxx] Login: "Zloy-Tupoy-Buhoy [Str,RUS]<828><STEAM_0:4:927805131><>" became an admin (account "Zloy-Tupoy-Buhoy [Str,RUS]") (access "t") (address "46.191.198.199")
L 09/22/2011 - 21:21:12: [amxbans.amxx] [AMXBANS] AMXBans 5.0 is online
L 09/22/2011 - 21:21:17: [amxbans.amxx] [Amxbans] Query failed!
L 09/22/2011 - 21:21:17: [amxbans.amxx] [Amxbans] Threaded query error, location: 18
L 09/22/2011 - 21:21:17: [amxbans.amxx] [Amxbans] Message: You have an error in your SQL syntax; check the manual that corresponds to your MySQL server version for the right syntax to use near ''amxb' at line 1 (1064)
L 09/22/2011 - 21:21:17: [amxbans.amxx] [Amxbans] Query statement: 
L 09/22/2011 - 21:21:19: [admin_amxbans.amxx] Login: "Zloy-Tupoy-Buhoy [Str,RUS]<999><STEAM_0:4:927805131><>" became an admin (account "Zloy-Tupoy-Buhoy [Str,RUS]") (access "t") (address "46.191.198.199")
L 09/22/2011 - 21:21:21: [amxbans.amxx] [Amxbans] Query failed!
L 09/22/2011 - 21:21:21: [amxbans.amxx] [Amxbans] Threaded query error, location: 18
L 09/22/2011 - 21:21:21: [amxbans.amxx] [Amxbans] Message: You have an error in your SQL syntax; check the manual that corresponds to your MySQL server version for the right syntax to use near ''amxb' at line 1 (1064)
L 09/22/2011 - 21:21:21: [amxbans.amxx] [Amxbans] Query statement: 
L 09/22/2011 - 21:37:30: -------- Mapchange to cs_militia --------
L 09/22/2011 - 21:37:35: [amxbans.amxx] [AMXBANS] AMXBans 5.0 is online
L 09/22/2011 - 21:37:39: [amxbans.amxx] [Amxbans] Query failed!
L 09/22/2011 - 21:37:39: [amxbans.amxx] [Amxbans] Threaded query error, location: 18
L 09/22/2011 - 21:37:39: [amxbans.amxx] [Amxbans] Message: You have an error in your SQL syntax; check the manual that corresponds to your MySQL server version for the right syntax to use near ''amxb' at line 1 (1064)
L 09/22/2011 - 21:37:39: [amxbans.amxx] [Amxbans] Query statement: 
L 09/22/2011 - 21:59:14: -------- Mapchange to zm_decline2k --------
L 09/22/2011 - 21:59:15: [amxbans.amxx] [AMXBANS] AMXBans 5.0 is online
L 09/22/2011 - 22:21:15: -------- Mapchange to zm_303 --------
L 09/22/2011 - 22:21:17: [amxbans.amxx] [AMXBANS] AMXBans 5.0 is online
L 09/22/2011 - 22:26:17: [admin_amxbans.amxx] Login: "stop!<1130><STEAM_0:4:446327478><>" became an admin (account "212.55.104.156") (access "abcdefgijlmnopqrstu") (address "212.55.104.156")
L 09/22/2011 - 22:26:31: [admin_amxbans.amxx] Login: "stop!<1132><STEAM_0:4:446327478><>" became an admin (account "212.55.104.156") (access "abcdefgijlmnopqrstu") (address "212.55.104.156")
L 09/22/2011 - 22:35:36: [admin_amxbans.amxx] Login: "~Helena~<1148><STEAM_0:4:1090539370><>" became an admin (account "~Helena~") (access "at") (address "109.124.92.43")
L 09/22/2011 - 22:42:10: [admin_amxbans.amxx] Login: "stop!<1153><STEAM_0:4:446327478><>" became an admin (account "212.55.104.156") (access "abcdefgijlmnopqrstu") (address "212.55.104.156")
L 09/22/2011 - 22:44:05: [admin_amxbans.amxx] Login: "stop!<1156><STEAM_0:4:446327478><>" became an admin (account "212.55.104.156") (access "abcdefgijlmnopqrstu") (address "212.55.104.156")
L 09/22/2011 - 22:49:39: [admin_amxbans.amxx] Login: "stop!<1163><STEAM_0:4:446327478><>" became an admin (account "212.55.104.156") (access "abcdefgijlmnopqrstu") (address "212.55.104.156")
L 09/22/2011 - 22:52:48: [mapsmenu.amxx] Cmd: "stop!<1163><STEAM_0:4:446327478><>" changelevel "zm_fdust2x2"
L 09/22/2011 - 22:52:50: -------- Mapchange to zm_fdust2x2 --------
L 09/22/2011 - 22:52:51: [admin_amxbans.amxx] Login: "~Helena~<1148><STEAM_0:4:1090539370><>" became an admin (account "~Helena~") (access "at") (address "109.124.92.43")
L 09/22/2011 - 22:52:51: [admin_amxbans.amxx] Login: "stop!<1163><STEAM_0:4:446327478><>" became an admin (account "212.55.104.156") (access "abcdefgijlmnopqrstu") (address "212.55.104.156")
L 09/22/2011 - 22:52:52: [amxbans.amxx] [AMXBANS] AMXBans 5.0 is online
L 09/22/2011 - 23:01:50: [admin_amxbans.amxx] Login: "Kortik<1181><STEAM_0:4:446327478><>" became an admin (account "212.55.104.156") (access "abcdefgijlmnopqrstu") (address "212.55.104.156")
L 09/22/2011 - 23:02:01: [admin_amxbans.amxx] Login: "Kortik<1182><STEAM_0:4:446327478><>" became an admin (account "212.55.104.156") (access "abcdefgijlmnopqrstu") (address "212.55.104.156")
L 09/22/2011 - 23:02:47: [plmenu.amxx] Kick: "Kortik<1182><STEAM_0:4:446327478><>" kick "*Miha_pro*=)_{xXx}<1174><STEAM_0:0:691752350><>"
L 09/22/2011 - 23:15:43: -------- Mapchange to ze_lift_escape_b5 --------
L 09/22/2011 - 23:15:45: [amxbans.amxx] [AMXBANS] AMXBans 5.0 is online
L 09/22/2011 - 23:16:13: [admin_amxbans.amxx] Login: "3JIou' Admin! -_-<1204><STEAM_0:4:446327478><>" became an admin (account "212.55.104.156") (access "abcdefgijlmnopqrstu") (address "212.55.104.156")
L 09/22/2011 - 23:16:19: [admin_amxbans.amxx] Login: "3JIou' Admin! -_-<1205><STEAM_0:4:446327478><>" became an admin (account "212.55.104.156") (access "abcdefgijlmnopqrstu") (address "212.55.104.156")
L 09/22/2011 - 23:30:44: -------- Mapchange to zm_666_brick --------
L 09/22/2011 - 23:30:45: [admin_amxbans.amxx] Login: "3JIou' Admin! -_-<1205><STEAM_0:4:446327478><>" became an admin (account "212.55.104.156") (access "abcdefgijlmnopqrstu") (address "212.55.104.156")
L 09/22/2011 - 23:30:46: [amxbans.amxx] [AMXBANS] AMXBans 5.0 is online
L 09/22/2011 - 23:31:00: [admin_amxbans.amxx] Login: "PRO100PRO<1214><STEAM_0:4:446327478><>" became an admin (account "212.55.104.156") (access "abcdefgijlmnopqrstu") (address "212.55.104.156")
L 09/22/2011 - 23:49:45: [admin_amxbans.amxx] Login: "Pe-PeHraH<1230><STEAM_0:4:446327478><>" became an admin (account "212.55.104.156") (access "abcdefgijlmnopqrstu") (address "212.55.104.156")
L 09/22/2011 - 23:51:07: -------- Mapchange to zm_caca --------
L 09/22/2011 - 23:51:07: [admin_amxbans.amxx] Login: "Pe-PeHraH<1230><STEAM_0:4:446327478><>" became an admin (account "212.55.104.156") (access "abcdefgijlmnopqrstu") (address "212.55.104.156")
L 09/22/2011 - 23:51:08: [amxbans.amxx] [AMXBANS] AMXBans 5.0 is online
