L 05/03/2011 - 00:29:21: [mapchooser_new.amxx] Vote: Voting for the nextmap started
L 05/03/2011 - 00:29:32: [mapchooser_new.amxx] Vote: Voting for the nextmap finished. The nextmap will be zm_neris
L 05/03/2011 - 00:29:33: -------- Mapchange to zm_neris --------
L 05/03/2011 - 00:29:34: [amxbans.amxx] [AMXBANS] AMXBans 5.0 подключен
L 05/03/2011 - 00:47:39: [mapchooser_new.amxx] Vote: Voting for the nextmap started
L 05/03/2011 - 00:47:49: [mapchooser_new.amxx] Vote: Voting for the nextmap finished. Map zm_neris will be extended to next 14. minutes
L 05/03/2011 - 01:29:39: [mapchooser_new.amxx] Vote: Voting for the nextmap started
L 05/03/2011 - 01:29:49: [mapchooser_new.amxx] Vote: Voting for the nextmap finished. The nextmap will be zm_die_hard_tn
L 05/03/2011 - 01:29:50: -------- Mapchange to zm_die_hard_tn --------
L 05/03/2011 - 01:29:52: [amxbans.amxx] [AMXBANS] AMXBans 5.0 подключен
L 05/03/2011 - 01:47:57: [mapchooser_new.amxx] Vote: Voting for the nextmap started
L 05/03/2011 - 01:48:07: [mapchooser_new.amxx] Vote: Voting for the nextmap finished. The nextmap will be zm_army
L 05/03/2011 - 01:48:08: -------- Mapchange to zm_army --------
L 05/03/2011 - 01:48:10: [amxbans.amxx] [AMXBANS] AMXBans 5.0 подключен
L 05/03/2011 - 02:06:14: [mapchooser_new.amxx] Vote: Voting for the nextmap started
L 05/03/2011 - 02:06:25: [mapchooser_new.amxx] Vote: Voting for the nextmap finished. The nextmap will be zm_houses
L 05/03/2011 - 02:06:26: -------- Mapchange to zm_houses --------
L 05/03/2011 - 02:06:28: [amxbans.amxx] [AMXBANS] AMXBans 5.0 подключен
L 05/03/2011 - 02:24:32: [mapchooser_new.amxx] Vote: Voting for the nextmap started
L 05/03/2011 - 02:24:42: [mapchooser_new.amxx] Vote: Voting for the nextmap finished. The nextmap will be zm_poison2
L 05/03/2011 - 02:24:43: -------- Mapchange to zm_poison2 --------
L 05/03/2011 - 02:24:45: [amxbans.amxx] [AMXBANS] AMXBans 5.0 подключен
L 05/03/2011 - 02:42:49: [mapchooser_new.amxx] Vote: Voting for the nextmap started
L 05/03/2011 - 02:43:00: [mapchooser_new.amxx] Vote: Voting for the nextmap finished. The nextmap will be zm_snow_camps
L 05/03/2011 - 02:43:01: -------- Mapchange to zm_snow_camps --------
L 05/03/2011 - 02:43:03: [amxbans.amxx] [AMXBANS] AMXBans 5.0 подключен
L 05/03/2011 - 03:01:07: [mapchooser_new.amxx] Vote: Voting for the nextmap started
L 05/03/2011 - 03:01:17: [mapchooser_new.amxx] Vote: Voting for the nextmap finished. The nextmap will be cs_estate
L 05/03/2011 - 03:01:19: -------- Mapchange to cs_estate --------
L 05/03/2011 - 03:01:22: [amxbans.amxx] [AMXBANS] AMXBans 5.0 подключен
L 05/03/2011 - 03:20:26: [mapchooser_new.amxx] Vote: Voting for the nextmap started
L 05/03/2011 - 03:20:37: [mapchooser_new.amxx] Vote: Voting for the nextmap finished. The nextmap will be zm_die_hard_tn
L 05/03/2011 - 03:23:24: -------- Mapchange to zm_die_hard_tn --------
L 05/03/2011 - 03:23:25: [amxbans.amxx] [AMXBANS] AMXBans 5.0 подключен
L 05/03/2011 - 03:41:45: [mapchooser_new.amxx] Vote: Voting for the nextmap started
L 05/03/2011 - 03:41:55: [mapchooser_new.amxx] Vote: Voting for the nextmap finished. The nextmap will be 016_rmk
L 05/03/2011 - 03:41:56: -------- Mapchange to 016_rmk --------
L 05/03/2011 - 03:41:58: [amxbans.amxx] [AMXBANS] AMXBans 5.0 подключен
L 05/03/2011 - 03:43:13: [admin_amxbans.amxx] Login: "Dumka<921><STEAM_0:0:1236438227><>" became an admin (account "172.23.65.13") (access "abcdefghijklmnopqrstu") (address "172.23.65.13")
L 05/03/2011 - 03:46:33: [admincmd.amxx] Cmd: "Dumka<921><STEAM_0:0:1236438227><>" ask for players list
L 05/03/2011 - 04:18:02: [mapchooser_new.amxx] Vote: Voting for the nextmap started
L 05/03/2011 - 04:18:13: [mapchooser_new.amxx] Vote: Voting for the nextmap finished. The nextmap will be zm_neris
L 05/03/2011 - 04:20:54: -------- Mapchange to zm_neris --------
L 05/03/2011 - 04:20:55: [admin_amxbans.amxx] Login: "Dumka<921><STEAM_0:0:1236438227><>" became an admin (account "172.23.65.13") (access "abcdefghijklmnopqrstu") (address "172.23.65.13")
L 05/03/2011 - 04:20:55: [admin_amxbans.amxx] Login: "Dumka<921><STEAM_0:0:1236438227><>" became an admin (account "172.23.65.13") (access "abcdefghijklmnopqrstu") (address "172.23.65.13")
L 05/03/2011 - 04:20:55: [admin_amxbans.amxx] Login: "Dumka<924><STEAM_0:0:1236438227><>" became an admin (account "172.23.65.13") (access "abcdefghijklmnopqrstu") (address "172.23.65.13")
L 05/03/2011 - 04:20:55: [amxbans.amxx] [AMXBANS] AMXBans 5.0 подключен
L 05/03/2011 - 04:39:00: [mapchooser_new.amxx] Vote: Voting for the nextmap started
L 05/03/2011 - 04:39:10: [mapchooser_new.amxx] Vote: Voting for the nextmap finished. The nextmap will be zm_die_hard_tn
L 05/03/2011 - 04:39:11: -------- Mapchange to zm_die_hard_tn --------
L 05/03/2011 - 04:39:13: [amxbans.amxx] [AMXBANS] AMXBans 5.0 подключен
L 05/03/2011 - 04:57:17: [mapchooser_new.amxx] Vote: Voting for the nextmap started
L 05/03/2011 - 04:57:28: [mapchooser_new.amxx] Vote: Voting for the nextmap finished. The nextmap will be zm_army
L 05/03/2011 - 04:57:29: -------- Mapchange to zm_army --------
L 05/03/2011 - 04:57:31: [amxbans.amxx] [AMXBANS] AMXBans 5.0 подключен
L 05/03/2011 - 05:15:35: [mapchooser_new.amxx] Vote: Voting for the nextmap started
L 05/03/2011 - 05:15:45: [mapchooser_new.amxx] Vote: Voting for the nextmap finished. The nextmap will be zm_houses
L 05/03/2011 - 05:15:46: -------- Mapchange to zm_houses --------
L 05/03/2011 - 05:15:48: [amxbans.amxx] [AMXBANS] AMXBans 5.0 подключен
L 05/03/2011 - 05:33:52: [mapchooser_new.amxx] Vote: Voting for the nextmap started
L 05/03/2011 - 05:34:03: [mapchooser_new.amxx] Vote: Voting for the nextmap finished. The nextmap will be zm_poison2
L 05/03/2011 - 05:34:04: -------- Mapchange to zm_poison2 --------
L 05/03/2011 - 05:34:06: [amxbans.amxx] [AMXBANS] AMXBans 5.0 подключен
L 05/03/2011 - 05:52:10: [mapchooser_new.amxx] Vote: Voting for the nextmap started
L 05/03/2011 - 05:52:21: [mapchooser_new.amxx] Vote: Voting for the nextmap finished. The nextmap will be zm_snow_camps
L 05/03/2011 - 05:52:22: -------- Mapchange to zm_snow_camps --------
L 05/03/2011 - 05:52:23: [amxbans.amxx] [AMXBANS] AMXBans 5.0 подключен
L 05/03/2011 - 06:10:28: [mapchooser_new.amxx] Vote: Voting for the nextmap started
L 05/03/2011 - 06:10:38: [mapchooser_new.amxx] Vote: Voting for the nextmap finished. The nextmap will be cs_estate
L 05/03/2011 - 06:10:39: -------- Mapchange to cs_estate --------
L 05/03/2011 - 06:10:42: [amxbans.amxx] [AMXBANS] AMXBans 5.0 подключен
L 05/03/2011 - 06:29:01: [mapchooser_new.amxx] Vote: Voting for the nextmap started
L 05/03/2011 - 06:29:12: [mapchooser_new.amxx] Vote: Voting for the nextmap finished. The nextmap will be 016_rmk
L 05/03/2011 - 06:29:13: -------- Mapchange to 016_rmk --------
L 05/03/2011 - 06:29:15: [amxbans.amxx] [AMXBANS] AMXBans 5.0 подключен
L 05/03/2011 - 06:47:19: [mapchooser_new.amxx] Vote: Voting for the nextmap started
L 05/03/2011 - 06:47:30: [mapchooser_new.amxx] Vote: Voting for the nextmap finished. The nextmap will be de_dust
L 05/03/2011 - 06:47:31: -------- Mapchange to de_dust --------
L 05/03/2011 - 06:47:34: [amxbans.amxx] [AMXBANS] AMXBans 5.0 подключен
L 05/03/2011 - 07:05:53: [mapchooser_new.amxx] Vote: Voting for the nextmap started
L 05/03/2011 - 07:06:03: [mapchooser_new.amxx] Vote: Voting for the nextmap finished. The nextmap will be zm_neris
L 05/03/2011 - 07:06:05: -------- Mapchange to zm_neris --------
L 05/03/2011 - 07:06:06: [amxbans.amxx] [AMXBANS] AMXBans 5.0 подключен
L 05/03/2011 - 07:24:11: [mapchooser_new.amxx] Vote: Voting for the nextmap started
L 05/03/2011 - 07:24:21: [mapchooser_new.amxx] Vote: Voting for the nextmap finished. The nextmap will be zm_die_hard_tn
L 05/03/2011 - 07:24:22: -------- Mapchange to zm_die_hard_tn --------
L 05/03/2011 - 07:24:24: [amxbans.amxx] [AMXBANS] AMXBans 5.0 подключен
L 05/03/2011 - 07:42:28: [mapchooser_new.amxx] Vote: Voting for the nextmap started
L 05/03/2011 - 07:42:39: [mapchooser_new.amxx] Vote: Voting for the nextmap finished. The nextmap will be zm_army
L 05/03/2011 - 07:42:40: -------- Mapchange to zm_army --------
L 05/03/2011 - 07:42:42: [amxbans.amxx] [AMXBANS] AMXBans 5.0 подключен
L 05/03/2011 - 08:00:46: [mapchooser_new.amxx] Vote: Voting for the nextmap started
L 05/03/2011 - 08:00:56: [mapchooser_new.amxx] Vote: Voting for the nextmap finished. The nextmap will be zm_houses
L 05/03/2011 - 08:00:57: -------- Mapchange to zm_houses --------
L 05/03/2011 - 08:00:59: [amxbans.amxx] [AMXBANS] AMXBans 5.0 подключен
L 05/03/2011 - 08:19:03: [mapchooser_new.amxx] Vote: Voting for the nextmap started
L 05/03/2011 - 08:19:14: [mapchooser_new.amxx] Vote: Voting for the nextmap finished. The nextmap will be cs_estate
L 05/03/2011 - 08:19:15: -------- Mapchange to cs_estate --------
L 05/03/2011 - 08:19:18: [amxbans.amxx] [AMXBANS] AMXBans 5.0 подключен
L 05/03/2011 - 08:32:50: [mapchooser_new.amxx] Vote: Voting for the nextmap started
L 05/03/2011 - 08:33:01: [mapchooser_new.amxx] Vote: Voting for the nextmap finished. The nextmap will be zm_army
L 05/03/2011 - 08:34:36: -------- Mapchange to zm_army --------
L 05/03/2011 - 08:34:38: [amxbans.amxx] [AMXBANS] AMXBans 5.0 подключен
L 05/03/2011 - 08:44:08: [mapchooser_new.amxx] Vote: Voting for the nextmap started
L 05/03/2011 - 08:44:18: [mapchooser_new.amxx] Vote: Voting for the nextmap finished. The nextmap will be 016_rmk
L 05/03/2011 - 08:45:15: -------- Mapchange to 016_rmk --------
L 05/03/2011 - 08:45:17: [amxbans.amxx] [AMXBANS] AMXBans 5.0 подключен
L 05/03/2011 - 09:03:36: [mapchooser_new.amxx] Vote: Voting for the nextmap started
L 05/03/2011 - 09:03:47: [mapchooser_new.amxx] Vote: Voting for the nextmap finished. The nextmap will be 016_rmk
L 05/03/2011 - 09:03:48: -------- Mapchange to 016_rmk --------
L 05/03/2011 - 09:03:50: [amxbans.amxx] [AMXBANS] AMXBans 5.0 подключен
L 05/03/2011 - 09:36:39: [mapchooser_new.amxx] Vote: Voting for the nextmap started
L 05/03/2011 - 09:36:49: [mapchooser_new.amxx] Vote: Voting for the nextmap finished. The nextmap will be de_dust
L 05/03/2011 - 09:36:50: -------- Mapchange to de_dust --------
L 05/03/2011 - 09:36:53: [amxbans.amxx] [AMXBANS] AMXBans 5.0 подключен
L 05/03/2011 - 09:55:13: [mapchooser_new.amxx] Vote: Voting for the nextmap started
L 05/03/2011 - 09:55:23: [mapchooser_new.amxx] Vote: Voting for the nextmap finished. The nextmap will be cs_estate
L 05/03/2011 - 09:55:24: -------- Mapchange to cs_estate --------
L 05/03/2011 - 09:55:27: [amxbans.amxx] [AMXBANS] AMXBans 5.0 подключен
L 05/03/2011 - 10:26:02: [mapchooser_new.amxx] Vote: Voting for the nextmap started
L 05/03/2011 - 10:26:12: [mapchooser_new.amxx] Vote: Voting for the nextmap finished. The nextmap will be zm_die_hard_tn
L 05/03/2011 - 10:28:49: -------- Mapchange to zm_die_hard_tn --------
L 05/03/2011 - 10:28:51: [amxbans.amxx] [AMXBANS] AMXBans 5.0 подключен
L 05/03/2011 - 10:47:10: [mapchooser_new.amxx] Vote: Voting for the nextmap started
L 05/03/2011 - 10:47:20: [mapchooser_new.amxx] Vote: Voting for the nextmap finished. The nextmap will be zm_army
L 05/03/2011 - 10:47:21: -------- Mapchange to zm_army --------
L 05/03/2011 - 10:47:23: [amxbans.amxx] [AMXBANS] AMXBans 5.0 подключен
L 05/03/2011 - 11:05:27: [mapchooser_new.amxx] Vote: Voting for the nextmap started
L 05/03/2011 - 11:05:38: [mapchooser_new.amxx] Vote: Voting for the nextmap finished. The nextmap will be zm_houses
L 05/03/2011 - 11:05:39: -------- Mapchange to zm_houses --------
L 05/03/2011 - 11:05:41: [amxbans.amxx] [AMXBANS] AMXBans 5.0 подключен
L 05/03/2011 - 11:23:45: [mapchooser_new.amxx] Vote: Voting for the nextmap started
L 05/03/2011 - 11:23:55: [mapchooser_new.amxx] Vote: Voting for the nextmap finished. The nextmap will be zm_poison2
L 05/03/2011 - 11:23:56: -------- Mapchange to zm_poison2 --------
L 05/03/2011 - 11:23:58: [amxbans.amxx] [AMXBANS] AMXBans 5.0 подключен
L 05/03/2011 - 11:42:03: [mapchooser_new.amxx] Vote: Voting for the nextmap started
L 05/03/2011 - 11:42:13: [mapchooser_new.amxx] Vote: Voting for the nextmap finished. The nextmap will be zm_snow_camps
L 05/03/2011 - 11:42:14: -------- Mapchange to zm_snow_camps --------
L 05/03/2011 - 11:42:16: [amxbans.amxx] [AMXBANS] AMXBans 5.0 подключен
L 05/03/2011 - 12:00:20: [mapchooser_new.amxx] Vote: Voting for the nextmap started
L 05/03/2011 - 12:00:31: [mapchooser_new.amxx] Vote: Voting for the nextmap finished. The nextmap will be cs_estate
L 05/03/2011 - 12:00:32: -------- Mapchange to cs_estate --------
L 05/03/2011 - 12:00:35: [amxbans.amxx] [AMXBANS] AMXBans 5.0 подключен
L 05/03/2011 - 12:29:54: [mapchooser_new.amxx] Vote: Voting for the nextmap started
L 05/03/2011 - 12:30:04: [mapchooser_new.amxx] Vote: Voting for the nextmap finished. The nextmap will be de_dust
L 05/03/2011 - 12:30:06: -------- Mapchange to de_dust --------
L 05/03/2011 - 12:30:09: [amxbans.amxx] [AMXBANS] AMXBans 5.0 подключен
L 05/03/2011 - 12:48:28: [mapchooser_new.amxx] Vote: Voting for the nextmap started
L 05/03/2011 - 12:48:38: [mapchooser_new.amxx] Vote: Voting for the nextmap finished. The nextmap will be de_dust
L 05/03/2011 - 12:48:40: -------- Mapchange to de_dust --------
L 05/03/2011 - 12:48:43: [amxbans.amxx] [AMXBANS] AMXBans 5.0 подключен
L 05/03/2011 - 13:41:17: [mapchooser_new.amxx] Vote: Voting for the nextmap started
L 05/03/2011 - 13:41:27: [mapchooser_new.amxx] Vote: Voting for the nextmap finished. The nextmap will be zm_die_hard_tn
L 05/03/2011 - 13:45:58: -------- Mapchange to zm_die_hard_tn --------
L 05/03/2011 - 13:46:00: [amxbans.amxx] [AMXBANS] AMXBans 5.0 подключен
L 05/03/2011 - 14:04:19: [mapchooser_new.amxx] Vote: Voting for the nextmap started
L 05/03/2011 - 14:04:30: [mapchooser_new.amxx] Vote: Voting for the nextmap finished. The nextmap will be zm_houses
L 05/03/2011 - 14:07:37: -------- Mapchange to zm_houses --------
L 05/03/2011 - 14:07:39: [amxbans.amxx] [AMXBANS] AMXBans 5.0 подключен
L 05/03/2011 - 14:25:58: [mapchooser_new.amxx] Vote: Voting for the nextmap started
L 05/03/2011 - 14:26:08: [mapchooser_new.amxx] Vote: Voting for the nextmap finished. The nextmap will be de_dust
L 05/03/2011 - 14:29:47: -------- Mapchange to de_dust --------
L 05/03/2011 - 14:29:50: [amxbans.amxx] [AMXBANS] AMXBans 5.0 подключен
L 05/03/2011 - 14:48:09: [mapchooser_new.amxx] Vote: Voting for the nextmap started
L 05/03/2011 - 14:48:19: [mapchooser_new.amxx] Vote: Voting for the nextmap finished. The nextmap will be 016_rmk
L 05/03/2011 - 14:50:56: -------- Mapchange to 016_rmk --------
L 05/03/2011 - 14:50:58: [amxbans.amxx] [AMXBANS] AMXBans 5.0 подключен
L 05/03/2011 - 15:09:32: [mapchooser_new.amxx] Vote: Voting for the nextmap started
L 05/03/2011 - 15:09:43: [mapchooser_new.amxx] Vote: Voting for the nextmap finished. The nextmap will be zm_houses
L 05/03/2011 - 15:13:36: -------- Mapchange to zm_houses --------
L 05/03/2011 - 15:13:38: [amxbans.amxx] [AMXBANS] AMXBans 5.0 подключен
L 05/03/2011 - 15:31:58: [mapchooser_new.amxx] Vote: Voting for the nextmap started
L 05/03/2011 - 15:32:08: [mapchooser_new.amxx] Vote: Voting for the nextmap finished. The nextmap will be de_dust
L 05/03/2011 - 15:36:51: -------- Mapchange to de_dust --------
L 05/03/2011 - 15:36:54: [amxbans.amxx] [AMXBANS] AMXBans 5.0 подключен
L 05/03/2011 - 15:55:13: [mapchooser_new.amxx] Vote: Voting for the nextmap started
L 05/03/2011 - 15:55:24: [mapchooser_new.amxx] Vote: Voting for the nextmap finished. The nextmap will be 016_rmk
L 05/03/2011 - 16:00:13: -------- Mapchange to 016_rmk --------
L 05/03/2011 - 16:00:15: [amxbans.amxx] [AMXBANS] AMXBans 5.0 подключен
L 05/03/2011 - 16:18:35: [mapchooser_new.amxx] Vote: Voting for the nextmap started
L 05/03/2011 - 16:18:45: [mapchooser_new.amxx] Vote: Voting for the nextmap finished. The nextmap will be zm_army
L 05/03/2011 - 16:22:14: -------- Mapchange to zm_army --------
L 05/03/2011 - 16:22:16: [amxbans.amxx] [AMXBANS] AMXBans 5.0 подключен
L 05/03/2011 - 16:40:36: [mapchooser_new.amxx] Vote: Voting for the nextmap started
L 05/03/2011 - 16:40:46: [mapchooser_new.amxx] Vote: Voting for the nextmap finished. The nextmap will be zm_die_hard_tn
L 05/03/2011 - 16:44:29: -------- Mapchange to zm_die_hard_tn --------
L 05/03/2011 - 16:44:31: [amxbans.amxx] [AMXBANS] AMXBans 5.0 подключен
L 05/03/2011 - 17:02:51: [mapchooser_new.amxx] Vote: Voting for the nextmap started
L 05/03/2011 - 17:03:01: [mapchooser_new.amxx] Vote: Voting for the nextmap finished. The nextmap will be cs_estate
L 05/03/2011 - 17:05:53: -------- Mapchange to cs_estate --------
L 05/03/2011 - 17:05:57: [amxbans.amxx] [AMXBANS] AMXBans 5.0 подключен
L 05/03/2011 - 17:11:48: [mapchooser_new.amxx] Vote: Voting for the nextmap started
L 05/03/2011 - 17:11:59: [mapchooser_new.amxx] Vote: Voting for the nextmap finished. The nextmap will be zm_houses
L 05/03/2011 - 17:12:47: [admin_amxbans.amxx] Login: "~yo__!<1178><STEAM_0:0:1236438227><>" became an admin (account "172.23.65.13") (access "abcdefghijklmnopqrstu") (address "172.23.65.13")
L 05/03/2011 - 17:13:43: -------- Mapchange to zm_houses --------
L 05/03/2011 - 17:13:44: [admin_amxbans.amxx] Login: "~yo__!<1178><STEAM_0:0:1236438227><>" became an admin (account "172.23.65.13") (access "abcdefghijklmnopqrstu") (address "172.23.65.13")
L 05/03/2011 - 17:13:45: [amxbans.amxx] [AMXBANS] AMXBans 5.0 подключен
L 05/03/2011 - 17:32:04: [mapchooser_new.amxx] Vote: Voting for the nextmap started
L 05/03/2011 - 17:32:15: [mapchooser_new.amxx] Vote: Voting for the nextmap finished. The nextmap will be zm_snow_camps
L 05/03/2011 - 17:35:21: -------- Mapchange to zm_snow_camps --------
L 05/03/2011 - 17:35:22: [admin_amxbans.amxx] Login: "~yo__!<1178><STEAM_0:0:1236438227><>" became an admin (account "172.23.65.13") (access "abcdefghijklmnopqrstu") (address "172.23.65.13")
L 05/03/2011 - 17:35:23: [amxbans.amxx] [AMXBANS] AMXBans 5.0 подключен
L 05/03/2011 - 17:35:24: [admin_amxbans.amxx] Login: "~yo__!<1188><STEAM_0:0:1236438227><>" became an admin (account "172.23.65.13") (access "abcdefghijklmnopqrstu") (address "172.23.65.13")
L 05/03/2011 - 17:53:42: [mapchooser_new.amxx] Vote: Voting for the nextmap started
L 05/03/2011 - 17:53:53: [mapchooser_new.amxx] Vote: Voting for the nextmap finished. The nextmap will be cs_estate
L 05/03/2011 - 17:56:11: -------- Mapchange to cs_estate --------
L 05/03/2011 - 17:56:14: [amxbans.amxx] [AMXBANS] AMXBans 5.0 подключен
L 05/03/2011 - 17:56:14: [admin_amxbans.amxx] Login: "~yo__!<1188><STEAM_0:0:1236438227><>" became an admin (account "172.23.65.13") (access "abcdefghijklmnopqrstu") (address "172.23.65.13")
L 05/03/2011 - 18:14:33: [mapchooser_new.amxx] Vote: Voting for the nextmap started
L 05/03/2011 - 18:14:44: [mapchooser_new.amxx] Vote: Voting for the nextmap finished. The nextmap will be zm_die_hard_tn
L 05/03/2011 - 18:14:45: -------- Mapchange to zm_die_hard_tn --------
L 05/03/2011 - 18:14:47: [amxbans.amxx] [AMXBANS] AMXBans 5.0 подключен
L 05/03/2011 - 18:32:51: [mapchooser_new.amxx] Vote: Voting for the nextmap started
L 05/03/2011 - 18:33:02: [mapchooser_new.amxx] Vote: Voting for the nextmap finished. The nextmap will be zm_rush_winter
L 05/03/2011 - 18:33:03: -------- Mapchange to zm_rush_winter --------
L 05/03/2011 - 18:33:05: [amxbans.amxx] [AMXBANS] AMXBans 5.0 подключен
L 05/03/2011 - 18:51:09: [mapchooser_new.amxx] Vote: Voting for the nextmap started
L 05/03/2011 - 18:51:20: [mapchooser_new.amxx] Vote: Voting for the nextmap finished. The nextmap will be cs_estate
L 05/03/2011 - 18:51:21: -------- Mapchange to cs_estate --------
L 05/03/2011 - 18:51:25: [amxbans.amxx] [AMXBANS] AMXBans 5.0 подключен
L 05/03/2011 - 19:11:15: [mapchooser_new.amxx] Vote: Voting for the nextmap started
L 05/03/2011 - 19:11:25: [mapchooser_new.amxx] Vote: Voting for the nextmap finished. The nextmap will be zm_army
L 05/03/2011 - 19:16:33: -------- Mapchange to zm_army --------
L 05/03/2011 - 19:16:35: [amxbans.amxx] [AMXBANS] AMXBans 5.0 подключен
L 05/03/2011 - 19:34:54: [mapchooser_new.amxx] Vote: Voting for the nextmap started
L 05/03/2011 - 19:35:04: [mapchooser_new.amxx] Vote: Voting for the nextmap finished. The nextmap will be zm_rush_winter
L 05/03/2011 - 19:41:36: -------- Mapchange to zm_rush_winter --------
L 05/03/2011 - 19:41:38: [amxbans.amxx] [AMXBANS] AMXBans 5.0 подключен
L 05/03/2011 - 20:00:12: [mapchooser_new.amxx] Vote: Voting for the nextmap started
L 05/03/2011 - 20:00:22: [mapchooser_new.amxx] Vote: Voting for the nextmap finished. The nextmap will be zm_houses
L 05/03/2011 - 20:05:52: -------- Mapchange to zm_houses --------
L 05/03/2011 - 20:05:54: [amxbans.amxx] [AMXBANS] AMXBans 5.0 подключен
L 05/03/2011 - 20:24:13: [mapchooser_new.amxx] Vote: Voting for the nextmap started
L 05/03/2011 - 20:24:24: [mapchooser_new.amxx] Vote: Voting for the nextmap finished. The nextmap will be zm_poison2
L 05/03/2011 - 20:27:46: -------- Mapchange to zm_poison2 --------
L 05/03/2011 - 20:27:48: [amxbans.amxx] [AMXBANS] AMXBans 5.0 подключен
L 05/03/2011 - 20:46:07: [mapchooser_new.amxx] Vote: Voting for the nextmap started
L 05/03/2011 - 20:46:18: [mapchooser_new.amxx] Vote: Voting for the nextmap finished. The nextmap will be zm_rush_winter
L 05/03/2011 - 20:50:36: -------- Mapchange to zm_rush_winter --------
L 05/03/2011 - 20:50:38: [amxbans.amxx] [AMXBANS] AMXBans 5.0 подключен
L 05/03/2011 - 21:09:12: [mapchooser_new.amxx] Vote: Voting for the nextmap started
L 05/03/2011 - 21:09:23: [mapchooser_new.amxx] Vote: Voting for the nextmap finished. The nextmap will be de_dust
L 05/03/2011 - 21:12:06: -------- Mapchange to de_dust --------
L 05/03/2011 - 21:12:10: [amxbans.amxx] [AMXBANS] AMXBans 5.0 подключен
L 05/03/2011 - 21:30:14: [mapchooser_new.amxx] Vote: Voting for the nextmap started
L 05/03/2011 - 21:30:25: [mapchooser_new.amxx] Vote: Voting for the nextmap finished. The nextmap will be 016_rmk
L 05/03/2011 - 21:35:38: -------- Mapchange to 016_rmk --------
L 05/03/2011 - 21:35:40: [amxbans.amxx] [AMXBANS] AMXBans 5.0 подключен
L 05/03/2011 - 21:53:59: [mapchooser_new.amxx] Vote: Voting for the nextmap started
L 05/03/2011 - 21:54:10: [mapchooser_new.amxx] Vote: Voting for the nextmap finished. The nextmap will be zm_poison2
L 05/03/2011 - 21:56:36: -------- Mapchange to zm_poison2 --------
L 05/03/2011 - 21:56:43: [amxbans.amxx] [AMXBANS] AMXBans 5.0 подключен
L 05/03/2011 - 22:15:20: [mapchooser_new.amxx] Vote: Voting for the nextmap started
L 05/03/2011 - 22:15:31: [mapchooser_new.amxx] Vote: Voting for the nextmap finished. The nextmap will be de_dust
L 05/03/2011 - 22:18:44: -------- Mapchange to de_dust --------
L 05/03/2011 - 22:18:54: [amxbans.amxx] [AMXBANS] AMXBans 5.0 подключен
L 05/03/2011 - 22:37:16: [mapchooser_new.amxx] Vote: Voting for the nextmap started
L 05/03/2011 - 22:37:27: [mapchooser_new.amxx] Vote: Voting for the nextmap finished. The nextmap will be zm_rush_winter
L 05/03/2011 - 22:41:20: -------- Mapchange to zm_rush_winter --------
L 05/03/2011 - 22:41:25: [amxbans.amxx] [AMXBANS] AMXBans 5.0 подключен
L 05/03/2011 - 22:45:36: [admin_amxbans.amxx] Login: "gizmo<1456><STEAM_0:0:263411619><>" became an admin (account "172.23.65.13") (access "abcdefghijklmnopqrstu") (address "172.23.65.13")
L 05/03/2011 - 22:45:39: [admin_amxbans.amxx] Login: "gizmo<1457><STEAM_0:0:263411619><>" became an admin (account "172.23.65.13") (access "abcdefghijklmnopqrstu") (address "172.23.65.13")
L 05/03/2011 - 22:48:39: [admin_amxbans.amxx] Login: "Dumka<1458><STEAM_0:0:263411619><>" became an admin (account "172.23.65.13") (access "abcdefghijklmnopqrstu") (address "172.23.65.13")
L 05/03/2011 - 22:48:51: [admin_amxbans.amxx] Login: "Dumka<1459><STEAM_0:0:263411619><>" became an admin (account "172.23.65.13") (access "abcdefghijklmnopqrstu") (address "172.23.65.13")
L 05/03/2011 - 22:49:15: [amxbans.amxx] Dumka<1459><STEAM_0:0:263411619><SPECTATOR> забанил Qr > SeKs<STEAM_0:4:650298226> НАВСЕГДА. Причина: roBHo c 4uTaMu.
L 05/03/2011 - 23:10:29: [mapchooser_new.amxx] Vote: Voting for the nextmap started
L 05/03/2011 - 23:10:40: [mapchooser_new.amxx] Vote: Voting for the nextmap finished. The nextmap will be 016_rmk
L 05/03/2011 - 23:15:03: -------- Mapchange to 016_rmk --------
L 05/03/2011 - 23:15:05: [amxbans.amxx] [AMXBANS] AMXBans 5.0 подключен
L 05/03/2011 - 23:26:47: [admin_amxbans.amxx] Login: "Dumka<1475><STEAM_0:0:1236438227><>" became an admin (account "172.23.65.13") (access "abcdefghijklmnopqrstu") (address "172.23.65.13")
L 05/03/2011 - 23:26:58: [admin_amxbans.amxx] Login: "Dumka<1476><STEAM_0:0:1236438227><>" became an admin (account "172.23.65.13") (access "abcdefghijklmnopqrstu") (address "172.23.65.13")
L 05/03/2011 - 23:33:25: [mapchooser_new.amxx] Vote: Voting for the nextmap started
L 05/03/2011 - 23:33:35: [mapchooser_new.amxx] Vote: Voting for the nextmap finished. The nextmap will be zm_army
L 05/03/2011 - 23:37:55: -------- Mapchange to zm_army --------
L 05/03/2011 - 23:37:57: [amxbans.amxx] [AMXBANS] AMXBans 5.0 подключен
L 05/03/2011 - 23:56:31: [mapchooser_new.amxx] Vote: Voting for the nextmap started
L 05/03/2011 - 23:56:42: [mapchooser_new.amxx] Vote: Voting for the nextmap finished. The nextmap will be zm_die_hard_tn
L 05/03/2011 - 23:56:43: -------- Mapchange to zm_die_hard_tn --------
L 05/03/2011 - 23:56:45: [amxbans.amxx] [AMXBANS] AMXBans 5.0 подключен
