L 05/13/2011 - 00:15:45: -------- Mapchange to de_dust --------
L 05/13/2011 - 00:15:49: [admin_amxbans.amxx] Login: "HELOOOO IM LINDSEY LOHAN<1529><STEAM_0:0:1236438227><>" became an admin (account "172.23.65.13") (access "abcdefghijklmnopqrstu") (address "172.23.65.13")
L 05/13/2011 - 00:15:49: [amxbans.amxx] [AMXBANS] AMXBans 5.0 подключен
L 05/13/2011 - 00:24:55: [admin_amxbans.amxx] Login: "HELOOOO IM LINDSEY LOHAN<1534><STEAM_0:0:1236438227><>" became an admin (account "172.23.65.13") (access "abcdefghijklmnopqrstu") (address "172.23.65.13")
L 05/13/2011 - 00:32:46: -------- Mapchange to zm_south_escape_b2 --------
L 05/13/2011 - 00:32:49: [admin_amxbans.amxx] Login: "HELOOOO IM LINDSEY LOHAN<1534><STEAM_0:0:1236438227><>" became an admin (account "172.23.65.13") (access "abcdefghijklmnopqrstu") (address "172.23.65.13")
L 05/13/2011 - 00:32:49: [amxbans.amxx] [AMXBANS] AMXBans 5.0 подключен
L 05/13/2011 - 00:53:37: -------- Mapchange to zm_houses --------
L 05/13/2011 - 00:53:38: [admin_amxbans.amxx] Login: "HELOOOO IM LINDSEY LOHAN<1534><STEAM_0:0:1236438227><>" became an admin (account "172.23.65.13") (access "abcdefghijklmnopqrstu") (address "172.23.65.13")
L 05/13/2011 - 00:53:38: [admin_amxbans.amxx] Login: "HELOOOO IM LINDSEY LOHAN<1534><STEAM_0:0:1236438227><>" became an admin (account "172.23.65.13") (access "abcdefghijklmnopqrstu") (address "172.23.65.13")
L 05/13/2011 - 00:53:39: [admin_amxbans.amxx] Login: "HELOOOO IM LINDSEY LOHAN<1551><STEAM_0:0:1236438227><>" became an admin (account "172.23.65.13") (access "abcdefghijklmnopqrstu") (address "172.23.65.13")
L 05/13/2011 - 00:53:39: [amxbans.amxx] [AMXBANS] AMXBans 5.0 подключен
L 05/13/2011 - 01:13:49: -------- Mapchange to zm_die_hard_tn --------
L 05/13/2011 - 01:13:51: [amxbans.amxx] [AMXBANS] AMXBans 5.0 подключен
L 05/13/2011 - 01:13:51: [admin_amxbans.amxx] Login: "HELOOOO IM LINDSEY LOHAN<1551><STEAM_0:0:1236438227><>" became an admin (account "172.23.65.13") (access "abcdefghijklmnopqrstu") (address "172.23.65.13")
L 05/13/2011 - 01:13:53: [admin_amxbans.amxx] Login: "HELOOOO IM LINDSEY LOHAN<1558><STEAM_0:0:1236438227><>" became an admin (account "172.23.65.13") (access "abcdefghijklmnopqrstu") (address "172.23.65.13")
L 05/13/2011 - 01:27:22: -------- Mapchange to zm_jambalaya_escape_fxd --------
L 05/13/2011 - 01:27:24: [amxbans.amxx] [AMXBANS] AMXBans 5.0 подключен
L 05/13/2011 - 01:27:25: [admin_amxbans.amxx] Login: "HELOOOO IM LINDSEY LOHAN<1558><STEAM_0:0:1236438227><>" became an admin (account "172.23.65.13") (access "abcdefghijklmnopqrstu") (address "172.23.65.13")
L 05/13/2011 - 01:50:07: -------- Mapchange to zm_escapetrain_fxd --------
L 05/13/2011 - 01:50:09: [amxbans.amxx] [AMXBANS] AMXBans 5.0 подключен
L 05/13/2011 - 02:11:52: -------- Mapchange to zm_neris --------
L 05/13/2011 - 02:11:54: [amxbans.amxx] [AMXBANS] AMXBans 5.0 подключен
L 05/13/2011 - 02:30:13: -------- Mapchange to cs_italy --------
L 05/13/2011 - 02:30:17: [amxbans.amxx] [AMXBANS] AMXBans 5.0 подключен
L 05/13/2011 - 02:33:15: -------- Mapchange to cs_estate --------
L 05/13/2011 - 02:33:18: [amxbans.amxx] [AMXBANS] AMXBans 5.0 подключен
L 05/13/2011 - 02:59:57: -------- Mapchange to cs_estate --------
L 05/13/2011 - 03:00:00: [amxbans.amxx] [AMXBANS] AMXBans 5.0 подключен
L 05/13/2011 - 03:18:20: -------- Mapchange to cs_militia --------
L 05/13/2011 - 03:18:29: [amxbans.amxx] [AMXBANS] AMXBans 5.0 подключен
L 05/13/2011 - 03:36:03: -------- Mapchange to cs_estate --------
L 05/13/2011 - 03:36:06: [amxbans.amxx] [AMXBANS] AMXBans 5.0 подключен
L 05/13/2011 - 03:54:26: -------- Mapchange to zm_south_escape_b2 --------
L 05/13/2011 - 03:54:28: [amxbans.amxx] [AMXBANS] AMXBans 5.0 подключен
L 05/13/2011 - 03:57:26: -------- Mapchange to cs_estate --------
L 05/13/2011 - 03:57:29: [amxbans.amxx] [AMXBANS] AMXBans 5.0 подключен
L 05/13/2011 - 04:17:23: -------- Mapchange to cs_estate --------
L 05/13/2011 - 04:17:26: [amxbans.amxx] [AMXBANS] AMXBans 5.0 подключен
L 05/13/2011 - 04:37:19: -------- Mapchange to cs_estate --------
L 05/13/2011 - 04:37:24: [amxbans.amxx] [AMXBANS] AMXBans 5.0 подключен
L 05/13/2011 - 04:57:17: -------- Mapchange to cs_estate --------
L 05/13/2011 - 04:57:20: [amxbans.amxx] [AMXBANS] AMXBans 5.0 подключен
L 05/13/2011 - 05:17:13: -------- Mapchange to cs_estate --------
L 05/13/2011 - 05:17:16: [amxbans.amxx] [AMXBANS] AMXBans 5.0 подключен
L 05/13/2011 - 05:37:10: -------- Mapchange to cs_estate --------
L 05/13/2011 - 05:37:13: [amxbans.amxx] [AMXBANS] AMXBans 5.0 подключен
L 05/13/2011 - 05:57:06: -------- Mapchange to cs_estate --------
L 05/13/2011 - 05:57:10: [amxbans.amxx] [AMXBANS] AMXBans 5.0 подключен
L 05/13/2011 - 06:00:13: -------- Mapchange to 016_rmk --------
L 05/13/2011 - 06:06:34: -------- Mapchange to cs_italy --------
L 05/13/2011 - 06:06:39: [amxbans.amxx] [AMXBANS] AMXBans 5.0 подключен
L 05/13/2011 - 06:09:37: -------- Mapchange to cs_estate --------
L 05/13/2011 - 06:09:41: [amxbans.amxx] [AMXBANS] AMXBans 5.0 подключен
L 05/13/2011 - 06:29:35: -------- Mapchange to cs_estate --------
L 05/13/2011 - 06:29:39: [amxbans.amxx] [AMXBANS] AMXBans 5.0 подключен
L 05/13/2011 - 07:09:02: -------- Mapchange to cs_estate --------
L 05/13/2011 - 07:09:06: [amxbans.amxx] [AMXBANS] AMXBans 5.0 подключен
L 05/13/2011 - 07:59:14: -------- Mapchange to zm_army --------
L 05/13/2011 - 07:59:16: [amxbans.amxx] [AMXBANS] AMXBans 5.0 подключен
L 05/13/2011 - 08:02:14: -------- Mapchange to cs_estate --------
L 05/13/2011 - 08:02:17: [amxbans.amxx] [AMXBANS] AMXBans 5.0 подключен
L 05/13/2011 - 08:27:41: -------- Mapchange to cs_estate --------
L 05/13/2011 - 08:27:44: [amxbans.amxx] [AMXBANS] AMXBans 5.0 подключен
L 05/13/2011 - 08:46:04: -------- Mapchange to 016_rmk --------
L 05/13/2011 - 08:46:07: [amxbans.amxx] [AMXBANS] AMXBans 5.0 подключен
L 05/13/2011 - 08:49:05: -------- Mapchange to cs_estate --------
L 05/13/2011 - 08:49:09: [amxbans.amxx] [AMXBANS] AMXBans 5.0 подключен
L 05/13/2011 - 08:53:56: -------- Mapchange to zm_houses --------
L 05/13/2011 - 08:53:58: [amxbans.amxx] [AMXBANS] AMXBans 5.0 подключен
L 05/13/2011 - 09:00:09: -------- Mapchange to cs_estate --------
L 05/13/2011 - 09:00:13: [amxbans.amxx] [AMXBANS] AMXBans 5.0 подключен
L 05/13/2011 - 09:20:29: -------- Mapchange to zm_neris --------
L 05/13/2011 - 09:20:30: [amxbans.amxx] [AMXBANS] AMXBans 5.0 подключен
L 05/13/2011 - 09:24:45: -------- Mapchange to cs_estate --------
L 05/13/2011 - 09:24:48: [amxbans.amxx] [AMXBANS] AMXBans 5.0 подключен
L 05/13/2011 - 11:02:20: -------- Mapchange to 016_rmk --------
L 05/13/2011 - 11:02:22: [amxbans.amxx] [AMXBANS] AMXBans 5.0 подключен
L 05/13/2011 - 11:05:20: -------- Mapchange to cs_estate --------
L 05/13/2011 - 11:05:23: [amxbans.amxx] [AMXBANS] AMXBans 5.0 подключен
L 05/13/2011 - 11:25:17: -------- Mapchange to cs_estate --------
L 05/13/2011 - 11:25:20: [amxbans.amxx] [AMXBANS] AMXBans 5.0 подключен
L 05/13/2011 - 11:31:08: -------- Mapchange to de_dust --------
L 05/13/2011 - 11:31:10: [amxbans.amxx] [AMXBANS] AMXBans 5.0 подключен
L 05/13/2011 - 11:47:27: [admin_amxbans.amxx] Login: "HELOOOO IM LINDSEY LOHAN<96><STEAM_0:0:1236438227><>" became an admin (account "172.23.65.13") (access "abcdefghijklmnopqrstu") (address "172.23.65.13")
L 05/13/2011 - 12:39:07: -------- Mapchange to de_dust --------
L 05/13/2011 - 12:39:11: [amxbans.amxx] [AMXBANS] AMXBans 5.0 подключен
L 05/13/2011 - 12:42:09: -------- Mapchange to cs_estate --------
L 05/13/2011 - 12:42:13: [amxbans.amxx] [AMXBANS] AMXBans 5.0 подключен
L 05/13/2011 - 13:50:47: -------- Mapchange to zm_jambalaya_escape --------
L 05/13/2011 - 13:50:49: [amxbans.amxx] [AMXBANS] AMXBans 5.0 подключен
L 05/13/2011 - 13:53:49: -------- Mapchange to cs_estate --------
L 05/13/2011 - 13:53:53: [amxbans.amxx] [AMXBANS] AMXBans 5.0 подключен
L 05/13/2011 - 14:10:26: [admin_amxbans.amxx] Login: "Montie<199><STEAM_0:4:446327478><>" became an admin (account "212.55.104.156") (access "abcdefgijmopqtu") (address "212.55.104.156")
L 05/13/2011 - 14:11:43: [mapsmenu.amxx] Vote: "Montie<199><STEAM_0:4:446327478><>" vote maps (map#1 "016_rmk") (map#2 "zm_army") (map#3 "zm_houses") (map#4 "cs_italy")
L 05/13/2011 - 14:11:55: [mapsmenu.amxx] Vote: Voting successful. Map will be changed to 016_rmk
L 05/13/2011 - 14:12:04: [mapsmenu.amxx] Vote: Result accepted
L 05/13/2011 - 14:12:06: -------- Mapchange to 016_rmk --------
L 05/13/2011 - 14:12:08: [admin_amxbans.amxx] Login: "Montie<199><STEAM_0:4:446327478><>" became an admin (account "212.55.104.156") (access "abcdefgijmopqtu") (address "212.55.104.156")
L 05/13/2011 - 14:12:08: [amxbans.amxx] [AMXBANS] AMXBans 5.0 подключен
L 05/13/2011 - 14:18:13: [admin_amxbans.amxx] Login: "[o_VIP_o]                (^_^)V<199><STEAM_0:4:446327478><>" became an admin (account "212.55.104.156") (access "abcdefgijmopqtu") (address "212.55.104.156")
L 05/13/2011 - 14:25:34: [plmenu.amxx] Cmd: "[o_VIP_o]                (^_^)V<199><STEAM_0:4:446327478><>" slap with 0 damage "[o_VIP_o]                (^_^)V<199><STEAM_0:4:446327478><>"
L 05/13/2011 - 14:26:50: [admin_amxbans.amxx] Login: "[o_VIP_o]                (^_^)V<208><STEAM_0:4:446327478><>" became an admin (account "212.55.104.156") (access "abcdefgijmopqtu") (address "212.55.104.156")
L 05/13/2011 - 14:29:17: [plmenu.amxx] Cmd: "[o_VIP_o]                (^_^)V<208><STEAM_0:4:446327478><>" slap with 0 damage "sexsason<188><STEAM_0:4:1535560240><>"
L 05/13/2011 - 14:34:16: [mapsmenu.amxx] Cmd: "[o_VIP_o]                (^_^)V<208><STEAM_0:4:446327478><>" changelevel "zm_dust_base_fin"
L 05/13/2011 - 14:34:18: -------- Mapchange to zm_dust_base_fin --------
L 05/13/2011 - 14:34:19: [admin_amxbans.amxx] Login: "[o_VIP_o]                (^_^)V<208><STEAM_0:4:446327478><>" became an admin (account "212.55.104.156") (access "abcdefgijmopqtu") (address "212.55.104.156")
L 05/13/2011 - 14:34:20: [amxbans.amxx] [AMXBANS] AMXBans 5.0 подключен
L 05/13/2011 - 14:34:47: [plmenu.amxx] Kick: "[o_VIP_o]                (^_^)V<208><STEAM_0:4:446327478><>" kick "ChUdO gOnShIk_182<209><STEAM_0:0:1801388831><>"
L 05/13/2011 - 14:44:14: [plmenu.amxx] Cmd: "[o_VIP_o]                (^_^)V<208><STEAM_0:4:446327478><>" slap with 0 damage "[o_VIP_o]                (^_^)V<208><STEAM_0:4:446327478><>"
L 05/13/2011 - 14:44:14: [plmenu.amxx] Cmd: "[o_VIP_o]                (^_^)V<208><STEAM_0:4:446327478><>" slap with 0 damage "[o_VIP_o]                (^_^)V<208><STEAM_0:4:446327478><>"
L 05/13/2011 - 14:48:43: [plmenu.amxx] Cmd: "[o_VIP_o]                (^_^)V<208><STEAM_0:4:446327478><>" slap with 0 damage "[o_VIP_o]                (^_^)V<208><STEAM_0:4:446327478><>"
L 05/13/2011 - 14:48:43: [plmenu.amxx] Cmd: "[o_VIP_o]                (^_^)V<208><STEAM_0:4:446327478><>" slap with 0 damage "[o_VIP_o]                (^_^)V<208><STEAM_0:4:446327478><>"
L 05/13/2011 - 14:48:44: [plmenu.amxx] Cmd: "[o_VIP_o]                (^_^)V<208><STEAM_0:4:446327478><>" slap with 0 damage "[o_VIP_o]                (^_^)V<208><STEAM_0:4:446327478><>"
L 05/13/2011 - 14:48:44: [plmenu.amxx] Cmd: "[o_VIP_o]                (^_^)V<208><STEAM_0:4:446327478><>" slap with 0 damage "[o_VIP_o]                (^_^)V<208><STEAM_0:4:446327478><>"
L 05/13/2011 - 14:48:44: [plmenu.amxx] Cmd: "[o_VIP_o]                (^_^)V<208><STEAM_0:4:446327478><>" slap with 0 damage "[o_VIP_o]                (^_^)V<208><STEAM_0:4:446327478><>"
L 05/13/2011 - 14:48:54: [plmenu.amxx] Cmd: "[o_VIP_o]                (^_^)V<208><STEAM_0:4:446327478><>" slap with 0 damage "[o_VIP_o]                (^_^)V<208><STEAM_0:4:446327478><>"
L 05/13/2011 - 14:48:59: [plmenu.amxx] Cmd: "[o_VIP_o]                (^_^)V<208><STEAM_0:4:446327478><>" slap with 0 damage "[o_VIP_o]                (^_^)V<208><STEAM_0:4:446327478><>"
L 05/13/2011 - 14:48:59: [plmenu.amxx] Cmd: "[o_VIP_o]                (^_^)V<208><STEAM_0:4:446327478><>" slap with 0 damage "[o_VIP_o]                (^_^)V<208><STEAM_0:4:446327478><>"
L 05/13/2011 - 14:49:00: [plmenu.amxx] Cmd: "[o_VIP_o]                (^_^)V<208><STEAM_0:4:446327478><>" slap with 0 damage "[o_VIP_o]                (^_^)V<208><STEAM_0:4:446327478><>"
L 05/13/2011 - 14:49:00: [plmenu.amxx] Cmd: "[o_VIP_o]                (^_^)V<208><STEAM_0:4:446327478><>" slap with 0 damage "[o_VIP_o]                (^_^)V<208><STEAM_0:4:446327478><>"
L 05/13/2011 - 14:49:02: [plmenu.amxx] Cmd: "[o_VIP_o]                (^_^)V<208><STEAM_0:4:446327478><>" slap with 0 damage "[o_VIP_o]                (^_^)V<208><STEAM_0:4:446327478><>"
L 05/13/2011 - 14:49:03: [plmenu.amxx] Cmd: "[o_VIP_o]                (^_^)V<208><STEAM_0:4:446327478><>" slap with 0 damage "[o_VIP_o]                (^_^)V<208><STEAM_0:4:446327478><>"
L 05/13/2011 - 14:49:03: [plmenu.amxx] Cmd: "[o_VIP_o]                (^_^)V<208><STEAM_0:4:446327478><>" slap with 0 damage "[o_VIP_o]                (^_^)V<208><STEAM_0:4:446327478><>"
L 05/13/2011 - 14:49:03: [plmenu.amxx] Cmd: "[o_VIP_o]                (^_^)V<208><STEAM_0:4:446327478><>" slap with 0 damage "[o_VIP_o]                (^_^)V<208><STEAM_0:4:446327478><>"
L 05/13/2011 - 14:49:04: [plmenu.amxx] Cmd: "[o_VIP_o]                (^_^)V<208><STEAM_0:4:446327478><>" slap with 0 damage "[o_VIP_o]                (^_^)V<208><STEAM_0:4:446327478><>"
L 05/13/2011 - 14:49:09: [plmenu.amxx] Cmd: "[o_VIP_o]                (^_^)V<208><STEAM_0:4:446327478><>" slap with 0 damage "[o_VIP_o]                (^_^)V<208><STEAM_0:4:446327478><>"
L 05/13/2011 - 14:49:09: [plmenu.amxx] Cmd: "[o_VIP_o]                (^_^)V<208><STEAM_0:4:446327478><>" slap with 0 damage "[o_VIP_o]                (^_^)V<208><STEAM_0:4:446327478><>"
L 05/13/2011 - 14:49:09: [plmenu.amxx] Cmd: "[o_VIP_o]                (^_^)V<208><STEAM_0:4:446327478><>" slap with 0 damage "[o_VIP_o]                (^_^)V<208><STEAM_0:4:446327478><>"
L 05/13/2011 - 14:49:09: [plmenu.amxx] Cmd: "[o_VIP_o]                (^_^)V<208><STEAM_0:4:446327478><>" slap with 0 damage "[o_VIP_o]                (^_^)V<208><STEAM_0:4:446327478><>"
L 05/13/2011 - 14:49:10: [plmenu.amxx] Cmd: "[o_VIP_o]                (^_^)V<208><STEAM_0:4:446327478><>" slap with 0 damage "[o_VIP_o]                (^_^)V<208><STEAM_0:4:446327478><>"
L 05/13/2011 - 14:49:10: [plmenu.amxx] Cmd: "[o_VIP_o]                (^_^)V<208><STEAM_0:4:446327478><>" slap with 0 damage "[o_VIP_o]                (^_^)V<208><STEAM_0:4:446327478><>"
L 05/13/2011 - 14:49:10: [plmenu.amxx] Cmd: "[o_VIP_o]                (^_^)V<208><STEAM_0:4:446327478><>" slap with 0 damage "[o_VIP_o]                (^_^)V<208><STEAM_0:4:446327478><>"
L 05/13/2011 - 14:49:11: [plmenu.amxx] Cmd: "[o_VIP_o]                (^_^)V<208><STEAM_0:4:446327478><>" slap with 0 damage "[o_VIP_o]                (^_^)V<208><STEAM_0:4:446327478><>"
L 05/13/2011 - 14:49:13: [plmenu.amxx] Cmd: "[o_VIP_o]                (^_^)V<208><STEAM_0:4:446327478><>" slap with 0 damage "[o_VIP_o]                (^_^)V<208><STEAM_0:4:446327478><>"
L 05/13/2011 - 14:49:13: [plmenu.amxx] Cmd: "[o_VIP_o]                (^_^)V<208><STEAM_0:4:446327478><>" slap with 0 damage "[o_VIP_o]                (^_^)V<208><STEAM_0:4:446327478><>"
L 05/13/2011 - 14:49:14: [plmenu.amxx] Cmd: "[o_VIP_o]                (^_^)V<208><STEAM_0:4:446327478><>" slap with 0 damage "[o_VIP_o]                (^_^)V<208><STEAM_0:4:446327478><>"
L 05/13/2011 - 14:49:14: [plmenu.amxx] Cmd: "[o_VIP_o]                (^_^)V<208><STEAM_0:4:446327478><>" slap with 0 damage "[o_VIP_o]                (^_^)V<208><STEAM_0:4:446327478><>"
L 05/13/2011 - 14:49:14: [plmenu.amxx] Cmd: "[o_VIP_o]                (^_^)V<208><STEAM_0:4:446327478><>" slap with 0 damage "[o_VIP_o]                (^_^)V<208><STEAM_0:4:446327478><>"
L 05/13/2011 - 14:49:15: [plmenu.amxx] Cmd: "[o_VIP_o]                (^_^)V<208><STEAM_0:4:446327478><>" slap with 0 damage "[o_VIP_o]                (^_^)V<208><STEAM_0:4:446327478><>"
L 05/13/2011 - 14:49:15: [plmenu.amxx] Cmd: "[o_VIP_o]                (^_^)V<208><STEAM_0:4:446327478><>" slap with 0 damage "[o_VIP_o]                (^_^)V<208><STEAM_0:4:446327478><>"
L 05/13/2011 - 14:49:15: [plmenu.amxx] Cmd: "[o_VIP_o]                (^_^)V<208><STEAM_0:4:446327478><>" slap with 0 damage "[o_VIP_o]                (^_^)V<208><STEAM_0:4:446327478><>"
L 05/13/2011 - 14:49:16: [plmenu.amxx] Cmd: "[o_VIP_o]                (^_^)V<208><STEAM_0:4:446327478><>" slap with 0 damage "[o_VIP_o]                (^_^)V<208><STEAM_0:4:446327478><>"
L 05/13/2011 - 14:49:53: [plmenu.amxx] Cmd: "[o_VIP_o]                (^_^)V<208><STEAM_0:4:446327478><>" slap with 0 damage "[o_VIP_o]                (^_^)V<208><STEAM_0:4:446327478><>"
L 05/13/2011 - 14:49:54: [plmenu.amxx] Cmd: "[o_VIP_o]                (^_^)V<208><STEAM_0:4:446327478><>" slap with 0 damage "[o_VIP_o]                (^_^)V<208><STEAM_0:4:446327478><>"
L 05/13/2011 - 14:49:59: [plmenu.amxx] Cmd: "[o_VIP_o]                (^_^)V<208><STEAM_0:4:446327478><>" slap with 0 damage "[o_VIP_o]                (^_^)V<208><STEAM_0:4:446327478><>"
L 05/13/2011 - 14:49:59: [plmenu.amxx] Cmd: "[o_VIP_o]                (^_^)V<208><STEAM_0:4:446327478><>" slap with 0 damage "[o_VIP_o]                (^_^)V<208><STEAM_0:4:446327478><>"
L 05/13/2011 - 14:49:59: [plmenu.amxx] Cmd: "[o_VIP_o]                (^_^)V<208><STEAM_0:4:446327478><>" slap with 0 damage "[o_VIP_o]                (^_^)V<208><STEAM_0:4:446327478><>"
L 05/13/2011 - 14:53:05: [plmenu.amxx] Cmd: "[o_VIP_o]                (^_^)V<208><STEAM_0:4:446327478><>" slay "?!F0rSeRf<=~<220><STEAM_0:0:1569559782><>"
L 05/13/2011 - 14:55:31: [plmenu.amxx] Cmd: "[o_VIP_o]                (^_^)V<208><STEAM_0:4:446327478><>" slap with 0 damage "[o_VIP_o]                (^_^)V<208><STEAM_0:4:446327478><>"
L 05/13/2011 - 14:55:31: [plmenu.amxx] Cmd: "[o_VIP_o]                (^_^)V<208><STEAM_0:4:446327478><>" slap with 0 damage "[o_VIP_o]                (^_^)V<208><STEAM_0:4:446327478><>"
L 05/13/2011 - 14:55:32: [plmenu.amxx] Cmd: "[o_VIP_o]                (^_^)V<208><STEAM_0:4:446327478><>" slap with 0 damage "[o_VIP_o]                (^_^)V<208><STEAM_0:4:446327478><>"
L 05/13/2011 - 14:55:32: [plmenu.amxx] Cmd: "[o_VIP_o]                (^_^)V<208><STEAM_0:4:446327478><>" slap with 0 damage "[o_VIP_o]                (^_^)V<208><STEAM_0:4:446327478><>"
L 05/13/2011 - 14:55:52: [plmenu.amxx] Cmd: "[o_VIP_o]                (^_^)V<208><STEAM_0:4:446327478><>" slay "[o_VIP_o]                (^_^)V<208><STEAM_0:4:446327478><>"
L 05/13/2011 - 14:58:50: [plmenu.amxx] Cmd: "[o_VIP_o]                (^_^)V<208><STEAM_0:4:446327478><>" slap with 0 damage "[o_VIP_o]                (^_^)V<208><STEAM_0:4:446327478><>"
L 05/13/2011 - 14:58:57: [plmenu.amxx] Cmd: "[o_VIP_o]                (^_^)V<208><STEAM_0:4:446327478><>" slap with 0 damage "[o_VIP_o]                (^_^)V<208><STEAM_0:4:446327478><>"
L 05/13/2011 - 14:58:58: [plmenu.amxx] Cmd: "[o_VIP_o]                (^_^)V<208><STEAM_0:4:446327478><>" slap with 0 damage "[o_VIP_o]                (^_^)V<208><STEAM_0:4:446327478><>"
L 05/13/2011 - 14:58:58: [plmenu.amxx] Cmd: "[o_VIP_o]                (^_^)V<208><STEAM_0:4:446327478><>" slap with 0 damage "[o_VIP_o]                (^_^)V<208><STEAM_0:4:446327478><>"
L 05/13/2011 - 14:59:11: [plmenu.amxx] Cmd: "[o_VIP_o]                (^_^)V<208><STEAM_0:4:446327478><>" slap with 0 damage "[o_VIP_o]                (^_^)V<208><STEAM_0:4:446327478><>"
L 05/13/2011 - 14:59:17: [plmenu.amxx] Cmd: "[o_VIP_o]                (^_^)V<208><STEAM_0:4:446327478><>" slap with 0 damage "[o_VIP_o]                (^_^)V<208><STEAM_0:4:446327478><>"
L 05/13/2011 - 14:59:18: [plmenu.amxx] Cmd: "[o_VIP_o]                (^_^)V<208><STEAM_0:4:446327478><>" slap with 0 damage "[o_VIP_o]                (^_^)V<208><STEAM_0:4:446327478><>"
L 05/13/2011 - 14:59:18: [plmenu.amxx] Cmd: "[o_VIP_o]                (^_^)V<208><STEAM_0:4:446327478><>" slap with 0 damage "[o_VIP_o]                (^_^)V<208><STEAM_0:4:446327478><>"
L 05/13/2011 - 14:59:25: [plmenu.amxx] Cmd: "[o_VIP_o]                (^_^)V<208><STEAM_0:4:446327478><>" slap with 0 damage "[o_VIP_o]                (^_^)V<208><STEAM_0:4:446327478><>"
L 05/13/2011 - 14:59:26: [plmenu.amxx] Cmd: "[o_VIP_o]                (^_^)V<208><STEAM_0:4:446327478><>" slap with 0 damage "[o_VIP_o]                (^_^)V<208><STEAM_0:4:446327478><>"
L 05/13/2011 - 14:59:29: [plmenu.amxx] Cmd: "[o_VIP_o]                (^_^)V<208><STEAM_0:4:446327478><>" slap with 0 damage "[o_VIP_o]                (^_^)V<208><STEAM_0:4:446327478><>"
L 05/13/2011 - 14:59:30: [plmenu.amxx] Cmd: "[o_VIP_o]                (^_^)V<208><STEAM_0:4:446327478><>" slap with 0 damage "[o_VIP_o]                (^_^)V<208><STEAM_0:4:446327478><>"
L 05/13/2011 - 14:59:32: [plmenu.amxx] Cmd: "[o_VIP_o]                (^_^)V<208><STEAM_0:4:446327478><>" slap with 0 damage "[o_VIP_o]                (^_^)V<208><STEAM_0:4:446327478><>"
L 05/13/2011 - 14:59:34: [plmenu.amxx] Cmd: "[o_VIP_o]                (^_^)V<208><STEAM_0:4:446327478><>" slap with 0 damage "[o_VIP_o]                (^_^)V<208><STEAM_0:4:446327478><>"
L 05/13/2011 - 14:59:35: [plmenu.amxx] Cmd: "[o_VIP_o]                (^_^)V<208><STEAM_0:4:446327478><>" slap with 0 damage "[o_VIP_o]                (^_^)V<208><STEAM_0:4:446327478><>"
L 05/13/2011 - 14:59:35: [plmenu.amxx] Cmd: "[o_VIP_o]                (^_^)V<208><STEAM_0:4:446327478><>" slap with 0 damage "[o_VIP_o]                (^_^)V<208><STEAM_0:4:446327478><>"
L 05/13/2011 - 14:59:36: [plmenu.amxx] Cmd: "[o_VIP_o]                (^_^)V<208><STEAM_0:4:446327478><>" slap with 0 damage "[o_VIP_o]                (^_^)V<208><STEAM_0:4:446327478><>"
L 05/13/2011 - 14:59:36: [plmenu.amxx] Cmd: "[o_VIP_o]                (^_^)V<208><STEAM_0:4:446327478><>" slap with 0 damage "[o_VIP_o]                (^_^)V<208><STEAM_0:4:446327478><>"
L 05/13/2011 - 14:59:36: [plmenu.amxx] Cmd: "[o_VIP_o]                (^_^)V<208><STEAM_0:4:446327478><>" slap with 0 damage "[o_VIP_o]                (^_^)V<208><STEAM_0:4:446327478><>"
L 05/13/2011 - 14:59:36: [plmenu.amxx] Cmd: "[o_VIP_o]                (^_^)V<208><STEAM_0:4:446327478><>" slap with 0 damage "[o_VIP_o]                (^_^)V<208><STEAM_0:4:446327478><>"
L 05/13/2011 - 15:02:34: [plmenu.amxx] Cmd: "[o_VIP_o]                (^_^)V<208><STEAM_0:4:446327478><>" slap with 0 damage "[o_VIP_o]                (^_^)V<208><STEAM_0:4:446327478><>"
L 05/13/2011 - 15:02:35: [plmenu.amxx] Cmd: "[o_VIP_o]                (^_^)V<208><STEAM_0:4:446327478><>" slap with 0 damage "[o_VIP_o]                (^_^)V<208><STEAM_0:4:446327478><>"
L 05/13/2011 - 15:02:35: [plmenu.amxx] Cmd: "[o_VIP_o]                (^_^)V<208><STEAM_0:4:446327478><>" slap with 0 damage "[o_VIP_o]                (^_^)V<208><STEAM_0:4:446327478><>"
L 05/13/2011 - 15:02:39: [plmenu.amxx] Cmd: "[o_VIP_o]                (^_^)V<208><STEAM_0:4:446327478><>" slap with 0 damage "[o_VIP_o]                (^_^)V<208><STEAM_0:4:446327478><>"
L 05/13/2011 - 15:02:39: [plmenu.amxx] Cmd: "[o_VIP_o]                (^_^)V<208><STEAM_0:4:446327478><>" slap with 0 damage "~Helena~<204><STEAM_0:4:1845514090><>"
L 05/13/2011 - 15:02:39: [plmenu.amxx] Cmd: "[o_VIP_o]                (^_^)V<208><STEAM_0:4:446327478><>" slap with 0 damage "~Helena~<204><STEAM_0:4:1845514090><>"
L 05/13/2011 - 15:02:48: [plmenu.amxx] Cmd: "[o_VIP_o]                (^_^)V<208><STEAM_0:4:446327478><>" slap with 0 damage "[o_VIP_o]                (^_^)V<208><STEAM_0:4:446327478><>"
L 05/13/2011 - 15:02:48: [plmenu.amxx] Cmd: "[o_VIP_o]                (^_^)V<208><STEAM_0:4:446327478><>" slap with 0 damage "[o_VIP_o]                (^_^)V<208><STEAM_0:4:446327478><>"
L 05/13/2011 - 15:02:49: [plmenu.amxx] Cmd: "[o_VIP_o]                (^_^)V<208><STEAM_0:4:446327478><>" slap with 0 damage "[o_VIP_o]                (^_^)V<208><STEAM_0:4:446327478><>"
L 05/13/2011 - 15:02:51: [plmenu.amxx] Cmd: "[o_VIP_o]                (^_^)V<208><STEAM_0:4:446327478><>" slap with 0 damage "[o_VIP_o]                (^_^)V<208><STEAM_0:4:446327478><>"
L 05/13/2011 - 15:02:51: [plmenu.amxx] Cmd: "[o_VIP_o]                (^_^)V<208><STEAM_0:4:446327478><>" slap with 0 damage "[o_VIP_o]                (^_^)V<208><STEAM_0:4:446327478><>"
L 05/13/2011 - 15:02:51: [plmenu.amxx] Cmd: "[o_VIP_o]                (^_^)V<208><STEAM_0:4:446327478><>" slap with 0 damage "[o_VIP_o]                (^_^)V<208><STEAM_0:4:446327478><>"
L 05/13/2011 - 15:02:52: [plmenu.amxx] Cmd: "[o_VIP_o]                (^_^)V<208><STEAM_0:4:446327478><>" slap with 0 damage "[o_VIP_o]                (^_^)V<208><STEAM_0:4:446327478><>"
L 05/13/2011 - 15:02:52: [plmenu.amxx] Cmd: "[o_VIP_o]                (^_^)V<208><STEAM_0:4:446327478><>" slap with 0 damage "[o_VIP_o]                (^_^)V<208><STEAM_0:4:446327478><>"
L 05/13/2011 - 15:02:52: [plmenu.amxx] Cmd: "[o_VIP_o]                (^_^)V<208><STEAM_0:4:446327478><>" slap with 0 damage "[o_VIP_o]                (^_^)V<208><STEAM_0:4:446327478><>"
L 05/13/2011 - 15:02:53: [plmenu.amxx] Cmd: "[o_VIP_o]                (^_^)V<208><STEAM_0:4:446327478><>" slap with 0 damage "[o_VIP_o]                (^_^)V<208><STEAM_0:4:446327478><>"
L 05/13/2011 - 15:02:54: [plmenu.amxx] Cmd: "[o_VIP_o]                (^_^)V<208><STEAM_0:4:446327478><>" slap with 0 damage "[o_VIP_o]                (^_^)V<208><STEAM_0:4:446327478><>"
L 05/13/2011 - 15:02:54: [plmenu.amxx] Cmd: "[o_VIP_o]                (^_^)V<208><STEAM_0:4:446327478><>" slap with 0 damage "[o_VIP_o]                (^_^)V<208><STEAM_0:4:446327478><>"
L 05/13/2011 - 15:02:54: [plmenu.amxx] Cmd: "[o_VIP_o]                (^_^)V<208><STEAM_0:4:446327478><>" slap with 0 damage "[o_VIP_o]                (^_^)V<208><STEAM_0:4:446327478><>"
L 05/13/2011 - 15:02:55: [plmenu.amxx] Cmd: "[o_VIP_o]                (^_^)V<208><STEAM_0:4:446327478><>" slap with 0 damage "[o_VIP_o]                (^_^)V<208><STEAM_0:4:446327478><>"
L 05/13/2011 - 15:02:55: [plmenu.amxx] Cmd: "[o_VIP_o]                (^_^)V<208><STEAM_0:4:446327478><>" slap with 0 damage "[o_VIP_o]                (^_^)V<208><STEAM_0:4:446327478><>"
L 05/13/2011 - 15:02:55: [plmenu.amxx] Cmd: "[o_VIP_o]                (^_^)V<208><STEAM_0:4:446327478><>" slap with 0 damage "[o_VIP_o]                (^_^)V<208><STEAM_0:4:446327478><>"
L 05/13/2011 - 15:02:59: [plmenu.amxx] Cmd: "[o_VIP_o]                (^_^)V<208><STEAM_0:4:446327478><>" slap with 0 damage "[o_VIP_o]                (^_^)V<208><STEAM_0:4:446327478><>"
L 05/13/2011 - 15:02:59: [plmenu.amxx] Cmd: "[o_VIP_o]                (^_^)V<208><STEAM_0:4:446327478><>" slap with 0 damage "[o_VIP_o]                (^_^)V<208><STEAM_0:4:446327478><>"
L 05/13/2011 - 15:02:59: [plmenu.amxx] Cmd: "[o_VIP_o]                (^_^)V<208><STEAM_0:4:446327478><>" slap with 0 damage "[o_VIP_o]                (^_^)V<208><STEAM_0:4:446327478><>"
L 05/13/2011 - 15:03:00: [plmenu.amxx] Cmd: "[o_VIP_o]                (^_^)V<208><STEAM_0:4:446327478><>" slap with 0 damage "[o_VIP_o]                (^_^)V<208><STEAM_0:4:446327478><>"
L 05/13/2011 - 15:03:02: [plmenu.amxx] Cmd: "[o_VIP_o]                (^_^)V<208><STEAM_0:4:446327478><>" slap with 0 damage "[o_VIP_o]                (^_^)V<208><STEAM_0:4:446327478><>"
L 05/13/2011 - 15:03:02: [plmenu.amxx] Cmd: "[o_VIP_o]                (^_^)V<208><STEAM_0:4:446327478><>" slap with 0 damage "[o_VIP_o]                (^_^)V<208><STEAM_0:4:446327478><>"
L 05/13/2011 - 15:03:03: [plmenu.amxx] Cmd: "[o_VIP_o]                (^_^)V<208><STEAM_0:4:446327478><>" slap with 0 damage "[o_VIP_o]                (^_^)V<208><STEAM_0:4:446327478><>"
L 05/13/2011 - 15:03:03: [plmenu.amxx] Cmd: "[o_VIP_o]                (^_^)V<208><STEAM_0:4:446327478><>" slap with 0 damage "[o_VIP_o]                (^_^)V<208><STEAM_0:4:446327478><>"
L 05/13/2011 - 15:03:03: [plmenu.amxx] Cmd: "[o_VIP_o]                (^_^)V<208><STEAM_0:4:446327478><>" slap with 0 damage "[o_VIP_o]                (^_^)V<208><STEAM_0:4:446327478><>"
L 05/13/2011 - 15:03:05: [plmenu.amxx] Cmd: "[o_VIP_o]                (^_^)V<208><STEAM_0:4:446327478><>" slap with 0 damage "[o_VIP_o]                (^_^)V<208><STEAM_0:4:446327478><>"
L 05/13/2011 - 15:03:05: [plmenu.amxx] Cmd: "[o_VIP_o]                (^_^)V<208><STEAM_0:4:446327478><>" slap with 0 damage "[o_VIP_o]                (^_^)V<208><STEAM_0:4:446327478><>"
L 05/13/2011 - 15:03:05: [plmenu.amxx] Cmd: "[o_VIP_o]                (^_^)V<208><STEAM_0:4:446327478><>" slap with 0 damage "[o_VIP_o]                (^_^)V<208><STEAM_0:4:446327478><>"
L 05/13/2011 - 15:03:08: [plmenu.amxx] Cmd: "[o_VIP_o]                (^_^)V<208><STEAM_0:4:446327478><>" slap with 0 damage "[o_VIP_o]                (^_^)V<208><STEAM_0:4:446327478><>"
L 05/13/2011 - 15:03:08: [plmenu.amxx] Cmd: "[o_VIP_o]                (^_^)V<208><STEAM_0:4:446327478><>" slap with 0 damage "[o_VIP_o]                (^_^)V<208><STEAM_0:4:446327478><>"
L 05/13/2011 - 15:03:09: [plmenu.amxx] Cmd: "[o_VIP_o]                (^_^)V<208><STEAM_0:4:446327478><>" slap with 0 damage "[o_VIP_o]                (^_^)V<208><STEAM_0:4:446327478><>"
L 05/13/2011 - 15:03:12: [plmenu.amxx] Cmd: "[o_VIP_o]                (^_^)V<208><STEAM_0:4:446327478><>" slap with 0 damage "[o_VIP_o]                (^_^)V<208><STEAM_0:4:446327478><>"
L 05/13/2011 - 15:03:12: [plmenu.amxx] Cmd: "[o_VIP_o]                (^_^)V<208><STEAM_0:4:446327478><>" slap with 0 damage "[o_VIP_o]                (^_^)V<208><STEAM_0:4:446327478><>"
L 05/13/2011 - 15:03:14: [plmenu.amxx] Cmd: "[o_VIP_o]                (^_^)V<208><STEAM_0:4:446327478><>" slap with 0 damage "[o_VIP_o]                (^_^)V<208><STEAM_0:4:446327478><>"
L 05/13/2011 - 15:03:14: [plmenu.amxx] Cmd: "[o_VIP_o]                (^_^)V<208><STEAM_0:4:446327478><>" slap with 0 damage "[o_VIP_o]                (^_^)V<208><STEAM_0:4:446327478><>"
L 05/13/2011 - 15:03:15: [plmenu.amxx] Cmd: "[o_VIP_o]                (^_^)V<208><STEAM_0:4:446327478><>" slap with 0 damage "[o_VIP_o]                (^_^)V<208><STEAM_0:4:446327478><>"
L 05/13/2011 - 15:03:15: [plmenu.amxx] Cmd: "[o_VIP_o]                (^_^)V<208><STEAM_0:4:446327478><>" slap with 0 damage "[o_VIP_o]                (^_^)V<208><STEAM_0:4:446327478><>"
L 05/13/2011 - 15:03:15: [plmenu.amxx] Cmd: "[o_VIP_o]                (^_^)V<208><STEAM_0:4:446327478><>" slap with 0 damage "[o_VIP_o]                (^_^)V<208><STEAM_0:4:446327478><>"
L 05/13/2011 - 15:03:16: [plmenu.amxx] Cmd: "[o_VIP_o]                (^_^)V<208><STEAM_0:4:446327478><>" slap with 0 damage "[o_VIP_o]                (^_^)V<208><STEAM_0:4:446327478><>"
L 05/13/2011 - 15:03:16: [plmenu.amxx] Cmd: "[o_VIP_o]                (^_^)V<208><STEAM_0:4:446327478><>" slap with 0 damage "[o_VIP_o]                (^_^)V<208><STEAM_0:4:446327478><>"
L 05/13/2011 - 15:03:16: [plmenu.amxx] Cmd: "[o_VIP_o]                (^_^)V<208><STEAM_0:4:446327478><>" slap with 0 damage "[o_VIP_o]                (^_^)V<208><STEAM_0:4:446327478><>"
L 05/13/2011 - 15:03:16: [plmenu.amxx] Cmd: "[o_VIP_o]                (^_^)V<208><STEAM_0:4:446327478><>" slap with 0 damage "[o_VIP_o]                (^_^)V<208><STEAM_0:4:446327478><>"
L 05/13/2011 - 15:03:56: [mapsmenu.amxx] Vote: "[o_VIP_o]                (^_^)V<208><STEAM_0:4:446327478><>" vote maps (map#1 "zm_army") (map#2 "") (map#3 "") (map#4 "")
L 05/13/2011 - 15:04:08: [mapsmenu.amxx] Vote: Voting successful. Map will be changed to zm_army
L 05/13/2011 - 15:04:18: [mapsmenu.amxx] Vote: Result refused
L 05/13/2011 - 15:06:46: [mapsmenu.amxx] Cmd: "[o_VIP_o]                (^_^)V<208><STEAM_0:4:446327478><>" changelevel "zm_army"
L 05/13/2011 - 15:06:48: -------- Mapchange to zm_army --------
L 05/13/2011 - 15:06:49: [admin_amxbans.amxx] Login: "[o_VIP_o]                (^_^)V<208><STEAM_0:4:446327478><>" became an admin (account "212.55.104.156") (access "abcdefgijmopqtu") (address "212.55.104.156")
L 05/13/2011 - 15:06:50: [amxbans.amxx] [AMXBANS] AMXBans 5.0 подключен
L 05/13/2011 - 15:09:53: [plmenu.amxx] Kick: "[o_VIP_o]                (^_^)V<208><STEAM_0:4:446327478><>" kick "_e)l(uK_182<219><STEAM_0:0:892935126><>"
L 05/13/2011 - 15:10:20: [plmenu.amxx] Kick: "[o_VIP_o]                (^_^)V<208><STEAM_0:4:446327478><>" kick "_e)l(uK_182<236><STEAM_0:0:892935126><>"
L 05/13/2011 - 15:11:07: [amxbans.amxx] [o_VIP_o]                (^_^)V<208><STEAM_0:4:446327478><SPECTATOR> забанил _e)l(uK_182<STEAM_0:0:892935126> на 8 часов (480 минут). Причина: Mat.
L 05/13/2011 - 15:27:26: [admin_amxbans.amxx] Login: "[o_VIP_o]                (^_^)V<248><STEAM_0:4:446327478><>" became an admin (account "212.55.104.156") (access "abcdefgijmopqtu") (address "212.55.104.156")
L 05/13/2011 - 15:39:57: [admin_amxbans.amxx] Login: "[o_VIP_o]                (^_^)V<261><STEAM_0:4:446327478><>" became an admin (account "212.55.104.156") (access "abcdefgijmopqtu") (address "212.55.104.156")
L 05/13/2011 - 15:59:07: [admin_amxbans.amxx] Login: "[o_VIP_o]                (^_^)V<274><STEAM_0:4:446327478><>" became an admin (account "212.55.104.156") (access "abcdefgijmopqtu") (address "212.55.104.156")
L 05/13/2011 - 16:09:58: [plmenu.amxx] Cmd: "[o_VIP_o]                (^_^)V<274><STEAM_0:4:446327478><>" slap with 0 damage "[o_VIP_o]                (^_^)V<274><STEAM_0:4:446327478><>"
L 05/13/2011 - 16:14:39: [plmenu.amxx] Cmd: "[o_VIP_o]                (^_^)V<274><STEAM_0:4:446327478><>" slay "[o_VIP_o]                (^_^)V<274><STEAM_0:4:446327478><>"
L 05/13/2011 - 16:17:21: [admin_amxbans.amxx] Login: "[o_VIP_o]                (^_^)V<285><STEAM_0:4:446327478><>" became an admin (account "212.55.104.156") (access "abcdefgijmopqtu") (address "212.55.104.156")
L 05/13/2011 - 16:36:05: [plmenu.amxx] Kick: "[o_VIP_o]                (^_^)V<285><STEAM_0:4:446327478><>" kick "OPASNY ubica :Q<286><STEAM_0:1:38463432><>"
L 05/13/2011 - 16:49:46: [admin_amxbans.amxx] Login: "[o_VIP_o]                (^_^)V<305><STEAM_0:4:446327478><>" became an admin (account "212.55.104.156") (access "abcdefgijmopqtu") (address "212.55.104.156")
L 05/13/2011 - 16:51:15: [mapsmenu.amxx] Vote: "[o_VIP_o]                (^_^)V<305><STEAM_0:4:446327478><>" vote maps (map#1 "zm_neris") (map#2 "zm_houses") (map#3 "cs_italy") (map#4 "cs_militia")
L 05/13/2011 - 16:51:27: [mapsmenu.amxx] Vote: Voting failed
L 05/13/2011 - 16:51:55: [mapsmenu.amxx] Vote: "[o_VIP_o]                (^_^)V<305><STEAM_0:4:446327478><>" vote maps (map#1 "zm_neris") (map#2 "zm_houses") (map#3 "") (map#4 "")
L 05/13/2011 - 16:52:07: [mapsmenu.amxx] Vote: Voting failed
L 05/13/2011 - 16:52:54: [mapsmenu.amxx] Vote: "[o_VIP_o]                (^_^)V<305><STEAM_0:4:446327478><>" vote maps (map#1 "zm_neris") (map#2 "") (map#3 "") (map#4 "")
L 05/13/2011 - 16:53:06: [mapsmenu.amxx] Vote: Voting successful. Map will be changed to zm_neris
L 05/13/2011 - 16:53:16: [mapsmenu.amxx] Vote: Result accepted
L 05/13/2011 - 16:53:18: -------- Mapchange to zm_neris --------
L 05/13/2011 - 16:53:20: [admin_amxbans.amxx] Login: "[o_VIP_o]                (^_^)V<305><STEAM_0:4:446327478><>" became an admin (account "212.55.104.156") (access "abcdefgijmopqtu") (address "212.55.104.156")
L 05/13/2011 - 16:53:20: [amxbans.amxx] [AMXBANS] AMXBans 5.0 подключен
L 05/13/2011 - 17:08:27: [plmenu.amxx] Cmd: "[o_VIP_o]                (^_^)V<305><STEAM_0:4:446327478><>" slap with 0 damage "[o_VIP_o]                (^_^)V<305><STEAM_0:4:446327478><>"
L 05/13/2011 - 17:08:27: [plmenu.amxx] Cmd: "[o_VIP_o]                (^_^)V<305><STEAM_0:4:446327478><>" slap with 0 damage "[o_VIP_o]                (^_^)V<305><STEAM_0:4:446327478><>"
L 05/13/2011 - 17:08:28: [plmenu.amxx] Cmd: "[o_VIP_o]                (^_^)V<305><STEAM_0:4:446327478><>" slap with 0 damage "[o_VIP_o]                (^_^)V<305><STEAM_0:4:446327478><>"
L 05/13/2011 - 17:08:28: [plmenu.amxx] Cmd: "[o_VIP_o]                (^_^)V<305><STEAM_0:4:446327478><>" slap with 0 damage "[o_VIP_o]                (^_^)V<305><STEAM_0:4:446327478><>"
L 05/13/2011 - 17:08:28: [plmenu.amxx] Cmd: "[o_VIP_o]                (^_^)V<305><STEAM_0:4:446327478><>" slap with 0 damage "[o_VIP_o]                (^_^)V<305><STEAM_0:4:446327478><>"
L 05/13/2011 - 17:08:28: [plmenu.amxx] Cmd: "[o_VIP_o]                (^_^)V<305><STEAM_0:4:446327478><>" slap with 0 damage "[o_VIP_o]                (^_^)V<305><STEAM_0:4:446327478><>"
L 05/13/2011 - 17:08:29: [plmenu.amxx] Cmd: "[o_VIP_o]                (^_^)V<305><STEAM_0:4:446327478><>" slap with 0 damage "[o_VIP_o]                (^_^)V<305><STEAM_0:4:446327478><>"
L 05/13/2011 - 17:08:32: [plmenu.amxx] Cmd: "[o_VIP_o]                (^_^)V<305><STEAM_0:4:446327478><>" slap with 0 damage "[o_VIP_o]                (^_^)V<305><STEAM_0:4:446327478><>"
L 05/13/2011 - 17:08:32: [plmenu.amxx] Cmd: "[o_VIP_o]                (^_^)V<305><STEAM_0:4:446327478><>" slap with 0 damage "[o_VIP_o]                (^_^)V<305><STEAM_0:4:446327478><>"
L 05/13/2011 - 17:08:32: [plmenu.amxx] Cmd: "[o_VIP_o]                (^_^)V<305><STEAM_0:4:446327478><>" slap with 0 damage "[o_VIP_o]                (^_^)V<305><STEAM_0:4:446327478><>"
L 05/13/2011 - 17:08:33: [plmenu.amxx] Cmd: "[o_VIP_o]                (^_^)V<305><STEAM_0:4:446327478><>" slap with 0 damage "[o_VIP_o]                (^_^)V<305><STEAM_0:4:446327478><>"
L 05/13/2011 - 17:08:34: [plmenu.amxx] Cmd: "[o_VIP_o]                (^_^)V<305><STEAM_0:4:446327478><>" slap with 0 damage "[o_VIP_o]                (^_^)V<305><STEAM_0:4:446327478><>"
L 05/13/2011 - 17:08:35: [plmenu.amxx] Cmd: "[o_VIP_o]                (^_^)V<305><STEAM_0:4:446327478><>" slap with 0 damage "[o_VIP_o]                (^_^)V<305><STEAM_0:4:446327478><>"
L 05/13/2011 - 17:08:35: [plmenu.amxx] Cmd: "[o_VIP_o]                (^_^)V<305><STEAM_0:4:446327478><>" slap with 0 damage "[o_VIP_o]                (^_^)V<305><STEAM_0:4:446327478><>"
L 05/13/2011 - 17:08:35: [plmenu.amxx] Cmd: "[o_VIP_o]                (^_^)V<305><STEAM_0:4:446327478><>" slap with 0 damage "[o_VIP_o]                (^_^)V<305><STEAM_0:4:446327478><>"
L 05/13/2011 - 17:08:35: [plmenu.amxx] Cmd: "[o_VIP_o]                (^_^)V<305><STEAM_0:4:446327478><>" slap with 0 damage "[o_VIP_o]                (^_^)V<305><STEAM_0:4:446327478><>"
L 05/13/2011 - 17:08:36: [plmenu.amxx] Cmd: "[o_VIP_o]                (^_^)V<305><STEAM_0:4:446327478><>" slap with 0 damage "[o_VIP_o]                (^_^)V<305><STEAM_0:4:446327478><>"
L 05/13/2011 - 17:08:41: [plmenu.amxx] Cmd: "[o_VIP_o]                (^_^)V<305><STEAM_0:4:446327478><>" slap with 0 damage "[o_VIP_o]                (^_^)V<305><STEAM_0:4:446327478><>"
L 05/13/2011 - 17:08:41: [plmenu.amxx] Cmd: "[o_VIP_o]                (^_^)V<305><STEAM_0:4:446327478><>" slap with 0 damage "[o_VIP_o]                (^_^)V<305><STEAM_0:4:446327478><>"
L 05/13/2011 - 17:08:41: [plmenu.amxx] Cmd: "[o_VIP_o]                (^_^)V<305><STEAM_0:4:446327478><>" slap with 0 damage "[o_VIP_o]                (^_^)V<305><STEAM_0:4:446327478><>"
L 05/13/2011 - 17:08:42: [plmenu.amxx] Cmd: "[o_VIP_o]                (^_^)V<305><STEAM_0:4:446327478><>" slap with 0 damage "[o_VIP_o]                (^_^)V<305><STEAM_0:4:446327478><>"
L 05/13/2011 - 17:08:45: [plmenu.amxx] Cmd: "[o_VIP_o]                (^_^)V<305><STEAM_0:4:446327478><>" slap with 0 damage "[o_VIP_o]                (^_^)V<305><STEAM_0:4:446327478><>"
L 05/13/2011 - 17:08:45: [plmenu.amxx] Cmd: "[o_VIP_o]                (^_^)V<305><STEAM_0:4:446327478><>" slap with 0 damage "[o_VIP_o]                (^_^)V<305><STEAM_0:4:446327478><>"
L 05/13/2011 - 17:08:45: [plmenu.amxx] Cmd: "[o_VIP_o]                (^_^)V<305><STEAM_0:4:446327478><>" slap with 0 damage "[o_VIP_o]                (^_^)V<305><STEAM_0:4:446327478><>"
L 05/13/2011 - 17:08:46: [plmenu.amxx] Cmd: "[o_VIP_o]                (^_^)V<305><STEAM_0:4:446327478><>" slap with 0 damage "[o_VIP_o]                (^_^)V<305><STEAM_0:4:446327478><>"
L 05/13/2011 - 17:08:46: [plmenu.amxx] Cmd: "[o_VIP_o]                (^_^)V<305><STEAM_0:4:446327478><>" slap with 0 damage "[o_VIP_o]                (^_^)V<305><STEAM_0:4:446327478><>"
L 05/13/2011 - 17:08:46: [plmenu.amxx] Cmd: "[o_VIP_o]                (^_^)V<305><STEAM_0:4:446327478><>" slap with 0 damage "[o_VIP_o]                (^_^)V<305><STEAM_0:4:446327478><>"
L 05/13/2011 - 17:08:47: [plmenu.amxx] Cmd: "[o_VIP_o]                (^_^)V<305><STEAM_0:4:446327478><>" slap with 0 damage "[o_VIP_o]                (^_^)V<305><STEAM_0:4:446327478><>"
L 05/13/2011 - 17:08:47: [plmenu.amxx] Cmd: "[o_VIP_o]                (^_^)V<305><STEAM_0:4:446327478><>" slap with 0 damage "[o_VIP_o]                (^_^)V<305><STEAM_0:4:446327478><>"
L 05/13/2011 - 17:08:47: [plmenu.amxx] Cmd: "[o_VIP_o]                (^_^)V<305><STEAM_0:4:446327478><>" slap with 0 damage "[o_VIP_o]                (^_^)V<305><STEAM_0:4:446327478><>"
L 05/13/2011 - 17:08:48: [plmenu.amxx] Cmd: "[o_VIP_o]                (^_^)V<305><STEAM_0:4:446327478><>" slap with 0 damage "[o_VIP_o]                (^_^)V<305><STEAM_0:4:446327478><>"
L 05/13/2011 - 17:08:48: [plmenu.amxx] Cmd: "[o_VIP_o]                (^_^)V<305><STEAM_0:4:446327478><>" slap with 0 damage "[o_VIP_o]                (^_^)V<305><STEAM_0:4:446327478><>"
L 05/13/2011 - 17:10:58: [plmenu.amxx] Cmd: "[o_VIP_o]                (^_^)V<305><STEAM_0:4:446327478><>" slap with 0 damage "[o_VIP_o]                (^_^)V<305><STEAM_0:4:446327478><>"
L 05/13/2011 - 17:10:58: [plmenu.amxx] Cmd: "[o_VIP_o]                (^_^)V<305><STEAM_0:4:446327478><>" slap with 0 damage "[o_VIP_o]                (^_^)V<305><STEAM_0:4:446327478><>"
L 05/13/2011 - 17:10:59: [plmenu.amxx] Cmd: "[o_VIP_o]                (^_^)V<305><STEAM_0:4:446327478><>" slap with 0 damage "[o_VIP_o]                (^_^)V<305><STEAM_0:4:446327478><>"
L 05/13/2011 - 17:11:02: [plmenu.amxx] Cmd: "[o_VIP_o]                (^_^)V<305><STEAM_0:4:446327478><>" slap with 0 damage "[o_VIP_o]                (^_^)V<305><STEAM_0:4:446327478><>"
L 05/13/2011 - 17:11:02: [plmenu.amxx] Cmd: "[o_VIP_o]                (^_^)V<305><STEAM_0:4:446327478><>" slap with 0 damage "[o_VIP_o]                (^_^)V<305><STEAM_0:4:446327478><>"
L 05/13/2011 - 17:11:03: [plmenu.amxx] Cmd: "[o_VIP_o]                (^_^)V<305><STEAM_0:4:446327478><>" slap with 0 damage "[o_VIP_o]                (^_^)V<305><STEAM_0:4:446327478><>"
L 05/13/2011 - 17:11:03: [plmenu.amxx] Cmd: "[o_VIP_o]                (^_^)V<305><STEAM_0:4:446327478><>" slap with 0 damage "[o_VIP_o]                (^_^)V<305><STEAM_0:4:446327478><>"
L 05/13/2011 - 17:11:03: [plmenu.amxx] Cmd: "[o_VIP_o]                (^_^)V<305><STEAM_0:4:446327478><>" slap with 0 damage "[o_VIP_o]                (^_^)V<305><STEAM_0:4:446327478><>"
L 05/13/2011 - 17:11:04: [plmenu.amxx] Cmd: "[o_VIP_o]                (^_^)V<305><STEAM_0:4:446327478><>" slap with 0 damage "[o_VIP_o]                (^_^)V<305><STEAM_0:4:446327478><>"
L 05/13/2011 - 17:11:04: [plmenu.amxx] Cmd: "[o_VIP_o]                (^_^)V<305><STEAM_0:4:446327478><>" slap with 0 damage "[o_VIP_o]                (^_^)V<305><STEAM_0:4:446327478><>"
L 05/13/2011 - 17:11:17: [plmenu.amxx] Cmd: "[o_VIP_o]                (^_^)V<305><STEAM_0:4:446327478><>" slap with 0 damage "[o_VIP_o]                (^_^)V<305><STEAM_0:4:446327478><>"
L 05/13/2011 - 17:11:18: [plmenu.amxx] Cmd: "[o_VIP_o]                (^_^)V<305><STEAM_0:4:446327478><>" slap with 0 damage "[o_VIP_o]                (^_^)V<305><STEAM_0:4:446327478><>"
L 05/13/2011 - 17:11:18: [plmenu.amxx] Cmd: "[o_VIP_o]                (^_^)V<305><STEAM_0:4:446327478><>" slap with 0 damage "He6o<301><STEAM_0:4:256874218><>"
L 05/13/2011 - 17:11:58: [plmenu.amxx] Cmd: "[o_VIP_o]                (^_^)V<305><STEAM_0:4:446327478><>" slap with 0 damage "[o_VIP_o]                (^_^)V<305><STEAM_0:4:446327478><>"
L 05/13/2011 - 17:11:58: [plmenu.amxx] Cmd: "[o_VIP_o]                (^_^)V<305><STEAM_0:4:446327478><>" slap with 0 damage "[o_VIP_o]                (^_^)V<305><STEAM_0:4:446327478><>"
L 05/13/2011 - 17:11:58: [plmenu.amxx] Cmd: "[o_VIP_o]                (^_^)V<305><STEAM_0:4:446327478><>" slap with 0 damage "[o_VIP_o]                (^_^)V<305><STEAM_0:4:446327478><>"
L 05/13/2011 - 17:11:58: [plmenu.amxx] Cmd: "[o_VIP_o]                (^_^)V<305><STEAM_0:4:446327478><>" slap with 0 damage "[o_VIP_o]                (^_^)V<305><STEAM_0:4:446327478><>"
L 05/13/2011 - 17:11:59: [plmenu.amxx] Cmd: "[o_VIP_o]                (^_^)V<305><STEAM_0:4:446327478><>" slap with 0 damage "[o_VIP_o]                (^_^)V<305><STEAM_0:4:446327478><>"
L 05/13/2011 - 17:11:59: [plmenu.amxx] Cmd: "[o_VIP_o]                (^_^)V<305><STEAM_0:4:446327478><>" slap with 0 damage "[o_VIP_o]                (^_^)V<305><STEAM_0:4:446327478><>"
L 05/13/2011 - 17:11:59: [plmenu.amxx] Cmd: "[o_VIP_o]                (^_^)V<305><STEAM_0:4:446327478><>" slap with 0 damage "[o_VIP_o]                (^_^)V<305><STEAM_0:4:446327478><>"
L 05/13/2011 - 17:12:09: [plmenu.amxx] Cmd: "[o_VIP_o]                (^_^)V<305><STEAM_0:4:446327478><>" slap with 0 damage "[o_VIP_o]                (^_^)V<305><STEAM_0:4:446327478><>"
L 05/13/2011 - 17:12:09: [plmenu.amxx] Cmd: "[o_VIP_o]                (^_^)V<305><STEAM_0:4:446327478><>" slap with 0 damage "[o_VIP_o]                (^_^)V<305><STEAM_0:4:446327478><>"
L 05/13/2011 - 17:12:09: [plmenu.amxx] Cmd: "[o_VIP_o]                (^_^)V<305><STEAM_0:4:446327478><>" slap with 0 damage "[o_VIP_o]                (^_^)V<305><STEAM_0:4:446327478><>"
L 05/13/2011 - 17:12:10: [plmenu.amxx] Cmd: "[o_VIP_o]                (^_^)V<305><STEAM_0:4:446327478><>" slap with 0 damage "[o_VIP_o]                (^_^)V<305><STEAM_0:4:446327478><>"
L 05/13/2011 - 17:12:10: [plmenu.amxx] Cmd: "[o_VIP_o]                (^_^)V<305><STEAM_0:4:446327478><>" slap with 0 damage "[o_VIP_o]                (^_^)V<305><STEAM_0:4:446327478><>"
L 05/13/2011 - 17:12:10: [plmenu.amxx] Cmd: "[o_VIP_o]                (^_^)V<305><STEAM_0:4:446327478><>" slap with 0 damage "[o_VIP_o]                (^_^)V<305><STEAM_0:4:446327478><>"
L 05/13/2011 - 17:12:11: [plmenu.amxx] Cmd: "[o_VIP_o]                (^_^)V<305><STEAM_0:4:446327478><>" slap with 0 damage "[o_VIP_o]                (^_^)V<305><STEAM_0:4:446327478><>"
L 05/13/2011 - 17:12:11: [plmenu.amxx] Cmd: "[o_VIP_o]                (^_^)V<305><STEAM_0:4:446327478><>" slap with 0 damage "[o_VIP_o]                (^_^)V<305><STEAM_0:4:446327478><>"
L 05/13/2011 - 17:12:11: [plmenu.amxx] Cmd: "[o_VIP_o]                (^_^)V<305><STEAM_0:4:446327478><>" slap with 0 damage "[o_VIP_o]                (^_^)V<305><STEAM_0:4:446327478><>"
L 05/13/2011 - 17:12:17: [plmenu.amxx] Cmd: "[o_VIP_o]                (^_^)V<305><STEAM_0:4:446327478><>" slap with 0 damage "[o_VIP_o]                (^_^)V<305><STEAM_0:4:446327478><>"
L 05/13/2011 - 17:12:17: [plmenu.amxx] Cmd: "[o_VIP_o]                (^_^)V<305><STEAM_0:4:446327478><>" slap with 0 damage "[o_VIP_o]                (^_^)V<305><STEAM_0:4:446327478><>"
L 05/13/2011 - 17:12:18: [plmenu.amxx] Cmd: "[o_VIP_o]                (^_^)V<305><STEAM_0:4:446327478><>" slap with 0 damage "[o_VIP_o]                (^_^)V<305><STEAM_0:4:446327478><>"
L 05/13/2011 - 17:12:18: [plmenu.amxx] Cmd: "[o_VIP_o]                (^_^)V<305><STEAM_0:4:446327478><>" slap with 0 damage "[o_VIP_o]                (^_^)V<305><STEAM_0:4:446327478><>"
L 05/13/2011 - 17:12:18: [plmenu.amxx] Cmd: "[o_VIP_o]                (^_^)V<305><STEAM_0:4:446327478><>" slap with 0 damage "[o_VIP_o]                (^_^)V<305><STEAM_0:4:446327478><>"
L 05/13/2011 - 17:12:18: [plmenu.amxx] Cmd: "[o_VIP_o]                (^_^)V<305><STEAM_0:4:446327478><>" slap with 0 damage "[o_VIP_o]                (^_^)V<305><STEAM_0:4:446327478><>"
L 05/13/2011 - 17:12:19: [plmenu.amxx] Cmd: "[o_VIP_o]                (^_^)V<305><STEAM_0:4:446327478><>" slap with 0 damage "[o_VIP_o]                (^_^)V<305><STEAM_0:4:446327478><>"
L 05/13/2011 - 17:12:19: [plmenu.amxx] Cmd: "[o_VIP_o]                (^_^)V<305><STEAM_0:4:446327478><>" slap with 0 damage "[o_VIP_o]                (^_^)V<305><STEAM_0:4:446327478><>"
L 05/13/2011 - 17:12:19: [plmenu.amxx] Cmd: "[o_VIP_o]                (^_^)V<305><STEAM_0:4:446327478><>" slap with 0 damage "[o_VIP_o]                (^_^)V<305><STEAM_0:4:446327478><>"
L 05/13/2011 - 17:12:32: [plmenu.amxx] Cmd: "[o_VIP_o]                (^_^)V<305><STEAM_0:4:446327478><>" slap with 0 damage "[o_VIP_o]                (^_^)V<305><STEAM_0:4:446327478><>"
L 05/13/2011 - 17:12:33: [plmenu.amxx] Cmd: "[o_VIP_o]                (^_^)V<305><STEAM_0:4:446327478><>" slap with 0 damage "[o_VIP_o]                (^_^)V<305><STEAM_0:4:446327478><>"
L 05/13/2011 - 17:12:33: [plmenu.amxx] Cmd: "[o_VIP_o]                (^_^)V<305><STEAM_0:4:446327478><>" slap with 0 damage "[o_VIP_o]                (^_^)V<305><STEAM_0:4:446327478><>"
L 05/13/2011 - 17:12:34: [plmenu.amxx] Cmd: "[o_VIP_o]                (^_^)V<305><STEAM_0:4:446327478><>" slap with 0 damage "[o_VIP_o]                (^_^)V<305><STEAM_0:4:446327478><>"
L 05/13/2011 - 17:12:34: [plmenu.amxx] Cmd: "[o_VIP_o]                (^_^)V<305><STEAM_0:4:446327478><>" slap with 0 damage "[o_VIP_o]                (^_^)V<305><STEAM_0:4:446327478><>"
L 05/13/2011 - 17:12:35: [plmenu.amxx] Cmd: "[o_VIP_o]                (^_^)V<305><STEAM_0:4:446327478><>" slap with 0 damage "[o_VIP_o]                (^_^)V<305><STEAM_0:4:446327478><>"
L 05/13/2011 - 17:12:35: [plmenu.amxx] Cmd: "[o_VIP_o]                (^_^)V<305><STEAM_0:4:446327478><>" slap with 0 damage "[o_VIP_o]                (^_^)V<305><STEAM_0:4:446327478><>"
L 05/13/2011 - 17:12:35: [plmenu.amxx] Cmd: "[o_VIP_o]                (^_^)V<305><STEAM_0:4:446327478><>" slap with 0 damage "[o_VIP_o]                (^_^)V<305><STEAM_0:4:446327478><>"
L 05/13/2011 - 17:12:36: [plmenu.amxx] Cmd: "[o_VIP_o]                (^_^)V<305><STEAM_0:4:446327478><>" slap with 0 damage "[o_VIP_o]                (^_^)V<305><STEAM_0:4:446327478><>"
L 05/13/2011 - 17:12:36: [plmenu.amxx] Cmd: "[o_VIP_o]                (^_^)V<305><STEAM_0:4:446327478><>" slap with 0 damage "[o_VIP_o]                (^_^)V<305><STEAM_0:4:446327478><>"
L 05/13/2011 - 17:12:37: [plmenu.amxx] Cmd: "[o_VIP_o]                (^_^)V<305><STEAM_0:4:446327478><>" slap with 0 damage "[o_VIP_o]                (^_^)V<305><STEAM_0:4:446327478><>"
L 05/13/2011 - 17:12:37: [plmenu.amxx] Cmd: "[o_VIP_o]                (^_^)V<305><STEAM_0:4:446327478><>" slap with 0 damage "[o_VIP_o]                (^_^)V<305><STEAM_0:4:446327478><>"
L 05/13/2011 - 17:12:38: [plmenu.amxx] Cmd: "[o_VIP_o]                (^_^)V<305><STEAM_0:4:446327478><>" slap with 0 damage "[o_VIP_o]                (^_^)V<305><STEAM_0:4:446327478><>"
L 05/13/2011 - 17:12:38: [plmenu.amxx] Cmd: "[o_VIP_o]                (^_^)V<305><STEAM_0:4:446327478><>" slap with 0 damage "[o_VIP_o]                (^_^)V<305><STEAM_0:4:446327478><>"
L 05/13/2011 - 17:12:44: [plmenu.amxx] Cmd: "[o_VIP_o]                (^_^)V<305><STEAM_0:4:446327478><>" slap with 0 damage "[o_VIP_o]                (^_^)V<305><STEAM_0:4:446327478><>"
L 05/13/2011 - 17:12:44: [plmenu.amxx] Cmd: "[o_VIP_o]                (^_^)V<305><STEAM_0:4:446327478><>" slap with 0 damage "F.B.I<311><STEAM_0:4:97043314><>"
L 05/13/2011 - 17:12:44: [plmenu.amxx] Cmd: "[o_VIP_o]                (^_^)V<305><STEAM_0:4:446327478><>" slap with 0 damage "F.B.I<311><STEAM_0:4:97043314><>"
L 05/13/2011 - 17:12:45: [plmenu.amxx] Cmd: "[o_VIP_o]                (^_^)V<305><STEAM_0:4:446327478><>" slap with 0 damage "F.B.I<311><STEAM_0:4:97043314><>"
L 05/13/2011 - 17:12:58: [admin_amxbans.amxx] Login: "[o_VIP_o]                (^_^)V<336><STEAM_0:4:446327478><>" became an admin (account "212.55.104.156") (access "abcdefgijmopqtu") (address "212.55.104.156")
L 05/13/2011 - 17:19:45: [mapsmenu.amxx] Vote: "[o_VIP_o]                (^_^)V<336><STEAM_0:4:446327478><>" vote maps (map#1 "de_dust") (map#2 "zm_houses") (map#3 "zm_303") (map#4 "cs_italy")
L 05/13/2011 - 17:19:57: [mapsmenu.amxx] Vote: Voting failed
L 05/13/2011 - 17:20:18: [mapsmenu.amxx] Vote: "[o_VIP_o]                (^_^)V<336><STEAM_0:4:446327478><>" vote maps (map#1 "de_dust") (map#2 "zm_houses") (map#3 "cs_italy") (map#4 "")
L 05/13/2011 - 17:20:30: [mapsmenu.amxx] Vote: Voting failed
L 05/13/2011 - 17:20:47: [mapsmenu.amxx] Vote: "[o_VIP_o]                (^_^)V<336><STEAM_0:4:446327478><>" vote maps (map#1 "de_dust") (map#2 "cs_italy") (map#3 "") (map#4 "")
L 05/13/2011 - 17:20:59: [mapsmenu.amxx] Vote: Voting failed
L 05/13/2011 - 17:22:16: [mapsmenu.amxx] Cmd: "[o_VIP_o]                (^_^)V<336><STEAM_0:4:446327478><>" changelevel "de_dust"
L 05/13/2011 - 17:22:19: -------- Mapchange to de_dust --------
L 05/13/2011 - 17:22:21: [admin_amxbans.amxx] Login: "[o_VIP_o]                (^_^)V<336><STEAM_0:4:446327478><>" became an admin (account "212.55.104.156") (access "abcdefgijmopqtu") (address "212.55.104.156")
L 05/13/2011 - 17:22:22: [amxbans.amxx] [AMXBANS] AMXBans 5.0 подключен
L 05/13/2011 - 18:03:08: [mapsmenu.amxx] Vote: "[o_VIP_o]                (^_^)V<336><STEAM_0:4:446327478><>" vote maps (map#1 "cs_italy") (map#2 "cs_office") (map#3 "zm_303") (map#4 "zm_south_escape_b2")
L 05/13/2011 - 18:03:20: [mapsmenu.amxx] Vote: Voting failed
L 05/13/2011 - 18:03:42: [mapsmenu.amxx] Vote: "[o_VIP_o]                (^_^)V<336><STEAM_0:4:446327478><>" vote maps (map#1 "cs_italy") (map#2 "cs_office") (map#3 "") (map#4 "")
L 05/13/2011 - 18:03:54: [mapsmenu.amxx] Vote: Voting successful. Map will be changed to cs_italy
L 05/13/2011 - 18:04:04: [mapsmenu.amxx] Vote: Result refused
L 05/13/2011 - 18:04:31: [mapsmenu.amxx] Cmd: "[o_VIP_o]                (^_^)V<336><STEAM_0:4:446327478><>" changelevel "cs_italy"
L 05/13/2011 - 18:04:33: -------- Mapchange to cs_italy --------
L 05/13/2011 - 18:04:37: [admin_amxbans.amxx] Login: "[o_VIP_o]                (^_^)V<336><STEAM_0:4:446327478><>" became an admin (account "212.55.104.156") (access "abcdefgijmopqtu") (address "212.55.104.156")
L 05/13/2011 - 18:04:38: [amxbans.amxx] [AMXBANS] AMXBans 5.0 подключен
L 05/13/2011 - 18:16:22: [plmenu.amxx] Kick: "[o_VIP_o]                (^_^)V<336><STEAM_0:4:446327478><>" kick "+1oo5oo|MAKCuM<415><STEAM_0:0:1410218480><>"
L 05/13/2011 - 18:21:46: [mapsmenu.amxx] Vote: "[o_VIP_o]                (^_^)V<336><STEAM_0:4:446327478><>" vote maps (map#1 "zm_houses") (map#2 "016_rmk") (map#3 "cs_office") (map#4 "zm_303")
L 05/13/2011 - 18:21:59: [mapsmenu.amxx] Vote: Voting failed
L 05/13/2011 - 18:22:09: [mapsmenu.amxx] Vote: "[o_VIP_o]                (^_^)V<336><STEAM_0:4:446327478><>" vote maps (map#1 "016_rmk") (map#2 "zm_houses") (map#3 "") (map#4 "")
L 05/13/2011 - 18:22:21: [mapsmenu.amxx] Vote: Voting failed
L 05/13/2011 - 18:22:46: [admin_amxbans.amxx] Login: "Dumka<431><STEAM_0:0:1236438227><>" became an admin (account "172.23.65.13") (access "abcdefghijklmnopqrstu") (address "172.23.65.13")
L 05/13/2011 - 18:26:17: [mapsmenu.amxx] Cmd: "[o_VIP_o]                (^_^)V<336><STEAM_0:4:446327478><>" changelevel "016_rmk"
L 05/13/2011 - 18:26:20: -------- Mapchange to 016_rmk --------
L 05/13/2011 - 18:26:21: [admin_amxbans.amxx] Login: "Dumka<431><STEAM_0:0:1236438227><>" became an admin (account "172.23.65.13") (access "abcdefghijklmnopqrstu") (address "172.23.65.13")
L 05/13/2011 - 18:26:21: [admin_amxbans.amxx] Login: "[o_VIP_o]                (^_^)V<336><STEAM_0:4:446327478><>" became an admin (account "212.55.104.156") (access "abcdefgijmopqtu") (address "212.55.104.156")
L 05/13/2011 - 18:26:21: [admin_amxbans.amxx] Login: "Dumka<431><STEAM_0:0:1236438227><>" became an admin (account "172.23.65.13") (access "abcdefghijklmnopqrstu") (address "172.23.65.13")
L 05/13/2011 - 18:26:22: [amxbans.amxx] [AMXBANS] AMXBans 5.0 подключен
L 05/13/2011 - 18:33:29: [plmenu.amxx] Kick: "[o_VIP_o]                (^_^)V<336><STEAM_0:4:446327478><>" kick "+1oo5oo|MAKCuM<449><STEAM_0:0:1410218480><>"
L 05/13/2011 - 18:33:44: [plmenu.amxx] Kick: "[o_VIP_o]                (^_^)V<336><STEAM_0:4:446327478><>" kick "pro.BaD_HeaD.cs--->AKEM[cl]<402><STEAM_0:4:147593073><>"
L 05/13/2011 - 18:35:46: [amxbans.amxx] Dumka<431><STEAM_0:0:1236438227><SPECTATOR> забанил +1oo5oo|MAKCuM<STEAM_0:0:1410218480> на 1 неделя (10080 минут). Причина: e6JIaH.
L 05/13/2011 - 18:45:21: [admin_amxbans.amxx] Login: "Dumka<469><STEAM_0:0:1236438227><>" became an admin (account "172.23.65.13") (access "abcdefghijklmnopqrstu") (address "172.23.65.13")
L 05/13/2011 - 18:46:57: [mapsmenu.amxx] Vote: "Dumka<469><STEAM_0:0:1236438227><>" vote maps (map#1 "zm_houses") (map#2 "zm_desolation_house") (map#3 "cs_office") (map#4 "cs_militia")
L 05/13/2011 - 18:47:09: [mapsmenu.amxx] Vote: Voting successful. Map will be changed to zm_houses
L 05/13/2011 - 18:47:10: [mapsmenu.amxx] Vote: Result accepted
L 05/13/2011 - 18:47:12: -------- Mapchange to zm_houses --------
L 05/13/2011 - 18:47:15: [admin_amxbans.amxx] Login: "Dumka<469><STEAM_0:0:1236438227><>" became an admin (account "172.23.65.13") (access "abcdefghijklmnopqrstu") (address "172.23.65.13")
L 05/13/2011 - 18:47:15: [amxbans.amxx] [AMXBANS] AMXBans 5.0 подключен
L 05/13/2011 - 18:47:17: [admin_amxbans.amxx] Login: "[o_VIP_o]                (^_^)V<336><STEAM_0:4:446327478><>" became an admin (account "212.55.104.156") (access "abcdefgijmopqtu") (address "212.55.104.156")
L 05/13/2011 - 18:47:34: [admin_amxbans.amxx] Login: "[o_VIP_o]                (^_^)V<476><STEAM_0:4:446327478><>" became an admin (account "212.55.104.156") (access "abcdefgijmopqtu") (address "212.55.104.156")
L 05/13/2011 - 19:00:16: [admin_amxbans.amxx] Login: "[o_VIP_o]                (^_^)V<493><STEAM_0:4:446327478><>" became an admin (account "212.55.104.156") (access "abcdefgijmopqtu") (address "212.55.104.156")
L 05/13/2011 - 19:01:55: [admin_amxbans.amxx] Login: "Dumka<498><STEAM_0:0:1236438227><>" became an admin (account "172.23.65.13") (access "abcdefghijklmnopqrstu") (address "172.23.65.13")
L 05/13/2011 - 19:04:41: [amxbans.amxx] Dumka<498><STEAM_0:0:1236438227><CT> забанил phenix<STEAM_0:0:678137866> на 1 час (60 минут). Причина: Spam.
L 05/13/2011 - 19:13:24: [mapsmenu.amxx] Vote: "Dumka<498><STEAM_0:0:1236438227><>" vote maps (map#1 "zm_desolation_house") (map#2 "zm_neris") (map#3 "zm_die_hard_tn") (map#4 "zm_dust_base_fin")
L 05/13/2011 - 19:13:36: [mapsmenu.amxx] Vote: Voting successful. Map will be changed to zm_desolation_house
L 05/13/2011 - 19:13:36: [mapsmenu.amxx] Vote: Result accepted
L 05/13/2011 - 19:13:39: -------- Mapchange to zm_desolation_house --------
L 05/13/2011 - 19:13:42: [amxbans.amxx] [AMXBANS] AMXBans 5.0 подключен
L 05/13/2011 - 19:13:42: [admin_amxbans.amxx] Login: "Dumka<498><STEAM_0:0:1236438227><>" became an admin (account "172.23.65.13") (access "abcdefghijklmnopqrstu") (address "172.23.65.13")
L 05/13/2011 - 19:13:50: [admin_amxbans.amxx] Login: "[o_VIP_o]                (^_^)V<493><STEAM_0:4:446327478><>" became an admin (account "212.55.104.156") (access "abcdefgijmopqtu") (address "212.55.104.156")
L 05/13/2011 - 19:13:54: [admin_amxbans.amxx] Login: "Dumka<498><STEAM_0:0:1236438227><>" became an admin (account "172.23.65.13") (access "abcdefghijklmnopqrstu") (address "172.23.65.13")
L 05/13/2011 - 19:33:01: [mapchooser_new.amxx] Vote: Voting for the nextmap started
L 05/13/2011 - 19:33:11: [mapchooser_new.amxx] Vote: Voting for the nextmap finished. The nextmap will be zm_neris
L 05/13/2011 - 19:38:34: -------- Mapchange to zm_neris --------
L 05/13/2011 - 19:38:36: [amxbans.amxx] [AMXBANS] AMXBans 5.0 подключен
L 05/13/2011 - 19:38:36: [admin_amxbans.amxx] Login: "Dumka<498><STEAM_0:0:1236438227><>" became an admin (account "172.23.65.13") (access "abcdefghijklmnopqrstu") (address "172.23.65.13")
L 05/13/2011 - 19:38:36: [admin_amxbans.amxx] Login: "Dumka<498><STEAM_0:0:1236438227><>" became an admin (account "172.23.65.13") (access "abcdefghijklmnopqrstu") (address "172.23.65.13")
L 05/13/2011 - 19:38:37: [admin_amxbans.amxx] Login: "Dumka<566><STEAM_0:0:1236438227><>" became an admin (account "172.23.65.13") (access "abcdefghijklmnopqrstu") (address "172.23.65.13")
L 05/13/2011 - 19:55:21: [admin_amxbans.amxx] Login: "[o_VIP_o]                (^_^)V<608><STEAM_0:4:446327478><>" became an admin (account "212.55.104.156") (access "abcdefgijmopqtu") (address "212.55.104.156")
L 05/13/2011 - 19:56:55: [mapchooser_new.amxx] Vote: Voting for the nextmap started
L 05/13/2011 - 19:57:06: [plmenu.amxx] Kick: "[o_VIP_o]                (^_^)V<608><STEAM_0:4:446327478><>" kick "L@jserk<562><STEAM_0:4:686527217><>"
L 05/13/2011 - 19:57:06: [mapchooser_new.amxx] Vote: Voting for the nextmap finished. The nextmap will be zm_houses
L 05/13/2011 - 20:04:13: -------- Mapchange to zm_houses --------
L 05/13/2011 - 20:04:15: [admin_amxbans.amxx] Login: "[o_VIP_o]                (^_^)V<608><STEAM_0:4:446327478><>" became an admin (account "212.55.104.156") (access "abcdefgijmopqtu") (address "212.55.104.156")
L 05/13/2011 - 20:04:15: [amxbans.amxx] [AMXBANS] AMXBans 5.0 подключен
L 05/13/2011 - 20:08:19: [admin_amxbans.amxx] Login: ".::T9o::.<628><STEAM_0:0:1836044300><>" became an admin (account ".::T9o::.") (access "abcdefgijmopqtu") (address "95.55.153.108")
L 05/13/2011 - 20:09:43: [admin_amxbans.amxx] Login: "[o_VIP_o]                (^_^)V<629><STEAM_0:4:446327478><>" became an admin (account "212.55.104.156") (access "abcdefgijmopqtu") (address "212.55.104.156")
L 05/13/2011 - 20:13:33: [plmenu.amxx] Cmd: ".::T9o::.<628><STEAM_0:0:1836044300><>" slay "zTz<616><STEAM_0:4:1201783666><>"
L 05/13/2011 - 20:20:28: [plmenu.amxx] Cmd: ".::T9o::.<628><STEAM_0:0:1836044300><>" slap with 0 damage ".::T9o::.<628><STEAM_0:0:1836044300><>"
L 05/13/2011 - 20:22:10: [plmenu.amxx] Kick: "[o_VIP_o]                (^_^)V<629><STEAM_0:4:446327478><>" kick "IIpocTa4eK<622><STEAM_0:0:1594634228><>"
L 05/13/2011 - 20:22:35: [mapchooser_new.amxx] Vote: Voting for the nextmap started
L 05/13/2011 - 20:22:45: [mapchooser_new.amxx] Vote: Voting for the nextmap finished. The nextmap will be de_dust
L 05/13/2011 - 20:28:13: -------- Mapchange to de_dust --------
L 05/13/2011 - 20:28:16: [admin_amxbans.amxx] Login: ".::T9o::.<628><STEAM_0:0:1836044300><>" became an admin (account ".::T9o::.") (access "abcdefgijmopqtu") (address "95.55.153.108")
L 05/13/2011 - 20:28:16: [admin_amxbans.amxx] Login: "[o_VIP_o]                (^_^)V<629><STEAM_0:4:446327478><>" became an admin (account "212.55.104.156") (access "abcdefgijmopqtu") (address "212.55.104.156")
L 05/13/2011 - 20:28:17: [amxbans.amxx] [AMXBANS] AMXBans 5.0 подключен
L 05/13/2011 - 20:34:35: [plmenu.amxx] Cmd: "[o_VIP_o]                (^_^)V<629><STEAM_0:4:446327478><>" slap with 0 damage "[o_VIP_o]                (^_^)V<629><STEAM_0:4:446327478><>"
L 05/13/2011 - 20:40:45: [admin_amxbans.amxx] Login: "[o_VIP_o]                (^_^)V<678><STEAM_0:4:446327478><>" became an admin (account "212.55.104.156") (access "abcdefgijmopqtu") (address "212.55.104.156")
L 05/13/2011 - 20:44:26: [plmenu.amxx] Cmd: ".::T9o::.<628><STEAM_0:0:1836044300><>" slap with 0 damage "mr_PROPER<682><STEAM_0:4:451531269><>"
L 05/13/2011 - 20:44:26: [plmenu.amxx] Cmd: ".::T9o::.<628><STEAM_0:0:1836044300><>" slap with 0 damage "mr_PROPER<682><STEAM_0:4:451531269><>"
L 05/13/2011 - 20:44:26: [plmenu.amxx] Cmd: ".::T9o::.<628><STEAM_0:0:1836044300><>" slap with 0 damage "mr_PROPER<682><STEAM_0:4:451531269><>"
L 05/13/2011 - 20:44:26: [plmenu.amxx] Cmd: ".::T9o::.<628><STEAM_0:0:1836044300><>" slap with 0 damage "mr_PROPER<682><STEAM_0:4:451531269><>"
L 05/13/2011 - 20:45:09: [admin_amxbans.amxx] Login: "[o_VIP_o]                (^_^)V<684><STEAM_0:4:446327478><>" became an admin (account "212.55.104.156") (access "abcdefgijmopqtu") (address "212.55.104.156")
L 05/13/2011 - 20:46:36: [mapchooser_new.amxx] Vote: Voting for the nextmap started
L 05/13/2011 - 20:46:47: [mapchooser_new.amxx] Vote: Voting for the nextmap finished. The nextmap will be zm_jambalaya_escape
L 05/13/2011 - 20:51:22: -------- Mapchange to zm_jambalaya_escape --------
L 05/13/2011 - 20:51:24: [admin_amxbans.amxx] Login: ".::T9o::.<628><STEAM_0:0:1836044300><>" became an admin (account ".::T9o::.") (access "abcdefgijmopqtu") (address "95.55.153.108")
L 05/13/2011 - 20:51:24: [admin_amxbans.amxx] Login: "[o_VIP_o]                (^_^)V<684><STEAM_0:4:446327478><>" became an admin (account "212.55.104.156") (access "abcdefgijmopqtu") (address "212.55.104.156")
L 05/13/2011 - 20:51:25: [amxbans.amxx] [AMXBANS] AMXBans 5.0 подключен
L 05/13/2011 - 20:52:40: [admin_amxbans.amxx] Login: ".::T9o::.<703><STEAM_0:0:1836044300><>" became an admin (account ".::T9o::.") (access "abcdefgijmopqtu") (address "95.55.153.108")
L 05/13/2011 - 20:53:24: [admin_amxbans.amxx] Login: "[o_VIP_o]                (^_^)V<708><STEAM_0:4:446327478><>" became an admin (account "212.55.104.156") (access "abcdefgijmopqtu") (address "212.55.104.156")
L 05/13/2011 - 20:57:45: [plmenu.amxx] Cmd: ".::T9o::.<703><STEAM_0:0:1836044300><>" slay "F.S.B.<701><STEAM_0:4:1156060401><>"
L 05/13/2011 - 20:57:59: [admin_amxbans.amxx] Login: ".::T9o::.<720><STEAM_0:0:1836044300><>" became an admin (account ".::T9o::.") (access "abcdefgijmopqtu") (address "95.55.153.108")
L 05/13/2011 - 21:06:05: [admin_amxbans.amxx] Login: "Dumka<731><STEAM_0:0:1236438227><>" became an admin (account "172.23.65.13") (access "abcdefghijklmnopqrstu") (address "172.23.65.13")
L 05/13/2011 - 21:10:59: [mapchooser_new.amxx] Vote: Voting for the nextmap started
L 05/13/2011 - 21:11:09: [mapchooser_new.amxx] Vote: Voting for the nextmap finished. The nextmap will be zm_south_escape_b2
L 05/13/2011 - 21:12:27: [admin_amxbans.amxx] Login: "[o_VIP_o]                (^_^)V<741><STEAM_0:4:446327478><>" became an admin (account "212.55.104.156") (access "abcdefgijmopqtu") (address "212.55.104.156")
L 05/13/2011 - 21:13:03: [admin_amxbans.amxx] Login: "[o_VIP_o]                (^_^)V<742><STEAM_0:4:446327478><>" became an admin (account "212.55.104.156") (access "abcdefgijmopqtu") (address "212.55.104.156")
L 05/13/2011 - 21:13:20: [admin_amxbans.amxx] Login: "[o_VIP_o]                (^_^)V<743><STEAM_0:4:446327478><>" became an admin (account "212.55.104.156") (access "abcdefgijmopqtu") (address "212.55.104.156")
L 05/13/2011 - 21:14:18: -------- Mapchange to zm_south_escape_b2 --------
L 05/13/2011 - 21:14:19: [admin_amxbans.amxx] Login: ".::T9o::.<720><STEAM_0:0:1836044300><>" became an admin (account ".::T9o::.") (access "abcdefgijmopqtu") (address "95.55.153.108")
L 05/13/2011 - 21:14:19: [admin_amxbans.amxx] Login: "Dumka<731><STEAM_0:0:1236438227><>" became an admin (account "172.23.65.13") (access "abcdefghijklmnopqrstu") (address "172.23.65.13")
L 05/13/2011 - 21:14:19: [admin_amxbans.amxx] Login: "[o_VIP_o]                (^_^)V<743><STEAM_0:4:446327478><>" became an admin (account "212.55.104.156") (access "abcdefgijmopqtu") (address "212.55.104.156")
L 05/13/2011 - 21:14:20: [amxbans.amxx] [AMXBANS] AMXBans 5.0 подключен
L 05/13/2011 - 21:28:26: [plmenu.amxx] Kick: "[o_VIP_o]                (^_^)V<743><STEAM_0:4:446327478><>" kick "HYI TEBE<751><STEAM_0:0:1570076919><>"
L 05/13/2011 - 21:33:15: [mapsmenu.amxx] Vote: "[o_VIP_o]                (^_^)V<743><STEAM_0:4:446327478><>" vote maps (map#1 "zm_houses") (map#2 "") (map#3 "") (map#4 "")
L 05/13/2011 - 21:33:27: [mapsmenu.amxx] Vote: Voting successful. Map will be changed to zm_houses
L 05/13/2011 - 21:33:30: [mapsmenu.amxx] Vote: Result accepted
L 05/13/2011 - 21:33:32: -------- Mapchange to zm_houses --------
L 05/13/2011 - 21:33:33: [admin_amxbans.amxx] Login: ".::T9o::.<720><STEAM_0:0:1836044300><>" became an admin (account ".::T9o::.") (access "abcdefgijmopqtu") (address "95.55.153.108")
L 05/13/2011 - 21:33:34: [admin_amxbans.amxx] Login: "[o_VIP_o]                (^_^)V<743><STEAM_0:4:446327478><>" became an admin (account "212.55.104.156") (access "abcdefgijmopqtu") (address "212.55.104.156")
L 05/13/2011 - 21:33:34: [amxbans.amxx] [AMXBANS] AMXBans 5.0 подключен
L 05/13/2011 - 21:34:40: [admin_amxbans.amxx] Login: "Dumka<779><STEAM_0:0:1236438227><>" became an admin (account "172.23.65.13") (access "abcdefghijklmnopqrstu") (address "172.23.65.13")
L 05/13/2011 - 21:34:49: [admin_amxbans.amxx] Login: "Dumka<781><STEAM_0:0:1236438227><>" became an admin (account "172.23.65.13") (access "abcdefghijklmnopqrstu") (address "172.23.65.13")
L 05/13/2011 - 21:38:39: [plmenu.amxx] Cmd: ".::T9o::.<720><STEAM_0:0:1836044300><>" transfer ".::T9o::.<720><STEAM_0:0:1836044300><>" (team "TERRORIST")
L 05/13/2011 - 21:39:28: [plmenu.amxx] Cmd: ".::T9o::.<720><STEAM_0:0:1836044300><>" transfer ".::T9o::.<720><STEAM_0:0:1836044300><>" (team "TERRORIST")
L 05/13/2011 - 21:39:34: [plmenu.amxx] Cmd: ".::T9o::.<720><STEAM_0:0:1836044300><>" transfer ".::T9o::.<720><STEAM_0:0:1836044300><>" (team "CT")
L 05/13/2011 - 21:41:45: [plmenu.amxx] Kick: "[o_VIP_o]                (^_^)V<743><STEAM_0:4:446327478><>" kick "Span4_606<771><STEAM_0:0:565388205><>"
L 05/13/2011 - 21:42:48: [admin_amxbans.amxx] Login: ".::T9o::.<797><STEAM_0:0:1836044300><>" became an admin (account ".::T9o::.") (access "abcdefgijmopqtu") (address "95.55.153.108")
L 05/13/2011 - 21:43:19: [plmenu.amxx] Cmd: ".::T9o::.<797><STEAM_0:0:1836044300><>" transfer ".::T9o::.<797><STEAM_0:0:1836044300><>" (team "TERRORIST")
L 05/13/2011 - 21:45:01: [plmenu.amxx] Cmd: "[o_VIP_o]                (^_^)V<743><STEAM_0:4:446327478><>" slap with 0 damage "SNEG (The cake is a lie)<789><STEAM_0:4:515234675><>"
L 05/13/2011 - 21:45:02: [plmenu.amxx] Cmd: "[o_VIP_o]                (^_^)V<743><STEAM_0:4:446327478><>" slap with 0 damage "SNEG (The cake is a lie)<789><STEAM_0:4:515234675><>"
L 05/13/2011 - 21:45:44: [plmenu.amxx] Cmd: ".::T9o::.<797><STEAM_0:0:1836044300><>" slay "*cReed$.| BETMEN<744><STEAM_0:0:1696049848><>"
L 05/13/2011 - 21:46:42: [plmenu.amxx] Cmd: ".::T9o::.<797><STEAM_0:0:1836044300><>" slap with 0 damage "SNEG (The cake is a lie)<789><STEAM_0:4:515234675><>"
L 05/13/2011 - 21:46:43: [plmenu.amxx] Cmd: ".::T9o::.<797><STEAM_0:0:1836044300><>" slap with 0 damage "SNEG (The cake is a lie)<789><STEAM_0:4:515234675><>"
L 05/13/2011 - 21:46:43: [plmenu.amxx] Cmd: "[o_VIP_o]                (^_^)V<743><STEAM_0:4:446327478><>" slap with 0 damage "SNEG (The cake is a lie)<789><STEAM_0:4:515234675><>"
L 05/13/2011 - 21:46:43: [plmenu.amxx] Cmd: ".::T9o::.<797><STEAM_0:0:1836044300><>" slap with 0 damage "SNEG (The cake is a lie)<789><STEAM_0:4:515234675><>"
L 05/13/2011 - 21:46:43: [plmenu.amxx] Cmd: ".::T9o::.<797><STEAM_0:0:1836044300><>" slap with 0 damage "SNEG (The cake is a lie)<789><STEAM_0:4:515234675><>"
L 05/13/2011 - 21:46:43: [plmenu.amxx] Cmd: "[o_VIP_o]                (^_^)V<743><STEAM_0:4:446327478><>" slap with 0 damage "SNEG (The cake is a lie)<789><STEAM_0:4:515234675><>"
L 05/13/2011 - 21:46:43: [plmenu.amxx] Cmd: ".::T9o::.<797><STEAM_0:0:1836044300><>" slap with 0 damage "SNEG (The cake is a lie)<789><STEAM_0:4:515234675><>"
L 05/13/2011 - 21:46:43: [plmenu.amxx] Cmd: "[o_VIP_o]                (^_^)V<743><STEAM_0:4:446327478><>" slap with 0 damage "SNEG (The cake is a lie)<789><STEAM_0:4:515234675><>"
L 05/13/2011 - 21:46:44: [plmenu.amxx] Cmd: ".::T9o::.<797><STEAM_0:0:1836044300><>" slap with 0 damage "SNEG (The cake is a lie)<789><STEAM_0:4:515234675><>"
L 05/13/2011 - 21:46:44: [plmenu.amxx] Cmd: "[o_VIP_o]                (^_^)V<743><STEAM_0:4:446327478><>" slap with 0 damage "SNEG (The cake is a lie)<789><STEAM_0:4:515234675><>"
L 05/13/2011 - 21:46:44: [plmenu.amxx] Cmd: ".::T9o::.<797><STEAM_0:0:1836044300><>" slap with 0 damage "SNEG (The cake is a lie)<789><STEAM_0:4:515234675><>"
L 05/13/2011 - 21:46:44: [plmenu.amxx] Cmd: "[o_VIP_o]                (^_^)V<743><STEAM_0:4:446327478><>" slap with 0 damage "SNEG (The cake is a lie)<789><STEAM_0:4:515234675><>"
L 05/13/2011 - 21:46:44: [plmenu.amxx] Cmd: ".::T9o::.<797><STEAM_0:0:1836044300><>" slap with 0 damage "SNEG (The cake is a lie)<789><STEAM_0:4:515234675><>"
L 05/13/2011 - 21:46:45: [plmenu.amxx] Cmd: "[o_VIP_o]                (^_^)V<743><STEAM_0:4:446327478><>" slap with 0 damage "SNEG (The cake is a lie)<789><STEAM_0:4:515234675><>"
L 05/13/2011 - 21:46:45: [plmenu.amxx] Cmd: ".::T9o::.<797><STEAM_0:0:1836044300><>" slap with 0 damage "SNEG (The cake is a lie)<789><STEAM_0:4:515234675><>"
L 05/13/2011 - 21:46:45: [plmenu.amxx] Cmd: ".::T9o::.<797><STEAM_0:0:1836044300><>" slap with 0 damage "SNEG (The cake is a lie)<789><STEAM_0:4:515234675><>"
L 05/13/2011 - 21:46:45: [plmenu.amxx] Cmd: "[o_VIP_o]                (^_^)V<743><STEAM_0:4:446327478><>" slap with 0 damage "SNEG (The cake is a lie)<789><STEAM_0:4:515234675><>"
L 05/13/2011 - 21:46:45: [plmenu.amxx] Cmd: ".::T9o::.<797><STEAM_0:0:1836044300><>" slap with 0 damage "SNEG (The cake is a lie)<789><STEAM_0:4:515234675><>"
L 05/13/2011 - 21:46:45: [plmenu.amxx] Cmd: "[o_VIP_o]                (^_^)V<743><STEAM_0:4:446327478><>" slap with 0 damage "SNEG (The cake is a lie)<789><STEAM_0:4:515234675><>"
L 05/13/2011 - 21:46:45: [plmenu.amxx] Cmd: ".::T9o::.<797><STEAM_0:0:1836044300><>" slap with 0 damage "SNEG (The cake is a lie)<789><STEAM_0:4:515234675><>"
L 05/13/2011 - 21:46:46: [plmenu.amxx] Cmd: "[o_VIP_o]                (^_^)V<743><STEAM_0:4:446327478><>" slap with 0 damage "SNEG (The cake is a lie)<789><STEAM_0:4:515234675><>"
L 05/13/2011 - 21:46:46: [plmenu.amxx] Cmd: ".::T9o::.<797><STEAM_0:0:1836044300><>" slap with 0 damage "SNEG (The cake is a lie)<789><STEAM_0:4:515234675><>"
L 05/13/2011 - 21:46:46: [plmenu.amxx] Cmd: ".::T9o::.<797><STEAM_0:0:1836044300><>" slap with 0 damage "SNEG (The cake is a lie)<789><STEAM_0:4:515234675><>"
L 05/13/2011 - 21:46:46: [plmenu.amxx] Cmd: "[o_VIP_o]                (^_^)V<743><STEAM_0:4:446327478><>" slap with 0 damage "SNEG (The cake is a lie)<789><STEAM_0:4:515234675><>"
L 05/13/2011 - 21:46:46: [plmenu.amxx] Cmd: ".::T9o::.<797><STEAM_0:0:1836044300><>" slap with 0 damage "SNEG (The cake is a lie)<789><STEAM_0:4:515234675><>"
L 05/13/2011 - 21:46:46: [plmenu.amxx] Cmd: "[o_VIP_o]                (^_^)V<743><STEAM_0:4:446327478><>" slap with 0 damage "SNEG (The cake is a lie)<789><STEAM_0:4:515234675><>"
L 05/13/2011 - 21:46:46: [plmenu.amxx] Cmd: ".::T9o::.<797><STEAM_0:0:1836044300><>" slap with 0 damage "SNEG (The cake is a lie)<789><STEAM_0:4:515234675><>"
L 05/13/2011 - 21:46:46: [plmenu.amxx] Cmd: "[o_VIP_o]                (^_^)V<743><STEAM_0:4:446327478><>" slap with 0 damage "SNEG (The cake is a lie)<789><STEAM_0:4:515234675><>"
L 05/13/2011 - 21:46:46: [plmenu.amxx] Cmd: ".::T9o::.<797><STEAM_0:0:1836044300><>" slap with 0 damage "SNEG (The cake is a lie)<789><STEAM_0:4:515234675><>"
L 05/13/2011 - 21:46:47: [plmenu.amxx] Cmd: ".::T9o::.<797><STEAM_0:0:1836044300><>" slap with 0 damage "SNEG (The cake is a lie)<789><STEAM_0:4:515234675><>"
L 05/13/2011 - 21:46:47: [plmenu.amxx] Cmd: "[o_VIP_o]                (^_^)V<743><STEAM_0:4:446327478><>" slap with 0 damage "SNEG (The cake is a lie)<789><STEAM_0:4:515234675><>"
L 05/13/2011 - 21:46:47: [plmenu.amxx] Cmd: ".::T9o::.<797><STEAM_0:0:1836044300><>" slap with 0 damage "SNEG (The cake is a lie)<789><STEAM_0:4:515234675><>"
L 05/13/2011 - 21:46:47: [plmenu.amxx] Cmd: ".::T9o::.<797><STEAM_0:0:1836044300><>" slap with 0 damage "SNEG (The cake is a lie)<789><STEAM_0:4:515234675><>"
L 05/13/2011 - 21:46:47: [plmenu.amxx] Cmd: "[o_VIP_o]                (^_^)V<743><STEAM_0:4:446327478><>" slap with 0 damage "SNEG (The cake is a lie)<789><STEAM_0:4:515234675><>"
L 05/13/2011 - 21:46:47: [plmenu.amxx] Cmd: ".::T9o::.<797><STEAM_0:0:1836044300><>" slap with 0 damage "SNEG (The cake is a lie)<789><STEAM_0:4:515234675><>"
L 05/13/2011 - 21:46:47: [plmenu.amxx] Cmd: "[o_VIP_o]                (^_^)V<743><STEAM_0:4:446327478><>" slap with 0 damage "SNEG (The cake is a lie)<789><STEAM_0:4:515234675><>"
L 05/13/2011 - 21:46:48: [plmenu.amxx] Cmd: ".::T9o::.<797><STEAM_0:0:1836044300><>" slap with 0 damage "SNEG (The cake is a lie)<789><STEAM_0:4:515234675><>"
L 05/13/2011 - 21:46:48: [plmenu.amxx] Cmd: "[o_VIP_o]                (^_^)V<743><STEAM_0:4:446327478><>" slap with 0 damage "SNEG (The cake is a lie)<789><STEAM_0:4:515234675><>"
L 05/13/2011 - 21:46:48: [plmenu.amxx] Cmd: ".::T9o::.<797><STEAM_0:0:1836044300><>" slap with 0 damage "SNEG (The cake is a lie)<789><STEAM_0:4:515234675><>"
L 05/13/2011 - 21:46:48: [plmenu.amxx] Cmd: "[o_VIP_o]                (^_^)V<743><STEAM_0:4:446327478><>" slap with 0 damage "SNEG (The cake is a lie)<789><STEAM_0:4:515234675><>"
L 05/13/2011 - 21:46:48: [plmenu.amxx] Cmd: ".::T9o::.<797><STEAM_0:0:1836044300><>" slap with 0 damage "SNEG (The cake is a lie)<789><STEAM_0:4:515234675><>"
L 05/13/2011 - 21:46:48: [plmenu.amxx] Cmd: "[o_VIP_o]                (^_^)V<743><STEAM_0:4:446327478><>" slap with 0 damage "SNEG (The cake is a lie)<789><STEAM_0:4:515234675><>"
L 05/13/2011 - 21:46:48: [plmenu.amxx] Cmd: ".::T9o::.<797><STEAM_0:0:1836044300><>" slap with 0 damage "SNEG (The cake is a lie)<789><STEAM_0:4:515234675><>"
L 05/13/2011 - 21:46:48: [plmenu.amxx] Cmd: "[o_VIP_o]                (^_^)V<743><STEAM_0:4:446327478><>" slap with 0 damage "SNEG (The cake is a lie)<789><STEAM_0:4:515234675><>"
L 05/13/2011 - 21:46:49: [plmenu.amxx] Cmd: ".::T9o::.<797><STEAM_0:0:1836044300><>" slap with 0 damage "SNEG (The cake is a lie)<789><STEAM_0:4:515234675><>"
L 05/13/2011 - 21:46:49: [plmenu.amxx] Cmd: ".::T9o::.<797><STEAM_0:0:1836044300><>" slap with 0 damage "SNEG (The cake is a lie)<789><STEAM_0:4:515234675><>"
L 05/13/2011 - 21:46:49: [plmenu.amxx] Cmd: "[o_VIP_o]                (^_^)V<743><STEAM_0:4:446327478><>" slap with 0 damage "SNEG (The cake is a lie)<789><STEAM_0:4:515234675><>"
L 05/13/2011 - 21:46:49: [plmenu.amxx] Cmd: ".::T9o::.<797><STEAM_0:0:1836044300><>" slap with 0 damage "SNEG (The cake is a lie)<789><STEAM_0:4:515234675><>"
L 05/13/2011 - 21:46:49: [plmenu.amxx] Cmd: "[o_VIP_o]                (^_^)V<743><STEAM_0:4:446327478><>" slap with 0 damage "SNEG (The cake is a lie)<789><STEAM_0:4:515234675><>"
L 05/13/2011 - 21:46:49: [plmenu.amxx] Cmd: ".::T9o::.<797><STEAM_0:0:1836044300><>" slap with 0 damage "SNEG (The cake is a lie)<789><STEAM_0:4:515234675><>"
L 05/13/2011 - 21:46:50: [plmenu.amxx] Cmd: ".::T9o::.<797><STEAM_0:0:1836044300><>" slap with 0 damage "SNEG (The cake is a lie)<789><STEAM_0:4:515234675><>"
L 05/13/2011 - 21:46:50: [plmenu.amxx] Cmd: "[o_VIP_o]                (^_^)V<743><STEAM_0:4:446327478><>" slap with 0 damage "SNEG (The cake is a lie)<789><STEAM_0:4:515234675><>"
L 05/13/2011 - 21:46:50: [plmenu.amxx] Cmd: ".::T9o::.<797><STEAM_0:0:1836044300><>" slap with 0 damage "SNEG (The cake is a lie)<789><STEAM_0:4:515234675><>"
L 05/13/2011 - 21:46:50: [plmenu.amxx] Cmd: "[o_VIP_o]                (^_^)V<743><STEAM_0:4:446327478><>" slap with 0 damage "SNEG (The cake is a lie)<789><STEAM_0:4:515234675><>"
L 05/13/2011 - 21:46:50: [plmenu.amxx] Cmd: ".::T9o::.<797><STEAM_0:0:1836044300><>" slap with 0 damage "SNEG (The cake is a lie)<789><STEAM_0:4:515234675><>"
L 05/13/2011 - 21:46:50: [plmenu.amxx] Cmd: "[o_VIP_o]                (^_^)V<743><STEAM_0:4:446327478><>" slap with 0 damage "SNEG (The cake is a lie)<789><STEAM_0:4:515234675><>"
L 05/13/2011 - 21:46:50: [plmenu.amxx] Cmd: ".::T9o::.<797><STEAM_0:0:1836044300><>" slap with 0 damage "SNEG (The cake is a lie)<789><STEAM_0:4:515234675><>"
L 05/13/2011 - 21:46:51: [plmenu.amxx] Cmd: "[o_VIP_o]                (^_^)V<743><STEAM_0:4:446327478><>" slap with 0 damage "SNEG (The cake is a lie)<789><STEAM_0:4:515234675><>"
L 05/13/2011 - 21:46:51: [plmenu.amxx] Cmd: ".::T9o::.<797><STEAM_0:0:1836044300><>" slap with 0 damage "SNEG (The cake is a lie)<789><STEAM_0:4:515234675><>"
L 05/13/2011 - 21:46:51: [plmenu.amxx] Cmd: "[o_VIP_o]                (^_^)V<743><STEAM_0:4:446327478><>" slap with 0 damage "SNEG (The cake is a lie)<789><STEAM_0:4:515234675><>"
L 05/13/2011 - 21:46:51: [plmenu.amxx] Cmd: ".::T9o::.<797><STEAM_0:0:1836044300><>" slap with 0 damage "SNEG (The cake is a lie)<789><STEAM_0:4:515234675><>"
L 05/13/2011 - 21:46:51: [plmenu.amxx] Cmd: "[o_VIP_o]                (^_^)V<743><STEAM_0:4:446327478><>" slap with 0 damage "SNEG (The cake is a lie)<789><STEAM_0:4:515234675><>"
L 05/13/2011 - 21:46:52: [plmenu.amxx] Cmd: "[o_VIP_o]                (^_^)V<743><STEAM_0:4:446327478><>" slap with 0 damage "SNEG (The cake is a lie)<789><STEAM_0:4:515234675><>"
L 05/13/2011 - 21:46:52: [plmenu.amxx] Cmd: ".::T9o::.<797><STEAM_0:0:1836044300><>" slap with 0 damage "SNEG (The cake is a lie)<789><STEAM_0:4:515234675><>"
L 05/13/2011 - 21:46:52: [plmenu.amxx] Cmd: ".::T9o::.<797><STEAM_0:0:1836044300><>" slap with 0 damage "SNEG (The cake is a lie)<789><STEAM_0:4:515234675><>"
L 05/13/2011 - 21:46:52: [plmenu.amxx] Cmd: "[o_VIP_o]                (^_^)V<743><STEAM_0:4:446327478><>" slap with 0 damage "SNEG (The cake is a lie)<789><STEAM_0:4:515234675><>"
L 05/13/2011 - 21:46:52: [plmenu.amxx] Cmd: ".::T9o::.<797><STEAM_0:0:1836044300><>" slap with 0 damage "SNEG (The cake is a lie)<789><STEAM_0:4:515234675><>"
L 05/13/2011 - 21:46:52: [plmenu.amxx] Cmd: ".::T9o::.<797><STEAM_0:0:1836044300><>" slap with 0 damage "SNEG (The cake is a lie)<789><STEAM_0:4:515234675><>"
L 05/13/2011 - 21:46:52: [plmenu.amxx] Cmd: "[o_VIP_o]                (^_^)V<743><STEAM_0:4:446327478><>" slap with 0 damage "SNEG (The cake is a lie)<789><STEAM_0:4:515234675><>"
L 05/13/2011 - 21:46:53: [plmenu.amxx] Cmd: ".::T9o::.<797><STEAM_0:0:1836044300><>" slap with 0 damage "SNEG (The cake is a lie)<789><STEAM_0:4:515234675><>"
L 05/13/2011 - 21:46:53: [plmenu.amxx] Cmd: "[o_VIP_o]                (^_^)V<743><STEAM_0:4:446327478><>" slap with 0 damage "SNEG (The cake is a lie)<789><STEAM_0:4:515234675><>"
L 05/13/2011 - 21:46:53: [plmenu.amxx] Cmd: ".::T9o::.<797><STEAM_0:0:1836044300><>" slap with 0 damage "SNEG (The cake is a lie)<789><STEAM_0:4:515234675><>"
L 05/13/2011 - 21:46:53: [plmenu.amxx] Cmd: ".::T9o::.<797><STEAM_0:0:1836044300><>" slap with 0 damage "SNEG (The cake is a lie)<789><STEAM_0:4:515234675><>"
L 05/13/2011 - 21:46:53: [plmenu.amxx] Cmd: ".::T9o::.<797><STEAM_0:0:1836044300><>" slap with 0 damage "SNEG (The cake is a lie)<789><STEAM_0:4:515234675><>"
L 05/13/2011 - 21:46:53: [plmenu.amxx] Cmd: "[o_VIP_o]                (^_^)V<743><STEAM_0:4:446327478><>" slap with 0 damage "SNEG (The cake is a lie)<789><STEAM_0:4:515234675><>"
L 05/13/2011 - 21:46:53: [plmenu.amxx] Cmd: ".::T9o::.<797><STEAM_0:0:1836044300><>" slap with 0 damage "SNEG (The cake is a lie)<789><STEAM_0:4:515234675><>"
L 05/13/2011 - 21:46:53: [plmenu.amxx] Cmd: ".::T9o::.<797><STEAM_0:0:1836044300><>" slap with 0 damage "SNEG (The cake is a lie)<789><STEAM_0:4:515234675><>"
L 05/13/2011 - 21:46:53: [plmenu.amxx] Cmd: "[o_VIP_o]                (^_^)V<743><STEAM_0:4:446327478><>" slap with 0 damage "SNEG (The cake is a lie)<789><STEAM_0:4:515234675><>"
L 05/13/2011 - 21:46:54: [plmenu.amxx] Cmd: ".::T9o::.<797><STEAM_0:0:1836044300><>" slap with 0 damage "SNEG (The cake is a lie)<789><STEAM_0:4:515234675><>"
L 05/13/2011 - 21:46:54: [plmenu.amxx] Cmd: ".::T9o::.<797><STEAM_0:0:1836044300><>" slap with 0 damage "SNEG (The cake is a lie)<789><STEAM_0:4:515234675><>"
L 05/13/2011 - 21:46:54: [plmenu.amxx] Cmd: ".::T9o::.<797><STEAM_0:0:1836044300><>" slap with 0 damage "SNEG (The cake is a lie)<789><STEAM_0:4:515234675><>"
L 05/13/2011 - 21:46:54: [plmenu.amxx] Cmd: "[o_VIP_o]                (^_^)V<743><STEAM_0:4:446327478><>" slap with 0 damage "SNEG (The cake is a lie)<789><STEAM_0:4:515234675><>"
L 05/13/2011 - 21:46:54: [plmenu.amxx] Cmd: ".::T9o::.<797><STEAM_0:0:1836044300><>" slap with 0 damage "SNEG (The cake is a lie)<789><STEAM_0:4:515234675><>"
L 05/13/2011 - 21:46:54: [plmenu.amxx] Cmd: ".::T9o::.<797><STEAM_0:0:1836044300><>" slap with 0 damage "SNEG (The cake is a lie)<789><STEAM_0:4:515234675><>"
L 05/13/2011 - 21:46:54: [plmenu.amxx] Cmd: ".::T9o::.<797><STEAM_0:0:1836044300><>" slap with 0 damage "SNEG (The cake is a lie)<789><STEAM_0:4:515234675><>"
L 05/13/2011 - 21:46:55: [plmenu.amxx] Cmd: "[o_VIP_o]                (^_^)V<743><STEAM_0:4:446327478><>" slap with 0 damage "SNEG (The cake is a lie)<789><STEAM_0:4:515234675><>"
L 05/13/2011 - 21:46:55: [plmenu.amxx] Cmd: ".::T9o::.<797><STEAM_0:0:1836044300><>" slap with 0 damage "SNEG (The cake is a lie)<789><STEAM_0:4:515234675><>"
L 05/13/2011 - 21:46:55: [plmenu.amxx] Cmd: ".::T9o::.<797><STEAM_0:0:1836044300><>" slap with 0 damage "SNEG (The cake is a lie)<789><STEAM_0:4:515234675><>"
L 05/13/2011 - 21:46:55: [plmenu.amxx] Cmd: ".::T9o::.<797><STEAM_0:0:1836044300><>" slap with 0 damage "SNEG (The cake is a lie)<789><STEAM_0:4:515234675><>"
L 05/13/2011 - 21:46:55: [plmenu.amxx] Cmd: ".::T9o::.<797><STEAM_0:0:1836044300><>" slap with 0 damage "SNEG (The cake is a lie)<789><STEAM_0:4:515234675><>"
L 05/13/2011 - 21:46:55: [plmenu.amxx] Cmd: "[o_VIP_o]                (^_^)V<743><STEAM_0:4:446327478><>" slap with 0 damage "SNEG (The cake is a lie)<789><STEAM_0:4:515234675><>"
L 05/13/2011 - 21:46:55: [plmenu.amxx] Cmd: ".::T9o::.<797><STEAM_0:0:1836044300><>" slap with 0 damage "SNEG (The cake is a lie)<789><STEAM_0:4:515234675><>"
L 05/13/2011 - 21:46:56: [plmenu.amxx] Cmd: ".::T9o::.<797><STEAM_0:0:1836044300><>" slap with 0 damage "SNEG (The cake is a lie)<789><STEAM_0:4:515234675><>"
L 05/13/2011 - 21:46:56: [plmenu.amxx] Cmd: ".::T9o::.<797><STEAM_0:0:1836044300><>" slap with 0 damage "SNEG (The cake is a lie)<789><STEAM_0:4:515234675><>"
L 05/13/2011 - 21:46:56: [plmenu.amxx] Cmd: "[o_VIP_o]                (^_^)V<743><STEAM_0:4:446327478><>" slap with 0 damage "SNEG (The cake is a lie)<789><STEAM_0:4:515234675><>"
L 05/13/2011 - 21:46:56: [plmenu.amxx] Cmd: ".::T9o::.<797><STEAM_0:0:1836044300><>" slap with 0 damage "SNEG (The cake is a lie)<789><STEAM_0:4:515234675><>"
L 05/13/2011 - 21:46:56: [plmenu.amxx] Cmd: "[o_VIP_o]                (^_^)V<743><STEAM_0:4:446327478><>" slap with 0 damage "SNEG (The cake is a lie)<789><STEAM_0:4:515234675><>"
L 05/13/2011 - 21:46:56: [plmenu.amxx] Cmd: ".::T9o::.<797><STEAM_0:0:1836044300><>" slap with 0 damage "SNEG (The cake is a lie)<789><STEAM_0:4:515234675><>"
L 05/13/2011 - 21:46:56: [plmenu.amxx] Cmd: ".::T9o::.<797><STEAM_0:0:1836044300><>" slap with 0 damage "SNEG (The cake is a lie)<789><STEAM_0:4:515234675><>"
L 05/13/2011 - 21:46:56: [plmenu.amxx] Cmd: "[o_VIP_o]                (^_^)V<743><STEAM_0:4:446327478><>" slap with 0 damage "SNEG (The cake is a lie)<789><STEAM_0:4:515234675><>"
L 05/13/2011 - 21:46:57: [plmenu.amxx] Cmd: ".::T9o::.<797><STEAM_0:0:1836044300><>" slap with 0 damage "SNEG (The cake is a lie)<789><STEAM_0:4:515234675><>"
L 05/13/2011 - 21:46:57: [plmenu.amxx] Cmd: "[o_VIP_o]                (^_^)V<743><STEAM_0:4:446327478><>" slap with 0 damage "SNEG (The cake is a lie)<789><STEAM_0:4:515234675><>"
L 05/13/2011 - 21:46:57: [plmenu.amxx] Cmd: ".::T9o::.<797><STEAM_0:0:1836044300><>" slap with 0 damage "SNEG (The cake is a lie)<789><STEAM_0:4:515234675><>"
L 05/13/2011 - 21:46:57: [plmenu.amxx] Cmd: ".::T9o::.<797><STEAM_0:0:1836044300><>" slap with 0 damage "SNEG (The cake is a lie)<789><STEAM_0:4:515234675><>"
L 05/13/2011 - 21:46:57: [plmenu.amxx] Cmd: ".::T9o::.<797><STEAM_0:0:1836044300><>" slap with 0 damage "SNEG (The cake is a lie)<789><STEAM_0:4:515234675><>"
L 05/13/2011 - 21:46:57: [plmenu.amxx] Cmd: "[o_VIP_o]                (^_^)V<743><STEAM_0:4:446327478><>" slap with 0 damage "SNEG (The cake is a lie)<789><STEAM_0:4:515234675><>"
L 05/13/2011 - 21:46:57: [plmenu.amxx] Cmd: ".::T9o::.<797><STEAM_0:0:1836044300><>" slap with 0 damage "SNEG (The cake is a lie)<789><STEAM_0:4:515234675><>"
L 05/13/2011 - 21:46:58: [plmenu.amxx] Cmd: ".::T9o::.<797><STEAM_0:0:1836044300><>" slap with 0 damage "SNEG (The cake is a lie)<789><STEAM_0:4:515234675><>"
L 05/13/2011 - 21:46:58: [plmenu.amxx] Cmd: ".::T9o::.<797><STEAM_0:0:1836044300><>" slap with 0 damage "SNEG (The cake is a lie)<789><STEAM_0:4:515234675><>"
L 05/13/2011 - 21:46:58: [plmenu.amxx] Cmd: "[o_VIP_o]                (^_^)V<743><STEAM_0:4:446327478><>" slap with 0 damage "SNEG (The cake is a lie)<789><STEAM_0:4:515234675><>"
L 05/13/2011 - 21:46:58: [plmenu.amxx] Cmd: ".::T9o::.<797><STEAM_0:0:1836044300><>" slap with 0 damage "SNEG (The cake is a lie)<789><STEAM_0:4:515234675><>"
L 05/13/2011 - 21:46:58: [plmenu.amxx] Cmd: ".::T9o::.<797><STEAM_0:0:1836044300><>" slap with 0 damage "SNEG (The cake is a lie)<789><STEAM_0:4:515234675><>"
L 05/13/2011 - 21:46:58: [plmenu.amxx] Cmd: "[o_VIP_o]                (^_^)V<743><STEAM_0:4:446327478><>" slap with 0 damage "SNEG (The cake is a lie)<789><STEAM_0:4:515234675><>"
L 05/13/2011 - 21:46:58: [plmenu.amxx] Cmd: ".::T9o::.<797><STEAM_0:0:1836044300><>" slap with 0 damage "SNEG (The cake is a lie)<789><STEAM_0:4:515234675><>"
L 05/13/2011 - 21:46:58: [plmenu.amxx] Cmd: ".::T9o::.<797><STEAM_0:0:1836044300><>" slap with 0 damage "SNEG (The cake is a lie)<789><STEAM_0:4:515234675><>"
L 05/13/2011 - 21:46:59: [plmenu.amxx] Cmd: ".::T9o::.<797><STEAM_0:0:1836044300><>" slap with 0 damage "SNEG (The cake is a lie)<789><STEAM_0:4:515234675><>"
L 05/13/2011 - 21:46:59: [plmenu.amxx] Cmd: "[o_VIP_o]                (^_^)V<743><STEAM_0:4:446327478><>" slap with 0 damage "SNEG (The cake is a lie)<789><STEAM_0:4:515234675><>"
L 05/13/2011 - 21:47:00: [plmenu.amxx] Cmd: "[o_VIP_o]                (^_^)V<743><STEAM_0:4:446327478><>" slap with 0 damage "SNEG (The cake is a lie)<789><STEAM_0:4:515234675><>"
L 05/13/2011 - 21:47:00: [plmenu.amxx] Cmd: "[o_VIP_o]                (^_^)V<743><STEAM_0:4:446327478><>" slap with 0 damage "SNEG (The cake is a lie)<789><STEAM_0:4:515234675><>"
L 05/13/2011 - 21:47:01: [plmenu.amxx] Cmd: "[o_VIP_o]                (^_^)V<743><STEAM_0:4:446327478><>" slap with 0 damage "SNEG (The cake is a lie)<789><STEAM_0:4:515234675><>"
L 05/13/2011 - 21:47:01: [plmenu.amxx] Cmd: "[o_VIP_o]                (^_^)V<743><STEAM_0:4:446327478><>" slap with 0 damage "SNEG (The cake is a lie)<789><STEAM_0:4:515234675><>"
L 05/13/2011 - 21:47:02: [plmenu.amxx] Cmd: "[o_VIP_o]                (^_^)V<743><STEAM_0:4:446327478><>" slap with 0 damage "SNEG (The cake is a lie)<789><STEAM_0:4:515234675><>"
L 05/13/2011 - 21:47:02: [plmenu.amxx] Cmd: "[o_VIP_o]                (^_^)V<743><STEAM_0:4:446327478><>" slap with 0 damage "SNEG (The cake is a lie)<789><STEAM_0:4:515234675><>"
L 05/13/2011 - 21:47:03: [plmenu.amxx] Cmd: "[o_VIP_o]                (^_^)V<743><STEAM_0:4:446327478><>" slap with 0 damage "SNEG (The cake is a lie)<789><STEAM_0:4:515234675><>"
L 05/13/2011 - 21:47:03: [plmenu.amxx] Cmd: ".::T9o::.<797><STEAM_0:0:1836044300><>" slap with 0 damage "SNEG (The cake is a lie)<789><STEAM_0:4:515234675><>"
L 05/13/2011 - 21:47:03: [plmenu.amxx] Cmd: ".::T9o::.<797><STEAM_0:0:1836044300><>" slap with 0 damage "SNEG (The cake is a lie)<789><STEAM_0:4:515234675><>"
L 05/13/2011 - 21:47:04: [plmenu.amxx] Cmd: "[o_VIP_o]                (^_^)V<743><STEAM_0:4:446327478><>" slap with 0 damage "SNEG (The cake is a lie)<789><STEAM_0:4:515234675><>"
L 05/13/2011 - 21:47:04: [plmenu.amxx] Cmd: ".::T9o::.<797><STEAM_0:0:1836044300><>" slap with 0 damage "SNEG (The cake is a lie)<789><STEAM_0:4:515234675><>"
L 05/13/2011 - 21:47:04: [plmenu.amxx] Cmd: ".::T9o::.<797><STEAM_0:0:1836044300><>" slap with 0 damage "SNEG (The cake is a lie)<789><STEAM_0:4:515234675><>"
L 05/13/2011 - 21:47:04: [plmenu.amxx] Cmd: ".::T9o::.<797><STEAM_0:0:1836044300><>" slap with 0 damage "SNEG (The cake is a lie)<789><STEAM_0:4:515234675><>"
L 05/13/2011 - 21:47:04: [plmenu.amxx] Cmd: ".::T9o::.<797><STEAM_0:0:1836044300><>" slap with 0 damage "SNEG (The cake is a lie)<789><STEAM_0:4:515234675><>"
L 05/13/2011 - 21:47:04: [plmenu.amxx] Cmd: ".::T9o::.<797><STEAM_0:0:1836044300><>" slap with 0 damage "SNEG (The cake is a lie)<789><STEAM_0:4:515234675><>"
L 05/13/2011 - 21:47:04: [plmenu.amxx] Cmd: "[o_VIP_o]                (^_^)V<743><STEAM_0:4:446327478><>" slap with 0 damage "SNEG (The cake is a lie)<789><STEAM_0:4:515234675><>"
L 05/13/2011 - 21:47:04: [plmenu.amxx] Cmd: ".::T9o::.<797><STEAM_0:0:1836044300><>" slap with 0 damage "SNEG (The cake is a lie)<789><STEAM_0:4:515234675><>"
L 05/13/2011 - 21:47:05: [plmenu.amxx] Cmd: ".::T9o::.<797><STEAM_0:0:1836044300><>" slap with 0 damage "SNEG (The cake is a lie)<789><STEAM_0:4:515234675><>"
L 05/13/2011 - 21:47:05: [plmenu.amxx] Cmd: "[o_VIP_o]                (^_^)V<743><STEAM_0:4:446327478><>" slap with 0 damage "SNEG (The cake is a lie)<789><STEAM_0:4:515234675><>"
L 05/13/2011 - 21:47:05: [plmenu.amxx] Cmd: ".::T9o::.<797><STEAM_0:0:1836044300><>" slap with 0 damage "SNEG (The cake is a lie)<789><STEAM_0:4:515234675><>"
L 05/13/2011 - 21:47:05: [plmenu.amxx] Cmd: ".::T9o::.<797><STEAM_0:0:1836044300><>" slap with 0 damage "SNEG (The cake is a lie)<789><STEAM_0:4:515234675><>"
L 05/13/2011 - 21:47:05: [plmenu.amxx] Cmd: ".::T9o::.<797><STEAM_0:0:1836044300><>" slap with 0 damage "SNEG (The cake is a lie)<789><STEAM_0:4:515234675><>"
L 05/13/2011 - 21:47:05: [plmenu.amxx] Cmd: "[o_VIP_o]                (^_^)V<743><STEAM_0:4:446327478><>" slap with 0 damage "SNEG (The cake is a lie)<789><STEAM_0:4:515234675><>"
L 05/13/2011 - 21:47:05: [plmenu.amxx] Cmd: ".::T9o::.<797><STEAM_0:0:1836044300><>" slap with 0 damage "SNEG (The cake is a lie)<789><STEAM_0:4:515234675><>"
L 05/13/2011 - 21:47:05: [plmenu.amxx] Cmd: "[o_VIP_o]                (^_^)V<743><STEAM_0:4:446327478><>" slap with 0 damage "SNEG (The cake is a lie)<789><STEAM_0:4:515234675><>"
L 05/13/2011 - 21:47:05: [plmenu.amxx] Cmd: ".::T9o::.<797><STEAM_0:0:1836044300><>" slap with 0 damage "SNEG (The cake is a lie)<789><STEAM_0:4:515234675><>"
L 05/13/2011 - 21:47:06: [plmenu.amxx] Cmd: ".::T9o::.<797><STEAM_0:0:1836044300><>" slap with 0 damage "SNEG (The cake is a lie)<789><STEAM_0:4:515234675><>"
L 05/13/2011 - 21:47:06: [plmenu.amxx] Cmd: "[o_VIP_o]                (^_^)V<743><STEAM_0:4:446327478><>" slap with 0 damage "SNEG (The cake is a lie)<789><STEAM_0:4:515234675><>"
L 05/13/2011 - 21:47:06: [plmenu.amxx] Cmd: ".::T9o::.<797><STEAM_0:0:1836044300><>" slap with 0 damage "SNEG (The cake is a lie)<789><STEAM_0:4:515234675><>"
L 05/13/2011 - 21:47:06: [plmenu.amxx] Cmd: ".::T9o::.<797><STEAM_0:0:1836044300><>" slap with 0 damage "SNEG (The cake is a lie)<789><STEAM_0:4:515234675><>"
L 05/13/2011 - 21:47:06: [plmenu.amxx] Cmd: "[o_VIP_o]                (^_^)V<743><STEAM_0:4:446327478><>" slap with 0 damage "SNEG (The cake is a lie)<789><STEAM_0:4:515234675><>"
L 05/13/2011 - 21:47:06: [plmenu.amxx] Cmd: ".::T9o::.<797><STEAM_0:0:1836044300><>" slap with 0 damage "SNEG (The cake is a lie)<789><STEAM_0:4:515234675><>"
L 05/13/2011 - 21:47:06: [plmenu.amxx] Cmd: "[o_VIP_o]                (^_^)V<743><STEAM_0:4:446327478><>" slap with 0 damage "SNEG (The cake is a lie)<789><STEAM_0:4:515234675><>"
L 05/13/2011 - 21:47:06: [plmenu.amxx] Cmd: ".::T9o::.<797><STEAM_0:0:1836044300><>" slap with 0 damage "SNEG (The cake is a lie)<789><STEAM_0:4:515234675><>"
L 05/13/2011 - 21:47:07: [plmenu.amxx] Cmd: "[o_VIP_o]                (^_^)V<743><STEAM_0:4:446327478><>" slap with 0 damage "SNEG (The cake is a lie)<789><STEAM_0:4:515234675><>"
L 05/13/2011 - 21:47:55: [plmenu.amxx] Cmd: "[o_VIP_o]                (^_^)V<743><STEAM_0:4:446327478><>" transfer "[o_VIP_o]                (^_^)V<743><STEAM_0:4:446327478><>" (team "TERRORIST")
L 05/13/2011 - 21:52:28: [adminchat.amxx] Chat: "SNEG (The cake is a lie)<789><STEAM_0:4:515234675><>" chat " )))"
L 05/13/2011 - 21:52:34: [adminchat.amxx] Chat: "SNEG (The cake is a lie)<789><STEAM_0:4:515234675><>" chat " xapaco"
L 05/13/2011 - 21:54:46: -------- Mapchange to zm_army --------
L 05/13/2011 - 21:54:48: [admin_amxbans.amxx] Login: ".::T9o::.<797><STEAM_0:0:1836044300><>" became an admin (account ".::T9o::.") (access "abcdefgijmopqtu") (address "95.55.153.108")
L 05/13/2011 - 21:54:48: [amxbans.amxx] [AMXBANS] AMXBans 5.0 подключен
L 05/13/2011 - 21:59:07: [plmenu.amxx] Kick: ".::T9o::.<797><STEAM_0:0:1836044300><>" kick "XyeRezkA?*<821><STEAM_0:0:432343282><>"
L 05/13/2011 - 22:12:59: [admin_amxbans.amxx] Login: "Dumka<833><STEAM_0:0:1236438227><>" became an admin (account "172.23.65.13") (access "abcdefghijklmnopqrstu") (address "172.23.65.13")
L 05/13/2011 - 22:15:14: -------- Mapchange to zm_desolation_house --------
L 05/13/2011 - 22:15:15: [admin_amxbans.amxx] Login: "Dumka<833><STEAM_0:0:1236438227><>" became an admin (account "172.23.65.13") (access "abcdefghijklmnopqrstu") (address "172.23.65.13")
L 05/13/2011 - 22:15:15: [admin_amxbans.amxx] Login: ".::T9o::.<797><STEAM_0:0:1836044300><>" became an admin (account ".::T9o::.") (access "abcdefgijmopqtu") (address "95.55.153.108")
L 05/13/2011 - 22:15:16: [amxbans.amxx] [AMXBANS] AMXBans 5.0 подключен
L 05/13/2011 - 22:23:58: [admin_amxbans.amxx] Login: "Fin - Rus<848><STEAM_0:4:446327478><>" became an admin (account "212.55.104.156") (access "abcdefgijmopqtu") (address "212.55.104.156")
L 05/13/2011 - 22:33:14: [plmenu.amxx] Cmd: "Fin - Rus<848><STEAM_0:4:446327478><>" slay "6ers3rker<811><STEAM_0:0:16602128><>"
L 05/13/2011 - 22:36:02: [plmenu.amxx] Kick: "Fin - Rus<848><STEAM_0:4:446327478><>" kick "OXWORD<852><STEAM_0:4:1796183281><>"
L 05/13/2011 - 22:36:31: -------- Mapchange to cs_militia --------
L 05/13/2011 - 22:36:38: [admin_amxbans.amxx] Login: "Fin - Rus<848><STEAM_0:4:446327478><>" became an admin (account "212.55.104.156") (access "abcdefgijmopqtu") (address "212.55.104.156")
L 05/13/2011 - 22:36:38: [amxbans.amxx] [AMXBANS] AMXBans 5.0 подключен
L 05/13/2011 - 22:42:41: [plmenu.amxx] Cmd: "Fin - Rus<848><STEAM_0:4:446327478><>" slap with 0 damage "pro.BaD_HeaD.cs--->AKEM[cl]<727><STEAM_0:4:147593073><>"
L 05/13/2011 - 22:42:42: [plmenu.amxx] Cmd: "Fin - Rus<848><STEAM_0:4:446327478><>" slap with 0 damage "pro.BaD_HeaD.cs--->AKEM[cl]<727><STEAM_0:4:147593073><>"
L 05/13/2011 - 22:42:42: [plmenu.amxx] Cmd: "Fin - Rus<848><STEAM_0:4:446327478><>" slap with 0 damage "pro.BaD_HeaD.cs--->AKEM[cl]<727><STEAM_0:4:147593073><>"
L 05/13/2011 - 22:42:42: [plmenu.amxx] Cmd: "Fin - Rus<848><STEAM_0:4:446327478><>" slap with 0 damage "pro.BaD_HeaD.cs--->AKEM[cl]<727><STEAM_0:4:147593073><>"
L 05/13/2011 - 22:56:03: [plmenu.amxx] Cmd: "Fin - Rus<848><STEAM_0:4:446327478><>" slay "6ers3rker<811><STEAM_0:0:16602128><>"
L 05/13/2011 - 22:56:26: [mapsmenu.amxx] Vote: "Fin - Rus<848><STEAM_0:4:446327478><>" vote maps (map#1 "zm_jambalaya_escape") (map#2 "zm_escapetrain") (map#3 "zm_south_escape_b2") (map#4 "zm_dust_base_fin")
L 05/13/2011 - 22:56:29: [mapsmenu.amxx] Vote: Cancel vote session
L 05/13/2011 - 22:57:51: [plmenu.amxx] Cmd: "Fin - Rus<848><STEAM_0:4:446327478><>" slap with 5 damage "*cReed$.| aff.JoRdaN<874><STEAM_0:0:2046814521><>"
L 05/13/2011 - 22:57:55: [plmenu.amxx] Cmd: "Fin - Rus<848><STEAM_0:4:446327478><>" slap with 5 damage "*cReed$.| aff.JoRdaN<874><STEAM_0:0:2046814521><>"
L 05/13/2011 - 22:57:59: [plmenu.amxx] Cmd: "Fin - Rus<848><STEAM_0:4:446327478><>" slap with 5 damage "*cReed$.| aff.JoRdaN<874><STEAM_0:0:2046814521><>"
L 05/13/2011 - 22:59:39: -------- Mapchange to zm_neris --------
L 05/13/2011 - 22:59:41: [admin_amxbans.amxx] Login: "Fin - Rus<848><STEAM_0:4:446327478><>" became an admin (account "212.55.104.156") (access "abcdefgijmopqtu") (address "212.55.104.156")
L 05/13/2011 - 22:59:42: [amxbans.amxx] [AMXBANS] AMXBans 5.0 подключен
L 05/13/2011 - 23:21:31: -------- Mapchange to zm_303 --------
L 05/13/2011 - 23:21:33: [amxbans.amxx] [AMXBANS] AMXBans 5.0 подключен
L 05/13/2011 - 23:43:52: -------- Mapchange to zm_dust_base_fin --------
L 05/13/2011 - 23:43:54: [amxbans.amxx] [AMXBANS] AMXBans 5.0 подключен
L 05/13/2011 - 23:56:42: [admin_amxbans.amxx] Login: ".::T9o::.<896><STEAM_0:0:1836044300><>" became an admin (account ".::T9o::.") (access "abcdefgijmopqtu") (address "95.55.153.108")
