L 07/02/2011 - 00:10:40: -------- Mapchange to zm_houses --------
L 07/02/2011 - 00:10:41: [admin_amxbans.amxx] Login: "PRO(KENT IGRAET DMB OO7 SPB)<140><STEAM_0:0:689630666><>" became an admin (account "PRO(KENT IGRAET DMB OO7 SPB)") (access "at") (address "91.103.154.227")
L 07/02/2011 - 00:10:41: [admin_amxbans.amxx] Login: "Lenusjka<153><STEAM_0:4:1429483121><>" became an admin (account "Lenusjka") (access "at") (address "91.190.52.3")
L 07/02/2011 - 00:10:42: [amxbans.amxx] [AMXBANS] AMXBans 5.0 подключен
L 07/02/2011 - 00:11:57: [admin_amxbans.amxx] Login: "Dumka<185><STEAM_0:0:263411619><>" became an admin (account "172.23.65.13") (access "abcdefghijklmnopqrsu") (address "172.23.65.13")
L 07/02/2011 - 00:21:42: [admin_amxbans.amxx] Login: "[admin] VIP'yJI9I<192><STEAM_0:4:446327478><>" became an admin (account "212.55.104.156") (access "abcdefgijmnopqrtu") (address "212.55.104.156")
L 07/02/2011 - 00:25:45: [adminchat.amxx] Chat: "[admin] VIP'yJI9I<192><STEAM_0:4:446327478><>" chat "CkuHewb notom?)"
L 07/02/2011 - 00:32:26: -------- Mapchange to zm_dwarf --------
L 07/02/2011 - 00:32:27: [admin_amxbans.amxx] Login: "Dumka<185><STEAM_0:0:263411619><>" became an admin (account "172.23.65.13") (access "abcdefghijklmnopqrsu") (address "172.23.65.13")
L 07/02/2011 - 00:32:27: [admin_amxbans.amxx] Login: "Lenusjka<153><STEAM_0:4:1429483121><>" became an admin (account "Lenusjka") (access "at") (address "91.190.52.3")
L 07/02/2011 - 00:32:27: [admin_amxbans.amxx] Login: "PRO(KENT IGRAET DMB OO7 SPB)<140><STEAM_0:0:689630666><>" became an admin (account "PRO(KENT IGRAET DMB OO7 SPB)") (access "at") (address "91.103.154.227")
L 07/02/2011 - 00:32:27: [admin_amxbans.amxx] Login: "[admin] VIP'yJI9I<192><STEAM_0:4:446327478><>" became an admin (account "212.55.104.156") (access "abcdefgijmnopqrtu") (address "212.55.104.156")
L 07/02/2011 - 00:32:28: [amxbans.amxx] [AMXBANS] AMXBans 5.0 подключен
L 07/02/2011 - 00:32:30: [admin_amxbans.amxx] Login: "Dumka<200><STEAM_0:0:263411619><>" became an admin (account "172.23.65.13") (access "abcdefghijklmnopqrsu") (address "172.23.65.13")
L 07/02/2011 - 00:52:33: -------- Mapchange to zm_303 --------
L 07/02/2011 - 00:52:35: [admin_amxbans.amxx] Login: "PRO(KENT IGRAET DMB OO7 SPB)<140><STEAM_0:0:689630666><>" became an admin (account "PRO(KENT IGRAET DMB OO7 SPB)") (access "at") (address "91.103.154.227")
L 07/02/2011 - 00:52:36: [amxbans.amxx] [AMXBANS] AMXBans 5.0 подключен
L 07/02/2011 - 01:04:17: [admin_amxbans.amxx] Login: "~Helena~<229><STEAM_0:4:1493225322><>" became an admin (account "~Helena~") (access "at") (address "109.124.93.27")
L 07/02/2011 - 01:04:33: [admin_amxbans.amxx] Login: "~Helena~<231><STEAM_0:4:1493225322><>" became an admin (account "~Helena~") (access "at") (address "109.124.93.27")
L 07/02/2011 - 01:13:24: -------- Mapchange to zm_assault_snow --------
L 07/02/2011 - 01:13:26: [admin_amxbans.amxx] Login: "PRO(KENT IGRAET DMB OO7 SPB)<140><STEAM_0:0:689630666><>" became an admin (account "PRO(KENT IGRAET DMB OO7 SPB)") (access "at") (address "91.103.154.227")
L 07/02/2011 - 01:13:26: [amxbans.amxx] [AMXBANS] AMXBans 5.0 подключен
L 07/02/2011 - 01:34:43: -------- Mapchange to zm_desolation_house --------
L 07/02/2011 - 01:34:44: [admin_amxbans.amxx] Login: "PRO(KENT IGRAET DMB OO7 SPB)<140><STEAM_0:0:689630666><>" became an admin (account "PRO(KENT IGRAET DMB OO7 SPB)") (access "at") (address "91.103.154.227")
L 07/02/2011 - 01:34:45: [amxbans.amxx] [AMXBANS] AMXBans 5.0 подключен
L 07/02/2011 - 01:45:25: -------- Mapchange to zm_umbrella_office --------
L 07/02/2011 - 01:45:26: [admin_amxbans.amxx] Login: "PRO(KENT IGRAET DMB OO7 SPB)<140><STEAM_0:0:689630666><>" became an admin (account "PRO(KENT IGRAET DMB OO7 SPB)") (access "at") (address "91.103.154.227")
L 07/02/2011 - 01:45:26: [amxbans.amxx] [AMXBANS] AMXBans 5.0 подключен
L 07/02/2011 - 01:53:43: [admin_amxbans.amxx] Login: "Dumka<252><STEAM_0:0:1236438227><>" became an admin (account "172.23.65.13") (access "abcdefghijklmnopqrsu") (address "172.23.65.13")
L 07/02/2011 - 01:54:04: [admincmd.amxx] Cmd: "Dumka<252><STEAM_0:0:1236438227><>" ask for players list
L 07/02/2011 - 02:08:18: -------- Mapchange to zm_xata --------
L 07/02/2011 - 02:08:19: [admin_amxbans.amxx] Login: "Dumka<252><STEAM_0:0:1236438227><>" became an admin (account "172.23.65.13") (access "abcdefghijklmnopqrsu") (address "172.23.65.13")
L 07/02/2011 - 02:08:19: [admin_amxbans.amxx] Login: "PRO(KENT IGRAET DMB OO7 SPB)<140><STEAM_0:0:689630666><>" became an admin (account "PRO(KENT IGRAET DMB OO7 SPB)") (access "at") (address "91.103.154.227")
L 07/02/2011 - 02:08:19: [amxbans.amxx] [AMXBANS] AMXBans 5.0 подключен
L 07/02/2011 - 02:20:52: -------- Mapchange to 016 --------
L 07/02/2011 - 02:20:53: [admin_amxbans.amxx] Login: "PRO(KENT IGRAET DMB OO7 SPB)<140><STEAM_0:0:689630666><>" became an admin (account "PRO(KENT IGRAET DMB OO7 SPB)") (access "at") (address "91.103.154.227")
L 07/02/2011 - 02:20:54: [amxbans.amxx] [AMXBANS] AMXBans 5.0 подключен
L 07/02/2011 - 02:22:04: [admin_amxbans.amxx] Login: "Dumka<264><STEAM_0:0:1236438227><>" became an admin (account "172.23.65.13") (access "abcdefghijklmnopqrsu") (address "172.23.65.13")
L 07/02/2011 - 02:42:22: -------- Mapchange to cs_militia --------
L 07/02/2011 - 02:42:27: [admin_amxbans.amxx] Login: "PRO(KENT IGRAET DMB OO7 SPB)<140><STEAM_0:0:689630666><>" became an admin (account "PRO(KENT IGRAET DMB OO7 SPB)") (access "at") (address "91.103.154.227")
L 07/02/2011 - 02:42:27: [admin_amxbans.amxx] Login: "Dumka<264><STEAM_0:0:1236438227><>" became an admin (account "172.23.65.13") (access "abcdefghijklmnopqrsu") (address "172.23.65.13")
L 07/02/2011 - 02:42:28: [amxbans.amxx] [AMXBANS] AMXBans 5.0 подключен
L 07/02/2011 - 03:03:45: -------- Mapchange to de_nuke --------
L 07/02/2011 - 03:03:48: [admin_amxbans.amxx] Login: "Dumka<264><STEAM_0:0:1236438227><>" became an admin (account "172.23.65.13") (access "abcdefghijklmnopqrsu") (address "172.23.65.13")
L 07/02/2011 - 03:03:49: [amxbans.amxx] [AMXBANS] AMXBans 5.0 подключен
L 07/02/2011 - 03:22:09: -------- Mapchange to zm_army --------
L 07/02/2011 - 03:22:11: [amxbans.amxx] [AMXBANS] AMXBans 5.0 подключен
L 07/02/2011 - 03:25:09: -------- Mapchange to cs_estate --------
L 07/02/2011 - 03:25:12: [amxbans.amxx] [AMXBANS] AMXBans 5.0 подключен
L 07/02/2011 - 03:27:40: [admin_amxbans.amxx] Login: "Dimka<288><STEAM_0:0:1236438227><>" became an admin (account "Dimka") (access "abcdefghijklmnopqrstu") (address "172.23.65.13")
L 07/02/2011 - 03:28:00: [mapsmenu.amxx] Cmd: "Dimka<288><STEAM_0:0:1236438227><>" changelevel "zm_hospital_v1"
L 07/02/2011 - 03:28:03: -------- Mapchange to zm_hospital_v1 --------
L 07/02/2011 - 03:28:04: [admin_amxbans.amxx] Login: "Dimka<288><STEAM_0:0:1236438227><>" became an admin (account "Dimka") (access "abcdefghijklmnopqrstu") (address "172.23.65.13")
L 07/02/2011 - 03:28:04: [amxbans.amxx] [AMXBANS] AMXBans 5.0 подключен
L 07/02/2011 - 03:28:23: [mapsmenu.amxx] Cmd: "Dimka<288><STEAM_0:0:1236438227><>" changelevel "ze_lift_escape_b5"
L 07/02/2011 - 03:28:25: -------- Mapchange to ze_lift_escape_b5 --------
L 07/02/2011 - 03:28:27: [amxbans.amxx] [AMXBANS] AMXBans 5.0 подключен
L 07/02/2011 - 03:28:27: [admin_amxbans.amxx] Login: "Dimka<288><STEAM_0:0:1236438227><>" became an admin (account "Dimka") (access "abcdefghijklmnopqrstu") (address "172.23.65.13")
L 07/02/2011 - 03:29:36: [voteban.amxx] Voteban starter Dimka against Dimka STEAM_0:0:1236438227
L 07/02/2011 - 03:29:51: [voteban.amxx] [AMXX] The voteban dit not sucseed.
L 07/02/2011 - 03:32:11: [mapsmenu.amxx] Cmd: "Dimka<288><STEAM_0:0:1236438227><>" changelevel "zm_alley"
L 07/02/2011 - 03:32:14: -------- Mapchange to zm_alley --------
L 07/02/2011 - 03:32:15: [amxbans.amxx] [AMXBANS] AMXBans 5.0 подключен
L 07/02/2011 - 03:32:15: [admin_amxbans.amxx] Login: "Dimka<288><STEAM_0:0:1236438227><>" became an admin (account "Dimka") (access "abcdefghijklmnopqrstu") (address "172.23.65.13")
L 07/02/2011 - 03:32:28: [voteban.amxx] Voteban starter Dimka against Dimka STEAM_0:0:1236438227
L 07/02/2011 - 03:32:43: [voteban.amxx] [AMXX] The vote succeeded: STEAM_0:0:1236438227 is banned for 15 minutes
L 07/02/2011 - 03:32:57: [voteban.amxx] Voteban starter Dimka against Dimka STEAM_0:0:1236438227
L 07/02/2011 - 03:33:12: [voteban.amxx] [AMXX] The voteban dit not sucseed.
L 07/02/2011 - 03:33:48: [voteban.amxx] Voteban starter Dimka against Dimka STEAM_0:0:1236438227
L 07/02/2011 - 03:34:03: [voteban.amxx] [AMXX] The vote succeeded: STEAM_0:0:1236438227 is banned for 15 minutes
L 07/02/2011 - 03:34:24: [voteban.amxx] Voteban starter Dimka against Dimka STEAM_0:0:1236438227
L 07/02/2011 - 03:34:39: [voteban.amxx] [AMXX] The vote succeeded: STEAM_0:0:1236438227 is banned for 15 minutes
L 07/02/2011 - 03:34:55: [voteban.amxx] Voteban starter Dimka against Dimka STEAM_0:0:1236438227
L 07/02/2011 - 03:35:10: [voteban.amxx] [AMXX] The voteban dit not sucseed.
L 07/02/2011 - 03:37:31: -------- Mapchange to cs_estate --------
L 07/02/2011 - 03:37:34: [amxbans.amxx] [AMXBANS] AMXBans 5.0 подключен
L 07/02/2011 - 03:47:28: -------- Mapchange to cs_estate --------
L 07/02/2011 - 03:47:32: [amxbans.amxx] [AMXBANS] AMXBans 5.0 подключен
L 07/02/2011 - 03:57:02: [admin_amxbans.amxx] Login: "PRO(KENT IGRAET DMB OO7 SPB)<299><STEAM_0:0:689630666><>" became an admin (account "PRO(KENT IGRAET DMB OO7 SPB)") (access "at") (address "91.103.154.227")
L 07/02/2011 - 03:57:26: -------- Mapchange to zm_xata --------
L 07/02/2011 - 03:57:27: [admin_amxbans.amxx] Login: "PRO(KENT IGRAET DMB OO7 SPB)<299><STEAM_0:0:689630666><>" became an admin (account "PRO(KENT IGRAET DMB OO7 SPB)") (access "at") (address "91.103.154.227")
L 07/02/2011 - 03:57:27: [admin_amxbans.amxx] Login: "PRO(KENT IGRAET DMB OO7 SPB)<299><STEAM_0:0:689630666><>" became an admin (account "PRO(KENT IGRAET DMB OO7 SPB)") (access "at") (address "91.103.154.227")
L 07/02/2011 - 03:57:28: [amxbans.amxx] [AMXBANS] AMXBans 5.0 подключен
L 07/02/2011 - 03:57:31: [admin_amxbans.amxx] Login: "PRO(KENT IGRAET DMB OO7 SPB)<300><STEAM_0:0:689630666><>" became an admin (account "PRO(KENT IGRAET DMB OO7 SPB)") (access "at") (address "91.103.154.227")
L 07/02/2011 - 03:57:50: [admin_amxbans.amxx] Login: "PRO(KENT IGRAET DMB OO7 SPB)<301><STEAM_0:0:689630666><>" became an admin (account "PRO(KENT IGRAET DMB OO7 SPB)") (access "at") (address "91.103.154.227")
L 07/02/2011 - 04:01:36: -------- Mapchange to de_dust --------
L 07/02/2011 - 04:01:39: [amxbans.amxx] [AMXBANS] AMXBans 5.0 подключен
L 07/02/2011 - 04:04:37: -------- Mapchange to cs_estate --------
L 07/02/2011 - 04:04:40: [amxbans.amxx] [AMXBANS] AMXBans 5.0 подключен
L 07/02/2011 - 04:14:34: -------- Mapchange to cs_estate --------
L 07/02/2011 - 04:14:37: [amxbans.amxx] [AMXBANS] AMXBans 5.0 подключен
L 07/02/2011 - 04:24:30: -------- Mapchange to cs_estate --------
L 07/02/2011 - 04:24:33: [amxbans.amxx] [AMXBANS] AMXBans 5.0 подключен
L 07/02/2011 - 04:34:27: -------- Mapchange to cs_estate --------
L 07/02/2011 - 04:34:30: [amxbans.amxx] [AMXBANS] AMXBans 5.0 подключен
L 07/02/2011 - 04:53:05: -------- Mapchange to zm_army --------
L 07/02/2011 - 04:53:06: [amxbans.amxx] [AMXBANS] AMXBans 5.0 подключен
L 07/02/2011 - 04:56:05: -------- Mapchange to cs_estate --------
L 07/02/2011 - 04:56:08: [amxbans.amxx] [AMXBANS] AMXBans 5.0 подключен
L 07/02/2011 - 05:06:01: -------- Mapchange to cs_estate --------
L 07/02/2011 - 05:06:04: [amxbans.amxx] [AMXBANS] AMXBans 5.0 подключен
L 07/02/2011 - 05:15:58: -------- Mapchange to cs_estate --------
L 07/02/2011 - 05:16:01: [amxbans.amxx] [AMXBANS] AMXBans 5.0 подключен
L 07/02/2011 - 05:19:23: [admin_amxbans.amxx] Login: "FreeForAll<339><STEAM_0:0:1236438227><>" became an admin (account "172.23.65.13") (access "abcdefghijklmnopqrsu") (address "172.23.65.13")
L 07/02/2011 - 05:25:54: -------- Mapchange to cs_estate --------
L 07/02/2011 - 05:25:57: [amxbans.amxx] [AMXBANS] AMXBans 5.0 подключен
L 07/02/2011 - 05:35:50: -------- Mapchange to cs_estate --------
L 07/02/2011 - 05:35:53: [amxbans.amxx] [AMXBANS] AMXBans 5.0 подключен
L 07/02/2011 - 05:45:47: -------- Mapchange to cs_estate --------
L 07/02/2011 - 05:45:50: [amxbans.amxx] [AMXBANS] AMXBans 5.0 подключен
L 07/02/2011 - 05:55:43: -------- Mapchange to cs_estate --------
L 07/02/2011 - 05:55:48: [amxbans.amxx] [AMXBANS] AMXBans 5.0 подключен
L 07/02/2011 - 06:05:41: -------- Mapchange to cs_estate --------
L 07/02/2011 - 06:05:44: [amxbans.amxx] [AMXBANS] AMXBans 5.0 подключен
L 07/02/2011 - 06:14:49: -------- Mapchange to zm_south_escape_b2 --------
L 07/02/2011 - 06:14:51: [amxbans.amxx] [AMXBANS] AMXBans 5.0 подключен
L 07/02/2011 - 06:17:49: -------- Mapchange to cs_estate --------
L 07/02/2011 - 06:17:52: [amxbans.amxx] [AMXBANS] AMXBans 5.0 подключен
L 07/02/2011 - 06:27:45: -------- Mapchange to cs_estate --------
L 07/02/2011 - 06:27:48: [amxbans.amxx] [AMXBANS] AMXBans 5.0 подключен
L 07/02/2011 - 06:37:42: -------- Mapchange to cs_estate --------
L 07/02/2011 - 06:37:45: [amxbans.amxx] [AMXBANS] AMXBans 5.0 подключен
L 07/02/2011 - 06:47:38: -------- Mapchange to cs_estate --------
L 07/02/2011 - 06:47:41: [amxbans.amxx] [AMXBANS] AMXBans 5.0 подключен
L 07/02/2011 - 06:57:34: -------- Mapchange to cs_estate --------
L 07/02/2011 - 06:57:38: [amxbans.amxx] [AMXBANS] AMXBans 5.0 подключен
L 07/02/2011 - 07:07:31: -------- Mapchange to cs_estate --------
L 07/02/2011 - 07:07:34: [amxbans.amxx] [AMXBANS] AMXBans 5.0 подключен
L 07/02/2011 - 07:08:11: [admin_amxbans.amxx] Login: "TECH<386><STEAM_0:4:446327478><>" became an admin (account "212.55.104.156") (access "abcdefgijmnopqrtu") (address "212.55.104.156")
L 07/02/2011 - 07:08:46: [admin_amxbans.amxx] Login: "KD-617A<387><STEAM_0:4:446327478><>" became an admin (account "212.55.104.156") (access "abcdefgijmnopqrtu") (address "212.55.104.156")
L 07/02/2011 - 07:09:30: [plmenu.amxx] Kick: "KD-617A<387><STEAM_0:4:446327478><>" kick "[cs21rus] V Byben<383><BOT><>"
L 07/02/2011 - 07:09:33: [plmenu.amxx] Kick: "KD-617A<387><STEAM_0:4:446327478><>" kick "6oJIbHu4ka<384><BOT><>"
L 07/02/2011 - 07:09:37: [plmenu.amxx] Kick: "KD-617A<387><STEAM_0:4:446327478><>" kick "[ThunderHorse] mutik<388><BOT><>"
L 07/02/2011 - 07:09:37: [plmenu.amxx] Kick: "KD-617A<387><STEAM_0:4:446327478><>" kick "sfg_fog<389><BOT><>"
L 07/02/2011 - 07:09:39: [plmenu.amxx] Kick: "KD-617A<387><STEAM_0:4:446327478><>" kick "[SenS^GameS]<-tm->mr.Dyor<390><BOT><>"
L 07/02/2011 - 07:09:39: [plmenu.amxx] Kick: "KD-617A<387><STEAM_0:4:446327478><>" kick "Lolo<391><BOT><>"
L 07/02/2011 - 07:09:40: [plmenu.amxx] Kick: "KD-617A<387><STEAM_0:4:446327478><>" kick "fngr<392><BOT><>"
L 07/02/2011 - 07:09:40: [plmenu.amxx] Kick: "KD-617A<387><STEAM_0:4:446327478><>" kick "cTaHok<393><BOT><>"
L 07/02/2011 - 07:09:40: [plmenu.amxx] Kick: "KD-617A<387><STEAM_0:4:446327478><>" kick "~<394><BOT><>"
L 07/02/2011 - 07:09:40: [plmenu.amxx] Kick: "KD-617A<387><STEAM_0:4:446327478><>" kick "AZERBAIJAN<395><BOT><>"
L 07/02/2011 - 07:09:41: [plmenu.amxx] Kick: "KD-617A<387><STEAM_0:4:446327478><>" kick "NoL1m1T^tm|>No free<396><BOT><>"
L 07/02/2011 - 07:09:41: [plmenu.amxx] Kick: "KD-617A<387><STEAM_0:4:446327478><>" kick "eksis<397><BOT><>"
L 07/02/2011 - 07:09:41: [plmenu.amxx] Kick: "KD-617A<387><STEAM_0:4:446327478><>" kick "rK<398><BOT><>"
L 07/02/2011 - 07:09:42: [plmenu.amxx] Kick: "KD-617A<387><STEAM_0:4:446327478><>" kick "[U.S.ARMY RANGERS] Sheppard<399><BOT><>"
L 07/02/2011 - 07:09:42: [plmenu.amxx] Kick: "KD-617A<387><STEAM_0:4:446327478><>" kick "^team|music^fraerOK<400><BOT><>"
L 07/02/2011 - 07:09:42: [plmenu.amxx] Kick: "KD-617A<387><STEAM_0:4:446327478><>" kick "SP!7F!RE<401><BOT><>"
L 07/02/2011 - 07:09:42: [plmenu.amxx] Kick: "KD-617A<387><STEAM_0:4:446327478><>" kick "Elmo<402><BOT><>"
L 07/02/2011 - 07:09:43: [plmenu.amxx] Kick: "KD-617A<387><STEAM_0:4:446327478><>" kick "[amx]^eXo tm |Proket<403><BOT><>"
L 07/02/2011 - 07:09:43: [plmenu.amxx] Kick: "KD-617A<387><STEAM_0:4:446327478><>" kick "0n0t0le 111<404><BOT><>"
L 07/02/2011 - 07:09:43: [plmenu.amxx] Kick: "KD-617A<387><STEAM_0:4:446327478><>" kick "Francis<405><BOT><>"
L 07/02/2011 - 07:09:44: [plmenu.amxx] Kick: "KD-617A<387><STEAM_0:4:446327478><>" kick "SP!7F!RE<406><BOT><>"
L 07/02/2011 - 07:09:44: [plmenu.amxx] Kick: "KD-617A<387><STEAM_0:4:446327478><>" kick "|-101|sm.dpol^<407><BOT><>"
L 07/02/2011 - 07:09:44: [plmenu.amxx] Kick: "KD-617A<387><STEAM_0:4:446327478><>" kick "Tw!sta<408><BOT><>"
L 07/02/2011 - 07:09:45: [plmenu.amxx] Kick: "KD-617A<387><STEAM_0:4:446327478><>" kick "asaff<409><BOT><>"
L 07/02/2011 - 07:09:45: [plmenu.amxx] Kick: "KD-617A<387><STEAM_0:4:446327478><>" kick "n4eJIa.<410><BOT><>"
L 07/02/2011 - 07:09:45: [plmenu.amxx] Kick: "KD-617A<387><STEAM_0:4:446327478><>" kick "fngr<411><BOT><>"
L 07/02/2011 - 07:09:46: [plmenu.amxx] Kick: "KD-617A<387><STEAM_0:4:446327478><>" kick "Her0^jUmp [3 fps]<412><BOT><>"
L 07/02/2011 - 07:09:46: [plmenu.amxx] Kick: "KD-617A<387><STEAM_0:4:446327478><>" kick "METAbOLIK<413><BOT><>"
L 07/02/2011 - 07:09:46: [plmenu.amxx] Kick: "KD-617A<387><STEAM_0:4:446327478><>" kick "Mc````M-1 EVrEn bOB_Live<414><BOT><>"
L 07/02/2011 - 07:09:47: [plmenu.amxx] Kick: "KD-617A<387><STEAM_0:4:446327478><>" kick "Her0^jUmp [3 fps]<415><BOT><>"
L 07/02/2011 - 07:09:47: [plmenu.amxx] Kick: "KD-617A<387><STEAM_0:4:446327478><>" kick "AKYLA<416><BOT><>"
L 07/02/2011 - 07:09:47: [plmenu.amxx] Kick: "KD-617A<387><STEAM_0:4:446327478><>" kick "Bpa4<417><BOT><>"
L 07/02/2011 - 07:09:48: [plmenu.amxx] Kick: "KD-617A<387><STEAM_0:4:446327478><>" kick "[amx]^eXo tm |Proket<418><BOT><>"
L 07/02/2011 - 07:09:48: [plmenu.amxx] Kick: "KD-617A<387><STEAM_0:4:446327478><>" kick "Transc0der<419><BOT><>"
L 07/02/2011 - 07:09:48: [plmenu.amxx] Kick: "KD-617A<387><STEAM_0:4:446327478><>" kick "opa<420><BOT><>"
L 07/02/2011 - 07:09:49: [plmenu.amxx] Kick: "KD-617A<387><STEAM_0:4:446327478><>" kick "SP!7F!RE<421><BOT><>"
L 07/02/2011 - 07:09:49: [plmenu.amxx] Kick: "KD-617A<387><STEAM_0:4:446327478><>" kick "Her0^jUmp [3 fps]<422><BOT><>"
L 07/02/2011 - 07:09:49: [plmenu.amxx] Kick: "KD-617A<387><STEAM_0:4:446327478><>" kick "balast<423><BOT><>"
L 07/02/2011 - 07:09:50: [plmenu.amxx] Kick: "KD-617A<387><STEAM_0:4:446327478><>" kick "pro-cs<424><BOT><>"
L 07/02/2011 - 07:09:50: [plmenu.amxx] Kick: "KD-617A<387><STEAM_0:4:446327478><>" kick "0n0t0le 111<425><BOT><>"
L 07/02/2011 - 07:09:50: [plmenu.amxx] Kick: "KD-617A<387><STEAM_0:4:446327478><>" kick "Pipirka<426><BOT><>"
L 07/02/2011 - 07:09:50: [plmenu.amxx] Kick: "KD-617A<387><STEAM_0:4:446327478><>" kick "KaMuH228*klg<427><BOT><>"
L 07/02/2011 - 07:09:51: [plmenu.amxx] Kick: "KD-617A<387><STEAM_0:4:446327478><>" kick "Mc````M-1 EVrEn bOB_Live<428><BOT><>"
L 07/02/2011 - 07:09:51: [plmenu.amxx] Kick: "KD-617A<387><STEAM_0:4:446327478><>" kick "P[e]RF[e]CT*Tm->$meptHuk<385><BOT><>"
L 07/02/2011 - 07:09:52: [plmenu.amxx] Kick: "KD-617A<387><STEAM_0:4:446327478><>" kick "N1H1<429><BOT><>"
L 07/02/2011 - 07:09:52: [plmenu.amxx] Kick: "KD-617A<387><STEAM_0:4:446327478><>" kick "Serr<430><BOT><>"
L 07/02/2011 - 07:09:52: [plmenu.amxx] Kick: "KD-617A<387><STEAM_0:4:446327478><>" kick "Lolo<431><BOT><>"
L 07/02/2011 - 07:09:53: [plmenu.amxx] Kick: "KD-617A<387><STEAM_0:4:446327478><>" kick "KsK-CrEaTiVe<433><BOT><>"
L 07/02/2011 - 07:09:53: [plmenu.amxx] Kick: "KD-617A<387><STEAM_0:4:446327478><>" kick "Francis<434><BOT><>"
L 07/02/2011 - 07:09:53: [plmenu.amxx] Kick: "KD-617A<387><STEAM_0:4:446327478><>" kick "sfg_fog<435><BOT><>"
L 07/02/2011 - 07:09:54: [plmenu.amxx] Kick: "KD-617A<387><STEAM_0:4:446327478><>" kick "Ron1n<Minsk><432><BOT><>"
L 07/02/2011 - 07:09:54: [plmenu.amxx] Kick: "KD-617A<387><STEAM_0:4:446327478><>" kick "Mc````M-1 EVrEn bOB_Live<436><BOT><>"
L 07/02/2011 - 07:09:54: [plmenu.amxx] Kick: "KD-617A<387><STEAM_0:4:446327478><>" kick "sfg_fog<437><BOT><>"
L 07/02/2011 - 07:09:55: [plmenu.amxx] Kick: "KD-617A<387><STEAM_0:4:446327478><>" kick "[SenS^GameS]<-tm->mr.Dyor<440><BOT><>"
L 07/02/2011 - 07:09:55: [plmenu.amxx] Kick: "KD-617A<387><STEAM_0:4:446327478><>" kick "BAN ME PLS - I AM wh+aim<441><BOT><>"
L 07/02/2011 - 07:09:56: [plmenu.amxx] Kick: "KD-617A<387><STEAM_0:4:446327478><>" kick "Des<439><BOT><>"
L 07/02/2011 - 07:10:07: [plmenu.amxx] Kick: "KD-617A<387><STEAM_0:4:446327478><>" kick "Muxa<443><BOT><>"
L 07/02/2011 - 07:10:07: [plmenu.amxx] Kick: "KD-617A<387><STEAM_0:4:446327478><>" kick "-.-<444><BOT><>"
L 07/02/2011 - 07:10:07: [plmenu.amxx] Kick: "KD-617A<387><STEAM_0:4:446327478><>" kick "KD-617A<387><STEAM_0:4:446327478><>"
L 07/02/2011 - 07:29:27: -------- Mapchange to cs_estate --------
L 07/02/2011 - 07:29:30: [amxbans.amxx] [AMXBANS] AMXBans 5.0 подключен
L 07/02/2011 - 07:37:50: -------- Mapchange to cs_italy --------
L 07/02/2011 - 07:37:53: [amxbans.amxx] [AMXBANS] AMXBans 5.0 подключен
L 07/02/2011 - 07:48:19: [admin_amxbans.amxx] Login: "FreeForAll<456><STEAM_0:0:1236438227><>" became an admin (account "172.23.65.13") (access "abcdefghijklmnopqrsu") (address "172.23.65.13")
L 07/02/2011 - 07:59:57: -------- Mapchange to zm_assault_snow --------
L 07/02/2011 - 07:59:59: [amxbans.amxx] [AMXBANS] AMXBans 5.0 подключен
L 07/02/2011 - 08:12:20: -------- Mapchange to zm_303 --------
L 07/02/2011 - 08:12:21: [amxbans.amxx] [AMXBANS] AMXBans 5.0 подключен
L 07/02/2011 - 08:33:39: -------- Mapchange to zm_army --------
L 07/02/2011 - 08:33:41: [amxbans.amxx] [AMXBANS] AMXBans 5.0 подключен
L 07/02/2011 - 08:38:15: -------- Mapchange to zm_alley --------
L 07/02/2011 - 08:38:16: [amxbans.amxx] [AMXBANS] AMXBans 5.0 подключен
L 07/02/2011 - 08:45:55: -------- Mapchange to zm_escapetrain --------
L 07/02/2011 - 08:45:57: [amxbans.amxx] [AMXBANS] AMXBans 5.0 подключен
L 07/02/2011 - 08:49:15: -------- Mapchange to cs_estate --------
L 07/02/2011 - 08:49:18: [amxbans.amxx] [AMXBANS] AMXBans 5.0 подключен
L 07/02/2011 - 08:59:11: -------- Mapchange to cs_estate --------
L 07/02/2011 - 08:59:14: [amxbans.amxx] [AMXBANS] AMXBans 5.0 подключен
L 07/02/2011 - 08:59:18: [amxbans.amxx] [Amxbans] Запрос провален!
L 07/02/2011 - 08:59:18: [amxbans.amxx] [Amxbans] Ошибка, адрес: 18
L 07/02/2011 - 08:59:18: [amxbans.amxx] [Amxbans] Сообщение: You have an error in your SQL syntax; check the manual that corresponds to your MySQL server version for the right syntax to use near ''amx' at line 1 (1064)
L 07/02/2011 - 08:59:18: [amxbans.amxx] [Amxbans] Статус запроса: 
L 07/02/2011 - 09:06:36: -------- Mapchange to de_nuke --------
L 07/02/2011 - 09:06:42: [amxbans.amxx] [AMXBANS] AMXBans 5.0 подключен
L 07/02/2011 - 09:10:24: -------- Mapchange to cs_estate --------
L 07/02/2011 - 09:10:30: [amxbans.amxx] [AMXBANS] AMXBans 5.0 подключен
L 07/02/2011 - 09:16:31: -------- Mapchange to 016 --------
L 07/02/2011 - 09:16:34: [amxbans.amxx] [AMXBANS] AMXBans 5.0 подключен
L 07/02/2011 - 09:37:52: -------- Mapchange to zm_303 --------
L 07/02/2011 - 09:37:54: [amxbans.amxx] [AMXBANS] AMXBans 5.0 подключен
L 07/02/2011 - 09:56:39: [amxbans.amxx] [Amxbans] Запрос провален!
L 07/02/2011 - 09:56:39: [amxbans.amxx] [Amxbans] Ошибка, адрес: 18
L 07/02/2011 - 09:56:39: [amxbans.amxx] [Amxbans] Сообщение: You have an error in your SQL syntax; check the manual that corresponds to your MySQL server version for the right syntax to use near ''amx' at line 1 (1064)
L 07/02/2011 - 09:56:39: [amxbans.amxx] [Amxbans] Статус запроса: 
L 07/02/2011 - 10:07:19: -------- Mapchange to zm_fdust2x2 --------
L 07/02/2011 - 10:07:21: [amxbans.amxx] [AMXBANS] AMXBans 5.0 подключен
L 07/02/2011 - 10:28:57: -------- Mapchange to cs_italy --------
L 07/02/2011 - 10:29:00: [amxbans.amxx] [AMXBANS] AMXBans 5.0 подключен
L 07/02/2011 - 10:48:59: -------- Mapchange to zm_assault_snow --------
L 07/02/2011 - 10:49:02: [amxbans.amxx] [AMXBANS] AMXBans 5.0 подключен
L 07/02/2011 - 11:09:42: -------- Mapchange to zm_simple_b1 --------
L 07/02/2011 - 11:09:44: [amxbans.amxx] [AMXBANS] AMXBans 5.0 подключен
L 07/02/2011 - 11:31:10: -------- Mapchange to zm_xata --------
L 07/02/2011 - 11:31:12: [amxbans.amxx] [AMXBANS] AMXBans 5.0 подключен
L 07/02/2011 - 11:36:26: -------- Mapchange to cs_estate --------
L 07/02/2011 - 11:36:29: [amxbans.amxx] [AMXBANS] AMXBans 5.0 подключен
L 07/02/2011 - 11:48:07: -------- Mapchange to zm_army --------
L 07/02/2011 - 11:48:09: [amxbans.amxx] [AMXBANS] AMXBans 5.0 подключен
L 07/02/2011 - 11:51:07: -------- Mapchange to cs_estate --------
L 07/02/2011 - 11:51:11: [amxbans.amxx] [AMXBANS] AMXBans 5.0 подключен
L 07/02/2011 - 12:07:00: -------- Mapchange to zm_escapetrain --------
L 07/02/2011 - 12:07:02: [amxbans.amxx] [AMXBANS] AMXBans 5.0 подключен
L 07/02/2011 - 12:12:35: -------- Mapchange to cs_estate --------
L 07/02/2011 - 12:12:38: [amxbans.amxx] [AMXBANS] AMXBans 5.0 подключен
L 07/02/2011 - 12:20:10: -------- Mapchange to zm_south_escape_b2 --------
L 07/02/2011 - 12:20:12: [amxbans.amxx] [AMXBANS] AMXBans 5.0 подключен
L 07/02/2011 - 12:25:56: -------- Mapchange to cs_estate --------
L 07/02/2011 - 12:25:59: [amxbans.amxx] [AMXBANS] AMXBans 5.0 подключен
L 07/02/2011 - 12:34:34: -------- Mapchange to de_dust --------
L 07/02/2011 - 12:34:37: [amxbans.amxx] [AMXBANS] AMXBans 5.0 подключен
L 07/02/2011 - 12:37:01: [amxbans.amxx] [Amxbans] Запрос провален!
L 07/02/2011 - 12:37:01: [amxbans.amxx] [Amxbans] Ошибка, адрес: 18
L 07/02/2011 - 12:37:01: [amxbans.amxx] [Amxbans] Сообщение: You have an error in your SQL syntax; check the manual that corresponds to your MySQL server version for the right syntax to use near ''Bantime expir' at line 1 (1064)
L 07/02/2011 - 12:37:01: [amxbans.amxx] [Amxbans] Статус запроса: 
L 07/02/2011 - 12:38:27: [admin_amxbans.amxx] Login: "Ipse [Str,RUS]<612><STEAM_0:4:2099430899><>" became an admin (account "Ipse [Str,RUS]") (access "at") (address "95.105.25.83")
L 07/02/2011 - 12:40:31: [admin_amxbans.amxx] Login: "Euforia<615><STEAM_0:0:1235555515><>" became an admin (account "Euforia") (access "at") (address "188.123.245.19")
L 07/02/2011 - 12:55:33: -------- Mapchange to cs_italy --------
L 07/02/2011 - 12:55:35: [admin_amxbans.amxx] Login: "Ipse [Str,RUS]<612><STEAM_0:4:2099430899><>" became an admin (account "Ipse [Str,RUS]") (access "at") (address "95.105.25.83")
L 07/02/2011 - 12:55:36: [amxbans.amxx] [AMXBANS] AMXBans 5.0 подключен
L 07/02/2011 - 12:55:36: [admin_amxbans.amxx] Login: "Euforia<615><STEAM_0:0:1235555515><>" became an admin (account "Euforia") (access "at") (address "188.123.245.19")
L 07/02/2011 - 12:55:40: [amxbans.amxx] [Amxbans] Запрос провален!
L 07/02/2011 - 12:55:40: [amxbans.amxx] [Amxbans] Ошибка, адрес: 18
L 07/02/2011 - 12:55:40: [amxbans.amxx] [Amxbans] Сообщение: You have an error in your SQL syntax; check the manual that corresponds to your MySQL server version for the right syntax to use near ''Bantime expir' at line 1 (1064)
L 07/02/2011 - 12:55:40: [amxbans.amxx] [Amxbans] Статус запроса: 
L 07/02/2011 - 12:57:29: [amxbans.amxx] [Amxbans] Запрос провален!
L 07/02/2011 - 12:57:29: [amxbans.amxx] [Amxbans] Ошибка, адрес: 18
L 07/02/2011 - 12:57:29: [amxbans.amxx] [Amxbans] Сообщение: You have an error in your SQL syntax; check the manual that corresponds to your MySQL server version for the right syntax to use near ''amxb' at line 1 (1064)
L 07/02/2011 - 12:57:29: [amxbans.amxx] [Amxbans] Статус запроса: 
L 07/02/2011 - 12:59:01: [admin_amxbans.amxx] Login: "Euforia<628><STEAM_0:0:1235555515><>" became an admin (account "Euforia") (access "at") (address "188.123.245.19")
L 07/02/2011 - 13:02:46: [admin_amxbans.amxx] Login: "PRO(KENT IGRAET DMB OO7 SPB)<631><STEAM_0:0:689630666><>" became an admin (account "PRO(KENT IGRAET DMB OO7 SPB)") (access "at") (address "91.103.154.227")
L 07/02/2011 - 13:18:52: -------- Mapchange to ze_lift_escape_b5 --------
L 07/02/2011 - 13:18:54: [admin_amxbans.amxx] Login: "Ipse [Str,RUS]<612><STEAM_0:4:2099430899><>" became an admin (account "Ipse [Str,RUS]") (access "at") (address "95.105.25.83")
L 07/02/2011 - 13:18:54: [amxbans.amxx] [AMXBANS] AMXBans 5.0 подключен
L 07/02/2011 - 13:18:58: [amxbans.amxx] [Amxbans] Запрос провален!
L 07/02/2011 - 13:18:58: [amxbans.amxx] [Amxbans] Ошибка, адрес: 18
L 07/02/2011 - 13:18:58: [amxbans.amxx] [Amxbans] Сообщение: You have an error in your SQL syntax; check the manual that corresponds to your MySQL server version for the right syntax to use near ''Bantime expir' at line 1 (1064)
L 07/02/2011 - 13:18:58: [amxbans.amxx] [Amxbans] Статус запроса: 
L 07/02/2011 - 13:32:53: [amxbans.amxx] [Amxbans] Запрос провален!
L 07/02/2011 - 13:32:53: [amxbans.amxx] [Amxbans] Ошибка, адрес: 18
L 07/02/2011 - 13:32:53: [amxbans.amxx] [Amxbans] Сообщение: You have an error in your SQL syntax; check the manual that corresponds to your MySQL server version for the right syntax to use near ''amx' at line 1 (1064)
L 07/02/2011 - 13:32:53: [amxbans.amxx] [Amxbans] Статус запроса: 
L 07/02/2011 - 13:33:42: [amxbans.amxx] [Amxbans] Запрос провален!
L 07/02/2011 - 13:33:42: [amxbans.amxx] [Amxbans] Ошибка, адрес: 18
L 07/02/2011 - 13:33:42: [amxbans.amxx] [Amxbans] Сообщение: You have an error in your SQL syntax; check the manual that corresponds to your MySQL server version for the right syntax to use near ''amx' at line 1 (1064)
L 07/02/2011 - 13:33:42: [amxbans.amxx] [Amxbans] Статус запроса: 
L 07/02/2011 - 13:33:55: -------- Mapchange to zm_assault_snow --------
L 07/02/2011 - 13:33:58: [amxbans.amxx] [AMXBANS] AMXBans 5.0 подключен
L 07/02/2011 - 13:34:01: [amxbans.amxx] [Amxbans] Запрос провален!
L 07/02/2011 - 13:34:01: [amxbans.amxx] [Amxbans] Ошибка, адрес: 18
L 07/02/2011 - 13:34:01: [amxbans.amxx] [Amxbans] Сообщение: You have an error in your SQL syntax; check the manual that corresponds to your MySQL server version for the right syntax to use near ''Bantime expir' at line 1 (1064)
L 07/02/2011 - 13:34:01: [amxbans.amxx] [Amxbans] Статус запроса: 
L 07/02/2011 - 13:34:02: [amxbans.amxx] [Amxbans] Запрос провален!
L 07/02/2011 - 13:34:02: [amxbans.amxx] [Amxbans] Ошибка, адрес: 18
L 07/02/2011 - 13:34:02: [amxbans.amxx] [Amxbans] Сообщение: You have an error in your SQL syntax; check the manual that corresponds to your MySQL server version for the right syntax to use near ''amx' at line 1 (1064)
L 07/02/2011 - 13:34:02: [amxbans.amxx] [Amxbans] Статус запроса: 
L 07/02/2011 - 13:56:42: -------- Mapchange to zm_army --------
L 07/02/2011 - 13:56:44: [amxbans.amxx] [AMXBANS] AMXBans 5.0 подключен
L 07/02/2011 - 13:56:48: [amxbans.amxx] [Amxbans] Запрос провален!
L 07/02/2011 - 13:56:48: [amxbans.amxx] [Amxbans] Ошибка, адрес: 18
L 07/02/2011 - 13:56:48: [amxbans.amxx] [Amxbans] Сообщение: You have an error in your SQL syntax; check the manual that corresponds to your MySQL server version for the right syntax to use near ''amx' at line 1 (1064)
L 07/02/2011 - 13:56:48: [amxbans.amxx] [Amxbans] Статус запроса: 
L 07/02/2011 - 14:01:17: [amxbans.amxx] [Amxbans] Запрос провален!
L 07/02/2011 - 14:01:17: [amxbans.amxx] [Amxbans] Ошибка, адрес: 18
L 07/02/2011 - 14:01:17: [amxbans.amxx] [Amxbans] Сообщение: You have an error in your SQL syntax; check the manual that corresponds to your MySQL server version for the right syntax to use near ''Bantime expir' at line 1 (1064)
L 07/02/2011 - 14:01:17: [amxbans.amxx] [Amxbans] Статус запроса: 
L 07/02/2011 - 14:16:42: -------- Mapchange to de_nuke --------
L 07/02/2011 - 14:16:48: [amxbans.amxx] [AMXBANS] AMXBans 5.0 подключен
L 07/02/2011 - 14:16:51: [amxbans.amxx] [Amxbans] Запрос провален!
L 07/02/2011 - 14:16:51: [amxbans.amxx] [Amxbans] Ошибка, адрес: 18
L 07/02/2011 - 14:16:51: [amxbans.amxx] [Amxbans] Сообщение: You have an error in your SQL syntax; check the manual that corresponds to your MySQL server version for the right syntax to use near ''Bantime expir' at line 1 (1064)
L 07/02/2011 - 14:16:51: [amxbans.amxx] [Amxbans] Статус запроса: 
L 07/02/2011 - 14:16:52: [amxbans.amxx] [Amxbans] Запрос провален!
L 07/02/2011 - 14:16:52: [amxbans.amxx] [Amxbans] Ошибка, адрес: 18
L 07/02/2011 - 14:16:52: [amxbans.amxx] [Amxbans] Сообщение: You have an error in your SQL syntax; check the manual that corresponds to your MySQL server version for the right syntax to use near ''amx' at line 1 (1064)
L 07/02/2011 - 14:16:52: [amxbans.amxx] [Amxbans] Статус запроса: 
L 07/02/2011 - 14:19:02: [admin_amxbans.amxx] Login: "Ipse [Str,RUS]<679><STEAM_0:4:461596147><>" became an admin (account "Ipse [Str,RUS]") (access "at") (address "94.41.90.158")
L 07/02/2011 - 14:27:25: [amxbans.amxx] [Amxbans] Запрос провален!
L 07/02/2011 - 14:27:25: [amxbans.amxx] [Amxbans] Ошибка, адрес: 18
L 07/02/2011 - 14:27:25: [amxbans.amxx] [Amxbans] Сообщение: You have an error in your SQL syntax; check the manual that corresponds to your MySQL server version for the right syntax to use near ''amx' at line 1 (1064)
L 07/02/2011 - 14:27:25: [amxbans.amxx] [Amxbans] Статус запроса: 
L 07/02/2011 - 14:28:46: [admin_amxbans.amxx] Login: "Lenusjka<684><STEAM_0:4:1429483121><>" became an admin (account "Lenusjka") (access "at") (address "91.190.52.3")
L 07/02/2011 - 14:29:48: [amxbans.amxx] [Amxbans] Запрос провален!
L 07/02/2011 - 14:29:48: [amxbans.amxx] [Amxbans] Ошибка, адрес: 18
L 07/02/2011 - 14:29:48: [amxbans.amxx] [Amxbans] Сообщение: You have an error in your SQL syntax; check the manual that corresponds to your MySQL server version for the right syntax to use near ''am' at line 1 (1064)
L 07/02/2011 - 14:29:48: [amxbans.amxx] [Amxbans] Статус запроса: 
L 07/02/2011 - 14:38:11: -------- Mapchange to zm_303 --------
L 07/02/2011 - 14:38:12: [admin_amxbans.amxx] Login: "Ipse [Str,RUS]<679><STEAM_0:4:461596147><>" became an admin (account "Ipse [Str,RUS]") (access "at") (address "94.41.90.158")
L 07/02/2011 - 14:38:12: [admin_amxbans.amxx] Login: "Lenusjka<684><STEAM_0:4:1429483121><>" became an admin (account "Lenusjka") (access "at") (address "91.190.52.3")
L 07/02/2011 - 14:38:13: [amxbans.amxx] [AMXBANS] AMXBans 5.0 подключен
L 07/02/2011 - 14:38:18: [amxbans.amxx] [Amxbans] Запрос провален!
L 07/02/2011 - 14:38:18: [amxbans.amxx] [Amxbans] Ошибка, адрес: 18
L 07/02/2011 - 14:38:18: [amxbans.amxx] [Amxbans] Сообщение: You have an error in your SQL syntax; check the manual that corresponds to your MySQL server version for the right syntax to use near ''Bantime expir' at line 1 (1064)
L 07/02/2011 - 14:38:18: [amxbans.amxx] [Amxbans] Статус запроса: 
L 07/02/2011 - 14:38:18: [amxbans.amxx] [Amxbans] Запрос провален!
L 07/02/2011 - 14:38:18: [amxbans.amxx] [Amxbans] Ошибка, адрес: 18
L 07/02/2011 - 14:38:18: [amxbans.amxx] [Amxbans] Сообщение: You have an error in your SQL syntax; check the manual that corresponds to your MySQL server version for the right syntax to use near ''am' at line 1 (1064)
L 07/02/2011 - 14:38:18: [amxbans.amxx] [Amxbans] Статус запроса: 
L 07/02/2011 - 14:38:18: [amxbans.amxx] [Amxbans] Запрос провален!
L 07/02/2011 - 14:38:18: [amxbans.amxx] [Amxbans] Ошибка, адрес: 18
L 07/02/2011 - 14:38:18: [amxbans.amxx] [Amxbans] Сообщение: You have an error in your SQL syntax; check the manual that corresponds to your MySQL server version for the right syntax to use near ''amx' at line 1 (1064)
L 07/02/2011 - 14:38:18: [amxbans.amxx] [Amxbans] Статус запроса: 
L 07/02/2011 - 14:59:11: -------- Mapchange to zm_neris --------
L 07/02/2011 - 14:59:13: [admin_amxbans.amxx] Login: "Ipse [Str,RUS]<679><STEAM_0:4:461596147><>" became an admin (account "Ipse [Str,RUS]") (access "at") (address "94.41.90.158")
L 07/02/2011 - 14:59:13: [admin_amxbans.amxx] Login: "Lenusjka<684><STEAM_0:4:1429483121><>" became an admin (account "Lenusjka") (access "at") (address "91.190.52.3")
L 07/02/2011 - 14:59:13: [amxbans.amxx] [AMXBANS] AMXBans 5.0 подключен
L 07/02/2011 - 14:59:19: [amxbans.amxx] [Amxbans] Запрос провален!
L 07/02/2011 - 14:59:19: [amxbans.amxx] [Amxbans] Ошибка, адрес: 18
L 07/02/2011 - 14:59:19: [amxbans.amxx] [Amxbans] Сообщение: You have an error in your SQL syntax; check the manual that corresponds to your MySQL server version for the right syntax to use near ''am' at line 1 (1064)
L 07/02/2011 - 14:59:19: [amxbans.amxx] [Amxbans] Статус запроса: 
L 07/02/2011 - 15:00:58: [admin_amxbans.amxx] Login: "Euforia<710><STEAM_0:0:1235555515><>" became an admin (account "Euforia") (access "at") (address "188.123.245.19")
L 07/02/2011 - 15:21:02: -------- Mapchange to zm_dust_base_fin --------
L 07/02/2011 - 15:21:03: [admin_amxbans.amxx] Login: "Ipse [Str,RUS]<679><STEAM_0:4:461596147><>" became an admin (account "Ipse [Str,RUS]") (access "at") (address "94.41.90.158")
L 07/02/2011 - 15:21:04: [amxbans.amxx] [AMXBANS] AMXBans 5.0 подключен
L 07/02/2011 - 15:21:08: [amxbans.amxx] [Amxbans] Запрос провален!
L 07/02/2011 - 15:21:08: [amxbans.amxx] [Amxbans] Ошибка, адрес: 18
L 07/02/2011 - 15:21:08: [amxbans.amxx] [Amxbans] Сообщение: You have an error in your SQL syntax; check the manual that corresponds to your MySQL server version for the right syntax to use near ''am' at line 1 (1064)
L 07/02/2011 - 15:21:08: [amxbans.amxx] [Amxbans] Статус запроса: 
L 07/02/2011 - 15:31:10: [admin_amxbans.amxx] Login: "Euforia<722><STEAM_0:0:1235555515><>" became an admin (account "Euforia") (access "at") (address "188.123.245.19")
L 07/02/2011 - 15:35:32: -------- Mapchange to 016 --------
L 07/02/2011 - 15:35:34: [amxbans.amxx] [AMXBANS] AMXBans 5.0 подключен
L 07/02/2011 - 15:35:37: [amxbans.amxx] [Amxbans] Запрос провален!
L 07/02/2011 - 15:35:37: [amxbans.amxx] [Amxbans] Ошибка, адрес: 18
L 07/02/2011 - 15:35:37: [amxbans.amxx] [Amxbans] Сообщение: You have an error in your SQL syntax; check the manual that corresponds to your MySQL server version for the right syntax to use near ''am' at line 1 (1064)
L 07/02/2011 - 15:35:37: [amxbans.amxx] [Amxbans] Статус запроса: 
L 07/02/2011 - 15:37:19: [admin_amxbans.amxx] Login: "Euforia<726><STEAM_0:0:1235555515><>" became an admin (account "Euforia") (access "at") (address "188.123.245.19")
L 07/02/2011 - 15:38:40: [voteban.amxx] Voteban starter Euforia against MaecTpo!! STEAM_0:0:1410218480
L 07/02/2011 - 15:38:55: [voteban.amxx] [AMXX] The vote succeeded: STEAM_0:0:1410218480 is banned for 15 minutes
L 07/02/2011 - 15:46:44: [amxbans.amxx] [Amxbans] Запрос провален!
L 07/02/2011 - 15:46:44: [amxbans.amxx] [Amxbans] Ошибка, адрес: 18
L 07/02/2011 - 15:46:44: [amxbans.amxx] [Amxbans] Сообщение: You have an error in your SQL syntax; check the manual that corresponds to your MySQL server version for the right syntax to use near ''amxb' at line 1 (1064)
L 07/02/2011 - 15:46:44: [amxbans.amxx] [Amxbans] Статус запроса: 
L 07/02/2011 - 15:47:34: [amxbans.amxx] [Amxbans] Запрос провален!
L 07/02/2011 - 15:47:34: [amxbans.amxx] [Amxbans] Ошибка, адрес: 18
L 07/02/2011 - 15:47:34: [amxbans.amxx] [Amxbans] Сообщение: You have an error in your SQL syntax; check the manual that corresponds to your MySQL server version for the right syntax to use near ''amxb' at line 1 (1064)
L 07/02/2011 - 15:47:34: [amxbans.amxx] [Amxbans] Статус запроса: 
L 07/02/2011 - 15:50:21: [admin_amxbans.amxx] Login: "Euforia<734><STEAM_0:0:1235555515><>" became an admin (account "Euforia") (access "at") (address "188.123.245.19")
L 07/02/2011 - 15:56:35: -------- Mapchange to zm_houses --------
L 07/02/2011 - 15:56:37: [amxbans.amxx] [AMXBANS] AMXBans 5.0 подключен
L 07/02/2011 - 15:56:42: [amxbans.amxx] [Amxbans] Запрос провален!
L 07/02/2011 - 15:56:42: [amxbans.amxx] [Amxbans] Ошибка, адрес: 18
L 07/02/2011 - 15:56:42: [amxbans.amxx] [Amxbans] Сообщение: You have an error in your SQL syntax; check the manual that corresponds to your MySQL server version for the right syntax to use near ''amxb' at line 1 (1064)
L 07/02/2011 - 15:56:42: [amxbans.amxx] [Amxbans] Статус запроса: 
L 07/02/2011 - 15:56:42: [amxbans.amxx] [Amxbans] Запрос провален!
L 07/02/2011 - 15:56:42: [amxbans.amxx] [Amxbans] Ошибка, адрес: 18
L 07/02/2011 - 15:56:42: [amxbans.amxx] [Amxbans] Сообщение: You have an error in your SQL syntax; check the manual that corresponds to your MySQL server version for the right syntax to use near ''am' at line 1 (1064)
L 07/02/2011 - 15:56:42: [amxbans.amxx] [Amxbans] Статус запроса: 
L 07/02/2011 - 16:18:31: -------- Mapchange to zm_666_brick --------
L 07/02/2011 - 16:18:32: [amxbans.amxx] [AMXBANS] AMXBans 5.0 подключен
L 07/02/2011 - 16:18:37: [amxbans.amxx] [Amxbans] Запрос провален!
L 07/02/2011 - 16:18:37: [amxbans.amxx] [Amxbans] Ошибка, адрес: 18
L 07/02/2011 - 16:18:37: [amxbans.amxx] [Amxbans] Сообщение: You have an error in your SQL syntax; check the manual that corresponds to your MySQL server version for the right syntax to use near ''amxb' at line 1 (1064)
L 07/02/2011 - 16:18:37: [amxbans.amxx] [Amxbans] Статус запроса: 
L 07/02/2011 - 16:19:30: [admin_amxbans.amxx] Login: "Euforia<766><STEAM_0:0:1235555515><>" became an admin (account "Euforia") (access "at") (address "188.123.245.19")
L 07/02/2011 - 16:29:25: [amxbans.amxx] [Amxbans] Запрос провален!
L 07/02/2011 - 16:29:25: [amxbans.amxx] [Amxbans] Ошибка, адрес: 18
L 07/02/2011 - 16:29:25: [amxbans.amxx] [Amxbans] Сообщение: You have an error in your SQL syntax; check the manual that corresponds to your MySQL server version for the right syntax to use near ''amx' at line 1 (1064)
L 07/02/2011 - 16:29:25: [amxbans.amxx] [Amxbans] Статус запроса: 
L 07/02/2011 - 16:39:01: -------- Mapchange to cs_italy --------
L 07/02/2011 - 16:39:03: [admin_amxbans.amxx] Login: "Euforia<766><STEAM_0:0:1235555515><>" became an admin (account "Euforia") (access "at") (address "188.123.245.19")
L 07/02/2011 - 16:39:04: [amxbans.amxx] [AMXBANS] AMXBans 5.0 подключен
L 07/02/2011 - 17:00:28: -------- Mapchange to zm_alley --------
L 07/02/2011 - 17:00:29: [amxbans.amxx] [AMXBANS] AMXBans 5.0 подключен
L 07/02/2011 - 17:21:11: -------- Mapchange to zm_south_escape_b2 --------
L 07/02/2011 - 17:21:14: [amxbans.amxx] [AMXBANS] AMXBans 5.0 подключен
L 07/02/2011 - 17:34:36: [admin_amxbans.amxx] Login: "Euforia<837><STEAM_0:0:1235555515><>" became an admin (account "Euforia") (access "at") (address "188.123.245.19")
L 07/02/2011 - 17:37:39: -------- Mapchange to zm_army --------
L 07/02/2011 - 17:37:41: [admin_amxbans.amxx] Login: "Euforia<837><STEAM_0:0:1235555515><>" became an admin (account "Euforia") (access "at") (address "188.123.245.19")
L 07/02/2011 - 17:37:41: [amxbans.amxx] [AMXBANS] AMXBans 5.0 подключен
L 07/02/2011 - 17:48:44: [admin_amxbans.amxx] Login: "Euforia<850><STEAM_0:0:1235555515><>" became an admin (account "Euforia") (access "at") (address "188.123.245.19")
L 07/02/2011 - 17:57:50: -------- Mapchange to zm_xata --------
L 07/02/2011 - 17:57:52: [amxbans.amxx] [AMXBANS] AMXBans 5.0 подключен
L 07/02/2011 - 17:59:30: [amxbans.amxx] [Amxbans] Запрос провален!
L 07/02/2011 - 17:59:30: [amxbans.amxx] [Amxbans] Ошибка, адрес: 18
L 07/02/2011 - 17:59:30: [amxbans.amxx] [Amxbans] Сообщение: You have an error in your SQL syntax; check the manual that corresponds to your MySQL server version for the right syntax to use near ''amx' at line 1 (1064)
L 07/02/2011 - 17:59:30: [amxbans.amxx] [Amxbans] Статус запроса: 
L 07/02/2011 - 18:20:26: -------- Mapchange to zm_desolation_house --------
L 07/02/2011 - 18:20:29: [amxbans.amxx] [AMXBANS] AMXBans 5.0 подключен
L 07/02/2011 - 18:20:32: [amxbans.amxx] [Amxbans] Запрос провален!
L 07/02/2011 - 18:20:32: [amxbans.amxx] [Amxbans] Ошибка, адрес: 18
L 07/02/2011 - 18:20:32: [amxbans.amxx] [Amxbans] Сообщение: You have an error in your SQL syntax; check the manual that corresponds to your MySQL server version for the right syntax to use near ''amx' at line 1 (1064)
L 07/02/2011 - 18:20:32: [amxbans.amxx] [Amxbans] Статус запроса: 
L 07/02/2011 - 18:30:55: [amxbans.amxx] [Amxbans] Запрос провален!
L 07/02/2011 - 18:30:55: [amxbans.amxx] [Amxbans] Ошибка, адрес: 18
L 07/02/2011 - 18:30:55: [amxbans.amxx] [Amxbans] Сообщение: You have an error in your SQL syntax; check the manual that corresponds to your MySQL server version for the right syntax to use near ''Bantime expired' at line 1 (1064)
L 07/02/2011 - 18:30:55: [amxbans.amxx] [Amxbans] Статус запроса: 
L 07/02/2011 - 18:46:47: -------- Mapchange to cs_militia --------
L 07/02/2011 - 18:46:53: [amxbans.amxx] [AMXBANS] AMXBans 5.0 подключен
L 07/02/2011 - 19:06:50: [admin_amxbans.amxx] Login: "Euforia<916><STEAM_0:0:1235555515><>" became an admin (account "Euforia") (access "at") (address "188.123.245.19")
L 07/02/2011 - 19:08:03: -------- Mapchange to de_dust --------
L 07/02/2011 - 19:08:06: [admin_amxbans.amxx] Login: "Euforia<916><STEAM_0:0:1235555515><>" became an admin (account "Euforia") (access "at") (address "188.123.245.19")
L 07/02/2011 - 19:08:07: [amxbans.amxx] [AMXBANS] AMXBans 5.0 подключен
L 07/02/2011 - 19:08:20: [admin_amxbans.amxx] Login: "Ipse [Str,RUS]<917><STEAM_0:4:1194804723><>" became an admin (account "Ipse [Str,RUS]") (access "at") (address "95.105.50.39")
L 07/02/2011 - 19:12:21: [amxbans.amxx] [Amxbans] Запрос провален!
L 07/02/2011 - 19:12:21: [amxbans.amxx] [Amxbans] Ошибка, адрес: 18
L 07/02/2011 - 19:12:21: [amxbans.amxx] [Amxbans] Сообщение: You have an error in your SQL syntax; check the manual that corresponds to your MySQL server version for the right syntax to use near ''amx' at line 1 (1064)
L 07/02/2011 - 19:12:21: [amxbans.amxx] [Amxbans] Статус запроса: 
L 07/02/2011 - 19:14:35: [admin_amxbans.amxx] Login: "Euforia<922><STEAM_0:0:1235555515><>" became an admin (account "Euforia") (access "at") (address "188.123.245.19")
L 07/02/2011 - 19:17:10: [amxbans.amxx] [Amxbans] Запрос провален!
L 07/02/2011 - 19:17:10: [amxbans.amxx] [Amxbans] Ошибка, адрес: 18
L 07/02/2011 - 19:17:10: [amxbans.amxx] [Amxbans] Сообщение: You have an error in your SQL syntax; check the manual that corresponds to your MySQL server version for the right syntax to use near ''Bantime expir' at line 1 (1064)
L 07/02/2011 - 19:17:10: [amxbans.amxx] [Amxbans] Статус запроса: 
L 07/02/2011 - 19:20:09: [admin_amxbans.amxx] Login: "Lenusjka<927><STEAM_0:4:1429483121><>" became an admin (account "Lenusjka") (access "at") (address "91.190.52.3")
L 07/02/2011 - 19:21:45: [admin_amxbans.amxx] Login: "Lenusjka<928><STEAM_0:4:1429483121><>" became an admin (account "Lenusjka") (access "at") (address "91.190.52.3")
L 07/02/2011 - 19:28:12: -------- Mapchange to zm_303 --------
L 07/02/2011 - 19:28:13: [admin_amxbans.amxx] Login: "Euforia<922><STEAM_0:0:1235555515><>" became an admin (account "Euforia") (access "at") (address "188.123.245.19")
L 07/02/2011 - 19:28:14: [amxbans.amxx] [AMXBANS] AMXBans 5.0 подключен
L 07/02/2011 - 19:28:14: [admin_amxbans.amxx] Login: "Ipse [Str,RUS]<917><STEAM_0:4:1194804723><>" became an admin (account "Ipse [Str,RUS]") (access "at") (address "95.105.50.39")
L 07/02/2011 - 19:28:19: [amxbans.amxx] [Amxbans] Запрос провален!
L 07/02/2011 - 19:28:19: [amxbans.amxx] [Amxbans] Ошибка, адрес: 18
L 07/02/2011 - 19:28:19: [amxbans.amxx] [Amxbans] Сообщение: You have an error in your SQL syntax; check the manual that corresponds to your MySQL server version for the right syntax to use near ''amx' at line 1 (1064)
L 07/02/2011 - 19:28:19: [amxbans.amxx] [Amxbans] Статус запроса: 
L 07/02/2011 - 19:28:19: [amxbans.amxx] [Amxbans] Запрос провален!
L 07/02/2011 - 19:28:19: [amxbans.amxx] [Amxbans] Ошибка, адрес: 18
L 07/02/2011 - 19:28:19: [amxbans.amxx] [Amxbans] Сообщение: You have an error in your SQL syntax; check the manual that corresponds to your MySQL server version for the right syntax to use near ''Bantime expir' at line 1 (1064)
L 07/02/2011 - 19:28:19: [amxbans.amxx] [Amxbans] Статус запроса: 
L 07/02/2011 - 19:31:17: [amxbans.amxx] [Amxbans] Запрос провален!
L 07/02/2011 - 19:31:17: [amxbans.amxx] [Amxbans] Ошибка, адрес: 18
L 07/02/2011 - 19:31:17: [amxbans.amxx] [Amxbans] Сообщение: You have an error in your SQL syntax; check the manual that corresponds to your MySQL server version for the right syntax to use near ''amxb' at line 1 (1064)
L 07/02/2011 - 19:31:17: [amxbans.amxx] [Amxbans] Статус запроса: 
L 07/02/2011 - 19:41:47: [amxbans.amxx] [Amxbans] Запрос провален!
L 07/02/2011 - 19:41:47: [amxbans.amxx] [Amxbans] Ошибка, адрес: 18
L 07/02/2011 - 19:41:47: [amxbans.amxx] [Amxbans] Сообщение: You have an error in your SQL syntax; check the manual that corresponds to your MySQL server version for the right syntax to use near ''Bantime expir' at line 1 (1064)
L 07/02/2011 - 19:41:47: [amxbans.amxx] [Amxbans] Статус запроса: 
L 07/02/2011 - 19:48:12: -------- Mapchange to cs_italy --------
L 07/02/2011 - 19:48:16: [admin_amxbans.amxx] Login: "Ipse [Str,RUS]<917><STEAM_0:4:1194804723><>" became an admin (account "Ipse [Str,RUS]") (access "at") (address "95.105.50.39")
L 07/02/2011 - 19:48:16: [amxbans.amxx] [AMXBANS] AMXBans 5.0 подключен
L 07/02/2011 - 19:48:22: [amxbans.amxx] [Amxbans] Запрос провален!
L 07/02/2011 - 19:48:22: [amxbans.amxx] [Amxbans] Ошибка, адрес: 18
L 07/02/2011 - 19:48:22: [amxbans.amxx] [Amxbans] Сообщение: You have an error in your SQL syntax; check the manual that corresponds to your MySQL server version for the right syntax to use near ''amxb' at line 1 (1064)
L 07/02/2011 - 19:48:22: [amxbans.amxx] [Amxbans] Статус запроса: 
L 07/02/2011 - 19:48:22: [amxbans.amxx] [Amxbans] Запрос провален!
L 07/02/2011 - 19:48:22: [amxbans.amxx] [Amxbans] Ошибка, адрес: 18
L 07/02/2011 - 19:48:22: [amxbans.amxx] [Amxbans] Сообщение: You have an error in your SQL syntax; check the manual that corresponds to your MySQL server version for the right syntax to use near ''Bantime expir' at line 1 (1064)
L 07/02/2011 - 19:48:22: [amxbans.amxx] [Amxbans] Статус запроса: 
L 07/02/2011 - 19:48:22: [amxbans.amxx] [Amxbans] Запрос провален!
L 07/02/2011 - 19:48:22: [amxbans.amxx] [Amxbans] Ошибка, адрес: 18
L 07/02/2011 - 19:48:22: [amxbans.amxx] [Amxbans] Сообщение: You have an error in your SQL syntax; check the manual that corresponds to your MySQL server version for the right syntax to use near ''amx' at line 1 (1064)
L 07/02/2011 - 19:48:22: [amxbans.amxx] [Amxbans] Статус запроса: 
L 07/02/2011 - 19:54:29: [amxbans.amxx] [Amxbans] Запрос провален!
L 07/02/2011 - 19:54:29: [amxbans.amxx] [Amxbans] Ошибка, адрес: 18
L 07/02/2011 - 19:54:29: [amxbans.amxx] [Amxbans] Сообщение: You have an error in your SQL syntax; check the manual that corresponds to your MySQL server version for the right syntax to use near ''a' at line 1 (1064)
L 07/02/2011 - 19:54:29: [amxbans.amxx] [Amxbans] Статус запроса: 
L 07/02/2011 - 19:58:59: [admin_amxbans.amxx] Login: "Euforia<959><STEAM_0:0:1235555515><>" became an admin (account "Euforia") (access "at") (address "188.123.245.19")
L 07/02/2011 - 19:59:33: [amxbans.amxx] [Amxbans] Запрос провален!
L 07/02/2011 - 19:59:33: [amxbans.amxx] [Amxbans] Ошибка, адрес: 18
L 07/02/2011 - 19:59:33: [amxbans.amxx] [Amxbans] Сообщение: You have an error in your SQL syntax; check the manual that corresponds to your MySQL server version for the right syntax to use near ''amxb' at line 1 (1064)
L 07/02/2011 - 19:59:33: [amxbans.amxx] [Amxbans] Статус запроса: 
L 07/02/2011 - 20:00:20: [amxbans.amxx] [Amxbans] Запрос провален!
L 07/02/2011 - 20:00:20: [amxbans.amxx] [Amxbans] Ошибка, адрес: 18
L 07/02/2011 - 20:00:20: [amxbans.amxx] [Amxbans] Сообщение: You have an error in your SQL syntax; check the manual that corresponds to your MySQL server version for the right syntax to use near ''a' at line 1 (1064)
L 07/02/2011 - 20:00:20: [amxbans.amxx] [Amxbans] Статус запроса: 
L 07/02/2011 - 20:09:07: -------- Mapchange to ze_lift_escape_b5 --------
L 07/02/2011 - 20:09:08: [admin_amxbans.amxx] Login: "Euforia<959><STEAM_0:0:1235555515><>" became an admin (account "Euforia") (access "at") (address "188.123.245.19")
L 07/02/2011 - 20:09:08: [admin_amxbans.amxx] Login: "Ipse [Str,RUS]<917><STEAM_0:4:1194804723><>" became an admin (account "Ipse [Str,RUS]") (access "at") (address "95.105.50.39")
L 07/02/2011 - 20:09:09: [amxbans.amxx] [AMXBANS] AMXBans 5.0 подключен
L 07/02/2011 - 20:09:15: [amxbans.amxx] [Amxbans] Запрос провален!
L 07/02/2011 - 20:09:15: [amxbans.amxx] [Amxbans] Ошибка, адрес: 18
L 07/02/2011 - 20:09:15: [amxbans.amxx] [Amxbans] Сообщение: You have an error in your SQL syntax; check the manual that corresponds to your MySQL server version for the right syntax to use near ''Bantime expir' at line 1 (1064)
L 07/02/2011 - 20:09:15: [amxbans.amxx] [Amxbans] Статус запроса: 
L 07/02/2011 - 20:09:15: [amxbans.amxx] [Amxbans] Запрос провален!
L 07/02/2011 - 20:09:15: [amxbans.amxx] [Amxbans] Ошибка, адрес: 18
L 07/02/2011 - 20:09:15: [amxbans.amxx] [Amxbans] Сообщение: You have an error in your SQL syntax; check the manual that corresponds to your MySQL server version for the right syntax to use near ''a' at line 1 (1064)
L 07/02/2011 - 20:09:15: [amxbans.amxx] [Amxbans] Статус запроса: 
L 07/02/2011 - 20:11:48: [amxbans.amxx] [Amxbans] Запрос провален!
L 07/02/2011 - 20:11:48: [amxbans.amxx] [Amxbans] Ошибка, адрес: 18
L 07/02/2011 - 20:11:48: [amxbans.amxx] [Amxbans] Сообщение: You have an error in your SQL syntax; check the manual that corresponds to your MySQL server version for the right syntax to use near ''amxb' at line 1 (1064)
L 07/02/2011 - 20:11:48: [amxbans.amxx] [Amxbans] Статус запроса: 
L 07/02/2011 - 20:19:21: [amxbans.amxx] [Amxbans] Запрос провален!
L 07/02/2011 - 20:19:21: [amxbans.amxx] [Amxbans] Ошибка, адрес: 18
L 07/02/2011 - 20:19:21: [amxbans.amxx] [Amxbans] Сообщение: You have an error in your SQL syntax; check the manual that corresponds to your MySQL server version for the right syntax to use near ''a' at line 1 (1064)
L 07/02/2011 - 20:19:21: [amxbans.amxx] [Amxbans] Статус запроса: 
L 07/02/2011 - 20:27:10: -------- Mapchange to zm_alfresco_v2 --------
L 07/02/2011 - 20:27:11: [amxbans.amxx] [AMXBANS] AMXBans 5.0 подключен
L 07/02/2011 - 20:27:15: [amxbans.amxx] [Amxbans] Запрос провален!
L 07/02/2011 - 20:27:15: [amxbans.amxx] [Amxbans] Ошибка, адрес: 18
L 07/02/2011 - 20:27:15: [amxbans.amxx] [Amxbans] Сообщение: You have an error in your SQL syntax; check the manual that corresponds to your MySQL server version for the right syntax to use near ''Bantime expir' at line 1 (1064)
L 07/02/2011 - 20:27:15: [amxbans.amxx] [Amxbans] Статус запроса: 
L 07/02/2011 - 20:27:16: [amxbans.amxx] [Amxbans] Запрос провален!
L 07/02/2011 - 20:27:16: [amxbans.amxx] [Amxbans] Ошибка, адрес: 18
L 07/02/2011 - 20:27:16: [amxbans.amxx] [Amxbans] Сообщение: You have an error in your SQL syntax; check the manual that corresponds to your MySQL server version for the right syntax to use near ''a' at line 1 (1064)
L 07/02/2011 - 20:27:16: [amxbans.amxx] [Amxbans] Статус запроса: 
L 07/02/2011 - 20:27:16: [amxbans.amxx] [Amxbans] Запрос провален!
L 07/02/2011 - 20:27:16: [amxbans.amxx] [Amxbans] Ошибка, адрес: 18
L 07/02/2011 - 20:27:16: [amxbans.amxx] [Amxbans] Сообщение: You have an error in your SQL syntax; check the manual that corresponds to your MySQL server version for the right syntax to use near ''amxb' at line 1 (1064)
L 07/02/2011 - 20:27:16: [amxbans.amxx] [Amxbans] Статус запроса: 
L 07/02/2011 - 20:27:22: [amxbans.amxx] [Amxbans] Запрос провален!
L 07/02/2011 - 20:27:22: [amxbans.amxx] [Amxbans] Ошибка, адрес: 18
L 07/02/2011 - 20:27:22: [amxbans.amxx] [Amxbans] Сообщение: You have an error in your SQL syntax; check the manual that corresponds to your MySQL server version for the right syntax to use near ''amxb' at line 1 (1064)
L 07/02/2011 - 20:27:22: [amxbans.amxx] [Amxbans] Статус запроса: 
L 07/02/2011 - 20:27:27: [amxbans.amxx] [Amxbans] Запрос провален!
L 07/02/2011 - 20:27:27: [amxbans.amxx] [Amxbans] Ошибка, адрес: 18
L 07/02/2011 - 20:27:27: [amxbans.amxx] [Amxbans] Сообщение: You have an error in your SQL syntax; check the manual that corresponds to your MySQL server version for the right syntax to use near ''a' at line 1 (1064)
L 07/02/2011 - 20:27:27: [amxbans.amxx] [Amxbans] Статус запроса: 
L 07/02/2011 - 20:29:53: [amxbans.amxx] [Amxbans] Запрос провален!
L 07/02/2011 - 20:29:53: [amxbans.amxx] [Amxbans] Ошибка, адрес: 18
L 07/02/2011 - 20:29:53: [amxbans.amxx] [Amxbans] Сообщение: You have an error in your SQL syntax; check the manual that corresponds to your MySQL server version for the right syntax to use near ''a' at line 1 (1064)
L 07/02/2011 - 20:29:53: [amxbans.amxx] [Amxbans] Статус запроса: 
L 07/02/2011 - 20:30:35: [amxbans.amxx] [Amxbans] Запрос провален!
L 07/02/2011 - 20:30:35: [amxbans.amxx] [Amxbans] Ошибка, адрес: 18
L 07/02/2011 - 20:30:35: [amxbans.amxx] [Amxbans] Сообщение: You have an error in your SQL syntax; check the manual that corresponds to your MySQL server version for the right syntax to use near ''Bantime expir' at line 1 (1064)
L 07/02/2011 - 20:30:35: [amxbans.amxx] [Amxbans] Статус запроса: 
L 07/02/2011 - 20:33:16: [amxbans.amxx] [Amxbans] Запрос провален!
L 07/02/2011 - 20:33:16: [amxbans.amxx] [Amxbans] Ошибка, адрес: 18
L 07/02/2011 - 20:33:16: [amxbans.amxx] [Amxbans] Сообщение: You have an error in your SQL syntax; check the manual that corresponds to your MySQL server version for the right syntax to use near ''amx' at line 1 (1064)
L 07/02/2011 - 20:33:16: [amxbans.amxx] [Amxbans] Статус запроса: 
L 07/02/2011 - 20:44:28: [amxbans.amxx] [Amxbans] Запрос провален!
L 07/02/2011 - 20:44:28: [amxbans.amxx] [Amxbans] Ошибка, адрес: 18
L 07/02/2011 - 20:44:28: [amxbans.amxx] [Amxbans] Сообщение: You have an error in your SQL syntax; check the manual that corresponds to your MySQL server version for the right syntax to use near ''Bantime expir' at line 1 (1064)
L 07/02/2011 - 20:44:28: [amxbans.amxx] [Amxbans] Статус запроса: 
L 07/02/2011 - 20:44:45: [amxbans.amxx] [Amxbans] Запрос провален!
L 07/02/2011 - 20:44:45: [amxbans.amxx] [Amxbans] Ошибка, адрес: 18
L 07/02/2011 - 20:44:45: [amxbans.amxx] [Amxbans] Сообщение: You have an error in your SQL syntax; check the manual that corresponds to your MySQL server version for the right syntax to use near ''a' at line 1 (1064)
L 07/02/2011 - 20:44:45: [amxbans.amxx] [Amxbans] Статус запроса: 
L 07/02/2011 - 20:47:21: [amxbans.amxx] [Amxbans] Запрос провален!
L 07/02/2011 - 20:47:21: [amxbans.amxx] [Amxbans] Ошибка, адрес: 18
L 07/02/2011 - 20:47:21: [amxbans.amxx] [Amxbans] Сообщение: You have an error in your SQL syntax; check the manual that corresponds to your MySQL server version for the right syntax to use near ''a' at line 1 (1064)
L 07/02/2011 - 20:47:21: [amxbans.amxx] [Amxbans] Статус запроса: 
L 07/02/2011 - 20:47:40: -------- Mapchange to zm_fdust2x2 --------
L 07/02/2011 - 20:47:41: [amxbans.amxx] [AMXBANS] AMXBans 5.0 подключен
L 07/02/2011 - 20:47:47: [amxbans.amxx] [Amxbans] Запрос провален!
L 07/02/2011 - 20:47:47: [amxbans.amxx] [Amxbans] Ошибка, адрес: 18
L 07/02/2011 - 20:47:47: [amxbans.amxx] [Amxbans] Сообщение: You have an error in your SQL syntax; check the manual that corresponds to your MySQL server version for the right syntax to use near ''amxb' at line 1 (1064)
L 07/02/2011 - 20:47:47: [amxbans.amxx] [Amxbans] Статус запроса: 
L 07/02/2011 - 20:47:47: [amxbans.amxx] [Amxbans] Запрос провален!
L 07/02/2011 - 20:47:47: [amxbans.amxx] [Amxbans] Ошибка, адрес: 18
L 07/02/2011 - 20:47:47: [amxbans.amxx] [Amxbans] Сообщение: You have an error in your SQL syntax; check the manual that corresponds to your MySQL server version for the right syntax to use near ''Bantime expir' at line 1 (1064)
L 07/02/2011 - 20:47:47: [amxbans.amxx] [Amxbans] Статус запроса: 
L 07/02/2011 - 20:47:48: [amxbans.amxx] [Amxbans] Запрос провален!
L 07/02/2011 - 20:47:48: [amxbans.amxx] [Amxbans] Ошибка, адрес: 18
L 07/02/2011 - 20:47:48: [amxbans.amxx] [Amxbans] Сообщение: You have an error in your SQL syntax; check the manual that corresponds to your MySQL server version for the right syntax to use near ''amx' at line 1 (1064)
L 07/02/2011 - 20:47:48: [amxbans.amxx] [Amxbans] Статус запроса: 
L 07/02/2011 - 20:47:48: [amxbans.amxx] [Amxbans] Запрос провален!
L 07/02/2011 - 20:47:48: [amxbans.amxx] [Amxbans] Ошибка, адрес: 18
L 07/02/2011 - 20:47:48: [amxbans.amxx] [Amxbans] Сообщение: You have an error in your SQL syntax; check the manual that corresponds to your MySQL server version for the right syntax to use near ''a' at line 1 (1064)
L 07/02/2011 - 20:47:48: [amxbans.amxx] [Amxbans] Статус запроса: 
L 07/02/2011 - 20:47:58: [amxbans.amxx] [Amxbans] Запрос провален!
L 07/02/2011 - 20:47:58: [amxbans.amxx] [Amxbans] Ошибка, адрес: 18
L 07/02/2011 - 20:47:58: [amxbans.amxx] [Amxbans] Сообщение: You have an error in your SQL syntax; check the manual that corresponds to your MySQL server version for the right syntax to use near ''a' at line 1 (1064)
L 07/02/2011 - 20:47:58: [amxbans.amxx] [Amxbans] Статус запроса: 
L 07/02/2011 - 20:52:52: [amxbans.amxx] [Amxbans] Запрос провален!
L 07/02/2011 - 20:52:52: [amxbans.amxx] [Amxbans] Ошибка, адрес: 18
L 07/02/2011 - 20:52:52: [amxbans.amxx] [Amxbans] Сообщение: You have an error in your SQL syntax; check the manual that corresponds to your MySQL server version for the right syntax to use near ''a' at line 1 (1064)
L 07/02/2011 - 20:52:52: [amxbans.amxx] [Amxbans] Статус запроса: 
L 07/02/2011 - 21:01:16: [amxbans.amxx] [Amxbans] Запрос провален!
L 07/02/2011 - 21:01:16: [amxbans.amxx] [Amxbans] Ошибка, адрес: 18
L 07/02/2011 - 21:01:16: [amxbans.amxx] [Amxbans] Сообщение: You have an error in your SQL syntax; check the manual that corresponds to your MySQL server version for the right syntax to use near ''amxb' at line 1 (1064)
L 07/02/2011 - 21:01:16: [amxbans.amxx] [Amxbans] Статус запроса: 
L 07/02/2011 - 21:06:27: [amxbans.amxx] [Amxbans] Запрос провален!
L 07/02/2011 - 21:06:27: [amxbans.amxx] [Amxbans] Ошибка, адрес: 18
L 07/02/2011 - 21:06:27: [amxbans.amxx] [Amxbans] Сообщение: You have an error in your SQL syntax; check the manual that corresponds to your MySQL server version for the right syntax to use near ''a' at line 1 (1064)
L 07/02/2011 - 21:06:27: [amxbans.amxx] [Amxbans] Статус запроса: 
L 07/02/2011 - 21:08:34: [admin_amxbans.amxx] Login: "Masyanya  |[BBS]|<1058><STEAM_0:4:1417253489><>" became an admin (account "Masyanya  |[BBS]|") (access "at") (address "91.198.175.1")
L 07/02/2011 - 21:08:50: [admin_amxbans.amxx] Login: "Masyanya  |[BBS]|<1059><STEAM_0:4:1417253489><>" became an admin (account "Masyanya  |[BBS]|") (access "at") (address "91.198.175.1")
L 07/02/2011 - 21:10:37: -------- Mapchange to zm_houses --------
L 07/02/2011 - 21:10:38: [admin_amxbans.amxx] Login: "Masyanya  |[BBS]|<1059><STEAM_0:4:1417253489><>" became an admin (account "Masyanya  |[BBS]|") (access "at") (address "91.198.175.1")
L 07/02/2011 - 21:10:39: [amxbans.amxx] [AMXBANS] AMXBans 5.0 подключен
L 07/02/2011 - 21:10:45: [amxbans.amxx] [Amxbans] Запрос провален!
L 07/02/2011 - 21:10:45: [amxbans.amxx] [Amxbans] Ошибка, адрес: 18
L 07/02/2011 - 21:10:45: [amxbans.amxx] [Amxbans] Сообщение: You have an error in your SQL syntax; check the manual that corresponds to your MySQL server version for the right syntax to use near ''amxb' at line 1 (1064)
L 07/02/2011 - 21:10:45: [amxbans.amxx] [Amxbans] Статус запроса: 
L 07/02/2011 - 21:10:45: [amxbans.amxx] [Amxbans] Запрос провален!
L 07/02/2011 - 21:10:45: [amxbans.amxx] [Amxbans] Ошибка, адрес: 18
L 07/02/2011 - 21:10:45: [amxbans.amxx] [Amxbans] Сообщение: You have an error in your SQL syntax; check the manual that corresponds to your MySQL server version for the right syntax to use near ''a' at line 1 (1064)
L 07/02/2011 - 21:10:45: [amxbans.amxx] [Amxbans] Статус запроса: 
L 07/02/2011 - 21:10:45: [amxbans.amxx] [Amxbans] Запрос провален!
L 07/02/2011 - 21:10:45: [amxbans.amxx] [Amxbans] Ошибка, адрес: 18
L 07/02/2011 - 21:10:45: [amxbans.amxx] [Amxbans] Сообщение: You have an error in your SQL syntax; check the manual that corresponds to your MySQL server version for the right syntax to use near ''Bantime expir' at line 1 (1064)
L 07/02/2011 - 21:10:45: [amxbans.amxx] [Amxbans] Статус запроса: 
L 07/02/2011 - 21:13:15: [amxbans.amxx] [Amxbans] Запрос провален!
L 07/02/2011 - 21:13:15: [amxbans.amxx] [Amxbans] Ошибка, адрес: 18
L 07/02/2011 - 21:13:15: [amxbans.amxx] [Amxbans] Сообщение: You have an error in your SQL syntax; check the manual that corresponds to your MySQL server version for the right syntax to use near ''Bantime expir' at line 1 (1064)
L 07/02/2011 - 21:13:15: [amxbans.amxx] [Amxbans] Статус запроса: 
L 07/02/2011 - 21:24:08: [admin_amxbans.amxx] Login: "Masyanya  |[BBS]|<1069><STEAM_0:4:1417253489><>" became an admin (account "Masyanya  |[BBS]|") (access "at") (address "91.198.175.1")
L 07/02/2011 - 21:33:36: -------- Mapchange to zm_neris --------
L 07/02/2011 - 21:33:37: [admin_amxbans.amxx] Login: "Masyanya  |[BBS]|<1069><STEAM_0:4:1417253489><>" became an admin (account "Masyanya  |[BBS]|") (access "at") (address "91.198.175.1")
L 07/02/2011 - 21:33:38: [amxbans.amxx] [AMXBANS] AMXBans 5.0 подключен
L 07/02/2011 - 21:33:44: [amxbans.amxx] [Amxbans] Запрос провален!
L 07/02/2011 - 21:33:44: [amxbans.amxx] [Amxbans] Ошибка, адрес: 18
L 07/02/2011 - 21:33:44: [amxbans.amxx] [Amxbans] Сообщение: You have an error in your SQL syntax; check the manual that corresponds to your MySQL server version for the right syntax to use near ''a' at line 1 (1064)
L 07/02/2011 - 21:33:44: [amxbans.amxx] [Amxbans] Статус запроса: 
L 07/02/2011 - 21:33:44: [amxbans.amxx] [Amxbans] Запрос провален!
L 07/02/2011 - 21:33:44: [amxbans.amxx] [Amxbans] Ошибка, адрес: 18
L 07/02/2011 - 21:33:44: [amxbans.amxx] [Amxbans] Сообщение: You have an error in your SQL syntax; check the manual that corresponds to your MySQL server version for the right syntax to use near ''Bantime expir' at line 1 (1064)
L 07/02/2011 - 21:33:44: [amxbans.amxx] [Amxbans] Статус запроса: 
L 07/02/2011 - 21:33:45: [amxbans.amxx] [Amxbans] Запрос провален!
L 07/02/2011 - 21:33:45: [amxbans.amxx] [Amxbans] Ошибка, адрес: 18
L 07/02/2011 - 21:33:45: [amxbans.amxx] [Amxbans] Сообщение: You have an error in your SQL syntax; check the manual that corresponds to your MySQL server version for the right syntax to use near ''amxb' at line 1 (1064)
L 07/02/2011 - 21:33:45: [amxbans.amxx] [Amxbans] Статус запроса: 
L 07/02/2011 - 21:33:45: [admin_amxbans.amxx] Login: "Masyanya  |[BBS]|<1075><STEAM_0:4:1417253489><>" became an admin (account "Masyanya  |[BBS]|") (access "at") (address "91.198.175.1")
L 07/02/2011 - 21:44:26: [amxbans.amxx] [Amxbans] Запрос провален!
L 07/02/2011 - 21:44:26: [amxbans.amxx] [Amxbans] Ошибка, адрес: 18
L 07/02/2011 - 21:44:26: [amxbans.amxx] [Amxbans] Сообщение: You have an error in your SQL syntax; check the manual that corresponds to your MySQL server version for the right syntax to use near ''Bantime expir' at line 1 (1064)
L 07/02/2011 - 21:44:26: [amxbans.amxx] [Amxbans] Статус запроса: 
L 07/02/2011 - 21:54:47: -------- Mapchange to zm_666_brick --------
L 07/02/2011 - 21:54:48: [admin_amxbans.amxx] Login: "Masyanya  |[BBS]|<1075><STEAM_0:4:1417253489><>" became an admin (account "Masyanya  |[BBS]|") (access "at") (address "91.198.175.1")
L 07/02/2011 - 21:54:49: [amxbans.amxx] [AMXBANS] AMXBans 5.0 подключен
L 07/02/2011 - 21:54:55: [amxbans.amxx] [Amxbans] Запрос провален!
L 07/02/2011 - 21:54:55: [amxbans.amxx] [Amxbans] Ошибка, адрес: 18
L 07/02/2011 - 21:54:55: [amxbans.amxx] [Amxbans] Сообщение: You have an error in your SQL syntax; check the manual that corresponds to your MySQL server version for the right syntax to use near ''Bantime expir' at line 1 (1064)
L 07/02/2011 - 21:54:55: [amxbans.amxx] [Amxbans] Статус запроса: 
L 07/02/2011 - 21:54:55: [amxbans.amxx] [Amxbans] Запрос провален!
L 07/02/2011 - 21:54:55: [amxbans.amxx] [Amxbans] Ошибка, адрес: 18
L 07/02/2011 - 21:54:55: [amxbans.amxx] [Amxbans] Сообщение: You have an error in your SQL syntax; check the manual that corresponds to your MySQL server version for the right syntax to use near ''a' at line 1 (1064)
L 07/02/2011 - 21:54:55: [amxbans.amxx] [Amxbans] Статус запроса: 
L 07/02/2011 - 21:54:56: [admin_amxbans.amxx] Login: "Masyanya  |[BBS]|<1087><STEAM_0:4:1417253489><>" became an admin (account "Masyanya  |[BBS]|") (access "at") (address "91.198.175.1")
L 07/02/2011 - 21:55:58: [admin_amxbans.amxx] Login: "pro_BaD_HeaD---IIaJIa4<1083><STEAM_0:0:2040851104><>" became an admin (account "pro_BaD_HeaD---IIaJIa4") (access "at") (address "176.62.181.126")
L 07/02/2011 - 22:01:18: [admin_amxbans.amxx] Login: "Dumka<1089><STEAM_0:0:1236438227><>" became an admin (account "172.23.65.13") (access "abcdefghijklmnopqrsu") (address "172.23.65.13")
L 07/02/2011 - 22:01:38: [admincmd.amxx] Cmd: "Dumka<1089><STEAM_0:0:1236438227><>" ask for players list
L 07/02/2011 - 22:07:13: [amxbans.amxx] [Amxbans] Запрос провален!
L 07/02/2011 - 22:07:13: [amxbans.amxx] [Amxbans] Ошибка, адрес: 18
L 07/02/2011 - 22:07:13: [amxbans.amxx] [Amxbans] Сообщение: You have an error in your SQL syntax; check the manual that corresponds to your MySQL server version for the right syntax to use near ''a' at line 1 (1064)
L 07/02/2011 - 22:07:13: [amxbans.amxx] [Amxbans] Статус запроса: 
L 07/02/2011 - 22:14:09: [admincmd.amxx] Cmd: "Dumka<1089><STEAM_0:0:1236438227><>" ask for players list
L 07/02/2011 - 22:16:25: -------- Mapchange to 016 --------
L 07/02/2011 - 22:16:26: [admin_amxbans.amxx] Login: "Masyanya  |[BBS]|<1087><STEAM_0:4:1417253489><>" became an admin (account "Masyanya  |[BBS]|") (access "at") (address "91.198.175.1")
L 07/02/2011 - 22:16:26: [admin_amxbans.amxx] Login: "Dumka<1089><STEAM_0:0:1236438227><>" became an admin (account "172.23.65.13") (access "abcdefghijklmnopqrsu") (address "172.23.65.13")
L 07/02/2011 - 22:16:27: [amxbans.amxx] [AMXBANS] AMXBans 5.0 подключен
L 07/02/2011 - 22:16:32: [admin_amxbans.amxx] Login: "Masyanya  |[BBS]|<1095><STEAM_0:4:1417253489><>" became an admin (account "Masyanya  |[BBS]|") (access "at") (address "91.198.175.1")
L 07/02/2011 - 22:16:33: [amxbans.amxx] [Amxbans] Запрос провален!
L 07/02/2011 - 22:16:33: [amxbans.amxx] [Amxbans] Ошибка, адрес: 18
L 07/02/2011 - 22:16:33: [amxbans.amxx] [Amxbans] Сообщение: You have an error in your SQL syntax; check the manual that corresponds to your MySQL server version for the right syntax to use near ''a' at line 1 (1064)
L 07/02/2011 - 22:16:33: [amxbans.amxx] [Amxbans] Статус запроса: 
L 07/02/2011 - 22:27:25: [admin_amxbans.amxx] Login: "Ipse [Str,RUS]<1113><STEAM_0:4:1828499147><>" became an admin (account "Ipse [Str,RUS]") (access "at") (address "46.191.165.112")
L 07/02/2011 - 22:35:17: [amxbans.amxx] [Amxbans] Запрос провален!
L 07/02/2011 - 22:35:17: [amxbans.amxx] [Amxbans] Ошибка, адрес: 18
L 07/02/2011 - 22:35:17: [amxbans.amxx] [Amxbans] Сообщение: You have an error in your SQL syntax; check the manual that corresponds to your MySQL server version for the right syntax to use near ''a' at line 1 (1064)
L 07/02/2011 - 22:35:17: [amxbans.amxx] [Amxbans] Статус запроса: 
L 07/02/2011 - 22:37:32: -------- Mapchange to de_dust --------
L 07/02/2011 - 22:37:35: [admin_amxbans.amxx] Login: "Dumka<1089><STEAM_0:0:1236438227><>" became an admin (account "172.23.65.13") (access "abcdefghijklmnopqrsu") (address "172.23.65.13")
L 07/02/2011 - 22:37:35: [admin_amxbans.amxx] Login: "Ipse [Str,RUS]<1113><STEAM_0:4:1828499147><>" became an admin (account "Ipse [Str,RUS]") (access "at") (address "46.191.165.112")
L 07/02/2011 - 22:37:35: [amxbans.amxx] [AMXBANS] AMXBans 5.0 подключен
L 07/02/2011 - 22:37:38: [admin_amxbans.amxx] Login: "Masyanya  |[BBS]|<1095><STEAM_0:4:1417253489><>" became an admin (account "Masyanya  |[BBS]|") (access "at") (address "91.198.175.1")
L 07/02/2011 - 22:37:41: [amxbans.amxx] [Amxbans] Запрос провален!
L 07/02/2011 - 22:37:41: [amxbans.amxx] [Amxbans] Ошибка, адрес: 18
L 07/02/2011 - 22:37:41: [amxbans.amxx] [Amxbans] Сообщение: You have an error in your SQL syntax; check the manual that corresponds to your MySQL server version for the right syntax to use near ''a' at line 1 (1064)
L 07/02/2011 - 22:37:41: [amxbans.amxx] [Amxbans] Статус запроса: 
L 07/02/2011 - 22:47:14: [amxbans.amxx] [Amxbans] Запрос провален!
L 07/02/2011 - 22:47:14: [amxbans.amxx] [Amxbans] Ошибка, адрес: 18
L 07/02/2011 - 22:47:14: [amxbans.amxx] [Amxbans] Сообщение: You have an error in your SQL syntax; check the manual that corresponds to your MySQL server version for the right syntax to use near ''a' at line 1 (1064)
L 07/02/2011 - 22:47:14: [amxbans.amxx] [Amxbans] Статус запроса: 
L 07/02/2011 - 22:58:37: [amxbans.amxx] [Amxbans] Запрос провален!
L 07/02/2011 - 22:58:37: [amxbans.amxx] [Amxbans] Ошибка, адрес: 18
L 07/02/2011 - 22:58:37: [amxbans.amxx] [Amxbans] Сообщение: You have an error in your SQL syntax; check the manual that corresponds to your MySQL server version for the right syntax to use near ''Bantime expir' at line 1 (1064)
L 07/02/2011 - 22:58:37: [amxbans.amxx] [Amxbans] Статус запроса: 
L 07/02/2011 - 22:59:31: -------- Mapchange to zm_simple_b1 --------
L 07/02/2011 - 22:59:32: [admin_amxbans.amxx] Login: "Ipse [Str,RUS]<1113><STEAM_0:4:1828499147><>" became an admin (account "Ipse [Str,RUS]") (access "at") (address "46.191.165.112")
L 07/02/2011 - 22:59:32: [admin_amxbans.amxx] Login: "Dumka<1089><STEAM_0:0:1236438227><>" became an admin (account "172.23.65.13") (access "abcdefghijklmnopqrsu") (address "172.23.65.13")
L 07/02/2011 - 22:59:32: [admin_amxbans.amxx] Login: "Masyanya  |[BBS]|<1095><STEAM_0:4:1417253489><>" became an admin (account "Masyanya  |[BBS]|") (access "at") (address "91.198.175.1")
L 07/02/2011 - 22:59:33: [amxbans.amxx] [AMXBANS] AMXBans 5.0 подключен
L 07/02/2011 - 22:59:36: [amxbans.amxx] [Amxbans] Запрос провален!
L 07/02/2011 - 22:59:36: [amxbans.amxx] [Amxbans] Ошибка, адрес: 18
L 07/02/2011 - 22:59:36: [amxbans.amxx] [Amxbans] Сообщение: You have an error in your SQL syntax; check the manual that corresponds to your MySQL server version for the right syntax to use near ''a' at line 1 (1064)
L 07/02/2011 - 22:59:36: [amxbans.amxx] [Amxbans] Статус запроса: 
L 07/02/2011 - 22:59:36: [amxbans.amxx] [Amxbans] Запрос провален!
L 07/02/2011 - 22:59:36: [amxbans.amxx] [Amxbans] Ошибка, адрес: 18
L 07/02/2011 - 22:59:36: [amxbans.amxx] [Amxbans] Сообщение: You have an error in your SQL syntax; check the manual that corresponds to your MySQL server version for the right syntax to use near ''Bantime expir' at line 1 (1064)
L 07/02/2011 - 22:59:37: [amxbans.amxx] [Amxbans] Статус запроса: 
L 07/02/2011 - 22:59:53: [admin_amxbans.amxx] Login: "Masyanya  |[BBS]|<1127><STEAM_0:4:1417253489><>" became an admin (account "Masyanya  |[BBS]|") (access "at") (address "91.198.175.1")
L 07/02/2011 - 23:01:38: [amxbans.amxx] [Amxbans] Запрос провален!
L 07/02/2011 - 23:01:38: [amxbans.amxx] [Amxbans] Ошибка, адрес: 18
L 07/02/2011 - 23:01:38: [amxbans.amxx] [Amxbans] Сообщение: You have an error in your SQL syntax; check the manual that corresponds to your MySQL server version for the right syntax to use near ''Bantime expir' at line 1 (1064)
L 07/02/2011 - 23:01:38: [amxbans.amxx] [Amxbans] Статус запроса: 
L 07/02/2011 - 23:04:22: [amxbans.amxx] [Amxbans] Запрос провален!
L 07/02/2011 - 23:04:22: [amxbans.amxx] [Amxbans] Ошибка, адрес: 18
L 07/02/2011 - 23:04:22: [amxbans.amxx] [Amxbans] Сообщение: You have an error in your SQL syntax; check the manual that corresponds to your MySQL server version for the right syntax to use near ''Bantime expir' at line 1 (1064)
L 07/02/2011 - 23:04:22: [amxbans.amxx] [Amxbans] Статус запроса: 
L 07/02/2011 - 23:10:22: [admin_amxbans.amxx] Login: "Masyanya  |[BBS]|<1133><STEAM_0:4:1417253489><>" became an admin (account "Masyanya  |[BBS]|") (access "at") (address "91.198.175.1")
L 07/02/2011 - 23:18:10: [amxbans.amxx] [Amxbans] Запрос провален!
L 07/02/2011 - 23:18:10: [amxbans.amxx] [Amxbans] Ошибка, адрес: 18
L 07/02/2011 - 23:18:10: [amxbans.amxx] [Amxbans] Сообщение: You have an error in your SQL syntax; check the manual that corresponds to your MySQL server version for the right syntax to use near ''Bantime expir' at line 1 (1064)
L 07/02/2011 - 23:18:10: [amxbans.amxx] [Amxbans] Статус запроса: 
L 07/02/2011 - 23:20:00: -------- Mapchange to zm_303 --------
L 07/02/2011 - 23:20:01: [admin_amxbans.amxx] Login: "Masyanya  |[BBS]|<1133><STEAM_0:4:1417253489><>" became an admin (account "Masyanya  |[BBS]|") (access "at") (address "91.198.175.1")
L 07/02/2011 - 23:20:01: [admin_amxbans.amxx] Login: "Ipse [Str,RUS]<1113><STEAM_0:4:1828499147><>" became an admin (account "Ipse [Str,RUS]") (access "at") (address "46.191.165.112")
L 07/02/2011 - 23:20:02: [amxbans.amxx] [AMXBANS] AMXBans 5.0 подключен
L 07/02/2011 - 23:20:05: [amxbans.amxx] [Amxbans] Запрос провален!
L 07/02/2011 - 23:20:05: [amxbans.amxx] [Amxbans] Ошибка, адрес: 18
L 07/02/2011 - 23:20:05: [amxbans.amxx] [Amxbans] Сообщение: You have an error in your SQL syntax; check the manual that corresponds to your MySQL server version for the right syntax to use near ''a' at line 1 (1064)
L 07/02/2011 - 23:20:05: [amxbans.amxx] [Amxbans] Статус запроса: 
L 07/02/2011 - 23:20:05: [amxbans.amxx] [Amxbans] Запрос провален!
L 07/02/2011 - 23:20:05: [amxbans.amxx] [Amxbans] Ошибка, адрес: 18
L 07/02/2011 - 23:20:05: [amxbans.amxx] [Amxbans] Сообщение: You have an error in your SQL syntax; check the manual that corresponds to your MySQL server version for the right syntax to use near ''Bantime expir' at line 1 (1064)
L 07/02/2011 - 23:20:05: [amxbans.amxx] [Amxbans] Статус запроса: 
L 07/02/2011 - 23:21:35: [admin_amxbans.amxx] Login: "Lenusjka<1142><STEAM_0:4:1429483121><>" became an admin (account "Lenusjka") (access "at") (address "91.190.52.3")
L 07/02/2011 - 23:32:38: [amxbans.amxx] [Amxbans] Запрос провален!
L 07/02/2011 - 23:32:38: [amxbans.amxx] [Amxbans] Ошибка, адрес: 18
L 07/02/2011 - 23:32:38: [amxbans.amxx] [Amxbans] Сообщение: You have an error in your SQL syntax; check the manual that corresponds to your MySQL server version for the right syntax to use near ''Bantime expir' at line 1 (1064)
L 07/02/2011 - 23:32:38: [amxbans.amxx] [Amxbans] Статус запроса: 
L 07/02/2011 - 23:38:55: [amxbans.amxx] [Amxbans] Запрос провален!
L 07/02/2011 - 23:38:55: [amxbans.amxx] [Amxbans] Ошибка, адрес: 18
L 07/02/2011 - 23:38:55: [amxbans.amxx] [Amxbans] Сообщение: You have an error in your SQL syntax; check the manual that corresponds to your MySQL server version for the right syntax to use near ''Bantime expir' at line 1 (1064)
L 07/02/2011 - 23:38:55: [amxbans.amxx] [Amxbans] Статус запроса: 
L 07/02/2011 - 23:40:06: [admin_amxbans.amxx] Login: "Dumka<1160><STEAM_0:0:1236438227><>" became an admin (account "172.23.65.13") (access "abcdefghijklmnopqrsu") (address "172.23.65.13")
L 07/02/2011 - 23:40:23: -------- Mapchange to zm_army --------
L 07/02/2011 - 23:40:24: [admin_amxbans.amxx] Login: "pro.BaD_HeaD---AKEM[cl]<1158><STEAM_0:4:533501809><>" kicked due to invalid password (account "pro.BaD_HeaD---AKEM[cl]") (address "91.204.197.150")
L 07/02/2011 - 23:40:24: [admin_amxbans.amxx] Login: "Dumka<1160><STEAM_0:0:1236438227><>" became an admin (account "172.23.65.13") (access "abcdefghijklmnopqrsu") (address "172.23.65.13")
L 07/02/2011 - 23:40:24: [admin_amxbans.amxx] Login: "Lenusjka<1142><STEAM_0:4:1429483121><>" became an admin (account "Lenusjka") (access "at") (address "91.190.52.3")
L 07/02/2011 - 23:40:24: [admin_amxbans.amxx] Login: "Masyanya  |[BBS]|<1133><STEAM_0:4:1417253489><>" became an admin (account "Masyanya  |[BBS]|") (access "at") (address "91.198.175.1")
L 07/02/2011 - 23:40:25: [amxbans.amxx] [AMXBANS] AMXBans 5.0 подключен
L 07/02/2011 - 23:40:30: [amxbans.amxx] [Amxbans] Запрос провален!
L 07/02/2011 - 23:40:30: [amxbans.amxx] [Amxbans] Ошибка, адрес: 18
L 07/02/2011 - 23:40:30: [amxbans.amxx] [Amxbans] Сообщение: You have an error in your SQL syntax; check the manual that corresponds to your MySQL server version for the right syntax to use near ''a' at line 1 (1064)
L 07/02/2011 - 23:40:30: [amxbans.amxx] [Amxbans] Статус запроса: 
L 07/02/2011 - 23:40:30: [admin_amxbans.amxx] Login: "Masyanya  |[BBS]|<1162><STEAM_0:4:1417253489><>" became an admin (account "Masyanya  |[BBS]|") (access "at") (address "91.198.175.1")
L 07/02/2011 - 23:40:34: [admin_amxbans.amxx] Login: "PRO(KENT IGRAET DMB OO7 SPB)<1163><STEAM_0:0:689630666><>" became an admin (account "PRO(KENT IGRAET DMB OO7 SPB)") (access "at") (address "91.103.154.227")
L 07/02/2011 - 23:40:35: [admincmd.amxx] Cmd: "Dumka<1160><STEAM_0:0:1236438227><>" ask for players list
L 07/02/2011 - 23:40:38: [admin_amxbans.amxx] Login: "pro.BaD_HeaD---AKEM[cl]<1165><STEAM_0:4:533501809><>" kicked due to invalid password (account "pro.BaD_HeaD---AKEM[cl]") (address "91.204.197.150")
L 07/02/2011 - 23:40:58: [admin_amxbans.amxx] Login: "pro.BaD_HeaD---AKEM[cl]<1167><STEAM_0:4:533501809><>" kicked due to invalid password (account "pro.BaD_HeaD---AKEM[cl]") (address "91.204.197.150")
L 07/02/2011 - 23:41:08: [amxbans.amxx] [Amxbans] Запрос провален!
L 07/02/2011 - 23:41:08: [amxbans.amxx] [Amxbans] Ошибка, адрес: 18
L 07/02/2011 - 23:41:08: [amxbans.amxx] [Amxbans] Сообщение: You have an error in your SQL syntax; check the manual that corresponds to your MySQL server version for the right syntax to use near ''a' at line 1 (1064)
L 07/02/2011 - 23:41:08: [amxbans.amxx] [Amxbans] Статус запроса: 
L 07/02/2011 - 23:41:13: [admin_amxbans.amxx] Login: "pro.BaD_HeaD---AKEM[cl]<1169><STEAM_0:4:533501809><>" kicked due to invalid password (account "pro.BaD_HeaD---AKEM[cl]") (address "91.204.197.150")
L 07/02/2011 - 23:41:21: [admin_amxbans.amxx] Login: "pro.BaD_HeaD---AKEM[cl]<1170><STEAM_0:4:533501809><>" kicked due to invalid password (account "pro.BaD_HeaD---AKEM[cl]") (address "91.204.197.150")
L 07/02/2011 - 23:41:34: [admin_amxbans.amxx] Login: "Dumka<1171><STEAM_0:0:1236438227><>" became an admin (account "172.23.65.13") (access "abcdefghijklmnopqrsu") (address "172.23.65.13")
L 07/02/2011 - 23:41:37: [admin_amxbans.amxx] Login: "pro.BaD_HeaD---AKEM[cl]<1172><STEAM_0:4:533501809><>" kicked due to invalid password (account "pro.BaD_HeaD---AKEM[cl]") (address "91.204.197.150")
L 07/02/2011 - 23:42:53: [admin_amxbans.amxx] Login: "pro.BaD_HeaD---AKEM[cl]<1173><STEAM_0:4:533501809><>" became an admin (account "pro.BaD_HeaD---AKEM[cl]") (access "at") (address "91.204.197.150")
L 07/02/2011 - 23:42:54: [amxbans.amxx] [Amxbans] Запрос провален!
L 07/02/2011 - 23:42:54: [amxbans.amxx] [Amxbans] Ошибка, адрес: 18
L 07/02/2011 - 23:42:54: [amxbans.amxx] [Amxbans] Сообщение: You have an error in your SQL syntax; check the manual that corresponds to your MySQL server version for the right syntax to use near ''Bantime expir' at line 1 (1064)
L 07/02/2011 - 23:42:54: [amxbans.amxx] [Amxbans] Статус запроса: 
L 07/02/2011 - 23:43:09: [admincmd.amxx] Cmd: "Dumka<1171><STEAM_0:0:1236438227><>" ask for players list
L 07/02/2011 - 23:52:31: [amxbans.amxx] [Amxbans] Запрос провален!
L 07/02/2011 - 23:52:31: [amxbans.amxx] [Amxbans] Ошибка, адрес: 18
L 07/02/2011 - 23:52:31: [amxbans.amxx] [Amxbans] Сообщение: You have an error in your SQL syntax; check the manual that corresponds to your MySQL server version for the right syntax to use near ''amx' at line 1 (1064)
L 07/02/2011 - 23:52:31: [amxbans.amxx] [Amxbans] Статус запроса: 
L 07/02/2011 - 23:53:08: [admincmd.amxx] Cmd: "Dumka<1171><STEAM_0:0:1236438227><>" slap with 1 damage "Dumka<1171><STEAM_0:0:1236438227><>"
