L 06/09/2011 - 00:00:22: [adminchat.amxx] Chat: "Mot9I<2298><STEAM_0:4:446327478><>" chat "JIagHo 9I Ha katopry noweJI)"
L 06/09/2011 - 00:00:31: [adminchat.amxx] Chat: "o_O<2293><STEAM_0:0:263411619><>" chat " o_O"
L 06/09/2011 - 00:00:44: [adminchat.amxx] Chat: "Mot9I<2298><STEAM_0:4:446327478><>" chat " Ha Mou Hegocepb c nJIa}I{kamu :D"
L 06/09/2011 - 00:00:52: [adminchat.amxx] Chat: "o_O<2293><STEAM_0:0:263411619><>" chat " :DD"
L 06/09/2011 - 00:00:57: [adminchat.amxx] Chat: "o_O<2293><STEAM_0:0:263411619><>" chat " cMoTpu Ha MeH9"
L 06/09/2011 - 00:01:00: [adminchat.amxx] Chat: "o_O<2293><STEAM_0:0:263411619><>" chat " HP"
L 06/09/2011 - 00:01:06: [adminchat.amxx] Chat: "Mot9I<2298><STEAM_0:4:446327478><>" chat " Ok"
L 06/09/2011 - 00:01:31: [adminchat.amxx] Chat: "o_O<2293><STEAM_0:0:263411619><>" chat " BugeJI?"
L 06/09/2011 - 00:01:39: [adminchat.amxx] Chat: "Mot9I<2298><STEAM_0:4:446327478><>" chat " tbI He vip)"
L 06/09/2011 - 00:01:45: [adminchat.amxx] Chat: "o_O<2293><STEAM_0:0:263411619><>" chat " He To"
L 06/09/2011 - 00:01:51: [adminchat.amxx] Chat: "Mot9I<2298><STEAM_0:4:446327478><>" chat " 100 hp"
L 06/09/2011 - 00:02:04: [adminchat.amxx] Chat: "Mot9I<2298><STEAM_0:4:446327478><>" chat " 9I Mot9i ????? O_O"
L 06/09/2011 - 00:02:42: [adminchat.amxx] Chat: "Mot9I<2298><STEAM_0:4:446327478><>" chat " Dum a 4ero 6poHu 50? ypoH y ZM yBeJIu4uJI?"
L 06/09/2011 - 00:02:52: [adminchat.amxx] Chat: "o_O<2293><STEAM_0:0:263411619><>" chat " no_fall_damage kapo4 )"
L 06/09/2011 - 00:03:07: [adminchat.amxx] Chat: "Mot9I<2298><STEAM_0:4:446327478><>" chat " mm)"
L 06/09/2011 - 00:03:25: [adminchat.amxx] Chat: "Mot9I<2298><STEAM_0:4:446327478><>" chat "Dum xowb Ha Mou CepB?)))"
L 06/09/2011 - 00:03:36: [adminchat.amxx] Chat: "o_O<2293><STEAM_0:0:263411619><>" chat " ip cka)I(u"
L 06/09/2011 - 00:03:58: [adminchat.amxx] Chat: "Mot9I<2298><STEAM_0:4:446327478><>" chat "A Hago? :D"
L 06/09/2011 - 00:04:09: [adminchat.amxx] Chat: "Mot9I<2298><STEAM_0:4:446327478><>" chat " Bot u mat"
L 06/09/2011 - 00:04:18: [adminchat.amxx] Chat: "o_O<2293><STEAM_0:0:263411619><>" chat " x3 TbI )I(e npegJIaraeIIIb :D"
L 06/09/2011 - 00:04:41: [adminchat.amxx] Chat: "Mot9I<2298><STEAM_0:4:446327478><>" chat "212.55.104.156:27015  Toka OH ce4ac OFF"
L 06/09/2011 - 00:05:23: [admin_amxbans.amxx] Login: "Ipse [Str,RUS]<2302><STEAM_0:4:1712842227><>" became an admin (account "Ipse [Str,RUS]") (access "at") (address "94.41.115.101")
L 06/09/2011 - 00:06:05: [adminchat.amxx] Chat: "Mot9I<2298><STEAM_0:4:446327478><>" chat " JIagHo 9I Ha CBou nougy.... Hago e6ofdust nomy4utb)"
L 06/09/2011 - 00:06:31: [adminchat.amxx] Chat: "o_O<2293><STEAM_0:0:263411619><>" chat " :DDDD"
L 06/09/2011 - 00:08:53: -------- Mapchange to zm_dust_brick_b1 --------
L 06/09/2011 - 00:08:54: [admin_amxbans.amxx] Login: "~Helena~<2299><STEAM_0:4:771772266><>" became an admin (account "~Helena~") (access "at") (address "109.124.92.245")
L 06/09/2011 - 00:08:54: [admin_amxbans.amxx] Login: "o_O<2293><STEAM_0:0:263411619><>" became an admin (account "172.23.65.13") (access "abcdefghijklmnopqrsu") (address "172.23.65.13")
L 06/09/2011 - 00:08:54: [admin_amxbans.amxx] Login: "Vik<2270><STEAM_0:4:80368362><>" became an admin (account "Vik") (access "at") (address "109.71.200.160")
L 06/09/2011 - 00:08:54: [admin_amxbans.amxx] Login: "VANDAL<2271><STEAM_0:0:31999920><>" became an admin (account "VANDAL") (access "at") (address "91.205.25.41")
L 06/09/2011 - 00:08:54: [admin_amxbans.amxx] Login: "Ipse [Str,RUS]<2302><STEAM_0:4:1712842227><>" became an admin (account "Ipse [Str,RUS]") (access "at") (address "94.41.115.101")
L 06/09/2011 - 00:08:54: [amxbans.amxx] [AMXBANS] AMXBans 5.0 подключен
L 06/09/2011 - 00:12:08: [admin_amxbans.amxx] Login: "~Helena~<2305><STEAM_0:4:771772266><>" became an admin (account "~Helena~") (access "at") (address "109.124.92.245")
L 06/09/2011 - 00:16:58: [voteban.amxx] Вотебан запустил Vik против hP? -Dunn0 . STEAM_0:1:17622184
L 06/09/2011 - 00:17:13: [voteban.amxx] [AMXX] The vote succeeded: STEAM_0:1:17622184 is banned for 60 minutes
L 06/09/2011 - 00:17:14: [amxbans.amxx]  Зомби сервер (x_x(O_o)x_x) Go Zombie !!!<0><><> забанил hP? -Dunn0 .<STEAM_0:1:17622184> на 1 час (60 минут). Причина: VIP->Vik.
L 06/09/2011 - 00:20:06: -------- Mapchange to zm_houses --------
L 06/09/2011 - 00:20:07: [admin_amxbans.amxx] Login: "~Helena~<2305><STEAM_0:4:771772266><>" became an admin (account "~Helena~") (access "at") (address "109.124.92.245")
L 06/09/2011 - 00:20:07: [admin_amxbans.amxx] Login: "Ipse [Str,RUS]<2302><STEAM_0:4:1712842227><>" became an admin (account "Ipse [Str,RUS]") (access "at") (address "94.41.115.101")
L 06/09/2011 - 00:20:07: [admin_amxbans.amxx] Login: "Vik<2270><STEAM_0:4:80368362><>" became an admin (account "Vik") (access "at") (address "109.71.200.160")
L 06/09/2011 - 00:20:07: [admin_amxbans.amxx] Login: "VANDAL<2271><STEAM_0:0:31999920><>" became an admin (account "VANDAL") (access "at") (address "91.205.25.41")
L 06/09/2011 - 00:20:08: [amxbans.amxx] [AMXBANS] AMXBans 5.0 подключен
L 06/09/2011 - 00:36:40: [admin_amxbans.amxx] Login: "Dimka<2314><STEAM_0:0:1236438227><>" became an admin (account "Dimka") (access "abcdefghijklmnopqrstu") (address "172.23.65.13")
L 06/09/2011 - 00:36:57: [mapsmenu.amxx] Cmd: "Dimka<2314><STEAM_0:0:1236438227><>" changelevel "zm_escapetrain"
L 06/09/2011 - 00:36:59: -------- Mapchange to zm_escapetrain --------
L 06/09/2011 - 00:37:00: [admin_amxbans.amxx] Login: "Dimka<2314><STEAM_0:0:1236438227><>" became an admin (account "Dimka") (access "abcdefghijklmnopqrstu") (address "172.23.65.13")
L 06/09/2011 - 00:37:01: [amxbans.amxx] [AMXBANS] AMXBans 5.0 подключен
L 06/09/2011 - 00:41:46: [admin_amxbans.amxx] Login: "Dimka<2316><STEAM_0:0:1236438227><>" became an admin (account "Dimka") (access "abcdefghijklmnopqrstu") (address "172.23.65.13")
L 06/09/2011 - 00:41:57: [mapsmenu.amxx] Cmd: "Dimka<2316><STEAM_0:0:1236438227><>" changelevel "zm_escapetrain"
L 06/09/2011 - 00:41:59: -------- Mapchange to zm_escapetrain --------
L 06/09/2011 - 00:42:00: [admin_amxbans.amxx] Login: "Dimka<2316><STEAM_0:0:1236438227><>" became an admin (account "Dimka") (access "abcdefghijklmnopqrstu") (address "172.23.65.13")
L 06/09/2011 - 00:42:01: [amxbans.amxx] [AMXBANS] AMXBans 5.0 подключен
L 06/09/2011 - 00:45:12: [admin_amxbans.amxx] Login: "vk<2317><STEAM_0:4:307173098><>" became an admin (account "vk") (access "at") (address "109.207.194.141")
L 06/09/2011 - 00:52:14: -------- Mapchange to cs_estate --------
L 06/09/2011 - 00:52:17: [amxbans.amxx] [AMXBANS] AMXBans 5.0 подключен
L 06/09/2011 - 01:02:10: -------- Mapchange to cs_estate --------
L 06/09/2011 - 01:02:13: [amxbans.amxx] [AMXBANS] AMXBans 5.0 подключен
L 06/09/2011 - 01:07:52: [admin_amxbans.amxx] Login: "TaHbko<2333><STEAM_0:1:40319687><>" became an admin (account "TaHbko") (access "at") (address "109.191.137.38")
L 06/09/2011 - 01:14:41: -------- Mapchange to zm_south_escape_b2 --------
L 06/09/2011 - 01:14:42: [amxbans.amxx] [AMXBANS] AMXBans 5.0 подключен
L 06/09/2011 - 01:28:43: -------- Mapchange to 016_rmk --------
L 06/09/2011 - 01:28:45: [amxbans.amxx] [AMXBANS] AMXBans 5.0 подключен
L 06/09/2011 - 01:48:53: -------- Mapchange to cs_italy --------
L 06/09/2011 - 01:48:56: [amxbans.amxx] [AMXBANS] AMXBans 5.0 подключен
L 06/09/2011 - 01:51:54: -------- Mapchange to cs_estate --------
L 06/09/2011 - 01:51:57: [amxbans.amxx] [AMXBANS] AMXBans 5.0 подключен
L 06/09/2011 - 02:01:51: -------- Mapchange to cs_estate --------
L 06/09/2011 - 02:01:54: [amxbans.amxx] [AMXBANS] AMXBans 5.0 подключен
L 06/09/2011 - 02:10:14: -------- Mapchange to zm_dust_base_fin --------
L 06/09/2011 - 02:10:15: [amxbans.amxx] [AMXBANS] AMXBans 5.0 подключен
L 06/09/2011 - 02:13:14: -------- Mapchange to cs_estate --------
L 06/09/2011 - 02:13:17: [amxbans.amxx] [AMXBANS] AMXBans 5.0 подключен
L 06/09/2011 - 02:27:40: -------- Mapchange to cs_estate --------
L 06/09/2011 - 02:27:43: [amxbans.amxx] [AMXBANS] AMXBans 5.0 подключен
L 06/09/2011 - 02:37:36: -------- Mapchange to cs_estate --------
L 06/09/2011 - 02:37:39: [amxbans.amxx] [AMXBANS] AMXBans 5.0 подключен
L 06/09/2011 - 02:47:33: -------- Mapchange to cs_estate --------
L 06/09/2011 - 02:47:36: [amxbans.amxx] [AMXBANS] AMXBans 5.0 подключен
L 06/09/2011 - 02:57:29: -------- Mapchange to cs_estate --------
L 06/09/2011 - 02:57:32: [amxbans.amxx] [AMXBANS] AMXBans 5.0 подключен
L 06/09/2011 - 03:07:25: -------- Mapchange to cs_estate --------
L 06/09/2011 - 03:07:28: [amxbans.amxx] [AMXBANS] AMXBans 5.0 подключен
L 06/09/2011 - 03:17:22: -------- Mapchange to cs_estate --------
L 06/09/2011 - 03:17:25: [amxbans.amxx] [AMXBANS] AMXBans 5.0 подключен
L 06/09/2011 - 03:27:18: -------- Mapchange to cs_estate --------
L 06/09/2011 - 03:27:21: [amxbans.amxx] [AMXBANS] AMXBans 5.0 подключен
L 06/09/2011 - 03:37:14: -------- Mapchange to cs_estate --------
L 06/09/2011 - 03:37:17: [amxbans.amxx] [AMXBANS] AMXBans 5.0 подключен
L 06/09/2011 - 03:48:56: -------- Mapchange to cs_estate --------
L 06/09/2011 - 03:48:59: [amxbans.amxx] [AMXBANS] AMXBans 5.0 подключен
L 06/09/2011 - 03:58:42: -------- Mapchange to cs_estate --------
L 06/09/2011 - 03:58:45: [amxbans.amxx] [AMXBANS] AMXBans 5.0 подключен
L 06/09/2011 - 04:08:39: -------- Mapchange to cs_estate --------
L 06/09/2011 - 04:08:47: [amxbans.amxx] [AMXBANS] AMXBans 5.0 подключен
L 06/09/2011 - 04:17:55: [admin_amxbans.amxx] Login: "Dimka<2414><STEAM_0:0:1236438227><>" became an admin (account "Dimka") (access "abcdefghijklmnopqrstu") (address "172.23.65.13")
L 06/09/2011 - 04:18:17: [admincmd.amxx] Cmd: "Dimka<2414><STEAM_0:0:1236438227><>" ask for players list
L 06/09/2011 - 04:22:56: -------- Mapchange to zm_666_brick --------
L 06/09/2011 - 04:23:01: [amxbans.amxx] [AMXBANS] AMXBans 5.0 подключен
L 06/09/2011 - 04:26:00: -------- Mapchange to cs_estate --------
L 06/09/2011 - 04:26:08: [amxbans.amxx] [AMXBANS] AMXBans 5.0 подключен
L 06/09/2011 - 04:32:42: [admin_amxbans.amxx] Login: "TaHbko<2421><STEAM_0:1:40319687><>" became an admin (account "TaHbko") (access "at") (address "109.191.137.38")
L 06/09/2011 - 04:35:59: -------- Mapchange to zm_escapetrain --------
L 06/09/2011 - 04:36:05: [amxbans.amxx] [AMXBANS] AMXBans 5.0 подключен
L 06/09/2011 - 04:48:44: -------- Mapchange to zm_escapetrain --------
L 06/09/2011 - 04:48:49: [amxbans.amxx] [AMXBANS] AMXBans 5.0 подключен
L 06/09/2011 - 05:01:27: -------- Mapchange to zm_escapetrain --------
L 06/09/2011 - 05:01:29: [amxbans.amxx] [AMXBANS] AMXBans 5.0 подключен
L 06/09/2011 - 05:02:13: -------- Mapchange to 016_rmk --------
L 06/09/2011 - 05:02:15: -------- Mapchange to zm_army --------
L 06/09/2011 - 05:02:17: [amxbans.amxx] [AMXBANS] AMXBans 5.0 подключен
L 06/09/2011 - 05:05:16: -------- Mapchange to cs_estate --------
L 06/09/2011 - 05:05:19: [amxbans.amxx] [AMXBANS] AMXBans 5.0 подключен
L 06/09/2011 - 05:15:12: -------- Mapchange to cs_estate --------
L 06/09/2011 - 05:15:15: [amxbans.amxx] [AMXBANS] AMXBans 5.0 подключен
L 06/09/2011 - 05:25:09: -------- Mapchange to cs_estate --------
L 06/09/2011 - 05:25:12: [amxbans.amxx] [AMXBANS] AMXBans 5.0 подключен
L 06/09/2011 - 05:35:05: -------- Mapchange to cs_estate --------
L 06/09/2011 - 05:35:08: [amxbans.amxx] [AMXBANS] AMXBans 5.0 подключен
L 06/09/2011 - 05:45:01: -------- Mapchange to cs_estate --------
L 06/09/2011 - 05:45:05: [amxbans.amxx] [AMXBANS] AMXBans 5.0 подключен
L 06/09/2011 - 05:54:58: -------- Mapchange to cs_estate --------
L 06/09/2011 - 05:55:01: [amxbans.amxx] [AMXBANS] AMXBans 5.0 подключен
L 06/09/2011 - 06:04:54: -------- Mapchange to cs_estate --------
L 06/09/2011 - 06:04:57: [amxbans.amxx] [AMXBANS] AMXBans 5.0 подключен
L 06/09/2011 - 06:14:51: -------- Mapchange to cs_estate --------
L 06/09/2011 - 06:14:54: [amxbans.amxx] [AMXBANS] AMXBans 5.0 подключен
L 06/09/2011 - 06:24:47: -------- Mapchange to cs_estate --------
L 06/09/2011 - 06:24:50: [amxbans.amxx] [AMXBANS] AMXBans 5.0 подключен
L 06/09/2011 - 06:34:43: -------- Mapchange to cs_estate --------
L 06/09/2011 - 06:34:46: [amxbans.amxx] [AMXBANS] AMXBans 5.0 подключен
L 06/09/2011 - 06:44:40: -------- Mapchange to cs_estate --------
L 06/09/2011 - 06:44:43: [amxbans.amxx] [AMXBANS] AMXBans 5.0 подключен
L 06/09/2011 - 06:56:21: -------- Mapchange to cs_estate --------
L 06/09/2011 - 06:56:24: [amxbans.amxx] [AMXBANS] AMXBans 5.0 подключен
L 06/09/2011 - 07:06:58: -------- Mapchange to zm_fdust2x2 --------
L 06/09/2011 - 07:07:00: [amxbans.amxx] [AMXBANS] AMXBans 5.0 подключен
L 06/09/2011 - 07:33:31: -------- Mapchange to cs_estate --------
L 06/09/2011 - 07:33:35: [amxbans.amxx] [AMXBANS] AMXBans 5.0 подключен
L 06/09/2011 - 07:43:28: -------- Mapchange to cs_estate --------
L 06/09/2011 - 07:43:31: [amxbans.amxx] [AMXBANS] AMXBans 5.0 подключен
L 06/09/2011 - 07:56:24: -------- Mapchange to cs_estate --------
L 06/09/2011 - 07:56:27: [amxbans.amxx] [AMXBANS] AMXBans 5.0 подключен
L 06/09/2011 - 08:05:17: -------- Mapchange to zm_army --------
L 06/09/2011 - 08:05:19: [amxbans.amxx] [AMXBANS] AMXBans 5.0 подключен
L 06/09/2011 - 08:32:35: -------- Mapchange to zm_dwarf --------
L 06/09/2011 - 08:32:36: [amxbans.amxx] [AMXBANS] AMXBans 5.0 подключен
L 06/09/2011 - 08:54:20: -------- Mapchange to 016_rmk --------
L 06/09/2011 - 08:54:22: [amxbans.amxx] [AMXBANS] AMXBans 5.0 подключен
L 06/09/2011 - 09:02:57: [admin_amxbans.amxx] Login: "TaHbko<110><STEAM_0:1:40319687><>" became an admin (account "TaHbko") (access "at") (address "109.191.137.38")
L 06/09/2011 - 09:14:34: -------- Mapchange to zm_303 --------
L 06/09/2011 - 09:14:36: [amxbans.amxx] [AMXBANS] AMXBans 5.0 подключен
L 06/09/2011 - 09:34:44: -------- Mapchange to cs_office --------
L 06/09/2011 - 09:34:47: [amxbans.amxx] [AMXBANS] AMXBans 5.0 подключен
L 06/09/2011 - 09:44:31: [amxbans.amxx] [Amxbans] Запрос провален!
L 06/09/2011 - 09:44:31: [amxbans.amxx] [Amxbans] Ошибка, адрес: 18
L 06/09/2011 - 09:44:31: [amxbans.amxx] [Amxbans] Сообщение: You have an error in your SQL syntax; check the manual that corresponds to your MySQL server version for the right syntax to use near ''a' at line 1 (1064)
L 06/09/2011 - 09:44:31: [amxbans.amxx] [Amxbans] Статус запроса: 
L 06/09/2011 - 09:55:02: -------- Mapchange to zm_dust_brick_b1 --------
L 06/09/2011 - 09:55:03: [amxbans.amxx] [AMXBANS] AMXBans 5.0 подключен
L 06/09/2011 - 09:55:08: [amxbans.amxx] [Amxbans] Запрос провален!
L 06/09/2011 - 09:55:08: [amxbans.amxx] [Amxbans] Ошибка, адрес: 18
L 06/09/2011 - 09:55:08: [amxbans.amxx] [Amxbans] Сообщение: You have an error in your SQL syntax; check the manual that corresponds to your MySQL server version for the right syntax to use near ''a' at line 1 (1064)
L 06/09/2011 - 09:55:08: [amxbans.amxx] [Amxbans] Статус запроса: 
L 06/09/2011 - 10:01:19: [amxbans.amxx] [Amxbans] Запрос провален!
L 06/09/2011 - 10:01:19: [amxbans.amxx] [Amxbans] Ошибка, адрес: 18
L 06/09/2011 - 10:01:19: [amxbans.amxx] [Amxbans] Сообщение: You have an error in your SQL syntax; check the manual that corresponds to your MySQL server version for the right syntax to use near '' at line 1 (1064)
L 06/09/2011 - 10:01:19: [amxbans.amxx] [Amxbans] Статус запроса: 
L 06/09/2011 - 10:17:54: -------- Mapchange to de_dust --------
L 06/09/2011 - 10:17:57: [amxbans.amxx] [AMXBANS] AMXBans 5.0 подключен
L 06/09/2011 - 10:18:02: [amxbans.amxx] [Amxbans] Запрос провален!
L 06/09/2011 - 10:18:02: [amxbans.amxx] [Amxbans] Ошибка, адрес: 18
L 06/09/2011 - 10:18:02: [amxbans.amxx] [Amxbans] Сообщение: You have an error in your SQL syntax; check the manual that corresponds to your MySQL server version for the right syntax to use near ''a' at line 1 (1064)
L 06/09/2011 - 10:18:02: [amxbans.amxx] [Amxbans] Статус запроса: 
L 06/09/2011 - 10:25:09: [amxbans.amxx] [Amxbans] Запрос провален!
L 06/09/2011 - 10:25:09: [amxbans.amxx] [Amxbans] Ошибка, адрес: 18
L 06/09/2011 - 10:25:09: [amxbans.amxx] [Amxbans] Сообщение: You have an error in your SQL syntax; check the manual that corresponds to your MySQL server version for the right syntax to use near '' at line 1 (1064)
L 06/09/2011 - 10:25:09: [amxbans.amxx] [Amxbans] Статус запроса: 
L 06/09/2011 - 10:38:23: -------- Mapchange to zm_assault_snow --------
L 06/09/2011 - 10:38:25: [amxbans.amxx] [AMXBANS] AMXBans 5.0 подключен
L 06/09/2011 - 10:38:28: [amxbans.amxx] [Amxbans] Запрос провален!
L 06/09/2011 - 10:38:28: [amxbans.amxx] [Amxbans] Ошибка, адрес: 18
L 06/09/2011 - 10:38:28: [amxbans.amxx] [Amxbans] Сообщение: You have an error in your SQL syntax; check the manual that corresponds to your MySQL server version for the right syntax to use near ''a' at line 1 (1064)
L 06/09/2011 - 10:38:28: [amxbans.amxx] [Amxbans] Статус запроса: 
L 06/09/2011 - 11:01:30: -------- Mapchange to zm_dust_base_fin --------
L 06/09/2011 - 11:01:32: [amxbans.amxx] [AMXBANS] AMXBans 5.0 подключен
L 06/09/2011 - 11:01:36: [amxbans.amxx] [Amxbans] Запрос провален!
L 06/09/2011 - 11:01:36: [amxbans.amxx] [Amxbans] Ошибка, адрес: 18
L 06/09/2011 - 11:01:36: [amxbans.amxx] [Amxbans] Сообщение: You have an error in your SQL syntax; check the manual that corresponds to your MySQL server version for the right syntax to use near ''a' at line 1 (1064)
L 06/09/2011 - 11:01:36: [amxbans.amxx] [Amxbans] Статус запроса: 
L 06/09/2011 - 11:17:16: [amxbans.amxx] [Amxbans] Запрос провален!
L 06/09/2011 - 11:17:16: [amxbans.amxx] [Amxbans] Ошибка, адрес: 18
L 06/09/2011 - 11:17:16: [amxbans.amxx] [Amxbans] Сообщение: You have an error in your SQL syntax; check the manual that corresponds to your MySQL server version for the right syntax to use near '' at line 1 (1064)
L 06/09/2011 - 11:17:16: [amxbans.amxx] [Amxbans] Статус запроса: 
L 06/09/2011 - 11:18:24: [admin_amxbans.amxx] Login: "He6o<221><STEAM_0:4:1214550897><>" became an admin (account "He6o") (access "at") (address "91.196.149.57")
L 06/09/2011 - 11:23:52: -------- Mapchange to zm_neris --------
L 06/09/2011 - 11:23:53: [admin_amxbans.amxx] Login: "He6o<221><STEAM_0:4:1214550897><>" became an admin (account "He6o") (access "at") (address "91.196.149.57")
L 06/09/2011 - 11:23:54: [amxbans.amxx] [AMXBANS] AMXBans 5.0 подключен
L 06/09/2011 - 11:23:59: [amxbans.amxx] [Amxbans] Запрос провален!
L 06/09/2011 - 11:23:59: [amxbans.amxx] [Amxbans] Ошибка, адрес: 18
L 06/09/2011 - 11:23:59: [amxbans.amxx] [Amxbans] Сообщение: You have an error in your SQL syntax; check the manual that corresponds to your MySQL server version for the right syntax to use near '' at line 1 (1064)
L 06/09/2011 - 11:23:59: [amxbans.amxx] [Amxbans] Статус запроса: 
L 06/09/2011 - 11:24:00: [amxbans.amxx] [Amxbans] Запрос провален!
L 06/09/2011 - 11:24:00: [amxbans.amxx] [Amxbans] Ошибка, адрес: 18
L 06/09/2011 - 11:24:00: [amxbans.amxx] [Amxbans] Сообщение: You have an error in your SQL syntax; check the manual that corresponds to your MySQL server version for the right syntax to use near '' at line 1 (1064)
L 06/09/2011 - 11:24:00: [amxbans.amxx] [Amxbans] Статус запроса: 
L 06/09/2011 - 11:44:29: -------- Mapchange to zm_army --------
L 06/09/2011 - 11:44:30: [admin_amxbans.amxx] Login: "He6o<221><STEAM_0:4:1214550897><>" became an admin (account "He6o") (access "at") (address "91.196.149.57")
L 06/09/2011 - 11:44:31: [amxbans.amxx] [AMXBANS] AMXBans 5.0 подключен
L 06/09/2011 - 11:49:49: [admin_amxbans.amxx] Login: "VANDAL<240><STEAM_0:0:31999920><>" became an admin (account "VANDAL") (access "at") (address "91.205.25.41")
L 06/09/2011 - 11:51:09: [admin_amxbans.amxx] Login: "Euforia<242><STEAM_0:0:1235555515><>" became an admin (account "Euforia") (access "at") (address "188.123.245.19")
L 06/09/2011 - 12:05:02: -------- Mapchange to zm_fdust2x2 --------
L 06/09/2011 - 12:05:04: [admin_amxbans.amxx] Login: "Euforia<242><STEAM_0:0:1235555515><>" became an admin (account "Euforia") (access "at") (address "188.123.245.19")
L 06/09/2011 - 12:05:04: [admin_amxbans.amxx] Login: "VANDAL<240><STEAM_0:0:31999920><>" became an admin (account "VANDAL") (access "at") (address "91.205.25.41")
L 06/09/2011 - 12:05:04: [admin_amxbans.amxx] Login: "He6o<221><STEAM_0:4:1214550897><>" became an admin (account "He6o") (access "at") (address "91.196.149.57")
L 06/09/2011 - 12:05:04: [amxbans.amxx] [AMXBANS] AMXBans 5.0 подключен
L 06/09/2011 - 12:17:45: [amxbans.amxx] [Amxbans] Запрос провален!
L 06/09/2011 - 12:17:45: [amxbans.amxx] [Amxbans] Ошибка, адрес: 18
L 06/09/2011 - 12:17:45: [amxbans.amxx] [Amxbans] Сообщение: You have an error in your SQL syntax; check the manual that corresponds to your MySQL server version for the right syntax to use near ''Bantime ex' at line 1 (1064)
L 06/09/2011 - 12:17:45: [amxbans.amxx] [Amxbans] Статус запроса: 
L 06/09/2011 - 12:23:06: [voteban.amxx] Вотебан запустил He6o против f@|nT STEAM_0:0:2041245368
L 06/09/2011 - 12:23:21: [voteban.amxx] [AMXX] The vote succeeded: STEAM_0:0:2041245368 is banned for 60 minutes
L 06/09/2011 - 12:23:22: [amxbans.amxx]  Зомби сервер (x_x(O_o)x_x) Go Zombie !!!<0><><> забанил f@|nT<STEAM_0:0:2041245368> на 1 час (60 минут). Причина: VIP->He6o.
L 06/09/2011 - 12:26:42: -------- Mapchange to cs_italy --------
L 06/09/2011 - 12:26:45: [admin_amxbans.amxx] Login: "VANDAL<240><STEAM_0:0:31999920><>" became an admin (account "VANDAL") (access "at") (address "91.205.25.41")
L 06/09/2011 - 12:26:45: [admin_amxbans.amxx] Login: "He6o<221><STEAM_0:4:1214550897><>" became an admin (account "He6o") (access "at") (address "91.196.149.57")
L 06/09/2011 - 12:26:46: [amxbans.amxx] [AMXBANS] AMXBans 5.0 подключен
L 06/09/2011 - 12:26:50: [amxbans.amxx] [Amxbans] Запрос провален!
L 06/09/2011 - 12:26:50: [amxbans.amxx] [Amxbans] Ошибка, адрес: 18
L 06/09/2011 - 12:26:50: [amxbans.amxx] [Amxbans] Сообщение: You have an error in your SQL syntax; check the manual that corresponds to your MySQL server version for the right syntax to use near ''Bantime ex' at line 1 (1064)
L 06/09/2011 - 12:26:50: [amxbans.amxx] [Amxbans] Статус запроса: 
L 06/09/2011 - 12:47:48: -------- Mapchange to 016_rmk --------
L 06/09/2011 - 12:47:50: [amxbans.amxx] [AMXBANS] AMXBans 5.0 подключен
L 06/09/2011 - 12:47:53: [amxbans.amxx] [Amxbans] Запрос провален!
L 06/09/2011 - 12:47:53: [amxbans.amxx] [Amxbans] Ошибка, адрес: 18
L 06/09/2011 - 12:47:53: [amxbans.amxx] [Amxbans] Сообщение: You have an error in your SQL syntax; check the manual that corresponds to your MySQL server version for the right syntax to use near ''Bantime ex' at line 1 (1064)
L 06/09/2011 - 12:47:53: [amxbans.amxx] [Amxbans] Статус запроса: 
L 06/09/2011 - 12:50:39: [admin_amxbans.amxx] Login: "Euforia<273><STEAM_0:0:1235555515><>" became an admin (account "Euforia") (access "at") (address "188.123.245.19")
L 06/09/2011 - 13:01:12: [amxbans.amxx] [Amxbans] Запрос провален!
L 06/09/2011 - 13:01:12: [amxbans.amxx] [Amxbans] Ошибка, адрес: 18
L 06/09/2011 - 13:01:12: [amxbans.amxx] [Amxbans] Сообщение: You have an error in your SQL syntax; check the manual that corresponds to your MySQL server version for the right syntax to use near ''a' at line 1 (1064)
L 06/09/2011 - 13:01:12: [amxbans.amxx] [Amxbans] Статус запроса: 
L 06/09/2011 - 13:09:21: -------- Mapchange to cs_militia --------
L 06/09/2011 - 13:09:29: [amxbans.amxx] [AMXBANS] AMXBans 5.0 подключен
L 06/09/2011 - 13:09:33: [amxbans.amxx] [Amxbans] Запрос провален!
L 06/09/2011 - 13:09:33: [amxbans.amxx] [Amxbans] Ошибка, адрес: 18
L 06/09/2011 - 13:09:33: [amxbans.amxx] [Amxbans] Сообщение: You have an error in your SQL syntax; check the manual that corresponds to your MySQL server version for the right syntax to use near ''Bantime ex' at line 1 (1064)
L 06/09/2011 - 13:09:33: [amxbans.amxx] [Amxbans] Статус запроса: 
L 06/09/2011 - 13:09:33: [amxbans.amxx] [Amxbans] Запрос провален!
L 06/09/2011 - 13:09:33: [amxbans.amxx] [Amxbans] Ошибка, адрес: 18
L 06/09/2011 - 13:09:33: [amxbans.amxx] [Amxbans] Сообщение: You have an error in your SQL syntax; check the manual that corresponds to your MySQL server version for the right syntax to use near ''a' at line 1 (1064)
L 06/09/2011 - 13:09:33: [amxbans.amxx] [Amxbans] Статус запроса: 
L 06/09/2011 - 13:11:06: [amxbans.amxx] [Amxbans] Запрос провален!
L 06/09/2011 - 13:11:06: [amxbans.amxx] [Amxbans] Ошибка, адрес: 18
L 06/09/2011 - 13:11:06: [amxbans.amxx] [Amxbans] Сообщение: You have an error in your SQL syntax; check the manual that corresponds to your MySQL server version for the right syntax to use near ''amxban' at line 1 (1064)
L 06/09/2011 - 13:11:06: [amxbans.amxx] [Amxbans] Статус запроса: 
L 06/09/2011 - 13:29:52: -------- Mapchange to de_dust --------
L 06/09/2011 - 13:29:55: [amxbans.amxx] [AMXBANS] AMXBans 5.0 подключен
L 06/09/2011 - 13:29:59: [amxbans.amxx] [Amxbans] Запрос провален!
L 06/09/2011 - 13:29:59: [amxbans.amxx] [Amxbans] Ошибка, адрес: 18
L 06/09/2011 - 13:29:59: [amxbans.amxx] [Amxbans] Сообщение: You have an error in your SQL syntax; check the manual that corresponds to your MySQL server version for the right syntax to use near ''a' at line 1 (1064)
L 06/09/2011 - 13:29:59: [amxbans.amxx] [Amxbans] Статус запроса: 
L 06/09/2011 - 13:30:00: [amxbans.amxx] [Amxbans] Запрос провален!
L 06/09/2011 - 13:30:00: [amxbans.amxx] [Amxbans] Ошибка, адрес: 18
L 06/09/2011 - 13:30:00: [amxbans.amxx] [Amxbans] Сообщение: You have an error in your SQL syntax; check the manual that corresponds to your MySQL server version for the right syntax to use near ''amxban' at line 1 (1064)
L 06/09/2011 - 13:30:00: [amxbans.amxx] [Amxbans] Статус запроса: 
L 06/09/2011 - 13:39:09: [admin_amxbans.amxx] Login: "VANDAL<316><STEAM_0:0:31999920><>" became an admin (account "VANDAL") (access "at") (address "91.205.25.41")
L 06/09/2011 - 13:52:51: -------- Mapchange to zm_666_brick --------
L 06/09/2011 - 13:52:53: [admin_amxbans.amxx] Login: "VANDAL<316><STEAM_0:0:31999920><>" became an admin (account "VANDAL") (access "at") (address "91.205.25.41")
L 06/09/2011 - 13:52:53: [amxbans.amxx] [AMXBANS] AMXBans 5.0 подключен
L 06/09/2011 - 13:52:59: [amxbans.amxx] [Amxbans] Запрос провален!
L 06/09/2011 - 13:52:59: [amxbans.amxx] [Amxbans] Ошибка, адрес: 18
L 06/09/2011 - 13:52:59: [amxbans.amxx] [Amxbans] Сообщение: You have an error in your SQL syntax; check the manual that corresponds to your MySQL server version for the right syntax to use near ''a' at line 1 (1064)
L 06/09/2011 - 13:52:59: [amxbans.amxx] [Amxbans] Статус запроса: 
L 06/09/2011 - 13:52:59: [amxbans.amxx] [Amxbans] Запрос провален!
L 06/09/2011 - 13:52:59: [amxbans.amxx] [Amxbans] Ошибка, адрес: 18
L 06/09/2011 - 13:52:59: [amxbans.amxx] [Amxbans] Сообщение: You have an error in your SQL syntax; check the manual that corresponds to your MySQL server version for the right syntax to use near ''amxban' at line 1 (1064)
L 06/09/2011 - 13:52:59: [amxbans.amxx] [Amxbans] Статус запроса: 
L 06/09/2011 - 13:57:19: [amxbans.amxx] [Amxbans] Запрос провален!
L 06/09/2011 - 13:57:19: [amxbans.amxx] [Amxbans] Ошибка, адрес: 18
L 06/09/2011 - 13:57:19: [amxbans.amxx] [Amxbans] Сообщение: You have an error in your SQL syntax; check the manual that corresponds to your MySQL server version for the right syntax to use near '' at line 1 (1064)
L 06/09/2011 - 13:57:19: [amxbans.amxx] [Amxbans] Статус запроса: 
L 06/09/2011 - 14:01:55: [admin_amxbans.amxx] Login: "He6o<359><STEAM_0:4:1214550897><>" became an admin (account "He6o") (access "at") (address "91.196.149.57")
L 06/09/2011 - 14:13:08: -------- Mapchange to zm_303 --------
L 06/09/2011 - 14:13:09: [admin_amxbans.amxx] Login: "VANDAL<316><STEAM_0:0:31999920><>" became an admin (account "VANDAL") (access "at") (address "91.205.25.41")
L 06/09/2011 - 14:13:10: [admin_amxbans.amxx] Login: "He6o<359><STEAM_0:4:1214550897><>" became an admin (account "He6o") (access "at") (address "91.196.149.57")
L 06/09/2011 - 14:13:10: [amxbans.amxx] [AMXBANS] AMXBans 5.0 подключен
L 06/09/2011 - 14:33:46: -------- Mapchange to cs_office --------
L 06/09/2011 - 14:33:48: [admin_amxbans.amxx] Login: "VANDAL<316><STEAM_0:0:31999920><>" became an admin (account "VANDAL") (access "at") (address "91.205.25.41")
L 06/09/2011 - 14:33:48: [admin_amxbans.amxx] Login: "He6o<359><STEAM_0:4:1214550897><>" became an admin (account "He6o") (access "at") (address "91.196.149.57")
L 06/09/2011 - 14:33:49: [amxbans.amxx] [AMXBANS] AMXBans 5.0 подключен
L 06/09/2011 - 14:38:03: [admin_amxbans.amxx] Login: "Euforia<388><STEAM_0:0:1235555515><>" became an admin (account "Euforia") (access "at") (address "188.123.245.19")
L 06/09/2011 - 14:39:10: [amxbans.amxx] [Amxbans] Запрос провален!
L 06/09/2011 - 14:39:10: [amxbans.amxx] [Amxbans] Ошибка, адрес: 18
L 06/09/2011 - 14:39:10: [amxbans.amxx] [Amxbans] Сообщение: You have an error in your SQL syntax; check the manual that corresponds to your MySQL server version for the right syntax to use near ''a' at line 1 (1064)
L 06/09/2011 - 14:39:10: [amxbans.amxx] [Amxbans] Статус запроса: 
L 06/09/2011 - 14:42:01: [amxbans.amxx] [Amxbans] Запрос провален!
L 06/09/2011 - 14:42:01: [amxbans.amxx] [Amxbans] Ошибка, адрес: 18
L 06/09/2011 - 14:42:01: [amxbans.amxx] [Amxbans] Сообщение: You have an error in your SQL syntax; check the manual that corresponds to your MySQL server version for the right syntax to use near ''amxban' at line 1 (1064)
L 06/09/2011 - 14:42:01: [amxbans.amxx] [Amxbans] Статус запроса: 
L 06/09/2011 - 14:49:56: [voteban.amxx] Вотебан запустил Euforia против cccr 2 STEAM_0:0:274801185
L 06/09/2011 - 14:50:11: [voteban.amxx] [AMXX] The vote succeeded: STEAM_0:0:274801185 is banned for 60 minutes
L 06/09/2011 - 14:50:12: [amxbans.amxx]  Зомби сервер (x_x(O_o)x_x) Go Zombie !!!<0><><> забанил cccr 2<STEAM_0:0:274801185> на 1 час (60 минут). Причина: VIP->Euforia.
L 06/09/2011 - 14:54:14: -------- Mapchange to zm_army --------
L 06/09/2011 - 14:54:15: [admin_amxbans.amxx] Login: "He6o<359><STEAM_0:4:1214550897><>" became an admin (account "He6o") (access "at") (address "91.196.149.57")
L 06/09/2011 - 14:54:15: [admin_amxbans.amxx] Login: "Euforia<388><STEAM_0:0:1235555515><>" became an admin (account "Euforia") (access "at") (address "188.123.245.19")
L 06/09/2011 - 14:54:16: [amxbans.amxx] [AMXBANS] AMXBans 5.0 подключен
L 06/09/2011 - 14:54:22: [amxbans.amxx] [Amxbans] Запрос провален!
L 06/09/2011 - 14:54:22: [amxbans.amxx] [Amxbans] Ошибка, адрес: 18
L 06/09/2011 - 14:54:22: [amxbans.amxx] [Amxbans] Сообщение: You have an error in your SQL syntax; check the manual that corresponds to your MySQL server version for the right syntax to use near ''a' at line 1 (1064)
L 06/09/2011 - 14:54:22: [amxbans.amxx] [Amxbans] Статус запроса: 
L 06/09/2011 - 14:54:22: [amxbans.amxx] [Amxbans] Запрос провален!
L 06/09/2011 - 14:54:22: [amxbans.amxx] [Amxbans] Ошибка, адрес: 18
L 06/09/2011 - 14:54:22: [amxbans.amxx] [Amxbans] Сообщение: You have an error in your SQL syntax; check the manual that corresponds to your MySQL server version for the right syntax to use near ''amxban' at line 1 (1064)
L 06/09/2011 - 14:54:22: [amxbans.amxx] [Amxbans] Статус запроса: 
L 06/09/2011 - 14:54:23: [amxbans.amxx] [Amxbans] Запрос провален!
L 06/09/2011 - 14:54:23: [amxbans.amxx] [Amxbans] Ошибка, адрес: 18
L 06/09/2011 - 14:54:23: [amxbans.amxx] [Amxbans] Сообщение: You have an error in your SQL syntax; check the manual that corresponds to your MySQL server version for the right syntax to use near ''amxban' at line 1 (1064)
L 06/09/2011 - 14:54:23: [amxbans.amxx] [Amxbans] Статус запроса: 
L 06/09/2011 - 15:01:44: [admin_amxbans.amxx] Login: "Euforia<415><STEAM_0:0:1235555515><>" became an admin (account "Euforia") (access "at") (address "188.123.245.19")
L 06/09/2011 - 15:01:49: [admin_amxbans.amxx] Login: "Euforia<416><STEAM_0:0:1235555515><>" became an admin (account "Euforia") (access "at") (address "188.123.245.19")
L 06/09/2011 - 15:04:12: [voteban.amxx] Вотебан запустил Euforia против i kill you zomdi STEAM_0:4:2140942193
L 06/09/2011 - 15:04:27: [voteban.amxx] [AMXX] The vote succeeded: STEAM_0:4:2140942193 is banned for 60 minutes
L 06/09/2011 - 15:04:28: [amxbans.amxx]  Зомби сервер (x_x(O_o)x_x) Go Zombie !!!<0><><> забанил i kill you zomdi<STEAM_0:4:2140942193> на 1 час (60 минут). Причина: VIP->Euforia.
L 06/09/2011 - 15:06:21: [admin_amxbans.amxx] Login: "Vik<423><STEAM_0:4:1162400490><>" became an admin (account "Vik") (access "at") (address "109.71.205.35")
L 06/09/2011 - 15:07:31: [amxbans.amxx] [Amxbans] Запрос провален!
L 06/09/2011 - 15:07:31: [amxbans.amxx] [Amxbans] Ошибка, адрес: 18
L 06/09/2011 - 15:07:31: [amxbans.amxx] [Amxbans] Сообщение: You have an error in your SQL syntax; check the manual that corresponds to your MySQL server version for the right syntax to use near '' at line 1 (1064)
L 06/09/2011 - 15:07:31: [amxbans.amxx] [Amxbans] Статус запроса: 
L 06/09/2011 - 15:15:54: [admin_amxbans.amxx] Login: "VANDAL<430><STEAM_0:0:31999920><>" became an admin (account "VANDAL") (access "at") (address "91.205.25.41")
L 06/09/2011 - 15:16:18: [amxbans.amxx] [Amxbans] Запрос провален!
L 06/09/2011 - 15:16:18: [amxbans.amxx] [Amxbans] Ошибка, адрес: 18
L 06/09/2011 - 15:16:18: [amxbans.amxx] [Amxbans] Сообщение: You have an error in your SQL syntax; check the manual that corresponds to your MySQL server version for the right syntax to use near ''amxban' at line 1 (1064)
L 06/09/2011 - 15:16:18: [amxbans.amxx] [Amxbans] Статус запроса: 
L 06/09/2011 - 15:16:54: -------- Mapchange to zm_dust_brick_b1 --------
L 06/09/2011 - 15:16:55: [admin_amxbans.amxx] Login: "VANDAL<430><STEAM_0:0:31999920><>" became an admin (account "VANDAL") (access "at") (address "91.205.25.41")
L 06/09/2011 - 15:16:55: [admin_amxbans.amxx] Login: "He6o<359><STEAM_0:4:1214550897><>" became an admin (account "He6o") (access "at") (address "91.196.149.57")
L 06/09/2011 - 15:16:56: [amxbans.amxx] [AMXBANS] AMXBans 5.0 подключен
L 06/09/2011 - 15:17:01: [amxbans.amxx] [Amxbans] Запрос провален!
L 06/09/2011 - 15:17:01: [amxbans.amxx] [Amxbans] Ошибка, адрес: 18
L 06/09/2011 - 15:17:01: [amxbans.amxx] [Amxbans] Сообщение: You have an error in your SQL syntax; check the manual that corresponds to your MySQL server version for the right syntax to use near '' at line 1 (1064)
L 06/09/2011 - 15:17:01: [amxbans.amxx] [Amxbans] Статус запроса: 
L 06/09/2011 - 15:17:01: [amxbans.amxx] [Amxbans] Запрос провален!
L 06/09/2011 - 15:17:01: [amxbans.amxx] [Amxbans] Ошибка, адрес: 18
L 06/09/2011 - 15:17:01: [amxbans.amxx] [Amxbans] Сообщение: You have an error in your SQL syntax; check the manual that corresponds to your MySQL server version for the right syntax to use near ''amxban' at line 1 (1064)
L 06/09/2011 - 15:17:01: [amxbans.amxx] [Amxbans] Статус запроса: 
L 06/09/2011 - 15:20:38: [amxbans.amxx] [Amxbans] Запрос провален!
L 06/09/2011 - 15:20:38: [amxbans.amxx] [Amxbans] Ошибка, адрес: 18
L 06/09/2011 - 15:20:38: [amxbans.amxx] [Amxbans] Сообщение: You have an error in your SQL syntax; check the manual that corresponds to your MySQL server version for the right syntax to use near '' at line 1 (1064)
L 06/09/2011 - 15:20:38: [amxbans.amxx] [Amxbans] Статус запроса: 
L 06/09/2011 - 15:22:50: [admin_amxbans.amxx] Login: "Euforia<442><STEAM_0:0:1235555515><>" became an admin (account "Euforia") (access "at") (address "188.123.245.19")
L 06/09/2011 - 15:27:04: [admin_amxbans.amxx] Login: "VANDAL<448><STEAM_0:0:31999920><>" became an admin (account "VANDAL") (access "at") (address "91.205.25.41")
L 06/09/2011 - 15:34:20: [admin_amxbans.amxx] Login: "RatatuI'Ka*<458><STEAM_0:4:1841901954><>" became an admin (account "188.129.206.114") (access "at") (address "188.129.206.114")
L 06/09/2011 - 15:37:56: -------- Mapchange to zm_fdust2x2 --------
L 06/09/2011 - 15:37:57: [admin_amxbans.amxx] Login: "He6o<359><STEAM_0:4:1214550897><>" became an admin (account "He6o") (access "at") (address "91.196.149.57")
L 06/09/2011 - 15:37:57: [admin_amxbans.amxx] Login: "RatatuI'Ka*<458><STEAM_0:4:1841901954><>" became an admin (account "188.129.206.114") (access "at") (address "188.129.206.114")
L 06/09/2011 - 15:37:58: [amxbans.amxx] [AMXBANS] AMXBans 5.0 подключен
L 06/09/2011 - 15:38:04: [amxbans.amxx] [Amxbans] Запрос провален!
L 06/09/2011 - 15:38:04: [amxbans.amxx] [Amxbans] Ошибка, адрес: 18
L 06/09/2011 - 15:38:04: [amxbans.amxx] [Amxbans] Сообщение: You have an error in your SQL syntax; check the manual that corresponds to your MySQL server version for the right syntax to use near ''amxban' at line 1 (1064)
L 06/09/2011 - 15:38:04: [amxbans.amxx] [Amxbans] Статус запроса: 
L 06/09/2011 - 15:40:11: [admin_amxbans.amxx] Login: "TaHbko<470><STEAM_0:1:40319687><>" became an admin (account "TaHbko") (access "at") (address "109.191.140.42")
L 06/09/2011 - 15:41:49: [admin_amxbans.amxx] Login: "TaHbko<472><STEAM_0:1:40319687><>" became an admin (account "TaHbko") (access "at") (address "109.191.140.42")
L 06/09/2011 - 15:57:41: [voteban.amxx] Вотебан запустил He6o против |X|phe0niX STEAM_0:4:1271353335
L 06/09/2011 - 15:57:56: [voteban.amxx] [AMXX] The vote succeeded: STEAM_0:4:1271353335 is banned for 60 minutes
L 06/09/2011 - 15:57:57: [amxbans.amxx]  Зомби сервер (x_x(O_o)x_x) Go Zombie !!!<0><><> забанил |X|phe0niX<STEAM_0:4:1271353335> на 1 час (60 минут). Причина: VIP->He6o.
L 06/09/2011 - 15:58:53: [admin_amxbans.amxx] Login: "RatatuI'Ka*<489><STEAM_0:4:1841901954><>" became an admin (account "188.129.206.114") (access "at") (address "188.129.206.114")
L 06/09/2011 - 16:00:44: [admin_amxbans.amxx] Login: "VANDAL<491><STEAM_0:0:31999920><>" became an admin (account "VANDAL") (access "at") (address "91.205.25.41")
L 06/09/2011 - 16:01:24: -------- Mapchange to zm_assault_snow --------
L 06/09/2011 - 16:01:26: [admin_amxbans.amxx] Login: "VANDAL<491><STEAM_0:0:31999920><>" became an admin (account "VANDAL") (access "at") (address "91.205.25.41")
L 06/09/2011 - 16:01:26: [admin_amxbans.amxx] Login: "He6o<359><STEAM_0:4:1214550897><>" became an admin (account "He6o") (access "at") (address "91.196.149.57")
L 06/09/2011 - 16:01:26: [admin_amxbans.amxx] Login: "RatatuI'Ka*<489><STEAM_0:4:1841901954><>" became an admin (account "188.129.206.114") (access "at") (address "188.129.206.114")
L 06/09/2011 - 16:01:27: [amxbans.amxx] [AMXBANS] AMXBans 5.0 подключен
L 06/09/2011 - 16:01:57: [admin_amxbans.amxx] Login: "RatatuI'Ka*<497><STEAM_0:4:1841901954><>" became an admin (account "188.129.206.114") (access "at") (address "188.129.206.114")
L 06/09/2011 - 16:21:28: -------- Mapchange to zm_xata --------
L 06/09/2011 - 16:21:29: [admin_amxbans.amxx] Login: "VANDAL<491><STEAM_0:0:31999920><>" became an admin (account "VANDAL") (access "at") (address "91.205.25.41")
L 06/09/2011 - 16:21:29: [admin_amxbans.amxx] Login: "RatatuI'Ka*<497><STEAM_0:4:1841901954><>" became an admin (account "188.129.206.114") (access "at") (address "188.129.206.114")
L 06/09/2011 - 16:21:30: [amxbans.amxx] [AMXBANS] AMXBans 5.0 подключен
L 06/09/2011 - 16:43:37: -------- Mapchange to cs_italy --------
L 06/09/2011 - 16:43:40: [admin_amxbans.amxx] Login: "VANDAL<491><STEAM_0:0:31999920><>" became an admin (account "VANDAL") (access "at") (address "91.205.25.41")
L 06/09/2011 - 16:43:41: [amxbans.amxx] [AMXBANS] AMXBans 5.0 подключен
L 06/09/2011 - 17:06:53: -------- Mapchange to 016_rmk --------
L 06/09/2011 - 17:06:54: [admin_amxbans.amxx] Login: "VANDAL<491><STEAM_0:0:31999920><>" became an admin (account "VANDAL") (access "at") (address "91.205.25.41")
L 06/09/2011 - 17:06:55: [amxbans.amxx] [AMXBANS] AMXBans 5.0 подключен
L 06/09/2011 - 17:27:54: -------- Mapchange to de_dust --------
L 06/09/2011 - 17:27:58: [amxbans.amxx] [AMXBANS] AMXBans 5.0 подключен
L 06/09/2011 - 17:28:19: [amxbans.amxx] [Amxbans] Запрос провален!
L 06/09/2011 - 17:28:19: [amxbans.amxx] [Amxbans] Ошибка, адрес: 18
L 06/09/2011 - 17:28:19: [amxbans.amxx] [Amxbans] Сообщение: You have an error in your SQL syntax; check the manual that corresponds to your MySQL server version for the right syntax to use near ''a' at line 1 (1064)
L 06/09/2011 - 17:28:19: [amxbans.amxx] [Amxbans] Статус запроса: 
L 06/09/2011 - 17:28:52: [amxbans.amxx] [Amxbans] Запрос провален!
L 06/09/2011 - 17:28:52: [amxbans.amxx] [Amxbans] Ошибка, адрес: 18
L 06/09/2011 - 17:28:52: [amxbans.amxx] [Amxbans] Сообщение: You have an error in your SQL syntax; check the manual that corresponds to your MySQL server version for the right syntax to use near '' at line 1 (1064)
L 06/09/2011 - 17:28:52: [amxbans.amxx] [Amxbans] Статус запроса: 
L 06/09/2011 - 17:49:08: -------- Mapchange to cs_militia --------
L 06/09/2011 - 17:49:16: [amxbans.amxx] [AMXBANS] AMXBans 5.0 подключен
L 06/09/2011 - 17:49:20: [amxbans.amxx] [Amxbans] Запрос провален!
L 06/09/2011 - 17:49:20: [amxbans.amxx] [Amxbans] Ошибка, адрес: 18
L 06/09/2011 - 17:49:20: [amxbans.amxx] [Amxbans] Сообщение: You have an error in your SQL syntax; check the manual that corresponds to your MySQL server version for the right syntax to use near ''a' at line 1 (1064)
L 06/09/2011 - 17:49:20: [amxbans.amxx] [Amxbans] Статус запроса: 
L 06/09/2011 - 17:59:40: [admin_amxbans.amxx] Login: "Euforia<637><STEAM_0:0:1235555515><>" became an admin (account "Euforia") (access "at") (address "188.123.245.19")
L 06/09/2011 - 18:02:11: [amxbans.amxx] [Amxbans] Запрос провален!
L 06/09/2011 - 18:02:11: [amxbans.amxx] [Amxbans] Ошибка, адрес: 18
L 06/09/2011 - 18:02:11: [amxbans.amxx] [Amxbans] Сообщение: You have an error in your SQL syntax; check the manual that corresponds to your MySQL server version for the right syntax to use near '' at line 1 (1064)
L 06/09/2011 - 18:02:11: [amxbans.amxx] [Amxbans] Статус запроса: 
L 06/09/2011 - 18:10:21: [admin_amxbans.amxx] Login: "He6o<643><STEAM_0:4:1214550897><>" became an admin (account "He6o") (access "at") (address "91.196.149.57")
L 06/09/2011 - 18:10:42: [admin_amxbans.amxx] Login: "He6o<644><STEAM_0:4:1214550897><>" became an admin (account "He6o") (access "at") (address "91.196.149.57")
L 06/09/2011 - 18:11:12: -------- Mapchange to zm_666_brick --------
L 06/09/2011 - 18:11:14: [admin_amxbans.amxx] Login: "Euforia<637><STEAM_0:0:1235555515><>" became an admin (account "Euforia") (access "at") (address "188.123.245.19")
L 06/09/2011 - 18:11:14: [admin_amxbans.amxx] Login: "He6o<644><STEAM_0:4:1214550897><>" became an admin (account "He6o") (access "at") (address "91.196.149.57")
L 06/09/2011 - 18:11:14: [amxbans.amxx] [AMXBANS] AMXBans 5.0 подключен
L 06/09/2011 - 18:11:19: [amxbans.amxx] [Amxbans] Запрос провален!
L 06/09/2011 - 18:11:19: [amxbans.amxx] [Amxbans] Ошибка, адрес: 18
L 06/09/2011 - 18:11:19: [amxbans.amxx] [Amxbans] Сообщение: You have an error in your SQL syntax; check the manual that corresponds to your MySQL server version for the right syntax to use near '' at line 1 (1064)
L 06/09/2011 - 18:11:19: [amxbans.amxx] [Amxbans] Статус запроса: 
L 06/09/2011 - 18:32:38: -------- Mapchange to zm_army --------
L 06/09/2011 - 18:32:39: [admin_amxbans.amxx] Login: "He6o<644><STEAM_0:4:1214550897><>" became an admin (account "He6o") (access "at") (address "91.196.149.57")
L 06/09/2011 - 18:32:40: [amxbans.amxx] [AMXBANS] AMXBans 5.0 подключен
L 06/09/2011 - 18:54:16: -------- Mapchange to zm_dust_brick_b1 --------
L 06/09/2011 - 18:54:17: [admin_amxbans.amxx] Login: "He6o<644><STEAM_0:4:1214550897><>" became an admin (account "He6o") (access "at") (address "91.196.149.57")
L 06/09/2011 - 18:54:18: [amxbans.amxx] [AMXBANS] AMXBans 5.0 подключен
L 06/09/2011 - 18:56:35: [voteban.amxx] Вотебан запустил He6o против Pra(Killa^Gramm 52rus) STEAM_0:4:1345596778
L 06/09/2011 - 18:56:50: [voteban.amxx] [AMXX] The vote succeeded: STEAM_0:4:1345596778 is banned for 60 minutes
L 06/09/2011 - 18:56:51: [amxbans.amxx]  Зомби сервер (x_x(O_o)x_x) Go Zombie !!!<0><><> забанил Pra(Killa^Gramm 52rus)<STEAM_0:4:1345596778> на 1 час (60 минут). Причина: VIP->He6o.
L 06/09/2011 - 19:15:48: -------- Mapchange to zm_assault_snow --------
L 06/09/2011 - 19:15:49: [admin_amxbans.amxx] Login: "He6o<644><STEAM_0:4:1214550897><>" became an admin (account "He6o") (access "at") (address "91.196.149.57")
L 06/09/2011 - 19:15:50: [amxbans.amxx] [AMXBANS] AMXBans 5.0 подключен
L 06/09/2011 - 19:22:31: [voteban.amxx] Вотебан запустил He6o против OFF STEAM_0:4:630362225
L 06/09/2011 - 19:22:46: [voteban.amxx] [AMXX] The vote succeeded: STEAM_0:4:630362225 is banned for 60 minutes
L 06/09/2011 - 19:22:47: [amxbans.amxx]  Зомби сервер (x_x(O_o)x_x) Go Zombie !!!<0><><> забанил unknown_STEAM_0:4:630362225<STEAM_0:4:630362225> на 1 час (60 минут). Причина: VIP->He6o.
L 06/09/2011 - 19:27:30: [voteban.amxx] Вотебан запустил He6o против IIIyTKa STEAM_0:0:2141085395
L 06/09/2011 - 19:27:45: [voteban.amxx] [AMXX] The vote succeeded: STEAM_0:0:2141085395 is banned for 60 minutes
L 06/09/2011 - 19:27:46: [amxbans.amxx]  Зомби сервер (x_x(O_o)x_x) Go Zombie !!!<0><><> забанил IIIyTKa<STEAM_0:0:2141085395> на 1 час (60 минут). Причина: VIP->He6o.
L 06/09/2011 - 19:32:21: [admin_amxbans.amxx] Login: "Euforia<766><STEAM_0:0:1235555515><>" became an admin (account "Euforia") (access "at") (address "188.123.245.19")
L 06/09/2011 - 19:38:07: -------- Mapchange to zm_xata --------
L 06/09/2011 - 19:38:08: [admin_amxbans.amxx] Login: "Euforia<766><STEAM_0:0:1235555515><>" became an admin (account "Euforia") (access "at") (address "188.123.245.19")
L 06/09/2011 - 19:38:08: [amxbans.amxx] [AMXBANS] AMXBans 5.0 подключен
L 06/09/2011 - 19:59:16: -------- Mapchange to zm_fdust2x2 --------
L 06/09/2011 - 19:59:18: [amxbans.amxx] [AMXBANS] AMXBans 5.0 подключен
L 06/09/2011 - 19:59:41: [admin_amxbans.amxx] Login: "vk<809><STEAM_0:4:307173098><>" became an admin (account "vk") (access "at") (address "109.207.194.141")
L 06/09/2011 - 20:05:30: [admin_amxbans.amxx] Login: "vk<815><STEAM_0:4:307173098><>" became an admin (account "vk") (access "at") (address "109.207.194.141")
L 06/09/2011 - 20:06:03: [voteban.amxx] Вотебан запустил vk против Po1s.>On^ ak-47 STEAM_0:0:1696049848
L 06/09/2011 - 20:06:18: [voteban.amxx] [AMXX] The vote succeeded: STEAM_0:0:1696049848 is banned for 60 minutes
L 06/09/2011 - 20:06:19: [amxbans.amxx]  Зомби сервер (x_x(O_o)x_x) Go Zombie !!!<0><><> забанил Po1s.>On^ ak-47<STEAM_0:0:1696049848> на 1 час (60 минут). Причина: VIP->vk.
L 06/09/2011 - 20:09:22: [admin_amxbans.amxx] Login: "TaHbko<817><STEAM_0:1:40319687><>" became an admin (account "TaHbko") (access "at") (address "109.191.140.42")
L 06/09/2011 - 20:19:51: -------- Mapchange to 016_rmk --------
L 06/09/2011 - 20:19:52: [admin_amxbans.amxx] Login: "vk<815><STEAM_0:4:307173098><>" became an admin (account "vk") (access "at") (address "109.207.194.141")
L 06/09/2011 - 20:19:53: [amxbans.amxx] [AMXBANS] AMXBans 5.0 подключен
L 06/09/2011 - 20:42:15: -------- Mapchange to zm_desolation_house --------
L 06/09/2011 - 20:42:16: [admin_amxbans.amxx] Login: "vk<815><STEAM_0:4:307173098><>" became an admin (account "vk") (access "at") (address "109.207.194.141")
L 06/09/2011 - 20:42:17: [amxbans.amxx] [AMXBANS] AMXBans 5.0 подключен
L 06/09/2011 - 20:45:05: [amxbans.amxx] [Amxbans] Запрос провален!
L 06/09/2011 - 20:45:05: [amxbans.amxx] [Amxbans] Ошибка, адрес: 18
L 06/09/2011 - 20:45:05: [amxbans.amxx] [Amxbans] Сообщение: You have an error in your SQL syntax; check the manual that corresponds to your MySQL server version for the right syntax to use near ''a' at line 1 (1064)
L 06/09/2011 - 20:45:05: [amxbans.amxx] [Amxbans] Статус запроса: 
L 06/09/2011 - 20:51:46: [admin_amxbans.amxx] Login: "He6o<863><STEAM_0:4:1214550897><>" became an admin (account "He6o") (access "at") (address "91.196.149.57")
L 06/09/2011 - 20:54:28: [adminchat.amxx] Chat: "cccr 2<862><STEAM_0:0:274801185><>" chat " nazal knopku F11"
L 06/09/2011 - 20:56:29: [admin_amxbans.amxx] Login: "~Helena~<867><STEAM_0:4:486559594><>" became an admin (account "~Helena~") (access "at") (address "109.124.92.147")
L 06/09/2011 - 21:04:23: -------- Mapchange to zm_303 --------
L 06/09/2011 - 21:04:24: [admin_amxbans.amxx] Login: "~Helena~<867><STEAM_0:4:486559594><>" became an admin (account "~Helena~") (access "at") (address "109.124.92.147")
L 06/09/2011 - 21:04:24: [admin_amxbans.amxx] Login: "He6o<863><STEAM_0:4:1214550897><>" became an admin (account "He6o") (access "at") (address "91.196.149.57")
L 06/09/2011 - 21:04:25: [amxbans.amxx] [AMXBANS] AMXBans 5.0 подключен
L 06/09/2011 - 21:04:29: [amxbans.amxx] [Amxbans] Запрос провален!
L 06/09/2011 - 21:04:29: [amxbans.amxx] [Amxbans] Ошибка, адрес: 18
L 06/09/2011 - 21:04:29: [amxbans.amxx] [Amxbans] Сообщение: You have an error in your SQL syntax; check the manual that corresponds to your MySQL server version for the right syntax to use near ''a' at line 1 (1064)
L 06/09/2011 - 21:04:29: [amxbans.amxx] [Amxbans] Статус запроса: 
L 06/09/2011 - 21:08:07: [admin_amxbans.amxx] Login: "He6o<872><STEAM_0:4:1214550897><>" became an admin (account "He6o") (access "at") (address "91.196.149.57")
L 06/09/2011 - 21:08:26: [admin_amxbans.amxx] Login: "He6o<873><STEAM_0:4:1214550897><>" became an admin (account "He6o") (access "at") (address "91.196.149.57")
L 06/09/2011 - 21:11:34: [admin_amxbans.amxx] Login: "He6o<874><STEAM_0:4:1214550897><>" became an admin (account "He6o") (access "at") (address "91.196.149.57")
L 06/09/2011 - 21:11:58: [admin_amxbans.amxx] Login: "He6o<875><STEAM_0:4:1214550897><>" became an admin (account "He6o") (access "at") (address "91.196.149.57")
L 06/09/2011 - 21:14:23: [admin_amxbans.amxx] Login: "He6o<877><STEAM_0:4:1214550897><>" became an admin (account "He6o") (access "at") (address "91.196.149.57")
L 06/09/2011 - 21:17:37: [admin_amxbans.amxx] Login: "He6o<878><STEAM_0:4:1214550897><>" became an admin (account "He6o") (access "at") (address "91.196.149.57")
L 06/09/2011 - 21:25:34: -------- Mapchange to cs_militia --------
L 06/09/2011 - 21:25:40: [amxbans.amxx] [AMXBANS] AMXBans 5.0 подключен
L 06/09/2011 - 21:25:45: [amxbans.amxx] [Amxbans] Запрос провален!
L 06/09/2011 - 21:25:45: [amxbans.amxx] [Amxbans] Ошибка, адрес: 18
L 06/09/2011 - 21:25:45: [amxbans.amxx] [Amxbans] Сообщение: You have an error in your SQL syntax; check the manual that corresponds to your MySQL server version for the right syntax to use near ''a' at line 1 (1064)
L 06/09/2011 - 21:25:45: [amxbans.amxx] [Amxbans] Статус запроса: 
L 06/09/2011 - 21:25:51: [admin_amxbans.amxx] Login: "He6o<885><STEAM_0:4:1214550897><>" became an admin (account "He6o") (access "at") (address "91.196.149.57")
L 06/09/2011 - 21:28:30: [admin_amxbans.amxx] Login: "VANDAL<886><STEAM_0:0:31999920><>" became an admin (account "VANDAL") (access "at") (address "91.205.25.41")
L 06/09/2011 - 21:39:37: [amxbans.amxx] [Amxbans] Запрос провален!
L 06/09/2011 - 21:39:37: [amxbans.amxx] [Amxbans] Ошибка, адрес: 18
L 06/09/2011 - 21:39:37: [amxbans.amxx] [Amxbans] Сообщение: You have an error in your SQL syntax; check the manual that corresponds to your MySQL server version for the right syntax to use near ''amxban' at line 1 (1064)
L 06/09/2011 - 21:39:37: [amxbans.amxx] [Amxbans] Статус запроса: 
L 06/09/2011 - 21:40:18: [admin_amxbans.amxx] Login: "VANDAL<895><STEAM_0:0:31999920><>" became an admin (account "VANDAL") (access "at") (address "91.205.25.41")
L 06/09/2011 - 21:42:41: [admin_amxbans.amxx] Login: "vk<896><STEAM_0:4:307173098><>" became an admin (account "vk") (access "at") (address "109.207.194.141")
L 06/09/2011 - 21:48:24: -------- Mapchange to cs_office --------
L 06/09/2011 - 21:48:27: [admin_amxbans.amxx] Login: "vk<896><STEAM_0:4:307173098><>" became an admin (account "vk") (access "at") (address "109.207.194.141")
L 06/09/2011 - 21:48:27: [admin_amxbans.amxx] Login: "VANDAL<895><STEAM_0:0:31999920><>" became an admin (account "VANDAL") (access "at") (address "91.205.25.41")
L 06/09/2011 - 21:48:27: [admin_amxbans.amxx] Login: "He6o<885><STEAM_0:4:1214550897><>" became an admin (account "He6o") (access "at") (address "91.196.149.57")
L 06/09/2011 - 21:48:27: [amxbans.amxx] [AMXBANS] AMXBans 5.0 подключен
L 06/09/2011 - 21:48:33: [amxbans.amxx] [Amxbans] Запрос провален!
L 06/09/2011 - 21:48:33: [amxbans.amxx] [Amxbans] Ошибка, адрес: 18
L 06/09/2011 - 21:48:33: [amxbans.amxx] [Amxbans] Сообщение: You have an error in your SQL syntax; check the manual that corresponds to your MySQL server version for the right syntax to use near ''amxban' at line 1 (1064)
L 06/09/2011 - 21:48:33: [amxbans.amxx] [Amxbans] Статус запроса: 
L 06/09/2011 - 22:08:19: [admin_amxbans.amxx] Login: "vk<916><STEAM_0:4:307173098><>" became an admin (account "vk") (access "at") (address "109.207.194.141")
L 06/09/2011 - 22:08:47: -------- Mapchange to zm_army --------
L 06/09/2011 - 22:08:48: [admin_amxbans.amxx] Login: "vk<916><STEAM_0:4:307173098><>" became an admin (account "vk") (access "at") (address "109.207.194.141")
L 06/09/2011 - 22:08:48: [admin_amxbans.amxx] Login: "VANDAL<895><STEAM_0:0:31999920><>" became an admin (account "VANDAL") (access "at") (address "91.205.25.41")
L 06/09/2011 - 22:08:49: [amxbans.amxx] [AMXBANS] AMXBans 5.0 подключен
L 06/09/2011 - 22:08:54: [amxbans.amxx] [Amxbans] Запрос провален!
L 06/09/2011 - 22:08:54: [amxbans.amxx] [Amxbans] Ошибка, адрес: 18
L 06/09/2011 - 22:08:54: [amxbans.amxx] [Amxbans] Сообщение: You have an error in your SQL syntax; check the manual that corresponds to your MySQL server version for the right syntax to use near ''amxban' at line 1 (1064)
L 06/09/2011 - 22:08:54: [amxbans.amxx] [Amxbans] Статус запроса: 
L 06/09/2011 - 22:19:53: [voteban.amxx] Вотебан запустил vk против BlackSnakes STEAM_0:4:79770867
L 06/09/2011 - 22:20:08: [voteban.amxx] [AMXX] The vote succeeded: STEAM_0:4:79770867 is banned for 60 minutes
L 06/09/2011 - 22:20:09: [amxbans.amxx]  Зомби сервер (x_x(O_o)x_x) Go Zombie !!!<0><><> забанил BlackSnakes<STEAM_0:4:79770867> на 1 час (60 минут). Причина: VIP->vk.
L 06/09/2011 - 22:31:17: -------- Mapchange to de_dust --------
L 06/09/2011 - 22:31:20: [admin_amxbans.amxx] Login: "vk<916><STEAM_0:4:307173098><>" became an admin (account "vk") (access "at") (address "109.207.194.141")
L 06/09/2011 - 22:31:21: [admin_amxbans.amxx] Login: "VANDAL<895><STEAM_0:0:31999920><>" became an admin (account "VANDAL") (access "at") (address "91.205.25.41")
L 06/09/2011 - 22:31:21: [amxbans.amxx] [AMXBANS] AMXBans 5.0 подключен
L 06/09/2011 - 22:35:54: [amxbans.amxx] [Amxbans] Запрос провален!
L 06/09/2011 - 22:35:54: [amxbans.amxx] [Amxbans] Ошибка, адрес: 18
L 06/09/2011 - 22:35:54: [amxbans.amxx] [Amxbans] Сообщение: You have an error in your SQL syntax; check the manual that corresponds to your MySQL server version for the right syntax to use near ''amxban' at line 1 (1064)
L 06/09/2011 - 22:35:54: [amxbans.amxx] [Amxbans] Статус запроса: 
L 06/09/2011 - 22:39:41: [voteban.amxx] Вотебан запустил VANDAL против white dragon STEAM_0:4:155753349
L 06/09/2011 - 22:39:56: [voteban.amxx] [AMXX] The vote succeeded: STEAM_0:4:155753349 is banned for 60 minutes
L 06/09/2011 - 22:39:57: [amxbans.amxx]  Зомби сервер (x_x(O_o)x_x) Go Zombie !!!<0><><> забанил white dragon<STEAM_0:4:155753349> на 1 час (60 минут). Причина: VIP->VANDAL.
L 06/09/2011 - 22:40:53: [amxbans.amxx] [Amxbans] Запрос провален!
L 06/09/2011 - 22:40:53: [amxbans.amxx] [Amxbans] Ошибка, адрес: 18
L 06/09/2011 - 22:40:53: [amxbans.amxx] [Amxbans] Сообщение: You have an error in your SQL syntax; check the manual that corresponds to your MySQL server version for the right syntax to use near ''amxban' at line 1 (1064)
L 06/09/2011 - 22:40:53: [amxbans.amxx] [Amxbans] Статус запроса: 
L 06/09/2011 - 22:42:42: [admin_amxbans.amxx] Login: ".::T9o::.<962><STEAM_0:0:1836044300><>" became an admin (account ".::T9o::.") (access "abcdefgijmopqtu") (address "78.37.216.85")
L 06/09/2011 - 22:43:24: [plmenu.amxx] Kick: ".::T9o::.<962><STEAM_0:0:1836044300><>" kick "cccr 2<871><STEAM_0:0:274801185><>"
L 06/09/2011 - 22:45:38: [plmenu.amxx] Kick: ".::T9o::.<962><STEAM_0:0:1836044300><>" kick "mr.Figof<930><STEAM_0:0:554703027><>"
L 06/09/2011 - 22:52:16: -------- Mapchange to zm_666_brick --------
L 06/09/2011 - 22:52:17: [admin_amxbans.amxx] Login: "vk<916><STEAM_0:4:307173098><>" became an admin (account "vk") (access "at") (address "109.207.194.141")
L 06/09/2011 - 22:52:17: [admin_amxbans.amxx] Login: "VANDAL<895><STEAM_0:0:31999920><>" became an admin (account "VANDAL") (access "at") (address "91.205.25.41")
L 06/09/2011 - 22:52:17: [admin_amxbans.amxx] Login: ".::T9o::.<962><STEAM_0:0:1836044300><>" became an admin (account ".::T9o::.") (access "abcdefgijmopqtu") (address "78.37.216.85")
L 06/09/2011 - 22:52:18: [amxbans.amxx] [AMXBANS] AMXBans 5.0 подключен
L 06/09/2011 - 22:52:24: [amxbans.amxx] [Amxbans] Запрос провален!
L 06/09/2011 - 22:52:24: [amxbans.amxx] [Amxbans] Ошибка, адрес: 18
L 06/09/2011 - 22:52:24: [amxbans.amxx] [Amxbans] Сообщение: You have an error in your SQL syntax; check the manual that corresponds to your MySQL server version for the right syntax to use near ''amxban' at line 1 (1064)
L 06/09/2011 - 22:52:24: [amxbans.amxx] [Amxbans] Статус запроса: 
L 06/09/2011 - 22:52:31: [admin_amxbans.amxx] Login: "VANDAL<978><STEAM_0:0:31999920><>" became an admin (account "VANDAL") (access "at") (address "91.205.25.41")
L 06/09/2011 - 22:52:32: [amxbans.amxx] [Amxbans] Запрос провален!
L 06/09/2011 - 22:52:32: [amxbans.amxx] [Amxbans] Ошибка, адрес: 18
L 06/09/2011 - 22:52:32: [amxbans.amxx] [Amxbans] Сообщение: You have an error in your SQL syntax; check the manual that corresponds to your MySQL server version for the right syntax to use near ''amxban' at line 1 (1064)
L 06/09/2011 - 22:52:32: [amxbans.amxx] [Amxbans] Статус запроса: 
L 06/09/2011 - 22:52:46: [admin_amxbans.amxx] Login: "TaHbko<979><STEAM_0:1:40319687><>" became an admin (account "TaHbko") (access "at") (address "109.191.140.42")
L 06/09/2011 - 22:52:50: [admin_amxbans.amxx] Login: "TaHbko<980><STEAM_0:1:40319687><>" became an admin (account "TaHbko") (access "at") (address "109.191.140.42")
L 06/09/2011 - 22:58:57: [plmenu.amxx] Cmd: ".::T9o::.<962><STEAM_0:0:1836044300><>" slap with 0 damage "Hz<977><STEAM_0:4:209825265><>"
L 06/09/2011 - 22:58:57: [plmenu.amxx] Cmd: ".::T9o::.<962><STEAM_0:0:1836044300><>" slap with 0 damage "Hz<977><STEAM_0:4:209825265><>"
L 06/09/2011 - 22:58:57: [plmenu.amxx] Cmd: ".::T9o::.<962><STEAM_0:0:1836044300><>" slap with 0 damage "Hz<977><STEAM_0:4:209825265><>"
L 06/09/2011 - 22:58:58: [plmenu.amxx] Cmd: ".::T9o::.<962><STEAM_0:0:1836044300><>" slap with 0 damage "Hz<977><STEAM_0:4:209825265><>"
L 06/09/2011 - 22:58:58: [plmenu.amxx] Cmd: ".::T9o::.<962><STEAM_0:0:1836044300><>" slap with 0 damage "Hz<977><STEAM_0:4:209825265><>"
L 06/09/2011 - 22:58:58: [plmenu.amxx] Cmd: ".::T9o::.<962><STEAM_0:0:1836044300><>" slap with 0 damage "Hz<977><STEAM_0:4:209825265><>"
L 06/09/2011 - 22:58:58: [plmenu.amxx] Cmd: ".::T9o::.<962><STEAM_0:0:1836044300><>" slap with 0 damage "Hz<977><STEAM_0:4:209825265><>"
L 06/09/2011 - 22:58:58: [plmenu.amxx] Cmd: ".::T9o::.<962><STEAM_0:0:1836044300><>" slap with 0 damage "Hz<977><STEAM_0:4:209825265><>"
L 06/09/2011 - 22:58:59: [plmenu.amxx] Cmd: ".::T9o::.<962><STEAM_0:0:1836044300><>" slap with 0 damage "Hz<977><STEAM_0:4:209825265><>"
L 06/09/2011 - 22:58:59: [plmenu.amxx] Cmd: ".::T9o::.<962><STEAM_0:0:1836044300><>" slap with 0 damage "Hz<977><STEAM_0:4:209825265><>"
L 06/09/2011 - 22:58:59: [plmenu.amxx] Cmd: ".::T9o::.<962><STEAM_0:0:1836044300><>" slap with 0 damage "Hz<977><STEAM_0:4:209825265><>"
L 06/09/2011 - 22:58:59: [plmenu.amxx] Cmd: ".::T9o::.<962><STEAM_0:0:1836044300><>" slap with 0 damage "Hz<977><STEAM_0:4:209825265><>"
L 06/09/2011 - 22:58:59: [plmenu.amxx] Cmd: ".::T9o::.<962><STEAM_0:0:1836044300><>" slap with 0 damage "Hz<977><STEAM_0:4:209825265><>"
L 06/09/2011 - 22:58:59: [plmenu.amxx] Cmd: ".::T9o::.<962><STEAM_0:0:1836044300><>" slap with 0 damage "Hz<977><STEAM_0:4:209825265><>"
L 06/09/2011 - 22:59:00: [plmenu.amxx] Cmd: ".::T9o::.<962><STEAM_0:0:1836044300><>" slap with 0 damage "Hz<977><STEAM_0:4:209825265><>"
L 06/09/2011 - 22:59:00: [plmenu.amxx] Cmd: ".::T9o::.<962><STEAM_0:0:1836044300><>" slap with 0 damage "Hz<977><STEAM_0:4:209825265><>"
L 06/09/2011 - 22:59:00: [plmenu.amxx] Cmd: ".::T9o::.<962><STEAM_0:0:1836044300><>" slap with 0 damage "Hz<977><STEAM_0:4:209825265><>"
L 06/09/2011 - 22:59:00: [plmenu.amxx] Cmd: ".::T9o::.<962><STEAM_0:0:1836044300><>" slap with 0 damage "Hz<977><STEAM_0:4:209825265><>"
L 06/09/2011 - 22:59:00: [plmenu.amxx] Cmd: ".::T9o::.<962><STEAM_0:0:1836044300><>" slap with 0 damage "Hz<977><STEAM_0:4:209825265><>"
L 06/09/2011 - 22:59:00: [plmenu.amxx] Cmd: ".::T9o::.<962><STEAM_0:0:1836044300><>" slap with 0 damage "Hz<977><STEAM_0:4:209825265><>"
L 06/09/2011 - 22:59:00: [plmenu.amxx] Cmd: ".::T9o::.<962><STEAM_0:0:1836044300><>" slap with 0 damage "Hz<977><STEAM_0:4:209825265><>"
L 06/09/2011 - 22:59:00: [plmenu.amxx] Cmd: ".::T9o::.<962><STEAM_0:0:1836044300><>" slap with 0 damage "Hz<977><STEAM_0:4:209825265><>"
L 06/09/2011 - 23:01:19: [amxbans.amxx] .::T9o::.<962><STEAM_0:0:1836044300><TERRORIST> забанил [Killers for noobs] LaGgEr<STEAM_0:0:2100305293> на 1 час (60 минут). Причина: Mat.
L 06/09/2011 - 23:05:48: [plmenu.amxx] Cmd: ".::T9o::.<962><STEAM_0:0:1836044300><>" transfer ".::T9o::.<962><STEAM_0:0:1836044300><>" (team "TERRORIST")
L 06/09/2011 - 23:15:03: -------- Mapchange to zm_dwarf --------
L 06/09/2011 - 23:15:05: [admin_amxbans.amxx] Login: "TaHbko<980><STEAM_0:1:40319687><>" became an admin (account "TaHbko") (access "at") (address "109.191.140.42")
L 06/09/2011 - 23:15:05: [admin_amxbans.amxx] Login: "VANDAL<978><STEAM_0:0:31999920><>" became an admin (account "VANDAL") (access "at") (address "91.205.25.41")
L 06/09/2011 - 23:15:05: [admin_amxbans.amxx] Login: ".::T9o::.<962><STEAM_0:0:1836044300><>" became an admin (account ".::T9o::.") (access "abcdefgijmopqtu") (address "78.37.216.85")
L 06/09/2011 - 23:15:05: [amxbans.amxx] [AMXBANS] AMXBans 5.0 подключен
L 06/09/2011 - 23:15:21: [admin_amxbans.amxx] Login: "VANDAL<1004><STEAM_0:0:31999920><>" became an admin (account "VANDAL") (access "at") (address "91.205.25.41")
L 06/09/2011 - 23:15:22: [admin_amxbans.amxx] Login: "TaHbko<1005><STEAM_0:1:40319687><>" became an admin (account "TaHbko") (access "at") (address "109.191.140.42")
L 06/09/2011 - 23:15:30: [admin_amxbans.amxx] Login: "TaHbko<1009><STEAM_0:1:40319687><>" became an admin (account "TaHbko") (access "at") (address "109.191.140.42")
L 06/09/2011 - 23:37:54: -------- Mapchange to cs_italy --------
L 06/09/2011 - 23:37:57: [admin_amxbans.amxx] Login: ".::T9o::.<962><STEAM_0:0:1836044300><>" became an admin (account ".::T9o::.") (access "abcdefgijmopqtu") (address "78.37.216.85")
L 06/09/2011 - 23:37:58: [amxbans.amxx] [AMXBANS] AMXBans 5.0 подключен
L 06/09/2011 - 23:58:17: -------- Mapchange to zm_dust_base_fin --------
L 06/09/2011 - 23:58:19: [amxbans.amxx] [AMXBANS] AMXBans 5.0 подключен
