L 09/05/2011 - 00:03:34: -------- Mapchange to zm_666_brick --------
L 09/05/2011 - 00:03:35: [admin_amxbans.amxx] Login: "Dimka<1023><STEAM_0:0:1236438227><>" became an admin (account "Dimka") (access "abcdefghijklmnopqrstu") (address "172.23.65.13")
L 09/05/2011 - 00:03:35: [admin_amxbans.amxx] Login: "Lenusjka<1076><STEAM_0:4:1429483121><>" became an admin (account "Lenusjka") (access "et") (address "91.190.52.3")
L 09/05/2011 - 00:03:35: [admin_amxbans.amxx] Login: "Dimka<1023><STEAM_0:0:1236438227><>" became an admin (account "Dimka") (access "abcdefghijklmnopqrstu") (address "172.23.65.13")
L 09/05/2011 - 00:03:36: [amxbans.amxx] [AMXBANS] AMXBans 5.0 подключен
L 09/05/2011 - 00:09:05: [plmenu.amxx] Cmd: "Dimka<1023><STEAM_0:0:1236438227><>" slap with 0 damage "PRO(KENT IGRAET DMB OO7 SPB)<1035><STEAM_0:0:689630666><>"
L 09/05/2011 - 00:09:05: [plmenu.amxx] Cmd: "Dimka<1023><STEAM_0:0:1236438227><>" slap with 0 damage "PRO(KENT IGRAET DMB OO7 SPB)<1035><STEAM_0:0:689630666><>"
L 09/05/2011 - 00:09:05: [plmenu.amxx] Cmd: "Dimka<1023><STEAM_0:0:1236438227><>" slap with 0 damage "PRO(KENT IGRAET DMB OO7 SPB)<1035><STEAM_0:0:689630666><>"
L 09/05/2011 - 00:09:06: [plmenu.amxx] Cmd: "Dimka<1023><STEAM_0:0:1236438227><>" slap with 0 damage "PRO(KENT IGRAET DMB OO7 SPB)<1035><STEAM_0:0:689630666><>"
L 09/05/2011 - 00:09:06: [plmenu.amxx] Cmd: "Dimka<1023><STEAM_0:0:1236438227><>" slap with 0 damage "PRO(KENT IGRAET DMB OO7 SPB)<1035><STEAM_0:0:689630666><>"
L 09/05/2011 - 00:09:06: [plmenu.amxx] Cmd: "Dimka<1023><STEAM_0:0:1236438227><>" slap with 0 damage "PRO(KENT IGRAET DMB OO7 SPB)<1035><STEAM_0:0:689630666><>"
L 09/05/2011 - 00:09:06: [plmenu.amxx] Cmd: "Dimka<1023><STEAM_0:0:1236438227><>" slap with 0 damage "PRO(KENT IGRAET DMB OO7 SPB)<1035><STEAM_0:0:689630666><>"
L 09/05/2011 - 00:09:06: [plmenu.amxx] Cmd: "Dimka<1023><STEAM_0:0:1236438227><>" slap with 0 damage "PRO(KENT IGRAET DMB OO7 SPB)<1035><STEAM_0:0:689630666><>"
L 09/05/2011 - 00:09:07: [plmenu.amxx] Cmd: "Dimka<1023><STEAM_0:0:1236438227><>" slap with 0 damage "PRO(KENT IGRAET DMB OO7 SPB)<1035><STEAM_0:0:689630666><>"
L 09/05/2011 - 00:09:07: [plmenu.amxx] Cmd: "Dimka<1023><STEAM_0:0:1236438227><>" slap with 0 damage "PRO(KENT IGRAET DMB OO7 SPB)<1035><STEAM_0:0:689630666><>"
L 09/05/2011 - 00:09:07: [plmenu.amxx] Cmd: "Dimka<1023><STEAM_0:0:1236438227><>" slap with 0 damage "PRO(KENT IGRAET DMB OO7 SPB)<1035><STEAM_0:0:689630666><>"
L 09/05/2011 - 00:09:07: [plmenu.amxx] Cmd: "Dimka<1023><STEAM_0:0:1236438227><>" slap with 0 damage "PRO(KENT IGRAET DMB OO7 SPB)<1035><STEAM_0:0:689630666><>"
L 09/05/2011 - 00:09:07: [plmenu.amxx] Cmd: "Dimka<1023><STEAM_0:0:1236438227><>" slap with 0 damage "PRO(KENT IGRAET DMB OO7 SPB)<1035><STEAM_0:0:689630666><>"
L 09/05/2011 - 00:09:07: [plmenu.amxx] Cmd: "Dimka<1023><STEAM_0:0:1236438227><>" slap with 0 damage "PRO(KENT IGRAET DMB OO7 SPB)<1035><STEAM_0:0:689630666><>"
L 09/05/2011 - 00:09:07: [plmenu.amxx] Cmd: "Dimka<1023><STEAM_0:0:1236438227><>" slap with 0 damage "PRO(KENT IGRAET DMB OO7 SPB)<1035><STEAM_0:0:689630666><>"
L 09/05/2011 - 00:09:08: [plmenu.amxx] Cmd: "Dimka<1023><STEAM_0:0:1236438227><>" slap with 0 damage "PRO(KENT IGRAET DMB OO7 SPB)<1035><STEAM_0:0:689630666><>"
L 09/05/2011 - 00:09:08: [plmenu.amxx] Cmd: "Dimka<1023><STEAM_0:0:1236438227><>" slap with 0 damage "PRO(KENT IGRAET DMB OO7 SPB)<1035><STEAM_0:0:689630666><>"
L 09/05/2011 - 00:09:08: [plmenu.amxx] Cmd: "Dimka<1023><STEAM_0:0:1236438227><>" slap with 0 damage "PRO(KENT IGRAET DMB OO7 SPB)<1035><STEAM_0:0:689630666><>"
L 09/05/2011 - 00:09:12: [plmenu.amxx] Cmd: "Dimka<1023><STEAM_0:0:1236438227><>" slap with 0 damage "Dimka<1023><STEAM_0:0:1236438227><>"
L 09/05/2011 - 00:09:12: [plmenu.amxx] Cmd: "Dimka<1023><STEAM_0:0:1236438227><>" slap with 0 damage "Dimka<1023><STEAM_0:0:1236438227><>"
L 09/05/2011 - 00:09:12: [plmenu.amxx] Cmd: "Dimka<1023><STEAM_0:0:1236438227><>" slap with 0 damage "Dimka<1023><STEAM_0:0:1236438227><>"
L 09/05/2011 - 00:18:51: [plmenu.amxx] Cmd: "Dimka<1023><STEAM_0:0:1236438227><>" slap with 0 damage "tEmzz :))<976><STEAM_0:0:287945496><>"
L 09/05/2011 - 00:18:51: [plmenu.amxx] Cmd: "Dimka<1023><STEAM_0:0:1236438227><>" slap with 0 damage "tEmzz :))<976><STEAM_0:0:287945496><>"
L 09/05/2011 - 00:18:51: [plmenu.amxx] Cmd: "Dimka<1023><STEAM_0:0:1236438227><>" slap with 0 damage "tEmzz :))<976><STEAM_0:0:287945496><>"
L 09/05/2011 - 00:18:51: [plmenu.amxx] Cmd: "Dimka<1023><STEAM_0:0:1236438227><>" slap with 0 damage "tEmzz :))<976><STEAM_0:0:287945496><>"
L 09/05/2011 - 00:18:51: [plmenu.amxx] Cmd: "Dimka<1023><STEAM_0:0:1236438227><>" slap with 0 damage "tEmzz :))<976><STEAM_0:0:287945496><>"
L 09/05/2011 - 00:18:51: [plmenu.amxx] Cmd: "Dimka<1023><STEAM_0:0:1236438227><>" slap with 0 damage "tEmzz :))<976><STEAM_0:0:287945496><>"
L 09/05/2011 - 00:18:51: [plmenu.amxx] Cmd: "Dimka<1023><STEAM_0:0:1236438227><>" slap with 0 damage "tEmzz :))<976><STEAM_0:0:287945496><>"
L 09/05/2011 - 00:18:52: [plmenu.amxx] Cmd: "Dimka<1023><STEAM_0:0:1236438227><>" slap with 0 damage "tEmzz :))<976><STEAM_0:0:287945496><>"
L 09/05/2011 - 00:20:38: [plmenu.amxx] Cmd: "Dimka<1023><STEAM_0:0:1236438227><>" slap with 0 damage "tEmzz :))<976><STEAM_0:0:287945496><>"
L 09/05/2011 - 00:20:52: [plmenu.amxx] Cmd: "Dimka<1023><STEAM_0:0:1236438227><>" slap with 0 damage "tEmzz :))<976><STEAM_0:0:287945496><>"
L 09/05/2011 - 00:25:08: -------- Mapchange to zm_dwarf --------
L 09/05/2011 - 00:25:09: [admin_amxbans.amxx] Login: "Dimka<1023><STEAM_0:0:1236438227><>" became an admin (account "Dimka") (access "abcdefghijklmnopqrstu") (address "172.23.65.13")
L 09/05/2011 - 00:25:10: [amxbans.amxx] [AMXBANS] AMXBans 5.0 подключен
L 09/05/2011 - 00:45:46: -------- Mapchange to zm_xata --------
L 09/05/2011 - 00:45:48: [amxbans.amxx] [AMXBANS] AMXBans 5.0 подключен
L 09/05/2011 - 01:00:15: -------- Mapchange to zm_303 --------
L 09/05/2011 - 01:00:16: [amxbans.amxx] [AMXBANS] AMXBans 5.0 подключен
L 09/05/2011 - 01:08:26: -------- Mapchange to cs_estate --------
L 09/05/2011 - 01:08:28: [amxbans.amxx] [AMXBANS] AMXBans 5.0 подключен
L 09/05/2011 - 01:15:23: -------- Mapchange to cs_estate --------
L 09/05/2011 - 01:15:27: -------- Mapchange to zm_xata --------
L 09/05/2011 - 01:15:29: [amxbans.amxx] [AMXBANS] AMXBans 5.0 подключен
L 09/05/2011 - 01:18:28: -------- Mapchange to cs_estate --------
L 09/05/2011 - 01:18:30: [amxbans.amxx] [AMXBANS] AMXBans 5.0 подключен
L 09/05/2011 - 01:28:24: -------- Mapchange to cs_estate --------
L 09/05/2011 - 01:28:26: [amxbans.amxx] [AMXBANS] AMXBans 5.0 подключен
L 09/05/2011 - 01:45:50: -------- Mapchange to cs_estate --------
L 09/05/2011 - 01:45:52: [amxbans.amxx] [AMXBANS] AMXBans 5.0 подключен
L 09/05/2011 - 01:54:12: -------- Mapchange to 016 --------
L 09/05/2011 - 01:54:14: [amxbans.amxx] [AMXBANS] AMXBans 5.0 подключен
L 09/05/2011 - 01:59:04: -------- Mapchange to cs_estate --------
L 09/05/2011 - 01:59:07: [amxbans.amxx] [AMXBANS] AMXBans 5.0 подключен
L 09/05/2011 - 02:09:00: -------- Mapchange to cs_estate --------
L 09/05/2011 - 02:09:03: [amxbans.amxx] [AMXBANS] AMXBans 5.0 подключен
L 09/05/2011 - 02:18:56: -------- Mapchange to cs_estate --------
L 09/05/2011 - 02:18:59: [amxbans.amxx] [AMXBANS] AMXBans 5.0 подключен
L 09/05/2011 - 02:27:34: -------- Mapchange to cs_militia --------
L 09/05/2011 - 02:27:39: [amxbans.amxx] [AMXBANS] AMXBans 5.0 подключен
L 09/05/2011 - 02:30:37: -------- Mapchange to cs_estate --------
L 09/05/2011 - 02:30:40: [amxbans.amxx] [AMXBANS] AMXBans 5.0 подключен
L 09/05/2011 - 02:40:33: -------- Mapchange to cs_estate --------
L 09/05/2011 - 02:40:36: [amxbans.amxx] [AMXBANS] AMXBans 5.0 подключен
L 09/05/2011 - 02:50:29: -------- Mapchange to cs_estate --------
L 09/05/2011 - 02:50:32: [amxbans.amxx] [AMXBANS] AMXBans 5.0 подключен
L 09/05/2011 - 03:00:25: -------- Mapchange to cs_estate --------
L 09/05/2011 - 03:00:28: [amxbans.amxx] [AMXBANS] AMXBans 5.0 подключен
L 09/05/2011 - 03:10:21: -------- Mapchange to cs_estate --------
L 09/05/2011 - 03:10:23: [amxbans.amxx] [AMXBANS] AMXBans 5.0 подключен
L 09/05/2011 - 03:20:17: -------- Mapchange to cs_estate --------
L 09/05/2011 - 03:20:19: [amxbans.amxx] [AMXBANS] AMXBans 5.0 подключен
L 09/05/2011 - 03:30:13: -------- Mapchange to cs_estate --------
L 09/05/2011 - 03:30:15: [amxbans.amxx] [AMXBANS] AMXBans 5.0 подключен
L 09/05/2011 - 03:40:09: -------- Mapchange to cs_estate --------
L 09/05/2011 - 03:40:11: [amxbans.amxx] [AMXBANS] AMXBans 5.0 подключен
L 09/05/2011 - 03:50:05: -------- Mapchange to cs_estate --------
L 09/05/2011 - 03:50:07: [amxbans.amxx] [AMXBANS] AMXBans 5.0 подключен
L 09/05/2011 - 03:59:55: -------- Mapchange to cs_estate --------
L 09/05/2011 - 03:59:58: [amxbans.amxx] [AMXBANS] AMXBans 5.0 подключен
L 09/05/2011 - 04:09:51: -------- Mapchange to cs_estate --------
L 09/05/2011 - 04:09:54: [amxbans.amxx] [AMXBANS] AMXBans 5.0 подключен
L 09/05/2011 - 04:19:47: -------- Mapchange to cs_estate --------
L 09/05/2011 - 04:19:50: [amxbans.amxx] [AMXBANS] AMXBans 5.0 подключен
L 09/05/2011 - 04:29:43: -------- Mapchange to cs_estate --------
L 09/05/2011 - 04:29:46: [amxbans.amxx] [AMXBANS] AMXBans 5.0 подключен
L 09/05/2011 - 04:39:39: -------- Mapchange to cs_estate --------
L 09/05/2011 - 04:39:42: [amxbans.amxx] [AMXBANS] AMXBans 5.0 подключен
L 09/05/2011 - 04:49:35: -------- Mapchange to cs_estate --------
L 09/05/2011 - 04:49:38: [amxbans.amxx] [AMXBANS] AMXBans 5.0 подключен
L 09/05/2011 - 05:01:46: -------- Mapchange to cs_estate --------
L 09/05/2011 - 05:01:49: [amxbans.amxx] [AMXBANS] AMXBans 5.0 подключен
L 09/05/2011 - 05:11:42: -------- Mapchange to cs_estate --------
L 09/05/2011 - 05:11:45: [amxbans.amxx] [AMXBANS] AMXBans 5.0 подключен
L 09/05/2011 - 05:21:38: -------- Mapchange to cs_estate --------
L 09/05/2011 - 05:21:41: [amxbans.amxx] [AMXBANS] AMXBans 5.0 подключен
L 09/05/2011 - 05:31:34: -------- Mapchange to cs_estate --------
L 09/05/2011 - 05:31:36: [amxbans.amxx] [AMXBANS] AMXBans 5.0 подключен
L 09/05/2011 - 05:41:30: -------- Mapchange to cs_estate --------
L 09/05/2011 - 05:41:32: [amxbans.amxx] [AMXBANS] AMXBans 5.0 подключен
L 09/05/2011 - 05:51:26: -------- Mapchange to cs_estate --------
L 09/05/2011 - 05:51:28: [amxbans.amxx] [AMXBANS] AMXBans 5.0 подключен
L 09/05/2011 - 06:00:18: -------- Mapchange to 016 --------
L 09/05/2011 - 06:00:20: [amxbans.amxx] [AMXBANS] AMXBans 5.0 подключен
L 09/05/2011 - 06:03:18: -------- Mapchange to cs_estate --------
L 09/05/2011 - 06:03:21: [amxbans.amxx] [AMXBANS] AMXBans 5.0 подключен
L 09/05/2011 - 06:13:14: -------- Mapchange to cs_estate --------
L 09/05/2011 - 06:13:17: [amxbans.amxx] [AMXBANS] AMXBans 5.0 подключен
L 09/05/2011 - 06:32:55: -------- Mapchange to cs_estate --------
L 09/05/2011 - 06:32:58: [amxbans.amxx] [AMXBANS] AMXBans 5.0 подключен
L 09/05/2011 - 06:41:18: -------- Mapchange to zm_simple_b1 --------
L 09/05/2011 - 06:41:19: [amxbans.amxx] [AMXBANS] AMXBans 5.0 подключен
L 09/05/2011 - 06:44:45: -------- Mapchange to cs_estate --------
L 09/05/2011 - 06:44:48: [amxbans.amxx] [AMXBANS] AMXBans 5.0 подключен
L 09/05/2011 - 06:59:56: -------- Mapchange to cs_estate --------
L 09/05/2011 - 06:59:59: [amxbans.amxx] [AMXBANS] AMXBans 5.0 подключен
L 09/05/2011 - 07:09:52: -------- Mapchange to cs_estate --------
L 09/05/2011 - 07:09:55: [amxbans.amxx] [AMXBANS] AMXBans 5.0 подключен
L 09/05/2011 - 07:19:48: -------- Mapchange to cs_estate --------
L 09/05/2011 - 07:19:51: [amxbans.amxx] [AMXBANS] AMXBans 5.0 подключен
L 09/05/2011 - 07:34:59: -------- Mapchange to cs_estate --------
L 09/05/2011 - 07:35:02: [amxbans.amxx] [AMXBANS] AMXBans 5.0 подключен
L 09/05/2011 - 08:02:26: -------- Mapchange to cs_militia --------
L 09/05/2011 - 08:02:31: [amxbans.amxx] [AMXBANS] AMXBans 5.0 подключен
L 09/05/2011 - 08:24:58: -------- Mapchange to zm_decline2k --------
L 09/05/2011 - 08:25:00: [amxbans.amxx] [AMXBANS] AMXBans 5.0 подключен
L 09/05/2011 - 08:42:19: -------- Mapchange to cs_estate --------
L 09/05/2011 - 08:42:22: [amxbans.amxx] [AMXBANS] AMXBans 5.0 подключен
L 09/05/2011 - 09:08:26: -------- Mapchange to zm_dwarf --------
L 09/05/2011 - 09:08:28: [amxbans.amxx] [AMXBANS] AMXBans 5.0 подключен
L 09/05/2011 - 09:12:47: -------- Mapchange to cs_estate --------
L 09/05/2011 - 09:12:50: [amxbans.amxx] [AMXBANS] AMXBans 5.0 подключен
L 09/05/2011 - 09:23:17: -------- Mapchange to zm_303 --------
L 09/05/2011 - 09:23:18: [amxbans.amxx] [AMXBANS] AMXBans 5.0 подключен
L 09/05/2011 - 09:45:15: -------- Mapchange to zm_vendetta --------
L 09/05/2011 - 09:45:17: [amxbans.amxx] [AMXBANS] AMXBans 5.0 подключен
L 09/05/2011 - 10:06:25: -------- Mapchange to ze_jurassicpark --------
L 09/05/2011 - 10:06:27: [amxbans.amxx] [AMXBANS] AMXBans 5.0 подключен
L 09/05/2011 - 10:26:47: -------- Mapchange to zm_alley --------
L 09/05/2011 - 10:26:48: [amxbans.amxx] [AMXBANS] AMXBans 5.0 подключен
L 09/05/2011 - 10:33:01: -------- Mapchange to ze_egypt --------
L 09/05/2011 - 10:33:02: [amxbans.amxx] [AMXBANS] AMXBans 5.0 подключен
L 09/05/2011 - 10:50:42: -------- Mapchange to zm_decline2k --------
L 09/05/2011 - 10:50:44: [amxbans.amxx] [AMXBANS] AMXBans 5.0 подключен
L 09/05/2011 - 11:09:10: -------- Mapchange to 016 --------
L 09/05/2011 - 11:09:11: [amxbans.amxx] [AMXBANS] AMXBans 5.0 подключен
L 09/05/2011 - 11:32:09: -------- Mapchange to zm_666_brick --------
L 09/05/2011 - 11:32:10: [amxbans.amxx] [AMXBANS] AMXBans 5.0 подключен
L 09/05/2011 - 11:53:54: -------- Mapchange to ze_lift_escape_b5 --------
L 09/05/2011 - 11:53:55: [amxbans.amxx] [AMXBANS] AMXBans 5.0 подключен
L 09/05/2011 - 12:03:33: -------- Mapchange to cs_estate --------
L 09/05/2011 - 12:03:35: [amxbans.amxx] [AMXBANS] AMXBans 5.0 подключен
L 09/05/2011 - 12:15:27: -------- Mapchange to cs_militia --------
L 09/05/2011 - 12:15:32: [amxbans.amxx] [AMXBANS] AMXBans 5.0 подключен
L 09/05/2011 - 12:36:11: -------- Mapchange to zm_303 --------
L 09/05/2011 - 12:36:12: [amxbans.amxx] [AMXBANS] AMXBans 5.0 подключен
L 09/05/2011 - 12:57:03: -------- Mapchange to zm_alley --------
L 09/05/2011 - 12:57:04: [amxbans.amxx] [AMXBANS] AMXBans 5.0 подключен
L 09/05/2011 - 13:19:03: -------- Mapchange to zm_fdust2x2 --------
L 09/05/2011 - 13:19:04: [amxbans.amxx] [AMXBANS] AMXBans 5.0 подключен
L 09/05/2011 - 13:41:25: -------- Mapchange to ze_train_back_lg --------
L 09/05/2011 - 13:41:27: [amxbans.amxx] [AMXBANS] AMXBans 5.0 подключен
L 09/05/2011 - 13:54:22: [admin_amxbans.amxx] Login: "4ebu[RUSH]ka<356><STEAM_0:0:2107967446><>" became an admin (account "4ebu[RUSH]ka") (access "abcdefgijmnopqtu") (address "78.36.141.159")
L 09/05/2011 - 13:55:48: [admin_amxbans.amxx] Login: "4ebu[RUSH]ka<357><STEAM_0:0:2107967446><>" became an admin (account "4ebu[RUSH]ka") (access "abcdefgijmnopqtu") (address "78.36.141.159")
L 09/05/2011 - 13:57:04: [admin_amxbans.amxx] Login: "4ebu[RUSH]ka<360><STEAM_0:0:2107967446><>" became an admin (account "4ebu[RUSH]ka") (access "abcdefgijmnopqtu") (address "78.36.141.159")
L 09/05/2011 - 13:57:09: [admin_amxbans.amxx] Login: "~Helena~<361><STEAM_0:4:83906410><>" became an admin (account "~Helena~") (access "at") (address "109.124.92.163")
L 09/05/2011 - 13:58:17: [adminchat.amxx] Chat: "4ebu[RUSH]ka<360><STEAM_0:0:2107967446><>" tsay "=)"
L 09/05/2011 - 13:58:38: [adminchat.amxx] Chat: "4ebu[RUSH]ka<360><STEAM_0:0:2107967446><>" csay "=)"
L 09/05/2011 - 14:00:36: [adminchat.amxx] Chat: "4ebu[RUSH]ka<360><STEAM_0:0:2107967446><>" chat " Helena"
L 09/05/2011 - 14:03:05: -------- Mapchange to zm_dwarf --------
L 09/05/2011 - 14:03:06: [admin_amxbans.amxx] Login: "~Helena~<361><STEAM_0:4:83906410><>" became an admin (account "~Helena~") (access "at") (address "109.124.92.163")
L 09/05/2011 - 14:03:06: [admin_amxbans.amxx] Login: "4ebu[RUSH]ka<360><STEAM_0:0:2107967446><>" became an admin (account "4ebu[RUSH]ka") (access "abcdefgijmnopqtu") (address "78.36.141.159")
L 09/05/2011 - 14:03:07: [amxbans.amxx] [AMXBANS] AMXBans 5.0 подключен
L 09/05/2011 - 14:05:18: [plmenu.amxx] Cmd: "4ebu[RUSH]ka<360><STEAM_0:0:2107967446><>" slap with 0 damage "papan9l<365><STEAM_0:0:2002988421><>"
L 09/05/2011 - 14:05:19: [plmenu.amxx] Cmd: "4ebu[RUSH]ka<360><STEAM_0:0:2107967446><>" slap with 0 damage "papan9l<365><STEAM_0:0:2002988421><>"
L 09/05/2011 - 14:05:20: [plmenu.amxx] Cmd: "4ebu[RUSH]ka<360><STEAM_0:0:2107967446><>" slap with 0 damage "papan9l<365><STEAM_0:0:2002988421><>"
L 09/05/2011 - 14:05:20: [plmenu.amxx] Cmd: "4ebu[RUSH]ka<360><STEAM_0:0:2107967446><>" slap with 0 damage "papan9l<365><STEAM_0:0:2002988421><>"
L 09/05/2011 - 14:05:20: [plmenu.amxx] Cmd: "4ebu[RUSH]ka<360><STEAM_0:0:2107967446><>" slap with 0 damage "papan9l<365><STEAM_0:0:2002988421><>"
L 09/05/2011 - 14:05:20: [plmenu.amxx] Cmd: "4ebu[RUSH]ka<360><STEAM_0:0:2107967446><>" slap with 0 damage "papan9l<365><STEAM_0:0:2002988421><>"
L 09/05/2011 - 14:05:21: [plmenu.amxx] Cmd: "4ebu[RUSH]ka<360><STEAM_0:0:2107967446><>" slap with 0 damage "papan9l<365><STEAM_0:0:2002988421><>"
L 09/05/2011 - 14:05:21: [plmenu.amxx] Cmd: "4ebu[RUSH]ka<360><STEAM_0:0:2107967446><>" slap with 0 damage "papan9l<365><STEAM_0:0:2002988421><>"
L 09/05/2011 - 14:21:11: -------- Mapchange to zm_666_brick --------
L 09/05/2011 - 14:21:12: [amxbans.amxx] [AMXBANS] AMXBans 5.0 подключен
L 09/05/2011 - 14:39:05: [admin_amxbans.amxx] Login: "Lenusjka<387><STEAM_0:4:1429483121><>" became an admin (account "Lenusjka") (access "et") (address "91.190.52.3")
L 09/05/2011 - 14:44:06: -------- Mapchange to zm_caca --------
L 09/05/2011 - 14:44:07: [amxbans.amxx] [AMXBANS] AMXBans 5.0 подключен
L 09/05/2011 - 14:44:08: [admin_amxbans.amxx] Login: "Lenusjka<387><STEAM_0:4:1429483121><>" became an admin (account "Lenusjka") (access "et") (address "91.190.52.3")
L 09/05/2011 - 14:48:25: [admin_amxbans.amxx] Login: "Lenusjka<396><STEAM_0:4:1429483121><>" became an admin (account "Lenusjka") (access "et") (address "91.190.52.3")
L 09/05/2011 - 14:49:25: [admin_amxbans.amxx] Login: "4ebu[RUSH]ka<398><STEAM_0:0:2107967446><>" became an admin (account "4ebu[RUSH]ka") (access "abcdefgijmnopqtu") (address "78.36.141.159")
L 09/05/2011 - 14:50:51: [admincmd.amxx] Cmd: "Lenusjka<396><STEAM_0:4:1429483121><>" slap with 9999 damage "47<393><STEAM_0:0:1442183620><>"
L 09/05/2011 - 15:01:55: [admincmd.amxx] Cmd: "Lenusjka<396><STEAM_0:4:1429483121><>" slap with 9999 damage "Satan<377><STEAM_0:0:1027120207><>"
L 09/05/2011 - 15:04:53: -------- Mapchange to 016 --------
L 09/05/2011 - 15:04:55: [admin_amxbans.amxx] Login: "Lenusjka<396><STEAM_0:4:1429483121><>" became an admin (account "Lenusjka") (access "et") (address "91.190.52.3")
L 09/05/2011 - 15:04:55: [amxbans.amxx] [AMXBANS] AMXBans 5.0 подключен
L 09/05/2011 - 15:06:14: [admin_amxbans.amxx] Login: "Lenusjka<417><STEAM_0:4:1429483121><>" became an admin (account "Lenusjka") (access "et") (address "91.190.52.3")
L 09/05/2011 - 15:11:49: -------- Mapchange to cs_militia --------
L 09/05/2011 - 15:11:53: [admin_amxbans.amxx] Login: "Lenusjka<417><STEAM_0:4:1429483121><>" became an admin (account "Lenusjka") (access "et") (address "91.190.52.3")
L 09/05/2011 - 15:11:54: [amxbans.amxx] [AMXBANS] AMXBans 5.0 подключен
L 09/05/2011 - 15:18:47: -------- Mapchange to zm_303 --------
L 09/05/2011 - 15:18:49: [admin_amxbans.amxx] Login: "Lenusjka<417><STEAM_0:4:1429483121><>" became an admin (account "Lenusjka") (access "et") (address "91.190.52.3")
L 09/05/2011 - 15:18:49: [amxbans.amxx] [AMXBANS] AMXBans 5.0 подключен
L 09/05/2011 - 15:25:44: -------- Mapchange to ze_egypt --------
L 09/05/2011 - 15:25:45: [admin_amxbans.amxx] Login: "Lenusjka<417><STEAM_0:4:1429483121><>" became an admin (account "Lenusjka") (access "et") (address "91.190.52.3")
L 09/05/2011 - 15:25:46: [amxbans.amxx] [AMXBANS] AMXBans 5.0 подключен
L 09/05/2011 - 15:30:26: [admin_amxbans.amxx] Login: "Lenusjka<473><STEAM_0:4:1429483121><>" became an admin (account "Lenusjka") (access "et") (address "91.190.52.3")
L 09/05/2011 - 15:40:55: [admin_amxbans.amxx] Login: "Lenusjka<514><STEAM_0:4:1429483121><>" became an admin (account "Lenusjka") (access "et") (address "91.190.52.3")
L 09/05/2011 - 15:41:16: [admin_amxbans.amxx] Login: "Lenusjka<519><STEAM_0:4:1429483121><>" became an admin (account "Lenusjka") (access "et") (address "91.190.52.3")
L 09/05/2011 - 15:41:50: [admin_amxbans.amxx] Login: "Lenusjka<520><STEAM_0:4:1429483121><>" became an admin (account "Lenusjka") (access "et") (address "91.190.52.3")
L 09/05/2011 - 15:44:02: -------- Mapchange to ze_jurassicpark --------
L 09/05/2011 - 15:44:04: [amxbans.amxx] [AMXBANS] AMXBans 5.0 подключен
L 09/05/2011 - 15:44:05: [admin_amxbans.amxx] Login: "Lenusjka<520><STEAM_0:4:1429483121><>" became an admin (account "Lenusjka") (access "et") (address "91.190.52.3")
L 09/05/2011 - 16:03:55: -------- Mapchange to zm_alley --------
L 09/05/2011 - 16:03:57: [amxbans.amxx] [AMXBANS] AMXBans 5.0 подключен
L 09/05/2011 - 16:03:57: [admin_amxbans.amxx] Login: "Lenusjka<520><STEAM_0:4:1429483121><>" became an admin (account "Lenusjka") (access "et") (address "91.190.52.3")
L 09/05/2011 - 16:14:47: -------- Mapchange to ze_lift_escape_b5 --------
L 09/05/2011 - 16:14:48: [amxbans.amxx] [AMXBANS] AMXBans 5.0 подключен
L 09/05/2011 - 16:31:38: -------- Mapchange to zm_666_brick --------
L 09/05/2011 - 16:31:39: [amxbans.amxx] [AMXBANS] AMXBans 5.0 подключен
L 09/05/2011 - 16:52:29: -------- Mapchange to zm_caca --------
L 09/05/2011 - 16:52:31: [amxbans.amxx] [AMXBANS] AMXBans 5.0 подключен
L 09/05/2011 - 17:12:56: -------- Mapchange to zm_decline2k --------
L 09/05/2011 - 17:12:58: [amxbans.amxx] [AMXBANS] AMXBans 5.0 подключен
L 09/05/2011 - 17:32:49: [admin_amxbans.amxx] Login: "4ebu[RUSH]ka<656><STEAM_0:0:2107967446><>" became an admin (account "4ebu[RUSH]ka") (access "abcdefgijmnopqtu") (address "78.36.141.159")
L 09/05/2011 - 17:33:01: [admin_amxbans.amxx] Login: "4ebu[RUSH]ka<657><STEAM_0:0:2107967446><>" became an admin (account "4ebu[RUSH]ka") (access "abcdefgijmnopqtu") (address "78.36.141.159")
L 09/05/2011 - 17:36:29: -------- Mapchange to zm_fdust2x2 --------
L 09/05/2011 - 17:36:30: [admin_amxbans.amxx] Login: "4ebu[RUSH]ka<657><STEAM_0:0:2107967446><>" became an admin (account "4ebu[RUSH]ka") (access "abcdefgijmnopqtu") (address "78.36.141.159")
L 09/05/2011 - 17:36:31: [amxbans.amxx] [AMXBANS] AMXBans 5.0 подключен
L 09/05/2011 - 17:40:04: [mapsmenu.amxx] Cmd: "4ebu[RUSH]ka<657><STEAM_0:0:2107967446><>" changelevel "zm_fdust2x2"
L 09/05/2011 - 17:40:06: -------- Mapchange to zm_fdust2x2 --------
L 09/05/2011 - 17:40:07: [admin_amxbans.amxx] Login: "4ebu[RUSH]ka<657><STEAM_0:0:2107967446><>" became an admin (account "4ebu[RUSH]ka") (access "abcdefgijmnopqtu") (address "78.36.141.159")
L 09/05/2011 - 17:40:08: [amxbans.amxx] [AMXBANS] AMXBans 5.0 подключен
L 09/05/2011 - 17:41:16: [mapsmenu.amxx] Vote: "4ebu[RUSH]ka<657><STEAM_0:0:2107967446><>" vote maps (map#1 "zm_cpl_mill_kamp") (map#2 "") (map#3 "") (map#4 "")
L 09/05/2011 - 17:41:28: [mapsmenu.amxx] Vote: Voting successful. Map will be changed to zm_cpl_mill_kamp
L 09/05/2011 - 17:41:29: [mapsmenu.amxx] Vote: Result accepted
L 09/05/2011 - 17:41:31: -------- Mapchange to zm_cpl_mill_kamp --------
L 09/05/2011 - 17:41:32: [admin_amxbans.amxx] Login: "4ebu[RUSH]ka<657><STEAM_0:0:2107967446><>" became an admin (account "4ebu[RUSH]ka") (access "abcdefgijmnopqtu") (address "78.36.141.159")
L 09/05/2011 - 17:41:33: [amxbans.amxx] [AMXBANS] AMXBans 5.0 подключен
L 09/05/2011 - 17:42:53: [mapsmenu.amxx] Cmd: "4ebu[RUSH]ka<657><STEAM_0:0:2107967446><>" changelevel "016"
L 09/05/2011 - 17:42:55: -------- Mapchange to 016 --------
L 09/05/2011 - 17:42:55: [admin_amxbans.amxx] Login: "4ebu[RUSH]ka<657><STEAM_0:0:2107967446><>" became an admin (account "4ebu[RUSH]ka") (access "abcdefgijmnopqtu") (address "78.36.141.159")
L 09/05/2011 - 17:42:56: [amxbans.amxx] [AMXBANS] AMXBans 5.0 подключен
L 09/05/2011 - 17:45:33: [admin_amxbans.amxx] Login: "4ebu[RUSH]ka<702><STEAM_0:0:2107967446><>" became an admin (account "4ebu[RUSH]ka") (access "abcdefgijmnopqtu") (address "78.36.141.159")
L 09/05/2011 - 17:48:31: [mapsmenu.amxx] Vote: "4ebu[RUSH]ka<702><STEAM_0:0:2107967446><>" vote maps (map#1 "ze_train_back_lg") (map#2 "ze_lift_escape_b5") (map#3 "ze_egypt") (map#4 "")
L 09/05/2011 - 17:48:43: [mapsmenu.amxx] Vote: Voting failed
L 09/05/2011 - 17:48:57: [mapsmenu.amxx] Vote: "4ebu[RUSH]ka<702><STEAM_0:0:2107967446><>" vote maps (map#1 "ze_lift_escape_b5") (map#2 "ze_egypt") (map#3 "") (map#4 "")
L 09/05/2011 - 17:49:09: [mapsmenu.amxx] Vote: Voting failed
L 09/05/2011 - 17:49:23: [mapsmenu.amxx] Cmd: "4ebu[RUSH]ka<702><STEAM_0:0:2107967446><>" changelevel "ze_train_back_lg"
L 09/05/2011 - 17:49:25: -------- Mapchange to ze_train_back_lg --------
L 09/05/2011 - 17:49:26: [admin_amxbans.amxx] Login: "4ebu[RUSH]ka<702><STEAM_0:0:2107967446><>" became an admin (account "4ebu[RUSH]ka") (access "abcdefgijmnopqtu") (address "78.36.141.159")
L 09/05/2011 - 17:49:27: [amxbans.amxx] [AMXBANS] AMXBans 5.0 подключен
L 09/05/2011 - 17:49:29: [admin_amxbans.amxx] Login: "4ebu[RUSH]ka<715><STEAM_0:0:2107967446><>" became an admin (account "4ebu[RUSH]ka") (access "abcdefgijmnopqtu") (address "78.36.141.159")
L 09/05/2011 - 18:03:07: -------- Mapchange to ze_lift_escape_b5 --------
L 09/05/2011 - 18:03:09: [amxbans.amxx] [AMXBANS] AMXBans 5.0 подключен
L 09/05/2011 - 18:11:29: -------- Mapchange to ze_egypt --------
L 09/05/2011 - 18:11:31: [amxbans.amxx] [AMXBANS] AMXBans 5.0 подключен
L 09/05/2011 - 18:23:50: -------- Mapchange to zm_caca --------
L 09/05/2011 - 18:23:51: [amxbans.amxx] [AMXBANS] AMXBans 5.0 подключен
L 09/05/2011 - 18:29:09: -------- Mapchange to zm_xata --------
L 09/05/2011 - 18:29:11: [amxbans.amxx] [AMXBANS] AMXBans 5.0 подключен
L 09/05/2011 - 18:50:06: -------- Mapchange to zm_decline2k --------
L 09/05/2011 - 18:50:07: [amxbans.amxx] [AMXBANS] AMXBans 5.0 подключен
L 09/05/2011 - 19:11:40: -------- Mapchange to zm_666_brick --------
L 09/05/2011 - 19:11:41: [amxbans.amxx] [AMXBANS] AMXBans 5.0 подключен
L 09/05/2011 - 19:18:52: [admin_amxbans.amxx] Login: "Kenny<850><STEAM_0:0:963405193><>" became an admin (account "Kenny") (access "abcdefghijlmnopqstu") (address "95.86.222.83")
L 09/05/2011 - 19:33:09: -------- Mapchange to cs_militia --------
L 09/05/2011 - 19:33:15: [amxbans.amxx] [AMXBANS] AMXBans 5.0 подключен
L 09/05/2011 - 19:34:22: [admin_amxbans.amxx] Login: "Kenny<870><STEAM_0:0:963405193><>" became an admin (account "Kenny") (access "abcdefghijlmnopqstu") (address "95.86.222.83")
L 09/05/2011 - 19:41:03: -------- Mapchange to 016 --------
L 09/05/2011 - 19:41:04: [amxbans.amxx] [AMXBANS] AMXBans 5.0 подключен
L 09/05/2011 - 19:43:37: [admin_amxbans.amxx] Login: "Lenusjka<886><STEAM_0:4:1429483121><>" became an admin (account "Lenusjka") (access "et") (address "91.190.52.3")
L 09/05/2011 - 19:46:50: [admincmd.amxx] Cmd: "Lenusjka<886><STEAM_0:4:1429483121><>" slap with 0 damage "3DECb HUKA HET<875><STEAM_0:0:1909531319><>"
L 09/05/2011 - 19:46:56: [admincmd.amxx] Cmd: "Lenusjka<886><STEAM_0:4:1429483121><>" slap with 999 damage "3DECb HUKA HET<875><STEAM_0:0:1909531319><>"
L 09/05/2011 - 19:49:01: [admin_amxbans.amxx] Login: "Kenny<888><STEAM_0:0:963405193><>" became an admin (account "Kenny") (access "abcdefghijlmnopqstu") (address "95.86.222.83")
L 09/05/2011 - 19:59:49: [admin_amxbans.amxx] Login: "4ebu[RUSH]ka<904><STEAM_0:0:2107967446><>" became an admin (account "4ebu[RUSH]ka") (access "abcdefgijmnopqtu") (address "78.36.141.159")
L 09/05/2011 - 20:03:40: [plmenu.amxx] Cmd: "4ebu[RUSH]ka<904><STEAM_0:0:2107967446><>" slap with 0 damage "Fill<812><STEAM_0:0:1302043691><>"
L 09/05/2011 - 20:03:40: [plmenu.amxx] Cmd: "4ebu[RUSH]ka<904><STEAM_0:0:2107967446><>" slap with 0 damage "Fill<812><STEAM_0:0:1302043691><>"
L 09/05/2011 - 20:03:40: [plmenu.amxx] Cmd: "4ebu[RUSH]ka<904><STEAM_0:0:2107967446><>" slap with 0 damage "Fill<812><STEAM_0:0:1302043691><>"
L 09/05/2011 - 20:03:40: [plmenu.amxx] Cmd: "4ebu[RUSH]ka<904><STEAM_0:0:2107967446><>" slap with 0 damage "Fill<812><STEAM_0:0:1302043691><>"
L 09/05/2011 - 20:03:41: [plmenu.amxx] Cmd: "4ebu[RUSH]ka<904><STEAM_0:0:2107967446><>" slap with 0 damage "Fill<812><STEAM_0:0:1302043691><>"
L 09/05/2011 - 20:04:10: -------- Mapchange to ze_jurassicpark --------
L 09/05/2011 - 20:04:11: [admin_amxbans.amxx] Login: "4ebu[RUSH]ka<904><STEAM_0:0:2107967446><>" became an admin (account "4ebu[RUSH]ka") (access "abcdefgijmnopqtu") (address "78.36.141.159")
L 09/05/2011 - 20:04:12: [amxbans.amxx] [AMXBANS] AMXBans 5.0 подключен
L 09/05/2011 - 20:26:16: -------- Mapchange to zm_303 --------
L 09/05/2011 - 20:26:18: [amxbans.amxx] [AMXBANS] AMXBans 5.0 подключен
L 09/05/2011 - 20:49:19: -------- Mapchange to ze_lift_escape_b5 --------
L 09/05/2011 - 20:49:21: [amxbans.amxx] [AMXBANS] AMXBans 5.0 подключен
L 09/05/2011 - 21:05:40: -------- Mapchange to zm_alley --------
L 09/05/2011 - 21:05:41: [amxbans.amxx] [AMXBANS] AMXBans 5.0 подключен
L 09/05/2011 - 21:27:18: -------- Mapchange to zm_neris --------
L 09/05/2011 - 21:27:20: [amxbans.amxx] [AMXBANS] AMXBans 5.0 подключен
L 09/05/2011 - 21:45:19: [admin_amxbans.amxx] Login: "Kenny<1065><STEAM_0:0:963405193><>" became an admin (account "Kenny") (access "abcdefghijlmnopqstu") (address "95.86.222.83")
L 09/05/2011 - 21:47:50: -------- Mapchange to ze_egypt --------
L 09/05/2011 - 21:47:51: [amxbans.amxx] [AMXBANS] AMXBans 5.0 подключен
L 09/05/2011 - 22:05:52: -------- Mapchange to zm_666_brick --------
L 09/05/2011 - 22:05:54: [amxbans.amxx] [AMXBANS] AMXBans 5.0 подключен
L 09/05/2011 - 22:27:27: -------- Mapchange to zm_caca --------
L 09/05/2011 - 22:27:28: [amxbans.amxx] [AMXBANS] AMXBans 5.0 подключен
L 09/05/2011 - 22:49:31: -------- Mapchange to zm_decline2k --------
L 09/05/2011 - 22:49:33: [amxbans.amxx] [AMXBANS] AMXBans 5.0 подключен
L 09/05/2011 - 23:10:27: -------- Mapchange to 016 --------
L 09/05/2011 - 23:10:30: [amxbans.amxx] [AMXBANS] AMXBans 5.0 подключен
L 09/05/2011 - 23:32:31: -------- Mapchange to zm_303 --------
L 09/05/2011 - 23:32:33: [amxbans.amxx] [AMXBANS] AMXBans 5.0 подключен
L 09/05/2011 - 23:44:27: [admin_amxbans.amxx] Login: "~Helena~<1203><STEAM_0:4:998297450><>" became an admin (account "~Helena~") (access "at") (address "109.124.93.222")
L 09/05/2011 - 23:54:36: -------- Mapchange to ze_jurassicpark --------
L 09/05/2011 - 23:54:37: [amxbans.amxx] [AMXBANS] AMXBans 5.0 подключен
L 09/05/2011 - 23:55:32: [admin_amxbans.amxx] Login: "Lenusjka<1208><STEAM_0:4:1429483121><>" became an admin (account "Lenusjka") (access "et") (address "91.190.52.3")
