L 08/20/2011 - 00:09:54: -------- Mapchange to zm_escapetrain --------
L 08/20/2011 - 00:09:56: [amxbans.amxx] [AMXBANS] AMXBans 5.0 подключен
L 08/20/2011 - 00:25:25: -------- Mapchange to zm_simple_b1 --------
L 08/20/2011 - 00:25:27: [amxbans.amxx] [AMXBANS] AMXBans 5.0 подключен
L 08/20/2011 - 00:41:08: [admin_amxbans.amxx] Login: "Camelot  [xD]<995><STEAM_0:4:1417253489><>" became an admin (account "Camelot  [xD]") (access "t") (address "91.198.175.1")
L 08/20/2011 - 00:47:04: -------- Mapchange to zm_fdust2x2 --------
L 08/20/2011 - 00:47:06: [amxbans.amxx] [AMXBANS] AMXBans 5.0 подключен
L 08/20/2011 - 01:07:06: -------- Mapchange to zm_cpl_mill_kamp --------
L 08/20/2011 - 01:07:09: [amxbans.amxx] [AMXBANS] AMXBans 5.0 подключен
L 08/20/2011 - 01:20:24: [admin_amxbans.amxx] Login: "Dimka<1035><STEAM_0:0:1236438227><>" became an admin (account "Dimka") (access "abcdefghijklmnopqrstu") (address "172.23.65.13")
L 08/20/2011 - 01:20:49: [amxbans.amxx] Dimka<1035><STEAM_0:0:1236438227><TERRORIST> забанил [S.W.A.T] Denis<STEAM_0:0:2109169376> на 3 дней (4320 минут). Причина: aim.
L 08/20/2011 - 01:29:38: -------- Mapchange to cs_militia --------
L 08/20/2011 - 01:29:44: [amxbans.amxx] [AMXBANS] AMXBans 5.0 подключен
L 08/20/2011 - 01:50:05: -------- Mapchange to zm_666_brick --------
L 08/20/2011 - 01:50:06: [amxbans.amxx] [AMXBANS] AMXBans 5.0 подключен
L 08/20/2011 - 02:10:56: -------- Mapchange to zm_dwarf --------
L 08/20/2011 - 02:10:58: [amxbans.amxx] [AMXBANS] AMXBans 5.0 подключен
L 08/20/2011 - 02:31:36: -------- Mapchange to 016 --------
L 08/20/2011 - 02:31:38: [amxbans.amxx] [AMXBANS] AMXBans 5.0 подключен
L 08/20/2011 - 03:07:12: -------- Mapchange to ze_jurassicpark --------
L 08/20/2011 - 03:07:14: [amxbans.amxx] [AMXBANS] AMXBans 5.0 подключен
L 08/20/2011 - 03:10:29: -------- Mapchange to cs_estate --------
L 08/20/2011 - 03:10:32: [amxbans.amxx] [AMXBANS] AMXBans 5.0 подключен
L 08/20/2011 - 03:20:26: -------- Mapchange to cs_estate --------
L 08/20/2011 - 03:20:29: [amxbans.amxx] [AMXBANS] AMXBans 5.0 подключен
L 08/20/2011 - 03:30:22: -------- Mapchange to cs_estate --------
L 08/20/2011 - 03:30:25: [amxbans.amxx] [AMXBANS] AMXBans 5.0 подключен
L 08/20/2011 - 03:51:38: -------- Mapchange to zm_xata --------
L 08/20/2011 - 03:51:39: [amxbans.amxx] [AMXBANS] AMXBans 5.0 подключен
L 08/20/2011 - 04:00:02: -------- Mapchange to cs_estate --------
L 08/20/2011 - 04:00:06: [amxbans.amxx] [AMXBANS] AMXBans 5.0 подключен
L 08/20/2011 - 04:10:00: -------- Mapchange to cs_estate --------
L 08/20/2011 - 04:10:09: [amxbans.amxx] [AMXBANS] AMXBans 5.0 подключен
L 08/20/2011 - 04:20:03: -------- Mapchange to cs_estate --------
L 08/20/2011 - 04:20:11: [amxbans.amxx] [AMXBANS] AMXBans 5.0 подключен
L 08/20/2011 - 04:30:08: -------- Mapchange to cs_estate --------
L 08/20/2011 - 04:30:17: [amxbans.amxx] [AMXBANS] AMXBans 5.0 подключен
L 08/20/2011 - 04:38:52: -------- Mapchange to zm_alley --------
L 08/20/2011 - 04:38:58: [amxbans.amxx] [AMXBANS] AMXBans 5.0 подключен
L 08/20/2011 - 04:41:57: -------- Mapchange to cs_estate --------
L 08/20/2011 - 04:42:04: [amxbans.amxx] [AMXBANS] AMXBans 5.0 подключен
L 08/20/2011 - 04:51:58: -------- Mapchange to cs_estate --------
L 08/20/2011 - 04:52:06: [amxbans.amxx] [AMXBANS] AMXBans 5.0 подключен
L 08/20/2011 - 05:02:00: -------- Mapchange to cs_estate --------
L 08/20/2011 - 05:02:05: [amxbans.amxx] [AMXBANS] AMXBans 5.0 подключен
L 08/20/2011 - 05:16:14: -------- Mapchange to cs_estate --------
L 08/20/2011 - 05:16:17: [amxbans.amxx] [AMXBANS] AMXBans 5.0 подключен
L 08/20/2011 - 05:26:10: -------- Mapchange to cs_estate --------
L 08/20/2011 - 05:26:13: [amxbans.amxx] [AMXBANS] AMXBans 5.0 подключен
L 08/20/2011 - 05:36:06: -------- Mapchange to cs_estate --------
L 08/20/2011 - 05:36:09: [amxbans.amxx] [AMXBANS] AMXBans 5.0 подключен
L 08/20/2011 - 05:46:02: -------- Mapchange to cs_estate --------
L 08/20/2011 - 05:46:05: [amxbans.amxx] [AMXBANS] AMXBans 5.0 подключен
L 08/20/2011 - 05:55:59: -------- Mapchange to cs_estate --------
L 08/20/2011 - 05:56:02: [amxbans.amxx] [AMXBANS] AMXBans 5.0 подключен
L 08/20/2011 - 06:35:07: -------- Mapchange to de_dust --------
L 08/20/2011 - 06:35:10: [amxbans.amxx] [AMXBANS] AMXBans 5.0 подключен
L 08/20/2011 - 06:53:30: -------- Mapchange to zm_toxic_house --------
L 08/20/2011 - 06:53:32: [amxbans.amxx] [AMXBANS] AMXBans 5.0 подключен
L 08/20/2011 - 07:05:39: -------- Mapchange to cs_estate --------
L 08/20/2011 - 07:05:43: [amxbans.amxx] [AMXBANS] AMXBans 5.0 подключен
L 08/20/2011 - 07:19:22: -------- Mapchange to cs_estate --------
L 08/20/2011 - 07:19:25: [amxbans.amxx] [AMXBANS] AMXBans 5.0 подключен
L 08/20/2011 - 07:27:46: -------- Mapchange to cs_militia --------
L 08/20/2011 - 07:27:53: [amxbans.amxx] [AMXBANS] AMXBans 5.0 подключен
L 08/20/2011 - 07:46:13: -------- Mapchange to zm_666_brick --------
L 08/20/2011 - 07:46:15: [amxbans.amxx] [AMXBANS] AMXBans 5.0 подключен
L 08/20/2011 - 07:49:14: -------- Mapchange to cs_estate --------
L 08/20/2011 - 07:49:17: [amxbans.amxx] [AMXBANS] AMXBans 5.0 подключен
L 08/20/2011 - 07:59:11: -------- Mapchange to cs_estate --------
L 08/20/2011 - 07:59:14: [amxbans.amxx] [AMXBANS] AMXBans 5.0 подключен
L 08/20/2011 - 08:16:38: -------- Mapchange to cs_estate --------
L 08/20/2011 - 08:16:41: [amxbans.amxx] [AMXBANS] AMXBans 5.0 подключен
L 08/20/2011 - 08:28:49: -------- Mapchange to cs_estate --------
L 08/20/2011 - 08:28:52: [amxbans.amxx] [AMXBANS] AMXBans 5.0 подключен
L 08/20/2011 - 08:39:31: -------- Mapchange to zm_fdust2x2 --------
L 08/20/2011 - 08:39:33: [amxbans.amxx] [AMXBANS] AMXBans 5.0 подключен
L 08/20/2011 - 08:45:29: -------- Mapchange to cs_estate --------
L 08/20/2011 - 08:45:32: [amxbans.amxx] [AMXBANS] AMXBans 5.0 подключен
L 08/20/2011 - 08:55:25: -------- Mapchange to cs_estate --------
L 08/20/2011 - 08:55:28: [amxbans.amxx] [AMXBANS] AMXBans 5.0 подключен
L 08/20/2011 - 09:05:21: -------- Mapchange to cs_estate --------
L 08/20/2011 - 09:05:24: [amxbans.amxx] [AMXBANS] AMXBans 5.0 подключен
L 08/20/2011 - 09:15:18: -------- Mapchange to cs_estate --------
L 08/20/2011 - 09:15:21: [amxbans.amxx] [AMXBANS] AMXBans 5.0 подключен
L 08/20/2011 - 09:33:34: -------- Mapchange to zm_666_brick --------
L 08/20/2011 - 09:33:36: [amxbans.amxx] [AMXBANS] AMXBans 5.0 подключен
L 08/20/2011 - 09:47:27: -------- Mapchange to cs_estate --------
L 08/20/2011 - 09:47:32: [amxbans.amxx] [AMXBANS] AMXBans 5.0 подключен
L 08/20/2011 - 09:55:16: -------- Mapchange to zm_cpl_mill_kamp --------
L 08/20/2011 - 09:55:19: [amxbans.amxx] [AMXBANS] AMXBans 5.0 подключен
L 08/20/2011 - 09:59:15: -------- Mapchange to zm_escapetrain --------
L 08/20/2011 - 09:59:17: [amxbans.amxx] [AMXBANS] AMXBans 5.0 подключен
L 08/20/2011 - 10:02:21: -------- Mapchange to zm_simple_b1 --------
L 08/20/2011 - 10:02:24: [amxbans.amxx] [AMXBANS] AMXBans 5.0 подключен
L 08/20/2011 - 10:06:15: -------- Mapchange to cs_militia --------
L 08/20/2011 - 10:06:24: [amxbans.amxx] [AMXBANS] AMXBans 5.0 подключен
L 08/20/2011 - 10:17:50: -------- Mapchange to zm_toxic_house --------
L 08/20/2011 - 10:17:52: [amxbans.amxx] [AMXBANS] AMXBans 5.0 подключен
L 08/20/2011 - 10:28:27: -------- Mapchange to zm_303 --------
L 08/20/2011 - 10:28:29: [amxbans.amxx] [AMXBANS] AMXBans 5.0 подключен
L 08/20/2011 - 10:39:13: -------- Mapchange to cs_estate --------
L 08/20/2011 - 10:39:16: [amxbans.amxx] [AMXBANS] AMXBans 5.0 подключен
L 08/20/2011 - 10:44:24: [admin_amxbans.amxx] Login: "Euforia<1227><STEAM_0:0:1235555515><>" became an admin (account "Euforia") (access "t") (address "188.123.245.19")
L 08/20/2011 - 10:47:36: -------- Mapchange to zm_houses --------
L 08/20/2011 - 10:47:38: [amxbans.amxx] [AMXBANS] AMXBans 5.0 подключен
L 08/20/2011 - 10:50:36: -------- Mapchange to cs_estate --------
L 08/20/2011 - 10:50:39: [amxbans.amxx] [AMXBANS] AMXBans 5.0 подключен
L 08/20/2011 - 11:01:05: -------- Mapchange to 016 --------
L 08/20/2011 - 11:01:07: [amxbans.amxx] [AMXBANS] AMXBans 5.0 подключен
L 08/20/2011 - 11:21:21: -------- Mapchange to zm_cpl_mill_kamp --------
L 08/20/2011 - 11:21:23: [amxbans.amxx] [AMXBANS] AMXBans 5.0 подключен
L 08/20/2011 - 11:44:20: -------- Mapchange to zm_desolation_house --------
L 08/20/2011 - 11:44:21: [amxbans.amxx] [AMXBANS] AMXBans 5.0 подключен
L 08/20/2011 - 11:58:30: [admin_amxbans.amxx] Login: "holder_x2<1271><STEAM_0:4:498321008><>" became an admin (account "holder_x2") (access "t") (address "89.110.59.146")
L 08/20/2011 - 12:04:51: -------- Mapchange to zm_666_brick --------
L 08/20/2011 - 12:04:51: [admin_amxbans.amxx] Login: "holder_x2<1271><STEAM_0:4:498321008><>" became an admin (account "holder_x2") (access "t") (address "89.110.59.146")
L 08/20/2011 - 12:04:52: [amxbans.amxx] [AMXBANS] AMXBans 5.0 подключен
L 08/20/2011 - 12:16:13: [voteban.amxx] Voteban starter holder_x2 against [o] 3x > E6aJL Te69 STEAM_0:0:2033977423
L 08/20/2011 - 12:16:28: [voteban.amxx] [AMXX] BANNED: [o] 3x > E6aJL Te69, STARTER: holder_x2
L 08/20/2011 - 12:16:29: [amxbans.amxx]  Зомби сервер (x_x(O_o)x_x) Go Zombie !!!<0><><> забанил [o] 3x > E6aJL Te69<STEAM_0:0:2033977423> на 15 минут (15 минут). Причина: VIP->holder_x2.
L 08/20/2011 - 12:16:59: [voteban.amxx] Voteban starter holder_x2 against Fill STEAM_0:0:1302043691
L 08/20/2011 - 12:17:14: [voteban.amxx] [AMXX] BANNED: Fill, STARTER: holder_x2
L 08/20/2011 - 12:17:15: [amxbans.amxx]  Зомби сервер (x_x(O_o)x_x) Go Zombie !!!<0><><> забанил Fill<STEAM_0:0:1302043691> на 15 минут (15 минут). Причина: VIP->holder_x2.
L 08/20/2011 - 12:28:19: -------- Mapchange to zm_alley --------
L 08/20/2011 - 12:28:20: [admin_amxbans.amxx] Login: "holder_x2<1271><STEAM_0:4:498321008><>" became an admin (account "holder_x2") (access "t") (address "89.110.59.146")
L 08/20/2011 - 12:28:21: [amxbans.amxx] [AMXBANS] AMXBans 5.0 подключен
L 08/20/2011 - 12:30:46: [admin_amxbans.amxx] Login: "Euforia<1291><STEAM_0:0:1235555515><>" became an admin (account "Euforia") (access "t") (address "188.123.245.19")
L 08/20/2011 - 12:47:33: [admin_amxbans.amxx] Login: "Euforia<1304><STEAM_0:0:1235555515><>" became an admin (account "Euforia") (access "t") (address "188.123.245.19")
L 08/20/2011 - 12:49:18: -------- Mapchange to zm_303 --------
L 08/20/2011 - 12:49:19: [admin_amxbans.amxx] Login: "Euforia<1304><STEAM_0:0:1235555515><>" became an admin (account "Euforia") (access "t") (address "188.123.245.19")
L 08/20/2011 - 12:49:19: [admin_amxbans.amxx] Login: "holder_x2<1271><STEAM_0:4:498321008><>" became an admin (account "holder_x2") (access "t") (address "89.110.59.146")
L 08/20/2011 - 12:49:20: [amxbans.amxx] [AMXBANS] AMXBans 5.0 подключен
L 08/20/2011 - 13:12:24: -------- Mapchange to zm_simple_b1 --------
L 08/20/2011 - 13:12:26: [admin_amxbans.amxx] Login: "Euforia<1304><STEAM_0:0:1235555515><>" became an admin (account "Euforia") (access "t") (address "188.123.245.19")
L 08/20/2011 - 13:12:27: [amxbans.amxx] [AMXBANS] AMXBans 5.0 подключен
L 08/20/2011 - 13:19:50: [admin_amxbans.amxx] Login: "Alecquant<1335><STEAM_0:4:2005621430><>" became an admin (account "Alecquant") (access "t") (address "213.87.74.70")
L 08/20/2011 - 13:32:45: -------- Mapchange to zm_dwarf --------
L 08/20/2011 - 13:32:47: [amxbans.amxx] [AMXBANS] AMXBans 5.0 подключен
L 08/20/2011 - 13:35:35: [admin_amxbans.amxx] Login: "Alecquant<1367><STEAM_0:4:2005621430><>" became an admin (account "Alecquant") (access "t") (address "213.87.74.70")
L 08/20/2011 - 13:35:50: [admin_amxbans.amxx] Login: "Alecquant<1368><STEAM_0:4:2005621430><>" became an admin (account "Alecquant") (access "t") (address "213.87.74.70")
L 08/20/2011 - 13:35:52: [admin_amxbans.amxx] Login: "Alecquant<1369><STEAM_0:4:2005621430><>" became an admin (account "Alecquant") (access "t") (address "213.87.74.70")
L 08/20/2011 - 13:35:55: [admin_amxbans.amxx] Login: "Alecquant<1370><STEAM_0:4:2005621430><>" became an admin (account "Alecquant") (access "t") (address "213.87.74.70")
L 08/20/2011 - 13:36:11: [admin_amxbans.amxx] Login: "Alecquant<1372><STEAM_0:4:2005621430><>" became an admin (account "Alecquant") (access "t") (address "213.87.74.70")
L 08/20/2011 - 13:36:44: [admin_amxbans.amxx] Login: "Alecquant<1374><STEAM_0:4:2005621430><>" became an admin (account "Alecquant") (access "t") (address "213.87.74.70")
L 08/20/2011 - 13:37:09: [admin_amxbans.amxx] Login: "Alecquant<1375><STEAM_0:4:2005621430><>" became an admin (account "Alecquant") (access "t") (address "213.87.74.70")
L 08/20/2011 - 13:46:24: [admin_amxbans.amxx] Login: "holder_x2<1388><STEAM_0:4:498321008><>" became an admin (account "holder_x2") (access "t") (address "89.110.59.146")
L 08/20/2011 - 13:54:14: -------- Mapchange to ze_lift_escape_b5 --------
L 08/20/2011 - 13:54:15: [admin_amxbans.amxx] Login: "holder_x2<1388><STEAM_0:4:498321008><>" became an admin (account "holder_x2") (access "t") (address "89.110.59.146")
L 08/20/2011 - 13:54:16: [amxbans.amxx] [AMXBANS] AMXBans 5.0 подключен
L 08/20/2011 - 14:00:04: [voteban.amxx] Voteban starter holder_x2 against xD STEAM_0:0:1038014991
L 08/20/2011 - 14:00:16: [voteban.amxx] Voteban starter holder_x2 against Lako$te STEAM_0:0:834770481
L 08/20/2011 - 14:00:19: [voteban.amxx] [AMXX] BANNED: Lako$te, STARTER: holder_x2
L 08/20/2011 - 14:00:20: [amxbans.amxx]  Зомби сервер (x_x(O_o)x_x) Go Zombie !!!<0><><> забанил Lako$te<STEAM_0:0:834770481> на 15 минут (15 минут). Причина: VIP->holder_x2.
L 08/20/2011 - 14:00:31: [voteban.amxx] [AMXX] BANNED: Lako$te, STARTER: holder_x2
L 08/20/2011 - 14:01:22: [voteban.amxx] Voteban starter holder_x2 against xD STEAM_0:0:1038014991
L 08/20/2011 - 14:01:37: [voteban.amxx] [AMXX] BANNED: xD, STARTER: holder_x2
L 08/20/2011 - 14:01:38: [amxbans.amxx]  Зомби сервер (x_x(O_o)x_x) Go Zombie !!!<0><><> забанил xD<STEAM_0:0:1038014991> на 15 минут (15 минут). Причина: VIP->holder_x2.
L 08/20/2011 - 14:02:03: [voteban.amxx] Voteban starter holder_x2 against KANA STEAM_0:4:1664314099
L 08/20/2011 - 14:02:18: [voteban.amxx] [AMXX] BANNED: KANA, STARTER: holder_x2
L 08/20/2011 - 14:02:19: [amxbans.amxx]  Зомби сервер (x_x(O_o)x_x) Go Zombie !!!<0><><> забанил KANA<STEAM_0:4:1664314099> на 15 минут (15 минут). Причина: VIP->holder_x2.
L 08/20/2011 - 14:07:33: [voteban.amxx] Voteban starter holder_x2 against .:RockmakeR:. STEAM_0:0:1091815272
L 08/20/2011 - 14:07:43: [voteban.amxx] Voteban starter holder_x2 against <<vlad>> STEAM_0:4:391419377
L 08/20/2011 - 14:07:48: [voteban.amxx] [AMXX] BANNED: <<vlad>>, STARTER: holder_x2
L 08/20/2011 - 14:07:49: [amxbans.amxx]  Зомби сервер (x_x(O_o)x_x) Go Zombie !!!<0><><> забанил <<vlad>><STEAM_0:4:391419377> на 15 минут (15 минут). Причина: VIP->holder_x2.
L 08/20/2011 - 14:07:57: [voteban.amxx] Voteban starter holder_x2 against cMeHi STEAM_0:4:534942065
L 08/20/2011 - 14:07:58: [voteban.amxx] [AMXX] BANNED: cMeHi, STARTER: holder_x2
L 08/20/2011 - 14:08:00: [amxbans.amxx]  Зомби сервер (x_x(O_o)x_x) Go Zombie !!!<0><><> забанил cMeHi<STEAM_0:4:534942065> на 15 минут (15 минут). Причина: VIP->holder_x2.
L 08/20/2011 - 14:08:12: [voteban.amxx] [AMXX] BANNED: cMeHi, STARTER: holder_x2
L 08/20/2011 - 14:10:37: [admin_amxbans.amxx] Login: "holder_x2<1429><STEAM_0:4:498321008><>" became an admin (account "holder_x2") (access "t") (address "89.110.59.146")
L 08/20/2011 - 14:10:38: -------- Mapchange to 016 --------
L 08/20/2011 - 14:10:39: [admin_amxbans.amxx] Login: "holder_x2<1429><STEAM_0:4:498321008><>" became an admin (account "holder_x2") (access "t") (address "89.110.59.146")
L 08/20/2011 - 14:10:40: [amxbans.amxx] [AMXBANS] AMXBans 5.0 подключен
L 08/20/2011 - 14:33:38: -------- Mapchange to cs_militia --------
L 08/20/2011 - 14:33:46: [amxbans.amxx] [AMXBANS] AMXBans 5.0 подключен
L 08/20/2011 - 14:42:38: [admin_amxbans.amxx] Login: "holder_x2<1483><STEAM_0:4:498321008><>" became an admin (account "holder_x2") (access "t") (address "89.110.59.146")
L 08/20/2011 - 14:55:12: -------- Mapchange to de_dust --------
L 08/20/2011 - 14:55:15: [amxbans.amxx] [AMXBANS] AMXBans 5.0 подключен
L 08/20/2011 - 15:17:24: -------- Mapchange to zm_army --------
L 08/20/2011 - 15:17:26: [amxbans.amxx] [AMXBANS] AMXBans 5.0 подключен
L 08/20/2011 - 15:40:18: -------- Mapchange to zm_666_brick --------
L 08/20/2011 - 15:40:20: [amxbans.amxx] [AMXBANS] AMXBans 5.0 подключен
L 08/20/2011 - 15:42:52: [admin_amxbans.amxx] Login: "Euforia<1534><STEAM_0:0:1235555515><>" became an admin (account "Euforia") (access "t") (address "188.123.245.19")
L 08/20/2011 - 16:01:20: -------- Mapchange to zm_toxic_house --------
L 08/20/2011 - 16:01:22: [admin_amxbans.amxx] Login: "Euforia<1534><STEAM_0:0:1235555515><>" became an admin (account "Euforia") (access "t") (address "188.123.245.19")
L 08/20/2011 - 16:01:23: [amxbans.amxx] [AMXBANS] AMXBans 5.0 подключен
L 08/20/2011 - 16:10:07: [amxbans.amxx] [Amxbans] Запрос провален!
L 08/20/2011 - 16:10:07: [amxbans.amxx] [Amxbans] Ошибка, адрес: 18
L 08/20/2011 - 16:10:07: [amxbans.amxx] [Amxbans] Сообщение: You have an error in your SQL syntax; check the manual that corresponds to your MySQL server version for the right syntax to use near ''Bantime expire' at line 1 (1064)
L 08/20/2011 - 16:10:07: [amxbans.amxx] [Amxbans] Статус запроса: 
L 08/20/2011 - 16:21:59: [amxbans.amxx] [Amxbans] Запрос провален!
L 08/20/2011 - 16:21:59: [amxbans.amxx] [Amxbans] Ошибка, адрес: 18
L 08/20/2011 - 16:21:59: [amxbans.amxx] [Amxbans] Сообщение: You have an error in your SQL syntax; check the manual that corresponds to your MySQL server version for the right syntax to use near ''Bantime expire' at line 1 (1064)
L 08/20/2011 - 16:21:59: [amxbans.amxx] [Amxbans] Статус запроса: 
L 08/20/2011 - 16:22:58: -------- Mapchange to zm_fdust2x2 --------
L 08/20/2011 - 16:23:00: [amxbans.amxx] [AMXBANS] AMXBans 5.0 подключен
L 08/20/2011 - 16:23:05: [amxbans.amxx] [Amxbans] Запрос провален!
L 08/20/2011 - 16:23:05: [amxbans.amxx] [Amxbans] Ошибка, адрес: 18
L 08/20/2011 - 16:23:05: [amxbans.amxx] [Amxbans] Сообщение: You have an error in your SQL syntax; check the manual that corresponds to your MySQL server version for the right syntax to use near ''Bantime expire' at line 1 (1064)
L 08/20/2011 - 16:23:05: [amxbans.amxx] [Amxbans] Статус запроса: 
L 08/20/2011 - 16:25:12: [amxbans.amxx] [Amxbans] Запрос провален!
L 08/20/2011 - 16:25:12: [amxbans.amxx] [Amxbans] Ошибка, адрес: 18
L 08/20/2011 - 16:25:12: [amxbans.amxx] [Amxbans] Сообщение: You have an error in your SQL syntax; check the manual that corresponds to your MySQL server version for the right syntax to use near ''Bantime expire' at line 1 (1064)
L 08/20/2011 - 16:25:12: [amxbans.amxx] [Amxbans] Статус запроса: 
L 08/20/2011 - 16:43:48: -------- Mapchange to zm_alley --------
L 08/20/2011 - 16:43:50: [amxbans.amxx] [AMXBANS] AMXBans 5.0 подключен
L 08/20/2011 - 17:03:53: -------- Mapchange to zm_desolation_house --------
L 08/20/2011 - 17:03:56: [amxbans.amxx] [AMXBANS] AMXBans 5.0 подключен
L 08/20/2011 - 17:08:06: [admin_amxbans.amxx] Login: "Euforia<1642><STEAM_0:0:1235555515><>" became an admin (account "Euforia") (access "t") (address "188.123.245.19")
L 08/20/2011 - 17:16:17: [voteban.amxx] Voteban starter Euforia against vlad STEAM_0:4:391419377
L 08/20/2011 - 17:16:32: [voteban.amxx] [AMXX] BANNED: vlad, STARTER: Euforia
L 08/20/2011 - 17:16:33: [amxbans.amxx]  Зомби сервер (x_x(O_o)x_x) Go Zombie !!!<0><><> забанил vlad<STEAM_0:4:391419377> на 15 минут (15 минут). Причина: VIP->Euforia.
L 08/20/2011 - 17:20:43: [amxbans.amxx] [Amxbans] Запрос провален!
L 08/20/2011 - 17:20:43: [amxbans.amxx] [Amxbans] Ошибка, адрес: 18
L 08/20/2011 - 17:20:43: [amxbans.amxx] [Amxbans] Сообщение: You have an error in your SQL syntax; check the manual that corresponds to your MySQL server version for the right syntax to use near ''Bantime expire' at line 1 (1064)
L 08/20/2011 - 17:20:43: [amxbans.amxx] [Amxbans] Статус запроса: 
L 08/20/2011 - 17:20:46: [amxbans.amxx] [Amxbans] Запрос провален!
L 08/20/2011 - 17:20:46: [amxbans.amxx] [Amxbans] Ошибка, адрес: 18
L 08/20/2011 - 17:20:46: [amxbans.amxx] [Amxbans] Сообщение: You have an error in your SQL syntax; check the manual that corresponds to your MySQL server version for the right syntax to use near ''Bantime expire' at line 1 (1064)
L 08/20/2011 - 17:20:46: [amxbans.amxx] [Amxbans] Статус запроса: 
L 08/20/2011 - 17:24:19: [admin_amxbans.amxx] Login: "P!Tu<1655><STEAM_0:0:25649157><>" became an admin (account "P!Tu") (access "t") (address "91.193.40.21")
L 08/20/2011 - 17:24:44: -------- Mapchange to 016 --------
L 08/20/2011 - 17:24:45: [admin_amxbans.amxx] Login: "Euforia<1642><STEAM_0:0:1235555515><>" became an admin (account "Euforia") (access "t") (address "188.123.245.19")
L 08/20/2011 - 17:24:45: [admin_amxbans.amxx] Login: "P!Tu<1655><STEAM_0:0:25649157><>" became an admin (account "P!Tu") (access "t") (address "91.193.40.21")
L 08/20/2011 - 17:24:46: [amxbans.amxx] [AMXBANS] AMXBans 5.0 подключен
L 08/20/2011 - 17:28:55: [voteban.amxx] Voteban starter P!Tu against MaecTpo!! STEAM_0:0:1410218480
L 08/20/2011 - 17:29:10: [voteban.amxx] [AMXX] BANNED: MaecTpo!!, STARTER: P!Tu
L 08/20/2011 - 17:29:11: [amxbans.amxx]  Зомби сервер (x_x(O_o)x_x) Go Zombie !!!<0><><> забанил MaecTpo!!<STEAM_0:0:1410218480> на 15 минут (15 минут). Причина: VIP->P!Tu.
L 08/20/2011 - 17:44:48: -------- Mapchange to zm_dwarf --------
L 08/20/2011 - 17:44:50: [admin_amxbans.amxx] Login: "P!Tu<1655><STEAM_0:0:25649157><>" became an admin (account "P!Tu") (access "t") (address "91.193.40.21")
L 08/20/2011 - 17:44:50: [amxbans.amxx] [AMXBANS] AMXBans 5.0 подключен
L 08/20/2011 - 18:06:29: -------- Mapchange to de_dust --------
L 08/20/2011 - 18:06:32: [admin_amxbans.amxx] Login: "P!Tu<1655><STEAM_0:0:25649157><>" became an admin (account "P!Tu") (access "t") (address "91.193.40.21")
L 08/20/2011 - 18:06:33: [amxbans.amxx] [AMXBANS] AMXBans 5.0 подключен
L 08/20/2011 - 18:11:06: [admin_amxbans.amxx] Login: "holder_x2<1693><STEAM_0:4:498321008><>" became an admin (account "holder_x2") (access "t") (address "89.110.59.146")
L 08/20/2011 - 18:26:40: -------- Mapchange to cs_militia --------
L 08/20/2011 - 18:26:48: [amxbans.amxx] [AMXBANS] AMXBans 5.0 подключен
L 08/20/2011 - 18:30:38: [admin_amxbans.amxx] Login: "holder_x2<1710><STEAM_0:4:498321008><>" became an admin (account "holder_x2") (access "t") (address "89.110.59.146")
L 08/20/2011 - 18:32:52: [voteban.amxx] Voteban starter holder_x2 against AHTOH STEAM_0:4:496269698
L 08/20/2011 - 18:33:07: [voteban.amxx] [AMXX] BANNED: AHTOH, STARTER: holder_x2
L 08/20/2011 - 18:33:08: [amxbans.amxx]  Зомби сервер (x_x(O_o)x_x) Go Zombie !!!<0><><> забанил AHTOH<STEAM_0:4:496269698> на 15 минут (15 минут). Причина: VIP->holder_x2.
L 08/20/2011 - 18:46:37: [admin_amxbans.amxx] Login: "Dimka<1721><STEAM_0:0:1236438227><>" became an admin (account "Dimka") (access "abcdefghijklmnopqrstu") (address "172.23.65.13")
L 08/20/2011 - 18:48:56: [mapsmenu.amxx] Cmd: "Dimka<1721><STEAM_0:0:1236438227><>" changelevel "zm_toxic_house"
L 08/20/2011 - 18:48:58: -------- Mapchange to zm_toxic_house --------
L 08/20/2011 - 18:48:59: [admin_amxbans.amxx] Login: "Dimka<1721><STEAM_0:0:1236438227><>" became an admin (account "Dimka") (access "abcdefghijklmnopqrstu") (address "172.23.65.13")
L 08/20/2011 - 18:49:00: [amxbans.amxx] [AMXBANS] AMXBans 5.0 подключен
L 08/20/2011 - 18:54:05: [admin_amxbans.amxx] Login: "holder_x2<1733><STEAM_0:4:498321008><>" became an admin (account "holder_x2") (access "t") (address "89.110.59.146")
L 08/20/2011 - 18:54:07: [admin_amxbans.amxx] Login: "holder_x2<1734><STEAM_0:4:498321008><>" became an admin (account "holder_x2") (access "t") (address "89.110.59.146")
L 08/20/2011 - 18:58:07: [admin_amxbans.amxx] Login: "Dimka<1737><STEAM_0:0:1236438227><>" became an admin (account "Dimka") (access "abcdefghijklmnopqrstu") (address "172.23.65.13")
L 08/20/2011 - 18:58:21: [admin_amxbans.amxx] Login: "holder_x2<1738><STEAM_0:4:498321008><>" became an admin (account "holder_x2") (access "t") (address "89.110.59.146")
L 08/20/2011 - 19:09:46: -------- Mapchange to ze_lift_escape_b5 --------
L 08/20/2011 - 19:09:47: [admin_amxbans.amxx] Login: "holder_x2<1738><STEAM_0:4:498321008><>" became an admin (account "holder_x2") (access "t") (address "89.110.59.146")
L 08/20/2011 - 19:09:47: [admin_amxbans.amxx] Login: "holder_x2<1738><STEAM_0:4:498321008><>" became an admin (account "holder_x2") (access "t") (address "89.110.59.146")
L 08/20/2011 - 19:09:48: [admin_amxbans.amxx] Login: "holder_x2<1745><STEAM_0:4:498321008><>" became an admin (account "holder_x2") (access "t") (address "89.110.59.146")
L 08/20/2011 - 19:09:48: [amxbans.amxx] [AMXBANS] AMXBans 5.0 подключен
L 08/20/2011 - 19:15:26: [voteban.amxx] Voteban starter holder_x2 against vlad STEAM_0:4:391419377
L 08/20/2011 - 19:15:41: [voteban.amxx] [AMXX] BANNED: vlad, STARTER: holder_x2
L 08/20/2011 - 19:15:42: [amxbans.amxx]  Зомби сервер (x_x(O_o)x_x) Go Zombie !!!<0><><> забанил vlad<STEAM_0:4:391419377> на 15 минут (15 минут). Причина: VIP->holder_x2.
L 08/20/2011 - 19:17:30: [admin_amxbans.amxx] Login: "P!Tu<1751><STEAM_0:0:25649157><>" became an admin (account "P!Tu") (access "t") (address "91.193.40.21")
L 08/20/2011 - 19:25:50: -------- Mapchange to zm_fdust2x2 --------
L 08/20/2011 - 19:25:51: [amxbans.amxx] [AMXBANS] AMXBans 5.0 подключен
L 08/20/2011 - 19:46:43: -------- Mapchange to zm_303 --------
L 08/20/2011 - 19:46:44: [amxbans.amxx] [AMXBANS] AMXBans 5.0 подключен
L 08/20/2011 - 19:50:26: [amxbans.amxx] [Amxbans] Запрос провален!
L 08/20/2011 - 19:50:26: [amxbans.amxx] [Amxbans] Ошибка, адрес: 18
L 08/20/2011 - 19:50:26: [amxbans.amxx] [Amxbans] Сообщение: You have an error in your SQL syntax; check the manual that corresponds to your MySQL server version for the right syntax to use near '' at line 1 (1064)
L 08/20/2011 - 19:50:26: [amxbans.amxx] [Amxbans] Статус запроса: 
L 08/20/2011 - 20:09:13: -------- Mapchange to zm_666_brick --------
L 08/20/2011 - 20:09:14: [amxbans.amxx] [AMXBANS] AMXBans 5.0 подключен
L 08/20/2011 - 20:09:19: [amxbans.amxx] [Amxbans] Запрос провален!
L 08/20/2011 - 20:09:19: [amxbans.amxx] [Amxbans] Ошибка, адрес: 18
L 08/20/2011 - 20:09:19: [amxbans.amxx] [Amxbans] Сообщение: You have an error in your SQL syntax; check the manual that corresponds to your MySQL server version for the right syntax to use near '' at line 1 (1064)
L 08/20/2011 - 20:09:19: [amxbans.amxx] [Amxbans] Статус запроса: 
L 08/20/2011 - 20:30:50: -------- Mapchange to ze_jurassicpark --------
L 08/20/2011 - 20:30:52: [amxbans.amxx] [AMXBANS] AMXBans 5.0 подключен
L 08/20/2011 - 20:30:57: [amxbans.amxx] [Amxbans] Запрос провален!
L 08/20/2011 - 20:30:57: [amxbans.amxx] [Amxbans] Ошибка, адрес: 18
L 08/20/2011 - 20:30:57: [amxbans.amxx] [Amxbans] Сообщение: You have an error in your SQL syntax; check the manual that corresponds to your MySQL server version for the right syntax to use near '' at line 1 (1064)
L 08/20/2011 - 20:30:57: [amxbans.amxx] [Amxbans] Статус запроса: 
L 08/20/2011 - 20:45:40: [admin_amxbans.amxx] Login: "Alecquant<1821><STEAM_0:4:889936566><>" became an admin (account "Alecquant") (access "t") (address "213.87.74.195")
L 08/20/2011 - 20:52:23: -------- Mapchange to zm_alley --------
L 08/20/2011 - 20:52:25: [amxbans.amxx] [AMXBANS] AMXBans 5.0 подключен
L 08/20/2011 - 20:52:30: [amxbans.amxx] [Amxbans] Запрос провален!
L 08/20/2011 - 20:52:30: [amxbans.amxx] [Amxbans] Ошибка, адрес: 18
L 08/20/2011 - 20:52:30: [amxbans.amxx] [Amxbans] Сообщение: You have an error in your SQL syntax; check the manual that corresponds to your MySQL server version for the right syntax to use near '' at line 1 (1064)
L 08/20/2011 - 20:52:30: [amxbans.amxx] [Amxbans] Статус запроса: 
L 08/20/2011 - 21:15:41: -------- Mapchange to zm_dwarf --------
L 08/20/2011 - 21:15:43: [amxbans.amxx] [AMXBANS] AMXBans 5.0 подключен
L 08/20/2011 - 21:36:18: -------- Mapchange to zm_cpl_mill_kamp --------
L 08/20/2011 - 21:36:20: [amxbans.amxx] [AMXBANS] AMXBans 5.0 подключен
L 08/20/2011 - 21:56:35: -------- Mapchange to zm_desolation_house --------
L 08/20/2011 - 21:56:37: [amxbans.amxx] [AMXBANS] AMXBans 5.0 подключен
L 08/20/2011 - 22:18:10: -------- Mapchange to 016 --------
L 08/20/2011 - 22:18:12: [amxbans.amxx] [AMXBANS] AMXBans 5.0 подключен
L 08/20/2011 - 22:38:59: -------- Mapchange to cs_militia --------
L 08/20/2011 - 22:39:05: [amxbans.amxx] [AMXBANS] AMXBans 5.0 подключен
L 08/20/2011 - 22:42:17: [admin_amxbans.amxx] Login: "holder_x2<1931><STEAM_0:4:498321008><>" became an admin (account "holder_x2") (access "t") (address "89.110.59.146")
L 08/20/2011 - 22:59:17: -------- Mapchange to zm_fdust2x2 --------
L 08/20/2011 - 22:59:19: [amxbans.amxx] [AMXBANS] AMXBans 5.0 подключен
L 08/20/2011 - 23:20:26: [admin_amxbans.amxx] Login: "Alecquant<1946><STEAM_0:4:889936566><>" became an admin (account "Alecquant") (access "t") (address "213.87.74.195")
L 08/20/2011 - 23:22:30: -------- Mapchange to zm_303 --------
L 08/20/2011 - 23:22:31: [admin_amxbans.amxx] Login: "Alecquant<1946><STEAM_0:4:889936566><>" became an admin (account "Alecquant") (access "t") (address "213.87.74.195")
L 08/20/2011 - 23:22:32: [amxbans.amxx] [AMXBANS] AMXBans 5.0 подключен
L 08/20/2011 - 23:40:47: [admin_amxbans.amxx] Login: "Camelot  [xD]<1960><STEAM_0:4:1417253489><>" became an admin (account "Camelot  [xD]") (access "t") (address "91.198.175.1")
L 08/20/2011 - 23:44:27: -------- Mapchange to zm_toxic_house --------
L 08/20/2011 - 23:44:28: [admin_amxbans.amxx] Login: "Camelot  [xD]<1960><STEAM_0:4:1417253489><>" became an admin (account "Camelot  [xD]") (access "t") (address "91.198.175.1")
L 08/20/2011 - 23:44:29: [amxbans.amxx] [AMXBANS] AMXBans 5.0 подключен
L 08/20/2011 - 23:45:05: [admin_amxbans.amxx] Login: "Camelot  [xD]<1967><STEAM_0:4:1417253489><>" became an admin (account "Camelot  [xD]") (access "t") (address "91.198.175.1")
L 08/20/2011 - 23:45:13: [admin_amxbans.amxx] Login: "Camelot  [xD]<1968><STEAM_0:4:1417253489><>" became an admin (account "Camelot  [xD]") (access "t") (address "91.198.175.1")
L 08/20/2011 - 23:54:52: [voteban.amxx] Voteban starter Camelot  [xD] against [o] aar Crysis STEAM_0:4:138358513
L 08/20/2011 - 23:55:07: [voteban.amxx] [AMXX] BANNED: [o] aar Crysis, STARTER: Camelot  [xD]
L 08/20/2011 - 23:55:08: [amxbans.amxx]  Зомби сервер (x_x(O_o)x_x) Go Zombie !!!<0><><> забанил [o] aar Crysis<STEAM_0:4:138358513> на 15 минут (15 минут). Причина: VIP->Camelot  [xD].
