L 09/09/2011 - 00:01:36: [admin_amxbans.amxx] Login: "[BlackWolf]Camelot<1111><STEAM_0:4:1417253489><>" became an admin (account "[BlackWolf]Camelot") (access "t") (address "91.198.175.1")
L 09/09/2011 - 00:04:44: -------- Mapchange to zm_666_brick --------
L 09/09/2011 - 00:04:46: [amxbans.amxx] [AMXBANS] AMXBans 5.0 подключен
L 09/09/2011 - 00:33:35: [admin_amxbans.amxx] Login: "[BlackWolf]Camelot<1127><STEAM_0:4:1417253489><>" became an admin (account "[BlackWolf]Camelot") (access "t") (address "91.198.175.1")
L 09/09/2011 - 00:53:06: -------- Mapchange to zm_decline2k --------
L 09/09/2011 - 00:53:08: [amxbans.amxx] [AMXBANS] AMXBans 5.0 подключен
L 09/09/2011 - 00:56:06: -------- Mapchange to cs_estate --------
L 09/09/2011 - 00:56:08: [amxbans.amxx] [AMXBANS] AMXBans 5.0 подключен
L 09/09/2011 - 01:08:31: -------- Mapchange to 016 --------
L 09/09/2011 - 01:08:33: [amxbans.amxx] [AMXBANS] AMXBans 5.0 подключен
L 09/09/2011 - 01:28:29: -------- Mapchange to zm_toxic_house --------
L 09/09/2011 - 01:28:31: [amxbans.amxx] [AMXBANS] AMXBans 5.0 подключен
L 09/09/2011 - 02:04:04: -------- Mapchange to zm_simple_b1 --------
L 09/09/2011 - 02:04:06: [amxbans.amxx] [AMXBANS] AMXBans 5.0 подключен
L 09/09/2011 - 02:08:33: -------- Mapchange to cs_estate --------
L 09/09/2011 - 02:08:36: [amxbans.amxx] [AMXBANS] AMXBans 5.0 подключен
L 09/09/2011 - 02:18:29: -------- Mapchange to cs_estate --------
L 09/09/2011 - 02:18:32: [amxbans.amxx] [AMXBANS] AMXBans 5.0 подключен
L 09/09/2011 - 02:28:25: -------- Mapchange to cs_estate --------
L 09/09/2011 - 02:28:28: [amxbans.amxx] [AMXBANS] AMXBans 5.0 подключен
L 09/09/2011 - 02:38:21: -------- Mapchange to cs_estate --------
L 09/09/2011 - 02:38:24: [amxbans.amxx] [AMXBANS] AMXBans 5.0 подключен
L 09/09/2011 - 02:48:17: -------- Mapchange to cs_estate --------
L 09/09/2011 - 02:48:20: [amxbans.amxx] [AMXBANS] AMXBans 5.0 подключен
L 09/09/2011 - 02:58:13: -------- Mapchange to cs_estate --------
L 09/09/2011 - 02:58:15: [amxbans.amxx] [AMXBANS] AMXBans 5.0 подключен
L 09/09/2011 - 03:08:09: -------- Mapchange to cs_estate --------
L 09/09/2011 - 03:08:11: [amxbans.amxx] [AMXBANS] AMXBans 5.0 подключен
L 09/09/2011 - 03:18:05: -------- Mapchange to cs_estate --------
L 09/09/2011 - 03:18:07: [amxbans.amxx] [AMXBANS] AMXBans 5.0 подключен
L 09/09/2011 - 03:28:01: -------- Mapchange to cs_estate --------
L 09/09/2011 - 03:28:03: [amxbans.amxx] [AMXBANS] AMXBans 5.0 подключен
L 09/09/2011 - 03:37:57: -------- Mapchange to cs_estate --------
L 09/09/2011 - 03:37:59: [amxbans.amxx] [AMXBANS] AMXBans 5.0 подключен
L 09/09/2011 - 03:57:18: -------- Mapchange to cs_estate --------
L 09/09/2011 - 03:57:20: [amxbans.amxx] [AMXBANS] AMXBans 5.0 подключен
L 09/09/2011 - 04:07:14: -------- Mapchange to cs_estate --------
L 09/09/2011 - 04:07:22: [amxbans.amxx] [AMXBANS] AMXBans 5.0 подключен
L 09/09/2011 - 04:27:00: -------- Mapchange to zm_303 --------
L 09/09/2011 - 04:27:07: [amxbans.amxx] [AMXBANS] AMXBans 5.0 подключен
L 09/09/2011 - 04:30:36: -------- Mapchange to cs_estate --------
L 09/09/2011 - 04:30:43: [amxbans.amxx] [AMXBANS] AMXBans 5.0 подключен
L 09/09/2011 - 04:40:37: -------- Mapchange to cs_estate --------
L 09/09/2011 - 04:40:46: [amxbans.amxx] [AMXBANS] AMXBans 5.0 подключен
L 09/09/2011 - 05:01:55: -------- Mapchange to cs_estate --------
L 09/09/2011 - 05:02:00: [amxbans.amxx] [AMXBANS] AMXBans 5.0 подключен
L 09/09/2011 - 05:12:09: -------- Mapchange to cs_estate --------
L 09/09/2011 - 05:12:11: [amxbans.amxx] [AMXBANS] AMXBans 5.0 подключен
L 09/09/2011 - 05:22:05: -------- Mapchange to cs_estate --------
L 09/09/2011 - 05:22:07: [amxbans.amxx] [AMXBANS] AMXBans 5.0 подключен
L 09/09/2011 - 05:32:00: -------- Mapchange to cs_estate --------
L 09/09/2011 - 05:32:03: [amxbans.amxx] [AMXBANS] AMXBans 5.0 подключен
L 09/09/2011 - 05:46:56: -------- Mapchange to cs_estate --------
L 09/09/2011 - 05:46:59: [amxbans.amxx] [AMXBANS] AMXBans 5.0 подключен
L 09/09/2011 - 05:57:22: -------- Mapchange to cs_estate --------
L 09/09/2011 - 05:57:25: [amxbans.amxx] [AMXBANS] AMXBans 5.0 подключен
L 09/09/2011 - 06:07:18: -------- Mapchange to cs_estate --------
L 09/09/2011 - 06:07:21: [amxbans.amxx] [AMXBANS] AMXBans 5.0 подключен
L 09/09/2011 - 06:17:14: -------- Mapchange to cs_estate --------
L 09/09/2011 - 06:17:17: [amxbans.amxx] [AMXBANS] AMXBans 5.0 подключен
L 09/09/2011 - 06:27:10: -------- Mapchange to cs_estate --------
L 09/09/2011 - 06:27:13: [amxbans.amxx] [AMXBANS] AMXBans 5.0 подключен
L 09/09/2011 - 06:37:06: -------- Mapchange to cs_estate --------
L 09/09/2011 - 06:37:08: [amxbans.amxx] [AMXBANS] AMXBans 5.0 подключен
L 09/09/2011 - 06:47:02: -------- Mapchange to cs_estate --------
L 09/09/2011 - 06:47:04: [amxbans.amxx] [AMXBANS] AMXBans 5.0 подключен
L 09/09/2011 - 06:56:58: -------- Mapchange to cs_estate --------
L 09/09/2011 - 06:57:00: [amxbans.amxx] [AMXBANS] AMXBans 5.0 подключен
L 09/09/2011 - 07:06:54: -------- Mapchange to cs_estate --------
L 09/09/2011 - 07:06:56: [amxbans.amxx] [AMXBANS] AMXBans 5.0 подключен
L 09/09/2011 - 07:16:49: -------- Mapchange to cs_estate --------
L 09/09/2011 - 07:16:52: [amxbans.amxx] [AMXBANS] AMXBans 5.0 подключен
L 09/09/2011 - 07:26:45: -------- Mapchange to cs_estate --------
L 09/09/2011 - 07:26:48: [amxbans.amxx] [AMXBANS] AMXBans 5.0 подключен
L 09/09/2011 - 07:35:23: -------- Mapchange to zm_dwarf --------
L 09/09/2011 - 07:35:24: [amxbans.amxx] [AMXBANS] AMXBans 5.0 подключен
L 09/09/2011 - 07:40:52: -------- Mapchange to cs_estate --------
L 09/09/2011 - 07:40:54: [amxbans.amxx] [AMXBANS] AMXBans 5.0 подключен
L 09/09/2011 - 07:50:48: -------- Mapchange to cs_estate --------
L 09/09/2011 - 07:50:50: [amxbans.amxx] [AMXBANS] AMXBans 5.0 подключен
L 09/09/2011 - 08:00:44: -------- Mapchange to cs_estate --------
L 09/09/2011 - 08:00:46: [amxbans.amxx] [AMXBANS] AMXBans 5.0 подключен
L 09/09/2011 - 08:14:51: -------- Mapchange to cs_estate --------
L 09/09/2011 - 08:14:53: [amxbans.amxx] [AMXBANS] AMXBans 5.0 подключен
L 09/09/2011 - 08:23:14: -------- Mapchange to zm_fdust2x2 --------
L 09/09/2011 - 08:23:16: [amxbans.amxx] [AMXBANS] AMXBans 5.0 подключен
L 09/09/2011 - 08:31:27: -------- Mapchange to cs_estate --------
L 09/09/2011 - 08:31:29: [amxbans.amxx] [AMXBANS] AMXBans 5.0 подключен
L 09/09/2011 - 08:43:20: -------- Mapchange to zm_caca --------
L 09/09/2011 - 08:43:21: [amxbans.amxx] [AMXBANS] AMXBans 5.0 подключен
L 09/09/2011 - 08:48:11: -------- Mapchange to cs_estate --------
L 09/09/2011 - 08:48:14: [amxbans.amxx] [AMXBANS] AMXBans 5.0 подключен
L 09/09/2011 - 08:58:07: -------- Mapchange to ze_jurassicpark --------
L 09/09/2011 - 08:58:09: [amxbans.amxx] [AMXBANS] AMXBans 5.0 подключен
L 09/09/2011 - 09:16:14: -------- Mapchange to zm_creative --------
L 09/09/2011 - 09:16:15: [amxbans.amxx] [AMXBANS] AMXBans 5.0 подключен
L 09/09/2011 - 09:19:13: -------- Mapchange to cs_estate --------
L 09/09/2011 - 09:19:16: [amxbans.amxx] [AMXBANS] AMXBans 5.0 подключен
L 09/09/2011 - 09:30:16: -------- Mapchange to 016 --------
L 09/09/2011 - 09:30:18: [amxbans.amxx] [AMXBANS] AMXBans 5.0 подключен
L 09/09/2011 - 09:39:31: -------- Mapchange to cs_estate --------
L 09/09/2011 - 09:39:34: [amxbans.amxx] [AMXBANS] AMXBans 5.0 подключен
L 09/09/2011 - 09:49:27: -------- Mapchange to cs_estate --------
L 09/09/2011 - 09:49:30: [amxbans.amxx] [AMXBANS] AMXBans 5.0 подключен
L 09/09/2011 - 10:04:09: -------- Mapchange to zm_303 --------
L 09/09/2011 - 10:04:11: [amxbans.amxx] [AMXBANS] AMXBans 5.0 подключен
L 09/09/2011 - 10:25:12: -------- Mapchange to zm_fdust2x2 --------
L 09/09/2011 - 10:25:14: [amxbans.amxx] [AMXBANS] AMXBans 5.0 подключен
L 09/09/2011 - 10:47:13: -------- Mapchange to zm_alley --------
L 09/09/2011 - 10:47:14: [amxbans.amxx] [AMXBANS] AMXBans 5.0 подключен
L 09/09/2011 - 10:57:57: -------- Mapchange to zm_neris --------
L 09/09/2011 - 10:57:58: [amxbans.amxx] [AMXBANS] AMXBans 5.0 подключен
L 09/09/2011 - 11:06:10: [admin_amxbans.amxx] Login: "Lenusjka<1369><STEAM_0:4:1429483121><>" became an admin (account "Lenusjka") (access "et") (address "91.190.52.3")
L 09/09/2011 - 11:19:18: -------- Mapchange to zm_666_brick --------
L 09/09/2011 - 11:19:19: [admin_amxbans.amxx] Login: "Lenusjka<1369><STEAM_0:4:1429483121><>" became an admin (account "Lenusjka") (access "et") (address "91.190.52.3")
L 09/09/2011 - 11:19:20: [amxbans.amxx] [AMXBANS] AMXBans 5.0 подключен
L 09/09/2011 - 11:41:33: -------- Mapchange to zm_creative --------
L 09/09/2011 - 11:41:34: [admin_amxbans.amxx] Login: "Lenusjka<1369><STEAM_0:4:1429483121><>" became an admin (account "Lenusjka") (access "et") (address "91.190.52.3")
L 09/09/2011 - 11:41:35: [amxbans.amxx] [AMXBANS] AMXBans 5.0 подключен
L 09/09/2011 - 11:41:47: [admin_amxbans.amxx] Login: "Lenusjka<1397><STEAM_0:4:1429483121><>" became an admin (account "Lenusjka") (access "et") (address "91.190.52.3")
L 09/09/2011 - 11:49:44: -------- Mapchange to zm_decline2k --------
L 09/09/2011 - 11:49:46: [amxbans.amxx] [AMXBANS] AMXBans 5.0 подключен
L 09/09/2011 - 12:00:46: -------- Mapchange to cs_militia --------
L 09/09/2011 - 12:00:52: [amxbans.amxx] [AMXBANS] AMXBans 5.0 подключен
L 09/09/2011 - 12:20:13: -------- Mapchange to zm_dwarf --------
L 09/09/2011 - 12:20:15: [amxbans.amxx] [AMXBANS] AMXBans 5.0 подключен
L 09/09/2011 - 12:38:46: -------- Mapchange to zm_303 --------
L 09/09/2011 - 12:38:48: [amxbans.amxx] [AMXBANS] AMXBans 5.0 подключен
L 09/09/2011 - 13:00:13: -------- Mapchange to ze_jurassicpark --------
L 09/09/2011 - 13:00:15: [amxbans.amxx] [AMXBANS] AMXBans 5.0 подключен
L 09/09/2011 - 13:10:26: -------- Mapchange to zm_alley --------
L 09/09/2011 - 13:10:28: [amxbans.amxx] [AMXBANS] AMXBans 5.0 подключен
L 09/09/2011 - 13:27:20: -------- Mapchange to ze_train_back_lg --------
L 09/09/2011 - 13:27:22: [amxbans.amxx] [AMXBANS] AMXBans 5.0 подключен
L 09/09/2011 - 13:33:07: -------- Mapchange to zm_fdust2x2 --------
L 09/09/2011 - 13:33:08: [amxbans.amxx] [AMXBANS] AMXBans 5.0 подключен
L 09/09/2011 - 13:53:36: -------- Mapchange to zm_creative --------
L 09/09/2011 - 13:53:37: [amxbans.amxx] [AMXBANS] AMXBans 5.0 подключен
L 09/09/2011 - 14:06:52: -------- Mapchange to zm_cpl_mill_kamp --------
L 09/09/2011 - 14:06:54: [amxbans.amxx] [AMXBANS] AMXBans 5.0 подключен
L 09/09/2011 - 14:29:28: -------- Mapchange to zm_caca --------
L 09/09/2011 - 14:29:29: [amxbans.amxx] [AMXBANS] AMXBans 5.0 подключен
L 09/09/2011 - 14:51:58: -------- Mapchange to zm_666_brick --------
L 09/09/2011 - 14:52:00: [amxbans.amxx] [AMXBANS] AMXBans 5.0 подключен
L 09/09/2011 - 15:12:14: -------- Mapchange to ze_lift_escape_b5 --------
L 09/09/2011 - 15:12:15: [amxbans.amxx] [AMXBANS] AMXBans 5.0 подключен
L 09/09/2011 - 15:20:48: -------- Mapchange to ze_jurassicpark --------
L 09/09/2011 - 15:20:49: [amxbans.amxx] [AMXBANS] AMXBans 5.0 подключен
L 09/09/2011 - 15:36:39: -------- Mapchange to ze_egypt --------
L 09/09/2011 - 15:36:41: [amxbans.amxx] [AMXBANS] AMXBans 5.0 подключен
L 09/09/2011 - 15:46:13: [admin_amxbans.amxx] Login: "~Helena~<1659><STEAM_0:0:1038014991><>" kicked due to invalid password (account "~Helena~") (address "213.138.70.58")
L 09/09/2011 - 15:46:19: [admin_amxbans.amxx] Login: "~Helena~<1673><STEAM_0:0:1038014991><>" kicked due to invalid password (account "~Helena~") (address "213.138.70.58")
L 09/09/2011 - 15:46:44: [admin_amxbans.amxx] Login: "Lenusjka<1675><STEAM_0:0:1038014991><>" became an admin (account "Lenusjka") (access "et") (address "213.138.70.58")
L 09/09/2011 - 15:47:39: [voteban.amxx] Voteban starter Lenusjka against VOVA STEAM_0:4:1269322741
L 09/09/2011 - 15:47:54: [voteban.amxx] [AMXX] BANNED: VOVA, STARTER: Lenusjka
L 09/09/2011 - 15:47:55: [amxbans.amxx]  Зомби сервер (x_x(O_o)x_x) Go Zombie !!!<0><><> забанил VOVA<STEAM_0:4:1269322741> на 15 минут (15 минут). Причина: VIP->Lenusjka.
L 09/09/2011 - 15:52:31: -------- Mapchange to ze_train_back_lg --------
L 09/09/2011 - 15:52:32: [admin_amxbans.amxx] Login: "Lenusjka<1675><STEAM_0:0:1038014991><>" became an admin (account "Lenusjka") (access "et") (address "213.138.70.58")
L 09/09/2011 - 15:52:33: [amxbans.amxx] [AMXBANS] AMXBans 5.0 подключен
L 09/09/2011 - 15:53:19: [admin_amxbans.amxx] Login: "Lenusjka<1700><STEAM_0:0:1038014991><>" became an admin (account "Lenusjka") (access "et") (address "213.138.70.58")
L 09/09/2011 - 16:00:33: -------- Mapchange to zm_decline2k --------
L 09/09/2011 - 16:00:34: [admin_amxbans.amxx] Login: "Lenusjka<1700><STEAM_0:0:1038014991><>" became an admin (account "Lenusjka") (access "et") (address "213.138.70.58")
L 09/09/2011 - 16:00:35: [amxbans.amxx] [AMXBANS] AMXBans 5.0 подключен
L 09/09/2011 - 16:04:26: [voteban.amxx] Voteban starter Lenusjka against [Region-57]-susliha vada wa STEAM_0:0:1502667040
L 09/09/2011 - 16:04:41: [voteban.amxx] [AMXX] BANNED: [Region-57]-susliha vada wa, STARTER: Lenusjka
L 09/09/2011 - 16:04:42: [amxbans.amxx]  Зомби сервер (x_x(O_o)x_x) Go Zombie !!!<0><><> забанил [Region-57]-susliha vada wa<STEAM_0:0:1502667040> на 15 минут (15 минут). Причина: VIP->Lenusjka.
L 09/09/2011 - 16:21:44: -------- Mapchange to zm_dwarf --------
L 09/09/2011 - 16:21:45: [amxbans.amxx] [AMXBANS] AMXBans 5.0 подключен
L 09/09/2011 - 16:21:46: [admin_amxbans.amxx] Login: "Lenusjka<1700><STEAM_0:0:1038014991><>" became an admin (account "Lenusjka") (access "et") (address "213.138.70.58")
L 09/09/2011 - 16:22:01: [admin_amxbans.amxx] Login: "Lenusjka<1771><STEAM_0:0:1038014991><>" became an admin (account "Lenusjka") (access "et") (address "213.138.70.58")
L 09/09/2011 - 16:23:59: [admin_amxbans.amxx] Login: "Zloy-Tupoy-Buhoy [Str,RUS]<1774><STEAM_0:4:2034025971><>" became an admin (account "Zloy-Tupoy-Buhoy [Str,RUS]") (access "t") (address "95.105.37.91")
L 09/09/2011 - 16:42:25: -------- Mapchange to 016 --------
L 09/09/2011 - 16:42:26: [admin_amxbans.amxx] Login: "Zloy-Tupoy-Buhoy [Str,RUS]<1774><STEAM_0:4:2034025971><>" became an admin (account "Zloy-Tupoy-Buhoy [Str,RUS]") (access "t") (address "95.105.37.91")
L 09/09/2011 - 16:42:27: [amxbans.amxx] [AMXBANS] AMXBans 5.0 подключен
L 09/09/2011 - 16:44:17: [voteban.amxx] Voteban starter Zloy-Tupoy-Buhoy [Str,RUS] against CODA STEAM_0:0:1636427701
L 09/09/2011 - 16:44:26: [voteban.amxx] Voteban starter Zloy-Tupoy-Buhoy [Str,RUS] against tEmzz :)) STEAM_0:0:287945496
L 09/09/2011 - 16:44:32: [voteban.amxx] [AMXX] BANNED: tEmzz :)), STARTER: Zloy-Tupoy-Buhoy [Str,RUS]
L 09/09/2011 - 16:44:33: [amxbans.amxx]  Зомби сервер (x_x(O_o)x_x) Go Zombie !!!<0><><> забанил tEmzz :))<STEAM_0:0:287945496> на 15 минут (15 минут). Причина: VIP->Zloy-Tupoy-Buhoy [Str,RUS].
L 09/09/2011 - 16:44:41: [voteban.amxx] [AMXX] BANNED: tEmzz :)), STARTER: Zloy-Tupoy-Buhoy [Str,RUS]
L 09/09/2011 - 16:49:23: [voteban.amxx] Voteban starter Zloy-Tupoy-Buhoy [Str,RUS] against CODA STEAM_0:0:1636427701
L 09/09/2011 - 16:49:38: [voteban.amxx] [AMXX] BANNED: CODA, STARTER: Zloy-Tupoy-Buhoy [Str,RUS]
L 09/09/2011 - 16:49:39: [amxbans.amxx]  Зомби сервер (x_x(O_o)x_x) Go Zombie !!!<0><><> забанил CODA<STEAM_0:0:1636427701> на 15 минут (15 минут). Причина: VIP->Zloy-Tupoy-Buhoy [Str,RUS].
L 09/09/2011 - 17:04:44: -------- Mapchange to zm_303 --------
L 09/09/2011 - 17:04:45: [admin_amxbans.amxx] Login: "Zloy-Tupoy-Buhoy [Str,RUS]<1774><STEAM_0:4:2034025971><>" became an admin (account "Zloy-Tupoy-Buhoy [Str,RUS]") (access "t") (address "95.105.37.91")
L 09/09/2011 - 17:04:46: [amxbans.amxx] [AMXBANS] AMXBans 5.0 подключен
L 09/09/2011 - 17:10:49: [voteban.amxx] Voteban starter Zloy-Tupoy-Buhoy [Str,RUS] against CODA STEAM_0:0:1636427701
L 09/09/2011 - 17:11:04: [voteban.amxx] [AMXX] BANNED: CODA, STARTER: Zloy-Tupoy-Buhoy [Str,RUS]
L 09/09/2011 - 17:11:05: [amxbans.amxx]  Зомби сервер (x_x(O_o)x_x) Go Zombie !!!<0><><> забанил CODA<STEAM_0:0:1636427701> на 15 минут (15 минут). Причина: VIP->Zloy-Tupoy-Buhoy [Str,RUS].
L 09/09/2011 - 17:14:27: [admin_amxbans.amxx] Login: "Lenusjka<1855><STEAM_0:0:1038014991><>" became an admin (account "Lenusjka") (access "et") (address "213.138.70.58")
L 09/09/2011 - 17:15:17: [voteban.amxx] Voteban starter Zloy-Tupoy-Buhoy [Str,RUS] against Tema [En] STEAM_0:0:967954456
L 09/09/2011 - 17:15:32: [voteban.amxx] [AMXX] BANNED: Tema [En], STARTER: Zloy-Tupoy-Buhoy [Str,RUS]
L 09/09/2011 - 17:15:33: [amxbans.amxx]  Зомби сервер (x_x(O_o)x_x) Go Zombie !!!<0><><> забанил unknown_STEAM_0:0:967954456<STEAM_0:0:967954456> на 15 минут (15 минут). Причина: VIP->Zloy-Tupoy-Buhoy [Str,RUS].
L 09/09/2011 - 17:20:15: [voteban.amxx] Voteban starter Lenusjka against O/ x(o)T.n.I.k  Z{o}m.B] STEAM_0:4:1350964081
L 09/09/2011 - 17:20:30: [voteban.amxx] [AMXX] BANNED: O/ x(o)T.n.I.k  Z{o}m.B], STARTER: Lenusjka
L 09/09/2011 - 17:20:31: [amxbans.amxx]  Зомби сервер (x_x(O_o)x_x) Go Zombie !!!<0><><> забанил O/ x(o)T.n.I.k  Z{o}m.B]<STEAM_0:4:1350964081> на 15 минут (15 минут). Причина: VIP->Lenusjka.
L 09/09/2011 - 17:26:27: -------- Mapchange to zm_alley --------
L 09/09/2011 - 17:26:28: [admin_amxbans.amxx] Login: "Zloy-Tupoy-Buhoy [Str,RUS]<1774><STEAM_0:4:2034025971><>" became an admin (account "Zloy-Tupoy-Buhoy [Str,RUS]") (access "t") (address "95.105.37.91")
L 09/09/2011 - 17:26:29: [admin_amxbans.amxx] Login: "Lenusjka<1855><STEAM_0:0:1038014991><>" became an admin (account "Lenusjka") (access "et") (address "213.138.70.58")
L 09/09/2011 - 17:26:29: [amxbans.amxx] [AMXBANS] AMXBans 5.0 подключен
L 09/09/2011 - 17:32:36: [voteban.amxx] Voteban starter Zloy-Tupoy-Buhoy [Str,RUS] against drakon [*] STEAM_0:0:1707410635
L 09/09/2011 - 17:32:51: [voteban.amxx] [AMXX] BANNED: drakon [*], STARTER: Zloy-Tupoy-Buhoy [Str,RUS]
L 09/09/2011 - 17:32:52: [amxbans.amxx]  Зомби сервер (x_x(O_o)x_x) Go Zombie !!!<0><><> забанил drakon [*]<STEAM_0:0:1707410635> на 15 минут (15 минут). Причина: VIP->Zloy-Tupoy-Buhoy [Str,RUS].
L 09/09/2011 - 17:35:02: [admin_amxbans.amxx] Login: "Lenusjka<1896><STEAM_0:0:1038014991><>" became an admin (account "Lenusjka") (access "et") (address "213.138.70.58")
L 09/09/2011 - 17:35:44: [amxbans.amxx] [Amxbans] Запрос провален!
L 09/09/2011 - 17:35:44: [amxbans.amxx] [Amxbans] Ошибка, адрес: 18
L 09/09/2011 - 17:35:44: [amxbans.amxx] [Amxbans] Сообщение: You have an error in your SQL syntax; check the manual that corresponds to your MySQL server version for the right syntax to use near ''Ba' at line 1 (1064)
L 09/09/2011 - 17:35:44: [amxbans.amxx] [Amxbans] Статус запроса: 
L 09/09/2011 - 17:39:41: -------- Mapchange to ze_lift_escape_b5 --------
L 09/09/2011 - 17:39:42: [admin_amxbans.amxx] Login: "Zloy-Tupoy-Buhoy [Str,RUS]<1774><STEAM_0:4:2034025971><>" became an admin (account "Zloy-Tupoy-Buhoy [Str,RUS]") (access "t") (address "95.105.37.91")
L 09/09/2011 - 17:39:42: [admin_amxbans.amxx] Login: "Lenusjka<1896><STEAM_0:0:1038014991><>" became an admin (account "Lenusjka") (access "et") (address "213.138.70.58")
L 09/09/2011 - 17:39:43: [amxbans.amxx] [AMXBANS] AMXBans 5.0 подключен
L 09/09/2011 - 17:51:07: -------- Mapchange to zm_caca --------
L 09/09/2011 - 17:51:08: [admin_amxbans.amxx] Login: "Zloy-Tupoy-Buhoy [Str,RUS]<1774><STEAM_0:4:2034025971><>" became an admin (account "Zloy-Tupoy-Buhoy [Str,RUS]") (access "t") (address "95.105.37.91")
L 09/09/2011 - 17:51:09: [amxbans.amxx] [AMXBANS] AMXBans 5.0 подключен
L 09/09/2011 - 17:59:43: [amxbans.amxx] [Amxbans] Запрос провален!
L 09/09/2011 - 17:59:43: [amxbans.amxx] [Amxbans] Ошибка, адрес: 18
L 09/09/2011 - 17:59:43: [amxbans.amxx] [Amxbans] Сообщение: You have an error in your SQL syntax; check the manual that corresponds to your MySQL server version for the right syntax to use near ''Ba' at line 1 (1064)
L 09/09/2011 - 17:59:43: [amxbans.amxx] [Amxbans] Статус запроса: 
L 09/09/2011 - 18:01:51: [amxbans.amxx] [Amxbans] Запрос провален!
L 09/09/2011 - 18:01:51: [amxbans.amxx] [Amxbans] Ошибка, адрес: 18
L 09/09/2011 - 18:01:51: [amxbans.amxx] [Amxbans] Сообщение: You have an error in your SQL syntax; check the manual that corresponds to your MySQL server version for the right syntax to use near ''Ba' at line 1 (1064)
L 09/09/2011 - 18:01:51: [amxbans.amxx] [Amxbans] Статус запроса: 
L 09/09/2011 - 18:12:03: -------- Mapchange to zm_fdust2x2 --------
L 09/09/2011 - 18:12:04: [amxbans.amxx] [AMXBANS] AMXBans 5.0 подключен
L 09/09/2011 - 18:16:58: [admin_amxbans.amxx] Login: "Zloy-Tupoy-Buhoy [Str,RUS]<1955><STEAM_0:4:2034025971><>" became an admin (account "Zloy-Tupoy-Buhoy [Str,RUS]") (access "t") (address "95.105.37.91")
L 09/09/2011 - 18:17:38: [admin_amxbans.amxx] Login: "Zloy-Tupoy-Buhoy [Str,RUS]<1957><STEAM_0:4:2034025971><>" became an admin (account "Zloy-Tupoy-Buhoy [Str,RUS]") (access "t") (address "95.105.37.91")
L 09/09/2011 - 18:26:24: [voteban.amxx] Voteban starter Zloy-Tupoy-Buhoy [Str,RUS] against maks STEAM_0:4:1127099889
L 09/09/2011 - 18:26:39: [voteban.amxx] [AMXX] BANNED: maks, STARTER: Zloy-Tupoy-Buhoy [Str,RUS]
L 09/09/2011 - 18:26:40: [amxbans.amxx]  Зомби сервер (x_x(O_o)x_x) Go Zombie !!!<0><><> забанил maks<STEAM_0:4:1127099889> на 15 минут (15 минут). Причина: VIP->Zloy-Tupoy-Buhoy [Str,RUS].
L 09/09/2011 - 18:28:30: [voteban.amxx] Voteban starter Zloy-Tupoy-Buhoy [Str,RUS] against XD STEAM_0:0:361042742
L 09/09/2011 - 18:28:45: [voteban.amxx] [AMXX] BANNED: XD, STARTER: Zloy-Tupoy-Buhoy [Str,RUS]
L 09/09/2011 - 18:28:47: [amxbans.amxx]  Зомби сервер (x_x(O_o)x_x) Go Zombie !!!<0><><> забанил unknown_STEAM_0:0:361042742<STEAM_0:0:361042742> на 15 минут (15 минут). Причина: VIP->Zloy-Tupoy-Buhoy [Str,RUS].
L 09/09/2011 - 18:29:01: [voteban.amxx] Voteban starter Zloy-Tupoy-Buhoy [Str,RUS] against CODA STEAM_0:0:1636427701
L 09/09/2011 - 18:29:16: [voteban.amxx] [AMXX] BANNED: CODA, STARTER: Zloy-Tupoy-Buhoy [Str,RUS]
L 09/09/2011 - 18:29:17: [amxbans.amxx]  Зомби сервер (x_x(O_o)x_x) Go Zombie !!!<0><><> забанил 121<STEAM_0:0:1636427701> на 15 минут (15 минут). Причина: VIP->Zloy-Tupoy-Buhoy [Str,RUS].
L 09/09/2011 - 18:33:35: -------- Mapchange to zm_666_brick --------
L 09/09/2011 - 18:33:36: [admin_amxbans.amxx] Login: "Zloy-Tupoy-Buhoy [Str,RUS]<1957><STEAM_0:4:2034025971><>" became an admin (account "Zloy-Tupoy-Buhoy [Str,RUS]") (access "t") (address "95.105.37.91")
L 09/09/2011 - 18:33:37: [amxbans.amxx] [AMXBANS] AMXBans 5.0 подключен
L 09/09/2011 - 18:38:52: [amxbans.amxx] [Amxbans] Запрос провален!
L 09/09/2011 - 18:38:52: [amxbans.amxx] [Amxbans] Ошибка, адрес: 18
L 09/09/2011 - 18:38:52: [amxbans.amxx] [Amxbans] Сообщение: You have an error in your SQL syntax; check the manual that corresponds to your MySQL server version for the right syntax to use near ''Ba' at line 1 (1064)
L 09/09/2011 - 18:38:52: [amxbans.amxx] [Amxbans] Статус запроса: 
L 09/09/2011 - 18:40:29: [amxbans.amxx] [Amxbans] Запрос провален!
L 09/09/2011 - 18:40:29: [amxbans.amxx] [Amxbans] Ошибка, адрес: 18
L 09/09/2011 - 18:40:29: [amxbans.amxx] [Amxbans] Сообщение: You have an error in your SQL syntax; check the manual that corresponds to your MySQL server version for the right syntax to use near ''Ba' at line 1 (1064)
L 09/09/2011 - 18:40:29: [amxbans.amxx] [Amxbans] Статус запроса: 
L 09/09/2011 - 18:41:58: [voteban.amxx] Voteban starter Zloy-Tupoy-Buhoy [Str,RUS] against Tema [En] STEAM_0:0:967954456
L 09/09/2011 - 18:42:13: [voteban.amxx] [AMXX] BANNED: Tema [En], STARTER: Zloy-Tupoy-Buhoy [Str,RUS]
L 09/09/2011 - 18:42:42: [voteban.amxx] Voteban starter Zloy-Tupoy-Buhoy [Str,RUS] against Tema [En] STEAM_0:0:967954456
L 09/09/2011 - 18:42:57: [voteban.amxx] [AMXX] BANNED: Tema [En], STARTER: Zloy-Tupoy-Buhoy [Str,RUS]
L 09/09/2011 - 18:44:12: [voteban.amxx] Voteban starter Zloy-Tupoy-Buhoy [Str,RUS] against Tema [En] STEAM_0:0:967954456
L 09/09/2011 - 18:44:28: [voteban.amxx] [AMXX] BANNED: Tema [En], STARTER: Zloy-Tupoy-Buhoy [Str,RUS]
L 09/09/2011 - 18:55:33: -------- Mapchange to ze_egypt --------
L 09/09/2011 - 18:55:34: [admin_amxbans.amxx] Login: "Zloy-Tupoy-Buhoy [Str,RUS]<1957><STEAM_0:4:2034025971><>" became an admin (account "Zloy-Tupoy-Buhoy [Str,RUS]") (access "t") (address "95.105.37.91")
L 09/09/2011 - 18:55:35: [amxbans.amxx] [AMXBANS] AMXBans 5.0 подключен
L 09/09/2011 - 18:55:39: [admin_amxbans.amxx] Login: "Zloy-Tupoy-Buhoy [Str,RUS]<2014><STEAM_0:4:2034025971><>" became an admin (account "Zloy-Tupoy-Buhoy [Str,RUS]") (access "t") (address "95.105.37.91")
L 09/09/2011 - 18:56:49: [voteban.amxx] Voteban starter Zloy-Tupoy-Buhoy [Str,RUS] against <<PRO>> STEAM_0:4:391419377
L 09/09/2011 - 18:57:04: [voteban.amxx] [AMXX] BANNED: <<PRO>>, STARTER: Zloy-Tupoy-Buhoy [Str,RUS]
L 09/09/2011 - 18:57:05: [amxbans.amxx]  Зомби сервер (x_x(O_o)x_x) Go Zombie !!!<0><><> забанил <<PRO>><STEAM_0:4:391419377> на 15 минут (15 минут). Причина: VIP->Zloy-Tupoy-Buhoy [Str,RUS].
L 09/09/2011 - 19:08:34: [voteban.amxx] Voteban starter Zloy-Tupoy-Buhoy [Str,RUS] against 333 STEAM_0:4:1076512368
L 09/09/2011 - 19:08:49: [voteban.amxx] [AMXX] BANNED: 333, STARTER: Zloy-Tupoy-Buhoy [Str,RUS]
L 09/09/2011 - 19:08:50: [amxbans.amxx]  Зомби сервер (x_x(O_o)x_x) Go Zombie !!!<0><><> забанил unknown_STEAM_0:4:1076512368<STEAM_0:4:1076512368> на 15 минут (15 минут). Причина: VIP->Zloy-Tupoy-Buhoy [Str,RUS].
L 09/09/2011 - 19:11:00: -------- Mapchange to ze_train_back_lg --------
L 09/09/2011 - 19:11:01: [admin_amxbans.amxx] Login: "Zloy-Tupoy-Buhoy [Str,RUS]<2014><STEAM_0:4:2034025971><>" became an admin (account "Zloy-Tupoy-Buhoy [Str,RUS]") (access "t") (address "95.105.37.91")
L 09/09/2011 - 19:11:01: [amxbans.amxx] [AMXBANS] AMXBans 5.0 подключен
L 09/09/2011 - 19:11:04: [admin_amxbans.amxx] Login: "Zloy-Tupoy-Buhoy [Str,RUS]<2117><STEAM_0:4:2034025971><>" became an admin (account "Zloy-Tupoy-Buhoy [Str,RUS]") (access "t") (address "95.105.37.91")
L 09/09/2011 - 19:27:24: -------- Mapchange to zm_houses --------
L 09/09/2011 - 19:27:25: [amxbans.amxx] [AMXBANS] AMXBans 5.0 подключен
L 09/09/2011 - 19:28:25: [amxbans.amxx] [Amxbans] Запрос провален!
L 09/09/2011 - 19:28:25: [amxbans.amxx] [Amxbans] Ошибка, адрес: 18
L 09/09/2011 - 19:28:25: [amxbans.amxx] [Amxbans] Сообщение: You have an error in your SQL syntax; check the manual that corresponds to your MySQL server version for the right syntax to use near '' at line 1 (1064)
L 09/09/2011 - 19:28:25: [amxbans.amxx] [Amxbans] Статус запроса: 
L 09/09/2011 - 19:44:35: [amxbans.amxx] [Amxbans] Запрос провален!
L 09/09/2011 - 19:44:35: [amxbans.amxx] [Amxbans] Ошибка, адрес: 18
L 09/09/2011 - 19:44:35: [amxbans.amxx] [Amxbans] Сообщение: You have an error in your SQL syntax; check the manual that corresponds to your MySQL server version for the right syntax to use near '' at line 1 (1064)
L 09/09/2011 - 19:44:35: [amxbans.amxx] [Amxbans] Статус запроса: 
L 09/09/2011 - 19:47:35: -------- Mapchange to zm_creative --------
L 09/09/2011 - 19:47:37: [amxbans.amxx] [AMXBANS] AMXBans 5.0 подключен
L 09/09/2011 - 19:47:44: [amxbans.amxx] [Amxbans] Запрос провален!
L 09/09/2011 - 19:47:44: [amxbans.amxx] [Amxbans] Ошибка, адрес: 18
L 09/09/2011 - 19:47:44: [amxbans.amxx] [Amxbans] Сообщение: You have an error in your SQL syntax; check the manual that corresponds to your MySQL server version for the right syntax to use near '' at line 1 (1064)
L 09/09/2011 - 19:47:44: [amxbans.amxx] [Amxbans] Статус запроса: 
L 09/09/2011 - 19:48:02: [amxbans.amxx] [Amxbans] Запрос провален!
L 09/09/2011 - 19:48:02: [amxbans.amxx] [Amxbans] Ошибка, адрес: 18
L 09/09/2011 - 19:48:02: [amxbans.amxx] [Amxbans] Сообщение: You have an error in your SQL syntax; check the manual that corresponds to your MySQL server version for the right syntax to use near '' at line 1 (1064)
L 09/09/2011 - 19:48:02: [amxbans.amxx] [Amxbans] Статус запроса: 
L 09/09/2011 - 20:09:49: -------- Mapchange to cs_militia --------
L 09/09/2011 - 20:09:54: [amxbans.amxx] [AMXBANS] AMXBans 5.0 подключен
L 09/09/2011 - 20:10:01: [amxbans.amxx] [Amxbans] Запрос провален!
L 09/09/2011 - 20:10:01: [amxbans.amxx] [Amxbans] Ошибка, адрес: 18
L 09/09/2011 - 20:10:01: [amxbans.amxx] [Amxbans] Сообщение: You have an error in your SQL syntax; check the manual that corresponds to your MySQL server version for the right syntax to use near '' at line 1 (1064)
L 09/09/2011 - 20:10:01: [amxbans.amxx] [Amxbans] Статус запроса: 
L 09/09/2011 - 20:11:50: [admin_amxbans.amxx] Login: "Lenusjka<2260><STEAM_0:0:1038014991><>" became an admin (account "Lenusjka") (access "et") (address "213.138.70.58")
L 09/09/2011 - 20:12:07: [voteban.amxx] Voteban starter Lenusjka against 333 STEAM_0:4:1076512368
L 09/09/2011 - 20:12:22: [voteban.amxx] [AMXX] BANNED: 333, STARTER: Lenusjka
L 09/09/2011 - 20:12:56: [voteban.amxx] Voteban starter Lenusjka against 333 STEAM_0:4:1076512368
L 09/09/2011 - 20:13:11: [voteban.amxx] [AMXX] BANNED: 333, STARTER: Lenusjka
L 09/09/2011 - 20:13:41: [voteban.amxx] Voteban starter Lenusjka against 333 STEAM_0:4:1076512368
L 09/09/2011 - 20:13:56: [voteban.amxx] [AMXX] BANNED: 333, STARTER: Lenusjka
L 09/09/2011 - 20:15:49: [voteban.amxx] Voteban starter Lenusjka against 333 STEAM_0:4:1076512368
L 09/09/2011 - 20:16:04: [voteban.amxx] [AMXX] BANNED: 333, STARTER: Lenusjka
L 09/09/2011 - 20:16:47: -------- Mapchange to zm_303 --------
L 09/09/2011 - 20:16:48: [admin_amxbans.amxx] Login: "Lenusjka<2260><STEAM_0:0:1038014991><>" became an admin (account "Lenusjka") (access "et") (address "213.138.70.58")
L 09/09/2011 - 20:16:49: [amxbans.amxx] [AMXBANS] AMXBans 5.0 подключен
L 09/09/2011 - 20:16:56: [amxbans.amxx] [Amxbans] Запрос провален!
L 09/09/2011 - 20:16:56: [amxbans.amxx] [Amxbans] Ошибка, адрес: 18
L 09/09/2011 - 20:16:56: [amxbans.amxx] [Amxbans] Сообщение: You have an error in your SQL syntax; check the manual that corresponds to your MySQL server version for the right syntax to use near '' at line 1 (1064)
L 09/09/2011 - 20:16:56: [amxbans.amxx] [Amxbans] Статус запроса: 
L 09/09/2011 - 20:30:04: [admin_amxbans.amxx] Login: "Lenusjka<2336><STEAM_0:0:1038014991><>" became an admin (account "Lenusjka") (access "et") (address "213.138.70.58")
L 09/09/2011 - 20:30:37: [voteban.amxx] Voteban starter Lenusjka against ~KomPROmis~_-=GROZ=-[cl] STEAM_0:0:1092441341
L 09/09/2011 - 20:30:52: [voteban.amxx] [AMXX] BANNED: ~KomPROmis~_-=GROZ=-[cl], STARTER: Lenusjka
L 09/09/2011 - 20:30:53: [amxbans.amxx]  Зомби сервер (x_x(O_o)x_x) Go Zombie !!!<0><><> забанил ~KomPROmis~_-=GROZ=-[cl]<STEAM_0:0:1092441341> на 15 минут (15 минут). Причина: VIP->Lenusjka.
L 09/09/2011 - 20:32:17: [voteban.amxx] Voteban starter Lenusjka against 3DECb HUKA HET STEAM_0:0:1909531319
L 09/09/2011 - 20:32:32: [voteban.amxx] [AMXX] BANNED: 3DECb HUKA HET, STARTER: Lenusjka
L 09/09/2011 - 20:32:33: [amxbans.amxx]  Зомби сервер (x_x(O_o)x_x) Go Zombie !!!<0><><> забанил unknown_STEAM_0:0:1909531319<STEAM_0:0:1909531319> на 15 минут (15 минут). Причина: VIP->Lenusjka.
L 09/09/2011 - 20:36:47: [admin_amxbans.amxx] Login: "Lenusjka<2375><STEAM_0:4:1429483121><>" became an admin (account "Lenusjka") (access "et") (address "91.190.52.3")
L 09/09/2011 - 20:36:53: -------- Mapchange to 016 --------
L 09/09/2011 - 20:36:54: [admin_amxbans.amxx] Login: "Lenusjka<2375><STEAM_0:4:1429483121><>" became an admin (account "Lenusjka") (access "et") (address "91.190.52.3")
L 09/09/2011 - 20:36:55: [amxbans.amxx] [AMXBANS] AMXBans 5.0 подключен
L 09/09/2011 - 20:37:01: [amxbans.amxx] [Amxbans] Запрос провален!
L 09/09/2011 - 20:37:01: [amxbans.amxx] [Amxbans] Ошибка, адрес: 18
L 09/09/2011 - 20:37:01: [amxbans.amxx] [Amxbans] Сообщение: You have an error in your SQL syntax; check the manual that corresponds to your MySQL server version for the right syntax to use near '' at line 1 (1064)
L 09/09/2011 - 20:37:01: [amxbans.amxx] [Amxbans] Статус запроса: 
L 09/09/2011 - 20:47:46: [voteban.amxx] Voteban starter Lenusjka against Ba3reH STEAM_0:4:1472796785
L 09/09/2011 - 20:48:01: [voteban.amxx] [AMXX] BANNED: Ba3reH, STARTER: Lenusjka
L 09/09/2011 - 20:48:02: [amxbans.amxx]  Зомби сервер (x_x(O_o)x_x) Go Zombie !!!<0><><> забанил Ba3reH<STEAM_0:4:1472796785> на 15 минут (15 минут). Причина: VIP->Lenusjka.
L 09/09/2011 - 20:57:37: -------- Mapchange to ze_lift_escape_b5 --------
L 09/09/2011 - 20:57:39: [amxbans.amxx] [AMXBANS] AMXBans 5.0 подключен
L 09/09/2011 - 21:14:01: -------- Mapchange to zm_fdust2x2 --------
L 09/09/2011 - 21:14:03: [amxbans.amxx] [AMXBANS] AMXBans 5.0 подключен
L 09/09/2011 - 21:36:59: -------- Mapchange to zm_666_brick --------
L 09/09/2011 - 21:37:01: [amxbans.amxx] [AMXBANS] AMXBans 5.0 подключен
L 09/09/2011 - 21:51:07: [admin_amxbans.amxx] Login: "Zloy-Tupoy-Buhoy [Str,RUS]<2472><STEAM_0:4:498394611><>" became an admin (account "Zloy-Tupoy-Buhoy [Str,RUS]") (access "t") (address "94.41.53.146")
L 09/09/2011 - 21:59:55: -------- Mapchange to ze_egypt --------
L 09/09/2011 - 21:59:56: [admin_amxbans.amxx] Login: "Zloy-Tupoy-Buhoy [Str,RUS]<2472><STEAM_0:4:498394611><>" became an admin (account "Zloy-Tupoy-Buhoy [Str,RUS]") (access "t") (address "94.41.53.146")
L 09/09/2011 - 21:59:57: [amxbans.amxx] [AMXBANS] AMXBans 5.0 подключен
L 09/09/2011 - 22:00:00: [admin_amxbans.amxx] Login: "Zloy-Tupoy-Buhoy [Str,RUS]<2492><STEAM_0:4:498394611><>" became an admin (account "Zloy-Tupoy-Buhoy [Str,RUS]") (access "t") (address "94.41.53.146")
L 09/09/2011 - 22:15:57: [amxbans.amxx] [Amxbans] Запрос провален!
L 09/09/2011 - 22:15:57: [amxbans.amxx] [Amxbans] Ошибка, адрес: 18
L 09/09/2011 - 22:15:57: [amxbans.amxx] [Amxbans] Сообщение: You have an error in your SQL syntax; check the manual that corresponds to your MySQL server version for the right syntax to use near '' at line 1 (1064)
L 09/09/2011 - 22:15:57: [amxbans.amxx] [Amxbans] Статус запроса: 
L 09/09/2011 - 22:16:04: [amxbans.amxx] [Amxbans] Запрос провален!
L 09/09/2011 - 22:16:04: [amxbans.amxx] [Amxbans] Ошибка, адрес: 18
L 09/09/2011 - 22:16:04: [amxbans.amxx] [Amxbans] Сообщение: You have an error in your SQL syntax; check the manual that corresponds to your MySQL server version for the right syntax to use near '' at line 1 (1064)
L 09/09/2011 - 22:16:04: [amxbans.amxx] [Amxbans] Статус запроса: 
L 09/09/2011 - 22:16:57: -------- Mapchange to zm_toxic_house --------
L 09/09/2011 - 22:16:58: [admin_amxbans.amxx] Login: "Zloy-Tupoy-Buhoy [Str,RUS]<2492><STEAM_0:4:498394611><>" became an admin (account "Zloy-Tupoy-Buhoy [Str,RUS]") (access "t") (address "94.41.53.146")
L 09/09/2011 - 22:16:59: [amxbans.amxx] [AMXBANS] AMXBans 5.0 подключен
L 09/09/2011 - 22:17:03: [amxbans.amxx] [Amxbans] Запрос провален!
L 09/09/2011 - 22:17:03: [amxbans.amxx] [Amxbans] Ошибка, адрес: 18
L 09/09/2011 - 22:17:03: [amxbans.amxx] [Amxbans] Сообщение: You have an error in your SQL syntax; check the manual that corresponds to your MySQL server version for the right syntax to use near '' at line 1 (1064)
L 09/09/2011 - 22:17:03: [amxbans.amxx] [Amxbans] Статус запроса: 
L 09/09/2011 - 22:22:03: [voteban.amxx] Voteban starter Zloy-Tupoy-Buhoy [Str,RUS] against [o] DuzyLysyOrk STEAM_0:0:27307337
L 09/09/2011 - 22:22:18: [voteban.amxx] [AMXX] BANNED: [o] DuzyLysyOrk, STARTER: Zloy-Tupoy-Buhoy [Str,RUS]
L 09/09/2011 - 22:22:19: [amxbans.amxx]  Зомби сервер (x_x(O_o)x_x) Go Zombie !!!<0><><> забанил [o] DuzyLysyOrk<STEAM_0:0:27307337> на 15 минут (15 минут). Причина: VIP->Zloy-Tupoy-Buhoy [Str,RUS].
L 09/09/2011 - 22:30:20: [amxbans.amxx] [Amxbans] Запрос провален!
L 09/09/2011 - 22:30:20: [amxbans.amxx] [Amxbans] Ошибка, адрес: 18
L 09/09/2011 - 22:30:20: [amxbans.amxx] [Amxbans] Сообщение: You have an error in your SQL syntax; check the manual that corresponds to your MySQL server version for the right syntax to use near '' at line 1 (1064)
L 09/09/2011 - 22:30:20: [amxbans.amxx] [Amxbans] Статус запроса: 
L 09/09/2011 - 22:37:16: -------- Mapchange to zm_decline2k --------
L 09/09/2011 - 22:37:17: [admin_amxbans.amxx] Login: "Zloy-Tupoy-Buhoy [Str,RUS]<2492><STEAM_0:4:498394611><>" became an admin (account "Zloy-Tupoy-Buhoy [Str,RUS]") (access "t") (address "94.41.53.146")
L 09/09/2011 - 22:37:18: [amxbans.amxx] [AMXBANS] AMXBans 5.0 подключен
L 09/09/2011 - 22:37:34: [admin_amxbans.amxx] Login: "Zloy-Tupoy-Buhoy [Str,RUS]<2548><STEAM_0:4:498394611><>" became an admin (account "Zloy-Tupoy-Buhoy [Str,RUS]") (access "t") (address "94.41.53.146")
L 09/09/2011 - 22:58:07: -------- Mapchange to zm_houses --------
L 09/09/2011 - 22:58:08: [admin_amxbans.amxx] Login: "Zloy-Tupoy-Buhoy [Str,RUS]<2548><STEAM_0:4:498394611><>" became an admin (account "Zloy-Tupoy-Buhoy [Str,RUS]") (access "t") (address "94.41.53.146")
L 09/09/2011 - 22:58:08: [amxbans.amxx] [AMXBANS] AMXBans 5.0 подключен
L 09/09/2011 - 23:02:09: [voteban.amxx] Voteban starter Zloy-Tupoy-Buhoy [Str,RUS] against .:RockmakeR:. STEAM_0:4:1838126321
L 09/09/2011 - 23:02:25: [voteban.amxx] [AMXX] BANNED: .:RockmakeR:., STARTER: Zloy-Tupoy-Buhoy [Str,RUS]
L 09/09/2011 - 23:02:26: [amxbans.amxx]  Зомби сервер (x_x(O_o)x_x) Go Zombie !!!<0><><> забанил .:RockmakeR:.<STEAM_0:4:1838126321> на 15 минут (15 минут). Причина: VIP->Zloy-Tupoy-Buhoy [Str,RUS].
L 09/09/2011 - 23:02:36: [voteban.amxx] Voteban starter Zloy-Tupoy-Buhoy [Str,RUS] against .:DEVIL:. STEAM_0:0:1171296761
L 09/09/2011 - 23:02:51: [voteban.amxx] [AMXX] BANNED: .:DEVIL:., STARTER: Zloy-Tupoy-Buhoy [Str,RUS]
L 09/09/2011 - 23:02:52: [amxbans.amxx]  Зомби сервер (x_x(O_o)x_x) Go Zombie !!!<0><><> забанил .:DEVIL:.<STEAM_0:0:1171296761> на 15 минут (15 минут). Причина: VIP->Zloy-Tupoy-Buhoy [Str,RUS].
L 09/09/2011 - 23:18:38: -------- Mapchange to zm_caca --------
L 09/09/2011 - 23:18:40: [amxbans.amxx] [AMXBANS] AMXBans 5.0 подключен
L 09/09/2011 - 23:34:41: -------- Mapchange to 016 --------
L 09/09/2011 - 23:34:43: [amxbans.amxx] [AMXBANS] AMXBans 5.0 подключен
L 09/09/2011 - 23:42:06: [admin_amxbans.amxx] Login: "Lenusjka<2583><STEAM_0:0:1038014991><>" became an admin (account "Lenusjka") (access "et") (address "213.138.70.58")
L 09/09/2011 - 23:42:22: [voteban.amxx] Voteban starter Lenusjka against *-=relax_pro=-* STEAM_0:0:1309679974
L 09/09/2011 - 23:42:37: [voteban.amxx] [AMXX] BANNED: *-=relax_pro=-*, STARTER: Lenusjka
L 09/09/2011 - 23:42:38: [amxbans.amxx]  Зомби сервер (x_x(O_o)x_x) Go Zombie !!!<0><><> забанил *-=relax_pro=-*<STEAM_0:0:1309679974> на 15 минут (15 минут). Причина: VIP->Lenusjka.
L 09/09/2011 - 23:43:34: [admin_amxbans.amxx] Login: "[BlackWolf]Camelot<2590><STEAM_0:4:1417253489><>" became an admin (account "[BlackWolf]Camelot") (access "t") (address "91.198.175.1")
L 09/09/2011 - 23:47:51: [admin_amxbans.amxx] Login: "[BlackWolf]Camelot<2594><STEAM_0:4:1417253489><>" became an admin (account "[BlackWolf]Camelot") (access "t") (address "91.198.175.1")
L 09/09/2011 - 23:53:14: [admin_amxbans.amxx] Login: "Lenusjka<2583><STEAM_0:0:1038014991><>" became an admin (account "Lenusjka") (access "et") (address "213.138.70.58")
L 09/09/2011 - 23:53:37: [voteban.amxx] Voteban starter Lenusjka against Rex STEAM_0:4:179843317
L 09/09/2011 - 23:53:52: [voteban.amxx] [AMXX] BANNED: Rex, STARTER: Lenusjka
L 09/09/2011 - 23:53:53: [amxbans.amxx]  Зомби сервер (x_x(O_o)x_x) Go Zombie !!!<0><><> забанил Rex<STEAM_0:4:179843317> на 15 минут (15 минут). Причина: VIP->Lenusjka.
L 09/09/2011 - 23:55:17: -------- Mapchange to zm_alley --------
L 09/09/2011 - 23:55:18: [admin_amxbans.amxx] Login: "[BlackWolf]Camelot<2594><STEAM_0:4:1417253489><>" became an admin (account "[BlackWolf]Camelot") (access "t") (address "91.198.175.1")
L 09/09/2011 - 23:55:19: [amxbans.amxx] [AMXBANS] AMXBans 5.0 подключен
L 09/09/2011 - 23:56:24: [admin_amxbans.amxx] Login: "[BlackWolf]Camelot<2617><STEAM_0:4:1417253489><>" became an admin (account "[BlackWolf]Camelot") (access "t") (address "91.198.175.1")
L 09/09/2011 - 23:56:31: [admin_amxbans.amxx] Login: "[BlackWolf]Camelot<2619><STEAM_0:4:1417253489><>" became an admin (account "[BlackWolf]Camelot") (access "t") (address "91.198.175.1")
L 09/09/2011 - 23:56:35: [admin_amxbans.amxx] Login: "[BlackWolf]Camelot<2620><STEAM_0:4:1417253489><>" became an admin (account "[BlackWolf]Camelot") (access "t") (address "91.198.175.1")
L 09/09/2011 - 23:56:38: [admin_amxbans.amxx] Login: "[BlackWolf]Camelot<2621><STEAM_0:4:1417253489><>" became an admin (account "[BlackWolf]Camelot") (access "t") (address "91.198.175.1")
L 09/09/2011 - 23:56:43: [admin_amxbans.amxx] Login: "[BlackWolf]Camelot<2622><STEAM_0:4:1417253489><>" became an admin (account "[BlackWolf]Camelot") (access "t") (address "91.198.175.1")
L 09/09/2011 - 23:56:45: [admin_amxbans.amxx] Login: "[BlackWolf]Camelot<2623><STEAM_0:4:1417253489><>" became an admin (account "[BlackWolf]Camelot") (access "t") (address "91.198.175.1")
L 09/09/2011 - 23:56:48: [admin_amxbans.amxx] Login: "[BlackWolf]Camelot<2624><STEAM_0:4:1417253489><>" became an admin (account "[BlackWolf]Camelot") (access "t") (address "91.198.175.1")
L 09/09/2011 - 23:56:51: [admin_amxbans.amxx] Login: "[BlackWolf]Camelot<2625><STEAM_0:4:1417253489><>" became an admin (account "[BlackWolf]Camelot") (access "t") (address "91.198.175.1")
L 09/09/2011 - 23:56:57: [admin_amxbans.amxx] Login: "[BlackWolf]Camelot<2627><STEAM_0:4:1417253489><>" became an admin (account "[BlackWolf]Camelot") (access "t") (address "91.198.175.1")
