L 05/16/2011 - 00:03:38: [plmenu.amxx] Cmd: ".::T9o::.<1104><STEAM_0:0:1836044300><>" transfer ".::T9o::.<1104><STEAM_0:0:1836044300><>" (team "TERRORIST")
L 05/16/2011 - 00:06:27: [amxbans.amxx] .::T9o::.<1104><STEAM_0:0:1836044300><TERRORIST> забанил vadiQ<STEAM_0:0:30666939> на 1 день (1440 минут). Причина: Cheating.
L 05/16/2011 - 00:06:44: [plmenu.amxx] Kick: ".::T9o::.<1104><STEAM_0:0:1836044300><>" kick "what? heavenly<1109><STEAM_0:0:38640287><>"
L 05/16/2011 - 00:07:24: [amxbans.amxx] .::T9o::.<1104><STEAM_0:0:1836044300><TERRORIST> забанил what? heavenly<STEAM_0:0:38640287> на 1 час (60 минут). Причина: Mat.
L 05/16/2011 - 00:13:05: -------- Mapchange to zm_die_hard_tn --------
L 05/16/2011 - 00:13:06: [admin_amxbans.amxx] Login: ".::T9o::.<1104><STEAM_0:0:1836044300><>" became an admin (account ".::T9o::.") (access "abcdefgijmopqtu") (address "95.55.171.199")
L 05/16/2011 - 00:13:07: [amxbans.amxx] [AMXBANS] AMXBans 5.0 подключен
L 05/16/2011 - 00:13:09: [admin_amxbans.amxx] Login: ".::T9o::.<1154><STEAM_0:0:1836044300><>" became an admin (account ".::T9o::.") (access "abcdefgijmopqtu") (address "95.55.171.199")
L 05/16/2011 - 00:17:29: [admin_amxbans.amxx] Login: ".::T9o::.<1161><STEAM_0:0:1836044300><>" became an admin (account ".::T9o::.") (access "abcdefgijmopqtu") (address "95.55.171.199")
L 05/16/2011 - 00:17:48: -------- Mapchange to cs_estate --------
L 05/16/2011 - 00:17:50: [admin_amxbans.amxx] Login: ".::T9o::.<1161><STEAM_0:0:1836044300><>" became an admin (account ".::T9o::.") (access "abcdefgijmopqtu") (address "95.55.171.199")
L 05/16/2011 - 00:17:51: [admin_amxbans.amxx] Login: ".::T9o::.<1161><STEAM_0:0:1836044300><>" became an admin (account ".::T9o::.") (access "abcdefgijmopqtu") (address "95.55.171.199")
L 05/16/2011 - 00:17:51: [amxbans.amxx] [AMXBANS] AMXBans 5.0 подключен
L 05/16/2011 - 00:18:10: [plmenu.amxx] Kick: ".::T9o::.<1161><STEAM_0:0:1836044300><>" kick "Lolo<1162><BOT><>"
L 05/16/2011 - 00:18:11: [plmenu.amxx] Kick: ".::T9o::.<1161><STEAM_0:0:1836044300><>" kick "KsK-CrEaTiVe<1163><BOT><>"
L 05/16/2011 - 00:18:12: [plmenu.amxx] Kick: ".::T9o::.<1161><STEAM_0:0:1836044300><>" kick "Muxa<1165><BOT><>"
L 05/16/2011 - 00:18:12: [plmenu.amxx] Kick: ".::T9o::.<1161><STEAM_0:0:1836044300><>" kick "BABUSHKA+<1166><BOT><>"
L 05/16/2011 - 00:18:12: [plmenu.amxx] Kick: ".::T9o::.<1161><STEAM_0:0:1836044300><>" kick "eksis<1167><BOT><>"
L 05/16/2011 - 00:18:12: [plmenu.amxx] Kick: ".::T9o::.<1161><STEAM_0:0:1836044300><>" kick "-#DIMjKE^wOw.<1168><BOT><>"
L 05/16/2011 - 00:18:12: [plmenu.amxx] Kick: ".::T9o::.<1161><STEAM_0:0:1836044300><>" kick "KsK-CrEaTiVe<1169><BOT><>"
L 05/16/2011 - 00:18:13: [plmenu.amxx] Kick: ".::T9o::.<1161><STEAM_0:0:1836044300><>" kick "only dgl<1170><BOT><>"
L 05/16/2011 - 00:18:13: [plmenu.amxx] Kick: ".::T9o::.<1161><STEAM_0:0:1836044300><>" kick "SadamHussein[Mo]-I-[HO V KLAN]<1171><BOT><>"
L 05/16/2011 - 00:18:13: [plmenu.amxx] Kick: ".::T9o::.<1161><STEAM_0:0:1836044300><>" kick "d0dik tm|Pwnz0r^!<1172><BOT><>"
L 05/16/2011 - 00:18:13: [plmenu.amxx] Kick: ".::T9o::.<1161><STEAM_0:0:1836044300><>" kick "-.-<1173><BOT><>"
L 05/16/2011 - 00:18:13: [plmenu.amxx] Kick: ".::T9o::.<1161><STEAM_0:0:1836044300><>" kick "pro-cs<1174><BOT><>"
L 05/16/2011 - 00:18:20: [plmenu.amxx] Kick: ".::T9o::.<1161><STEAM_0:0:1836044300><>" kick "gPyr<1175><BOT><>"
L 05/16/2011 - 00:18:21: [plmenu.amxx] Kick: ".::T9o::.<1161><STEAM_0:0:1836044300><>" kick "[ThunderHorse] mutik<1176><BOT><>"
L 05/16/2011 - 00:18:21: [plmenu.amxx] Kick: ".::T9o::.<1161><STEAM_0:0:1836044300><>" kick "Gosu<1177><BOT><>"
L 05/16/2011 - 00:18:21: [plmenu.amxx] Kick: ".::T9o::.<1161><STEAM_0:0:1836044300><>" kick "+ 6oJIbweBukoB e6awuT :D<1178><BOT><>"
L 05/16/2011 - 00:18:21: [plmenu.amxx] Kick: ".::T9o::.<1161><STEAM_0:0:1836044300><>" kick "swItch baCk nyncuk<1179><BOT><>"
L 05/16/2011 - 00:18:22: [plmenu.amxx] Kick: ".::T9o::.<1161><STEAM_0:0:1836044300><>" kick "sbor ne olo<1180><BOT><>"
L 05/16/2011 - 00:18:22: [plmenu.amxx] Kick: ".::T9o::.<1161><STEAM_0:0:1836044300><>" kick "Muxa<1181><BOT><>"
L 05/16/2011 - 00:18:22: [plmenu.amxx] Kick: ".::T9o::.<1161><STEAM_0:0:1836044300><>" kick "K!ll3R<1182><BOT><>"
L 05/16/2011 - 00:18:22: [plmenu.amxx] Kick: ".::T9o::.<1161><STEAM_0:0:1836044300><>" kick "only dgl<1183><BOT><>"
L 05/16/2011 - 00:18:23: [plmenu.amxx] Kick: ".::T9o::.<1161><STEAM_0:0:1836044300><>" kick "4epok<1184><BOT><>"
L 05/16/2011 - 00:18:23: [plmenu.amxx] Kick: ".::T9o::.<1161><STEAM_0:0:1836044300><>" kick "Des<1185><BOT><>"
L 05/16/2011 - 00:18:23: [plmenu.amxx] Kick: ".::T9o::.<1161><STEAM_0:0:1836044300><>" kick "opa<1186><BOT><>"
L 05/16/2011 - 00:18:23: [plmenu.amxx] Kick: ".::T9o::.<1161><STEAM_0:0:1836044300><>" kick "BinGr1n* BROCK<1187><BOT><>"
L 05/16/2011 - 00:18:24: [plmenu.amxx] Kick: ".::T9o::.<1161><STEAM_0:0:1836044300><>" kick "N1H1<1188><BOT><>"
L 05/16/2011 - 00:18:24: [plmenu.amxx] Kick: ".::T9o::.<1161><STEAM_0:0:1836044300><>" kick "only dgl<1189><BOT><>"
L 05/16/2011 - 00:18:24: [plmenu.amxx] Kick: ".::T9o::.<1161><STEAM_0:0:1836044300><>" kick "Hanma Baki<1190><BOT><>"
L 05/16/2011 - 00:18:24: [plmenu.amxx] Kick: ".::T9o::.<1161><STEAM_0:0:1836044300><>" kick "mym_<1191><BOT><>"
L 05/16/2011 - 00:18:25: [plmenu.amxx] Kick: ".::T9o::.<1161><STEAM_0:0:1836044300><>" kick "SenS^GameS | > VizZ<1192><BOT><>"
L 05/16/2011 - 00:18:25: [plmenu.amxx] Kick: ".::T9o::.<1161><STEAM_0:0:1836044300><>" kick "AKYLA<1193><BOT><>"
L 05/16/2011 - 00:18:25: [plmenu.amxx] Kick: ".::T9o::.<1161><STEAM_0:0:1836044300><>" kick "Des<1194><BOT><>"
L 05/16/2011 - 00:18:25: [plmenu.amxx] Kick: ".::T9o::.<1161><STEAM_0:0:1836044300><>" kick "Lolo<1195><BOT><>"
L 05/16/2011 - 00:18:26: [plmenu.amxx] Kick: ".::T9o::.<1161><STEAM_0:0:1836044300><>" kick "My name is HacTeHbka^!<1196><BOT><>"
L 05/16/2011 - 00:18:26: [plmenu.amxx] Kick: ".::T9o::.<1161><STEAM_0:0:1836044300><>" kick "0n0t0le 111<1197><BOT><>"
L 05/16/2011 - 00:18:26: [plmenu.amxx] Kick: ".::T9o::.<1161><STEAM_0:0:1836044300><>" kick "Ron1n<Minsk><1198><BOT><>"
L 05/16/2011 - 00:18:27: [plmenu.amxx] Kick: ".::T9o::.<1161><STEAM_0:0:1836044300><>" kick "cOoL.4uk.  beautiful game :D<1199><BOT><>"
L 05/16/2011 - 00:18:27: [plmenu.amxx] Kick: ".::T9o::.<1161><STEAM_0:0:1836044300><>" kick "^team|music^fraerOK<1200><BOT><>"
L 05/16/2011 - 00:18:27: [plmenu.amxx] Kick: ".::T9o::.<1161><STEAM_0:0:1836044300><>" kick "4epok<1201><BOT><>"
L 05/16/2011 - 00:18:27: [plmenu.amxx] Kick: ".::T9o::.<1161><STEAM_0:0:1836044300><>" kick "~<1202><BOT><>"
L 05/16/2011 - 00:18:28: [plmenu.amxx] Kick: ".::T9o::.<1161><STEAM_0:0:1836044300><>" kick "SenS^GameS | > VizZ<1203><BOT><>"
L 05/16/2011 - 00:18:28: [plmenu.amxx] Kick: ".::T9o::.<1161><STEAM_0:0:1836044300><>" kick "-#DIMjKE^wOw.<1204><BOT><>"
L 05/16/2011 - 00:18:28: [plmenu.amxx] Kick: ".::T9o::.<1161><STEAM_0:0:1836044300><>" kick "Zzz<1205><BOT><>"
L 05/16/2011 - 00:18:28: [plmenu.amxx] Kick: ".::T9o::.<1161><STEAM_0:0:1836044300><>" kick "DagaMan^^<1206><BOT><>"
L 05/16/2011 - 00:18:29: [plmenu.amxx] Kick: ".::T9o::.<1161><STEAM_0:0:1836044300><>" kick "snow.bor.gatal'sky^<1207><BOT><>"
L 05/16/2011 - 00:18:29: [plmenu.amxx] Kick: ".::T9o::.<1161><STEAM_0:0:1836044300><>" kick "Aleksey G.<1208><BOT><>"
L 05/16/2011 - 00:18:29: [plmenu.amxx] Kick: ".::T9o::.<1161><STEAM_0:0:1836044300><>" kick "N1H1<1209><BOT><>"
L 05/16/2011 - 00:18:30: [plmenu.amxx] Kick: ".::T9o::.<1161><STEAM_0:0:1836044300><>" kick "CKA| No free<1210><BOT><>"
L 05/16/2011 - 00:18:30: [plmenu.amxx] Kick: ".::T9o::.<1161><STEAM_0:0:1836044300><>" kick "Warden<1211><BOT><>"
L 05/16/2011 - 00:18:30: [plmenu.amxx] Kick: ".::T9o::.<1161><STEAM_0:0:1836044300><>" kick "~omg~s.bor<1212><BOT><>"
L 05/16/2011 - 00:18:30: [plmenu.amxx] Kick: ".::T9o::.<1161><STEAM_0:0:1836044300><>" kick "METAbOLIK<1213><BOT><>"
L 05/16/2011 - 00:18:30: [plmenu.amxx] Kick: ".::T9o::.<1161><STEAM_0:0:1836044300><>" kick "snow.bor.gatal'sky^<1214><BOT><>"
L 05/16/2011 - 00:18:31: [plmenu.amxx] Kick: ".::T9o::.<1161><STEAM_0:0:1836044300><>" kick "4 u T e P ----><1215><BOT><>"
L 05/16/2011 - 00:18:31: [plmenu.amxx] Kick: ".::T9o::.<1161><STEAM_0:0:1836044300><>" kick "SP!7F!RE<1216><BOT><>"
L 05/16/2011 - 00:18:31: [plmenu.amxx] Kick: ".::T9o::.<1161><STEAM_0:0:1836044300><>" kick "HuKuTa g}I{aryPgA<1217><BOT><>"
L 05/16/2011 - 00:18:31: [plmenu.amxx] Kick: ".::T9o::.<1161><STEAM_0:0:1836044300><>" kick "+ 6oJIbweBukoB e6awuT :D<1218><BOT><>"
L 05/16/2011 - 00:18:32: [plmenu.amxx] Kick: ".::T9o::.<1161><STEAM_0:0:1836044300><>" kick "[U.S.ARMY RANGERS] Sheppard<1219><BOT><>"
L 05/16/2011 - 00:18:32: [plmenu.amxx] Kick: ".::T9o::.<1161><STEAM_0:0:1836044300><>" kick "AKYLA<1220><BOT><>"
L 05/16/2011 - 00:18:32: [plmenu.amxx] Kick: ".::T9o::.<1161><STEAM_0:0:1836044300><>" kick "~<1221><BOT><>"
L 05/16/2011 - 00:18:33: [plmenu.amxx] Kick: ".::T9o::.<1161><STEAM_0:0:1836044300><>" kick "cOoL.4uk.  beautiful game :D<1222><BOT><>"
L 05/16/2011 - 00:18:33: [plmenu.amxx] Kick: ".::T9o::.<1161><STEAM_0:0:1836044300><>" kick "n4eJIa.<1223><BOT><>"
L 05/16/2011 - 00:18:33: [plmenu.amxx] Kick: ".::T9o::.<1161><STEAM_0:0:1836044300><>" kick "Grand master~MAIN<1224><BOT><>"
L 05/16/2011 - 00:18:33: [plmenu.amxx] Kick: ".::T9o::.<1161><STEAM_0:0:1836044300><>" kick "6oJIbHu4ka<1225><BOT><>"
L 05/16/2011 - 00:18:36: [plmenu.amxx] Kick: ".::T9o::.<1161><STEAM_0:0:1836044300><>" kick "KIKoz<1226><BOT><>"
L 05/16/2011 - 00:18:36: [plmenu.amxx] Kick: ".::T9o::.<1161><STEAM_0:0:1836044300><>" kick "SadamHussein[Mo]-I-[HO V KLAN]<1227><BOT><>"
L 05/16/2011 - 00:18:37: [plmenu.amxx] Kick: ".::T9o::.<1161><STEAM_0:0:1836044300><>" kick "6oJIbHu4ka<1228><BOT><>"
L 05/16/2011 - 00:18:37: [plmenu.amxx] Kick: ".::T9o::.<1161><STEAM_0:0:1836044300><>" kick "hoooch.<1229><BOT><>"
L 05/16/2011 - 00:18:38: [plmenu.amxx] Kick: ".::T9o::.<1161><STEAM_0:0:1836044300><>" kick "Zzz<1230><BOT><>"
L 05/16/2011 - 00:18:38: [plmenu.amxx] Kick: ".::T9o::.<1161><STEAM_0:0:1836044300><>" kick "Transc0der<1231><BOT><>"
L 05/16/2011 - 00:18:38: [plmenu.amxx] Kick: ".::T9o::.<1161><STEAM_0:0:1836044300><>" kick "Lolo<1232><BOT><>"
L 05/16/2011 - 00:18:38: [plmenu.amxx] Kick: ".::T9o::.<1161><STEAM_0:0:1836044300><>" kick "DagaMan^^<1233><BOT><>"
L 05/16/2011 - 00:18:38: [plmenu.amxx] Kick: ".::T9o::.<1161><STEAM_0:0:1836044300><>" kick "My name is HacTeHbka^!<1234><BOT><>"
L 05/16/2011 - 00:18:39: [plmenu.amxx] Kick: ".::T9o::.<1161><STEAM_0:0:1836044300><>" kick "d0dik tm|Pwnz0r^!<1235><BOT><>"
L 05/16/2011 - 00:18:39: [plmenu.amxx] Kick: ".::T9o::.<1161><STEAM_0:0:1836044300><>" kick "Francis<1236><BOT><>"
L 05/16/2011 - 00:18:39: [plmenu.amxx] Kick: ".::T9o::.<1161><STEAM_0:0:1836044300><>" kick "Her0^jUmp [3 fps]<1237><BOT><>"
L 05/16/2011 - 00:18:39: [plmenu.amxx] Kick: ".::T9o::.<1161><STEAM_0:0:1836044300><>" kick "KsK-CrEaTiVe<1238><BOT><>"
L 05/16/2011 - 00:18:40: [plmenu.amxx] Kick: ".::T9o::.<1161><STEAM_0:0:1836044300><>" kick "Dark_Angel<1239><BOT><>"
L 05/16/2011 - 00:18:40: [plmenu.amxx] Kick: ".::T9o::.<1161><STEAM_0:0:1836044300><>" kick "~<1240><BOT><>"
L 05/16/2011 - 00:18:40: [plmenu.amxx] Kick: ".::T9o::.<1161><STEAM_0:0:1836044300><>" kick "rK<1241><BOT><>"
L 05/16/2011 - 00:18:40: [plmenu.amxx] Kick: ".::T9o::.<1161><STEAM_0:0:1836044300><>" kick "KIKoz<1242><BOT><>"
L 05/16/2011 - 00:18:40: [plmenu.amxx] Kick: ".::T9o::.<1161><STEAM_0:0:1836044300><>" kick "[amx]^eXo tm |Proket<1243><BOT><>"
L 05/16/2011 - 00:18:41: [plmenu.amxx] Kick: ".::T9o::.<1161><STEAM_0:0:1836044300><>" kick "KsK-CrEaTiVe<1244><BOT><>"
L 05/16/2011 - 00:18:41: [plmenu.amxx] Kick: ".::T9o::.<1161><STEAM_0:0:1836044300><>" kick "n4eJIa.<1245><BOT><>"
L 05/16/2011 - 00:18:41: [plmenu.amxx] Kick: ".::T9o::.<1161><STEAM_0:0:1836044300><>" kick "Pipirka<1246><BOT><>"
L 05/16/2011 - 00:18:41: [plmenu.amxx] Kick: ".::T9o::.<1161><STEAM_0:0:1836044300><>" kick "Transc0der<1247><BOT><>"
L 05/16/2011 - 00:18:42: [plmenu.amxx] Kick: ".::T9o::.<1161><STEAM_0:0:1836044300><>" kick "swItch baCk nyncuk<1248><BOT><>"
L 05/16/2011 - 00:18:42: [plmenu.amxx] Kick: ".::T9o::.<1161><STEAM_0:0:1836044300><>" kick "K!ll3R<1249><BOT><>"
L 05/16/2011 - 00:18:44: [plmenu.amxx] Kick: ".::T9o::.<1161><STEAM_0:0:1836044300><>" kick "SiGi<1164><BOT><>"
L 05/16/2011 - 00:18:44: [plmenu.amxx] Kick: ".::T9o::.<1161><STEAM_0:0:1836044300><>" kick "[U.S.ARMY RANGERS] Roach<1251><BOT><>"
L 05/16/2011 - 00:18:45: [plmenu.amxx] Kick: ".::T9o::.<1161><STEAM_0:0:1836044300><>" kick "asaff<1250><BOT><>"
L 05/16/2011 - 00:18:45: [plmenu.amxx] Kick: ".::T9o::.<1161><STEAM_0:0:1836044300><>" kick "Zzz<1253><BOT><>"
L 05/16/2011 - 00:18:45: [plmenu.amxx] Kick: ".::T9o::.<1161><STEAM_0:0:1836044300><>" kick "Her0^jUmp [3 fps]<1254><BOT><>"
L 05/16/2011 - 00:18:45: [plmenu.amxx] Kick: ".::T9o::.<1161><STEAM_0:0:1836044300><>" kick "BAN ME PLS - I AM wh+aim<1255><BOT><>"
L 05/16/2011 - 00:18:46: [plmenu.amxx] Kick: ".::T9o::.<1161><STEAM_0:0:1836044300><>" kick "NoL1m1T^tm|>No free<1256><BOT><>"
L 05/16/2011 - 00:18:46: [plmenu.amxx] Kick: ".::T9o::.<1161><STEAM_0:0:1836044300><>" kick "a+e<1257><BOT><>"
L 05/16/2011 - 00:18:46: [plmenu.amxx] Kick: ".::T9o::.<1161><STEAM_0:0:1836044300><>" kick "SenS^GameS | > VizZ<1258><BOT><>"
L 05/16/2011 - 00:18:47: [plmenu.amxx] Kick: ".::T9o::.<1161><STEAM_0:0:1836044300><>" kick "Pipirka<1259><BOT><>"
L 05/16/2011 - 00:18:47: [plmenu.amxx] Kick: ".::T9o::.<1161><STEAM_0:0:1836044300><>" kick "[U.S.ARMY RANGERS] Roach<1260><BOT><>"
L 05/16/2011 - 00:18:48: [plmenu.amxx] Kick: ".::T9o::.<1161><STEAM_0:0:1836044300><>" kick "Her0^jUmp [3 fps]<1261><BOT><>"
L 05/16/2011 - 00:18:48: [plmenu.amxx] Kick: ".::T9o::.<1161><STEAM_0:0:1836044300><>" kick "Gosu<1262><BOT><>"
L 05/16/2011 - 00:18:48: [plmenu.amxx] Kick: ".::T9o::.<1161><STEAM_0:0:1836044300><>" kick "Warden<1263><BOT><>"
L 05/16/2011 - 00:18:49: [plmenu.amxx] Kick: ".::T9o::.<1161><STEAM_0:0:1836044300><>" kick "d0dik tm|Pwnz0r^!<1264><BOT><>"
L 05/16/2011 - 00:18:49: [plmenu.amxx] Kick: ".::T9o::.<1161><STEAM_0:0:1836044300><>" kick "NoObiK<1265><BOT><>"
L 05/16/2011 - 00:19:01: [plmenu.amxx] Kick: ".::T9o::.<1161><STEAM_0:0:1836044300><>" kick "-.-<1267><BOT><>"
L 05/16/2011 - 00:19:01: [plmenu.amxx] Kick: ".::T9o::.<1161><STEAM_0:0:1836044300><>" kick "Warden<1266><BOT><>"
L 05/16/2011 - 00:19:02: [plmenu.amxx] Kick: ".::T9o::.<1161><STEAM_0:0:1836044300><>" kick "bioreactor<1268><BOT><>"
L 05/16/2011 - 00:19:02: [plmenu.amxx] Kick: ".::T9o::.<1161><STEAM_0:0:1836044300><>" kick "cTaHok<1269><BOT><>"
L 05/16/2011 - 00:19:02: [plmenu.amxx] Kick: ".::T9o::.<1161><STEAM_0:0:1836044300><>" kick "[U.S.ARMY RANGERS] Roach<1270><BOT><>"
L 05/16/2011 - 00:19:02: [plmenu.amxx] Kick: ".::T9o::.<1161><STEAM_0:0:1836044300><>" kick "Francis<1271><BOT><>"
L 05/16/2011 - 00:19:03: [plmenu.amxx] Kick: ".::T9o::.<1161><STEAM_0:0:1836044300><>" kick "Her0^jUmp [3 fps]<1272><BOT><>"
L 05/16/2011 - 00:19:03: [plmenu.amxx] Kick: ".::T9o::.<1161><STEAM_0:0:1836044300><>" kick "Muxa<1273><BOT><>"
L 05/16/2011 - 00:19:03: [plmenu.amxx] Kick: ".::T9o::.<1161><STEAM_0:0:1836044300><>" kick "Xexe<1274><BOT><>"
L 05/16/2011 - 00:19:04: [plmenu.amxx] Kick: ".::T9o::.<1161><STEAM_0:0:1836044300><>" kick "Warden<1275><BOT><>"
L 05/16/2011 - 00:19:04: [plmenu.amxx] Kick: ".::T9o::.<1161><STEAM_0:0:1836044300><>" kick "Xexe<1276><BOT><>"
L 05/16/2011 - 00:19:04: [plmenu.amxx] Kick: ".::T9o::.<1161><STEAM_0:0:1836044300><>" kick "cOoL.4uk.  beautiful game :D<1277><BOT><>"
L 05/16/2011 - 00:19:04: [plmenu.amxx] Kick: ".::T9o::.<1161><STEAM_0:0:1836044300><>" kick "SenS^GameS | > VizZ<1278><BOT><>"
L 05/16/2011 - 00:19:05: [plmenu.amxx] Kick: ".::T9o::.<1161><STEAM_0:0:1836044300><>" kick "cROG     ^^<1279><BOT><>"
L 05/16/2011 - 00:19:06: [plmenu.amxx] Kick: ".::T9o::.<1161><STEAM_0:0:1836044300><>" kick "Lolo<1280><BOT><>"
L 05/16/2011 - 00:19:06: [plmenu.amxx] Kick: ".::T9o::.<1161><STEAM_0:0:1836044300><>" kick "fngr<1281><BOT><>"
L 05/16/2011 - 00:19:07: [plmenu.amxx] Kick: ".::T9o::.<1161><STEAM_0:0:1836044300><>" kick "Lolo<1282><BOT><>"
L 05/16/2011 - 00:19:09: [plmenu.amxx] Kick: ".::T9o::.<1161><STEAM_0:0:1836044300><>" kick "SP!7F!RE<1283><BOT><>"
L 05/16/2011 - 00:19:10: [plmenu.amxx] Kick: ".::T9o::.<1161><STEAM_0:0:1836044300><>" kick "Dark_Angel<1284><BOT><>"
L 05/16/2011 - 00:19:10: [plmenu.amxx] Kick: ".::T9o::.<1161><STEAM_0:0:1836044300><>" kick "JusMano-_^<1285><BOT><>"
L 05/16/2011 - 00:19:10: [plmenu.amxx] Kick: ".::T9o::.<1161><STEAM_0:0:1836044300><>" kick "|-101|sm.dpol^<1286><BOT><>"
L 05/16/2011 - 00:19:10: [plmenu.amxx] Kick: ".::T9o::.<1161><STEAM_0:0:1836044300><>" kick "KIKoz<1287><BOT><>"
L 05/16/2011 - 00:19:11: [plmenu.amxx] Kick: ".::T9o::.<1161><STEAM_0:0:1836044300><>" kick "BABUSHKA+<1288><BOT><>"
L 05/16/2011 - 00:19:11: [plmenu.amxx] Kick: ".::T9o::.<1161><STEAM_0:0:1836044300><>" kick "~omg~s.bor<1289><BOT><>"
L 05/16/2011 - 00:19:12: [plmenu.amxx] Kick: ".::T9o::.<1161><STEAM_0:0:1836044300><>" kick "Dark_Angel<1290><BOT><>"
L 05/16/2011 - 00:19:12: [plmenu.amxx] Kick: ".::T9o::.<1161><STEAM_0:0:1836044300><>" kick "^team|music^fraerOK<1291><BOT><>"
L 05/16/2011 - 00:19:12: [plmenu.amxx] Kick: ".::T9o::.<1161><STEAM_0:0:1836044300><>" kick "Her0^jUmp [3 fps]<1292><BOT><>"
L 05/16/2011 - 00:19:13: [plmenu.amxx] Kick: ".::T9o::.<1161><STEAM_0:0:1836044300><>" kick "^team|music^fraerOK<1293><BOT><>"
L 05/16/2011 - 00:19:13: [plmenu.amxx] Kick: ".::T9o::.<1161><STEAM_0:0:1836044300><>" kick "Lolo<1294><BOT><>"
L 05/16/2011 - 00:19:13: [plmenu.amxx] Kick: ".::T9o::.<1161><STEAM_0:0:1836044300><>" kick "4 u T e P ----><1295><BOT><>"
L 05/16/2011 - 00:19:29: [plmenu.amxx] Kick: ".::T9o::.<1161><STEAM_0:0:1836044300><>" kick "sbor ne olo<1296><BOT><>"
L 05/16/2011 - 00:19:30: [plmenu.amxx] Kick: ".::T9o::.<1161><STEAM_0:0:1836044300><>" kick "swItch baCk nyncuk<1298><BOT><>"
L 05/16/2011 - 00:19:30: [plmenu.amxx] Kick: ".::T9o::.<1161><STEAM_0:0:1836044300><>" kick "Snooze<1299><BOT><>"
L 05/16/2011 - 00:19:30: [plmenu.amxx] Kick: ".::T9o::.<1161><STEAM_0:0:1836044300><>" kick "opa<1300><BOT><>"
L 05/16/2011 - 00:19:30: [plmenu.amxx] Kick: ".::T9o::.<1161><STEAM_0:0:1836044300><>" kick "My name is HacTeHbka^!<1301><BOT><>"
L 05/16/2011 - 00:19:30: [plmenu.amxx] Kick: ".::T9o::.<1161><STEAM_0:0:1836044300><>" kick "[ThunderHorse] mutik<1302><BOT><>"
L 05/16/2011 - 00:19:31: [plmenu.amxx] Kick: ".::T9o::.<1161><STEAM_0:0:1836044300><>" kick "Grand master~MAIN<1303><BOT><>"
L 05/16/2011 - 00:19:31: [plmenu.amxx] Kick: ".::T9o::.<1161><STEAM_0:0:1836044300><>" kick "d0dik tm|Pwnz0r^!<1304><BOT><>"
L 05/16/2011 - 00:19:31: [plmenu.amxx] Kick: ".::T9o::.<1161><STEAM_0:0:1836044300><>" kick "Dark_Angel<1305><BOT><>"
L 05/16/2011 - 00:19:31: [plmenu.amxx] Kick: ".::T9o::.<1161><STEAM_0:0:1836044300><>" kick "Transc0der<1306><BOT><>"
L 05/16/2011 - 00:19:31: [plmenu.amxx] Kick: ".::T9o::.<1161><STEAM_0:0:1836044300><>" kick "[SenS^GameS]<-tm->mr.Dyor<1307><BOT><>"
L 05/16/2011 - 00:19:56: [plmenu.amxx] Kick: ".::T9o::.<1161><STEAM_0:0:1836044300><>" kick "SP!7F!RE<1308><BOT><>"
L 05/16/2011 - 00:19:56: [plmenu.amxx] Kick: ".::T9o::.<1161><STEAM_0:0:1836044300><>" kick "-#DIMjKE^wOw.<1309><BOT><>"
L 05/16/2011 - 00:19:57: [plmenu.amxx] Kick: ".::T9o::.<1161><STEAM_0:0:1836044300><>" kick "qqq.>q.<1310><BOT><>"
L 05/16/2011 - 00:19:57: [plmenu.amxx] Kick: ".::T9o::.<1161><STEAM_0:0:1836044300><>" kick "ARMADA*Tm->V[e]RTU***<1311><BOT><>"
L 05/16/2011 - 00:19:57: [plmenu.amxx] Kick: ".::T9o::.<1161><STEAM_0:0:1836044300><>" kick "Francis<1312><BOT><>"
L 05/16/2011 - 00:19:57: [plmenu.amxx] Kick: ".::T9o::.<1161><STEAM_0:0:1836044300><>" kick "teacher<1313><BOT><>"
L 05/16/2011 - 00:19:57: [plmenu.amxx] Kick: ".::T9o::.<1161><STEAM_0:0:1836044300><>" kick "Warden<1314><BOT><>"
L 05/16/2011 - 00:19:57: [plmenu.amxx] Kick: ".::T9o::.<1161><STEAM_0:0:1836044300><>" kick "HuKuTa g}I{aryPgA<1315><BOT><>"
L 05/16/2011 - 00:19:58: [plmenu.amxx] Kick: ".::T9o::.<1161><STEAM_0:0:1836044300><>" kick "mym_<1316><BOT><>"
L 05/16/2011 - 00:19:58: [plmenu.amxx] Kick: ".::T9o::.<1161><STEAM_0:0:1836044300><>" kick "NoObiK<1317><BOT><>"
L 05/16/2011 - 00:19:58: [plmenu.amxx] Kick: ".::T9o::.<1161><STEAM_0:0:1836044300><>" kick "JusMano-_^<1318><BOT><>"
L 05/16/2011 - 00:19:58: [plmenu.amxx] Kick: ".::T9o::.<1161><STEAM_0:0:1836044300><>" kick "qqq.>q.<1319><BOT><>"
L 05/16/2011 - 00:19:58: [plmenu.amxx] Kick: ".::T9o::.<1161><STEAM_0:0:1836044300><>" kick "BAN ME PLS - I AM wh+aim<1320><BOT><>"
L 05/16/2011 - 00:19:59: [plmenu.amxx] Kick: ".::T9o::.<1161><STEAM_0:0:1836044300><>" kick "KaMuH228*klg<1321><BOT><>"
L 05/16/2011 - 00:19:59: [plmenu.amxx] Kick: ".::T9o::.<1161><STEAM_0:0:1836044300><>" kick "balast<1322><BOT><>"
L 05/16/2011 - 00:19:59: [plmenu.amxx] Kick: ".::T9o::.<1161><STEAM_0:0:1836044300><>" kick "Zzz<1323><BOT><>"
L 05/16/2011 - 00:19:59: [plmenu.amxx] Kick: ".::T9o::.<1161><STEAM_0:0:1836044300><>" kick "Grand master~MAIN<1324><BOT><>"
L 05/16/2011 - 00:19:59: [plmenu.amxx] Kick: ".::T9o::.<1161><STEAM_0:0:1836044300><>" kick "eNd1<Minsk><1325><BOT><>"
L 05/16/2011 - 00:20:00: [plmenu.amxx] Kick: ".::T9o::.<1161><STEAM_0:0:1836044300><>" kick "(Boy) MuJIbI<1326><BOT><>"
L 05/16/2011 - 00:20:00: [plmenu.amxx] Kick: ".::T9o::.<1161><STEAM_0:0:1836044300><>" kick "6oJIbHu4ka<1327><BOT><>"
L 05/16/2011 - 00:20:00: [plmenu.amxx] Kick: ".::T9o::.<1161><STEAM_0:0:1836044300><>" kick "pro.wallhacks[]tm_Gambit<1328><BOT><>"
L 05/16/2011 - 00:20:00: [plmenu.amxx] Kick: ".::T9o::.<1161><STEAM_0:0:1836044300><>" kick "KsK-CrEaTiVe<1329><BOT><>"
L 05/16/2011 - 00:20:00: [plmenu.amxx] Kick: ".::T9o::.<1161><STEAM_0:0:1836044300><>" kick "SP!7F!RE<1330><BOT><>"
L 05/16/2011 - 00:20:00: [plmenu.amxx] Kick: ".::T9o::.<1161><STEAM_0:0:1836044300><>" kick "teacher<1331><BOT><>"
L 05/16/2011 - 00:20:01: [plmenu.amxx] Kick: ".::T9o::.<1161><STEAM_0:0:1836044300><>" kick "Xexe<1332><BOT><>"
L 05/16/2011 - 00:20:01: [plmenu.amxx] Kick: ".::T9o::.<1161><STEAM_0:0:1836044300><>" kick "cTaHok<1333><BOT><>"
L 05/16/2011 - 00:20:01: [plmenu.amxx] Kick: ".::T9o::.<1161><STEAM_0:0:1836044300><>" kick "~<1334><BOT><>"
L 05/16/2011 - 00:20:01: [plmenu.amxx] Kick: ".::T9o::.<1161><STEAM_0:0:1836044300><>" kick "Mc````M-1 EVrEn bOB_Live<1335><BOT><>"
L 05/16/2011 - 00:20:01: [plmenu.amxx] Kick: ".::T9o::.<1161><STEAM_0:0:1836044300><>" kick "H9IHdoMa RuLeZzz- SilaSs<1336><BOT><>"
L 05/16/2011 - 00:20:01: [plmenu.amxx] Kick: ".::T9o::.<1161><STEAM_0:0:1836044300><>" kick "NoL1m1T^tm|>No free<1337><BOT><>"
L 05/16/2011 - 00:20:02: [plmenu.amxx] Kick: ".::T9o::.<1161><STEAM_0:0:1836044300><>" kick "Serr<1338><BOT><>"
L 05/16/2011 - 00:20:02: [plmenu.amxx] Kick: ".::T9o::.<1161><STEAM_0:0:1836044300><>" kick "~<1339><BOT><>"
L 05/16/2011 - 00:20:02: [plmenu.amxx] Kick: ".::T9o::.<1161><STEAM_0:0:1836044300><>" kick "N1H1<1340><BOT><>"
L 05/16/2011 - 00:20:03: [plmenu.amxx] Kick: ".::T9o::.<1161><STEAM_0:0:1836044300><>" kick "rK<1341><BOT><>"
L 05/16/2011 - 00:20:03: [plmenu.amxx] Kick: ".::T9o::.<1161><STEAM_0:0:1836044300><>" kick "pro-cs<1342><BOT><>"
L 05/16/2011 - 00:20:03: [plmenu.amxx] Kick: ".::T9o::.<1161><STEAM_0:0:1836044300><>" kick "cTaHok<1343><BOT><>"
L 05/16/2011 - 00:20:04: [plmenu.amxx] Kick: ".::T9o::.<1161><STEAM_0:0:1836044300><>" kick "snow.bor.gatal'sky^<1344><BOT><>"
L 05/16/2011 - 00:20:04: [plmenu.amxx] Kick: ".::T9o::.<1161><STEAM_0:0:1836044300><>" kick "KaMuH228*klg<1345><BOT><>"
L 05/16/2011 - 00:20:04: [plmenu.amxx] Kick: ".::T9o::.<1161><STEAM_0:0:1836044300><>" kick "P[e]RF[e]CT*Tm->$meptHuk<1346><BOT><>"
L 05/16/2011 - 00:20:04: [plmenu.amxx] Kick: ".::T9o::.<1161><STEAM_0:0:1836044300><>" kick "Transc0der<1347><BOT><>"
L 05/16/2011 - 00:20:04: [plmenu.amxx] Kick: ".::T9o::.<1161><STEAM_0:0:1836044300><>" kick "|-101|sm.dpol^<1348><BOT><>"
L 05/16/2011 - 00:20:05: [plmenu.amxx] Kick: ".::T9o::.<1161><STEAM_0:0:1836044300><>" kick "Warden<1349><BOT><>"
L 05/16/2011 - 00:20:05: [plmenu.amxx] Kick: ".::T9o::.<1161><STEAM_0:0:1836044300><>" kick "K!ll3R<1350><BOT><>"
L 05/16/2011 - 00:20:05: [plmenu.amxx] Kick: ".::T9o::.<1161><STEAM_0:0:1836044300><>" kick "Mc````M-1 EVrEn bOB_Live<1351><BOT><>"
L 05/16/2011 - 00:20:05: [plmenu.amxx] Kick: ".::T9o::.<1161><STEAM_0:0:1836044300><>" kick ",,,,,,,,,,<1352><BOT><>"
L 05/16/2011 - 00:20:06: [plmenu.amxx] Kick: ".::T9o::.<1161><STEAM_0:0:1836044300><>" kick "Zzz<1353><BOT><>"
L 05/16/2011 - 00:20:06: [plmenu.amxx] Kick: ".::T9o::.<1161><STEAM_0:0:1836044300><>" kick "(Boy) MuJIbI<1354><BOT><>"
L 05/16/2011 - 00:20:06: [plmenu.amxx] Kick: ".::T9o::.<1161><STEAM_0:0:1836044300><>" kick "Dark_Angel<1356><BOT><>"
L 05/16/2011 - 00:20:07: [plmenu.amxx] Kick: ".::T9o::.<1161><STEAM_0:0:1836044300><>" kick "[cs21rus] V Byben<1357><BOT><>"
L 05/16/2011 - 00:20:07: [plmenu.amxx] Kick: ".::T9o::.<1161><STEAM_0:0:1836044300><>" kick "Gosu<1358><BOT><>"
L 05/16/2011 - 00:20:08: [plmenu.amxx] Kick: ".::T9o::.<1161><STEAM_0:0:1836044300><>" kick "CKA| No free<1359><BOT><>"
L 05/16/2011 - 00:20:08: [plmenu.amxx] Kick: ".::T9o::.<1161><STEAM_0:0:1836044300><>" kick "KIKoz<1360><BOT><>"
L 05/16/2011 - 00:20:09: [plmenu.amxx] Kick: ".::T9o::.<1161><STEAM_0:0:1836044300><>" kick "a+e<1361><BOT><>"
L 05/16/2011 - 00:20:09: [plmenu.amxx] Kick: ".::T9o::.<1161><STEAM_0:0:1836044300><>" kick "Des<1362><BOT><>"
L 05/16/2011 - 00:20:09: [plmenu.amxx] Kick: ".::T9o::.<1161><STEAM_0:0:1836044300><>" kick "-#DIMjKE^wOw.<1363><BOT><>"
L 05/16/2011 - 00:20:30: [plmenu.amxx] Kick: ".::T9o::.<1161><STEAM_0:0:1836044300><>" kick "[U.S.ARMY RANGERS] Sheppard<1364><BOT><>"
L 05/16/2011 - 00:20:30: [plmenu.amxx] Kick: ".::T9o::.<1161><STEAM_0:0:1836044300><>" kick "Mc````M-1 EVrEn bOB_Live<1365><BOT><>"
L 05/16/2011 - 00:20:31: [plmenu.amxx] Kick: ".::T9o::.<1161><STEAM_0:0:1836044300><>" kick "METAbOLIK<1366><BOT><>"
L 05/16/2011 - 00:20:31: [plmenu.amxx] Kick: ".::T9o::.<1161><STEAM_0:0:1836044300><>" kick "Lolo<1367><BOT><>"
L 05/16/2011 - 00:20:32: [plmenu.amxx] Kick: ".::T9o::.<1161><STEAM_0:0:1836044300><>" kick "SenS^GameS | > B[k]`N[e]L<1368><BOT><>"
L 05/16/2011 - 00:20:32: [plmenu.amxx] Kick: ".::T9o::.<1161><STEAM_0:0:1836044300><>" kick "rK<1369><BOT><>"
L 05/16/2011 - 00:21:06: [plmenu.amxx] Kick: ".::T9o::.<1161><STEAM_0:0:1836044300><>" kick "Kolpino_team > LLapb^<1252><BOT><>"
L 05/16/2011 - 00:21:06: [plmenu.amxx] Kick: ".::T9o::.<1161><STEAM_0:0:1836044300><>" kick "NoL1m1T^tm|>No free<1370><BOT><>"
L 05/16/2011 - 00:21:07: [plmenu.amxx] Kick: ".::T9o::.<1161><STEAM_0:0:1836044300><>" kick "eNd1<Minsk><1372><BOT><>"
L 05/16/2011 - 00:21:07: [plmenu.amxx] Kick: ".::T9o::.<1161><STEAM_0:0:1836044300><>" kick "Elmo<1373><BOT><>"
L 05/16/2011 - 00:21:08: [plmenu.amxx] Kick: ".::T9o::.<1161><STEAM_0:0:1836044300><>" kick "hoooch.<1374><BOT><>"
L 05/16/2011 - 00:21:09: [plmenu.amxx] Kick: ".::T9o::.<1161><STEAM_0:0:1836044300><>" kick "mym_<1375><BOT><>"
L 05/16/2011 - 00:21:09: [plmenu.amxx] Kick: ".::T9o::.<1161><STEAM_0:0:1836044300><>" kick "Serr<1376><BOT><>"
L 05/16/2011 - 00:21:09: [plmenu.amxx] Kick: ".::T9o::.<1161><STEAM_0:0:1836044300><>" kick "BABUSHKA+<1377><BOT><>"
L 05/16/2011 - 00:21:22: [plmenu.amxx] Kick: ".::T9o::.<1161><STEAM_0:0:1836044300><>" kick "~omg~s.bor<1371><BOT><>"
L 05/16/2011 - 00:21:24: [plmenu.amxx] Kick: ".::T9o::.<1161><STEAM_0:0:1836044300><>" kick "pro.wallhacks[]tm_Gambit<1378><BOT><>"
L 05/16/2011 - 00:22:13: [plmenu.amxx] Kick: ".::T9o::.<1161><STEAM_0:0:1836044300><>" kick "[amx]^eXo tm |Proket<1379><BOT><>"
L 05/16/2011 - 00:22:14: [plmenu.amxx] Kick: ".::T9o::.<1161><STEAM_0:0:1836044300><>" kick "snow.bor.gatal'sky^<1380><BOT><>"
L 05/16/2011 - 00:22:14: [plmenu.amxx] Kick: ".::T9o::.<1161><STEAM_0:0:1836044300><>" kick "Elmo<1382><BOT><>"
L 05/16/2011 - 00:22:14: [plmenu.amxx] Kick: ".::T9o::.<1161><STEAM_0:0:1836044300><>" kick "BuT9I_HocuT_NIKE<1383><BOT><>"
L 05/16/2011 - 00:22:15: [plmenu.amxx] Kick: ".::T9o::.<1161><STEAM_0:0:1836044300><>" kick "Warden<1384><BOT><>"
L 05/16/2011 - 00:22:15: [plmenu.amxx] Kick: ".::T9o::.<1161><STEAM_0:0:1836044300><>" kick "(Boy) MuJIbI<1385><BOT><>"
L 05/16/2011 - 00:22:15: [plmenu.amxx] Kick: ".::T9o::.<1161><STEAM_0:0:1836044300><>" kick ",,,,,,,,,,<1386><BOT><>"
L 05/16/2011 - 00:22:41: [plmenu.amxx] Kick: ".::T9o::.<1161><STEAM_0:0:1836044300><>" kick "d0dik tm|Pwnz0r^!<1381><BOT><>"
L 05/16/2011 - 00:22:43: [plmenu.amxx] Kick: ".::T9o::.<1161><STEAM_0:0:1836044300><>" kick "KIKoz<1388><BOT><>"
L 05/16/2011 - 00:22:43: [plmenu.amxx] Kick: ".::T9o::.<1161><STEAM_0:0:1836044300><>" kick "SenS^GameS | > VizZ<1387><BOT><>"
L 05/16/2011 - 00:22:44: [plmenu.amxx] Kick: ".::T9o::.<1161><STEAM_0:0:1836044300><>" kick "Xexe<1392><BOT><>"
L 05/16/2011 - 00:22:44: [plmenu.amxx] Kick: ".::T9o::.<1161><STEAM_0:0:1836044300><>" kick "Serr<1393><BOT><>"
L 05/16/2011 - 00:22:44: [plmenu.amxx] Kick: ".::T9o::.<1161><STEAM_0:0:1836044300><>" kick "My name is HacTeHbka^!<1394><BOT><>"
L 05/16/2011 - 00:22:45: [plmenu.amxx] Kick: ".::T9o::.<1161><STEAM_0:0:1836044300><>" kick "NoObiK<1395><BOT><>"
L 05/16/2011 - 00:22:45: [plmenu.amxx] Kick: ".::T9o::.<1161><STEAM_0:0:1836044300><>" kick "BuT9I_HocuT_NIKE<1396><BOT><>"
L 05/16/2011 - 00:22:45: [plmenu.amxx] Kick: ".::T9o::.<1161><STEAM_0:0:1836044300><>" kick "DagaMan^^<1397><BOT><>"
L 05/16/2011 - 00:22:46: [plmenu.amxx] Kick: ".::T9o::.<1161><STEAM_0:0:1836044300><>" kick "[amx]^eXo tm |Proket<1398><BOT><>"
L 05/16/2011 - 00:22:46: [plmenu.amxx] Kick: ".::T9o::.<1161><STEAM_0:0:1836044300><>" kick "pro-cs<1399><BOT><>"
L 05/16/2011 - 00:22:57: [plmenu.amxx] Kick: ".::T9o::.<1161><STEAM_0:0:1836044300><>" kick "Elmo<1400><BOT><>"
L 05/16/2011 - 00:22:58: [plmenu.amxx] Kick: ".::T9o::.<1161><STEAM_0:0:1836044300><>" kick "sfg_fog<1391><BOT><>"
L 05/16/2011 - 00:22:59: [plmenu.amxx] Kick: ".::T9o::.<1161><STEAM_0:0:1836044300><>" kick "Hanma Baki<1401><BOT><>"
L 05/16/2011 - 00:23:00: [plmenu.amxx] Kick: ".::T9o::.<1161><STEAM_0:0:1836044300><>" kick "|-101|sm.dpol^<1402><BOT><>"
L 05/16/2011 - 00:23:01: [plmenu.amxx] Kick: ".::T9o::.<1161><STEAM_0:0:1836044300><>" kick "a+e<1403><BOT><>"
L 05/16/2011 - 00:23:03: [plmenu.amxx] Kick: ".::T9o::.<1161><STEAM_0:0:1836044300><>" kick "qqq.>q.<1405><BOT><>"
L 05/16/2011 - 00:23:06: [plmenu.amxx] Kick: ".::T9o::.<1161><STEAM_0:0:1836044300><>" kick "Dark_Angel<1404><BOT><>"
L 05/16/2011 - 00:23:09: [plmenu.amxx] Kick: ".::T9o::.<1161><STEAM_0:0:1836044300><>" kick "Grand master~MAIN<1407><BOT><>"
L 05/16/2011 - 00:23:09: [plmenu.amxx] Kick: ".::T9o::.<1161><STEAM_0:0:1836044300><>" kick "[SenS^GameS]<-tm->mr.Dyor<1408><BOT><>"
L 05/16/2011 - 00:23:09: [plmenu.amxx] Kick: ".::T9o::.<1161><STEAM_0:0:1836044300><>" kick "Warden<1409><BOT><>"
L 05/16/2011 - 00:23:09: [plmenu.amxx] Kick: ".::T9o::.<1161><STEAM_0:0:1836044300><>" kick "0n0t0le 111<1410><BOT><>"
L 05/16/2011 - 00:25:16: [plmenu.amxx] Cmd: ".::T9o::.<1161><STEAM_0:0:1836044300><>" slap with 5 damage ".::T9o::.<1161><STEAM_0:0:1836044300><>"
L 05/16/2011 - 00:25:17: [plmenu.amxx] Cmd: ".::T9o::.<1161><STEAM_0:0:1836044300><>" slap with 5 damage ".::T9o::.<1161><STEAM_0:0:1836044300><>"
L 05/16/2011 - 00:25:18: [plmenu.amxx] Cmd: ".::T9o::.<1161><STEAM_0:0:1836044300><>" slap with 5 damage ".::T9o::.<1161><STEAM_0:0:1836044300><>"
L 05/16/2011 - 00:25:19: [plmenu.amxx] Cmd: ".::T9o::.<1161><STEAM_0:0:1836044300><>" slap with 5 damage ".::T9o::.<1161><STEAM_0:0:1836044300><>"
L 05/16/2011 - 00:25:20: [plmenu.amxx] Cmd: ".::T9o::.<1161><STEAM_0:0:1836044300><>" slap with 5 damage ".::T9o::.<1161><STEAM_0:0:1836044300><>"
L 05/16/2011 - 00:25:54: [plmenu.amxx] Kick: ".::T9o::.<1161><STEAM_0:0:1836044300><>" kick "Mc````M-1 EVrEn bOB_Live<1411><BOT><>"
L 05/16/2011 - 00:25:54: [plmenu.amxx] Kick: ".::T9o::.<1161><STEAM_0:0:1836044300><>" kick "-.-<1412><BOT><>"
L 05/16/2011 - 00:25:55: [plmenu.amxx] Kick: ".::T9o::.<1161><STEAM_0:0:1836044300><>" kick "KIKoz<1413><BOT><>"
L 05/16/2011 - 00:25:55: [plmenu.amxx] Kick: ".::T9o::.<1161><STEAM_0:0:1836044300><>" kick "eksis<1414><BOT><>"
L 05/16/2011 - 00:25:56: [plmenu.amxx] Kick: ".::T9o::.<1161><STEAM_0:0:1836044300><>" kick "Kolpino_team > LLapb^<1415><BOT><>"
L 05/16/2011 - 00:25:56: [plmenu.amxx] Kick: ".::T9o::.<1161><STEAM_0:0:1836044300><>" kick "SP!7F!RE<1416><BOT><>"
L 05/16/2011 - 00:25:56: [plmenu.amxx] Kick: ".::T9o::.<1161><STEAM_0:0:1836044300><>" kick "Aleksey G.<1417><BOT><>"
L 05/16/2011 - 00:25:56: [plmenu.amxx] Kick: ".::T9o::.<1161><STEAM_0:0:1836044300><>" kick "Bpa4<1418><BOT><>"
L 05/16/2011 - 00:25:56: [plmenu.amxx] Kick: ".::T9o::.<1161><STEAM_0:0:1836044300><>" kick "My name is HacTeHbka^!<1419><BOT><>"
L 05/16/2011 - 00:25:56: [plmenu.amxx] Kick: ".::T9o::.<1161><STEAM_0:0:1836044300><>" kick "Bpa4<1420><BOT><>"
L 05/16/2011 - 00:25:57: [plmenu.amxx] Kick: ".::T9o::.<1161><STEAM_0:0:1836044300><>" kick "KsK-CrEaTiVe<1421><BOT><>"
L 05/16/2011 - 00:25:57: [plmenu.amxx] Kick: ".::T9o::.<1161><STEAM_0:0:1836044300><>" kick "AKYLA<1422><BOT><>"
L 05/16/2011 - 00:25:57: [plmenu.amxx] Kick: ".::T9o::.<1161><STEAM_0:0:1836044300><>" kick ",,,,,,,,,,<1423><BOT><>"
L 05/16/2011 - 00:25:57: [plmenu.amxx] Kick: ".::T9o::.<1161><STEAM_0:0:1836044300><>" kick "BuT9I_HocuT_NIKE<1424><BOT><>"
L 05/16/2011 - 00:25:57: [plmenu.amxx] Kick: ".::T9o::.<1161><STEAM_0:0:1836044300><>" kick "SiGi<1425><BOT><>"
L 05/16/2011 - 00:25:57: [plmenu.amxx] Kick: ".::T9o::.<1161><STEAM_0:0:1836044300><>" kick "opa<1426><BOT><>"
L 05/16/2011 - 00:25:58: [plmenu.amxx] Kick: ".::T9o::.<1161><STEAM_0:0:1836044300><>" kick "qqq.>q.<1427><BOT><>"
L 05/16/2011 - 00:25:58: [plmenu.amxx] Kick: ".::T9o::.<1161><STEAM_0:0:1836044300><>" kick "KsK-CrEaTiVe<1428><BOT><>"
L 05/16/2011 - 00:25:58: [plmenu.amxx] Kick: ".::T9o::.<1161><STEAM_0:0:1836044300><>" kick "d0dik tm|Pwnz0r^!<1429><BOT><>"
L 05/16/2011 - 00:25:59: [plmenu.amxx] Kick: ".::T9o::.<1161><STEAM_0:0:1836044300><>" kick "asaff<1430><BOT><>"
L 05/16/2011 - 00:25:59: [plmenu.amxx] Kick: ".::T9o::.<1161><STEAM_0:0:1836044300><>" kick "6oJIbHu4ka<1431><BOT><>"
L 05/16/2011 - 00:25:59: [plmenu.amxx] Kick: ".::T9o::.<1161><STEAM_0:0:1836044300><>" kick "|-101|sm.dpol^<1432><BOT><>"
L 05/16/2011 - 00:25:59: [plmenu.amxx] Kick: ".::T9o::.<1161><STEAM_0:0:1836044300><>" kick "Snooze<1433><BOT><>"
L 05/16/2011 - 00:25:59: [plmenu.amxx] Kick: ".::T9o::.<1161><STEAM_0:0:1836044300><>" kick "SenS^GameS | > VizZ<1434><BOT><>"
L 05/16/2011 - 00:26:00: [plmenu.amxx] Kick: ".::T9o::.<1161><STEAM_0:0:1836044300><>" kick "mym_<1435><BOT><>"
L 05/16/2011 - 00:26:00: [plmenu.amxx] Kick: ".::T9o::.<1161><STEAM_0:0:1836044300><>" kick "-.-<1436><BOT><>"
L 05/16/2011 - 00:26:00: [plmenu.amxx] Kick: ".::T9o::.<1161><STEAM_0:0:1836044300><>" kick "N1H1<1406><BOT><>"
L 05/16/2011 - 00:26:12: [plmenu.amxx] Kick: ".::T9o::.<1161><STEAM_0:0:1836044300><>" kick "Des<1438><BOT><>"
L 05/16/2011 - 00:26:15: [plmenu.amxx] Kick: ".::T9o::.<1161><STEAM_0:0:1836044300><>" kick "d0dik tm|Pwnz0r^!<1439><BOT><>"
L 05/16/2011 - 00:26:16: [plmenu.amxx] Kick: ".::T9o::.<1161><STEAM_0:0:1836044300><>" kick "P[e]RF[e]CT*Tm->$meptHuk<1440><BOT><>"
L 05/16/2011 - 00:26:17: [plmenu.amxx] Kick: ".::T9o::.<1161><STEAM_0:0:1836044300><>" kick "asaff<1441><BOT><>"
L 05/16/2011 - 00:26:18: [plmenu.amxx] Kick: ".::T9o::.<1161><STEAM_0:0:1836044300><>" kick ",,,,,,,,,,<1442><BOT><>"
L 05/16/2011 - 00:26:18: [plmenu.amxx] Kick: ".::T9o::.<1161><STEAM_0:0:1836044300><>" kick "bioreactor<1443><BOT><>"
L 05/16/2011 - 00:26:18: [plmenu.amxx] Kick: ".::T9o::.<1161><STEAM_0:0:1836044300><>" kick "CKA| No free<1444><BOT><>"
L 05/16/2011 - 00:26:19: [plmenu.amxx] Kick: ".::T9o::.<1161><STEAM_0:0:1836044300><>" kick "Cobran<1445><BOT><>"
L 05/16/2011 - 00:26:19: [plmenu.amxx] Kick: ".::T9o::.<1161><STEAM_0:0:1836044300><>" kick "BABUSHKA+<1446><BOT><>"
L 05/16/2011 - 00:26:19: [plmenu.amxx] Kick: ".::T9o::.<1161><STEAM_0:0:1836044300><>" kick "balast<1447><BOT><>"
L 05/16/2011 - 00:26:20: [plmenu.amxx] Kick: ".::T9o::.<1161><STEAM_0:0:1836044300><>" kick "Des<1448><BOT><>"
L 05/16/2011 - 00:26:20: [plmenu.amxx] Kick: ".::T9o::.<1161><STEAM_0:0:1836044300><>" kick "opa<1449><BOT><>"
L 05/16/2011 - 00:26:20: [plmenu.amxx] Kick: ".::T9o::.<1161><STEAM_0:0:1836044300><>" kick "[ThunderHorse] mutik<1450><BOT><>"
L 05/16/2011 - 00:26:21: [plmenu.amxx] Kick: ".::T9o::.<1161><STEAM_0:0:1836044300><>" kick "Lolo<1451><BOT><>"
L 05/16/2011 - 00:26:21: [plmenu.amxx] Kick: ".::T9o::.<1161><STEAM_0:0:1836044300><>" kick "swItch baCk nyncuk<1452><BOT><>"
L 05/16/2011 - 00:26:21: [plmenu.amxx] Kick: ".::T9o::.<1161><STEAM_0:0:1836044300><>" kick "Hanma Baki<1453><BOT><>"
L 05/16/2011 - 00:26:21: [plmenu.amxx] Kick: ".::T9o::.<1161><STEAM_0:0:1836044300><>" kick "snow.bor.gatal'sky^<1454><BOT><>"
L 05/16/2011 - 00:26:21: [plmenu.amxx] Kick: ".::T9o::.<1161><STEAM_0:0:1836044300><>" kick "+ 6oJIbweBukoB e6awuT :D<1455><BOT><>"
L 05/16/2011 - 00:26:22: [plmenu.amxx] Kick: ".::T9o::.<1161><STEAM_0:0:1836044300><>" kick "teacher<1456><BOT><>"
L 05/16/2011 - 00:26:22: [plmenu.amxx] Kick: ".::T9o::.<1161><STEAM_0:0:1836044300><>" kick "NoL1m1T^tm|>No free<1457><BOT><>"
L 05/16/2011 - 00:26:22: [plmenu.amxx] Kick: ".::T9o::.<1161><STEAM_0:0:1836044300><>" kick "g0dL1kE_Meat^StaFF skill 0 =)<1458><BOT><>"
L 05/16/2011 - 00:26:22: [plmenu.amxx] Kick: ".::T9o::.<1161><STEAM_0:0:1836044300><>" kick "teacher<1459><BOT><>"
L 05/16/2011 - 00:26:23: [plmenu.amxx] Kick: ".::T9o::.<1161><STEAM_0:0:1836044300><>" kick "hoooch.<1460><BOT><>"
L 05/16/2011 - 00:26:23: [plmenu.amxx] Kick: ".::T9o::.<1161><STEAM_0:0:1836044300><>" kick "[SenS^GameS]<-tm->mr.Dyor<1461><BOT><>"
L 05/16/2011 - 00:26:24: [plmenu.amxx] Kick: ".::T9o::.<1161><STEAM_0:0:1836044300><>" kick "Gosu<1462><BOT><>"
L 05/16/2011 - 00:26:25: [plmenu.amxx] Kick: ".::T9o::.<1161><STEAM_0:0:1836044300><>" kick "[U.S.ARMY RANGERS] Roach<1463><BOT><>"
L 05/16/2011 - 00:26:25: [plmenu.amxx] Kick: ".::T9o::.<1161><STEAM_0:0:1836044300><>" kick "-.-<1464><BOT><>"
L 05/16/2011 - 00:26:25: [plmenu.amxx] Kick: ".::T9o::.<1161><STEAM_0:0:1836044300><>" kick "fngr<1465><BOT><>"
L 05/16/2011 - 00:26:25: [plmenu.amxx] Kick: ".::T9o::.<1161><STEAM_0:0:1836044300><>" kick "0n0t0le 111<1466><BOT><>"
L 05/16/2011 - 00:26:25: [plmenu.amxx] Kick: ".::T9o::.<1161><STEAM_0:0:1836044300><>" kick "cOoL.4uk.  beautiful game :D<1467><BOT><>"
L 05/16/2011 - 00:26:26: [plmenu.amxx] Kick: ".::T9o::.<1161><STEAM_0:0:1836044300><>" kick "Cobran<1468><BOT><>"
L 05/16/2011 - 00:26:26: [plmenu.amxx] Kick: ".::T9o::.<1161><STEAM_0:0:1836044300><>" kick "4 u T e P ----><1469><BOT><>"
L 05/16/2011 - 00:26:27: [plmenu.amxx] Kick: ".::T9o::.<1161><STEAM_0:0:1836044300><>" kick "mym_<1470><BOT><>"
L 05/16/2011 - 00:26:27: [plmenu.amxx] Kick: ".::T9o::.<1161><STEAM_0:0:1836044300><>" kick "cROG     ^^<1471><BOT><>"
L 05/16/2011 - 00:26:27: [plmenu.amxx] Kick: ".::T9o::.<1161><STEAM_0:0:1836044300><>" kick "qqq.>q.<1472><BOT><>"
L 05/16/2011 - 00:26:31: [plmenu.amxx] Kick: ".::T9o::.<1161><STEAM_0:0:1836044300><>" kick "KsK-CrEaTiVe<1437><BOT><>"
L 05/16/2011 - 00:26:38: [plmenu.amxx] Kick: ".::T9o::.<1161><STEAM_0:0:1836044300><>" kick "mym_<1473><BOT><>"
L 05/16/2011 - 00:26:38: [plmenu.amxx] Kick: ".::T9o::.<1161><STEAM_0:0:1836044300><>" kick "KIKoz<1475><BOT><>"
L 05/16/2011 - 00:26:39: [plmenu.amxx] Kick: ".::T9o::.<1161><STEAM_0:0:1836044300><>" kick "swItch baCk nyncuk<1476><BOT><>"
L 05/16/2011 - 00:26:39: [plmenu.amxx] Kick: ".::T9o::.<1161><STEAM_0:0:1836044300><>" kick "snow.bor.gatal'sky^<1477><BOT><>"
L 05/16/2011 - 00:26:41: [plmenu.amxx] Kick: ".::T9o::.<1161><STEAM_0:0:1836044300><>" kick "snow.bor.gatal'sky^<1479><BOT><>"
L 05/16/2011 - 00:26:41: [plmenu.amxx] Kick: ".::T9o::.<1161><STEAM_0:0:1836044300><>" kick "P[e]RF[e]CT*Tm->$meptHuk<1478><BOT><>"
L 05/16/2011 - 00:26:41: [plmenu.amxx] Kick: ".::T9o::.<1161><STEAM_0:0:1836044300><>" kick ".::T9o::.<1161><STEAM_0:0:1836044300><>"
L 05/16/2011 - 00:26:43: [admin_amxbans.amxx] Login: ".::T9o::.<1483><STEAM_0:0:1836044300><>" became an admin (account ".::T9o::.") (access "abcdefgijmopqtu") (address "95.55.171.199")
L 05/16/2011 - 00:26:57: [plmenu.amxx] Kick: ".::T9o::.<1483><STEAM_0:0:1836044300><>" kick "4epok<1481><BOT><>"
L 05/16/2011 - 00:27:03: [plmenu.amxx] Kick: ".::T9o::.<1483><STEAM_0:0:1836044300><>" kick "[amx]^eXo tm |Proket<1482><BOT><>"
L 05/16/2011 - 00:27:05: [plmenu.amxx] Kick: ".::T9o::.<1483><STEAM_0:0:1836044300><>" kick "4 u T e P ----><1474><BOT><>"
L 05/16/2011 - 00:27:05: [plmenu.amxx] Kick: ".::T9o::.<1483><STEAM_0:0:1836044300><>" kick "Des<1485><BOT><>"
L 05/16/2011 - 00:27:06: [plmenu.amxx] Kick: ".::T9o::.<1483><STEAM_0:0:1836044300><>" kick "eNd1<Minsk><1486><BOT><>"
L 05/16/2011 - 00:27:10: [plmenu.amxx] Kick: ".::T9o::.<1483><STEAM_0:0:1836044300><>" kick "n4eJIa.<1487><BOT><>"
L 05/16/2011 - 00:27:12: [plmenu.amxx] Kick: ".::T9o::.<1483><STEAM_0:0:1836044300><>" kick "SP!7F!RE<1488><BOT><>"
L 05/16/2011 - 00:27:16: [plmenu.amxx] Kick: ".::T9o::.<1483><STEAM_0:0:1836044300><>" kick "^team|music^fraerOK<1484><BOT><>"
L 05/16/2011 - 00:27:46: [plmenu.amxx] Cmd: ".::T9o::.<1483><STEAM_0:0:1836044300><>" slap with 5 damage ".::T9o::.<1483><STEAM_0:0:1836044300><>"
L 05/16/2011 - 00:27:46: [plmenu.amxx] Cmd: ".::T9o::.<1483><STEAM_0:0:1836044300><>" slap with 5 damage ".::T9o::.<1483><STEAM_0:0:1836044300><>"
L 05/16/2011 - 00:27:46: [plmenu.amxx] Cmd: ".::T9o::.<1483><STEAM_0:0:1836044300><>" slap with 5 damage ".::T9o::.<1483><STEAM_0:0:1836044300><>"
L 05/16/2011 - 00:27:46: [plmenu.amxx] Cmd: ".::T9o::.<1483><STEAM_0:0:1836044300><>" slap with 5 damage ".::T9o::.<1483><STEAM_0:0:1836044300><>"
L 05/16/2011 - 00:27:46: [plmenu.amxx] Cmd: ".::T9o::.<1483><STEAM_0:0:1836044300><>" slap with 5 damage ".::T9o::.<1483><STEAM_0:0:1836044300><>"
L 05/16/2011 - 00:27:47: [plmenu.amxx] Cmd: ".::T9o::.<1483><STEAM_0:0:1836044300><>" slap with 5 damage ".::T9o::.<1483><STEAM_0:0:1836044300><>"
L 05/16/2011 - 00:27:47: [plmenu.amxx] Cmd: ".::T9o::.<1483><STEAM_0:0:1836044300><>" slap with 5 damage ".::T9o::.<1483><STEAM_0:0:1836044300><>"
L 05/16/2011 - 00:27:47: [plmenu.amxx] Cmd: ".::T9o::.<1483><STEAM_0:0:1836044300><>" slap with 5 damage ".::T9o::.<1483><STEAM_0:0:1836044300><>"
L 05/16/2011 - 00:27:47: [plmenu.amxx] Cmd: ".::T9o::.<1483><STEAM_0:0:1836044300><>" slap with 5 damage ".::T9o::.<1483><STEAM_0:0:1836044300><>"
L 05/16/2011 - 00:27:47: [plmenu.amxx] Cmd: ".::T9o::.<1483><STEAM_0:0:1836044300><>" slap with 5 damage ".::T9o::.<1483><STEAM_0:0:1836044300><>"
L 05/16/2011 - 00:27:47: [plmenu.amxx] Cmd: ".::T9o::.<1483><STEAM_0:0:1836044300><>" slap with 5 damage ".::T9o::.<1483><STEAM_0:0:1836044300><>"
L 05/16/2011 - 00:27:48: [plmenu.amxx] Cmd: ".::T9o::.<1483><STEAM_0:0:1836044300><>" slap with 5 damage ".::T9o::.<1483><STEAM_0:0:1836044300><>"
L 05/16/2011 - 00:27:48: [plmenu.amxx] Cmd: ".::T9o::.<1483><STEAM_0:0:1836044300><>" slap with 5 damage ".::T9o::.<1483><STEAM_0:0:1836044300><>"
L 05/16/2011 - 00:27:48: [plmenu.amxx] Cmd: ".::T9o::.<1483><STEAM_0:0:1836044300><>" slap with 5 damage ".::T9o::.<1483><STEAM_0:0:1836044300><>"
L 05/16/2011 - 00:27:48: [plmenu.amxx] Cmd: ".::T9o::.<1483><STEAM_0:0:1836044300><>" slap with 5 damage ".::T9o::.<1483><STEAM_0:0:1836044300><>"
L 05/16/2011 - 00:27:48: [plmenu.amxx] Cmd: ".::T9o::.<1483><STEAM_0:0:1836044300><>" slap with 5 damage ".::T9o::.<1483><STEAM_0:0:1836044300><>"
L 05/16/2011 - 00:27:48: [plmenu.amxx] Cmd: ".::T9o::.<1483><STEAM_0:0:1836044300><>" slap with 5 damage ".::T9o::.<1483><STEAM_0:0:1836044300><>"
L 05/16/2011 - 00:27:49: [plmenu.amxx] Cmd: ".::T9o::.<1483><STEAM_0:0:1836044300><>" slap with 5 damage ".::T9o::.<1483><STEAM_0:0:1836044300><>"
L 05/16/2011 - 00:27:49: [plmenu.amxx] Cmd: ".::T9o::.<1483><STEAM_0:0:1836044300><>" slap with 5 damage ".::T9o::.<1483><STEAM_0:0:1836044300><>"
L 05/16/2011 - 00:27:49: [plmenu.amxx] Cmd: ".::T9o::.<1483><STEAM_0:0:1836044300><>" slap with 5 damage ".::T9o::.<1483><STEAM_0:0:1836044300><>"
L 05/16/2011 - 00:27:49: [plmenu.amxx] Cmd: ".::T9o::.<1483><STEAM_0:0:1836044300><>" slap with 5 damage ".::T9o::.<1483><STEAM_0:0:1836044300><>"
L 05/16/2011 - 00:27:49: [plmenu.amxx] Cmd: ".::T9o::.<1483><STEAM_0:0:1836044300><>" slap with 5 damage ".::T9o::.<1483><STEAM_0:0:1836044300><>"
L 05/16/2011 - 00:27:49: [plmenu.amxx] Cmd: ".::T9o::.<1483><STEAM_0:0:1836044300><>" slap with 5 damage ".::T9o::.<1483><STEAM_0:0:1836044300><>"
L 05/16/2011 - 00:27:50: [plmenu.amxx] Cmd: ".::T9o::.<1483><STEAM_0:0:1836044300><>" slap with 5 damage ".::T9o::.<1483><STEAM_0:0:1836044300><>"
L 05/16/2011 - 00:27:50: [plmenu.amxx] Cmd: ".::T9o::.<1483><STEAM_0:0:1836044300><>" slap with 5 damage ".::T9o::.<1483><STEAM_0:0:1836044300><>"
L 05/16/2011 - 00:27:50: [plmenu.amxx] Cmd: ".::T9o::.<1483><STEAM_0:0:1836044300><>" slap with 5 damage ".::T9o::.<1483><STEAM_0:0:1836044300><>"
L 05/16/2011 - 00:27:50: [plmenu.amxx] Cmd: ".::T9o::.<1483><STEAM_0:0:1836044300><>" slap with 5 damage ".::T9o::.<1483><STEAM_0:0:1836044300><>"
L 05/16/2011 - 00:27:50: [plmenu.amxx] Cmd: ".::T9o::.<1483><STEAM_0:0:1836044300><>" slap with 5 damage ".::T9o::.<1483><STEAM_0:0:1836044300><>"
L 05/16/2011 - 00:27:51: [plmenu.amxx] Cmd: ".::T9o::.<1483><STEAM_0:0:1836044300><>" slap with 5 damage ".::T9o::.<1483><STEAM_0:0:1836044300><>"
L 05/16/2011 - 00:27:51: [plmenu.amxx] Cmd: ".::T9o::.<1483><STEAM_0:0:1836044300><>" slap with 5 damage ".::T9o::.<1483><STEAM_0:0:1836044300><>"
L 05/16/2011 - 00:27:51: [plmenu.amxx] Cmd: ".::T9o::.<1483><STEAM_0:0:1836044300><>" slap with 5 damage ".::T9o::.<1483><STEAM_0:0:1836044300><>"
L 05/16/2011 - 00:27:51: [plmenu.amxx] Cmd: ".::T9o::.<1483><STEAM_0:0:1836044300><>" slap with 5 damage ".::T9o::.<1483><STEAM_0:0:1836044300><>"
L 05/16/2011 - 00:27:51: [plmenu.amxx] Cmd: ".::T9o::.<1483><STEAM_0:0:1836044300><>" slap with 5 damage ".::T9o::.<1483><STEAM_0:0:1836044300><>"
L 05/16/2011 - 00:27:51: [plmenu.amxx] Cmd: ".::T9o::.<1483><STEAM_0:0:1836044300><>" slap with 5 damage ".::T9o::.<1483><STEAM_0:0:1836044300><>"
L 05/16/2011 - 00:27:52: [plmenu.amxx] Cmd: ".::T9o::.<1483><STEAM_0:0:1836044300><>" slap with 5 damage ".::T9o::.<1483><STEAM_0:0:1836044300><>"
L 05/16/2011 - 00:27:52: [plmenu.amxx] Cmd: ".::T9o::.<1483><STEAM_0:0:1836044300><>" slap with 5 damage ".::T9o::.<1483><STEAM_0:0:1836044300><>"
L 05/16/2011 - 00:27:52: [plmenu.amxx] Cmd: ".::T9o::.<1483><STEAM_0:0:1836044300><>" slap with 5 damage ".::T9o::.<1483><STEAM_0:0:1836044300><>"
L 05/16/2011 - 00:27:52: [plmenu.amxx] Cmd: ".::T9o::.<1483><STEAM_0:0:1836044300><>" slap with 5 damage ".::T9o::.<1483><STEAM_0:0:1836044300><>"
L 05/16/2011 - 00:27:52: [plmenu.amxx] Cmd: ".::T9o::.<1483><STEAM_0:0:1836044300><>" slap with 5 damage ".::T9o::.<1483><STEAM_0:0:1836044300><>"
L 05/16/2011 - 00:27:52: [plmenu.amxx] Cmd: ".::T9o::.<1483><STEAM_0:0:1836044300><>" slap with 5 damage ".::T9o::.<1483><STEAM_0:0:1836044300><>"
L 05/16/2011 - 00:27:53: [plmenu.amxx] Cmd: ".::T9o::.<1483><STEAM_0:0:1836044300><>" slap with 5 damage ".::T9o::.<1483><STEAM_0:0:1836044300><>"
L 05/16/2011 - 00:29:27: [admin_amxbans.amxx] Login: "Dumka<1492><STEAM_0:0:1236438227><>" became an admin (account "172.23.65.13") (access "abcdefghijklmnopqrstu") (address "172.23.65.13")
L 05/16/2011 - 00:30:01: [plmenu.amxx] Kick: ".::T9o::.<1483><STEAM_0:0:1836044300><>" kick "sfg_fog<1489><BOT><>"
L 05/16/2011 - 00:31:02: [voteban.amxx] Вотебан запустил Dumka против .::T9o::. STEAM_0:0:1836044300
L 05/16/2011 - 00:31:36: [voteban.amxx] Вотебан запустил Dumka против Dumka STEAM_0:0:1236438227
L 05/16/2011 - 00:31:59: [voteban.amxx] Вотебан запустил Dumka против Tw!sta BOT
L 05/16/2011 - 00:33:06: [voteban.amxx] Вотебан запустил .::T9o::. против .::T9o::. STEAM_0:0:1836044300
L 05/16/2011 - 00:45:26: [admincmd.amxx] Cmd: "Dumka<1492><STEAM_0:0:1236438227><>" ask for players list
L 05/16/2011 - 00:48:11: -------- Mapchange to zm_escapetrain --------
L 05/16/2011 - 00:48:13: [amxbans.amxx] [AMXBANS] AMXBans 5.0 подключен
L 05/16/2011 - 00:49:06: [admin_amxbans.amxx] Login: "Dumka<1503><STEAM_0:0:1236438227><>" became an admin (account "172.23.65.13") (access "abcdefghijklmnopqrstu") (address "172.23.65.13")
L 05/16/2011 - 00:52:06: -------- Mapchange to cs_estate --------
L 05/16/2011 - 00:52:09: [amxbans.amxx] [AMXBANS] AMXBans 5.0 подключен
L 05/16/2011 - 00:57:34: [admin_amxbans.amxx] Login: "Dumka<1516><STEAM_0:0:1236438227><>" became an admin (account "172.23.65.13") (access "abcdefghijklmnopqrstu") (address "172.23.65.13")
L 05/16/2011 - 00:57:47: [admincmd.amxx] Cmd: "Dumka<1516><STEAM_0:0:1236438227><>" ask for players list
L 05/16/2011 - 01:12:36: [admin_amxbans.amxx] Login: "Dumka<1522><STEAM_0:0:1236438227><>" became an admin (account "172.23.65.13") (access "abcdefghijklmnopqrstu") (address "172.23.65.13")
L 05/16/2011 - 01:15:29: [mapsmenu.amxx] Cmd: "Dumka<1522><STEAM_0:0:1236438227><>" changelevel "de_dust"
L 05/16/2011 - 01:15:31: -------- Mapchange to de_dust --------
L 05/16/2011 - 01:15:33: [admin_amxbans.amxx] Login: "Dumka<1522><STEAM_0:0:1236438227><>" became an admin (account "172.23.65.13") (access "abcdefghijklmnopqrstu") (address "172.23.65.13")
L 05/16/2011 - 01:15:34: [amxbans.amxx] [AMXBANS] AMXBans 5.0 подключен
L 05/16/2011 - 01:33:54: -------- Mapchange to cs_office --------
L 05/16/2011 - 01:33:56: [admin_amxbans.amxx] Login: "Dumka<1522><STEAM_0:0:1236438227><>" became an admin (account "172.23.65.13") (access "abcdefghijklmnopqrstu") (address "172.23.65.13")
L 05/16/2011 - 01:33:57: [amxbans.amxx] [AMXBANS] AMXBans 5.0 подключен
L 05/16/2011 - 01:34:53: [voteban.amxx] Вотебан запустил Dumka против H9IHdoMa RuLeZzz- SilaSs BOT
L 05/16/2011 - 01:42:52: [admincmd.amxx] Cmd: "Dumka<1522><STEAM_0:0:1236438227><>" changelevel "cs_estate"
L 05/16/2011 - 01:42:54: -------- Mapchange to cs_estate --------
L 05/16/2011 - 01:42:57: [amxbans.amxx] [AMXBANS] AMXBans 5.0 подключен
L 05/16/2011 - 01:42:57: [admin_amxbans.amxx] Login: "Dumka<1522><STEAM_0:0:1236438227><>" became an admin (account "172.23.65.13") (access "abcdefghijklmnopqrstu") (address "172.23.65.13")
L 05/16/2011 - 01:44:09: [admincmd.amxx] Cmd: "Dumka<1522><STEAM_0:0:1236438227><>" changelevel "cs_estate"
L 05/16/2011 - 01:44:11: -------- Mapchange to cs_estate --------
L 05/16/2011 - 01:44:14: [admin_amxbans.amxx] Login: "Dumka<1522><STEAM_0:0:1236438227><>" became an admin (account "172.23.65.13") (access "abcdefghijklmnopqrstu") (address "172.23.65.13")
L 05/16/2011 - 01:44:14: [amxbans.amxx] [AMXBANS] AMXBans 5.0 подключен
L 05/16/2011 - 01:44:49: [voteban.amxx] Вотебан запустил Dumka против KIKoz BOT
L 05/16/2011 - 01:49:33: [admincmd.amxx] Cmd: "Dumka<1522><STEAM_0:0:1236438227><>" changelevel "cs_estate"
L 05/16/2011 - 01:49:35: -------- Mapchange to cs_estate --------
L 05/16/2011 - 01:49:37: [admin_amxbans.amxx] Login: "Dumka<1522><STEAM_0:0:1236438227><>" became an admin (account "172.23.65.13") (access "abcdefghijklmnopqrstu") (address "172.23.65.13")
L 05/16/2011 - 01:49:38: [amxbans.amxx] [AMXBANS] AMXBans 5.0 подключен
L 05/16/2011 - 01:52:53: [admincmd.amxx] Cmd: "Dumka<1522><STEAM_0:0:1236438227><>" changelevel "cs_estate"
L 05/16/2011 - 01:52:56: -------- Mapchange to cs_estate --------
L 05/16/2011 - 01:52:58: [admin_amxbans.amxx] Login: "Dumka<1522><STEAM_0:0:1236438227><>" became an admin (account "172.23.65.13") (access "abcdefghijklmnopqrstu") (address "172.23.65.13")
L 05/16/2011 - 01:52:59: [amxbans.amxx] [AMXBANS] AMXBans 5.0 подключен
L 05/16/2011 - 01:56:25: [admin_amxbans.amxx] Login: "Dumka<1542><STEAM_0:0:1236438227><>" became an admin (account "172.23.65.13") (access "abcdefghijklmnopqrstu") (address "172.23.65.13")
L 05/16/2011 - 01:56:37: [voteban.amxx] Вотебан запустил Dumka против Cobran BOT
L 05/16/2011 - 01:56:43: [voteban.amxx] Вотебан запустил Dumka против eksis BOT
L 05/16/2011 - 02:22:11: [admin_amxbans.amxx] Login: "Dumka<1550><STEAM_0:0:1236438227><>" became an admin (account "172.23.65.13") (access "abcdefghijklmnopqrstu") (address "172.23.65.13")
L 05/16/2011 - 02:22:33: [voteban.amxx] Вотебан запустил Dumka против );*BuG)(GaTI*;) STEAM_0:1:16115142
L 05/16/2011 - 02:40:11: -------- Mapchange to zm_army --------
L 05/16/2011 - 02:40:13: [amxbans.amxx] [AMXBANS] AMXBans 5.0 подключен
L 05/16/2011 - 02:40:27: [admin_amxbans.amxx] Login: "Dumka<1555><STEAM_0:0:1236438227><>" became an admin (account "172.23.65.13") (access "abcdefghijklmnopqrstu") (address "172.23.65.13")
L 05/16/2011 - 02:40:49: [voteban.amxx] Вотебан запустил Dumka против Dumka STEAM_0:0:1236438227
L 05/16/2011 - 02:41:04: [voteban.amxx] [AMXX] The vote succeeded: STEAM_0:0:1236438227 is banned for 60 minutes
L 05/16/2011 - 02:43:18: [admincmd.amxx] Cmd: "Dumka<1555><STEAM_0:0:1236438227><>" changelevel "cs_estate"
L 05/16/2011 - 02:43:20: -------- Mapchange to cs_estate --------
L 05/16/2011 - 02:43:22: [admin_amxbans.amxx] Login: "Dumka<1555><STEAM_0:0:1236438227><>" became an admin (account "172.23.65.13") (access "abcdefghijklmnopqrstu") (address "172.23.65.13")
L 05/16/2011 - 02:43:23: [amxbans.amxx] [AMXBANS] AMXBans 5.0 подключен
L 05/16/2011 - 02:54:58: [admin_amxbans.amxx] Login: "Dumka<1564><STEAM_0:0:1236438227><>" became an admin (account "172.23.65.13") (access "abcdefghijklmnopqrstu") (address "172.23.65.13")
L 05/16/2011 - 02:55:22: [admincmd.amxx] Cmd: "Dumka<1564><STEAM_0:0:1236438227><>" changelevel "cs_estate"
L 05/16/2011 - 02:55:24: -------- Mapchange to cs_estate --------
L 05/16/2011 - 02:55:26: [admin_amxbans.amxx] Login: "Dumka<1564><STEAM_0:0:1236438227><>" became an admin (account "172.23.65.13") (access "abcdefghijklmnopqrstu") (address "172.23.65.13")
L 05/16/2011 - 02:55:27: [amxbans.amxx] [AMXBANS] AMXBans 5.0 подключен
L 05/16/2011 - 02:55:39: [voteban.amxx] Вотебан запустил Dumka против Monster STEAM_0:0:1913621437
L 05/16/2011 - 03:02:00: [admincmd.amxx] Cmd: "Dumka<1564><STEAM_0:0:1236438227><>" ask for players list
L 05/16/2011 - 03:33:20: -------- Mapchange to cs_estate --------
L 05/16/2011 - 03:33:23: [amxbans.amxx] [AMXBANS] AMXBans 5.0 подключен
L 05/16/2011 - 04:01:46: -------- Mapchange to cs_estate --------
L 05/16/2011 - 04:01:49: [amxbans.amxx] [AMXBANS] AMXBans 5.0 подключен
L 05/16/2011 - 04:21:43: -------- Mapchange to cs_estate --------
L 05/16/2011 - 04:21:46: [amxbans.amxx] [AMXBANS] AMXBans 5.0 подключен
L 05/16/2011 - 04:41:39: -------- Mapchange to cs_estate --------
L 05/16/2011 - 04:41:42: [amxbans.amxx] [AMXBANS] AMXBans 5.0 подключен
L 05/16/2011 - 05:01:35: -------- Mapchange to cs_estate --------
L 05/16/2011 - 05:01:38: [amxbans.amxx] [AMXBANS] AMXBans 5.0 подключен
L 05/16/2011 - 05:21:32: -------- Mapchange to cs_estate --------
L 05/16/2011 - 05:21:35: [amxbans.amxx] [AMXBANS] AMXBans 5.0 подключен
L 05/16/2011 - 05:41:28: -------- Mapchange to cs_estate --------
L 05/16/2011 - 05:41:31: [amxbans.amxx] [AMXBANS] AMXBans 5.0 подключен
L 05/16/2011 - 06:00:13: -------- Mapchange to 016_rmk --------
L 05/16/2011 - 06:00:16: -------- Mapchange to zm_303 --------
L 05/16/2011 - 06:00:18: [amxbans.amxx] [AMXBANS] AMXBans 5.0 подключен
L 05/16/2011 - 06:03:17: -------- Mapchange to cs_estate --------
L 05/16/2011 - 06:03:21: [amxbans.amxx] [AMXBANS] AMXBans 5.0 подключен
L 05/16/2011 - 06:23:14: -------- Mapchange to cs_estate --------
L 05/16/2011 - 06:23:17: [amxbans.amxx] [AMXBANS] AMXBans 5.0 подключен
L 05/16/2011 - 06:43:10: -------- Mapchange to cs_estate --------
L 05/16/2011 - 06:43:13: [amxbans.amxx] [AMXBANS] AMXBans 5.0 подключен
L 05/16/2011 - 07:03:07: -------- Mapchange to cs_estate --------
L 05/16/2011 - 07:03:11: [amxbans.amxx] [AMXBANS] AMXBans 5.0 подключен
L 05/16/2011 - 07:23:05: -------- Mapchange to cs_estate --------
L 05/16/2011 - 07:23:09: [amxbans.amxx] [AMXBANS] AMXBans 5.0 подключен
L 05/16/2011 - 07:43:02: -------- Mapchange to cs_estate --------
L 05/16/2011 - 07:43:06: [amxbans.amxx] [AMXBANS] AMXBans 5.0 подключен
L 05/16/2011 - 08:24:53: -------- Mapchange to cs_office --------
L 05/16/2011 - 08:24:57: [amxbans.amxx] [AMXBANS] AMXBans 5.0 подключен
L 05/16/2011 - 08:32:05: [admin_amxbans.amxx] Login: "[o_VIP_o]                (^_^)V<38><STEAM_0:4:446327478><>" became an admin (account "212.55.104.156") (access "abcdefgijmopqtu") (address "212.55.104.156")
L 05/16/2011 - 08:32:20: [admin_amxbans.amxx] Login: "[o_VIP_o]                (^_^)V<39><STEAM_0:4:446327478><>" became an admin (account "212.55.104.156") (access "abcdefgijmopqtu") (address "212.55.104.156")
L 05/16/2011 - 08:46:19: -------- Mapchange to zm_jambalaya_escape --------
L 05/16/2011 - 08:46:20: [admin_amxbans.amxx] Login: "[o_VIP_o]                (^_^)V<39><STEAM_0:4:446327478><>" became an admin (account "212.55.104.156") (access "abcdefgijmopqtu") (address "212.55.104.156")
L 05/16/2011 - 08:46:21: [amxbans.amxx] [AMXBANS] AMXBans 5.0 подключен
L 05/16/2011 - 08:47:00: [mapsmenu.amxx] Vote: "[o_VIP_o]                (^_^)V<39><STEAM_0:4:446327478><>" vote maps (map#1 "zm_army") (map#2 "") (map#3 "") (map#4 "")
L 05/16/2011 - 08:47:12: [mapsmenu.amxx] Vote: Voting failed
L 05/16/2011 - 08:50:46: [mapsmenu.amxx] Cmd: "[o_VIP_o]                (^_^)V<39><STEAM_0:4:446327478><>" changelevel "de_dust"
L 05/16/2011 - 08:50:48: -------- Mapchange to de_dust --------
L 05/16/2011 - 08:50:50: [admin_amxbans.amxx] Login: "[o_VIP_o]                (^_^)V<39><STEAM_0:4:446327478><>" became an admin (account "212.55.104.156") (access "abcdefgijmopqtu") (address "212.55.104.156")
L 05/16/2011 - 08:50:51: [amxbans.amxx] [AMXBANS] AMXBans 5.0 подключен
L 05/16/2011 - 09:07:19: -------- Mapchange to cs_estate --------
L 05/16/2011 - 09:07:22: [amxbans.amxx] [AMXBANS] AMXBans 5.0 подключен
L 05/16/2011 - 10:05:07: -------- Mapchange to zm_303 --------
L 05/16/2011 - 10:05:09: [amxbans.amxx] [AMXBANS] AMXBans 5.0 подключен
L 05/16/2011 - 10:09:13: -------- Mapchange to cs_estate --------
L 05/16/2011 - 10:09:16: [amxbans.amxx] [AMXBANS] AMXBans 5.0 подключен
L 05/16/2011 - 10:29:09: -------- Mapchange to cs_estate --------
L 05/16/2011 - 10:29:14: [amxbans.amxx] [AMXBANS] AMXBans 5.0 подключен
L 05/16/2011 - 10:52:44: -------- Mapchange to zm_escapetrain --------
L 05/16/2011 - 10:52:46: [amxbans.amxx] [AMXBANS] AMXBans 5.0 подключен
L 05/16/2011 - 11:01:16: -------- Mapchange to cs_estate --------
L 05/16/2011 - 11:01:19: [amxbans.amxx] [AMXBANS] AMXBans 5.0 подключен
L 05/16/2011 - 11:08:15: -------- Mapchange to zm_south_escape_b2 --------
L 05/16/2011 - 11:08:17: [amxbans.amxx] [AMXBANS] AMXBans 5.0 подключен
L 05/16/2011 - 11:21:05: -------- Mapchange to de_dust --------
L 05/16/2011 - 11:21:08: [amxbans.amxx] [AMXBANS] AMXBans 5.0 подключен
L 05/16/2011 - 13:00:36: -------- Mapchange to 016_rmk --------
L 05/16/2011 - 13:00:38: [amxbans.amxx] [AMXBANS] AMXBans 5.0 подключен
L 05/16/2011 - 13:24:22: -------- Mapchange to zm_army --------
L 05/16/2011 - 13:24:24: [amxbans.amxx] [AMXBANS] AMXBans 5.0 подключен
L 05/16/2011 - 13:46:05: -------- Mapchange to zm_fdust2x2 --------
L 05/16/2011 - 13:46:07: [amxbans.amxx] [AMXBANS] AMXBans 5.0 подключен
L 05/16/2011 - 14:06:53: -------- Mapchange to cs_office --------
L 05/16/2011 - 14:06:56: [amxbans.amxx] [AMXBANS] AMXBans 5.0 подключен
L 05/16/2011 - 14:28:30: -------- Mapchange to zm_desolation_house --------
L 05/16/2011 - 14:28:32: [amxbans.amxx] [AMXBANS] AMXBans 5.0 подключен
L 05/16/2011 - 14:51:38: [admin_amxbans.amxx] Login: "Dumka<225><STEAM_0:0:1236438227><>" became an admin (account "172.23.65.13") (access "abcdefghijklmnopqrstu") (address "172.23.65.13")
L 05/16/2011 - 14:54:24: [voteban.amxx] Вотебан запустил Dumka против *S*E*R*E*G*A*3*9*R*U*S* STEAM_0:0:432709002
L 05/16/2011 - 14:54:39: [voteban.amxx] [AMXX] The vote succeeded: STEAM_0:0:432709002 is banned for 60 minutes
L 05/16/2011 - 15:23:08: -------- Mapchange to zm_dust_base_fin --------
L 05/16/2011 - 15:23:10: [amxbans.amxx] [AMXBANS] AMXBans 5.0 подключен
L 05/16/2011 - 15:29:40: [admin_amxbans.amxx] Login: "Kapacb_KapIIoBcuu'<261><STEAM_0:4:446327478><>" became an admin (account "212.55.104.156") (access "abcdefgijmopqtu") (address "212.55.104.156")
L 05/16/2011 - 15:39:43: [admin_amxbans.amxx] Login: "Dumka<276><STEAM_0:0:1236438227><>" became an admin (account "172.23.65.13") (access "abcdefghijklmnopqrstu") (address "172.23.65.13")
L 05/16/2011 - 15:39:57: -------- Mapchange to zm_houses --------
L 05/16/2011 - 15:39:58: [admin_amxbans.amxx] Login: "Dumka<276><STEAM_0:0:1236438227><>" became an admin (account "172.23.65.13") (access "abcdefghijklmnopqrstu") (address "172.23.65.13")
L 05/16/2011 - 15:39:58: [admin_amxbans.amxx] Login: "Kapacb_KapIIoBcuu'<261><STEAM_0:4:446327478><>" became an admin (account "212.55.104.156") (access "abcdefgijmopqtu") (address "212.55.104.156")
L 05/16/2011 - 15:39:59: [amxbans.amxx] [AMXBANS] AMXBans 5.0 подключен
L 05/16/2011 - 15:40:59: [admincmd.amxx] Cmd: "Dumka<276><STEAM_0:0:1236438227><>" ask for players list
L 05/16/2011 - 15:49:39: [admin_amxbans.amxx] Login: "CJIeIIou'<261><STEAM_0:4:446327478><>" became an admin (account "212.55.104.156") (access "abcdefgijmopqtu") (address "212.55.104.156")
L 05/16/2011 - 15:54:51: [admincmd.amxx] Cmd: "Dumka<276><STEAM_0:0:1236438227><>" ask for players list
L 05/16/2011 - 16:00:06: [plmenu.amxx] Cmd: "CJIeIIou'<261><STEAM_0:4:446327478><>" transfer "CJIeIIou'<261><STEAM_0:4:446327478><>" (team "TERRORIST")
L 05/16/2011 - 16:05:38: [admincmd.amxx] Cmd: "Dumka<276><STEAM_0:0:1236438227><>" ask for players list
L 05/16/2011 - 16:05:58: [mapsmenu.amxx] Cmd: "Dumka<276><STEAM_0:0:1236438227><>" changelevel "016_rmk"
L 05/16/2011 - 16:06:00: -------- Mapchange to 016_rmk --------
L 05/16/2011 - 16:06:02: [admin_amxbans.amxx] Login: "Dumka<276><STEAM_0:0:1236438227><>" became an admin (account "172.23.65.13") (access "abcdefghijklmnopqrstu") (address "172.23.65.13")
L 05/16/2011 - 16:06:02: [admin_amxbans.amxx] Login: "CJIeIIou'<261><STEAM_0:4:446327478><>" became an admin (account "212.55.104.156") (access "abcdefgijmopqtu") (address "212.55.104.156")
L 05/16/2011 - 16:06:02: [admin_amxbans.amxx] Login: "CJIeIIou'<261><STEAM_0:4:446327478><>" became an admin (account "212.55.104.156") (access "abcdefgijmopqtu") (address "212.55.104.156")
L 05/16/2011 - 16:06:02: [amxbans.amxx] [AMXBANS] AMXBans 5.0 подключен
L 05/16/2011 - 16:17:40: [admin_amxbans.amxx] Login: "Dumka<300><STEAM_0:0:1236438227><>" became an admin (account "172.23.65.13") (access "abcdefghijklmnopqrstu") (address "172.23.65.13")
L 05/16/2011 - 16:18:18: [mapsmenu.amxx] Cmd: "Dumka<300><STEAM_0:0:1236438227><>" changelevel "016_rmk"
L 05/16/2011 - 16:18:20: -------- Mapchange to 016_rmk --------
L 05/16/2011 - 16:18:22: [admin_amxbans.amxx] Login: "Dumka<300><STEAM_0:0:1236438227><>" became an admin (account "172.23.65.13") (access "abcdefghijklmnopqrstu") (address "172.23.65.13")
L 05/16/2011 - 16:18:22: [amxbans.amxx] [AMXBANS] AMXBans 5.0 подключен
L 05/16/2011 - 16:22:27: [voteban.amxx] Вотебан запустил Dumka против Kiborg STEAM_0:4:1815955829
L 05/16/2011 - 16:22:42: [voteban.amxx] [AMXX] The vote succeeded: STEAM_0:4:1815955829 is banned for 60 minutes
L 05/16/2011 - 16:22:43: [amxbans.amxx]  Зомби сервер ٩(̾●̮̮̃̾•̃̾)۶ Go Zombie !!!<0><><> забанил Kiborg<STEAM_0:4:1815955829> на 1 час (60 минут). Причина: VIP->Dumka.
L 05/16/2011 - 16:25:14: [amxbans.amxx] Dumka<300><STEAM_0:0:1236438227><TERRORIST> забанил ?!F0rSeRf<=~<STEAM_0:0:1569559782> на 1 час (60 минут). Причина: cocu koHeLL.
L 05/16/2011 - 16:32:03: [admin_amxbans.amxx] Login: "Dumka<310><STEAM_0:0:1236438227><>" became an admin (account "172.23.65.13") (access "abcdefghijklmnopqrstu") (address "172.23.65.13")
L 05/16/2011 - 16:33:07: [mapsmenu.amxx] Cmd: "Dumka<310><STEAM_0:0:1236438227><>" changelevel "016_rmk"
L 05/16/2011 - 16:33:09: -------- Mapchange to 016_rmk --------
L 05/16/2011 - 16:33:10: [admin_amxbans.amxx] Login: "Dumka<310><STEAM_0:0:1236438227><>" became an admin (account "172.23.65.13") (access "abcdefghijklmnopqrstu") (address "172.23.65.13")
L 05/16/2011 - 16:33:11: [amxbans.amxx] [AMXBANS] AMXBans 5.0 подключен
L 05/16/2011 - 16:33:42: [admincmd.amxx] Cmd: "Dumka<310><STEAM_0:0:1236438227><>" ask for players list
L 05/16/2011 - 16:46:46: [admin_amxbans.amxx] Login: ".::T9o::.<321><STEAM_0:0:1836044300><>" became an admin (account ".::T9o::.") (access "abcdefgijmopqtu") (address "95.55.174.74")
L 05/16/2011 - 16:48:52: [admin_amxbans.amxx] Login: ".::T9o::.<323><STEAM_0:0:1836044300><>" became an admin (account ".::T9o::.") (access "abcdefgijmopqtu") (address "95.55.174.74")
L 05/16/2011 - 16:55:49: -------- Mapchange to cs_militia --------
L 05/16/2011 - 16:55:55: [admin_amxbans.amxx] Login: ".::T9o::.<323><STEAM_0:0:1836044300><>" became an admin (account ".::T9o::.") (access "abcdefgijmopqtu") (address "95.55.174.74")
L 05/16/2011 - 16:55:56: [amxbans.amxx] [AMXBANS] AMXBans 5.0 подключен
L 05/16/2011 - 17:01:11: [admin_amxbans.amxx] Login: "Dumka<331><STEAM_0:0:1236438227><>" became an admin (account "172.23.65.13") (access "abcdefghijklmnopqrstu") (address "172.23.65.13")
L 05/16/2011 - 17:02:25: [amxbans.amxx] .::T9o::.<323><STEAM_0:0:1836044300><SPECTATOR> забанил *cReed$.| IIaIIa<STEAM_0:0:1699822683> на 5 минут (5 минут). Причина: Spam.
L 05/16/2011 - 17:18:51: -------- Mapchange to zm_303 --------
L 05/16/2011 - 17:18:53: [admin_amxbans.amxx] Login: ".::T9o::.<323><STEAM_0:0:1836044300><>" became an admin (account ".::T9o::.") (access "abcdefgijmopqtu") (address "95.55.174.74")
L 05/16/2011 - 17:18:53: [amxbans.amxx] [AMXBANS] AMXBans 5.0 подключен
L 05/16/2011 - 17:18:53: [admin_amxbans.amxx] Login: "Dumka<331><STEAM_0:0:1236438227><>" became an admin (account "172.23.65.13") (access "abcdefghijklmnopqrstu") (address "172.23.65.13")
L 05/16/2011 - 17:24:02: [mapsmenu.amxx] Cmd: "Dumka<331><STEAM_0:0:1236438227><>" changelevel "zm_303"
L 05/16/2011 - 17:24:04: -------- Mapchange to zm_303 --------
L 05/16/2011 - 17:24:06: [admin_amxbans.amxx] Login: ".::T9o::.<323><STEAM_0:0:1836044300><>" became an admin (account ".::T9o::.") (access "abcdefgijmopqtu") (address "95.55.174.74")
L 05/16/2011 - 17:24:06: [amxbans.amxx] [AMXBANS] AMXBans 5.0 подключен
L 05/16/2011 - 17:24:07: [admin_amxbans.amxx] Login: "Dumka<331><STEAM_0:0:1236438227><>" became an admin (account "172.23.65.13") (access "abcdefghijklmnopqrstu") (address "172.23.65.13")
L 05/16/2011 - 17:25:24: [plmenu.amxx] Cmd: ".::T9o::.<323><STEAM_0:0:1836044300><>" transfer ".::T9o::.<323><STEAM_0:0:1836044300><>" (team "CT")
L 05/16/2011 - 17:27:38: [admin_amxbans.amxx] Login: ".::T9o::.<351><STEAM_0:0:1836044300><>" became an admin (account ".::T9o::.") (access "abcdefgijmopqtu") (address "95.55.174.74")
L 05/16/2011 - 17:31:35: [voteban.amxx] Вотебан запустил Dumka против Dumka STEAM_0:0:1236438227
L 05/16/2011 - 17:31:50: [voteban.amxx] [AMXX] The vote succeeded: STEAM_0:0:1236438227 is banned for 60 minutes
L 05/16/2011 - 17:33:07: [plmenu.amxx] Cmd: "Dumka<331><STEAM_0:0:1236438227><>" transfer "Dumka<331><STEAM_0:0:1236438227><>" (team "TERRORIST")
L 05/16/2011 - 17:35:45: [plmenu.amxx] Cmd: ".::T9o::.<351><STEAM_0:0:1836044300><>" transfer ".::T9o::.<351><STEAM_0:0:1836044300><>" (team "TERRORIST")
L 05/16/2011 - 17:53:36: -------- Mapchange to zm_xata --------
L 05/16/2011 - 17:53:37: [admin_amxbans.amxx] Login: ".::T9o::.<351><STEAM_0:0:1836044300><>" became an admin (account ".::T9o::.") (access "abcdefgijmopqtu") (address "95.55.174.74")
L 05/16/2011 - 17:53:38: [amxbans.amxx] [AMXBANS] AMXBans 5.0 подключен
L 05/16/2011 - 17:53:38: [admin_amxbans.amxx] Login: "Dumka<331><STEAM_0:0:1236438227><>" became an admin (account "172.23.65.13") (access "abcdefghijklmnopqrstu") (address "172.23.65.13")
L 05/16/2011 - 18:04:23: [plmenu.amxx] Kick: ".::T9o::.<351><STEAM_0:0:1836044300><>" kick "vlto04tp0iltgi94t<381><STEAM_0:0:794671831><>"
L 05/16/2011 - 18:07:39: [plmenu.amxx] Cmd: ".::T9o::.<351><STEAM_0:0:1836044300><>" slay "[MACTEP.npo] - BaMnUp<393><STEAM_0:4:793875569><>"
L 05/16/2011 - 18:10:20: [plmenu.amxx] Cmd: ".::T9o::.<351><STEAM_0:0:1836044300><>" transfer ".::T9o::.<351><STEAM_0:0:1836044300><>" (team "TERRORIST")
L 05/16/2011 - 18:14:26: -------- Mapchange to 016_rmk --------
L 05/16/2011 - 18:14:27: [admin_amxbans.amxx] Login: ".::T9o::.<351><STEAM_0:0:1836044300><>" became an admin (account ".::T9o::.") (access "abcdefgijmopqtu") (address "95.55.174.74")
L 05/16/2011 - 18:14:28: [amxbans.amxx] [AMXBANS] AMXBans 5.0 подключен
L 05/16/2011 - 18:44:12: [plmenu.amxx] Kick: ".::T9o::.<351><STEAM_0:0:1836044300><>" kick "vlto04tp0iltgi94t<415><STEAM_0:0:794671831><>"
L 05/16/2011 - 18:56:33: -------- Mapchange to zm_desolation_house --------
L 05/16/2011 - 18:56:34: [admin_amxbans.amxx] Login: ".::T9o::.<351><STEAM_0:0:1836044300><>" became an admin (account ".::T9o::.") (access "abcdefgijmopqtu") (address "95.55.174.74")
L 05/16/2011 - 18:56:35: [amxbans.amxx] [AMXBANS] AMXBans 5.0 подключен
L 05/16/2011 - 18:56:44: [admin_amxbans.amxx] Login: "Dumka<465><STEAM_0:0:263411619><>" became an admin (account "172.23.65.13") (access "abcdefghijklmnopqrstu") (address "172.23.65.13")
L 05/16/2011 - 19:12:19: [mapsmenu.amxx] Vote: "Dumka<465><STEAM_0:0:263411619><>" vote maps (map#1 "zm_neris") (map#2 "") (map#3 "") (map#4 "")
L 05/16/2011 - 19:12:31: [mapsmenu.amxx] Vote: Voting successful. Map will be changed to zm_neris
L 05/16/2011 - 19:12:31: [mapsmenu.amxx] Vote: Result accepted
L 05/16/2011 - 19:12:34: -------- Mapchange to zm_neris --------
L 05/16/2011 - 19:12:35: [admin_amxbans.amxx] Login: "Dumka<465><STEAM_0:0:263411619><>" became an admin (account "172.23.65.13") (access "abcdefghijklmnopqrstu") (address "172.23.65.13")
L 05/16/2011 - 19:12:35: [admin_amxbans.amxx] Login: ".::T9o::.<351><STEAM_0:0:1836044300><>" became an admin (account ".::T9o::.") (access "abcdefgijmopqtu") (address "95.55.174.74")
L 05/16/2011 - 19:12:36: [amxbans.amxx] [AMXBANS] AMXBans 5.0 подключен
L 05/16/2011 - 19:27:19: [admin_amxbans.amxx] Login: ".::T9o::.<529><STEAM_0:0:1836044300><>" became an admin (account ".::T9o::.") (access "abcdefgijmopqtu") (address "95.55.174.74")
L 05/16/2011 - 19:27:33: [admin_amxbans.amxx] Login: ".::T9o::.<530><STEAM_0:0:1836044300><>" became an admin (account ".::T9o::.") (access "abcdefgijmopqtu") (address "95.55.174.74")
L 05/16/2011 - 19:27:44: [admin_amxbans.amxx] Login: ".::T9o::.<532><STEAM_0:0:1836044300><>" became an admin (account ".::T9o::.") (access "abcdefgijmopqtu") (address "95.55.174.74")
L 05/16/2011 - 19:29:51: [admin_amxbans.amxx] Login: "Dumka<543><STEAM_0:0:263411619><>" became an admin (account "172.23.65.13") (access "abcdefghijklmnopqrstu") (address "172.23.65.13")
L 05/16/2011 - 19:36:44: [voteban.amxx] Вотебан запустил Dumka против Maksmi STEAM_0:4:879181701
L 05/16/2011 - 19:36:59: [voteban.amxx] [AMXX] The vote succeeded: STEAM_0:4:879181701 is banned for 60 minutes
L 05/16/2011 - 19:37:00: [amxbans.amxx]  Зомби сервер ٩(̾●̮̮̃̾•̃̾)۶ Go Zombie !!!<0><><> забанил unknown_STEAM_0:4:879181701<STEAM_0:4:879181701> на 1 час (60 минут). Причина: VIP->Dumka.
L 05/16/2011 - 19:39:13: [admincmd.amxx] Cmd: "Dumka<543><STEAM_0:0:263411619><>" ask for players list
L 05/16/2011 - 19:39:40: -------- Mapchange to zm_fdust2x2 --------
L 05/16/2011 - 19:39:41: [admin_amxbans.amxx] Login: "Dumka<543><STEAM_0:0:263411619><>" became an admin (account "172.23.65.13") (access "abcdefghijklmnopqrstu") (address "172.23.65.13")
L 05/16/2011 - 19:39:41: [admin_amxbans.amxx] Login: ".::T9o::.<532><STEAM_0:0:1836044300><>" became an admin (account ".::T9o::.") (access "abcdefgijmopqtu") (address "95.55.174.74")
L 05/16/2011 - 19:39:42: [amxbans.amxx] [AMXBANS] AMXBans 5.0 подключен
L 05/16/2011 - 19:41:27: [plmenu.amxx] Cmd: ".::T9o::.<532><STEAM_0:0:1836044300><>" transfer ".::T9o::.<532><STEAM_0:0:1836044300><>" (team "TERRORIST")
L 05/16/2011 - 19:51:33: [plmenu.amxx] Cmd: ".::T9o::.<532><STEAM_0:0:1836044300><>" slay "*cReed$.| BETMEN<585><STEAM_0:0:1696049848><>"
L 05/16/2011 - 19:56:05: [plmenu.amxx] Cmd: ".::T9o::.<532><STEAM_0:0:1836044300><>" transfer ".::T9o::.<532><STEAM_0:0:1836044300><>" (team "TERRORIST")
L 05/16/2011 - 20:00:29: -------- Mapchange to zm_houses --------
L 05/16/2011 - 20:00:30: [admin_amxbans.amxx] Login: ".::T9o::.<532><STEAM_0:0:1836044300><>" became an admin (account ".::T9o::.") (access "abcdefgijmopqtu") (address "95.55.174.74")
L 05/16/2011 - 20:00:30: [amxbans.amxx] [AMXBANS] AMXBans 5.0 подключен
L 05/16/2011 - 20:23:40: -------- Mapchange to zm_die_hard_tn --------
L 05/16/2011 - 20:23:41: [admin_amxbans.amxx] Login: ".::T9o::.<532><STEAM_0:0:1836044300><>" became an admin (account ".::T9o::.") (access "abcdefgijmopqtu") (address "95.55.174.74")
L 05/16/2011 - 20:23:42: [amxbans.amxx] [AMXBANS] AMXBans 5.0 подключен
L 05/16/2011 - 20:23:46: [admin_amxbans.amxx] Login: ".::T9o::.<634><STEAM_0:0:1836044300><>" became an admin (account ".::T9o::.") (access "abcdefgijmopqtu") (address "95.55.174.74")
L 05/16/2011 - 20:24:22: [admin_amxbans.amxx] Login: ".::T9o::.<642><STEAM_0:0:1836044300><>" became an admin (account ".::T9o::.") (access "abcdefgijmopqtu") (address "95.55.174.74")
L 05/16/2011 - 20:28:22: [mapsmenu.amxx] Vote: ".::T9o::.<642><STEAM_0:0:1836044300><>" vote maps (map#1 "cs_office") (map#2 "") (map#3 "") (map#4 "")
L 05/16/2011 - 20:28:34: [mapsmenu.amxx] Vote: Voting failed
L 05/16/2011 - 20:28:50: [mapsmenu.amxx] Vote: ".::T9o::.<642><STEAM_0:0:1836044300><>" vote maps (map#1 "cs_office") (map#2 "") (map#3 "") (map#4 "")
L 05/16/2011 - 20:29:02: [mapsmenu.amxx] Vote: Voting failed
L 05/16/2011 - 20:29:10: [mapsmenu.amxx] Vote: ".::T9o::.<642><STEAM_0:0:1836044300><>" vote maps (map#1 "cs_office") (map#2 "") (map#3 "") (map#4 "")
L 05/16/2011 - 20:29:22: [mapsmenu.amxx] Vote: Voting failed
L 05/16/2011 - 20:29:48: [mapsmenu.amxx] Vote: ".::T9o::.<642><STEAM_0:0:1836044300><>" vote maps (map#1 "cs_office") (map#2 "") (map#3 "") (map#4 "")
L 05/16/2011 - 20:30:00: [mapsmenu.amxx] Vote: Voting failed
L 05/16/2011 - 20:30:07: [mapsmenu.amxx] Vote: ".::T9o::.<642><STEAM_0:0:1836044300><>" vote maps (map#1 "cs_office") (map#2 "") (map#3 "") (map#4 "")
L 05/16/2011 - 20:30:19: [mapsmenu.amxx] Vote: Voting failed
L 05/16/2011 - 20:30:31: [mapsmenu.amxx] Cmd: ".::T9o::.<642><STEAM_0:0:1836044300><>" changelevel "cs_office"
L 05/16/2011 - 20:30:33: -------- Mapchange to cs_office --------
L 05/16/2011 - 20:30:36: [admin_amxbans.amxx] Login: ".::T9o::.<642><STEAM_0:0:1836044300><>" became an admin (account ".::T9o::.") (access "abcdefgijmopqtu") (address "95.55.174.74")
L 05/16/2011 - 20:30:37: [amxbans.amxx] [AMXBANS] AMXBans 5.0 подключен
L 05/16/2011 - 20:30:47: [plmenu.amxx] Cmd: ".::T9o::.<642><STEAM_0:0:1836044300><>" transfer ".::T9o::.<642><STEAM_0:0:1836044300><>" (team "CT")
L 05/16/2011 - 20:31:23: [plmenu.amxx] Cmd: ".::T9o::.<642><STEAM_0:0:1836044300><>" transfer "Euforia<637><STEAM_0:0:1235555515><>" (team "TERRORIST")
L 05/16/2011 - 20:33:36: [admin_amxbans.amxx] Login: ".::T9o::.<647><STEAM_0:0:1836044300><>" became an admin (account ".::T9o::.") (access "abcdefgijmopqtu") (address "95.55.174.74")
L 05/16/2011 - 20:58:06: [plmenu.amxx] Cmd: ".::T9o::.<647><STEAM_0:0:1836044300><>" slay "*cReed$.| BETMEN<664><STEAM_0:0:1696049848><>"
L 05/16/2011 - 20:58:11: [plmenu.amxx] Cmd: ".::T9o::.<647><STEAM_0:0:1836044300><>" slap with 0 damage ".::T9o::.<647><STEAM_0:0:1836044300><>"
L 05/16/2011 - 21:01:38: [plmenu.amxx] Cmd: ".::T9o::.<647><STEAM_0:0:1836044300><>" transfer ".::T9o::.<647><STEAM_0:0:1836044300><>" (team "CT")
L 05/16/2011 - 21:01:43: [plmenu.amxx] Cmd: ".::T9o::.<647><STEAM_0:0:1836044300><>" transfer ".::T9o::.<647><STEAM_0:0:1836044300><>" (team "TERRORIST")
L 05/16/2011 - 21:01:46: [plmenu.amxx] Cmd: ".::T9o::.<647><STEAM_0:0:1836044300><>" transfer ".::T9o::.<647><STEAM_0:0:1836044300><>" (team "TERRORIST")
L 05/16/2011 - 21:07:20: [adminchat.amxx] Chat: "SNEG (The cake is a lie)<645><STEAM_0:4:1007668859><>" chat " pom((("
L 05/16/2011 - 21:11:43: [admin_amxbans.amxx] Login: "Dumka<688><STEAM_0:0:263411619><>" became an admin (account "172.23.65.13") (access "abcdefghijklmnopqrstu") (address "172.23.65.13")
L 05/16/2011 - 21:19:06: [adminchat.amxx] Chat: "SNEG (The cake is a lie)<693><STEAM_0:4:1007668859><>" chat " a poma 4utak((("
L 05/16/2011 - 21:19:09: [adminchat.amxx] Chat: "SNEG (The cake is a lie)<693><STEAM_0:4:1007668859><>" chat ")"
L 05/16/2011 - 21:19:32: [mapsmenu.amxx] Vote: ".::T9o::.<647><STEAM_0:0:1836044300><>" vote maps (map#1 "cs_office") (map#2 "") (map#3 "") (map#4 "")
L 05/16/2011 - 21:19:44: [mapsmenu.amxx] Vote: Voting successful. Map will be changed to cs_office
L 05/16/2011 - 21:19:46: [mapsmenu.amxx] Vote: Result accepted
L 05/16/2011 - 21:19:49: -------- Mapchange to cs_office --------
L 05/16/2011 - 21:19:51: [admin_amxbans.amxx] Login: ".::T9o::.<647><STEAM_0:0:1836044300><>" became an admin (account ".::T9o::.") (access "abcdefgijmopqtu") (address "95.55.174.74")
L 05/16/2011 - 21:19:52: [amxbans.amxx] [AMXBANS] AMXBans 5.0 подключен
L 05/16/2011 - 21:21:16: [plmenu.amxx] Cmd: ".::T9o::.<647><STEAM_0:0:1836044300><>" transfer ".::T9o::.<647><STEAM_0:0:1836044300><>" (team "TERRORIST")
L 05/16/2011 - 21:21:59: [adminchat.amxx] Chat: "SNEG (The cake is a lie)<693><STEAM_0:4:1007668859><>" chat " pom tbI kydbI ywel?"
L 05/16/2011 - 21:26:46: [adminchat.amxx] Chat: "SNEG (The cake is a lie)<693><STEAM_0:4:1007668859><>" chat " pooooom"
L 05/16/2011 - 21:31:36: [admin_amxbans.amxx] Login: ".::T9o::.<697><STEAM_0:0:1836044300><>" became an admin (account ".::T9o::.") (access "abcdefgijmopqtu") (address "95.55.174.74")
L 05/16/2011 - 21:34:13: [mapsmenu.amxx] Vote: ".::T9o::.<697><STEAM_0:0:1836044300><>" vote maps (map#1 "de_dust") (map#2 "zm_neris") (map#3 "cs_militia") (map#4 "zm_fdust2x2")
L 05/16/2011 - 21:34:25: [mapsmenu.amxx] Vote: Voting successful. Map will be changed to zm_neris
L 05/16/2011 - 21:34:27: [mapsmenu.amxx] Vote: Result accepted
L 05/16/2011 - 21:34:30: -------- Mapchange to zm_neris --------
L 05/16/2011 - 21:34:31: [admin_amxbans.amxx] Login: ".::T9o::.<697><STEAM_0:0:1836044300><>" became an admin (account ".::T9o::.") (access "abcdefgijmopqtu") (address "95.55.174.74")
L 05/16/2011 - 21:34:32: [amxbans.amxx] [AMXBANS] AMXBans 5.0 подключен
L 05/16/2011 - 21:44:36: [plmenu.amxx] Cmd: ".::T9o::.<697><STEAM_0:0:1836044300><>" slap with 0 damage "He6o<710><STEAM_0:4:256874218><>"
L 05/16/2011 - 21:44:36: [plmenu.amxx] Cmd: ".::T9o::.<697><STEAM_0:0:1836044300><>" slap with 0 damage "He6o<710><STEAM_0:4:256874218><>"
L 05/16/2011 - 21:44:36: [plmenu.amxx] Cmd: ".::T9o::.<697><STEAM_0:0:1836044300><>" slap with 0 damage "He6o<710><STEAM_0:4:256874218><>"
L 05/16/2011 - 21:44:59: [admin_amxbans.amxx] Login: "-=[ CJIenou' ]=-<713><STEAM_0:4:446327478><>" became an admin (account "212.55.104.156") (access "abcdefgijmopqtu") (address "212.55.104.156")
L 05/16/2011 - 21:54:01: [plmenu.amxx] Cmd: ".::T9o::.<697><STEAM_0:0:1836044300><>" slap with 0 damage "Euforia<694><STEAM_0:0:1235555515><>"
L 05/16/2011 - 21:54:01: [plmenu.amxx] Cmd: ".::T9o::.<697><STEAM_0:0:1836044300><>" slap with 0 damage "Euforia<694><STEAM_0:0:1235555515><>"
L 05/16/2011 - 21:54:01: [plmenu.amxx] Cmd: ".::T9o::.<697><STEAM_0:0:1836044300><>" slap with 0 damage "Euforia<694><STEAM_0:0:1235555515><>"
L 05/16/2011 - 21:54:02: [plmenu.amxx] Cmd: ".::T9o::.<697><STEAM_0:0:1836044300><>" slap with 0 damage "Euforia<694><STEAM_0:0:1235555515><>"
L 05/16/2011 - 21:54:02: [plmenu.amxx] Cmd: ".::T9o::.<697><STEAM_0:0:1836044300><>" slap with 0 damage "Euforia<694><STEAM_0:0:1235555515><>"
L 05/16/2011 - 21:54:02: [plmenu.amxx] Cmd: ".::T9o::.<697><STEAM_0:0:1836044300><>" slap with 0 damage "Euforia<694><STEAM_0:0:1235555515><>"
L 05/16/2011 - 21:54:02: [plmenu.amxx] Cmd: ".::T9o::.<697><STEAM_0:0:1836044300><>" slap with 0 damage "Euforia<694><STEAM_0:0:1235555515><>"
L 05/16/2011 - 21:54:02: [plmenu.amxx] Cmd: ".::T9o::.<697><STEAM_0:0:1836044300><>" slap with 0 damage "Euforia<694><STEAM_0:0:1235555515><>"
L 05/16/2011 - 21:54:02: [plmenu.amxx] Cmd: ".::T9o::.<697><STEAM_0:0:1836044300><>" slap with 0 damage "Euforia<694><STEAM_0:0:1235555515><>"
L 05/16/2011 - 21:54:02: [plmenu.amxx] Cmd: ".::T9o::.<697><STEAM_0:0:1836044300><>" slap with 0 damage "Euforia<694><STEAM_0:0:1235555515><>"
L 05/16/2011 - 21:54:16: [plmenu.amxx] Cmd: ".::T9o::.<697><STEAM_0:0:1836044300><>" slap with 0 damage "Euforia<694><STEAM_0:0:1235555515><>"
L 05/16/2011 - 21:54:17: [plmenu.amxx] Cmd: ".::T9o::.<697><STEAM_0:0:1836044300><>" slap with 0 damage "Euforia<694><STEAM_0:0:1235555515><>"
L 05/16/2011 - 21:54:17: [plmenu.amxx] Cmd: ".::T9o::.<697><STEAM_0:0:1836044300><>" slap with 0 damage "Euforia<694><STEAM_0:0:1235555515><>"
L 05/16/2011 - 21:54:18: [plmenu.amxx] Cmd: ".::T9o::.<697><STEAM_0:0:1836044300><>" slap with 0 damage "Euforia<694><STEAM_0:0:1235555515><>"
L 05/16/2011 - 21:54:25: [plmenu.amxx] Cmd: ".::T9o::.<697><STEAM_0:0:1836044300><>" slap with 0 damage "Euforia<694><STEAM_0:0:1235555515><>"
L 05/16/2011 - 21:54:26: [plmenu.amxx] Cmd: ".::T9o::.<697><STEAM_0:0:1836044300><>" slap with 0 damage "Euforia<694><STEAM_0:0:1235555515><>"
L 05/16/2011 - 21:54:26: [plmenu.amxx] Cmd: ".::T9o::.<697><STEAM_0:0:1836044300><>" slap with 0 damage "Euforia<694><STEAM_0:0:1235555515><>"
L 05/16/2011 - 21:54:26: [plmenu.amxx] Cmd: ".::T9o::.<697><STEAM_0:0:1836044300><>" slap with 0 damage "Euforia<694><STEAM_0:0:1235555515><>"
L 05/16/2011 - 21:54:26: [plmenu.amxx] Cmd: ".::T9o::.<697><STEAM_0:0:1836044300><>" slap with 0 damage "Euforia<694><STEAM_0:0:1235555515><>"
L 05/16/2011 - 21:54:26: [plmenu.amxx] Cmd: ".::T9o::.<697><STEAM_0:0:1836044300><>" slap with 0 damage "Euforia<694><STEAM_0:0:1235555515><>"
L 05/16/2011 - 21:54:26: [plmenu.amxx] Cmd: ".::T9o::.<697><STEAM_0:0:1836044300><>" slap with 0 damage "Euforia<694><STEAM_0:0:1235555515><>"
L 05/16/2011 - 21:54:27: [plmenu.amxx] Cmd: ".::T9o::.<697><STEAM_0:0:1836044300><>" slap with 0 damage "Euforia<694><STEAM_0:0:1235555515><>"
L 05/16/2011 - 21:54:27: [plmenu.amxx] Cmd: ".::T9o::.<697><STEAM_0:0:1836044300><>" slap with 0 damage "Euforia<694><STEAM_0:0:1235555515><>"
L 05/16/2011 - 21:54:27: [plmenu.amxx] Cmd: ".::T9o::.<697><STEAM_0:0:1836044300><>" slap with 0 damage "Euforia<694><STEAM_0:0:1235555515><>"
L 05/16/2011 - 21:54:27: [plmenu.amxx] Cmd: ".::T9o::.<697><STEAM_0:0:1836044300><>" slap with 0 damage "Euforia<694><STEAM_0:0:1235555515><>"
L 05/16/2011 - 21:54:27: [plmenu.amxx] Cmd: ".::T9o::.<697><STEAM_0:0:1836044300><>" slap with 0 damage "Euforia<694><STEAM_0:0:1235555515><>"
L 05/16/2011 - 21:54:27: [plmenu.amxx] Cmd: ".::T9o::.<697><STEAM_0:0:1836044300><>" slap with 0 damage "Euforia<694><STEAM_0:0:1235555515><>"
L 05/16/2011 - 21:54:28: [plmenu.amxx] Cmd: ".::T9o::.<697><STEAM_0:0:1836044300><>" slap with 0 damage "Euforia<694><STEAM_0:0:1235555515><>"
L 05/16/2011 - 21:54:28: [plmenu.amxx] Cmd: ".::T9o::.<697><STEAM_0:0:1836044300><>" slap with 0 damage "Euforia<694><STEAM_0:0:1235555515><>"
L 05/16/2011 - 21:54:28: [plmenu.amxx] Cmd: ".::T9o::.<697><STEAM_0:0:1836044300><>" slap with 0 damage "Euforia<694><STEAM_0:0:1235555515><>"
L 05/16/2011 - 21:54:28: [plmenu.amxx] Cmd: ".::T9o::.<697><STEAM_0:0:1836044300><>" slap with 0 damage "Euforia<694><STEAM_0:0:1235555515><>"
L 05/16/2011 - 21:54:28: [plmenu.amxx] Cmd: ".::T9o::.<697><STEAM_0:0:1836044300><>" slap with 0 damage "Euforia<694><STEAM_0:0:1235555515><>"
L 05/16/2011 - 21:54:29: [plmenu.amxx] Cmd: ".::T9o::.<697><STEAM_0:0:1836044300><>" slap with 0 damage "Euforia<694><STEAM_0:0:1235555515><>"
L 05/16/2011 - 21:54:29: [plmenu.amxx] Cmd: ".::T9o::.<697><STEAM_0:0:1836044300><>" slap with 0 damage "Euforia<694><STEAM_0:0:1235555515><>"
L 05/16/2011 - 21:54:29: [plmenu.amxx] Cmd: ".::T9o::.<697><STEAM_0:0:1836044300><>" slap with 0 damage "Euforia<694><STEAM_0:0:1235555515><>"
L 05/16/2011 - 21:54:29: [plmenu.amxx] Cmd: ".::T9o::.<697><STEAM_0:0:1836044300><>" slap with 0 damage "Euforia<694><STEAM_0:0:1235555515><>"
L 05/16/2011 - 21:54:29: [plmenu.amxx] Cmd: ".::T9o::.<697><STEAM_0:0:1836044300><>" slap with 0 damage "Euforia<694><STEAM_0:0:1235555515><>"
L 05/16/2011 - 21:54:30: [plmenu.amxx] Cmd: ".::T9o::.<697><STEAM_0:0:1836044300><>" slap with 0 damage "Euforia<694><STEAM_0:0:1235555515><>"
L 05/16/2011 - 21:54:30: [plmenu.amxx] Cmd: ".::T9o::.<697><STEAM_0:0:1836044300><>" slap with 0 damage "Euforia<694><STEAM_0:0:1235555515><>"
L 05/16/2011 - 21:54:30: [plmenu.amxx] Cmd: ".::T9o::.<697><STEAM_0:0:1836044300><>" slap with 0 damage "Euforia<694><STEAM_0:0:1235555515><>"
L 05/16/2011 - 21:54:30: [plmenu.amxx] Cmd: ".::T9o::.<697><STEAM_0:0:1836044300><>" slap with 0 damage "Euforia<694><STEAM_0:0:1235555515><>"
L 05/16/2011 - 21:54:30: [plmenu.amxx] Cmd: ".::T9o::.<697><STEAM_0:0:1836044300><>" slap with 0 damage "Euforia<694><STEAM_0:0:1235555515><>"
L 05/16/2011 - 21:54:30: [plmenu.amxx] Cmd: ".::T9o::.<697><STEAM_0:0:1836044300><>" slap with 0 damage "Euforia<694><STEAM_0:0:1235555515><>"
L 05/16/2011 - 21:54:31: [plmenu.amxx] Cmd: ".::T9o::.<697><STEAM_0:0:1836044300><>" slap with 0 damage "Euforia<694><STEAM_0:0:1235555515><>"
L 05/16/2011 - 21:54:31: [plmenu.amxx] Cmd: ".::T9o::.<697><STEAM_0:0:1836044300><>" slap with 0 damage "Euforia<694><STEAM_0:0:1235555515><>"
L 05/16/2011 - 21:55:09: [plmenu.amxx] Cmd: ".::T9o::.<697><STEAM_0:0:1836044300><>" slap with 0 damage "Euforia<694><STEAM_0:0:1235555515><>"
L 05/16/2011 - 21:55:09: [plmenu.amxx] Cmd: ".::T9o::.<697><STEAM_0:0:1836044300><>" slap with 0 damage "Euforia<694><STEAM_0:0:1235555515><>"
L 05/16/2011 - 21:55:09: [plmenu.amxx] Cmd: ".::T9o::.<697><STEAM_0:0:1836044300><>" slap with 0 damage "Euforia<694><STEAM_0:0:1235555515><>"
L 05/16/2011 - 21:55:09: [plmenu.amxx] Cmd: ".::T9o::.<697><STEAM_0:0:1836044300><>" slap with 0 damage "Euforia<694><STEAM_0:0:1235555515><>"
L 05/16/2011 - 21:55:09: [plmenu.amxx] Cmd: ".::T9o::.<697><STEAM_0:0:1836044300><>" slap with 0 damage "Euforia<694><STEAM_0:0:1235555515><>"
L 05/16/2011 - 21:55:09: [plmenu.amxx] Cmd: ".::T9o::.<697><STEAM_0:0:1836044300><>" slap with 0 damage "Euforia<694><STEAM_0:0:1235555515><>"
L 05/16/2011 - 21:55:10: [plmenu.amxx] Cmd: ".::T9o::.<697><STEAM_0:0:1836044300><>" slap with 0 damage "Euforia<694><STEAM_0:0:1235555515><>"
L 05/16/2011 - 21:55:10: [plmenu.amxx] Cmd: ".::T9o::.<697><STEAM_0:0:1836044300><>" slap with 0 damage "Euforia<694><STEAM_0:0:1235555515><>"
L 05/16/2011 - 21:55:45: [admin_amxbans.amxx] Login: "[o_VIP_o]                (^_^)V<713><STEAM_0:4:446327478><>" became an admin (account "212.55.104.156") (access "abcdefgijmopqtu") (address "212.55.104.156")
L 05/16/2011 - 21:55:56: -------- Mapchange to zm_dust_base_fin --------
L 05/16/2011 - 21:55:57: [admin_amxbans.amxx] Login: ".::T9o::.<697><STEAM_0:0:1836044300><>" became an admin (account ".::T9o::.") (access "abcdefgijmopqtu") (address "95.55.174.74")
L 05/16/2011 - 21:55:57: [admin_amxbans.amxx] Login: ".::T9o::.<723><STEAM_0:0:1836044300><>" became an admin (account ".::T9o::.") (access "abcdefgijmopqtu") (address "95.55.174.74")
L 05/16/2011 - 21:55:57: [admin_amxbans.amxx] Login: "[o_VIP_o]                (^_^)V<713><STEAM_0:4:446327478><>" became an admin (account "212.55.104.156") (access "abcdefgijmopqtu") (address "212.55.104.156")
L 05/16/2011 - 21:55:58: [amxbans.amxx] [AMXBANS] AMXBans 5.0 подключен
L 05/16/2011 - 22:01:34: [mapsmenu.amxx] Vote: "[o_VIP_o]                (^_^)V<713><STEAM_0:4:446327478><>" vote maps (map#1 "zm_army") (map#2 "cs_office") (map#3 "") (map#4 "")
L 05/16/2011 - 22:01:46: [mapsmenu.amxx] Vote: Voting successful. Map will be changed to zm_army
L 05/16/2011 - 22:01:56: [mapsmenu.amxx] Vote: Result refused
L 05/16/2011 - 22:02:17: [mapsmenu.amxx] Vote: "[o_VIP_o]                (^_^)V<713><STEAM_0:4:446327478><>" vote maps (map#1 "zm_army") (map#2 "") (map#3 "") (map#4 "")
L 05/16/2011 - 22:02:29: [mapsmenu.amxx] Vote: Voting successful. Map will be changed to zm_army
L 05/16/2011 - 22:02:39: [mapsmenu.amxx] Vote: Result refused
L 05/16/2011 - 22:02:48: [mapsmenu.amxx] Cmd: "[o_VIP_o]                (^_^)V<713><STEAM_0:4:446327478><>" changelevel "zm_army"
L 05/16/2011 - 22:02:51: -------- Mapchange to zm_army --------
L 05/16/2011 - 22:02:52: [admin_amxbans.amxx] Login: ".::T9o::.<723><STEAM_0:0:1836044300><>" became an admin (account ".::T9o::.") (access "abcdefgijmopqtu") (address "95.55.174.74")
L 05/16/2011 - 22:02:52: [admin_amxbans.amxx] Login: "[o_VIP_o]                (^_^)V<713><STEAM_0:4:446327478><>" became an admin (account "212.55.104.156") (access "abcdefgijmopqtu") (address "212.55.104.156")
L 05/16/2011 - 22:02:52: [admin_amxbans.amxx] Login: ".::T9o::.<723><STEAM_0:0:1836044300><>" became an admin (account ".::T9o::.") (access "abcdefgijmopqtu") (address "95.55.174.74")
L 05/16/2011 - 22:02:53: [amxbans.amxx] [AMXBANS] AMXBans 5.0 подключен
L 05/16/2011 - 22:06:14: [plmenu.amxx] Kick: ".::T9o::.<723><STEAM_0:0:1836044300><>" kick "Gro1_T|.BoR.<724><STEAM_0:0:223926125><>"
L 05/16/2011 - 22:06:42: [plmenu.amxx] Cmd: ".::T9o::.<723><STEAM_0:0:1836044300><>" transfer ".::T9o::.<723><STEAM_0:0:1836044300><>" (team "TERRORIST")
L 05/16/2011 - 22:08:53: [plmenu.amxx] Cmd: "[o_VIP_o]                (^_^)V<713><STEAM_0:4:446327478><>" transfer "[o_VIP_o]                (^_^)V<713><STEAM_0:4:446327478><>" (team "TERRORIST")
L 05/16/2011 - 22:09:08: [adminchat.amxx] Chat: "SNEG (The cake is a lie)<693><STEAM_0:4:1007668859><>" chat " tbI to kyda("
L 05/16/2011 - 22:09:19: [adminchat.amxx] Chat: "SNEG (The cake is a lie)<693><STEAM_0:4:1007668859><>" chat " )"
L 05/16/2011 - 22:09:32: [adminchat.amxx] Chat: "SNEG (The cake is a lie)<693><STEAM_0:4:1007668859><>" chat " JIadH poka 9 powol"
L 05/16/2011 - 22:11:04: [amxbans.amxx] [o_VIP_o]                (^_^)V<713><STEAM_0:4:446327478><CT> забанил Gro1_T|.BoR.<STEAM_0:0:223926125> на 1 час (60 минут). Причина: Mat.
L 05/16/2011 - 22:23:25: [plmenu.amxx] Cmd: "[o_VIP_o]                (^_^)V<713><STEAM_0:4:446327478><>" transfer "[o_VIP_o]                (^_^)V<713><STEAM_0:4:446327478><>" (team "TERRORIST")
L 05/16/2011 - 22:25:21: -------- Mapchange to zm_desolation_house --------
L 05/16/2011 - 22:25:22: [admin_amxbans.amxx] Login: ".::T9o::.<723><STEAM_0:0:1836044300><>" became an admin (account ".::T9o::.") (access "abcdefgijmopqtu") (address "95.55.174.74")
L 05/16/2011 - 22:25:23: [admin_amxbans.amxx] Login: "[o_VIP_o]                (^_^)V<713><STEAM_0:4:446327478><>" became an admin (account "212.55.104.156") (access "abcdefgijmopqtu") (address "212.55.104.156")
L 05/16/2011 - 22:25:23: [amxbans.amxx] [AMXBANS] AMXBans 5.0 подключен
L 05/16/2011 - 22:45:53: [mapsmenu.amxx] Vote: ".::T9o::.<723><STEAM_0:0:1836044300><>" vote maps (map#1 "de_dust") (map#2 "") (map#3 "") (map#4 "")
L 05/16/2011 - 22:46:05: [mapsmenu.amxx] Vote: Voting successful. Map will be changed to de_dust
L 05/16/2011 - 22:46:09: [mapsmenu.amxx] Vote: Result refused
L 05/16/2011 - 22:46:32: [mapsmenu.amxx] Vote: ".::T9o::.<723><STEAM_0:0:1836044300><>" vote maps (map#1 "zm_desolation_house") (map#2 "") (map#3 "") (map#4 "")
L 05/16/2011 - 22:46:44: [mapsmenu.amxx] Vote: Voting failed
L 05/16/2011 - 22:47:26: [mapsmenu.amxx] Cmd: "[o_VIP_o]                (^_^)V<713><STEAM_0:4:446327478><>" changelevel "de_dust"
L 05/16/2011 - 22:47:28: -------- Mapchange to de_dust --------
L 05/16/2011 - 22:47:31: [admin_amxbans.amxx] Login: ".::T9o::.<723><STEAM_0:0:1836044300><>" became an admin (account ".::T9o::.") (access "abcdefgijmopqtu") (address "95.55.174.74")
L 05/16/2011 - 22:47:31: [admin_amxbans.amxx] Login: "[o_VIP_o]                (^_^)V<713><STEAM_0:4:446327478><>" became an admin (account "212.55.104.156") (access "abcdefgijmopqtu") (address "212.55.104.156")
L 05/16/2011 - 22:47:32: [amxbans.amxx] [AMXBANS] AMXBans 5.0 подключен
L 05/16/2011 - 22:49:10: [admin_amxbans.amxx] Login: "Dumka<770><STEAM_0:0:1236438227><>" became an admin (account "172.23.65.13") (access "abcdefghijklmnopqrstu") (address "172.23.65.13")
L 05/16/2011 - 22:59:36: [plmenu.amxx] Cmd: ".::T9o::.<723><STEAM_0:0:1836044300><>" transfer ".::T9o::.<723><STEAM_0:0:1836044300><>" (team "TERRORIST")
L 05/16/2011 - 23:05:50: [admin_amxbans.amxx] Login: "ChickenMacNaggets<789><STEAM_0:0:503510212><>" became an admin (account "192.168.0.2") (access "abcdefghijklmnopqstu") (address "192.168.0.2")
L 05/16/2011 - 23:17:41: -------- Mapchange to zm_jambalaya_escape --------
L 05/16/2011 - 23:17:43: [admin_amxbans.amxx] Login: "[o_VIP_o]                (^_^)V<713><STEAM_0:4:446327478><>" became an admin (account "212.55.104.156") (access "abcdefgijmopqtu") (address "212.55.104.156")
L 05/16/2011 - 23:17:43: [amxbans.amxx] [AMXBANS] AMXBans 5.0 подключен
L 05/16/2011 - 23:17:44: [admin_amxbans.amxx] Login: "Dumka<770><STEAM_0:0:1236438227><>" became an admin (account "172.23.65.13") (access "abcdefghijklmnopqrstu") (address "172.23.65.13")
L 05/16/2011 - 23:41:03: -------- Mapchange to zm_die_hard_tn --------
L 05/16/2011 - 23:41:04: [admin_amxbans.amxx] Login: "[o_VIP_o]                (^_^)V<713><STEAM_0:4:446327478><>" became an admin (account "212.55.104.156") (access "abcdefgijmopqtu") (address "212.55.104.156")
L 05/16/2011 - 23:41:05: [amxbans.amxx] [AMXBANS] AMXBans 5.0 подключен
L 05/16/2011 - 23:41:09: [admin_amxbans.amxx] Login: "[o_VIP_o]                (^_^)V<807><STEAM_0:4:446327478><>" became an admin (account "212.55.104.156") (access "abcdefgijmopqtu") (address "212.55.104.156")
L 05/16/2011 - 23:42:16: [mapsmenu.amxx] Cmd: "[o_VIP_o]                (^_^)V<807><STEAM_0:4:446327478><>" changelevel "zm_xata"
L 05/16/2011 - 23:42:18: -------- Mapchange to zm_xata --------
L 05/16/2011 - 23:42:19: [admin_amxbans.amxx] Login: "[o_VIP_o]                (^_^)V<807><STEAM_0:4:446327478><>" became an admin (account "212.55.104.156") (access "abcdefgijmopqtu") (address "212.55.104.156")
L 05/16/2011 - 23:42:20: [amxbans.amxx] [AMXBANS] AMXBans 5.0 подключен
L 05/16/2011 - 23:49:29: [plmenu.amxx] Cmd: "[o_VIP_o]                (^_^)V<807><STEAM_0:4:446327478><>" slap with 0 damage "VANDAL<812><STEAM_0:0:31999920><>"
L 05/16/2011 - 23:58:16: [plmenu.amxx] Cmd: "[o_VIP_o]                (^_^)V<807><STEAM_0:4:446327478><>" transfer "[o_VIP_o]                (^_^)V<807><STEAM_0:4:446327478><>" (team "TERRORIST")
L 05/16/2011 - 23:59:09: [admin_amxbans.amxx] Login: "Dumka<822><STEAM_0:0:1236438227><>" became an admin (account "172.23.65.13") (access "abcdefghijklmnopqrstu") (address "172.23.65.13")
