L 10/01/2011 - 00:00:07: [admincmd.amxx] Cmd: "ntu4ka<3287><STEAM_0:0:44643826><>" server console (cmdline "amx_map zm_zbek")
L 10/01/2011 - 00:00:07: [admincmd.amxx] Cmd: " Зомби сервер (x_x(O<0><><>" changelevel "zm_zbek"
L 10/01/2011 - 00:00:09: -------- Mapchange to zm_zbek --------
L 10/01/2011 - 00:00:10: [admin_amxbans.amxx] Login: "ntu4ka<3287><STEAM_0:0:44643826><>" became an admin (account "172.23.65.13") (access "l") (address "172.23.65.13")
L 10/01/2011 - 00:00:10: [admin_amxbans.amxx] Login: "Alecquant<3251><STEAM_0:4:565250032><>" became an admin (account "Alecquant") (access "t") (address "89.237.62.234")
L 10/01/2011 - 00:00:11: [amxbans.amxx] [AMXBANS] AMXBans 5.0 is online
L 10/01/2011 - 00:00:23: [admin_amxbans.amxx] Login: "Alecquant<3301><STEAM_0:4:565250032><>" became an admin (account "Alecquant") (access "t") (address "89.237.62.234")
L 10/01/2011 - 00:21:29: -------- Mapchange to zm_666_brick --------
L 10/01/2011 - 00:21:30: [admin_amxbans.amxx] Login: "ntu4ka<3287><STEAM_0:0:44643826><>" became an admin (account "172.23.65.13") (access "l") (address "172.23.65.13")
L 10/01/2011 - 00:21:31: [amxbans.amxx] [AMXBANS] AMXBans 5.0 is online
L 10/01/2011 - 00:52:13: -------- Mapchange to ze_egypt --------
L 10/01/2011 - 00:52:15: [amxbans.amxx] [AMXBANS] AMXBans 5.0 is online
L 10/01/2011 - 01:08:50: -------- Mapchange to zm_decline2k --------
L 10/01/2011 - 01:08:51: [amxbans.amxx] [AMXBANS] AMXBans 5.0 is online
L 10/01/2011 - 01:13:38: [amxbans.amxx] [Amxbans] Query failed!
L 10/01/2011 - 01:13:38: [amxbans.amxx] [Amxbans] Threaded query error, location: 18
L 10/01/2011 - 01:13:38: [amxbans.amxx] [Amxbans] Message: You have an error in your SQL syntax; check the manual that corresponds to your MySQL server version for the right syntax to use near ''Ba' at line 1 (1064)
L 10/01/2011 - 01:13:38: [amxbans.amxx] [Amxbans] Query statement: 
L 10/01/2011 - 01:32:10: -------- Mapchange to cs_militia --------
L 10/01/2011 - 01:32:15: [amxbans.amxx] [AMXBANS] AMXBans 5.0 is online
L 10/01/2011 - 01:32:17: [amxbans.amxx] [Amxbans] Query failed!
L 10/01/2011 - 01:32:17: [amxbans.amxx] [Amxbans] Threaded query error, location: 18
L 10/01/2011 - 01:32:17: [amxbans.amxx] [Amxbans] Message: You have an error in your SQL syntax; check the manual that corresponds to your MySQL server version for the right syntax to use near ''Ba' at line 1 (1064)
L 10/01/2011 - 01:32:17: [amxbans.amxx] [Amxbans] Query statement: 
L 10/01/2011 - 01:53:34: -------- Mapchange to ze_jurassicpark --------
L 10/01/2011 - 01:53:36: [amxbans.amxx] [AMXBANS] AMXBans 5.0 is online
L 10/01/2011 - 01:53:37: [amxbans.amxx] [Amxbans] Query failed!
L 10/01/2011 - 01:53:37: [amxbans.amxx] [Amxbans] Threaded query error, location: 18
L 10/01/2011 - 01:53:37: [amxbans.amxx] [Amxbans] Message: You have an error in your SQL syntax; check the manual that corresponds to your MySQL server version for the right syntax to use near ''Ba' at line 1 (1064)
L 10/01/2011 - 01:53:37: [amxbans.amxx] [Amxbans] Query statement: 
L 10/01/2011 - 01:53:37: [amxbans.amxx] [Amxbans] Query failed!
L 10/01/2011 - 01:53:37: [amxbans.amxx] [Amxbans] Threaded query error, location: 18
L 10/01/2011 - 01:53:37: [amxbans.amxx] [Amxbans] Message: You have an error in your SQL syntax; check the manual that corresponds to your MySQL server version for the right syntax to use near ''Ba' at line 1 (1064)
L 10/01/2011 - 01:53:37: [amxbans.amxx] [Amxbans] Query statement: 
L 10/01/2011 - 02:15:51: -------- Mapchange to zm_caca --------
L 10/01/2011 - 02:15:53: [amxbans.amxx] [AMXBANS] AMXBans 5.0 is online
L 10/01/2011 - 02:15:54: [amxbans.amxx] [Amxbans] Query failed!
L 10/01/2011 - 02:15:54: [amxbans.amxx] [Amxbans] Threaded query error, location: 18
L 10/01/2011 - 02:15:54: [amxbans.amxx] [Amxbans] Message: You have an error in your SQL syntax; check the manual that corresponds to your MySQL server version for the right syntax to use near ''Ba' at line 1 (1064)
L 10/01/2011 - 02:15:54: [amxbans.amxx] [Amxbans] Query statement: 
L 10/01/2011 - 02:16:04: [amxbans.amxx] [Amxbans] Query failed!
L 10/01/2011 - 02:16:04: [amxbans.amxx] [Amxbans] Threaded query error, location: 18
L 10/01/2011 - 02:16:04: [amxbans.amxx] [Amxbans] Message: You have an error in your SQL syntax; check the manual that corresponds to your MySQL server version for the right syntax to use near ''Ba' at line 1 (1064)
L 10/01/2011 - 02:16:04: [amxbans.amxx] [Amxbans] Query statement: 
L 10/01/2011 - 02:21:16: -------- Mapchange to cs_estate --------
L 10/01/2011 - 02:21:19: [amxbans.amxx] [AMXBANS] AMXBans 5.0 is online
L 10/01/2011 - 02:31:12: -------- Mapchange to cs_estate --------
L 10/01/2011 - 02:31:15: [amxbans.amxx] [AMXBANS] AMXBans 5.0 is online
L 10/01/2011 - 02:41:08: -------- Mapchange to cs_estate --------
L 10/01/2011 - 02:41:11: [amxbans.amxx] [AMXBANS] AMXBans 5.0 is online
L 10/01/2011 - 02:51:04: -------- Mapchange to cs_estate --------
L 10/01/2011 - 02:51:07: [amxbans.amxx] [AMXBANS] AMXBans 5.0 is online
L 10/01/2011 - 03:01:00: -------- Mapchange to cs_estate --------
L 10/01/2011 - 03:01:03: [amxbans.amxx] [AMXBANS] AMXBans 5.0 is online
L 10/01/2011 - 03:10:56: -------- Mapchange to cs_estate --------
L 10/01/2011 - 03:10:59: [amxbans.amxx] [AMXBANS] AMXBans 5.0 is online
L 10/01/2011 - 03:21:34: -------- Mapchange to zm_dwarf --------
L 10/01/2011 - 03:21:35: [amxbans.amxx] [AMXBANS] AMXBans 5.0 is online
L 10/01/2011 - 03:24:33: -------- Mapchange to cs_estate --------
L 10/01/2011 - 03:24:36: [amxbans.amxx] [AMXBANS] AMXBans 5.0 is online
L 10/01/2011 - 03:34:29: -------- Mapchange to cs_estate --------
L 10/01/2011 - 03:34:32: [amxbans.amxx] [AMXBANS] AMXBans 5.0 is online
L 10/01/2011 - 03:44:25: -------- Mapchange to cs_estate --------
L 10/01/2011 - 03:44:28: [amxbans.amxx] [AMXBANS] AMXBans 5.0 is online
L 10/01/2011 - 03:54:21: -------- Mapchange to cs_estate --------
L 10/01/2011 - 03:54:24: [amxbans.amxx] [AMXBANS] AMXBans 5.0 is online
L 10/01/2011 - 04:04:12: -------- Mapchange to cs_estate --------
L 10/01/2011 - 04:04:15: [amxbans.amxx] [AMXBANS] AMXBans 5.0 is online
L 10/01/2011 - 04:14:08: -------- Mapchange to cs_estate --------
L 10/01/2011 - 04:14:10: [amxbans.amxx] [AMXBANS] AMXBans 5.0 is online
L 10/01/2011 - 04:24:04: -------- Mapchange to cs_estate --------
L 10/01/2011 - 04:24:06: [amxbans.amxx] [AMXBANS] AMXBans 5.0 is online
L 10/01/2011 - 04:34:00: -------- Mapchange to cs_estate --------
L 10/01/2011 - 04:34:02: [amxbans.amxx] [AMXBANS] AMXBans 5.0 is online
L 10/01/2011 - 04:43:56: -------- Mapchange to cs_estate --------
L 10/01/2011 - 04:43:58: [amxbans.amxx] [AMXBANS] AMXBans 5.0 is online
L 10/01/2011 - 04:53:52: -------- Mapchange to cs_estate --------
L 10/01/2011 - 04:53:54: [amxbans.amxx] [AMXBANS] AMXBans 5.0 is online
L 10/01/2011 - 05:03:47: -------- Mapchange to cs_estate --------
L 10/01/2011 - 05:03:50: [amxbans.amxx] [AMXBANS] AMXBans 5.0 is online
L 10/01/2011 - 05:13:43: -------- Mapchange to cs_estate --------
L 10/01/2011 - 05:13:46: [amxbans.amxx] [AMXBANS] AMXBans 5.0 is online
L 10/01/2011 - 05:23:39: -------- Mapchange to cs_estate --------
L 10/01/2011 - 05:23:42: [amxbans.amxx] [AMXBANS] AMXBans 5.0 is online
L 10/01/2011 - 05:36:05: -------- Mapchange to cs_estate --------
L 10/01/2011 - 05:36:08: [amxbans.amxx] [AMXBANS] AMXBans 5.0 is online
L 10/01/2011 - 05:46:01: -------- Mapchange to cs_estate --------
L 10/01/2011 - 05:46:04: [amxbans.amxx] [AMXBANS] AMXBans 5.0 is online
L 10/01/2011 - 05:55:57: -------- Mapchange to cs_estate --------
L 10/01/2011 - 05:56:00: [amxbans.amxx] [AMXBANS] AMXBans 5.0 is online
L 10/01/2011 - 06:00:12: -------- Mapchange to cs_estate --------
L 10/01/2011 - 06:00:15: -------- Mapchange to zm_cpl_mill_kamp --------
L 10/01/2011 - 06:00:18: [amxbans.amxx] [AMXBANS] AMXBans 5.0 is online
L 10/01/2011 - 06:03:16: -------- Mapchange to cs_estate --------
L 10/01/2011 - 06:03:19: [amxbans.amxx] [AMXBANS] AMXBans 5.0 is online
L 10/01/2011 - 06:13:12: -------- Mapchange to cs_estate --------
L 10/01/2011 - 06:13:15: [amxbans.amxx] [AMXBANS] AMXBans 5.0 is online
L 10/01/2011 - 06:23:08: -------- Mapchange to cs_estate --------
L 10/01/2011 - 06:23:11: [amxbans.amxx] [AMXBANS] AMXBans 5.0 is online
L 10/01/2011 - 06:29:23: [amxbans.amxx] [Amxbans] Query failed!
L 10/01/2011 - 06:29:23: [amxbans.amxx] [Amxbans] Threaded query error, location: 18
L 10/01/2011 - 06:29:23: [amxbans.amxx] [Amxbans] Message: You have an error in your SQL syntax; check the manual that corresponds to your MySQL server version for the right syntax to use near '' at line 1 (1064)
L 10/01/2011 - 06:29:23: [amxbans.amxx] [Amxbans] Query statement: 
L 10/01/2011 - 06:35:23: -------- Mapchange to 016 --------
L 10/01/2011 - 06:35:25: [amxbans.amxx] [AMXBANS] AMXBans 5.0 is online
L 10/01/2011 - 06:35:26: [amxbans.amxx] [Amxbans] Query failed!
L 10/01/2011 - 06:35:26: [amxbans.amxx] [Amxbans] Threaded query error, location: 18
L 10/01/2011 - 06:35:26: [amxbans.amxx] [Amxbans] Message: You have an error in your SQL syntax; check the manual that corresponds to your MySQL server version for the right syntax to use near '' at line 1 (1064)
L 10/01/2011 - 06:35:26: [amxbans.amxx] [Amxbans] Query statement: 
L 10/01/2011 - 06:52:06: -------- Mapchange to cs_estate --------
L 10/01/2011 - 06:52:09: [amxbans.amxx] [AMXBANS] AMXBans 5.0 is online
L 10/01/2011 - 06:59:53: [amxbans.amxx] [Amxbans] Query failed!
L 10/01/2011 - 06:59:53: [amxbans.amxx] [Amxbans] Threaded query error, location: 18
L 10/01/2011 - 06:59:53: [amxbans.amxx] [Amxbans] Message: You have an error in your SQL syntax; check the manual that corresponds to your MySQL server version for the right syntax to use near '' at line 1 (1064)
L 10/01/2011 - 06:59:53: [amxbans.amxx] [Amxbans] Query statement: 
L 10/01/2011 - 07:09:47: -------- Mapchange to cs_estate --------
L 10/01/2011 - 07:09:50: [amxbans.amxx] [AMXBANS] AMXBans 5.0 is online
L 10/01/2011 - 07:09:51: [amxbans.amxx] [Amxbans] Query failed!
L 10/01/2011 - 07:09:51: [amxbans.amxx] [Amxbans] Threaded query error, location: 18
L 10/01/2011 - 07:09:51: [amxbans.amxx] [Amxbans] Message: You have an error in your SQL syntax; check the manual that corresponds to your MySQL server version for the right syntax to use near '' at line 1 (1064)
L 10/01/2011 - 07:09:51: [amxbans.amxx] [Amxbans] Query statement: 
L 10/01/2011 - 07:18:10: -------- Mapchange to zm_fdust2x2 --------
L 10/01/2011 - 07:18:12: [amxbans.amxx] [AMXBANS] AMXBans 5.0 is online
L 10/01/2011 - 07:18:13: [amxbans.amxx] [Amxbans] Query failed!
L 10/01/2011 - 07:18:13: [amxbans.amxx] [Amxbans] Threaded query error, location: 18
L 10/01/2011 - 07:18:13: [amxbans.amxx] [Amxbans] Message: You have an error in your SQL syntax; check the manual that corresponds to your MySQL server version for the right syntax to use near '' at line 1 (1064)
L 10/01/2011 - 07:18:13: [amxbans.amxx] [Amxbans] Query statement: 
L 10/01/2011 - 07:47:01: [amxbans.amxx] [Amxbans] Query failed!
L 10/01/2011 - 07:47:01: [amxbans.amxx] [Amxbans] Threaded query error, location: 18
L 10/01/2011 - 07:47:01: [amxbans.amxx] [Amxbans] Message: You have an error in your SQL syntax; check the manual that corresponds to your MySQL server version for the right syntax to use near '' at line 1 (1064)
L 10/01/2011 - 07:47:01: [amxbans.amxx] [Amxbans] Query statement: 
L 10/01/2011 - 08:04:14: -------- Mapchange to cs_militia --------
L 10/01/2011 - 08:04:19: [amxbans.amxx] [AMXBANS] AMXBans 5.0 is online
L 10/01/2011 - 08:04:21: [amxbans.amxx] [Amxbans] Query failed!
L 10/01/2011 - 08:04:21: [amxbans.amxx] [Amxbans] Threaded query error, location: 18
L 10/01/2011 - 08:04:21: [amxbans.amxx] [Amxbans] Message: You have an error in your SQL syntax; check the manual that corresponds to your MySQL server version for the right syntax to use near '' at line 1 (1064)
L 10/01/2011 - 08:04:21: [amxbans.amxx] [Amxbans] Query statement: 
L 10/01/2011 - 08:04:21: [amxbans.amxx] [Amxbans] Query failed!
L 10/01/2011 - 08:04:21: [amxbans.amxx] [Amxbans] Threaded query error, location: 18
L 10/01/2011 - 08:04:21: [amxbans.amxx] [Amxbans] Message: You have an error in your SQL syntax; check the manual that corresponds to your MySQL server version for the right syntax to use near '' at line 1 (1064)
L 10/01/2011 - 08:04:21: [amxbans.amxx] [Amxbans] Query statement: 
L 10/01/2011 - 08:24:46: -------- Mapchange to zm_alfresco_v2 --------
L 10/01/2011 - 08:24:47: [amxbans.amxx] [AMXBANS] AMXBans 5.0 is online
L 10/01/2011 - 08:24:49: [amxbans.amxx] [Amxbans] Query failed!
L 10/01/2011 - 08:24:49: [amxbans.amxx] [Amxbans] Threaded query error, location: 18
L 10/01/2011 - 08:24:49: [amxbans.amxx] [Amxbans] Message: You have an error in your SQL syntax; check the manual that corresponds to your MySQL server version for the right syntax to use near '' at line 1 (1064)
L 10/01/2011 - 08:24:49: [amxbans.amxx] [Amxbans] Query statement: 
L 10/01/2011 - 08:24:50: [amxbans.amxx] [Amxbans] Query failed!
L 10/01/2011 - 08:24:50: [amxbans.amxx] [Amxbans] Threaded query error, location: 18
L 10/01/2011 - 08:24:50: [amxbans.amxx] [Amxbans] Message: You have an error in your SQL syntax; check the manual that corresponds to your MySQL server version for the right syntax to use near '' at line 1 (1064)
L 10/01/2011 - 08:24:50: [amxbans.amxx] [Amxbans] Query statement: 
L 10/01/2011 - 08:26:55: [amxbans.amxx] [Amxbans] Query failed!
L 10/01/2011 - 08:26:55: [amxbans.amxx] [Amxbans] Threaded query error, location: 18
L 10/01/2011 - 08:26:55: [amxbans.amxx] [Amxbans] Message: You have an error in your SQL syntax; check the manual that corresponds to your MySQL server version for the right syntax to use near '' at line 1 (1064)
L 10/01/2011 - 08:26:55: [amxbans.amxx] [Amxbans] Query statement: 
L 10/01/2011 - 08:45:01: -------- Mapchange to zm_caca --------
L 10/01/2011 - 08:45:03: [amxbans.amxx] [AMXBANS] AMXBans 5.0 is online
L 10/01/2011 - 08:45:05: [amxbans.amxx] [Amxbans] Query failed!
L 10/01/2011 - 08:45:05: [amxbans.amxx] [Amxbans] Threaded query error, location: 18
L 10/01/2011 - 08:45:05: [amxbans.amxx] [Amxbans] Message: You have an error in your SQL syntax; check the manual that corresponds to your MySQL server version for the right syntax to use near '' at line 1 (1064)
L 10/01/2011 - 08:45:05: [amxbans.amxx] [Amxbans] Query statement: 
L 10/01/2011 - 08:57:36: -------- Mapchange to cs_estate --------
L 10/01/2011 - 08:57:39: [amxbans.amxx] [AMXBANS] AMXBans 5.0 is online
L 10/01/2011 - 09:07:32: -------- Mapchange to cs_estate --------
L 10/01/2011 - 09:07:35: [amxbans.amxx] [AMXBANS] AMXBans 5.0 is online
L 10/01/2011 - 09:15:03: -------- Mapchange to ze_lift_escape_b5 --------
L 10/01/2011 - 09:15:05: [amxbans.amxx] [AMXBANS] AMXBans 5.0 is online
L 10/01/2011 - 09:18:03: -------- Mapchange to cs_estate --------
L 10/01/2011 - 09:18:06: [amxbans.amxx] [AMXBANS] AMXBans 5.0 is online
L 10/01/2011 - 09:32:14: -------- Mapchange to ze_egypt --------
L 10/01/2011 - 09:32:15: [amxbans.amxx] [AMXBANS] AMXBans 5.0 is online
L 10/01/2011 - 09:48:13: -------- Mapchange to zm_303 --------
L 10/01/2011 - 09:48:15: [amxbans.amxx] [AMXBANS] AMXBans 5.0 is online
L 10/01/2011 - 10:08:58: -------- Mapchange to cs_militia --------
L 10/01/2011 - 10:09:03: [amxbans.amxx] [AMXBANS] AMXBans 5.0 is online
L 10/01/2011 - 10:29:04: -------- Mapchange to zm_666_brick --------
L 10/01/2011 - 10:29:06: [amxbans.amxx] [AMXBANS] AMXBans 5.0 is online
L 10/01/2011 - 10:46:28: [admin_amxbans.amxx] Login: "1C ! f0sT*<102><STEAM_0:0:1775504481><>" kicked due to invalid password (account "1C ! f0sT*") (address "109.205.254.58")
L 10/01/2011 - 10:46:33: [admin_amxbans.amxx] Login: "1C ! f0sT*<103><STEAM_0:0:1775504481><>" kicked due to invalid password (account "1C ! f0sT*") (address "109.205.254.58")
L 10/01/2011 - 10:46:46: [admin_amxbans.amxx] Login: "1C ! f0sT*<104><STEAM_0:0:1775504481><>" kicked due to invalid password (account "1C ! f0sT*") (address "109.205.254.58")
L 10/01/2011 - 10:59:23: -------- Mapchange to ze_jurassicpark --------
L 10/01/2011 - 10:59:25: [amxbans.amxx] [AMXBANS] AMXBans 5.0 is online
L 10/01/2011 - 11:20:06: [admin_amxbans.amxx] Login: "1C ! f0sT*<128><STEAM_0:0:1775504481><>" kicked due to invalid password (account "1C ! f0sT*") (address "109.205.254.58")
L 10/01/2011 - 11:22:11: -------- Mapchange to 016 --------
L 10/01/2011 - 11:22:13: [amxbans.amxx] [AMXBANS] AMXBans 5.0 is online
L 10/01/2011 - 11:39:15: [admin_amxbans.amxx] Login: "Kenny<158><STEAM_0:0:963405193><>" became an admin (account "Kenny") (access "abcdefghijlmnopqstu") (address "109.161.89.207")
L 10/01/2011 - 11:42:23: [amxbans.amxx] Kenny<158><STEAM_0:0:963405193><SPECTATOR> banned [tm.adidas].:kerya:.<STEAM_0:4:1556705597> for 2 weeks (20160 minutes). Reason: AIM.
L 10/01/2011 - 11:46:37: [admin_amxbans.amxx] Login: "ntu4ka<163><STEAM_0:0:44643826><>" became an admin (account "172.23.65.13") (access "l") (address "172.23.65.13")
L 10/01/2011 - 11:52:28: -------- Mapchange to zm_fdust2x2 --------
L 10/01/2011 - 11:52:29: [amxbans.amxx] [AMXBANS] AMXBans 5.0 is online
L 10/01/2011 - 12:13:44: -------- Mapchange to zm_cpl_mill_kamp --------
L 10/01/2011 - 12:13:46: [amxbans.amxx] [AMXBANS] AMXBans 5.0 is online
L 10/01/2011 - 12:34:19: -------- Mapchange to zm_caca --------
L 10/01/2011 - 12:34:21: [amxbans.amxx] [AMXBANS] AMXBans 5.0 is online
L 10/01/2011 - 12:54:57: [amxbans.amxx] [Amxbans] Query failed!
L 10/01/2011 - 12:54:57: [amxbans.amxx] [Amxbans] Threaded query error, location: 18
L 10/01/2011 - 12:54:57: [amxbans.amxx] [Amxbans] Message: You have an error in your SQL syntax; check the manual that corresponds to your MySQL server version for the right syntax to use near '' at line 1 (1064)
L 10/01/2011 - 12:54:57: [amxbans.amxx] [Amxbans] Query statement: 
L 10/01/2011 - 12:55:16: -------- Mapchange to ze_egypt --------
L 10/01/2011 - 12:55:18: [amxbans.amxx] [AMXBANS] AMXBans 5.0 is online
L 10/01/2011 - 13:09:35: -------- Mapchange to ze_lift_escape_b5 --------
L 10/01/2011 - 13:09:37: [amxbans.amxx] [AMXBANS] AMXBans 5.0 is online
L 10/01/2011 - 13:25:30: -------- Mapchange to zm_alfresco_v2 --------
L 10/01/2011 - 13:25:32: [amxbans.amxx] [AMXBANS] AMXBans 5.0 is online
L 10/01/2011 - 13:41:34: [admin_amxbans.amxx] Login: "1C ! f0sT*<341><STEAM_0:0:1775504481><>" kicked due to invalid password (account "1C ! f0sT*") (address "109.205.254.58")
L 10/01/2011 - 13:46:00: [amxbans.amxx] [Amxbans] Query failed!
L 10/01/2011 - 13:46:00: [amxbans.amxx] [Amxbans] Threaded query error, location: 18
L 10/01/2011 - 13:46:00: [amxbans.amxx] [Amxbans] Message: You have an error in your SQL syntax; check the manual that corresponds to your MySQL server version for the right syntax to use near '' at line 1 (1064)
L 10/01/2011 - 13:46:00: [amxbans.amxx] [Amxbans] Query statement: 
L 10/01/2011 - 13:46:14: -------- Mapchange to zm_decline2k --------
L 10/01/2011 - 13:46:16: [amxbans.amxx] [AMXBANS] AMXBans 5.0 is online
L 10/01/2011 - 13:46:22: [amxbans.amxx] [Amxbans] Query failed!
L 10/01/2011 - 13:46:22: [amxbans.amxx] [Amxbans] Threaded query error, location: 18
L 10/01/2011 - 13:46:22: [amxbans.amxx] [Amxbans] Message: You have an error in your SQL syntax; check the manual that corresponds to your MySQL server version for the right syntax to use near '' at line 1 (1064)
L 10/01/2011 - 13:46:22: [amxbans.amxx] [Amxbans] Query statement: 
L 10/01/2011 - 13:50:43: [amxbans.amxx] [Amxbans] Query failed!
L 10/01/2011 - 13:50:43: [amxbans.amxx] [Amxbans] Threaded query error, location: 18
L 10/01/2011 - 13:50:43: [amxbans.amxx] [Amxbans] Message: You have an error in your SQL syntax; check the manual that corresponds to your MySQL server version for the right syntax to use near '' at line 1 (1064)
L 10/01/2011 - 13:50:43: [amxbans.amxx] [Amxbans] Query statement: 
L 10/01/2011 - 13:54:58: [amxbans.amxx] [Amxbans] Query failed!
L 10/01/2011 - 13:54:58: [amxbans.amxx] [Amxbans] Threaded query error, location: 18
L 10/01/2011 - 13:54:58: [amxbans.amxx] [Amxbans] Message: You have an error in your SQL syntax; check the manual that corresponds to your MySQL server version for the right syntax to use near '' at line 1 (1064)
L 10/01/2011 - 13:54:58: [amxbans.amxx] [Amxbans] Query statement: 
L 10/01/2011 - 14:06:20: -------- Mapchange to zm_666_brick --------
L 10/01/2011 - 14:06:22: [amxbans.amxx] [AMXBANS] AMXBans 5.0 is online
L 10/01/2011 - 14:36:37: -------- Mapchange to zm_303 --------
L 10/01/2011 - 14:36:39: [amxbans.amxx] [AMXBANS] AMXBans 5.0 is online
L 10/01/2011 - 14:57:07: -------- Mapchange to 016 --------
L 10/01/2011 - 14:57:09: [amxbans.amxx] [AMXBANS] AMXBans 5.0 is online
L 10/01/2011 - 15:29:41: -------- Mapchange to ze_jurassicpark --------
L 10/01/2011 - 15:29:43: [amxbans.amxx] [AMXBANS] AMXBans 5.0 is online
L 10/01/2011 - 15:50:50: -------- Mapchange to zm_caca --------
L 10/01/2011 - 15:50:52: [amxbans.amxx] [AMXBANS] AMXBans 5.0 is online
L 10/01/2011 - 16:10:56: -------- Mapchange to zm_dwarf --------
L 10/01/2011 - 16:10:57: [amxbans.amxx] [AMXBANS] AMXBans 5.0 is online
L 10/01/2011 - 16:13:57: [admin_amxbans.amxx] Login: "ntu4ka<581><STEAM_0:0:44643826><>" became an admin (account "172.23.65.13") (access "l") (address "172.23.65.13")
L 10/01/2011 - 16:31:19: -------- Mapchange to ze_lift_escape_b5 --------
L 10/01/2011 - 16:31:21: [amxbans.amxx] [AMXBANS] AMXBans 5.0 is online
L 10/01/2011 - 16:33:48: [amxbans.amxx] [Amxbans] Query failed!
L 10/01/2011 - 16:33:48: [amxbans.amxx] [Amxbans] Threaded query error, location: 18
L 10/01/2011 - 16:33:48: [amxbans.amxx] [Amxbans] Message: You have an error in your SQL syntax; check the manual that corresponds to your MySQL server version for the right syntax to use near '' at line 1 (1064)
L 10/01/2011 - 16:33:48: [amxbans.amxx] [Amxbans] Query statement: 
L 10/01/2011 - 16:43:52: [amxbans.amxx] [Amxbans] Query failed!
L 10/01/2011 - 16:43:52: [amxbans.amxx] [Amxbans] Threaded query error, location: 18
L 10/01/2011 - 16:43:52: [amxbans.amxx] [Amxbans] Message: You have an error in your SQL syntax; check the manual that corresponds to your MySQL server version for the right syntax to use near ''Bantime expired' at line 1 (1064)
L 10/01/2011 - 16:43:52: [amxbans.amxx] [Amxbans] Query statement: 
L 10/01/2011 - 16:48:54: -------- Mapchange to ze_train_back_lg --------
L 10/01/2011 - 16:48:56: [amxbans.amxx] [AMXBANS] AMXBans 5.0 is online
L 10/01/2011 - 16:54:09: [amxbans.amxx] [Amxbans] Query failed!
L 10/01/2011 - 16:54:09: [amxbans.amxx] [Amxbans] Threaded query error, location: 18
L 10/01/2011 - 16:54:09: [amxbans.amxx] [Amxbans] Message: You have an error in your SQL syntax; check the manual that corresponds to your MySQL server version for the right syntax to use near ''Bantime expired' at line 1 (1064)
L 10/01/2011 - 16:54:09: [amxbans.amxx] [Amxbans] Query statement: 
L 10/01/2011 - 16:54:13: [amxbans.amxx] [Amxbans] Query failed!
L 10/01/2011 - 16:54:13: [amxbans.amxx] [Amxbans] Threaded query error, location: 18
L 10/01/2011 - 16:54:13: [amxbans.amxx] [Amxbans] Message: You have an error in your SQL syntax; check the manual that corresponds to your MySQL server version for the right syntax to use near ''Bantime expired' at line 1 (1064)
L 10/01/2011 - 16:54:13: [amxbans.amxx] [Amxbans] Query statement: 
L 10/01/2011 - 17:04:39: -------- Mapchange to zm_decline2k --------
L 10/01/2011 - 17:04:40: [amxbans.amxx] [AMXBANS] AMXBans 5.0 is online
L 10/01/2011 - 17:04:45: [amxbans.amxx] [Amxbans] Query failed!
L 10/01/2011 - 17:04:45: [amxbans.amxx] [Amxbans] Threaded query error, location: 18
L 10/01/2011 - 17:04:45: [amxbans.amxx] [Amxbans] Message: You have an error in your SQL syntax; check the manual that corresponds to your MySQL server version for the right syntax to use near ''Bantime expired' at line 1 (1064)
L 10/01/2011 - 17:04:45: [amxbans.amxx] [Amxbans] Query statement: 
L 10/01/2011 - 17:16:18: [amxbans.amxx] [Amxbans] Query failed!
L 10/01/2011 - 17:16:18: [amxbans.amxx] [Amxbans] Threaded query error, location: 18
L 10/01/2011 - 17:16:18: [amxbans.amxx] [Amxbans] Message: You have an error in your SQL syntax; check the manual that corresponds to your MySQL server version for the right syntax to use near ''Bantime expired' at line 1 (1064)
L 10/01/2011 - 17:16:18: [amxbans.amxx] [Amxbans] Query statement: 
L 10/01/2011 - 17:24:40: -------- Mapchange to zm_666_brick --------
L 10/01/2011 - 17:24:41: [amxbans.amxx] [AMXBANS] AMXBans 5.0 is online
L 10/01/2011 - 17:43:34: [admin_amxbans.amxx] Login: "Misha<742><STEAM_0:0:1907190042><>" kicked due to invalid password (account "Misha") (address "188.134.38.84")
L 10/01/2011 - 17:57:20: -------- Mapchange to zm_houses --------
L 10/01/2011 - 17:57:22: [amxbans.amxx] [AMXBANS] AMXBans 5.0 is online
L 10/01/2011 - 18:17:25: -------- Mapchange to zm_fdust2x2 --------
L 10/01/2011 - 18:17:27: [amxbans.amxx] [AMXBANS] AMXBans 5.0 is online
L 10/01/2011 - 18:37:34: -------- Mapchange to 016 --------
L 10/01/2011 - 18:37:36: [amxbans.amxx] [AMXBANS] AMXBans 5.0 is online
L 10/01/2011 - 19:07:53: -------- Mapchange to zm_303 --------
L 10/01/2011 - 19:07:55: [amxbans.amxx] [AMXBANS] AMXBans 5.0 is online
L 10/01/2011 - 19:30:31: -------- Mapchange to ze_jurassicpark --------
L 10/01/2011 - 19:30:33: [amxbans.amxx] [AMXBANS] AMXBans 5.0 is online
L 10/01/2011 - 19:50:56: -------- Mapchange to ze_egypt --------
L 10/01/2011 - 19:50:58: [amxbans.amxx] [AMXBANS] AMXBans 5.0 is online
L 10/01/2011 - 20:08:18: -------- Mapchange to zm_neris --------
L 10/01/2011 - 20:08:19: [amxbans.amxx] [AMXBANS] AMXBans 5.0 is online
L 10/01/2011 - 20:28:37: -------- Mapchange to zm_alfresco_v2 --------
L 10/01/2011 - 20:28:39: [amxbans.amxx] [AMXBANS] AMXBans 5.0 is online
L 10/01/2011 - 20:37:15: [admin_amxbans.amxx] Login: "Lenusjka<1015><STEAM_0:4:1429483121><>" became an admin (account "Lenusjka") (access "eqt") (address "91.190.52.3")
L 10/01/2011 - 20:48:55: -------- Mapchange to zm_666_brick --------
L 10/01/2011 - 20:48:56: [admin_amxbans.amxx] Login: "Lenusjka<1015><STEAM_0:4:1429483121><>" became an admin (account "Lenusjka") (access "eqt") (address "91.190.52.3")
L 10/01/2011 - 20:48:57: [amxbans.amxx] [AMXBANS] AMXBans 5.0 is online
L 10/01/2011 - 20:53:50: [admin_amxbans.amxx] Login: "Kenny<1049><STEAM_0:0:963405193><>" became an admin (account "Kenny") (access "abcdefghijlmnopqstu") (address "109.161.89.207")
L 10/01/2011 - 20:54:32: [admincmd.amxx] Cmd: "Lenusjka<1015><STEAM_0:4:1429483121><>" slap with 0 damage "Orange<1045><STEAM_0:4:121287170><>"
L 10/01/2011 - 20:54:33: [admincmd.amxx] Cmd: "Lenusjka<1015><STEAM_0:4:1429483121><>" slap with 0 damage "Orange<1045><STEAM_0:4:121287170><>"
L 10/01/2011 - 20:54:33: [admincmd.amxx] Cmd: "Lenusjka<1015><STEAM_0:4:1429483121><>" slap with 0 damage "Orange<1045><STEAM_0:4:121287170><>"
L 10/01/2011 - 20:54:33: [admincmd.amxx] Cmd: "Lenusjka<1015><STEAM_0:4:1429483121><>" slap with 0 damage "Orange<1045><STEAM_0:4:121287170><>"
L 10/01/2011 - 20:54:33: [admincmd.amxx] Cmd: "Lenusjka<1015><STEAM_0:4:1429483121><>" slap with 0 damage "Orange<1045><STEAM_0:4:121287170><>"
L 10/01/2011 - 20:54:33: [admincmd.amxx] Cmd: "Lenusjka<1015><STEAM_0:4:1429483121><>" slap with 0 damage "Orange<1045><STEAM_0:4:121287170><>"
L 10/01/2011 - 20:54:34: [admincmd.amxx] Cmd: "Lenusjka<1015><STEAM_0:4:1429483121><>" slap with 0 damage "Orange<1045><STEAM_0:4:121287170><>"
L 10/01/2011 - 20:54:34: [admincmd.amxx] Cmd: "Lenusjka<1015><STEAM_0:4:1429483121><>" slap with 0 damage "Orange<1045><STEAM_0:4:121287170><>"
L 10/01/2011 - 20:54:34: [admincmd.amxx] Cmd: "Lenusjka<1015><STEAM_0:4:1429483121><>" slap with 0 damage "Orange<1045><STEAM_0:4:121287170><>"
L 10/01/2011 - 20:54:34: [admincmd.amxx] Cmd: "Lenusjka<1015><STEAM_0:4:1429483121><>" slap with 0 damage "Orange<1045><STEAM_0:4:121287170><>"
L 10/01/2011 - 20:54:35: [admincmd.amxx] Cmd: "Lenusjka<1015><STEAM_0:4:1429483121><>" slap with 0 damage "Orange<1045><STEAM_0:4:121287170><>"
L 10/01/2011 - 20:54:35: [admincmd.amxx] Cmd: "Lenusjka<1015><STEAM_0:4:1429483121><>" slap with 0 damage "Orange<1045><STEAM_0:4:121287170><>"
L 10/01/2011 - 20:54:35: [admincmd.amxx] Cmd: "Lenusjka<1015><STEAM_0:4:1429483121><>" slap with 0 damage "Orange<1045><STEAM_0:4:121287170><>"
L 10/01/2011 - 20:54:44: [admincmd.amxx] Cmd: "Lenusjka<1015><STEAM_0:4:1429483121><>" slap with 0 damage "Orange<1045><STEAM_0:4:121287170><>"
L 10/01/2011 - 20:54:45: [admincmd.amxx] Cmd: "Lenusjka<1015><STEAM_0:4:1429483121><>" slap with 0 damage "Orange<1045><STEAM_0:4:121287170><>"
L 10/01/2011 - 20:54:45: [admincmd.amxx] Cmd: "Lenusjka<1015><STEAM_0:4:1429483121><>" slap with 0 damage "Orange<1045><STEAM_0:4:121287170><>"
L 10/01/2011 - 20:54:45: [admincmd.amxx] Cmd: "Lenusjka<1015><STEAM_0:4:1429483121><>" slap with 0 damage "Orange<1045><STEAM_0:4:121287170><>"
L 10/01/2011 - 20:54:45: [admincmd.amxx] Cmd: "Lenusjka<1015><STEAM_0:4:1429483121><>" slap with 0 damage "Orange<1045><STEAM_0:4:121287170><>"
L 10/01/2011 - 20:54:46: [admincmd.amxx] Cmd: "Lenusjka<1015><STEAM_0:4:1429483121><>" slap with 0 damage "Orange<1045><STEAM_0:4:121287170><>"
L 10/01/2011 - 20:54:46: [admincmd.amxx] Cmd: "Lenusjka<1015><STEAM_0:4:1429483121><>" slap with 0 damage "Orange<1045><STEAM_0:4:121287170><>"
L 10/01/2011 - 20:54:46: [admincmd.amxx] Cmd: "Lenusjka<1015><STEAM_0:4:1429483121><>" slap with 0 damage "Orange<1045><STEAM_0:4:121287170><>"
L 10/01/2011 - 20:54:46: [admincmd.amxx] Cmd: "Lenusjka<1015><STEAM_0:4:1429483121><>" slap with 0 damage "Orange<1045><STEAM_0:4:121287170><>"
L 10/01/2011 - 20:54:46: [admincmd.amxx] Cmd: "Lenusjka<1015><STEAM_0:4:1429483121><>" slap with 0 damage "Orange<1045><STEAM_0:4:121287170><>"
L 10/01/2011 - 20:54:46: [admincmd.amxx] Cmd: "Lenusjka<1015><STEAM_0:4:1429483121><>" slap with 0 damage "Orange<1045><STEAM_0:4:121287170><>"
L 10/01/2011 - 20:54:47: [admincmd.amxx] Cmd: "Lenusjka<1015><STEAM_0:4:1429483121><>" slap with 0 damage "Orange<1045><STEAM_0:4:121287170><>"
L 10/01/2011 - 20:54:47: [admincmd.amxx] Cmd: "Lenusjka<1015><STEAM_0:4:1429483121><>" slap with 0 damage "Orange<1045><STEAM_0:4:121287170><>"
L 10/01/2011 - 20:54:47: [admincmd.amxx] Cmd: "Lenusjka<1015><STEAM_0:4:1429483121><>" slap with 0 damage "Orange<1045><STEAM_0:4:121287170><>"
L 10/01/2011 - 20:56:13: [admincmd.amxx] Cmd: "Kenny<1049><STEAM_0:0:963405193><>" ask for players list
L 10/01/2011 - 21:08:08: [admincmd.amxx] Cmd: "Kenny<1049><STEAM_0:0:963405193><>" ask for players list
L 10/01/2011 - 21:10:29: [plmenu.amxx] Cmd: "Kenny<1049><STEAM_0:0:963405193><>" transfer "Kenny<1049><STEAM_0:0:963405193><>" (team "TERRORIST")
L 10/01/2011 - 21:20:05: -------- Mapchange to zm_cpl_mill_kamp --------
L 10/01/2011 - 21:20:06: [amxbans.amxx] [AMXBANS] AMXBans 5.0 is online
L 10/01/2011 - 21:20:34: [admin_amxbans.amxx] Login: "Kenny<1079><STEAM_0:0:963405193><>" became an admin (account "Kenny") (access "abcdefghijlmnopqstu") (address "109.161.89.207")
L 10/01/2011 - 21:31:23: [admin_amxbans.amxx] Login: "ntu4ka<1087><STEAM_0:0:44643826><>" became an admin (account "172.23.65.13") (access "l") (address "172.23.65.13")
L 10/01/2011 - 21:37:23: [admin_amxbans.amxx] Login: "Alecquant<1093><STEAM_0:4:565250032><>" became an admin (account "Alecquant") (access "t") (address "89.237.62.234")
L 10/01/2011 - 21:42:18: -------- Mapchange to zm_caca --------
L 10/01/2011 - 21:42:19: [admincmd.amxx] Cmd: "<-1><STEAM_0:0:44643826><>" server console (cmdline "amx_map zm_zbek")
L 10/01/2011 - 21:42:19: [admincmd.amxx] Cmd: " Зомби сервер (x_x(O<0><><>" changelevel "zm_zbek"
L 10/01/2011 - 21:42:19: [admin_amxbans.amxx] Login: "ntu4ka<1087><STEAM_0:0:44643826><>" became an admin (account "172.23.65.13") (access "l") (address "172.23.65.13")
L 10/01/2011 - 21:42:19: [admin_amxbans.amxx] Login: "ntu4ka<1087><STEAM_0:0:44643826><>" became an admin (account "172.23.65.13") (access "l") (address "172.23.65.13")
L 10/01/2011 - 21:42:20: [amxbans.amxx] [AMXBANS] AMXBans 5.0 is online
L 10/01/2011 - 21:42:20: -------- Mapchange to zm_zbek --------
L 10/01/2011 - 21:42:21: [admin_amxbans.amxx] Login: "ntu4ka<1087><STEAM_0:0:44643826><>" became an admin (account "172.23.65.13") (access "l") (address "172.23.65.13")
L 10/01/2011 - 21:42:26: [amxbans.amxx] [AMXBANS] AMXBans 5.0 is online
L 10/01/2011 - 21:42:56: [admin_amxbans.amxx] Login: "McKoT<1114><STEAM_0:0:44643826><>" became an admin (account "172.23.65.13") (access "l") (address "172.23.65.13")
L 10/01/2011 - 21:43:19: [admin_amxbans.amxx] Login: "ntu4ka<1115><STEAM_0:0:44643826><>" became an admin (account "172.23.65.13") (access "l") (address "172.23.65.13")
L 10/01/2011 - 22:02:39: -------- Mapchange to 016 --------
L 10/01/2011 - 22:02:40: [admin_amxbans.amxx] Login: "ntu4ka<1115><STEAM_0:0:44643826><>" became an admin (account "172.23.65.13") (access "l") (address "172.23.65.13")
L 10/01/2011 - 22:02:41: [amxbans.amxx] [AMXBANS] AMXBans 5.0 is online
L 10/01/2011 - 22:24:31: [admin_amxbans.amxx] Login: "Alecquant<1162><STEAM_0:4:565250032><>" became an admin (account "Alecquant") (access "t") (address "89.237.62.234")
L 10/01/2011 - 22:34:41: -------- Mapchange to zm_dwarf --------
L 10/01/2011 - 22:34:42: [admin_amxbans.amxx] Login: "Alecquant<1162><STEAM_0:4:565250032><>" became an admin (account "Alecquant") (access "t") (address "89.237.62.234")
L 10/01/2011 - 22:34:43: [amxbans.amxx] [AMXBANS] AMXBans 5.0 is online
L 10/01/2011 - 22:57:29: -------- Mapchange to zm_decline2k --------
L 10/01/2011 - 22:57:30: [admin_amxbans.amxx] Login: "Alecquant<1162><STEAM_0:4:565250032><>" became an admin (account "Alecquant") (access "t") (address "89.237.62.234")
L 10/01/2011 - 22:57:31: [amxbans.amxx] [AMXBANS] AMXBans 5.0 is online
L 10/01/2011 - 23:17:51: -------- Mapchange to zm_fdust2x2 --------
L 10/01/2011 - 23:17:52: [admin_amxbans.amxx] Login: "Alecquant<1162><STEAM_0:4:565250032><>" became an admin (account "Alecquant") (access "t") (address "89.237.62.234")
L 10/01/2011 - 23:17:53: [amxbans.amxx] [AMXBANS] AMXBans 5.0 is online
L 10/01/2011 - 23:40:50: -------- Mapchange to zm_303 --------
L 10/01/2011 - 23:40:51: [admin_amxbans.amxx] Login: "Alecquant<1162><STEAM_0:4:565250032><>" became an admin (account "Alecquant") (access "t") (address "89.237.62.234")
L 10/01/2011 - 23:40:52: [amxbans.amxx] [AMXBANS] AMXBans 5.0 is online
L 10/01/2011 - 23:42:08: [admin_amxbans.amxx] Login: "Alecquant<1236><STEAM_0:4:565250032><>" became an admin (account "Alecquant") (access "t") (address "89.237.62.234")
