L 05/02/2011 - 00:07:04: [mapchooser_new.amxx] Vote: Voting for the nextmap started
L 05/02/2011 - 00:07:15: [mapchooser_new.amxx] Vote: Voting for the nextmap finished. The nextmap will be 016_rmk
L 05/02/2011 - 00:07:16: -------- Mapchange to 016_rmk --------
L 05/02/2011 - 00:07:17: [amxbans.amxx] [AMXBANS] AMXBans 5.0 подключен
L 05/02/2011 - 00:25:22: [mapchooser_new.amxx] Vote: Voting for the nextmap started
L 05/02/2011 - 00:25:32: [mapchooser_new.amxx] Vote: Voting for the nextmap finished. The nextmap will be de_dust
L 05/02/2011 - 00:25:33: -------- Mapchange to de_dust --------
L 05/02/2011 - 00:25:36: [amxbans.amxx] [AMXBANS] AMXBans 5.0 подключен
L 05/02/2011 - 00:43:55: [mapchooser_new.amxx] Vote: Voting for the nextmap started
L 05/02/2011 - 00:44:06: [mapchooser_new.amxx] Vote: Voting for the nextmap finished. The nextmap will be zm_neris
L 05/02/2011 - 00:44:07: -------- Mapchange to zm_neris --------
L 05/02/2011 - 00:44:09: [amxbans.amxx] [AMXBANS] AMXBans 5.0 подключен
L 05/02/2011 - 01:02:13: [mapchooser_new.amxx] Vote: Voting for the nextmap started
L 05/02/2011 - 01:02:24: [mapchooser_new.amxx] Vote: Voting for the nextmap finished. The nextmap will be zm_south_escape_b2
L 05/02/2011 - 01:02:25: -------- Mapchange to zm_south_escape_b2 --------
L 05/02/2011 - 01:02:36: -------- Mapchange to cs_mansion --------
L 05/02/2011 - 01:02:40: [amxbans.amxx] [AMXBANS] AMXBans 5.0 подключен
L 05/02/2011 - 01:25:59: [mapchooser_new.amxx] Vote: Voting for the nextmap started
L 05/02/2011 - 01:26:10: [mapchooser_new.amxx] Vote: Voting for the nextmap finished. The nextmap will be cs_mansion
L 05/02/2011 - 01:26:11: -------- Mapchange to cs_mansion --------
L 05/02/2011 - 01:26:12: [amxbans.amxx] [AMXBANS] AMXBans 5.0 подключен
L 05/02/2011 - 01:40:33: [admin_amxbans.amxx] Login: "Dumka<15><STEAM_0:0:1236438227><>" became an admin (account "172.23.65.13") (access "abcdefghijklmnopqrstu") (address "172.23.65.13")
L 05/02/2011 - 01:40:35: [admin_amxbans.amxx] Login: "Dumka<16><STEAM_0:0:1236438227><>" became an admin (account "172.23.65.13") (access "abcdefghijklmnopqrstu") (address "172.23.65.13")
L 05/02/2011 - 01:40:48: [mapsmenu.amxx] Cmd: "Dumka<16><STEAM_0:0:1236438227><>" changelevel "zm_poison2"
L 05/02/2011 - 01:40:50: -------- Mapchange to zm_poison2 --------
L 05/02/2011 - 01:40:51: [admin_amxbans.amxx] Login: "Dumka<16><STEAM_0:0:1236438227><>" became an admin (account "172.23.65.13") (access "abcdefghijklmnopqrstu") (address "172.23.65.13")
L 05/02/2011 - 01:40:52: [amxbans.amxx] [AMXBANS] AMXBans 5.0 подключен
L 05/02/2011 - 01:40:53: [admin_amxbans.amxx] Login: "Dumka<17><STEAM_0:0:1236438227><>" became an admin (account "172.23.65.13") (access "abcdefghijklmnopqrstu") (address "172.23.65.13")
L 05/02/2011 - 01:58:59: [mapchooser_new.amxx] Vote: Voting for the nextmap started
L 05/02/2011 - 01:59:10: [mapchooser_new.amxx] Vote: Voting for the nextmap finished. The nextmap will be zm_neris
L 05/02/2011 - 02:00:28: -------- Mapchange to zm_neris --------
L 05/02/2011 - 02:00:29: [admin_amxbans.amxx] Login: "Dumka<17><STEAM_0:0:1236438227><>" became an admin (account "172.23.65.13") (access "abcdefghijklmnopqrstu") (address "172.23.65.13")
L 05/02/2011 - 02:00:29: [amxbans.amxx] [AMXBANS] AMXBans 5.0 подключен
L 05/02/2011 - 02:12:25: [mapchooser_new.amxx] Vote: Voting for the nextmap started
L 05/02/2011 - 02:12:35: [mapchooser_new.amxx] Vote: Voting for the nextmap finished. The nextmap will be zm_south_escape_b2
L 05/02/2011 - 02:14:13: -------- Mapchange to zm_south_escape_b2 --------
L 05/02/2011 - 02:14:23: -------- Mapchange to cs_mansion --------
L 05/02/2011 - 02:14:26: [amxbans.amxx] [AMXBANS] AMXBans 5.0 подключен
L 05/02/2011 - 02:15:34: [admin_amxbans.amxx] Login: "Dumka<7><STEAM_0:0:1236438227><>" became an admin (account "172.23.65.13") (access "abcdefghijklmnopqrstu") (address "172.23.65.13")
L 05/02/2011 - 02:21:16: [admincmd.amxx] Cmd: "Dumka<7><STEAM_0:0:1236438227><>" ask for players list
L 05/02/2011 - 02:37:29: [mapchooser_new.amxx] Vote: Voting for the nextmap started
L 05/02/2011 - 02:37:40: [mapchooser_new.amxx] Vote: Voting for the nextmap finished. The nextmap will be zm_houses
L 05/02/2011 - 02:38:27: -------- Mapchange to zm_houses --------
L 05/02/2011 - 02:38:29: [amxbans.amxx] [AMXBANS] AMXBans 5.0 подключен
L 05/02/2011 - 02:48:33: [mapchooser_new.amxx] Vote: Voting for the nextmap started
L 05/02/2011 - 02:48:44: [mapchooser_new.amxx] Vote: Voting for the nextmap finished. The nextmap will be de_dust
L 05/02/2011 - 02:50:27: -------- Mapchange to de_dust --------
L 05/02/2011 - 02:50:30: [amxbans.amxx] [AMXBANS] AMXBans 5.0 подключен
L 05/02/2011 - 03:08:49: [mapchooser_new.amxx] Vote: Voting for the nextmap started
L 05/02/2011 - 03:09:00: [mapchooser_new.amxx] Vote: Voting for the nextmap finished. The nextmap will be zm_south_escape_b2
L 05/02/2011 - 03:15:33: -------- Mapchange to zm_south_escape_b2 --------
L 05/02/2011 - 03:15:44: -------- Mapchange to cs_mansion --------
L 05/02/2011 - 03:15:47: [amxbans.amxx] [AMXBANS] AMXBans 5.0 подключен
L 05/02/2011 - 03:39:37: [mapchooser_new.amxx] Vote: Voting for the nextmap started
L 05/02/2011 - 03:39:47: [mapchooser_new.amxx] Vote: Voting for the nextmap finished. The nextmap will be de_dust
L 05/02/2011 - 03:39:48: -------- Mapchange to de_dust --------
L 05/02/2011 - 03:39:51: [amxbans.amxx] [AMXBANS] AMXBans 5.0 подключен
L 05/02/2011 - 03:43:40: [admin_amxbans.amxx] Login: "Dumka<9><STEAM_0:0:1236438227><>" became an admin (account "172.23.65.13") (access "abcdefghijklmnopqrstu") (address "172.23.65.13")
L 05/02/2011 - 03:48:38: [admin_amxbans.amxx] Login: "Dumka<17><STEAM_0:0:1236438227><>" became an admin (account "172.23.65.13") (access "abcdefghijklmnopqrstu") (address "172.23.65.13")
L 05/02/2011 - 03:52:07: [mapchooser_new.amxx] Vote: Voting for the nextmap started
L 05/02/2011 - 03:52:18: [mapchooser_new.amxx] Vote: Voting for the nextmap finished. The nextmap will be zm_south_escape_b2
L 05/02/2011 - 03:54:16: -------- Mapchange to zm_south_escape_b2 --------
L 05/02/2011 - 03:54:27: -------- Mapchange to cs_mansion --------
L 05/02/2011 - 03:54:30: [admin_amxbans.amxx] Login: "Dumka<1><STEAM_0:0:1236438227><>" became an admin (account "172.23.65.13") (access "abcdefghijklmnopqrstu") (address "172.23.65.13")
L 05/02/2011 - 03:54:31: [amxbans.amxx] [AMXBANS] AMXBans 5.0 подключен
L 05/02/2011 - 03:54:32: [admin_amxbans.amxx] Login: "Dumka<2><STEAM_0:0:1236438227><>" became an admin (account "172.23.65.13") (access "abcdefghijklmnopqrstu") (address "172.23.65.13")
L 05/02/2011 - 03:54:44: [mapsmenu.amxx] Cmd: "Dumka<2><STEAM_0:0:1236438227><>" changelevel "zm_snow_camps"
L 05/02/2011 - 03:54:46: -------- Mapchange to zm_snow_camps --------
L 05/02/2011 - 03:54:47: [admin_amxbans.amxx] Login: "Dumka<2><STEAM_0:0:1236438227><>" became an admin (account "172.23.65.13") (access "abcdefghijklmnopqrstu") (address "172.23.65.13")
L 05/02/2011 - 03:54:48: [amxbans.amxx] [AMXBANS] AMXBans 5.0 подключен
L 05/02/2011 - 03:54:48: [admin_amxbans.amxx] Login: "Dumka<8><STEAM_0:0:1236438227><>" became an admin (account "172.23.65.13") (access "abcdefghijklmnopqrstu") (address "172.23.65.13")
L 05/02/2011 - 04:13:07: [mapchooser_new.amxx] Vote: Voting for the nextmap started
L 05/02/2011 - 04:13:17: [mapchooser_new.amxx] Vote: Voting for the nextmap finished. The nextmap will be 016_rmk
L 05/02/2011 - 04:16:37: -------- Mapchange to 016_rmk --------
L 05/02/2011 - 04:16:39: [amxbans.amxx] [AMXBANS] AMXBans 5.0 подключен
L 05/02/2011 - 04:22:10: [admin_amxbans.amxx] Login: "Dumka<11><STEAM_0:0:1236438227><>" became an admin (account "172.23.65.13") (access "abcdefghijklmnopqrstu") (address "172.23.65.13")
L 05/02/2011 - 04:22:31: [mapsmenu.amxx] Cmd: "Dumka<11><STEAM_0:0:1236438227><>" changelevel "zm_army"
L 05/02/2011 - 04:22:44: -------- Mapchange to cs_mansion --------
L 05/02/2011 - 04:22:47: [amxbans.amxx] [AMXBANS] AMXBans 5.0 подключен
L 05/02/2011 - 04:50:08: [admin_amxbans.amxx] Login: "Dumka<7><STEAM_0:0:1236438227><>" became an admin (account "172.23.65.13") (access "abcdefghijklmnopqrstu") (address "172.23.65.13")
L 05/02/2011 - 04:50:10: [admin_amxbans.amxx] Login: "Dumka<8><STEAM_0:0:1236438227><>" became an admin (account "172.23.65.13") (access "abcdefghijklmnopqrstu") (address "172.23.65.13")
L 05/02/2011 - 04:50:25: [mapsmenu.amxx] Cmd: "Dumka<8><STEAM_0:0:1236438227><>" changelevel "zm_army"
L 05/02/2011 - 04:50:28: -------- Mapchange to zm_army --------
L 05/02/2011 - 04:50:28: [admin_amxbans.amxx] Login: "Dumka<8><STEAM_0:0:1236438227><>" became an admin (account "172.23.65.13") (access "abcdefghijklmnopqrstu") (address "172.23.65.13")
L 05/02/2011 - 04:50:29: [amxbans.amxx] [AMXBANS] AMXBans 5.0 подключен
L 05/02/2011 - 04:50:30: [admin_amxbans.amxx] Login: "Dumka<9><STEAM_0:0:1236438227><>" became an admin (account "172.23.65.13") (access "abcdefghijklmnopqrstu") (address "172.23.65.13")
L 05/02/2011 - 05:08:33: [mapchooser_new.amxx] Vote: Voting for the nextmap started
L 05/02/2011 - 05:08:44: [mapchooser_new.amxx] Vote: Voting for the nextmap finished. The nextmap will be 016_rmk
L 05/02/2011 - 05:08:45: -------- Mapchange to 016_rmk --------
L 05/02/2011 - 05:08:47: [amxbans.amxx] [AMXBANS] AMXBans 5.0 подключен
L 05/02/2011 - 05:26:51: [mapchooser_new.amxx] Vote: Voting for the nextmap started
L 05/02/2011 - 05:27:01: [mapchooser_new.amxx] Vote: Voting for the nextmap finished. The nextmap will be de_dust
L 05/02/2011 - 05:27:03: -------- Mapchange to de_dust --------
L 05/02/2011 - 05:27:05: [amxbans.amxx] [AMXBANS] AMXBans 5.0 подключен
L 05/02/2011 - 05:45:25: [mapchooser_new.amxx] Vote: Voting for the nextmap started
L 05/02/2011 - 05:45:35: [mapchooser_new.amxx] Vote: Voting for the nextmap finished. The nextmap will be zm_neris
L 05/02/2011 - 05:45:36: -------- Mapchange to zm_neris --------
L 05/02/2011 - 05:45:38: [amxbans.amxx] [AMXBANS] AMXBans 5.0 подключен
L 05/02/2011 - 06:03:42: [mapchooser_new.amxx] Vote: Voting for the nextmap started
L 05/02/2011 - 06:03:53: [mapchooser_new.amxx] Vote: Voting for the nextmap finished. The nextmap will be zm_die_hard_tn
L 05/02/2011 - 06:03:54: -------- Mapchange to zm_die_hard_tn --------
L 05/02/2011 - 06:03:56: [amxbans.amxx] [AMXBANS] AMXBans 5.0 подключен
L 05/02/2011 - 06:22:00: [mapchooser_new.amxx] Vote: Voting for the nextmap started
L 05/02/2011 - 06:22:10: [mapchooser_new.amxx] Vote: Voting for the nextmap finished. The nextmap will be zm_army
L 05/02/2011 - 06:22:11: -------- Mapchange to zm_army --------
L 05/02/2011 - 06:22:13: [amxbans.amxx] [AMXBANS] AMXBans 5.0 подключен
L 05/02/2011 - 06:40:17: [mapchooser_new.amxx] Vote: Voting for the nextmap started
L 05/02/2011 - 06:40:28: [mapchooser_new.amxx] Vote: Voting for the nextmap finished. The nextmap will be zm_houses
L 05/02/2011 - 06:40:29: -------- Mapchange to zm_houses --------
L 05/02/2011 - 06:40:31: [amxbans.amxx] [AMXBANS] AMXBans 5.0 подключен
L 05/02/2011 - 06:58:35: [mapchooser_new.amxx] Vote: Voting for the nextmap started
L 05/02/2011 - 06:58:46: [mapchooser_new.amxx] Vote: Voting for the nextmap finished. The nextmap will be zm_poison2
L 05/02/2011 - 06:58:47: -------- Mapchange to zm_poison2 --------
L 05/02/2011 - 06:58:48: [amxbans.amxx] [AMXBANS] AMXBans 5.0 подключен
L 05/02/2011 - 07:16:53: [mapchooser_new.amxx] Vote: Voting for the nextmap started
L 05/02/2011 - 07:17:03: [mapchooser_new.amxx] Vote: Voting for the nextmap finished. The nextmap will be zm_snow_camps
L 05/02/2011 - 07:17:04: -------- Mapchange to zm_snow_camps --------
L 05/02/2011 - 07:17:06: [amxbans.amxx] [AMXBANS] AMXBans 5.0 подключен
L 05/02/2011 - 07:35:10: [mapchooser_new.amxx] Vote: Voting for the nextmap started
L 05/02/2011 - 07:35:21: [mapchooser_new.amxx] Vote: Voting for the nextmap finished. The nextmap will be cs_mansion
L 05/02/2011 - 07:35:22: -------- Mapchange to cs_mansion --------
L 05/02/2011 - 07:35:24: [amxbans.amxx] [AMXBANS] AMXBans 5.0 подключен
L 05/02/2011 - 07:53:43: [mapchooser_new.amxx] Vote: Voting for the nextmap started
L 05/02/2011 - 07:53:53: [mapchooser_new.amxx] Vote: Voting for the nextmap finished. The nextmap will be 016_rmk
L 05/02/2011 - 07:53:55: -------- Mapchange to 016_rmk --------
L 05/02/2011 - 07:53:56: [amxbans.amxx] [AMXBANS] AMXBans 5.0 подключен
L 05/02/2011 - 08:12:00: [mapchooser_new.amxx] Vote: Voting for the nextmap started
L 05/02/2011 - 08:12:11: [mapchooser_new.amxx] Vote: Voting for the nextmap finished. The nextmap will be de_dust
L 05/02/2011 - 08:12:12: -------- Mapchange to de_dust --------
L 05/02/2011 - 08:12:15: [amxbans.amxx] [AMXBANS] AMXBans 5.0 подключен
L 05/02/2011 - 08:45:49: [mapchooser_new.amxx] Vote: Voting for the nextmap started
L 05/02/2011 - 08:46:00: [mapchooser_new.amxx] Vote: Voting for the nextmap finished. The nextmap will be zm_neris
L 05/02/2011 - 08:46:01: -------- Mapchange to zm_neris --------
L 05/02/2011 - 08:46:03: [amxbans.amxx] [AMXBANS] AMXBans 5.0 подключен
L 05/02/2011 - 09:04:07: [mapchooser_new.amxx] Vote: Voting for the nextmap started
L 05/02/2011 - 09:04:17: [mapchooser_new.amxx] Vote: Voting for the nextmap finished. The nextmap will be zm_die_hard_tn
L 05/02/2011 - 09:04:18: -------- Mapchange to zm_die_hard_tn --------
L 05/02/2011 - 09:04:20: [amxbans.amxx] [AMXBANS] AMXBans 5.0 подключен
L 05/02/2011 - 09:22:24: [mapchooser_new.amxx] Vote: Voting for the nextmap started
L 05/02/2011 - 09:22:35: [mapchooser_new.amxx] Vote: Voting for the nextmap finished. The nextmap will be zm_army
L 05/02/2011 - 09:22:36: -------- Mapchange to zm_army --------
L 05/02/2011 - 09:22:38: [amxbans.amxx] [AMXBANS] AMXBans 5.0 подключен
L 05/02/2011 - 09:40:42: [mapchooser_new.amxx] Vote: Voting for the nextmap started
L 05/02/2011 - 09:40:53: [mapchooser_new.amxx] Vote: Voting for the nextmap finished. The nextmap will be zm_houses
L 05/02/2011 - 09:40:54: -------- Mapchange to zm_houses --------
L 05/02/2011 - 09:40:56: [amxbans.amxx] [AMXBANS] AMXBans 5.0 подключен
L 05/02/2011 - 09:59:00: [mapchooser_new.amxx] Vote: Voting for the nextmap started
L 05/02/2011 - 09:59:10: [mapchooser_new.amxx] Vote: Voting for the nextmap finished. The nextmap will be zm_poison2
L 05/02/2011 - 09:59:12: -------- Mapchange to zm_poison2 --------
L 05/02/2011 - 09:59:14: [amxbans.amxx] [AMXBANS] AMXBans 5.0 подключен
L 05/02/2011 - 10:16:21: [mapchooser_new.amxx] Vote: Voting for the nextmap started
L 05/02/2011 - 10:16:32: [mapchooser_new.amxx] Vote: Voting for the nextmap finished. The nextmap will be cs_mansion
L 05/02/2011 - 10:17:37: -------- Mapchange to cs_mansion --------
L 05/02/2011 - 10:17:39: [amxbans.amxx] [AMXBANS] AMXBans 5.0 подключен
L 05/02/2011 - 10:36:29: [mapchooser_new.amxx] Vote: Voting for the nextmap started
L 05/02/2011 - 10:36:39: [mapchooser_new.amxx] Vote: Voting for the nextmap finished. The nextmap will be zm_snow_camps
L 05/02/2011 - 10:39:12: -------- Mapchange to zm_snow_camps --------
L 05/02/2011 - 10:39:14: [amxbans.amxx] [AMXBANS] AMXBans 5.0 подключен
L 05/02/2011 - 10:57:33: [mapchooser_new.amxx] Vote: Voting for the nextmap started
L 05/02/2011 - 10:57:44: [mapchooser_new.amxx] Vote: Voting for the nextmap finished. The nextmap will be 016_rmk
L 05/02/2011 - 11:01:02: -------- Mapchange to 016_rmk --------
L 05/02/2011 - 11:01:03: [amxbans.amxx] [AMXBANS] AMXBans 5.0 подключен
L 05/02/2011 - 11:19:23: [mapchooser_new.amxx] Vote: Voting for the nextmap started
L 05/02/2011 - 11:19:33: [mapchooser_new.amxx] Vote: Voting for the nextmap finished. The nextmap will be cs_mansion
L 05/02/2011 - 11:23:44: -------- Mapchange to cs_mansion --------
L 05/02/2011 - 11:23:46: [amxbans.amxx] [AMXBANS] AMXBans 5.0 подключен
L 05/02/2011 - 11:42:05: [mapchooser_new.amxx] Vote: Voting for the nextmap started
L 05/02/2011 - 11:42:16: [mapchooser_new.amxx] Vote: Voting for the nextmap finished. The nextmap will be de_dust
L 05/02/2011 - 11:44:36: -------- Mapchange to de_dust --------
L 05/02/2011 - 11:44:40: [amxbans.amxx] [AMXBANS] AMXBans 5.0 подключен
L 05/02/2011 - 11:54:05: [mapchooser_new.amxx] Vote: Voting for the nextmap started
L 05/02/2011 - 11:54:15: [mapchooser_new.amxx] Vote: Voting for the nextmap finished. The nextmap will be zm_poison2
L 05/02/2011 - 11:54:59: -------- Mapchange to zm_poison2 --------
L 05/02/2011 - 11:55:01: [amxbans.amxx] [AMXBANS] AMXBans 5.0 подключен
L 05/02/2011 - 12:03:39: [mapchooser_new.amxx] Vote: Voting for the nextmap started
L 05/02/2011 - 12:03:50: [mapchooser_new.amxx] Vote: Voting for the nextmap finished. The nextmap will be zm_army
L 05/02/2011 - 12:05:12: -------- Mapchange to zm_army --------
L 05/02/2011 - 12:05:15: [amxbans.amxx] [AMXBANS] AMXBans 5.0 подключен
L 05/02/2011 - 12:23:34: [mapchooser_new.amxx] Vote: Voting for the nextmap started
L 05/02/2011 - 12:23:45: [mapchooser_new.amxx] Vote: Voting for the nextmap finished. Map zm_army will be extended to next 14. minutes
L 05/02/2011 - 12:38:34: [mapchooser_new.amxx] Vote: Voting for the nextmap started
L 05/02/2011 - 12:38:45: [mapchooser_new.amxx] Vote: Voting for the nextmap finished. The nextmap will be zm_neris
L 05/02/2011 - 12:43:45: -------- Mapchange to zm_neris --------
L 05/02/2011 - 12:43:47: [amxbans.amxx] [AMXBANS] AMXBans 5.0 подключен
L 05/02/2011 - 13:02:06: [mapchooser_new.amxx] Vote: Voting for the nextmap started
L 05/02/2011 - 13:02:17: [mapchooser_new.amxx] Vote: Voting for the nextmap finished. The nextmap will be de_dust
L 05/02/2011 - 13:06:06: -------- Mapchange to de_dust --------
L 05/02/2011 - 13:06:10: [amxbans.amxx] [AMXBANS] AMXBans 5.0 подключен
L 05/02/2011 - 13:21:23: [mapchooser_new.amxx] Vote: Voting for the nextmap started
L 05/02/2011 - 13:21:34: [mapchooser_new.amxx] Vote: Voting for the nextmap finished. The nextmap will be zm_snow_camps
L 05/02/2011 - 13:21:56: -------- Mapchange to zm_snow_camps --------
L 05/02/2011 - 13:21:58: [amxbans.amxx] [AMXBANS] AMXBans 5.0 подключен
L 05/02/2011 - 13:40:17: [mapchooser_new.amxx] Vote: Voting for the nextmap started
L 05/02/2011 - 13:40:28: [mapchooser_new.amxx] Vote: Voting for the nextmap finished. The nextmap will be cs_mansion
L 05/02/2011 - 13:42:49: -------- Mapchange to cs_mansion --------
L 05/02/2011 - 13:42:51: [amxbans.amxx] [AMXBANS] AMXBans 5.0 подключен
L 05/02/2011 - 13:54:00: [mapchooser_new.amxx] Vote: Voting for the nextmap started
L 05/02/2011 - 13:54:11: [mapchooser_new.amxx] Vote: Voting for the nextmap finished. The nextmap will be 016_rmk
L 05/02/2011 - 13:55:06: -------- Mapchange to 016_rmk --------
L 05/02/2011 - 13:55:08: [amxbans.amxx] [AMXBANS] AMXBans 5.0 подключен
L 05/02/2011 - 14:13:57: [mapchooser_new.amxx] Vote: Voting for the nextmap started
L 05/02/2011 - 14:14:08: [mapchooser_new.amxx] Vote: Voting for the nextmap finished. The nextmap will be zm_houses
L 05/02/2011 - 14:19:29: -------- Mapchange to zm_houses --------
L 05/02/2011 - 14:19:31: [amxbans.amxx] [AMXBANS] AMXBans 5.0 подключен
L 05/02/2011 - 14:47:42: [admin_amxbans.amxx] Login: "yo!<271><STEAM_0:0:1236438227><>" became an admin (account "172.23.65.13") (access "abcdefghijklmnopqrstu") (address "172.23.65.13")
L 05/02/2011 - 14:51:49: [mapchooser_new.amxx] Vote: Voting for the nextmap started
L 05/02/2011 - 14:52:00: [mapchooser_new.amxx] Vote: Voting for the nextmap finished. The nextmap will be zm_neris
L 05/02/2011 - 14:52:51: -------- Mapchange to zm_neris --------
L 05/02/2011 - 14:52:52: [admin_amxbans.amxx] Login: "yo!<271><STEAM_0:0:1236438227><>" became an admin (account "172.23.65.13") (access "abcdefghijklmnopqrstu") (address "172.23.65.13")
L 05/02/2011 - 14:52:53: [amxbans.amxx] [AMXBANS] AMXBans 5.0 подключен
L 05/02/2011 - 15:11:12: [mapchooser_new.amxx] Vote: Voting for the nextmap started
L 05/02/2011 - 15:11:23: [mapchooser_new.amxx] Vote: Voting for the nextmap finished. The nextmap will be cs_mansion
L 05/02/2011 - 15:15:01: -------- Mapchange to cs_mansion --------
L 05/02/2011 - 15:15:03: [amxbans.amxx] [AMXBANS] AMXBans 5.0 подключен
L 05/02/2011 - 15:33:22: [mapchooser_new.amxx] Vote: Voting for the nextmap started
L 05/02/2011 - 15:33:33: [mapchooser_new.amxx] Vote: Voting for the nextmap finished. The nextmap will be zm_houses
L 05/02/2011 - 15:38:45: -------- Mapchange to zm_houses --------
L 05/02/2011 - 15:38:47: [amxbans.amxx] [AMXBANS] AMXBans 5.0 подключен
L 05/02/2011 - 15:57:15: [admin_amxbans.amxx] Login: "Dumka<332><STEAM_0:0:263411619><>" became an admin (account "172.23.65.13") (access "abcdefghijklmnopqrstu") (address "172.23.65.13")
L 05/02/2011 - 15:57:18: [admin_amxbans.amxx] Login: "Dumka<333><STEAM_0:0:263411619><>" became an admin (account "172.23.65.13") (access "abcdefghijklmnopqrstu") (address "172.23.65.13")
L 05/02/2011 - 16:03:51: [mapchooser_new.amxx] Vote: Voting for the nextmap started
L 05/02/2011 - 16:04:02: [mapchooser_new.amxx] Vote: Voting for the nextmap finished. The nextmap will be zm_die_hard_tn
L 05/02/2011 - 16:09:23: -------- Mapchange to zm_die_hard_tn --------
L 05/02/2011 - 16:09:25: [amxbans.amxx] [AMXBANS] AMXBans 5.0 подключен
L 05/02/2011 - 16:17:23: [mapchooser_new.amxx] Vote: Voting for the nextmap started
L 05/02/2011 - 16:17:33: [mapchooser_new.amxx] Vote: Voting for the nextmap finished. The nextmap will be de_dust
L 05/02/2011 - 16:18:04: -------- Mapchange to de_dust --------
L 05/02/2011 - 16:18:08: [amxbans.amxx] [AMXBANS] AMXBans 5.0 подключен
L 05/02/2011 - 16:35:21: [admin_amxbans.amxx] Login: "Dumka<363><STEAM_0:0:263411619><>" became an admin (account "172.23.65.13") (access "abcdefghijklmnopqrstu") (address "172.23.65.13")
L 05/02/2011 - 16:36:16: [admin_amxbans.amxx] Login: "Dumka<363><STEAM_0:0:263411619><>" became an admin (account "172.23.65.13") (access "abcdefghijklmnopqrstu") (address "172.23.65.13")
L 05/02/2011 - 16:36:27: [mapchooser_new.amxx] Vote: Voting for the nextmap started
L 05/02/2011 - 16:36:38: [mapchooser_new.amxx] Vote: Voting for the nextmap finished. The nextmap will be zm_neris
L 05/02/2011 - 16:39:17: -------- Mapchange to zm_neris --------
L 05/02/2011 - 16:39:19: [amxbans.amxx] [AMXBANS] AMXBans 5.0 подключен
L 05/02/2011 - 16:49:37: [admin_amxbans.amxx] Login: "Dumka<378><STEAM_0:0:263411619><>" became an admin (account "172.23.65.13") (access "abcdefghijklmnopqrstu") (address "172.23.65.13")
L 05/02/2011 - 16:57:54: [mapchooser_new.amxx] Vote: Voting for the nextmap started
L 05/02/2011 - 16:58:04: [mapchooser_new.amxx] Vote: Voting for the nextmap finished. The nextmap will be zm_poison2
L 05/02/2011 - 17:01:54: -------- Mapchange to zm_poison2 --------
L 05/02/2011 - 17:01:56: [amxbans.amxx] [AMXBANS] AMXBans 5.0 подключен
L 05/02/2011 - 17:20:16: [mapchooser_new.amxx] Vote: Voting for the nextmap started
L 05/02/2011 - 17:20:26: [mapchooser_new.amxx] Vote: Voting for the nextmap finished. The nextmap will be zm_army
L 05/02/2011 - 17:22:32: -------- Mapchange to zm_army --------
L 05/02/2011 - 17:22:34: [amxbans.amxx] [AMXBANS] AMXBans 5.0 подключен
L 05/02/2011 - 17:31:31: [mapchooser_new.amxx] Vote: Voting for the nextmap started
L 05/02/2011 - 17:31:41: [mapchooser_new.amxx] Vote: Voting for the nextmap finished. The nextmap will be zm_neris
L 05/02/2011 - 17:32:33: -------- Mapchange to zm_neris --------
L 05/02/2011 - 17:32:35: [amxbans.amxx] [AMXBANS] AMXBans 5.0 подключен
L 05/02/2011 - 17:50:54: [mapchooser_new.amxx] Vote: Voting for the nextmap started
L 05/02/2011 - 17:51:05: [mapchooser_new.amxx] Vote: Voting for the nextmap finished. The nextmap will be zm_die_hard_tn
L 05/02/2011 - 17:55:55: -------- Mapchange to zm_die_hard_tn --------
L 05/02/2011 - 17:55:57: [amxbans.amxx] [AMXBANS] AMXBans 5.0 подключен
L 05/02/2011 - 18:14:16: [mapchooser_new.amxx] Vote: Voting for the nextmap started
L 05/02/2011 - 18:14:27: [mapchooser_new.amxx] Vote: Voting for the nextmap finished. The nextmap will be zm_army
L 05/02/2011 - 18:20:28: -------- Mapchange to zm_army --------
L 05/02/2011 - 18:20:30: [amxbans.amxx] [AMXBANS] AMXBans 5.0 подключен
L 05/02/2011 - 18:30:26: [admin_amxbans.amxx] Login: "Dumka<490><STEAM_0:0:263411619><>" became an admin (account "172.23.65.13") (access "abcdefghijklmnopqrstu") (address "172.23.65.13")
L 05/02/2011 - 18:38:49: [mapchooser_new.amxx] Vote: Voting for the nextmap started
L 05/02/2011 - 18:39:00: [mapchooser_new.amxx] Vote: Voting for the nextmap finished. The nextmap will be zm_houses
L 05/02/2011 - 18:42:24: -------- Mapchange to zm_houses --------
L 05/02/2011 - 18:42:26: [amxbans.amxx] [AMXBANS] AMXBans 5.0 подключен
L 05/02/2011 - 18:49:54: [mapchooser_new.amxx] Vote: Voting for the nextmap started
L 05/02/2011 - 18:50:04: [mapchooser_new.amxx] Vote: Voting for the nextmap finished. The nextmap will be zm_die_hard_tn
L 05/02/2011 - 18:50:38: -------- Mapchange to zm_die_hard_tn --------
L 05/02/2011 - 18:50:40: [amxbans.amxx] [AMXBANS] AMXBans 5.0 подключен
L 05/02/2011 - 19:08:59: [mapchooser_new.amxx] Vote: Voting for the nextmap started
L 05/02/2011 - 19:09:10: [mapchooser_new.amxx] Vote: Voting for the nextmap finished. The nextmap will be de_dust
L 05/02/2011 - 19:11:27: -------- Mapchange to de_dust --------
L 05/02/2011 - 19:11:31: [amxbans.amxx] [AMXBANS] AMXBans 5.0 подключен
L 05/02/2011 - 19:51:35: [mapchooser_new.amxx] Vote: Voting for the nextmap started
L 05/02/2011 - 19:51:46: [mapchooser_new.amxx] Vote: Voting for the nextmap finished. The nextmap will be zm_houses
L 05/02/2011 - 19:56:04: -------- Mapchange to zm_houses --------
L 05/02/2011 - 19:56:06: [amxbans.amxx] [AMXBANS] AMXBans 5.0 подключен
L 05/02/2011 - 20:14:25: [mapchooser_new.amxx] Vote: Voting for the nextmap started
L 05/02/2011 - 20:14:36: [mapchooser_new.amxx] Vote: Voting for the nextmap finished. The nextmap will be cs_mansion
L 05/02/2011 - 20:18:38: -------- Mapchange to cs_mansion --------
L 05/02/2011 - 20:18:40: [amxbans.amxx] [AMXBANS] AMXBans 5.0 подключен
L 05/02/2011 - 20:36:59: [mapchooser_new.amxx] Vote: Voting for the nextmap started
L 05/02/2011 - 20:37:10: [mapchooser_new.amxx] Vote: Voting for the nextmap finished. The nextmap will be 016_rmk
L 05/02/2011 - 20:40:34: -------- Mapchange to 016_rmk --------
L 05/02/2011 - 20:40:37: [amxbans.amxx] [AMXBANS] AMXBans 5.0 подключен
L 05/02/2011 - 20:58:56: [mapchooser_new.amxx] Vote: Voting for the nextmap started
L 05/02/2011 - 20:59:07: [mapchooser_new.amxx] Vote: Voting for the nextmap finished. The nextmap will be de_dust
L 05/02/2011 - 21:05:00: -------- Mapchange to de_dust --------
L 05/02/2011 - 21:05:04: [amxbans.amxx] [AMXBANS] AMXBans 5.0 подключен
L 05/02/2011 - 21:23:24: [mapchooser_new.amxx] Vote: Voting for the nextmap started
L 05/02/2011 - 21:23:34: [mapchooser_new.amxx] Vote: Voting for the nextmap finished. The nextmap will be zm_army
L 05/02/2011 - 21:25:25: -------- Mapchange to zm_army --------
L 05/02/2011 - 21:25:27: [amxbans.amxx] [AMXBANS] AMXBans 5.0 подключен
L 05/02/2011 - 21:44:01: [mapchooser_new.amxx] Vote: Voting for the nextmap started
L 05/02/2011 - 21:44:12: [mapchooser_new.amxx] Vote: Voting for the nextmap finished. The nextmap will be zm_die_hard_tn
L 05/02/2011 - 21:48:53: -------- Mapchange to zm_die_hard_tn --------
L 05/02/2011 - 21:48:55: [amxbans.amxx] [AMXBANS] AMXBans 5.0 подключен
L 05/02/2011 - 21:56:40: [mapchooser_new.amxx] Vote: Voting for the nextmap started
L 05/02/2011 - 21:56:51: [mapchooser_new.amxx] Vote: Voting for the nextmap finished. The nextmap will be 016_rmk
L 05/02/2011 - 21:58:36: -------- Mapchange to 016_rmk --------
L 05/02/2011 - 21:58:39: [amxbans.amxx] [AMXBANS] AMXBans 5.0 подключен
L 05/02/2011 - 22:16:58: [mapchooser_new.amxx] Vote: Voting for the nextmap started
L 05/02/2011 - 22:17:08: [mapchooser_new.amxx] Vote: Voting for the nextmap finished. The nextmap will be zm_poison2
L 05/02/2011 - 22:21:27: -------- Mapchange to zm_poison2 --------
L 05/02/2011 - 22:21:29: [amxbans.amxx] [AMXBANS] AMXBans 5.0 подключен
L 05/02/2011 - 22:29:05: [mapchooser_new.amxx] Vote: Voting for the nextmap started
L 05/02/2011 - 22:29:15: [mapchooser_new.amxx] Vote: Voting for the nextmap finished. The nextmap will be cs_mansion
L 05/02/2011 - 22:31:16: -------- Mapchange to cs_mansion --------
L 05/02/2011 - 22:31:18: [amxbans.amxx] [AMXBANS] AMXBans 5.0 подключен
L 05/02/2011 - 22:49:52: [mapchooser_new.amxx] Vote: Voting for the nextmap started
L 05/02/2011 - 22:50:02: [mapchooser_new.amxx] Vote: Voting for the nextmap finished. The nextmap will be de_dust
L 05/02/2011 - 22:52:19: -------- Mapchange to de_dust --------
L 05/02/2011 - 22:52:22: [amxbans.amxx] [AMXBANS] AMXBans 5.0 подключен
L 05/02/2011 - 23:10:57: [mapchooser_new.amxx] Vote: Voting for the nextmap started
L 05/02/2011 - 23:11:07: [mapchooser_new.amxx] Vote: Voting for the nextmap finished. The nextmap will be zm_neris
L 05/02/2011 - 23:11:08: -------- Mapchange to zm_neris --------
L 05/02/2011 - 23:11:10: [amxbans.amxx] [AMXBANS] AMXBans 5.0 подключен
L 05/02/2011 - 23:29:15: [mapchooser_new.amxx] Vote: Voting for the nextmap started
L 05/02/2011 - 23:29:25: [mapchooser_new.amxx] Vote: Voting for the nextmap finished. The nextmap will be 016_rmk
L 05/02/2011 - 23:29:26: -------- Mapchange to 016_rmk --------
L 05/02/2011 - 23:29:28: [amxbans.amxx] [AMXBANS] AMXBans 5.0 подключен
L 05/02/2011 - 23:59:00: [mapchooser_new.amxx] Vote: Voting for the nextmap started
L 05/02/2011 - 23:59:11: [mapchooser_new.amxx] Vote: Voting for the nextmap finished. The nextmap will be cs_mansion
L 05/02/2011 - 23:59:45: -------- Mapchange to cs_mansion --------
L 05/02/2011 - 23:59:47: [amxbans.amxx] [AMXBANS] AMXBans 5.0 подключен
