L 10/29/2011 - 00:08:43: -------- Mapchange to zm_666_brick --------
L 10/29/2011 - 00:08:44: [admin_amxbans.amxx] Login: "koplo<1102><STEAM_0:0:889229784><>" became an admin (account "91.192.190.142") (access "abcdefghijklmnopqstu") (address "91.192.190.142")
L 10/29/2011 - 00:08:44: [admin_amxbans.amxx] Login: "|228| 6yJIb6aIII<1098><STEAM_0:0:1292803525><>" became an admin (account "|228| 6yJIb6aIII") (access "t") (address "178.123.112.110")
L 10/29/2011 - 00:08:44: [amxbans.amxx] [AMXBANS] AMXBans 5.0 is online
L 10/29/2011 - 00:08:48: [amxbans.amxx] [Amxbans] Query failed!
L 10/29/2011 - 00:08:48: [amxbans.amxx] [Amxbans] Threaded query error, location: 18
L 10/29/2011 - 00:08:48: [amxbans.amxx] [Amxbans] Message: You have an error in your SQL syntax; check the manual that corresponds to your MySQL server version for the right syntax to use near ''amxb' at line 1 (1064)
L 10/29/2011 - 00:08:48: [amxbans.amxx] [Amxbans] Query statement: 
L 10/29/2011 - 00:16:16: [voteban.amxx] Voteban starter |228| 6yJIb6aIII against anton STEAM_0:4:466396914
L 10/29/2011 - 00:16:32: [voteban.amxx] [AMXX] BANNED: anton, STARTER: |228| 6yJIb6aIII
L 10/29/2011 - 00:16:33: [amxbans.amxx]  Зомби сервер (x_x(O_o)x_x) Go Zombie !!!<0><><> banned anton<STEAM_0:4:466396914> for 15 minutes (15 minutes). Reason: VIP->|228| 6yJIb6aIII.
L 10/29/2011 - 00:38:49: -------- Mapchange to zm_dwarf --------
L 10/29/2011 - 00:38:50: [admin_amxbans.amxx] Login: "koplo<1102><STEAM_0:0:889229784><>" became an admin (account "91.192.190.142") (access "abcdefghijklmnopqstu") (address "91.192.190.142")
L 10/29/2011 - 00:38:51: [amxbans.amxx] [AMXBANS] AMXBans 5.0 is online
L 10/29/2011 - 00:42:23: [admin_amxbans.amxx] Login: "Zloy-Tupoy-Buhoy [Str,RUS]<1211><STEAM_0:4:1565044427><>" became an admin (account "Zloy-Tupoy-Buhoy [Str,RUS]") (access "t") (address "46.191.205.19")
L 10/29/2011 - 00:48:14: [amxbans.amxx] [Amxbans] Query failed!
L 10/29/2011 - 00:48:14: [amxbans.amxx] [Amxbans] Threaded query error, location: 18
L 10/29/2011 - 00:48:14: [amxbans.amxx] [Amxbans] Message: You have an error in your SQL syntax; check the manual that corresponds to your MySQL server version for the right syntax to use near ''amxban' at line 1 (1064)
L 10/29/2011 - 00:48:14: [amxbans.amxx] [Amxbans] Query statement: 
L 10/29/2011 - 00:48:23: [amxbans.amxx] [Amxbans] Query failed!
L 10/29/2011 - 00:48:23: [amxbans.amxx] [Amxbans] Threaded query error, location: 18
L 10/29/2011 - 00:48:23: [amxbans.amxx] [Amxbans] Message: You have an error in your SQL syntax; check the manual that corresponds to your MySQL server version for the right syntax to use near ''amxban' at line 1 (1064)
L 10/29/2011 - 00:48:23: [amxbans.amxx] [Amxbans] Query statement: 
L 10/29/2011 - 00:59:26: [amxbans.amxx] [Amxbans] Query failed!
L 10/29/2011 - 00:59:26: [amxbans.amxx] [Amxbans] Threaded query error, location: 18
L 10/29/2011 - 00:59:26: [amxbans.amxx] [Amxbans] Message: You have an error in your SQL syntax; check the manual that corresponds to your MySQL server version for the right syntax to use near ''amxban' at line 1 (1064)
L 10/29/2011 - 00:59:26: [amxbans.amxx] [Amxbans] Query statement: 
L 10/29/2011 - 01:05:29: -------- Mapchange to zm_decline2k --------
L 10/29/2011 - 01:05:30: [admin_amxbans.amxx] Login: "Zloy-Tupoy-Buhoy [Str,RUS]<1211><STEAM_0:4:1565044427><>" became an admin (account "Zloy-Tupoy-Buhoy [Str,RUS]") (access "t") (address "46.191.205.19")
L 10/29/2011 - 01:05:30: [amxbans.amxx] [AMXBANS] AMXBans 5.0 is online
L 10/29/2011 - 01:08:31: [amxbans.amxx] [Amxbans] Query failed!
L 10/29/2011 - 01:08:31: [amxbans.amxx] [Amxbans] Threaded query error, location: 18
L 10/29/2011 - 01:08:31: [amxbans.amxx] [Amxbans] Message: You have an error in your SQL syntax; check the manual that corresponds to your MySQL server version for the right syntax to use near ''amxbans' at line 1 (1064)
L 10/29/2011 - 01:08:31: [amxbans.amxx] [Amxbans] Query statement: 
L 10/29/2011 - 01:09:51: [amxbans.amxx] [Amxbans] Query failed!
L 10/29/2011 - 01:09:51: [amxbans.amxx] [Amxbans] Threaded query error, location: 18
L 10/29/2011 - 01:09:51: [amxbans.amxx] [Amxbans] Message: You have an error in your SQL syntax; check the manual that corresponds to your MySQL server version for the right syntax to use near ''amxbans' at line 1 (1064)
L 10/29/2011 - 01:09:51: [amxbans.amxx] [Amxbans] Query statement: 
L 10/29/2011 - 01:26:37: -------- Mapchange to ze_egypt --------
L 10/29/2011 - 01:26:39: [admin_amxbans.amxx] Login: "Zloy-Tupoy-Buhoy [Str,RUS]<1211><STEAM_0:4:1565044427><>" became an admin (account "Zloy-Tupoy-Buhoy [Str,RUS]") (access "t") (address "46.191.205.19")
L 10/29/2011 - 01:26:39: [amxbans.amxx] [AMXBANS] AMXBans 5.0 is online
L 10/29/2011 - 01:26:41: [amxbans.amxx] [Amxbans] Query failed!
L 10/29/2011 - 01:26:41: [amxbans.amxx] [Amxbans] Threaded query error, location: 18
L 10/29/2011 - 01:26:41: [amxbans.amxx] [Amxbans] Message: You have an error in your SQL syntax; check the manual that corresponds to your MySQL server version for the right syntax to use near ''amxbans' at line 1 (1064)
L 10/29/2011 - 01:26:41: [amxbans.amxx] [Amxbans] Query statement: 
L 10/29/2011 - 01:26:42: [admin_amxbans.amxx] Login: "Zloy-Tupoy-Buhoy [Str,RUS]<1231><STEAM_0:4:1565044427><>" became an admin (account "Zloy-Tupoy-Buhoy [Str,RUS]") (access "t") (address "46.191.205.19")
L 10/29/2011 - 01:26:51: [amxbans.amxx] [Amxbans] Query failed!
L 10/29/2011 - 01:26:51: [amxbans.amxx] [Amxbans] Threaded query error, location: 18
L 10/29/2011 - 01:26:51: [amxbans.amxx] [Amxbans] Message: You have an error in your SQL syntax; check the manual that corresponds to your MySQL server version for the right syntax to use near ''amxbans' at line 1 (1064)
L 10/29/2011 - 01:26:51: [amxbans.amxx] [Amxbans] Query statement: 
L 10/29/2011 - 01:42:27: -------- Mapchange to 016 --------
L 10/29/2011 - 01:42:29: [amxbans.amxx] [AMXBANS] AMXBans 5.0 is online
L 10/29/2011 - 02:14:01: -------- Mapchange to zm_cpl_mill_kamp --------
L 10/29/2011 - 02:14:03: [amxbans.amxx] [AMXBANS] AMXBans 5.0 is online
L 10/29/2011 - 02:38:55: [admin_amxbans.amxx] Login: "Dimka<1253><STEAM_0:0:44643826><>" became an admin (account "Dimka") (access "abcdefghijklmnopqrstu") (address "172.23.65.13")
L 10/29/2011 - 03:05:10: -------- Mapchange to zm_fdust2x2 --------
L 10/29/2011 - 03:05:12: [amxbans.amxx] [AMXBANS] AMXBans 5.0 is online
L 10/29/2011 - 03:17:44: -------- Mapchange to awp_city --------
L 10/29/2011 - 03:17:46: [amxbans.amxx] [AMXBANS] AMXBans 5.0 is online
L 10/29/2011 - 03:27:39: -------- Mapchange to awp_city --------
L 10/29/2011 - 03:27:41: [amxbans.amxx] [AMXBANS] AMXBans 5.0 is online
L 10/29/2011 - 03:43:37: -------- Mapchange to ze_jurassicpark --------
L 10/29/2011 - 03:43:39: [amxbans.amxx] [AMXBANS] AMXBans 5.0 is online
L 10/29/2011 - 03:47:47: -------- Mapchange to awp_city --------
L 10/29/2011 - 03:47:49: [amxbans.amxx] [AMXBANS] AMXBans 5.0 is online
L 10/29/2011 - 03:57:37: -------- Mapchange to awp_city --------
L 10/29/2011 - 03:57:39: [amxbans.amxx] [AMXBANS] AMXBans 5.0 is online
L 10/29/2011 - 04:07:32: -------- Mapchange to awp_city --------
L 10/29/2011 - 04:07:34: [amxbans.amxx] [AMXBANS] AMXBans 5.0 is online
L 10/29/2011 - 04:23:15: -------- Mapchange to awp_city --------
L 10/29/2011 - 04:23:17: [amxbans.amxx] [AMXBANS] AMXBans 5.0 is online
L 10/29/2011 - 04:33:16: -------- Mapchange to ze_egypt --------
L 10/29/2011 - 04:33:18: [amxbans.amxx] [AMXBANS] AMXBans 5.0 is online
L 10/29/2011 - 04:39:49: -------- Mapchange to awp_city --------
L 10/29/2011 - 04:39:51: [amxbans.amxx] [AMXBANS] AMXBans 5.0 is online
L 10/29/2011 - 04:49:35: [amxbans.amxx] [Amxbans] Query failed!
L 10/29/2011 - 04:49:35: [amxbans.amxx] [Amxbans] Threaded query error, location: 18
L 10/29/2011 - 04:49:35: [amxbans.amxx] [Amxbans] Message: You have an error in your SQL syntax; check the manual that corresponds to your MySQL server version for the right syntax to use near '' at line 1 (1064)
L 10/29/2011 - 04:49:35: [amxbans.amxx] [Amxbans] Query statement: 
L 10/29/2011 - 04:56:47: -------- Mapchange to zm_deadly_assault --------
L 10/29/2011 - 04:56:48: [amxbans.amxx] [AMXBANS] AMXBans 5.0 is online
L 10/29/2011 - 04:56:49: [amxbans.amxx] [Amxbans] Query failed!
L 10/29/2011 - 04:56:49: [amxbans.amxx] [Amxbans] Threaded query error, location: 18
L 10/29/2011 - 04:56:49: [amxbans.amxx] [Amxbans] Message: You have an error in your SQL syntax; check the manual that corresponds to your MySQL server version for the right syntax to use near '' at line 1 (1064)
L 10/29/2011 - 04:56:49: [amxbans.amxx] [Amxbans] Query statement: 
L 10/29/2011 - 04:59:55: -------- Mapchange to awp_city --------
L 10/29/2011 - 04:59:56: [amxbans.amxx] [AMXBANS] AMXBans 5.0 is online
L 10/29/2011 - 05:08:16: -------- Mapchange to zm_decline2k --------
L 10/29/2011 - 05:08:18: [amxbans.amxx] [AMXBANS] AMXBans 5.0 is online
L 10/29/2011 - 05:11:16: -------- Mapchange to awp_city --------
L 10/29/2011 - 05:11:18: [amxbans.amxx] [AMXBANS] AMXBans 5.0 is online
L 10/29/2011 - 05:22:38: -------- Mapchange to zm_caca --------
L 10/29/2011 - 05:22:39: [amxbans.amxx] [AMXBANS] AMXBans 5.0 is online
L 10/29/2011 - 05:28:50: -------- Mapchange to awp_city --------
L 10/29/2011 - 05:28:52: [amxbans.amxx] [AMXBANS] AMXBans 5.0 is online
L 10/29/2011 - 05:38:45: -------- Mapchange to awp_city --------
L 10/29/2011 - 05:38:47: [amxbans.amxx] [AMXBANS] AMXBans 5.0 is online
L 10/29/2011 - 05:48:40: -------- Mapchange to awp_city --------
L 10/29/2011 - 05:48:42: [amxbans.amxx] [AMXBANS] AMXBans 5.0 is online
L 10/29/2011 - 05:58:35: -------- Mapchange to awp_city --------
L 10/29/2011 - 05:58:37: [amxbans.amxx] [AMXBANS] AMXBans 5.0 is online
L 10/29/2011 - 06:08:30: -------- Mapchange to awp_city --------
L 10/29/2011 - 06:08:32: [amxbans.amxx] [AMXBANS] AMXBans 5.0 is online
L 10/29/2011 - 06:18:25: -------- Mapchange to awp_city --------
L 10/29/2011 - 06:18:27: [amxbans.amxx] [AMXBANS] AMXBans 5.0 is online
L 10/29/2011 - 06:26:47: -------- Mapchange to zm_neris --------
L 10/29/2011 - 06:26:48: [amxbans.amxx] [AMXBANS] AMXBans 5.0 is online
L 10/29/2011 - 06:29:47: -------- Mapchange to awp_city --------
L 10/29/2011 - 06:29:48: [amxbans.amxx] [AMXBANS] AMXBans 5.0 is online
L 10/29/2011 - 06:39:42: -------- Mapchange to awp_city --------
L 10/29/2011 - 06:39:43: [amxbans.amxx] [AMXBANS] AMXBans 5.0 is online
L 10/29/2011 - 06:50:03: -------- Mapchange to zm_alfresco_v2 --------
L 10/29/2011 - 06:50:05: [amxbans.amxx] [AMXBANS] AMXBans 5.0 is online
L 10/29/2011 - 06:53:03: -------- Mapchange to awp_city --------
L 10/29/2011 - 06:53:05: [amxbans.amxx] [AMXBANS] AMXBans 5.0 is online
L 10/29/2011 - 07:07:13: -------- Mapchange to awp_city --------
L 10/29/2011 - 07:07:15: [amxbans.amxx] [AMXBANS] AMXBans 5.0 is online
L 10/29/2011 - 07:31:23: -------- Mapchange to ze_lift_escape_b5 --------
L 10/29/2011 - 07:31:25: [amxbans.amxx] [AMXBANS] AMXBans 5.0 is online
L 10/29/2011 - 07:37:45: -------- Mapchange to awp_city --------
L 10/29/2011 - 07:37:46: [amxbans.amxx] [AMXBANS] AMXBans 5.0 is online
L 10/29/2011 - 07:47:40: -------- Mapchange to awp_city --------
L 10/29/2011 - 07:47:42: [amxbans.amxx] [AMXBANS] AMXBans 5.0 is online
L 10/29/2011 - 07:57:35: -------- Mapchange to awp_city --------
L 10/29/2011 - 07:57:37: [amxbans.amxx] [AMXBANS] AMXBans 5.0 is online
L 10/29/2011 - 08:23:28: -------- Mapchange to zm_fdust2x2 --------
L 10/29/2011 - 08:23:29: [amxbans.amxx] [AMXBANS] AMXBans 5.0 is online
L 10/29/2011 - 08:46:11: -------- Mapchange to zm_666_brick --------
L 10/29/2011 - 08:46:12: [amxbans.amxx] [AMXBANS] AMXBans 5.0 is online
L 10/29/2011 - 09:10:50: [amxbans.amxx] [Amxbans] Query failed!
L 10/29/2011 - 09:10:50: [amxbans.amxx] [Amxbans] Threaded query error, location: 18
L 10/29/2011 - 09:10:50: [amxbans.amxx] [Amxbans] Message: You have an error in your SQL syntax; check the manual that corresponds to your MySQL server version for the right syntax to use near '' at line 1 (1064)
L 10/29/2011 - 09:10:50: [amxbans.amxx] [Amxbans] Query statement: 
L 10/29/2011 - 09:16:46: -------- Mapchange to 016 --------
L 10/29/2011 - 09:16:48: [amxbans.amxx] [AMXBANS] AMXBans 5.0 is online
L 10/29/2011 - 09:16:52: [amxbans.amxx] [Amxbans] Query failed!
L 10/29/2011 - 09:16:52: [amxbans.amxx] [Amxbans] Threaded query error, location: 18
L 10/29/2011 - 09:16:52: [amxbans.amxx] [Amxbans] Message: You have an error in your SQL syntax; check the manual that corresponds to your MySQL server version for the right syntax to use near '' at line 1 (1064)
L 10/29/2011 - 09:16:52: [amxbans.amxx] [Amxbans] Query statement: 
L 10/29/2011 - 09:31:40: [amxbans.amxx] [Amxbans] Query failed!
L 10/29/2011 - 09:31:40: [amxbans.amxx] [Amxbans] Threaded query error, location: 18
L 10/29/2011 - 09:31:40: [amxbans.amxx] [Amxbans] Message: You have an error in your SQL syntax; check the manual that corresponds to your MySQL server version for the right syntax to use near ''amxb' at line 1 (1064)
L 10/29/2011 - 09:31:40: [amxbans.amxx] [Amxbans] Query statement: 
L 10/29/2011 - 09:38:08: [amxbans.amxx] [Amxbans] Query failed!
L 10/29/2011 - 09:38:08: [amxbans.amxx] [Amxbans] Threaded query error, location: 18
L 10/29/2011 - 09:38:08: [amxbans.amxx] [Amxbans] Message: You have an error in your SQL syntax; check the manual that corresponds to your MySQL server version for the right syntax to use near '' at line 1 (1064)
L 10/29/2011 - 09:38:08: [amxbans.amxx] [Amxbans] Query statement: 
L 10/29/2011 - 09:46:57: -------- Mapchange to zm_dwarf --------
L 10/29/2011 - 09:46:58: [amxbans.amxx] [AMXBANS] AMXBans 5.0 is online
L 10/29/2011 - 09:47:02: [amxbans.amxx] [Amxbans] Query failed!
L 10/29/2011 - 09:47:02: [amxbans.amxx] [Amxbans] Threaded query error, location: 18
L 10/29/2011 - 09:47:02: [amxbans.amxx] [Amxbans] Message: You have an error in your SQL syntax; check the manual that corresponds to your MySQL server version for the right syntax to use near '' at line 1 (1064)
L 10/29/2011 - 09:47:02: [amxbans.amxx] [Amxbans] Query statement: 
L 10/29/2011 - 09:47:10: [amxbans.amxx] [Amxbans] Query failed!
L 10/29/2011 - 09:47:10: [amxbans.amxx] [Amxbans] Threaded query error, location: 18
L 10/29/2011 - 09:47:10: [amxbans.amxx] [Amxbans] Message: You have an error in your SQL syntax; check the manual that corresponds to your MySQL server version for the right syntax to use near '' at line 1 (1064)
L 10/29/2011 - 09:47:10: [amxbans.amxx] [Amxbans] Query statement: 
L 10/29/2011 - 10:08:07: -------- Mapchange to zm_alfresco_v2 --------
L 10/29/2011 - 10:08:09: [amxbans.amxx] [AMXBANS] AMXBans 5.0 is online
L 10/29/2011 - 10:14:24: [amxbans.amxx] [Amxbans] Query failed!
L 10/29/2011 - 10:14:24: [amxbans.amxx] [Amxbans] Threaded query error, location: 18
L 10/29/2011 - 10:14:24: [amxbans.amxx] [Amxbans] Message: You have an error in your SQL syntax; check the manual that corresponds to your MySQL server version for the right syntax to use near ''Bantime expir' at line 1 (1064)
L 10/29/2011 - 10:14:24: [amxbans.amxx] [Amxbans] Query statement: 
L 10/29/2011 - 10:30:21: -------- Mapchange to zm_cpl_mill_kamp --------
L 10/29/2011 - 10:30:23: [amxbans.amxx] [AMXBANS] AMXBans 5.0 is online
L 10/29/2011 - 10:30:27: [amxbans.amxx] [Amxbans] Query failed!
L 10/29/2011 - 10:30:27: [amxbans.amxx] [Amxbans] Threaded query error, location: 18
L 10/29/2011 - 10:30:27: [amxbans.amxx] [Amxbans] Message: You have an error in your SQL syntax; check the manual that corresponds to your MySQL server version for the right syntax to use near ''Bantime expir' at line 1 (1064)
L 10/29/2011 - 10:30:27: [amxbans.amxx] [Amxbans] Query statement: 
L 10/29/2011 - 10:51:34: -------- Mapchange to ze_jurassicpark --------
L 10/29/2011 - 10:51:36: [amxbans.amxx] [AMXBANS] AMXBans 5.0 is online
L 10/29/2011 - 10:51:40: [amxbans.amxx] [Amxbans] Query failed!
L 10/29/2011 - 10:51:40: [amxbans.amxx] [Amxbans] Threaded query error, location: 18
L 10/29/2011 - 10:51:40: [amxbans.amxx] [Amxbans] Message: You have an error in your SQL syntax; check the manual that corresponds to your MySQL server version for the right syntax to use near ''Bantime expir' at line 1 (1064)
L 10/29/2011 - 10:51:40: [amxbans.amxx] [Amxbans] Query statement: 
L 10/29/2011 - 10:51:47: [amxbans.amxx] [Amxbans] Query failed!
L 10/29/2011 - 10:51:47: [amxbans.amxx] [Amxbans] Threaded query error, location: 18
L 10/29/2011 - 10:51:47: [amxbans.amxx] [Amxbans] Message: You have an error in your SQL syntax; check the manual that corresponds to your MySQL server version for the right syntax to use near ''Bantime expir' at line 1 (1064)
L 10/29/2011 - 10:51:47: [amxbans.amxx] [Amxbans] Query statement: 
L 10/29/2011 - 11:08:59: -------- Mapchange to ze_egypt --------
L 10/29/2011 - 11:09:01: [amxbans.amxx] [AMXBANS] AMXBans 5.0 is online
L 10/29/2011 - 11:09:05: [amxbans.amxx] [Amxbans] Query failed!
L 10/29/2011 - 11:09:05: [amxbans.amxx] [Amxbans] Threaded query error, location: 18
L 10/29/2011 - 11:09:05: [amxbans.amxx] [Amxbans] Message: You have an error in your SQL syntax; check the manual that corresponds to your MySQL server version for the right syntax to use near ''Bantime expir' at line 1 (1064)
L 10/29/2011 - 11:09:05: [amxbans.amxx] [Amxbans] Query statement: 
L 10/29/2011 - 11:09:08: [amxbans.amxx] [Amxbans] Query failed!
L 10/29/2011 - 11:09:08: [amxbans.amxx] [Amxbans] Threaded query error, location: 18
L 10/29/2011 - 11:09:08: [amxbans.amxx] [Amxbans] Message: You have an error in your SQL syntax; check the manual that corresponds to your MySQL server version for the right syntax to use near ''Bantime expir' at line 1 (1064)
L 10/29/2011 - 11:09:08: [amxbans.amxx] [Amxbans] Query statement: 
L 10/29/2011 - 11:26:00: -------- Mapchange to ze_lift_escape_b5 --------
L 10/29/2011 - 11:26:01: [amxbans.amxx] [AMXBANS] AMXBans 5.0 is online
L 10/29/2011 - 11:26:06: [amxbans.amxx] [Amxbans] Query failed!
L 10/29/2011 - 11:26:06: [amxbans.amxx] [Amxbans] Threaded query error, location: 18
L 10/29/2011 - 11:26:06: [amxbans.amxx] [Amxbans] Message: You have an error in your SQL syntax; check the manual that corresponds to your MySQL server version for the right syntax to use near ''Bantime expir' at line 1 (1064)
L 10/29/2011 - 11:26:06: [amxbans.amxx] [Amxbans] Query statement: 
L 10/29/2011 - 11:41:25: -------- Mapchange to zm_303 --------
L 10/29/2011 - 11:41:26: [amxbans.amxx] [AMXBANS] AMXBans 5.0 is online
L 10/29/2011 - 11:51:10: [amxbans.amxx] [Amxbans] Query failed!
L 10/29/2011 - 11:51:10: [amxbans.amxx] [Amxbans] Threaded query error, location: 18
L 10/29/2011 - 11:51:10: [amxbans.amxx] [Amxbans] Message: You have an error in your SQL syntax; check the manual that corresponds to your MySQL server version for the right syntax to use near '' at line 1 (1064)
L 10/29/2011 - 11:51:10: [amxbans.amxx] [Amxbans] Query statement: 
L 10/29/2011 - 12:02:20: -------- Mapchange to zm_caca --------
L 10/29/2011 - 12:02:22: [amxbans.amxx] [AMXBANS] AMXBans 5.0 is online
L 10/29/2011 - 12:02:28: [amxbans.amxx] [Amxbans] Query failed!
L 10/29/2011 - 12:02:28: [amxbans.amxx] [Amxbans] Threaded query error, location: 18
L 10/29/2011 - 12:02:28: [amxbans.amxx] [Amxbans] Message: You have an error in your SQL syntax; check the manual that corresponds to your MySQL server version for the right syntax to use near '' at line 1 (1064)
L 10/29/2011 - 12:02:28: [amxbans.amxx] [Amxbans] Query statement: 
L 10/29/2011 - 12:06:06: [amxbans.amxx] [Amxbans] Query failed!
L 10/29/2011 - 12:06:06: [amxbans.amxx] [Amxbans] Threaded query error, location: 18
L 10/29/2011 - 12:06:06: [amxbans.amxx] [Amxbans] Message: You have an error in your SQL syntax; check the manual that corresponds to your MySQL server version for the right syntax to use near ''amxb' at line 1 (1064)
L 10/29/2011 - 12:06:06: [amxbans.amxx] [Amxbans] Query statement: 
L 10/29/2011 - 12:22:59: -------- Mapchange to 016 --------
L 10/29/2011 - 12:23:00: [amxbans.amxx] [AMXBANS] AMXBans 5.0 is online
L 10/29/2011 - 12:23:06: [amxbans.amxx] [Amxbans] Query failed!
L 10/29/2011 - 12:23:06: [amxbans.amxx] [Amxbans] Threaded query error, location: 18
L 10/29/2011 - 12:23:06: [amxbans.amxx] [Amxbans] Message: You have an error in your SQL syntax; check the manual that corresponds to your MySQL server version for the right syntax to use near '' at line 1 (1064)
L 10/29/2011 - 12:23:06: [amxbans.amxx] [Amxbans] Query statement: 
L 10/29/2011 - 12:23:06: [amxbans.amxx] [Amxbans] Query failed!
L 10/29/2011 - 12:23:06: [amxbans.amxx] [Amxbans] Threaded query error, location: 18
L 10/29/2011 - 12:23:06: [amxbans.amxx] [Amxbans] Message: You have an error in your SQL syntax; check the manual that corresponds to your MySQL server version for the right syntax to use near ''amxb' at line 1 (1064)
L 10/29/2011 - 12:23:06: [amxbans.amxx] [Amxbans] Query statement: 
L 10/29/2011 - 12:26:34: [amxbans.amxx] [Amxbans] Query failed!
L 10/29/2011 - 12:26:34: [amxbans.amxx] [Amxbans] Threaded query error, location: 18
L 10/29/2011 - 12:26:34: [amxbans.amxx] [Amxbans] Message: You have an error in your SQL syntax; check the manual that corresponds to your MySQL server version for the right syntax to use near '' at line 1 (1064)
L 10/29/2011 - 12:26:34: [amxbans.amxx] [Amxbans] Query statement: 
L 10/29/2011 - 12:49:37: [amxbans.amxx] [Amxbans] Query failed!
L 10/29/2011 - 12:49:37: [amxbans.amxx] [Amxbans] Threaded query error, location: 18
L 10/29/2011 - 12:49:37: [amxbans.amxx] [Amxbans] Message: You have an error in your SQL syntax; check the manual that corresponds to your MySQL server version for the right syntax to use near ''amxba' at line 1 (1064)
L 10/29/2011 - 12:49:37: [amxbans.amxx] [Amxbans] Query statement: 
L 10/29/2011 - 12:54:54: -------- Mapchange to zm_decline2k --------
L 10/29/2011 - 12:54:56: [amxbans.amxx] [AMXBANS] AMXBans 5.0 is online
L 10/29/2011 - 12:55:03: [amxbans.amxx] [Amxbans] Query failed!
L 10/29/2011 - 12:55:03: [amxbans.amxx] [Amxbans] Threaded query error, location: 18
L 10/29/2011 - 12:55:03: [amxbans.amxx] [Amxbans] Message: You have an error in your SQL syntax; check the manual that corresponds to your MySQL server version for the right syntax to use near ''amxba' at line 1 (1064)
L 10/29/2011 - 12:55:03: [amxbans.amxx] [Amxbans] Query statement: 
L 10/29/2011 - 13:13:43: [admin_amxbans.amxx] Login: "Kenny<1632><STEAM_0:0:963405193><>" became an admin (account "Kenny") (access "abcdefgijmnopqtu") (address "109.161.116.16")
L 10/29/2011 - 13:17:42: -------- Mapchange to zm_alfresco_v2 --------
L 10/29/2011 - 13:17:43: [amxbans.amxx] [AMXBANS] AMXBans 5.0 is online
L 10/29/2011 - 13:17:50: [amxbans.amxx] [Amxbans] Query failed!
L 10/29/2011 - 13:17:50: [amxbans.amxx] [Amxbans] Threaded query error, location: 18
L 10/29/2011 - 13:17:50: [amxbans.amxx] [Amxbans] Message: You have an error in your SQL syntax; check the manual that corresponds to your MySQL server version for the right syntax to use near ''amxba' at line 1 (1064)
L 10/29/2011 - 13:17:50: [amxbans.amxx] [Amxbans] Query statement: 
L 10/29/2011 - 13:37:47: -------- Mapchange to zm_deadly_assault --------
L 10/29/2011 - 13:37:49: [amxbans.amxx] [AMXBANS] AMXBans 5.0 is online
L 10/29/2011 - 13:39:25: [amxbans.amxx] [Amxbans] Query failed!
L 10/29/2011 - 13:39:25: [amxbans.amxx] [Amxbans] Threaded query error, location: 18
L 10/29/2011 - 13:39:25: [amxbans.amxx] [Amxbans] Message: You have an error in your SQL syntax; check the manual that corresponds to your MySQL server version for the right syntax to use near ''amxban' at line 1 (1064)
L 10/29/2011 - 13:39:25: [amxbans.amxx] [Amxbans] Query statement: 
L 10/29/2011 - 13:39:58: [amxbans.amxx] [Amxbans] Query failed!
L 10/29/2011 - 13:39:58: [amxbans.amxx] [Amxbans] Threaded query error, location: 18
L 10/29/2011 - 13:39:58: [amxbans.amxx] [Amxbans] Message: You have an error in your SQL syntax; check the manual that corresponds to your MySQL server version for the right syntax to use near ''amxban' at line 1 (1064)
L 10/29/2011 - 13:39:58: [amxbans.amxx] [Amxbans] Query statement: 
L 10/29/2011 - 13:51:24: [amxbans.amxx] [Amxbans] Query failed!
L 10/29/2011 - 13:51:24: [amxbans.amxx] [Amxbans] Threaded query error, location: 18
L 10/29/2011 - 13:51:24: [amxbans.amxx] [Amxbans] Message: You have an error in your SQL syntax; check the manual that corresponds to your MySQL server version for the right syntax to use near ''amxban' at line 1 (1064)
L 10/29/2011 - 13:51:24: [amxbans.amxx] [Amxbans] Query statement: 
L 10/29/2011 - 14:00:58: -------- Mapchange to ze_jurassicpark --------
L 10/29/2011 - 14:01:00: [amxbans.amxx] [AMXBANS] AMXBans 5.0 is online
L 10/29/2011 - 14:01:39: [amxbans.amxx] [Amxbans] Query failed!
L 10/29/2011 - 14:01:39: [amxbans.amxx] [Amxbans] Threaded query error, location: 18
L 10/29/2011 - 14:01:39: [amxbans.amxx] [Amxbans] Message: You have an error in your SQL syntax; check the manual that corresponds to your MySQL server version for the right syntax to use near ''amxban' at line 1 (1064)
L 10/29/2011 - 14:01:39: [amxbans.amxx] [Amxbans] Query statement: 
L 10/29/2011 - 14:03:18: [amxbans.amxx] [Amxbans] Query failed!
L 10/29/2011 - 14:03:18: [amxbans.amxx] [Amxbans] Threaded query error, location: 18
L 10/29/2011 - 14:03:18: [amxbans.amxx] [Amxbans] Message: You have an error in your SQL syntax; check the manual that corresponds to your MySQL server version for the right syntax to use near ''amxban' at line 1 (1064)
L 10/29/2011 - 14:03:18: [amxbans.amxx] [Amxbans] Query statement: 
L 10/29/2011 - 14:14:07: [amxbans.amxx] [Amxbans] Query failed!
L 10/29/2011 - 14:14:07: [amxbans.amxx] [Amxbans] Threaded query error, location: 18
L 10/29/2011 - 14:14:07: [amxbans.amxx] [Amxbans] Message: You have an error in your SQL syntax; check the manual that corresponds to your MySQL server version for the right syntax to use near ''amxb' at line 1 (1064)
L 10/29/2011 - 14:14:07: [amxbans.amxx] [Amxbans] Query statement: 
L 10/29/2011 - 14:16:27: -------- Mapchange to zm_cpl_mill_kamp --------
L 10/29/2011 - 14:16:28: [amxbans.amxx] [AMXBANS] AMXBans 5.0 is online
L 10/29/2011 - 14:16:34: [amxbans.amxx] [Amxbans] Query failed!
L 10/29/2011 - 14:16:34: [amxbans.amxx] [Amxbans] Threaded query error, location: 18
L 10/29/2011 - 14:16:34: [amxbans.amxx] [Amxbans] Message: You have an error in your SQL syntax; check the manual that corresponds to your MySQL server version for the right syntax to use near ''amxb' at line 1 (1064)
L 10/29/2011 - 14:16:34: [amxbans.amxx] [Amxbans] Query statement: 
L 10/29/2011 - 14:16:35: [amxbans.amxx] [Amxbans] Query failed!
L 10/29/2011 - 14:16:35: [amxbans.amxx] [Amxbans] Threaded query error, location: 18
L 10/29/2011 - 14:16:35: [amxbans.amxx] [Amxbans] Message: You have an error in your SQL syntax; check the manual that corresponds to your MySQL server version for the right syntax to use near ''amxban' at line 1 (1064)
L 10/29/2011 - 14:16:35: [amxbans.amxx] [Amxbans] Query statement: 
L 10/29/2011 - 14:17:43: [amxbans.amxx] [Amxbans] Query failed!
L 10/29/2011 - 14:17:43: [amxbans.amxx] [Amxbans] Threaded query error, location: 18
L 10/29/2011 - 14:17:43: [amxbans.amxx] [Amxbans] Message: You have an error in your SQL syntax; check the manual that corresponds to your MySQL server version for the right syntax to use near ''amxban' at line 1 (1064)
L 10/29/2011 - 14:17:43: [amxbans.amxx] [Amxbans] Query statement: 
L 10/29/2011 - 14:18:14: [amxbans.amxx] [Amxbans] Query failed!
L 10/29/2011 - 14:18:14: [amxbans.amxx] [Amxbans] Threaded query error, location: 18
L 10/29/2011 - 14:18:14: [amxbans.amxx] [Amxbans] Message: You have an error in your SQL syntax; check the manual that corresponds to your MySQL server version for the right syntax to use near ''amxban' at line 1 (1064)
L 10/29/2011 - 14:18:14: [amxbans.amxx] [Amxbans] Query statement: 
L 10/29/2011 - 14:19:01: [amxbans.amxx] [Amxbans] Query failed!
L 10/29/2011 - 14:19:01: [amxbans.amxx] [Amxbans] Threaded query error, location: 18
L 10/29/2011 - 14:19:01: [amxbans.amxx] [Amxbans] Message: You have an error in your SQL syntax; check the manual that corresponds to your MySQL server version for the right syntax to use near ''amxbans' at line 1 (1064)
L 10/29/2011 - 14:19:01: [amxbans.amxx] [Amxbans] Query statement: 
L 10/29/2011 - 14:36:34: -------- Mapchange to ze_egypt --------
L 10/29/2011 - 14:36:35: [amxbans.amxx] [AMXBANS] AMXBans 5.0 is online
L 10/29/2011 - 14:36:42: [amxbans.amxx] [Amxbans] Query failed!
L 10/29/2011 - 14:36:42: [amxbans.amxx] [Amxbans] Threaded query error, location: 18
L 10/29/2011 - 14:36:42: [amxbans.amxx] [Amxbans] Message: You have an error in your SQL syntax; check the manual that corresponds to your MySQL server version for the right syntax to use near ''amxbans' at line 1 (1064)
L 10/29/2011 - 14:36:42: [amxbans.amxx] [Amxbans] Query statement: 
L 10/29/2011 - 14:36:43: [amxbans.amxx] [Amxbans] Query failed!
L 10/29/2011 - 14:36:43: [amxbans.amxx] [Amxbans] Threaded query error, location: 18
L 10/29/2011 - 14:36:43: [amxbans.amxx] [Amxbans] Message: You have an error in your SQL syntax; check the manual that corresponds to your MySQL server version for the right syntax to use near ''amxban' at line 1 (1064)
L 10/29/2011 - 14:36:43: [amxbans.amxx] [Amxbans] Query statement: 
L 10/29/2011 - 14:36:45: [amxbans.amxx] [Amxbans] Query failed!
L 10/29/2011 - 14:36:45: [amxbans.amxx] [Amxbans] Threaded query error, location: 18
L 10/29/2011 - 14:36:45: [amxbans.amxx] [Amxbans] Message: You have an error in your SQL syntax; check the manual that corresponds to your MySQL server version for the right syntax to use near ''amxbans' at line 1 (1064)
L 10/29/2011 - 14:36:45: [amxbans.amxx] [Amxbans] Query statement: 
L 10/29/2011 - 14:37:11: [amxbans.amxx] [Amxbans] Query failed!
L 10/29/2011 - 14:37:11: [amxbans.amxx] [Amxbans] Threaded query error, location: 18
L 10/29/2011 - 14:37:11: [amxbans.amxx] [Amxbans] Message: You have an error in your SQL syntax; check the manual that corresponds to your MySQL server version for the right syntax to use near '' at line 1 (1064)
L 10/29/2011 - 14:37:11: [amxbans.amxx] [Amxbans] Query statement: 
L 10/29/2011 - 14:37:14: [amxbans.amxx] [Amxbans] Query failed!
L 10/29/2011 - 14:37:14: [amxbans.amxx] [Amxbans] Threaded query error, location: 18
L 10/29/2011 - 14:37:14: [amxbans.amxx] [Amxbans] Message: You have an error in your SQL syntax; check the manual that corresponds to your MySQL server version for the right syntax to use near '' at line 1 (1064)
L 10/29/2011 - 14:37:14: [amxbans.amxx] [Amxbans] Query statement: 
L 10/29/2011 - 14:37:32: [admin_amxbans.amxx] Login: "I bet u look good on dancefloor<1813><STEAM_0:0:44643826><>" became an admin (account "172.23.65.13") (access "l") (address "172.23.65.13")
L 10/29/2011 - 14:37:35: [admin_amxbans.amxx] Login: "I bet u look good on dancefloor<1814><STEAM_0:0:44643826><>" became an admin (account "172.23.65.13") (access "l") (address "172.23.65.13")
L 10/29/2011 - 14:42:29: [amxbans.amxx] [Amxbans] Query failed!
L 10/29/2011 - 14:42:29: [amxbans.amxx] [Amxbans] Threaded query error, location: 18
L 10/29/2011 - 14:42:29: [amxbans.amxx] [Amxbans] Message: You have an error in your SQL syntax; check the manual that corresponds to your MySQL server version for the right syntax to use near ''amxban' at line 1 (1064)
L 10/29/2011 - 14:42:29: [amxbans.amxx] [Amxbans] Query statement: 
L 10/29/2011 - 14:45:42: [amxbans.amxx] [Amxbans] Query failed!
L 10/29/2011 - 14:45:42: [amxbans.amxx] [Amxbans] Threaded query error, location: 18
L 10/29/2011 - 14:45:42: [amxbans.amxx] [Amxbans] Message: You have an error in your SQL syntax; check the manual that corresponds to your MySQL server version for the right syntax to use near ''amxba' at line 1 (1064)
L 10/29/2011 - 14:45:42: [amxbans.amxx] [Amxbans] Query statement: 
L 10/29/2011 - 14:45:46: [amxbans.amxx] [Amxbans] Query failed!
L 10/29/2011 - 14:45:46: [amxbans.amxx] [Amxbans] Threaded query error, location: 18
L 10/29/2011 - 14:45:46: [amxbans.amxx] [Amxbans] Message: You have an error in your SQL syntax; check the manual that corresponds to your MySQL server version for the right syntax to use near ''amxba' at line 1 (1064)
L 10/29/2011 - 14:45:46: [amxbans.amxx] [Amxbans] Query statement: 
L 10/29/2011 - 14:47:49: [amxbans.amxx] [Amxbans] Query failed!
L 10/29/2011 - 14:47:49: [amxbans.amxx] [Amxbans] Threaded query error, location: 18
L 10/29/2011 - 14:47:49: [amxbans.amxx] [Amxbans] Message: You have an error in your SQL syntax; check the manual that corresponds to your MySQL server version for the right syntax to use near '' at line 1 (1064)
L 10/29/2011 - 14:47:49: [amxbans.amxx] [Amxbans] Query statement: 
L 10/29/2011 - 14:47:52: [amxbans.amxx] [Amxbans] Query failed!
L 10/29/2011 - 14:47:52: [amxbans.amxx] [Amxbans] Threaded query error, location: 18
L 10/29/2011 - 14:47:52: [amxbans.amxx] [Amxbans] Message: You have an error in your SQL syntax; check the manual that corresponds to your MySQL server version for the right syntax to use near '' at line 1 (1064)
L 10/29/2011 - 14:47:52: [amxbans.amxx] [Amxbans] Query statement: 
L 10/29/2011 - 14:51:55: [admincmd.amxx] Cmd: "I bet u look good on dancefloor<1814><STEAM_0:0:44643826><>" server console (cmdline "amx_ban 60 adidas lox")
L 10/29/2011 - 14:51:57: [amxbans.amxx]  Зомби сервер (x_x(O_o)x_x) Go Zombie !!!<0><><> banned adidas<STEAM_0:4:1469771613> for 1 hour (60 minutes). Reason: lox.
L 10/29/2011 - 14:53:07: -------- Mapchange to zm_303 --------
L 10/29/2011 - 14:53:08: [admin_amxbans.amxx] Login: "I bet u look good on dancefloor<1814><STEAM_0:0:44643826><>" became an admin (account "172.23.65.13") (access "l") (address "172.23.65.13")
L 10/29/2011 - 14:53:09: [amxbans.amxx] [AMXBANS] AMXBans 5.0 is online
L 10/29/2011 - 14:53:15: [amxbans.amxx] [Amxbans] Query failed!
L 10/29/2011 - 14:53:15: [amxbans.amxx] [Amxbans] Threaded query error, location: 18
L 10/29/2011 - 14:53:15: [amxbans.amxx] [Amxbans] Message: You have an error in your SQL syntax; check the manual that corresponds to your MySQL server version for the right syntax to use near ''amxba' at line 1 (1064)
L 10/29/2011 - 14:53:15: [amxbans.amxx] [Amxbans] Query statement: 
L 10/29/2011 - 14:53:16: [amxbans.amxx] [Amxbans] Query failed!
L 10/29/2011 - 14:53:16: [amxbans.amxx] [Amxbans] Threaded query error, location: 18
L 10/29/2011 - 14:53:16: [amxbans.amxx] [Amxbans] Message: You have an error in your SQL syntax; check the manual that corresponds to your MySQL server version for the right syntax to use near ''amxbans' at line 1 (1064)
L 10/29/2011 - 14:53:16: [amxbans.amxx] [Amxbans] Query statement: 
L 10/29/2011 - 14:58:26: [admin_amxbans.amxx] Login: "Kenny<1882><STEAM_0:0:963405193><>" became an admin (account "Kenny") (access "abcdefgijmnopqtu") (address "109.161.119.74")
L 10/29/2011 - 15:13:07: [amxbans.amxx] [Amxbans] Query failed!
L 10/29/2011 - 15:13:07: [amxbans.amxx] [Amxbans] Threaded query error, location: 18
L 10/29/2011 - 15:13:07: [amxbans.amxx] [Amxbans] Message: You have an error in your SQL syntax; check the manual that corresponds to your MySQL server version for the right syntax to use near ''amxbans' at line 1 (1064)
L 10/29/2011 - 15:13:07: [amxbans.amxx] [Amxbans] Query statement: 
L 10/29/2011 - 15:15:09: -------- Mapchange to ze_lift_escape_b5 --------
L 10/29/2011 - 15:15:10: [amxbans.amxx] [AMXBANS] AMXBans 5.0 is online
L 10/29/2011 - 15:15:16: [amxbans.amxx] [Amxbans] Query failed!
L 10/29/2011 - 15:15:16: [amxbans.amxx] [Amxbans] Threaded query error, location: 18
L 10/29/2011 - 15:15:16: [amxbans.amxx] [Amxbans] Message: You have an error in your SQL syntax; check the manual that corresponds to your MySQL server version for the right syntax to use near ''amxba' at line 1 (1064)
L 10/29/2011 - 15:15:16: [amxbans.amxx] [Amxbans] Query statement: 
L 10/29/2011 - 15:15:17: [amxbans.amxx] [Amxbans] Query failed!
L 10/29/2011 - 15:15:17: [amxbans.amxx] [Amxbans] Threaded query error, location: 18
L 10/29/2011 - 15:15:17: [amxbans.amxx] [Amxbans] Message: You have an error in your SQL syntax; check the manual that corresponds to your MySQL server version for the right syntax to use near ''amxbans' at line 1 (1064)
L 10/29/2011 - 15:15:17: [amxbans.amxx] [Amxbans] Query statement: 
L 10/29/2011 - 15:30:21: -------- Mapchange to zm_fdust2x2 --------
L 10/29/2011 - 15:30:22: [amxbans.amxx] [AMXBANS] AMXBans 5.0 is online
L 10/29/2011 - 15:31:20: [admin_amxbans.amxx] Login: "I bet u look good on dancefloor<1944><STEAM_0:0:44643826><>" became an admin (account "172.23.65.13") (access "l") (address "172.23.65.13")
L 10/29/2011 - 15:33:21: [amxbans.amxx] [Amxbans] Query failed!
L 10/29/2011 - 15:33:21: [amxbans.amxx] [Amxbans] Threaded query error, location: 18
L 10/29/2011 - 15:33:21: [amxbans.amxx] [Amxbans] Message: You have an error in your SQL syntax; check the manual that corresponds to your MySQL server version for the right syntax to use near ''amxba' at line 1 (1064)
L 10/29/2011 - 15:33:21: [amxbans.amxx] [Amxbans] Query statement: 
L 10/29/2011 - 15:35:43: [admincmd.amxx] Cmd: "I bet u look good on dancefloor<1944><STEAM_0:0:44643826><>" server console (cmdline "amx_ban 30 had3s freekill")
L 10/29/2011 - 15:35:44: [amxbans.amxx]  Зомби сервер (x_x(O_o)x_x) Go Zombie !!!<0><><> banned had3s<STEAM_0:4:1271353335> for 30 minutes (30 minutes). Reason: freekill.
L 10/29/2011 - 15:36:39: [amxbans.amxx] [Amxbans] Query failed!
L 10/29/2011 - 15:36:39: [amxbans.amxx] [Amxbans] Threaded query error, location: 18
L 10/29/2011 - 15:36:39: [amxbans.amxx] [Amxbans] Message: You have an error in your SQL syntax; check the manual that corresponds to your MySQL server version for the right syntax to use near ''amxb' at line 1 (1064)
L 10/29/2011 - 15:36:39: [amxbans.amxx] [Amxbans] Query statement: 
L 10/29/2011 - 15:38:59: [admin_amxbans.amxx] Login: "Drey<1972><STEAM_0:0:41300771><>" became an admin (account "Drey") (access "t") (address "89.222.180.227")
L 10/29/2011 - 15:43:49: [admin_amxbans.amxx] Login: "Narkot1k<1975><STEAM_0:0:1967094010><>" became an admin (account "Narkot1k") (access "t") (address "95.220.97.216")
L 10/29/2011 - 15:50:15: [amxbans.amxx] [Amxbans] Query failed!
L 10/29/2011 - 15:50:15: [amxbans.amxx] [Amxbans] Threaded query error, location: 18
L 10/29/2011 - 15:50:15: [amxbans.amxx] [Amxbans] Message: You have an error in your SQL syntax; check the manual that corresponds to your MySQL server version for the right syntax to use near ''amxban' at line 1 (1064)
L 10/29/2011 - 15:50:15: [amxbans.amxx] [Amxbans] Query statement: 
L 10/29/2011 - 15:50:48: [amxbans.amxx] [Amxbans] Query failed!
L 10/29/2011 - 15:50:48: [amxbans.amxx] [Amxbans] Threaded query error, location: 18
L 10/29/2011 - 15:50:48: [amxbans.amxx] [Amxbans] Message: You have an error in your SQL syntax; check the manual that corresponds to your MySQL server version for the right syntax to use near ''amxban' at line 1 (1064)
L 10/29/2011 - 15:50:48: [amxbans.amxx] [Amxbans] Query statement: 
L 10/29/2011 - 15:52:26: -------- Mapchange to zm_666_brick --------
L 10/29/2011 - 15:52:27: [admin_amxbans.amxx] Login: "Drey<1972><STEAM_0:0:41300771><>" became an admin (account "Drey") (access "t") (address "89.222.180.227")
L 10/29/2011 - 15:52:27: [admin_amxbans.amxx] Login: "Narkot1k<1975><STEAM_0:0:1967094010><>" became an admin (account "Narkot1k") (access "t") (address "95.220.97.216")
L 10/29/2011 - 15:52:28: [amxbans.amxx] [AMXBANS] AMXBans 5.0 is online
L 10/29/2011 - 15:52:34: [amxbans.amxx] [Amxbans] Query failed!
L 10/29/2011 - 15:52:34: [amxbans.amxx] [Amxbans] Threaded query error, location: 18
L 10/29/2011 - 15:52:34: [amxbans.amxx] [Amxbans] Message: You have an error in your SQL syntax; check the manual that corresponds to your MySQL server version for the right syntax to use near ''amxb' at line 1 (1064)
L 10/29/2011 - 15:52:34: [amxbans.amxx] [Amxbans] Query statement: 
L 10/29/2011 - 15:52:35: [amxbans.amxx] [Amxbans] Query failed!
L 10/29/2011 - 15:52:35: [amxbans.amxx] [Amxbans] Threaded query error, location: 18
L 10/29/2011 - 15:52:35: [amxbans.amxx] [Amxbans] Message: You have an error in your SQL syntax; check the manual that corresponds to your MySQL server version for the right syntax to use near ''amxban' at line 1 (1064)
L 10/29/2011 - 15:52:35: [amxbans.amxx] [Amxbans] Query statement: 
L 10/29/2011 - 15:54:14: [amxbans.amxx] [Amxbans] Query failed!
L 10/29/2011 - 15:54:14: [amxbans.amxx] [Amxbans] Threaded query error, location: 18
L 10/29/2011 - 15:54:14: [amxbans.amxx] [Amxbans] Message: You have an error in your SQL syntax; check the manual that corresponds to your MySQL server version for the right syntax to use near ''amxban' at line 1 (1064)
L 10/29/2011 - 15:54:14: [amxbans.amxx] [Amxbans] Query statement: 
L 10/29/2011 - 15:56:24: [voteban.amxx] Voteban starter Drey against Soulbringer STEAM_0:4:867053553
L 10/29/2011 - 15:56:39: [voteban.amxx] [AMXX] BANNED: Soulbringer, STARTER: Drey
L 10/29/2011 - 15:56:40: [amxbans.amxx]  Зомби сервер (x_x(O_o)x_x) Go Zombie !!!<0><><> banned Soulbringer<STEAM_0:4:867053553> for 15 minutes (15 minutes). Reason: VIP->Drey.
L 10/29/2011 - 16:01:20: [admin_amxbans.amxx] Login: "Lenusjka<1999><STEAM_0:4:1429483121><>" became an admin (account "Lenusjka") (access "eqt") (address "91.190.52.3")
L 10/29/2011 - 16:08:24: [admin_amxbans.amxx] Login: "|228| 6yJIb6aIII<2003><STEAM_0:0:1292803525><>" became an admin (account "|228| 6yJIb6aIII") (access "t") (address "178.127.18.192")
L 10/29/2011 - 16:08:54: [admin_amxbans.amxx] Login: "Drey<2004><STEAM_0:0:41300771><>" became an admin (account "Drey") (access "t") (address "89.222.180.227")
L 10/29/2011 - 16:16:00: [amxbans.amxx] [Amxbans] Query failed!
L 10/29/2011 - 16:16:00: [amxbans.amxx] [Amxbans] Threaded query error, location: 18
L 10/29/2011 - 16:16:00: [amxbans.amxx] [Amxbans] Message: You have an error in your SQL syntax; check the manual that corresponds to your MySQL server version for the right syntax to use near ''amxbans' at line 1 (1064)
L 10/29/2011 - 16:16:00: [amxbans.amxx] [Amxbans] Query statement: 
L 10/29/2011 - 16:23:20: -------- Mapchange to zm_caca --------
L 10/29/2011 - 16:23:20: [admin_amxbans.amxx] Login: "Drey<2004><STEAM_0:0:41300771><>" became an admin (account "Drey") (access "t") (address "89.222.180.227")
L 10/29/2011 - 16:23:20: [admin_amxbans.amxx] Login: "Narkot1k<1975><STEAM_0:0:1967094010><>" became an admin (account "Narkot1k") (access "t") (address "95.220.97.216")
L 10/29/2011 - 16:23:21: [admin_amxbans.amxx] Login: "|228| 6yJIb6aIII<2003><STEAM_0:0:1292803525><>" became an admin (account "|228| 6yJIb6aIII") (access "t") (address "178.127.18.192")
L 10/29/2011 - 16:23:21: [admin_amxbans.amxx] Login: "Lenusjka<1999><STEAM_0:4:1429483121><>" became an admin (account "Lenusjka") (access "eqt") (address "91.190.52.3")
L 10/29/2011 - 16:23:21: [amxbans.amxx] [AMXBANS] AMXBans 5.0 is online
L 10/29/2011 - 16:23:28: [amxbans.amxx] [Amxbans] Query failed!
L 10/29/2011 - 16:23:28: [amxbans.amxx] [Amxbans] Threaded query error, location: 18
L 10/29/2011 - 16:23:28: [amxbans.amxx] [Amxbans] Message: You have an error in your SQL syntax; check the manual that corresponds to your MySQL server version for the right syntax to use near ''amxbans' at line 1 (1064)
L 10/29/2011 - 16:23:28: [amxbans.amxx] [Amxbans] Query statement: 
L 10/29/2011 - 16:26:10: [voteban.amxx] Voteban starter Narkot1k against ~(: c.M.e.X.i :)~ STEAM_0:4:534942065
L 10/29/2011 - 16:26:25: [voteban.amxx] [AMXX] BANNED: ~(: c.M.e.X.i :)~, STARTER: Narkot1k
L 10/29/2011 - 16:46:24: -------- Mapchange to zm_alfresco_v2 --------
L 10/29/2011 - 16:46:25: [admin_amxbans.amxx] Login: "Narkot1k<1975><STEAM_0:0:1967094010><>" became an admin (account "Narkot1k") (access "t") (address "95.220.97.216")
L 10/29/2011 - 16:46:25: [admin_amxbans.amxx] Login: "Lenusjka<1999><STEAM_0:4:1429483121><>" became an admin (account "Lenusjka") (access "eqt") (address "91.190.52.3")
L 10/29/2011 - 16:46:25: [admin_amxbans.amxx] Login: "|228| 6yJIb6aIII<2003><STEAM_0:0:1292803525><>" became an admin (account "|228| 6yJIb6aIII") (access "t") (address "178.127.18.192")
L 10/29/2011 - 16:46:26: [amxbans.amxx] [AMXBANS] AMXBans 5.0 is online
L 10/29/2011 - 16:46:33: [amxbans.amxx] [Amxbans] Query failed!
L 10/29/2011 - 16:46:33: [amxbans.amxx] [Amxbans] Threaded query error, location: 18
L 10/29/2011 - 16:46:33: [amxbans.amxx] [Amxbans] Message: You have an error in your SQL syntax; check the manual that corresponds to your MySQL server version for the right syntax to use near ''amxbans' at line 1 (1064)
L 10/29/2011 - 16:46:33: [amxbans.amxx] [Amxbans] Query statement: 
L 10/29/2011 - 17:05:39: [amxbans.amxx] [Amxbans] Query failed!
L 10/29/2011 - 17:05:39: [amxbans.amxx] [Amxbans] Threaded query error, location: 18
L 10/29/2011 - 17:05:39: [amxbans.amxx] [Amxbans] Message: You have an error in your SQL syntax; check the manual that corresponds to your MySQL server version for the right syntax to use near ''amxban' at line 1 (1064)
L 10/29/2011 - 17:05:39: [amxbans.amxx] [Amxbans] Query statement: 
L 10/29/2011 - 17:07:17: [amxbans.amxx] [Amxbans] Query failed!
L 10/29/2011 - 17:07:17: [amxbans.amxx] [Amxbans] Threaded query error, location: 18
L 10/29/2011 - 17:07:17: [amxbans.amxx] [Amxbans] Message: You have an error in your SQL syntax; check the manual that corresponds to your MySQL server version for the right syntax to use near ''amxban' at line 1 (1064)
L 10/29/2011 - 17:07:17: [amxbans.amxx] [Amxbans] Query statement: 
L 10/29/2011 - 17:08:09: -------- Mapchange to 016 --------
L 10/29/2011 - 17:08:10: [admin_amxbans.amxx] Login: "|228| 6yJIb6aIII<2003><STEAM_0:0:1292803525><>" became an admin (account "|228| 6yJIb6aIII") (access "t") (address "178.127.18.192")
L 10/29/2011 - 17:08:11: [amxbans.amxx] [AMXBANS] AMXBans 5.0 is online
L 10/29/2011 - 17:08:18: [amxbans.amxx] [Amxbans] Query failed!
L 10/29/2011 - 17:08:18: [amxbans.amxx] [Amxbans] Threaded query error, location: 18
L 10/29/2011 - 17:08:18: [amxbans.amxx] [Amxbans] Message: You have an error in your SQL syntax; check the manual that corresponds to your MySQL server version for the right syntax to use near ''amxbans' at line 1 (1064)
L 10/29/2011 - 17:08:18: [amxbans.amxx] [Amxbans] Query statement: 
L 10/29/2011 - 17:08:19: [amxbans.amxx] [Amxbans] Query failed!
L 10/29/2011 - 17:08:19: [amxbans.amxx] [Amxbans] Threaded query error, location: 18
L 10/29/2011 - 17:08:19: [amxbans.amxx] [Amxbans] Message: You have an error in your SQL syntax; check the manual that corresponds to your MySQL server version for the right syntax to use near ''amxban' at line 1 (1064)
L 10/29/2011 - 17:08:19: [amxbans.amxx] [Amxbans] Query statement: 
L 10/29/2011 - 17:08:21: [amxbans.amxx] [Amxbans] Query failed!
L 10/29/2011 - 17:08:21: [amxbans.amxx] [Amxbans] Threaded query error, location: 18
L 10/29/2011 - 17:08:21: [amxbans.amxx] [Amxbans] Message: You have an error in your SQL syntax; check the manual that corresponds to your MySQL server version for the right syntax to use near ''amxban' at line 1 (1064)
L 10/29/2011 - 17:08:21: [amxbans.amxx] [Amxbans] Query statement: 
L 10/29/2011 - 17:14:39: [admin_amxbans.amxx] Login: "|228| 6yJIb6aIII<2093><STEAM_0:0:1292803525><>" became an admin (account "|228| 6yJIb6aIII") (access "t") (address "178.127.18.192")
L 10/29/2011 - 17:16:46: [admin_amxbans.amxx] Login: "I bet u look good on dancefloor<2099><STEAM_0:0:44643826><>" became an admin (account "172.23.65.13") (access "l") (address "172.23.65.13")
L 10/29/2011 - 17:24:02: [voteban.amxx] Voteban starter |228| 6yJIb6aIII against xD STEAM_0:0:1104480095
L 10/29/2011 - 17:24:17: [voteban.amxx] [AMXX] BANNED: xD, STARTER: |228| 6yJIb6aIII
L 10/29/2011 - 17:24:18: [amxbans.amxx]  Зомби сервер (x_x(O_o)x_x) Go Zombie !!!<0><><> banned xD<STEAM_0:0:1104480095> for 15 minutes (15 minutes). Reason: VIP->|228| 6yJIb6aIII.
L 10/29/2011 - 17:34:17: [voteban.amxx] Voteban starter |228| 6yJIb6aIII against <<PRO>> STEAM_0:4:923676162
L 10/29/2011 - 17:34:32: [voteban.amxx] [AMXX] BANNED: <<PRO>>, STARTER: |228| 6yJIb6aIII
L 10/29/2011 - 17:34:33: [amxbans.amxx]  Зомби сервер (x_x(O_o)x_x) Go Zombie !!!<0><><> banned <<PRO>><STEAM_0:4:923676162> for 15 minutes (15 minutes). Reason: VIP->|228| 6yJIb6aIII.
L 10/29/2011 - 17:34:38: [voteban.amxx] Voteban starter |228| 6yJIb6aIII against Bleid STEAM_0:0:774622796
L 10/29/2011 - 17:34:53: [voteban.amxx] [AMXX] BANNED: Bleid, STARTER: |228| 6yJIb6aIII
L 10/29/2011 - 17:34:54: [amxbans.amxx]  Зомби сервер (x_x(O_o)x_x) Go Zombie !!!<0><><> banned Bleid<STEAM_0:0:774622796> for 15 minutes (15 minutes). Reason: VIP->|228| 6yJIb6aIII.
L 10/29/2011 - 17:38:42: -------- Mapchange to zm_decline2k --------
L 10/29/2011 - 17:38:43: [admin_amxbans.amxx] Login: "|228| 6yJIb6aIII<2093><STEAM_0:0:1292803525><>" became an admin (account "|228| 6yJIb6aIII") (access "t") (address "178.127.18.192")
L 10/29/2011 - 17:38:44: [amxbans.amxx] [AMXBANS] AMXBans 5.0 is online
L 10/29/2011 - 17:51:47: [voteban.amxx] Voteban starter |228| 6yJIb6aIII against <<<!!!AVAR!!!>>> STEAM_0:0:386745087
L 10/29/2011 - 17:52:02: [voteban.amxx] [AMXX] BANNED: <<<!!!AVAR!!!>>>, STARTER: |228| 6yJIb6aIII
L 10/29/2011 - 17:52:03: [amxbans.amxx]  Зомби сервер (x_x(O_o)x_x) Go Zombie !!!<0><><> banned <<<!!!AVAR!!!>>><STEAM_0:0:386745087> for 15 minutes (15 minutes). Reason: VIP->|228| 6yJIb6aIII.
L 10/29/2011 - 17:59:47: -------- Mapchange to zm_dwarf --------
L 10/29/2011 - 17:59:48: [admin_amxbans.amxx] Login: "|228| 6yJIb6aIII<2093><STEAM_0:0:1292803525><>" became an admin (account "|228| 6yJIb6aIII") (access "t") (address "178.127.18.192")
L 10/29/2011 - 17:59:49: [amxbans.amxx] [AMXBANS] AMXBans 5.0 is online
L 10/29/2011 - 18:12:05: [admin_amxbans.amxx] Login: "I bet u look good on dancefloor<2218><STEAM_0:0:44643826><>" became an admin (account "172.23.65.13") (access "l") (address "172.23.65.13")
L 10/29/2011 - 18:19:48: -------- Mapchange to zm_neris --------
L 10/29/2011 - 18:19:49: [admin_amxbans.amxx] Login: "I bet u look good on dancefloor<2218><STEAM_0:0:44643826><>" became an admin (account "172.23.65.13") (access "l") (address "172.23.65.13")
L 10/29/2011 - 18:19:49: [admin_amxbans.amxx] Login: "|228| 6yJIb6aIII<2093><STEAM_0:0:1292803525><>" became an admin (account "|228| 6yJIb6aIII") (access "t") (address "178.127.18.192")
L 10/29/2011 - 18:19:50: [amxbans.amxx] [AMXBANS] AMXBans 5.0 is online
L 10/29/2011 - 18:26:28: [admincmd.amxx] Cmd: "I bet u look good on dancefloor<2218><STEAM_0:0:44643826><>" server console (cmdline "amx_ban 60 shot lox")
L 10/29/2011 - 18:26:29: [amxbans.amxx]  Зомби сервер (x_x(O_o)x_x) Go Zombie !!!<0><><> banned SHOT<STEAM_0:4:1804284115> for 1 hour (60 minutes). Reason: lox.
L 10/29/2011 - 18:32:38: [amxbans.amxx] [Amxbans] Query failed!
L 10/29/2011 - 18:32:38: [amxbans.amxx] [Amxbans] Threaded query error, location: 18
L 10/29/2011 - 18:32:38: [amxbans.amxx] [Amxbans] Message: You have an error in your SQL syntax; check the manual that corresponds to your MySQL server version for the right syntax to use near ''amxba' at line 1 (1064)
L 10/29/2011 - 18:32:38: [amxbans.amxx] [Amxbans] Query statement: 
L 10/29/2011 - 18:39:48: -------- Mapchange to zm_deadly_assault --------
L 10/29/2011 - 18:39:50: [amxbans.amxx] [AMXBANS] AMXBans 5.0 is online
L 10/29/2011 - 18:39:55: [amxbans.amxx] [Amxbans] Query failed!
L 10/29/2011 - 18:39:55: [amxbans.amxx] [Amxbans] Threaded query error, location: 18
L 10/29/2011 - 18:39:55: [amxbans.amxx] [Amxbans] Message: You have an error in your SQL syntax; check the manual that corresponds to your MySQL server version for the right syntax to use near ''amxba' at line 1 (1064)
L 10/29/2011 - 18:39:55: [amxbans.amxx] [Amxbans] Query statement: 
L 10/29/2011 - 18:54:50: [amxbans.amxx] [Amxbans] Query failed!
L 10/29/2011 - 18:54:50: [amxbans.amxx] [Amxbans] Threaded query error, location: 18
L 10/29/2011 - 18:54:50: [amxbans.amxx] [Amxbans] Message: You have an error in your SQL syntax; check the manual that corresponds to your MySQL server version for the right syntax to use near ''Bantime expir' at line 1 (1064)
L 10/29/2011 - 18:54:50: [amxbans.amxx] [Amxbans] Query statement: 
L 10/29/2011 - 19:01:31: -------- Mapchange to zm_dust_brick_b1_fx --------
L 10/29/2011 - 19:01:33: [amxbans.amxx] [AMXBANS] AMXBans 5.0 is online
L 10/29/2011 - 19:01:39: [amxbans.amxx] [Amxbans] Query failed!
L 10/29/2011 - 19:01:39: [amxbans.amxx] [Amxbans] Threaded query error, location: 18
L 10/29/2011 - 19:01:39: [amxbans.amxx] [Amxbans] Message: You have an error in your SQL syntax; check the manual that corresponds to your MySQL server version for the right syntax to use near ''amxba' at line 1 (1064)
L 10/29/2011 - 19:01:39: [amxbans.amxx] [Amxbans] Query statement: 
L 10/29/2011 - 19:01:39: [amxbans.amxx] [Amxbans] Query failed!
L 10/29/2011 - 19:01:39: [amxbans.amxx] [Amxbans] Threaded query error, location: 18
L 10/29/2011 - 19:01:39: [amxbans.amxx] [Amxbans] Message: You have an error in your SQL syntax; check the manual that corresponds to your MySQL server version for the right syntax to use near ''Bantime expir' at line 1 (1064)
L 10/29/2011 - 19:01:39: [amxbans.amxx] [Amxbans] Query statement: 
L 10/29/2011 - 19:23:58: -------- Mapchange to zm_666_brick --------
L 10/29/2011 - 19:24:00: [amxbans.amxx] [AMXBANS] AMXBans 5.0 is online
L 10/29/2011 - 19:24:07: [amxbans.amxx] [Amxbans] Query failed!
L 10/29/2011 - 19:24:07: [amxbans.amxx] [Amxbans] Threaded query error, location: 18
L 10/29/2011 - 19:24:07: [amxbans.amxx] [Amxbans] Message: You have an error in your SQL syntax; check the manual that corresponds to your MySQL server version for the right syntax to use near ''Bantime expir' at line 1 (1064)
L 10/29/2011 - 19:24:07: [amxbans.amxx] [Amxbans] Query statement: 
L 10/29/2011 - 19:24:08: [amxbans.amxx] [Amxbans] Query failed!
L 10/29/2011 - 19:24:08: [amxbans.amxx] [Amxbans] Threaded query error, location: 18
L 10/29/2011 - 19:24:08: [amxbans.amxx] [Amxbans] Message: You have an error in your SQL syntax; check the manual that corresponds to your MySQL server version for the right syntax to use near ''Bantime expir' at line 1 (1064)
L 10/29/2011 - 19:24:08: [amxbans.amxx] [Amxbans] Query statement: 
L 10/29/2011 - 19:32:55: [admin_amxbans.amxx] Login: "JITO<2332><STEAM_0:0:1836044300><>" became an admin (account "JITO") (access "t") (address "95.55.63.254")
L 10/29/2011 - 19:34:55: [admin_amxbans.amxx] Login: "Lenusjka<2333><STEAM_0:4:1429483121><>" became an admin (account "Lenusjka") (access "eqt") (address "91.190.52.3")
L 10/29/2011 - 19:37:38: [voteban.amxx] Voteban starter Lenusjka against <<PRO>> STEAM_0:4:923676162
L 10/29/2011 - 19:37:53: [voteban.amxx] [AMXX] BANNED: <<PRO>>, STARTER: Lenusjka
L 10/29/2011 - 19:37:54: [amxbans.amxx]  Зомби сервер (x_x(O_o)x_x) Go Zombie !!!<0><><> banned <<PRO>><STEAM_0:4:923676162> for 15 minutes (15 minutes). Reason: VIP->Lenusjka.
L 10/29/2011 - 19:40:38: [voteban.amxx] Voteban starter JITO against had3s STEAM_0:4:1271353335
L 10/29/2011 - 19:40:53: [voteban.amxx] [AMXX] BANNED: had3s, STARTER: JITO
L 10/29/2011 - 19:40:55: [amxbans.amxx]  Зомби сервер (x_x(O_o)x_x) Go Zombie !!!<0><><> banned had3s<STEAM_0:4:1271353335> for 15 minutes (15 minutes). Reason: VIP->JITO.
L 10/29/2011 - 19:44:10: [amxbans.amxx] [Amxbans] Query failed!
L 10/29/2011 - 19:44:10: [amxbans.amxx] [Amxbans] Threaded query error, location: 18
L 10/29/2011 - 19:44:10: [amxbans.amxx] [Amxbans] Message: You have an error in your SQL syntax; check the manual that corresponds to your MySQL server version for the right syntax to use near ''amxba' at line 1 (1064)
L 10/29/2011 - 19:44:10: [amxbans.amxx] [Amxbans] Query statement: 
L 10/29/2011 - 19:45:58: [amxbans.amxx] [Amxbans] Query failed!
L 10/29/2011 - 19:45:58: [amxbans.amxx] [Amxbans] Threaded query error, location: 18
L 10/29/2011 - 19:45:58: [amxbans.amxx] [Amxbans] Message: You have an error in your SQL syntax; check the manual that corresponds to your MySQL server version for the right syntax to use near ''amxba' at line 1 (1064)
L 10/29/2011 - 19:45:58: [amxbans.amxx] [Amxbans] Query statement: 
L 10/29/2011 - 19:47:03: [amxbans.amxx] [Amxbans] Query failed!
L 10/29/2011 - 19:47:03: [amxbans.amxx] [Amxbans] Threaded query error, location: 18
L 10/29/2011 - 19:47:03: [amxbans.amxx] [Amxbans] Message: You have an error in your SQL syntax; check the manual that corresponds to your MySQL server version for the right syntax to use near ''amxba' at line 1 (1064)
L 10/29/2011 - 19:47:03: [amxbans.amxx] [Amxbans] Query statement: 
L 10/29/2011 - 19:47:19: [amxbans.amxx] [Amxbans] Query failed!
L 10/29/2011 - 19:47:19: [amxbans.amxx] [Amxbans] Threaded query error, location: 18
L 10/29/2011 - 19:47:19: [amxbans.amxx] [Amxbans] Message: You have an error in your SQL syntax; check the manual that corresponds to your MySQL server version for the right syntax to use near ''amxba' at line 1 (1064)
L 10/29/2011 - 19:47:19: [amxbans.amxx] [Amxbans] Query statement: 
L 10/29/2011 - 19:55:37: -------- Mapchange to zm_fdust2x2 --------
L 10/29/2011 - 19:55:37: [admin_amxbans.amxx] Login: "JITO<2332><STEAM_0:0:1836044300><>" became an admin (account "JITO") (access "t") (address "95.55.63.254")
L 10/29/2011 - 19:55:38: [admin_amxbans.amxx] Login: "Lenusjka<2333><STEAM_0:4:1429483121><>" became an admin (account "Lenusjka") (access "eqt") (address "91.190.52.3")
L 10/29/2011 - 19:55:38: [amxbans.amxx] [AMXBANS] AMXBans 5.0 is online
L 10/29/2011 - 19:55:44: [amxbans.amxx] [Amxbans] Query failed!
L 10/29/2011 - 19:55:44: [amxbans.amxx] [Amxbans] Threaded query error, location: 18
L 10/29/2011 - 19:55:44: [amxbans.amxx] [Amxbans] Message: You have an error in your SQL syntax; check the manual that corresponds to your MySQL server version for the right syntax to use near ''amxba' at line 1 (1064)
L 10/29/2011 - 19:55:44: [amxbans.amxx] [Amxbans] Query statement: 
L 10/29/2011 - 19:56:20: [voteban.amxx] Voteban starter JITO against dead_can_dance STEAM_0:0:2093006559
L 10/29/2011 - 19:56:35: [voteban.amxx] [AMXX] BANNED: dead_can_dance, STARTER: JITO
L 10/29/2011 - 19:56:36: [amxbans.amxx]  Зомби сервер (x_x(O_o)x_x) Go Zombie !!!<0><><> banned dead_can_dance<STEAM_0:0:2093006559> for 15 minutes (15 minutes). Reason: VIP->JITO.
L 10/29/2011 - 20:00:56: [admin_amxbans.amxx] Login: "Drey<2370><STEAM_0:0:41300771><>" became an admin (account "Drey") (access "t") (address "89.222.180.227")
L 10/29/2011 - 20:04:38: [amxbans.amxx] [Amxbans] Query failed!
L 10/29/2011 - 20:04:38: [amxbans.amxx] [Amxbans] Threaded query error, location: 18
L 10/29/2011 - 20:04:38: [amxbans.amxx] [Amxbans] Message: You have an error in your SQL syntax; check the manual that corresponds to your MySQL server version for the right syntax to use near ''amxba' at line 1 (1064)
L 10/29/2011 - 20:04:38: [amxbans.amxx] [Amxbans] Query statement: 
L 10/29/2011 - 20:10:39: [voteban.amxx] Voteban starter JITO against AngelofDeath STEAM_0:0:21724837
L 10/29/2011 - 20:10:54: [voteban.amxx] [AMXX] BANNED: AngelofDeath, STARTER: JITO
L 10/29/2011 - 20:10:56: [amxbans.amxx]  Зомби сервер (x_x(O_o)x_x) Go Zombie !!!<0><><> banned AngelofDeath<STEAM_0:0:21724837> for 15 minutes (15 minutes). Reason: VIP->JITO.
L 10/29/2011 - 20:16:09: -------- Mapchange to zm_303 --------
L 10/29/2011 - 20:16:10: [admin_amxbans.amxx] Login: "Drey<2370><STEAM_0:0:41300771><>" became an admin (account "Drey") (access "t") (address "89.222.180.227")
L 10/29/2011 - 20:16:10: [admin_amxbans.amxx] Login: "JITO<2332><STEAM_0:0:1836044300><>" became an admin (account "JITO") (access "t") (address "95.55.63.254")
L 10/29/2011 - 20:16:10: [admin_amxbans.amxx] Login: "Lenusjka<2333><STEAM_0:4:1429483121><>" became an admin (account "Lenusjka") (access "eqt") (address "91.190.52.3")
L 10/29/2011 - 20:16:11: [amxbans.amxx] [AMXBANS] AMXBans 5.0 is online
L 10/29/2011 - 20:16:19: [amxbans.amxx] [Amxbans] Query failed!
L 10/29/2011 - 20:16:19: [amxbans.amxx] [Amxbans] Threaded query error, location: 18
L 10/29/2011 - 20:16:19: [amxbans.amxx] [Amxbans] Message: You have an error in your SQL syntax; check the manual that corresponds to your MySQL server version for the right syntax to use near ''amxba' at line 1 (1064)
L 10/29/2011 - 20:16:19: [amxbans.amxx] [Amxbans] Query statement: 
L 10/29/2011 - 20:16:19: [amxbans.amxx] [Amxbans] Query failed!
L 10/29/2011 - 20:16:19: [amxbans.amxx] [Amxbans] Threaded query error, location: 18
L 10/29/2011 - 20:16:19: [amxbans.amxx] [Amxbans] Message: You have an error in your SQL syntax; check the manual that corresponds to your MySQL server version for the right syntax to use near ''amxba' at line 1 (1064)
L 10/29/2011 - 20:16:19: [amxbans.amxx] [Amxbans] Query statement: 
L 10/29/2011 - 20:16:20: [amxbans.amxx] [Amxbans] Query failed!
L 10/29/2011 - 20:16:20: [amxbans.amxx] [Amxbans] Threaded query error, location: 18
L 10/29/2011 - 20:16:20: [amxbans.amxx] [Amxbans] Message: You have an error in your SQL syntax; check the manual that corresponds to your MySQL server version for the right syntax to use near ''amxba' at line 1 (1064)
L 10/29/2011 - 20:16:20: [amxbans.amxx] [Amxbans] Query statement: 
L 10/29/2011 - 20:16:51: [amxbans.amxx] [Amxbans] Query failed!
L 10/29/2011 - 20:16:51: [amxbans.amxx] [Amxbans] Threaded query error, location: 18
L 10/29/2011 - 20:16:51: [amxbans.amxx] [Amxbans] Message: You have an error in your SQL syntax; check the manual that corresponds to your MySQL server version for the right syntax to use near ''amxba' at line 1 (1064)
L 10/29/2011 - 20:16:51: [amxbans.amxx] [Amxbans] Query statement: 
L 10/29/2011 - 20:22:06: [amxbans.amxx] [Amxbans] Query failed!
L 10/29/2011 - 20:22:06: [amxbans.amxx] [Amxbans] Threaded query error, location: 18
L 10/29/2011 - 20:22:06: [amxbans.amxx] [Amxbans] Message: You have an error in your SQL syntax; check the manual that corresponds to your MySQL server version for the right syntax to use near ''amxba' at line 1 (1064)
L 10/29/2011 - 20:22:06: [amxbans.amxx] [Amxbans] Query statement: 
L 10/29/2011 - 20:26:47: [admincmd.amxx] Cmd: "Lenusjka<2333><STEAM_0:4:1429483121><>" slap with 0 damage "<<PRO>><2372><STEAM_0:4:923676162><>"
L 10/29/2011 - 20:27:02: [admincmd.amxx] Cmd: "Lenusjka<2333><STEAM_0:4:1429483121><>" slap with 0 damage "<<PRO>><2372><STEAM_0:4:923676162><>"
L 10/29/2011 - 20:36:14: [admin_amxbans.amxx] Login: "[BlackWolf]Camelot<2400><STEAM_0:4:1417253489><>" became an admin (account "[BlackWolf]Camelot") (access "t") (address "91.198.175.1")
L 10/29/2011 - 20:36:41: [voteban.amxx] Voteban starter [BlackWolf]Camelot against q>_<p*PeJlemeshka :xD STEAM_0:4:1474521305
L 10/29/2011 - 20:36:56: [voteban.amxx] [AMXX] BANNED: q>_<p*PeJlemeshka :xD, STARTER: [BlackWolf]Camelot
L 10/29/2011 - 20:37:31: -------- Mapchange to 016 --------
L 10/29/2011 - 20:37:32: [admin_amxbans.amxx] Login: "Drey<2370><STEAM_0:0:41300771><>" became an admin (account "Drey") (access "t") (address "89.222.180.227")
L 10/29/2011 - 20:37:32: [admin_amxbans.amxx] Login: "[BlackWolf]Camelot<2400><STEAM_0:4:1417253489><>" became an admin (account "[BlackWolf]Camelot") (access "t") (address "91.198.175.1")
L 10/29/2011 - 20:37:32: [admin_amxbans.amxx] Login: "Lenusjka<2333><STEAM_0:4:1429483121><>" became an admin (account "Lenusjka") (access "eqt") (address "91.190.52.3")
L 10/29/2011 - 20:37:33: [amxbans.amxx] [AMXBANS] AMXBans 5.0 is online
L 10/29/2011 - 20:37:38: [amxbans.amxx] [Amxbans] Query failed!
L 10/29/2011 - 20:37:38: [amxbans.amxx] [Amxbans] Threaded query error, location: 18
L 10/29/2011 - 20:37:38: [amxbans.amxx] [Amxbans] Message: You have an error in your SQL syntax; check the manual that corresponds to your MySQL server version for the right syntax to use near ''amxba' at line 1 (1064)
L 10/29/2011 - 20:37:38: [amxbans.amxx] [Amxbans] Query statement: 
L 10/29/2011 - 20:39:23: [voteban.amxx] Voteban starter Drey against q>_<p*PeJlemeshka :xD STEAM_0:4:1474521305
L 10/29/2011 - 20:39:38: [voteban.amxx] [AMXX] BANNED: q>_<p*PeJlemeshka :xD, STARTER: Drey
L 10/29/2011 - 20:47:07: [voteban.amxx] Voteban starter Drey against VEG^_^ETA [OBI VAN KENOBI]TEAM STEAM_0:4:533538032
L 10/29/2011 - 20:47:22: [voteban.amxx] [AMXX] BANNED: VEG^_^ETA [OBI VAN KENOBI]TEAM, STARTER: Drey
L 10/29/2011 - 20:47:23: [amxbans.amxx]  Зомби сервер (x_x(O_o)x_x) Go Zombie !!!<0><><> banned VEG^_^ETA [OBI VAN KENOBI]TEAM<STEAM_0:4:533538032> for 15 minutes (15 minutes). Reason: VIP->Drey.
L 10/29/2011 - 20:47:40: [amxbans.amxx] [Amxbans] Query failed!
L 10/29/2011 - 20:47:40: [amxbans.amxx] [Amxbans] Threaded query error, location: 18
L 10/29/2011 - 20:47:40: [amxbans.amxx] [Amxbans] Message: You have an error in your SQL syntax; check the manual that corresponds to your MySQL server version for the right syntax to use near ''amxb' at line 1 (1064)
L 10/29/2011 - 20:47:40: [amxbans.amxx] [Amxbans] Query statement: 
L 10/29/2011 - 21:03:03: [voteban.amxx] Voteban starter Drey against VEG^_^ETA [OBI VAN KENOBI]TEAM STEAM_0:4:533538032
L 10/29/2011 - 21:03:18: [voteban.amxx] [AMXX] BANNED: VEG^_^ETA [OBI VAN KENOBI]TEAM, STARTER: Drey
L 10/29/2011 - 21:03:19: [amxbans.amxx]  Зомби сервер (x_x(O_o)x_x) Go Zombie !!!<0><><> banned VEG^_^ETA [OBI VAN KENOBI]TEAM<STEAM_0:4:533538032> for 15 minutes (15 minutes). Reason: VIP->Drey.
L 10/29/2011 - 21:08:21: -------- Mapchange to ze_jurassicpark --------
L 10/29/2011 - 21:08:22: [admin_amxbans.amxx] Login: "Drey<2370><STEAM_0:0:41300771><>" became an admin (account "Drey") (access "t") (address "89.222.180.227")
L 10/29/2011 - 21:08:23: [amxbans.amxx] [AMXBANS] AMXBans 5.0 is online
L 10/29/2011 - 21:23:30: -------- Mapchange to zm_caca --------
L 10/29/2011 - 21:23:31: [amxbans.amxx] [AMXBANS] AMXBans 5.0 is online
L 10/29/2011 - 21:34:16: [amxbans.amxx] [Amxbans] Query failed!
L 10/29/2011 - 21:34:16: [amxbans.amxx] [Amxbans] Threaded query error, location: 18
L 10/29/2011 - 21:34:16: [amxbans.amxx] [Amxbans] Message: You have an error in your SQL syntax; check the manual that corresponds to your MySQL server version for the right syntax to use near ''amxban' at line 1 (1064)
L 10/29/2011 - 21:34:16: [amxbans.amxx] [Amxbans] Query statement: 
L 10/29/2011 - 21:35:09: [amxbans.amxx] [Amxbans] Query failed!
L 10/29/2011 - 21:35:09: [amxbans.amxx] [Amxbans] Threaded query error, location: 18
L 10/29/2011 - 21:35:09: [amxbans.amxx] [Amxbans] Message: You have an error in your SQL syntax; check the manual that corresponds to your MySQL server version for the right syntax to use near ''amxban' at line 1 (1064)
L 10/29/2011 - 21:35:09: [amxbans.amxx] [Amxbans] Query statement: 
L 10/29/2011 - 21:35:39: [admin_amxbans.amxx] Login: "Kenny<2494><STEAM_0:0:963405193><>" became an admin (account "Kenny") (access "abcdefgijmnopqtu") (address "109.161.119.74")
L 10/29/2011 - 21:37:14: [amxbans.amxx] [Amxbans] Query failed!
L 10/29/2011 - 21:37:14: [amxbans.amxx] [Amxbans] Threaded query error, location: 18
L 10/29/2011 - 21:37:14: [amxbans.amxx] [Amxbans] Message: You have an error in your SQL syntax; check the manual that corresponds to your MySQL server version for the right syntax to use near ''amxb' at line 1 (1064)
L 10/29/2011 - 21:37:14: [amxbans.amxx] [Amxbans] Query statement: 
L 10/29/2011 - 21:44:41: -------- Mapchange to ze_egypt --------
L 10/29/2011 - 21:44:43: [amxbans.amxx] [AMXBANS] AMXBans 5.0 is online
L 10/29/2011 - 21:44:47: [amxbans.amxx] [Amxbans] Query failed!
L 10/29/2011 - 21:44:47: [amxbans.amxx] [Amxbans] Threaded query error, location: 18
L 10/29/2011 - 21:44:47: [amxbans.amxx] [Amxbans] Message: You have an error in your SQL syntax; check the manual that corresponds to your MySQL server version for the right syntax to use near ''amxb' at line 1 (1064)
L 10/29/2011 - 21:44:47: [amxbans.amxx] [Amxbans] Query statement: 
L 10/29/2011 - 21:44:52: [amxbans.amxx] [Amxbans] Query failed!
L 10/29/2011 - 21:44:52: [amxbans.amxx] [Amxbans] Threaded query error, location: 18
L 10/29/2011 - 21:44:52: [amxbans.amxx] [Amxbans] Message: You have an error in your SQL syntax; check the manual that corresponds to your MySQL server version for the right syntax to use near ''amxb' at line 1 (1064)
L 10/29/2011 - 21:44:52: [amxbans.amxx] [Amxbans] Query statement: 
L 10/29/2011 - 22:01:32: -------- Mapchange to zm_cpl_mill_kamp --------
L 10/29/2011 - 22:01:33: [amxbans.amxx] [AMXBANS] AMXBans 5.0 is online
L 10/29/2011 - 22:22:22: -------- Mapchange to ze_lift_escape_b5 --------
L 10/29/2011 - 22:22:24: [amxbans.amxx] [AMXBANS] AMXBans 5.0 is online
L 10/29/2011 - 22:22:27: [admin_amxbans.amxx] Login: "JITO<2598><STEAM_0:0:1836044300><>" became an admin (account "JITO") (access "t") (address "91.122.186.246")
L 10/29/2011 - 22:23:25: [voteban.amxx] Voteban starter JITO against KOT STEAM_0:0:1207290078
L 10/29/2011 - 22:23:41: [voteban.amxx] [AMXX] BANNED: KOT, STARTER: JITO
L 10/29/2011 - 22:23:42: [amxbans.amxx]  Зомби сервер (x_x(O_o)x_x) Go Zombie !!!<0><><> banned KOT<STEAM_0:0:1207290078> for 15 minutes (15 minutes). Reason: VIP->JITO.
L 10/29/2011 - 22:28:36: [amxbans.amxx] [Amxbans] Query failed!
L 10/29/2011 - 22:28:36: [amxbans.amxx] [Amxbans] Threaded query error, location: 18
L 10/29/2011 - 22:28:36: [amxbans.amxx] [Amxbans] Message: You have an error in your SQL syntax; check the manual that corresponds to your MySQL server version for the right syntax to use near ''amxbans' at line 1 (1064)
L 10/29/2011 - 22:28:36: [amxbans.amxx] [Amxbans] Query statement: 
L 10/29/2011 - 22:38:44: -------- Mapchange to zm_decline2k --------
L 10/29/2011 - 22:38:46: [amxbans.amxx] [AMXBANS] AMXBans 5.0 is online
L 10/29/2011 - 22:38:49: [amxbans.amxx] [Amxbans] Query failed!
L 10/29/2011 - 22:38:49: [amxbans.amxx] [Amxbans] Threaded query error, location: 18
L 10/29/2011 - 22:38:49: [amxbans.amxx] [Amxbans] Message: You have an error in your SQL syntax; check the manual that corresponds to your MySQL server version for the right syntax to use near ''amxbans' at line 1 (1064)
L 10/29/2011 - 22:38:49: [amxbans.amxx] [Amxbans] Query statement: 
L 10/29/2011 - 22:46:23: [admin_amxbans.amxx] Login: "koplo<2630><STEAM_0:0:889229784><>" became an admin (account "91.192.190.142") (access "abcdefghijklmnopqstu") (address "91.192.190.142")
L 10/29/2011 - 23:01:35: -------- Mapchange to zm_alfresco_v2 --------
L 10/29/2011 - 23:01:35: [admin_amxbans.amxx] Login: "koplo<2630><STEAM_0:0:889229784><>" became an admin (account "91.192.190.142") (access "abcdefghijklmnopqstu") (address "91.192.190.142")
L 10/29/2011 - 23:01:36: [amxbans.amxx] [AMXBANS] AMXBans 5.0 is online
L 10/29/2011 - 23:01:40: [amxbans.amxx] [Amxbans] Query failed!
L 10/29/2011 - 23:01:40: [amxbans.amxx] [Amxbans] Threaded query error, location: 18
L 10/29/2011 - 23:01:40: [amxbans.amxx] [Amxbans] Message: You have an error in your SQL syntax; check the manual that corresponds to your MySQL server version for the right syntax to use near ''amxbans' at line 1 (1064)
L 10/29/2011 - 23:01:40: [amxbans.amxx] [Amxbans] Query statement: 
L 10/29/2011 - 23:21:47: -------- Mapchange to zm_dwarf --------
L 10/29/2011 - 23:21:48: [admin_amxbans.amxx] Login: "koplo<2630><STEAM_0:0:889229784><>" became an admin (account "91.192.190.142") (access "abcdefghijklmnopqstu") (address "91.192.190.142")
L 10/29/2011 - 23:21:49: [amxbans.amxx] [AMXBANS] AMXBans 5.0 is online
L 10/29/2011 - 23:21:53: [amxbans.amxx] [Amxbans] Query failed!
L 10/29/2011 - 23:21:53: [amxbans.amxx] [Amxbans] Threaded query error, location: 18
L 10/29/2011 - 23:21:53: [amxbans.amxx] [Amxbans] Message: You have an error in your SQL syntax; check the manual that corresponds to your MySQL server version for the right syntax to use near ''amxbans' at line 1 (1064)
L 10/29/2011 - 23:21:53: [amxbans.amxx] [Amxbans] Query statement: 
L 10/29/2011 - 23:25:30: [amxbans.amxx] [Amxbans] Query failed!
L 10/29/2011 - 23:25:30: [amxbans.amxx] [Amxbans] Threaded query error, location: 18
L 10/29/2011 - 23:25:30: [amxbans.amxx] [Amxbans] Message: You have an error in your SQL syntax; check the manual that corresponds to your MySQL server version for the right syntax to use near ''amxba' at line 1 (1064)
L 10/29/2011 - 23:25:30: [amxbans.amxx] [Amxbans] Query statement: 
L 10/29/2011 - 23:43:48: -------- Mapchange to 016 --------
L 10/29/2011 - 23:43:49: [admin_amxbans.amxx] Login: "koplo<2630><STEAM_0:0:889229784><>" became an admin (account "91.192.190.142") (access "abcdefghijklmnopqstu") (address "91.192.190.142")
L 10/29/2011 - 23:43:50: [amxbans.amxx] [AMXBANS] AMXBans 5.0 is online
L 10/29/2011 - 23:43:55: [amxbans.amxx] [Amxbans] Query failed!
L 10/29/2011 - 23:43:55: [amxbans.amxx] [Amxbans] Threaded query error, location: 18
L 10/29/2011 - 23:43:55: [amxbans.amxx] [Amxbans] Message: You have an error in your SQL syntax; check the manual that corresponds to your MySQL server version for the right syntax to use near ''amxba' at line 1 (1064)
L 10/29/2011 - 23:43:55: [amxbans.amxx] [Amxbans] Query statement: 
L 10/29/2011 - 23:56:41: [amxbans.amxx] [Amxbans] Query failed!
L 10/29/2011 - 23:56:41: [amxbans.amxx] [Amxbans] Threaded query error, location: 18
L 10/29/2011 - 23:56:41: [amxbans.amxx] [Amxbans] Message: You have an error in your SQL syntax; check the manual that corresponds to your MySQL server version for the right syntax to use near ''amxbans' at line 1 (1064)
L 10/29/2011 - 23:56:41: [amxbans.amxx] [Amxbans] Query statement: 
