L 10/31/2011 - 00:25:01: [admin_amxbans.amxx] Login: "Narkot1k<4211><STEAM_0:0:1967094010><>" became an admin (account "Narkot1k") (access "t") (address "95.220.125.246")
L 10/31/2011 - 00:25:12: [amxbans.amxx] [Amxbans] Query failed!
L 10/31/2011 - 00:25:12: [amxbans.amxx] [Amxbans] Threaded query error, location: 18
L 10/31/2011 - 00:25:12: [amxbans.amxx] [Amxbans] Message: You have an error in your SQL syntax; check the manual that corresponds to your MySQL server version for the right syntax to use near ''amxbans' at line 1 (1064)
L 10/31/2011 - 00:25:12: [amxbans.amxx] [Amxbans] Query statement: 
L 10/31/2011 - 00:37:38: [voteban.amxx] Voteban starter Drey against kak kak to a ?! lox STEAM_0:4:534942065
L 10/31/2011 - 00:37:53: [voteban.amxx] [AMXX] The voteban dit not sucseed.
L 10/31/2011 - 00:57:32: -------- Mapchange to 016 --------
L 10/31/2011 - 00:57:34: [amxbans.amxx] [AMXBANS] AMXBans 5.0 is online
L 10/31/2011 - 01:00:32: -------- Mapchange to awp_city --------
L 10/31/2011 - 01:00:34: [amxbans.amxx] [AMXBANS] AMXBans 5.0 is online
L 10/31/2011 - 01:17:41: -------- Mapchange to zm_alfresco_v2 --------
L 10/31/2011 - 01:17:43: [amxbans.amxx] [AMXBANS] AMXBans 5.0 is online
L 10/31/2011 - 01:20:41: -------- Mapchange to awp_city --------
L 10/31/2011 - 01:20:43: [amxbans.amxx] [AMXBANS] AMXBans 5.0 is online
L 10/31/2011 - 01:22:03: [amxbans.amxx] [Amxbans] Query failed!
L 10/31/2011 - 01:22:03: [amxbans.amxx] [Amxbans] Threaded query error, location: 18
L 10/31/2011 - 01:22:03: [amxbans.amxx] [Amxbans] Message: You have an error in your SQL syntax; check the manual that corresponds to your MySQL server version for the right syntax to use near ''amxba' at line 1 (1064)
L 10/31/2011 - 01:22:03: [amxbans.amxx] [Amxbans] Query statement: 
L 10/31/2011 - 01:29:26: -------- Mapchange to ze_lift_escape_b5 --------
L 10/31/2011 - 01:29:28: [amxbans.amxx] [AMXBANS] AMXBans 5.0 is online
L 10/31/2011 - 01:29:29: [amxbans.amxx] [Amxbans] Query failed!
L 10/31/2011 - 01:29:29: [amxbans.amxx] [Amxbans] Threaded query error, location: 18
L 10/31/2011 - 01:29:29: [amxbans.amxx] [Amxbans] Message: You have an error in your SQL syntax; check the manual that corresponds to your MySQL server version for the right syntax to use near ''amxba' at line 1 (1064)
L 10/31/2011 - 01:29:29: [amxbans.amxx] [Amxbans] Query statement: 
L 10/31/2011 - 01:36:53: [amxbans.amxx] [Amxbans] Query failed!
L 10/31/2011 - 01:36:53: [amxbans.amxx] [Amxbans] Threaded query error, location: 18
L 10/31/2011 - 01:36:53: [amxbans.amxx] [Amxbans] Message: You have an error in your SQL syntax; check the manual that corresponds to your MySQL server version for the right syntax to use near ''amxba' at line 1 (1064)
L 10/31/2011 - 01:36:53: [amxbans.amxx] [Amxbans] Query statement: 
L 10/31/2011 - 01:39:41: [amxbans.amxx] [Amxbans] Query failed!
L 10/31/2011 - 01:39:41: [amxbans.amxx] [Amxbans] Threaded query error, location: 18
L 10/31/2011 - 01:39:41: [amxbans.amxx] [Amxbans] Message: You have an error in your SQL syntax; check the manual that corresponds to your MySQL server version for the right syntax to use near ''amxban' at line 1 (1064)
L 10/31/2011 - 01:39:41: [amxbans.amxx] [Amxbans] Query statement: 
L 10/31/2011 - 01:39:52: [amxbans.amxx] [Amxbans] Query failed!
L 10/31/2011 - 01:39:52: [amxbans.amxx] [Amxbans] Threaded query error, location: 18
L 10/31/2011 - 01:39:52: [amxbans.amxx] [Amxbans] Message: You have an error in your SQL syntax; check the manual that corresponds to your MySQL server version for the right syntax to use near ''amxban' at line 1 (1064)
L 10/31/2011 - 01:39:52: [amxbans.amxx] [Amxbans] Query statement: 
L 10/31/2011 - 02:02:26: -------- Mapchange to zm_deadly_assault --------
L 10/31/2011 - 02:02:28: [amxbans.amxx] [AMXBANS] AMXBans 5.0 is online
L 10/31/2011 - 02:02:29: [amxbans.amxx] [Amxbans] Query failed!
L 10/31/2011 - 02:02:29: [amxbans.amxx] [Amxbans] Threaded query error, location: 18
L 10/31/2011 - 02:02:29: [amxbans.amxx] [Amxbans] Message: You have an error in your SQL syntax; check the manual that corresponds to your MySQL server version for the right syntax to use near ''amxban' at line 1 (1064)
L 10/31/2011 - 02:02:29: [amxbans.amxx] [Amxbans] Query statement: 
L 10/31/2011 - 02:02:38: [amxbans.amxx] [Amxbans] Query failed!
L 10/31/2011 - 02:02:38: [amxbans.amxx] [Amxbans] Threaded query error, location: 18
L 10/31/2011 - 02:02:38: [amxbans.amxx] [Amxbans] Message: You have an error in your SQL syntax; check the manual that corresponds to your MySQL server version for the right syntax to use near ''amxban' at line 1 (1064)
L 10/31/2011 - 02:02:38: [amxbans.amxx] [Amxbans] Query statement: 
L 10/31/2011 - 02:17:37: -------- Mapchange to awp_city --------
L 10/31/2011 - 02:17:39: [amxbans.amxx] [AMXBANS] AMXBans 5.0 is online
L 10/31/2011 - 02:25:58: -------- Mapchange to zm_cpl_mill_kamp --------
L 10/31/2011 - 02:26:00: [amxbans.amxx] [AMXBANS] AMXBans 5.0 is online
L 10/31/2011 - 02:28:58: -------- Mapchange to awp_city --------
L 10/31/2011 - 02:29:00: [amxbans.amxx] [AMXBANS] AMXBans 5.0 is online
L 10/31/2011 - 02:38:53: -------- Mapchange to awp_city --------
L 10/31/2011 - 02:38:55: [amxbans.amxx] [AMXBANS] AMXBans 5.0 is online
L 10/31/2011 - 02:51:37: -------- Mapchange to awp_city --------
L 10/31/2011 - 02:51:39: [amxbans.amxx] [AMXBANS] AMXBans 5.0 is online
L 10/31/2011 - 03:01:32: -------- Mapchange to zm_666_brick --------
L 10/31/2011 - 03:01:34: [amxbans.amxx] [AMXBANS] AMXBans 5.0 is online
L 10/31/2011 - 03:04:32: -------- Mapchange to awp_city --------
L 10/31/2011 - 03:04:34: [amxbans.amxx] [AMXBANS] AMXBans 5.0 is online
L 10/31/2011 - 03:12:54: -------- Mapchange to zm_caca --------
L 10/31/2011 - 03:12:56: [amxbans.amxx] [AMXBANS] AMXBans 5.0 is online
L 10/31/2011 - 03:15:54: -------- Mapchange to awp_city --------
L 10/31/2011 - 03:15:56: [amxbans.amxx] [AMXBANS] AMXBans 5.0 is online
L 10/31/2011 - 03:25:49: -------- Mapchange to awp_city --------
L 10/31/2011 - 03:25:51: [amxbans.amxx] [AMXBANS] AMXBans 5.0 is online
L 10/31/2011 - 03:35:44: -------- Mapchange to awp_city --------
L 10/31/2011 - 03:35:46: [amxbans.amxx] [AMXBANS] AMXBans 5.0 is online
L 10/31/2011 - 03:45:39: -------- Mapchange to awp_city --------
L 10/31/2011 - 03:45:41: [amxbans.amxx] [AMXBANS] AMXBans 5.0 is online
L 10/31/2011 - 03:55:34: -------- Mapchange to awp_city --------
L 10/31/2011 - 03:55:36: [amxbans.amxx] [AMXBANS] AMXBans 5.0 is online
L 10/31/2011 - 04:05:29: -------- Mapchange to awp_city --------
L 10/31/2011 - 04:05:35: [amxbans.amxx] [AMXBANS] AMXBans 5.0 is online
L 10/31/2011 - 04:21:14: -------- Mapchange to awp_city --------
L 10/31/2011 - 04:21:21: [amxbans.amxx] [AMXBANS] AMXBans 5.0 is online
L 10/31/2011 - 04:37:19: -------- Mapchange to awp_city --------
L 10/31/2011 - 04:37:25: [amxbans.amxx] [AMXBANS] AMXBans 5.0 is online
L 10/31/2011 - 04:43:54: [amxbans.amxx] [Amxbans] Query failed!
L 10/31/2011 - 04:43:54: [amxbans.amxx] [Amxbans] Threaded query error, location: 18
L 10/31/2011 - 04:43:54: [amxbans.amxx] [Amxbans] Message: You have an error in your SQL syntax; check the manual that corresponds to your MySQL server version for the right syntax to use near ''amxban' at line 1 (1064)
L 10/31/2011 - 04:43:54: [amxbans.amxx] [Amxbans] Query statement: 
L 10/31/2011 - 04:44:06: [amxbans.amxx] [Amxbans] Query failed!
L 10/31/2011 - 04:44:06: [amxbans.amxx] [Amxbans] Threaded query error, location: 18
L 10/31/2011 - 04:44:06: [amxbans.amxx] [Amxbans] Message: You have an error in your SQL syntax; check the manual that corresponds to your MySQL server version for the right syntax to use near ''amxban' at line 1 (1064)
L 10/31/2011 - 04:44:06: [amxbans.amxx] [Amxbans] Query statement: 
L 10/31/2011 - 04:49:22: -------- Mapchange to zm_dwarf --------
L 10/31/2011 - 04:49:27: [amxbans.amxx] [AMXBANS] AMXBans 5.0 is online
L 10/31/2011 - 04:49:29: [amxbans.amxx] [Amxbans] Query failed!
L 10/31/2011 - 04:49:29: [amxbans.amxx] [Amxbans] Threaded query error, location: 18
L 10/31/2011 - 04:49:29: [amxbans.amxx] [Amxbans] Message: You have an error in your SQL syntax; check the manual that corresponds to your MySQL server version for the right syntax to use near ''amxban' at line 1 (1064)
L 10/31/2011 - 04:49:29: [amxbans.amxx] [Amxbans] Query statement: 
L 10/31/2011 - 04:49:36: [amxbans.amxx] [Amxbans] Query failed!
L 10/31/2011 - 04:49:36: [amxbans.amxx] [Amxbans] Threaded query error, location: 18
L 10/31/2011 - 04:49:36: [amxbans.amxx] [Amxbans] Message: You have an error in your SQL syntax; check the manual that corresponds to your MySQL server version for the right syntax to use near ''amxban' at line 1 (1064)
L 10/31/2011 - 04:49:36: [amxbans.amxx] [Amxbans] Query statement: 
L 10/31/2011 - 05:09:21: -------- Mapchange to ze_egypt --------
L 10/31/2011 - 05:09:23: [amxbans.amxx] [AMXBANS] AMXBans 5.0 is online
L 10/31/2011 - 05:09:24: [amxbans.amxx] [Amxbans] Query failed!
L 10/31/2011 - 05:09:24: [amxbans.amxx] [Amxbans] Threaded query error, location: 18
L 10/31/2011 - 05:09:24: [amxbans.amxx] [Amxbans] Message: You have an error in your SQL syntax; check the manual that corresponds to your MySQL server version for the right syntax to use near ''amxban' at line 1 (1064)
L 10/31/2011 - 05:09:24: [amxbans.amxx] [Amxbans] Query statement: 
L 10/31/2011 - 05:12:21: -------- Mapchange to awp_city --------
L 10/31/2011 - 05:12:23: [amxbans.amxx] [AMXBANS] AMXBans 5.0 is online
L 10/31/2011 - 05:22:16: -------- Mapchange to awp_city --------
L 10/31/2011 - 05:22:18: [amxbans.amxx] [AMXBANS] AMXBans 5.0 is online
L 10/31/2011 - 05:32:11: -------- Mapchange to awp_city --------
L 10/31/2011 - 05:32:13: [amxbans.amxx] [AMXBANS] AMXBans 5.0 is online
L 10/31/2011 - 05:45:21: -------- Mapchange to awp_city --------
L 10/31/2011 - 05:45:23: [amxbans.amxx] [AMXBANS] AMXBans 5.0 is online
L 10/31/2011 - 05:57:46: -------- Mapchange to awp_city --------
L 10/31/2011 - 05:57:48: [amxbans.amxx] [AMXBANS] AMXBans 5.0 is online
L 10/31/2011 - 06:00:12: -------- Mapchange to awp_city --------
L 10/31/2011 - 06:00:15: -------- Mapchange to zm_alfresco_v2 --------
L 10/31/2011 - 06:00:17: [amxbans.amxx] [AMXBANS] AMXBans 5.0 is online
L 10/31/2011 - 06:00:54: [amxbans.amxx] [Amxbans] Query failed!
L 10/31/2011 - 06:00:54: [amxbans.amxx] [Amxbans] Threaded query error, location: 18
L 10/31/2011 - 06:00:54: [amxbans.amxx] [Amxbans] Message: You have an error in your SQL syntax; check the manual that corresponds to your MySQL server version for the right syntax to use near ''amxban' at line 1 (1064)
L 10/31/2011 - 06:00:54: [amxbans.amxx] [Amxbans] Query statement: 
L 10/31/2011 - 06:03:16: -------- Mapchange to awp_city --------
L 10/31/2011 - 06:03:18: [amxbans.amxx] [AMXBANS] AMXBans 5.0 is online
L 10/31/2011 - 06:03:19: [amxbans.amxx] [Amxbans] Query failed!
L 10/31/2011 - 06:03:19: [amxbans.amxx] [Amxbans] Threaded query error, location: 18
L 10/31/2011 - 06:03:19: [amxbans.amxx] [Amxbans] Message: You have an error in your SQL syntax; check the manual that corresponds to your MySQL server version for the right syntax to use near ''amxban' at line 1 (1064)
L 10/31/2011 - 06:03:19: [amxbans.amxx] [Amxbans] Query statement: 
L 10/31/2011 - 06:13:39: -------- Mapchange to ze_jurassicpark --------
L 10/31/2011 - 06:13:41: [amxbans.amxx] [AMXBANS] AMXBans 5.0 is online
L 10/31/2011 - 06:13:43: [amxbans.amxx] [Amxbans] Query failed!
L 10/31/2011 - 06:13:43: [amxbans.amxx] [Amxbans] Threaded query error, location: 18
L 10/31/2011 - 06:13:43: [amxbans.amxx] [Amxbans] Message: You have an error in your SQL syntax; check the manual that corresponds to your MySQL server version for the right syntax to use near ''amxban' at line 1 (1064)
L 10/31/2011 - 06:13:43: [amxbans.amxx] [Amxbans] Query statement: 
L 10/31/2011 - 06:14:00: [amxbans.amxx] [Amxbans] Query failed!
L 10/31/2011 - 06:14:00: [amxbans.amxx] [Amxbans] Threaded query error, location: 18
L 10/31/2011 - 06:14:00: [amxbans.amxx] [Amxbans] Message: You have an error in your SQL syntax; check the manual that corresponds to your MySQL server version for the right syntax to use near ''amxban' at line 1 (1064)
L 10/31/2011 - 06:14:00: [amxbans.amxx] [Amxbans] Query statement: 
L 10/31/2011 - 06:30:00: -------- Mapchange to zm_303 --------
L 10/31/2011 - 06:30:02: [amxbans.amxx] [AMXBANS] AMXBans 5.0 is online
L 10/31/2011 - 06:30:03: [amxbans.amxx] [Amxbans] Query failed!
L 10/31/2011 - 06:30:03: [amxbans.amxx] [Amxbans] Threaded query error, location: 18
L 10/31/2011 - 06:30:03: [amxbans.amxx] [Amxbans] Message: You have an error in your SQL syntax; check the manual that corresponds to your MySQL server version for the right syntax to use near ''amxban' at line 1 (1064)
L 10/31/2011 - 06:30:03: [amxbans.amxx] [Amxbans] Query statement: 
L 10/31/2011 - 06:30:08: [amxbans.amxx] [Amxbans] Query failed!
L 10/31/2011 - 06:30:08: [amxbans.amxx] [Amxbans] Threaded query error, location: 18
L 10/31/2011 - 06:30:08: [amxbans.amxx] [Amxbans] Message: You have an error in your SQL syntax; check the manual that corresponds to your MySQL server version for the right syntax to use near ''amxban' at line 1 (1064)
L 10/31/2011 - 06:30:08: [amxbans.amxx] [Amxbans] Query statement: 
L 10/31/2011 - 06:51:12: -------- Mapchange to 016 --------
L 10/31/2011 - 06:51:13: [amxbans.amxx] [AMXBANS] AMXBans 5.0 is online
L 10/31/2011 - 06:51:15: [amxbans.amxx] [Amxbans] Query failed!
L 10/31/2011 - 06:51:15: [amxbans.amxx] [Amxbans] Threaded query error, location: 18
L 10/31/2011 - 06:51:15: [amxbans.amxx] [Amxbans] Message: You have an error in your SQL syntax; check the manual that corresponds to your MySQL server version for the right syntax to use near ''amxban' at line 1 (1064)
L 10/31/2011 - 06:51:15: [amxbans.amxx] [Amxbans] Query statement: 
L 10/31/2011 - 06:51:19: [amxbans.amxx] [Amxbans] Query failed!
L 10/31/2011 - 06:51:19: [amxbans.amxx] [Amxbans] Threaded query error, location: 18
L 10/31/2011 - 06:51:19: [amxbans.amxx] [Amxbans] Message: You have an error in your SQL syntax; check the manual that corresponds to your MySQL server version for the right syntax to use near ''amxban' at line 1 (1064)
L 10/31/2011 - 06:51:19: [amxbans.amxx] [Amxbans] Query statement: 
L 10/31/2011 - 07:10:51: -------- Mapchange to awp_city --------
L 10/31/2011 - 07:10:53: [amxbans.amxx] [AMXBANS] AMXBans 5.0 is online
L 10/31/2011 - 07:20:46: -------- Mapchange to awp_city --------
L 10/31/2011 - 07:20:47: [amxbans.amxx] [AMXBANS] AMXBans 5.0 is online
L 10/31/2011 - 07:29:37: -------- Mapchange to zm_zbek --------
L 10/31/2011 - 07:29:39: [amxbans.amxx] [AMXBANS] AMXBans 5.0 is online
L 10/31/2011 - 07:32:37: -------- Mapchange to awp_city --------
L 10/31/2011 - 07:32:39: [amxbans.amxx] [AMXBANS] AMXBans 5.0 is online
L 10/31/2011 - 07:42:32: -------- Mapchange to awp_city --------
L 10/31/2011 - 07:42:34: [amxbans.amxx] [AMXBANS] AMXBans 5.0 is online
L 10/31/2011 - 07:52:27: -------- Mapchange to awp_city --------
L 10/31/2011 - 07:52:29: [amxbans.amxx] [AMXBANS] AMXBans 5.0 is online
L 10/31/2011 - 08:02:22: -------- Mapchange to awp_city --------
L 10/31/2011 - 08:02:24: [amxbans.amxx] [AMXBANS] AMXBans 5.0 is online
L 10/31/2011 - 08:19:52: -------- Mapchange to ze_jurassicpark --------
L 10/31/2011 - 08:19:54: [amxbans.amxx] [AMXBANS] AMXBans 5.0 is online
L 10/31/2011 - 08:35:31: -------- Mapchange to zm_dust_brick_b1_fx --------
L 10/31/2011 - 08:35:33: [amxbans.amxx] [AMXBANS] AMXBans 5.0 is online
L 10/31/2011 - 08:52:56: [amxbans.amxx] [Amxbans] Query failed!
L 10/31/2011 - 08:52:56: [amxbans.amxx] [Amxbans] Threaded query error, location: 18
L 10/31/2011 - 08:52:56: [amxbans.amxx] [Amxbans] Message: You have an error in your SQL syntax; check the manual that corresponds to your MySQL server version for the right syntax to use near ''Bantime expir' at line 1 (1064)
L 10/31/2011 - 08:52:56: [amxbans.amxx] [Amxbans] Query statement: 
L 10/31/2011 - 08:55:47: -------- Mapchange to zm_666_brick --------
L 10/31/2011 - 08:55:48: [amxbans.amxx] [AMXBANS] AMXBans 5.0 is online
L 10/31/2011 - 08:55:52: [amxbans.amxx] [Amxbans] Query failed!
L 10/31/2011 - 08:55:52: [amxbans.amxx] [Amxbans] Threaded query error, location: 18
L 10/31/2011 - 08:55:52: [amxbans.amxx] [Amxbans] Message: You have an error in your SQL syntax; check the manual that corresponds to your MySQL server version for the right syntax to use near ''Bantime expir' at line 1 (1064)
L 10/31/2011 - 08:55:52: [amxbans.amxx] [Amxbans] Query statement: 
L 10/31/2011 - 09:26:44: -------- Mapchange to 016 --------
L 10/31/2011 - 09:26:46: [amxbans.amxx] [AMXBANS] AMXBans 5.0 is online
L 10/31/2011 - 09:59:02: -------- Mapchange to zm_cpl_mill_kamp --------
L 10/31/2011 - 09:59:03: [amxbans.amxx] [AMXBANS] AMXBans 5.0 is online
L 10/31/2011 - 10:20:01: -------- Mapchange to zm_303 --------
L 10/31/2011 - 10:20:03: [amxbans.amxx] [AMXBANS] AMXBans 5.0 is online
L 10/31/2011 - 10:40:17: -------- Mapchange to zm_dwarf --------
L 10/31/2011 - 10:40:19: [amxbans.amxx] [AMXBANS] AMXBans 5.0 is online
L 10/31/2011 - 10:58:15: [amxbans.amxx] [Amxbans] Query failed!
L 10/31/2011 - 10:58:15: [amxbans.amxx] [Amxbans] Threaded query error, location: 18
L 10/31/2011 - 10:58:15: [amxbans.amxx] [Amxbans] Message: You have an error in your SQL syntax; check the manual that corresponds to your MySQL server version for the right syntax to use near ''amxban' at line 1 (1064)
L 10/31/2011 - 10:58:15: [amxbans.amxx] [Amxbans] Query statement: 
L 10/31/2011 - 11:00:55: -------- Mapchange to zm_caca --------
L 10/31/2011 - 11:00:57: [amxbans.amxx] [AMXBANS] AMXBans 5.0 is online
L 10/31/2011 - 11:01:01: [amxbans.amxx] [Amxbans] Query failed!
L 10/31/2011 - 11:01:01: [amxbans.amxx] [Amxbans] Threaded query error, location: 18
L 10/31/2011 - 11:01:01: [amxbans.amxx] [Amxbans] Message: You have an error in your SQL syntax; check the manual that corresponds to your MySQL server version for the right syntax to use near ''amxban' at line 1 (1064)
L 10/31/2011 - 11:01:01: [amxbans.amxx] [Amxbans] Query statement: 
L 10/31/2011 - 11:23:41: -------- Mapchange to zm_alfresco_v2 --------
L 10/31/2011 - 11:23:43: [amxbans.amxx] [AMXBANS] AMXBans 5.0 is online
L 10/31/2011 - 11:23:47: [amxbans.amxx] [Amxbans] Query failed!
L 10/31/2011 - 11:23:47: [amxbans.amxx] [Amxbans] Threaded query error, location: 18
L 10/31/2011 - 11:23:47: [amxbans.amxx] [Amxbans] Message: You have an error in your SQL syntax; check the manual that corresponds to your MySQL server version for the right syntax to use near ''amxban' at line 1 (1064)
L 10/31/2011 - 11:23:47: [amxbans.amxx] [Amxbans] Query statement: 
L 10/31/2011 - 11:46:12: -------- Mapchange to zm_deadly_assault --------
L 10/31/2011 - 11:46:14: [amxbans.amxx] [AMXBANS] AMXBans 5.0 is online
L 10/31/2011 - 12:07:26: -------- Mapchange to ze_egypt --------
L 10/31/2011 - 12:07:27: [amxbans.amxx] [AMXBANS] AMXBans 5.0 is online
L 10/31/2011 - 12:15:22: [amxbans.amxx] [Amxbans] Query failed!
L 10/31/2011 - 12:15:22: [amxbans.amxx] [Amxbans] Threaded query error, location: 18
L 10/31/2011 - 12:15:22: [amxbans.amxx] [Amxbans] Message: You have an error in your SQL syntax; check the manual that corresponds to your MySQL server version for the right syntax to use near ''amxba' at line 1 (1064)
L 10/31/2011 - 12:15:22: [amxbans.amxx] [Amxbans] Query statement: 
L 10/31/2011 - 12:15:28: [amxbans.amxx] [Amxbans] Query failed!
L 10/31/2011 - 12:15:28: [amxbans.amxx] [Amxbans] Threaded query error, location: 18
L 10/31/2011 - 12:15:28: [amxbans.amxx] [Amxbans] Message: You have an error in your SQL syntax; check the manual that corresponds to your MySQL server version for the right syntax to use near ''amxba' at line 1 (1064)
L 10/31/2011 - 12:15:28: [amxbans.amxx] [Amxbans] Query statement: 
L 10/31/2011 - 12:22:56: -------- Mapchange to zm_fdust2x2 --------
L 10/31/2011 - 12:22:57: [amxbans.amxx] [AMXBANS] AMXBans 5.0 is online
L 10/31/2011 - 12:23:01: [amxbans.amxx] [Amxbans] Query failed!
L 10/31/2011 - 12:23:01: [amxbans.amxx] [Amxbans] Threaded query error, location: 18
L 10/31/2011 - 12:23:01: [amxbans.amxx] [Amxbans] Message: You have an error in your SQL syntax; check the manual that corresponds to your MySQL server version for the right syntax to use near ''amxba' at line 1 (1064)
L 10/31/2011 - 12:23:01: [amxbans.amxx] [Amxbans] Query statement: 
L 10/31/2011 - 12:46:02: -------- Mapchange to zm_decline2k --------
L 10/31/2011 - 12:46:03: [amxbans.amxx] [AMXBANS] AMXBans 5.0 is online
L 10/31/2011 - 12:46:09: [amxbans.amxx] [Amxbans] Query failed!
L 10/31/2011 - 12:46:09: [amxbans.amxx] [Amxbans] Threaded query error, location: 18
L 10/31/2011 - 12:46:09: [amxbans.amxx] [Amxbans] Message: You have an error in your SQL syntax; check the manual that corresponds to your MySQL server version for the right syntax to use near ''amxba' at line 1 (1064)
L 10/31/2011 - 12:46:09: [amxbans.amxx] [Amxbans] Query statement: 
L 10/31/2011 - 13:04:24: [amxbans.amxx] [Amxbans] Query failed!
L 10/31/2011 - 13:04:24: [amxbans.amxx] [Amxbans] Threaded query error, location: 18
L 10/31/2011 - 13:04:24: [amxbans.amxx] [Amxbans] Message: You have an error in your SQL syntax; check the manual that corresponds to your MySQL server version for the right syntax to use near ''amxban' at line 1 (1064)
L 10/31/2011 - 13:04:24: [amxbans.amxx] [Amxbans] Query statement: 
L 10/31/2011 - 13:08:25: -------- Mapchange to zm_666_brick --------
L 10/31/2011 - 13:08:27: [amxbans.amxx] [AMXBANS] AMXBans 5.0 is online
L 10/31/2011 - 13:08:32: [amxbans.amxx] [Amxbans] Query failed!
L 10/31/2011 - 13:08:32: [amxbans.amxx] [Amxbans] Threaded query error, location: 18
L 10/31/2011 - 13:08:32: [amxbans.amxx] [Amxbans] Message: You have an error in your SQL syntax; check the manual that corresponds to your MySQL server version for the right syntax to use near ''amxban' at line 1 (1064)
L 10/31/2011 - 13:08:32: [amxbans.amxx] [Amxbans] Query statement: 
L 10/31/2011 - 13:39:25: -------- Mapchange to zm_cpl_mill_kamp --------
L 10/31/2011 - 13:39:27: [amxbans.amxx] [AMXBANS] AMXBans 5.0 is online
L 10/31/2011 - 13:50:46: [amxbans.amxx] [Amxbans] Query failed!
L 10/31/2011 - 13:50:46: [amxbans.amxx] [Amxbans] Threaded query error, location: 18
L 10/31/2011 - 13:50:46: [amxbans.amxx] [Amxbans] Message: You have an error in your SQL syntax; check the manual that corresponds to your MySQL server version for the right syntax to use near '' at line 1 (1064)
L 10/31/2011 - 13:50:46: [amxbans.amxx] [Amxbans] Query statement: 
L 10/31/2011 - 14:02:10: -------- Mapchange to 016 --------
L 10/31/2011 - 14:02:12: [amxbans.amxx] [AMXBANS] AMXBans 5.0 is online
L 10/31/2011 - 14:02:18: [amxbans.amxx] [Amxbans] Query failed!
L 10/31/2011 - 14:02:18: [amxbans.amxx] [Amxbans] Threaded query error, location: 18
L 10/31/2011 - 14:02:18: [amxbans.amxx] [Amxbans] Message: You have an error in your SQL syntax; check the manual that corresponds to your MySQL server version for the right syntax to use near '' at line 1 (1064)
L 10/31/2011 - 14:02:18: [amxbans.amxx] [Amxbans] Query statement: 
L 10/31/2011 - 14:35:00: -------- Mapchange to ze_jurassicpark --------
L 10/31/2011 - 14:35:02: [amxbans.amxx] [AMXBANS] AMXBans 5.0 is online
L 10/31/2011 - 14:40:54: [amxbans.amxx] [Amxbans] Query failed!
L 10/31/2011 - 14:40:54: [amxbans.amxx] [Amxbans] Threaded query error, location: 18
L 10/31/2011 - 14:40:54: [amxbans.amxx] [Amxbans] Message: You have an error in your SQL syntax; check the manual that corresponds to your MySQL server version for the right syntax to use near ''amxban' at line 1 (1064)
L 10/31/2011 - 14:40:54: [amxbans.amxx] [Amxbans] Query statement: 
L 10/31/2011 - 14:51:56: -------- Mapchange to zm_caca --------
L 10/31/2011 - 14:51:58: [amxbans.amxx] [AMXBANS] AMXBans 5.0 is online
L 10/31/2011 - 15:01:06: [amxbans.amxx] [Amxbans] Query failed!
L 10/31/2011 - 15:01:06: [amxbans.amxx] [Amxbans] Threaded query error, location: 18
L 10/31/2011 - 15:01:06: [amxbans.amxx] [Amxbans] Message: You have an error in your SQL syntax; check the manual that corresponds to your MySQL server version for the right syntax to use near ''amxba' at line 1 (1064)
L 10/31/2011 - 15:01:06: [amxbans.amxx] [Amxbans] Query statement: 
L 10/31/2011 - 15:14:11: -------- Mapchange to ze_lift_escape_b5 --------
L 10/31/2011 - 15:14:12: [amxbans.amxx] [AMXBANS] AMXBans 5.0 is online
L 10/31/2011 - 15:14:19: [amxbans.amxx] [Amxbans] Query failed!
L 10/31/2011 - 15:14:19: [amxbans.amxx] [Amxbans] Threaded query error, location: 18
L 10/31/2011 - 15:14:19: [amxbans.amxx] [Amxbans] Message: You have an error in your SQL syntax; check the manual that corresponds to your MySQL server version for the right syntax to use near ''amxba' at line 1 (1064)
L 10/31/2011 - 15:14:19: [amxbans.amxx] [Amxbans] Query statement: 
L 10/31/2011 - 15:14:20: [amxbans.amxx] [Amxbans] Query failed!
L 10/31/2011 - 15:14:20: [amxbans.amxx] [Amxbans] Threaded query error, location: 18
L 10/31/2011 - 15:14:20: [amxbans.amxx] [Amxbans] Message: You have an error in your SQL syntax; check the manual that corresponds to your MySQL server version for the right syntax to use near ''amxba' at line 1 (1064)
L 10/31/2011 - 15:14:20: [amxbans.amxx] [Amxbans] Query statement: 
L 10/31/2011 - 15:31:16: -------- Mapchange to ze_egypt --------
L 10/31/2011 - 15:31:18: [amxbans.amxx] [AMXBANS] AMXBans 5.0 is online
L 10/31/2011 - 15:31:25: [amxbans.amxx] [Amxbans] Query failed!
L 10/31/2011 - 15:31:25: [amxbans.amxx] [Amxbans] Threaded query error, location: 18
L 10/31/2011 - 15:31:25: [amxbans.amxx] [Amxbans] Message: You have an error in your SQL syntax; check the manual that corresponds to your MySQL server version for the right syntax to use near ''amxba' at line 1 (1064)
L 10/31/2011 - 15:31:25: [amxbans.amxx] [Amxbans] Query statement: 
L 10/31/2011 - 15:31:29: [amxbans.amxx] [Amxbans] Query failed!
L 10/31/2011 - 15:31:29: [amxbans.amxx] [Amxbans] Threaded query error, location: 18
L 10/31/2011 - 15:31:29: [amxbans.amxx] [Amxbans] Message: You have an error in your SQL syntax; check the manual that corresponds to your MySQL server version for the right syntax to use near ''amxba' at line 1 (1064)
L 10/31/2011 - 15:31:29: [amxbans.amxx] [Amxbans] Query statement: 
L 10/31/2011 - 15:40:41: [amxbans.amxx] [Amxbans] Query failed!
L 10/31/2011 - 15:40:41: [amxbans.amxx] [Amxbans] Threaded query error, location: 18
L 10/31/2011 - 15:40:41: [amxbans.amxx] [Amxbans] Message: You have an error in your SQL syntax; check the manual that corresponds to your MySQL server version for the right syntax to use near ''amxba' at line 1 (1064)
L 10/31/2011 - 15:40:41: [amxbans.amxx] [Amxbans] Query statement: 
L 10/31/2011 - 15:40:44: [amxbans.amxx] [Amxbans] Query failed!
L 10/31/2011 - 15:40:44: [amxbans.amxx] [Amxbans] Threaded query error, location: 18
L 10/31/2011 - 15:40:44: [amxbans.amxx] [Amxbans] Message: You have an error in your SQL syntax; check the manual that corresponds to your MySQL server version for the right syntax to use near ''amxba' at line 1 (1064)
L 10/31/2011 - 15:40:44: [amxbans.amxx] [Amxbans] Query statement: 
L 10/31/2011 - 15:41:10: [amxbans.amxx] [Amxbans] Query failed!
L 10/31/2011 - 15:41:10: [amxbans.amxx] [Amxbans] Threaded query error, location: 18
L 10/31/2011 - 15:41:10: [amxbans.amxx] [Amxbans] Message: You have an error in your SQL syntax; check the manual that corresponds to your MySQL server version for the right syntax to use near ''amxban' at line 1 (1064)
L 10/31/2011 - 15:41:10: [amxbans.amxx] [Amxbans] Query statement: 
L 10/31/2011 - 15:46:26: -------- Mapchange to zm_alfresco_v2 --------
L 10/31/2011 - 15:46:28: [amxbans.amxx] [AMXBANS] AMXBans 5.0 is online
L 10/31/2011 - 15:46:35: [amxbans.amxx] [Amxbans] Query failed!
L 10/31/2011 - 15:46:35: [amxbans.amxx] [Amxbans] Threaded query error, location: 18
L 10/31/2011 - 15:46:35: [amxbans.amxx] [Amxbans] Message: You have an error in your SQL syntax; check the manual that corresponds to your MySQL server version for the right syntax to use near ''amxba' at line 1 (1064)
L 10/31/2011 - 15:46:35: [amxbans.amxx] [Amxbans] Query statement: 
L 10/31/2011 - 15:46:39: [amxbans.amxx] [Amxbans] Query failed!
L 10/31/2011 - 15:46:39: [amxbans.amxx] [Amxbans] Threaded query error, location: 18
L 10/31/2011 - 15:46:39: [amxbans.amxx] [Amxbans] Message: You have an error in your SQL syntax; check the manual that corresponds to your MySQL server version for the right syntax to use near ''amxban' at line 1 (1064)
L 10/31/2011 - 15:46:39: [amxbans.amxx] [Amxbans] Query statement: 
L 10/31/2011 - 16:08:55: -------- Mapchange to zm_dwarf --------
L 10/31/2011 - 16:08:56: [amxbans.amxx] [AMXBANS] AMXBans 5.0 is online
L 10/31/2011 - 16:09:04: [amxbans.amxx] [Amxbans] Query failed!
L 10/31/2011 - 16:09:04: [amxbans.amxx] [Amxbans] Threaded query error, location: 18
L 10/31/2011 - 16:09:04: [amxbans.amxx] [Amxbans] Message: You have an error in your SQL syntax; check the manual that corresponds to your MySQL server version for the right syntax to use near ''amxba' at line 1 (1064)
L 10/31/2011 - 16:09:04: [amxbans.amxx] [Amxbans] Query statement: 
L 10/31/2011 - 16:09:04: [amxbans.amxx] [Amxbans] Query failed!
L 10/31/2011 - 16:09:04: [amxbans.amxx] [Amxbans] Threaded query error, location: 18
L 10/31/2011 - 16:09:04: [amxbans.amxx] [Amxbans] Message: You have an error in your SQL syntax; check the manual that corresponds to your MySQL server version for the right syntax to use near ''amxban' at line 1 (1064)
L 10/31/2011 - 16:09:04: [amxbans.amxx] [Amxbans] Query statement: 
L 10/31/2011 - 16:14:36: [admin_amxbans.amxx] Login: "Narkot1k<546><STEAM_0:0:1967094010><>" became an admin (account "Narkot1k") (access "t") (address "95.220.115.238")
L 10/31/2011 - 16:18:17: [voteban.amxx] Voteban starter Narkot1k against 6ot STEAM_0:0:1970006900
L 10/31/2011 - 16:18:32: [voteban.amxx] [AMXX] BANNED: 6ot, STARTER: Narkot1k
L 10/31/2011 - 16:18:33: [amxbans.amxx]  Зомби сервер (x_x(O_o)x_x) Go Zombie !!!<0><><> banned 6ot<STEAM_0:0:1970006900> for 15 minutes (15 minutes). Reason: VIP->Narkot1k.
L 10/31/2011 - 16:29:07: -------- Mapchange to zm_decline2k --------
L 10/31/2011 - 16:29:07: [admin_amxbans.amxx] Login: "Narkot1k<546><STEAM_0:0:1967094010><>" became an admin (account "Narkot1k") (access "t") (address "95.220.115.238")
L 10/31/2011 - 16:29:08: [amxbans.amxx] [AMXBANS] AMXBans 5.0 is online
L 10/31/2011 - 16:29:15: [amxbans.amxx] [Amxbans] Query failed!
L 10/31/2011 - 16:29:15: [amxbans.amxx] [Amxbans] Threaded query error, location: 18
L 10/31/2011 - 16:29:15: [amxbans.amxx] [Amxbans] Message: You have an error in your SQL syntax; check the manual that corresponds to your MySQL server version for the right syntax to use near ''amxba' at line 1 (1064)
L 10/31/2011 - 16:29:15: [amxbans.amxx] [Amxbans] Query statement: 
L 10/31/2011 - 16:36:59: [admin_amxbans.amxx] Login: "Zloy-Tupoy-Buhoy [Str,RUS]<600><STEAM_0:4:1454687731><>" became an admin (account "Zloy-Tupoy-Buhoy [Str,RUS]") (access "t") (address "95.105.53.4")
L 10/31/2011 - 16:49:49: -------- Mapchange to zm_cpl_mill_kamp --------
L 10/31/2011 - 16:49:50: [admin_amxbans.amxx] Login: "Narkot1k<546><STEAM_0:0:1967094010><>" became an admin (account "Narkot1k") (access "t") (address "95.220.115.238")
L 10/31/2011 - 16:49:50: [admin_amxbans.amxx] Login: "Zloy-Tupoy-Buhoy [Str,RUS]<600><STEAM_0:4:1454687731><>" became an admin (account "Zloy-Tupoy-Buhoy [Str,RUS]") (access "t") (address "95.105.53.4")
L 10/31/2011 - 16:49:51: [amxbans.amxx] [AMXBANS] AMXBans 5.0 is online
L 10/31/2011 - 16:57:17: [voteban.amxx] Voteban starter Zloy-Tupoy-Buhoy [Str,RUS] against adidas STEAM_0:4:1466134365
L 10/31/2011 - 16:57:32: [voteban.amxx] [AMXX] BANNED: adidas, STARTER: Zloy-Tupoy-Buhoy [Str,RUS]
L 10/31/2011 - 16:57:33: [amxbans.amxx]  Зомби сервер (x_x(O_o)x_x) Go Zombie !!!<0><><> banned adidas<STEAM_0:4:1466134365> for 15 minutes (15 minutes). Reason: VIP->Zloy-Tupoy-Buhoy [Str,RUS].
L 10/31/2011 - 16:57:40: [voteban.amxx] Voteban starter Narkot1k against [REDEMAX] Player name STEAM_0:0:431384754
L 10/31/2011 - 16:57:55: [voteban.amxx] [AMXX] BANNED: [REDEMAX] Player name, STARTER: Narkot1k
L 10/31/2011 - 17:06:36: [voteban.amxx] Voteban starter Narkot1k against [REDEMAX] Player name STEAM_0:0:431384754
L 10/31/2011 - 17:06:51: [voteban.amxx] [AMXX] BANNED: [REDEMAX] Player name, STARTER: Narkot1k
L 10/31/2011 - 17:09:13: [voteban.amxx] Voteban starter Narkot1k against unnamed STEAM_0:0:1570438586
L 10/31/2011 - 17:09:28: [voteban.amxx] [AMXX] BANNED: unnamed, STARTER: Narkot1k
L 10/31/2011 - 17:09:29: [amxbans.amxx]  Зомби сервер (x_x(O_o)x_x) Go Zombie !!!<0><><> banned unnamed<STEAM_0:0:1570438586> for 15 minutes (15 minutes). Reason: VIP->Narkot1k.
L 10/31/2011 - 17:09:42: [voteban.amxx] Voteban starter Zloy-Tupoy-Buhoy [Str,RUS] against lexa STEAM_0:0:490627781
L 10/31/2011 - 17:09:57: [voteban.amxx] [AMXX] BANNED: lexa, STARTER: Zloy-Tupoy-Buhoy [Str,RUS]
L 10/31/2011 - 17:09:58: [amxbans.amxx]  Зомби сервер (x_x(O_o)x_x) Go Zombie !!!<0><><> banned lexa<STEAM_0:0:490627781> for 15 minutes (15 minutes). Reason: VIP->Zloy-Tupoy-Buhoy [Str,RUS].
L 10/31/2011 - 17:12:46: -------- Mapchange to 016 --------
L 10/31/2011 - 17:12:46: [admin_amxbans.amxx] Login: "Narkot1k<546><STEAM_0:0:1967094010><>" became an admin (account "Narkot1k") (access "t") (address "95.220.115.238")
L 10/31/2011 - 17:12:46: [admin_amxbans.amxx] Login: "Zloy-Tupoy-Buhoy [Str,RUS]<600><STEAM_0:4:1454687731><>" became an admin (account "Zloy-Tupoy-Buhoy [Str,RUS]") (access "t") (address "95.105.53.4")
L 10/31/2011 - 17:12:47: [amxbans.amxx] [AMXBANS] AMXBans 5.0 is online
L 10/31/2011 - 17:18:48: [voteban.amxx] Voteban starter Narkot1k against aleks STEAM_0:0:1570011958
L 10/31/2011 - 17:19:03: [voteban.amxx] [AMXX] BANNED: aleks, STARTER: Narkot1k
L 10/31/2011 - 17:19:04: [amxbans.amxx]  Зомби сервер (x_x(O_o)x_x) Go Zombie !!!<0><><> banned aleks<STEAM_0:0:1570011958> for 15 minutes (15 minutes). Reason: VIP->Narkot1k.
L 10/31/2011 - 17:20:42: [voteban.amxx] Voteban starter Narkot1k against .: D I A B L O :. STEAM_0:0:832551259
L 10/31/2011 - 17:20:57: [voteban.amxx] [AMXX] BANNED: .: D I A B L O :., STARTER: Narkot1k
L 10/31/2011 - 17:20:58: [amxbans.amxx]  Зомби сервер (x_x(O_o)x_x) Go Zombie !!!<0><><> banned .: D I A B L O :.<STEAM_0:0:832551259> for 15 minutes (15 minutes). Reason: VIP->Narkot1k.
L 10/31/2011 - 17:39:21: [voteban.amxx] Voteban starter Narkot1k against ZoOm-ZoOM STEAM_0:0:1239253069
L 10/31/2011 - 17:39:36: [voteban.amxx] [AMXX] BANNED: ZoOm-ZoOM, STARTER: Narkot1k
L 10/31/2011 - 17:39:37: [amxbans.amxx]  Зомби сервер (x_x(O_o)x_x) Go Zombie !!!<0><><> banned ZoOm-ZoOM<STEAM_0:0:1239253069> for 15 minutes (15 minutes). Reason: VIP->Narkot1k.
L 10/31/2011 - 17:41:57: [amxbans.amxx] [Amxbans] Query failed!
L 10/31/2011 - 17:41:57: [amxbans.amxx] [Amxbans] Threaded query error, location: 18
L 10/31/2011 - 17:41:57: [amxbans.amxx] [Amxbans] Message: You have an error in your SQL syntax; check the manual that corresponds to your MySQL server version for the right syntax to use near ''amxban' at line 1 (1064)
L 10/31/2011 - 17:41:57: [amxbans.amxx] [Amxbans] Query statement: 
L 10/31/2011 - 17:42:49: -------- Mapchange to zm_fdust2x2 --------
L 10/31/2011 - 17:42:50: [admin_amxbans.amxx] Login: "Narkot1k<546><STEAM_0:0:1967094010><>" became an admin (account "Narkot1k") (access "t") (address "95.220.115.238")
L 10/31/2011 - 17:42:50: [admin_amxbans.amxx] Login: "Zloy-Tupoy-Buhoy [Str,RUS]<600><STEAM_0:4:1454687731><>" became an admin (account "Zloy-Tupoy-Buhoy [Str,RUS]") (access "t") (address "95.105.53.4")
L 10/31/2011 - 17:42:50: [admin_amxbans.amxx] Login: "Narkot1k<546><STEAM_0:0:1967094010><>" became an admin (account "Narkot1k") (access "t") (address "95.220.115.238")
L 10/31/2011 - 17:42:51: [amxbans.amxx] [AMXBANS] AMXBans 5.0 is online
L 10/31/2011 - 17:42:58: [amxbans.amxx] [Amxbans] Query failed!
L 10/31/2011 - 17:42:58: [amxbans.amxx] [Amxbans] Threaded query error, location: 18
L 10/31/2011 - 17:42:58: [amxbans.amxx] [Amxbans] Message: You have an error in your SQL syntax; check the manual that corresponds to your MySQL server version for the right syntax to use near ''amxban' at line 1 (1064)
L 10/31/2011 - 17:42:58: [amxbans.amxx] [Amxbans] Query statement: 
L 10/31/2011 - 17:42:59: [amxbans.amxx] [Amxbans] Query failed!
L 10/31/2011 - 17:42:59: [amxbans.amxx] [Amxbans] Threaded query error, location: 18
L 10/31/2011 - 17:42:59: [amxbans.amxx] [Amxbans] Message: You have an error in your SQL syntax; check the manual that corresponds to your MySQL server version for the right syntax to use near ''amxba' at line 1 (1064)
L 10/31/2011 - 17:42:59: [amxbans.amxx] [Amxbans] Query statement: 
L 10/31/2011 - 17:47:23: [amxbans.amxx] [Amxbans] Query failed!
L 10/31/2011 - 17:47:23: [amxbans.amxx] [Amxbans] Threaded query error, location: 18
L 10/31/2011 - 17:47:23: [amxbans.amxx] [Amxbans] Message: You have an error in your SQL syntax; check the manual that corresponds to your MySQL server version for the right syntax to use near ''amxban' at line 1 (1064)
L 10/31/2011 - 17:47:23: [amxbans.amxx] [Amxbans] Query statement: 
L 10/31/2011 - 18:05:36: -------- Mapchange to zm_666_brick --------
L 10/31/2011 - 18:05:36: [admin_amxbans.amxx] Login: "Zloy-Tupoy-Buhoy [Str,RUS]<600><STEAM_0:4:1454687731><>" became an admin (account "Zloy-Tupoy-Buhoy [Str,RUS]") (access "t") (address "95.105.53.4")
L 10/31/2011 - 18:05:37: [amxbans.amxx] [AMXBANS] AMXBans 5.0 is online
L 10/31/2011 - 18:05:44: [amxbans.amxx] [Amxbans] Query failed!
L 10/31/2011 - 18:05:44: [amxbans.amxx] [Amxbans] Threaded query error, location: 18
L 10/31/2011 - 18:05:44: [amxbans.amxx] [Amxbans] Message: You have an error in your SQL syntax; check the manual that corresponds to your MySQL server version for the right syntax to use near ''amxban' at line 1 (1064)
L 10/31/2011 - 18:05:44: [amxbans.amxx] [Amxbans] Query statement: 
L 10/31/2011 - 18:11:13: [amxbans.amxx] [Amxbans] Query failed!
L 10/31/2011 - 18:11:13: [amxbans.amxx] [Amxbans] Threaded query error, location: 18
L 10/31/2011 - 18:11:13: [amxbans.amxx] [Amxbans] Message: You have an error in your SQL syntax; check the manual that corresponds to your MySQL server version for the right syntax to use near ''amxban' at line 1 (1064)
L 10/31/2011 - 18:11:13: [amxbans.amxx] [Amxbans] Query statement: 
L 10/31/2011 - 18:21:34: [amxbans.amxx] [Amxbans] Query failed!
L 10/31/2011 - 18:21:34: [amxbans.amxx] [Amxbans] Threaded query error, location: 18
L 10/31/2011 - 18:21:34: [amxbans.amxx] [Amxbans] Message: You have an error in your SQL syntax; check the manual that corresponds to your MySQL server version for the right syntax to use near ''amxba' at line 1 (1064)
L 10/31/2011 - 18:21:34: [amxbans.amxx] [Amxbans] Query statement: 
L 10/31/2011 - 18:22:23: [amxbans.amxx] [Amxbans] Query failed!
L 10/31/2011 - 18:22:23: [amxbans.amxx] [Amxbans] Threaded query error, location: 18
L 10/31/2011 - 18:22:23: [amxbans.amxx] [Amxbans] Message: You have an error in your SQL syntax; check the manual that corresponds to your MySQL server version for the right syntax to use near ''amxb' at line 1 (1064)
L 10/31/2011 - 18:22:23: [amxbans.amxx] [Amxbans] Query statement: 
L 10/31/2011 - 18:24:29: [amxbans.amxx] [Amxbans] Query failed!
L 10/31/2011 - 18:24:29: [amxbans.amxx] [Amxbans] Threaded query error, location: 18
L 10/31/2011 - 18:24:29: [amxbans.amxx] [Amxbans] Message: You have an error in your SQL syntax; check the manual that corresponds to your MySQL server version for the right syntax to use near ''amxba' at line 1 (1064)
L 10/31/2011 - 18:24:29: [amxbans.amxx] [Amxbans] Query statement: 
L 10/31/2011 - 18:25:04: [amxbans.amxx] [Amxbans] Query failed!
L 10/31/2011 - 18:25:04: [amxbans.amxx] [Amxbans] Threaded query error, location: 18
L 10/31/2011 - 18:25:04: [amxbans.amxx] [Amxbans] Message: You have an error in your SQL syntax; check the manual that corresponds to your MySQL server version for the right syntax to use near ''amxb' at line 1 (1064)
L 10/31/2011 - 18:25:04: [amxbans.amxx] [Amxbans] Query statement: 
L 10/31/2011 - 18:35:35: [amxbans.amxx] [Amxbans] Query failed!
L 10/31/2011 - 18:35:35: [amxbans.amxx] [Amxbans] Threaded query error, location: 18
L 10/31/2011 - 18:35:35: [amxbans.amxx] [Amxbans] Message: You have an error in your SQL syntax; check the manual that corresponds to your MySQL server version for the right syntax to use near ''amxb' at line 1 (1064)
L 10/31/2011 - 18:35:35: [amxbans.amxx] [Amxbans] Query statement: 
L 10/31/2011 - 18:38:47: -------- Mapchange to zm_dust_brick_b1_fx --------
L 10/31/2011 - 18:38:49: [amxbans.amxx] [AMXBANS] AMXBans 5.0 is online
L 10/31/2011 - 18:38:54: [amxbans.amxx] [Amxbans] Query failed!
L 10/31/2011 - 18:38:54: [amxbans.amxx] [Amxbans] Threaded query error, location: 18
L 10/31/2011 - 18:38:54: [amxbans.amxx] [Amxbans] Message: You have an error in your SQL syntax; check the manual that corresponds to your MySQL server version for the right syntax to use near ''amxb' at line 1 (1064)
L 10/31/2011 - 18:38:54: [amxbans.amxx] [Amxbans] Query statement: 
L 10/31/2011 - 18:38:55: [amxbans.amxx] [Amxbans] Query failed!
L 10/31/2011 - 18:38:55: [amxbans.amxx] [Amxbans] Threaded query error, location: 18
L 10/31/2011 - 18:38:55: [amxbans.amxx] [Amxbans] Message: You have an error in your SQL syntax; check the manual that corresponds to your MySQL server version for the right syntax to use near ''amxb' at line 1 (1064)
L 10/31/2011 - 18:38:55: [amxbans.amxx] [Amxbans] Query statement: 
L 10/31/2011 - 18:38:55: [amxbans.amxx] [Amxbans] Query failed!
L 10/31/2011 - 18:38:55: [amxbans.amxx] [Amxbans] Threaded query error, location: 18
L 10/31/2011 - 18:38:55: [amxbans.amxx] [Amxbans] Message: You have an error in your SQL syntax; check the manual that corresponds to your MySQL server version for the right syntax to use near ''amxban' at line 1 (1064)
L 10/31/2011 - 18:38:55: [amxbans.amxx] [Amxbans] Query statement: 
L 10/31/2011 - 18:38:55: [amxbans.amxx] [Amxbans] Query failed!
L 10/31/2011 - 18:38:55: [amxbans.amxx] [Amxbans] Threaded query error, location: 18
L 10/31/2011 - 18:38:55: [amxbans.amxx] [Amxbans] Message: You have an error in your SQL syntax; check the manual that corresponds to your MySQL server version for the right syntax to use near ''amxban' at line 1 (1064)
L 10/31/2011 - 18:38:55: [amxbans.amxx] [Amxbans] Query statement: 
L 10/31/2011 - 18:39:45: [amxbans.amxx] [Amxbans] Query failed!
L 10/31/2011 - 18:39:45: [amxbans.amxx] [Amxbans] Threaded query error, location: 18
L 10/31/2011 - 18:39:45: [amxbans.amxx] [Amxbans] Message: You have an error in your SQL syntax; check the manual that corresponds to your MySQL server version for the right syntax to use near ''amxbans' at line 1 (1064)
L 10/31/2011 - 18:39:45: [amxbans.amxx] [Amxbans] Query statement: 
L 10/31/2011 - 18:43:39: [amxbans.amxx] [Amxbans] Query failed!
L 10/31/2011 - 18:43:39: [amxbans.amxx] [Amxbans] Threaded query error, location: 18
L 10/31/2011 - 18:43:39: [amxbans.amxx] [Amxbans] Message: You have an error in your SQL syntax; check the manual that corresponds to your MySQL server version for the right syntax to use near ''amxbans' at line 1 (1064)
L 10/31/2011 - 18:43:39: [amxbans.amxx] [Amxbans] Query statement: 
L 10/31/2011 - 19:01:18: -------- Mapchange to zm_houses --------
L 10/31/2011 - 19:01:19: [amxbans.amxx] [AMXBANS] AMXBans 5.0 is online
L 10/31/2011 - 19:01:25: [amxbans.amxx] [Amxbans] Query failed!
L 10/31/2011 - 19:01:25: [amxbans.amxx] [Amxbans] Threaded query error, location: 18
L 10/31/2011 - 19:01:25: [amxbans.amxx] [Amxbans] Message: You have an error in your SQL syntax; check the manual that corresponds to your MySQL server version for the right syntax to use near ''amxb' at line 1 (1064)
L 10/31/2011 - 19:01:25: [amxbans.amxx] [Amxbans] Query statement: 
L 10/31/2011 - 19:01:25: [amxbans.amxx] [Amxbans] Query failed!
L 10/31/2011 - 19:01:25: [amxbans.amxx] [Amxbans] Threaded query error, location: 18
L 10/31/2011 - 19:01:25: [amxbans.amxx] [Amxbans] Message: You have an error in your SQL syntax; check the manual that corresponds to your MySQL server version for the right syntax to use near ''amxb' at line 1 (1064)
L 10/31/2011 - 19:01:25: [amxbans.amxx] [Amxbans] Query statement: 
L 10/31/2011 - 19:01:26: [amxbans.amxx] [Amxbans] Query failed!
L 10/31/2011 - 19:01:26: [amxbans.amxx] [Amxbans] Threaded query error, location: 18
L 10/31/2011 - 19:01:26: [amxbans.amxx] [Amxbans] Message: You have an error in your SQL syntax; check the manual that corresponds to your MySQL server version for the right syntax to use near ''amxban' at line 1 (1064)
L 10/31/2011 - 19:01:26: [amxbans.amxx] [Amxbans] Query statement: 
L 10/31/2011 - 19:01:44: [amxbans.amxx] [Amxbans] Query failed!
L 10/31/2011 - 19:01:44: [amxbans.amxx] [Amxbans] Threaded query error, location: 18
L 10/31/2011 - 19:01:44: [amxbans.amxx] [Amxbans] Message: You have an error in your SQL syntax; check the manual that corresponds to your MySQL server version for the right syntax to use near ''amxban' at line 1 (1064)
L 10/31/2011 - 19:01:44: [amxbans.amxx] [Amxbans] Query statement: 
L 10/31/2011 - 19:07:15: [amxbans.amxx] [Amxbans] Query failed!
L 10/31/2011 - 19:07:15: [amxbans.amxx] [Amxbans] Threaded query error, location: 18
L 10/31/2011 - 19:07:15: [amxbans.amxx] [Amxbans] Message: You have an error in your SQL syntax; check the manual that corresponds to your MySQL server version for the right syntax to use near ''amxban' at line 1 (1064)
L 10/31/2011 - 19:07:15: [amxbans.amxx] [Amxbans] Query statement: 
L 10/31/2011 - 19:21:44: -------- Mapchange to ze_jurassicpark --------
L 10/31/2011 - 19:21:45: [amxbans.amxx] [AMXBANS] AMXBans 5.0 is online
L 10/31/2011 - 19:21:52: [amxbans.amxx] [Amxbans] Query failed!
L 10/31/2011 - 19:21:52: [amxbans.amxx] [Amxbans] Threaded query error, location: 18
L 10/31/2011 - 19:21:52: [amxbans.amxx] [Amxbans] Message: You have an error in your SQL syntax; check the manual that corresponds to your MySQL server version for the right syntax to use near ''amxban' at line 1 (1064)
L 10/31/2011 - 19:21:52: [amxbans.amxx] [Amxbans] Query statement: 
L 10/31/2011 - 19:22:17: [amxbans.amxx] [Amxbans] Query failed!
L 10/31/2011 - 19:22:17: [amxbans.amxx] [Amxbans] Threaded query error, location: 18
L 10/31/2011 - 19:22:17: [amxbans.amxx] [Amxbans] Message: You have an error in your SQL syntax; check the manual that corresponds to your MySQL server version for the right syntax to use near ''amxb' at line 1 (1064)
L 10/31/2011 - 19:22:17: [amxbans.amxx] [Amxbans] Query statement: 
L 10/31/2011 - 19:33:41: [admin_amxbans.amxx] Login: "Zloy-Tupoy-Buhoy [Str,RUS]<884><STEAM_0:4:1454687731><>" became an admin (account "Zloy-Tupoy-Buhoy [Str,RUS]") (access "t") (address "95.105.53.4")
L 10/31/2011 - 19:38:22: -------- Mapchange to ze_egypt --------
L 10/31/2011 - 19:38:23: [admin_amxbans.amxx] Login: "Zloy-Tupoy-Buhoy [Str,RUS]<884><STEAM_0:4:1454687731><>" became an admin (account "Zloy-Tupoy-Buhoy [Str,RUS]") (access "t") (address "95.105.53.4")
L 10/31/2011 - 19:38:24: [amxbans.amxx] [AMXBANS] AMXBans 5.0 is online
L 10/31/2011 - 19:38:29: [admin_amxbans.amxx] Login: "Zloy-Tupoy-Buhoy [Str,RUS]<909><STEAM_0:4:1454687731><>" became an admin (account "Zloy-Tupoy-Buhoy [Str,RUS]") (access "t") (address "95.105.53.4")
L 10/31/2011 - 19:38:33: [amxbans.amxx] [Amxbans] Query failed!
L 10/31/2011 - 19:38:33: [amxbans.amxx] [Amxbans] Threaded query error, location: 18
L 10/31/2011 - 19:38:33: [amxbans.amxx] [Amxbans] Message: You have an error in your SQL syntax; check the manual that corresponds to your MySQL server version for the right syntax to use near ''amxban' at line 1 (1064)
L 10/31/2011 - 19:38:33: [amxbans.amxx] [Amxbans] Query statement: 
L 10/31/2011 - 19:39:24: [voteban.amxx] Voteban starter Zloy-Tupoy-Buhoy [Str,RUS] against Satan STEAM_0:0:1027120207
L 10/31/2011 - 19:39:39: [voteban.amxx] [AMXX] BANNED: Satan, STARTER: Zloy-Tupoy-Buhoy [Str,RUS]
L 10/31/2011 - 19:39:40: [amxbans.amxx]  Зомби сервер (x_x(O_o)x_x) Go Zombie !!!<0><><> banned Satan<STEAM_0:0:1027120207> for 15 minutes (15 minutes). Reason: VIP->Zloy-Tupoy-Buhoy [Str,RUS].
L 10/31/2011 - 19:41:32: [amxbans.amxx] [Amxbans] Query failed!
L 10/31/2011 - 19:41:32: [amxbans.amxx] [Amxbans] Threaded query error, location: 18
L 10/31/2011 - 19:41:32: [amxbans.amxx] [Amxbans] Message: You have an error in your SQL syntax; check the manual that corresponds to your MySQL server version for the right syntax to use near ''amxban' at line 1 (1064)
L 10/31/2011 - 19:41:32: [amxbans.amxx] [Amxbans] Query statement: 
L 10/31/2011 - 19:41:50: [amxbans.amxx] [Amxbans] Query failed!
L 10/31/2011 - 19:41:50: [amxbans.amxx] [Amxbans] Threaded query error, location: 18
L 10/31/2011 - 19:41:50: [amxbans.amxx] [Amxbans] Message: You have an error in your SQL syntax; check the manual that corresponds to your MySQL server version for the right syntax to use near ''amxbans' at line 1 (1064)
L 10/31/2011 - 19:41:50: [amxbans.amxx] [Amxbans] Query statement: 
L 10/31/2011 - 19:41:56: [amxbans.amxx] [Amxbans] Query failed!
L 10/31/2011 - 19:41:56: [amxbans.amxx] [Amxbans] Threaded query error, location: 18
L 10/31/2011 - 19:41:56: [amxbans.amxx] [Amxbans] Message: You have an error in your SQL syntax; check the manual that corresponds to your MySQL server version for the right syntax to use near ''amxbans' at line 1 (1064)
L 10/31/2011 - 19:41:56: [amxbans.amxx] [Amxbans] Query statement: 
L 10/31/2011 - 19:54:20: -------- Mapchange to zm_deadly_assault --------
L 10/31/2011 - 19:54:21: [admin_amxbans.amxx] Login: "Zloy-Tupoy-Buhoy [Str,RUS]<909><STEAM_0:4:1454687731><>" became an admin (account "Zloy-Tupoy-Buhoy [Str,RUS]") (access "t") (address "95.105.53.4")
L 10/31/2011 - 19:54:22: [amxbans.amxx] [AMXBANS] AMXBans 5.0 is online
L 10/31/2011 - 19:54:29: [amxbans.amxx] [Amxbans] Query failed!
L 10/31/2011 - 19:54:29: [amxbans.amxx] [Amxbans] Threaded query error, location: 18
L 10/31/2011 - 19:54:29: [amxbans.amxx] [Amxbans] Message: You have an error in your SQL syntax; check the manual that corresponds to your MySQL server version for the right syntax to use near ''amxban' at line 1 (1064)
L 10/31/2011 - 19:54:29: [amxbans.amxx] [Amxbans] Query statement: 
L 10/31/2011 - 19:54:29: [amxbans.amxx] [Amxbans] Query failed!
L 10/31/2011 - 19:54:29: [amxbans.amxx] [Amxbans] Threaded query error, location: 18
L 10/31/2011 - 19:54:29: [amxbans.amxx] [Amxbans] Message: You have an error in your SQL syntax; check the manual that corresponds to your MySQL server version for the right syntax to use near ''amxbans' at line 1 (1064)
L 10/31/2011 - 19:54:29: [amxbans.amxx] [Amxbans] Query statement: 
L 10/31/2011 - 20:03:03: [amxbans.amxx] [Amxbans] Query failed!
L 10/31/2011 - 20:03:03: [amxbans.amxx] [Amxbans] Threaded query error, location: 18
L 10/31/2011 - 20:03:03: [amxbans.amxx] [Amxbans] Message: You have an error in your SQL syntax; check the manual that corresponds to your MySQL server version for the right syntax to use near ''amxban' at line 1 (1064)
L 10/31/2011 - 20:03:03: [amxbans.amxx] [Amxbans] Query statement: 
L 10/31/2011 - 20:03:47: [amxbans.amxx] [Amxbans] Query failed!
L 10/31/2011 - 20:03:47: [amxbans.amxx] [Amxbans] Threaded query error, location: 18
L 10/31/2011 - 20:03:47: [amxbans.amxx] [Amxbans] Message: You have an error in your SQL syntax; check the manual that corresponds to your MySQL server version for the right syntax to use near ''amxba' at line 1 (1064)
L 10/31/2011 - 20:03:47: [amxbans.amxx] [Amxbans] Query statement: 
L 10/31/2011 - 20:14:26: [voteban.amxx] Voteban starter Zloy-Tupoy-Buhoy [Str,RUS] against Radon 98[rus] STEAM_0:0:1946360399
L 10/31/2011 - 20:14:41: [voteban.amxx] [AMXX] BANNED: Radon 98[rus], STARTER: Zloy-Tupoy-Buhoy [Str,RUS]
L 10/31/2011 - 20:14:42: [amxbans.amxx]  Зомби сервер (x_x(O_o)x_x) Go Zombie !!!<0><><> banned Radon 98[rus]<STEAM_0:0:1946360399> for 15 minutes (15 minutes). Reason: VIP->Zloy-Tupoy-Buhoy [Str,RUS].
L 10/31/2011 - 20:16:19: -------- Mapchange to zm_alfresco_v2 --------
L 10/31/2011 - 20:16:20: [admin_amxbans.amxx] Login: "Zloy-Tupoy-Buhoy [Str,RUS]<909><STEAM_0:4:1454687731><>" became an admin (account "Zloy-Tupoy-Buhoy [Str,RUS]") (access "t") (address "95.105.53.4")
L 10/31/2011 - 20:16:20: [amxbans.amxx] [AMXBANS] AMXBans 5.0 is online
L 10/31/2011 - 20:16:26: [amxbans.amxx] [Amxbans] Query failed!
L 10/31/2011 - 20:16:26: [amxbans.amxx] [Amxbans] Threaded query error, location: 18
L 10/31/2011 - 20:16:26: [amxbans.amxx] [Amxbans] Message: You have an error in your SQL syntax; check the manual that corresponds to your MySQL server version for the right syntax to use near ''amxba' at line 1 (1064)
L 10/31/2011 - 20:16:26: [amxbans.amxx] [Amxbans] Query statement: 
L 10/31/2011 - 20:16:27: [amxbans.amxx] [Amxbans] Query failed!
L 10/31/2011 - 20:16:27: [amxbans.amxx] [Amxbans] Threaded query error, location: 18
L 10/31/2011 - 20:16:27: [amxbans.amxx] [Amxbans] Message: You have an error in your SQL syntax; check the manual that corresponds to your MySQL server version for the right syntax to use near ''amxban' at line 1 (1064)
L 10/31/2011 - 20:16:27: [amxbans.amxx] [Amxbans] Query statement: 
L 10/31/2011 - 20:16:27: [amxbans.amxx] [Amxbans] Query failed!
L 10/31/2011 - 20:16:27: [amxbans.amxx] [Amxbans] Threaded query error, location: 18
L 10/31/2011 - 20:16:27: [amxbans.amxx] [Amxbans] Message: You have an error in your SQL syntax; check the manual that corresponds to your MySQL server version for the right syntax to use near ''amxbans' at line 1 (1064)
L 10/31/2011 - 20:16:27: [amxbans.amxx] [Amxbans] Query statement: 
L 10/31/2011 - 20:16:28: [amxbans.amxx] [Amxbans] Query failed!
L 10/31/2011 - 20:16:28: [amxbans.amxx] [Amxbans] Threaded query error, location: 18
L 10/31/2011 - 20:16:28: [amxbans.amxx] [Amxbans] Message: You have an error in your SQL syntax; check the manual that corresponds to your MySQL server version for the right syntax to use near ''amxba' at line 1 (1064)
L 10/31/2011 - 20:16:28: [amxbans.amxx] [Amxbans] Query statement: 
L 10/31/2011 - 20:20:50: [voteban.amxx] Voteban starter Zloy-Tupoy-Buhoy [Str,RUS] against >BaMpIrChIk [D.I] STEAM_0:0:1998760213
L 10/31/2011 - 20:21:05: [voteban.amxx] [AMXX] BANNED: >BaMpIrChIk [D.I], STARTER: Zloy-Tupoy-Buhoy [Str,RUS]
L 10/31/2011 - 20:21:14: [amxbans.amxx] [Amxbans] Query failed!
L 10/31/2011 - 20:21:14: [amxbans.amxx] [Amxbans] Threaded query error, location: 18
L 10/31/2011 - 20:21:14: [amxbans.amxx] [Amxbans] Message: You have an error in your SQL syntax; check the manual that corresponds to your MySQL server version for the right syntax to use near ''amxba' at line 1 (1064)
L 10/31/2011 - 20:21:14: [amxbans.amxx] [Amxbans] Query statement: 
L 10/31/2011 - 20:21:37: [voteban.amxx] Voteban starter Zloy-Tupoy-Buhoy [Str,RUS] against >BaMpIrChIk [D.I] STEAM_0:0:1998760213
L 10/31/2011 - 20:21:52: [voteban.amxx] [AMXX] BANNED: >BaMpIrChIk [D.I], STARTER: Zloy-Tupoy-Buhoy [Str,RUS]
L 10/31/2011 - 20:39:01: -------- Mapchange to zm_303 --------
L 10/31/2011 - 20:39:02: [admin_amxbans.amxx] Login: "Zloy-Tupoy-Buhoy [Str,RUS]<909><STEAM_0:4:1454687731><>" became an admin (account "Zloy-Tupoy-Buhoy [Str,RUS]") (access "t") (address "95.105.53.4")
L 10/31/2011 - 20:39:03: [amxbans.amxx] [AMXBANS] AMXBans 5.0 is online
L 10/31/2011 - 20:56:31: [voteban.amxx] Voteban starter Zloy-Tupoy-Buhoy [Str,RUS] against TbIKBA STEAM_0:0:1304489677
L 10/31/2011 - 20:56:46: [voteban.amxx] [AMXX] BANNED: TbIKBA, STARTER: Zloy-Tupoy-Buhoy [Str,RUS]
L 10/31/2011 - 20:56:48: [amxbans.amxx]  Зомби сервер (x_x(O_o)x_x) Go Zombie !!!<0><><> banned TbIKBA<STEAM_0:0:1304489677> for 15 minutes (15 minutes). Reason: VIP->Zloy-Tupoy-Buhoy [Str,RUS].
L 10/31/2011 - 20:57:03: [amxbans.amxx] [Amxbans] Query failed!
L 10/31/2011 - 20:57:03: [amxbans.amxx] [Amxbans] Threaded query error, location: 18
L 10/31/2011 - 20:57:03: [amxbans.amxx] [Amxbans] Message: You have an error in your SQL syntax; check the manual that corresponds to your MySQL server version for the right syntax to use near ''amxban' at line 1 (1064)
L 10/31/2011 - 20:57:03: [amxbans.amxx] [Amxbans] Query statement: 
L 10/31/2011 - 20:57:23: [amxbans.amxx] [Amxbans] Query failed!
L 10/31/2011 - 20:57:23: [amxbans.amxx] [Amxbans] Threaded query error, location: 18
L 10/31/2011 - 20:57:23: [amxbans.amxx] [Amxbans] Message: You have an error in your SQL syntax; check the manual that corresponds to your MySQL server version for the right syntax to use near ''amxba' at line 1 (1064)
L 10/31/2011 - 20:57:23: [amxbans.amxx] [Amxbans] Query statement: 
L 10/31/2011 - 21:00:08: -------- Mapchange to zm_caca --------
L 10/31/2011 - 21:00:10: [amxbans.amxx] [AMXBANS] AMXBans 5.0 is online
L 10/31/2011 - 21:00:17: [amxbans.amxx] [Amxbans] Query failed!
L 10/31/2011 - 21:00:17: [amxbans.amxx] [Amxbans] Threaded query error, location: 18
L 10/31/2011 - 21:00:17: [amxbans.amxx] [Amxbans] Message: You have an error in your SQL syntax; check the manual that corresponds to your MySQL server version for the right syntax to use near ''amxba' at line 1 (1064)
L 10/31/2011 - 21:00:17: [amxbans.amxx] [Amxbans] Query statement: 
L 10/31/2011 - 21:00:17: [amxbans.amxx] [Amxbans] Query failed!
L 10/31/2011 - 21:00:17: [amxbans.amxx] [Amxbans] Threaded query error, location: 18
L 10/31/2011 - 21:00:17: [amxbans.amxx] [Amxbans] Message: You have an error in your SQL syntax; check the manual that corresponds to your MySQL server version for the right syntax to use near ''amxban' at line 1 (1064)
L 10/31/2011 - 21:00:17: [amxbans.amxx] [Amxbans] Query statement: 
L 10/31/2011 - 21:13:38: [admin_amxbans.amxx] Login: "Den1s<1085><STEAM_0:0:889229784><>" became an admin (account "91.192.190.142") (access "abcdefghijklmnopqstu") (address "91.192.190.142")
L 10/31/2011 - 21:20:20: -------- Mapchange to zm_cpl_mill_kamp --------
L 10/31/2011 - 21:20:21: [admin_amxbans.amxx] Login: "Den1s<1085><STEAM_0:0:889229784><>" became an admin (account "91.192.190.142") (access "abcdefghijklmnopqstu") (address "91.192.190.142")
L 10/31/2011 - 21:20:22: [amxbans.amxx] [AMXBANS] AMXBans 5.0 is online
L 10/31/2011 - 21:33:56: [plmenu.amxx] Kick: "Den1s<1085><STEAM_0:0:889229784><>" kick "Patron Deat|*prizrak*=)s<1059><STEAM_0:0:1527463176><>"
L 10/31/2011 - 21:43:28: -------- Mapchange to 016 --------
L 10/31/2011 - 21:43:29: [amxbans.amxx] [AMXBANS] AMXBans 5.0 is online
L 10/31/2011 - 21:49:22: [amxbans.amxx] [Amxbans] Query failed!
L 10/31/2011 - 21:49:22: [amxbans.amxx] [Amxbans] Threaded query error, location: 18
L 10/31/2011 - 21:49:22: [amxbans.amxx] [Amxbans] Message: You have an error in your SQL syntax; check the manual that corresponds to your MySQL server version for the right syntax to use near ''amxb' at line 1 (1064)
L 10/31/2011 - 21:49:22: [amxbans.amxx] [Amxbans] Query statement: 
L 10/31/2011 - 21:58:51: [admin_amxbans.amxx] Login: "Den1s<1136><STEAM_0:0:889229784><>" became an admin (account "91.192.190.142") (access "abcdefghijklmnopqstu") (address "91.192.190.142")
L 10/31/2011 - 22:03:05: [plmenu.amxx] Kick: "Den1s<1136><STEAM_0:0:889229784><>" kick "Mr.Fox|Patron Dead<1119><STEAM_0:0:1298648719><>"
L 10/31/2011 - 22:07:16: [plmenu.amxx] Kick: "Den1s<1136><STEAM_0:0:889229784><>" kick "Orange box<1126><STEAM_0:4:138358513><>"
L 10/31/2011 - 22:13:48: -------- Mapchange to zm_666_brick --------
L 10/31/2011 - 22:13:48: [admin_amxbans.amxx] Login: "Den1s<1136><STEAM_0:0:889229784><>" became an admin (account "91.192.190.142") (access "abcdefghijklmnopqstu") (address "91.192.190.142")
L 10/31/2011 - 22:13:49: [amxbans.amxx] [AMXBANS] AMXBans 5.0 is online
L 10/31/2011 - 22:15:05: [amxbans.amxx] [Amxbans] Query failed!
L 10/31/2011 - 22:15:05: [amxbans.amxx] [Amxbans] Threaded query error, location: 18
L 10/31/2011 - 22:15:05: [amxbans.amxx] [Amxbans] Message: You have an error in your SQL syntax; check the manual that corresponds to your MySQL server version for the right syntax to use near ''amxban' at line 1 (1064)
L 10/31/2011 - 22:15:05: [amxbans.amxx] [Amxbans] Query statement: 
L 10/31/2011 - 22:18:11: [amxbans.amxx] [Amxbans] Query failed!
L 10/31/2011 - 22:18:11: [amxbans.amxx] [Amxbans] Threaded query error, location: 18
L 10/31/2011 - 22:18:11: [amxbans.amxx] [Amxbans] Message: You have an error in your SQL syntax; check the manual that corresponds to your MySQL server version for the right syntax to use near ''amxbans' at line 1 (1064)
L 10/31/2011 - 22:18:11: [amxbans.amxx] [Amxbans] Query statement: 
L 10/31/2011 - 22:18:31: [admin_amxbans.amxx] Login: "~dark_light<1154><STEAM_0:0:743756224><>" became an admin (account "~dark_light") (access "t") (address "178.120.101.226")
L 10/31/2011 - 22:38:09: [admin_amxbans.amxx] Login: "Alecquant<1173><STEAM_0:4:565250032><>" became an admin (account "Alecquant") (access "t") (address "89.237.62.234")
L 10/31/2011 - 22:44:11: -------- Mapchange to zm_fdust2x2 --------
L 10/31/2011 - 22:44:12: [admin_amxbans.amxx] Login: "Den1s<1136><STEAM_0:0:889229784><>" became an admin (account "91.192.190.142") (access "abcdefghijklmnopqstu") (address "91.192.190.142")
L 10/31/2011 - 22:44:12: [admin_amxbans.amxx] Login: "~dark_light<1154><STEAM_0:0:743756224><>" became an admin (account "~dark_light") (access "t") (address "178.120.101.226")
L 10/31/2011 - 22:44:12: [admin_amxbans.amxx] Login: "Alecquant<1173><STEAM_0:4:565250032><>" became an admin (account "Alecquant") (access "t") (address "89.237.62.234")
L 10/31/2011 - 22:44:13: [amxbans.amxx] [AMXBANS] AMXBans 5.0 is online
L 10/31/2011 - 22:44:18: [amxbans.amxx] [Amxbans] Query failed!
L 10/31/2011 - 22:44:18: [amxbans.amxx] [Amxbans] Threaded query error, location: 18
L 10/31/2011 - 22:44:18: [amxbans.amxx] [Amxbans] Message: You have an error in your SQL syntax; check the manual that corresponds to your MySQL server version for the right syntax to use near ''amxbans' at line 1 (1064)
L 10/31/2011 - 22:44:18: [amxbans.amxx] [Amxbans] Query statement: 
L 10/31/2011 - 22:50:56: [admin_amxbans.amxx] Login: "Narkot1k<1184><STEAM_0:0:1967094010><>" became an admin (account "Narkot1k") (access "t") (address "95.220.106.186")
L 10/31/2011 - 22:59:49: [voteban.amxx] Voteban starter ~dark_light against KpuMuHaJI_B_MaKgoHaJIgCe STEAM_0:0:352547479
L 10/31/2011 - 23:00:05: [voteban.amxx] [AMXX] BANNED: KpuMuHaJI_B_MaKgoHaJIgCe, STARTER: ~dark_light
L 10/31/2011 - 23:00:06: [amxbans.amxx]  Зомби сервер (x_x(O_o)x_x) Go Zombie !!!<0><><> banned KpuMuHaJI_B_MaKgoHaJIgCe<STEAM_0:0:352547479> for 15 minutes (15 minutes). Reason: VIP->~dark_light.
L 10/31/2011 - 23:00:37: [voteban.amxx] Voteban starter ~dark_light against [F3 - 1] wowa STEAM_0:0:406205617
L 10/31/2011 - 23:00:52: [voteban.amxx] [AMXX] BANNED: [F3 - 1] wowa, STARTER: ~dark_light
L 10/31/2011 - 23:00:53: [amxbans.amxx]  Зомби сервер (x_x(O_o)x_x) Go Zombie !!!<0><><> banned [F3 - 1] wowa<STEAM_0:0:406205617> for 15 minutes (15 minutes). Reason: VIP->~dark_light.
L 10/31/2011 - 23:06:19: -------- Mapchange to ze_egypt --------
L 10/31/2011 - 23:06:20: [admin_amxbans.amxx] Login: "Narkot1k<1184><STEAM_0:0:1967094010><>" became an admin (account "Narkot1k") (access "t") (address "95.220.106.186")
L 10/31/2011 - 23:06:20: [admin_amxbans.amxx] Login: "Den1s<1136><STEAM_0:0:889229784><>" became an admin (account "91.192.190.142") (access "abcdefghijklmnopqstu") (address "91.192.190.142")
L 10/31/2011 - 23:06:20: [admin_amxbans.amxx] Login: "~dark_light<1154><STEAM_0:0:743756224><>" became an admin (account "~dark_light") (access "t") (address "178.120.101.226")
L 10/31/2011 - 23:06:20: [admin_amxbans.amxx] Login: "Alecquant<1173><STEAM_0:4:565250032><>" became an admin (account "Alecquant") (access "t") (address "89.237.62.234")
L 10/31/2011 - 23:06:21: [amxbans.amxx] [AMXBANS] AMXBans 5.0 is online
L 10/31/2011 - 23:06:21: [admin_amxbans.amxx] Login: "Den1s<1194><STEAM_0:0:889229784><>" became an admin (account "91.192.190.142") (access "abcdefghijklmnopqstu") (address "91.192.190.142")
L 10/31/2011 - 23:06:22: [admin_amxbans.amxx] Login: "Narkot1k<1196><STEAM_0:0:1967094010><>" became an admin (account "Narkot1k") (access "t") (address "95.220.106.186")
L 10/31/2011 - 23:06:24: [admin_amxbans.amxx] Login: "Alecquant<1201><STEAM_0:4:565250032><>" became an admin (account "Alecquant") (access "t") (address "89.237.62.234")
L 10/31/2011 - 23:06:26: [amxbans.amxx] [Amxbans] Query failed!
L 10/31/2011 - 23:06:26: [amxbans.amxx] [Amxbans] Threaded query error, location: 18
L 10/31/2011 - 23:06:26: [amxbans.amxx] [Amxbans] Message: You have an error in your SQL syntax; check the manual that corresponds to your MySQL server version for the right syntax to use near ''amxbans' at line 1 (1064)
L 10/31/2011 - 23:06:26: [amxbans.amxx] [Amxbans] Query statement: 
L 10/31/2011 - 23:06:27: [amxbans.amxx] [Amxbans] Query failed!
L 10/31/2011 - 23:06:27: [amxbans.amxx] [Amxbans] Threaded query error, location: 18
L 10/31/2011 - 23:06:27: [amxbans.amxx] [Amxbans] Message: You have an error in your SQL syntax; check the manual that corresponds to your MySQL server version for the right syntax to use near ''amxbans' at line 1 (1064)
L 10/31/2011 - 23:06:27: [amxbans.amxx] [Amxbans] Query statement: 
L 10/31/2011 - 23:11:46: [admincmd.amxx] Cmd: "Den1s<1194><STEAM_0:0:889229784><>" ask for players list
L 10/31/2011 - 23:11:59: [amxbans.amxx] [Amxbans] Query failed!
L 10/31/2011 - 23:11:59: [amxbans.amxx] [Amxbans] Threaded query error, location: 18
L 10/31/2011 - 23:11:59: [amxbans.amxx] [Amxbans] Message: You have an error in your SQL syntax; check the manual that corresponds to your MySQL server version for the right syntax to use near ''amxbans' at line 1 (1064)
L 10/31/2011 - 23:11:59: [amxbans.amxx] [Amxbans] Query statement: 
L 10/31/2011 - 23:12:08: [amxbans.amxx] [Amxbans] Query failed!
L 10/31/2011 - 23:12:08: [amxbans.amxx] [Amxbans] Threaded query error, location: 18
L 10/31/2011 - 23:12:08: [amxbans.amxx] [Amxbans] Message: You have an error in your SQL syntax; check the manual that corresponds to your MySQL server version for the right syntax to use near ''amxbans' at line 1 (1064)
L 10/31/2011 - 23:12:08: [amxbans.amxx] [Amxbans] Query statement: 
L 10/31/2011 - 23:21:35: -------- Mapchange to zm_houses --------
L 10/31/2011 - 23:21:36: [admin_amxbans.amxx] Login: "Narkot1k<1196><STEAM_0:0:1967094010><>" became an admin (account "Narkot1k") (access "t") (address "95.220.106.186")
L 10/31/2011 - 23:21:36: [admin_amxbans.amxx] Login: "Den1s<1194><STEAM_0:0:889229784><>" became an admin (account "91.192.190.142") (access "abcdefghijklmnopqstu") (address "91.192.190.142")
L 10/31/2011 - 23:21:36: [admin_amxbans.amxx] Login: "Alecquant<1201><STEAM_0:4:565250032><>" became an admin (account "Alecquant") (access "t") (address "89.237.62.234")
L 10/31/2011 - 23:21:37: [amxbans.amxx] [AMXBANS] AMXBans 5.0 is online
L 10/31/2011 - 23:21:44: [amxbans.amxx] [Amxbans] Query failed!
L 10/31/2011 - 23:21:44: [amxbans.amxx] [Amxbans] Threaded query error, location: 18
L 10/31/2011 - 23:21:44: [amxbans.amxx] [Amxbans] Message: You have an error in your SQL syntax; check the manual that corresponds to your MySQL server version for the right syntax to use near ''amxbans' at line 1 (1064)
L 10/31/2011 - 23:21:44: [amxbans.amxx] [Amxbans] Query statement: 
L 10/31/2011 - 23:21:44: [amxbans.amxx] [Amxbans] Query failed!
L 10/31/2011 - 23:21:44: [amxbans.amxx] [Amxbans] Threaded query error, location: 18
L 10/31/2011 - 23:21:44: [amxbans.amxx] [Amxbans] Message: You have an error in your SQL syntax; check the manual that corresponds to your MySQL server version for the right syntax to use near ''amxbans' at line 1 (1064)
L 10/31/2011 - 23:21:44: [amxbans.amxx] [Amxbans] Query statement: 
L 10/31/2011 - 23:21:48: [amxbans.amxx] [Amxbans] Query failed!
L 10/31/2011 - 23:21:48: [amxbans.amxx] [Amxbans] Threaded query error, location: 18
L 10/31/2011 - 23:21:48: [amxbans.amxx] [Amxbans] Message: You have an error in your SQL syntax; check the manual that corresponds to your MySQL server version for the right syntax to use near ''amxbans' at line 1 (1064)
L 10/31/2011 - 23:21:48: [amxbans.amxx] [Amxbans] Query statement: 
L 10/31/2011 - 23:42:00: [admin_amxbans.amxx] Login: "I bet u look good on dancefloor<1273><STEAM_0:0:44643826><>" became an admin (account "172.23.65.13") (access "l") (address "172.23.65.13")
L 10/31/2011 - 23:44:43: -------- Mapchange to zm_dwarf --------
L 10/31/2011 - 23:44:44: [admin_amxbans.amxx] Login: "Narkot1k<1196><STEAM_0:0:1967094010><>" became an admin (account "Narkot1k") (access "t") (address "95.220.106.186")
L 10/31/2011 - 23:44:44: [admin_amxbans.amxx] Login: "Den1s<1194><STEAM_0:0:889229784><>" became an admin (account "91.192.190.142") (access "abcdefghijklmnopqstu") (address "91.192.190.142")
L 10/31/2011 - 23:44:44: [admin_amxbans.amxx] Login: "I bet u look good on dancefloor<1273><STEAM_0:0:44643826><>" became an admin (account "172.23.65.13") (access "l") (address "172.23.65.13")
L 10/31/2011 - 23:44:45: [amxbans.amxx] [AMXBANS] AMXBans 5.0 is online
L 10/31/2011 - 23:44:50: [amxbans.amxx] [Amxbans] Query failed!
L 10/31/2011 - 23:44:50: [amxbans.amxx] [Amxbans] Threaded query error, location: 18
L 10/31/2011 - 23:44:50: [amxbans.amxx] [Amxbans] Message: You have an error in your SQL syntax; check the manual that corresponds to your MySQL server version for the right syntax to use near ''amxbans' at line 1 (1064)
L 10/31/2011 - 23:44:50: [amxbans.amxx] [Amxbans] Query statement: 
L 10/31/2011 - 23:49:37: [plmenu.amxx] Kick: "Den1s<1194><STEAM_0:0:889229784><>" kick "t-y-t-i-k<1198><STEAM_0:0:1432256141><>"
L 10/31/2011 - 23:53:46: [amxbans.amxx] [Amxbans] Query failed!
L 10/31/2011 - 23:53:46: [amxbans.amxx] [Amxbans] Threaded query error, location: 18
L 10/31/2011 - 23:53:46: [amxbans.amxx] [Amxbans] Message: You have an error in your SQL syntax; check the manual that corresponds to your MySQL server version for the right syntax to use near ''amxban' at line 1 (1064)
L 10/31/2011 - 23:53:46: [amxbans.amxx] [Amxbans] Query statement: 
L 10/31/2011 - 23:55:27: [admin_amxbans.amxx] Login: "|228| 6yJIb6aIII<1286><STEAM_0:0:1292803525><>" became an admin (account "|228| 6yJIb6aIII") (access "t") (address "178.123.211.124")
