L 10/30/2011 - 00:11:23: [amxbans.amxx] [Amxbans] Query failed!
L 10/30/2011 - 00:11:23: [amxbans.amxx] [Amxbans] Threaded query error, location: 18
L 10/30/2011 - 00:11:23: [amxbans.amxx] [Amxbans] Message: You have an error in your SQL syntax; check the manual that corresponds to your MySQL server version for the right syntax to use near ''amxba' at line 1 (1064)
L 10/30/2011 - 00:11:23: [amxbans.amxx] [Amxbans] Query statement: 
L 10/30/2011 - 00:15:10: -------- Mapchange to zm_303 --------
L 10/30/2011 - 00:15:11: [admin_amxbans.amxx] Login: "koplo<2630><STEAM_0:0:889229784><>" became an admin (account "91.192.190.142") (access "abcdefghijklmnopqstu") (address "91.192.190.142")
L 10/30/2011 - 00:15:12: [amxbans.amxx] [AMXBANS] AMXBans 5.0 is online
L 10/30/2011 - 00:15:16: [amxbans.amxx] [Amxbans] Query failed!
L 10/30/2011 - 00:15:16: [amxbans.amxx] [Amxbans] Threaded query error, location: 18
L 10/30/2011 - 00:15:16: [amxbans.amxx] [Amxbans] Message: You have an error in your SQL syntax; check the manual that corresponds to your MySQL server version for the right syntax to use near ''amxba' at line 1 (1064)
L 10/30/2011 - 00:15:16: [amxbans.amxx] [Amxbans] Query statement: 
L 10/30/2011 - 00:15:17: [amxbans.amxx] [Amxbans] Query failed!
L 10/30/2011 - 00:15:17: [amxbans.amxx] [Amxbans] Threaded query error, location: 18
L 10/30/2011 - 00:15:17: [amxbans.amxx] [Amxbans] Message: You have an error in your SQL syntax; check the manual that corresponds to your MySQL server version for the right syntax to use near ''amxbans' at line 1 (1064)
L 10/30/2011 - 00:15:17: [amxbans.amxx] [Amxbans] Query statement: 
L 10/30/2011 - 00:30:51: [amxbans.amxx] [Amxbans] Query failed!
L 10/30/2011 - 00:30:51: [amxbans.amxx] [Amxbans] Threaded query error, location: 18
L 10/30/2011 - 00:30:51: [amxbans.amxx] [Amxbans] Message: You have an error in your SQL syntax; check the manual that corresponds to your MySQL server version for the right syntax to use near ''amxba' at line 1 (1064)
L 10/30/2011 - 00:30:51: [amxbans.amxx] [Amxbans] Query statement: 
L 10/30/2011 - 00:35:28: -------- Mapchange to zm_caca --------
L 10/30/2011 - 00:35:28: [admin_amxbans.amxx] Login: "koplo<2630><STEAM_0:0:889229784><>" became an admin (account "91.192.190.142") (access "abcdefghijklmnopqstu") (address "91.192.190.142")
L 10/30/2011 - 00:35:29: [amxbans.amxx] [AMXBANS] AMXBans 5.0 is online
L 10/30/2011 - 00:35:33: [amxbans.amxx] [Amxbans] Query failed!
L 10/30/2011 - 00:35:33: [amxbans.amxx] [Amxbans] Threaded query error, location: 18
L 10/30/2011 - 00:35:33: [amxbans.amxx] [Amxbans] Message: You have an error in your SQL syntax; check the manual that corresponds to your MySQL server version for the right syntax to use near ''amxba' at line 1 (1064)
L 10/30/2011 - 00:35:33: [amxbans.amxx] [Amxbans] Query statement: 
L 10/30/2011 - 00:35:33: [amxbans.amxx] [Amxbans] Query failed!
L 10/30/2011 - 00:35:33: [amxbans.amxx] [Amxbans] Threaded query error, location: 18
L 10/30/2011 - 00:35:33: [amxbans.amxx] [Amxbans] Message: You have an error in your SQL syntax; check the manual that corresponds to your MySQL server version for the right syntax to use near ''amxbans' at line 1 (1064)
L 10/30/2011 - 00:35:33: [amxbans.amxx] [Amxbans] Query statement: 
L 10/30/2011 - 00:57:56: -------- Mapchange to zm_fdust2x2 --------
L 10/30/2011 - 00:57:57: [amxbans.amxx] [AMXBANS] AMXBans 5.0 is online
L 10/30/2011 - 01:01:57: [amxbans.amxx] [Amxbans] Query failed!
L 10/30/2011 - 01:01:57: [amxbans.amxx] [Amxbans] Threaded query error, location: 18
L 10/30/2011 - 01:01:57: [amxbans.amxx] [Amxbans] Message: You have an error in your SQL syntax; check the manual that corresponds to your MySQL server version for the right syntax to use near ''amxba' at line 1 (1064)
L 10/30/2011 - 01:01:57: [amxbans.amxx] [Amxbans] Query statement: 
L 10/30/2011 - 01:11:57: [amxbans.amxx] [Amxbans] Query failed!
L 10/30/2011 - 01:11:57: [amxbans.amxx] [Amxbans] Threaded query error, location: 18
L 10/30/2011 - 01:11:57: [amxbans.amxx] [Amxbans] Message: You have an error in your SQL syntax; check the manual that corresponds to your MySQL server version for the right syntax to use near ''amxbans' at line 1 (1064)
L 10/30/2011 - 01:11:57: [amxbans.amxx] [Amxbans] Query statement: 
L 10/30/2011 - 01:19:01: -------- Mapchange to zm_666_brick --------
L 10/30/2011 - 01:19:02: [amxbans.amxx] [AMXBANS] AMXBans 5.0 is online
L 10/30/2011 - 01:19:05: [amxbans.amxx] [Amxbans] Query failed!
L 10/30/2011 - 01:19:05: [amxbans.amxx] [Amxbans] Threaded query error, location: 18
L 10/30/2011 - 01:19:05: [amxbans.amxx] [Amxbans] Message: You have an error in your SQL syntax; check the manual that corresponds to your MySQL server version for the right syntax to use near ''amxbans' at line 1 (1064)
L 10/30/2011 - 01:19:05: [amxbans.amxx] [Amxbans] Query statement: 
L 10/30/2011 - 01:58:46: [amxbans.amxx] [Amxbans] Query failed!
L 10/30/2011 - 01:58:46: [amxbans.amxx] [Amxbans] Threaded query error, location: 18
L 10/30/2011 - 01:58:46: [amxbans.amxx] [Amxbans] Message: You have an error in your SQL syntax; check the manual that corresponds to your MySQL server version for the right syntax to use near ''amxba' at line 1 (1064)
L 10/30/2011 - 01:58:46: [amxbans.amxx] [Amxbans] Query statement: 
L 10/30/2011 - 02:00:12: [amxbans.amxx] [Amxbans] Query failed!
L 10/30/2011 - 02:00:12: [amxbans.amxx] [Amxbans] Threaded query error, location: 18
L 10/30/2011 - 02:00:12: [amxbans.amxx] [Amxbans] Message: You have an error in your SQL syntax; check the manual that corresponds to your MySQL server version for the right syntax to use near ''amxba' at line 1 (1064)
L 10/30/2011 - 02:00:12: [amxbans.amxx] [Amxbans] Query statement: 
L 10/30/2011 - 02:20:03: -------- Mapchange to ze_lift_escape_b5 --------
L 10/30/2011 - 02:20:04: [amxbans.amxx] [AMXBANS] AMXBans 5.0 is online
L 10/30/2011 - 02:20:05: [amxbans.amxx] [Amxbans] Query failed!
L 10/30/2011 - 02:20:05: [amxbans.amxx] [Amxbans] Threaded query error, location: 18
L 10/30/2011 - 02:20:05: [amxbans.amxx] [Amxbans] Message: You have an error in your SQL syntax; check the manual that corresponds to your MySQL server version for the right syntax to use near ''amxbans' at line 1 (1064)
L 10/30/2011 - 02:20:05: [amxbans.amxx] [Amxbans] Query statement: 
L 10/30/2011 - 02:20:06: [amxbans.amxx] [Amxbans] Query failed!
L 10/30/2011 - 02:20:06: [amxbans.amxx] [Amxbans] Threaded query error, location: 18
L 10/30/2011 - 02:20:06: [amxbans.amxx] [Amxbans] Message: You have an error in your SQL syntax; check the manual that corresponds to your MySQL server version for the right syntax to use near ''amxba' at line 1 (1064)
L 10/30/2011 - 02:20:06: [amxbans.amxx] [Amxbans] Query statement: 
L 10/30/2011 - 02:23:14: -------- Mapchange to awp_city --------
L 10/30/2011 - 02:23:16: [amxbans.amxx] [AMXBANS] AMXBans 5.0 is online
L 10/30/2011 - 02:33:09: -------- Mapchange to awp_city --------
L 10/30/2011 - 02:33:11: [amxbans.amxx] [AMXBANS] AMXBans 5.0 is online
L 10/30/2011 - 02:47:01: -------- Mapchange to zm_xata --------
L 10/30/2011 - 02:47:02: [amxbans.amxx] [AMXBANS] AMXBans 5.0 is online
L 10/30/2011 - 02:50:00: -------- Mapchange to awp_city --------
L 10/30/2011 - 02:50:02: [amxbans.amxx] [AMXBANS] AMXBans 5.0 is online
L 10/30/2011 - 02:59:55: -------- Mapchange to awp_city --------
L 10/30/2011 - 02:59:57: [amxbans.amxx] [AMXBANS] AMXBans 5.0 is online
L 10/30/2011 - 02:08:32: -------- Mapchange to 016 --------
L 10/30/2011 - 02:08:34: [amxbans.amxx] [AMXBANS] AMXBans 5.0 is online
L 10/30/2011 - 02:11:32: -------- Mapchange to awp_city --------
L 10/30/2011 - 02:11:34: [amxbans.amxx] [AMXBANS] AMXBans 5.0 is online
L 10/30/2011 - 02:21:27: -------- Mapchange to awp_city --------
L 10/30/2011 - 02:21:29: [amxbans.amxx] [AMXBANS] AMXBans 5.0 is online
L 10/30/2011 - 02:31:22: -------- Mapchange to awp_city --------
L 10/30/2011 - 02:31:24: [amxbans.amxx] [AMXBANS] AMXBans 5.0 is online
L 10/30/2011 - 02:46:02: -------- Mapchange to awp_city --------
L 10/30/2011 - 02:46:04: [amxbans.amxx] [AMXBANS] AMXBans 5.0 is online
L 10/30/2011 - 02:54:24: -------- Mapchange to zm_dwarf --------
L 10/30/2011 - 02:54:25: [amxbans.amxx] [AMXBANS] AMXBans 5.0 is online
L 10/30/2011 - 02:57:23: -------- Mapchange to awp_city --------
L 10/30/2011 - 02:57:25: [amxbans.amxx] [AMXBANS] AMXBans 5.0 is online
L 10/30/2011 - 03:07:18: -------- Mapchange to awp_city --------
L 10/30/2011 - 03:07:20: [amxbans.amxx] [AMXBANS] AMXBans 5.0 is online
L 10/30/2011 - 03:20:09: -------- Mapchange to zm_neris --------
L 10/30/2011 - 03:20:10: [amxbans.amxx] [AMXBANS] AMXBans 5.0 is online
L 10/30/2011 - 03:41:12: -------- Mapchange to ze_lift_escape_b5 --------
L 10/30/2011 - 03:41:14: [amxbans.amxx] [AMXBANS] AMXBans 5.0 is online
L 10/30/2011 - 03:45:44: -------- Mapchange to zm_deadly_assault --------
L 10/30/2011 - 03:45:46: [amxbans.amxx] [AMXBANS] AMXBans 5.0 is online
L 10/30/2011 - 04:08:15: -------- Mapchange to zm_fdust2x2 --------
L 10/30/2011 - 04:08:16: [amxbans.amxx] [AMXBANS] AMXBans 5.0 is online
L 10/30/2011 - 04:11:54: -------- Mapchange to awp_city --------
L 10/30/2011 - 04:11:56: [amxbans.amxx] [AMXBANS] AMXBans 5.0 is online
L 10/30/2011 - 04:31:01: -------- Mapchange to zm_xata --------
L 10/30/2011 - 04:31:03: [amxbans.amxx] [AMXBANS] AMXBans 5.0 is online
L 10/30/2011 - 04:47:41: -------- Mapchange to awp_city --------
L 10/30/2011 - 04:47:42: [amxbans.amxx] [AMXBANS] AMXBans 5.0 is online
L 10/30/2011 - 04:57:36: -------- Mapchange to awp_city --------
L 10/30/2011 - 04:57:37: [amxbans.amxx] [AMXBANS] AMXBans 5.0 is online
L 10/30/2011 - 05:07:31: -------- Mapchange to awp_city --------
L 10/30/2011 - 05:07:33: [amxbans.amxx] [AMXBANS] AMXBans 5.0 is online
L 10/30/2011 - 05:17:26: -------- Mapchange to awp_city --------
L 10/30/2011 - 05:17:28: [amxbans.amxx] [AMXBANS] AMXBans 5.0 is online
L 10/30/2011 - 05:27:21: -------- Mapchange to awp_city --------
L 10/30/2011 - 05:27:23: [amxbans.amxx] [AMXBANS] AMXBans 5.0 is online
L 10/30/2011 - 05:43:12: -------- Mapchange to 016 --------
L 10/30/2011 - 05:43:14: [amxbans.amxx] [AMXBANS] AMXBans 5.0 is online
L 10/30/2011 - 05:50:19: [amxbans.amxx] [Amxbans] Query failed!
L 10/30/2011 - 05:50:19: [amxbans.amxx] [Amxbans] Threaded query error, location: 18
L 10/30/2011 - 05:50:19: [amxbans.amxx] [Amxbans] Message: You have an error in your SQL syntax; check the manual that corresponds to your MySQL server version for the right syntax to use near ''amxban' at line 1 (1064)
L 10/30/2011 - 05:50:19: [amxbans.amxx] [Amxbans] Query statement: 
L 10/30/2011 - 05:52:00: [amxbans.amxx] [Amxbans] Query failed!
L 10/30/2011 - 05:52:00: [amxbans.amxx] [Amxbans] Threaded query error, location: 18
L 10/30/2011 - 05:52:00: [amxbans.amxx] [Amxbans] Message: You have an error in your SQL syntax; check the manual that corresponds to your MySQL server version for the right syntax to use near ''amxban' at line 1 (1064)
L 10/30/2011 - 05:52:00: [amxbans.amxx] [Amxbans] Query statement: 
L 10/30/2011 - 06:22:16: -------- Mapchange to ze_jurassicpark --------
L 10/30/2011 - 06:22:17: [amxbans.amxx] [AMXBANS] AMXBans 5.0 is online
L 10/30/2011 - 06:35:52: -------- Mapchange to zm_fdust2x2 --------
L 10/30/2011 - 06:35:54: [amxbans.amxx] [AMXBANS] AMXBans 5.0 is online
L 10/30/2011 - 06:38:52: -------- Mapchange to awp_city --------
L 10/30/2011 - 06:38:54: [amxbans.amxx] [AMXBANS] AMXBans 5.0 is online
L 10/30/2011 - 06:47:29: -------- Mapchange to zm_dwarf --------
L 10/30/2011 - 06:47:30: [amxbans.amxx] [AMXBANS] AMXBans 5.0 is online
L 10/30/2011 - 06:50:47: -------- Mapchange to awp_city --------
L 10/30/2011 - 06:50:49: [amxbans.amxx] [AMXBANS] AMXBans 5.0 is online
L 10/30/2011 - 07:00:42: -------- Mapchange to awp_city --------
L 10/30/2011 - 07:00:44: [amxbans.amxx] [AMXBANS] AMXBans 5.0 is online
L 10/30/2011 - 07:10:37: -------- Mapchange to awp_city --------
L 10/30/2011 - 07:10:39: [amxbans.amxx] [AMXBANS] AMXBans 5.0 is online
L 10/30/2011 - 07:20:32: -------- Mapchange to awp_city --------
L 10/30/2011 - 07:20:34: [amxbans.amxx] [AMXBANS] AMXBans 5.0 is online
L 10/30/2011 - 07:35:51: [amxbans.amxx] [Amxbans] Query failed!
L 10/30/2011 - 07:35:51: [amxbans.amxx] [Amxbans] Threaded query error, location: 18
L 10/30/2011 - 07:35:51: [amxbans.amxx] [Amxbans] Message: You have an error in your SQL syntax; check the manual that corresponds to your MySQL server version for the right syntax to use near ''amxb' at line 1 (1064)
L 10/30/2011 - 07:35:51: [amxbans.amxx] [Amxbans] Query statement: 
L 10/30/2011 - 07:35:56: [amxbans.amxx] [Amxbans] Query failed!
L 10/30/2011 - 07:35:56: [amxbans.amxx] [Amxbans] Threaded query error, location: 18
L 10/30/2011 - 07:35:56: [amxbans.amxx] [Amxbans] Message: You have an error in your SQL syntax; check the manual that corresponds to your MySQL server version for the right syntax to use near ''amxb' at line 1 (1064)
L 10/30/2011 - 07:35:56: [amxbans.amxx] [Amxbans] Query statement: 
L 10/30/2011 - 07:36:35: [amxbans.amxx] [Amxbans] Query failed!
L 10/30/2011 - 07:36:35: [amxbans.amxx] [Amxbans] Threaded query error, location: 18
L 10/30/2011 - 07:36:35: [amxbans.amxx] [Amxbans] Message: You have an error in your SQL syntax; check the manual that corresponds to your MySQL server version for the right syntax to use near ''amxb' at line 1 (1064)
L 10/30/2011 - 07:36:35: [amxbans.amxx] [Amxbans] Query statement: 
L 10/30/2011 - 07:44:34: -------- Mapchange to zm_neris --------
L 10/30/2011 - 07:44:36: [amxbans.amxx] [AMXBANS] AMXBans 5.0 is online
L 10/30/2011 - 07:44:37: [amxbans.amxx] [Amxbans] Query failed!
L 10/30/2011 - 07:44:37: [amxbans.amxx] [Amxbans] Threaded query error, location: 18
L 10/30/2011 - 07:44:37: [amxbans.amxx] [Amxbans] Message: You have an error in your SQL syntax; check the manual that corresponds to your MySQL server version for the right syntax to use near ''amxb' at line 1 (1064)
L 10/30/2011 - 07:44:37: [amxbans.amxx] [Amxbans] Query statement: 
L 10/30/2011 - 08:07:37: -------- Mapchange to zm_666_brick --------
L 10/30/2011 - 08:07:38: [amxbans.amxx] [AMXBANS] AMXBans 5.0 is online
L 10/30/2011 - 08:07:41: [amxbans.amxx] [Amxbans] Query failed!
L 10/30/2011 - 08:07:41: [amxbans.amxx] [Amxbans] Threaded query error, location: 18
L 10/30/2011 - 08:07:41: [amxbans.amxx] [Amxbans] Message: You have an error in your SQL syntax; check the manual that corresponds to your MySQL server version for the right syntax to use near ''amxb' at line 1 (1064)
L 10/30/2011 - 08:07:41: [amxbans.amxx] [Amxbans] Query statement: 
L 10/30/2011 - 08:38:36: -------- Mapchange to 016 --------
L 10/30/2011 - 08:38:38: [amxbans.amxx] [AMXBANS] AMXBans 5.0 is online
L 10/30/2011 - 08:38:41: [amxbans.amxx] [Amxbans] Query failed!
L 10/30/2011 - 08:38:41: [amxbans.amxx] [Amxbans] Threaded query error, location: 18
L 10/30/2011 - 08:38:41: [amxbans.amxx] [Amxbans] Message: You have an error in your SQL syntax; check the manual that corresponds to your MySQL server version for the right syntax to use near ''amxb' at line 1 (1064)
L 10/30/2011 - 08:38:41: [amxbans.amxx] [Amxbans] Query statement: 
L 10/30/2011 - 08:53:57: [admin_amxbans.amxx] Login: "Zloy-Tupoy-Buhoy [Str,RUS]<2940><STEAM_0:4:1155982835><>" became an admin (account "Zloy-Tupoy-Buhoy [Str,RUS]") (access "t") (address "94.41.145.32")
L 10/30/2011 - 09:07:22: [voteban.amxx] Voteban starter Zloy-Tupoy-Buhoy [Str,RUS] against <<PRO>> STEAM_0:4:923676162
L 10/30/2011 - 09:07:37: [voteban.amxx] [AMXX] BANNED: <<PRO>>, STARTER: Zloy-Tupoy-Buhoy [Str,RUS]
L 10/30/2011 - 09:07:38: [amxbans.amxx]  Зомби сервер (x_x(O_o)x_x) Go Zombie !!!<0><><> banned <<PRO>><STEAM_0:4:923676162> for 15 minutes (15 minutes). Reason: VIP->Zloy-Tupoy-Buhoy [Str,RUS].
L 10/30/2011 - 09:09:27: -------- Mapchange to zm_303 --------
L 10/30/2011 - 09:09:28: [admin_amxbans.amxx] Login: "Zloy-Tupoy-Buhoy [Str,RUS]<2940><STEAM_0:4:1155982835><>" became an admin (account "Zloy-Tupoy-Buhoy [Str,RUS]") (access "t") (address "94.41.145.32")
L 10/30/2011 - 09:09:29: [amxbans.amxx] [AMXBANS] AMXBans 5.0 is online
L 10/30/2011 - 09:09:33: [amxbans.amxx] [Amxbans] Query failed!
L 10/30/2011 - 09:09:33: [amxbans.amxx] [Amxbans] Threaded query error, location: 18
L 10/30/2011 - 09:09:33: [amxbans.amxx] [Amxbans] Message: You have an error in your SQL syntax; check the manual that corresponds to your MySQL server version for the right syntax to use near ''amxb' at line 1 (1064)
L 10/30/2011 - 09:09:33: [amxbans.amxx] [Amxbans] Query statement: 
L 10/30/2011 - 09:25:23: [voteban.amxx] Voteban starter Zloy-Tupoy-Buhoy [Str,RUS] against PrOsTo Zzzzzzzzzzz STEAM_0:0:1775150872
L 10/30/2011 - 09:25:38: [voteban.amxx] [AMXX] BANNED: PrOsTo Zzzzzzzzzzz, STARTER: Zloy-Tupoy-Buhoy [Str,RUS]
L 10/30/2011 - 09:25:39: [amxbans.amxx]  Зомби сервер (x_x(O_o)x_x) Go Zombie !!!<0><><> banned PrOsTo Zzzzzzzzzzz<STEAM_0:0:1775150872> for 15 minutes (15 minutes). Reason: VIP->Zloy-Tupoy-Buhoy [Str,RUS].
L 10/30/2011 - 09:30:45: -------- Mapchange to zm_alfresco_v2 --------
L 10/30/2011 - 09:30:46: [admin_amxbans.amxx] Login: "Zloy-Tupoy-Buhoy [Str,RUS]<2940><STEAM_0:4:1155982835><>" became an admin (account "Zloy-Tupoy-Buhoy [Str,RUS]") (access "t") (address "94.41.145.32")
L 10/30/2011 - 09:30:47: [amxbans.amxx] [AMXBANS] AMXBans 5.0 is online
L 10/30/2011 - 09:30:53: [amxbans.amxx] [Amxbans] Query failed!
L 10/30/2011 - 09:30:53: [amxbans.amxx] [Amxbans] Threaded query error, location: 18
L 10/30/2011 - 09:30:53: [amxbans.amxx] [Amxbans] Message: You have an error in your SQL syntax; check the manual that corresponds to your MySQL server version for the right syntax to use near ''amxb' at line 1 (1064)
L 10/30/2011 - 09:30:53: [amxbans.amxx] [Amxbans] Query statement: 
L 10/30/2011 - 09:49:09: [voteban.amxx] Voteban starter Zloy-Tupoy-Buhoy [Str,RUS] against alfa 6 STEAM_0:0:528114891
L 10/30/2011 - 09:49:24: [voteban.amxx] [AMXX] BANNED: alfa 6, STARTER: Zloy-Tupoy-Buhoy [Str,RUS]
L 10/30/2011 - 09:51:49: -------- Mapchange to zm_deadly_assault --------
L 10/30/2011 - 09:51:50: [admin_amxbans.amxx] Login: "Zloy-Tupoy-Buhoy [Str,RUS]<2940><STEAM_0:4:1155982835><>" became an admin (account "Zloy-Tupoy-Buhoy [Str,RUS]") (access "t") (address "94.41.145.32")
L 10/30/2011 - 09:51:51: [amxbans.amxx] [AMXBANS] AMXBans 5.0 is online
L 10/30/2011 - 10:08:24: [amxbans.amxx] [Amxbans] Query failed!
L 10/30/2011 - 10:08:24: [amxbans.amxx] [Amxbans] Threaded query error, location: 18
L 10/30/2011 - 10:08:24: [amxbans.amxx] [Amxbans] Message: You have an error in your SQL syntax; check the manual that corresponds to your MySQL server version for the right syntax to use near ''Bantime expir' at line 1 (1064)
L 10/30/2011 - 10:08:24: [amxbans.amxx] [Amxbans] Query statement: 
L 10/30/2011 - 10:12:14: -------- Mapchange to zm_dwarf --------
L 10/30/2011 - 10:12:15: [admin_amxbans.amxx] Login: "Zloy-Tupoy-Buhoy [Str,RUS]<2940><STEAM_0:4:1155982835><>" became an admin (account "Zloy-Tupoy-Buhoy [Str,RUS]") (access "t") (address "94.41.145.32")
L 10/30/2011 - 10:12:15: [amxbans.amxx] [AMXBANS] AMXBans 5.0 is online
L 10/30/2011 - 10:12:20: [amxbans.amxx] [Amxbans] Query failed!
L 10/30/2011 - 10:12:20: [amxbans.amxx] [Amxbans] Threaded query error, location: 18
L 10/30/2011 - 10:12:20: [amxbans.amxx] [Amxbans] Message: You have an error in your SQL syntax; check the manual that corresponds to your MySQL server version for the right syntax to use near ''Bantime expir' at line 1 (1064)
L 10/30/2011 - 10:12:20: [amxbans.amxx] [Amxbans] Query statement: 
L 10/30/2011 - 10:33:39: -------- Mapchange to ze_egypt --------
L 10/30/2011 - 10:33:41: [admin_amxbans.amxx] Login: "Zloy-Tupoy-Buhoy [Str,RUS]<2940><STEAM_0:4:1155982835><>" became an admin (account "Zloy-Tupoy-Buhoy [Str,RUS]") (access "t") (address "94.41.145.32")
L 10/30/2011 - 10:33:41: [amxbans.amxx] [AMXBANS] AMXBans 5.0 is online
L 10/30/2011 - 10:33:45: [admin_amxbans.amxx] Login: "Zloy-Tupoy-Buhoy [Str,RUS]<3077><STEAM_0:4:1155982835><>" became an admin (account "Zloy-Tupoy-Buhoy [Str,RUS]") (access "t") (address "94.41.145.32")
L 10/30/2011 - 10:50:05: -------- Mapchange to ze_jurassicpark --------
L 10/30/2011 - 10:50:06: [admin_amxbans.amxx] Login: "Zloy-Tupoy-Buhoy [Str,RUS]<3077><STEAM_0:4:1155982835><>" became an admin (account "Zloy-Tupoy-Buhoy [Str,RUS]") (access "t") (address "94.41.145.32")
L 10/30/2011 - 10:50:07: [amxbans.amxx] [AMXBANS] AMXBans 5.0 is online
L 10/30/2011 - 11:04:54: [voteban.amxx] Voteban starter Zloy-Tupoy-Buhoy [Str,RUS] against Radon 98[rus] STEAM_0:0:1946360399
L 10/30/2011 - 11:05:09: [voteban.amxx] [AMXX] BANNED: Radon 98[rus], STARTER: Zloy-Tupoy-Buhoy [Str,RUS]
L 10/30/2011 - 11:05:10: [amxbans.amxx]  Зомби сервер (x_x(O_o)x_x) Go Zombie !!!<0><><> banned Radon 98[rus]<STEAM_0:0:1946360399> for 15 minutes (15 minutes). Reason: VIP->Zloy-Tupoy-Buhoy [Str,RUS].
L 10/30/2011 - 11:06:57: -------- Mapchange to zm_cpl_mill_kamp --------
L 10/30/2011 - 11:06:58: [admin_amxbans.amxx] Login: "Zloy-Tupoy-Buhoy [Str,RUS]<3077><STEAM_0:4:1155982835><>" became an admin (account "Zloy-Tupoy-Buhoy [Str,RUS]") (access "t") (address "94.41.145.32")
L 10/30/2011 - 11:06:59: [amxbans.amxx] [AMXBANS] AMXBans 5.0 is online
L 10/30/2011 - 11:09:37: [amxbans.amxx] [Amxbans] Query failed!
L 10/30/2011 - 11:09:37: [amxbans.amxx] [Amxbans] Threaded query error, location: 18
L 10/30/2011 - 11:09:37: [amxbans.amxx] [Amxbans] Message: You have an error in your SQL syntax; check the manual that corresponds to your MySQL server version for the right syntax to use near ''Bantime expir' at line 1 (1064)
L 10/30/2011 - 11:09:37: [amxbans.amxx] [Amxbans] Query statement: 
L 10/30/2011 - 11:19:41: [amxbans.amxx] [Amxbans] Query failed!
L 10/30/2011 - 11:19:41: [amxbans.amxx] [Amxbans] Threaded query error, location: 18
L 10/30/2011 - 11:19:41: [amxbans.amxx] [Amxbans] Message: You have an error in your SQL syntax; check the manual that corresponds to your MySQL server version for the right syntax to use near ''amxbans' at line 1 (1064)
L 10/30/2011 - 11:19:41: [amxbans.amxx] [Amxbans] Query statement: 
L 10/30/2011 - 11:29:28: -------- Mapchange to zm_dust_brick_b1_fx --------
L 10/30/2011 - 11:29:30: [amxbans.amxx] [AMXBANS] AMXBans 5.0 is online
L 10/30/2011 - 11:29:34: [amxbans.amxx] [Amxbans] Query failed!
L 10/30/2011 - 11:29:34: [amxbans.amxx] [Amxbans] Threaded query error, location: 18
L 10/30/2011 - 11:29:34: [amxbans.amxx] [Amxbans] Message: You have an error in your SQL syntax; check the manual that corresponds to your MySQL server version for the right syntax to use near ''amxbans' at line 1 (1064)
L 10/30/2011 - 11:29:34: [amxbans.amxx] [Amxbans] Query statement: 
L 10/30/2011 - 11:29:34: [amxbans.amxx] [Amxbans] Query failed!
L 10/30/2011 - 11:29:34: [amxbans.amxx] [Amxbans] Threaded query error, location: 18
L 10/30/2011 - 11:29:34: [amxbans.amxx] [Amxbans] Message: You have an error in your SQL syntax; check the manual that corresponds to your MySQL server version for the right syntax to use near ''Bantime expir' at line 1 (1064)
L 10/30/2011 - 11:29:34: [amxbans.amxx] [Amxbans] Query statement: 
L 10/30/2011 - 11:42:10: [admin_amxbans.amxx] Login: "|228| 6yJIb6aIII<3163><STEAM_0:0:1292803525><>" became an admin (account "|228| 6yJIb6aIII") (access "t") (address "178.123.196.13")
L 10/30/2011 - 11:51:21: -------- Mapchange to ze_lift_escape_b5 --------
L 10/30/2011 - 11:51:22: [admin_amxbans.amxx] Login: "|228| 6yJIb6aIII<3163><STEAM_0:0:1292803525><>" became an admin (account "|228| 6yJIb6aIII") (access "t") (address "178.123.196.13")
L 10/30/2011 - 11:51:22: [amxbans.amxx] [AMXBANS] AMXBans 5.0 is online
L 10/30/2011 - 11:51:28: [amxbans.amxx] [Amxbans] Query failed!
L 10/30/2011 - 11:51:28: [amxbans.amxx] [Amxbans] Threaded query error, location: 18
L 10/30/2011 - 11:51:28: [amxbans.amxx] [Amxbans] Message: You have an error in your SQL syntax; check the manual that corresponds to your MySQL server version for the right syntax to use near ''Bantime expir' at line 1 (1064)
L 10/30/2011 - 11:51:28: [amxbans.amxx] [Amxbans] Query statement: 
L 10/30/2011 - 11:51:29: [amxbans.amxx] [Amxbans] Query failed!
L 10/30/2011 - 11:51:29: [amxbans.amxx] [Amxbans] Threaded query error, location: 18
L 10/30/2011 - 11:51:29: [amxbans.amxx] [Amxbans] Message: You have an error in your SQL syntax; check the manual that corresponds to your MySQL server version for the right syntax to use near ''amxbans' at line 1 (1064)
L 10/30/2011 - 11:51:29: [amxbans.amxx] [Amxbans] Query statement: 
L 10/30/2011 - 11:51:40: [amxbans.amxx] [Amxbans] Query failed!
L 10/30/2011 - 11:51:40: [amxbans.amxx] [Amxbans] Threaded query error, location: 18
L 10/30/2011 - 11:51:40: [amxbans.amxx] [Amxbans] Message: You have an error in your SQL syntax; check the manual that corresponds to your MySQL server version for the right syntax to use near ''amxba' at line 1 (1064)
L 10/30/2011 - 11:51:40: [amxbans.amxx] [Amxbans] Query statement: 
L 10/30/2011 - 12:03:07: [amxbans.amxx] [Amxbans] Query failed!
L 10/30/2011 - 12:03:07: [amxbans.amxx] [Amxbans] Threaded query error, location: 18
L 10/30/2011 - 12:03:07: [amxbans.amxx] [Amxbans] Message: You have an error in your SQL syntax; check the manual that corresponds to your MySQL server version for the right syntax to use near ''amxba' at line 1 (1064)
L 10/30/2011 - 12:03:07: [amxbans.amxx] [Amxbans] Query statement: 
L 10/30/2011 - 12:04:20: [amxbans.amxx] [Amxbans] Query failed!
L 10/30/2011 - 12:04:20: [amxbans.amxx] [Amxbans] Threaded query error, location: 18
L 10/30/2011 - 12:04:20: [amxbans.amxx] [Amxbans] Message: You have an error in your SQL syntax; check the manual that corresponds to your MySQL server version for the right syntax to use near ''amxba' at line 1 (1064)
L 10/30/2011 - 12:04:20: [amxbans.amxx] [Amxbans] Query statement: 
L 10/30/2011 - 12:05:09: [amxbans.amxx] [Amxbans] Query failed!
L 10/30/2011 - 12:05:09: [amxbans.amxx] [Amxbans] Threaded query error, location: 18
L 10/30/2011 - 12:05:09: [amxbans.amxx] [Amxbans] Message: You have an error in your SQL syntax; check the manual that corresponds to your MySQL server version for the right syntax to use near ''amxba' at line 1 (1064)
L 10/30/2011 - 12:05:09: [amxbans.amxx] [Amxbans] Query statement: 
L 10/30/2011 - 12:07:32: [amxbans.amxx] [Amxbans] Query failed!
L 10/30/2011 - 12:07:32: [amxbans.amxx] [Amxbans] Threaded query error, location: 18
L 10/30/2011 - 12:07:32: [amxbans.amxx] [Amxbans] Message: You have an error in your SQL syntax; check the manual that corresponds to your MySQL server version for the right syntax to use near ''amxba' at line 1 (1064)
L 10/30/2011 - 12:07:32: [amxbans.amxx] [Amxbans] Query statement: 
L 10/30/2011 - 12:09:02: -------- Mapchange to 016 --------
L 10/30/2011 - 12:09:03: [admin_amxbans.amxx] Login: "|228| 6yJIb6aIII<3163><STEAM_0:0:1292803525><>" became an admin (account "|228| 6yJIb6aIII") (access "t") (address "178.123.196.13")
L 10/30/2011 - 12:09:04: [amxbans.amxx] [AMXBANS] AMXBans 5.0 is online
L 10/30/2011 - 12:09:11: [amxbans.amxx] [Amxbans] Query failed!
L 10/30/2011 - 12:09:11: [amxbans.amxx] [Amxbans] Threaded query error, location: 18
L 10/30/2011 - 12:09:11: [amxbans.amxx] [Amxbans] Message: You have an error in your SQL syntax; check the manual that corresponds to your MySQL server version for the right syntax to use near ''amxba' at line 1 (1064)
L 10/30/2011 - 12:09:11: [amxbans.amxx] [Amxbans] Query statement: 
L 10/30/2011 - 12:09:11: [amxbans.amxx] [Amxbans] Query failed!
L 10/30/2011 - 12:09:11: [amxbans.amxx] [Amxbans] Threaded query error, location: 18
L 10/30/2011 - 12:09:11: [amxbans.amxx] [Amxbans] Message: You have an error in your SQL syntax; check the manual that corresponds to your MySQL server version for the right syntax to use near ''amxba' at line 1 (1064)
L 10/30/2011 - 12:09:11: [amxbans.amxx] [Amxbans] Query statement: 
L 10/30/2011 - 12:09:12: [amxbans.amxx] [Amxbans] Query failed!
L 10/30/2011 - 12:09:12: [amxbans.amxx] [Amxbans] Threaded query error, location: 18
L 10/30/2011 - 12:09:12: [amxbans.amxx] [Amxbans] Message: You have an error in your SQL syntax; check the manual that corresponds to your MySQL server version for the right syntax to use near ''amxba' at line 1 (1064)
L 10/30/2011 - 12:09:12: [amxbans.amxx] [Amxbans] Query statement: 
L 10/30/2011 - 12:09:13: [amxbans.amxx] [Amxbans] Query failed!
L 10/30/2011 - 12:09:13: [amxbans.amxx] [Amxbans] Threaded query error, location: 18
L 10/30/2011 - 12:09:13: [amxbans.amxx] [Amxbans] Message: You have an error in your SQL syntax; check the manual that corresponds to your MySQL server version for the right syntax to use near ''amxbans' at line 1 (1064)
L 10/30/2011 - 12:09:13: [amxbans.amxx] [Amxbans] Query statement: 
L 10/30/2011 - 12:36:03: [amxbans.amxx] [Amxbans] Query failed!
L 10/30/2011 - 12:36:03: [amxbans.amxx] [Amxbans] Threaded query error, location: 18
L 10/30/2011 - 12:36:03: [amxbans.amxx] [Amxbans] Message: You have an error in your SQL syntax; check the manual that corresponds to your MySQL server version for the right syntax to use near ''amxban' at line 1 (1064)
L 10/30/2011 - 12:36:03: [amxbans.amxx] [Amxbans] Query statement: 
L 10/30/2011 - 12:36:56: [admin_amxbans.amxx] Login: "Drey<3242><STEAM_0:0:41300771><>" became an admin (account "Drey") (access "t") (address "89.222.180.227")
L 10/30/2011 - 12:38:35: [voteban.amxx] Voteban starter |228| 6yJIb6aIII against :_:Killer:_:-ARTHUR STEAM_0:0:760305556
L 10/30/2011 - 12:38:43: [voteban.amxx] Voteban starter |228| 6yJIb6aIII against D e f o STEAM_0:4:1758352874
L 10/30/2011 - 12:38:50: [voteban.amxx] [AMXX] BANNED: D e f o, STARTER: |228| 6yJIb6aIII
L 10/30/2011 - 12:38:51: [amxbans.amxx]  Зомби сервер (x_x(O_o)x_x) Go Zombie !!!<0><><> banned D e f o<STEAM_0:4:1758352874> for 15 minutes (15 minutes). Reason: VIP->|228| 6yJIb6aIII.
L 10/30/2011 - 12:38:58: [voteban.amxx] [AMXX] BANNED: D e f o, STARTER: |228| 6yJIb6aIII
L 10/30/2011 - 12:40:44: -------- Mapchange to zm_303 --------
L 10/30/2011 - 12:40:45: [admin_amxbans.amxx] Login: "Drey<3242><STEAM_0:0:41300771><>" became an admin (account "Drey") (access "t") (address "89.222.180.227")
L 10/30/2011 - 12:40:45: [admin_amxbans.amxx] Login: "|228| 6yJIb6aIII<3163><STEAM_0:0:1292803525><>" became an admin (account "|228| 6yJIb6aIII") (access "t") (address "178.123.196.13")
L 10/30/2011 - 12:40:46: [amxbans.amxx] [AMXBANS] AMXBans 5.0 is online
L 10/30/2011 - 12:40:52: [amxbans.amxx] [Amxbans] Query failed!
L 10/30/2011 - 12:40:52: [amxbans.amxx] [Amxbans] Threaded query error, location: 18
L 10/30/2011 - 12:40:52: [amxbans.amxx] [Amxbans] Message: You have an error in your SQL syntax; check the manual that corresponds to your MySQL server version for the right syntax to use near ''amxban' at line 1 (1064)
L 10/30/2011 - 12:40:52: [amxbans.amxx] [Amxbans] Query statement: 
L 10/30/2011 - 12:40:54: [amxbans.amxx] [Amxbans] Query failed!
L 10/30/2011 - 12:40:54: [amxbans.amxx] [Amxbans] Threaded query error, location: 18
L 10/30/2011 - 12:40:54: [amxbans.amxx] [Amxbans] Message: You have an error in your SQL syntax; check the manual that corresponds to your MySQL server version for the right syntax to use near ''amxbans' at line 1 (1064)
L 10/30/2011 - 12:40:54: [amxbans.amxx] [Amxbans] Query statement: 
L 10/30/2011 - 12:41:11: [admin_amxbans.amxx] Login: "Narkot1k<3250><STEAM_0:0:1967094010><>" became an admin (account "Narkot1k") (access "t") (address "95.220.87.79")
L 10/30/2011 - 12:41:33: [voteban.amxx] Voteban starter Drey against Rex STEAM_0:4:1336815861
L 10/30/2011 - 12:41:48: [voteban.amxx] [AMXX] BANNED: Rex, STARTER: Drey
L 10/30/2011 - 12:41:49: [amxbans.amxx]  Зомби сервер (x_x(O_o)x_x) Go Zombie !!!<0><><> banned Rex<STEAM_0:4:1336815861> for 15 minutes (15 minutes). Reason: VIP->Drey.
L 10/30/2011 - 12:47:01: [voteban.amxx] Voteban starter Narkot1k against liohinroll STEAM_0:0:1135458659
L 10/30/2011 - 12:47:09: [voteban.amxx] Voteban starter Narkot1k against <----ANTON----> STEAM_0:4:302846449
L 10/30/2011 - 12:47:16: [voteban.amxx] [AMXX] BANNED: <----ANTON---->, STARTER: Narkot1k
L 10/30/2011 - 12:47:17: [amxbans.amxx]  Зомби сервер (x_x(O_o)x_x) Go Zombie !!!<0><><> banned <----ANTON----><STEAM_0:4:302846449> for 15 minutes (15 minutes). Reason: VIP->Narkot1k.
L 10/30/2011 - 12:47:22: [voteban.amxx] Voteban starter Drey against liohinroll STEAM_0:0:1135458659
L 10/30/2011 - 12:47:24: [voteban.amxx] [AMXX] BANNED: liohinroll, STARTER: Drey
L 10/30/2011 - 12:47:38: [voteban.amxx] [AMXX] BANNED: liohinroll, STARTER: Drey
L 10/30/2011 - 12:50:35: [voteban.amxx] Voteban starter |228| 6yJIb6aIII against lexa STEAM_0:0:417707539
L 10/30/2011 - 12:50:50: [voteban.amxx] [AMXX] BANNED: lexa, STARTER: |228| 6yJIb6aIII
L 10/30/2011 - 12:50:51: [amxbans.amxx]  Зомби сервер (x_x(O_o)x_x) Go Zombie !!!<0><><> banned lexa<STEAM_0:0:417707539> for 15 minutes (15 minutes). Reason: VIP->|228| 6yJIb6aIII.
L 10/30/2011 - 12:51:04: [admin_amxbans.amxx] Login: "Zloy-Tupoy-Buhoy [Str,RUS]<3265><STEAM_0:4:20309491><>" became an admin (account "Zloy-Tupoy-Buhoy [Str,RUS]") (access "t") (address "94.41.55.171")
L 10/30/2011 - 13:04:01: -------- Mapchange to zm_666_brick --------
L 10/30/2011 - 13:04:02: [admin_amxbans.amxx] Login: "Drey<3242><STEAM_0:0:41300771><>" became an admin (account "Drey") (access "t") (address "89.222.180.227")
L 10/30/2011 - 13:04:02: [admin_amxbans.amxx] Login: "Narkot1k<3250><STEAM_0:0:1967094010><>" became an admin (account "Narkot1k") (access "t") (address "95.220.87.79")
L 10/30/2011 - 13:04:02: [admin_amxbans.amxx] Login: "Zloy-Tupoy-Buhoy [Str,RUS]<3265><STEAM_0:4:20309491><>" became an admin (account "Zloy-Tupoy-Buhoy [Str,RUS]") (access "t") (address "94.41.55.171")
L 10/30/2011 - 13:04:03: [amxbans.amxx] [AMXBANS] AMXBans 5.0 is online
L 10/30/2011 - 13:05:03: [voteban.amxx] Voteban starter Drey against chem STEAM_0:0:750440509
L 10/30/2011 - 13:05:10: [amxbans.amxx] [Amxbans] Query failed!
L 10/30/2011 - 13:05:10: [amxbans.amxx] [Amxbans] Threaded query error, location: 18
L 10/30/2011 - 13:05:10: [amxbans.amxx] [Amxbans] Message: You have an error in your SQL syntax; check the manual that corresponds to your MySQL server version for the right syntax to use near ''amxba' at line 1 (1064)
L 10/30/2011 - 13:05:10: [amxbans.amxx] [Amxbans] Query statement: 
L 10/30/2011 - 13:05:18: [voteban.amxx] [AMXX] BANNED: chem, STARTER: Drey
L 10/30/2011 - 13:05:19: [amxbans.amxx]  Зомби сервер (x_x(O_o)x_x) Go Zombie !!!<0><><> banned chem<STEAM_0:0:750440509> for 15 minutes (15 minutes). Reason: VIP->Drey.
L 10/30/2011 - 13:08:45: [amxbans.amxx] [Amxbans] Query failed!
L 10/30/2011 - 13:08:45: [amxbans.amxx] [Amxbans] Threaded query error, location: 18
L 10/30/2011 - 13:08:45: [amxbans.amxx] [Amxbans] Message: You have an error in your SQL syntax; check the manual that corresponds to your MySQL server version for the right syntax to use near ''amxba' at line 1 (1064)
L 10/30/2011 - 13:08:45: [amxbans.amxx] [Amxbans] Query statement: 
L 10/30/2011 - 13:11:26: [amxbans.amxx] [Amxbans] Query failed!
L 10/30/2011 - 13:11:26: [amxbans.amxx] [Amxbans] Threaded query error, location: 18
L 10/30/2011 - 13:11:26: [amxbans.amxx] [Amxbans] Message: You have an error in your SQL syntax; check the manual that corresponds to your MySQL server version for the right syntax to use near ''amxba' at line 1 (1064)
L 10/30/2011 - 13:11:26: [amxbans.amxx] [Amxbans] Query statement: 
L 10/30/2011 - 13:17:54: [amxbans.amxx] [Amxbans] Query failed!
L 10/30/2011 - 13:17:54: [amxbans.amxx] [Amxbans] Threaded query error, location: 18
L 10/30/2011 - 13:17:54: [amxbans.amxx] [Amxbans] Message: You have an error in your SQL syntax; check the manual that corresponds to your MySQL server version for the right syntax to use near ''amxba' at line 1 (1064)
L 10/30/2011 - 13:17:54: [amxbans.amxx] [Amxbans] Query statement: 
L 10/30/2011 - 13:21:17: [amxbans.amxx] [Amxbans] Query failed!
L 10/30/2011 - 13:21:17: [amxbans.amxx] [Amxbans] Threaded query error, location: 18
L 10/30/2011 - 13:21:17: [amxbans.amxx] [Amxbans] Message: You have an error in your SQL syntax; check the manual that corresponds to your MySQL server version for the right syntax to use near ''amxba' at line 1 (1064)
L 10/30/2011 - 13:21:17: [amxbans.amxx] [Amxbans] Query statement: 
L 10/30/2011 - 13:33:29: [voteban.amxx] Voteban starter Zloy-Tupoy-Buhoy [Str,RUS] against ure-fure_2x2 STEAM_0:0:2031588535
L 10/30/2011 - 13:33:44: [voteban.amxx] [AMXX] BANNED: ure-fure_2x2, STARTER: Zloy-Tupoy-Buhoy [Str,RUS]
L 10/30/2011 - 13:33:45: [amxbans.amxx]  Зомби сервер (x_x(O_o)x_x) Go Zombie !!!<0><><> banned ure-fure_2x2<STEAM_0:0:2031588535> for 15 minutes (15 minutes). Reason: VIP->Zloy-Tupoy-Buhoy [Str,RUS].
L 10/30/2011 - 13:34:31: -------- Mapchange to zm_fdust2x2 --------
L 10/30/2011 - 13:34:32: [admin_amxbans.amxx] Login: "Zloy-Tupoy-Buhoy [Str,RUS]<3265><STEAM_0:4:20309491><>" became an admin (account "Zloy-Tupoy-Buhoy [Str,RUS]") (access "t") (address "94.41.55.171")
L 10/30/2011 - 13:34:33: [amxbans.amxx] [AMXBANS] AMXBans 5.0 is online
L 10/30/2011 - 13:34:40: [amxbans.amxx] [Amxbans] Query failed!
L 10/30/2011 - 13:34:40: [amxbans.amxx] [Amxbans] Threaded query error, location: 18
L 10/30/2011 - 13:34:40: [amxbans.amxx] [Amxbans] Message: You have an error in your SQL syntax; check the manual that corresponds to your MySQL server version for the right syntax to use near ''amxba' at line 1 (1064)
L 10/30/2011 - 13:34:40: [amxbans.amxx] [Amxbans] Query statement: 
L 10/30/2011 - 13:41:45: [voteban.amxx] Voteban starter Zloy-Tupoy-Buhoy [Str,RUS] against Radon 98[rus] STEAM_0:0:1946360399
L 10/30/2011 - 13:42:00: [voteban.amxx] [AMXX] BANNED: Radon 98[rus], STARTER: Zloy-Tupoy-Buhoy [Str,RUS]
L 10/30/2011 - 13:42:01: [amxbans.amxx]  Зомби сервер (x_x(O_o)x_x) Go Zombie !!!<0><><> banned Radon 98[rus]<STEAM_0:0:1946360399> for 15 minutes (15 minutes). Reason: VIP->Zloy-Tupoy-Buhoy [Str,RUS].
L 10/30/2011 - 13:57:48: -------- Mapchange to zm_deadly_assault --------
L 10/30/2011 - 13:57:49: [admin_amxbans.amxx] Login: "Zloy-Tupoy-Buhoy [Str,RUS]<3265><STEAM_0:4:20309491><>" became an admin (account "Zloy-Tupoy-Buhoy [Str,RUS]") (access "t") (address "94.41.55.171")
L 10/30/2011 - 13:57:50: [amxbans.amxx] [AMXBANS] AMXBans 5.0 is online
L 10/30/2011 - 14:03:25: [amxbans.amxx] [Amxbans] Query failed!
L 10/30/2011 - 14:03:25: [amxbans.amxx] [Amxbans] Threaded query error, location: 18
L 10/30/2011 - 14:03:25: [amxbans.amxx] [Amxbans] Message: You have an error in your SQL syntax; check the manual that corresponds to your MySQL server version for the right syntax to use near ''amxba' at line 1 (1064)
L 10/30/2011 - 14:03:25: [amxbans.amxx] [Amxbans] Query statement: 
L 10/30/2011 - 14:18:57: -------- Mapchange to zm_alfresco_v2 --------
L 10/30/2011 - 14:18:58: [admin_amxbans.amxx] Login: "Zloy-Tupoy-Buhoy [Str,RUS]<3265><STEAM_0:4:20309491><>" became an admin (account "Zloy-Tupoy-Buhoy [Str,RUS]") (access "t") (address "94.41.55.171")
L 10/30/2011 - 14:18:59: [amxbans.amxx] [AMXBANS] AMXBans 5.0 is online
L 10/30/2011 - 14:19:05: [amxbans.amxx] [Amxbans] Query failed!
L 10/30/2011 - 14:19:05: [amxbans.amxx] [Amxbans] Threaded query error, location: 18
L 10/30/2011 - 14:19:05: [amxbans.amxx] [Amxbans] Message: You have an error in your SQL syntax; check the manual that corresponds to your MySQL server version for the right syntax to use near ''amxba' at line 1 (1064)
L 10/30/2011 - 14:19:05: [amxbans.amxx] [Amxbans] Query statement: 
L 10/30/2011 - 14:20:27: [amxbans.amxx] [Amxbans] Query failed!
L 10/30/2011 - 14:20:27: [amxbans.amxx] [Amxbans] Threaded query error, location: 18
L 10/30/2011 - 14:20:27: [amxbans.amxx] [Amxbans] Message: You have an error in your SQL syntax; check the manual that corresponds to your MySQL server version for the right syntax to use near ''amxban' at line 1 (1064)
L 10/30/2011 - 14:20:27: [amxbans.amxx] [Amxbans] Query statement: 
L 10/30/2011 - 14:28:12: [amxbans.amxx] [Amxbans] Query failed!
L 10/30/2011 - 14:28:12: [amxbans.amxx] [Amxbans] Threaded query error, location: 18
L 10/30/2011 - 14:28:12: [amxbans.amxx] [Amxbans] Message: You have an error in your SQL syntax; check the manual that corresponds to your MySQL server version for the right syntax to use near ''amxb' at line 1 (1064)
L 10/30/2011 - 14:28:12: [amxbans.amxx] [Amxbans] Query statement: 
L 10/30/2011 - 14:29:06: [amxbans.amxx] [Amxbans] Query failed!
L 10/30/2011 - 14:29:06: [amxbans.amxx] [Amxbans] Threaded query error, location: 18
L 10/30/2011 - 14:29:06: [amxbans.amxx] [Amxbans] Message: You have an error in your SQL syntax; check the manual that corresponds to your MySQL server version for the right syntax to use near ''amxb' at line 1 (1064)
L 10/30/2011 - 14:29:06: [amxbans.amxx] [Amxbans] Query statement: 
L 10/30/2011 - 14:39:11: -------- Mapchange to ze_egypt --------
L 10/30/2011 - 14:39:12: [amxbans.amxx] [AMXBANS] AMXBans 5.0 is online
L 10/30/2011 - 14:39:19: [amxbans.amxx] [Amxbans] Query failed!
L 10/30/2011 - 14:39:19: [amxbans.amxx] [Amxbans] Threaded query error, location: 18
L 10/30/2011 - 14:39:19: [amxbans.amxx] [Amxbans] Message: You have an error in your SQL syntax; check the manual that corresponds to your MySQL server version for the right syntax to use near ''amxb' at line 1 (1064)
L 10/30/2011 - 14:39:19: [amxbans.amxx] [Amxbans] Query statement: 
L 10/30/2011 - 14:39:19: [amxbans.amxx] [Amxbans] Query failed!
L 10/30/2011 - 14:39:19: [amxbans.amxx] [Amxbans] Threaded query error, location: 18
L 10/30/2011 - 14:39:19: [amxbans.amxx] [Amxbans] Message: You have an error in your SQL syntax; check the manual that corresponds to your MySQL server version for the right syntax to use near ''amxban' at line 1 (1064)
L 10/30/2011 - 14:39:19: [amxbans.amxx] [Amxbans] Query statement: 
L 10/30/2011 - 14:39:24: [amxbans.amxx] [Amxbans] Query failed!
L 10/30/2011 - 14:39:24: [amxbans.amxx] [Amxbans] Threaded query error, location: 18
L 10/30/2011 - 14:39:24: [amxbans.amxx] [Amxbans] Message: You have an error in your SQL syntax; check the manual that corresponds to your MySQL server version for the right syntax to use near ''amxban' at line 1 (1064)
L 10/30/2011 - 14:39:24: [amxbans.amxx] [Amxbans] Query statement: 
L 10/30/2011 - 14:39:24: [amxbans.amxx] [Amxbans] Query failed!
L 10/30/2011 - 14:39:24: [amxbans.amxx] [Amxbans] Threaded query error, location: 18
L 10/30/2011 - 14:39:24: [amxbans.amxx] [Amxbans] Message: You have an error in your SQL syntax; check the manual that corresponds to your MySQL server version for the right syntax to use near ''amxb' at line 1 (1064)
L 10/30/2011 - 14:39:24: [amxbans.amxx] [Amxbans] Query statement: 
L 10/30/2011 - 14:55:58: -------- Mapchange to zm_dust_brick_b1_fx --------
L 10/30/2011 - 14:56:00: [amxbans.amxx] [AMXBANS] AMXBans 5.0 is online
L 10/30/2011 - 14:56:06: [amxbans.amxx] [Amxbans] Query failed!
L 10/30/2011 - 14:56:06: [amxbans.amxx] [Amxbans] Threaded query error, location: 18
L 10/30/2011 - 14:56:06: [amxbans.amxx] [Amxbans] Message: You have an error in your SQL syntax; check the manual that corresponds to your MySQL server version for the right syntax to use near ''amxb' at line 1 (1064)
L 10/30/2011 - 14:56:06: [amxbans.amxx] [Amxbans] Query statement: 
L 10/30/2011 - 14:56:07: [amxbans.amxx] [Amxbans] Query failed!
L 10/30/2011 - 14:56:07: [amxbans.amxx] [Amxbans] Threaded query error, location: 18
L 10/30/2011 - 14:56:07: [amxbans.amxx] [Amxbans] Message: You have an error in your SQL syntax; check the manual that corresponds to your MySQL server version for the right syntax to use near ''amxban' at line 1 (1064)
L 10/30/2011 - 14:56:07: [amxbans.amxx] [Amxbans] Query statement: 
L 10/30/2011 - 15:16:23: -------- Mapchange to zm_caca --------
L 10/30/2011 - 15:16:25: [amxbans.amxx] [AMXBANS] AMXBans 5.0 is online
L 10/30/2011 - 15:16:31: [amxbans.amxx] [Amxbans] Query failed!
L 10/30/2011 - 15:16:31: [amxbans.amxx] [Amxbans] Threaded query error, location: 18
L 10/30/2011 - 15:16:31: [amxbans.amxx] [Amxbans] Message: You have an error in your SQL syntax; check the manual that corresponds to your MySQL server version for the right syntax to use near ''amxban' at line 1 (1064)
L 10/30/2011 - 15:16:31: [amxbans.amxx] [Amxbans] Query statement: 
L 10/30/2011 - 15:37:39: [amxbans.amxx] [Amxbans] Query failed!
L 10/30/2011 - 15:37:39: [amxbans.amxx] [Amxbans] Threaded query error, location: 18
L 10/30/2011 - 15:37:39: [amxbans.amxx] [Amxbans] Message: You have an error in your SQL syntax; check the manual that corresponds to your MySQL server version for the right syntax to use near ''amxba' at line 1 (1064)
L 10/30/2011 - 15:37:39: [amxbans.amxx] [Amxbans] Query statement: 
L 10/30/2011 - 15:39:37: -------- Mapchange to 016 --------
L 10/30/2011 - 15:39:38: [amxbans.amxx] [AMXBANS] AMXBans 5.0 is online
L 10/30/2011 - 15:39:45: [amxbans.amxx] [Amxbans] Query failed!
L 10/30/2011 - 15:39:45: [amxbans.amxx] [Amxbans] Threaded query error, location: 18
L 10/30/2011 - 15:39:45: [amxbans.amxx] [Amxbans] Message: You have an error in your SQL syntax; check the manual that corresponds to your MySQL server version for the right syntax to use near ''amxba' at line 1 (1064)
L 10/30/2011 - 15:39:45: [amxbans.amxx] [Amxbans] Query statement: 
L 10/30/2011 - 15:39:45: [amxbans.amxx] [Amxbans] Query failed!
L 10/30/2011 - 15:39:45: [amxbans.amxx] [Amxbans] Threaded query error, location: 18
L 10/30/2011 - 15:39:45: [amxbans.amxx] [Amxbans] Message: You have an error in your SQL syntax; check the manual that corresponds to your MySQL server version for the right syntax to use near ''amxban' at line 1 (1064)
L 10/30/2011 - 15:39:45: [amxbans.amxx] [Amxbans] Query statement: 
L 10/30/2011 - 16:05:23: [admin_amxbans.amxx] Login: "JITO<3549><STEAM_0:0:1836044300><>" became an admin (account "JITO") (access "t") (address "91.122.190.3")
L 10/30/2011 - 16:12:19: -------- Mapchange to ze_jurassicpark --------
L 10/30/2011 - 16:12:19: [admin_amxbans.amxx] Login: "JITO<3549><STEAM_0:0:1836044300><>" became an admin (account "JITO") (access "t") (address "91.122.190.3")
L 10/30/2011 - 16:12:20: [amxbans.amxx] [AMXBANS] AMXBans 5.0 is online
L 10/30/2011 - 16:12:27: [amxbans.amxx] [Amxbans] Query failed!
L 10/30/2011 - 16:12:27: [amxbans.amxx] [Amxbans] Threaded query error, location: 18
L 10/30/2011 - 16:12:27: [amxbans.amxx] [Amxbans] Message: You have an error in your SQL syntax; check the manual that corresponds to your MySQL server version for the right syntax to use near ''amxba' at line 1 (1064)
L 10/30/2011 - 16:12:27: [amxbans.amxx] [Amxbans] Query statement: 
L 10/30/2011 - 16:28:00: -------- Mapchange to zm_666_brick --------
L 10/30/2011 - 16:28:02: [amxbans.amxx] [AMXBANS] AMXBans 5.0 is online
L 10/30/2011 - 17:00:26: -------- Mapchange to zm_303 --------
L 10/30/2011 - 17:00:28: [amxbans.amxx] [AMXBANS] AMXBans 5.0 is online
L 10/30/2011 - 17:10:02: [amxbans.amxx] [Amxbans] Query failed!
L 10/30/2011 - 17:10:02: [amxbans.amxx] [Amxbans] Threaded query error, location: 18
L 10/30/2011 - 17:10:02: [amxbans.amxx] [Amxbans] Message: You have an error in your SQL syntax; check the manual that corresponds to your MySQL server version for the right syntax to use near ''amxb' at line 1 (1064)
L 10/30/2011 - 17:10:02: [amxbans.amxx] [Amxbans] Query statement: 
L 10/30/2011 - 17:12:01: [admin_amxbans.amxx] Login: "|228| 6yJIb6aIII<3612><STEAM_0:0:1292803525><>" became an admin (account "|228| 6yJIb6aIII") (access "t") (address "178.123.196.13")
L 10/30/2011 - 17:12:55: [voteban.amxx] Voteban starter |228| 6yJIb6aIII against lexa STEAM_0:0:871583345
L 10/30/2011 - 17:13:10: [voteban.amxx] [AMXX] BANNED: lexa, STARTER: |228| 6yJIb6aIII
L 10/30/2011 - 17:13:11: [amxbans.amxx]  Зомби сервер (x_x(O_o)x_x) Go Zombie !!!<0><><> banned lexa<STEAM_0:0:871583345> for 15 minutes (15 minutes). Reason: VIP->|228| 6yJIb6aIII.
L 10/30/2011 - 17:20:31: [admin_amxbans.amxx] Login: "Zloy-Tupoy-Buhoy [Str,RUS]<3621><STEAM_0:4:1677504203><>" became an admin (account "Zloy-Tupoy-Buhoy [Str,RUS]") (access "t") (address "46.191.165.110")
L 10/30/2011 - 17:22:01: [admin_amxbans.amxx] Login: "koplo<3622><STEAM_0:0:889229784><>" became an admin (account "91.192.190.142") (access "abcdefghijklmnopqstu") (address "91.192.190.142")
L 10/30/2011 - 17:22:19: [admin_amxbans.amxx] Login: "Den1s<3622><STEAM_0:0:889229784><>" became an admin (account "91.192.190.142") (access "abcdefghijklmnopqstu") (address "91.192.190.142")
L 10/30/2011 - 17:22:22: -------- Mapchange to zm_cpl_mill_kamp --------
L 10/30/2011 - 17:22:23: [admin_amxbans.amxx] Login: "Den1s<3622><STEAM_0:0:889229784><>" became an admin (account "91.192.190.142") (access "abcdefghijklmnopqstu") (address "91.192.190.142")
L 10/30/2011 - 17:22:23: [admin_amxbans.amxx] Login: "|228| 6yJIb6aIII<3612><STEAM_0:0:1292803525><>" became an admin (account "|228| 6yJIb6aIII") (access "t") (address "178.123.196.13")
L 10/30/2011 - 17:22:23: [admin_amxbans.amxx] Login: "Zloy-Tupoy-Buhoy [Str,RUS]<3621><STEAM_0:4:1677504203><>" became an admin (account "Zloy-Tupoy-Buhoy [Str,RUS]") (access "t") (address "46.191.165.110")
L 10/30/2011 - 17:22:24: [amxbans.amxx] [AMXBANS] AMXBans 5.0 is online
L 10/30/2011 - 17:22:31: [amxbans.amxx] [Amxbans] Query failed!
L 10/30/2011 - 17:22:31: [amxbans.amxx] [Amxbans] Threaded query error, location: 18
L 10/30/2011 - 17:22:31: [amxbans.amxx] [Amxbans] Message: You have an error in your SQL syntax; check the manual that corresponds to your MySQL server version for the right syntax to use near ''amxb' at line 1 (1064)
L 10/30/2011 - 17:22:31: [amxbans.amxx] [Amxbans] Query statement: 
L 10/30/2011 - 17:27:43: [voteban.amxx] Voteban starter |228| 6yJIb6aIII against .: D I A B L O :. STEAM_0:0:832551259
L 10/30/2011 - 17:27:58: [voteban.amxx] [AMXX] BANNED: .: D I A B L O :., STARTER: |228| 6yJIb6aIII
L 10/30/2011 - 17:28:00: [amxbans.amxx]  Зомби сервер (x_x(O_o)x_x) Go Zombie !!!<0><><> banned .: D I A B L O :.<STEAM_0:0:832551259> for 15 minutes (15 minutes). Reason: VIP->|228| 6yJIb6aIII.
L 10/30/2011 - 17:32:19: [amxbans.amxx] Den1s<3622><STEAM_0:0:889229784><CT> banned lexa<STEAM_0:0:871583345> for 1 day (1440 minutes). Reason: Cheating.
L 10/30/2011 - 17:43:43: -------- Mapchange to ze_lift_escape_b5 --------
L 10/30/2011 - 17:43:43: [admin_amxbans.amxx] Login: "Den1s<3622><STEAM_0:0:889229784><>" became an admin (account "91.192.190.142") (access "abcdefghijklmnopqstu") (address "91.192.190.142")
L 10/30/2011 - 17:43:44: [admin_amxbans.amxx] Login: "|228| 6yJIb6aIII<3612><STEAM_0:0:1292803525><>" became an admin (account "|228| 6yJIb6aIII") (access "t") (address "178.123.196.13")
L 10/30/2011 - 17:43:44: [admin_amxbans.amxx] Login: "Zloy-Tupoy-Buhoy [Str,RUS]<3621><STEAM_0:4:1677504203><>" became an admin (account "Zloy-Tupoy-Buhoy [Str,RUS]") (access "t") (address "46.191.165.110")
L 10/30/2011 - 17:43:44: [amxbans.amxx] [AMXBANS] AMXBans 5.0 is online
L 10/30/2011 - 17:43:50: [amxbans.amxx] [Amxbans] Query failed!
L 10/30/2011 - 17:43:50: [amxbans.amxx] [Amxbans] Threaded query error, location: 18
L 10/30/2011 - 17:43:50: [amxbans.amxx] [Amxbans] Message: You have an error in your SQL syntax; check the manual that corresponds to your MySQL server version for the right syntax to use near ''amxb' at line 1 (1064)
L 10/30/2011 - 17:43:50: [amxbans.amxx] [Amxbans] Query statement: 
L 10/30/2011 - 17:50:52: [mapsmenu.amxx] Vote: "Den1s<3622><STEAM_0:0:889229784><>" vote maps (map#1 "zm_fdust2x2") (map#2 "zm_666_brick") (map#3 "zm_303") (map#4 "zm_houses")
L 10/30/2011 - 17:51:04: [mapsmenu.amxx] Vote: Voting failed
L 10/30/2011 - 17:58:17: [mapsmenu.amxx] Cmd: "Den1s<3622><STEAM_0:0:889229784><>" changelevel "zm_fdust2x2"
L 10/30/2011 - 17:58:20: -------- Mapchange to zm_fdust2x2 --------
L 10/30/2011 - 17:58:20: [admin_amxbans.amxx] Login: "Den1s<3622><STEAM_0:0:889229784><>" became an admin (account "91.192.190.142") (access "abcdefghijklmnopqstu") (address "91.192.190.142")
L 10/30/2011 - 17:58:21: [admin_amxbans.amxx] Login: "|228| 6yJIb6aIII<3612><STEAM_0:0:1292803525><>" became an admin (account "|228| 6yJIb6aIII") (access "t") (address "178.123.196.13")
L 10/30/2011 - 17:58:21: [admin_amxbans.amxx] Login: "Zloy-Tupoy-Buhoy [Str,RUS]<3621><STEAM_0:4:1677504203><>" became an admin (account "Zloy-Tupoy-Buhoy [Str,RUS]") (access "t") (address "46.191.165.110")
L 10/30/2011 - 17:58:21: [amxbans.amxx] [AMXBANS] AMXBans 5.0 is online
L 10/30/2011 - 17:58:28: [amxbans.amxx] [Amxbans] Query failed!
L 10/30/2011 - 17:58:28: [amxbans.amxx] [Amxbans] Threaded query error, location: 18
L 10/30/2011 - 17:58:28: [amxbans.amxx] [Amxbans] Message: You have an error in your SQL syntax; check the manual that corresponds to your MySQL server version for the right syntax to use near ''amxb' at line 1 (1064)
L 10/30/2011 - 17:58:28: [amxbans.amxx] [Amxbans] Query statement: 
L 10/30/2011 - 18:01:47: [admin_amxbans.amxx] Login: "Zloy-Tupoy-Buhoy [Str,RUS]<3704><STEAM_0:4:1677504203><>" became an admin (account "Zloy-Tupoy-Buhoy [Str,RUS]") (access "t") (address "46.191.165.110")
L 10/30/2011 - 18:14:51: [amxbans.amxx] [Amxbans] Query failed!
L 10/30/2011 - 18:14:51: [amxbans.amxx] [Amxbans] Threaded query error, location: 18
L 10/30/2011 - 18:14:51: [amxbans.amxx] [Amxbans] Message: You have an error in your SQL syntax; check the manual that corresponds to your MySQL server version for the right syntax to use near ''Bantime expir' at line 1 (1064)
L 10/30/2011 - 18:14:51: [amxbans.amxx] [Amxbans] Query statement: 
L 10/30/2011 - 18:15:12: [amxbans.amxx] [Amxbans] Query failed!
L 10/30/2011 - 18:15:12: [amxbans.amxx] [Amxbans] Threaded query error, location: 18
L 10/30/2011 - 18:15:12: [amxbans.amxx] [Amxbans] Message: You have an error in your SQL syntax; check the manual that corresponds to your MySQL server version for the right syntax to use near ''Bantime expir' at line 1 (1064)
L 10/30/2011 - 18:15:12: [amxbans.amxx] [Amxbans] Query statement: 
L 10/30/2011 - 18:20:50: -------- Mapchange to zm_deadly_assault --------
L 10/30/2011 - 18:20:50: [admin_amxbans.amxx] Login: "Den1s<3622><STEAM_0:0:889229784><>" became an admin (account "91.192.190.142") (access "abcdefghijklmnopqstu") (address "91.192.190.142")
L 10/30/2011 - 18:20:50: [admin_amxbans.amxx] Login: "Zloy-Tupoy-Buhoy [Str,RUS]<3704><STEAM_0:4:1677504203><>" became an admin (account "Zloy-Tupoy-Buhoy [Str,RUS]") (access "t") (address "46.191.165.110")
L 10/30/2011 - 18:20:50: [admin_amxbans.amxx] Login: "|228| 6yJIb6aIII<3612><STEAM_0:0:1292803525><>" became an admin (account "|228| 6yJIb6aIII") (access "t") (address "178.123.196.13")
L 10/30/2011 - 18:20:51: [amxbans.amxx] [AMXBANS] AMXBans 5.0 is online
L 10/30/2011 - 18:20:58: [amxbans.amxx] [Amxbans] Query failed!
L 10/30/2011 - 18:20:58: [amxbans.amxx] [Amxbans] Threaded query error, location: 18
L 10/30/2011 - 18:20:58: [amxbans.amxx] [Amxbans] Message: You have an error in your SQL syntax; check the manual that corresponds to your MySQL server version for the right syntax to use near ''amxb' at line 1 (1064)
L 10/30/2011 - 18:20:58: [amxbans.amxx] [Amxbans] Query statement: 
L 10/30/2011 - 18:20:59: [amxbans.amxx] [Amxbans] Query failed!
L 10/30/2011 - 18:20:59: [amxbans.amxx] [Amxbans] Threaded query error, location: 18
L 10/30/2011 - 18:20:59: [amxbans.amxx] [Amxbans] Message: You have an error in your SQL syntax; check the manual that corresponds to your MySQL server version for the right syntax to use near ''Bantime expir' at line 1 (1064)
L 10/30/2011 - 18:20:59: [amxbans.amxx] [Amxbans] Query statement: 
L 10/30/2011 - 18:20:59: [amxbans.amxx] [Amxbans] Query failed!
L 10/30/2011 - 18:20:59: [amxbans.amxx] [Amxbans] Threaded query error, location: 18
L 10/30/2011 - 18:20:59: [amxbans.amxx] [Amxbans] Message: You have an error in your SQL syntax; check the manual that corresponds to your MySQL server version for the right syntax to use near ''Bantime expir' at line 1 (1064)
L 10/30/2011 - 18:20:59: [amxbans.amxx] [Amxbans] Query statement: 
L 10/30/2011 - 18:35:09: [admin_amxbans.amxx] Login: "I bet u look good on dancefloor<3770><STEAM_0:0:44643826><>" became an admin (account "172.23.65.13") (access "l") (address "172.23.65.13")
L 10/30/2011 - 18:38:18: [admin_amxbans.amxx] Login: "JITO<3774><STEAM_0:0:1836044300><>" became an admin (account "JITO") (access "t") (address "91.122.190.3")
L 10/30/2011 - 18:41:20: -------- Mapchange to zm_caca --------
L 10/30/2011 - 18:41:21: [admin_amxbans.amxx] Login: "Den1s<3622><STEAM_0:0:889229784><>" became an admin (account "91.192.190.142") (access "abcdefghijklmnopqstu") (address "91.192.190.142")
L 10/30/2011 - 18:41:21: [admin_amxbans.amxx] Login: "JITO<3774><STEAM_0:0:1836044300><>" became an admin (account "JITO") (access "t") (address "91.122.190.3")
L 10/30/2011 - 18:41:21: [admin_amxbans.amxx] Login: "|228| 6yJIb6aIII<3612><STEAM_0:0:1292803525><>" became an admin (account "|228| 6yJIb6aIII") (access "t") (address "178.123.196.13")
L 10/30/2011 - 18:41:22: [amxbans.amxx] [AMXBANS] AMXBans 5.0 is online
L 10/30/2011 - 18:55:36: [admin_amxbans.amxx] Login: "JITO<3797><STEAM_0:0:1836044300><>" became an admin (account "JITO") (access "t") (address "91.122.190.3")
L 10/30/2011 - 19:02:11: [admin_amxbans.amxx] Login: "Zloy-Tupoy-Buhoy [Str,RUS]<3801><STEAM_0:4:981722611><>" became an admin (account "Zloy-Tupoy-Buhoy [Str,RUS]") (access "t") (address "94.41.91.220")
L 10/30/2011 - 19:03:06: -------- Mapchange to 016 --------
L 10/30/2011 - 19:03:07: [admin_amxbans.amxx] Login: "Den1s<3622><STEAM_0:0:889229784><>" became an admin (account "91.192.190.142") (access "abcdefghijklmnopqstu") (address "91.192.190.142")
L 10/30/2011 - 19:03:07: [admin_amxbans.amxx] Login: "JITO<3797><STEAM_0:0:1836044300><>" became an admin (account "JITO") (access "t") (address "91.122.190.3")
L 10/30/2011 - 19:03:07: [admin_amxbans.amxx] Login: "Zloy-Tupoy-Buhoy [Str,RUS]<3801><STEAM_0:4:981722611><>" became an admin (account "Zloy-Tupoy-Buhoy [Str,RUS]") (access "t") (address "94.41.91.220")
L 10/30/2011 - 19:03:07: [admin_amxbans.amxx] Login: "|228| 6yJIb6aIII<3612><STEAM_0:0:1292803525><>" became an admin (account "|228| 6yJIb6aIII") (access "t") (address "178.123.196.13")
L 10/30/2011 - 19:03:08: [amxbans.amxx] [AMXBANS] AMXBans 5.0 is online
L 10/30/2011 - 19:04:34: [voteban.amxx] Voteban starter Zloy-Tupoy-Buhoy [Str,RUS] against Fash1sT STEAM_0:4:2001460829
L 10/30/2011 - 19:04:49: [voteban.amxx] [AMXX] BANNED: Fash1sT, STARTER: Zloy-Tupoy-Buhoy [Str,RUS]
L 10/30/2011 - 19:04:50: [amxbans.amxx]  Зомби сервер (x_x(O_o)x_x) Go Zombie !!!<0><><> banned Fash1sT<STEAM_0:4:2001460829> for 15 minutes (15 minutes). Reason: VIP->Zloy-Tupoy-Buhoy [Str,RUS].
L 10/30/2011 - 19:13:27: [voteban.amxx] Voteban starter |228| 6yJIb6aIII against v_1 STEAM_0:4:1423212619
L 10/30/2011 - 19:13:42: [voteban.amxx] [AMXX] The voteban dit not sucseed.
L 10/30/2011 - 19:18:18: [voteban.amxx] Voteban starter JITO against Hacmopk STEAM_0:4:562643033
L 10/30/2011 - 19:18:34: [voteban.amxx] [AMXX] BANNED: Hacmopk, STARTER: JITO
L 10/30/2011 - 19:18:35: [amxbans.amxx]  Зомби сервер (x_x(O_o)x_x) Go Zombie !!!<0><><> banned Hacmopk<STEAM_0:4:562643033> for 15 minutes (15 minutes). Reason: VIP->JITO.
L 10/30/2011 - 19:22:32: [voteban.amxx] Voteban starter JITO against Diesel STEAM_0:1:28902014
L 10/30/2011 - 19:22:47: [voteban.amxx] [AMXX] BANNED: Diesel, STARTER: JITO
L 10/30/2011 - 19:22:48: [amxbans.amxx]  Зомби сервер (x_x(O_o)x_x) Go Zombie !!!<0><><> banned Diesel<STEAM_0:1:28902014> for 15 minutes (15 minutes). Reason: VIP->JITO.
L 10/30/2011 - 19:25:59: [admin_amxbans.amxx] Login: "JITO<3832><STEAM_0:0:1836044300><>" became an admin (account "JITO") (access "t") (address "91.122.190.3")
L 10/30/2011 - 19:34:22: -------- Mapchange to zm_decline2k --------
L 10/30/2011 - 19:34:23: [admin_amxbans.amxx] Login: "Den1s<3622><STEAM_0:0:889229784><>" became an admin (account "91.192.190.142") (access "abcdefghijklmnopqstu") (address "91.192.190.142")
L 10/30/2011 - 19:34:23: [admin_amxbans.amxx] Login: "Zloy-Tupoy-Buhoy [Str,RUS]<3801><STEAM_0:4:981722611><>" became an admin (account "Zloy-Tupoy-Buhoy [Str,RUS]") (access "t") (address "94.41.91.220")
L 10/30/2011 - 19:34:24: [amxbans.amxx] [AMXBANS] AMXBans 5.0 is online
L 10/30/2011 - 19:54:44: [admin_amxbans.amxx] Login: "JITO<3918><STEAM_0:0:1836044300><>" became an admin (account "JITO") (access "t") (address "91.122.190.3")
L 10/30/2011 - 19:56:08: [voteban.amxx] Voteban starter JITO against WIDMO STEAM_0:0:5989639
L 10/30/2011 - 19:56:23: [voteban.amxx] [AMXX] BANNED: WIDMO, STARTER: JITO
L 10/30/2011 - 19:56:24: [amxbans.amxx]  Зомби сервер (x_x(O_o)x_x) Go Zombie !!!<0><><> banned WIDMO<STEAM_0:0:5989639> for 15 minutes (15 minutes). Reason: VIP->JITO.
L 10/30/2011 - 19:57:24: -------- Mapchange to zm_666_brick --------
L 10/30/2011 - 19:57:25: [admin_amxbans.amxx] Login: "Den1s<3622><STEAM_0:0:889229784><>" became an admin (account "91.192.190.142") (access "abcdefghijklmnopqstu") (address "91.192.190.142")
L 10/30/2011 - 19:57:25: [admin_amxbans.amxx] Login: "JITO<3918><STEAM_0:0:1836044300><>" became an admin (account "JITO") (access "t") (address "91.122.190.3")
L 10/30/2011 - 19:57:26: [amxbans.amxx] [AMXBANS] AMXBans 5.0 is online
L 10/30/2011 - 20:14:35: [voteban.amxx] Voteban starter JITO against 282-14/88 STEAM_0:0:609006899
L 10/30/2011 - 20:14:50: [voteban.amxx] [AMXX] BANNED: 282-14/88, STARTER: JITO
L 10/30/2011 - 20:14:51: [amxbans.amxx]  Зомби сервер (x_x(O_o)x_x) Go Zombie !!!<0><><> banned 282-14/88<STEAM_0:0:609006899> for 15 minutes (15 minutes). Reason: VIP->JITO.
L 10/30/2011 - 20:16:00: [voteban.amxx] Voteban starter JITO against WIDMO STEAM_0:0:5989639
L 10/30/2011 - 20:16:15: [voteban.amxx] [AMXX] BANNED: WIDMO, STARTER: JITO
L 10/30/2011 - 20:16:16: [amxbans.amxx]  Зомби сервер (x_x(O_o)x_x) Go Zombie !!!<0><><> banned unknown_STEAM_0:0:5989639<STEAM_0:0:5989639> for 15 minutes (15 minutes). Reason: VIP->JITO.
L 10/30/2011 - 20:27:23: [amxbans.amxx] [Amxbans] Query failed!
L 10/30/2011 - 20:27:23: [amxbans.amxx] [Amxbans] Threaded query error, location: 18
L 10/30/2011 - 20:27:23: [amxbans.amxx] [Amxbans] Message: You have an error in your SQL syntax; check the manual that corresponds to your MySQL server version for the right syntax to use near ''amxban' at line 1 (1064)
L 10/30/2011 - 20:27:23: [amxbans.amxx] [Amxbans] Query statement: 
L 10/30/2011 - 20:27:40: -------- Mapchange to zm_dust_brick_b1_fx --------
L 10/30/2011 - 20:27:40: [admin_amxbans.amxx] Login: "Den1s<3622><STEAM_0:0:889229784><>" became an admin (account "91.192.190.142") (access "abcdefghijklmnopqstu") (address "91.192.190.142")
L 10/30/2011 - 20:27:41: [amxbans.amxx] [AMXBANS] AMXBans 5.0 is online
L 10/30/2011 - 20:28:26: [amxbans.amxx] [Amxbans] Query failed!
L 10/30/2011 - 20:28:26: [amxbans.amxx] [Amxbans] Threaded query error, location: 18
L 10/30/2011 - 20:28:26: [amxbans.amxx] [Amxbans] Message: You have an error in your SQL syntax; check the manual that corresponds to your MySQL server version for the right syntax to use near ''amxban' at line 1 (1064)
L 10/30/2011 - 20:28:26: [amxbans.amxx] [Amxbans] Query statement: 
L 10/30/2011 - 20:31:09: [amxbans.amxx] [Amxbans] Query failed!
L 10/30/2011 - 20:31:09: [amxbans.amxx] [Amxbans] Threaded query error, location: 18
L 10/30/2011 - 20:31:09: [amxbans.amxx] [Amxbans] Message: You have an error in your SQL syntax; check the manual that corresponds to your MySQL server version for the right syntax to use near ''amxban' at line 1 (1064)
L 10/30/2011 - 20:31:09: [amxbans.amxx] [Amxbans] Query statement: 
L 10/30/2011 - 20:35:41: [amxbans.amxx] Den1s<3622><STEAM_0:0:889229784><TERRORIST> banned WIDMO<STEAM_0:0:5989639> for 2 weeks (20160 minutes). Reason: Spam.
L 10/30/2011 - 20:44:28: [admin_amxbans.amxx] Login: "Den1s<4001><STEAM_0:0:889229784><>" became an admin (account "91.192.190.142") (access "abcdefghijklmnopqstu") (address "91.192.190.142")
L 10/30/2011 - 20:50:58: -------- Mapchange to zm_alfresco_v2 --------
L 10/30/2011 - 20:50:59: [admin_amxbans.amxx] Login: "Den1s<4001><STEAM_0:0:889229784><>" became an admin (account "91.192.190.142") (access "abcdefghijklmnopqstu") (address "91.192.190.142")
L 10/30/2011 - 20:51:00: [amxbans.amxx] [AMXBANS] AMXBans 5.0 is online
L 10/30/2011 - 20:51:06: [amxbans.amxx] [Amxbans] Query failed!
L 10/30/2011 - 20:51:06: [amxbans.amxx] [Amxbans] Threaded query error, location: 18
L 10/30/2011 - 20:51:06: [amxbans.amxx] [Amxbans] Message: You have an error in your SQL syntax; check the manual that corresponds to your MySQL server version for the right syntax to use near ''amxban' at line 1 (1064)
L 10/30/2011 - 20:51:06: [amxbans.amxx] [Amxbans] Query statement: 
L 10/30/2011 - 20:51:59: [amxbans.amxx] [Amxbans] Query failed!
L 10/30/2011 - 20:51:59: [amxbans.amxx] [Amxbans] Threaded query error, location: 18
L 10/30/2011 - 20:51:59: [amxbans.amxx] [Amxbans] Message: You have an error in your SQL syntax; check the manual that corresponds to your MySQL server version for the right syntax to use near ''amxban' at line 1 (1064)
L 10/30/2011 - 20:51:59: [amxbans.amxx] [Amxbans] Query statement: 
L 10/30/2011 - 21:11:12: -------- Mapchange to zm_dwarf --------
L 10/30/2011 - 21:11:13: [admin_amxbans.amxx] Login: "Den1s<4001><STEAM_0:0:889229784><>" became an admin (account "91.192.190.142") (access "abcdefghijklmnopqstu") (address "91.192.190.142")
L 10/30/2011 - 21:11:13: [amxbans.amxx] [AMXBANS] AMXBans 5.0 is online
L 10/30/2011 - 21:12:10: [admin_amxbans.amxx] Login: "Narkot1k<4051><STEAM_0:0:1967094010><>" became an admin (account "Narkot1k") (access "t") (address "95.220.87.79")
L 10/30/2011 - 21:31:12: [amxbans.amxx] [Amxbans] Query failed!
L 10/30/2011 - 21:31:12: [amxbans.amxx] [Amxbans] Threaded query error, location: 18
L 10/30/2011 - 21:31:12: [amxbans.amxx] [Amxbans] Message: You have an error in your SQL syntax; check the manual that corresponds to your MySQL server version for the right syntax to use near ''amxb' at line 1 (1064)
L 10/30/2011 - 21:31:12: [amxbans.amxx] [Amxbans] Query statement: 
L 10/30/2011 - 21:31:33: -------- Mapchange to zm_neris --------
L 10/30/2011 - 21:31:34: [admin_amxbans.amxx] Login: "Narkot1k<4051><STEAM_0:0:1967094010><>" became an admin (account "Narkot1k") (access "t") (address "95.220.87.79")
L 10/30/2011 - 21:31:35: [amxbans.amxx] [AMXBANS] AMXBans 5.0 is online
L 10/30/2011 - 21:31:37: [admin_amxbans.amxx] Login: "I bet u look good on dancefloor<4070><STEAM_0:0:44643826><>" became an admin (account "172.23.65.13") (access "l") (address "172.23.65.13")
L 10/30/2011 - 21:31:40: [amxbans.amxx] [Amxbans] Query failed!
L 10/30/2011 - 21:31:40: [amxbans.amxx] [Amxbans] Threaded query error, location: 18
L 10/30/2011 - 21:31:40: [amxbans.amxx] [Amxbans] Message: You have an error in your SQL syntax; check the manual that corresponds to your MySQL server version for the right syntax to use near ''amxb' at line 1 (1064)
L 10/30/2011 - 21:31:40: [amxbans.amxx] [Amxbans] Query statement: 
L 10/30/2011 - 21:35:03: [voteban.amxx] Voteban starter Narkot1k against Radon 98[rus] STEAM_0:0:1946360399
L 10/30/2011 - 21:35:18: [voteban.amxx] [AMXX] BANNED: Radon 98[rus], STARTER: Narkot1k
L 10/30/2011 - 21:35:19: [amxbans.amxx]  Зомби сервер (x_x(O_o)x_x) Go Zombie !!!<0><><> banned Radon 98[rus]<STEAM_0:0:1946360399> for 15 minutes (15 minutes). Reason: VIP->Narkot1k.
L 10/30/2011 - 21:39:35: [admin_amxbans.amxx] Login: "Narkot1k<4051><STEAM_0:0:1967094010><>" became an admin (account "Narkot1k") (access "t") (address "95.220.87.79")
L 10/30/2011 - 21:40:04: [voteban.amxx] Voteban starter Narkot1k against SAT STEAM_0:4:1366596101
L 10/30/2011 - 21:40:19: [voteban.amxx] [AMXX] BANNED: SAT, STARTER: Narkot1k
L 10/30/2011 - 21:40:20: [amxbans.amxx]  Зомби сервер (x_x(O_o)x_x) Go Zombie !!!<0><><> banned SAT<STEAM_0:4:1366596101> for 15 minutes (15 minutes). Reason: VIP->Narkot1k.
L 10/30/2011 - 21:46:21: [admin_amxbans.amxx] Login: "Dimka<4098><STEAM_0:0:44643826><>" became an admin (account "Dimka") (access "abcdefghijklmnopqrstu") (address "172.23.65.13")
L 10/30/2011 - 21:51:40: -------- Mapchange to ze_egypt --------
L 10/30/2011 - 21:51:40: [admin_amxbans.amxx] Login: "Narkot1k<4051><STEAM_0:0:1967094010><>" became an admin (account "Narkot1k") (access "t") (address "95.220.87.79")
L 10/30/2011 - 21:51:41: [amxbans.amxx] [AMXBANS] AMXBans 5.0 is online
L 10/30/2011 - 21:51:42: [admin_amxbans.amxx] Login: "Narkot1k<4105><STEAM_0:0:1967094010><>" became an admin (account "Narkot1k") (access "t") (address "95.220.87.79")
L 10/30/2011 - 22:08:12: -------- Mapchange to zm_deadly_assault --------
L 10/30/2011 - 22:08:13: [admin_amxbans.amxx] Login: "Narkot1k<4105><STEAM_0:0:1967094010><>" became an admin (account "Narkot1k") (access "t") (address "95.220.87.79")
L 10/30/2011 - 22:08:14: [amxbans.amxx] [AMXBANS] AMXBans 5.0 is online
L 10/30/2011 - 22:08:17: [admin_amxbans.amxx] Login: "Narkot1k<4136><STEAM_0:0:1967094010><>" became an admin (account "Narkot1k") (access "t") (address "95.220.87.79")
L 10/30/2011 - 22:29:05: -------- Mapchange to ze_jurassicpark --------
L 10/30/2011 - 22:29:07: [amxbans.amxx] [AMXBANS] AMXBans 5.0 is online
L 10/30/2011 - 22:33:35: [admin_amxbans.amxx] Login: "Euforia<4167><STEAM_0:0:1631851413><>" kicked due to invalid password (account "Euforia") (address "188.123.245.19")
L 10/30/2011 - 22:33:50: [admin_amxbans.amxx] Login: "Euforia<4169><STEAM_0:0:1631851413><>" became an admin (account "Euforia") (access "t") (address "188.123.245.19")
L 10/30/2011 - 22:34:00: [admin_amxbans.amxx] Login: "Euforia<4170><STEAM_0:0:1631851413><>" became an admin (account "Euforia") (access "t") (address "188.123.245.19")
L 10/30/2011 - 22:43:33: [admin_amxbans.amxx] Login: "Drey<4177><STEAM_0:0:41300771><>" became an admin (account "Drey") (access "t") (address "89.222.180.227")
L 10/30/2011 - 22:44:58: [amxbans.amxx] [Amxbans] Query failed!
L 10/30/2011 - 22:44:58: [amxbans.amxx] [Amxbans] Threaded query error, location: 18
L 10/30/2011 - 22:44:58: [amxbans.amxx] [Amxbans] Message: You have an error in your SQL syntax; check the manual that corresponds to your MySQL server version for the right syntax to use near ''amxbans' at line 1 (1064)
L 10/30/2011 - 22:44:58: [amxbans.amxx] [Amxbans] Query statement: 
L 10/30/2011 - 22:45:46: -------- Mapchange to zm_fdust2x2 --------
L 10/30/2011 - 22:45:47: [admin_amxbans.amxx] Login: "Drey<4177><STEAM_0:0:41300771><>" became an admin (account "Drey") (access "t") (address "89.222.180.227")
L 10/30/2011 - 22:45:48: [amxbans.amxx] [AMXBANS] AMXBans 5.0 is online
L 10/30/2011 - 22:46:13: [amxbans.amxx] [Amxbans] Query failed!
L 10/30/2011 - 22:46:13: [amxbans.amxx] [Amxbans] Threaded query error, location: 18
L 10/30/2011 - 22:46:13: [amxbans.amxx] [Amxbans] Message: You have an error in your SQL syntax; check the manual that corresponds to your MySQL server version for the right syntax to use near ''amxbans' at line 1 (1064)
L 10/30/2011 - 22:46:13: [amxbans.amxx] [Amxbans] Query statement: 
L 10/30/2011 - 22:46:37: [amxbans.amxx] [Amxbans] Query failed!
L 10/30/2011 - 22:46:37: [amxbans.amxx] [Amxbans] Threaded query error, location: 18
L 10/30/2011 - 22:46:37: [amxbans.amxx] [Amxbans] Message: You have an error in your SQL syntax; check the manual that corresponds to your MySQL server version for the right syntax to use near ''amxbans' at line 1 (1064)
L 10/30/2011 - 22:46:37: [amxbans.amxx] [Amxbans] Query statement: 
L 10/30/2011 - 22:47:07: [amxbans.amxx] [Amxbans] Query failed!
L 10/30/2011 - 22:47:07: [amxbans.amxx] [Amxbans] Threaded query error, location: 18
L 10/30/2011 - 22:47:07: [amxbans.amxx] [Amxbans] Message: You have an error in your SQL syntax; check the manual that corresponds to your MySQL server version for the right syntax to use near ''amxbans' at line 1 (1064)
L 10/30/2011 - 22:47:07: [amxbans.amxx] [Amxbans] Query statement: 
L 10/30/2011 - 23:02:46: [amxbans.amxx] [Amxbans] Query failed!
L 10/30/2011 - 23:02:46: [amxbans.amxx] [Amxbans] Threaded query error, location: 18
L 10/30/2011 - 23:02:46: [amxbans.amxx] [Amxbans] Message: You have an error in your SQL syntax; check the manual that corresponds to your MySQL server version for the right syntax to use near ''amxbans' at line 1 (1064)
L 10/30/2011 - 23:02:46: [amxbans.amxx] [Amxbans] Query statement: 
L 10/30/2011 - 23:06:26: -------- Mapchange to zm_caca --------
L 10/30/2011 - 23:06:27: [admin_amxbans.amxx] Login: "Drey<4177><STEAM_0:0:41300771><>" became an admin (account "Drey") (access "t") (address "89.222.180.227")
L 10/30/2011 - 23:06:28: [amxbans.amxx] [AMXBANS] AMXBans 5.0 is online
L 10/30/2011 - 23:06:31: [amxbans.amxx] [Amxbans] Query failed!
L 10/30/2011 - 23:06:31: [amxbans.amxx] [Amxbans] Threaded query error, location: 18
L 10/30/2011 - 23:06:31: [amxbans.amxx] [Amxbans] Message: You have an error in your SQL syntax; check the manual that corresponds to your MySQL server version for the right syntax to use near ''amxbans' at line 1 (1064)
L 10/30/2011 - 23:06:31: [amxbans.amxx] [Amxbans] Query statement: 
L 10/30/2011 - 23:06:56: [amxbans.amxx] [Amxbans] Query failed!
L 10/30/2011 - 23:06:56: [amxbans.amxx] [Amxbans] Threaded query error, location: 18
L 10/30/2011 - 23:06:56: [amxbans.amxx] [Amxbans] Message: You have an error in your SQL syntax; check the manual that corresponds to your MySQL server version for the right syntax to use near ''amxbans' at line 1 (1064)
L 10/30/2011 - 23:06:56: [amxbans.amxx] [Amxbans] Query statement: 
L 10/30/2011 - 23:23:15: [admin_amxbans.amxx] Login: "Narkot1k<4210><STEAM_0:0:1967094010><>" became an admin (account "Narkot1k") (access "t") (address "95.220.125.246")
L 10/30/2011 - 23:27:36: -------- Mapchange to zm_666_brick --------
L 10/30/2011 - 23:27:38: [admin_amxbans.amxx] Login: "Drey<4177><STEAM_0:0:41300771><>" became an admin (account "Drey") (access "t") (address "89.222.180.227")
L 10/30/2011 - 23:27:38: [admin_amxbans.amxx] Login: "Narkot1k<4211><STEAM_0:0:1967094010><>" became an admin (account "Narkot1k") (access "t") (address "95.220.125.246")
L 10/30/2011 - 23:27:39: [amxbans.amxx] [AMXBANS] AMXBans 5.0 is online
L 10/30/2011 - 23:27:41: [amxbans.amxx] [Amxbans] Query failed!
L 10/30/2011 - 23:27:41: [amxbans.amxx] [Amxbans] Threaded query error, location: 18
L 10/30/2011 - 23:27:41: [amxbans.amxx] [Amxbans] Message: You have an error in your SQL syntax; check the manual that corresponds to your MySQL server version for the right syntax to use near ''amxbans' at line 1 (1064)
L 10/30/2011 - 23:27:41: [amxbans.amxx] [Amxbans] Query statement: 
L 10/30/2011 - 23:27:52: [amxbans.amxx] [Amxbans] Query failed!
L 10/30/2011 - 23:27:52: [amxbans.amxx] [Amxbans] Threaded query error, location: 18
L 10/30/2011 - 23:27:52: [amxbans.amxx] [Amxbans] Message: You have an error in your SQL syntax; check the manual that corresponds to your MySQL server version for the right syntax to use near ''amxbans' at line 1 (1064)
L 10/30/2011 - 23:27:52: [amxbans.amxx] [Amxbans] Query statement: 
