L 06/06/2011 - 00:07:58: [adminvote.amxx] Vote: ".::T9o::.<1068><STEAM_0:0:1836044300><>" vote custom (question "bI") (option#1 "bI") (option#2 "bI")
L 06/06/2011 - 00:08:10: [adminvote.amxx] Vote: Voting successful (got "2") (needed "1") (result "bI - bI")
L 06/06/2011 - 00:09:36: -------- Mapchange to zm_fdust2x2 --------
L 06/06/2011 - 00:09:37: [admin_amxbans.amxx] Login: ".::T9o::.<1068><STEAM_0:0:1836044300><>" became an admin (account ".::T9o::.") (access "abcdefgijmnopqtu") (address "78.37.198.67")
L 06/06/2011 - 00:09:37: [admin_amxbans.amxx] Login: ".::T9o::.<1068><STEAM_0:0:1836044300><>" became an admin (account ".::T9o::.") (access "abcdefgijmnopqtu") (address "78.37.198.67")
L 06/06/2011 - 00:09:37: [admin_amxbans.amxx] Login: "Ipse [Str,RUS]<1063><STEAM_0:4:1203553779><>" became an admin (account "Ipse [Str,RUS]") (access "at") (address "95.105.37.38")
L 06/06/2011 - 00:09:38: [amxbans.amxx] [AMXBANS] AMXBans 5.0 подключен
L 06/06/2011 - 00:18:14: [admincmd.amxx] Cmd: ".::T9o::.<1068><STEAM_0:0:1836044300><>" changelevel "cs_747"
L 06/06/2011 - 00:18:17: -------- Mapchange to cs_747 --------
L 06/06/2011 - 00:18:20: [admin_amxbans.amxx] Login: "Ipse [Str,RUS]<1063><STEAM_0:4:1203553779><>" became an admin (account "Ipse [Str,RUS]") (access "at") (address "95.105.37.38")
L 06/06/2011 - 00:18:21: [amxbans.amxx] [AMXBANS] AMXBans 5.0 подключен
L 06/06/2011 - 00:22:35: -------- Mapchange to zm_houses --------
L 06/06/2011 - 00:22:37: [amxbans.amxx] [AMXBANS] AMXBans 5.0 подключен
L 06/06/2011 - 00:25:35: -------- Mapchange to cs_estate --------
L 06/06/2011 - 00:25:39: [amxbans.amxx] [AMXBANS] AMXBans 5.0 подключен
L 06/06/2011 - 00:40:09: -------- Mapchange to cs_militia --------
L 06/06/2011 - 00:40:15: [amxbans.amxx] [AMXBANS] AMXBans 5.0 подключен
L 06/06/2011 - 00:58:35: -------- Mapchange to zm_army --------
L 06/06/2011 - 00:58:36: [amxbans.amxx] [AMXBANS] AMXBans 5.0 подключен
L 06/06/2011 - 01:03:49: -------- Mapchange to cs_estate --------
L 06/06/2011 - 01:03:52: [amxbans.amxx] [AMXBANS] AMXBans 5.0 подключен
L 06/06/2011 - 01:12:19: -------- Mapchange to 016_rmk --------
L 06/06/2011 - 01:12:21: -------- Mapchange to cs_italy --------
L 06/06/2011 - 01:12:24: [amxbans.amxx] [AMXBANS] AMXBans 5.0 подключен
L 06/06/2011 - 01:12:44: [admin_amxbans.amxx] Login: "Dumka<5><STEAM_0:0:1236438227><>" became an admin (account "172.23.65.13") (access "abcdefghijklmnopqrsu") (address "172.23.65.13")
L 06/06/2011 - 01:12:53: [admin_amxbans.amxx] Login: "(1)Dumka<6><STEAM_0:0:263411619><>" became an admin (account "172.23.65.13") (access "abcdefghijklmnopqrsu") (address "172.23.65.13")
L 06/06/2011 - 01:13:03: [mapsmenu.amxx] Cmd: "Dumka<5><STEAM_0:0:1236438227><>" changelevel "zm_escapetrain"
L 06/06/2011 - 01:13:06: -------- Mapchange to zm_escapetrain --------
L 06/06/2011 - 01:13:07: [admin_amxbans.amxx] Login: "Dumka<5><STEAM_0:0:1236438227><>" became an admin (account "172.23.65.13") (access "abcdefghijklmnopqrsu") (address "172.23.65.13")
L 06/06/2011 - 01:13:08: [amxbans.amxx] [AMXBANS] AMXBans 5.0 подключен
L 06/06/2011 - 01:13:10: [admin_amxbans.amxx] Login: "(1)Dumka<6><STEAM_0:0:263411619><>" became an admin (account "172.23.65.13") (access "abcdefghijklmnopqrsu") (address "172.23.65.13")
L 06/06/2011 - 01:13:10: [admin_amxbans.amxx] Login: "(1)Dumka<6><STEAM_0:0:263411619><>" became an admin (account "172.23.65.13") (access "abcdefghijklmnopqrsu") (address "172.23.65.13")
L 06/06/2011 - 01:13:11: [admin_amxbans.amxx] Login: "(1)Dumka<7><STEAM_0:0:263411619><>" became an admin (account "172.23.65.13") (access "abcdefghijklmnopqrsu") (address "172.23.65.13")
L 06/06/2011 - 01:13:14: [admin_amxbans.amxx] Login: "(1)Dumka<8><STEAM_0:0:263411619><>" became an admin (account "172.23.65.13") (access "abcdefghijklmnopqrsu") (address "172.23.65.13")
L 06/06/2011 - 01:17:28: -------- Mapchange to cs_estate --------
L 06/06/2011 - 01:17:31: [amxbans.amxx] [AMXBANS] AMXBans 5.0 подключен
L 06/06/2011 - 01:27:24: -------- Mapchange to cs_estate --------
L 06/06/2011 - 01:27:29: [amxbans.amxx] [AMXBANS] AMXBans 5.0 подключен
L 06/06/2011 - 01:47:31: -------- Mapchange to cs_office --------
L 06/06/2011 - 01:47:35: [amxbans.amxx] [AMXBANS] AMXBans 5.0 подключен
L 06/06/2011 - 02:05:55: -------- Mapchange to zm_303 --------
L 06/06/2011 - 02:05:57: [amxbans.amxx] [AMXBANS] AMXBans 5.0 подключен
L 06/06/2011 - 02:08:55: -------- Mapchange to cs_estate --------
L 06/06/2011 - 02:09:00: [amxbans.amxx] [AMXBANS] AMXBans 5.0 подключен
L 06/06/2011 - 02:17:50: -------- Mapchange to zm_assault_attack --------
L 06/06/2011 - 02:17:51: [amxbans.amxx] [AMXBANS] AMXBans 5.0 подключен
L 06/06/2011 - 02:26:56: -------- Mapchange to cs_estate --------
L 06/06/2011 - 02:26:59: [amxbans.amxx] [AMXBANS] AMXBans 5.0 подключен
L 06/06/2011 - 02:36:53: -------- Mapchange to cs_estate --------
L 06/06/2011 - 02:36:56: [amxbans.amxx] [AMXBANS] AMXBans 5.0 подключен
L 06/06/2011 - 02:46:49: -------- Mapchange to cs_estate --------
L 06/06/2011 - 02:46:52: [amxbans.amxx] [AMXBANS] AMXBans 5.0 подключен
L 06/06/2011 - 02:56:45: -------- Mapchange to cs_estate --------
L 06/06/2011 - 02:56:48: [amxbans.amxx] [AMXBANS] AMXBans 5.0 подключен
L 06/06/2011 - 03:06:42: -------- Mapchange to cs_estate --------
L 06/06/2011 - 03:06:45: [amxbans.amxx] [AMXBANS] AMXBans 5.0 подключен
L 06/06/2011 - 03:22:08: -------- Mapchange to cs_estate --------
L 06/06/2011 - 03:22:11: [amxbans.amxx] [AMXBANS] AMXBans 5.0 подключен
L 06/06/2011 - 03:33:56: -------- Mapchange to cs_italy --------
L 06/06/2011 - 03:33:59: [amxbans.amxx] [AMXBANS] AMXBans 5.0 подключен
L 06/06/2011 - 03:56:36: -------- Mapchange to zm_desolation_house --------
L 06/06/2011 - 03:56:38: [amxbans.amxx] [AMXBANS] AMXBans 5.0 подключен
L 06/06/2011 - 04:04:46: -------- Mapchange to cs_estate --------
L 06/06/2011 - 04:04:50: [amxbans.amxx] [AMXBANS] AMXBans 5.0 подключен
L 06/06/2011 - 04:14:43: -------- Mapchange to cs_estate --------
L 06/06/2011 - 04:14:48: [amxbans.amxx] [AMXBANS] AMXBans 5.0 подключен
L 06/06/2011 - 04:24:41: -------- Mapchange to cs_estate --------
L 06/06/2011 - 04:24:45: [amxbans.amxx] [AMXBANS] AMXBans 5.0 подключен
L 06/06/2011 - 04:44:24: -------- Mapchange to cs_estate --------
L 06/06/2011 - 04:44:28: [amxbans.amxx] [AMXBANS] AMXBans 5.0 подключен
L 06/06/2011 - 04:52:48: -------- Mapchange to zm_202 --------
L 06/06/2011 - 04:52:50: [amxbans.amxx] [AMXBANS] AMXBans 5.0 подключен
L 06/06/2011 - 04:55:48: -------- Mapchange to cs_estate --------
L 06/06/2011 - 04:55:53: [amxbans.amxx] [AMXBANS] AMXBans 5.0 подключен
L 06/06/2011 - 05:05:46: -------- Mapchange to cs_estate --------
L 06/06/2011 - 05:05:51: [amxbans.amxx] [AMXBANS] AMXBans 5.0 подключен
L 06/06/2011 - 05:14:11: -------- Mapchange to zm_303 --------
L 06/06/2011 - 05:14:13: [amxbans.amxx] [AMXBANS] AMXBans 5.0 подключен
L 06/06/2011 - 05:17:11: -------- Mapchange to cs_estate --------
L 06/06/2011 - 05:17:16: [amxbans.amxx] [AMXBANS] AMXBans 5.0 подключен
L 06/06/2011 - 05:25:36: -------- Mapchange to zm_neris --------
L 06/06/2011 - 05:25:38: [amxbans.amxx] [AMXBANS] AMXBans 5.0 подключен
L 06/06/2011 - 05:28:37: -------- Mapchange to cs_estate --------
L 06/06/2011 - 05:28:41: [amxbans.amxx] [AMXBANS] AMXBans 5.0 подключен
L 06/06/2011 - 05:38:34: -------- Mapchange to cs_estate --------
L 06/06/2011 - 05:38:37: [amxbans.amxx] [AMXBANS] AMXBans 5.0 подключен
L 06/06/2011 - 05:47:13: -------- Mapchange to zm_assault_snow --------
L 06/06/2011 - 05:47:15: [amxbans.amxx] [AMXBANS] AMXBans 5.0 подключен
L 06/06/2011 - 05:52:19: -------- Mapchange to cs_estate --------
L 06/06/2011 - 05:52:24: [amxbans.amxx] [AMXBANS] AMXBans 5.0 подключен
L 06/06/2011 - 06:06:50: -------- Mapchange to zm_dust_base_fin --------
L 06/06/2011 - 06:06:52: [amxbans.amxx] [AMXBANS] AMXBans 5.0 подключен
L 06/06/2011 - 06:21:16: [admin_amxbans.amxx] Login: "Lenusjka<142><STEAM_0:4:1429483121><>" became an admin (account "Lenusjka") (access "at") (address "91.190.52.3")
L 06/06/2011 - 06:28:46: -------- Mapchange to zm_dust_brick_b1 --------
L 06/06/2011 - 06:28:48: [amxbans.amxx] [AMXBANS] AMXBans 5.0 подключен
L 06/06/2011 - 06:28:48: [admin_amxbans.amxx] Login: "Lenusjka<142><STEAM_0:4:1429483121><>" became an admin (account "Lenusjka") (access "at") (address "91.190.52.3")
L 06/06/2011 - 06:49:23: -------- Mapchange to zm_303 --------
L 06/06/2011 - 06:49:25: [admin_amxbans.amxx] Login: "Lenusjka<142><STEAM_0:4:1429483121><>" became an admin (account "Lenusjka") (access "at") (address "91.190.52.3")
L 06/06/2011 - 06:49:26: [amxbans.amxx] [AMXBANS] AMXBans 5.0 подключен
L 06/06/2011 - 07:10:58: -------- Mapchange to zm_simple_b1 --------
L 06/06/2011 - 07:10:59: [admin_amxbans.amxx] Login: "Lenusjka<142><STEAM_0:4:1429483121><>" became an admin (account "Lenusjka") (access "at") (address "91.190.52.3")
L 06/06/2011 - 07:11:00: [amxbans.amxx] [AMXBANS] AMXBans 5.0 подключен
L 06/06/2011 - 07:23:58: [admin_amxbans.amxx] Login: "Lenusjka<168><STEAM_0:4:1429483121><>" became an admin (account "Lenusjka") (access "at") (address "91.190.52.3")
L 06/06/2011 - 07:25:07: [admin_amxbans.amxx] Login: "Ipse [Str,RUS]<170><STEAM_0:4:1203553779><>" became an admin (account "Ipse [Str,RUS]") (access "at") (address "95.105.37.38")
L 06/06/2011 - 07:33:55: -------- Mapchange to 016_rmk --------
L 06/06/2011 - 07:33:56: [admin_amxbans.amxx] Login: "Ipse [Str,RUS]<170><STEAM_0:4:1203553779><>" became an admin (account "Ipse [Str,RUS]") (access "at") (address "95.105.37.38")
L 06/06/2011 - 07:33:56: [admin_amxbans.amxx] Login: "Lenusjka<168><STEAM_0:4:1429483121><>" became an admin (account "Lenusjka") (access "at") (address "91.190.52.3")
L 06/06/2011 - 07:33:57: [amxbans.amxx] [AMXBANS] AMXBans 5.0 подключен
L 06/06/2011 - 07:44:10: -------- Mapchange to de_dust --------
L 06/06/2011 - 07:44:12: [admin_amxbans.amxx] Login: "Ipse [Str,RUS]<170><STEAM_0:4:1203553779><>" became an admin (account "Ipse [Str,RUS]") (access "at") (address "95.105.37.38")
L 06/06/2011 - 07:44:12: [admin_amxbans.amxx] Login: "Lenusjka<168><STEAM_0:4:1429483121><>" became an admin (account "Lenusjka") (access "at") (address "91.190.52.3")
L 06/06/2011 - 07:44:13: [amxbans.amxx] [AMXBANS] AMXBans 5.0 подключен
L 06/06/2011 - 08:06:20: -------- Mapchange to zm_neris --------
L 06/06/2011 - 08:06:22: [amxbans.amxx] [AMXBANS] AMXBans 5.0 подключен
L 06/06/2011 - 08:27:01: -------- Mapchange to zm_army --------
L 06/06/2011 - 08:27:03: [amxbans.amxx] [AMXBANS] AMXBans 5.0 подключен
L 06/06/2011 - 08:49:24: -------- Mapchange to zm_desolation_house --------
L 06/06/2011 - 08:49:26: [amxbans.amxx] [AMXBANS] AMXBans 5.0 подключен
L 06/06/2011 - 09:04:29: [amxbans.amxx] [Amxbans] Запрос провален!
L 06/06/2011 - 09:04:29: [amxbans.amxx] [Amxbans] Ошибка, адрес: 18
L 06/06/2011 - 09:04:29: [amxbans.amxx] [Amxbans] Сообщение: You have an error in your SQL syntax; check the manual that corresponds to your MySQL server version for the right syntax to use near '' at line 1 (1064)
L 06/06/2011 - 09:04:29: [amxbans.amxx] [Amxbans] Статус запроса: 
L 06/06/2011 - 09:11:22: -------- Mapchange to cs_office --------
L 06/06/2011 - 09:11:25: [amxbans.amxx] [AMXBANS] AMXBans 5.0 подключен
L 06/06/2011 - 09:11:28: [amxbans.amxx] [Amxbans] Запрос провален!
L 06/06/2011 - 09:11:28: [amxbans.amxx] [Amxbans] Ошибка, адрес: 18
L 06/06/2011 - 09:11:28: [amxbans.amxx] [Amxbans] Сообщение: You have an error in your SQL syntax; check the manual that corresponds to your MySQL server version for the right syntax to use near '' at line 1 (1064)
L 06/06/2011 - 09:11:28: [amxbans.amxx] [Amxbans] Статус запроса: 
L 06/06/2011 - 09:11:28: [amxbans.amxx] [Amxbans] Запрос провален!
L 06/06/2011 - 09:11:28: [amxbans.amxx] [Amxbans] Ошибка, адрес: 18
L 06/06/2011 - 09:11:28: [amxbans.amxx] [Amxbans] Сообщение: You have an error in your SQL syntax; check the manual that corresponds to your MySQL server version for the right syntax to use near '' at line 1 (1064)
L 06/06/2011 - 09:11:28: [amxbans.amxx] [Amxbans] Статус запроса: 
L 06/06/2011 - 09:31:31: -------- Mapchange to zm_202 --------
L 06/06/2011 - 09:31:32: [amxbans.amxx] [AMXBANS] AMXBans 5.0 подключен
L 06/06/2011 - 09:31:35: [amxbans.amxx] [Amxbans] Запрос провален!
L 06/06/2011 - 09:31:35: [amxbans.amxx] [Amxbans] Ошибка, адрес: 18
L 06/06/2011 - 09:31:35: [amxbans.amxx] [Amxbans] Сообщение: You have an error in your SQL syntax; check the manual that corresponds to your MySQL server version for the right syntax to use near '' at line 1 (1064)
L 06/06/2011 - 09:31:35: [amxbans.amxx] [Amxbans] Статус запроса: 
L 06/06/2011 - 09:52:36: -------- Mapchange to zm_dust_base_fin --------
L 06/06/2011 - 09:52:38: [amxbans.amxx] [AMXBANS] AMXBans 5.0 подключен
L 06/06/2011 - 09:52:41: [amxbans.amxx] [Amxbans] Запрос провален!
L 06/06/2011 - 09:52:41: [amxbans.amxx] [Amxbans] Ошибка, адрес: 18
L 06/06/2011 - 09:52:41: [amxbans.amxx] [Amxbans] Сообщение: You have an error in your SQL syntax; check the manual that corresponds to your MySQL server version for the right syntax to use near '' at line 1 (1064)
L 06/06/2011 - 09:52:41: [amxbans.amxx] [Amxbans] Статус запроса: 
L 06/06/2011 - 09:52:41: [amxbans.amxx] [Amxbans] Запрос провален!
L 06/06/2011 - 09:52:41: [amxbans.amxx] [Amxbans] Ошибка, адрес: 18
L 06/06/2011 - 09:52:41: [amxbans.amxx] [Amxbans] Сообщение: You have an error in your SQL syntax; check the manual that corresponds to your MySQL server version for the right syntax to use near '' at line 1 (1064)
L 06/06/2011 - 09:52:41: [amxbans.amxx] [Amxbans] Статус запроса: 
L 06/06/2011 - 10:13:05: -------- Mapchange to zm_303 --------
L 06/06/2011 - 10:13:07: [amxbans.amxx] [AMXBANS] AMXBans 5.0 подключен
L 06/06/2011 - 10:16:49: [admin_amxbans.amxx] Login: "Euforia<237><STEAM_0:0:1235555515><>" became an admin (account "Euforia") (access "at") (address "188.123.245.19")
L 06/06/2011 - 10:17:42: [admin_amxbans.amxx] Login: "Euforia<238><STEAM_0:0:1235555515><>" became an admin (account "Euforia") (access "at") (address "188.123.245.19")
L 06/06/2011 - 10:17:48: [admin_amxbans.amxx] Login: "Euforia<239><STEAM_0:0:1235555515><>" became an admin (account "Euforia") (access "at") (address "188.123.245.19")
L 06/06/2011 - 10:55:06: [admin_amxbans.amxx] Login: "He6o<271><STEAM_0:4:1214550897><>" became an admin (account "He6o") (access "at") (address "91.196.149.57")
L 06/06/2011 - 10:57:42: -------- Mapchange to zm_assault_snow --------
L 06/06/2011 - 10:57:43: [admin_amxbans.amxx] Login: "Euforia<239><STEAM_0:0:1235555515><>" became an admin (account "Euforia") (access "at") (address "188.123.245.19")
L 06/06/2011 - 10:57:43: [admin_amxbans.amxx] Login: "He6o<271><STEAM_0:4:1214550897><>" became an admin (account "He6o") (access "at") (address "91.196.149.57")
L 06/06/2011 - 10:57:43: [amxbans.amxx] [AMXBANS] AMXBans 5.0 подключен
L 06/06/2011 - 11:04:13: [amxbans.amxx] [Amxbans] Запрос провален!
L 06/06/2011 - 11:04:13: [amxbans.amxx] [Amxbans] Ошибка, адрес: 18
L 06/06/2011 - 11:04:13: [amxbans.amxx] [Amxbans] Сообщение: You have an error in your SQL syntax; check the manual that corresponds to your MySQL server version for the right syntax to use near ''amxban' at line 1 (1064)
L 06/06/2011 - 11:04:13: [amxbans.amxx] [Amxbans] Статус запроса: 
L 06/06/2011 - 11:12:37: [amxbans.amxx] [Amxbans] Запрос провален!
L 06/06/2011 - 11:12:37: [amxbans.amxx] [Amxbans] Ошибка, адрес: 18
L 06/06/2011 - 11:12:37: [amxbans.amxx] [Amxbans] Сообщение: You have an error in your SQL syntax; check the manual that corresponds to your MySQL server version for the right syntax to use near '' at line 1 (1064)
L 06/06/2011 - 11:12:37: [amxbans.amxx] [Amxbans] Статус запроса: 
L 06/06/2011 - 11:18:17: -------- Mapchange to awp_city --------
L 06/06/2011 - 11:18:19: [amxbans.amxx] [AMXBANS] AMXBans 5.0 подключен
L 06/06/2011 - 11:18:22: [amxbans.amxx] [Amxbans] Запрос провален!
L 06/06/2011 - 11:18:22: [amxbans.amxx] [Amxbans] Ошибка, адрес: 18
L 06/06/2011 - 11:18:22: [amxbans.amxx] [Amxbans] Сообщение: You have an error in your SQL syntax; check the manual that corresponds to your MySQL server version for the right syntax to use near '' at line 1 (1064)
L 06/06/2011 - 11:18:22: [amxbans.amxx] [Amxbans] Статус запроса: 
L 06/06/2011 - 11:18:35: [amxbans.amxx] [Amxbans] Запрос провален!
L 06/06/2011 - 11:18:35: [amxbans.amxx] [Amxbans] Ошибка, адрес: 18
L 06/06/2011 - 11:18:35: [amxbans.amxx] [Amxbans] Сообщение: You have an error in your SQL syntax; check the manual that corresponds to your MySQL server version for the right syntax to use near ''amxban' at line 1 (1064)
L 06/06/2011 - 11:18:35: [amxbans.amxx] [Amxbans] Статус запроса: 
L 06/06/2011 - 11:18:47: [amxbans.amxx] [Amxbans] Запрос провален!
L 06/06/2011 - 11:18:47: [amxbans.amxx] [Amxbans] Ошибка, адрес: 18
L 06/06/2011 - 11:18:47: [amxbans.amxx] [Amxbans] Сообщение: You have an error in your SQL syntax; check the manual that corresponds to your MySQL server version for the right syntax to use near ''amxban' at line 1 (1064)
L 06/06/2011 - 11:18:47: [amxbans.amxx] [Amxbans] Статус запроса: 
L 06/06/2011 - 11:30:05: [amxbans.amxx] [Amxbans] Запрос провален!
L 06/06/2011 - 11:30:05: [amxbans.amxx] [Amxbans] Ошибка, адрес: 18
L 06/06/2011 - 11:30:05: [amxbans.amxx] [Amxbans] Сообщение: You have an error in your SQL syntax; check the manual that corresponds to your MySQL server version for the right syntax to use near ''amxban' at line 1 (1064)
L 06/06/2011 - 11:30:05: [amxbans.amxx] [Amxbans] Статус запроса: 
L 06/06/2011 - 11:41:16: -------- Mapchange to de_dust --------
L 06/06/2011 - 11:41:19: [amxbans.amxx] [AMXBANS] AMXBans 5.0 подключен
L 06/06/2011 - 11:41:24: [amxbans.amxx] [Amxbans] Запрос провален!
L 06/06/2011 - 11:41:24: [amxbans.amxx] [Amxbans] Ошибка, адрес: 18
L 06/06/2011 - 11:41:24: [amxbans.amxx] [Amxbans] Сообщение: You have an error in your SQL syntax; check the manual that corresponds to your MySQL server version for the right syntax to use near '' at line 1 (1064)
L 06/06/2011 - 11:41:24: [amxbans.amxx] [Amxbans] Статус запроса: 
L 06/06/2011 - 11:46:24: [amxbans.amxx] [Amxbans] Запрос провален!
L 06/06/2011 - 11:46:24: [amxbans.amxx] [Amxbans] Ошибка, адрес: 18
L 06/06/2011 - 11:46:24: [amxbans.amxx] [Amxbans] Сообщение: You have an error in your SQL syntax; check the manual that corresponds to your MySQL server version for the right syntax to use near ''am' at line 1 (1064)
L 06/06/2011 - 11:46:24: [amxbans.amxx] [Amxbans] Статус запроса: 
L 06/06/2011 - 11:47:51: [amxbans.amxx] [Amxbans] Запрос провален!
L 06/06/2011 - 11:47:51: [amxbans.amxx] [Amxbans] Ошибка, адрес: 18
L 06/06/2011 - 11:47:51: [amxbans.amxx] [Amxbans] Сообщение: You have an error in your SQL syntax; check the manual that corresponds to your MySQL server version for the right syntax to use near ''amxban' at line 1 (1064)
L 06/06/2011 - 11:47:51: [amxbans.amxx] [Amxbans] Статус запроса: 
L 06/06/2011 - 11:52:16: [admin_amxbans.amxx] Login: "Euforia<326><STEAM_0:0:1235555515><>" became an admin (account "Euforia") (access "at") (address "188.123.245.19")
L 06/06/2011 - 12:00:08: [voteban.amxx] Вотебан запустил Euforia против egorech STEAM_0:4:2125770225
L 06/06/2011 - 12:00:23: [voteban.amxx] [AMXX] The vote succeeded: STEAM_0:4:2125770225 is banned for 60 minutes
L 06/06/2011 - 12:00:24: [amxbans.amxx]  Зомби сервер (x_x(O_o)x_x) Go Zombie !!!<0><><> забанил egorech<STEAM_0:4:2125770225> на 1 час (60 минут). Причина: VIP->Euforia.
L 06/06/2011 - 12:02:54: -------- Mapchange to zm_assault_attack --------
L 06/06/2011 - 12:02:55: [admin_amxbans.amxx] Login: "Euforia<326><STEAM_0:0:1235555515><>" became an admin (account "Euforia") (access "at") (address "188.123.245.19")
L 06/06/2011 - 12:02:56: [amxbans.amxx] [AMXBANS] AMXBans 5.0 подключен
L 06/06/2011 - 12:03:01: [amxbans.amxx] [Amxbans] Запрос провален!
L 06/06/2011 - 12:03:01: [amxbans.amxx] [Amxbans] Ошибка, адрес: 18
L 06/06/2011 - 12:03:01: [amxbans.amxx] [Amxbans] Сообщение: You have an error in your SQL syntax; check the manual that corresponds to your MySQL server version for the right syntax to use near ''am' at line 1 (1064)
L 06/06/2011 - 12:03:01: [amxbans.amxx] [Amxbans] Статус запроса: 
L 06/06/2011 - 12:03:02: [amxbans.amxx] [Amxbans] Запрос провален!
L 06/06/2011 - 12:03:02: [amxbans.amxx] [Amxbans] Ошибка, адрес: 18
L 06/06/2011 - 12:03:02: [amxbans.amxx] [Amxbans] Сообщение: You have an error in your SQL syntax; check the manual that corresponds to your MySQL server version for the right syntax to use near '' at line 1 (1064)
L 06/06/2011 - 12:03:02: [amxbans.amxx] [Amxbans] Статус запроса: 
L 06/06/2011 - 12:03:13: [amxbans.amxx] [Amxbans] Запрос провален!
L 06/06/2011 - 12:03:13: [amxbans.amxx] [Amxbans] Ошибка, адрес: 18
L 06/06/2011 - 12:03:13: [amxbans.amxx] [Amxbans] Сообщение: You have an error in your SQL syntax; check the manual that corresponds to your MySQL server version for the right syntax to use near '' at line 1 (1064)
L 06/06/2011 - 12:03:13: [amxbans.amxx] [Amxbans] Статус запроса: 
L 06/06/2011 - 12:06:44: [voteban.amxx] Вотебан запустил Euforia против KyJleP228 STEAM_0:4:474813553
L 06/06/2011 - 12:06:59: [voteban.amxx] [AMXX] The vote succeeded: STEAM_0:4:474813553 is banned for 60 minutes
L 06/06/2011 - 12:07:00: [amxbans.amxx]  Зомби сервер (x_x(O_o)x_x) Go Zombie !!!<0><><> забанил KyJleP228<STEAM_0:4:474813553> на 1 час (60 минут). Причина: VIP->Euforia.
L 06/06/2011 - 12:25:07: -------- Mapchange to 016_rmk --------
L 06/06/2011 - 12:25:09: [amxbans.amxx] [AMXBANS] AMXBans 5.0 подключен
L 06/06/2011 - 12:25:14: [amxbans.amxx] [Amxbans] Запрос провален!
L 06/06/2011 - 12:25:14: [amxbans.amxx] [Amxbans] Ошибка, адрес: 18
L 06/06/2011 - 12:25:14: [amxbans.amxx] [Amxbans] Сообщение: You have an error in your SQL syntax; check the manual that corresponds to your MySQL server version for the right syntax to use near '' at line 1 (1064)
L 06/06/2011 - 12:25:14: [amxbans.amxx] [Amxbans] Статус запроса: 
L 06/06/2011 - 12:25:15: [amxbans.amxx] [Amxbans] Запрос провален!
L 06/06/2011 - 12:25:15: [amxbans.amxx] [Amxbans] Ошибка, адрес: 18
L 06/06/2011 - 12:25:15: [amxbans.amxx] [Amxbans] Сообщение: You have an error in your SQL syntax; check the manual that corresponds to your MySQL server version for the right syntax to use near ''am' at line 1 (1064)
L 06/06/2011 - 12:25:15: [amxbans.amxx] [Amxbans] Статус запроса: 
L 06/06/2011 - 12:34:14: [admin_amxbans.amxx] Login: "Euforia<402><STEAM_0:0:1235555515><>" became an admin (account "Euforia") (access "at") (address "188.123.245.19")
L 06/06/2011 - 12:41:17: [amxbans.amxx] [Amxbans] Запрос провален!
L 06/06/2011 - 12:41:17: [amxbans.amxx] [Amxbans] Ошибка, адрес: 18
L 06/06/2011 - 12:41:17: [amxbans.amxx] [Amxbans] Сообщение: You have an error in your SQL syntax; check the manual that corresponds to your MySQL server version for the right syntax to use near ''am' at line 1 (1064)
L 06/06/2011 - 12:41:17: [amxbans.amxx] [Amxbans] Статус запроса: 
L 06/06/2011 - 12:46:01: -------- Mapchange to zm_fdust2x2 --------
L 06/06/2011 - 12:46:03: [amxbans.amxx] [AMXBANS] AMXBans 5.0 подключен
L 06/06/2011 - 12:46:09: [amxbans.amxx] [Amxbans] Запрос провален!
L 06/06/2011 - 12:46:09: [amxbans.amxx] [Amxbans] Ошибка, адрес: 18
L 06/06/2011 - 12:46:09: [amxbans.amxx] [Amxbans] Сообщение: You have an error in your SQL syntax; check the manual that corresponds to your MySQL server version for the right syntax to use near ''am' at line 1 (1064)
L 06/06/2011 - 12:46:09: [amxbans.amxx] [Amxbans] Статус запроса: 
L 06/06/2011 - 13:03:45: [admin_amxbans.amxx] Login: "~Helena~<482><STEAM_0:4:234934122><>" became an admin (account "~Helena~") (access "at") (address "109.124.93.181")
L 06/06/2011 - 13:04:13: [admin_amxbans.amxx] Login: "~Helena~<483><STEAM_0:4:234934122><>" became an admin (account "~Helena~") (access "at") (address "109.124.93.181")
L 06/06/2011 - 13:06:37: -------- Mapchange to zm_202 --------
L 06/06/2011 - 13:06:38: [admin_amxbans.amxx] Login: "~Helena~<483><STEAM_0:4:234934122><>" became an admin (account "~Helena~") (access "at") (address "109.124.93.181")
L 06/06/2011 - 13:06:39: [amxbans.amxx] [AMXBANS] AMXBans 5.0 подключен
L 06/06/2011 - 13:06:45: [amxbans.amxx] [Amxbans] Запрос провален!
L 06/06/2011 - 13:06:45: [amxbans.amxx] [Amxbans] Ошибка, адрес: 18
L 06/06/2011 - 13:06:45: [amxbans.amxx] [Amxbans] Сообщение: You have an error in your SQL syntax; check the manual that corresponds to your MySQL server version for the right syntax to use near ''am' at line 1 (1064)
L 06/06/2011 - 13:06:45: [amxbans.amxx] [Amxbans] Статус запроса: 
L 06/06/2011 - 13:08:42: [voteban.amxx] Вотебан запустил ~Helena~ против dhdtuy STEAM_0:4:446214001
L 06/06/2011 - 13:08:57: [voteban.amxx] [AMXX] The vote succeeded: STEAM_0:4:446214001 is banned for 60 minutes
L 06/06/2011 - 13:08:58: [amxbans.amxx]  Зомби сервер (x_x(O_o)x_x) Go Zombie !!!<0><><> забанил dhdtuy<STEAM_0:4:446214001> на 1 час (60 минут). Причина: VIP->~Helena~.
L 06/06/2011 - 13:09:18: [admin_amxbans.amxx] Login: "Euforia<496><STEAM_0:0:1235555515><>" became an admin (account "Euforia") (access "at") (address "188.123.245.19")
L 06/06/2011 - 13:12:28: [admin_amxbans.amxx] Login: "Vik<503><STEAM_0:4:18053296><>" became an admin (account "Vik") (access "at") (address "217.19.122.171")
L 06/06/2011 - 13:20:01: [voteban.amxx] Вотебан запустил Euforia против Akula STEAM_0:0:487326606
L 06/06/2011 - 13:20:16: [voteban.amxx] [AMXX] The vote succeeded: STEAM_0:0:487326606 is banned for 60 minutes
L 06/06/2011 - 13:20:17: [amxbans.amxx]  Зомби сервер (x_x(O_o)x_x) Go Zombie !!!<0><><> забанил Akula<STEAM_0:0:487326606> на 1 час (60 минут). Причина: VIP->Euforia.
L 06/06/2011 - 13:27:55: -------- Mapchange to zm_neris --------
L 06/06/2011 - 13:27:56: [admin_amxbans.amxx] Login: "~Helena~<483><STEAM_0:4:234934122><>" became an admin (account "~Helena~") (access "at") (address "109.124.93.181")
L 06/06/2011 - 13:27:56: [admin_amxbans.amxx] Login: "Euforia<496><STEAM_0:0:1235555515><>" became an admin (account "Euforia") (access "at") (address "188.123.245.19")
L 06/06/2011 - 13:27:56: [admin_amxbans.amxx] Login: "Vik<503><STEAM_0:4:18053296><>" became an admin (account "Vik") (access "at") (address "217.19.122.171")
L 06/06/2011 - 13:27:57: [amxbans.amxx] [AMXBANS] AMXBans 5.0 подключен
L 06/06/2011 - 13:28:03: [amxbans.amxx] [Amxbans] Запрос провален!
L 06/06/2011 - 13:28:03: [amxbans.amxx] [Amxbans] Ошибка, адрес: 18
L 06/06/2011 - 13:28:03: [amxbans.amxx] [Amxbans] Сообщение: You have an error in your SQL syntax; check the manual that corresponds to your MySQL server version for the right syntax to use near ''am' at line 1 (1064)
L 06/06/2011 - 13:28:03: [amxbans.amxx] [Amxbans] Статус запроса: 
L 06/06/2011 - 13:29:02: [voteban.amxx] Вотебан запустил Euforia против KPNK 4 $$$ STEAM_0:0:1577031183
L 06/06/2011 - 13:29:17: [voteban.amxx] [AMXX] The vote succeeded: STEAM_0:0:1577031183 is banned for 60 minutes
L 06/06/2011 - 13:29:18: [amxbans.amxx]  Зомби сервер (x_x(O_o)x_x) Go Zombie !!!<0><><> забанил KPNK 4 $$$<STEAM_0:0:1577031183> на 1 час (60 минут). Причина: VIP->Euforia.
L 06/06/2011 - 13:29:22: [admin_amxbans.amxx] Login: "VANDAL<518><STEAM_0:0:31999920><>" became an admin (account "VANDAL") (access "at") (address "91.205.25.41")
L 06/06/2011 - 13:44:13: [admin_amxbans.amxx] Login: "Euforia<530><STEAM_0:0:1235555515><>" became an admin (account "Euforia") (access "at") (address "188.123.245.19")
L 06/06/2011 - 13:45:53: [amxbans.amxx] [Amxbans] Запрос провален!
L 06/06/2011 - 13:45:53: [amxbans.amxx] [Amxbans] Ошибка, адрес: 18
L 06/06/2011 - 13:45:53: [amxbans.amxx] [Amxbans] Сообщение: You have an error in your SQL syntax; check the manual that corresponds to your MySQL server version for the right syntax to use near ''am' at line 1 (1064)
L 06/06/2011 - 13:45:53: [amxbans.amxx] [Amxbans] Статус запроса: 
L 06/06/2011 - 13:48:12: -------- Mapchange to zm_army --------
L 06/06/2011 - 13:48:13: [admin_amxbans.amxx] Login: "~Helena~<483><STEAM_0:4:234934122><>" became an admin (account "~Helena~") (access "at") (address "109.124.93.181")
L 06/06/2011 - 13:48:13: [admin_amxbans.amxx] Login: "Vik<503><STEAM_0:4:18053296><>" became an admin (account "Vik") (access "at") (address "217.19.122.171")
L 06/06/2011 - 13:48:13: [admin_amxbans.amxx] Login: "Euforia<530><STEAM_0:0:1235555515><>" became an admin (account "Euforia") (access "at") (address "188.123.245.19")
L 06/06/2011 - 13:48:13: [admin_amxbans.amxx] Login: "VANDAL<518><STEAM_0:0:31999920><>" became an admin (account "VANDAL") (access "at") (address "91.205.25.41")
L 06/06/2011 - 13:48:14: [amxbans.amxx] [AMXBANS] AMXBans 5.0 подключен
L 06/06/2011 - 13:48:20: [amxbans.amxx] [Amxbans] Запрос провален!
L 06/06/2011 - 13:48:20: [amxbans.amxx] [Amxbans] Ошибка, адрес: 18
L 06/06/2011 - 13:48:20: [amxbans.amxx] [Amxbans] Сообщение: You have an error in your SQL syntax; check the manual that corresponds to your MySQL server version for the right syntax to use near ''am' at line 1 (1064)
L 06/06/2011 - 13:48:20: [amxbans.amxx] [Amxbans] Статус запроса: 
L 06/06/2011 - 14:08:45: [amxbans.amxx] [Amxbans] Запрос провален!
L 06/06/2011 - 14:08:45: [amxbans.amxx] [Amxbans] Ошибка, адрес: 18
L 06/06/2011 - 14:08:45: [amxbans.amxx] [Amxbans] Сообщение: You have an error in your SQL syntax; check the manual that corresponds to your MySQL server version for the right syntax to use near ''' at line 1 (1064)
L 06/06/2011 - 14:08:45: [amxbans.amxx] [Amxbans] Статус запроса: 
L 06/06/2011 - 14:09:20: -------- Mapchange to zm_houses --------
L 06/06/2011 - 14:09:20: [admin_amxbans.amxx] Login: "Euforia<530><STEAM_0:0:1235555515><>" became an admin (account "Euforia") (access "at") (address "188.123.245.19")
L 06/06/2011 - 14:09:21: [amxbans.amxx] [AMXBANS] AMXBans 5.0 подключен
L 06/06/2011 - 14:09:28: [amxbans.amxx] [Amxbans] Запрос провален!
L 06/06/2011 - 14:09:28: [amxbans.amxx] [Amxbans] Ошибка, адрес: 18
L 06/06/2011 - 14:09:28: [amxbans.amxx] [Amxbans] Сообщение: You have an error in your SQL syntax; check the manual that corresponds to your MySQL server version for the right syntax to use near ''' at line 1 (1064)
L 06/06/2011 - 14:09:28: [amxbans.amxx] [Amxbans] Статус запроса: 
L 06/06/2011 - 14:09:28: [amxbans.amxx] [Amxbans] Запрос провален!
L 06/06/2011 - 14:09:28: [amxbans.amxx] [Amxbans] Ошибка, адрес: 18
L 06/06/2011 - 14:09:28: [amxbans.amxx] [Amxbans] Сообщение: You have an error in your SQL syntax; check the manual that corresponds to your MySQL server version for the right syntax to use near ''am' at line 1 (1064)
L 06/06/2011 - 14:09:28: [amxbans.amxx] [Amxbans] Статус запроса: 
L 06/06/2011 - 14:21:40: [admin_amxbans.amxx] Login: "VANDAL<602><STEAM_0:0:31999920><>" became an admin (account "VANDAL") (access "at") (address "91.205.25.41")
L 06/06/2011 - 14:30:00: -------- Mapchange to zm_303 --------
L 06/06/2011 - 14:30:01: [admin_amxbans.amxx] Login: "Euforia<530><STEAM_0:0:1235555515><>" became an admin (account "Euforia") (access "at") (address "188.123.245.19")
L 06/06/2011 - 14:30:01: [admin_amxbans.amxx] Login: "VANDAL<602><STEAM_0:0:31999920><>" became an admin (account "VANDAL") (access "at") (address "91.205.25.41")
L 06/06/2011 - 14:30:01: [amxbans.amxx] [AMXBANS] AMXBans 5.0 подключен
L 06/06/2011 - 14:30:07: [amxbans.amxx] [Amxbans] Запрос провален!
L 06/06/2011 - 14:30:07: [amxbans.amxx] [Amxbans] Ошибка, адрес: 18
L 06/06/2011 - 14:30:07: [amxbans.amxx] [Amxbans] Сообщение: You have an error in your SQL syntax; check the manual that corresponds to your MySQL server version for the right syntax to use near ''am' at line 1 (1064)
L 06/06/2011 - 14:30:07: [amxbans.amxx] [Amxbans] Статус запроса: 
L 06/06/2011 - 14:36:47: [amxbans.amxx] [Amxbans] Запрос провален!
L 06/06/2011 - 14:36:47: [amxbans.amxx] [Amxbans] Ошибка, адрес: 18
L 06/06/2011 - 14:36:47: [amxbans.amxx] [Amxbans] Сообщение: You have an error in your SQL syntax; check the manual that corresponds to your MySQL server version for the right syntax to use near ''am' at line 1 (1064)
L 06/06/2011 - 14:36:47: [amxbans.amxx] [Amxbans] Статус запроса: 
L 06/06/2011 - 14:37:00: [admin_amxbans.amxx] Login: "He6o<616><STEAM_0:4:1372133098><>" became an admin (account "He6o") (access "at") (address "109.207.206.10")
L 06/06/2011 - 14:41:53: [amxbans.amxx] [Amxbans] Запрос провален!
L 06/06/2011 - 14:41:53: [amxbans.amxx] [Amxbans] Ошибка, адрес: 18
L 06/06/2011 - 14:41:53: [amxbans.amxx] [Amxbans] Сообщение: You have an error in your SQL syntax; check the manual that corresponds to your MySQL server version for the right syntax to use near ''am' at line 1 (1064)
L 06/06/2011 - 14:41:53: [amxbans.amxx] [Amxbans] Статус запроса: 
L 06/06/2011 - 15:11:04: -------- Mapchange to zm_xata --------
L 06/06/2011 - 15:11:05: [amxbans.amxx] [AMXBANS] AMXBans 5.0 подключен
L 06/06/2011 - 15:11:09: [amxbans.amxx] [Amxbans] Запрос провален!
L 06/06/2011 - 15:11:09: [amxbans.amxx] [Amxbans] Ошибка, адрес: 18
L 06/06/2011 - 15:11:09: [amxbans.amxx] [Amxbans] Сообщение: You have an error in your SQL syntax; check the manual that corresponds to your MySQL server version for the right syntax to use near ''am' at line 1 (1064)
L 06/06/2011 - 15:11:09: [amxbans.amxx] [Amxbans] Статус запроса: 
L 06/06/2011 - 15:11:56: [admin_amxbans.amxx] Login: "He6o<659><STEAM_0:4:1372133098><>" became an admin (account "He6o") (access "at") (address "109.207.206.10")
L 06/06/2011 - 15:12:03: [admin_amxbans.amxx] Login: "He6o<660><STEAM_0:4:1372133098><>" became an admin (account "He6o") (access "at") (address "109.207.206.10")
L 06/06/2011 - 15:13:06: [amxbans.amxx] [Amxbans] Запрос провален!
L 06/06/2011 - 15:13:06: [amxbans.amxx] [Amxbans] Ошибка, адрес: 18
L 06/06/2011 - 15:13:06: [amxbans.amxx] [Amxbans] Сообщение: You have an error in your SQL syntax; check the manual that corresponds to your MySQL server version for the right syntax to use near ''am' at line 1 (1064)
L 06/06/2011 - 15:13:06: [amxbans.amxx] [Amxbans] Статус запроса: 
L 06/06/2011 - 15:32:13: -------- Mapchange to awp_city --------
L 06/06/2011 - 15:32:15: [admin_amxbans.amxx] Login: "He6o<660><STEAM_0:4:1372133098><>" became an admin (account "He6o") (access "at") (address "109.207.206.10")
L 06/06/2011 - 15:32:16: [amxbans.amxx] [AMXBANS] AMXBans 5.0 подключен
L 06/06/2011 - 15:32:19: [admin_amxbans.amxx] Login: "He6o<691><STEAM_0:4:1372133098><>" became an admin (account "He6o") (access "at") (address "109.207.206.10")
L 06/06/2011 - 15:32:22: [amxbans.amxx] [Amxbans] Запрос провален!
L 06/06/2011 - 15:32:22: [amxbans.amxx] [Amxbans] Ошибка, адрес: 18
L 06/06/2011 - 15:32:22: [amxbans.amxx] [Amxbans] Сообщение: You have an error in your SQL syntax; check the manual that corresponds to your MySQL server version for the right syntax to use near ''am' at line 1 (1064)
L 06/06/2011 - 15:32:22: [amxbans.amxx] [Amxbans] Статус запроса: 
L 06/06/2011 - 15:54:51: -------- Mapchange to zm_dust_brick_b1 --------
L 06/06/2011 - 15:54:52: [amxbans.amxx] [AMXBANS] AMXBans 5.0 подключен
L 06/06/2011 - 15:54:57: [amxbans.amxx] [Amxbans] Запрос провален!
L 06/06/2011 - 15:54:57: [amxbans.amxx] [Amxbans] Ошибка, адрес: 18
L 06/06/2011 - 15:54:57: [amxbans.amxx] [Amxbans] Сообщение: You have an error in your SQL syntax; check the manual that corresponds to your MySQL server version for the right syntax to use near ''am' at line 1 (1064)
L 06/06/2011 - 15:54:57: [amxbans.amxx] [Amxbans] Статус запроса: 
L 06/06/2011 - 15:55:18: [admin_amxbans.amxx] Login: "He6o<721><STEAM_0:4:1372133098><>" became an admin (account "He6o") (access "at") (address "109.207.206.10")
L 06/06/2011 - 15:55:57: [admin_amxbans.amxx] Login: "He6o<729><STEAM_0:4:1372133098><>" became an admin (account "He6o") (access "at") (address "109.207.206.10")
L 06/06/2011 - 15:58:56: [amxbans.amxx] [Amxbans] Запрос провален!
L 06/06/2011 - 15:58:56: [amxbans.amxx] [Amxbans] Ошибка, адрес: 18
L 06/06/2011 - 15:58:56: [amxbans.amxx] [Amxbans] Сообщение: You have an error in your SQL syntax; check the manual that corresponds to your MySQL server version for the right syntax to use near ''am' at line 1 (1064)
L 06/06/2011 - 15:58:56: [amxbans.amxx] [Amxbans] Статус запроса: 
L 06/06/2011 - 16:04:12: [amxbans.amxx] [Amxbans] Запрос провален!
L 06/06/2011 - 16:04:12: [amxbans.amxx] [Amxbans] Ошибка, адрес: 18
L 06/06/2011 - 16:04:12: [amxbans.amxx] [Amxbans] Сообщение: You have an error in your SQL syntax; check the manual that corresponds to your MySQL server version for the right syntax to use near '' at line 1 (1064)
L 06/06/2011 - 16:04:12: [amxbans.amxx] [Amxbans] Статус запроса: 
L 06/06/2011 - 16:15:42: -------- Mapchange to zm_assault_attack --------
L 06/06/2011 - 16:15:43: [amxbans.amxx] [AMXBANS] AMXBans 5.0 подключен
L 06/06/2011 - 16:15:48: [amxbans.amxx] [Amxbans] Запрос провален!
L 06/06/2011 - 16:15:48: [amxbans.amxx] [Amxbans] Ошибка, адрес: 18
L 06/06/2011 - 16:15:48: [amxbans.amxx] [Amxbans] Сообщение: You have an error in your SQL syntax; check the manual that corresponds to your MySQL server version for the right syntax to use near '' at line 1 (1064)
L 06/06/2011 - 16:15:48: [amxbans.amxx] [Amxbans] Статус запроса: 
L 06/06/2011 - 16:15:49: [amxbans.amxx] [Amxbans] Запрос провален!
L 06/06/2011 - 16:15:49: [amxbans.amxx] [Amxbans] Ошибка, адрес: 18
L 06/06/2011 - 16:15:49: [amxbans.amxx] [Amxbans] Сообщение: You have an error in your SQL syntax; check the manual that corresponds to your MySQL server version for the right syntax to use near ''am' at line 1 (1064)
L 06/06/2011 - 16:15:49: [amxbans.amxx] [Amxbans] Статус запроса: 
L 06/06/2011 - 16:20:48: [amxbans.amxx] [Amxbans] Запрос провален!
L 06/06/2011 - 16:20:48: [amxbans.amxx] [Amxbans] Ошибка, адрес: 18
L 06/06/2011 - 16:20:48: [amxbans.amxx] [Amxbans] Сообщение: You have an error in your SQL syntax; check the manual that corresponds to your MySQL server version for the right syntax to use near ''amxban' at line 1 (1064)
L 06/06/2011 - 16:20:48: [amxbans.amxx] [Amxbans] Статус запроса: 
L 06/06/2011 - 16:32:18: [amxbans.amxx] [Amxbans] Запрос провален!
L 06/06/2011 - 16:32:18: [amxbans.amxx] [Amxbans] Ошибка, адрес: 18
L 06/06/2011 - 16:32:18: [amxbans.amxx] [Amxbans] Сообщение: You have an error in your SQL syntax; check the manual that corresponds to your MySQL server version for the right syntax to use near ''Bantime expire' at line 1 (1064)
L 06/06/2011 - 16:32:18: [amxbans.amxx] [Amxbans] Статус запроса: 
L 06/06/2011 - 16:34:00: [admin_amxbans.amxx] Login: "He6o<797><STEAM_0:4:1372133098><>" became an admin (account "He6o") (access "at") (address "109.207.206.10")
L 06/06/2011 - 16:34:05: [admin_amxbans.amxx] Login: "He6o<798><STEAM_0:4:1372133098><>" became an admin (account "He6o") (access "at") (address "109.207.206.10")
L 06/06/2011 - 16:37:53: -------- Mapchange to 016_rmk --------
L 06/06/2011 - 16:37:54: [admin_amxbans.amxx] Login: "He6o<798><STEAM_0:4:1372133098><>" became an admin (account "He6o") (access "at") (address "109.207.206.10")
L 06/06/2011 - 16:37:55: [amxbans.amxx] [AMXBANS] AMXBans 5.0 подключен
L 06/06/2011 - 16:38:00: [admin_amxbans.amxx] Login: "He6o<802><STEAM_0:4:1372133098><>" became an admin (account "He6o") (access "at") (address "109.207.206.10")
L 06/06/2011 - 16:38:01: [amxbans.amxx] [Amxbans] Запрос провален!
L 06/06/2011 - 16:38:01: [amxbans.amxx] [Amxbans] Ошибка, адрес: 18
L 06/06/2011 - 16:38:01: [amxbans.amxx] [Amxbans] Сообщение: You have an error in your SQL syntax; check the manual that corresponds to your MySQL server version for the right syntax to use near '' at line 1 (1064)
L 06/06/2011 - 16:38:01: [amxbans.amxx] [Amxbans] Статус запроса: 
L 06/06/2011 - 16:38:01: [amxbans.amxx] [Amxbans] Запрос провален!
L 06/06/2011 - 16:38:01: [amxbans.amxx] [Amxbans] Ошибка, адрес: 18
L 06/06/2011 - 16:38:01: [amxbans.amxx] [Amxbans] Сообщение: You have an error in your SQL syntax; check the manual that corresponds to your MySQL server version for the right syntax to use near ''amxban' at line 1 (1064)
L 06/06/2011 - 16:38:01: [amxbans.amxx] [Amxbans] Статус запроса: 
L 06/06/2011 - 16:38:02: [amxbans.amxx] [Amxbans] Запрос провален!
L 06/06/2011 - 16:38:02: [amxbans.amxx] [Amxbans] Ошибка, адрес: 18
L 06/06/2011 - 16:38:02: [amxbans.amxx] [Amxbans] Сообщение: You have an error in your SQL syntax; check the manual that corresponds to your MySQL server version for the right syntax to use near '' at line 1 (1064)
L 06/06/2011 - 16:38:02: [amxbans.amxx] [Amxbans] Статус запроса: 
L 06/06/2011 - 16:38:02: [amxbans.amxx] [Amxbans] Запрос провален!
L 06/06/2011 - 16:38:02: [amxbans.amxx] [Amxbans] Ошибка, адрес: 18
L 06/06/2011 - 16:38:02: [amxbans.amxx] [Amxbans] Сообщение: You have an error in your SQL syntax; check the manual that corresponds to your MySQL server version for the right syntax to use near ''am' at line 1 (1064)
L 06/06/2011 - 16:38:02: [amxbans.amxx] [Amxbans] Статус запроса: 
L 06/06/2011 - 16:40:59: [admin_amxbans.amxx] Login: "Euforia<808><STEAM_0:0:1235555515><>" became an admin (account "Euforia") (access "at") (address "188.123.245.19")
L 06/06/2011 - 16:44:34: [voteban.amxx] Вотебан запустил He6o против *Iv@men* STEAM_0:0:1967808077
L 06/06/2011 - 16:44:49: [voteban.amxx] [AMXX] The vote succeeded: STEAM_0:0:1967808077 is banned for 60 minutes
L 06/06/2011 - 16:44:50: [amxbans.amxx]  Зомби сервер (x_x(O_o)x_x) Go Zombie !!!<0><><> забанил *Iv@men*<STEAM_0:0:1967808077> на 1 час (60 минут). Причина: VIP->He6o.
L 06/06/2011 - 16:48:34: [admin_amxbans.amxx] Login: "9I<812><STEAM_0:4:446327478><>" became an admin (account "212.55.104.156") (access "abcdefgijmnopqrtu") (address "212.55.104.156")
L 06/06/2011 - 16:58:28: -------- Mapchange to de_dust --------
L 06/06/2011 - 16:58:30: [admin_amxbans.amxx] Login: "9I<812><STEAM_0:4:446327478><>" became an admin (account "212.55.104.156") (access "abcdefgijmnopqrtu") (address "212.55.104.156")
L 06/06/2011 - 16:58:31: [amxbans.amxx] [AMXBANS] AMXBans 5.0 подключен
L 06/06/2011 - 16:58:38: [amxbans.amxx] [Amxbans] Запрос провален!
L 06/06/2011 - 16:58:38: [amxbans.amxx] [Amxbans] Ошибка, адрес: 18
L 06/06/2011 - 16:58:38: [amxbans.amxx] [Amxbans] Сообщение: You have an error in your SQL syntax; check the manual that corresponds to your MySQL server version for the right syntax to use near ''am' at line 1 (1064)
L 06/06/2011 - 16:58:38: [amxbans.amxx] [Amxbans] Статус запроса: 
L 06/06/2011 - 17:01:02: [amxbans.amxx] 9I<812><STEAM_0:4:446327478><SPECTATOR> забанил kak geJIa?<STEAM_0:4:462014331> на 1 час (60 минут). Причина: Mat.
L 06/06/2011 - 17:02:07: [amxbans.amxx] [Amxbans] Запрос провален!
L 06/06/2011 - 17:02:07: [amxbans.amxx] [Amxbans] Ошибка, адрес: 18
L 06/06/2011 - 17:02:07: [amxbans.amxx] [Amxbans] Сообщение: You have an error in your SQL syntax; check the manual that corresponds to your MySQL server version for the right syntax to use near ''amxban' at line 1 (1064)
L 06/06/2011 - 17:02:07: [amxbans.amxx] [Amxbans] Статус запроса: 
L 06/06/2011 - 17:09:21: [admin_amxbans.amxx] Login: "TECH<828><STEAM_0:4:446327478><>" became an admin (account "212.55.104.156") (access "abcdefgijmnopqrtu") (address "212.55.104.156")
L 06/06/2011 - 17:20:49: [admin_amxbans.amxx] Login: "Euforia<834><STEAM_0:0:1235555515><>" became an admin (account "Euforia") (access "at") (address "188.123.245.19")
L 06/06/2011 - 17:21:20: -------- Mapchange to zm_assault_snow --------
L 06/06/2011 - 17:21:22: [admin_amxbans.amxx] Login: "Euforia<834><STEAM_0:0:1235555515><>" became an admin (account "Euforia") (access "at") (address "188.123.245.19")
L 06/06/2011 - 17:21:23: [admin_amxbans.amxx] Login: "TECH<828><STEAM_0:4:446327478><>" became an admin (account "212.55.104.156") (access "abcdefgijmnopqrtu") (address "212.55.104.156")
L 06/06/2011 - 17:21:23: [amxbans.amxx] [AMXBANS] AMXBans 5.0 подключен
L 06/06/2011 - 17:22:17: [admin_amxbans.amxx] Login: "TECH<839><STEAM_0:4:446327478><>" became an admin (account "212.55.104.156") (access "abcdefgijmnopqrtu") (address "212.55.104.156")
L 06/06/2011 - 17:22:28: [amxbans.amxx] [Amxbans] Запрос провален!
L 06/06/2011 - 17:22:28: [amxbans.amxx] [Amxbans] Ошибка, адрес: 18
L 06/06/2011 - 17:22:28: [amxbans.amxx] [Amxbans] Сообщение: You have an error in your SQL syntax; check the manual that corresponds to your MySQL server version for the right syntax to use near '' at line 1 (1064)
L 06/06/2011 - 17:22:28: [amxbans.amxx] [Amxbans] Статус запроса: 
L 06/06/2011 - 17:26:06: [amxbans.amxx] [Amxbans] Запрос провален!
L 06/06/2011 - 17:26:06: [amxbans.amxx] [Amxbans] Ошибка, адрес: 18
L 06/06/2011 - 17:26:06: [amxbans.amxx] [Amxbans] Сообщение: You have an error in your SQL syntax; check the manual that corresponds to your MySQL server version for the right syntax to use near '' at line 1 (1064)
L 06/06/2011 - 17:26:06: [amxbans.amxx] [Amxbans] Статус запроса: 
L 06/06/2011 - 17:37:26: [admin_amxbans.amxx] Login: "AviorA<856><STEAM_0:4:446327478><>" became an admin (account "212.55.104.156") (access "abcdefgijmnopqrtu") (address "212.55.104.156")
L 06/06/2011 - 17:43:21: -------- Mapchange to cs_italy --------
L 06/06/2011 - 17:43:25: [admin_amxbans.amxx] Login: "AviorA<856><STEAM_0:4:446327478><>" became an admin (account "212.55.104.156") (access "abcdefgijmnopqrtu") (address "212.55.104.156")
L 06/06/2011 - 17:43:25: [amxbans.amxx] [AMXBANS] AMXBans 5.0 подключен
L 06/06/2011 - 17:44:29: [admin_amxbans.amxx] Login: "Dumka<867><STEAM_0:0:1236438227><>" became an admin (account "172.23.65.13") (access "abcdefghijklmnopqrsu") (address "172.23.65.13")
L 06/06/2011 - 17:46:09: [plmenu.amxx] Cmd: "Dumka<867><STEAM_0:0:1236438227><>" slay "4fun<833><STEAM_0:4:1271353335><>"
L 06/06/2011 - 18:05:00: -------- Mapchange to zm_303 --------
L 06/06/2011 - 18:05:01: [admin_amxbans.amxx] Login: "AviorA<856><STEAM_0:4:446327478><>" became an admin (account "212.55.104.156") (access "abcdefgijmnopqrtu") (address "212.55.104.156")
L 06/06/2011 - 18:05:01: [amxbans.amxx] [AMXBANS] AMXBans 5.0 подключен
L 06/06/2011 - 18:06:16: [adminchat.amxx] Chat: "dhdtuy<875><STEAM_0:4:446214001><>" chat " use f11"
L 06/06/2011 - 18:07:37: [amxbans.amxx] [Amxbans] Запрос провален!
L 06/06/2011 - 18:07:37: [amxbans.amxx] [Amxbans] Ошибка, адрес: 18
L 06/06/2011 - 18:07:37: [amxbans.amxx] [Amxbans] Сообщение: You have an error in your SQL syntax; check the manual that corresponds to your MySQL server version for the right syntax to use near '' at line 1 (1064)
L 06/06/2011 - 18:07:37: [amxbans.amxx] [Amxbans] Статус запроса: 
L 06/06/2011 - 18:11:10: [admin_amxbans.amxx] Login: "Lenusjka<905><STEAM_0:4:1429483121><>" became an admin (account "Lenusjka") (access "at") (address "91.190.52.3")
L 06/06/2011 - 18:11:42: [admin_amxbans.amxx] Login: "Lenusjka<932><STEAM_0:4:1429483121><>" became an admin (account "Lenusjka") (access "at") (address "91.190.52.3")
L 06/06/2011 - 18:11:55: [admin_amxbans.amxx] Login: "Lenusjka<940><STEAM_0:4:1429483121><>" became an admin (account "Lenusjka") (access "at") (address "91.190.52.3")
L 06/06/2011 - 18:14:34: [admin_amxbans.amxx] Login: "[o_VIP_o]                (^_^)V<856><STEAM_0:4:446327478><>" became an admin (account "212.55.104.156") (access "abcdefgijmnopqrtu") (address "212.55.104.156")
L 06/06/2011 - 18:25:51: -------- Mapchange to zm_dust_base_fin --------
L 06/06/2011 - 18:25:53: [admin_amxbans.amxx] Login: "Lenusjka<940><STEAM_0:4:1429483121><>" became an admin (account "Lenusjka") (access "at") (address "91.190.52.3")
L 06/06/2011 - 18:25:53: [amxbans.amxx] [AMXBANS] AMXBans 5.0 подключен
L 06/06/2011 - 18:26:17: [admin_amxbans.amxx] Login: "[o_VIP_o]                (^_^)V<960><STEAM_0:4:446327478><>" became an admin (account "212.55.104.156") (access "abcdefgijmnopqrtu") (address "212.55.104.156")
L 06/06/2011 - 18:28:49: [adminvote.amxx] Vote: "[o_VIP_o]                (^_^)V<960><STEAM_0:4:446327478><>" vote custom (question "ga?") (option#1 "ga") (option#2 "ga")
L 06/06/2011 - 18:29:02: [adminvote.amxx] Vote: Voting successful (got "7") (needed "1") (result "ga? - ga")
L 06/06/2011 - 18:46:57: -------- Mapchange to awp_city --------
L 06/06/2011 - 18:47:00: [amxbans.amxx] [AMXBANS] AMXBans 5.0 подключен
L 06/06/2011 - 19:07:19: -------- Mapchange to cs_militia --------
L 06/06/2011 - 19:07:29: [amxbans.amxx] [AMXBANS] AMXBans 5.0 подключен
L 06/06/2011 - 19:07:33: [amxbans.amxx] [Amxbans] Запрос провален!
L 06/06/2011 - 19:07:33: [amxbans.amxx] [Amxbans] Ошибка, адрес: 18
L 06/06/2011 - 19:07:33: [amxbans.amxx] [Amxbans] Сообщение: You have an error in your SQL syntax; check the manual that corresponds to your MySQL server version for the right syntax to use near '' at line 1 (1064)
L 06/06/2011 - 19:07:33: [amxbans.amxx] [Amxbans] Статус запроса: 
L 06/06/2011 - 19:13:10: [amxbans.amxx] [Amxbans] Запрос провален!
L 06/06/2011 - 19:13:10: [amxbans.amxx] [Amxbans] Ошибка, адрес: 18
L 06/06/2011 - 19:13:10: [amxbans.amxx] [Amxbans] Сообщение: You have an error in your SQL syntax; check the manual that corresponds to your MySQL server version for the right syntax to use near ''amxban' at line 1 (1064)
L 06/06/2011 - 19:13:10: [amxbans.amxx] [Amxbans] Статус запроса: 
L 06/06/2011 - 19:17:20: [admin_amxbans.amxx] Login: ".::T9o::.<996><STEAM_0:0:1836044300><>" became an admin (account ".::T9o::.") (access "abcdefgijmnopqtu") (address "78.37.212.212")
L 06/06/2011 - 19:18:27: [amxbans.amxx] [Amxbans] Запрос провален!
L 06/06/2011 - 19:18:27: [amxbans.amxx] [Amxbans] Ошибка, адрес: 18
L 06/06/2011 - 19:18:27: [amxbans.amxx] [Amxbans] Сообщение: You have an error in your SQL syntax; check the manual that corresponds to your MySQL server version for the right syntax to use near ''amxban' at line 1 (1064)
L 06/06/2011 - 19:18:27: [amxbans.amxx] [Amxbans] Статус запроса: 
L 06/06/2011 - 19:22:20: [plmenu.amxx] Kick: ".::T9o::.<996><STEAM_0:0:1836044300><>" kick "FCZ<811><STEAM_0:0:1842394558><>"
L 06/06/2011 - 19:27:51: -------- Mapchange to zm_neris --------
L 06/06/2011 - 19:27:52: [admin_amxbans.amxx] Login: ".::T9o::.<996><STEAM_0:0:1836044300><>" became an admin (account ".::T9o::.") (access "abcdefgijmnopqtu") (address "78.37.212.212")
L 06/06/2011 - 19:27:53: [amxbans.amxx] [AMXBANS] AMXBans 5.0 подключен
L 06/06/2011 - 19:27:57: [amxbans.amxx] [Amxbans] Запрос провален!
L 06/06/2011 - 19:27:57: [amxbans.amxx] [Amxbans] Ошибка, адрес: 18
L 06/06/2011 - 19:27:57: [amxbans.amxx] [Amxbans] Сообщение: You have an error in your SQL syntax; check the manual that corresponds to your MySQL server version for the right syntax to use near ''amxban' at line 1 (1064)
L 06/06/2011 - 19:27:57: [amxbans.amxx] [Amxbans] Статус запроса: 
L 06/06/2011 - 19:35:04: [plmenu.amxx] Kick: ".::T9o::.<996><STEAM_0:0:1836044300><>" kick "ou' cykaaaAx xD<1019><STEAM_0:0:1902619598><>"
L 06/06/2011 - 19:39:05: [amxbans.amxx] [Amxbans] Запрос провален!
L 06/06/2011 - 19:39:05: [amxbans.amxx] [Amxbans] Ошибка, адрес: 18
L 06/06/2011 - 19:39:05: [amxbans.amxx] [Amxbans] Сообщение: You have an error in your SQL syntax; check the manual that corresponds to your MySQL server version for the right syntax to use near ''amxban' at line 1 (1064)
L 06/06/2011 - 19:39:05: [amxbans.amxx] [Amxbans] Статус запроса: 
L 06/06/2011 - 19:42:22: [plmenu.amxx] Kick: ".::T9o::.<996><STEAM_0:0:1836044300><>" kick "VOR V ZAKONE<1011><STEAM_0:0:610967542><>"
L 06/06/2011 - 19:45:11: [amxbans.amxx] .::T9o::.<996><STEAM_0:0:1836044300><CT> забанил 40okg<STEAM_0:0:298165357> на 1 день (1440 минут). Причина: 4uT.
L 06/06/2011 - 19:46:12: [admin_amxbans.amxx] Login: "Ipse [Str,RUS]<1032><STEAM_0:4:33965555><>" became an admin (account "Ipse [Str,RUS]") (access "at") (address "95.105.80.173")
L 06/06/2011 - 19:49:06: -------- Mapchange to zm_202 --------
L 06/06/2011 - 19:49:07: [admin_amxbans.amxx] Login: ".::T9o::.<996><STEAM_0:0:1836044300><>" became an admin (account ".::T9o::.") (access "abcdefgijmnopqtu") (address "78.37.212.212")
L 06/06/2011 - 19:49:07: [admin_amxbans.amxx] Login: "Ipse [Str,RUS]<1032><STEAM_0:4:33965555><>" became an admin (account "Ipse [Str,RUS]") (access "at") (address "95.105.80.173")
L 06/06/2011 - 19:49:08: [amxbans.amxx] [AMXBANS] AMXBans 5.0 подключен
L 06/06/2011 - 19:49:12: [amxbans.amxx] [Amxbans] Запрос провален!
L 06/06/2011 - 19:49:12: [amxbans.amxx] [Amxbans] Ошибка, адрес: 18
L 06/06/2011 - 19:49:12: [amxbans.amxx] [Amxbans] Сообщение: You have an error in your SQL syntax; check the manual that corresponds to your MySQL server version for the right syntax to use near ''amxban' at line 1 (1064)
L 06/06/2011 - 19:49:12: [amxbans.amxx] [Amxbans] Статус запроса: 
L 06/06/2011 - 19:58:50: [admin_amxbans.amxx] Login: "GDfresh<1061><STEAM_0:4:934684650><>" became an admin (account "GDfresh") (access "at") (address "109.173.48.198")
L 06/06/2011 - 20:02:07: [plmenu.amxx] Cmd: ".::T9o::.<996><STEAM_0:0:1836044300><>" transfer ".::T9o::.<996><STEAM_0:0:1836044300><>" (team "TERRORIST")
L 06/06/2011 - 20:07:39: [amxbans.amxx] .::T9o::.<996><STEAM_0:0:1836044300><CT> забанил H-Kamck /|exa<STEAM_0:0:1897700806> на 1 час (60 минут). Причина: Spam.
L 06/06/2011 - 20:09:46: -------- Mapchange to zm_desolation_house --------
L 06/06/2011 - 20:09:47: [admin_amxbans.amxx] Login: ".::T9o::.<996><STEAM_0:0:1836044300><>" became an admin (account ".::T9o::.") (access "abcdefgijmnopqtu") (address "78.37.212.212")
L 06/06/2011 - 20:09:47: [admin_amxbans.amxx] Login: "Ipse [Str,RUS]<1032><STEAM_0:4:33965555><>" became an admin (account "Ipse [Str,RUS]") (access "at") (address "95.105.80.173")
L 06/06/2011 - 20:09:47: [admin_amxbans.amxx] Login: "GDfresh<1061><STEAM_0:4:934684650><>" became an admin (account "GDfresh") (access "at") (address "109.173.48.198")
L 06/06/2011 - 20:09:48: [amxbans.amxx] [AMXBANS] AMXBans 5.0 подключен
L 06/06/2011 - 20:11:08: [plmenu.amxx] Kick: ".::T9o::.<996><STEAM_0:0:1836044300><>" kick "TOHbI4_43RUS<1052><STEAM_0:4:1666451955><>"
L 06/06/2011 - 20:12:49: [voteban.amxx] Вотебан запустил Ipse [Str,RUS] против Ak-47$Tolya$M3 STEAM_0:0:363857343
L 06/06/2011 - 20:13:04: [voteban.amxx] [AMXX] The vote succeeded: STEAM_0:0:363857343 is banned for 60 minutes
L 06/06/2011 - 20:15:52: [plmenu.amxx] Cmd: ".::T9o::.<996><STEAM_0:0:1836044300><>" transfer ".::T9o::.<996><STEAM_0:0:1836044300><>" (team "TERRORIST")
L 06/06/2011 - 20:24:37: [plmenu.amxx] Cmd: ".::T9o::.<996><STEAM_0:0:1836044300><>" transfer ".::T9o::.<996><STEAM_0:0:1836044300><>" (team "TERRORIST")
L 06/06/2011 - 20:28:17: [admin_amxbans.amxx] Login: "VANDAL<1100><STEAM_0:0:31999920><>" became an admin (account "VANDAL") (access "at") (address "91.205.25.41")
L 06/06/2011 - 20:30:21: -------- Mapchange to 016_rmk --------
L 06/06/2011 - 20:30:22: [admin_amxbans.amxx] Login: ".::T9o::.<996><STEAM_0:0:1836044300><>" became an admin (account ".::T9o::.") (access "abcdefgijmnopqtu") (address "78.37.212.212")
L 06/06/2011 - 20:30:22: [admin_amxbans.amxx] Login: "Ipse [Str,RUS]<1032><STEAM_0:4:33965555><>" became an admin (account "Ipse [Str,RUS]") (access "at") (address "95.105.80.173")
L 06/06/2011 - 20:30:22: [admin_amxbans.amxx] Login: "VANDAL<1100><STEAM_0:0:31999920><>" became an admin (account "VANDAL") (access "at") (address "91.205.25.41")
L 06/06/2011 - 20:30:23: [amxbans.amxx] [AMXBANS] AMXBans 5.0 подключен
L 06/06/2011 - 20:31:35: [admin_amxbans.amxx] Login: "GDfresh<1109><STEAM_0:4:934684650><>" became an admin (account "GDfresh") (access "at") (address "109.173.48.198")
L 06/06/2011 - 20:47:35: [admin_amxbans.amxx] Login: "VANDAL<1118><STEAM_0:0:31999920><>" became an admin (account "VANDAL") (access "at") (address "91.205.25.41")
L 06/06/2011 - 20:51:24: [admin_amxbans.amxx] Login: "He6o<1126><STEAM_0:4:1214550897><>" became an admin (account "He6o") (access "at") (address "91.196.149.57")
L 06/06/2011 - 20:52:12: -------- Mapchange to cs_italy --------
L 06/06/2011 - 20:52:14: [admin_amxbans.amxx] Login: "Ipse [Str,RUS]<1032><STEAM_0:4:33965555><>" became an admin (account "Ipse [Str,RUS]") (access "at") (address "95.105.80.173")
L 06/06/2011 - 20:52:14: [admin_amxbans.amxx] Login: "VANDAL<1118><STEAM_0:0:31999920><>" became an admin (account "VANDAL") (access "at") (address "91.205.25.41")
L 06/06/2011 - 20:52:15: [admin_amxbans.amxx] Login: ".::T9o::.<996><STEAM_0:0:1836044300><>" became an admin (account ".::T9o::.") (access "abcdefgijmnopqtu") (address "78.37.212.212")
L 06/06/2011 - 20:52:15: [admin_amxbans.amxx] Login: "He6o<1126><STEAM_0:4:1214550897><>" became an admin (account "He6o") (access "at") (address "91.196.149.57")
L 06/06/2011 - 20:52:15: [amxbans.amxx] [AMXBANS] AMXBans 5.0 подключен
L 06/06/2011 - 20:52:16: [admin_amxbans.amxx] Login: "He6o<1126><STEAM_0:4:1214550897><>" became an admin (account "He6o") (access "at") (address "91.196.149.57")
L 06/06/2011 - 20:52:17: [admin_amxbans.amxx] Login: "He6o<1132><STEAM_0:4:1214550897><>" became an admin (account "He6o") (access "at") (address "91.196.149.57")
L 06/06/2011 - 20:52:43: [admin_amxbans.amxx] Login: "He6o<1134><STEAM_0:4:1214550897><>" became an admin (account "He6o") (access "at") (address "91.196.149.57")
L 06/06/2011 - 20:53:12: [admin_amxbans.amxx] Login: "He6o<1135><STEAM_0:4:1214550897><>" became an admin (account "He6o") (access "at") (address "91.196.149.57")
L 06/06/2011 - 21:01:38: [admin_amxbans.amxx] Login: "Euforia<1152><STEAM_0:0:1235555515><>" became an admin (account "Euforia") (access "at") (address "188.123.245.19")
L 06/06/2011 - 21:01:40: [admin_amxbans.amxx] Login: "Euforia<1153><STEAM_0:0:1235555515><>" became an admin (account "Euforia") (access "at") (address "188.123.245.19")
L 06/06/2011 - 21:03:05: [admin_amxbans.amxx] Login: "~Helena~<1160><STEAM_0:4:1333841770><>" became an admin (account "~Helena~") (access "at") (address "109.124.93.54")
L 06/06/2011 - 21:06:54: [amxbans.amxx] .::T9o::.<996><STEAM_0:0:1836044300><SPECTATOR> забанил -reval-c@dykov-<STEAM_0:0:554463066> на 1 час (60 минут). Причина: Spam.
L 06/06/2011 - 21:13:00: [admin_amxbans.amxx] Login: "vk<1165><STEAM_0:4:307173098><>" became an admin (account "vk") (access "at") (address "109.207.194.141")
L 06/06/2011 - 21:14:16: -------- Mapchange to zm_assault_attack --------
L 06/06/2011 - 21:14:17: [admin_amxbans.amxx] Login: "Euforia<1153><STEAM_0:0:1235555515><>" became an admin (account "Euforia") (access "at") (address "188.123.245.19")
L 06/06/2011 - 21:14:17: [admin_amxbans.amxx] Login: "~Helena~<1160><STEAM_0:4:1333841770><>" became an admin (account "~Helena~") (access "at") (address "109.124.93.54")
L 06/06/2011 - 21:14:17: [admin_amxbans.amxx] Login: "vk<1165><STEAM_0:4:307173098><>" became an admin (account "vk") (access "at") (address "109.207.194.141")
L 06/06/2011 - 21:14:17: [admin_amxbans.amxx] Login: "VANDAL<1118><STEAM_0:0:31999920><>" became an admin (account "VANDAL") (access "at") (address "91.205.25.41")
L 06/06/2011 - 21:14:17: [admin_amxbans.amxx] Login: "He6o<1135><STEAM_0:4:1214550897><>" became an admin (account "He6o") (access "at") (address "91.196.149.57")
L 06/06/2011 - 21:14:17: [admin_amxbans.amxx] Login: ".::T9o::.<996><STEAM_0:0:1836044300><>" became an admin (account ".::T9o::.") (access "abcdefgijmnopqtu") (address "78.37.212.212")
L 06/06/2011 - 21:14:18: [amxbans.amxx] [AMXBANS] AMXBans 5.0 подключен
L 06/06/2011 - 21:14:28: [admin_amxbans.amxx] Login: "He6o<1170><STEAM_0:4:1214550897><>" became an admin (account "He6o") (access "at") (address "91.196.149.57")
L 06/06/2011 - 21:14:29: [admin_amxbans.amxx] Login: "vk<1171><STEAM_0:4:307173098><>" became an admin (account "vk") (access "at") (address "109.207.194.141")
L 06/06/2011 - 21:14:42: [admin_amxbans.amxx] Login: "~Helena~<1173><STEAM_0:4:1333841770><>" became an admin (account "~Helena~") (access "at") (address "109.124.93.54")
L 06/06/2011 - 21:16:34: [plmenu.amxx] Cmd: ".::T9o::.<996><STEAM_0:0:1836044300><>" transfer ".::T9o::.<996><STEAM_0:0:1836044300><>" (team "CT")
L 06/06/2011 - 21:18:48: [admin_amxbans.amxx] Login: "VANDAL<1180><STEAM_0:0:31999920><>" became an admin (account "VANDAL") (access "at") (address "91.205.25.41")
L 06/06/2011 - 21:19:38: [admin_amxbans.amxx] Login: "Vik<1182><STEAM_0:4:566940394><>" became an admin (account "Vik") (access "at") (address "109.71.201.234")
L 06/06/2011 - 21:20:53: [adminchat.amxx] Chat: ".::T9o::.<996><STEAM_0:0:1836044300><>" tsay "AXAXAX"
L 06/06/2011 - 21:22:54: [admincmd.amxx] Cmd: ".::T9o::.<996><STEAM_0:0:1836044300><>" changelevel "de_nuke"
L 06/06/2011 - 21:22:57: -------- Mapchange to de_nuke --------
L 06/06/2011 - 21:23:00: [admin_amxbans.amxx] Login: ".::T9o::.<996><STEAM_0:0:1836044300><>" became an admin (account ".::T9o::.") (access "abcdefgijmnopqtu") (address "78.37.212.212")
L 06/06/2011 - 21:23:00: [admin_amxbans.amxx] Login: "~Helena~<1173><STEAM_0:4:1333841770><>" became an admin (account "~Helena~") (access "at") (address "109.124.93.54")
L 06/06/2011 - 21:23:00: [admin_amxbans.amxx] Login: "vk<1171><STEAM_0:4:307173098><>" became an admin (account "vk") (access "at") (address "109.207.194.141")
L 06/06/2011 - 21:23:00: [admin_amxbans.amxx] Login: "Vik<1182><STEAM_0:4:566940394><>" became an admin (account "Vik") (access "at") (address "109.71.201.234")
L 06/06/2011 - 21:23:00: [admin_amxbans.amxx] Login: "Euforia<1153><STEAM_0:0:1235555515><>" became an admin (account "Euforia") (access "at") (address "188.123.245.19")
L 06/06/2011 - 21:23:00: [admin_amxbans.amxx] Login: "VANDAL<1180><STEAM_0:0:31999920><>" became an admin (account "VANDAL") (access "at") (address "91.205.25.41")
L 06/06/2011 - 21:23:00: [admin_amxbans.amxx] Login: "He6o<1170><STEAM_0:4:1214550897><>" became an admin (account "He6o") (access "at") (address "91.196.149.57")
L 06/06/2011 - 21:23:01: [amxbans.amxx] [AMXBANS] AMXBans 5.0 подключен
L 06/06/2011 - 21:26:19: [plmenu.amxx] Cmd: ".::T9o::.<996><STEAM_0:0:1836044300><>" slap with 0 damage "vitalaz<1169><STEAM_0:0:1565349314><>"
L 06/06/2011 - 21:26:19: [plmenu.amxx] Cmd: ".::T9o::.<996><STEAM_0:0:1836044300><>" slap with 0 damage "vitalaz<1169><STEAM_0:0:1565349314><>"
L 06/06/2011 - 21:26:19: [plmenu.amxx] Cmd: ".::T9o::.<996><STEAM_0:0:1836044300><>" slap with 0 damage "vitalaz<1169><STEAM_0:0:1565349314><>"
L 06/06/2011 - 21:26:20: [plmenu.amxx] Cmd: ".::T9o::.<996><STEAM_0:0:1836044300><>" slap with 0 damage "vitalaz<1169><STEAM_0:0:1565349314><>"
L 06/06/2011 - 21:26:20: [plmenu.amxx] Cmd: ".::T9o::.<996><STEAM_0:0:1836044300><>" slap with 0 damage "vitalaz<1169><STEAM_0:0:1565349314><>"
L 06/06/2011 - 21:26:20: [plmenu.amxx] Cmd: ".::T9o::.<996><STEAM_0:0:1836044300><>" slap with 0 damage "vitalaz<1169><STEAM_0:0:1565349314><>"
L 06/06/2011 - 21:26:20: [plmenu.amxx] Cmd: ".::T9o::.<996><STEAM_0:0:1836044300><>" slap with 0 damage "vitalaz<1169><STEAM_0:0:1565349314><>"
L 06/06/2011 - 21:26:20: [plmenu.amxx] Cmd: ".::T9o::.<996><STEAM_0:0:1836044300><>" slap with 0 damage "vitalaz<1169><STEAM_0:0:1565349314><>"
L 06/06/2011 - 21:26:20: [plmenu.amxx] Cmd: ".::T9o::.<996><STEAM_0:0:1836044300><>" slap with 0 damage "vitalaz<1169><STEAM_0:0:1565349314><>"
L 06/06/2011 - 21:26:20: [plmenu.amxx] Cmd: ".::T9o::.<996><STEAM_0:0:1836044300><>" slap with 0 damage "vitalaz<1169><STEAM_0:0:1565349314><>"
L 06/06/2011 - 21:26:21: [plmenu.amxx] Cmd: ".::T9o::.<996><STEAM_0:0:1836044300><>" slap with 0 damage "vitalaz<1169><STEAM_0:0:1565349314><>"
L 06/06/2011 - 21:26:21: [plmenu.amxx] Cmd: ".::T9o::.<996><STEAM_0:0:1836044300><>" slap with 0 damage "vitalaz<1169><STEAM_0:0:1565349314><>"
L 06/06/2011 - 21:26:21: [plmenu.amxx] Cmd: ".::T9o::.<996><STEAM_0:0:1836044300><>" slap with 0 damage "vitalaz<1169><STEAM_0:0:1565349314><>"
L 06/06/2011 - 21:26:21: [plmenu.amxx] Cmd: ".::T9o::.<996><STEAM_0:0:1836044300><>" slap with 0 damage "vitalaz<1169><STEAM_0:0:1565349314><>"
L 06/06/2011 - 21:26:21: [plmenu.amxx] Cmd: ".::T9o::.<996><STEAM_0:0:1836044300><>" slap with 0 damage "vitalaz<1169><STEAM_0:0:1565349314><>"
L 06/06/2011 - 21:26:23: [plmenu.amxx] Cmd: ".::T9o::.<996><STEAM_0:0:1836044300><>" slap with 0 damage "vitalaz<1169><STEAM_0:0:1565349314><>"
L 06/06/2011 - 21:26:23: [plmenu.amxx] Cmd: ".::T9o::.<996><STEAM_0:0:1836044300><>" slap with 0 damage "vitalaz<1169><STEAM_0:0:1565349314><>"
L 06/06/2011 - 21:26:23: [plmenu.amxx] Cmd: ".::T9o::.<996><STEAM_0:0:1836044300><>" slap with 0 damage "vitalaz<1169><STEAM_0:0:1565349314><>"
L 06/06/2011 - 21:26:23: [plmenu.amxx] Cmd: ".::T9o::.<996><STEAM_0:0:1836044300><>" slap with 0 damage "vitalaz<1169><STEAM_0:0:1565349314><>"
L 06/06/2011 - 21:26:23: [plmenu.amxx] Cmd: ".::T9o::.<996><STEAM_0:0:1836044300><>" slap with 0 damage "vitalaz<1169><STEAM_0:0:1565349314><>"
L 06/06/2011 - 21:26:24: [plmenu.amxx] Cmd: ".::T9o::.<996><STEAM_0:0:1836044300><>" slap with 0 damage "vitalaz<1169><STEAM_0:0:1565349314><>"
L 06/06/2011 - 21:26:24: [plmenu.amxx] Cmd: ".::T9o::.<996><STEAM_0:0:1836044300><>" slap with 0 damage "vitalaz<1169><STEAM_0:0:1565349314><>"
L 06/06/2011 - 21:26:24: [plmenu.amxx] Cmd: ".::T9o::.<996><STEAM_0:0:1836044300><>" slap with 0 damage "vitalaz<1169><STEAM_0:0:1565349314><>"
L 06/06/2011 - 21:26:24: [plmenu.amxx] Cmd: ".::T9o::.<996><STEAM_0:0:1836044300><>" slap with 0 damage "vitalaz<1169><STEAM_0:0:1565349314><>"
L 06/06/2011 - 21:26:24: [plmenu.amxx] Cmd: ".::T9o::.<996><STEAM_0:0:1836044300><>" slap with 0 damage "vitalaz<1169><STEAM_0:0:1565349314><>"
L 06/06/2011 - 21:26:24: [plmenu.amxx] Cmd: ".::T9o::.<996><STEAM_0:0:1836044300><>" slap with 0 damage "vitalaz<1169><STEAM_0:0:1565349314><>"
L 06/06/2011 - 21:26:25: [plmenu.amxx] Cmd: ".::T9o::.<996><STEAM_0:0:1836044300><>" slap with 0 damage "vitalaz<1169><STEAM_0:0:1565349314><>"
L 06/06/2011 - 21:26:25: [plmenu.amxx] Cmd: ".::T9o::.<996><STEAM_0:0:1836044300><>" slap with 0 damage "vitalaz<1169><STEAM_0:0:1565349314><>"
L 06/06/2011 - 21:26:25: [plmenu.amxx] Cmd: ".::T9o::.<996><STEAM_0:0:1836044300><>" slap with 0 damage "vitalaz<1169><STEAM_0:0:1565349314><>"
L 06/06/2011 - 21:26:25: [plmenu.amxx] Cmd: ".::T9o::.<996><STEAM_0:0:1836044300><>" slap with 0 damage "vitalaz<1169><STEAM_0:0:1565349314><>"
L 06/06/2011 - 21:26:25: [plmenu.amxx] Cmd: ".::T9o::.<996><STEAM_0:0:1836044300><>" slap with 0 damage "vitalaz<1169><STEAM_0:0:1565349314><>"
L 06/06/2011 - 21:26:26: [plmenu.amxx] Cmd: ".::T9o::.<996><STEAM_0:0:1836044300><>" slap with 0 damage "vitalaz<1169><STEAM_0:0:1565349314><>"
L 06/06/2011 - 21:27:52: [plmenu.amxx] Cmd: ".::T9o::.<996><STEAM_0:0:1836044300><>" slap with 0 damage "=S=Player_v.4<1168><STEAM_0:0:1713431561><>"
L 06/06/2011 - 21:27:52: [plmenu.amxx] Cmd: ".::T9o::.<996><STEAM_0:0:1836044300><>" slap with 0 damage "=S=Player_v.4<1168><STEAM_0:0:1713431561><>"
L 06/06/2011 - 21:27:52: [plmenu.amxx] Cmd: ".::T9o::.<996><STEAM_0:0:1836044300><>" slap with 0 damage "=S=Player_v.4<1168><STEAM_0:0:1713431561><>"
L 06/06/2011 - 21:27:52: [plmenu.amxx] Cmd: ".::T9o::.<996><STEAM_0:0:1836044300><>" slap with 0 damage "=S=Player_v.4<1168><STEAM_0:0:1713431561><>"
L 06/06/2011 - 21:27:52: [plmenu.amxx] Cmd: ".::T9o::.<996><STEAM_0:0:1836044300><>" slap with 0 damage "=S=Player_v.4<1168><STEAM_0:0:1713431561><>"
L 06/06/2011 - 21:27:52: [plmenu.amxx] Cmd: ".::T9o::.<996><STEAM_0:0:1836044300><>" slap with 0 damage "=S=Player_v.4<1168><STEAM_0:0:1713431561><>"
L 06/06/2011 - 21:27:53: [plmenu.amxx] Cmd: ".::T9o::.<996><STEAM_0:0:1836044300><>" slap with 0 damage "=S=Player_v.4<1168><STEAM_0:0:1713431561><>"
L 06/06/2011 - 21:27:53: [plmenu.amxx] Cmd: ".::T9o::.<996><STEAM_0:0:1836044300><>" slap with 0 damage "=S=Player_v.4<1168><STEAM_0:0:1713431561><>"
L 06/06/2011 - 21:27:53: [plmenu.amxx] Cmd: ".::T9o::.<996><STEAM_0:0:1836044300><>" slap with 0 damage "=S=Player_v.4<1168><STEAM_0:0:1713431561><>"
L 06/06/2011 - 21:27:53: [plmenu.amxx] Cmd: ".::T9o::.<996><STEAM_0:0:1836044300><>" slap with 0 damage "=S=Player_v.4<1168><STEAM_0:0:1713431561><>"
L 06/06/2011 - 21:27:53: [plmenu.amxx] Cmd: ".::T9o::.<996><STEAM_0:0:1836044300><>" slap with 0 damage "=S=Player_v.4<1168><STEAM_0:0:1713431561><>"
L 06/06/2011 - 21:27:53: [plmenu.amxx] Cmd: ".::T9o::.<996><STEAM_0:0:1836044300><>" slap with 0 damage "=S=Player_v.4<1168><STEAM_0:0:1713431561><>"
L 06/06/2011 - 21:27:53: [plmenu.amxx] Cmd: ".::T9o::.<996><STEAM_0:0:1836044300><>" slap with 0 damage "=S=Player_v.4<1168><STEAM_0:0:1713431561><>"
L 06/06/2011 - 21:27:53: [plmenu.amxx] Cmd: ".::T9o::.<996><STEAM_0:0:1836044300><>" slap with 0 damage "=S=Player_v.4<1168><STEAM_0:0:1713431561><>"
L 06/06/2011 - 21:27:54: [plmenu.amxx] Cmd: ".::T9o::.<996><STEAM_0:0:1836044300><>" slap with 0 damage "=S=Player_v.4<1168><STEAM_0:0:1713431561><>"
L 06/06/2011 - 21:27:54: [plmenu.amxx] Cmd: ".::T9o::.<996><STEAM_0:0:1836044300><>" slap with 0 damage "=S=Player_v.4<1168><STEAM_0:0:1713431561><>"
L 06/06/2011 - 21:27:54: [plmenu.amxx] Cmd: ".::T9o::.<996><STEAM_0:0:1836044300><>" slap with 0 damage "=S=Player_v.4<1168><STEAM_0:0:1713431561><>"
L 06/06/2011 - 21:27:54: [plmenu.amxx] Cmd: ".::T9o::.<996><STEAM_0:0:1836044300><>" slap with 0 damage "=S=Player_v.4<1168><STEAM_0:0:1713431561><>"
L 06/06/2011 - 21:27:55: [plmenu.amxx] Cmd: ".::T9o::.<996><STEAM_0:0:1836044300><>" slap with 0 damage "=S=Player_v.4<1168><STEAM_0:0:1713431561><>"
L 06/06/2011 - 21:27:55: [plmenu.amxx] Cmd: ".::T9o::.<996><STEAM_0:0:1836044300><>" slap with 0 damage "=S=Player_v.4<1168><STEAM_0:0:1713431561><>"
L 06/06/2011 - 21:27:55: [plmenu.amxx] Cmd: ".::T9o::.<996><STEAM_0:0:1836044300><>" slap with 0 damage "=S=Player_v.4<1168><STEAM_0:0:1713431561><>"
L 06/06/2011 - 21:27:55: [plmenu.amxx] Cmd: ".::T9o::.<996><STEAM_0:0:1836044300><>" slap with 0 damage "=S=Player_v.4<1168><STEAM_0:0:1713431561><>"
L 06/06/2011 - 21:27:55: [plmenu.amxx] Cmd: ".::T9o::.<996><STEAM_0:0:1836044300><>" slap with 0 damage "=S=Player_v.4<1168><STEAM_0:0:1713431561><>"
L 06/06/2011 - 21:27:56: [plmenu.amxx] Cmd: ".::T9o::.<996><STEAM_0:0:1836044300><>" slap with 0 damage "=S=Player_v.4<1168><STEAM_0:0:1713431561><>"
L 06/06/2011 - 21:27:56: [plmenu.amxx] Cmd: ".::T9o::.<996><STEAM_0:0:1836044300><>" slap with 0 damage "=S=Player_v.4<1168><STEAM_0:0:1713431561><>"
L 06/06/2011 - 21:27:58: [admin_amxbans.amxx] Login: "TaHbko<1195><STEAM_0:1:40319687><>" became an admin (account "TaHbko") (access "at") (address "109.191.140.27")
L 06/06/2011 - 21:28:14: [plmenu.amxx] Cmd: ".::T9o::.<996><STEAM_0:0:1836044300><>" slap with 0 damage "=S=Player_v.4<1168><STEAM_0:0:1713431561><>"
L 06/06/2011 - 21:28:14: [plmenu.amxx] Cmd: ".::T9o::.<996><STEAM_0:0:1836044300><>" slap with 0 damage "=S=Player_v.4<1168><STEAM_0:0:1713431561><>"
L 06/06/2011 - 21:28:15: [plmenu.amxx] Cmd: ".::T9o::.<996><STEAM_0:0:1836044300><>" slap with 0 damage "=S=Player_v.4<1168><STEAM_0:0:1713431561><>"
L 06/06/2011 - 21:28:15: [plmenu.amxx] Cmd: ".::T9o::.<996><STEAM_0:0:1836044300><>" slap with 0 damage "=S=Player_v.4<1168><STEAM_0:0:1713431561><>"
L 06/06/2011 - 21:28:15: [plmenu.amxx] Cmd: ".::T9o::.<996><STEAM_0:0:1836044300><>" slap with 0 damage "=S=Player_v.4<1168><STEAM_0:0:1713431561><>"
L 06/06/2011 - 21:28:15: [plmenu.amxx] Cmd: ".::T9o::.<996><STEAM_0:0:1836044300><>" slap with 0 damage "=S=Player_v.4<1168><STEAM_0:0:1713431561><>"
L 06/06/2011 - 21:28:15: [plmenu.amxx] Cmd: ".::T9o::.<996><STEAM_0:0:1836044300><>" slap with 0 damage "=S=Player_v.4<1168><STEAM_0:0:1713431561><>"
L 06/06/2011 - 21:28:15: [plmenu.amxx] Cmd: ".::T9o::.<996><STEAM_0:0:1836044300><>" slap with 0 damage "=S=Player_v.4<1168><STEAM_0:0:1713431561><>"
L 06/06/2011 - 21:28:16: [plmenu.amxx] Cmd: ".::T9o::.<996><STEAM_0:0:1836044300><>" slap with 0 damage "=S=Player_v.4<1168><STEAM_0:0:1713431561><>"
L 06/06/2011 - 21:28:16: [plmenu.amxx] Cmd: ".::T9o::.<996><STEAM_0:0:1836044300><>" slap with 0 damage "=S=Player_v.4<1168><STEAM_0:0:1713431561><>"
L 06/06/2011 - 21:28:16: [plmenu.amxx] Cmd: ".::T9o::.<996><STEAM_0:0:1836044300><>" slap with 0 damage "=S=Player_v.4<1168><STEAM_0:0:1713431561><>"
L 06/06/2011 - 21:28:16: [plmenu.amxx] Cmd: ".::T9o::.<996><STEAM_0:0:1836044300><>" slap with 0 damage "=S=Player_v.4<1168><STEAM_0:0:1713431561><>"
L 06/06/2011 - 21:28:16: [plmenu.amxx] Cmd: ".::T9o::.<996><STEAM_0:0:1836044300><>" slap with 0 damage "=S=Player_v.4<1168><STEAM_0:0:1713431561><>"
L 06/06/2011 - 21:28:16: [plmenu.amxx] Cmd: ".::T9o::.<996><STEAM_0:0:1836044300><>" slap with 0 damage "=S=Player_v.4<1168><STEAM_0:0:1713431561><>"
L 06/06/2011 - 21:28:17: [plmenu.amxx] Cmd: ".::T9o::.<996><STEAM_0:0:1836044300><>" slap with 0 damage "=S=Player_v.4<1168><STEAM_0:0:1713431561><>"
L 06/06/2011 - 21:28:17: [plmenu.amxx] Cmd: ".::T9o::.<996><STEAM_0:0:1836044300><>" slap with 0 damage "=S=Player_v.4<1168><STEAM_0:0:1713431561><>"
L 06/06/2011 - 21:28:17: [plmenu.amxx] Cmd: ".::T9o::.<996><STEAM_0:0:1836044300><>" slap with 0 damage "=S=Player_v.4<1168><STEAM_0:0:1713431561><>"
L 06/06/2011 - 21:28:17: [plmenu.amxx] Cmd: ".::T9o::.<996><STEAM_0:0:1836044300><>" slap with 0 damage "=S=Player_v.4<1168><STEAM_0:0:1713431561><>"
L 06/06/2011 - 21:28:17: [plmenu.amxx] Cmd: ".::T9o::.<996><STEAM_0:0:1836044300><>" slap with 0 damage "=S=Player_v.4<1168><STEAM_0:0:1713431561><>"
L 06/06/2011 - 21:28:17: [plmenu.amxx] Cmd: ".::T9o::.<996><STEAM_0:0:1836044300><>" slap with 0 damage "=S=Player_v.4<1168><STEAM_0:0:1713431561><>"
L 06/06/2011 - 21:28:18: [plmenu.amxx] Cmd: ".::T9o::.<996><STEAM_0:0:1836044300><>" slap with 0 damage "=S=Player_v.4<1168><STEAM_0:0:1713431561><>"
L 06/06/2011 - 21:28:18: [plmenu.amxx] Cmd: ".::T9o::.<996><STEAM_0:0:1836044300><>" slap with 0 damage "=S=Player_v.4<1168><STEAM_0:0:1713431561><>"
L 06/06/2011 - 21:28:19: [plmenu.amxx] Cmd: ".::T9o::.<996><STEAM_0:0:1836044300><>" slap with 0 damage "=S=Player_v.4<1168><STEAM_0:0:1713431561><>"
L 06/06/2011 - 21:28:19: [plmenu.amxx] Cmd: ".::T9o::.<996><STEAM_0:0:1836044300><>" slap with 0 damage "=S=Player_v.4<1168><STEAM_0:0:1713431561><>"
L 06/06/2011 - 21:28:19: [plmenu.amxx] Cmd: ".::T9o::.<996><STEAM_0:0:1836044300><>" slap with 0 damage "=S=Player_v.4<1168><STEAM_0:0:1713431561><>"
L 06/06/2011 - 21:28:19: [plmenu.amxx] Cmd: ".::T9o::.<996><STEAM_0:0:1836044300><>" slap with 0 damage "=S=Player_v.4<1168><STEAM_0:0:1713431561><>"
L 06/06/2011 - 21:28:19: [plmenu.amxx] Cmd: ".::T9o::.<996><STEAM_0:0:1836044300><>" slap with 0 damage "=S=Player_v.4<1168><STEAM_0:0:1713431561><>"
L 06/06/2011 - 21:28:20: [plmenu.amxx] Cmd: ".::T9o::.<996><STEAM_0:0:1836044300><>" slap with 0 damage "=S=Player_v.4<1168><STEAM_0:0:1713431561><>"
L 06/06/2011 - 21:28:20: [plmenu.amxx] Cmd: ".::T9o::.<996><STEAM_0:0:1836044300><>" slap with 0 damage "=S=Player_v.4<1168><STEAM_0:0:1713431561><>"
L 06/06/2011 - 21:28:20: [plmenu.amxx] Cmd: ".::T9o::.<996><STEAM_0:0:1836044300><>" slap with 0 damage "=S=Player_v.4<1168><STEAM_0:0:1713431561><>"
L 06/06/2011 - 21:28:20: [plmenu.amxx] Cmd: ".::T9o::.<996><STEAM_0:0:1836044300><>" slap with 0 damage "=S=Player_v.4<1168><STEAM_0:0:1713431561><>"
L 06/06/2011 - 21:28:20: [plmenu.amxx] Cmd: ".::T9o::.<996><STEAM_0:0:1836044300><>" slap with 0 damage "=S=Player_v.4<1168><STEAM_0:0:1713431561><>"
L 06/06/2011 - 21:28:20: [plmenu.amxx] Cmd: ".::T9o::.<996><STEAM_0:0:1836044300><>" slap with 0 damage "=S=Player_v.4<1168><STEAM_0:0:1713431561><>"
L 06/06/2011 - 21:28:21: [plmenu.amxx] Cmd: ".::T9o::.<996><STEAM_0:0:1836044300><>" slap with 0 damage "=S=Player_v.4<1168><STEAM_0:0:1713431561><>"
L 06/06/2011 - 21:28:21: [plmenu.amxx] Cmd: ".::T9o::.<996><STEAM_0:0:1836044300><>" slap with 0 damage "=S=Player_v.4<1168><STEAM_0:0:1713431561><>"
L 06/06/2011 - 21:28:21: [plmenu.amxx] Cmd: ".::T9o::.<996><STEAM_0:0:1836044300><>" slap with 0 damage "=S=Player_v.4<1168><STEAM_0:0:1713431561><>"
L 06/06/2011 - 21:28:21: [plmenu.amxx] Cmd: ".::T9o::.<996><STEAM_0:0:1836044300><>" slap with 0 damage "=S=Player_v.4<1168><STEAM_0:0:1713431561><>"
L 06/06/2011 - 21:28:21: [plmenu.amxx] Cmd: ".::T9o::.<996><STEAM_0:0:1836044300><>" slap with 0 damage "=S=Player_v.4<1168><STEAM_0:0:1713431561><>"
L 06/06/2011 - 21:28:21: [plmenu.amxx] Cmd: ".::T9o::.<996><STEAM_0:0:1836044300><>" slap with 0 damage "=S=Player_v.4<1168><STEAM_0:0:1713431561><>"
L 06/06/2011 - 21:28:22: [plmenu.amxx] Cmd: ".::T9o::.<996><STEAM_0:0:1836044300><>" slap with 0 damage "=S=Player_v.4<1168><STEAM_0:0:1713431561><>"
L 06/06/2011 - 21:28:22: [plmenu.amxx] Cmd: ".::T9o::.<996><STEAM_0:0:1836044300><>" slap with 0 damage "=S=Player_v.4<1168><STEAM_0:0:1713431561><>"
L 06/06/2011 - 21:28:22: [plmenu.amxx] Cmd: ".::T9o::.<996><STEAM_0:0:1836044300><>" slap with 0 damage "=S=Player_v.4<1168><STEAM_0:0:1713431561><>"
L 06/06/2011 - 21:28:22: [plmenu.amxx] Cmd: ".::T9o::.<996><STEAM_0:0:1836044300><>" slap with 0 damage "=S=Player_v.4<1168><STEAM_0:0:1713431561><>"
L 06/06/2011 - 21:28:23: [plmenu.amxx] Cmd: ".::T9o::.<996><STEAM_0:0:1836044300><>" slap with 0 damage "=S=Player_v.4<1168><STEAM_0:0:1713431561><>"
L 06/06/2011 - 21:28:23: [plmenu.amxx] Cmd: ".::T9o::.<996><STEAM_0:0:1836044300><>" slap with 0 damage "=S=Player_v.4<1168><STEAM_0:0:1713431561><>"
L 06/06/2011 - 21:28:23: [plmenu.amxx] Cmd: ".::T9o::.<996><STEAM_0:0:1836044300><>" slap with 0 damage "=S=Player_v.4<1168><STEAM_0:0:1713431561><>"
L 06/06/2011 - 21:28:23: [plmenu.amxx] Cmd: ".::T9o::.<996><STEAM_0:0:1836044300><>" slap with 0 damage "=S=Player_v.4<1168><STEAM_0:0:1713431561><>"
L 06/06/2011 - 21:28:23: [plmenu.amxx] Cmd: ".::T9o::.<996><STEAM_0:0:1836044300><>" slap with 0 damage "=S=Player_v.4<1168><STEAM_0:0:1713431561><>"
L 06/06/2011 - 21:28:23: [plmenu.amxx] Cmd: ".::T9o::.<996><STEAM_0:0:1836044300><>" slap with 0 damage "=S=Player_v.4<1168><STEAM_0:0:1713431561><>"
L 06/06/2011 - 21:28:24: [plmenu.amxx] Cmd: ".::T9o::.<996><STEAM_0:0:1836044300><>" slap with 0 damage "=S=Player_v.4<1168><STEAM_0:0:1713431561><>"
L 06/06/2011 - 21:28:24: [plmenu.amxx] Cmd: ".::T9o::.<996><STEAM_0:0:1836044300><>" slap with 0 damage "=S=Player_v.4<1168><STEAM_0:0:1713431561><>"
L 06/06/2011 - 21:28:24: [plmenu.amxx] Cmd: ".::T9o::.<996><STEAM_0:0:1836044300><>" slap with 0 damage "=S=Player_v.4<1168><STEAM_0:0:1713431561><>"
L 06/06/2011 - 21:28:24: [plmenu.amxx] Cmd: ".::T9o::.<996><STEAM_0:0:1836044300><>" slap with 0 damage "=S=Player_v.4<1168><STEAM_0:0:1713431561><>"
L 06/06/2011 - 21:28:24: [plmenu.amxx] Cmd: ".::T9o::.<996><STEAM_0:0:1836044300><>" slap with 0 damage "=S=Player_v.4<1168><STEAM_0:0:1713431561><>"
L 06/06/2011 - 21:28:25: [plmenu.amxx] Cmd: ".::T9o::.<996><STEAM_0:0:1836044300><>" slap with 0 damage "=S=Player_v.4<1168><STEAM_0:0:1713431561><>"
L 06/06/2011 - 21:28:25: [plmenu.amxx] Cmd: ".::T9o::.<996><STEAM_0:0:1836044300><>" slap with 0 damage "=S=Player_v.4<1168><STEAM_0:0:1713431561><>"
L 06/06/2011 - 21:28:25: [plmenu.amxx] Cmd: ".::T9o::.<996><STEAM_0:0:1836044300><>" slap with 0 damage "=S=Player_v.4<1168><STEAM_0:0:1713431561><>"
L 06/06/2011 - 21:28:25: [plmenu.amxx] Cmd: ".::T9o::.<996><STEAM_0:0:1836044300><>" slap with 0 damage "=S=Player_v.4<1168><STEAM_0:0:1713431561><>"
L 06/06/2011 - 21:28:25: [plmenu.amxx] Cmd: ".::T9o::.<996><STEAM_0:0:1836044300><>" slap with 0 damage "=S=Player_v.4<1168><STEAM_0:0:1713431561><>"
L 06/06/2011 - 21:28:26: [plmenu.amxx] Cmd: ".::T9o::.<996><STEAM_0:0:1836044300><>" slap with 0 damage "=S=Player_v.4<1168><STEAM_0:0:1713431561><>"
L 06/06/2011 - 21:28:26: [plmenu.amxx] Cmd: ".::T9o::.<996><STEAM_0:0:1836044300><>" slap with 0 damage "=S=Player_v.4<1168><STEAM_0:0:1713431561><>"
L 06/06/2011 - 21:28:26: [plmenu.amxx] Cmd: ".::T9o::.<996><STEAM_0:0:1836044300><>" slap with 0 damage "=S=Player_v.4<1168><STEAM_0:0:1713431561><>"
L 06/06/2011 - 21:28:26: [plmenu.amxx] Cmd: ".::T9o::.<996><STEAM_0:0:1836044300><>" slap with 0 damage "=S=Player_v.4<1168><STEAM_0:0:1713431561><>"
L 06/06/2011 - 21:28:26: [plmenu.amxx] Cmd: ".::T9o::.<996><STEAM_0:0:1836044300><>" slap with 0 damage "=S=Player_v.4<1168><STEAM_0:0:1713431561><>"
L 06/06/2011 - 21:28:26: [plmenu.amxx] Cmd: ".::T9o::.<996><STEAM_0:0:1836044300><>" slap with 0 damage "=S=Player_v.4<1168><STEAM_0:0:1713431561><>"
L 06/06/2011 - 21:28:52: [mapsmenu.amxx] Cmd: ".::T9o::.<996><STEAM_0:0:1836044300><>" changelevel "zm_assault_snow"
L 06/06/2011 - 21:28:54: -------- Mapchange to zm_assault_snow --------
L 06/06/2011 - 21:28:55: [admin_amxbans.amxx] Login: "~Helena~<1173><STEAM_0:4:1333841770><>" became an admin (account "~Helena~") (access "at") (address "109.124.93.54")
L 06/06/2011 - 21:28:55: [admin_amxbans.amxx] Login: "TaHbko<1195><STEAM_0:1:40319687><>" became an admin (account "TaHbko") (access "at") (address "109.191.140.27")
L 06/06/2011 - 21:28:55: [admin_amxbans.amxx] Login: ".::T9o::.<996><STEAM_0:0:1836044300><>" became an admin (account ".::T9o::.") (access "abcdefgijmnopqtu") (address "78.37.212.212")
L 06/06/2011 - 21:28:55: [admin_amxbans.amxx] Login: "Euforia<1153><STEAM_0:0:1235555515><>" became an admin (account "Euforia") (access "at") (address "188.123.245.19")
L 06/06/2011 - 21:28:55: [admin_amxbans.amxx] Login: "vk<1171><STEAM_0:4:307173098><>" became an admin (account "vk") (access "at") (address "109.207.194.141")
L 06/06/2011 - 21:28:55: [admin_amxbans.amxx] Login: "VANDAL<1180><STEAM_0:0:31999920><>" became an admin (account "VANDAL") (access "at") (address "91.205.25.41")
L 06/06/2011 - 21:28:55: [admin_amxbans.amxx] Login: "Vik<1182><STEAM_0:4:566940394><>" became an admin (account "Vik") (access "at") (address "109.71.201.234")
L 06/06/2011 - 21:28:55: [admin_amxbans.amxx] Login: "He6o<1170><STEAM_0:4:1214550897><>" became an admin (account "He6o") (access "at") (address "91.196.149.57")
L 06/06/2011 - 21:28:56: [amxbans.amxx] [AMXBANS] AMXBans 5.0 подключен
L 06/06/2011 - 21:37:16: [admin_amxbans.amxx] Login: "VANDAL<1204><STEAM_0:0:31999920><>" became an admin (account "VANDAL") (access "at") (address "91.205.25.41")
L 06/06/2011 - 21:38:26: [plmenu.amxx] Kick: ".::T9o::.<996><STEAM_0:0:1836044300><>" kick "KyJleP228<1121><STEAM_0:4:474813553><>"
L 06/06/2011 - 21:44:43: [plmenu.amxx] Cmd: ".::T9o::.<996><STEAM_0:0:1836044300><>" transfer ".::T9o::.<996><STEAM_0:0:1836044300><>" (team "TERRORIST")
L 06/06/2011 - 21:49:46: [admin_amxbans.amxx] Login: "GDfresh<1218><STEAM_0:4:934684650><>" became an admin (account "GDfresh") (access "at") (address "109.173.48.198")
L 06/06/2011 - 21:52:00: -------- Mapchange to zm_fdust2x2 --------
L 06/06/2011 - 21:52:01: [admin_amxbans.amxx] Login: ".::T9o::.<996><STEAM_0:0:1836044300><>" became an admin (account ".::T9o::.") (access "abcdefgijmnopqtu") (address "78.37.212.212")
L 06/06/2011 - 21:52:01: [admin_amxbans.amxx] Login: "vk<1171><STEAM_0:4:307173098><>" became an admin (account "vk") (access "at") (address "109.207.194.141")
L 06/06/2011 - 21:52:01: [admin_amxbans.amxx] Login: "Euforia<1153><STEAM_0:0:1235555515><>" became an admin (account "Euforia") (access "at") (address "188.123.245.19")
L 06/06/2011 - 21:52:01: [admin_amxbans.amxx] Login: "TaHbko<1195><STEAM_0:1:40319687><>" became an admin (account "TaHbko") (access "at") (address "109.191.140.27")
L 06/06/2011 - 21:52:01: [admin_amxbans.amxx] Login: "GDfresh<1218><STEAM_0:4:934684650><>" became an admin (account "GDfresh") (access "at") (address "109.173.48.198")
L 06/06/2011 - 21:52:01: [admin_amxbans.amxx] Login: "VANDAL<1204><STEAM_0:0:31999920><>" became an admin (account "VANDAL") (access "at") (address "91.205.25.41")
L 06/06/2011 - 21:52:01: [admin_amxbans.amxx] Login: "He6o<1170><STEAM_0:4:1214550897><>" became an admin (account "He6o") (access "at") (address "91.196.149.57")
L 06/06/2011 - 21:52:02: [amxbans.amxx] [AMXBANS] AMXBans 5.0 подключен
L 06/06/2011 - 22:02:20: [admin_amxbans.amxx] Login: "[o_VIP_o]                (^_^)V<1230><STEAM_0:4:446327478><>" became an admin (account "212.55.104.156") (access "abcdefgijmnopqrtu") (address "212.55.104.156")
L 06/06/2011 - 22:04:08: [adminchat.amxx] Chat: ".::T9o::.<996><STEAM_0:0:1836044300><>" chat "O_O"
L 06/06/2011 - 22:04:13: [adminchat.amxx] Chat: ".::T9o::.<996><STEAM_0:0:1836044300><>" chat "KAKuM?"
L 06/06/2011 - 22:04:27: [adminchat.amxx] Chat: ".::T9o::.<996><STEAM_0:0:1836044300><>" tsay "9 HEKOMy HE gaM id !!!"
L 06/06/2011 - 22:04:31: [adminchat.amxx] Chat: "[o_VIP_o]                (^_^)V<1230><STEAM_0:4:446327478><>" chat " MHe gJI9I pa6ptbI Hag etum Hy}I{eH)"
L 06/06/2011 - 22:04:31: [adminchat.amxx] Chat: ".::T9o::.<996><STEAM_0:0:1836044300><>" tsay "eTO VIP"
L 06/06/2011 - 22:04:39: [adminchat.amxx] Chat: "[o_VIP_o]                (^_^)V<1230><STEAM_0:4:446327478><>" tsay "POma He Bpu!)"
L 06/06/2011 - 22:04:45: [adminchat.amxx] Chat: ".::T9o::.<996><STEAM_0:0:1836044300><>" chat " u KAK TAM urPAETC9? :D"
L 06/06/2011 - 22:05:19: [adminchat.amxx] Chat: ".::T9o::.<996><STEAM_0:0:1836044300><>" chat " Kuhb MHE id noCMOTPuM Xd"
L 06/06/2011 - 22:07:58: [adminchat.amxx] Chat: ".::T9o::.<996><STEAM_0:0:1836044300><>" tsay "ax"
L 06/06/2011 - 22:09:00: [adminchat.amxx] Chat: "[o_VIP_o]                (^_^)V<1230><STEAM_0:4:446327478><>" chat "212.55.104.156:27015  Ho cpazy kak Ha4Het rpy3utb BbIxogu)"
L 06/06/2011 - 22:09:02: [admin_amxbans.amxx] Login: "~Helena~<1237><STEAM_0:4:1333841770><>" became an admin (account "~Helena~") (access "at") (address "109.124.93.54")
L 06/06/2011 - 22:09:57: [admin_amxbans.amxx] Login: ".::T9o::.<1240><STEAM_0:0:1836044300><>" became an admin (account ".::T9o::.") (access "abcdefgijmnopqtu") (address "78.37.212.212")
L 06/06/2011 - 22:10:04: [adminchat.amxx] Chat: "[o_VIP_o]                (^_^)V<1230><STEAM_0:4:446327478><>" chat "??"
L 06/06/2011 - 22:10:19: [adminchat.amxx] Chat: "[o_VIP_o]                (^_^)V<1230><STEAM_0:4:446327478><>" chat "?"
L 06/06/2011 - 22:10:30: [adminchat.amxx] Chat: "[o_VIP_o]                (^_^)V<1230><STEAM_0:4:446327478><>" chat "????"
L 06/06/2011 - 22:10:35: [adminchat.amxx] Chat: ".::T9o::.<1240><STEAM_0:0:1836044300><>" chat " HExo4eT BXoguTb("
L 06/06/2011 - 22:10:54: [adminchat.amxx] Chat: ".::T9o::.<1240><STEAM_0:0:1836044300><>" chat " wa naPy CEK norogu)"
L 06/06/2011 - 22:13:11: -------- Mapchange to zm_303 --------
L 06/06/2011 - 22:13:12: [admin_amxbans.amxx] Login: "~Helena~<1237><STEAM_0:4:1333841770><>" became an admin (account "~Helena~") (access "at") (address "109.124.93.54")
L 06/06/2011 - 22:13:12: [admin_amxbans.amxx] Login: ".::T9o::.<1240><STEAM_0:0:1836044300><>" became an admin (account ".::T9o::.") (access "abcdefgijmnopqtu") (address "78.37.212.212")
L 06/06/2011 - 22:13:13: [admin_amxbans.amxx] Login: "GDfresh<1218><STEAM_0:4:934684650><>" became an admin (account "GDfresh") (access "at") (address "109.173.48.198")
L 06/06/2011 - 22:13:13: [admin_amxbans.amxx] Login: "VANDAL<1204><STEAM_0:0:31999920><>" became an admin (account "VANDAL") (access "at") (address "91.205.25.41")
L 06/06/2011 - 22:13:13: [admin_amxbans.amxx] Login: "He6o<1170><STEAM_0:4:1214550897><>" became an admin (account "He6o") (access "at") (address "91.196.149.57")
L 06/06/2011 - 22:13:13: [amxbans.amxx] [AMXBANS] AMXBans 5.0 подключен
L 06/06/2011 - 22:21:56: [voteban.amxx] Вотебан запустил He6o против mr.Figof STEAM_0:0:554703027
L 06/06/2011 - 22:22:11: [voteban.amxx] [AMXX] The vote succeeded: STEAM_0:0:554703027 is banned for 60 minutes
L 06/06/2011 - 22:29:35: [admin_amxbans.amxx] Login: "TECH<1316><STEAM_0:4:446327478><>" became an admin (account "212.55.104.156") (access "abcdefgijmnopqrtu") (address "212.55.104.156")
L 06/06/2011 - 22:31:35: [adminchat.amxx] Chat: "TECH<1316><STEAM_0:4:446327478><>" tsay "JI}Ogu Hy OTBETbTE TECHy!)"
L 06/06/2011 - 22:34:34: -------- Mapchange to awp_city --------
L 06/06/2011 - 22:34:35: [admin_amxbans.amxx] Login: ".::T9o::.<1240><STEAM_0:0:1836044300><>" became an admin (account ".::T9o::.") (access "abcdefgijmnopqtu") (address "78.37.212.212")
L 06/06/2011 - 22:34:35: [admin_amxbans.amxx] Login: "GDfresh<1218><STEAM_0:4:934684650><>" became an admin (account "GDfresh") (access "at") (address "109.173.48.198")
L 06/06/2011 - 22:34:35: [admin_amxbans.amxx] Login: "VANDAL<1204><STEAM_0:0:31999920><>" became an admin (account "VANDAL") (access "at") (address "91.205.25.41")
L 06/06/2011 - 22:34:35: [admin_amxbans.amxx] Login: "He6o<1170><STEAM_0:4:1214550897><>" became an admin (account "He6o") (access "at") (address "91.196.149.57")
L 06/06/2011 - 22:34:35: [admin_amxbans.amxx] Login: "TECH<1316><STEAM_0:4:446327478><>" became an admin (account "212.55.104.156") (access "abcdefgijmnopqrtu") (address "212.55.104.156")
L 06/06/2011 - 22:34:36: [amxbans.amxx] [AMXBANS] AMXBans 5.0 подключен
L 06/06/2011 - 22:34:49: [admin_amxbans.amxx] Login: "VANDAL<1321><STEAM_0:0:31999920><>" became an admin (account "VANDAL") (access "at") (address "91.205.25.41")
L 06/06/2011 - 22:36:15: [adminchat.amxx] Chat: "TECH<1316><STEAM_0:4:446327478><>" chat "212.55.104.156:27015"
L 06/06/2011 - 22:37:58: [admin_amxbans.amxx] Login: ".::T9o::.<1325><STEAM_0:0:1836044300><>" became an admin (account ".::T9o::.") (access "abcdefgijmnopqtu") (address "78.37.212.212")
L 06/06/2011 - 22:38:08: [admin_amxbans.amxx] Login: "Euforia<1327><STEAM_0:0:1235555515><>" became an admin (account "Euforia") (access "at") (address "188.123.245.19")
L 06/06/2011 - 22:39:15: [adminchat.amxx] Chat: ".::T9o::.<1325><STEAM_0:0:1836044300><>" psay "TECH<1316><STEAM_0:4:446327478><>" "LAN servers are restricted to local clients (class C)"
L 06/06/2011 - 22:42:09: [adminvote.amxx] Vote: "TECH<1316><STEAM_0:4:446327478><>" vote custom (question "Poma?") (option#1 "tyt") (option#2 "Hetyt")
L 06/06/2011 - 22:42:21: [adminvote.amxx] Vote: Voting successful (got "2") (needed "1") (result "Poma? - JIoJI")
L 06/06/2011 - 22:42:38: [amxbans.amxx] [Amxbans] Запрос провален!
L 06/06/2011 - 22:42:38: [amxbans.amxx] [Amxbans] Ошибка, адрес: 18
L 06/06/2011 - 22:42:38: [amxbans.amxx] [Amxbans] Сообщение: You have an error in your SQL syntax; check the manual that corresponds to your MySQL server version for the right syntax to use near ''Bantime ex' at line 1 (1064)
L 06/06/2011 - 22:42:38: [amxbans.amxx] [Amxbans] Статус запроса: 
L 06/06/2011 - 22:56:19: [admin_amxbans.amxx] Login: "TaHbko<1348><STEAM_0:1:40319687><>" became an admin (account "TaHbko") (access "at") (address "109.191.140.27")
L 06/06/2011 - 22:56:27: -------- Mapchange to zm_202 --------
L 06/06/2011 - 22:56:28: [admin_amxbans.amxx] Login: "TaHbko<1348><STEAM_0:1:40319687><>" became an admin (account "TaHbko") (access "at") (address "109.191.140.27")
L 06/06/2011 - 22:56:28: [admin_amxbans.amxx] Login: ".::T9o::.<1325><STEAM_0:0:1836044300><>" became an admin (account ".::T9o::.") (access "abcdefgijmnopqtu") (address "78.37.212.212")
L 06/06/2011 - 22:56:28: [admin_amxbans.amxx] Login: "Euforia<1327><STEAM_0:0:1235555515><>" became an admin (account "Euforia") (access "at") (address "188.123.245.19")
L 06/06/2011 - 22:56:28: [admin_amxbans.amxx] Login: "TaHbko<1348><STEAM_0:1:40319687><>" became an admin (account "TaHbko") (access "at") (address "109.191.140.27")
L 06/06/2011 - 22:56:28: [amxbans.amxx] [AMXBANS] AMXBans 5.0 подключен
L 06/06/2011 - 22:56:33: [amxbans.amxx] [Amxbans] Запрос провален!
L 06/06/2011 - 22:56:33: [amxbans.amxx] [Amxbans] Ошибка, адрес: 18
L 06/06/2011 - 22:56:33: [amxbans.amxx] [Amxbans] Сообщение: You have an error in your SQL syntax; check the manual that corresponds to your MySQL server version for the right syntax to use near ''Bantime ex' at line 1 (1064)
L 06/06/2011 - 22:56:33: [amxbans.amxx] [Amxbans] Статус запроса: 
L 06/06/2011 - 23:04:23: [amxbans.amxx] .::T9o::.<1325><STEAM_0:0:1836044300><SPECTATOR> забанил VOR V ZAKONE<STEAM_0:0:610967542> на 1 час (60 минут). Причина: 6/OKEP.
L 06/06/2011 - 23:04:55: [admin_amxbans.amxx] Login: "TaHbko<1372><STEAM_0:1:40319687><>" became an admin (account "TaHbko") (access "at") (address "109.191.140.27")
L 06/06/2011 - 23:07:57: [amxbans.amxx] [Amxbans] Запрос провален!
L 06/06/2011 - 23:07:57: [amxbans.amxx] [Amxbans] Ошибка, адрес: 18
L 06/06/2011 - 23:07:57: [amxbans.amxx] [Amxbans] Сообщение: You have an error in your SQL syntax; check the manual that corresponds to your MySQL server version for the right syntax to use near ''' at line 1 (1064)
L 06/06/2011 - 23:07:57: [amxbans.amxx] [Amxbans] Статус запроса: 
L 06/06/2011 - 23:08:00: [admin_amxbans.amxx] Login: "~Helena~<1382><STEAM_0:4:1333841770><>" became an admin (account "~Helena~") (access "at") (address "109.124.93.54")
L 06/06/2011 - 23:08:06: [amxbans.amxx] [Amxbans] Запрос провален!
L 06/06/2011 - 23:08:06: [amxbans.amxx] [Amxbans] Ошибка, адрес: 18
L 06/06/2011 - 23:08:06: [amxbans.amxx] [Amxbans] Сообщение: You have an error in your SQL syntax; check the manual that corresponds to your MySQL server version for the right syntax to use near ''' at line 1 (1064)
L 06/06/2011 - 23:08:06: [amxbans.amxx] [Amxbans] Статус запроса: 
L 06/06/2011 - 23:17:11: -------- Mapchange to zm_army --------
L 06/06/2011 - 23:17:12: [admin_amxbans.amxx] Login: "~Helena~<1382><STEAM_0:4:1333841770><>" became an admin (account "~Helena~") (access "at") (address "109.124.93.54")
L 06/06/2011 - 23:17:12: [admin_amxbans.amxx] Login: ".::T9o::.<1325><STEAM_0:0:1836044300><>" became an admin (account ".::T9o::.") (access "abcdefgijmnopqtu") (address "78.37.212.212")
L 06/06/2011 - 23:17:13: [amxbans.amxx] [AMXBANS] AMXBans 5.0 подключен
L 06/06/2011 - 23:17:18: [amxbans.amxx] [Amxbans] Запрос провален!
L 06/06/2011 - 23:17:18: [amxbans.amxx] [Amxbans] Ошибка, адрес: 18
L 06/06/2011 - 23:17:18: [amxbans.amxx] [Amxbans] Сообщение: You have an error in your SQL syntax; check the manual that corresponds to your MySQL server version for the right syntax to use near ''' at line 1 (1064)
L 06/06/2011 - 23:17:18: [amxbans.amxx] [Amxbans] Статус запроса: 
L 06/06/2011 - 23:17:27: [amxbans.amxx] [Amxbans] Запрос провален!
L 06/06/2011 - 23:17:27: [amxbans.amxx] [Amxbans] Ошибка, адрес: 18
L 06/06/2011 - 23:17:27: [amxbans.amxx] [Amxbans] Сообщение: You have an error in your SQL syntax; check the manual that corresponds to your MySQL server version for the right syntax to use near ''' at line 1 (1064)
L 06/06/2011 - 23:17:27: [amxbans.amxx] [Amxbans] Статус запроса: 
L 06/06/2011 - 23:18:22: [plmenu.amxx] Cmd: ".::T9o::.<1325><STEAM_0:0:1836044300><>" transfer ".::T9o::.<1325><STEAM_0:0:1836044300><>" (team "CT")
L 06/06/2011 - 23:20:40: [plmenu.amxx] Cmd: ".::T9o::.<1325><STEAM_0:0:1836044300><>" transfer ".::T9o::.<1325><STEAM_0:0:1836044300><>" (team "TERRORIST")
L 06/06/2011 - 23:30:18: [admin_amxbans.amxx] Login: "Vik<1424><STEAM_0:4:566940394><>" became an admin (account "Vik") (access "at") (address "109.71.201.234")
L 06/06/2011 - 23:39:14: -------- Mapchange to zm_dust_base_fin --------
L 06/06/2011 - 23:39:15: [admin_amxbans.amxx] Login: "Vik<1424><STEAM_0:4:566940394><>" became an admin (account "Vik") (access "at") (address "109.71.201.234")
L 06/06/2011 - 23:39:15: [admin_amxbans.amxx] Login: ".::T9o::.<1325><STEAM_0:0:1836044300><>" became an admin (account ".::T9o::.") (access "abcdefgijmnopqtu") (address "78.37.212.212")
L 06/06/2011 - 23:39:16: [amxbans.amxx] [AMXBANS] AMXBans 5.0 подключен
L 06/06/2011 - 23:42:50: [admin_amxbans.amxx] Login: "GDfresh<1446><STEAM_0:4:934684650><>" became an admin (account "GDfresh") (access "at") (address "109.173.48.198")
L 06/06/2011 - 23:47:33: [plmenu.amxx] Kick: ".::T9o::.<1325><STEAM_0:0:1836044300><>" kick "( _._ )<1426><STEAM_0:4:24996595><>"
L 06/06/2011 - 23:47:43: [plmenu.amxx] Kick: ".::T9o::.<1325><STEAM_0:0:1836044300><>" kick ".::T9o::.<1325><STEAM_0:0:1836044300><>"
L 06/06/2011 - 23:53:49: [admin_amxbans.amxx] Login: "TaHbko<1453><STEAM_0:1:40319687><>" became an admin (account "TaHbko") (access "at") (address "109.191.140.27")
