L 10/24/2011 - 00:07:45: -------- Mapchange to ze_egypt --------
L 10/24/2011 - 00:07:46: [amxbans.amxx] [AMXBANS] AMXBans 5.0 is online
L 10/24/2011 - 00:07:50: [amxbans.amxx] [Amxbans] Query failed!
L 10/24/2011 - 00:07:50: [amxbans.amxx] [Amxbans] Threaded query error, location: 18
L 10/24/2011 - 00:07:50: [amxbans.amxx] [Amxbans] Message: You have an error in your SQL syntax; check the manual that corresponds to your MySQL server version for the right syntax to use near ''amxbans' at line 1 (1064)
L 10/24/2011 - 00:07:50: [amxbans.amxx] [Amxbans] Query statement: 
L 10/24/2011 - 00:07:52: [amxbans.amxx] [Amxbans] Query failed!
L 10/24/2011 - 00:07:52: [amxbans.amxx] [Amxbans] Threaded query error, location: 18
L 10/24/2011 - 00:07:52: [amxbans.amxx] [Amxbans] Message: You have an error in your SQL syntax; check the manual that corresponds to your MySQL server version for the right syntax to use near ''amxbans' at line 1 (1064)
L 10/24/2011 - 00:07:52: [amxbans.amxx] [Amxbans] Query statement: 
L 10/24/2011 - 00:11:32: [amxbans.amxx] [Amxbans] Query failed!
L 10/24/2011 - 00:11:32: [amxbans.amxx] [Amxbans] Threaded query error, location: 18
L 10/24/2011 - 00:11:32: [amxbans.amxx] [Amxbans] Message: You have an error in your SQL syntax; check the manual that corresponds to your MySQL server version for the right syntax to use near ''amxba' at line 1 (1064)
L 10/24/2011 - 00:11:32: [amxbans.amxx] [Amxbans] Query statement: 
L 10/24/2011 - 00:11:37: [amxbans.amxx] [Amxbans] Query failed!
L 10/24/2011 - 00:11:37: [amxbans.amxx] [Amxbans] Threaded query error, location: 18
L 10/24/2011 - 00:11:37: [amxbans.amxx] [Amxbans] Message: You have an error in your SQL syntax; check the manual that corresponds to your MySQL server version for the right syntax to use near ''amxba' at line 1 (1064)
L 10/24/2011 - 00:11:37: [amxbans.amxx] [Amxbans] Query statement: 
L 10/24/2011 - 00:24:42: -------- Mapchange to zm_caca --------
L 10/24/2011 - 00:24:44: [amxbans.amxx] [AMXBANS] AMXBans 5.0 is online
L 10/24/2011 - 00:24:47: [amxbans.amxx] [Amxbans] Query failed!
L 10/24/2011 - 00:24:47: [amxbans.amxx] [Amxbans] Threaded query error, location: 18
L 10/24/2011 - 00:24:47: [amxbans.amxx] [Amxbans] Message: You have an error in your SQL syntax; check the manual that corresponds to your MySQL server version for the right syntax to use near ''amxba' at line 1 (1064)
L 10/24/2011 - 00:24:47: [amxbans.amxx] [Amxbans] Query statement: 
L 10/24/2011 - 00:31:54: [amxbans.amxx] [Amxbans] Query failed!
L 10/24/2011 - 00:31:54: [amxbans.amxx] [Amxbans] Threaded query error, location: 18
L 10/24/2011 - 00:31:54: [amxbans.amxx] [Amxbans] Message: You have an error in your SQL syntax; check the manual that corresponds to your MySQL server version for the right syntax to use near ''amxbans' at line 1 (1064)
L 10/24/2011 - 00:31:54: [amxbans.amxx] [Amxbans] Query statement: 
L 10/24/2011 - 00:44:52: -------- Mapchange to zm_dust_brick_b1_fx --------
L 10/24/2011 - 00:44:53: [amxbans.amxx] [AMXBANS] AMXBans 5.0 is online
L 10/24/2011 - 00:44:57: [amxbans.amxx] [Amxbans] Query failed!
L 10/24/2011 - 00:44:57: [amxbans.amxx] [Amxbans] Threaded query error, location: 18
L 10/24/2011 - 00:44:57: [amxbans.amxx] [Amxbans] Message: You have an error in your SQL syntax; check the manual that corresponds to your MySQL server version for the right syntax to use near ''amxba' at line 1 (1064)
L 10/24/2011 - 00:44:57: [amxbans.amxx] [Amxbans] Query statement: 
L 10/24/2011 - 01:07:19: -------- Mapchange to zm_303 --------
L 10/24/2011 - 01:07:21: [amxbans.amxx] [AMXBANS] AMXBans 5.0 is online
L 10/24/2011 - 01:07:24: [amxbans.amxx] [Amxbans] Query failed!
L 10/24/2011 - 01:07:24: [amxbans.amxx] [Amxbans] Threaded query error, location: 18
L 10/24/2011 - 01:07:24: [amxbans.amxx] [Amxbans] Message: You have an error in your SQL syntax; check the manual that corresponds to your MySQL server version for the right syntax to use near ''amxba' at line 1 (1064)
L 10/24/2011 - 01:07:24: [amxbans.amxx] [Amxbans] Query statement: 
L 10/24/2011 - 01:29:41: -------- Mapchange to zm_houses --------
L 10/24/2011 - 01:29:42: [amxbans.amxx] [AMXBANS] AMXBans 5.0 is online
L 10/24/2011 - 01:29:45: [amxbans.amxx] [Amxbans] Query failed!
L 10/24/2011 - 01:29:45: [amxbans.amxx] [Amxbans] Threaded query error, location: 18
L 10/24/2011 - 01:29:45: [amxbans.amxx] [Amxbans] Message: You have an error in your SQL syntax; check the manual that corresponds to your MySQL server version for the right syntax to use near ''amxba' at line 1 (1064)
L 10/24/2011 - 01:29:45: [amxbans.amxx] [Amxbans] Query statement: 
L 10/24/2011 - 01:52:27: -------- Mapchange to zm_deadly_assault --------
L 10/24/2011 - 01:52:28: [amxbans.amxx] [AMXBANS] AMXBans 5.0 is online
L 10/24/2011 - 01:52:31: [amxbans.amxx] [Amxbans] Query failed!
L 10/24/2011 - 01:52:31: [amxbans.amxx] [Amxbans] Threaded query error, location: 18
L 10/24/2011 - 01:52:31: [amxbans.amxx] [Amxbans] Message: You have an error in your SQL syntax; check the manual that corresponds to your MySQL server version for the right syntax to use near ''amxba' at line 1 (1064)
L 10/24/2011 - 01:52:31: [amxbans.amxx] [Amxbans] Query statement: 
L 10/24/2011 - 02:13:32: -------- Mapchange to zm_decline2k --------
L 10/24/2011 - 02:13:33: [amxbans.amxx] [AMXBANS] AMXBans 5.0 is online
L 10/24/2011 - 02:13:36: [amxbans.amxx] [Amxbans] Query failed!
L 10/24/2011 - 02:13:36: [amxbans.amxx] [Amxbans] Threaded query error, location: 18
L 10/24/2011 - 02:13:36: [amxbans.amxx] [Amxbans] Message: You have an error in your SQL syntax; check the manual that corresponds to your MySQL server version for the right syntax to use near ''amxba' at line 1 (1064)
L 10/24/2011 - 02:13:36: [amxbans.amxx] [Amxbans] Query statement: 
L 10/24/2011 - 02:35:07: -------- Mapchange to zm_fdust2x2 --------
L 10/24/2011 - 02:35:08: [amxbans.amxx] [AMXBANS] AMXBans 5.0 is online
L 10/24/2011 - 02:35:13: [amxbans.amxx] [Amxbans] Query failed!
L 10/24/2011 - 02:35:13: [amxbans.amxx] [Amxbans] Threaded query error, location: 18
L 10/24/2011 - 02:35:13: [amxbans.amxx] [Amxbans] Message: You have an error in your SQL syntax; check the manual that corresponds to your MySQL server version for the right syntax to use near ''amxba' at line 1 (1064)
L 10/24/2011 - 02:35:13: [amxbans.amxx] [Amxbans] Query statement: 
L 10/24/2011 - 02:57:29: -------- Mapchange to ze_jurassicpark --------
L 10/24/2011 - 02:57:31: [amxbans.amxx] [AMXBANS] AMXBans 5.0 is online
L 10/24/2011 - 02:57:33: [amxbans.amxx] [Amxbans] Query failed!
L 10/24/2011 - 02:57:33: [amxbans.amxx] [Amxbans] Threaded query error, location: 18
L 10/24/2011 - 02:57:33: [amxbans.amxx] [Amxbans] Message: You have an error in your SQL syntax; check the manual that corresponds to your MySQL server version for the right syntax to use near ''amxba' at line 1 (1064)
L 10/24/2011 - 02:57:33: [amxbans.amxx] [Amxbans] Query statement: 
L 10/24/2011 - 03:15:29: -------- Mapchange to 016 --------
L 10/24/2011 - 03:15:30: [amxbans.amxx] [AMXBANS] AMXBans 5.0 is online
L 10/24/2011 - 03:15:32: [amxbans.amxx] [Amxbans] Query failed!
L 10/24/2011 - 03:15:32: [amxbans.amxx] [Amxbans] Threaded query error, location: 18
L 10/24/2011 - 03:15:32: [amxbans.amxx] [Amxbans] Message: You have an error in your SQL syntax; check the manual that corresponds to your MySQL server version for the right syntax to use near ''amxba' at line 1 (1064)
L 10/24/2011 - 03:15:32: [amxbans.amxx] [Amxbans] Query statement: 
L 10/24/2011 - 03:46:48: -------- Mapchange to zm_666_brick --------
L 10/24/2011 - 03:46:50: [amxbans.amxx] [AMXBANS] AMXBans 5.0 is online
L 10/24/2011 - 03:54:18: -------- Mapchange to awp_city --------
L 10/24/2011 - 03:54:20: [amxbans.amxx] [AMXBANS] AMXBans 5.0 is online
L 10/24/2011 - 04:06:07: -------- Mapchange to zm_xata --------
L 10/24/2011 - 04:06:09: [amxbans.amxx] [AMXBANS] AMXBans 5.0 is online
L 10/24/2011 - 04:35:14: -------- Mapchange to zm_alfresco_v2 --------
L 10/24/2011 - 04:35:15: [amxbans.amxx] [AMXBANS] AMXBans 5.0 is online
L 10/24/2011 - 04:38:14: -------- Mapchange to awp_city --------
L 10/24/2011 - 04:38:15: [amxbans.amxx] [AMXBANS] AMXBans 5.0 is online
L 10/24/2011 - 04:53:35: -------- Mapchange to zm_neris --------
L 10/24/2011 - 04:53:37: [amxbans.amxx] [AMXBANS] AMXBans 5.0 is online
L 10/24/2011 - 04:56:35: -------- Mapchange to awp_city --------
L 10/24/2011 - 04:56:37: [amxbans.amxx] [AMXBANS] AMXBans 5.0 is online
L 10/24/2011 - 05:06:30: -------- Mapchange to awp_city --------
L 10/24/2011 - 05:06:32: [amxbans.amxx] [AMXBANS] AMXBans 5.0 is online
L 10/24/2011 - 05:14:52: -------- Mapchange to ze_egypt --------
L 10/24/2011 - 05:14:53: [amxbans.amxx] [AMXBANS] AMXBans 5.0 is online
L 10/24/2011 - 05:18:03: -------- Mapchange to awp_city --------
L 10/24/2011 - 05:18:04: [amxbans.amxx] [AMXBANS] AMXBans 5.0 is online
L 10/24/2011 - 05:32:43: -------- Mapchange to awp_city --------
L 10/24/2011 - 05:32:44: [amxbans.amxx] [AMXBANS] AMXBans 5.0 is online
L 10/24/2011 - 05:41:04: -------- Mapchange to 016 --------
L 10/24/2011 - 05:41:06: [amxbans.amxx] [AMXBANS] AMXBans 5.0 is online
L 10/24/2011 - 05:44:04: -------- Mapchange to awp_city --------
L 10/24/2011 - 05:44:06: [amxbans.amxx] [AMXBANS] AMXBans 5.0 is online
L 10/24/2011 - 05:52:40: -------- Mapchange to ze_lift_escape_b5 --------
L 10/24/2011 - 05:52:42: [amxbans.amxx] [AMXBANS] AMXBans 5.0 is online
L 10/24/2011 - 05:57:52: -------- Mapchange to awp_city --------
L 10/24/2011 - 05:57:54: [amxbans.amxx] [AMXBANS] AMXBans 5.0 is online
L 10/24/2011 - 06:06:44: -------- Mapchange to zm_caca --------
L 10/24/2011 - 06:06:46: [amxbans.amxx] [AMXBANS] AMXBans 5.0 is online
L 10/24/2011 - 06:09:44: -------- Mapchange to awp_city --------
L 10/24/2011 - 06:09:46: [amxbans.amxx] [AMXBANS] AMXBans 5.0 is online
L 10/24/2011 - 06:24:54: -------- Mapchange to awp_city --------
L 10/24/2011 - 06:24:56: [amxbans.amxx] [AMXBANS] AMXBans 5.0 is online
L 10/24/2011 - 06:33:15: -------- Mapchange to zm_666_brick --------
L 10/24/2011 - 06:33:17: [amxbans.amxx] [AMXBANS] AMXBans 5.0 is online
L 10/24/2011 - 06:36:16: -------- Mapchange to awp_city --------
L 10/24/2011 - 06:36:17: [amxbans.amxx] [AMXBANS] AMXBans 5.0 is online
L 10/24/2011 - 06:47:41: -------- Mapchange to awp_city --------
L 10/24/2011 - 06:47:42: [amxbans.amxx] [AMXBANS] AMXBans 5.0 is online
L 10/24/2011 - 07:03:07: -------- Mapchange to zm_neris --------
L 10/24/2011 - 07:03:09: [amxbans.amxx] [AMXBANS] AMXBans 5.0 is online
L 10/24/2011 - 07:06:07: -------- Mapchange to awp_city --------
L 10/24/2011 - 07:06:09: [amxbans.amxx] [AMXBANS] AMXBans 5.0 is online
L 10/24/2011 - 07:16:02: -------- Mapchange to awp_city --------
L 10/24/2011 - 07:16:04: [amxbans.amxx] [AMXBANS] AMXBans 5.0 is online
L 10/24/2011 - 07:25:57: -------- Mapchange to awp_city --------
L 10/24/2011 - 07:25:59: [amxbans.amxx] [AMXBANS] AMXBans 5.0 is online
L 10/24/2011 - 07:35:52: -------- Mapchange to awp_city --------
L 10/24/2011 - 07:35:54: [amxbans.amxx] [AMXBANS] AMXBans 5.0 is online
L 10/24/2011 - 07:49:02: -------- Mapchange to awp_city --------
L 10/24/2011 - 07:49:04: [amxbans.amxx] [AMXBANS] AMXBans 5.0 is online
L 10/24/2011 - 08:03:12: -------- Mapchange to awp_city --------
L 10/24/2011 - 08:03:14: [amxbans.amxx] [AMXBANS] AMXBans 5.0 is online
L 10/24/2011 - 08:13:20: -------- Mapchange to 016 --------
L 10/24/2011 - 08:13:21: [amxbans.amxx] [AMXBANS] AMXBans 5.0 is online
L 10/24/2011 - 08:43:37: -------- Mapchange to zm_303 --------
L 10/24/2011 - 08:43:39: [amxbans.amxx] [AMXBANS] AMXBans 5.0 is online
L 10/24/2011 - 09:04:23: -------- Mapchange to ze_jurassicpark --------
L 10/24/2011 - 09:04:25: [amxbans.amxx] [AMXBANS] AMXBans 5.0 is online
L 10/24/2011 - 09:22:04: -------- Mapchange to zm_caca --------
L 10/24/2011 - 09:22:05: [amxbans.amxx] [AMXBANS] AMXBans 5.0 is online
L 10/24/2011 - 10:00:56: -------- Mapchange to ze_egypt --------
L 10/24/2011 - 10:00:58: [amxbans.amxx] [AMXBANS] AMXBans 5.0 is online
L 10/24/2011 - 10:17:00: -------- Mapchange to zm_fdust2x2 --------
L 10/24/2011 - 10:17:02: [amxbans.amxx] [AMXBANS] AMXBans 5.0 is online
L 10/24/2011 - 10:37:00: -------- Mapchange to zm_666_brick --------
L 10/24/2011 - 10:37:02: [amxbans.amxx] [AMXBANS] AMXBans 5.0 is online
L 10/24/2011 - 11:10:02: -------- Mapchange to zm_alfresco_v2 --------
L 10/24/2011 - 11:10:04: [amxbans.amxx] [AMXBANS] AMXBans 5.0 is online
L 10/24/2011 - 11:31:37: -------- Mapchange to ze_lift_escape_b5 --------
L 10/24/2011 - 11:31:39: [amxbans.amxx] [AMXBANS] AMXBans 5.0 is online
L 10/24/2011 - 11:46:39: -------- Mapchange to 016 --------
L 10/24/2011 - 11:46:41: [amxbans.amxx] [AMXBANS] AMXBans 5.0 is online
L 10/24/2011 - 12:16:51: -------- Mapchange to zm_dust_brick_b1_fx --------
L 10/24/2011 - 12:16:53: [amxbans.amxx] [AMXBANS] AMXBans 5.0 is online
L 10/24/2011 - 12:40:25: -------- Mapchange to zm_cpl_mill_kamp --------
L 10/24/2011 - 12:40:26: [amxbans.amxx] [AMXBANS] AMXBans 5.0 is online
L 10/24/2011 - 12:42:24: [amxbans.amxx] [Amxbans] Query failed!
L 10/24/2011 - 12:42:24: [amxbans.amxx] [Amxbans] Threaded query error, location: 18
L 10/24/2011 - 12:42:24: [amxbans.amxx] [Amxbans] Message: You have an error in your SQL syntax; check the manual that corresponds to your MySQL server version for the right syntax to use near ''amxbans' at line 1 (1064)
L 10/24/2011 - 12:42:24: [amxbans.amxx] [Amxbans] Query statement: 
L 10/24/2011 - 13:01:33: -------- Mapchange to ze_jurassicpark --------
L 10/24/2011 - 13:01:35: [amxbans.amxx] [AMXBANS] AMXBans 5.0 is online
L 10/24/2011 - 13:01:37: [amxbans.amxx] [Amxbans] Query failed!
L 10/24/2011 - 13:01:37: [amxbans.amxx] [Amxbans] Threaded query error, location: 18
L 10/24/2011 - 13:01:37: [amxbans.amxx] [Amxbans] Message: You have an error in your SQL syntax; check the manual that corresponds to your MySQL server version for the right syntax to use near ''amxbans' at line 1 (1064)
L 10/24/2011 - 13:01:37: [amxbans.amxx] [Amxbans] Query statement: 
L 10/24/2011 - 13:02:32: [amxbans.amxx] [Amxbans] Query failed!
L 10/24/2011 - 13:02:32: [amxbans.amxx] [Amxbans] Threaded query error, location: 18
L 10/24/2011 - 13:02:32: [amxbans.amxx] [Amxbans] Message: You have an error in your SQL syntax; check the manual that corresponds to your MySQL server version for the right syntax to use near ''amxbans' at line 1 (1064)
L 10/24/2011 - 13:02:32: [amxbans.amxx] [Amxbans] Query statement: 
L 10/24/2011 - 13:20:14: -------- Mapchange to zm_caca --------
L 10/24/2011 - 13:20:16: [amxbans.amxx] [AMXBANS] AMXBans 5.0 is online
L 10/24/2011 - 13:20:19: [amxbans.amxx] [Amxbans] Query failed!
L 10/24/2011 - 13:20:19: [amxbans.amxx] [Amxbans] Threaded query error, location: 18
L 10/24/2011 - 13:20:19: [amxbans.amxx] [Amxbans] Message: You have an error in your SQL syntax; check the manual that corresponds to your MySQL server version for the right syntax to use near ''amxbans' at line 1 (1064)
L 10/24/2011 - 13:20:19: [amxbans.amxx] [Amxbans] Query statement: 
L 10/24/2011 - 13:20:41: [amxbans.amxx] [Amxbans] Query failed!
L 10/24/2011 - 13:20:41: [amxbans.amxx] [Amxbans] Threaded query error, location: 18
L 10/24/2011 - 13:20:41: [amxbans.amxx] [Amxbans] Message: You have an error in your SQL syntax; check the manual that corresponds to your MySQL server version for the right syntax to use near ''amxbans' at line 1 (1064)
L 10/24/2011 - 13:20:41: [amxbans.amxx] [Amxbans] Query statement: 
L 10/24/2011 - 13:22:08: [amxbans.amxx] [Amxbans] Query failed!
L 10/24/2011 - 13:22:08: [amxbans.amxx] [Amxbans] Threaded query error, location: 18
L 10/24/2011 - 13:22:08: [amxbans.amxx] [Amxbans] Message: You have an error in your SQL syntax; check the manual that corresponds to your MySQL server version for the right syntax to use near ''amxbans' at line 1 (1064)
L 10/24/2011 - 13:22:08: [amxbans.amxx] [Amxbans] Query statement: 
L 10/24/2011 - 13:27:39: [amxbans.amxx] [Amxbans] Query failed!
L 10/24/2011 - 13:27:39: [amxbans.amxx] [Amxbans] Threaded query error, location: 18
L 10/24/2011 - 13:27:39: [amxbans.amxx] [Amxbans] Message: You have an error in your SQL syntax; check the manual that corresponds to your MySQL server version for the right syntax to use near ''amxbans' at line 1 (1064)
L 10/24/2011 - 13:27:39: [amxbans.amxx] [Amxbans] Query statement: 
L 10/24/2011 - 13:28:22: [amxbans.amxx] [Amxbans] Query failed!
L 10/24/2011 - 13:28:22: [amxbans.amxx] [Amxbans] Threaded query error, location: 18
L 10/24/2011 - 13:28:22: [amxbans.amxx] [Amxbans] Message: You have an error in your SQL syntax; check the manual that corresponds to your MySQL server version for the right syntax to use near ''amxbans' at line 1 (1064)
L 10/24/2011 - 13:28:22: [amxbans.amxx] [Amxbans] Query statement: 
L 10/24/2011 - 13:41:08: -------- Mapchange to ze_egypt --------
L 10/24/2011 - 13:41:10: [amxbans.amxx] [AMXBANS] AMXBans 5.0 is online
L 10/24/2011 - 13:41:15: [amxbans.amxx] [Amxbans] Query failed!
L 10/24/2011 - 13:41:15: [amxbans.amxx] [Amxbans] Threaded query error, location: 18
L 10/24/2011 - 13:41:15: [amxbans.amxx] [Amxbans] Message: You have an error in your SQL syntax; check the manual that corresponds to your MySQL server version for the right syntax to use near ''amxbans' at line 1 (1064)
L 10/24/2011 - 13:41:15: [amxbans.amxx] [Amxbans] Query statement: 
L 10/24/2011 - 13:41:15: [amxbans.amxx] [Amxbans] Query failed!
L 10/24/2011 - 13:41:15: [amxbans.amxx] [Amxbans] Threaded query error, location: 18
L 10/24/2011 - 13:41:15: [amxbans.amxx] [Amxbans] Message: You have an error in your SQL syntax; check the manual that corresponds to your MySQL server version for the right syntax to use near ''amxbans' at line 1 (1064)
L 10/24/2011 - 13:41:15: [amxbans.amxx] [Amxbans] Query statement: 
L 10/24/2011 - 13:41:17: [amxbans.amxx] [Amxbans] Query failed!
L 10/24/2011 - 13:41:17: [amxbans.amxx] [Amxbans] Threaded query error, location: 18
L 10/24/2011 - 13:41:17: [amxbans.amxx] [Amxbans] Message: You have an error in your SQL syntax; check the manual that corresponds to your MySQL server version for the right syntax to use near ''amxbans' at line 1 (1064)
L 10/24/2011 - 13:41:17: [amxbans.amxx] [Amxbans] Query statement: 
L 10/24/2011 - 13:41:21: [amxbans.amxx] [Amxbans] Query failed!
L 10/24/2011 - 13:41:21: [amxbans.amxx] [Amxbans] Threaded query error, location: 18
L 10/24/2011 - 13:41:21: [amxbans.amxx] [Amxbans] Message: You have an error in your SQL syntax; check the manual that corresponds to your MySQL server version for the right syntax to use near ''amxbans' at line 1 (1064)
L 10/24/2011 - 13:41:21: [amxbans.amxx] [Amxbans] Query statement: 
L 10/24/2011 - 13:41:24: [amxbans.amxx] [Amxbans] Query failed!
L 10/24/2011 - 13:41:24: [amxbans.amxx] [Amxbans] Threaded query error, location: 18
L 10/24/2011 - 13:41:24: [amxbans.amxx] [Amxbans] Message: You have an error in your SQL syntax; check the manual that corresponds to your MySQL server version for the right syntax to use near ''amxbans' at line 1 (1064)
L 10/24/2011 - 13:41:24: [amxbans.amxx] [Amxbans] Query statement: 
L 10/24/2011 - 13:42:43: [amxbans.amxx] [Amxbans] Query failed!
L 10/24/2011 - 13:42:43: [amxbans.amxx] [Amxbans] Threaded query error, location: 18
L 10/24/2011 - 13:42:43: [amxbans.amxx] [Amxbans] Message: You have an error in your SQL syntax; check the manual that corresponds to your MySQL server version for the right syntax to use near ''amxbans' at line 1 (1064)
L 10/24/2011 - 13:42:43: [amxbans.amxx] [Amxbans] Query statement: 
L 10/24/2011 - 13:42:49: [amxbans.amxx] [Amxbans] Query failed!
L 10/24/2011 - 13:42:49: [amxbans.amxx] [Amxbans] Threaded query error, location: 18
L 10/24/2011 - 13:42:49: [amxbans.amxx] [Amxbans] Message: You have an error in your SQL syntax; check the manual that corresponds to your MySQL server version for the right syntax to use near ''amxbans' at line 1 (1064)
L 10/24/2011 - 13:42:49: [amxbans.amxx] [Amxbans] Query statement: 
L 10/24/2011 - 13:55:07: [admin_amxbans.amxx] Login: "Drey<3555><STEAM_0:0:41300771><>" became an admin (account "Drey") (access "t") (address "89.222.180.227")
L 10/24/2011 - 13:55:11: [admin_amxbans.amxx] Login: "Drey<3556><STEAM_0:0:41300771><>" became an admin (account "Drey") (access "t") (address "89.222.180.227")
L 10/24/2011 - 13:58:11: -------- Mapchange to zm_deadly_assault --------
L 10/24/2011 - 13:58:11: [admin_amxbans.amxx] Login: "Drey<3556><STEAM_0:0:41300771><>" became an admin (account "Drey") (access "t") (address "89.222.180.227")
L 10/24/2011 - 13:58:12: [admin_amxbans.amxx] Login: "Drey<3561><STEAM_0:0:41300771><>" became an admin (account "Drey") (access "t") (address "89.222.180.227")
L 10/24/2011 - 13:58:12: [amxbans.amxx] [AMXBANS] AMXBans 5.0 is online
L 10/24/2011 - 13:58:20: [amxbans.amxx] [Amxbans] Query failed!
L 10/24/2011 - 13:58:20: [amxbans.amxx] [Amxbans] Threaded query error, location: 18
L 10/24/2011 - 13:58:20: [amxbans.amxx] [Amxbans] Message: You have an error in your SQL syntax; check the manual that corresponds to your MySQL server version for the right syntax to use near ''amxbans' at line 1 (1064)
L 10/24/2011 - 13:58:20: [amxbans.amxx] [Amxbans] Query statement: 
L 10/24/2011 - 14:09:40: [amxbans.amxx] [Amxbans] Query failed!
L 10/24/2011 - 14:09:40: [amxbans.amxx] [Amxbans] Threaded query error, location: 18
L 10/24/2011 - 14:09:40: [amxbans.amxx] [Amxbans] Message: You have an error in your SQL syntax; check the manual that corresponds to your MySQL server version for the right syntax to use near ''amxbans' at line 1 (1064)
L 10/24/2011 - 14:09:40: [amxbans.amxx] [Amxbans] Query statement: 
L 10/24/2011 - 14:18:33: -------- Mapchange to zm_303 --------
L 10/24/2011 - 14:18:34: [admin_amxbans.amxx] Login: "Drey<3561><STEAM_0:0:41300771><>" became an admin (account "Drey") (access "t") (address "89.222.180.227")
L 10/24/2011 - 14:18:35: [amxbans.amxx] [AMXBANS] AMXBans 5.0 is online
L 10/24/2011 - 14:18:42: [amxbans.amxx] [Amxbans] Query failed!
L 10/24/2011 - 14:18:42: [amxbans.amxx] [Amxbans] Threaded query error, location: 18
L 10/24/2011 - 14:18:42: [amxbans.amxx] [Amxbans] Message: You have an error in your SQL syntax; check the manual that corresponds to your MySQL server version for the right syntax to use near ''amxbans' at line 1 (1064)
L 10/24/2011 - 14:18:42: [amxbans.amxx] [Amxbans] Query statement: 
L 10/24/2011 - 14:20:49: [voteban.amxx] Voteban starter Drey against ~(: c.M.e.X.i :)~ STEAM_0:4:534942065
L 10/24/2011 - 14:21:04: [voteban.amxx] [AMXX] BANNED: ~(: c.M.e.X.i :)~, STARTER: Drey
L 10/24/2011 - 14:21:19: [amxbans.amxx] [Amxbans] Query failed!
L 10/24/2011 - 14:21:19: [amxbans.amxx] [Amxbans] Threaded query error, location: 18
L 10/24/2011 - 14:21:19: [amxbans.amxx] [Amxbans] Message: You have an error in your SQL syntax; check the manual that corresponds to your MySQL server version for the right syntax to use near ''amxbans' at line 1 (1064)
L 10/24/2011 - 14:21:19: [amxbans.amxx] [Amxbans] Query statement: 
L 10/24/2011 - 14:22:16: [voteban.amxx] Voteban starter Drey against ~(: c.M.e.X.i :)~ STEAM_0:4:534942065
L 10/24/2011 - 14:22:31: [voteban.amxx] [AMXX] BANNED: ~(: c.M.e.X.i :)~, STARTER: Drey
L 10/24/2011 - 14:22:50: [amxbans.amxx] [Amxbans] Query failed!
L 10/24/2011 - 14:22:50: [amxbans.amxx] [Amxbans] Threaded query error, location: 18
L 10/24/2011 - 14:22:50: [amxbans.amxx] [Amxbans] Message: You have an error in your SQL syntax; check the manual that corresponds to your MySQL server version for the right syntax to use near ''amxbans' at line 1 (1064)
L 10/24/2011 - 14:22:50: [amxbans.amxx] [Amxbans] Query statement: 
L 10/24/2011 - 14:25:02: [admin_amxbans.amxx] Login: "Drey<3599><STEAM_0:0:41300771><>" became an admin (account "Drey") (access "t") (address "89.222.180.227")
L 10/24/2011 - 14:28:56: [amxbans.amxx] [Amxbans] Query failed!
L 10/24/2011 - 14:28:56: [amxbans.amxx] [Amxbans] Threaded query error, location: 18
L 10/24/2011 - 14:28:56: [amxbans.amxx] [Amxbans] Message: You have an error in your SQL syntax; check the manual that corresponds to your MySQL server version for the right syntax to use near ''amxbans' at line 1 (1064)
L 10/24/2011 - 14:28:56: [amxbans.amxx] [Amxbans] Query statement: 
L 10/24/2011 - 14:29:54: [amxbans.amxx] [Amxbans] Query failed!
L 10/24/2011 - 14:29:54: [amxbans.amxx] [Amxbans] Threaded query error, location: 18
L 10/24/2011 - 14:29:54: [amxbans.amxx] [Amxbans] Message: You have an error in your SQL syntax; check the manual that corresponds to your MySQL server version for the right syntax to use near ''amxbans' at line 1 (1064)
L 10/24/2011 - 14:29:54: [amxbans.amxx] [Amxbans] Query statement: 
L 10/24/2011 - 14:32:16: [amxbans.amxx] [Amxbans] Query failed!
L 10/24/2011 - 14:32:16: [amxbans.amxx] [Amxbans] Threaded query error, location: 18
L 10/24/2011 - 14:32:16: [amxbans.amxx] [Amxbans] Message: You have an error in your SQL syntax; check the manual that corresponds to your MySQL server version for the right syntax to use near ''Bantime expire' at line 1 (1064)
L 10/24/2011 - 14:32:16: [amxbans.amxx] [Amxbans] Query statement: 
L 10/24/2011 - 14:32:24: [amxbans.amxx] [Amxbans] Query failed!
L 10/24/2011 - 14:32:24: [amxbans.amxx] [Amxbans] Threaded query error, location: 18
L 10/24/2011 - 14:32:24: [amxbans.amxx] [Amxbans] Message: You have an error in your SQL syntax; check the manual that corresponds to your MySQL server version for the right syntax to use near ''Bantime expire' at line 1 (1064)
L 10/24/2011 - 14:32:24: [amxbans.amxx] [Amxbans] Query statement: 
L 10/24/2011 - 14:34:31: [voteban.amxx] Voteban starter Drey against I<DOK>I STEAM_0:0:1024020796
L 10/24/2011 - 14:34:47: [voteban.amxx] [AMXX] BANNED: I<DOK>I, STARTER: Drey
L 10/24/2011 - 14:34:48: [amxbans.amxx]  Зомби сервер (x_x(O_o)x_x) Go Zombie !!!<0><><> banned I<DOK>I<STEAM_0:0:1024020796> for 15 minutes (15 minutes). Reason: VIP->Drey.
L 10/24/2011 - 14:41:18: -------- Mapchange to zm_alfresco_v2 --------
L 10/24/2011 - 14:41:19: [admin_amxbans.amxx] Login: "Drey<3599><STEAM_0:0:41300771><>" became an admin (account "Drey") (access "t") (address "89.222.180.227")
L 10/24/2011 - 14:41:20: [amxbans.amxx] [AMXBANS] AMXBans 5.0 is online
L 10/24/2011 - 14:41:26: [amxbans.amxx] [Amxbans] Query failed!
L 10/24/2011 - 14:41:26: [amxbans.amxx] [Amxbans] Threaded query error, location: 18
L 10/24/2011 - 14:41:26: [amxbans.amxx] [Amxbans] Message: You have an error in your SQL syntax; check the manual that corresponds to your MySQL server version for the right syntax to use near ''amxbans' at line 1 (1064)
L 10/24/2011 - 14:41:26: [amxbans.amxx] [Amxbans] Query statement: 
L 10/24/2011 - 14:41:27: [amxbans.amxx] [Amxbans] Query failed!
L 10/24/2011 - 14:41:27: [amxbans.amxx] [Amxbans] Threaded query error, location: 18
L 10/24/2011 - 14:41:27: [amxbans.amxx] [Amxbans] Message: You have an error in your SQL syntax; check the manual that corresponds to your MySQL server version for the right syntax to use near ''Bantime expire' at line 1 (1064)
L 10/24/2011 - 14:41:27: [amxbans.amxx] [Amxbans] Query statement: 
L 10/24/2011 - 14:41:34: [amxbans.amxx] [Amxbans] Query failed!
L 10/24/2011 - 14:41:34: [amxbans.amxx] [Amxbans] Threaded query error, location: 18
L 10/24/2011 - 14:41:34: [amxbans.amxx] [Amxbans] Message: You have an error in your SQL syntax; check the manual that corresponds to your MySQL server version for the right syntax to use near ''Bantime expire' at line 1 (1064)
L 10/24/2011 - 14:41:34: [amxbans.amxx] [Amxbans] Query statement: 
L 10/24/2011 - 14:45:53: [amxbans.amxx] [Amxbans] Query failed!
L 10/24/2011 - 14:45:53: [amxbans.amxx] [Amxbans] Threaded query error, location: 18
L 10/24/2011 - 14:45:53: [amxbans.amxx] [Amxbans] Message: You have an error in your SQL syntax; check the manual that corresponds to your MySQL server version for the right syntax to use near ''amxbans' at line 1 (1064)
L 10/24/2011 - 14:45:53: [amxbans.amxx] [Amxbans] Query statement: 
L 10/24/2011 - 14:57:04: [amxbans.amxx] [Amxbans] Query failed!
L 10/24/2011 - 14:57:04: [amxbans.amxx] [Amxbans] Threaded query error, location: 18
L 10/24/2011 - 14:57:04: [amxbans.amxx] [Amxbans] Message: You have an error in your SQL syntax; check the manual that corresponds to your MySQL server version for the right syntax to use near ''amxbans' at line 1 (1064)
L 10/24/2011 - 14:57:04: [amxbans.amxx] [Amxbans] Query statement: 
L 10/24/2011 - 15:01:20: -------- Mapchange to ze_lift_escape_b5 --------
L 10/24/2011 - 15:01:20: [admin_amxbans.amxx] Login: "Drey<3599><STEAM_0:0:41300771><>" became an admin (account "Drey") (access "t") (address "89.222.180.227")
L 10/24/2011 - 15:01:21: [admin_amxbans.amxx] Login: "Drey<3641><STEAM_0:0:41300771><>" became an admin (account "Drey") (access "t") (address "89.222.180.227")
L 10/24/2011 - 15:01:21: [amxbans.amxx] [AMXBANS] AMXBans 5.0 is online
L 10/24/2011 - 15:01:28: [amxbans.amxx] [Amxbans] Query failed!
L 10/24/2011 - 15:01:28: [amxbans.amxx] [Amxbans] Threaded query error, location: 18
L 10/24/2011 - 15:01:28: [amxbans.amxx] [Amxbans] Message: You have an error in your SQL syntax; check the manual that corresponds to your MySQL server version for the right syntax to use near ''amxbans' at line 1 (1064)
L 10/24/2011 - 15:01:28: [amxbans.amxx] [Amxbans] Query statement: 
L 10/24/2011 - 15:01:28: [amxbans.amxx] [Amxbans] Query failed!
L 10/24/2011 - 15:01:28: [amxbans.amxx] [Amxbans] Threaded query error, location: 18
L 10/24/2011 - 15:01:28: [amxbans.amxx] [Amxbans] Message: You have an error in your SQL syntax; check the manual that corresponds to your MySQL server version for the right syntax to use near ''amxbans' at line 1 (1064)
L 10/24/2011 - 15:01:28: [amxbans.amxx] [Amxbans] Query statement: 
L 10/24/2011 - 15:01:28: [amxbans.amxx] [Amxbans] Query failed!
L 10/24/2011 - 15:01:28: [amxbans.amxx] [Amxbans] Threaded query error, location: 18
L 10/24/2011 - 15:01:28: [amxbans.amxx] [Amxbans] Message: You have an error in your SQL syntax; check the manual that corresponds to your MySQL server version for the right syntax to use near ''amxbans' at line 1 (1064)
L 10/24/2011 - 15:01:28: [amxbans.amxx] [Amxbans] Query statement: 
L 10/24/2011 - 15:01:34: [admin_amxbans.amxx] Login: "Drey<3643><STEAM_0:0:41300771><>" became an admin (account "Drey") (access "t") (address "89.222.180.227")
L 10/24/2011 - 15:03:32: [voteban.amxx] Voteban starter Drey against adidas STEAM_0:4:1255632733
L 10/24/2011 - 15:03:47: [voteban.amxx] [AMXX] BANNED: adidas, STARTER: Drey
L 10/24/2011 - 15:03:48: [amxbans.amxx]  Зомби сервер (x_x(O_o)x_x) Go Zombie !!!<0><><> banned adidas<STEAM_0:4:1255632733> for 15 minutes (15 minutes). Reason: VIP->Drey.
L 10/24/2011 - 15:06:04: [voteban.amxx] Voteban starter Drey against Mr.Fox|Patron Dead STEAM_0:0:1298648719
L 10/24/2011 - 15:06:19: [voteban.amxx] [AMXX] BANNED: Mr.Fox|Patron Dead, STARTER: Drey
L 10/24/2011 - 15:06:20: [amxbans.amxx]  Зомби сервер (x_x(O_o)x_x) Go Zombie !!!<0><><> banned Mr.Fox|Patron Dead<STEAM_0:0:1298648719> for 15 minutes (15 minutes). Reason: VIP->Drey.
L 10/24/2011 - 15:10:25: [voteban.amxx] Voteban starter Drey against Egorka STEAM_0:0:1439672928
L 10/24/2011 - 15:10:40: [voteban.amxx] [AMXX] BANNED: Egorka, STARTER: Drey
L 10/24/2011 - 15:10:41: [amxbans.amxx]  Зомби сервер (x_x(O_o)x_x) Go Zombie !!!<0><><> banned Egorka<STEAM_0:0:1439672928> for 15 minutes (15 minutes). Reason: VIP->Drey.
L 10/24/2011 - 15:13:10: [amxbans.amxx] [Amxbans] Query failed!
L 10/24/2011 - 15:13:10: [amxbans.amxx] [Amxbans] Threaded query error, location: 18
L 10/24/2011 - 15:13:10: [amxbans.amxx] [Amxbans] Message: You have an error in your SQL syntax; check the manual that corresponds to your MySQL server version for the right syntax to use near ''Bantime expir' at line 1 (1064)
L 10/24/2011 - 15:13:10: [amxbans.amxx] [Amxbans] Query statement: 
L 10/24/2011 - 15:14:34: [voteban.amxx] Voteban starter Drey against Misti|K| STEAM_0:0:870545218
L 10/24/2011 - 15:14:49: [voteban.amxx] [AMXX] BANNED: Misti|K|, STARTER: Drey
L 10/24/2011 - 15:14:50: [amxbans.amxx]  Зомби сервер (x_x(O_o)x_x) Go Zombie !!!<0><><> banned Misti|K|<STEAM_0:0:870545218> for 15 minutes (15 minutes). Reason: VIP->Drey.
L 10/24/2011 - 15:15:32: [voteban.amxx] Voteban starter Drey against $$$@@@VLAD@@@$$$ STEAM_0:0:424267701
L 10/24/2011 - 15:15:47: [voteban.amxx] [AMXX] BANNED: $$$@@@VLAD@@@$$$, STARTER: Drey
L 10/24/2011 - 15:15:49: [amxbans.amxx]  Зомби сервер (x_x(O_o)x_x) Go Zombie !!!<0><><> banned $$$@@@VLAD@@@$$$<STEAM_0:0:424267701> for 15 minutes (15 minutes). Reason: VIP->Drey.
L 10/24/2011 - 15:17:21: [admin_amxbans.amxx] Login: "Kenny<3669><STEAM_0:0:963405193><>" became an admin (account "Kenny") (access "abcdefgijmnopqtu") (address "87.253.19.182")
L 10/24/2011 - 15:17:39: [admincmd.amxx] Cmd: "Kenny<3669><STEAM_0:0:963405193><>" ask for players list
L 10/24/2011 - 15:18:49: -------- Mapchange to zm_fdust2x2 --------
L 10/24/2011 - 15:18:50: [admin_amxbans.amxx] Login: "Drey<3643><STEAM_0:0:41300771><>" became an admin (account "Drey") (access "t") (address "89.222.180.227")
L 10/24/2011 - 15:18:50: [admin_amxbans.amxx] Login: "Kenny<3669><STEAM_0:0:963405193><>" became an admin (account "Kenny") (access "abcdefgijmnopqtu") (address "87.253.19.182")
L 10/24/2011 - 15:18:51: [amxbans.amxx] [AMXBANS] AMXBans 5.0 is online
L 10/24/2011 - 15:18:57: [amxbans.amxx] [Amxbans] Query failed!
L 10/24/2011 - 15:18:57: [amxbans.amxx] [Amxbans] Threaded query error, location: 18
L 10/24/2011 - 15:18:57: [amxbans.amxx] [Amxbans] Message: You have an error in your SQL syntax; check the manual that corresponds to your MySQL server version for the right syntax to use near ''Bantime expir' at line 1 (1064)
L 10/24/2011 - 15:18:57: [amxbans.amxx] [Amxbans] Query statement: 
L 10/24/2011 - 15:18:58: [amxbans.amxx] [Amxbans] Query failed!
L 10/24/2011 - 15:18:58: [amxbans.amxx] [Amxbans] Threaded query error, location: 18
L 10/24/2011 - 15:18:58: [amxbans.amxx] [Amxbans] Message: You have an error in your SQL syntax; check the manual that corresponds to your MySQL server version for the right syntax to use near ''amxbans' at line 1 (1064)
L 10/24/2011 - 15:18:58: [amxbans.amxx] [Amxbans] Query statement: 
L 10/24/2011 - 15:18:58: [amxbans.amxx] [Amxbans] Query failed!
L 10/24/2011 - 15:18:58: [amxbans.amxx] [Amxbans] Threaded query error, location: 18
L 10/24/2011 - 15:18:58: [amxbans.amxx] [Amxbans] Message: You have an error in your SQL syntax; check the manual that corresponds to your MySQL server version for the right syntax to use near ''amxbans' at line 1 (1064)
L 10/24/2011 - 15:18:58: [amxbans.amxx] [Amxbans] Query statement: 
L 10/24/2011 - 15:22:26: [amxbans.amxx] [Amxbans] Query failed!
L 10/24/2011 - 15:22:26: [amxbans.amxx] [Amxbans] Threaded query error, location: 18
L 10/24/2011 - 15:22:26: [amxbans.amxx] [Amxbans] Message: You have an error in your SQL syntax; check the manual that corresponds to your MySQL server version for the right syntax to use near ''amxbans' at line 1 (1064)
L 10/24/2011 - 15:22:26: [amxbans.amxx] [Amxbans] Query statement: 
L 10/24/2011 - 15:28:54: [amxbans.amxx] [Amxbans] Query failed!
L 10/24/2011 - 15:28:54: [amxbans.amxx] [Amxbans] Threaded query error, location: 18
L 10/24/2011 - 15:28:54: [amxbans.amxx] [Amxbans] Message: You have an error in your SQL syntax; check the manual that corresponds to your MySQL server version for the right syntax to use near ''amxbans' at line 1 (1064)
L 10/24/2011 - 15:28:54: [amxbans.amxx] [Amxbans] Query statement: 
L 10/24/2011 - 15:39:57: -------- Mapchange to zm_dwarf --------
L 10/24/2011 - 15:39:58: [amxbans.amxx] [AMXBANS] AMXBans 5.0 is online
L 10/24/2011 - 16:00:16: -------- Mapchange to zm_666_brick --------
L 10/24/2011 - 16:00:18: [amxbans.amxx] [AMXBANS] AMXBans 5.0 is online
L 10/24/2011 - 16:20:19: [amxbans.amxx] [Amxbans] Query failed!
L 10/24/2011 - 16:20:19: [amxbans.amxx] [Amxbans] Threaded query error, location: 18
L 10/24/2011 - 16:20:19: [amxbans.amxx] [Amxbans] Message: You have an error in your SQL syntax; check the manual that corresponds to your MySQL server version for the right syntax to use near ''Bantime expire' at line 1 (1064)
L 10/24/2011 - 16:20:19: [amxbans.amxx] [Amxbans] Query statement: 
L 10/24/2011 - 16:32:48: -------- Mapchange to 016 --------
L 10/24/2011 - 16:32:50: [amxbans.amxx] [AMXBANS] AMXBans 5.0 is online
L 10/24/2011 - 16:32:58: [amxbans.amxx] [Amxbans] Query failed!
L 10/24/2011 - 16:32:58: [amxbans.amxx] [Amxbans] Threaded query error, location: 18
L 10/24/2011 - 16:32:58: [amxbans.amxx] [Amxbans] Message: You have an error in your SQL syntax; check the manual that corresponds to your MySQL server version for the right syntax to use near ''Bantime expire' at line 1 (1064)
L 10/24/2011 - 16:32:58: [amxbans.amxx] [Amxbans] Query statement: 
L 10/24/2011 - 16:32:58: [amxbans.amxx] [Amxbans] Query failed!
L 10/24/2011 - 16:32:58: [amxbans.amxx] [Amxbans] Threaded query error, location: 18
L 10/24/2011 - 16:32:58: [amxbans.amxx] [Amxbans] Message: You have an error in your SQL syntax; check the manual that corresponds to your MySQL server version for the right syntax to use near ''amxb' at line 1 (1064)
L 10/24/2011 - 16:32:58: [amxbans.amxx] [Amxbans] Query statement: 
L 10/24/2011 - 16:43:51: [amxbans.amxx] [Amxbans] Query failed!
L 10/24/2011 - 16:43:51: [amxbans.amxx] [Amxbans] Threaded query error, location: 18
L 10/24/2011 - 16:43:51: [amxbans.amxx] [Amxbans] Message: You have an error in your SQL syntax; check the manual that corresponds to your MySQL server version for the right syntax to use near ''amxb' at line 1 (1064)
L 10/24/2011 - 16:43:51: [amxbans.amxx] [Amxbans] Query statement: 
L 10/24/2011 - 16:49:01: [amxbans.amxx] [Amxbans] Query failed!
L 10/24/2011 - 16:49:01: [amxbans.amxx] [Amxbans] Threaded query error, location: 18
L 10/24/2011 - 16:49:01: [amxbans.amxx] [Amxbans] Message: You have an error in your SQL syntax; check the manual that corresponds to your MySQL server version for the right syntax to use near ''Bantime expire' at line 1 (1064)
L 10/24/2011 - 16:49:01: [amxbans.amxx] [Amxbans] Query statement: 
L 10/24/2011 - 16:51:06: [amxbans.amxx] [Amxbans] Query failed!
L 10/24/2011 - 16:51:06: [amxbans.amxx] [Amxbans] Threaded query error, location: 18
L 10/24/2011 - 16:51:06: [amxbans.amxx] [Amxbans] Message: You have an error in your SQL syntax; check the manual that corresponds to your MySQL server version for the right syntax to use near ''amxban' at line 1 (1064)
L 10/24/2011 - 16:51:06: [amxbans.amxx] [Amxbans] Query statement: 
L 10/24/2011 - 16:54:20: [amxbans.amxx] [Amxbans] Query failed!
L 10/24/2011 - 16:54:20: [amxbans.amxx] [Amxbans] Threaded query error, location: 18
L 10/24/2011 - 16:54:20: [amxbans.amxx] [Amxbans] Message: You have an error in your SQL syntax; check the manual that corresponds to your MySQL server version for the right syntax to use near ''Bantime expire' at line 1 (1064)
L 10/24/2011 - 16:54:20: [amxbans.amxx] [Amxbans] Query statement: 
L 10/24/2011 - 16:56:10: [admin_amxbans.amxx] Login: "Zloy-Tupoy-Buhoy [Str,RUS]<3787><STEAM_0:4:1926082251><>" became an admin (account "Zloy-Tupoy-Buhoy [Str,RUS]") (access "t") (address "46.191.199.76")
L 10/24/2011 - 16:56:27: [voteban.amxx] Voteban starter Zloy-Tupoy-Buhoy [Str,RUS] against Satan STEAM_0:0:1027120207
L 10/24/2011 - 16:56:42: [voteban.amxx] [AMXX] BANNED: Satan, STARTER: Zloy-Tupoy-Buhoy [Str,RUS]
L 10/24/2011 - 16:56:43: [amxbans.amxx]  Зомби сервер (x_x(O_o)x_x) Go Zombie !!!<0><><> banned Satan<STEAM_0:0:1027120207> for 15 minutes (15 minutes). Reason: VIP->Zloy-Tupoy-Buhoy [Str,RUS].
L 10/24/2011 - 17:04:04: -------- Mapchange to zm_dust_brick_b1_fx --------
L 10/24/2011 - 17:04:05: [admin_amxbans.amxx] Login: "Zloy-Tupoy-Buhoy [Str,RUS]<3787><STEAM_0:4:1926082251><>" became an admin (account "Zloy-Tupoy-Buhoy [Str,RUS]") (access "t") (address "46.191.199.76")
L 10/24/2011 - 17:04:05: [admin_amxbans.amxx] Login: "Zloy-Tupoy-Buhoy [Str,RUS]<3787><STEAM_0:4:1926082251><>" became an admin (account "Zloy-Tupoy-Buhoy [Str,RUS]") (access "t") (address "46.191.199.76")
L 10/24/2011 - 17:04:06: [amxbans.amxx] [AMXBANS] AMXBans 5.0 is online
L 10/24/2011 - 17:04:13: [amxbans.amxx] [Amxbans] Query failed!
L 10/24/2011 - 17:04:13: [amxbans.amxx] [Amxbans] Threaded query error, location: 18
L 10/24/2011 - 17:04:13: [amxbans.amxx] [Amxbans] Message: You have an error in your SQL syntax; check the manual that corresponds to your MySQL server version for the right syntax to use near ''amxban' at line 1 (1064)
L 10/24/2011 - 17:04:13: [amxbans.amxx] [Amxbans] Query statement: 
L 10/24/2011 - 17:04:13: [amxbans.amxx] [Amxbans] Query failed!
L 10/24/2011 - 17:04:13: [amxbans.amxx] [Amxbans] Threaded query error, location: 18
L 10/24/2011 - 17:04:13: [amxbans.amxx] [Amxbans] Message: You have an error in your SQL syntax; check the manual that corresponds to your MySQL server version for the right syntax to use near ''Bantime expire' at line 1 (1064)
L 10/24/2011 - 17:04:13: [amxbans.amxx] [Amxbans] Query statement: 
L 10/24/2011 - 17:04:14: [amxbans.amxx] [Amxbans] Query failed!
L 10/24/2011 - 17:04:14: [amxbans.amxx] [Amxbans] Threaded query error, location: 18
L 10/24/2011 - 17:04:14: [amxbans.amxx] [Amxbans] Message: You have an error in your SQL syntax; check the manual that corresponds to your MySQL server version for the right syntax to use near ''amxb' at line 1 (1064)
L 10/24/2011 - 17:04:14: [amxbans.amxx] [Amxbans] Query statement: 
L 10/24/2011 - 17:04:55: [amxbans.amxx] [Amxbans] Query failed!
L 10/24/2011 - 17:04:55: [amxbans.amxx] [Amxbans] Threaded query error, location: 18
L 10/24/2011 - 17:04:55: [amxbans.amxx] [Amxbans] Message: You have an error in your SQL syntax; check the manual that corresponds to your MySQL server version for the right syntax to use near ''Bantime expire' at line 1 (1064)
L 10/24/2011 - 17:04:55: [amxbans.amxx] [Amxbans] Query statement: 
L 10/24/2011 - 17:08:07: [amxbans.amxx] [Amxbans] Query failed!
L 10/24/2011 - 17:08:07: [amxbans.amxx] [Amxbans] Threaded query error, location: 18
L 10/24/2011 - 17:08:07: [amxbans.amxx] [Amxbans] Message: You have an error in your SQL syntax; check the manual that corresponds to your MySQL server version for the right syntax to use near ''amxba' at line 1 (1064)
L 10/24/2011 - 17:08:07: [amxbans.amxx] [Amxbans] Query statement: 
L 10/24/2011 - 17:23:54: [voteban.amxx] Voteban starter Zloy-Tupoy-Buhoy [Str,RUS] against MOHCTEP STEAM_0:0:88272595
L 10/24/2011 - 17:24:09: [voteban.amxx] [AMXX] BANNED: MOHCTEP, STARTER: Zloy-Tupoy-Buhoy [Str,RUS]
L 10/24/2011 - 17:24:10: [amxbans.amxx]  Зомби сервер (x_x(O_o)x_x) Go Zombie !!!<0><><> banned MOHCTEP<STEAM_0:0:88272595> for 15 minutes (15 minutes). Reason: VIP->Zloy-Tupoy-Buhoy [Str,RUS].
L 10/24/2011 - 17:24:49: -------- Mapchange to zm_cpl_mill_kamp --------
L 10/24/2011 - 17:24:51: [admin_amxbans.amxx] Login: "Zloy-Tupoy-Buhoy [Str,RUS]<3787><STEAM_0:4:1926082251><>" became an admin (account "Zloy-Tupoy-Buhoy [Str,RUS]") (access "t") (address "46.191.199.76")
L 10/24/2011 - 17:24:51: [amxbans.amxx] [AMXBANS] AMXBans 5.0 is online
L 10/24/2011 - 17:24:57: [amxbans.amxx] [Amxbans] Query failed!
L 10/24/2011 - 17:24:57: [amxbans.amxx] [Amxbans] Threaded query error, location: 18
L 10/24/2011 - 17:24:57: [amxbans.amxx] [Amxbans] Message: You have an error in your SQL syntax; check the manual that corresponds to your MySQL server version for the right syntax to use near ''amxb' at line 1 (1064)
L 10/24/2011 - 17:24:57: [amxbans.amxx] [Amxbans] Query statement: 
L 10/24/2011 - 17:24:58: [amxbans.amxx] [Amxbans] Query failed!
L 10/24/2011 - 17:24:58: [amxbans.amxx] [Amxbans] Threaded query error, location: 18
L 10/24/2011 - 17:24:58: [amxbans.amxx] [Amxbans] Message: You have an error in your SQL syntax; check the manual that corresponds to your MySQL server version for the right syntax to use near ''amxban' at line 1 (1064)
L 10/24/2011 - 17:24:58: [amxbans.amxx] [Amxbans] Query statement: 
L 10/24/2011 - 17:24:58: [amxbans.amxx] [Amxbans] Query failed!
L 10/24/2011 - 17:24:58: [amxbans.amxx] [Amxbans] Threaded query error, location: 18
L 10/24/2011 - 17:24:58: [amxbans.amxx] [Amxbans] Message: You have an error in your SQL syntax; check the manual that corresponds to your MySQL server version for the right syntax to use near ''Bantime expire' at line 1 (1064)
L 10/24/2011 - 17:24:58: [amxbans.amxx] [Amxbans] Query statement: 
L 10/24/2011 - 17:24:58: [amxbans.amxx] [Amxbans] Query failed!
L 10/24/2011 - 17:24:58: [amxbans.amxx] [Amxbans] Threaded query error, location: 18
L 10/24/2011 - 17:24:58: [amxbans.amxx] [Amxbans] Message: You have an error in your SQL syntax; check the manual that corresponds to your MySQL server version for the right syntax to use near ''amxba' at line 1 (1064)
L 10/24/2011 - 17:24:58: [amxbans.amxx] [Amxbans] Query statement: 
L 10/24/2011 - 17:25:15: [amxbans.amxx] [Amxbans] Query failed!
L 10/24/2011 - 17:25:15: [amxbans.amxx] [Amxbans] Threaded query error, location: 18
L 10/24/2011 - 17:25:15: [amxbans.amxx] [Amxbans] Message: You have an error in your SQL syntax; check the manual that corresponds to your MySQL server version for the right syntax to use near ''Bantime expire' at line 1 (1064)
L 10/24/2011 - 17:25:15: [amxbans.amxx] [Amxbans] Query statement: 
L 10/24/2011 - 17:37:32: [amxbans.amxx] [Amxbans] Query failed!
L 10/24/2011 - 17:37:32: [amxbans.amxx] [Amxbans] Threaded query error, location: 18
L 10/24/2011 - 17:37:32: [amxbans.amxx] [Amxbans] Message: You have an error in your SQL syntax; check the manual that corresponds to your MySQL server version for the right syntax to use near ''amxba' at line 1 (1064)
L 10/24/2011 - 17:37:32: [amxbans.amxx] [Amxbans] Query statement: 
L 10/24/2011 - 17:37:59: [voteban.amxx] Voteban starter Zloy-Tupoy-Buhoy [Str,RUS] against >BaMpIrChIk [D.I] STEAM_0:0:1998760213
L 10/24/2011 - 17:38:14: [voteban.amxx] [AMXX] BANNED: >BaMpIrChIk [D.I], STARTER: Zloy-Tupoy-Buhoy [Str,RUS]
L 10/24/2011 - 17:38:15: [amxbans.amxx]  Зомби сервер (x_x(O_o)x_x) Go Zombie !!!<0><><> banned >BaMpIrChIk [D.I]<STEAM_0:0:1998760213> for 15 minutes (15 minutes). Reason: VIP->Zloy-Tupoy-Buhoy [Str,RUS].
L 10/24/2011 - 17:45:08: -------- Mapchange to ze_jurassicpark --------
L 10/24/2011 - 17:45:08: [admin_amxbans.amxx] Login: "Zloy-Tupoy-Buhoy [Str,RUS]<3787><STEAM_0:4:1926082251><>" became an admin (account "Zloy-Tupoy-Buhoy [Str,RUS]") (access "t") (address "46.191.199.76")
L 10/24/2011 - 17:45:09: [amxbans.amxx] [AMXBANS] AMXBans 5.0 is online
L 10/24/2011 - 17:45:16: [amxbans.amxx] [Amxbans] Query failed!
L 10/24/2011 - 17:45:16: [amxbans.amxx] [Amxbans] Threaded query error, location: 18
L 10/24/2011 - 17:45:16: [amxbans.amxx] [Amxbans] Message: You have an error in your SQL syntax; check the manual that corresponds to your MySQL server version for the right syntax to use near ''amxb' at line 1 (1064)
L 10/24/2011 - 17:45:16: [amxbans.amxx] [Amxbans] Query statement: 
L 10/24/2011 - 17:45:16: [amxbans.amxx] [Amxbans] Query failed!
L 10/24/2011 - 17:45:16: [amxbans.amxx] [Amxbans] Threaded query error, location: 18
L 10/24/2011 - 17:45:16: [amxbans.amxx] [Amxbans] Message: You have an error in your SQL syntax; check the manual that corresponds to your MySQL server version for the right syntax to use near ''amxba' at line 1 (1064)
L 10/24/2011 - 17:45:16: [amxbans.amxx] [Amxbans] Query statement: 
L 10/24/2011 - 17:49:16: [voteban.amxx] Voteban starter Zloy-Tupoy-Buhoy [Str,RUS] against <<<<[R.E.L.E.X. P.R.O.]>>>> STEAM_0:0:245971539
L 10/24/2011 - 17:49:31: [voteban.amxx] [AMXX] BANNED: <<<<[R.E.L.E.X. P.R.O.]>>>>, STARTER: Zloy-Tupoy-Buhoy [Str,RUS]
L 10/24/2011 - 18:01:09: -------- Mapchange to zm_303 --------
L 10/24/2011 - 18:01:10: [admin_amxbans.amxx] Login: "Zloy-Tupoy-Buhoy [Str,RUS]<3787><STEAM_0:4:1926082251><>" became an admin (account "Zloy-Tupoy-Buhoy [Str,RUS]") (access "t") (address "46.191.199.76")
L 10/24/2011 - 18:01:10: [amxbans.amxx] [AMXBANS] AMXBans 5.0 is online
L 10/24/2011 - 18:01:16: [amxbans.amxx] [Amxbans] Query failed!
L 10/24/2011 - 18:01:16: [amxbans.amxx] [Amxbans] Threaded query error, location: 18
L 10/24/2011 - 18:01:16: [amxbans.amxx] [Amxbans] Message: You have an error in your SQL syntax; check the manual that corresponds to your MySQL server version for the right syntax to use near ''amxb' at line 1 (1064)
L 10/24/2011 - 18:01:16: [amxbans.amxx] [Amxbans] Query statement: 
L 10/24/2011 - 18:01:18: [amxbans.amxx] [Amxbans] Query failed!
L 10/24/2011 - 18:01:18: [amxbans.amxx] [Amxbans] Threaded query error, location: 18
L 10/24/2011 - 18:01:18: [amxbans.amxx] [Amxbans] Message: You have an error in your SQL syntax; check the manual that corresponds to your MySQL server version for the right syntax to use near ''amxba' at line 1 (1064)
L 10/24/2011 - 18:01:18: [amxbans.amxx] [Amxbans] Query statement: 
L 10/24/2011 - 18:03:22: [amxbans.amxx] [Amxbans] Query failed!
L 10/24/2011 - 18:03:22: [amxbans.amxx] [Amxbans] Threaded query error, location: 18
L 10/24/2011 - 18:03:22: [amxbans.amxx] [Amxbans] Message: You have an error in your SQL syntax; check the manual that corresponds to your MySQL server version for the right syntax to use near ''amxba' at line 1 (1064)
L 10/24/2011 - 18:03:22: [amxbans.amxx] [Amxbans] Query statement: 
L 10/24/2011 - 18:23:04: -------- Mapchange to ze_lift_escape_b5 --------
L 10/24/2011 - 18:23:05: [admin_amxbans.amxx] Login: "Zloy-Tupoy-Buhoy [Str,RUS]<3787><STEAM_0:4:1926082251><>" became an admin (account "Zloy-Tupoy-Buhoy [Str,RUS]") (access "t") (address "46.191.199.76")
L 10/24/2011 - 18:23:05: [amxbans.amxx] [AMXBANS] AMXBans 5.0 is online
L 10/24/2011 - 18:23:13: [amxbans.amxx] [Amxbans] Query failed!
L 10/24/2011 - 18:23:13: [amxbans.amxx] [Amxbans] Threaded query error, location: 18
L 10/24/2011 - 18:23:13: [amxbans.amxx] [Amxbans] Message: You have an error in your SQL syntax; check the manual that corresponds to your MySQL server version for the right syntax to use near ''amxb' at line 1 (1064)
L 10/24/2011 - 18:23:13: [amxbans.amxx] [Amxbans] Query statement: 
L 10/24/2011 - 18:39:45: -------- Mapchange to zm_alfresco_v2 --------
L 10/24/2011 - 18:39:46: [admin_amxbans.amxx] Login: "Zloy-Tupoy-Buhoy [Str,RUS]<3787><STEAM_0:4:1926082251><>" became an admin (account "Zloy-Tupoy-Buhoy [Str,RUS]") (access "t") (address "46.191.199.76")
L 10/24/2011 - 18:39:46: [amxbans.amxx] [AMXBANS] AMXBans 5.0 is online
L 10/24/2011 - 19:00:09: -------- Mapchange to ze_egypt --------
L 10/24/2011 - 19:00:10: [admin_amxbans.amxx] Login: "Zloy-Tupoy-Buhoy [Str,RUS]<3787><STEAM_0:4:1926082251><>" became an admin (account "Zloy-Tupoy-Buhoy [Str,RUS]") (access "t") (address "46.191.199.76")
L 10/24/2011 - 19:00:10: [amxbans.amxx] [AMXBANS] AMXBans 5.0 is online
L 10/24/2011 - 19:00:16: [admin_amxbans.amxx] Login: "Zloy-Tupoy-Buhoy [Str,RUS]<3953><STEAM_0:4:1926082251><>" became an admin (account "Zloy-Tupoy-Buhoy [Str,RUS]") (access "t") (address "46.191.199.76")
L 10/24/2011 - 19:15:15: -------- Mapchange to zm_caca --------
L 10/24/2011 - 19:15:15: [admin_amxbans.amxx] Login: "Zloy-Tupoy-Buhoy [Str,RUS]<3953><STEAM_0:4:1926082251><>" became an admin (account "Zloy-Tupoy-Buhoy [Str,RUS]") (access "t") (address "46.191.199.76")
L 10/24/2011 - 19:15:16: [amxbans.amxx] [AMXBANS] AMXBans 5.0 is online
L 10/24/2011 - 19:15:25: [amxbans.amxx] [Amxbans] Query failed!
L 10/24/2011 - 19:15:25: [amxbans.amxx] [Amxbans] Threaded query error, location: 18
L 10/24/2011 - 19:15:25: [amxbans.amxx] [Amxbans] Message: You have an error in your SQL syntax; check the manual that corresponds to your MySQL server version for the right syntax to use near ''Bantime expir' at line 1 (1064)
L 10/24/2011 - 19:15:25: [amxbans.amxx] [Amxbans] Query statement: 
L 10/24/2011 - 19:21:49: [amxbans.amxx] [Amxbans] Query failed!
L 10/24/2011 - 19:21:49: [amxbans.amxx] [Amxbans] Threaded query error, location: 18
L 10/24/2011 - 19:21:49: [amxbans.amxx] [Amxbans] Message: You have an error in your SQL syntax; check the manual that corresponds to your MySQL server version for the right syntax to use near ''amxba' at line 1 (1064)
L 10/24/2011 - 19:21:49: [amxbans.amxx] [Amxbans] Query statement: 
L 10/24/2011 - 19:29:32: [amxbans.amxx] [Amxbans] Query failed!
L 10/24/2011 - 19:29:32: [amxbans.amxx] [Amxbans] Threaded query error, location: 18
L 10/24/2011 - 19:29:32: [amxbans.amxx] [Amxbans] Message: You have an error in your SQL syntax; check the manual that corresponds to your MySQL server version for the right syntax to use near ''Bantime expir' at line 1 (1064)
L 10/24/2011 - 19:29:32: [amxbans.amxx] [Amxbans] Query statement: 
L 10/24/2011 - 19:35:55: -------- Mapchange to zm_decline2k --------
L 10/24/2011 - 19:35:55: [admin_amxbans.amxx] Login: "Zloy-Tupoy-Buhoy [Str,RUS]<3953><STEAM_0:4:1926082251><>" became an admin (account "Zloy-Tupoy-Buhoy [Str,RUS]") (access "t") (address "46.191.199.76")
L 10/24/2011 - 19:35:56: [amxbans.amxx] [AMXBANS] AMXBans 5.0 is online
L 10/24/2011 - 19:36:03: [amxbans.amxx] [Amxbans] Query failed!
L 10/24/2011 - 19:36:03: [amxbans.amxx] [Amxbans] Threaded query error, location: 18
L 10/24/2011 - 19:36:03: [amxbans.amxx] [Amxbans] Message: You have an error in your SQL syntax; check the manual that corresponds to your MySQL server version for the right syntax to use near ''amxba' at line 1 (1064)
L 10/24/2011 - 19:36:03: [amxbans.amxx] [Amxbans] Query statement: 
L 10/24/2011 - 19:36:03: [amxbans.amxx] [Amxbans] Query failed!
L 10/24/2011 - 19:36:03: [amxbans.amxx] [Amxbans] Threaded query error, location: 18
L 10/24/2011 - 19:36:03: [amxbans.amxx] [Amxbans] Message: You have an error in your SQL syntax; check the manual that corresponds to your MySQL server version for the right syntax to use near ''Bantime expir' at line 1 (1064)
L 10/24/2011 - 19:36:03: [amxbans.amxx] [Amxbans] Query statement: 
L 10/24/2011 - 19:56:03: -------- Mapchange to zm_deadly_assault --------
L 10/24/2011 - 19:56:04: [admin_amxbans.amxx] Login: "Zloy-Tupoy-Buhoy [Str,RUS]<3953><STEAM_0:4:1926082251><>" became an admin (account "Zloy-Tupoy-Buhoy [Str,RUS]") (access "t") (address "46.191.199.76")
L 10/24/2011 - 19:56:04: [amxbans.amxx] [AMXBANS] AMXBans 5.0 is online
L 10/24/2011 - 19:56:12: [amxbans.amxx] [Amxbans] Query failed!
L 10/24/2011 - 19:56:12: [amxbans.amxx] [Amxbans] Threaded query error, location: 18
L 10/24/2011 - 19:56:12: [amxbans.amxx] [Amxbans] Message: You have an error in your SQL syntax; check the manual that corresponds to your MySQL server version for the right syntax to use near ''amxba' at line 1 (1064)
L 10/24/2011 - 19:56:12: [amxbans.amxx] [Amxbans] Query statement: 
L 10/24/2011 - 20:03:17: [amxbans.amxx] [Amxbans] Query failed!
L 10/24/2011 - 20:03:17: [amxbans.amxx] [Amxbans] Threaded query error, location: 18
L 10/24/2011 - 20:03:17: [amxbans.amxx] [Amxbans] Message: You have an error in your SQL syntax; check the manual that corresponds to your MySQL server version for the right syntax to use near ''amxba' at line 1 (1064)
L 10/24/2011 - 20:03:17: [amxbans.amxx] [Amxbans] Query statement: 
L 10/24/2011 - 20:08:35: -------- Mapchange to awp_city --------
L 10/24/2011 - 20:08:38: -------- Mapchange to zm_neris --------
L 10/24/2011 - 20:08:41: [amxbans.amxx] [AMXBANS] AMXBans 5.0 is online
L 10/24/2011 - 20:08:42: [amxbans.amxx] [Amxbans] Query failed!
L 10/24/2011 - 20:08:42: [amxbans.amxx] [Amxbans] Threaded query error, location: 18
L 10/24/2011 - 20:08:42: [amxbans.amxx] [Amxbans] Message: You have an error in your SQL syntax; check the manual that corresponds to your MySQL server version for the right syntax to use near ''amxba' at line 1 (1064)
L 10/24/2011 - 20:08:42: [amxbans.amxx] [Amxbans] Query statement: 
L 10/24/2011 - 20:08:44: [amxbans.amxx] [Amxbans] Query failed!
L 10/24/2011 - 20:08:44: [amxbans.amxx] [Amxbans] Threaded query error, location: 18
L 10/24/2011 - 20:08:44: [amxbans.amxx] [Amxbans] Message: You have an error in your SQL syntax; check the manual that corresponds to your MySQL server version for the right syntax to use near ''amxba' at line 1 (1064)
L 10/24/2011 - 20:08:44: [amxbans.amxx] [Amxbans] Query statement: 
L 10/24/2011 - 20:09:05: [amxbans.amxx] [Amxbans] Query failed!
L 10/24/2011 - 20:09:05: [amxbans.amxx] [Amxbans] Threaded query error, location: 18
L 10/24/2011 - 20:09:05: [amxbans.amxx] [Amxbans] Message: You have an error in your SQL syntax; check the manual that corresponds to your MySQL server version for the right syntax to use near ''amxban' at line 1 (1064)
L 10/24/2011 - 20:09:05: [amxbans.amxx] [Amxbans] Query statement: 
L 10/24/2011 - 20:17:56: [amxbans.amxx] [Amxbans] Query failed!
L 10/24/2011 - 20:17:56: [amxbans.amxx] [Amxbans] Threaded query error, location: 18
L 10/24/2011 - 20:17:56: [amxbans.amxx] [Amxbans] Message: You have an error in your SQL syntax; check the manual that corresponds to your MySQL server version for the right syntax to use near ''amxb' at line 1 (1064)
L 10/24/2011 - 20:17:56: [amxbans.amxx] [Amxbans] Query statement: 
L 10/24/2011 - 20:20:38: [amxbans.amxx] [Amxbans] Query failed!
L 10/24/2011 - 20:20:38: [amxbans.amxx] [Amxbans] Threaded query error, location: 18
L 10/24/2011 - 20:20:38: [amxbans.amxx] [Amxbans] Message: You have an error in your SQL syntax; check the manual that corresponds to your MySQL server version for the right syntax to use near ''amxbans' at line 1 (1064)
L 10/24/2011 - 20:20:38: [amxbans.amxx] [Amxbans] Query statement: 
L 10/24/2011 - 20:30:10: -------- Mapchange to zm_666_brick --------
L 10/24/2011 - 20:30:11: [amxbans.amxx] [AMXBANS] AMXBans 5.0 is online
L 10/24/2011 - 20:30:18: [amxbans.amxx] [Amxbans] Query failed!
L 10/24/2011 - 20:30:18: [amxbans.amxx] [Amxbans] Threaded query error, location: 18
L 10/24/2011 - 20:30:18: [amxbans.amxx] [Amxbans] Message: You have an error in your SQL syntax; check the manual that corresponds to your MySQL server version for the right syntax to use near ''amxb' at line 1 (1064)
L 10/24/2011 - 20:30:18: [amxbans.amxx] [Amxbans] Query statement: 
L 10/24/2011 - 20:30:18: [amxbans.amxx] [Amxbans] Query failed!
L 10/24/2011 - 20:30:18: [amxbans.amxx] [Amxbans] Threaded query error, location: 18
L 10/24/2011 - 20:30:18: [amxbans.amxx] [Amxbans] Message: You have an error in your SQL syntax; check the manual that corresponds to your MySQL server version for the right syntax to use near ''amxban' at line 1 (1064)
L 10/24/2011 - 20:30:18: [amxbans.amxx] [Amxbans] Query statement: 
L 10/24/2011 - 20:30:19: [amxbans.amxx] [Amxbans] Query failed!
L 10/24/2011 - 20:30:19: [amxbans.amxx] [Amxbans] Threaded query error, location: 18
L 10/24/2011 - 20:30:19: [amxbans.amxx] [Amxbans] Message: You have an error in your SQL syntax; check the manual that corresponds to your MySQL server version for the right syntax to use near ''amxbans' at line 1 (1064)
L 10/24/2011 - 20:30:19: [amxbans.amxx] [Amxbans] Query statement: 
L 10/24/2011 - 20:30:19: [amxbans.amxx] [Amxbans] Query failed!
L 10/24/2011 - 20:30:19: [amxbans.amxx] [Amxbans] Threaded query error, location: 18
L 10/24/2011 - 20:30:19: [amxbans.amxx] [Amxbans] Message: You have an error in your SQL syntax; check the manual that corresponds to your MySQL server version for the right syntax to use near ''amxba' at line 1 (1064)
L 10/24/2011 - 20:30:19: [amxbans.amxx] [Amxbans] Query statement: 
L 10/24/2011 - 20:30:19: [amxbans.amxx] [Amxbans] Query failed!
L 10/24/2011 - 20:30:19: [amxbans.amxx] [Amxbans] Threaded query error, location: 18
L 10/24/2011 - 20:30:19: [amxbans.amxx] [Amxbans] Message: You have an error in your SQL syntax; check the manual that corresponds to your MySQL server version for the right syntax to use near ''amxb' at line 1 (1064)
L 10/24/2011 - 20:30:19: [amxbans.amxx] [Amxbans] Query statement: 
L 10/24/2011 - 20:31:04: [amxbans.amxx] [Amxbans] Query failed!
L 10/24/2011 - 20:31:04: [amxbans.amxx] [Amxbans] Threaded query error, location: 18
L 10/24/2011 - 20:31:04: [amxbans.amxx] [Amxbans] Message: You have an error in your SQL syntax; check the manual that corresponds to your MySQL server version for the right syntax to use near ''amxb' at line 1 (1064)
L 10/24/2011 - 20:31:04: [amxbans.amxx] [Amxbans] Query statement: 
L 10/24/2011 - 20:58:14: [admin_amxbans.amxx] Login: "~dark_light<123><STEAM_0:0:743756224><>" became an admin (account "~dark_light") (access "t") (address "178.120.15.228")
L 10/24/2011 - 21:00:47: -------- Mapchange to ze_jurassicpark --------
L 10/24/2011 - 21:00:48: [admin_amxbans.amxx] Login: "~dark_light<123><STEAM_0:0:743756224><>" became an admin (account "~dark_light") (access "t") (address "178.120.15.228")
L 10/24/2011 - 21:00:49: [amxbans.amxx] [AMXBANS] AMXBans 5.0 is online
L 10/24/2011 - 21:00:55: [amxbans.amxx] [Amxbans] Query failed!
L 10/24/2011 - 21:00:55: [amxbans.amxx] [Amxbans] Threaded query error, location: 18
L 10/24/2011 - 21:00:55: [amxbans.amxx] [Amxbans] Message: You have an error in your SQL syntax; check the manual that corresponds to your MySQL server version for the right syntax to use near ''amxb' at line 1 (1064)
L 10/24/2011 - 21:00:55: [amxbans.amxx] [Amxbans] Query statement: 
L 10/24/2011 - 21:00:55: [amxbans.amxx] [Amxbans] Query failed!
L 10/24/2011 - 21:00:55: [amxbans.amxx] [Amxbans] Threaded query error, location: 18
L 10/24/2011 - 21:00:55: [amxbans.amxx] [Amxbans] Message: You have an error in your SQL syntax; check the manual that corresponds to your MySQL server version for the right syntax to use near ''amxba' at line 1 (1064)
L 10/24/2011 - 21:00:55: [amxbans.amxx] [Amxbans] Query statement: 
L 10/24/2011 - 21:02:45: [amxbans.amxx] [Amxbans] Query failed!
L 10/24/2011 - 21:02:45: [amxbans.amxx] [Amxbans] Threaded query error, location: 18
L 10/24/2011 - 21:02:45: [amxbans.amxx] [Amxbans] Message: You have an error in your SQL syntax; check the manual that corresponds to your MySQL server version for the right syntax to use near ''amxbans' at line 1 (1064)
L 10/24/2011 - 21:02:45: [amxbans.amxx] [Amxbans] Query statement: 
L 10/24/2011 - 21:15:02: [amxbans.amxx] [Amxbans] Query failed!
L 10/24/2011 - 21:15:02: [amxbans.amxx] [Amxbans] Threaded query error, location: 18
L 10/24/2011 - 21:15:02: [amxbans.amxx] [Amxbans] Message: You have an error in your SQL syntax; check the manual that corresponds to your MySQL server version for the right syntax to use near ''amxbans' at line 1 (1064)
L 10/24/2011 - 21:15:02: [amxbans.amxx] [Amxbans] Query statement: 
L 10/24/2011 - 21:15:42: [amxbans.amxx] [Amxbans] Query failed!
L 10/24/2011 - 21:15:42: [amxbans.amxx] [Amxbans] Threaded query error, location: 18
L 10/24/2011 - 21:15:42: [amxbans.amxx] [Amxbans] Message: You have an error in your SQL syntax; check the manual that corresponds to your MySQL server version for the right syntax to use near ''amxban' at line 1 (1064)
L 10/24/2011 - 21:15:42: [amxbans.amxx] [Amxbans] Query statement: 
L 10/24/2011 - 21:16:59: -------- Mapchange to zm_dust_brick_b1_fx --------
L 10/24/2011 - 21:17:01: [amxbans.amxx] [AMXBANS] AMXBans 5.0 is online
L 10/24/2011 - 21:17:07: [amxbans.amxx] [Amxbans] Query failed!
L 10/24/2011 - 21:17:07: [amxbans.amxx] [Amxbans] Threaded query error, location: 18
L 10/24/2011 - 21:17:07: [amxbans.amxx] [Amxbans] Message: You have an error in your SQL syntax; check the manual that corresponds to your MySQL server version for the right syntax to use near ''amxb' at line 1 (1064)
L 10/24/2011 - 21:17:07: [amxbans.amxx] [Amxbans] Query statement: 
L 10/24/2011 - 21:17:07: [amxbans.amxx] [Amxbans] Query failed!
L 10/24/2011 - 21:17:07: [amxbans.amxx] [Amxbans] Threaded query error, location: 18
L 10/24/2011 - 21:17:07: [amxbans.amxx] [Amxbans] Message: You have an error in your SQL syntax; check the manual that corresponds to your MySQL server version for the right syntax to use near ''amxban' at line 1 (1064)
L 10/24/2011 - 21:17:07: [amxbans.amxx] [Amxbans] Query statement: 
L 10/24/2011 - 21:17:08: [amxbans.amxx] [Amxbans] Query failed!
L 10/24/2011 - 21:17:08: [amxbans.amxx] [Amxbans] Threaded query error, location: 18
L 10/24/2011 - 21:17:08: [amxbans.amxx] [Amxbans] Message: You have an error in your SQL syntax; check the manual that corresponds to your MySQL server version for the right syntax to use near ''amxbans' at line 1 (1064)
L 10/24/2011 - 21:17:08: [amxbans.amxx] [Amxbans] Query statement: 
L 10/24/2011 - 21:17:08: [amxbans.amxx] [Amxbans] Query failed!
L 10/24/2011 - 21:17:08: [amxbans.amxx] [Amxbans] Threaded query error, location: 18
L 10/24/2011 - 21:17:08: [amxbans.amxx] [Amxbans] Message: You have an error in your SQL syntax; check the manual that corresponds to your MySQL server version for the right syntax to use near ''amxba' at line 1 (1064)
L 10/24/2011 - 21:17:08: [amxbans.amxx] [Amxbans] Query statement: 
L 10/24/2011 - 21:31:43: [admin_amxbans.amxx] Login: "Den1s<177><STEAM_0:0:889229784><>" became an admin (account "91.192.190.142") (access "abcdefghijklmnopqstu") (address "91.192.190.142")
L 10/24/2011 - 21:36:59: -------- Mapchange to zm_303 --------
L 10/24/2011 - 21:37:00: [admin_amxbans.amxx] Login: "Den1s<177><STEAM_0:0:889229784><>" became an admin (account "91.192.190.142") (access "abcdefghijklmnopqstu") (address "91.192.190.142")
L 10/24/2011 - 21:37:01: [amxbans.amxx] [AMXBANS] AMXBans 5.0 is online
L 10/24/2011 - 21:37:07: [amxbans.amxx] [Amxbans] Query failed!
L 10/24/2011 - 21:37:07: [amxbans.amxx] [Amxbans] Threaded query error, location: 18
L 10/24/2011 - 21:37:07: [amxbans.amxx] [Amxbans] Message: You have an error in your SQL syntax; check the manual that corresponds to your MySQL server version for the right syntax to use near ''amxban' at line 1 (1064)
L 10/24/2011 - 21:37:07: [amxbans.amxx] [Amxbans] Query statement: 
L 10/24/2011 - 21:37:07: [amxbans.amxx] [Amxbans] Query failed!
L 10/24/2011 - 21:37:07: [amxbans.amxx] [Amxbans] Threaded query error, location: 18
L 10/24/2011 - 21:37:07: [amxbans.amxx] [Amxbans] Message: You have an error in your SQL syntax; check the manual that corresponds to your MySQL server version for the right syntax to use near ''amxba' at line 1 (1064)
L 10/24/2011 - 21:37:07: [amxbans.amxx] [Amxbans] Query statement: 
L 10/24/2011 - 21:37:08: [amxbans.amxx] [Amxbans] Query failed!
L 10/24/2011 - 21:37:08: [amxbans.amxx] [Amxbans] Threaded query error, location: 18
L 10/24/2011 - 21:37:08: [amxbans.amxx] [Amxbans] Message: You have an error in your SQL syntax; check the manual that corresponds to your MySQL server version for the right syntax to use near ''amxbans' at line 1 (1064)
L 10/24/2011 - 21:37:08: [amxbans.amxx] [Amxbans] Query statement: 
L 10/24/2011 - 21:37:08: [amxbans.amxx] [Amxbans] Query failed!
L 10/24/2011 - 21:37:08: [amxbans.amxx] [Amxbans] Threaded query error, location: 18
L 10/24/2011 - 21:37:08: [amxbans.amxx] [Amxbans] Message: You have an error in your SQL syntax; check the manual that corresponds to your MySQL server version for the right syntax to use near ''amxban' at line 1 (1064)
L 10/24/2011 - 21:37:08: [amxbans.amxx] [Amxbans] Query statement: 
L 10/24/2011 - 21:37:24: [amxbans.amxx] [Amxbans] Query failed!
L 10/24/2011 - 21:37:24: [amxbans.amxx] [Amxbans] Threaded query error, location: 18
L 10/24/2011 - 21:37:24: [amxbans.amxx] [Amxbans] Message: You have an error in your SQL syntax; check the manual that corresponds to your MySQL server version for the right syntax to use near ''amxban' at line 1 (1064)
L 10/24/2011 - 21:37:24: [amxbans.amxx] [Amxbans] Query statement: 
L 10/24/2011 - 21:44:49: [amxbans.amxx] [Amxbans] Query failed!
L 10/24/2011 - 21:44:49: [amxbans.amxx] [Amxbans] Threaded query error, location: 18
L 10/24/2011 - 21:44:49: [amxbans.amxx] [Amxbans] Message: You have an error in your SQL syntax; check the manual that corresponds to your MySQL server version for the right syntax to use near ''amxban' at line 1 (1064)
L 10/24/2011 - 21:44:49: [amxbans.amxx] [Amxbans] Query statement: 
L 10/24/2011 - 21:57:16: -------- Mapchange to zm_fdust2x2 --------
L 10/24/2011 - 21:57:17: [admin_amxbans.amxx] Login: "Den1s<177><STEAM_0:0:889229784><>" became an admin (account "91.192.190.142") (access "abcdefghijklmnopqstu") (address "91.192.190.142")
L 10/24/2011 - 21:57:18: [amxbans.amxx] [AMXBANS] AMXBans 5.0 is online
L 10/24/2011 - 21:57:22: [amxbans.amxx] [Amxbans] Query failed!
L 10/24/2011 - 21:57:22: [amxbans.amxx] [Amxbans] Threaded query error, location: 18
L 10/24/2011 - 21:57:22: [amxbans.amxx] [Amxbans] Message: You have an error in your SQL syntax; check the manual that corresponds to your MySQL server version for the right syntax to use near ''amxban' at line 1 (1064)
L 10/24/2011 - 21:57:22: [amxbans.amxx] [Amxbans] Query statement: 
L 10/24/2011 - 22:02:10: [admin_amxbans.amxx] Login: "Narkot1k<217><STEAM_0:0:1967094010><>" became an admin (account "Narkot1k") (access "t") (address "95.220.87.185")
L 10/24/2011 - 22:15:05: [voteban.amxx] Voteban starter Narkot1k against Zverrr STEAM_0:4:1457672240
L 10/24/2011 - 22:15:21: [voteban.amxx] [AMXX] BANNED: Zverrr, STARTER: Narkot1k
L 10/24/2011 - 22:15:22: [amxbans.amxx]  Зомби сервер (x_x(O_o)x_x) Go Zombie !!!<0><><> banned Zverrr<STEAM_0:4:1457672240> for 15 minutes (15 minutes). Reason: VIP->Narkot1k.
L 10/24/2011 - 22:15:27: [admin_amxbans.amxx] Login: "Den1s<231><STEAM_0:0:889229784><>" became an admin (account "91.192.190.142") (access "abcdefghijklmnopqstu") (address "91.192.190.142")
L 10/24/2011 - 22:19:08: -------- Mapchange to zm_caca --------
L 10/24/2011 - 22:19:09: [admin_amxbans.amxx] Login: "Den1s<231><STEAM_0:0:889229784><>" became an admin (account "91.192.190.142") (access "abcdefghijklmnopqstu") (address "91.192.190.142")
L 10/24/2011 - 22:19:10: [amxbans.amxx] [AMXBANS] AMXBans 5.0 is online
L 10/24/2011 - 22:19:16: [amxbans.amxx] [Amxbans] Query failed!
L 10/24/2011 - 22:19:16: [amxbans.amxx] [Amxbans] Threaded query error, location: 18
L 10/24/2011 - 22:19:16: [amxbans.amxx] [Amxbans] Message: You have an error in your SQL syntax; check the manual that corresponds to your MySQL server version for the right syntax to use near ''amxban' at line 1 (1064)
L 10/24/2011 - 22:19:16: [amxbans.amxx] [Amxbans] Query statement: 
L 10/24/2011 - 22:33:51: [amxbans.amxx] [Amxbans] Query failed!
L 10/24/2011 - 22:33:51: [amxbans.amxx] [Amxbans] Threaded query error, location: 18
L 10/24/2011 - 22:33:51: [amxbans.amxx] [Amxbans] Message: You have an error in your SQL syntax; check the manual that corresponds to your MySQL server version for the right syntax to use near ''amxban' at line 1 (1064)
L 10/24/2011 - 22:33:51: [amxbans.amxx] [Amxbans] Query statement: 
L 10/24/2011 - 22:39:19: -------- Mapchange to 016 --------
L 10/24/2011 - 22:39:20: [admin_amxbans.amxx] Login: "Den1s<231><STEAM_0:0:889229784><>" became an admin (account "91.192.190.142") (access "abcdefghijklmnopqstu") (address "91.192.190.142")
L 10/24/2011 - 22:39:21: [amxbans.amxx] [AMXBANS] AMXBans 5.0 is online
L 10/24/2011 - 22:39:26: [amxbans.amxx] [Amxbans] Query failed!
L 10/24/2011 - 22:39:26: [amxbans.amxx] [Amxbans] Threaded query error, location: 18
L 10/24/2011 - 22:39:26: [amxbans.amxx] [Amxbans] Message: You have an error in your SQL syntax; check the manual that corresponds to your MySQL server version for the right syntax to use near ''amxban' at line 1 (1064)
L 10/24/2011 - 22:39:26: [amxbans.amxx] [Amxbans] Query statement: 
L 10/24/2011 - 22:39:55: [admin_amxbans.amxx] Login: "Dimka<256><STEAM_0:0:44643826><>" became an admin (account "Dimka") (access "abcdefghijklmnopqrstu") (address "172.23.65.13")
L 10/24/2011 - 22:41:49: [amxbans.amxx] Dimka<256><STEAM_0:0:44643826><SPECTATOR> banned Vitaminka<STEAM_0:4:1029686643> for 1 day (1440 minutes). Reason: wh.
L 10/24/2011 - 22:48:03: [admin_amxbans.amxx] Login: "bomj<261><STEAM_0:0:21084527><>" became an admin (account "STEAM_0:0:21084527") (access "abcdefghijklmnopqstu") (address "188.134.33.235")
L 10/24/2011 - 23:10:09: -------- Mapchange to ze_lift_escape_b5 --------
L 10/24/2011 - 23:10:09: [admin_amxbans.amxx] Login: "Den1s<231><STEAM_0:0:889229784><>" became an admin (account "91.192.190.142") (access "abcdefghijklmnopqstu") (address "91.192.190.142")
L 10/24/2011 - 23:10:10: [amxbans.amxx] [AMXBANS] AMXBans 5.0 is online
L 10/24/2011 - 23:12:55: [amxbans.amxx] [Amxbans] Query failed!
L 10/24/2011 - 23:12:55: [amxbans.amxx] [Amxbans] Threaded query error, location: 18
L 10/24/2011 - 23:12:55: [amxbans.amxx] [Amxbans] Message: You have an error in your SQL syntax; check the manual that corresponds to your MySQL server version for the right syntax to use near ''Bantime expire' at line 1 (1064)
L 10/24/2011 - 23:12:55: [amxbans.amxx] [Amxbans] Query statement: 
L 10/24/2011 - 23:13:17: [amxbans.amxx] [Amxbans] Query failed!
L 10/24/2011 - 23:13:17: [amxbans.amxx] [Amxbans] Threaded query error, location: 18
L 10/24/2011 - 23:13:17: [amxbans.amxx] [Amxbans] Message: You have an error in your SQL syntax; check the manual that corresponds to your MySQL server version for the right syntax to use near ''amxbans' at line 1 (1064)
L 10/24/2011 - 23:13:17: [amxbans.amxx] [Amxbans] Query statement: 
L 10/24/2011 - 23:13:28: [amxbans.amxx] [Amxbans] Query failed!
L 10/24/2011 - 23:13:28: [amxbans.amxx] [Amxbans] Threaded query error, location: 18
L 10/24/2011 - 23:13:28: [amxbans.amxx] [Amxbans] Message: You have an error in your SQL syntax; check the manual that corresponds to your MySQL server version for the right syntax to use near ''Bantime expire' at line 1 (1064)
L 10/24/2011 - 23:13:28: [amxbans.amxx] [Amxbans] Query statement: 
L 10/24/2011 - 23:13:31: [admin_amxbans.amxx] Login: "Dmitry S<288><STEAM_0:0:44643826><>" became an admin (account "172.23.65.13") (access "l") (address "172.23.65.13")
L 10/24/2011 - 23:16:46: [admin_amxbans.amxx] Login: "Dimka<290><STEAM_0:0:44643826><>" became an admin (account "Dimka") (access "abcdefghijklmnopqrstu") (address "172.23.65.13")
L 10/24/2011 - 23:27:48: -------- Mapchange to zm_deadly_assault --------
L 10/24/2011 - 23:27:49: [admin_amxbans.amxx] Login: "Den1s<231><STEAM_0:0:889229784><>" became an admin (account "91.192.190.142") (access "abcdefghijklmnopqstu") (address "91.192.190.142")
L 10/24/2011 - 23:27:50: [admin_amxbans.amxx] Login: "Dimka<290><STEAM_0:0:44643826><>" became an admin (account "Dimka") (access "abcdefghijklmnoprstu") (address "172.23.65.13")
L 10/24/2011 - 23:27:50: [amxbans.amxx] [AMXBANS] AMXBans 5.0 is online
L 10/24/2011 - 23:27:51: [admin_amxbans.amxx] Login: "Den1s<298><STEAM_0:0:889229784><>" became an admin (account "91.192.190.142") (access "abcdefghijklmnopqstu") (address "91.192.190.142")
L 10/24/2011 - 23:27:58: [amxbans.amxx] [Amxbans] Query failed!
L 10/24/2011 - 23:27:58: [amxbans.amxx] [Amxbans] Threaded query error, location: 18
L 10/24/2011 - 23:27:58: [amxbans.amxx] [Amxbans] Message: You have an error in your SQL syntax; check the manual that corresponds to your MySQL server version for the right syntax to use near ''amxbans' at line 1 (1064)
L 10/24/2011 - 23:27:58: [amxbans.amxx] [Amxbans] Query statement: 
L 10/24/2011 - 23:27:58: [amxbans.amxx] [Amxbans] Query failed!
L 10/24/2011 - 23:27:58: [amxbans.amxx] [Amxbans] Threaded query error, location: 18
L 10/24/2011 - 23:27:58: [amxbans.amxx] [Amxbans] Message: You have an error in your SQL syntax; check the manual that corresponds to your MySQL server version for the right syntax to use near ''Bantime expire' at line 1 (1064)
L 10/24/2011 - 23:27:58: [amxbans.amxx] [Amxbans] Query statement: 
L 10/24/2011 - 23:28:05: [amxbans.amxx] [Amxbans] Query failed!
L 10/24/2011 - 23:28:05: [amxbans.amxx] [Amxbans] Threaded query error, location: 18
L 10/24/2011 - 23:28:05: [amxbans.amxx] [Amxbans] Message: You have an error in your SQL syntax; check the manual that corresponds to your MySQL server version for the right syntax to use near ''Bantime expire' at line 1 (1064)
L 10/24/2011 - 23:28:05: [amxbans.amxx] [Amxbans] Query statement: 
L 10/24/2011 - 23:38:19: [amxbans.amxx]  Зомби сервер (x_x(O_o)x_x) Go Zombie !!!<0><><> banned Game Destroyed<STEAM_0:4:1125076336> for 2 weeks (20160 minutes). Reason: 47" "Game Destroyer".
L 10/24/2011 - 23:44:38: [admin_amxbans.amxx] Login: "|228| 6yJIb6aIII<319><STEAM_0:0:1292803525><>" became an admin (account "|228| 6yJIb6aIII") (access "t") (address "178.123.164.157")
L 10/24/2011 - 23:48:13: -------- Mapchange to zm_decline2k --------
L 10/24/2011 - 23:48:14: [admin_amxbans.amxx] Login: "Den1s<298><STEAM_0:0:889229784><>" became an admin (account "91.192.190.142") (access "abcdefghijklmnopqstu") (address "91.192.190.142")
L 10/24/2011 - 23:48:14: [admin_amxbans.amxx] Login: "Dimka<290><STEAM_0:0:44643826><>" became an admin (account "Dimka") (access "abcdefghijklmnoprstu") (address "172.23.65.13")
L 10/24/2011 - 23:48:14: [admin_amxbans.amxx] Login: "|228| 6yJIb6aIII<319><STEAM_0:0:1292803525><>" became an admin (account "|228| 6yJIb6aIII") (access "t") (address "178.123.164.157")
L 10/24/2011 - 23:48:14: [admin_amxbans.amxx] Login: "|228| 6yJIb6aIII<319><STEAM_0:0:1292803525><>" became an admin (account "|228| 6yJIb6aIII") (access "t") (address "178.123.164.157")
L 10/24/2011 - 23:48:15: [amxbans.amxx] [AMXBANS] AMXBans 5.0 is online
L 10/24/2011 - 23:48:15: [admin_amxbans.amxx] Login: "Den1s<322><STEAM_0:0:889229784><>" became an admin (account "91.192.190.142") (access "abcdefghijklmnopqstu") (address "91.192.190.142")
L 10/24/2011 - 23:48:21: [amxbans.amxx] [Amxbans] Query failed!
L 10/24/2011 - 23:48:21: [amxbans.amxx] [Amxbans] Threaded query error, location: 18
L 10/24/2011 - 23:48:21: [amxbans.amxx] [Amxbans] Message: You have an error in your SQL syntax; check the manual that corresponds to your MySQL server version for the right syntax to use near ''amxbans' at line 1 (1064)
L 10/24/2011 - 23:48:21: [amxbans.amxx] [Amxbans] Query statement: 
L 10/24/2011 - 23:59:56: [admin_amxbans.amxx] Login: "|228| 6yJIb6aIII<336><STEAM_0:0:1292803525><>" became an admin (account "|228| 6yJIb6aIII") (access "t") (address "178.123.164.157")
