L 05/19/2011 - 00:09:22: -------- Mapchange to de_dust --------
L 05/19/2011 - 00:09:25: [admin_amxbans.amxx] Login: "Dumka<935><STEAM_0:0:1236438227><>" became an admin (account "172.23.65.13") (access "abcdefghijklmnopqrstu") (address "172.23.65.13")
L 05/19/2011 - 00:09:25: [admin_amxbans.amxx] Login: "[o_VIP_o]                (^_^)V<1011><STEAM_0:4:446327478><>" became an admin (account "212.55.104.156") (access "abcdefgijmopqtu") (address "212.55.104.156")
L 05/19/2011 - 00:09:26: [amxbans.amxx] [AMXBANS] AMXBans 5.0 подключен
L 05/19/2011 - 00:11:38: [plmenu.amxx] Kick: "[o_VIP_o]                (^_^)V<1011><STEAM_0:4:446327478><>" kick "[Element] Murlock<1053><STEAM_0:0:1507585732><>"
L 05/19/2011 - 00:19:12: [amxbans.amxx] [o_VIP_o]                (^_^)V<1011><STEAM_0:4:446327478><CT> забанил [Element] Murlock<STEAM_0:0:1507585732> на 5 минут (5 минут). Причина: Spam.
L 05/19/2011 - 00:31:22: -------- Mapchange to 016_rmk --------
L 05/19/2011 - 00:31:25: [amxbans.amxx] [AMXBANS] AMXBans 5.0 подключен
L 05/19/2011 - 00:52:28: -------- Mapchange to zm_army --------
L 05/19/2011 - 00:52:30: [amxbans.amxx] [AMXBANS] AMXBans 5.0 подключен
L 05/19/2011 - 01:12:56: -------- Mapchange to zm_303 --------
L 05/19/2011 - 01:12:58: [amxbans.amxx] [AMXBANS] AMXBans 5.0 подключен
L 05/19/2011 - 01:33:19: -------- Mapchange to zm_escapetrain --------
L 05/19/2011 - 01:33:21: [amxbans.amxx] [AMXBANS] AMXBans 5.0 подключен
L 05/19/2011 - 01:53:58: -------- Mapchange to cs_militia --------
L 05/19/2011 - 01:54:04: [amxbans.amxx] [AMXBANS] AMXBans 5.0 подключен
L 05/19/2011 - 02:14:50: -------- Mapchange to zm_fdust2x2 --------
L 05/19/2011 - 02:14:52: [amxbans.amxx] [AMXBANS] AMXBans 5.0 подключен
L 05/19/2011 - 02:33:35: [admin_amxbans.amxx] Login: "Dumka<1160><STEAM_0:0:1236438227><>" became an admin (account "172.23.65.13") (access "abcdefghijklmnopqrstu") (address "172.23.65.13")
L 05/19/2011 - 02:35:03: -------- Mapchange to zm_desolation_house --------
L 05/19/2011 - 02:35:04: [admin_amxbans.amxx] Login: "Dumka<1160><STEAM_0:0:1236438227><>" became an admin (account "172.23.65.13") (access "abcdefghijklmnopqrstu") (address "172.23.65.13")
L 05/19/2011 - 02:35:05: [amxbans.amxx] [AMXBANS] AMXBans 5.0 подключен
L 05/19/2011 - 02:51:25: -------- Mapchange to cs_estate --------
L 05/19/2011 - 02:51:28: [amxbans.amxx] [AMXBANS] AMXBans 5.0 подключен
L 05/19/2011 - 03:12:02: -------- Mapchange to cs_estate --------
L 05/19/2011 - 03:12:05: [amxbans.amxx] [AMXBANS] AMXBans 5.0 подключен
L 05/19/2011 - 03:34:51: -------- Mapchange to cs_office --------
L 05/19/2011 - 03:34:54: [amxbans.amxx] [AMXBANS] AMXBans 5.0 подключен
L 05/19/2011 - 03:55:24: -------- Mapchange to de_dust --------
L 05/19/2011 - 03:55:26: [amxbans.amxx] [AMXBANS] AMXBans 5.0 подключен
L 05/19/2011 - 04:16:27: -------- Mapchange to zm_jambalaya_escape --------
L 05/19/2011 - 04:16:29: [amxbans.amxx] [AMXBANS] AMXBans 5.0 подключен
L 05/19/2011 - 04:40:03: -------- Mapchange to 016_rmk --------
L 05/19/2011 - 04:40:05: [amxbans.amxx] [AMXBANS] AMXBans 5.0 подключен
L 05/19/2011 - 05:01:49: -------- Mapchange to zm_neris --------
L 05/19/2011 - 05:01:51: [amxbans.amxx] [AMXBANS] AMXBans 5.0 подключен
L 05/19/2011 - 05:22:57: -------- Mapchange to zm_houses --------
L 05/19/2011 - 05:22:59: [amxbans.amxx] [AMXBANS] AMXBans 5.0 подключен
L 05/19/2011 - 05:35:01: [amxbans.amxx] [Amxbans] Запрос провален!
L 05/19/2011 - 05:35:01: [amxbans.amxx] [Amxbans] Ошибка, адрес: 18
L 05/19/2011 - 05:35:01: [amxbans.amxx] [Amxbans] Сообщение: You have an error in your SQL syntax; check the manual that corresponds to your MySQL server version for the right syntax to use near '' at line 1 (1064)
L 05/19/2011 - 05:35:01: [amxbans.amxx] [Amxbans] Статус запроса: 
L 05/19/2011 - 05:44:03: -------- Mapchange to zm_army --------
L 05/19/2011 - 05:44:05: [amxbans.amxx] [AMXBANS] AMXBans 5.0 подключен
L 05/19/2011 - 05:44:07: [amxbans.amxx] [Amxbans] Запрос провален!
L 05/19/2011 - 05:44:07: [amxbans.amxx] [Amxbans] Ошибка, адрес: 18
L 05/19/2011 - 05:44:07: [amxbans.amxx] [Amxbans] Сообщение: You have an error in your SQL syntax; check the manual that corresponds to your MySQL server version for the right syntax to use near '' at line 1 (1064)
L 05/19/2011 - 05:44:07: [amxbans.amxx] [Amxbans] Статус запроса: 
L 05/19/2011 - 05:44:07: [amxbans.amxx] [Amxbans] Запрос провален!
L 05/19/2011 - 05:44:07: [amxbans.amxx] [Amxbans] Ошибка, адрес: 18
L 05/19/2011 - 05:44:07: [amxbans.amxx] [Amxbans] Сообщение: You have an error in your SQL syntax; check the manual that corresponds to your MySQL server version for the right syntax to use near '' at line 1 (1064)
L 05/19/2011 - 05:44:07: [amxbans.amxx] [Amxbans] Статус запроса: 
L 05/19/2011 - 06:00:14: -------- Mapchange to 016_rmk --------
L 05/19/2011 - 06:00:16: -------- Mapchange to zm_303 --------
L 05/19/2011 - 06:00:18: [amxbans.amxx] [AMXBANS] AMXBans 5.0 подключен
L 05/19/2011 - 06:18:29: -------- Mapchange to cs_estate --------
L 05/19/2011 - 06:18:34: [amxbans.amxx] [AMXBANS] AMXBans 5.0 подключен
L 05/19/2011 - 06:40:57: -------- Mapchange to cs_estate --------
L 05/19/2011 - 06:41:02: [amxbans.amxx] [AMXBANS] AMXBans 5.0 подключен
L 05/19/2011 - 06:59:22: -------- Mapchange to zm_desolation_house --------
L 05/19/2011 - 06:59:24: [amxbans.amxx] [AMXBANS] AMXBans 5.0 подключен
L 05/19/2011 - 07:06:14: -------- Mapchange to cs_estate --------
L 05/19/2011 - 07:06:18: [amxbans.amxx] [AMXBANS] AMXBans 5.0 подключен
L 05/19/2011 - 07:26:11: -------- Mapchange to cs_estate --------
L 05/19/2011 - 07:26:15: [amxbans.amxx] [AMXBANS] AMXBans 5.0 подключен
L 05/19/2011 - 07:55:05: -------- Mapchange to zm_houses --------
L 05/19/2011 - 07:55:06: [amxbans.amxx] [AMXBANS] AMXBans 5.0 подключен
L 05/19/2011 - 08:20:52: [admin_amxbans.amxx] Login: "[o_VIP_o]                (^_^)V<32><STEAM_0:4:446327478><>" became an admin (account "212.55.104.156") (access "abcdefgijmopqtu") (address "212.55.104.156")
L 05/19/2011 - 08:24:03: -------- Mapchange to 016_rmk --------
L 05/19/2011 - 08:24:04: [admin_amxbans.amxx] Login: "[o_VIP_o]                (^_^)V<32><STEAM_0:4:446327478><>" became an admin (account "212.55.104.156") (access "abcdefgijmopqtu") (address "212.55.104.156")
L 05/19/2011 - 08:24:05: [amxbans.amxx] [AMXBANS] AMXBans 5.0 подключен
L 05/19/2011 - 08:25:48: [admin_amxbans.amxx] Login: "[o_VIP_o]                (^_^)V<36><STEAM_0:4:446327478><>" became an admin (account "212.55.104.156") (access "abcdefgijmopqtu") (address "212.55.104.156")
L 05/19/2011 - 08:31:56: [mapsmenu.amxx] Vote: "[o_VIP_o]                (^_^)V<36><STEAM_0:4:446327478><>" vote maps (map#1 "zm_202") (map#2 "") (map#3 "") (map#4 "")
L 05/19/2011 - 08:32:08: [mapsmenu.amxx] Vote: Voting successful. Map will be changed to zm_202
L 05/19/2011 - 08:32:17: [mapsmenu.amxx] Vote: Result accepted
L 05/19/2011 - 08:32:19: -------- Mapchange to zm_202 --------
L 05/19/2011 - 08:32:20: [admin_amxbans.amxx] Login: "[o_VIP_o]                (^_^)V<36><STEAM_0:4:446327478><>" became an admin (account "212.55.104.156") (access "abcdefgijmopqtu") (address "212.55.104.156")
L 05/19/2011 - 08:32:21: [amxbans.amxx] [AMXBANS] AMXBans 5.0 подключен
L 05/19/2011 - 08:51:27: [admin_amxbans.amxx] Login: "Green<49><STEAM_0:4:446327478><>" became an admin (account "212.55.104.156") (access "abcdefgijmopqtu") (address "212.55.104.156")
L 05/19/2011 - 08:52:40: [adminchat.amxx] Chat: "Green<49><STEAM_0:4:446327478><>" tsay "c"
L 05/19/2011 - 08:52:49: [adminchat.amxx] Chat: "Green<49><STEAM_0:4:446327478><>" chat " c"
L 05/19/2011 - 08:55:08: -------- Mapchange to zm_army --------
L 05/19/2011 - 08:55:09: [admin_amxbans.amxx] Login: "Green<49><STEAM_0:4:446327478><>" became an admin (account "212.55.104.156") (access "abcdefgijmopqtu") (address "212.55.104.156")
L 05/19/2011 - 08:55:10: [amxbans.amxx] [AMXBANS] AMXBans 5.0 подключен
L 05/19/2011 - 09:06:06: [admin_amxbans.amxx] Login: "Green<58><STEAM_0:4:446327478><>" became an admin (account "212.55.104.156") (access "abcdefgijmopqtu") (address "212.55.104.156")
L 05/19/2011 - 09:15:30: -------- Mapchange to de_dust --------
L 05/19/2011 - 09:15:33: [amxbans.amxx] [AMXBANS] AMXBans 5.0 подключен
L 05/19/2011 - 09:37:19: -------- Mapchange to zm_desolation_house --------
L 05/19/2011 - 09:37:21: [amxbans.amxx] [AMXBANS] AMXBans 5.0 подключен
L 05/19/2011 - 09:58:58: -------- Mapchange to zm_south_escape_b2 --------
L 05/19/2011 - 09:59:00: [amxbans.amxx] [AMXBANS] AMXBans 5.0 подключен
L 05/19/2011 - 10:20:47: -------- Mapchange to zm_escapetrain --------
L 05/19/2011 - 10:20:49: [amxbans.amxx] [AMXBANS] AMXBans 5.0 подключен
L 05/19/2011 - 10:31:21: [amxbans.amxx] [Amxbans] Запрос провален!
L 05/19/2011 - 10:31:21: [amxbans.amxx] [Amxbans] Ошибка, адрес: 18
L 05/19/2011 - 10:31:21: [amxbans.amxx] [Amxbans] Сообщение: You have an error in your SQL syntax; check the manual that corresponds to your MySQL server version for the right syntax to use near '' at line 1 (1064)
L 05/19/2011 - 10:31:21: [amxbans.amxx] [Amxbans] Статус запроса: 
L 05/19/2011 - 10:43:26: -------- Mapchange to zm_303 --------
L 05/19/2011 - 10:43:27: [amxbans.amxx] [AMXBANS] AMXBans 5.0 подключен
L 05/19/2011 - 10:43:30: [amxbans.amxx] [Amxbans] Запрос провален!
L 05/19/2011 - 10:43:30: [amxbans.amxx] [Amxbans] Ошибка, адрес: 18
L 05/19/2011 - 10:43:30: [amxbans.amxx] [Amxbans] Сообщение: You have an error in your SQL syntax; check the manual that corresponds to your MySQL server version for the right syntax to use near '' at line 1 (1064)
L 05/19/2011 - 10:43:30: [amxbans.amxx] [Amxbans] Статус запроса: 
L 05/19/2011 - 11:04:52: -------- Mapchange to zm_houses --------
L 05/19/2011 - 11:04:53: [amxbans.amxx] [AMXBANS] AMXBans 5.0 подключен
L 05/19/2011 - 11:04:56: [amxbans.amxx] [Amxbans] Запрос провален!
L 05/19/2011 - 11:04:56: [amxbans.amxx] [Amxbans] Ошибка, адрес: 18
L 05/19/2011 - 11:04:56: [amxbans.amxx] [Amxbans] Сообщение: You have an error in your SQL syntax; check the manual that corresponds to your MySQL server version for the right syntax to use near '' at line 1 (1064)
L 05/19/2011 - 11:04:56: [amxbans.amxx] [Amxbans] Статус запроса: 
L 05/19/2011 - 11:27:04: -------- Mapchange to zm_dust_base_fin --------
L 05/19/2011 - 11:27:07: [amxbans.amxx] [AMXBANS] AMXBans 5.0 подключен
L 05/19/2011 - 11:27:09: [amxbans.amxx] [Amxbans] Запрос провален!
L 05/19/2011 - 11:27:09: [amxbans.amxx] [Amxbans] Ошибка, адрес: 18
L 05/19/2011 - 11:27:09: [amxbans.amxx] [Amxbans] Сообщение: You have an error in your SQL syntax; check the manual that corresponds to your MySQL server version for the right syntax to use near '' at line 1 (1064)
L 05/19/2011 - 11:27:09: [amxbans.amxx] [Amxbans] Статус запроса: 
L 05/19/2011 - 11:37:55: [admin_amxbans.amxx] Login: "VANDAL<111><STEAM_0:0:31999920><>" became an admin (account "VANDAL") (access "atz") (address "91.205.25.41")
L 05/19/2011 - 11:47:38: -------- Mapchange to cs_office --------
L 05/19/2011 - 11:47:41: [admin_amxbans.amxx] Login: "VANDAL<111><STEAM_0:0:31999920><>" became an admin (account "VANDAL") (access "atz") (address "91.205.25.41")
L 05/19/2011 - 11:47:42: [amxbans.amxx] [AMXBANS] AMXBans 5.0 подключен
L 05/19/2011 - 11:57:36: [amxbans.amxx] [Amxbans] Запрос провален!
L 05/19/2011 - 11:57:36: [amxbans.amxx] [Amxbans] Ошибка, адрес: 18
L 05/19/2011 - 11:57:36: [amxbans.amxx] [Amxbans] Сообщение: You have an error in your SQL syntax; check the manual that corresponds to your MySQL server version for the right syntax to use near '' at line 1 (1064)
L 05/19/2011 - 11:57:36: [amxbans.amxx] [Amxbans] Статус запроса: 
L 05/19/2011 - 12:07:32: [amxbans.amxx] [Amxbans] Запрос провален!
L 05/19/2011 - 12:07:32: [amxbans.amxx] [Amxbans] Ошибка, адрес: 18
L 05/19/2011 - 12:07:32: [amxbans.amxx] [Amxbans] Сообщение: You have an error in your SQL syntax; check the manual that corresponds to your MySQL server version for the right syntax to use near ''amxbans' at line 1 (1064)
L 05/19/2011 - 12:07:32: [amxbans.amxx] [Amxbans] Статус запроса: 
L 05/19/2011 - 12:09:52: -------- Mapchange to zm_fdust2x2 --------
L 05/19/2011 - 12:09:53: [admin_amxbans.amxx] Login: "VANDAL<111><STEAM_0:0:31999920><>" became an admin (account "VANDAL") (access "atz") (address "91.205.25.41")
L 05/19/2011 - 12:09:54: [amxbans.amxx] [AMXBANS] AMXBans 5.0 подключен
L 05/19/2011 - 12:09:57: [amxbans.amxx] [Amxbans] Запрос провален!
L 05/19/2011 - 12:09:57: [amxbans.amxx] [Amxbans] Ошибка, адрес: 18
L 05/19/2011 - 12:09:57: [amxbans.amxx] [Amxbans] Сообщение: You have an error in your SQL syntax; check the manual that corresponds to your MySQL server version for the right syntax to use near ''amxbans' at line 1 (1064)
L 05/19/2011 - 12:09:57: [amxbans.amxx] [Amxbans] Статус запроса: 
L 05/19/2011 - 12:10:10: [amxbans.amxx] [Amxbans] Запрос провален!
L 05/19/2011 - 12:10:10: [amxbans.amxx] [Amxbans] Ошибка, адрес: 18
L 05/19/2011 - 12:10:10: [amxbans.amxx] [Amxbans] Сообщение: You have an error in your SQL syntax; check the manual that corresponds to your MySQL server version for the right syntax to use near ''amxbans' at line 1 (1064)
L 05/19/2011 - 12:10:10: [amxbans.amxx] [Amxbans] Статус запроса: 
L 05/19/2011 - 12:31:14: -------- Mapchange to cs_militia --------
L 05/19/2011 - 12:31:19: [admin_amxbans.amxx] Login: "VANDAL<111><STEAM_0:0:31999920><>" became an admin (account "VANDAL") (access "atz") (address "91.205.25.41")
L 05/19/2011 - 12:31:20: [amxbans.amxx] [AMXBANS] AMXBans 5.0 подключен
L 05/19/2011 - 12:31:23: [amxbans.amxx] [Amxbans] Запрос провален!
L 05/19/2011 - 12:31:23: [amxbans.amxx] [Amxbans] Ошибка, адрес: 18
L 05/19/2011 - 12:31:23: [amxbans.amxx] [Amxbans] Сообщение: You have an error in your SQL syntax; check the manual that corresponds to your MySQL server version for the right syntax to use near ''amxbans' at line 1 (1064)
L 05/19/2011 - 12:31:23: [amxbans.amxx] [Amxbans] Статус запроса: 
L 05/19/2011 - 12:49:22: [amxbans.amxx] [Amxbans] Запрос провален!
L 05/19/2011 - 12:49:22: [amxbans.amxx] [Amxbans] Ошибка, адрес: 18
L 05/19/2011 - 12:49:22: [amxbans.amxx] [Amxbans] Сообщение: You have an error in your SQL syntax; check the manual that corresponds to your MySQL server version for the right syntax to use near '' at line 1 (1064)
L 05/19/2011 - 12:49:22: [amxbans.amxx] [Amxbans] Статус запроса: 
L 05/19/2011 - 12:53:01: -------- Mapchange to zm_202 --------
L 05/19/2011 - 12:53:03: [amxbans.amxx] [AMXBANS] AMXBans 5.0 подключен
L 05/19/2011 - 12:53:05: [amxbans.amxx] [Amxbans] Запрос провален!
L 05/19/2011 - 12:53:05: [amxbans.amxx] [Amxbans] Ошибка, адрес: 18
L 05/19/2011 - 12:53:05: [amxbans.amxx] [Amxbans] Сообщение: You have an error in your SQL syntax; check the manual that corresponds to your MySQL server version for the right syntax to use near ''amxbans' at line 1 (1064)
L 05/19/2011 - 12:53:05: [amxbans.amxx] [Amxbans] Статус запроса: 
L 05/19/2011 - 12:53:06: [amxbans.amxx] [Amxbans] Запрос провален!
L 05/19/2011 - 12:53:06: [amxbans.amxx] [Amxbans] Ошибка, адрес: 18
L 05/19/2011 - 12:53:06: [amxbans.amxx] [Amxbans] Сообщение: You have an error in your SQL syntax; check the manual that corresponds to your MySQL server version for the right syntax to use near '' at line 1 (1064)
L 05/19/2011 - 12:53:06: [amxbans.amxx] [Amxbans] Статус запроса: 
L 05/19/2011 - 12:53:10: [amxbans.amxx] [Amxbans] Запрос провален!
L 05/19/2011 - 12:53:10: [amxbans.amxx] [Amxbans] Ошибка, адрес: 18
L 05/19/2011 - 12:53:10: [amxbans.amxx] [Amxbans] Сообщение: You have an error in your SQL syntax; check the manual that corresponds to your MySQL server version for the right syntax to use near ''amxbans' at line 1 (1064)
L 05/19/2011 - 12:53:10: [amxbans.amxx] [Amxbans] Статус запроса: 
L 05/19/2011 - 13:12:21: [amxbans.amxx] [Amxbans] Запрос провален!
L 05/19/2011 - 13:12:21: [amxbans.amxx] [Amxbans] Ошибка, адрес: 18
L 05/19/2011 - 13:12:21: [amxbans.amxx] [Amxbans] Сообщение: You have an error in your SQL syntax; check the manual that corresponds to your MySQL server version for the right syntax to use near ''1305796' at line 1 (1064)
L 05/19/2011 - 13:12:21: [amxbans.amxx] [Amxbans] Статус запроса: 
L 05/19/2011 - 13:13:45: [admin_amxbans.amxx] Login: "VANDAL<176><STEAM_0:0:31999920><>" became an admin (account "VANDAL") (access "atz") (address "91.205.25.41")
L 05/19/2011 - 13:14:32: -------- Mapchange to zm_jambalaya_escape --------
L 05/19/2011 - 13:14:33: [admin_amxbans.amxx] Login: "VANDAL<176><STEAM_0:0:31999920><>" became an admin (account "VANDAL") (access "atz") (address "91.205.25.41")
L 05/19/2011 - 13:14:34: [amxbans.amxx] [AMXBANS] AMXBans 5.0 подключен
L 05/19/2011 - 13:14:39: [amxbans.amxx] [Amxbans] Запрос провален!
L 05/19/2011 - 13:14:39: [amxbans.amxx] [Amxbans] Ошибка, адрес: 18
L 05/19/2011 - 13:14:39: [amxbans.amxx] [Amxbans] Сообщение: You have an error in your SQL syntax; check the manual that corresponds to your MySQL server version for the right syntax to use near ''amxbans' at line 1 (1064)
L 05/19/2011 - 13:14:39: [amxbans.amxx] [Amxbans] Статус запроса: 
L 05/19/2011 - 13:14:40: [amxbans.amxx] [Amxbans] Запрос провален!
L 05/19/2011 - 13:14:40: [amxbans.amxx] [Amxbans] Ошибка, адрес: 18
L 05/19/2011 - 13:14:40: [amxbans.amxx] [Amxbans] Сообщение: You have an error in your SQL syntax; check the manual that corresponds to your MySQL server version for the right syntax to use near '' at line 1 (1064)
L 05/19/2011 - 13:14:40: [amxbans.amxx] [Amxbans] Статус запроса: 
L 05/19/2011 - 13:14:41: [amxbans.amxx] [Amxbans] Запрос провален!
L 05/19/2011 - 13:14:41: [amxbans.amxx] [Amxbans] Ошибка, адрес: 18
L 05/19/2011 - 13:14:41: [amxbans.amxx] [Amxbans] Сообщение: You have an error in your SQL syntax; check the manual that corresponds to your MySQL server version for the right syntax to use near ''amxbans' at line 1 (1064)
L 05/19/2011 - 13:14:41: [amxbans.amxx] [Amxbans] Статус запроса: 
L 05/19/2011 - 13:14:41: [amxbans.amxx] [Amxbans] Запрос провален!
L 05/19/2011 - 13:14:41: [amxbans.amxx] [Amxbans] Ошибка, адрес: 18
L 05/19/2011 - 13:14:41: [amxbans.amxx] [Amxbans] Сообщение: You have an error in your SQL syntax; check the manual that corresponds to your MySQL server version for the right syntax to use near ''1305796' at line 1 (1064)
L 05/19/2011 - 13:14:41: [amxbans.amxx] [Amxbans] Статус запроса: 
L 05/19/2011 - 13:15:19: [amxbans.amxx] [Amxbans] Запрос провален!
L 05/19/2011 - 13:15:19: [amxbans.amxx] [Amxbans] Ошибка, адрес: 18
L 05/19/2011 - 13:15:19: [amxbans.amxx] [Amxbans] Сообщение: You have an error in your SQL syntax; check the manual that corresponds to your MySQL server version for the right syntax to use near ''amxbans' at line 1 (1064)
L 05/19/2011 - 13:15:19: [amxbans.amxx] [Amxbans] Статус запроса: 
L 05/19/2011 - 13:25:12: -------- Mapchange to de_dust --------
L 05/19/2011 - 13:25:14: [admin_amxbans.amxx] Login: "VANDAL<176><STEAM_0:0:31999920><>" became an admin (account "VANDAL") (access "atz") (address "91.205.25.41")
L 05/19/2011 - 13:25:15: [amxbans.amxx] [AMXBANS] AMXBans 5.0 подключен
L 05/19/2011 - 13:25:19: [amxbans.amxx] [Amxbans] Запрос провален!
L 05/19/2011 - 13:25:19: [amxbans.amxx] [Amxbans] Ошибка, адрес: 18
L 05/19/2011 - 13:25:19: [amxbans.amxx] [Amxbans] Сообщение: You have an error in your SQL syntax; check the manual that corresponds to your MySQL server version for the right syntax to use near ''amxbans' at line 1 (1064)
L 05/19/2011 - 13:25:19: [amxbans.amxx] [Amxbans] Статус запроса: 
L 05/19/2011 - 13:25:20: [amxbans.amxx] [Amxbans] Запрос провален!
L 05/19/2011 - 13:25:20: [amxbans.amxx] [Amxbans] Ошибка, адрес: 18
L 05/19/2011 - 13:25:20: [amxbans.amxx] [Amxbans] Сообщение: You have an error in your SQL syntax; check the manual that corresponds to your MySQL server version for the right syntax to use near '' at line 1 (1064)
L 05/19/2011 - 13:25:20: [amxbans.amxx] [Amxbans] Статус запроса: 
L 05/19/2011 - 13:45:53: -------- Mapchange to 016_rmk --------
L 05/19/2011 - 13:45:54: [admin_amxbans.amxx] Login: "VANDAL<176><STEAM_0:0:31999920><>" became an admin (account "VANDAL") (access "atz") (address "91.205.25.41")
L 05/19/2011 - 13:45:55: [amxbans.amxx] [AMXBANS] AMXBans 5.0 подключен
L 05/19/2011 - 14:06:10: -------- Mapchange to zm_army --------
L 05/19/2011 - 14:06:11: [admin_amxbans.amxx] Login: "VANDAL<176><STEAM_0:0:31999920><>" became an admin (account "VANDAL") (access "atz") (address "91.205.25.41")
L 05/19/2011 - 14:06:12: [amxbans.amxx] [AMXBANS] AMXBans 5.0 подключен
L 05/19/2011 - 14:06:48: [admin_amxbans.amxx] Login: "VANDAL<240><STEAM_0:0:31999920><>" became an admin (account "VANDAL") (access "atz") (address "91.205.25.41")
L 05/19/2011 - 14:22:24: [amxbans.amxx] [Amxbans] Запрос провален!
L 05/19/2011 - 14:22:24: [amxbans.amxx] [Amxbans] Ошибка, адрес: 18
L 05/19/2011 - 14:22:24: [amxbans.amxx] [Amxbans] Сообщение: You have an error in your SQL syntax; check the manual that corresponds to your MySQL server version for the right syntax to use near '' at line 1 (1064)
L 05/19/2011 - 14:22:24: [amxbans.amxx] [Amxbans] Статус запроса: 
L 05/19/2011 - 14:29:25: -------- Mapchange to zm_303 --------
L 05/19/2011 - 14:29:27: [amxbans.amxx] [AMXBANS] AMXBans 5.0 подключен
L 05/19/2011 - 14:29:31: [amxbans.amxx] [Amxbans] Запрос провален!
L 05/19/2011 - 14:29:31: [amxbans.amxx] [Amxbans] Ошибка, адрес: 18
L 05/19/2011 - 14:29:31: [amxbans.amxx] [Amxbans] Сообщение: You have an error in your SQL syntax; check the manual that corresponds to your MySQL server version for the right syntax to use near '' at line 1 (1064)
L 05/19/2011 - 14:29:31: [amxbans.amxx] [Amxbans] Статус запроса: 
L 05/19/2011 - 14:49:28: [amxbans.amxx] [Amxbans] Запрос провален!
L 05/19/2011 - 14:49:28: [amxbans.amxx] [Amxbans] Ошибка, адрес: 18
L 05/19/2011 - 14:49:28: [amxbans.amxx] [Amxbans] Сообщение: You have an error in your SQL syntax; check the manual that corresponds to your MySQL server version for the right syntax to use near '' at line 1 (1064)
L 05/19/2011 - 14:49:28: [amxbans.amxx] [Amxbans] Статус запроса: 
L 05/19/2011 - 14:49:40: -------- Mapchange to zm_desolation_house --------
L 05/19/2011 - 14:49:42: [amxbans.amxx] [AMXBANS] AMXBans 5.0 подключен
L 05/19/2011 - 14:49:48: [amxbans.amxx] [Amxbans] Запрос провален!
L 05/19/2011 - 14:49:48: [amxbans.amxx] [Amxbans] Ошибка, адрес: 18
L 05/19/2011 - 14:49:48: [amxbans.amxx] [Amxbans] Сообщение: You have an error in your SQL syntax; check the manual that corresponds to your MySQL server version for the right syntax to use near '' at line 1 (1064)
L 05/19/2011 - 14:49:48: [amxbans.amxx] [Amxbans] Статус запроса: 
L 05/19/2011 - 15:10:50: -------- Mapchange to cs_office --------
L 05/19/2011 - 15:10:55: [amxbans.amxx] [AMXBANS] AMXBans 5.0 подключен
L 05/19/2011 - 15:10:59: [amxbans.amxx] [Amxbans] Запрос провален!
L 05/19/2011 - 15:10:59: [amxbans.amxx] [Amxbans] Ошибка, адрес: 18
L 05/19/2011 - 15:10:59: [amxbans.amxx] [Amxbans] Сообщение: You have an error in your SQL syntax; check the manual that corresponds to your MySQL server version for the right syntax to use near '' at line 1 (1064)
L 05/19/2011 - 15:10:59: [amxbans.amxx] [Amxbans] Статус запроса: 
L 05/19/2011 - 15:31:53: -------- Mapchange to zm_neris --------
L 05/19/2011 - 15:31:56: [amxbans.amxx] [AMXBANS] AMXBans 5.0 подключен
L 05/19/2011 - 15:54:39: -------- Mapchange to zm_houses --------
L 05/19/2011 - 15:54:42: [amxbans.amxx] [AMXBANS] AMXBans 5.0 подключен
L 05/19/2011 - 16:17:04: -------- Mapchange to zm_fdust2x2 --------
L 05/19/2011 - 16:17:06: [amxbans.amxx] [AMXBANS] AMXBans 5.0 подключен
L 05/19/2011 - 16:29:20: [amxbans.amxx] [Amxbans] Запрос провален!
L 05/19/2011 - 16:29:20: [amxbans.amxx] [Amxbans] Ошибка, адрес: 18
L 05/19/2011 - 16:29:20: [amxbans.amxx] [Amxbans] Сообщение: You have an error in your SQL syntax; check the manual that corresponds to your MySQL server version for the right syntax to use near '' at line 1 (1064)
L 05/19/2011 - 16:29:20: [amxbans.amxx] [Amxbans] Статус запроса: 
L 05/19/2011 - 16:39:28: -------- Mapchange to zm_202 --------
L 05/19/2011 - 16:39:30: [amxbans.amxx] [AMXBANS] AMXBans 5.0 подключен
L 05/19/2011 - 17:02:14: -------- Mapchange to 016_rmk --------
L 05/19/2011 - 17:02:16: [amxbans.amxx] [AMXBANS] AMXBans 5.0 подключен
L 05/19/2011 - 17:23:53: -------- Mapchange to zm_303 --------
L 05/19/2011 - 17:23:56: [amxbans.amxx] [AMXBANS] AMXBans 5.0 подключен
L 05/19/2011 - 17:44:33: -------- Mapchange to zm_desolation_house --------
L 05/19/2011 - 17:44:35: [amxbans.amxx] [AMXBANS] AMXBans 5.0 подключен
L 05/19/2011 - 17:56:42: [amxbans.amxx] [Amxbans] Запрос провален!
L 05/19/2011 - 17:56:42: [amxbans.amxx] [Amxbans] Ошибка, адрес: 18
L 05/19/2011 - 17:56:42: [amxbans.amxx] [Amxbans] Сообщение: You have an error in your SQL syntax; check the manual that corresponds to your MySQL server version for the right syntax to use near '' at line 1 (1064)
L 05/19/2011 - 17:56:42: [amxbans.amxx] [Amxbans] Статус запроса: 
L 05/19/2011 - 18:04:27: [admin_amxbans.amxx] Login: "~Helena~<512><STEAM_0:4:385929066><>" became an admin (account "~Helena~") (access "atz") (address "109.124.93.135")
L 05/19/2011 - 18:07:42: -------- Mapchange to zm_south_escape_b2 --------
L 05/19/2011 - 18:07:43: [admin_amxbans.amxx] Login: "~Helena~<512><STEAM_0:4:385929066><>" became an admin (account "~Helena~") (access "atz") (address "109.124.93.135")
L 05/19/2011 - 18:07:44: [amxbans.amxx] [AMXBANS] AMXBans 5.0 подключен
L 05/19/2011 - 18:21:48: [admin_amxbans.amxx] Login: "~Helena~<532><STEAM_0:4:385929066><>" became an admin (account "~Helena~") (access "atz") (address "109.124.93.135")
L 05/19/2011 - 18:28:38: -------- Mapchange to cs_office --------
L 05/19/2011 - 18:28:42: [amxbans.amxx] [AMXBANS] AMXBans 5.0 подключен
L 05/19/2011 - 18:30:42: [admin_amxbans.amxx] Login: "~Helena~<543><STEAM_0:4:385929066><>" became an admin (account "~Helena~") (access "atz") (address "109.124.93.135")
L 05/19/2011 - 18:49:42: -------- Mapchange to de_dust --------
L 05/19/2011 - 18:49:45: [admin_amxbans.amxx] Login: "~Helena~<543><STEAM_0:4:385929066><>" became an admin (account "~Helena~") (access "atz") (address "109.124.93.135")
L 05/19/2011 - 18:49:46: [amxbans.amxx] [AMXBANS] AMXBans 5.0 подключен
L 05/19/2011 - 19:09:58: -------- Mapchange to zm_dust_base_fin --------
L 05/19/2011 - 19:09:59: [admin_amxbans.amxx] Login: "~Helena~<543><STEAM_0:4:385929066><>" became an admin (account "~Helena~") (access "atz") (address "109.124.93.135")
L 05/19/2011 - 19:10:00: [amxbans.amxx] [AMXBANS] AMXBans 5.0 подключен
L 05/19/2011 - 19:32:51: -------- Mapchange to cs_militia --------
L 05/19/2011 - 19:32:59: [admin_amxbans.amxx] Login: "~Helena~<543><STEAM_0:4:385929066><>" became an admin (account "~Helena~") (access "atz") (address "109.124.93.135")
L 05/19/2011 - 19:33:01: [amxbans.amxx] [AMXBANS] AMXBans 5.0 подключен
L 05/19/2011 - 19:54:09: -------- Mapchange to zm_fdust2x2 --------
L 05/19/2011 - 19:54:11: [amxbans.amxx] [AMXBANS] AMXBans 5.0 подключен
L 05/19/2011 - 19:58:43: [amxbans.amxx] [Amxbans] Запрос провален!
L 05/19/2011 - 19:58:43: [amxbans.amxx] [Amxbans] Ошибка, адрес: 18
L 05/19/2011 - 19:58:43: [amxbans.amxx] [Amxbans] Сообщение: You have an error in your SQL syntax; check the manual that corresponds to your MySQL server version for the right syntax to use near ''1305820' at line 1 (1064)
L 05/19/2011 - 19:58:43: [amxbans.amxx] [Amxbans] Статус запроса: 
L 05/19/2011 - 20:14:38: -------- Mapchange to ze_jurassickpark3_lg --------
L 05/19/2011 - 20:14:41: [amxbans.amxx] [AMXBANS] AMXBans 5.0 подключен
L 05/19/2011 - 20:14:46: [amxbans.amxx] [Amxbans] Запрос провален!
L 05/19/2011 - 20:14:46: [amxbans.amxx] [Amxbans] Ошибка, адрес: 18
L 05/19/2011 - 20:14:46: [amxbans.amxx] [Amxbans] Сообщение: You have an error in your SQL syntax; check the manual that corresponds to your MySQL server version for the right syntax to use near ''1305821' at line 1 (1064)
L 05/19/2011 - 20:14:46: [amxbans.amxx] [Amxbans] Статус запроса: 
L 05/19/2011 - 20:21:56: [amxbans.amxx] [Amxbans] Запрос провален!
L 05/19/2011 - 20:21:56: [amxbans.amxx] [Amxbans] Ошибка, адрес: 18
L 05/19/2011 - 20:21:56: [amxbans.amxx] [Amxbans] Сообщение: You have an error in your SQL syntax; check the manual that corresponds to your MySQL server version for the right syntax to use near ''1305822' at line 1 (1064)
L 05/19/2011 - 20:21:56: [amxbans.amxx] [Amxbans] Статус запроса: 
L 05/19/2011 - 20:34:53: [admin_amxbans.amxx] Login: ".::T9o::.<666><STEAM_0:0:1836044300><>" became an admin (account ".::T9o::.") (access "abcdefgijmopqtu") (address "95.55.173.144")
L 05/19/2011 - 20:36:32: -------- Mapchange to zm_202 --------
L 05/19/2011 - 20:36:33: [admin_amxbans.amxx] Login: ".::T9o::.<666><STEAM_0:0:1836044300><>" became an admin (account ".::T9o::.") (access "abcdefgijmopqtu") (address "95.55.173.144")
L 05/19/2011 - 20:36:34: [amxbans.amxx] [AMXBANS] AMXBans 5.0 подключен
L 05/19/2011 - 20:36:38: [amxbans.amxx] [Amxbans] Запрос провален!
L 05/19/2011 - 20:36:38: [amxbans.amxx] [Amxbans] Ошибка, адрес: 18
L 05/19/2011 - 20:36:38: [amxbans.amxx] [Amxbans] Сообщение: You have an error in your SQL syntax; check the manual that corresponds to your MySQL server version for the right syntax to use near ''1305822' at line 1 (1064)
L 05/19/2011 - 20:36:38: [amxbans.amxx] [Amxbans] Статус запроса: 
L 05/19/2011 - 20:38:14: [plmenu.amxx] Kick: ".::T9o::.<666><STEAM_0:0:1836044300><>" kick ".::T9o::.<666><STEAM_0:0:1836044300><>"
L 05/19/2011 - 20:38:17: [admin_amxbans.amxx] Login: ".::T9o::.<671><STEAM_0:0:1836044300><>" became an admin (account ".::T9o::.") (access "abcdefgijmopqtu") (address "95.55.173.144")
L 05/19/2011 - 20:48:46: [plmenu.amxx] Cmd: ".::T9o::.<671><STEAM_0:0:1836044300><>" slap with 0 damage "Sgt.Mac<660><STEAM_0:4:1909655408><>"
L 05/19/2011 - 20:48:46: [plmenu.amxx] Cmd: ".::T9o::.<671><STEAM_0:0:1836044300><>" slap with 0 damage "Sgt.Mac<660><STEAM_0:4:1909655408><>"
L 05/19/2011 - 20:48:46: [plmenu.amxx] Cmd: ".::T9o::.<671><STEAM_0:0:1836044300><>" slap with 0 damage "Sgt.Mac<660><STEAM_0:4:1909655408><>"
L 05/19/2011 - 20:48:46: [plmenu.amxx] Cmd: ".::T9o::.<671><STEAM_0:0:1836044300><>" slap with 0 damage "Sgt.Mac<660><STEAM_0:4:1909655408><>"
L 05/19/2011 - 20:48:47: [plmenu.amxx] Cmd: ".::T9o::.<671><STEAM_0:0:1836044300><>" slap with 0 damage "Sgt.Mac<660><STEAM_0:4:1909655408><>"
L 05/19/2011 - 20:48:47: [plmenu.amxx] Cmd: ".::T9o::.<671><STEAM_0:0:1836044300><>" slap with 0 damage "Sgt.Mac<660><STEAM_0:4:1909655408><>"
L 05/19/2011 - 20:48:47: [plmenu.amxx] Cmd: ".::T9o::.<671><STEAM_0:0:1836044300><>" slap with 0 damage "Sgt.Mac<660><STEAM_0:4:1909655408><>"
L 05/19/2011 - 20:48:47: [plmenu.amxx] Cmd: ".::T9o::.<671><STEAM_0:0:1836044300><>" slap with 0 damage "Sgt.Mac<660><STEAM_0:4:1909655408><>"
L 05/19/2011 - 20:48:47: [plmenu.amxx] Cmd: ".::T9o::.<671><STEAM_0:0:1836044300><>" slap with 0 damage "Sgt.Mac<660><STEAM_0:4:1909655408><>"
L 05/19/2011 - 20:48:47: [plmenu.amxx] Cmd: ".::T9o::.<671><STEAM_0:0:1836044300><>" slap with 0 damage "Sgt.Mac<660><STEAM_0:4:1909655408><>"
L 05/19/2011 - 20:48:47: [plmenu.amxx] Cmd: ".::T9o::.<671><STEAM_0:0:1836044300><>" slap with 0 damage "Sgt.Mac<660><STEAM_0:4:1909655408><>"
L 05/19/2011 - 20:48:48: [plmenu.amxx] Cmd: ".::T9o::.<671><STEAM_0:0:1836044300><>" slap with 0 damage "Sgt.Mac<660><STEAM_0:4:1909655408><>"
L 05/19/2011 - 20:48:48: [plmenu.amxx] Cmd: ".::T9o::.<671><STEAM_0:0:1836044300><>" slap with 0 damage "Sgt.Mac<660><STEAM_0:4:1909655408><>"
L 05/19/2011 - 20:48:48: [plmenu.amxx] Cmd: ".::T9o::.<671><STEAM_0:0:1836044300><>" slap with 0 damage "Sgt.Mac<660><STEAM_0:4:1909655408><>"
L 05/19/2011 - 20:48:48: [plmenu.amxx] Cmd: ".::T9o::.<671><STEAM_0:0:1836044300><>" slap with 0 damage "Sgt.Mac<660><STEAM_0:4:1909655408><>"
L 05/19/2011 - 20:51:43: [plmenu.amxx] Cmd: ".::T9o::.<671><STEAM_0:0:1836044300><>" slap with 0 damage "He6o<610><STEAM_0:4:256874218><>"
L 05/19/2011 - 20:51:43: [plmenu.amxx] Cmd: ".::T9o::.<671><STEAM_0:0:1836044300><>" slap with 0 damage "228 IIeTPyILIKA<679><STEAM_0:0:1940680382><>"
L 05/19/2011 - 20:51:43: [plmenu.amxx] Cmd: ".::T9o::.<671><STEAM_0:0:1836044300><>" slap with 0 damage "228 IIeTPyILIKA<679><STEAM_0:0:1940680382><>"
L 05/19/2011 - 20:51:43: [plmenu.amxx] Cmd: ".::T9o::.<671><STEAM_0:0:1836044300><>" slap with 0 damage "228 IIeTPyILIKA<679><STEAM_0:0:1940680382><>"
L 05/19/2011 - 20:51:44: [plmenu.amxx] Cmd: ".::T9o::.<671><STEAM_0:0:1836044300><>" slap with 0 damage "228 IIeTPyILIKA<679><STEAM_0:0:1940680382><>"
L 05/19/2011 - 20:51:44: [plmenu.amxx] Cmd: ".::T9o::.<671><STEAM_0:0:1836044300><>" slap with 0 damage "228 IIeTPyILIKA<679><STEAM_0:0:1940680382><>"
L 05/19/2011 - 20:51:44: [plmenu.amxx] Cmd: ".::T9o::.<671><STEAM_0:0:1836044300><>" slap with 0 damage "228 IIeTPyILIKA<679><STEAM_0:0:1940680382><>"
L 05/19/2011 - 20:51:44: [plmenu.amxx] Cmd: ".::T9o::.<671><STEAM_0:0:1836044300><>" slap with 0 damage "228 IIeTPyILIKA<679><STEAM_0:0:1940680382><>"
L 05/19/2011 - 20:51:44: [plmenu.amxx] Cmd: ".::T9o::.<671><STEAM_0:0:1836044300><>" slap with 0 damage "228 IIeTPyILIKA<679><STEAM_0:0:1940680382><>"
L 05/19/2011 - 20:51:44: [plmenu.amxx] Cmd: ".::T9o::.<671><STEAM_0:0:1836044300><>" slap with 0 damage "228 IIeTPyILIKA<679><STEAM_0:0:1940680382><>"
L 05/19/2011 - 20:51:44: [plmenu.amxx] Cmd: ".::T9o::.<671><STEAM_0:0:1836044300><>" slap with 0 damage "228 IIeTPyILIKA<679><STEAM_0:0:1940680382><>"
L 05/19/2011 - 20:51:46: [plmenu.amxx] Cmd: ".::T9o::.<671><STEAM_0:0:1836044300><>" slap with 0 damage "He6o<610><STEAM_0:4:256874218><>"
L 05/19/2011 - 20:51:46: [plmenu.amxx] Cmd: ".::T9o::.<671><STEAM_0:0:1836044300><>" slap with 0 damage "He6o<610><STEAM_0:4:256874218><>"
L 05/19/2011 - 20:51:46: [plmenu.amxx] Cmd: ".::T9o::.<671><STEAM_0:0:1836044300><>" slap with 0 damage "He6o<610><STEAM_0:4:256874218><>"
L 05/19/2011 - 20:51:47: [plmenu.amxx] Cmd: ".::T9o::.<671><STEAM_0:0:1836044300><>" slap with 0 damage "He6o<610><STEAM_0:4:256874218><>"
L 05/19/2011 - 20:51:47: [plmenu.amxx] Cmd: ".::T9o::.<671><STEAM_0:0:1836044300><>" slap with 0 damage "He6o<610><STEAM_0:4:256874218><>"
L 05/19/2011 - 20:51:47: [plmenu.amxx] Cmd: ".::T9o::.<671><STEAM_0:0:1836044300><>" slap with 0 damage "He6o<610><STEAM_0:4:256874218><>"
L 05/19/2011 - 20:51:47: [plmenu.amxx] Cmd: ".::T9o::.<671><STEAM_0:0:1836044300><>" slap with 0 damage "He6o<610><STEAM_0:4:256874218><>"
L 05/19/2011 - 20:51:47: [plmenu.amxx] Cmd: ".::T9o::.<671><STEAM_0:0:1836044300><>" slap with 0 damage "He6o<610><STEAM_0:4:256874218><>"
L 05/19/2011 - 20:51:47: [plmenu.amxx] Cmd: ".::T9o::.<671><STEAM_0:0:1836044300><>" slap with 0 damage "He6o<610><STEAM_0:4:256874218><>"
L 05/19/2011 - 20:51:47: [plmenu.amxx] Cmd: ".::T9o::.<671><STEAM_0:0:1836044300><>" slap with 0 damage "He6o<610><STEAM_0:4:256874218><>"
L 05/19/2011 - 20:51:48: [plmenu.amxx] Cmd: ".::T9o::.<671><STEAM_0:0:1836044300><>" slap with 0 damage "He6o<610><STEAM_0:4:256874218><>"
L 05/19/2011 - 20:51:49: [plmenu.amxx] Cmd: ".::T9o::.<671><STEAM_0:0:1836044300><>" slap with 0 damage "He6o<610><STEAM_0:4:256874218><>"
L 05/19/2011 - 20:51:49: [plmenu.amxx] Cmd: ".::T9o::.<671><STEAM_0:0:1836044300><>" slap with 0 damage "He6o<610><STEAM_0:4:256874218><>"
L 05/19/2011 - 20:51:49: [plmenu.amxx] Cmd: ".::T9o::.<671><STEAM_0:0:1836044300><>" slap with 0 damage "He6o<610><STEAM_0:4:256874218><>"
L 05/19/2011 - 20:51:49: [plmenu.amxx] Cmd: ".::T9o::.<671><STEAM_0:0:1836044300><>" slap with 0 damage "He6o<610><STEAM_0:4:256874218><>"
L 05/19/2011 - 20:51:49: [plmenu.amxx] Cmd: ".::T9o::.<671><STEAM_0:0:1836044300><>" slap with 0 damage "He6o<610><STEAM_0:4:256874218><>"
L 05/19/2011 - 20:51:49: [plmenu.amxx] Cmd: ".::T9o::.<671><STEAM_0:0:1836044300><>" slap with 0 damage "He6o<610><STEAM_0:4:256874218><>"
L 05/19/2011 - 20:51:49: [plmenu.amxx] Cmd: ".::T9o::.<671><STEAM_0:0:1836044300><>" slap with 0 damage "He6o<610><STEAM_0:4:256874218><>"
L 05/19/2011 - 20:51:50: [plmenu.amxx] Cmd: ".::T9o::.<671><STEAM_0:0:1836044300><>" slap with 0 damage "He6o<610><STEAM_0:4:256874218><>"
L 05/19/2011 - 20:51:50: [plmenu.amxx] Cmd: ".::T9o::.<671><STEAM_0:0:1836044300><>" slap with 0 damage "He6o<610><STEAM_0:4:256874218><>"
L 05/19/2011 - 20:51:50: [plmenu.amxx] Cmd: ".::T9o::.<671><STEAM_0:0:1836044300><>" slap with 0 damage "He6o<610><STEAM_0:4:256874218><>"
L 05/19/2011 - 20:56:08: [plmenu.amxx] Cmd: ".::T9o::.<671><STEAM_0:0:1836044300><>" transfer ".::T9o::.<671><STEAM_0:0:1836044300><>" (team "TERRORIST")
L 05/19/2011 - 21:00:40: [admin_amxbans.amxx] Login: "[o_VIP_o]                (^_^)V<685><STEAM_0:4:446327478><>" became an admin (account "212.55.104.156") (access "abcdefgijmopqtu") (address "212.55.104.156")
L 05/19/2011 - 21:02:44: -------- Mapchange to 016_rmk --------
L 05/19/2011 - 21:02:45: [admin_amxbans.amxx] Login: ".::T9o::.<671><STEAM_0:0:1836044300><>" became an admin (account ".::T9o::.") (access "abcdefgijmopqtu") (address "95.55.173.144")
L 05/19/2011 - 21:02:45: [admin_amxbans.amxx] Login: "[o_VIP_o]                (^_^)V<685><STEAM_0:4:446327478><>" became an admin (account "212.55.104.156") (access "abcdefgijmopqtu") (address "212.55.104.156")
L 05/19/2011 - 21:02:46: [amxbans.amxx] [AMXBANS] AMXBans 5.0 подключен
L 05/19/2011 - 21:03:53: [plmenu.amxx] Cmd: "[o_VIP_o]                (^_^)V<685><STEAM_0:4:446327478><>" transfer "[o_VIP_o]                (^_^)V<685><STEAM_0:4:446327478><>" (team "TERRORIST")
L 05/19/2011 - 21:04:15: [mapsmenu.amxx] Vote: "[o_VIP_o]                (^_^)V<685><STEAM_0:4:446327478><>" vote maps (map#1 "zm_neris") (map#2 "zm_houses") (map#3 "cs_office") (map#4 "zm_fdust2x2")
L 05/19/2011 - 21:04:27: [mapsmenu.amxx] Vote: Voting failed
L 05/19/2011 - 21:04:56: [mapsmenu.amxx] Vote: "[o_VIP_o]                (^_^)V<685><STEAM_0:4:446327478><>" vote maps (map#1 "zm_houses") (map#2 "zm_fdust2x2") (map#3 "") (map#4 "")
L 05/19/2011 - 21:05:08: [mapsmenu.amxx] Vote: Voting failed
L 05/19/2011 - 21:05:27: [mapsmenu.amxx] Vote: "[o_VIP_o]                (^_^)V<685><STEAM_0:4:446327478><>" vote maps (map#1 "zm_houses") (map#2 "zm_neris") (map#3 "") (map#4 "")
L 05/19/2011 - 21:05:39: [mapsmenu.amxx] Vote: Voting failed
L 05/19/2011 - 21:05:57: [mapsmenu.amxx] Vote: "[o_VIP_o]                (^_^)V<685><STEAM_0:4:446327478><>" vote maps (map#1 "zm_fdust2x2") (map#2 "") (map#3 "") (map#4 "")
L 05/19/2011 - 21:06:09: [mapsmenu.amxx] Vote: Voting successful. Map will be changed to zm_fdust2x2
L 05/19/2011 - 21:06:19: [mapsmenu.amxx] Vote: Result refused
L 05/19/2011 - 21:06:33: [mapsmenu.amxx] Cmd: "[o_VIP_o]                (^_^)V<685><STEAM_0:4:446327478><>" changelevel "zm_fdust2x2"
L 05/19/2011 - 21:06:35: -------- Mapchange to zm_fdust2x2 --------
L 05/19/2011 - 21:06:37: [admin_amxbans.amxx] Login: ".::T9o::.<671><STEAM_0:0:1836044300><>" became an admin (account ".::T9o::.") (access "abcdefgijmopqtu") (address "95.55.173.144")
L 05/19/2011 - 21:06:37: [admin_amxbans.amxx] Login: "[o_VIP_o]                (^_^)V<685><STEAM_0:4:446327478><>" became an admin (account "212.55.104.156") (access "abcdefgijmopqtu") (address "212.55.104.156")
L 05/19/2011 - 21:06:38: [amxbans.amxx] [AMXBANS] AMXBans 5.0 подключен
L 05/19/2011 - 21:13:30: [plmenu.amxx] Cmd: "[o_VIP_o]                (^_^)V<685><STEAM_0:4:446327478><>" transfer "[o_VIP_o]                (^_^)V<685><STEAM_0:4:446327478><>" (team "TERRORIST")
L 05/19/2011 - 21:16:33: [plmenu.amxx] Cmd: ".::T9o::.<671><STEAM_0:0:1836044300><>" transfer "SNEG (The cake is a lie)<688><STEAM_0:4:510191493><>" (team "TERRORIST")
L 05/19/2011 - 21:16:53: [plmenu.amxx] Cmd: ".::T9o::.<671><STEAM_0:0:1836044300><>" transfer ".::T9o::.<671><STEAM_0:0:1836044300><>" (team "TERRORIST")
L 05/19/2011 - 21:17:49: [adminchat.amxx] Chat: "[o_VIP_o]                (^_^)V<685><STEAM_0:4:446327478><>" tsay "Ky!)"
L 05/19/2011 - 21:18:00: [adminchat.amxx] Chat: "[o_VIP_o]                (^_^)V<685><STEAM_0:4:446327478><>" tsay "Poma =P"
L 05/19/2011 - 21:18:05: [adminchat.amxx] Chat: "SNEG (The cake is a lie)<688><STEAM_0:4:510191493><>" chat ")))"
L 05/19/2011 - 21:18:11: [adminchat.amxx] Chat: "[o_VIP_o]                (^_^)V<685><STEAM_0:4:446327478><>" chat " Ok)"
L 05/19/2011 - 21:18:24: [adminchat.amxx] Chat: "[o_VIP_o]                (^_^)V<685><STEAM_0:4:446327478><>" chat " eto admin 4at"
L 05/19/2011 - 21:18:34: [adminchat.amxx] Chat: "[o_VIP_o]                (^_^)V<685><STEAM_0:4:446327478><>" chat " tyt toka adminbI cJIbIwat"
L 05/19/2011 - 21:18:42: [adminchat.amxx] Chat: "SNEG (The cake is a lie)<688><STEAM_0:4:510191493><>" chat " eto?"
L 05/19/2011 - 21:18:58: [adminchat.amxx] Chat: "[o_VIP_o]                (^_^)V<685><STEAM_0:4:446327478><>" chat ""
L 05/19/2011 - 21:19:00: [adminchat.amxx] Chat: ".::T9o::.<671><STEAM_0:0:1836044300><>" chat " ax"
L 05/19/2011 - 21:19:00: [adminchat.amxx] Chat: "SNEG (The cake is a lie)<688><STEAM_0:4:510191493><>" chat " oga oga"
L 05/19/2011 - 21:19:07: [adminchat.amxx] Chat: ".::T9o::.<671><STEAM_0:0:1836044300><>" tsay "MEH9 C/\bILLIHO?"
L 05/19/2011 - 21:19:21: [adminchat.amxx] Chat: ".::T9o::.<671><STEAM_0:0:1836044300><>" chat " e"
L 05/19/2011 - 21:19:26: [adminchat.amxx] Chat: ".::T9o::.<671><STEAM_0:0:1836044300><>" chat " CHEr"
L 05/19/2011 - 21:19:27: [adminchat.amxx] Chat: "[o_VIP_o]                (^_^)V<685><STEAM_0:4:446327478><>" chat " tenepu Ha}I{Mu  Ha  y  u Ha4Hu cmc c  @"
L 05/19/2011 - 21:19:36: [adminchat.amxx] Chat: ".::T9o::.<671><STEAM_0:0:1836044300><>" chat "ee"
L 05/19/2011 - 21:19:42: [adminchat.amxx] Chat: ".::T9o::.<671><STEAM_0:0:1836044300><>" tsay "ga?"
L 05/19/2011 - 21:19:51: [adminchat.amxx] Chat: ".::T9o::.<671><STEAM_0:0:1836044300><>" tsay "a"
L 05/19/2011 - 21:19:52: [adminchat.amxx] Chat: "[o_VIP_o]                (^_^)V<685><STEAM_0:4:446327478><>" chat " CHEG Hac tyt He cJIbIwut"
L 05/19/2011 - 21:20:04: [adminchat.amxx] Chat: ".::T9o::.<671><STEAM_0:0:1836044300><>" chat " KPyTO))A KAK CAM y3HA/\?"
L 05/19/2011 - 21:20:15: [adminchat.amxx] Chat: "[o_VIP_o]                (^_^)V<685><STEAM_0:4:446327478><>" tsay "Dumka!!!!!)"
L 05/19/2011 - 21:20:29: [adminchat.amxx] Chat: ".::T9o::.<671><STEAM_0:0:1836044300><>" tsay "o"
L 05/19/2011 - 21:21:26: [adminchat.amxx] Chat: "[o_VIP_o]                (^_^)V<685><STEAM_0:4:446327478><>" tsay "POMA!!!!!!)"
L 05/19/2011 - 21:21:32: [adminchat.amxx] Chat: ".::T9o::.<671><STEAM_0:0:1836044300><>" tsay "Hu3e HE 3HA}O!!"
L 05/19/2011 - 21:21:47: [adminchat.amxx] Chat: ".::T9o::.<671><STEAM_0:0:1836044300><>" tsay "q a"
L 05/19/2011 - 21:21:52: [adminchat.amxx] Chat: ".::T9o::.<671><STEAM_0:0:1836044300><>" tsay "w "
L 05/19/2011 - 21:22:28: [plmenu.amxx] Cmd: "[o_VIP_o]                (^_^)V<685><STEAM_0:4:446327478><>" transfer "SNEG (The cake is a lie)<688><STEAM_0:4:510191493><>" (team "CT")
L 05/19/2011 - 21:24:00: [adminchat.amxx] Chat: "[o_VIP_o]                (^_^)V<685><STEAM_0:4:446327478><>" tsay ""
L 05/19/2011 - 21:24:07: [adminchat.amxx] Chat: "[o_VIP_o]                (^_^)V<685><STEAM_0:4:446327478><>" chat "4ut"
L 05/19/2011 - 21:27:33: [adminchat.amxx] Chat: "[o_VIP_o]                (^_^)V<685><STEAM_0:4:446327478><>" chat "mde"
L 05/19/2011 - 21:28:03: [adminchat.amxx] Chat: "[o_VIP_o]                (^_^)V<685><STEAM_0:4:446327478><>" chat "HepeaJI"
L 05/19/2011 - 21:28:10: [adminchat.amxx] Chat: ".::T9o::.<671><STEAM_0:0:1836044300><>" chat " PEa/\"
L 05/19/2011 - 21:31:53: -------- Mapchange to zm_neris --------
L 05/19/2011 - 21:31:54: [admin_amxbans.amxx] Login: ".::T9o::.<671><STEAM_0:0:1836044300><>" became an admin (account ".::T9o::.") (access "abcdefgijmopqtu") (address "95.55.173.144")
L 05/19/2011 - 21:31:55: [amxbans.amxx] [AMXBANS] AMXBans 5.0 подключен
L 05/19/2011 - 21:33:45: [plmenu.amxx] Cmd: ".::T9o::.<671><STEAM_0:0:1836044300><>" slap with 0 damage ".::T9o::.<671><STEAM_0:0:1836044300><>"
L 05/19/2011 - 21:40:05: [plmenu.amxx] Cmd: ".::T9o::.<671><STEAM_0:0:1836044300><>" transfer ".::T9o::.<671><STEAM_0:0:1836044300><>" (team "TERRORIST")
L 05/19/2011 - 21:43:56: [admin_amxbans.amxx] Login: "VANDAL<713><STEAM_0:0:31999920><>" became an admin (account "VANDAL") (access "atz") (address "91.205.25.41")
L 05/19/2011 - 21:47:03: [admin_amxbans.amxx] Login: "[o_VIP_o]                (^_^)V<717><STEAM_0:4:446327478><>" became an admin (account "212.55.104.156") (access "abcdefgijmopqtu") (address "212.55.104.156")
L 05/19/2011 - 21:48:51: [adminchat.amxx] Chat: "[o_VIP_o]                (^_^)V<717><STEAM_0:4:446327478><>" chat "Oam?"
L 05/19/2011 - 21:48:55: [adminchat.amxx] Chat: "[o_VIP_o]                (^_^)V<717><STEAM_0:4:446327478><>" chat "Pom?"
L 05/19/2011 - 21:52:05: [mapsmenu.amxx] Vote: "[o_VIP_o]                (^_^)V<717><STEAM_0:4:446327478><>" vote maps (map#1 "cs_office") (map#2 "") (map#3 "") (map#4 "")
L 05/19/2011 - 21:52:17: [mapsmenu.amxx] Vote: Voting successful. Map will be changed to cs_office
L 05/19/2011 - 21:52:24: [mapsmenu.amxx] Vote: Result accepted
L 05/19/2011 - 21:52:26: -------- Mapchange to cs_office --------
L 05/19/2011 - 21:52:29: [admin_amxbans.amxx] Login: ".::T9o::.<671><STEAM_0:0:1836044300><>" became an admin (account ".::T9o::.") (access "abcdefgijmopqtu") (address "95.55.173.144")
L 05/19/2011 - 21:52:29: [admin_amxbans.amxx] Login: "VANDAL<713><STEAM_0:0:31999920><>" became an admin (account "VANDAL") (access "atz") (address "91.205.25.41")
L 05/19/2011 - 21:52:30: [admin_amxbans.amxx] Login: "[o_VIP_o]                (^_^)V<717><STEAM_0:4:446327478><>" became an admin (account "212.55.104.156") (access "abcdefgijmopqtu") (address "212.55.104.156")
L 05/19/2011 - 21:52:30: [amxbans.amxx] [AMXBANS] AMXBans 5.0 подключен
L 05/19/2011 - 21:59:55: [plmenu.amxx] Cmd: ".::T9o::.<671><STEAM_0:0:1836044300><>" slap with 0 damage "IIpocTa4eK<712><STEAM_0:0:1594634228><>"
L 05/19/2011 - 21:59:55: [plmenu.amxx] Cmd: ".::T9o::.<671><STEAM_0:0:1836044300><>" slap with 0 damage "IIpocTa4eK<712><STEAM_0:0:1594634228><>"
L 05/19/2011 - 21:59:56: [plmenu.amxx] Cmd: ".::T9o::.<671><STEAM_0:0:1836044300><>" slap with 0 damage "IIpocTa4eK<712><STEAM_0:0:1594634228><>"
L 05/19/2011 - 22:00:48: [plmenu.amxx] Kick: "[o_VIP_o]                (^_^)V<717><STEAM_0:4:446327478><>" kick "IIpocTa4eK<712><STEAM_0:0:1594634228><>"
L 05/19/2011 - 22:03:58: [plmenu.amxx] Cmd: "[o_VIP_o]                (^_^)V<717><STEAM_0:4:446327478><>" slap with 0 damage "[o_VIP_o]                (^_^)V<717><STEAM_0:4:446327478><>"
L 05/19/2011 - 22:04:07: [plmenu.amxx] Cmd: ".::T9o::.<671><STEAM_0:0:1836044300><>" slap with 0 damage ".::T9o::.<671><STEAM_0:0:1836044300><>"
L 05/19/2011 - 22:04:54: [plmenu.amxx] Cmd: ".::T9o::.<671><STEAM_0:0:1836044300><>" slap with 0 damage ".::T9o::.<671><STEAM_0:0:1836044300><>"
L 05/19/2011 - 22:04:59: [plmenu.amxx] Cmd: ".::T9o::.<671><STEAM_0:0:1836044300><>" slap with 0 damage ".::T9o::.<671><STEAM_0:0:1836044300><>"
L 05/19/2011 - 22:05:04: [plmenu.amxx] Cmd: ".::T9o::.<671><STEAM_0:0:1836044300><>" slap with 0 damage ".::T9o::.<671><STEAM_0:0:1836044300><>"
L 05/19/2011 - 22:13:05: [plmenu.amxx] Cmd: ".::T9o::.<671><STEAM_0:0:1836044300><>" slay ".::T9o::.<671><STEAM_0:0:1836044300><>"
L 05/19/2011 - 22:13:21: -------- Mapchange to de_dust --------
L 05/19/2011 - 22:13:24: [admin_amxbans.amxx] Login: ".::T9o::.<671><STEAM_0:0:1836044300><>" became an admin (account ".::T9o::.") (access "abcdefgijmopqtu") (address "95.55.173.144")
L 05/19/2011 - 22:13:24: [admin_amxbans.amxx] Login: "VANDAL<713><STEAM_0:0:31999920><>" became an admin (account "VANDAL") (access "atz") (address "91.205.25.41")
L 05/19/2011 - 22:13:24: [admin_amxbans.amxx] Login: "[o_VIP_o]                (^_^)V<717><STEAM_0:4:446327478><>" became an admin (account "212.55.104.156") (access "abcdefgijmopqtu") (address "212.55.104.156")
L 05/19/2011 - 22:13:25: [amxbans.amxx] [AMXBANS] AMXBans 5.0 подключен
L 05/19/2011 - 22:16:28: [adminchat.amxx] Chat: ".::T9o::.<671><STEAM_0:0:1836044300><>" chat " BAC9 /\oX"
L 05/19/2011 - 22:16:44: [adminchat.amxx] Chat: "[o_VIP_o]                (^_^)V<717><STEAM_0:4:446327478><>" tsay "CAM!!!"
L 05/19/2011 - 22:16:44: [adminchat.amxx] Chat: ".::T9o::.<671><STEAM_0:0:1836044300><>" chat " rbI)"
L 05/19/2011 - 22:16:52: [adminchat.amxx] Chat: ".::T9o::.<671><STEAM_0:0:1836044300><>" chat " MA4u Hy6OB !!!!"
L 05/19/2011 - 22:17:03: [adminchat.amxx] Chat: ".::T9o::.<671><STEAM_0:0:1836044300><>" chat " 3/\OCTHO MA4u!!"
L 05/19/2011 - 22:17:11: [adminchat.amxx] Chat: ".::T9o::.<671><STEAM_0:0:1836044300><>" chat " HE }I{A/\eu' uX))"
L 05/19/2011 - 22:17:23: [adminchat.amxx] Chat: ".::T9o::.<671><STEAM_0:0:1836044300><>" chat " TAwuuu"
L 05/19/2011 - 22:17:47: [adminchat.amxx] Chat: ".::T9o::.<671><STEAM_0:0:1836044300><>" tsay "xa xo xu xe xy xi "
L 05/19/2011 - 22:17:56: [adminchat.amxx] Chat: ".::T9o::.<671><STEAM_0:0:1836044300><>" tsay "lolo"
L 05/19/2011 - 22:18:06: [adminchat.amxx] Chat: ".::T9o::.<671><STEAM_0:0:1836044300><>" tsay "lol"
L 05/19/2011 - 22:18:17: [adminchat.amxx] Chat: "[o_VIP_o]                (^_^)V<717><STEAM_0:4:446327478><>" tsay "caM!)"
L 05/19/2011 - 22:18:18: [adminchat.amxx] Chat: ".::T9o::.<671><STEAM_0:0:1836044300><>" tsay "O4EHb /\o/\"
L 05/19/2011 - 22:18:31: [adminchat.amxx] Chat: ".::T9o::.<671><STEAM_0:0:1836044300><>" tsay "no/\HbIu' /\o/\"
L 05/19/2011 - 22:18:42: [adminchat.amxx] Chat: "[o_VIP_o]                (^_^)V<717><STEAM_0:4:446327478><>" tsay "JioJI!!!!!!!!)))) POMA!!!!!!!))))"
L 05/19/2011 - 22:18:51: [adminchat.amxx] Chat: ".::T9o::.<671><STEAM_0:0:1836044300><>" tsay "4TO 3a 6yKBbI??? <---"
L 05/19/2011 - 22:19:04: [adminchat.amxx] Chat: "[o_VIP_o]                (^_^)V<717><STEAM_0:4:446327478><>" tsay "A BOT!!!!!)))"
L 05/19/2011 - 22:19:08: [adminchat.amxx] Chat: ".::T9o::.<671><STEAM_0:0:1836044300><>" tsay "KTO nuLLIET eTO ???? <--"
L 05/19/2011 - 22:19:24: [adminchat.amxx] Chat: ".::T9o::.<671><STEAM_0:0:1836044300><>" tsay "BAC9 /\ox"
L 05/19/2011 - 22:19:29: [adminchat.amxx] Chat: "[o_VIP_o]                (^_^)V<717><STEAM_0:4:446327478><>" tsay "=P"
L 05/19/2011 - 22:19:35: [adminchat.amxx] Chat: ".::T9o::.<671><STEAM_0:0:1836044300><>" tsay "xuxuxu"
L 05/19/2011 - 22:19:42: [adminchat.amxx] Chat: ".::T9o::.<671><STEAM_0:0:1836044300><>" tsay "lo"
L 05/19/2011 - 22:20:26: [adminchat.amxx] Chat: ".::T9o::.<671><STEAM_0:0:1836044300><>" tsay "May be"
L 05/19/2011 - 22:23:30: [mapsmenu.amxx] Vote: ".::T9o::.<671><STEAM_0:0:1836044300><>" vote maps (map#1 "cs_militia") (map#2 "zm_fdust2x2") (map#3 "zm_dust_base_fin") (map#4 "zm_houses")
L 05/19/2011 - 22:23:42: [mapsmenu.amxx] Vote: Voting failed
L 05/19/2011 - 22:23:55: [adminchat.amxx] Chat: ".::T9o::.<671><STEAM_0:0:1836044300><>" tsay "MO4uTE nOC/\egHEro Hy6a)"
L 05/19/2011 - 22:24:27: [adminchat.amxx] Chat: ".::T9o::.<671><STEAM_0:0:1836044300><>" tsay "9 HEC/\bILLIy geTu))"
L 05/19/2011 - 22:24:37: [adminchat.amxx] Chat: ".::T9o::.<671><STEAM_0:0:1836044300><>" tsay "ga KAnuTAH)"
L 05/19/2011 - 22:24:47: [adminchat.amxx] Chat: ".::T9o::.<671><STEAM_0:0:1836044300><>" tsay "Hy6 3aTAwu/\))"
L 05/19/2011 - 22:25:06: [mapsmenu.amxx] Vote: ".::T9o::.<671><STEAM_0:0:1836044300><>" vote maps (map#1 "zm_houses") (map#2 "cs_militia") (map#3 "") (map#4 "")
L 05/19/2011 - 22:25:18: [mapsmenu.amxx] Vote: Voting successful. Map will be changed to zm_houses
L 05/19/2011 - 22:25:24: [mapsmenu.amxx] Vote: Result accepted
L 05/19/2011 - 22:25:27: -------- Mapchange to zm_houses --------
L 05/19/2011 - 22:25:28: [admin_amxbans.amxx] Login: ".::T9o::.<671><STEAM_0:0:1836044300><>" became an admin (account ".::T9o::.") (access "abcdefgijmopqtu") (address "95.55.173.144")
L 05/19/2011 - 22:25:28: [admin_amxbans.amxx] Login: "VANDAL<713><STEAM_0:0:31999920><>" became an admin (account "VANDAL") (access "atz") (address "91.205.25.41")
L 05/19/2011 - 22:25:28: [admin_amxbans.amxx] Login: "[o_VIP_o]                (^_^)V<717><STEAM_0:4:446327478><>" became an admin (account "212.55.104.156") (access "abcdefgijmopqtu") (address "212.55.104.156")
L 05/19/2011 - 22:25:29: [amxbans.amxx] [AMXBANS] AMXBans 5.0 подключен
L 05/19/2011 - 22:26:31: [plmenu.amxx] Cmd: ".::T9o::.<671><STEAM_0:0:1836044300><>" slay "Po1s.>On^6eTmeH<744><STEAM_0:0:1696049848><>"
L 05/19/2011 - 22:29:52: [plmenu.amxx] Cmd: ".::T9o::.<671><STEAM_0:0:1836044300><>" slay "Po1s.>On^6eTmeH<744><STEAM_0:0:1696049848><>"
L 05/19/2011 - 22:30:18: [adminchat.amxx] Chat: ".::T9o::.<671><STEAM_0:0:1836044300><>" tsay "ga??"
L 05/19/2011 - 22:35:52: [plmenu.amxx] Cmd: ".::T9o::.<671><STEAM_0:0:1836044300><>" transfer ".::T9o::.<671><STEAM_0:0:1836044300><>" (team "TERRORIST")
L 05/19/2011 - 22:36:00: [adminchat.amxx] Chat: ".::T9o::.<671><STEAM_0:0:1836044300><>" chat " rbI"
L 05/19/2011 - 22:36:05: [adminchat.amxx] Chat: "[o_VIP_o]                (^_^)V<717><STEAM_0:4:446327478><>" chat "rbI)"
L 05/19/2011 - 22:42:27: [adminchat.amxx] Chat: ".::T9o::.<671><STEAM_0:0:1836044300><>" tsay "axxaxa"
L 05/19/2011 - 22:42:38: [adminchat.amxx] Chat: ".::T9o::.<671><STEAM_0:0:1836044300><>" tsay "HE}I{gaH4uK"
L 05/19/2011 - 22:42:43: [adminchat.amxx] Chat: "[o_VIP_o]                (^_^)V<717><STEAM_0:4:446327478><>" tsay "Hea)"
L 05/19/2011 - 22:42:50: [adminchat.amxx] Chat: ".::T9o::.<671><STEAM_0:0:1836044300><>" tsay "yragau'TE KTO eTO nuLLIET"
L 05/19/2011 - 22:42:57: [adminchat.amxx] Chat: ".::T9o::.<671><STEAM_0:0:1836044300><>" tsay "COTKy gaM"
L 05/19/2011 - 22:43:09: [adminchat.amxx] Chat: ".::T9o::.<671><STEAM_0:0:1836044300><>" tsay "BCe no3HO"
L 05/19/2011 - 22:43:21: [adminchat.amxx] Chat: ".::T9o::.<671><STEAM_0:0:1836044300><>" tsay "O6/\OmuTECb))"
L 05/19/2011 - 22:43:52: [adminchat.amxx] Chat: ".::T9o::.<671><STEAM_0:0:1836044300><>" tsay "axax"
L 05/19/2011 - 22:44:09: [adminchat.amxx] Chat: ".::T9o::.<671><STEAM_0:0:1836044300><>" tsay "bIbIbI"
L 05/19/2011 - 22:44:17: [adminchat.amxx] Chat: ".::T9o::.<671><STEAM_0:0:1836044300><>" tsay "fy u,BET("
L 05/19/2011 - 22:44:27: [adminchat.amxx] Chat: ".::T9o::.<671><STEAM_0:0:1836044300><>" tsay "OH AFK noMOu'My?"
L 05/19/2011 - 22:44:34: [adminchat.amxx] Chat: ".::T9o::.<671><STEAM_0:0:1836044300><>" tsay "e"
L 05/19/2011 - 22:44:48: [adminchat.amxx] Chat: "[o_VIP_o]                (^_^)V<717><STEAM_0:4:446327478><>" chat " XD"
L 05/19/2011 - 22:44:49: [adminchat.amxx] Chat: ".::T9o::.<671><STEAM_0:0:1836044300><>" tsay "v e"
L 05/19/2011 - 22:44:55: [adminchat.amxx] Chat: ".::T9o::.<671><STEAM_0:0:1836044300><>" tsay "n e"
L 05/19/2011 - 22:45:01: [adminchat.amxx] Chat: ".::T9o::.<671><STEAM_0:0:1836044300><>" tsay "e"
L 05/19/2011 - 22:45:05: [adminchat.amxx] Chat: ".::T9o::.<671><STEAM_0:0:1836044300><>" tsay "axxaax"
L 05/19/2011 - 22:45:09: [voteban.amxx] Вотебан запустил [o_VIP_o]                (^_^)V против [o_VIP_o]                (^_^)V STEAM_0:4:446327478
L 05/19/2011 - 22:45:19: [adminchat.amxx] Chat: ".::T9o::.<671><STEAM_0:0:1836044300><>" tsay "COTKA MuHyT nou'geT MHE"
L 05/19/2011 - 22:45:24: [voteban.amxx] [AMXX] The vote succeeded: STEAM_0:4:446327478 is banned for 100 minutes
L 05/19/2011 - 22:45:28: [adminchat.amxx] Chat: ".::T9o::.<671><STEAM_0:0:1836044300><>" tsay "xaxa "
L 05/19/2011 - 22:45:52: [adminchat.amxx] Chat: ".::T9o::.<671><STEAM_0:0:1836044300><>" tsay "4noKu"
L 05/19/2011 - 22:45:58: [adminchat.amxx] Chat: "[o_VIP_o]                (^_^)V<717><STEAM_0:4:446327478><>" tsay "IbIbibibi"
L 05/19/2011 - 22:46:09: [adminchat.amxx] Chat: ".::T9o::.<671><STEAM_0:0:1836044300><>" chat " xaxuxy"
L 05/19/2011 - 22:46:18: [adminchat.amxx] Chat: ".::T9o::.<671><STEAM_0:0:1836044300><>" tsay "CAM CE69 TOKO))"
L 05/19/2011 - 22:46:32: [adminchat.amxx] Chat: ".::T9o::.<671><STEAM_0:0:1836044300><>" tsay "9 AHOHuM"
L 05/19/2011 - 22:46:42: [adminchat.amxx] Chat: ".::T9o::.<671><STEAM_0:0:1836044300><>" tsay "HuKTO HE 3HAET KTO 9"
L 05/19/2011 - 22:46:49: [adminchat.amxx] Chat: ".::T9o::.<671><STEAM_0:0:1836044300><>" tsay "ou'"
L 05/19/2011 - 22:47:02: [adminchat.amxx] Chat: ".::T9o::.<671><STEAM_0:0:1836044300><>" tsay "eTO HE T9o"
L 05/19/2011 - 22:47:54: [adminchat.amxx] Chat: ".::T9o::.<671><STEAM_0:0:1836044300><>" tsay "MOu' /\OX!"
L 05/19/2011 - 22:48:00: [adminchat.amxx] Chat: ".::T9o::.<671><STEAM_0:0:1836044300><>" tsay "o6uge/\C9"
L 05/19/2011 - 22:48:33: [adminchat.amxx] Chat: ".::T9o::.<671><STEAM_0:0:1836044300><>" tsay "KAKOu' POMA?"
L 05/19/2011 - 22:48:47: [adminchat.amxx] Chat: ".::T9o::.<671><STEAM_0:0:1836044300><>" tsay "axxaa"
L 05/19/2011 - 22:48:55: [adminchat.amxx] Chat: ".::T9o::.<671><STEAM_0:0:1836044300><>" tsay "HEyga4HuK))"
L 05/19/2011 - 22:49:12: [adminchat.amxx] Chat: ".::T9o::.<671><STEAM_0:0:1836044300><>" tsay "KTO?"
L 05/19/2011 - 22:49:18: [adminchat.amxx] Chat: ".::T9o::.<671><STEAM_0:0:1836044300><>" tsay "OH Ewe AFK"
L 05/19/2011 - 22:49:40: [adminchat.amxx] Chat: ".::T9o::.<671><STEAM_0:0:1836044300><>" tsay "ou'"
L 05/19/2011 - 22:49:43: [adminchat.amxx] Chat: "[o_VIP_o]                (^_^)V<717><STEAM_0:4:446327478><>" tsay "eto"
L 05/19/2011 - 22:49:54: [adminchat.amxx] Chat: ".::T9o::.<671><STEAM_0:0:1836044300><>" tsay "Hy TOrga CKA}I{y 4TO 9 Hy6?"
L 05/19/2011 - 22:50:07: [adminchat.amxx] Chat: ".::T9o::.<671><STEAM_0:0:1836044300><>" tsay "9 Hy6 naPHu"
L 05/19/2011 - 22:50:16: [adminchat.amxx] Chat: ".::T9o::.<671><STEAM_0:0:1836044300><>" tsay "HO BbI HE y3HAETE KTO :P"
L 05/19/2011 - 22:50:26: [adminchat.amxx] Chat: ".::T9o::.<671><STEAM_0:0:1836044300><>" tsay "... KTO eTO nuLLIET"
L 05/19/2011 - 22:50:42: [adminchat.amxx] Chat: ".::T9o::.<671><STEAM_0:0:1836044300><>" tsay "... noTOmy 4TO MEH9 HE CywEXTByET!"
L 05/19/2011 - 22:50:56: [adminchat.amxx] Chat: ".::T9o::.<671><STEAM_0:0:1836044300><>" tsay "BbI 6PEguTE noXOGy"
L 05/19/2011 - 22:51:22: [adminchat.amxx] Chat: ".::T9o::.<671><STEAM_0:0:1836044300><>" tsay "9 3oM6"
L 05/19/2011 - 22:51:36: [adminchat.amxx] Chat: ".::T9o::.<671><STEAM_0:0:1836044300><>" tsay "A HET"
L 05/19/2011 - 22:51:47: [adminchat.amxx] Chat: ".::T9o::.<671><STEAM_0:0:1836044300><>" chat " OKE 6oCC"
L 05/19/2011 - 22:51:52: [adminchat.amxx] Chat: ".::T9o::.<671><STEAM_0:0:1836044300><>" chat " nPuKPOu' NMEH9"
L 05/19/2011 - 22:52:06: [adminchat.amxx] Chat: "[o_VIP_o]                (^_^)V<717><STEAM_0:4:446327478><>" chat "Ta FurH9I toka gJi9I adminoB goctynHa)))"
L 05/19/2011 - 22:52:18: [adminchat.amxx] Chat: ".::T9o::.<671><STEAM_0:0:1836044300><>" chat " xa"
L 05/19/2011 - 22:52:36: [adminchat.amxx] Chat: ".::T9o::.<671><STEAM_0:0:1836044300><>" chat " A VAHga/\ MO}I{ET no HEu' roBOPUtB"
L 05/19/2011 - 22:52:42: [adminchat.amxx] Chat: "[o_VIP_o]                (^_^)V<717><STEAM_0:4:446327478><>" chat "AHOHUM :DD  eto JIu6o 9I JIu6o tbI))"
L 05/19/2011 - 22:52:55: [adminchat.amxx] Chat: ".::T9o::.<671><STEAM_0:0:1836044300><>" chat " u/\u VANDAL"
L 05/19/2011 - 22:52:55: [adminchat.amxx] Chat: "[o_VIP_o]                (^_^)V<717><STEAM_0:4:446327478><>" chat "Hago amx 4to6 tam nucatb)"
L 05/19/2011 - 22:53:07: [adminchat.amxx] Chat: ".::T9o::.<671><STEAM_0:0:1836044300><>" tsay "aaaa"
L 05/19/2011 - 22:53:33: [adminchat.amxx] Chat: ".::T9o::.<671><STEAM_0:0:1836044300><>" tsay "/\agHO 9 Dumka"
L 05/19/2011 - 22:55:12: [adminchat.amxx] Chat: ".::T9o::.<671><STEAM_0:0:1836044300><>" tsay "oke 6oCC"
L 05/19/2011 - 22:55:45: [plmenu.amxx] Cmd: ".::T9o::.<671><STEAM_0:0:1836044300><>" slap with 0 damage ".::T9o::.<671><STEAM_0:0:1836044300><>"
L 05/19/2011 - 22:55:45: [plmenu.amxx] Cmd: ".::T9o::.<671><STEAM_0:0:1836044300><>" slap with 0 damage ".::T9o::.<671><STEAM_0:0:1836044300><>"
L 05/19/2011 - 22:55:45: [plmenu.amxx] Cmd: ".::T9o::.<671><STEAM_0:0:1836044300><>" slap with 0 damage ".::T9o::.<671><STEAM_0:0:1836044300><>"
L 05/19/2011 - 22:55:45: [plmenu.amxx] Cmd: ".::T9o::.<671><STEAM_0:0:1836044300><>" slap with 0 damage ".::T9o::.<671><STEAM_0:0:1836044300><>"
L 05/19/2011 - 22:55:45: [plmenu.amxx] Cmd: ".::T9o::.<671><STEAM_0:0:1836044300><>" slap with 0 damage ".::T9o::.<671><STEAM_0:0:1836044300><>"
L 05/19/2011 - 22:55:46: [plmenu.amxx] Cmd: ".::T9o::.<671><STEAM_0:0:1836044300><>" slap with 0 damage ".::T9o::.<671><STEAM_0:0:1836044300><>"
L 05/19/2011 - 22:55:46: [plmenu.amxx] Cmd: ".::T9o::.<671><STEAM_0:0:1836044300><>" slap with 0 damage ".::T9o::.<671><STEAM_0:0:1836044300><>"
L 05/19/2011 - 22:55:46: [plmenu.amxx] Cmd: ".::T9o::.<671><STEAM_0:0:1836044300><>" slap with 0 damage ".::T9o::.<671><STEAM_0:0:1836044300><>"
L 05/19/2011 - 22:55:46: [plmenu.amxx] Cmd: ".::T9o::.<671><STEAM_0:0:1836044300><>" slap with 0 damage ".::T9o::.<671><STEAM_0:0:1836044300><>"
L 05/19/2011 - 22:55:46: [plmenu.amxx] Cmd: ".::T9o::.<671><STEAM_0:0:1836044300><>" slap with 0 damage ".::T9o::.<671><STEAM_0:0:1836044300><>"
L 05/19/2011 - 22:55:46: [plmenu.amxx] Cmd: ".::T9o::.<671><STEAM_0:0:1836044300><>" slap with 0 damage ".::T9o::.<671><STEAM_0:0:1836044300><>"
L 05/19/2011 - 22:55:46: [plmenu.amxx] Cmd: ".::T9o::.<671><STEAM_0:0:1836044300><>" slap with 0 damage ".::T9o::.<671><STEAM_0:0:1836044300><>"
L 05/19/2011 - 22:55:47: [plmenu.amxx] Cmd: ".::T9o::.<671><STEAM_0:0:1836044300><>" slap with 0 damage ".::T9o::.<671><STEAM_0:0:1836044300><>"
L 05/19/2011 - 22:55:47: [plmenu.amxx] Cmd: ".::T9o::.<671><STEAM_0:0:1836044300><>" slap with 0 damage ".::T9o::.<671><STEAM_0:0:1836044300><>"
L 05/19/2011 - 22:55:47: [plmenu.amxx] Cmd: ".::T9o::.<671><STEAM_0:0:1836044300><>" slap with 0 damage ".::T9o::.<671><STEAM_0:0:1836044300><>"
L 05/19/2011 - 22:55:47: [plmenu.amxx] Cmd: ".::T9o::.<671><STEAM_0:0:1836044300><>" slap with 0 damage ".::T9o::.<671><STEAM_0:0:1836044300><>"
L 05/19/2011 - 22:56:58: [adminchat.amxx] Chat: "[o_VIP_o]                (^_^)V<717><STEAM_0:4:446327478><>" chat " =)w"
L 05/19/2011 - 22:57:03: [adminchat.amxx] Chat: ".::T9o::.<671><STEAM_0:0:1836044300><>" chat " w?"
L 05/19/2011 - 22:57:12: [adminchat.amxx] Chat: ".::T9o::.<671><STEAM_0:0:1836044300><>" chat " xu xu"
L 05/19/2011 - 22:57:13: [adminchat.amxx] Chat: "[o_VIP_o]                (^_^)V<717><STEAM_0:4:446327478><>" chat " Semka He 4ut Jiu?"
L 05/19/2011 - 22:57:29: [adminchat.amxx] Chat: ".::T9o::.<671><STEAM_0:0:1836044300><>" chat " KAKOu' Semka?"
L 05/19/2011 - 22:57:49: [adminchat.amxx] Chat: ".::T9o::.<671><STEAM_0:0:1836044300><>" chat " wa nona/\uM)"
L 05/19/2011 - 22:58:02: [plmenu.amxx] Cmd: ".::T9o::.<671><STEAM_0:0:1836044300><>" transfer ".::T9o::.<671><STEAM_0:0:1836044300><>" (team "TERRORIST")
L 05/19/2011 - 23:01:14: [adminchat.amxx] Chat: ".::T9o::.<671><STEAM_0:0:1836044300><>" chat " axax"
L 05/19/2011 - 23:01:17: [adminchat.amxx] Chat: "[o_VIP_o]                (^_^)V<717><STEAM_0:4:446327478><>" chat "Hy kak?"
L 05/19/2011 - 23:01:20: [adminchat.amxx] Chat: ".::T9o::.<671><STEAM_0:0:1836044300><>" chat " BCE Hy6bI"
L 05/19/2011 - 23:01:23: -------- Mapchange to cs_militia --------
L 05/19/2011 - 23:01:30: [admin_amxbans.amxx] Login: ".::T9o::.<671><STEAM_0:0:1836044300><>" became an admin (account ".::T9o::.") (access "abcdefgijmopqtu") (address "95.55.173.144")
L 05/19/2011 - 23:01:30: [admin_amxbans.amxx] Login: "VANDAL<713><STEAM_0:0:31999920><>" became an admin (account "VANDAL") (access "atz") (address "91.205.25.41")
L 05/19/2011 - 23:01:30: [admin_amxbans.amxx] Login: "[o_VIP_o]                (^_^)V<717><STEAM_0:4:446327478><>" became an admin (account "212.55.104.156") (access "abcdefgijmopqtu") (address "212.55.104.156")
L 05/19/2011 - 23:01:31: [amxbans.amxx] [AMXBANS] AMXBans 5.0 подключен
L 05/19/2011 - 23:01:42: [adminchat.amxx] Chat: ".::T9o::.<671><STEAM_0:0:1836044300><>" chat " ga BPOge HOPM)"
L 05/19/2011 - 23:02:02: [adminchat.amxx] Chat: "[o_VIP_o]                (^_^)V<717><STEAM_0:4:446327478><>" chat "3axogu"
L 05/19/2011 - 23:02:10: [adminchat.amxx] Chat: ".::T9o::.<671><STEAM_0:0:1836044300><>" chat " no3}I{E"
L 05/19/2011 - 23:03:12: [adminchat.amxx] Chat: ".::T9o::.<671><STEAM_0:0:1836044300><>" chat " eTO MO9 To4KA"
L 05/19/2011 - 23:03:19: [adminchat.amxx] Chat: "[o_VIP_o]                (^_^)V<717><STEAM_0:4:446327478><>" chat "=P"
L 05/19/2011 - 23:03:20: [adminchat.amxx] Chat: ".::T9o::.<671><STEAM_0:0:1836044300><>" chat " ECTb Ewe OghA"
L 05/19/2011 - 23:03:34: [adminchat.amxx] Chat: ".::T9o::.<671><STEAM_0:0:1836044300><>" chat " TO}I{E XPEH go/\e3uLLIb"
L 05/19/2011 - 23:03:46: [adminchat.amxx] Chat: ".::T9o::.<671><STEAM_0:0:1836044300><>" chat " noKA}I{u"
L 05/19/2011 - 23:03:49: [adminchat.amxx] Chat: ".::T9o::.<671><STEAM_0:0:1836044300><>" chat " D:"
L 05/19/2011 - 23:04:10: [adminchat.amxx] Chat: ".::T9o::.<671><STEAM_0:0:1836044300><>" tsay ">_<"
L 05/19/2011 - 23:04:18: [plmenu.amxx] Kick: "[o_VIP_o]                (^_^)V<717><STEAM_0:4:446327478><>" kick "Mr Baton (39reg) ]:-)<782><STEAM_0:0:1305342924><>"
L 05/19/2011 - 23:05:34: [adminchat.amxx] Chat: ".::T9o::.<671><STEAM_0:0:1836044300><>" chat " xa xa"
L 05/19/2011 - 23:05:41: [adminchat.amxx] Chat: ".::T9o::.<671><STEAM_0:0:1836044300><>" chat " :p"
L 05/19/2011 - 23:06:32: [adminchat.amxx] Chat: ".::T9o::.<671><STEAM_0:0:1836044300><>" tsay "6AM6AP6u9KuXygy"
L 05/19/2011 - 23:06:56: [adminchat.amxx] Chat: ".::T9o::.<671><STEAM_0:0:1836044300><>" chat " 9 CnATb("
L 05/19/2011 - 23:07:36: [adminchat.amxx] Chat: ".::T9o::.<671><STEAM_0:0:1836044300><>" chat " HEnoH9/\ ?"
L 05/19/2011 - 23:07:48: [adminchat.amxx] Chat: ".::T9o::.<671><STEAM_0:0:1836044300><>" chat " KAK eTO?"
L 05/19/2011 - 23:08:00: [adminchat.amxx] Chat: ".::T9o::.<671><STEAM_0:0:1836044300><>" chat " OH yBuge/\))"
L 05/19/2011 - 23:08:19: [adminchat.amxx] Chat: ".::T9o::.<671><STEAM_0:0:1836044300><>" tsay "yCEM noka)"
L 05/19/2011 - 23:08:31: [adminchat.amxx] Chat: ".::T9o::.<671><STEAM_0:0:1836044300><>" chat " go 3aBTPA)"
L 05/19/2011 - 23:08:37: [adminchat.amxx] Chat: "[o_VIP_o]                (^_^)V<717><STEAM_0:4:446327478><>" chat "go )"
L 05/19/2011 - 23:13:01: [plmenu.amxx] Cmd: "[o_VIP_o]                (^_^)V<717><STEAM_0:4:446327478><>" transfer "[o_VIP_o]                (^_^)V<717><STEAM_0:4:446327478><>" (team "TERRORIST")
L 05/19/2011 - 23:19:58: [amxbans.amxx] [o_VIP_o]                (^_^)V<717><STEAM_0:4:446327478><CT> забанил phenix<STEAM_0:0:678137866> на 5 часов (300 минут). Причина: cnam.
L 05/19/2011 - 23:21:53: [plmenu.amxx] Cmd: "[o_VIP_o]                (^_^)V<717><STEAM_0:4:446327478><>" slap with 0 damage "db[S.W.A.T.]db<784><STEAM_0:4:1925387889><>"
L 05/19/2011 - 23:21:54: [plmenu.amxx] Cmd: "[o_VIP_o]                (^_^)V<717><STEAM_0:4:446327478><>" slap with 0 damage "db[S.W.A.T.]db<784><STEAM_0:4:1925387889><>"
L 05/19/2011 - 23:22:23: [plmenu.amxx] Cmd: "[o_VIP_o]                (^_^)V<717><STEAM_0:4:446327478><>" slap with 0 damage "db[S.W.A.T.]db<784><STEAM_0:4:1925387889><>"
L 05/19/2011 - 23:22:24: [plmenu.amxx] Cmd: "[o_VIP_o]                (^_^)V<717><STEAM_0:4:446327478><>" slap with 0 damage "db[S.W.A.T.]db<784><STEAM_0:4:1925387889><>"
L 05/19/2011 - 23:22:28: [plmenu.amxx] Cmd: "[o_VIP_o]                (^_^)V<717><STEAM_0:4:446327478><>" slap with 0 damage "db[S.W.A.T.]db<784><STEAM_0:4:1925387889><>"
L 05/19/2011 - 23:22:29: [plmenu.amxx] Cmd: "[o_VIP_o]                (^_^)V<717><STEAM_0:4:446327478><>" slap with 0 damage "db[S.W.A.T.]db<784><STEAM_0:4:1925387889><>"
L 05/19/2011 - 23:22:31: [plmenu.amxx] Cmd: "[o_VIP_o]                (^_^)V<717><STEAM_0:4:446327478><>" slap with 0 damage "db[S.W.A.T.]db<784><STEAM_0:4:1925387889><>"
L 05/19/2011 - 23:22:32: [plmenu.amxx] Cmd: "[o_VIP_o]                (^_^)V<717><STEAM_0:4:446327478><>" slap with 0 damage "db[S.W.A.T.]db<784><STEAM_0:4:1925387889><>"
L 05/19/2011 - 23:22:53: [plmenu.amxx] Cmd: "[o_VIP_o]                (^_^)V<717><STEAM_0:4:446327478><>" slap with 0 damage "db[S.W.A.T.]db<784><STEAM_0:4:1925387889><>"
L 05/19/2011 - 23:22:53: [plmenu.amxx] Cmd: "[o_VIP_o]                (^_^)V<717><STEAM_0:4:446327478><>" slap with 0 damage "db[S.W.A.T.]db<784><STEAM_0:4:1925387889><>"
L 05/19/2011 - 23:22:54: [plmenu.amxx] Cmd: "[o_VIP_o]                (^_^)V<717><STEAM_0:4:446327478><>" slap with 0 damage "db[S.W.A.T.]db<784><STEAM_0:4:1925387889><>"
L 05/19/2011 - 23:23:03: [plmenu.amxx] Cmd: "[o_VIP_o]                (^_^)V<717><STEAM_0:4:446327478><>" slap with 0 damage "db[S.W.A.T.]db<784><STEAM_0:4:1925387889><>"
L 05/19/2011 - 23:23:03: [plmenu.amxx] Cmd: "[o_VIP_o]                (^_^)V<717><STEAM_0:4:446327478><>" slap with 0 damage "db[S.W.A.T.]db<784><STEAM_0:4:1925387889><>"
L 05/19/2011 - 23:23:03: [plmenu.amxx] Cmd: "[o_VIP_o]                (^_^)V<717><STEAM_0:4:446327478><>" slap with 0 damage "db[S.W.A.T.]db<784><STEAM_0:4:1925387889><>"
L 05/19/2011 - 23:23:05: [plmenu.amxx] Cmd: "[o_VIP_o]                (^_^)V<717><STEAM_0:4:446327478><>" slap with 0 damage "db[S.W.A.T.]db<784><STEAM_0:4:1925387889><>"
L 05/19/2011 - 23:23:06: [plmenu.amxx] Cmd: "[o_VIP_o]                (^_^)V<717><STEAM_0:4:446327478><>" slap with 0 damage "db[S.W.A.T.]db<784><STEAM_0:4:1925387889><>"
L 05/19/2011 - 23:23:06: [plmenu.amxx] Cmd: "[o_VIP_o]                (^_^)V<717><STEAM_0:4:446327478><>" slap with 0 damage "db[S.W.A.T.]db<784><STEAM_0:4:1925387889><>"
L 05/19/2011 - 23:23:06: [plmenu.amxx] Cmd: "[o_VIP_o]                (^_^)V<717><STEAM_0:4:446327478><>" slap with 0 damage "db[S.W.A.T.]db<784><STEAM_0:4:1925387889><>"
L 05/19/2011 - 23:23:18: [plmenu.amxx] Cmd: "[o_VIP_o]                (^_^)V<717><STEAM_0:4:446327478><>" slap with 0 damage "db[S.W.A.T.]db<784><STEAM_0:4:1925387889><>"
L 05/19/2011 - 23:23:18: [plmenu.amxx] Cmd: "[o_VIP_o]                (^_^)V<717><STEAM_0:4:446327478><>" slap with 0 damage "db[S.W.A.T.]db<784><STEAM_0:4:1925387889><>"
L 05/19/2011 - 23:23:18: [plmenu.amxx] Cmd: "[o_VIP_o]                (^_^)V<717><STEAM_0:4:446327478><>" slap with 0 damage "db[S.W.A.T.]db<784><STEAM_0:4:1925387889><>"
L 05/19/2011 - 23:23:19: [plmenu.amxx] Cmd: "[o_VIP_o]                (^_^)V<717><STEAM_0:4:446327478><>" slap with 0 damage "db[S.W.A.T.]db<784><STEAM_0:4:1925387889><>"
L 05/19/2011 - 23:23:19: [plmenu.amxx] Cmd: "[o_VIP_o]                (^_^)V<717><STEAM_0:4:446327478><>" slap with 0 damage "db[S.W.A.T.]db<784><STEAM_0:4:1925387889><>"
L 05/19/2011 - 23:23:20: [plmenu.amxx] Cmd: "[o_VIP_o]                (^_^)V<717><STEAM_0:4:446327478><>" slap with 0 damage "db[S.W.A.T.]db<784><STEAM_0:4:1925387889><>"
L 05/19/2011 - 23:23:20: [plmenu.amxx] Cmd: "[o_VIP_o]                (^_^)V<717><STEAM_0:4:446327478><>" slap with 0 damage "db[S.W.A.T.]db<784><STEAM_0:4:1925387889><>"
L 05/19/2011 - 23:23:21: [plmenu.amxx] Cmd: "[o_VIP_o]                (^_^)V<717><STEAM_0:4:446327478><>" slap with 0 damage "db[S.W.A.T.]db<784><STEAM_0:4:1925387889><>"
L 05/19/2011 - 23:23:23: [plmenu.amxx] Cmd: "[o_VIP_o]                (^_^)V<717><STEAM_0:4:446327478><>" slap with 0 damage "db[S.W.A.T.]db<784><STEAM_0:4:1925387889><>"
L 05/19/2011 - 23:23:24: [plmenu.amxx] Cmd: "[o_VIP_o]                (^_^)V<717><STEAM_0:4:446327478><>" slap with 0 damage "db[S.W.A.T.]db<784><STEAM_0:4:1925387889><>"
L 05/19/2011 - 23:24:24: [adminchat.amxx] Chat: "[o_VIP_o]                (^_^)V<717><STEAM_0:4:446327478><>" tsay "^_~"
L 05/19/2011 - 23:24:46: -------- Mapchange to ze_jurassickpark3_lg --------
L 05/19/2011 - 23:24:48: [amxbans.amxx] [AMXBANS] AMXBans 5.0 подключен
L 05/19/2011 - 23:25:43: [admin_amxbans.amxx] Login: "[o_VIP_o]<821><STEAM_0:4:446327478><>" became an admin (account "212.55.104.156") (access "abcdefgijmopqtu") (address "212.55.104.156")
L 05/19/2011 - 23:28:21: [plmenu.amxx] Cmd: "[o_VIP_o]<821><STEAM_0:4:446327478><>" slap with 0 damage "db[S.W.A.T.]db<784><STEAM_0:4:1925387889><>"
L 05/19/2011 - 23:28:22: [plmenu.amxx] Cmd: "[o_VIP_o]<821><STEAM_0:4:446327478><>" slap with 0 damage "db[S.W.A.T.]db<784><STEAM_0:4:1925387889><>"
L 05/19/2011 - 23:28:22: [plmenu.amxx] Cmd: "[o_VIP_o]<821><STEAM_0:4:446327478><>" slap with 0 damage "db[S.W.A.T.]db<784><STEAM_0:4:1925387889><>"
L 05/19/2011 - 23:28:23: [plmenu.amxx] Cmd: "[o_VIP_o]<821><STEAM_0:4:446327478><>" slap with 0 damage "db[S.W.A.T.]db<784><STEAM_0:4:1925387889><>"
L 05/19/2011 - 23:28:23: [plmenu.amxx] Cmd: "[o_VIP_o]<821><STEAM_0:4:446327478><>" slap with 0 damage "db[S.W.A.T.]db<784><STEAM_0:4:1925387889><>"
L 05/19/2011 - 23:28:23: [plmenu.amxx] Cmd: "[o_VIP_o]<821><STEAM_0:4:446327478><>" slap with 0 damage "db[S.W.A.T.]db<784><STEAM_0:4:1925387889><>"
L 05/19/2011 - 23:28:24: [plmenu.amxx] Cmd: "[o_VIP_o]<821><STEAM_0:4:446327478><>" slap with 0 damage "db[S.W.A.T.]db<784><STEAM_0:4:1925387889><>"
L 05/19/2011 - 23:28:24: [plmenu.amxx] Cmd: "[o_VIP_o]<821><STEAM_0:4:446327478><>" slap with 0 damage "db[S.W.A.T.]db<784><STEAM_0:4:1925387889><>"
L 05/19/2011 - 23:28:34: [plmenu.amxx] Cmd: "[o_VIP_o]<821><STEAM_0:4:446327478><>" slay "db[S.W.A.T.]db<784><STEAM_0:4:1925387889><>"
L 05/19/2011 - 23:30:09: -------- Mapchange to zm_army --------
L 05/19/2011 - 23:30:11: [admin_amxbans.amxx] Login: "[o_VIP_o]<821><STEAM_0:4:446327478><>" became an admin (account "212.55.104.156") (access "abcdefgijmopqtu") (address "212.55.104.156")
L 05/19/2011 - 23:30:11: [amxbans.amxx] [AMXBANS] AMXBans 5.0 подключен
L 05/19/2011 - 23:31:20: [admin_amxbans.amxx] Login: "[o_VIP_o]                (^_^)V<825><STEAM_0:4:446327478><>" became an admin (account "212.55.104.156") (access "abcdefgijmopqtu") (address "212.55.104.156")
L 05/19/2011 - 23:44:33: [plmenu.amxx] Cmd: "[o_VIP_o]                (^_^)V<825><STEAM_0:4:446327478><>" slap with 0 damage "db[S.W.A.T.]db<784><STEAM_0:4:1925387889><>"
L 05/19/2011 - 23:52:40: -------- Mapchange to zm_303 --------
L 05/19/2011 - 23:52:42: [admin_amxbans.amxx] Login: "[o_VIP_o]                (^_^)V<825><STEAM_0:4:446327478><>" became an admin (account "212.55.104.156") (access "abcdefgijmopqtu") (address "212.55.104.156")
L 05/19/2011 - 23:52:42: [amxbans.amxx] [AMXBANS] AMXBans 5.0 подключен
