L 10/19/2011 - 00:00:24: [amxbans.amxx] [Amxbans] Query failed!
L 10/19/2011 - 00:00:24: [amxbans.amxx] [Amxbans] Threaded query error, location: 18
L 10/19/2011 - 00:00:24: [amxbans.amxx] [Amxbans] Message: You have an error in your SQL syntax; check the manual that corresponds to your MySQL server version for the right syntax to use near ''amxbans' at line 1 (1064)
L 10/19/2011 - 00:00:24: [amxbans.amxx] [Amxbans] Query statement: 
L 10/19/2011 - 00:00:58: -------- Mapchange to zm_303 --------
L 10/19/2011 - 00:00:59: [admin_amxbans.amxx] Login: "nucbka<982><STEAM_0:0:44643826><>" became an admin (account "172.23.65.13") (access "l") (address "172.23.65.13")
L 10/19/2011 - 00:00:59: [admin_amxbans.amxx] Login: "|228| 6yJIb6aIII<1040><STEAM_0:0:1292803525><>" became an admin (account "|228| 6yJIb6aIII") (access "t") (address "178.123.120.201")
L 10/19/2011 - 00:01:00: [amxbans.amxx] [AMXBANS] AMXBans 5.0 is online
L 10/19/2011 - 00:01:05: [amxbans.amxx] [Amxbans] Query failed!
L 10/19/2011 - 00:01:05: [amxbans.amxx] [Amxbans] Threaded query error, location: 18
L 10/19/2011 - 00:01:05: [amxbans.amxx] [Amxbans] Message: You have an error in your SQL syntax; check the manual that corresponds to your MySQL server version for the right syntax to use near ''amxba' at line 1 (1064)
L 10/19/2011 - 00:01:05: [amxbans.amxx] [Amxbans] Query statement: 
L 10/19/2011 - 00:01:05: [amxbans.amxx] [Amxbans] Query failed!
L 10/19/2011 - 00:01:05: [amxbans.amxx] [Amxbans] Threaded query error, location: 18
L 10/19/2011 - 00:01:05: [amxbans.amxx] [Amxbans] Message: You have an error in your SQL syntax; check the manual that corresponds to your MySQL server version for the right syntax to use near ''amxbans' at line 1 (1064)
L 10/19/2011 - 00:01:05: [amxbans.amxx] [Amxbans] Query statement: 
L 10/19/2011 - 00:02:43: [admin_amxbans.amxx] Login: "Alecquant<1047><STEAM_0:4:565250032><>" became an admin (account "Alecquant") (access "t") (address "89.237.62.234")
L 10/19/2011 - 00:20:12: [amxbans.amxx] [Amxbans] Query failed!
L 10/19/2011 - 00:20:12: [amxbans.amxx] [Amxbans] Threaded query error, location: 18
L 10/19/2011 - 00:20:12: [amxbans.amxx] [Amxbans] Message: You have an error in your SQL syntax; check the manual that corresponds to your MySQL server version for the right syntax to use near ''amxba' at line 1 (1064)
L 10/19/2011 - 00:20:12: [amxbans.amxx] [Amxbans] Query statement: 
L 10/19/2011 - 00:22:14: -------- Mapchange to ze_jurassicpark --------
L 10/19/2011 - 00:22:15: [admin_amxbans.amxx] Login: "Alecquant<1047><STEAM_0:4:565250032><>" became an admin (account "Alecquant") (access "t") (address "89.237.62.234")
L 10/19/2011 - 00:22:15: [admin_amxbans.amxx] Login: "|228| 6yJIb6aIII<1040><STEAM_0:0:1292803525><>" became an admin (account "|228| 6yJIb6aIII") (access "t") (address "178.123.120.201")
L 10/19/2011 - 00:22:15: [admin_amxbans.amxx] Login: "|228| 6yJIb6aIII<1060><STEAM_0:0:1292803525><>" became an admin (account "|228| 6yJIb6aIII") (access "t") (address "178.123.120.201")
L 10/19/2011 - 00:22:16: [amxbans.amxx] [AMXBANS] AMXBans 5.0 is online
L 10/19/2011 - 00:22:21: [amxbans.amxx] [Amxbans] Query failed!
L 10/19/2011 - 00:22:21: [amxbans.amxx] [Amxbans] Threaded query error, location: 18
L 10/19/2011 - 00:22:21: [amxbans.amxx] [Amxbans] Message: You have an error in your SQL syntax; check the manual that corresponds to your MySQL server version for the right syntax to use near ''amxba' at line 1 (1064)
L 10/19/2011 - 00:22:21: [amxbans.amxx] [Amxbans] Query statement: 
L 10/19/2011 - 00:22:21: [amxbans.amxx] [Amxbans] Query failed!
L 10/19/2011 - 00:22:21: [amxbans.amxx] [Amxbans] Threaded query error, location: 18
L 10/19/2011 - 00:22:21: [amxbans.amxx] [Amxbans] Message: You have an error in your SQL syntax; check the manual that corresponds to your MySQL server version for the right syntax to use near ''amxba' at line 1 (1064)
L 10/19/2011 - 00:22:21: [amxbans.amxx] [Amxbans] Query statement: 
L 10/19/2011 - 00:22:22: [amxbans.amxx] [Amxbans] Query failed!
L 10/19/2011 - 00:22:22: [amxbans.amxx] [Amxbans] Threaded query error, location: 18
L 10/19/2011 - 00:22:22: [amxbans.amxx] [Amxbans] Message: You have an error in your SQL syntax; check the manual that corresponds to your MySQL server version for the right syntax to use near ''amxbans' at line 1 (1064)
L 10/19/2011 - 00:22:22: [amxbans.amxx] [Amxbans] Query statement: 
L 10/19/2011 - 00:30:16: [voteban.amxx] Voteban starter |228| 6yJIb6aIII against [v4k]Erm?@k>vs AwP STEAM_0:0:1507461421
L 10/19/2011 - 00:30:31: [voteban.amxx] [AMXX] BANNED: [v4k]Erm?@k>vs AwP, STARTER: |228| 6yJIb6aIII
L 10/19/2011 - 00:30:32: [amxbans.amxx]  Зомби сервер (x_x(O_o)x_x) Go Zombie !!!<0><><> banned [v4k]Erm?@k>vs AwP<STEAM_0:0:1507461421> for 15 minutes (15 minutes). Reason: VIP->|228| 6yJIb6aIII.
L 10/19/2011 - 00:38:17: -------- Mapchange to zm_666_brick --------
L 10/19/2011 - 00:38:18: [admin_amxbans.amxx] Login: "|228| 6yJIb6aIII<1060><STEAM_0:0:1292803525><>" became an admin (account "|228| 6yJIb6aIII") (access "t") (address "178.123.120.201")
L 10/19/2011 - 00:38:18: [admin_amxbans.amxx] Login: "Alecquant<1047><STEAM_0:4:565250032><>" became an admin (account "Alecquant") (access "t") (address "89.237.62.234")
L 10/19/2011 - 00:38:19: [amxbans.amxx] [AMXBANS] AMXBans 5.0 is online
L 10/19/2011 - 00:38:23: [amxbans.amxx] [Amxbans] Query failed!
L 10/19/2011 - 00:38:23: [amxbans.amxx] [Amxbans] Threaded query error, location: 18
L 10/19/2011 - 00:38:23: [amxbans.amxx] [Amxbans] Message: You have an error in your SQL syntax; check the manual that corresponds to your MySQL server version for the right syntax to use near ''amxba' at line 1 (1064)
L 10/19/2011 - 00:38:23: [amxbans.amxx] [Amxbans] Query statement: 
L 10/19/2011 - 00:38:23: [amxbans.amxx] [Amxbans] Query failed!
L 10/19/2011 - 00:38:23: [amxbans.amxx] [Amxbans] Threaded query error, location: 18
L 10/19/2011 - 00:38:23: [amxbans.amxx] [Amxbans] Message: You have an error in your SQL syntax; check the manual that corresponds to your MySQL server version for the right syntax to use near ''amxba' at line 1 (1064)
L 10/19/2011 - 00:38:23: [amxbans.amxx] [Amxbans] Query statement: 
L 10/19/2011 - 00:53:26: [admin_amxbans.amxx] Login: "Alecquant<1079><STEAM_0:4:565250032><>" became an admin (account "Alecquant") (access "t") (address "89.237.62.234")
L 10/19/2011 - 00:58:38: [voteban.amxx] Voteban starter |228| 6yJIb6aIII against Untegro STEAM_0:0:756446021
L 10/19/2011 - 00:58:53: [voteban.amxx] [AMXX] BANNED: Untegro, STARTER: |228| 6yJIb6aIII
L 10/19/2011 - 00:58:54: [amxbans.amxx]  Зомби сервер (x_x(O_o)x_x) Go Zombie !!!<0><><> banned Untegro<STEAM_0:0:756446021> for 15 minutes (15 minutes). Reason: VIP->|228| 6yJIb6aIII.
L 10/19/2011 - 01:08:17: -------- Mapchange to zm_houses --------
L 10/19/2011 - 01:08:19: [amxbans.amxx] [AMXBANS] AMXBans 5.0 is online
L 10/19/2011 - 01:08:21: [amxbans.amxx] [Amxbans] Query failed!
L 10/19/2011 - 01:08:21: [amxbans.amxx] [Amxbans] Threaded query error, location: 18
L 10/19/2011 - 01:08:21: [amxbans.amxx] [Amxbans] Message: You have an error in your SQL syntax; check the manual that corresponds to your MySQL server version for the right syntax to use near ''amxba' at line 1 (1064)
L 10/19/2011 - 01:08:21: [amxbans.amxx] [Amxbans] Query statement: 
L 10/19/2011 - 01:08:48: [amxbans.amxx] [Amxbans] Query failed!
L 10/19/2011 - 01:08:48: [amxbans.amxx] [Amxbans] Threaded query error, location: 18
L 10/19/2011 - 01:08:48: [amxbans.amxx] [Amxbans] Message: You have an error in your SQL syntax; check the manual that corresponds to your MySQL server version for the right syntax to use near ''amxba' at line 1 (1064)
L 10/19/2011 - 01:08:48: [amxbans.amxx] [Amxbans] Query statement: 
L 10/19/2011 - 01:28:29: -------- Mapchange to 016 --------
L 10/19/2011 - 01:28:30: [amxbans.amxx] [AMXBANS] AMXBans 5.0 is online
L 10/19/2011 - 01:28:32: [amxbans.amxx] [Amxbans] Query failed!
L 10/19/2011 - 01:28:32: [amxbans.amxx] [Amxbans] Threaded query error, location: 18
L 10/19/2011 - 01:28:32: [amxbans.amxx] [Amxbans] Message: You have an error in your SQL syntax; check the manual that corresponds to your MySQL server version for the right syntax to use near ''amxba' at line 1 (1064)
L 10/19/2011 - 01:28:32: [amxbans.amxx] [Amxbans] Query statement: 
L 10/19/2011 - 01:59:24: -------- Mapchange to zm_deadly_assault --------
L 10/19/2011 - 01:59:26: [amxbans.amxx] [AMXBANS] AMXBans 5.0 is online
L 10/19/2011 - 01:59:28: [amxbans.amxx] [Amxbans] Query failed!
L 10/19/2011 - 01:59:28: [amxbans.amxx] [Amxbans] Threaded query error, location: 18
L 10/19/2011 - 01:59:28: [amxbans.amxx] [Amxbans] Message: You have an error in your SQL syntax; check the manual that corresponds to your MySQL server version for the right syntax to use near ''amxba' at line 1 (1064)
L 10/19/2011 - 01:59:28: [amxbans.amxx] [Amxbans] Query statement: 
L 10/19/2011 - 02:19:55: -------- Mapchange to zm_fdust2x2 --------
L 10/19/2011 - 02:19:56: [amxbans.amxx] [AMXBANS] AMXBans 5.0 is online
L 10/19/2011 - 02:19:59: [amxbans.amxx] [Amxbans] Query failed!
L 10/19/2011 - 02:19:59: [amxbans.amxx] [Amxbans] Threaded query error, location: 18
L 10/19/2011 - 02:19:59: [amxbans.amxx] [Amxbans] Message: You have an error in your SQL syntax; check the manual that corresponds to your MySQL server version for the right syntax to use near ''amxba' at line 1 (1064)
L 10/19/2011 - 02:19:59: [amxbans.amxx] [Amxbans] Query statement: 
L 10/19/2011 - 02:41:32: -------- Mapchange to ze_egypt --------
L 10/19/2011 - 02:41:34: [amxbans.amxx] [AMXBANS] AMXBans 5.0 is online
L 10/19/2011 - 02:41:36: [amxbans.amxx] [Amxbans] Query failed!
L 10/19/2011 - 02:41:36: [amxbans.amxx] [Amxbans] Threaded query error, location: 18
L 10/19/2011 - 02:41:36: [amxbans.amxx] [Amxbans] Message: You have an error in your SQL syntax; check the manual that corresponds to your MySQL server version for the right syntax to use near ''amxba' at line 1 (1064)
L 10/19/2011 - 02:41:36: [amxbans.amxx] [Amxbans] Query statement: 
L 10/19/2011 - 02:54:54: -------- Mapchange to ze_lift_escape_b5 --------
L 10/19/2011 - 02:54:56: [amxbans.amxx] [AMXBANS] AMXBans 5.0 is online
L 10/19/2011 - 02:59:37: -------- Mapchange to awp_city --------
L 10/19/2011 - 02:59:39: [amxbans.amxx] [AMXBANS] AMXBans 5.0 is online
L 10/19/2011 - 03:14:02: -------- Mapchange to awp_city --------
L 10/19/2011 - 03:14:04: [amxbans.amxx] [AMXBANS] AMXBans 5.0 is online
L 10/19/2011 - 03:24:24: -------- Mapchange to zm_neris --------
L 10/19/2011 - 03:24:25: [amxbans.amxx] [AMXBANS] AMXBans 5.0 is online
L 10/19/2011 - 03:28:10: -------- Mapchange to awp_city --------
L 10/19/2011 - 03:28:12: [amxbans.amxx] [AMXBANS] AMXBans 5.0 is online
L 10/19/2011 - 03:39:10: -------- Mapchange to ze_jurassicpark --------
L 10/19/2011 - 03:39:11: [amxbans.amxx] [AMXBANS] AMXBans 5.0 is online
L 10/19/2011 - 03:44:57: -------- Mapchange to awp_city --------
L 10/19/2011 - 03:44:59: [amxbans.amxx] [AMXBANS] AMXBans 5.0 is online
L 10/19/2011 - 03:54:52: -------- Mapchange to awp_city --------
L 10/19/2011 - 03:54:54: [amxbans.amxx] [AMXBANS] AMXBans 5.0 is online
L 10/19/2011 - 04:04:41: -------- Mapchange to awp_city --------
L 10/19/2011 - 04:04:43: [amxbans.amxx] [AMXBANS] AMXBans 5.0 is online
L 10/19/2011 - 04:14:36: -------- Mapchange to awp_city --------
L 10/19/2011 - 04:14:38: [amxbans.amxx] [AMXBANS] AMXBans 5.0 is online
L 10/19/2011 - 04:24:31: -------- Mapchange to awp_city --------
L 10/19/2011 - 04:24:33: [amxbans.amxx] [AMXBANS] AMXBans 5.0 is online
L 10/19/2011 - 04:41:37: -------- Mapchange to zm_cpl_mill_kamp --------
L 10/19/2011 - 04:41:39: [amxbans.amxx] [AMXBANS] AMXBans 5.0 is online
L 10/19/2011 - 04:44:37: -------- Mapchange to awp_city --------
L 10/19/2011 - 04:44:39: [amxbans.amxx] [AMXBANS] AMXBans 5.0 is online
L 10/19/2011 - 04:54:32: -------- Mapchange to awp_city --------
L 10/19/2011 - 04:54:34: [amxbans.amxx] [AMXBANS] AMXBans 5.0 is online
L 10/19/2011 - 05:04:27: -------- Mapchange to awp_city --------
L 10/19/2011 - 05:04:29: [amxbans.amxx] [AMXBANS] AMXBans 5.0 is online
L 10/19/2011 - 05:18:07: -------- Mapchange to awp_city --------
L 10/19/2011 - 05:18:09: [amxbans.amxx] [AMXBANS] AMXBans 5.0 is online
L 10/19/2011 - 05:33:29: -------- Mapchange to zm_303 --------
L 10/19/2011 - 05:33:30: [amxbans.amxx] [AMXBANS] AMXBans 5.0 is online
L 10/19/2011 - 06:00:11: -------- Mapchange to awp_city --------
L 10/19/2011 - 06:00:14: -------- Mapchange to zm_cpl_mill_kamp --------
L 10/19/2011 - 06:00:16: [amxbans.amxx] [AMXBANS] AMXBans 5.0 is online
L 10/19/2011 - 06:03:15: -------- Mapchange to awp_city --------
L 10/19/2011 - 06:03:16: [amxbans.amxx] [AMXBANS] AMXBans 5.0 is online
L 10/19/2011 - 06:14:06: -------- Mapchange to 016 --------
L 10/19/2011 - 06:14:08: [amxbans.amxx] [AMXBANS] AMXBans 5.0 is online
L 10/19/2011 - 06:19:12: -------- Mapchange to awp_city --------
L 10/19/2011 - 06:19:14: [amxbans.amxx] [AMXBANS] AMXBans 5.0 is online
L 10/19/2011 - 06:29:38: -------- Mapchange to ze_lift_escape_b5 --------
L 10/19/2011 - 06:29:40: [amxbans.amxx] [AMXBANS] AMXBans 5.0 is online
L 10/19/2011 - 06:36:15: -------- Mapchange to awp_city --------
L 10/19/2011 - 06:36:17: [amxbans.amxx] [AMXBANS] AMXBans 5.0 is online
L 10/19/2011 - 06:46:10: -------- Mapchange to awp_city --------
L 10/19/2011 - 06:46:12: [amxbans.amxx] [AMXBANS] AMXBans 5.0 is online
L 10/19/2011 - 06:54:32: -------- Mapchange to ze_egypt --------
L 10/19/2011 - 06:54:33: [amxbans.amxx] [AMXBANS] AMXBans 5.0 is online
L 10/19/2011 - 06:57:32: -------- Mapchange to awp_city --------
L 10/19/2011 - 06:57:33: [amxbans.amxx] [AMXBANS] AMXBans 5.0 is online
L 10/19/2011 - 07:07:27: -------- Mapchange to awp_city --------
L 10/19/2011 - 07:07:28: [amxbans.amxx] [AMXBANS] AMXBans 5.0 is online
L 10/19/2011 - 07:20:37: -------- Mapchange to awp_city --------
L 10/19/2011 - 07:20:38: [amxbans.amxx] [AMXBANS] AMXBans 5.0 is online
L 10/19/2011 - 07:30:32: -------- Mapchange to awp_city --------
L 10/19/2011 - 07:30:33: [amxbans.amxx] [AMXBANS] AMXBans 5.0 is online
L 10/19/2011 - 07:54:08: -------- Mapchange to zm_caca --------
L 10/19/2011 - 07:54:10: [amxbans.amxx] [AMXBANS] AMXBans 5.0 is online
L 10/19/2011 - 07:57:08: -------- Mapchange to awp_city --------
L 10/19/2011 - 07:57:10: [amxbans.amxx] [AMXBANS] AMXBans 5.0 is online
L 10/19/2011 - 08:09:21: -------- Mapchange to awp_city --------
L 10/19/2011 - 08:09:23: [amxbans.amxx] [AMXBANS] AMXBans 5.0 is online
L 10/19/2011 - 08:19:50: -------- Mapchange to 016 --------
L 10/19/2011 - 08:19:52: [amxbans.amxx] [AMXBANS] AMXBans 5.0 is online
L 10/19/2011 - 08:24:16: -------- Mapchange to awp_city --------
L 10/19/2011 - 08:24:18: [amxbans.amxx] [AMXBANS] AMXBans 5.0 is online
L 10/19/2011 - 08:33:08: -------- Mapchange to zm_cpl_mill_kamp --------
L 10/19/2011 - 08:33:10: [amxbans.amxx] [AMXBANS] AMXBans 5.0 is online
L 10/19/2011 - 08:37:00: -------- Mapchange to zm_alfresco_v2 --------
L 10/19/2011 - 08:37:02: [amxbans.amxx] [AMXBANS] AMXBans 5.0 is online
L 10/19/2011 - 08:59:25: -------- Mapchange to zm_deadly_assault --------
L 10/19/2011 - 08:59:26: [amxbans.amxx] [AMXBANS] AMXBans 5.0 is online
L 10/19/2011 - 09:02:24: -------- Mapchange to awp_city --------
L 10/19/2011 - 09:02:26: [amxbans.amxx] [AMXBANS] AMXBans 5.0 is online
L 10/19/2011 - 09:16:35: -------- Mapchange to awp_city --------
L 10/19/2011 - 09:16:36: [amxbans.amxx] [AMXBANS] AMXBans 5.0 is online
L 10/19/2011 - 09:24:56: -------- Mapchange to ze_jurassicpark --------
L 10/19/2011 - 09:24:58: [amxbans.amxx] [AMXBANS] AMXBans 5.0 is online
L 10/19/2011 - 09:29:04: -------- Mapchange to awp_city --------
L 10/19/2011 - 09:29:06: [amxbans.amxx] [AMXBANS] AMXBans 5.0 is online
L 10/19/2011 - 09:43:52: -------- Mapchange to zm_caca --------
L 10/19/2011 - 09:43:54: [amxbans.amxx] [AMXBANS] AMXBans 5.0 is online
L 10/19/2011 - 09:52:47: -------- Mapchange to awp_city --------
L 10/19/2011 - 09:52:49: [amxbans.amxx] [AMXBANS] AMXBans 5.0 is online
L 10/19/2011 - 10:01:54: -------- Mapchange to zm_xata --------
L 10/19/2011 - 10:01:56: [amxbans.amxx] [AMXBANS] AMXBans 5.0 is online
L 10/19/2011 - 10:11:14: -------- Mapchange to ze_egypt --------
L 10/19/2011 - 10:11:15: [amxbans.amxx] [AMXBANS] AMXBans 5.0 is online
L 10/19/2011 - 10:27:10: -------- Mapchange to zm_deadly_assault --------
L 10/19/2011 - 10:27:12: [amxbans.amxx] [AMXBANS] AMXBans 5.0 is online
L 10/19/2011 - 10:48:34: -------- Mapchange to zm_decline2k --------
L 10/19/2011 - 10:48:36: [amxbans.amxx] [AMXBANS] AMXBans 5.0 is online
L 10/19/2011 - 11:08:40: -------- Mapchange to 016 --------
L 10/19/2011 - 11:08:42: [amxbans.amxx] [AMXBANS] AMXBans 5.0 is online
L 10/19/2011 - 11:20:30: [amxbans.amxx] [Amxbans] Query failed!
L 10/19/2011 - 11:20:30: [amxbans.amxx] [Amxbans] Threaded query error, location: 18
L 10/19/2011 - 11:20:30: [amxbans.amxx] [Amxbans] Message: You have an error in your SQL syntax; check the manual that corresponds to your MySQL server version for the right syntax to use near ''amxban' at line 1 (1064)
L 10/19/2011 - 11:20:30: [amxbans.amxx] [Amxbans] Query statement: 
L 10/19/2011 - 11:39:38: -------- Mapchange to zm_666_brick --------
L 10/19/2011 - 11:39:40: [amxbans.amxx] [AMXBANS] AMXBans 5.0 is online
L 10/19/2011 - 11:39:44: [amxbans.amxx] [Amxbans] Query failed!
L 10/19/2011 - 11:39:44: [amxbans.amxx] [Amxbans] Threaded query error, location: 18
L 10/19/2011 - 11:39:44: [amxbans.amxx] [Amxbans] Message: You have an error in your SQL syntax; check the manual that corresponds to your MySQL server version for the right syntax to use near ''amxban' at line 1 (1064)
L 10/19/2011 - 11:39:44: [amxbans.amxx] [Amxbans] Query statement: 
L 10/19/2011 - 12:10:33: -------- Mapchange to zm_dwarf --------
L 10/19/2011 - 12:10:35: [amxbans.amxx] [AMXBANS] AMXBans 5.0 is online
L 10/19/2011 - 12:10:39: [amxbans.amxx] [Amxbans] Query failed!
L 10/19/2011 - 12:10:39: [amxbans.amxx] [Amxbans] Threaded query error, location: 18
L 10/19/2011 - 12:10:39: [amxbans.amxx] [Amxbans] Message: You have an error in your SQL syntax; check the manual that corresponds to your MySQL server version for the right syntax to use near ''amxban' at line 1 (1064)
L 10/19/2011 - 12:10:39: [amxbans.amxx] [Amxbans] Query statement: 
L 10/19/2011 - 12:33:32: -------- Mapchange to ze_lift_escape_b5 --------
L 10/19/2011 - 12:33:34: [amxbans.amxx] [AMXBANS] AMXBans 5.0 is online
L 10/19/2011 - 12:51:18: -------- Mapchange to zm_cpl_mill_kamp --------
L 10/19/2011 - 12:51:20: [amxbans.amxx] [AMXBANS] AMXBans 5.0 is online
L 10/19/2011 - 13:03:06: [amxbans.amxx] [Amxbans] Query failed!
L 10/19/2011 - 13:03:06: [amxbans.amxx] [Amxbans] Threaded query error, location: 18
L 10/19/2011 - 13:03:06: [amxbans.amxx] [Amxbans] Message: You have an error in your SQL syntax; check the manual that corresponds to your MySQL server version for the right syntax to use near ''amxban' at line 1 (1064)
L 10/19/2011 - 13:03:06: [amxbans.amxx] [Amxbans] Query statement: 
L 10/19/2011 - 13:13:05: -------- Mapchange to ze_jurassicpark --------
L 10/19/2011 - 13:13:07: [amxbans.amxx] [AMXBANS] AMXBans 5.0 is online
L 10/19/2011 - 13:24:18: [amxbans.amxx] [Amxbans] Query failed!
L 10/19/2011 - 13:24:18: [amxbans.amxx] [Amxbans] Threaded query error, location: 18
L 10/19/2011 - 13:24:18: [amxbans.amxx] [Amxbans] Message: You have an error in your SQL syntax; check the manual that corresponds to your MySQL server version for the right syntax to use near ''amxban' at line 1 (1064)
L 10/19/2011 - 13:24:18: [amxbans.amxx] [Amxbans] Query statement: 
L 10/19/2011 - 13:29:32: -------- Mapchange to zm_303 --------
L 10/19/2011 - 13:29:34: [amxbans.amxx] [AMXBANS] AMXBans 5.0 is online
L 10/19/2011 - 13:29:39: [amxbans.amxx] [Amxbans] Query failed!
L 10/19/2011 - 13:29:39: [amxbans.amxx] [Amxbans] Threaded query error, location: 18
L 10/19/2011 - 13:29:39: [amxbans.amxx] [Amxbans] Message: You have an error in your SQL syntax; check the manual that corresponds to your MySQL server version for the right syntax to use near ''amxban' at line 1 (1064)
L 10/19/2011 - 13:29:39: [amxbans.amxx] [Amxbans] Query statement: 
L 10/19/2011 - 13:50:55: -------- Mapchange to zm_fdust2x2 --------
L 10/19/2011 - 13:50:57: [amxbans.amxx] [AMXBANS] AMXBans 5.0 is online
L 10/19/2011 - 14:03:17: [amxbans.amxx] [Amxbans] Query failed!
L 10/19/2011 - 14:03:17: [amxbans.amxx] [Amxbans] Threaded query error, location: 18
L 10/19/2011 - 14:03:17: [amxbans.amxx] [Amxbans] Message: You have an error in your SQL syntax; check the manual that corresponds to your MySQL server version for the right syntax to use near ''amxban' at line 1 (1064)
L 10/19/2011 - 14:03:17: [amxbans.amxx] [Amxbans] Query statement: 
L 10/19/2011 - 14:12:27: -------- Mapchange to zm_caca --------
L 10/19/2011 - 14:12:29: [amxbans.amxx] [AMXBANS] AMXBans 5.0 is online
L 10/19/2011 - 14:12:35: [amxbans.amxx] [Amxbans] Query failed!
L 10/19/2011 - 14:12:35: [amxbans.amxx] [Amxbans] Threaded query error, location: 18
L 10/19/2011 - 14:12:35: [amxbans.amxx] [Amxbans] Message: You have an error in your SQL syntax; check the manual that corresponds to your MySQL server version for the right syntax to use near ''amxban' at line 1 (1064)
L 10/19/2011 - 14:12:35: [amxbans.amxx] [Amxbans] Query statement: 
L 10/19/2011 - 14:34:13: -------- Mapchange to zm_decline2k --------
L 10/19/2011 - 14:34:15: [amxbans.amxx] [AMXBANS] AMXBans 5.0 is online
L 10/19/2011 - 14:34:21: [amxbans.amxx] [Amxbans] Query failed!
L 10/19/2011 - 14:34:21: [amxbans.amxx] [Amxbans] Threaded query error, location: 18
L 10/19/2011 - 14:34:21: [amxbans.amxx] [Amxbans] Message: You have an error in your SQL syntax; check the manual that corresponds to your MySQL server version for the right syntax to use near ''amxban' at line 1 (1064)
L 10/19/2011 - 14:34:21: [amxbans.amxx] [Amxbans] Query statement: 
L 10/19/2011 - 14:54:16: -------- Mapchange to zm_alfresco_v2 --------
L 10/19/2011 - 14:54:18: [amxbans.amxx] [AMXBANS] AMXBans 5.0 is online
L 10/19/2011 - 14:54:25: [amxbans.amxx] [Amxbans] Query failed!
L 10/19/2011 - 14:54:25: [amxbans.amxx] [Amxbans] Threaded query error, location: 18
L 10/19/2011 - 14:54:25: [amxbans.amxx] [Amxbans] Message: You have an error in your SQL syntax; check the manual that corresponds to your MySQL server version for the right syntax to use near ''amxban' at line 1 (1064)
L 10/19/2011 - 14:54:25: [amxbans.amxx] [Amxbans] Query statement: 
L 10/19/2011 - 15:14:21: -------- Mapchange to zm_666_brick --------
L 10/19/2011 - 15:14:22: [amxbans.amxx] [AMXBANS] AMXBans 5.0 is online
L 10/19/2011 - 15:17:41: [admin_amxbans.amxx] Login: "Narkot1k<365><STEAM_0:0:1229353360><>" became an admin (account "Narkot1k") (access "t") (address "95.220.82.183")
L 10/19/2011 - 15:18:25: [admin_amxbans.amxx] Login: "Narkot1k<366><STEAM_0:0:1229353360><>" became an admin (account "Narkot1k") (access "t") (address "95.220.82.183")
L 10/19/2011 - 15:20:37: [voteban.amxx] Voteban starter Narkot1k against BlackDragons xD STEAM_0:4:533538032
L 10/19/2011 - 15:20:52: [voteban.amxx] [AMXX] BANNED: BlackDragons xD, STARTER: Narkot1k
L 10/19/2011 - 15:20:53: [amxbans.amxx]  Зомби сервер (x_x(O_o)x_x) Go Zombie !!!<0><><> banned BlackDragons xD<STEAM_0:4:533538032> for 15 minutes (15 minutes). Reason: VIP->Narkot1k.
L 10/19/2011 - 15:25:10: [amxbans.amxx] [Amxbans] Query failed!
L 10/19/2011 - 15:25:10: [amxbans.amxx] [Amxbans] Threaded query error, location: 18
L 10/19/2011 - 15:25:10: [amxbans.amxx] [Amxbans] Message: You have an error in your SQL syntax; check the manual that corresponds to your MySQL server version for the right syntax to use near ''Bantime expir' at line 1 (1064)
L 10/19/2011 - 15:25:10: [amxbans.amxx] [Amxbans] Query statement: 
L 10/19/2011 - 15:38:20: [admin_amxbans.amxx] Login: "Narkot1k<386><STEAM_0:0:1229353360><>" became an admin (account "Narkot1k") (access "t") (address "95.220.120.153")
L 10/19/2011 - 15:45:38: -------- Mapchange to ze_egypt --------
L 10/19/2011 - 15:45:38: [admin_amxbans.amxx] Login: "Narkot1k<386><STEAM_0:0:1229353360><>" became an admin (account "Narkot1k") (access "t") (address "95.220.120.153")
L 10/19/2011 - 15:45:39: [amxbans.amxx] [AMXBANS] AMXBans 5.0 is online
L 10/19/2011 - 15:45:41: [admin_amxbans.amxx] Login: "Narkot1k<398><STEAM_0:0:1229353360><>" became an admin (account "Narkot1k") (access "t") (address "95.220.120.153")
L 10/19/2011 - 15:45:46: [amxbans.amxx] [Amxbans] Query failed!
L 10/19/2011 - 15:45:46: [amxbans.amxx] [Amxbans] Threaded query error, location: 18
L 10/19/2011 - 15:45:46: [amxbans.amxx] [Amxbans] Message: You have an error in your SQL syntax; check the manual that corresponds to your MySQL server version for the right syntax to use near ''Bantime expir' at line 1 (1064)
L 10/19/2011 - 15:45:46: [amxbans.amxx] [Amxbans] Query statement: 
L 10/19/2011 - 15:45:51: [amxbans.amxx] [Amxbans] Query failed!
L 10/19/2011 - 15:45:51: [amxbans.amxx] [Amxbans] Threaded query error, location: 18
L 10/19/2011 - 15:45:51: [amxbans.amxx] [Amxbans] Message: You have an error in your SQL syntax; check the manual that corresponds to your MySQL server version for the right syntax to use near ''Bantime expir' at line 1 (1064)
L 10/19/2011 - 15:45:51: [amxbans.amxx] [Amxbans] Query statement: 
L 10/19/2011 - 15:51:45: [voteban.amxx] Voteban starter Narkot1k against P(0o)vAr_Spra$H1vAeT_P(0o)vaRa STEAM_0:0:729144935
L 10/19/2011 - 15:52:00: [voteban.amxx] [AMXX] BANNED: P(0o)vAr_Spra$H1vAeT_P(0o)vaRa, STARTER: Narkot1k
L 10/19/2011 - 15:52:37: [admin_amxbans.amxx] Login: "Drey<424><STEAM_0:0:41300771><>" became an admin (account "Drey") (access "t") (address "89.222.180.227")
L 10/19/2011 - 15:52:39: [admin_amxbans.amxx] Login: "Drey<425><STEAM_0:0:41300771><>" became an admin (account "Drey") (access "t") (address "89.222.180.227")
L 10/19/2011 - 16:01:40: -------- Mapchange to zm_neris --------
L 10/19/2011 - 16:01:40: [admin_amxbans.amxx] Login: "Drey<425><STEAM_0:0:41300771><>" became an admin (account "Drey") (access "t") (address "89.222.180.227")
L 10/19/2011 - 16:01:40: [admin_amxbans.amxx] Login: "Narkot1k<398><STEAM_0:0:1229353360><>" became an admin (account "Narkot1k") (access "t") (address "95.220.120.153")
L 10/19/2011 - 16:01:41: [admin_amxbans.amxx] Login: "Drey<437><STEAM_0:0:41300771><>" became an admin (account "Drey") (access "t") (address "89.222.180.227")
L 10/19/2011 - 16:01:41: [amxbans.amxx] [AMXBANS] AMXBans 5.0 is online
L 10/19/2011 - 16:03:45: [admin_amxbans.amxx] Login: "Alecquant<443><STEAM_0:4:565250032><>" became an admin (account "Alecquant") (access "t") (address "89.237.62.234")
L 10/19/2011 - 16:08:19: [voteban.amxx] Voteban starter Narkot1k against I<DOK>I STEAM_0:0:1024020796
L 10/19/2011 - 16:08:34: [voteban.amxx] [AMXX] BANNED: I<DOK>I, STARTER: Narkot1k
L 10/19/2011 - 16:08:35: [amxbans.amxx]  Зомби сервер (x_x(O_o)x_x) Go Zombie !!!<0><><> banned I<DOK>I<STEAM_0:0:1024020796> for 15 minutes (15 minutes). Reason: VIP->Narkot1k.
L 10/19/2011 - 16:21:58: -------- Mapchange to 016 --------
L 10/19/2011 - 16:21:58: [admin_amxbans.amxx] Login: "Drey<437><STEAM_0:0:41300771><>" became an admin (account "Drey") (access "t") (address "89.222.180.227")
L 10/19/2011 - 16:21:59: [amxbans.amxx] [AMXBANS] AMXBans 5.0 is online
L 10/19/2011 - 16:22:03: [admin_amxbans.amxx] Login: "Narkot1k<398><STEAM_0:0:1229353360><>" became an admin (account "Narkot1k") (access "t") (address "95.220.120.153")
L 10/19/2011 - 16:22:27: [admin_amxbans.amxx] Login: "Narkot1k<470><STEAM_0:0:1229353360><>" became an admin (account "Narkot1k") (access "t") (address "95.220.120.153")
L 10/19/2011 - 16:33:40: [amxbans.amxx] [Amxbans] Query failed!
L 10/19/2011 - 16:33:40: [amxbans.amxx] [Amxbans] Threaded query error, location: 18
L 10/19/2011 - 16:33:40: [amxbans.amxx] [Amxbans] Message: You have an error in your SQL syntax; check the manual that corresponds to your MySQL server version for the right syntax to use near ''Bantime expir' at line 1 (1064)
L 10/19/2011 - 16:33:40: [amxbans.amxx] [Amxbans] Query statement: 
L 10/19/2011 - 16:40:05: [admin_amxbans.amxx] Login: "Narkot1k<508><STEAM_0:0:1229353360><>" became an admin (account "Narkot1k") (access "t") (address "95.220.110.74")
L 10/19/2011 - 16:40:10: [amxbans.amxx] [Amxbans] Query failed!
L 10/19/2011 - 16:40:10: [amxbans.amxx] [Amxbans] Threaded query error, location: 18
L 10/19/2011 - 16:40:10: [amxbans.amxx] [Amxbans] Message: You have an error in your SQL syntax; check the manual that corresponds to your MySQL server version for the right syntax to use near ''Bantime e' at line 1 (1064)
L 10/19/2011 - 16:40:10: [amxbans.amxx] [Amxbans] Query statement: 
L 10/19/2011 - 16:40:15: [amxbans.amxx] [Amxbans] Query failed!
L 10/19/2011 - 16:40:15: [amxbans.amxx] [Amxbans] Threaded query error, location: 18
L 10/19/2011 - 16:40:15: [amxbans.amxx] [Amxbans] Message: You have an error in your SQL syntax; check the manual that corresponds to your MySQL server version for the right syntax to use near ''Bantime e' at line 1 (1064)
L 10/19/2011 - 16:40:15: [amxbans.amxx] [Amxbans] Query statement: 
L 10/19/2011 - 16:41:49: [admin_amxbans.amxx] Login: "Narkot1k<514><STEAM_0:0:1229353360><>" became an admin (account "Narkot1k") (access "t") (address "95.220.110.74")
L 10/19/2011 - 16:45:43: [voteban.amxx] Voteban starter Drey against N!ck STEAM_0:4:1525751045
L 10/19/2011 - 16:45:58: [voteban.amxx] [AMXX] BANNED: N!ck, STARTER: Drey
L 10/19/2011 - 16:45:59: [amxbans.amxx]  Зомби сервер (x_x(O_o)x_x) Go Zombie !!!<0><><> banned Dubi_dju<STEAM_0:4:1525751045> for 15 minutes (15 minutes). Reason: VIP->Drey.
L 10/19/2011 - 16:50:57: [voteban.amxx] Voteban starter Drey against McFLY STEAM_0:0:1438411241
L 10/19/2011 - 16:51:12: [voteban.amxx] [AMXX] BANNED: McFLY, STARTER: Drey
L 10/19/2011 - 16:51:13: [amxbans.amxx]  Зомби сервер (x_x(O_o)x_x) Go Zombie !!!<0><><> banned McFLY<STEAM_0:0:1438411241> for 15 minutes (15 minutes). Reason: VIP->Drey.
L 10/19/2011 - 16:51:25: [voteban.amxx] Voteban starter Drey against Slavka STEAM_0:4:1548201585
L 10/19/2011 - 16:51:40: [voteban.amxx] [AMXX] BANNED: Slavka, STARTER: Drey
L 10/19/2011 - 16:52:17: -------- Mapchange to ze_lift_escape_b5 --------
L 10/19/2011 - 16:52:18: [admin_amxbans.amxx] Login: "Drey<437><STEAM_0:0:41300771><>" became an admin (account "Drey") (access "t") (address "89.222.180.227")
L 10/19/2011 - 16:52:18: [amxbans.amxx] [AMXBANS] AMXBans 5.0 is online
L 10/19/2011 - 16:52:24: [amxbans.amxx] [Amxbans] Query failed!
L 10/19/2011 - 16:52:24: [amxbans.amxx] [Amxbans] Threaded query error, location: 18
L 10/19/2011 - 16:52:24: [amxbans.amxx] [Amxbans] Message: You have an error in your SQL syntax; check the manual that corresponds to your MySQL server version for the right syntax to use near ''Bantime e' at line 1 (1064)
L 10/19/2011 - 16:52:24: [amxbans.amxx] [Amxbans] Query statement: 
L 10/19/2011 - 16:52:38: [voteban.amxx] Voteban starter Drey against Slavka STEAM_0:4:1548201585
L 10/19/2011 - 16:52:53: [voteban.amxx] [AMXX] BANNED: Slavka, STARTER: Drey
L 10/19/2011 - 16:55:00: [voteban.amxx] Voteban starter Drey against __F_R{@}E_R__ STEAM_0:0:2032957364
L 10/19/2011 - 16:55:15: [voteban.amxx] [AMXX] The voteban dit not sucseed.
L 10/19/2011 - 16:55:41: [amxbans.amxx] [Amxbans] Query failed!
L 10/19/2011 - 16:55:41: [amxbans.amxx] [Amxbans] Threaded query error, location: 18
L 10/19/2011 - 16:55:41: [amxbans.amxx] [Amxbans] Message: You have an error in your SQL syntax; check the manual that corresponds to your MySQL server version for the right syntax to use near ''amxba' at line 1 (1064)
L 10/19/2011 - 16:55:41: [amxbans.amxx] [Amxbans] Query statement: 
L 10/19/2011 - 16:56:05: [voteban.amxx] Voteban starter Drey against Slavka STEAM_0:4:1548201585
L 10/19/2011 - 16:56:20: [voteban.amxx] [AMXX] BANNED: Slavka, STARTER: Drey
L 10/19/2011 - 16:57:11: [admin_amxbans.amxx] Login: "Drey<535><STEAM_0:0:41300771><>" became an admin (account "Drey") (access "t") (address "89.222.180.227")
L 10/19/2011 - 16:57:32: [voteban.amxx] Voteban starter Drey against Slavka STEAM_0:4:1548201585
L 10/19/2011 - 16:57:47: [voteban.amxx] [AMXX] BANNED: Slavka, STARTER: Drey
L 10/19/2011 - 17:05:32: [amxbans.amxx] [Amxbans] Query failed!
L 10/19/2011 - 17:05:32: [amxbans.amxx] [Amxbans] Threaded query error, location: 18
L 10/19/2011 - 17:05:32: [amxbans.amxx] [Amxbans] Message: You have an error in your SQL syntax; check the manual that corresponds to your MySQL server version for the right syntax to use near ''Bantime expir' at line 1 (1064)
L 10/19/2011 - 17:05:32: [amxbans.amxx] [Amxbans] Query statement: 
L 10/19/2011 - 17:08:16: -------- Mapchange to zm_deadly_assault --------
L 10/19/2011 - 17:08:16: [admin_amxbans.amxx] Login: "Drey<535><STEAM_0:0:41300771><>" became an admin (account "Drey") (access "t") (address "89.222.180.227")
L 10/19/2011 - 17:08:17: [amxbans.amxx] [AMXBANS] AMXBans 5.0 is online
L 10/19/2011 - 17:08:24: [amxbans.amxx] [Amxbans] Query failed!
L 10/19/2011 - 17:08:24: [amxbans.amxx] [Amxbans] Threaded query error, location: 18
L 10/19/2011 - 17:08:24: [amxbans.amxx] [Amxbans] Message: You have an error in your SQL syntax; check the manual that corresponds to your MySQL server version for the right syntax to use near ''Bantime expir' at line 1 (1064)
L 10/19/2011 - 17:08:24: [amxbans.amxx] [Amxbans] Query statement: 
L 10/19/2011 - 17:08:24: [amxbans.amxx] [Amxbans] Query failed!
L 10/19/2011 - 17:08:24: [amxbans.amxx] [Amxbans] Threaded query error, location: 18
L 10/19/2011 - 17:08:24: [amxbans.amxx] [Amxbans] Message: You have an error in your SQL syntax; check the manual that corresponds to your MySQL server version for the right syntax to use near ''Bantime e' at line 1 (1064)
L 10/19/2011 - 17:08:24: [amxbans.amxx] [Amxbans] Query statement: 
L 10/19/2011 - 17:17:40: [amxbans.amxx] [Amxbans] Query failed!
L 10/19/2011 - 17:17:40: [amxbans.amxx] [Amxbans] Threaded query error, location: 18
L 10/19/2011 - 17:17:40: [amxbans.amxx] [Amxbans] Message: You have an error in your SQL syntax; check the manual that corresponds to your MySQL server version for the right syntax to use near ''Bantime e' at line 1 (1064)
L 10/19/2011 - 17:17:40: [amxbans.amxx] [Amxbans] Query statement: 
L 10/19/2011 - 17:17:50: [amxbans.amxx] [Amxbans] Query failed!
L 10/19/2011 - 17:17:50: [amxbans.amxx] [Amxbans] Threaded query error, location: 18
L 10/19/2011 - 17:17:50: [amxbans.amxx] [Amxbans] Message: You have an error in your SQL syntax; check the manual that corresponds to your MySQL server version for the right syntax to use near ''Bantime e' at line 1 (1064)
L 10/19/2011 - 17:17:50: [amxbans.amxx] [Amxbans] Query statement: 
L 10/19/2011 - 17:21:32: [amxbans.amxx] [Amxbans] Query failed!
L 10/19/2011 - 17:21:32: [amxbans.amxx] [Amxbans] Threaded query error, location: 18
L 10/19/2011 - 17:21:32: [amxbans.amxx] [Amxbans] Message: You have an error in your SQL syntax; check the manual that corresponds to your MySQL server version for the right syntax to use near ''amxban' at line 1 (1064)
L 10/19/2011 - 17:21:32: [amxbans.amxx] [Amxbans] Query statement: 
L 10/19/2011 - 17:30:19: -------- Mapchange to ze_jurassicpark --------
L 10/19/2011 - 17:30:19: [admin_amxbans.amxx] Login: "Drey<535><STEAM_0:0:41300771><>" became an admin (account "Drey") (access "t") (address "89.222.180.227")
L 10/19/2011 - 17:30:20: [amxbans.amxx] [AMXBANS] AMXBans 5.0 is online
L 10/19/2011 - 17:30:27: [amxbans.amxx] [Amxbans] Query failed!
L 10/19/2011 - 17:30:27: [amxbans.amxx] [Amxbans] Threaded query error, location: 18
L 10/19/2011 - 17:30:27: [amxbans.amxx] [Amxbans] Message: You have an error in your SQL syntax; check the manual that corresponds to your MySQL server version for the right syntax to use near ''amxban' at line 1 (1064)
L 10/19/2011 - 17:30:27: [amxbans.amxx] [Amxbans] Query statement: 
L 10/19/2011 - 17:30:27: [amxbans.amxx] [Amxbans] Query failed!
L 10/19/2011 - 17:30:27: [amxbans.amxx] [Amxbans] Threaded query error, location: 18
L 10/19/2011 - 17:30:27: [amxbans.amxx] [Amxbans] Message: You have an error in your SQL syntax; check the manual that corresponds to your MySQL server version for the right syntax to use near ''Bantime e' at line 1 (1064)
L 10/19/2011 - 17:30:27: [amxbans.amxx] [Amxbans] Query statement: 
L 10/19/2011 - 17:30:27: [amxbans.amxx] [Amxbans] Query failed!
L 10/19/2011 - 17:30:27: [amxbans.amxx] [Amxbans] Threaded query error, location: 18
L 10/19/2011 - 17:30:27: [amxbans.amxx] [Amxbans] Message: You have an error in your SQL syntax; check the manual that corresponds to your MySQL server version for the right syntax to use near ''Bantime e' at line 1 (1064)
L 10/19/2011 - 17:30:27: [amxbans.amxx] [Amxbans] Query statement: 
L 10/19/2011 - 17:30:37: [amxbans.amxx] [Amxbans] Query failed!
L 10/19/2011 - 17:30:37: [amxbans.amxx] [Amxbans] Threaded query error, location: 18
L 10/19/2011 - 17:30:37: [amxbans.amxx] [Amxbans] Message: You have an error in your SQL syntax; check the manual that corresponds to your MySQL server version for the right syntax to use near ''Bantime e' at line 1 (1064)
L 10/19/2011 - 17:30:37: [amxbans.amxx] [Amxbans] Query statement: 
L 10/19/2011 - 17:30:48: [amxbans.amxx] [Amxbans] Query failed!
L 10/19/2011 - 17:30:48: [amxbans.amxx] [Amxbans] Threaded query error, location: 18
L 10/19/2011 - 17:30:48: [amxbans.amxx] [Amxbans] Message: You have an error in your SQL syntax; check the manual that corresponds to your MySQL server version for the right syntax to use near ''Bantime e' at line 1 (1064)
L 10/19/2011 - 17:30:48: [amxbans.amxx] [Amxbans] Query statement: 
L 10/19/2011 - 17:31:46: [amxbans.amxx] [Amxbans] Query failed!
L 10/19/2011 - 17:31:46: [amxbans.amxx] [Amxbans] Threaded query error, location: 18
L 10/19/2011 - 17:31:46: [amxbans.amxx] [Amxbans] Message: You have an error in your SQL syntax; check the manual that corresponds to your MySQL server version for the right syntax to use near ''amxb' at line 1 (1064)
L 10/19/2011 - 17:31:46: [amxbans.amxx] [Amxbans] Query statement: 
L 10/19/2011 - 17:31:59: [amxbans.amxx] [Amxbans] Query failed!
L 10/19/2011 - 17:31:59: [amxbans.amxx] [Amxbans] Threaded query error, location: 18
L 10/19/2011 - 17:31:59: [amxbans.amxx] [Amxbans] Message: You have an error in your SQL syntax; check the manual that corresponds to your MySQL server version for the right syntax to use near ''amxb' at line 1 (1064)
L 10/19/2011 - 17:31:59: [amxbans.amxx] [Amxbans] Query statement: 
L 10/19/2011 - 17:32:35: [voteban.amxx] Voteban starter Drey against Radon 98[rus] STEAM_0:0:1946360399
L 10/19/2011 - 17:32:50: [voteban.amxx] [AMXX] BANNED: Radon 98[rus], STARTER: Drey
L 10/19/2011 - 17:32:51: [amxbans.amxx]  Зомби сервер (x_x(O_o)x_x) Go Zombie !!!<0><><> banned Radon 98[rus]<STEAM_0:0:1946360399> for 15 minutes (15 minutes). Reason: VIP->Drey.
L 10/19/2011 - 17:32:57: [amxbans.amxx] [Amxbans] Query failed!
L 10/19/2011 - 17:32:57: [amxbans.amxx] [Amxbans] Threaded query error, location: 18
L 10/19/2011 - 17:32:57: [amxbans.amxx] [Amxbans] Message: You have an error in your SQL syntax; check the manual that corresponds to your MySQL server version for the right syntax to use near ''amxb' at line 1 (1064)
L 10/19/2011 - 17:32:57: [amxbans.amxx] [Amxbans] Query statement: 
L 10/19/2011 - 17:41:28: [amxbans.amxx] [Amxbans] Query failed!
L 10/19/2011 - 17:41:28: [amxbans.amxx] [Amxbans] Threaded query error, location: 18
L 10/19/2011 - 17:41:28: [amxbans.amxx] [Amxbans] Message: You have an error in your SQL syntax; check the manual that corresponds to your MySQL server version for the right syntax to use near ''amxb' at line 1 (1064)
L 10/19/2011 - 17:41:28: [amxbans.amxx] [Amxbans] Query statement: 
L 10/19/2011 - 17:41:49: [amxbans.amxx] [Amxbans] Query failed!
L 10/19/2011 - 17:41:49: [amxbans.amxx] [Amxbans] Threaded query error, location: 18
L 10/19/2011 - 17:41:49: [amxbans.amxx] [Amxbans] Message: You have an error in your SQL syntax; check the manual that corresponds to your MySQL server version for the right syntax to use near ''amxba' at line 1 (1064)
L 10/19/2011 - 17:41:49: [amxbans.amxx] [Amxbans] Query statement: 
L 10/19/2011 - 17:42:05: [voteban.amxx] Voteban starter Drey against liohinroll STEAM_0:0:1135458659
L 10/19/2011 - 17:42:20: [voteban.amxx] [AMXX] BANNED: liohinroll, STARTER: Drey
L 10/19/2011 - 17:45:16: [amxbans.amxx] [Amxbans] Query failed!
L 10/19/2011 - 17:45:16: [amxbans.amxx] [Amxbans] Threaded query error, location: 18
L 10/19/2011 - 17:45:16: [amxbans.amxx] [Amxbans] Message: You have an error in your SQL syntax; check the manual that corresponds to your MySQL server version for the right syntax to use near ''Bantime e' at line 1 (1064)
L 10/19/2011 - 17:45:16: [amxbans.amxx] [Amxbans] Query statement: 
L 10/19/2011 - 17:46:00: -------- Mapchange to zm_fdust2x2 --------
L 10/19/2011 - 17:46:01: [admin_amxbans.amxx] Login: "Drey<535><STEAM_0:0:41300771><>" became an admin (account "Drey") (access "t") (address "89.222.180.227")
L 10/19/2011 - 17:46:02: [amxbans.amxx] [AMXBANS] AMXBans 5.0 is online
L 10/19/2011 - 17:46:09: [amxbans.amxx] [Amxbans] Query failed!
L 10/19/2011 - 17:46:09: [amxbans.amxx] [Amxbans] Threaded query error, location: 18
L 10/19/2011 - 17:46:09: [amxbans.amxx] [Amxbans] Message: You have an error in your SQL syntax; check the manual that corresponds to your MySQL server version for the right syntax to use near ''amxba' at line 1 (1064)
L 10/19/2011 - 17:46:09: [amxbans.amxx] [Amxbans] Query statement: 
L 10/19/2011 - 17:46:09: [amxbans.amxx] [Amxbans] Query failed!
L 10/19/2011 - 17:46:09: [amxbans.amxx] [Amxbans] Threaded query error, location: 18
L 10/19/2011 - 17:46:09: [amxbans.amxx] [Amxbans] Message: You have an error in your SQL syntax; check the manual that corresponds to your MySQL server version for the right syntax to use near ''amxb' at line 1 (1064)
L 10/19/2011 - 17:46:09: [amxbans.amxx] [Amxbans] Query statement: 
L 10/19/2011 - 17:46:09: [amxbans.amxx] [Amxbans] Query failed!
L 10/19/2011 - 17:46:09: [amxbans.amxx] [Amxbans] Threaded query error, location: 18
L 10/19/2011 - 17:46:09: [amxbans.amxx] [Amxbans] Message: You have an error in your SQL syntax; check the manual that corresponds to your MySQL server version for the right syntax to use near ''amxban' at line 1 (1064)
L 10/19/2011 - 17:46:09: [amxbans.amxx] [Amxbans] Query statement: 
L 10/19/2011 - 17:46:10: [amxbans.amxx] [Amxbans] Query failed!
L 10/19/2011 - 17:46:10: [amxbans.amxx] [Amxbans] Threaded query error, location: 18
L 10/19/2011 - 17:46:10: [amxbans.amxx] [Amxbans] Message: You have an error in your SQL syntax; check the manual that corresponds to your MySQL server version for the right syntax to use near ''Bantime e' at line 1 (1064)
L 10/19/2011 - 17:46:10: [amxbans.amxx] [Amxbans] Query statement: 
L 10/19/2011 - 17:46:11: [amxbans.amxx] [Amxbans] Query failed!
L 10/19/2011 - 17:46:11: [amxbans.amxx] [Amxbans] Threaded query error, location: 18
L 10/19/2011 - 17:46:11: [amxbans.amxx] [Amxbans] Message: You have an error in your SQL syntax; check the manual that corresponds to your MySQL server version for the right syntax to use near ''Bantime e' at line 1 (1064)
L 10/19/2011 - 17:46:11: [amxbans.amxx] [Amxbans] Query statement: 
L 10/19/2011 - 17:46:22: [amxbans.amxx] [Amxbans] Query failed!
L 10/19/2011 - 17:46:22: [amxbans.amxx] [Amxbans] Threaded query error, location: 18
L 10/19/2011 - 17:46:22: [amxbans.amxx] [Amxbans] Message: You have an error in your SQL syntax; check the manual that corresponds to your MySQL server version for the right syntax to use near ''amxba' at line 1 (1064)
L 10/19/2011 - 17:46:22: [amxbans.amxx] [Amxbans] Query statement: 
L 10/19/2011 - 17:57:38: [amxbans.amxx] [Amxbans] Query failed!
L 10/19/2011 - 17:57:38: [amxbans.amxx] [Amxbans] Threaded query error, location: 18
L 10/19/2011 - 17:57:38: [amxbans.amxx] [Amxbans] Message: You have an error in your SQL syntax; check the manual that corresponds to your MySQL server version for the right syntax to use near ''Bantime e' at line 1 (1064)
L 10/19/2011 - 17:57:38: [amxbans.amxx] [Amxbans] Query statement: 
L 10/19/2011 - 18:00:53: [amxbans.amxx] [Amxbans] Query failed!
L 10/19/2011 - 18:00:53: [amxbans.amxx] [Amxbans] Threaded query error, location: 18
L 10/19/2011 - 18:00:53: [amxbans.amxx] [Amxbans] Message: You have an error in your SQL syntax; check the manual that corresponds to your MySQL server version for the right syntax to use near ''amxba' at line 1 (1064)
L 10/19/2011 - 18:00:53: [amxbans.amxx] [Amxbans] Query statement: 
L 10/19/2011 - 18:05:59: -------- Mapchange to zm_caca --------
L 10/19/2011 - 18:06:01: [amxbans.amxx] [AMXBANS] AMXBans 5.0 is online
L 10/19/2011 - 18:06:08: [amxbans.amxx] [Amxbans] Query failed!
L 10/19/2011 - 18:06:08: [amxbans.amxx] [Amxbans] Threaded query error, location: 18
L 10/19/2011 - 18:06:08: [amxbans.amxx] [Amxbans] Message: You have an error in your SQL syntax; check the manual that corresponds to your MySQL server version for the right syntax to use near ''amxb' at line 1 (1064)
L 10/19/2011 - 18:06:08: [amxbans.amxx] [Amxbans] Query statement: 
L 10/19/2011 - 18:06:08: [amxbans.amxx] [Amxbans] Query failed!
L 10/19/2011 - 18:06:08: [amxbans.amxx] [Amxbans] Threaded query error, location: 18
L 10/19/2011 - 18:06:08: [amxbans.amxx] [Amxbans] Message: You have an error in your SQL syntax; check the manual that corresponds to your MySQL server version for the right syntax to use near ''amxban' at line 1 (1064)
L 10/19/2011 - 18:06:08: [amxbans.amxx] [Amxbans] Query statement: 
L 10/19/2011 - 18:06:08: [amxbans.amxx] [Amxbans] Query failed!
L 10/19/2011 - 18:06:08: [amxbans.amxx] [Amxbans] Threaded query error, location: 18
L 10/19/2011 - 18:06:08: [amxbans.amxx] [Amxbans] Message: You have an error in your SQL syntax; check the manual that corresponds to your MySQL server version for the right syntax to use near ''Bantime e' at line 1 (1064)
L 10/19/2011 - 18:06:08: [amxbans.amxx] [Amxbans] Query statement: 
L 10/19/2011 - 18:06:09: [amxbans.amxx] [Amxbans] Query failed!
L 10/19/2011 - 18:06:09: [amxbans.amxx] [Amxbans] Threaded query error, location: 18
L 10/19/2011 - 18:06:09: [amxbans.amxx] [Amxbans] Message: You have an error in your SQL syntax; check the manual that corresponds to your MySQL server version for the right syntax to use near ''amxba' at line 1 (1064)
L 10/19/2011 - 18:06:09: [amxbans.amxx] [Amxbans] Query statement: 
L 10/19/2011 - 18:06:09: [amxbans.amxx] [Amxbans] Query failed!
L 10/19/2011 - 18:06:09: [amxbans.amxx] [Amxbans] Threaded query error, location: 18
L 10/19/2011 - 18:06:09: [amxbans.amxx] [Amxbans] Message: You have an error in your SQL syntax; check the manual that corresponds to your MySQL server version for the right syntax to use near ''Bantime e' at line 1 (1064)
L 10/19/2011 - 18:06:09: [amxbans.amxx] [Amxbans] Query statement: 
L 10/19/2011 - 18:06:14: [amxbans.amxx] [Amxbans] Query failed!
L 10/19/2011 - 18:06:14: [amxbans.amxx] [Amxbans] Threaded query error, location: 18
L 10/19/2011 - 18:06:14: [amxbans.amxx] [Amxbans] Message: You have an error in your SQL syntax; check the manual that corresponds to your MySQL server version for the right syntax to use near ''Bantime e' at line 1 (1064)
L 10/19/2011 - 18:06:14: [amxbans.amxx] [Amxbans] Query statement: 
L 10/19/2011 - 18:12:21: [admin_amxbans.amxx] Login: "Drey<653><STEAM_0:0:41300771><>" became an admin (account "Drey") (access "t") (address "89.222.180.227")
L 10/19/2011 - 18:13:23: [amxbans.amxx] [Amxbans] Query failed!
L 10/19/2011 - 18:13:23: [amxbans.amxx] [Amxbans] Threaded query error, location: 18
L 10/19/2011 - 18:13:23: [amxbans.amxx] [Amxbans] Message: You have an error in your SQL syntax; check the manual that corresponds to your MySQL server version for the right syntax to use near ''amxban' at line 1 (1064)
L 10/19/2011 - 18:13:23: [amxbans.amxx] [Amxbans] Query statement: 
L 10/19/2011 - 18:26:40: -------- Mapchange to zm_303 --------
L 10/19/2011 - 18:26:41: [admin_amxbans.amxx] Login: "Drey<653><STEAM_0:0:41300771><>" became an admin (account "Drey") (access "t") (address "89.222.180.227")
L 10/19/2011 - 18:26:42: [amxbans.amxx] [AMXBANS] AMXBans 5.0 is online
L 10/19/2011 - 18:26:49: [amxbans.amxx] [Amxbans] Query failed!
L 10/19/2011 - 18:26:49: [amxbans.amxx] [Amxbans] Threaded query error, location: 18
L 10/19/2011 - 18:26:49: [amxbans.amxx] [Amxbans] Message: You have an error in your SQL syntax; check the manual that corresponds to your MySQL server version for the right syntax to use near ''amxb' at line 1 (1064)
L 10/19/2011 - 18:26:49: [amxbans.amxx] [Amxbans] Query statement: 
L 10/19/2011 - 18:26:49: [amxbans.amxx] [Amxbans] Query failed!
L 10/19/2011 - 18:26:49: [amxbans.amxx] [Amxbans] Threaded query error, location: 18
L 10/19/2011 - 18:26:49: [amxbans.amxx] [Amxbans] Message: You have an error in your SQL syntax; check the manual that corresponds to your MySQL server version for the right syntax to use near ''amxban' at line 1 (1064)
L 10/19/2011 - 18:26:49: [amxbans.amxx] [Amxbans] Query statement: 
L 10/19/2011 - 18:26:50: [amxbans.amxx] [Amxbans] Query failed!
L 10/19/2011 - 18:26:50: [amxbans.amxx] [Amxbans] Threaded query error, location: 18
L 10/19/2011 - 18:26:50: [amxbans.amxx] [Amxbans] Message: You have an error in your SQL syntax; check the manual that corresponds to your MySQL server version for the right syntax to use near ''Bantime e' at line 1 (1064)
L 10/19/2011 - 18:26:50: [amxbans.amxx] [Amxbans] Query statement: 
L 10/19/2011 - 18:26:51: [amxbans.amxx] [Amxbans] Query failed!
L 10/19/2011 - 18:26:51: [amxbans.amxx] [Amxbans] Threaded query error, location: 18
L 10/19/2011 - 18:26:51: [amxbans.amxx] [Amxbans] Message: You have an error in your SQL syntax; check the manual that corresponds to your MySQL server version for the right syntax to use near ''amxba' at line 1 (1064)
L 10/19/2011 - 18:26:51: [amxbans.amxx] [Amxbans] Query statement: 
L 10/19/2011 - 18:26:51: [amxbans.amxx] [Amxbans] Query failed!
L 10/19/2011 - 18:26:51: [amxbans.amxx] [Amxbans] Threaded query error, location: 18
L 10/19/2011 - 18:26:51: [amxbans.amxx] [Amxbans] Message: You have an error in your SQL syntax; check the manual that corresponds to your MySQL server version for the right syntax to use near ''amxb' at line 1 (1064)
L 10/19/2011 - 18:26:51: [amxbans.amxx] [Amxbans] Query statement: 
L 10/19/2011 - 18:28:19: [amxbans.amxx] [Amxbans] Query failed!
L 10/19/2011 - 18:28:19: [amxbans.amxx] [Amxbans] Threaded query error, location: 18
L 10/19/2011 - 18:28:19: [amxbans.amxx] [Amxbans] Message: You have an error in your SQL syntax; check the manual that corresponds to your MySQL server version for the right syntax to use near ''Bantime e' at line 1 (1064)
L 10/19/2011 - 18:28:19: [amxbans.amxx] [Amxbans] Query statement: 
L 10/19/2011 - 18:31:32: [amxbans.amxx] [Amxbans] Query failed!
L 10/19/2011 - 18:31:32: [amxbans.amxx] [Amxbans] Threaded query error, location: 18
L 10/19/2011 - 18:31:32: [amxbans.amxx] [Amxbans] Message: You have an error in your SQL syntax; check the manual that corresponds to your MySQL server version for the right syntax to use near ''amxban' at line 1 (1064)
L 10/19/2011 - 18:31:32: [amxbans.amxx] [Amxbans] Query statement: 
L 10/19/2011 - 18:47:26: -------- Mapchange to zm_dwarf --------
L 10/19/2011 - 18:47:27: [admin_amxbans.amxx] Login: "Drey<653><STEAM_0:0:41300771><>" became an admin (account "Drey") (access "t") (address "89.222.180.227")
L 10/19/2011 - 18:47:27: [amxbans.amxx] [AMXBANS] AMXBans 5.0 is online
L 10/19/2011 - 18:47:35: [amxbans.amxx] [Amxbans] Query failed!
L 10/19/2011 - 18:47:35: [amxbans.amxx] [Amxbans] Threaded query error, location: 18
L 10/19/2011 - 18:47:35: [amxbans.amxx] [Amxbans] Message: You have an error in your SQL syntax; check the manual that corresponds to your MySQL server version for the right syntax to use near ''Bantime e' at line 1 (1064)
L 10/19/2011 - 18:47:35: [amxbans.amxx] [Amxbans] Query statement: 
L 10/19/2011 - 18:47:35: [amxbans.amxx] [Amxbans] Query failed!
L 10/19/2011 - 18:47:35: [amxbans.amxx] [Amxbans] Threaded query error, location: 18
L 10/19/2011 - 18:47:35: [amxbans.amxx] [Amxbans] Message: You have an error in your SQL syntax; check the manual that corresponds to your MySQL server version for the right syntax to use near ''amxba' at line 1 (1064)
L 10/19/2011 - 18:47:35: [amxbans.amxx] [Amxbans] Query statement: 
L 10/19/2011 - 19:08:16: -------- Mapchange to zm_cpl_mill_kamp --------
L 10/19/2011 - 19:08:17: [admin_amxbans.amxx] Login: "Drey<653><STEAM_0:0:41300771><>" became an admin (account "Drey") (access "t") (address "89.222.180.227")
L 10/19/2011 - 19:08:17: [amxbans.amxx] [AMXBANS] AMXBans 5.0 is online
L 10/19/2011 - 19:08:25: [amxbans.amxx] [Amxbans] Query failed!
L 10/19/2011 - 19:08:25: [amxbans.amxx] [Amxbans] Threaded query error, location: 18
L 10/19/2011 - 19:08:25: [amxbans.amxx] [Amxbans] Message: You have an error in your SQL syntax; check the manual that corresponds to your MySQL server version for the right syntax to use near ''amxba' at line 1 (1064)
L 10/19/2011 - 19:08:25: [amxbans.amxx] [Amxbans] Query statement: 
L 10/19/2011 - 19:08:25: [amxbans.amxx] [Amxbans] Query failed!
L 10/19/2011 - 19:08:25: [amxbans.amxx] [Amxbans] Threaded query error, location: 18
L 10/19/2011 - 19:08:25: [amxbans.amxx] [Amxbans] Message: You have an error in your SQL syntax; check the manual that corresponds to your MySQL server version for the right syntax to use near ''Bantime e' at line 1 (1064)
L 10/19/2011 - 19:08:25: [amxbans.amxx] [Amxbans] Query statement: 
L 10/19/2011 - 19:08:43: [amxbans.amxx] [Amxbans] Query failed!
L 10/19/2011 - 19:08:43: [amxbans.amxx] [Amxbans] Threaded query error, location: 18
L 10/19/2011 - 19:08:43: [amxbans.amxx] [Amxbans] Message: You have an error in your SQL syntax; check the manual that corresponds to your MySQL server version for the right syntax to use near ''amxban' at line 1 (1064)
L 10/19/2011 - 19:08:43: [amxbans.amxx] [Amxbans] Query statement: 
L 10/19/2011 - 19:28:48: -------- Mapchange to 016 --------
L 10/19/2011 - 19:28:48: [admin_amxbans.amxx] Login: "Drey<653><STEAM_0:0:41300771><>" became an admin (account "Drey") (access "t") (address "89.222.180.227")
L 10/19/2011 - 19:28:49: [amxbans.amxx] [AMXBANS] AMXBans 5.0 is online
L 10/19/2011 - 19:28:56: [amxbans.amxx] [Amxbans] Query failed!
L 10/19/2011 - 19:28:56: [amxbans.amxx] [Amxbans] Threaded query error, location: 18
L 10/19/2011 - 19:28:56: [amxbans.amxx] [Amxbans] Message: You have an error in your SQL syntax; check the manual that corresponds to your MySQL server version for the right syntax to use near ''amxba' at line 1 (1064)
L 10/19/2011 - 19:28:56: [amxbans.amxx] [Amxbans] Query statement: 
L 10/19/2011 - 19:45:36: [amxbans.amxx] [Amxbans] Query failed!
L 10/19/2011 - 19:45:36: [amxbans.amxx] [Amxbans] Threaded query error, location: 18
L 10/19/2011 - 19:45:36: [amxbans.amxx] [Amxbans] Message: You have an error in your SQL syntax; check the manual that corresponds to your MySQL server version for the right syntax to use near ''amxba' at line 1 (1064)
L 10/19/2011 - 19:45:36: [amxbans.amxx] [Amxbans] Query statement: 
L 10/19/2011 - 19:52:19: [admin_amxbans.amxx] Login: "|228| 6yJIb6aIII<754><STEAM_0:0:1292803525><>" became an admin (account "|228| 6yJIb6aIII") (access "t") (address "178.123.233.246")
L 10/19/2011 - 19:53:41: [amxbans.amxx] [Amxbans] Query failed!
L 10/19/2011 - 19:53:41: [amxbans.amxx] [Amxbans] Threaded query error, location: 18
L 10/19/2011 - 19:53:41: [amxbans.amxx] [Amxbans] Message: You have an error in your SQL syntax; check the manual that corresponds to your MySQL server version for the right syntax to use near ''amxb' at line 1 (1064)
L 10/19/2011 - 19:53:41: [amxbans.amxx] [Amxbans] Query statement: 
L 10/19/2011 - 19:55:48: [voteban.amxx] Voteban starter |228| 6yJIb6aIII against Radon 98[rus] STEAM_0:0:1946360399
L 10/19/2011 - 19:56:04: [voteban.amxx] [AMXX] BANNED: Radon 98[rus], STARTER: |228| 6yJIb6aIII
L 10/19/2011 - 19:56:05: [amxbans.amxx]  Зомби сервер (x_x(O_o)x_x) Go Zombie !!!<0><><> banned Radon 98[rus]<STEAM_0:0:1946360399> for 15 minutes (15 minutes). Reason: VIP->|228| 6yJIb6aIII.
L 10/19/2011 - 19:56:42: [amxbans.amxx] [Amxbans] Query failed!
L 10/19/2011 - 19:56:42: [amxbans.amxx] [Amxbans] Threaded query error, location: 18
L 10/19/2011 - 19:56:42: [amxbans.amxx] [Amxbans] Message: You have an error in your SQL syntax; check the manual that corresponds to your MySQL server version for the right syntax to use near ''amxb' at line 1 (1064)
L 10/19/2011 - 19:56:42: [amxbans.amxx] [Amxbans] Query statement: 
L 10/19/2011 - 19:58:54: -------- Mapchange to zm_neris --------
L 10/19/2011 - 19:58:55: [admin_amxbans.amxx] Login: "|228| 6yJIb6aIII<754><STEAM_0:0:1292803525><>" became an admin (account "|228| 6yJIb6aIII") (access "t") (address "178.123.233.246")
L 10/19/2011 - 19:58:56: [amxbans.amxx] [AMXBANS] AMXBans 5.0 is online
L 10/19/2011 - 19:59:03: [amxbans.amxx] [Amxbans] Query failed!
L 10/19/2011 - 19:59:03: [amxbans.amxx] [Amxbans] Threaded query error, location: 18
L 10/19/2011 - 19:59:03: [amxbans.amxx] [Amxbans] Message: You have an error in your SQL syntax; check the manual that corresponds to your MySQL server version for the right syntax to use near ''amxb' at line 1 (1064)
L 10/19/2011 - 19:59:03: [amxbans.amxx] [Amxbans] Query statement: 
L 10/19/2011 - 19:59:03: [amxbans.amxx] [Amxbans] Query failed!
L 10/19/2011 - 19:59:03: [amxbans.amxx] [Amxbans] Threaded query error, location: 18
L 10/19/2011 - 19:59:03: [amxbans.amxx] [Amxbans] Message: You have an error in your SQL syntax; check the manual that corresponds to your MySQL server version for the right syntax to use near ''amxba' at line 1 (1064)
L 10/19/2011 - 19:59:03: [amxbans.amxx] [Amxbans] Query statement: 
L 10/19/2011 - 19:59:03: [amxbans.amxx] [Amxbans] Query failed!
L 10/19/2011 - 19:59:03: [amxbans.amxx] [Amxbans] Threaded query error, location: 18
L 10/19/2011 - 19:59:03: [amxbans.amxx] [Amxbans] Message: You have an error in your SQL syntax; check the manual that corresponds to your MySQL server version for the right syntax to use near ''amxb' at line 1 (1064)
L 10/19/2011 - 19:59:03: [amxbans.amxx] [Amxbans] Query statement: 
L 10/19/2011 - 19:59:04: [amxbans.amxx] [Amxbans] Query failed!
L 10/19/2011 - 19:59:04: [amxbans.amxx] [Amxbans] Threaded query error, location: 18
L 10/19/2011 - 19:59:04: [amxbans.amxx] [Amxbans] Message: You have an error in your SQL syntax; check the manual that corresponds to your MySQL server version for the right syntax to use near ''amxba' at line 1 (1064)
L 10/19/2011 - 19:59:04: [amxbans.amxx] [Amxbans] Query statement: 
L 10/19/2011 - 19:59:05: [amxbans.amxx] [Amxbans] Query failed!
L 10/19/2011 - 19:59:05: [amxbans.amxx] [Amxbans] Threaded query error, location: 18
L 10/19/2011 - 19:59:05: [amxbans.amxx] [Amxbans] Message: You have an error in your SQL syntax; check the manual that corresponds to your MySQL server version for the right syntax to use near ''amxb' at line 1 (1064)
L 10/19/2011 - 19:59:05: [amxbans.amxx] [Amxbans] Query statement: 
L 10/19/2011 - 20:08:12: [voteban.amxx] Voteban starter |228| 6yJIb6aIII against <<<<[R.E.D.E.M.A.X. P.R.O.]>>>> STEAM_0:0:245971539
L 10/19/2011 - 20:08:27: [voteban.amxx] [AMXX] BANNED: <<<<[R.E.D.E.M.A.X. P.R.O.]>>>>, STARTER: |228| 6yJIb6aIII
L 10/19/2011 - 20:21:20: -------- Mapchange to ze_egypt --------
L 10/19/2011 - 20:21:21: [admin_amxbans.amxx] Login: "|228| 6yJIb6aIII<754><STEAM_0:0:1292803525><>" became an admin (account "|228| 6yJIb6aIII") (access "t") (address "178.123.233.246")
L 10/19/2011 - 20:21:22: [amxbans.amxx] [AMXBANS] AMXBans 5.0 is online
L 10/19/2011 - 20:21:28: [amxbans.amxx] [Amxbans] Query failed!
L 10/19/2011 - 20:21:28: [amxbans.amxx] [Amxbans] Threaded query error, location: 18
L 10/19/2011 - 20:21:28: [amxbans.amxx] [Amxbans] Message: You have an error in your SQL syntax; check the manual that corresponds to your MySQL server version for the right syntax to use near ''amxba' at line 1 (1064)
L 10/19/2011 - 20:21:28: [amxbans.amxx] [Amxbans] Query statement: 
L 10/19/2011 - 20:21:28: [admin_amxbans.amxx] Login: "|228| 6yJIb6aIII<810><STEAM_0:0:1292803525><>" became an admin (account "|228| 6yJIb6aIII") (access "t") (address "178.123.233.246")
L 10/19/2011 - 20:21:30: [amxbans.amxx] [Amxbans] Query failed!
L 10/19/2011 - 20:21:30: [amxbans.amxx] [Amxbans] Threaded query error, location: 18
L 10/19/2011 - 20:21:30: [amxbans.amxx] [Amxbans] Message: You have an error in your SQL syntax; check the manual that corresponds to your MySQL server version for the right syntax to use near ''amxb' at line 1 (1064)
L 10/19/2011 - 20:21:30: [amxbans.amxx] [Amxbans] Query statement: 
L 10/19/2011 - 20:21:31: [amxbans.amxx] [Amxbans] Query failed!
L 10/19/2011 - 20:21:31: [amxbans.amxx] [Amxbans] Threaded query error, location: 18
L 10/19/2011 - 20:21:31: [amxbans.amxx] [Amxbans] Message: You have an error in your SQL syntax; check the manual that corresponds to your MySQL server version for the right syntax to use near ''amxba' at line 1 (1064)
L 10/19/2011 - 20:21:31: [amxbans.amxx] [Amxbans] Query statement: 
L 10/19/2011 - 20:21:33: [amxbans.amxx] [Amxbans] Query failed!
L 10/19/2011 - 20:21:33: [amxbans.amxx] [Amxbans] Threaded query error, location: 18
L 10/19/2011 - 20:21:33: [amxbans.amxx] [Amxbans] Message: You have an error in your SQL syntax; check the manual that corresponds to your MySQL server version for the right syntax to use near ''amxba' at line 1 (1064)
L 10/19/2011 - 20:21:33: [amxbans.amxx] [Amxbans] Query statement: 
L 10/19/2011 - 20:21:33: [amxbans.amxx] [Amxbans] Query failed!
L 10/19/2011 - 20:21:33: [amxbans.amxx] [Amxbans] Threaded query error, location: 18
L 10/19/2011 - 20:21:33: [amxbans.amxx] [Amxbans] Message: You have an error in your SQL syntax; check the manual that corresponds to your MySQL server version for the right syntax to use near ''amxb' at line 1 (1064)
L 10/19/2011 - 20:21:33: [amxbans.amxx] [Amxbans] Query statement: 
L 10/19/2011 - 20:21:34: [amxbans.amxx] [Amxbans] Query failed!
L 10/19/2011 - 20:21:34: [amxbans.amxx] [Amxbans] Threaded query error, location: 18
L 10/19/2011 - 20:21:34: [amxbans.amxx] [Amxbans] Message: You have an error in your SQL syntax; check the manual that corresponds to your MySQL server version for the right syntax to use near ''amxba' at line 1 (1064)
L 10/19/2011 - 20:21:34: [amxbans.amxx] [Amxbans] Query statement: 
L 10/19/2011 - 20:36:34: -------- Mapchange to zm_alfresco_v2 --------
L 10/19/2011 - 20:36:35: [admin_amxbans.amxx] Login: "|228| 6yJIb6aIII<810><STEAM_0:0:1292803525><>" became an admin (account "|228| 6yJIb6aIII") (access "t") (address "178.123.233.246")
L 10/19/2011 - 20:36:36: [amxbans.amxx] [AMXBANS] AMXBans 5.0 is online
L 10/19/2011 - 20:36:41: [amxbans.amxx] [Amxbans] Query failed!
L 10/19/2011 - 20:36:41: [amxbans.amxx] [Amxbans] Threaded query error, location: 18
L 10/19/2011 - 20:36:41: [amxbans.amxx] [Amxbans] Message: You have an error in your SQL syntax; check the manual that corresponds to your MySQL server version for the right syntax to use near ''amxb' at line 1 (1064)
L 10/19/2011 - 20:36:41: [amxbans.amxx] [Amxbans] Query statement: 
L 10/19/2011 - 20:36:42: [amxbans.amxx] [Amxbans] Query failed!
L 10/19/2011 - 20:36:42: [amxbans.amxx] [Amxbans] Threaded query error, location: 18
L 10/19/2011 - 20:36:42: [amxbans.amxx] [Amxbans] Message: You have an error in your SQL syntax; check the manual that corresponds to your MySQL server version for the right syntax to use near ''amxba' at line 1 (1064)
L 10/19/2011 - 20:36:42: [amxbans.amxx] [Amxbans] Query statement: 
L 10/19/2011 - 20:37:28: [amxbans.amxx] [Amxbans] Query failed!
L 10/19/2011 - 20:37:28: [amxbans.amxx] [Amxbans] Threaded query error, location: 18
L 10/19/2011 - 20:37:28: [amxbans.amxx] [Amxbans] Message: You have an error in your SQL syntax; check the manual that corresponds to your MySQL server version for the right syntax to use near ''amxba' at line 1 (1064)
L 10/19/2011 - 20:37:28: [amxbans.amxx] [Amxbans] Query statement: 
L 10/19/2011 - 20:58:52: -------- Mapchange to ze_jurassicpark --------
L 10/19/2011 - 20:58:54: [amxbans.amxx] [AMXBANS] AMXBans 5.0 is online
L 10/19/2011 - 20:59:00: [amxbans.amxx] [Amxbans] Query failed!
L 10/19/2011 - 20:59:00: [amxbans.amxx] [Amxbans] Threaded query error, location: 18
L 10/19/2011 - 20:59:00: [amxbans.amxx] [Amxbans] Message: You have an error in your SQL syntax; check the manual that corresponds to your MySQL server version for the right syntax to use near ''amxba' at line 1 (1064)
L 10/19/2011 - 20:59:00: [amxbans.amxx] [Amxbans] Query statement: 
L 10/19/2011 - 21:16:14: -------- Mapchange to zm_666_brick --------
L 10/19/2011 - 21:16:16: [amxbans.amxx] [AMXBANS] AMXBans 5.0 is online
L 10/19/2011 - 21:16:23: [amxbans.amxx] [Amxbans] Query failed!
L 10/19/2011 - 21:16:23: [amxbans.amxx] [Amxbans] Threaded query error, location: 18
L 10/19/2011 - 21:16:23: [amxbans.amxx] [Amxbans] Message: You have an error in your SQL syntax; check the manual that corresponds to your MySQL server version for the right syntax to use near ''amxba' at line 1 (1064)
L 10/19/2011 - 21:16:23: [amxbans.amxx] [Amxbans] Query statement: 
L 10/19/2011 - 21:18:19: [admin_amxbans.amxx] Login: "Lenusjka<903><STEAM_0:4:1429483121><>" became an admin (account "Lenusjka") (access "eqt") (address "91.190.52.3")
L 10/19/2011 - 21:44:21: [admin_amxbans.amxx] Login: "Narkot1k<919><STEAM_0:0:1229353360><>" became an admin (account "Narkot1k") (access "t") (address "95.220.110.74")
L 10/19/2011 - 21:47:12: -------- Mapchange to zm_303 --------
L 10/19/2011 - 21:47:13: [admin_amxbans.amxx] Login: "Lenusjka<903><STEAM_0:4:1429483121><>" became an admin (account "Lenusjka") (access "eqt") (address "91.190.52.3")
L 10/19/2011 - 21:47:13: [admin_amxbans.amxx] Login: "Narkot1k<919><STEAM_0:0:1229353360><>" became an admin (account "Narkot1k") (access "t") (address "95.220.110.74")
L 10/19/2011 - 21:47:14: [amxbans.amxx] [AMXBANS] AMXBans 5.0 is online
L 10/19/2011 - 21:47:21: [amxbans.amxx] [Amxbans] Query failed!
L 10/19/2011 - 21:47:21: [amxbans.amxx] [Amxbans] Threaded query error, location: 18
L 10/19/2011 - 21:47:21: [amxbans.amxx] [Amxbans] Message: You have an error in your SQL syntax; check the manual that corresponds to your MySQL server version for the right syntax to use near ''amxba' at line 1 (1064)
L 10/19/2011 - 21:47:21: [amxbans.amxx] [Amxbans] Query statement: 
L 10/19/2011 - 22:07:37: -------- Mapchange to zm_decline2k --------
L 10/19/2011 - 22:07:38: [admin_amxbans.amxx] Login: "Narkot1k<919><STEAM_0:0:1229353360><>" became an admin (account "Narkot1k") (access "t") (address "95.220.110.74")
L 10/19/2011 - 22:07:38: [admin_amxbans.amxx] Login: "Lenusjka<903><STEAM_0:4:1429483121><>" became an admin (account "Lenusjka") (access "eqt") (address "91.190.52.3")
L 10/19/2011 - 22:07:39: [amxbans.amxx] [AMXBANS] AMXBans 5.0 is online
L 10/19/2011 - 22:07:46: [amxbans.amxx] [Amxbans] Query failed!
L 10/19/2011 - 22:07:46: [amxbans.amxx] [Amxbans] Threaded query error, location: 18
L 10/19/2011 - 22:07:46: [amxbans.amxx] [Amxbans] Message: You have an error in your SQL syntax; check the manual that corresponds to your MySQL server version for the right syntax to use near ''amxba' at line 1 (1064)
L 10/19/2011 - 22:07:46: [amxbans.amxx] [Amxbans] Query statement: 
L 10/19/2011 - 22:09:22: [voteban.amxx] Voteban starter Lenusjka against C~32~mox STEAM_0:1:42811950
L 10/19/2011 - 22:09:37: [voteban.amxx] [AMXX] BANNED: C~32~mox, STARTER: Lenusjka
L 10/19/2011 - 22:09:38: [amxbans.amxx]  Зомби сервер (x_x(O_o)x_x) Go Zombie !!!<0><><> banned C~32~mox<STEAM_0:1:42811950> for 15 minutes (15 minutes). Reason: VIP->Lenusjka.
L 10/19/2011 - 22:17:17: [amxbans.amxx] [Amxbans] Query failed!
L 10/19/2011 - 22:17:17: [amxbans.amxx] [Amxbans] Threaded query error, location: 18
L 10/19/2011 - 22:17:17: [amxbans.amxx] [Amxbans] Message: You have an error in your SQL syntax; check the manual that corresponds to your MySQL server version for the right syntax to use near ''amxban' at line 1 (1064)
L 10/19/2011 - 22:17:17: [amxbans.amxx] [Amxbans] Query statement: 
L 10/19/2011 - 22:20:46: [amxbans.amxx] [Amxbans] Query failed!
L 10/19/2011 - 22:20:46: [amxbans.amxx] [Amxbans] Threaded query error, location: 18
L 10/19/2011 - 22:20:46: [amxbans.amxx] [Amxbans] Message: You have an error in your SQL syntax; check the manual that corresponds to your MySQL server version for the right syntax to use near ''amxban' at line 1 (1064)
L 10/19/2011 - 22:20:46: [amxbans.amxx] [Amxbans] Query statement: 
L 10/19/2011 - 22:27:57: [voteban.amxx] Voteban starter Narkot1k against C~32~mox STEAM_0:1:42811950
L 10/19/2011 - 22:28:12: [voteban.amxx] [AMXX] BANNED: C~32~mox, STARTER: Narkot1k
L 10/19/2011 - 22:28:13: [amxbans.amxx]  Зомби сервер (x_x(O_o)x_x) Go Zombie !!!<0><><> banned C~32~mox<STEAM_0:1:42811950> for 15 minutes (15 minutes). Reason: VIP->Narkot1k.
L 10/19/2011 - 22:29:21: -------- Mapchange to zm_dust_brick_b1_fx --------
L 10/19/2011 - 22:29:22: [admin_amxbans.amxx] Login: "Narkot1k<919><STEAM_0:0:1229353360><>" became an admin (account "Narkot1k") (access "t") (address "95.220.110.74")
L 10/19/2011 - 22:29:22: [admin_amxbans.amxx] Login: "Narkot1k<919><STEAM_0:0:1229353360><>" became an admin (account "Narkot1k") (access "t") (address "95.220.110.74")
L 10/19/2011 - 22:29:23: [amxbans.amxx] [AMXBANS] AMXBans 5.0 is online
L 10/19/2011 - 22:29:29: [amxbans.amxx] [Amxbans] Query failed!
L 10/19/2011 - 22:29:29: [amxbans.amxx] [Amxbans] Threaded query error, location: 18
L 10/19/2011 - 22:29:29: [amxbans.amxx] [Amxbans] Message: You have an error in your SQL syntax; check the manual that corresponds to your MySQL server version for the right syntax to use near ''amxba' at line 1 (1064)
L 10/19/2011 - 22:29:29: [amxbans.amxx] [Amxbans] Query statement: 
L 10/19/2011 - 22:29:30: [amxbans.amxx] [Amxbans] Query failed!
L 10/19/2011 - 22:29:30: [amxbans.amxx] [Amxbans] Threaded query error, location: 18
L 10/19/2011 - 22:29:30: [amxbans.amxx] [Amxbans] Message: You have an error in your SQL syntax; check the manual that corresponds to your MySQL server version for the right syntax to use near ''amxban' at line 1 (1064)
L 10/19/2011 - 22:29:30: [amxbans.amxx] [Amxbans] Query statement: 
L 10/19/2011 - 22:29:30: [amxbans.amxx] [Amxbans] Query failed!
L 10/19/2011 - 22:29:30: [amxbans.amxx] [Amxbans] Threaded query error, location: 18
L 10/19/2011 - 22:29:30: [amxbans.amxx] [Amxbans] Message: You have an error in your SQL syntax; check the manual that corresponds to your MySQL server version for the right syntax to use near ''amxban' at line 1 (1064)
L 10/19/2011 - 22:29:30: [amxbans.amxx] [Amxbans] Query statement: 
L 10/19/2011 - 22:51:42: -------- Mapchange to zm_dwarf --------
L 10/19/2011 - 22:51:44: [amxbans.amxx] [AMXBANS] AMXBans 5.0 is online
L 10/19/2011 - 22:51:49: [amxbans.amxx] [Amxbans] Query failed!
L 10/19/2011 - 22:51:49: [amxbans.amxx] [Amxbans] Threaded query error, location: 18
L 10/19/2011 - 22:51:49: [amxbans.amxx] [Amxbans] Message: You have an error in your SQL syntax; check the manual that corresponds to your MySQL server version for the right syntax to use near ''amxba' at line 1 (1064)
L 10/19/2011 - 22:51:49: [amxbans.amxx] [Amxbans] Query statement: 
L 10/19/2011 - 23:01:55: [amxbans.amxx] [Amxbans] Query failed!
L 10/19/2011 - 23:01:55: [amxbans.amxx] [Amxbans] Threaded query error, location: 18
L 10/19/2011 - 23:01:55: [amxbans.amxx] [Amxbans] Message: You have an error in your SQL syntax; check the manual that corresponds to your MySQL server version for the right syntax to use near ''amxbans' at line 1 (1064)
L 10/19/2011 - 23:01:55: [amxbans.amxx] [Amxbans] Query statement: 
L 10/19/2011 - 23:12:52: -------- Mapchange to ze_lift_escape_b5 --------
L 10/19/2011 - 23:12:53: [amxbans.amxx] [AMXBANS] AMXBans 5.0 is online
L 10/19/2011 - 23:12:59: [amxbans.amxx] [Amxbans] Query failed!
L 10/19/2011 - 23:12:59: [amxbans.amxx] [Amxbans] Threaded query error, location: 18
L 10/19/2011 - 23:12:59: [amxbans.amxx] [Amxbans] Message: You have an error in your SQL syntax; check the manual that corresponds to your MySQL server version for the right syntax to use near ''amxbans' at line 1 (1064)
L 10/19/2011 - 23:12:59: [amxbans.amxx] [Amxbans] Query statement: 
L 10/19/2011 - 23:12:59: [amxbans.amxx] [Amxbans] Query failed!
L 10/19/2011 - 23:12:59: [amxbans.amxx] [Amxbans] Threaded query error, location: 18
L 10/19/2011 - 23:12:59: [amxbans.amxx] [Amxbans] Message: You have an error in your SQL syntax; check the manual that corresponds to your MySQL server version for the right syntax to use near ''amxba' at line 1 (1064)
L 10/19/2011 - 23:12:59: [amxbans.amxx] [Amxbans] Query statement: 
L 10/19/2011 - 23:28:31: -------- Mapchange to zm_caca --------
L 10/19/2011 - 23:28:32: [amxbans.amxx] [AMXBANS] AMXBans 5.0 is online
L 10/19/2011 - 23:28:38: [amxbans.amxx] [Amxbans] Query failed!
L 10/19/2011 - 23:28:38: [amxbans.amxx] [Amxbans] Threaded query error, location: 18
L 10/19/2011 - 23:28:38: [amxbans.amxx] [Amxbans] Message: You have an error in your SQL syntax; check the manual that corresponds to your MySQL server version for the right syntax to use near ''amxbans' at line 1 (1064)
L 10/19/2011 - 23:28:38: [amxbans.amxx] [Amxbans] Query statement: 
L 10/19/2011 - 23:28:38: [amxbans.amxx] [Amxbans] Query failed!
L 10/19/2011 - 23:28:38: [amxbans.amxx] [Amxbans] Threaded query error, location: 18
L 10/19/2011 - 23:28:38: [amxbans.amxx] [Amxbans] Message: You have an error in your SQL syntax; check the manual that corresponds to your MySQL server version for the right syntax to use near ''amxba' at line 1 (1064)
L 10/19/2011 - 23:28:38: [amxbans.amxx] [Amxbans] Query statement: 
L 10/19/2011 - 23:40:46: [amxbans.amxx] [Amxbans] Query failed!
L 10/19/2011 - 23:40:46: [amxbans.amxx] [Amxbans] Threaded query error, location: 18
L 10/19/2011 - 23:40:46: [amxbans.amxx] [Amxbans] Message: You have an error in your SQL syntax; check the manual that corresponds to your MySQL server version for the right syntax to use near ''amxba' at line 1 (1064)
L 10/19/2011 - 23:40:46: [amxbans.amxx] [Amxbans] Query statement: 
L 10/19/2011 - 23:51:00: -------- Mapchange to zm_alfresco_v2 --------
L 10/19/2011 - 23:51:02: [amxbans.amxx] [AMXBANS] AMXBans 5.0 is online
L 10/19/2011 - 23:51:05: [amxbans.amxx] [Amxbans] Query failed!
L 10/19/2011 - 23:51:05: [amxbans.amxx] [Amxbans] Threaded query error, location: 18
L 10/19/2011 - 23:51:05: [amxbans.amxx] [Amxbans] Message: You have an error in your SQL syntax; check the manual that corresponds to your MySQL server version for the right syntax to use near ''amxba' at line 1 (1064)
L 10/19/2011 - 23:51:05: [amxbans.amxx] [Amxbans] Query statement: 
L 10/19/2011 - 23:51:06: [amxbans.amxx] [Amxbans] Query failed!
L 10/19/2011 - 23:51:06: [amxbans.amxx] [Amxbans] Threaded query error, location: 18
L 10/19/2011 - 23:51:06: [amxbans.amxx] [Amxbans] Message: You have an error in your SQL syntax; check the manual that corresponds to your MySQL server version for the right syntax to use near ''amxbans' at line 1 (1064)
L 10/19/2011 - 23:51:06: [amxbans.amxx] [Amxbans] Query statement: 
L 10/19/2011 - 23:53:59: [admin_amxbans.amxx] Login: "nucbka<1072><STEAM_0:0:44643826><>" became an admin (account "172.23.65.13") (access "l") (address "172.23.65.13")
