L 09/23/2011 - 00:12:24: -------- Mapchange to ze_train_back_lg --------
L 09/23/2011 - 00:12:26: [amxbans.amxx] [AMXBANS] AMXBans 5.0 is online
L 09/23/2011 - 00:21:23: -------- Mapchange to ze_egypt --------
L 09/23/2011 - 00:21:25: [amxbans.amxx] [AMXBANS] AMXBans 5.0 is online
L 09/23/2011 - 00:31:26: -------- Mapchange to zm_dwarf --------
L 09/23/2011 - 00:31:27: [amxbans.amxx] [AMXBANS] AMXBans 5.0 is online
L 09/23/2011 - 00:49:02: -------- Mapchange to cs_estate --------
L 09/23/2011 - 00:49:04: [amxbans.amxx] [AMXBANS] AMXBans 5.0 is online
L 09/23/2011 - 01:02:39: -------- Mapchange to zm_alfresco_v2 --------
L 09/23/2011 - 01:02:41: [amxbans.amxx] [AMXBANS] AMXBans 5.0 is online
L 09/23/2011 - 01:19:04: -------- Mapchange to cs_estate --------
L 09/23/2011 - 01:19:06: [amxbans.amxx] [AMXBANS] AMXBans 5.0 is online
L 09/23/2011 - 01:37:44: -------- Mapchange to cs_estate --------
L 09/23/2011 - 01:37:47: [amxbans.amxx] [AMXBANS] AMXBans 5.0 is online
L 09/23/2011 - 01:46:07: -------- Mapchange to zm_neris --------
L 09/23/2011 - 01:46:09: [amxbans.amxx] [AMXBANS] AMXBans 5.0 is online
L 09/23/2011 - 01:49:07: -------- Mapchange to cs_estate --------
L 09/23/2011 - 01:49:09: [amxbans.amxx] [AMXBANS] AMXBans 5.0 is online
L 09/23/2011 - 01:59:03: -------- Mapchange to cs_estate --------
L 09/23/2011 - 01:59:05: [amxbans.amxx] [AMXBANS] AMXBans 5.0 is online
L 09/23/2011 - 02:08:59: -------- Mapchange to cs_estate --------
L 09/23/2011 - 02:09:01: [amxbans.amxx] [AMXBANS] AMXBans 5.0 is online
L 09/23/2011 - 02:18:55: -------- Mapchange to cs_estate --------
L 09/23/2011 - 02:18:57: [amxbans.amxx] [AMXBANS] AMXBans 5.0 is online
L 09/23/2011 - 02:28:50: -------- Mapchange to cs_estate --------
L 09/23/2011 - 02:28:53: [amxbans.amxx] [AMXBANS] AMXBans 5.0 is online
L 09/23/2011 - 02:38:46: -------- Mapchange to cs_estate --------
L 09/23/2011 - 02:38:49: [amxbans.amxx] [AMXBANS] AMXBans 5.0 is online
L 09/23/2011 - 02:48:42: -------- Mapchange to cs_estate --------
L 09/23/2011 - 02:48:45: [amxbans.amxx] [AMXBANS] AMXBans 5.0 is online
L 09/23/2011 - 02:58:38: -------- Mapchange to cs_estate --------
L 09/23/2011 - 02:58:41: [amxbans.amxx] [AMXBANS] AMXBans 5.0 is online
L 09/23/2011 - 03:08:34: -------- Mapchange to cs_estate --------
L 09/23/2011 - 03:08:37: [amxbans.amxx] [AMXBANS] AMXBans 5.0 is online
L 09/23/2011 - 03:18:30: -------- Mapchange to cs_estate --------
L 09/23/2011 - 03:18:33: [amxbans.amxx] [AMXBANS] AMXBans 5.0 is online
L 09/23/2011 - 03:28:26: -------- Mapchange to cs_estate --------
L 09/23/2011 - 03:28:29: [amxbans.amxx] [AMXBANS] AMXBans 5.0 is online
L 09/23/2011 - 03:38:22: -------- Mapchange to cs_estate --------
L 09/23/2011 - 03:38:25: [amxbans.amxx] [AMXBANS] AMXBans 5.0 is online
L 09/23/2011 - 03:48:18: -------- Mapchange to cs_estate --------
L 09/23/2011 - 03:48:21: [amxbans.amxx] [AMXBANS] AMXBans 5.0 is online
L 09/23/2011 - 03:58:09: -------- Mapchange to cs_estate --------
L 09/23/2011 - 03:58:11: [amxbans.amxx] [AMXBANS] AMXBans 5.0 is online
L 09/23/2011 - 04:08:05: -------- Mapchange to cs_estate --------
L 09/23/2011 - 04:08:07: [amxbans.amxx] [AMXBANS] AMXBans 5.0 is online
L 09/23/2011 - 04:18:01: -------- Mapchange to cs_estate --------
L 09/23/2011 - 04:18:03: [amxbans.amxx] [AMXBANS] AMXBans 5.0 is online
L 09/23/2011 - 04:27:57: -------- Mapchange to cs_estate --------
L 09/23/2011 - 04:27:59: [amxbans.amxx] [AMXBANS] AMXBans 5.0 is online
L 09/23/2011 - 04:37:52: -------- Mapchange to cs_estate --------
L 09/23/2011 - 04:37:55: [amxbans.amxx] [AMXBANS] AMXBans 5.0 is online
L 09/23/2011 - 04:47:48: -------- Mapchange to cs_estate --------
L 09/23/2011 - 04:47:51: [amxbans.amxx] [AMXBANS] AMXBans 5.0 is online
L 09/23/2011 - 04:57:44: -------- Mapchange to cs_estate --------
L 09/23/2011 - 04:57:47: [amxbans.amxx] [AMXBANS] AMXBans 5.0 is online
L 09/23/2011 - 05:07:40: -------- Mapchange to cs_estate --------
L 09/23/2011 - 05:07:43: [amxbans.amxx] [AMXBANS] AMXBans 5.0 is online
L 09/23/2011 - 05:17:36: -------- Mapchange to cs_estate --------
L 09/23/2011 - 05:17:39: [amxbans.amxx] [AMXBANS] AMXBans 5.0 is online
L 09/23/2011 - 05:27:32: -------- Mapchange to cs_estate --------
L 09/23/2011 - 05:27:35: [amxbans.amxx] [AMXBANS] AMXBans 5.0 is online
L 09/23/2011 - 05:37:28: -------- Mapchange to cs_estate --------
L 09/23/2011 - 05:37:31: [amxbans.amxx] [AMXBANS] AMXBans 5.0 is online
L 09/23/2011 - 05:47:24: -------- Mapchange to cs_estate --------
L 09/23/2011 - 05:47:26: [amxbans.amxx] [AMXBANS] AMXBans 5.0 is online
L 09/23/2011 - 05:57:20: -------- Mapchange to cs_estate --------
L 09/23/2011 - 05:57:22: [amxbans.amxx] [AMXBANS] AMXBans 5.0 is online
L 09/23/2011 - 06:07:16: -------- Mapchange to cs_estate --------
L 09/23/2011 - 06:07:18: [amxbans.amxx] [AMXBANS] AMXBans 5.0 is online
L 09/23/2011 - 06:17:23: -------- Mapchange to zm_dwarf --------
L 09/23/2011 - 06:17:25: [amxbans.amxx] [AMXBANS] AMXBans 5.0 is online
L 09/23/2011 - 06:20:23: -------- Mapchange to cs_estate --------
L 09/23/2011 - 06:20:26: [amxbans.amxx] [AMXBANS] AMXBans 5.0 is online
L 09/23/2011 - 06:30:19: -------- Mapchange to cs_estate --------
L 09/23/2011 - 06:30:22: [amxbans.amxx] [AMXBANS] AMXBans 5.0 is online
L 09/23/2011 - 06:40:15: -------- Mapchange to cs_estate --------
L 09/23/2011 - 06:40:18: [amxbans.amxx] [AMXBANS] AMXBans 5.0 is online
L 09/23/2011 - 06:50:11: -------- Mapchange to cs_estate --------
L 09/23/2011 - 06:50:13: [amxbans.amxx] [AMXBANS] AMXBans 5.0 is online
L 09/23/2011 - 07:00:07: -------- Mapchange to cs_estate --------
L 09/23/2011 - 07:00:09: [amxbans.amxx] [AMXBANS] AMXBans 5.0 is online
L 09/23/2011 - 07:10:03: -------- Mapchange to cs_estate --------
L 09/23/2011 - 07:10:05: [amxbans.amxx] [AMXBANS] AMXBans 5.0 is online
L 09/23/2011 - 07:24:40: -------- Mapchange to 016 --------
L 09/23/2011 - 07:24:42: [amxbans.amxx] [AMXBANS] AMXBans 5.0 is online
L 09/23/2011 - 07:36:13: -------- Mapchange to cs_estate --------
L 09/23/2011 - 07:36:16: [amxbans.amxx] [AMXBANS] AMXBans 5.0 is online
L 09/23/2011 - 07:45:21: -------- Mapchange to zm_dwarf --------
L 09/23/2011 - 07:45:23: [amxbans.amxx] [AMXBANS] AMXBans 5.0 is online
L 09/23/2011 - 07:49:37: -------- Mapchange to cs_estate --------
L 09/23/2011 - 07:49:39: [amxbans.amxx] [AMXBANS] AMXBans 5.0 is online
L 09/23/2011 - 07:57:59: -------- Mapchange to zm_decline2k --------
L 09/23/2011 - 07:58:01: [amxbans.amxx] [AMXBANS] AMXBans 5.0 is online
L 09/23/2011 - 08:00:59: -------- Mapchange to cs_estate --------
L 09/23/2011 - 08:01:02: [amxbans.amxx] [AMXBANS] AMXBans 5.0 is online
L 09/23/2011 - 08:17:55: -------- Mapchange to cs_estate --------
L 09/23/2011 - 08:17:58: [amxbans.amxx] [AMXBANS] AMXBans 5.0 is online
L 09/23/2011 - 08:28:51: -------- Mapchange to zm_303 --------
L 09/23/2011 - 08:28:53: [amxbans.amxx] [AMXBANS] AMXBans 5.0 is online
L 09/23/2011 - 09:22:28: -------- Mapchange to zm_alfresco_v2 --------
L 09/23/2011 - 09:22:30: [amxbans.amxx] [AMXBANS] AMXBans 5.0 is online
L 09/23/2011 - 09:43:18: -------- Mapchange to 016 --------
L 09/23/2011 - 09:43:20: [amxbans.amxx] [AMXBANS] AMXBans 5.0 is online
L 09/23/2011 - 09:58:17: -------- Mapchange to cs_estate --------
L 09/23/2011 - 09:58:20: [amxbans.amxx] [AMXBANS] AMXBans 5.0 is online
L 09/23/2011 - 10:10:43: -------- Mapchange to cs_militia --------
L 09/23/2011 - 10:10:48: [amxbans.amxx] [AMXBANS] AMXBans 5.0 is online
L 09/23/2011 - 10:37:29: -------- Mapchange to ze_egypt --------
L 09/23/2011 - 10:37:31: [amxbans.amxx] [AMXBANS] AMXBans 5.0 is online
L 09/23/2011 - 10:46:52: -------- Mapchange to ze_jurassicpark --------
L 09/23/2011 - 10:46:54: [amxbans.amxx] [AMXBANS] AMXBans 5.0 is online
L 09/23/2011 - 11:07:10: -------- Mapchange to ze_lift_escape_b5 --------
L 09/23/2011 - 11:07:11: [amxbans.amxx] [AMXBANS] AMXBans 5.0 is online
L 09/23/2011 - 11:22:13: -------- Mapchange to zm_666_brick --------
L 09/23/2011 - 11:22:15: [amxbans.amxx] [AMXBANS] AMXBans 5.0 is online
L 09/23/2011 - 11:43:06: -------- Mapchange to zm_caca --------
L 09/23/2011 - 11:43:07: [amxbans.amxx] [AMXBANS] AMXBans 5.0 is online
L 09/23/2011 - 11:52:22: [admin_amxbans.amxx] Login: "Euforia<1577><STEAM_0:0:1365425199><>" became an admin (account "Euforia") (access "t") (address "188.123.245.19")
L 09/23/2011 - 11:52:28: [admin_amxbans.amxx] Login: "Euforia<1578><STEAM_0:0:1365425199><>" became an admin (account "Euforia") (access "t") (address "188.123.245.19")
L 09/23/2011 - 11:56:49: [amxbans.amxx] [Amxbans] Query failed!
L 09/23/2011 - 11:56:49: [amxbans.amxx] [Amxbans] Threaded query error, location: 18
L 09/23/2011 - 11:56:49: [amxbans.amxx] [Amxbans] Message: You have an error in your SQL syntax; check the manual that corresponds to your MySQL server version for the right syntax to use near ''amxb' at line 1 (1064)
L 09/23/2011 - 11:56:49: [amxbans.amxx] [Amxbans] Query statement: 
L 09/23/2011 - 11:57:37: [voteban.amxx] Voteban starter Euforia against <<PRO>> STEAM_0:0:864780421
L 09/23/2011 - 11:57:52: [voteban.amxx] [AMXX] BANNED: <<PRO>>, STARTER: Euforia
L 09/23/2011 - 11:57:53: [amxbans.amxx]  Зомби сервер (x_x(O_o)x_x) Go Zombie !!!<0><><> banned <<PRO>><STEAM_0:0:864780421> for 15 minutes (15 minutes). Reason: VIP->Euforia.
L 09/23/2011 - 12:06:22: -------- Mapchange to zm_dwarf --------
L 09/23/2011 - 12:06:23: [admin_amxbans.amxx] Login: "Euforia<1578><STEAM_0:0:1365425199><>" became an admin (account "Euforia") (access "t") (address "188.123.245.19")
L 09/23/2011 - 12:06:24: [amxbans.amxx] [AMXBANS] AMXBans 5.0 is online
L 09/23/2011 - 12:06:27: [admin_amxbans.amxx] Login: "Euforia<1586><STEAM_0:0:1365425199><>" became an admin (account "Euforia") (access "t") (address "188.123.245.19")
L 09/23/2011 - 12:06:28: [amxbans.amxx] [Amxbans] Query failed!
L 09/23/2011 - 12:06:28: [amxbans.amxx] [Amxbans] Threaded query error, location: 18
L 09/23/2011 - 12:06:28: [amxbans.amxx] [Amxbans] Message: You have an error in your SQL syntax; check the manual that corresponds to your MySQL server version for the right syntax to use near ''amxb' at line 1 (1064)
L 09/23/2011 - 12:06:28: [amxbans.amxx] [Amxbans] Query statement: 
L 09/23/2011 - 12:12:02: [admin_amxbans.amxx] Login: "Euforia<1597><STEAM_0:0:1365425199><>" became an admin (account "Euforia") (access "t") (address "188.123.245.19")
L 09/23/2011 - 12:29:05: -------- Mapchange to 016 --------
L 09/23/2011 - 12:29:06: [amxbans.amxx] [AMXBANS] AMXBans 5.0 is online
L 09/23/2011 - 13:00:09: -------- Mapchange to zm_fdust2x2 --------
L 09/23/2011 - 13:00:10: [amxbans.amxx] [AMXBANS] AMXBans 5.0 is online
L 09/23/2011 - 13:21:42: -------- Mapchange to zm_cpl_mill_kamp --------
L 09/23/2011 - 13:21:43: [amxbans.amxx] [AMXBANS] AMXBans 5.0 is online
L 09/23/2011 - 13:32:43: -------- Mapchange to zm_neris --------
L 09/23/2011 - 13:32:44: [amxbans.amxx] [AMXBANS] AMXBans 5.0 is online
L 09/23/2011 - 13:36:01: [amxbans.amxx] [Amxbans] Query failed!
L 09/23/2011 - 13:36:01: [amxbans.amxx] [Amxbans] Threaded query error, location: 18
L 09/23/2011 - 13:36:01: [amxbans.amxx] [Amxbans] Message: You have an error in your SQL syntax; check the manual that corresponds to your MySQL server version for the right syntax to use near ''amxb' at line 1 (1064)
L 09/23/2011 - 13:36:01: [amxbans.amxx] [Amxbans] Query statement: 
L 09/23/2011 - 13:54:48: -------- Mapchange to ze_egypt --------
L 09/23/2011 - 13:54:49: [amxbans.amxx] [AMXBANS] AMXBans 5.0 is online
L 09/23/2011 - 13:55:49: [admin_amxbans.amxx] Login: "Euforia<1691><STEAM_0:0:1365425199><>" became an admin (account "Euforia") (access "t") (address "188.123.245.19")
L 09/23/2011 - 13:56:08: [admin_amxbans.amxx] Login: "Euforia<1692><STEAM_0:0:1365425199><>" became an admin (account "Euforia") (access "t") (address "188.123.245.19")
L 09/23/2011 - 14:12:17: -------- Mapchange to ze_lift_escape_b5 --------
L 09/23/2011 - 14:12:18: [admin_amxbans.amxx] Login: "Euforia<1692><STEAM_0:0:1365425199><>" became an admin (account "Euforia") (access "t") (address "188.123.245.19")
L 09/23/2011 - 14:12:19: [amxbans.amxx] [AMXBANS] AMXBans 5.0 is online
L 09/23/2011 - 14:12:27: [admin_amxbans.amxx] Login: "Euforia<1716><STEAM_0:0:1365425199><>" became an admin (account "Euforia") (access "t") (address "188.123.245.19")
L 09/23/2011 - 14:12:31: [admin_amxbans.amxx] Login: "Euforia<1717><STEAM_0:0:1365425199><>" became an admin (account "Euforia") (access "t") (address "188.123.245.19")
L 09/23/2011 - 14:14:43: [amxbans.amxx] [Amxbans] Query failed!
L 09/23/2011 - 14:14:43: [amxbans.amxx] [Amxbans] Threaded query error, location: 18
L 09/23/2011 - 14:14:43: [amxbans.amxx] [Amxbans] Message: You have an error in your SQL syntax; check the manual that corresponds to your MySQL server version for the right syntax to use near ''amxb' at line 1 (1064)
L 09/23/2011 - 14:14:43: [amxbans.amxx] [Amxbans] Query statement: 
L 09/23/2011 - 14:28:40: -------- Mapchange to zm_666_brick --------
L 09/23/2011 - 14:28:41: [admin_amxbans.amxx] Login: "Euforia<1717><STEAM_0:0:1365425199><>" became an admin (account "Euforia") (access "t") (address "188.123.245.19")
L 09/23/2011 - 14:28:42: [amxbans.amxx] [AMXBANS] AMXBans 5.0 is online
L 09/23/2011 - 14:28:47: [amxbans.amxx] [Amxbans] Query failed!
L 09/23/2011 - 14:28:47: [amxbans.amxx] [Amxbans] Threaded query error, location: 18
L 09/23/2011 - 14:28:47: [amxbans.amxx] [Amxbans] Message: You have an error in your SQL syntax; check the manual that corresponds to your MySQL server version for the right syntax to use near ''amxb' at line 1 (1064)
L 09/23/2011 - 14:28:47: [amxbans.amxx] [Amxbans] Query statement: 
L 09/23/2011 - 14:50:46: [amxbans.amxx] [Amxbans] Query failed!
L 09/23/2011 - 14:50:46: [amxbans.amxx] [Amxbans] Threaded query error, location: 18
L 09/23/2011 - 14:50:46: [amxbans.amxx] [Amxbans] Message: You have an error in your SQL syntax; check the manual that corresponds to your MySQL server version for the right syntax to use near '' at line 1 (1064)
L 09/23/2011 - 14:50:46: [amxbans.amxx] [Amxbans] Query statement: 
L 09/23/2011 - 14:51:16: -------- Mapchange to zm_caca --------
L 09/23/2011 - 14:51:17: [admin_amxbans.amxx] Login: "Euforia<1717><STEAM_0:0:1365425199><>" became an admin (account "Euforia") (access "t") (address "188.123.245.19")
L 09/23/2011 - 14:51:18: [amxbans.amxx] [AMXBANS] AMXBans 5.0 is online
L 09/23/2011 - 14:51:24: [amxbans.amxx] [Amxbans] Query failed!
L 09/23/2011 - 14:51:24: [amxbans.amxx] [Amxbans] Threaded query error, location: 18
L 09/23/2011 - 14:51:24: [amxbans.amxx] [Amxbans] Message: You have an error in your SQL syntax; check the manual that corresponds to your MySQL server version for the right syntax to use near '' at line 1 (1064)
L 09/23/2011 - 14:51:24: [amxbans.amxx] [Amxbans] Query statement: 
L 09/23/2011 - 14:51:35: [amxbans.amxx] [Amxbans] Query failed!
L 09/23/2011 - 14:51:35: [amxbans.amxx] [Amxbans] Threaded query error, location: 18
L 09/23/2011 - 14:51:35: [amxbans.amxx] [Amxbans] Message: You have an error in your SQL syntax; check the manual that corresponds to your MySQL server version for the right syntax to use near '' at line 1 (1064)
L 09/23/2011 - 14:51:35: [amxbans.amxx] [Amxbans] Query statement: 
L 09/23/2011 - 15:13:15: -------- Mapchange to zm_303 --------
L 09/23/2011 - 15:13:16: [admin_amxbans.amxx] Login: "Euforia<1717><STEAM_0:0:1365425199><>" became an admin (account "Euforia") (access "t") (address "188.123.245.19")
L 09/23/2011 - 15:13:17: [amxbans.amxx] [AMXBANS] AMXBans 5.0 is online
L 09/23/2011 - 15:13:20: [admin_amxbans.amxx] Login: "Euforia<1767><STEAM_0:0:1365425199><>" became an admin (account "Euforia") (access "t") (address "188.123.245.19")
L 09/23/2011 - 15:13:24: [amxbans.amxx] [Amxbans] Query failed!
L 09/23/2011 - 15:13:24: [amxbans.amxx] [Amxbans] Threaded query error, location: 18
L 09/23/2011 - 15:13:24: [amxbans.amxx] [Amxbans] Message: You have an error in your SQL syntax; check the manual that corresponds to your MySQL server version for the right syntax to use near '' at line 1 (1064)
L 09/23/2011 - 15:13:24: [amxbans.amxx] [Amxbans] Query statement: 
L 09/23/2011 - 15:13:25: [amxbans.amxx] [Amxbans] Query failed!
L 09/23/2011 - 15:13:25: [amxbans.amxx] [Amxbans] Threaded query error, location: 18
L 09/23/2011 - 15:13:25: [amxbans.amxx] [Amxbans] Message: You have an error in your SQL syntax; check the manual that corresponds to your MySQL server version for the right syntax to use near '' at line 1 (1064)
L 09/23/2011 - 15:13:25: [amxbans.amxx] [Amxbans] Query statement: 
L 09/23/2011 - 15:33:40: [amxbans.amxx] [Amxbans] Query failed!
L 09/23/2011 - 15:33:40: [amxbans.amxx] [Amxbans] Threaded query error, location: 18
L 09/23/2011 - 15:33:40: [amxbans.amxx] [Amxbans] Message: You have an error in your SQL syntax; check the manual that corresponds to your MySQL server version for the right syntax to use near ''amxban' at line 1 (1064)
L 09/23/2011 - 15:33:40: [amxbans.amxx] [Amxbans] Query statement: 
L 09/23/2011 - 15:42:14: [admin_amxbans.amxx] Login: "F1-[G]amin[G] |G-man<1797><STEAM_0:0:299692916><>" became an admin (account "F1-[G]amin[G] |G-man") (access "t") (address "194.0.68.126")
L 09/23/2011 - 15:43:36: -------- Mapchange to zm_dwarf --------
L 09/23/2011 - 15:43:36: [admin_amxbans.amxx] Login: "F1-[G]amin[G] |G-man<1797><STEAM_0:0:299692916><>" became an admin (account "F1-[G]amin[G] |G-man") (access "t") (address "194.0.68.126")
L 09/23/2011 - 15:43:37: [amxbans.amxx] [AMXBANS] AMXBans 5.0 is online
L 09/23/2011 - 15:43:45: [amxbans.amxx] [Amxbans] Query failed!
L 09/23/2011 - 15:43:45: [amxbans.amxx] [Amxbans] Threaded query error, location: 18
L 09/23/2011 - 15:43:45: [amxbans.amxx] [Amxbans] Message: You have an error in your SQL syntax; check the manual that corresponds to your MySQL server version for the right syntax to use near ''amxban' at line 1 (1064)
L 09/23/2011 - 15:43:45: [amxbans.amxx] [Amxbans] Query statement: 
L 09/23/2011 - 15:43:45: [amxbans.amxx] [Amxbans] Query failed!
L 09/23/2011 - 15:43:45: [amxbans.amxx] [Amxbans] Threaded query error, location: 18
L 09/23/2011 - 15:43:45: [amxbans.amxx] [Amxbans] Message: You have an error in your SQL syntax; check the manual that corresponds to your MySQL server version for the right syntax to use near '' at line 1 (1064)
L 09/23/2011 - 15:43:45: [amxbans.amxx] [Amxbans] Query statement: 
L 09/23/2011 - 15:43:47: [amxbans.amxx] [Amxbans] Query failed!
L 09/23/2011 - 15:43:47: [amxbans.amxx] [Amxbans] Threaded query error, location: 18
L 09/23/2011 - 15:43:47: [amxbans.amxx] [Amxbans] Message: You have an error in your SQL syntax; check the manual that corresponds to your MySQL server version for the right syntax to use near '' at line 1 (1064)
L 09/23/2011 - 15:43:47: [amxbans.amxx] [Amxbans] Query statement: 
L 09/23/2011 - 15:53:12: [amxbans.amxx] [Amxbans] Query failed!
L 09/23/2011 - 15:53:12: [amxbans.amxx] [Amxbans] Threaded query error, location: 18
L 09/23/2011 - 15:53:12: [amxbans.amxx] [Amxbans] Message: You have an error in your SQL syntax; check the manual that corresponds to your MySQL server version for the right syntax to use near '' at line 1 (1064)
L 09/23/2011 - 15:53:12: [amxbans.amxx] [Amxbans] Query statement: 
L 09/23/2011 - 16:08:58: [admin_amxbans.amxx] Login: "Zloy-Tupoy-Buhoy [Str,RUS]<1823><STEAM_0:4:1870718451><>" became an admin (account "Zloy-Tupoy-Buhoy [Str,RUS]") (access "t") (address "94.41.93.118")
L 09/23/2011 - 16:17:25: [admin_amxbans.amxx] Login: "Zloy-Tupoy-Buhoy [Str,RUS]<1841><STEAM_0:4:1870718451><>" became an admin (account "Zloy-Tupoy-Buhoy [Str,RUS]") (access "t") (address "94.41.93.118")
L 09/23/2011 - 16:18:04: -------- Mapchange to zm_alfresco_v2 --------
L 09/23/2011 - 16:18:05: [admin_amxbans.amxx] Login: "Zloy-Tupoy-Buhoy [Str,RUS]<1841><STEAM_0:4:1870718451><>" became an admin (account "Zloy-Tupoy-Buhoy [Str,RUS]") (access "t") (address "94.41.93.118")
L 09/23/2011 - 16:18:05: [admin_amxbans.amxx] Login: "F1-[G]amin[G] |G-man<1797><STEAM_0:0:299692916><>" became an admin (account "F1-[G]amin[G] |G-man") (access "t") (address "194.0.68.126")
L 09/23/2011 - 16:18:06: [amxbans.amxx] [AMXBANS] AMXBans 5.0 is online
L 09/23/2011 - 16:18:13: [amxbans.amxx] [Amxbans] Query failed!
L 09/23/2011 - 16:18:13: [amxbans.amxx] [Amxbans] Threaded query error, location: 18
L 09/23/2011 - 16:18:13: [amxbans.amxx] [Amxbans] Message: You have an error in your SQL syntax; check the manual that corresponds to your MySQL server version for the right syntax to use near '' at line 1 (1064)
L 09/23/2011 - 16:18:13: [amxbans.amxx] [Amxbans] Query statement: 
L 09/23/2011 - 16:19:27: [voteban.amxx] Voteban starter Zloy-Tupoy-Buhoy [Str,RUS] against .:Spike:. STEAM_0:4:2117644677
L 09/23/2011 - 16:19:43: [voteban.amxx] [AMXX] BANNED: .:Spike:., STARTER: Zloy-Tupoy-Buhoy [Str,RUS]
L 09/23/2011 - 16:19:44: [amxbans.amxx]  Зомби сервер (x_x(O_o)x_x) Go Zombie !!!<0><><> banned .:Spike:.<STEAM_0:4:2117644677> for 15 minutes (15 minutes). Reason: VIP->Zloy-Tupoy-Buhoy [Str,RUS].
L 09/23/2011 - 16:23:16: [voteban.amxx] Voteban starter Zloy-Tupoy-Buhoy [Str,RUS] against S(e)RyA STEAM_0:4:1367741297
L 09/23/2011 - 16:23:31: [voteban.amxx] [AMXX] BANNED: S(e)RyA, STARTER: Zloy-Tupoy-Buhoy [Str,RUS]
L 09/23/2011 - 16:23:32: [amxbans.amxx]  Зомби сервер (x_x(O_o)x_x) Go Zombie !!!<0><><> banned S(e)RyA<STEAM_0:4:1367741297> for 15 minutes (15 minutes). Reason: VIP->Zloy-Tupoy-Buhoy [Str,RUS].
L 09/23/2011 - 16:29:21: [admin_amxbans.amxx] Login: "Kenny<1878><STEAM_0:0:963405193><>" became an admin (account "Kenny") (access "abcdefghijlmnopqstu") (address "95.86.219.177")
L 09/23/2011 - 16:39:38: -------- Mapchange to zm_decline2k --------
L 09/23/2011 - 16:39:39: [admin_amxbans.amxx] Login: "Zloy-Tupoy-Buhoy [Str,RUS]<1841><STEAM_0:4:1870718451><>" became an admin (account "Zloy-Tupoy-Buhoy [Str,RUS]") (access "t") (address "94.41.93.118")
L 09/23/2011 - 16:39:39: [admin_amxbans.amxx] Login: "F1-[G]amin[G] |G-man<1797><STEAM_0:0:299692916><>" became an admin (account "F1-[G]amin[G] |G-man") (access "t") (address "194.0.68.126")
L 09/23/2011 - 16:39:39: [amxbans.amxx] [AMXBANS] AMXBans 5.0 is online
L 09/23/2011 - 16:42:33: [voteban.amxx] Voteban starter Zloy-Tupoy-Buhoy [Str,RUS] against S(e)RyA STEAM_0:4:1367741297
L 09/23/2011 - 16:42:48: [voteban.amxx] [AMXX] BANNED: S(e)RyA, STARTER: Zloy-Tupoy-Buhoy [Str,RUS]
L 09/23/2011 - 16:42:49: [amxbans.amxx]  Зомби сервер (x_x(O_o)x_x) Go Zombie !!!<0><><> banned S(e)RyA<STEAM_0:4:1367741297> for 15 minutes (15 minutes). Reason: VIP->Zloy-Tupoy-Buhoy [Str,RUS].
L 09/23/2011 - 17:00:59: -------- Mapchange to 016 --------
L 09/23/2011 - 17:01:00: [admin_amxbans.amxx] Login: "Zloy-Tupoy-Buhoy [Str,RUS]<1841><STEAM_0:4:1870718451><>" became an admin (account "Zloy-Tupoy-Buhoy [Str,RUS]") (access "t") (address "94.41.93.118")
L 09/23/2011 - 17:01:00: [amxbans.amxx] [AMXBANS] AMXBans 5.0 is online
L 09/23/2011 - 17:05:01: [voteban.amxx] Voteban starter Zloy-Tupoy-Buhoy [Str,RUS] against ALUKARD STEAM_0:0:352936206
L 09/23/2011 - 17:05:16: [voteban.amxx] [AMXX] BANNED: ALUKARD, STARTER: Zloy-Tupoy-Buhoy [Str,RUS]
L 09/23/2011 - 17:05:17: [amxbans.amxx]  Зомби сервер (x_x(O_o)x_x) Go Zombie !!!<0><><> banned ALUKARD<STEAM_0:0:352936206> for 15 minutes (15 minutes). Reason: VIP->Zloy-Tupoy-Buhoy [Str,RUS].
L 09/23/2011 - 17:14:44: [voteban.amxx] Voteban starter Zloy-Tupoy-Buhoy [Str,RUS] against Mike Tyson_______ STEAM_0:0:317851247
L 09/23/2011 - 17:14:59: [voteban.amxx] [AMXX] BANNED: Mike Tyson_______, STARTER: Zloy-Tupoy-Buhoy [Str,RUS]
L 09/23/2011 - 17:15:00: [amxbans.amxx]  Зомби сервер (x_x(O_o)x_x) Go Zombie !!!<0><><> banned Mike Tyson_______<STEAM_0:0:317851247> for 15 minutes (15 minutes). Reason: VIP->Zloy-Tupoy-Buhoy [Str,RUS].
L 09/23/2011 - 17:16:24: [voteban.amxx] Voteban starter Zloy-Tupoy-Buhoy [Str,RUS] against ---(0o)->$Hk1PeR STEAM_0:0:1588361959
L 09/23/2011 - 17:16:39: [voteban.amxx] [AMXX] BANNED: ---(0o)->$Hk1PeR, STARTER: Zloy-Tupoy-Buhoy [Str,RUS]
L 09/23/2011 - 17:16:40: [amxbans.amxx]  Зомби сервер (x_x(O_o)x_x) Go Zombie !!!<0><><> banned ---(0o)->$Hk1PeR<STEAM_0:0:1588361959> for 15 minutes (15 minutes). Reason: VIP->Zloy-Tupoy-Buhoy [Str,RUS].
L 09/23/2011 - 17:33:39: -------- Mapchange to zm_fdust2x2 --------
L 09/23/2011 - 17:33:40: [admin_amxbans.amxx] Login: "Zloy-Tupoy-Buhoy [Str,RUS]<1841><STEAM_0:4:1870718451><>" became an admin (account "Zloy-Tupoy-Buhoy [Str,RUS]") (access "t") (address "94.41.93.118")
L 09/23/2011 - 17:33:41: [amxbans.amxx] [AMXBANS] AMXBans 5.0 is online
L 09/23/2011 - 17:33:49: [amxbans.amxx] [Amxbans] Query failed!
L 09/23/2011 - 17:33:49: [amxbans.amxx] [Amxbans] Threaded query error, location: 18
L 09/23/2011 - 17:33:49: [amxbans.amxx] [Amxbans] Message: You have an error in your SQL syntax; check the manual that corresponds to your MySQL server version for the right syntax to use near '' at line 1 (1064)
L 09/23/2011 - 17:33:49: [amxbans.amxx] [Amxbans] Query statement: 
L 09/23/2011 - 17:39:07: [amxbans.amxx] [Amxbans] Query failed!
L 09/23/2011 - 17:39:07: [amxbans.amxx] [Amxbans] Threaded query error, location: 18
L 09/23/2011 - 17:39:07: [amxbans.amxx] [Amxbans] Message: You have an error in your SQL syntax; check the manual that corresponds to your MySQL server version for the right syntax to use near '' at line 1 (1064)
L 09/23/2011 - 17:39:07: [amxbans.amxx] [Amxbans] Query statement: 
L 09/23/2011 - 17:40:38: [amxbans.amxx] [Amxbans] Query failed!
L 09/23/2011 - 17:40:38: [amxbans.amxx] [Amxbans] Threaded query error, location: 18
L 09/23/2011 - 17:40:38: [amxbans.amxx] [Amxbans] Message: You have an error in your SQL syntax; check the manual that corresponds to your MySQL server version for the right syntax to use near '' at line 1 (1064)
L 09/23/2011 - 17:40:38: [amxbans.amxx] [Amxbans] Query statement: 
L 09/23/2011 - 17:45:18: [amxbans.amxx] [Amxbans] Query failed!
L 09/23/2011 - 17:45:18: [amxbans.amxx] [Amxbans] Threaded query error, location: 18
L 09/23/2011 - 17:45:18: [amxbans.amxx] [Amxbans] Message: You have an error in your SQL syntax; check the manual that corresponds to your MySQL server version for the right syntax to use near '' at line 1 (1064)
L 09/23/2011 - 17:45:18: [amxbans.amxx] [Amxbans] Query statement: 
L 09/23/2011 - 17:51:50: [voteban.amxx] Voteban starter Zloy-Tupoy-Buhoy [Str,RUS] against 686874058 STEAM_0:4:302846449
L 09/23/2011 - 17:52:05: [voteban.amxx] [AMXX] BANNED: 686874058, STARTER: Zloy-Tupoy-Buhoy [Str,RUS]
L 09/23/2011 - 17:52:06: [amxbans.amxx]  Зомби сервер (x_x(O_o)x_x) Go Zombie !!!<0><><> banned 686874058<STEAM_0:4:302846449> for 15 minutes (15 minutes). Reason: VIP->Zloy-Tupoy-Buhoy [Str,RUS].
L 09/23/2011 - 17:55:46: -------- Mapchange to ze_jurassicpark --------
L 09/23/2011 - 17:55:47: [admin_amxbans.amxx] Login: "Zloy-Tupoy-Buhoy [Str,RUS]<1841><STEAM_0:4:1870718451><>" became an admin (account "Zloy-Tupoy-Buhoy [Str,RUS]") (access "t") (address "94.41.93.118")
L 09/23/2011 - 17:55:48: [amxbans.amxx] [AMXBANS] AMXBans 5.0 is online
L 09/23/2011 - 17:55:54: [amxbans.amxx] [Amxbans] Query failed!
L 09/23/2011 - 17:55:54: [amxbans.amxx] [Amxbans] Threaded query error, location: 18
L 09/23/2011 - 17:55:54: [amxbans.amxx] [Amxbans] Message: You have an error in your SQL syntax; check the manual that corresponds to your MySQL server version for the right syntax to use near '' at line 1 (1064)
L 09/23/2011 - 17:55:54: [amxbans.amxx] [Amxbans] Query statement: 
L 09/23/2011 - 17:55:54: [amxbans.amxx] [Amxbans] Query failed!
L 09/23/2011 - 17:55:54: [amxbans.amxx] [Amxbans] Threaded query error, location: 18
L 09/23/2011 - 17:55:54: [amxbans.amxx] [Amxbans] Message: You have an error in your SQL syntax; check the manual that corresponds to your MySQL server version for the right syntax to use near '' at line 1 (1064)
L 09/23/2011 - 17:55:54: [amxbans.amxx] [Amxbans] Query statement: 
L 09/23/2011 - 17:55:55: [amxbans.amxx] [Amxbans] Query failed!
L 09/23/2011 - 17:55:55: [amxbans.amxx] [Amxbans] Threaded query error, location: 18
L 09/23/2011 - 17:55:55: [amxbans.amxx] [Amxbans] Message: You have an error in your SQL syntax; check the manual that corresponds to your MySQL server version for the right syntax to use near '' at line 1 (1064)
L 09/23/2011 - 17:55:55: [amxbans.amxx] [Amxbans] Query statement: 
L 09/23/2011 - 17:56:00: [amxbans.amxx] [Amxbans] Query failed!
L 09/23/2011 - 17:56:00: [amxbans.amxx] [Amxbans] Threaded query error, location: 18
L 09/23/2011 - 17:56:00: [amxbans.amxx] [Amxbans] Message: You have an error in your SQL syntax; check the manual that corresponds to your MySQL server version for the right syntax to use near '' at line 1 (1064)
L 09/23/2011 - 17:56:00: [amxbans.amxx] [Amxbans] Query statement: 
L 09/23/2011 - 17:58:26: [admin_amxbans.amxx] Login: "Zloy-Tupoy-Buhoy [Str,RUS]<2030><STEAM_0:4:1870718451><>" became an admin (account "Zloy-Tupoy-Buhoy [Str,RUS]") (access "t") (address "94.41.93.118")
L 09/23/2011 - 17:58:57: [amxbans.amxx] [Amxbans] Query failed!
L 09/23/2011 - 17:58:57: [amxbans.amxx] [Amxbans] Threaded query error, location: 18
L 09/23/2011 - 17:58:57: [amxbans.amxx] [Amxbans] Message: You have an error in your SQL syntax; check the manual that corresponds to your MySQL server version for the right syntax to use near '' at line 1 (1064)
L 09/23/2011 - 17:58:57: [amxbans.amxx] [Amxbans] Query statement: 
L 09/23/2011 - 17:59:12: [amxbans.amxx] [Amxbans] Query failed!
L 09/23/2011 - 17:59:12: [amxbans.amxx] [Amxbans] Threaded query error, location: 18
L 09/23/2011 - 17:59:12: [amxbans.amxx] [Amxbans] Message: You have an error in your SQL syntax; check the manual that corresponds to your MySQL server version for the right syntax to use near '' at line 1 (1064)
L 09/23/2011 - 17:59:12: [amxbans.amxx] [Amxbans] Query statement: 
L 09/23/2011 - 18:07:35: [amxbans.amxx] [Amxbans] Query failed!
L 09/23/2011 - 18:07:35: [amxbans.amxx] [Amxbans] Threaded query error, location: 18
L 09/23/2011 - 18:07:35: [amxbans.amxx] [Amxbans] Message: You have an error in your SQL syntax; check the manual that corresponds to your MySQL server version for the right syntax to use near '' at line 1 (1064)
L 09/23/2011 - 18:07:35: [amxbans.amxx] [Amxbans] Query statement: 
L 09/23/2011 - 18:13:20: [amxbans.amxx] [Amxbans] Query failed!
L 09/23/2011 - 18:13:20: [amxbans.amxx] [Amxbans] Threaded query error, location: 18
L 09/23/2011 - 18:13:20: [amxbans.amxx] [Amxbans] Message: You have an error in your SQL syntax; check the manual that corresponds to your MySQL server version for the right syntax to use near '' at line 1 (1064)
L 09/23/2011 - 18:13:20: [amxbans.amxx] [Amxbans] Query statement: 
L 09/23/2011 - 18:15:27: [amxbans.amxx] [Amxbans] Query failed!
L 09/23/2011 - 18:15:27: [amxbans.amxx] [Amxbans] Threaded query error, location: 18
L 09/23/2011 - 18:15:27: [amxbans.amxx] [Amxbans] Message: You have an error in your SQL syntax; check the manual that corresponds to your MySQL server version for the right syntax to use near '' at line 1 (1064)
L 09/23/2011 - 18:15:27: [amxbans.amxx] [Amxbans] Query statement: 
L 09/23/2011 - 18:16:26: -------- Mapchange to ze_egypt --------
L 09/23/2011 - 18:16:27: [admin_amxbans.amxx] Login: "Zloy-Tupoy-Buhoy [Str,RUS]<2030><STEAM_0:4:1870718451><>" became an admin (account "Zloy-Tupoy-Buhoy [Str,RUS]") (access "t") (address "94.41.93.118")
L 09/23/2011 - 18:16:28: [amxbans.amxx] [AMXBANS] AMXBans 5.0 is online
L 09/23/2011 - 18:16:32: [admin_amxbans.amxx] Login: "Zloy-Tupoy-Buhoy [Str,RUS]<2068><STEAM_0:4:1870718451><>" became an admin (account "Zloy-Tupoy-Buhoy [Str,RUS]") (access "t") (address "94.41.93.118")
L 09/23/2011 - 18:16:35: [amxbans.amxx] [Amxbans] Query failed!
L 09/23/2011 - 18:16:35: [amxbans.amxx] [Amxbans] Threaded query error, location: 18
L 09/23/2011 - 18:16:35: [amxbans.amxx] [Amxbans] Message: You have an error in your SQL syntax; check the manual that corresponds to your MySQL server version for the right syntax to use near '' at line 1 (1064)
L 09/23/2011 - 18:16:35: [amxbans.amxx] [Amxbans] Query statement: 
L 09/23/2011 - 18:16:35: [amxbans.amxx] [Amxbans] Query failed!
L 09/23/2011 - 18:16:35: [amxbans.amxx] [Amxbans] Threaded query error, location: 18
L 09/23/2011 - 18:16:35: [amxbans.amxx] [Amxbans] Message: You have an error in your SQL syntax; check the manual that corresponds to your MySQL server version for the right syntax to use near '' at line 1 (1064)
L 09/23/2011 - 18:16:35: [amxbans.amxx] [Amxbans] Query statement: 
L 09/23/2011 - 18:16:37: [amxbans.amxx] [Amxbans] Query failed!
L 09/23/2011 - 18:16:37: [amxbans.amxx] [Amxbans] Threaded query error, location: 18
L 09/23/2011 - 18:16:37: [amxbans.amxx] [Amxbans] Message: You have an error in your SQL syntax; check the manual that corresponds to your MySQL server version for the right syntax to use near '' at line 1 (1064)
L 09/23/2011 - 18:16:37: [amxbans.amxx] [Amxbans] Query statement: 
L 09/23/2011 - 18:16:40: [amxbans.amxx] [Amxbans] Query failed!
L 09/23/2011 - 18:16:40: [amxbans.amxx] [Amxbans] Threaded query error, location: 18
L 09/23/2011 - 18:16:40: [amxbans.amxx] [Amxbans] Message: You have an error in your SQL syntax; check the manual that corresponds to your MySQL server version for the right syntax to use near '' at line 1 (1064)
L 09/23/2011 - 18:16:40: [amxbans.amxx] [Amxbans] Query statement: 
L 09/23/2011 - 18:16:53: [amxbans.amxx] [Amxbans] Query failed!
L 09/23/2011 - 18:16:53: [amxbans.amxx] [Amxbans] Threaded query error, location: 18
L 09/23/2011 - 18:16:53: [amxbans.amxx] [Amxbans] Message: You have an error in your SQL syntax; check the manual that corresponds to your MySQL server version for the right syntax to use near '' at line 1 (1064)
L 09/23/2011 - 18:16:53: [amxbans.amxx] [Amxbans] Query statement: 
L 09/23/2011 - 18:20:58: [voteban.amxx] Voteban starter Zloy-Tupoy-Buhoy [Str,RUS] against WEREVADO STEAM_0:4:1125076336
L 09/23/2011 - 18:21:13: [voteban.amxx] [AMXX] BANNED: WEREVADO, STARTER: Zloy-Tupoy-Buhoy [Str,RUS]
L 09/23/2011 - 18:21:14: [amxbans.amxx]  Зомби сервер (x_x(O_o)x_x) Go Zombie !!!<0><><> banned WEREVADO<STEAM_0:4:1125076336> for 15 minutes (15 minutes). Reason: VIP->Zloy-Tupoy-Buhoy [Str,RUS].
L 09/23/2011 - 18:23:42: [voteban.amxx] Voteban starter Zloy-Tupoy-Buhoy [Str,RUS] against iSpirit STEAM_0:0:2070235627
L 09/23/2011 - 18:23:57: [voteban.amxx] [AMXX] BANNED: iSpirit, STARTER: Zloy-Tupoy-Buhoy [Str,RUS]
L 09/23/2011 - 18:24:08: [amxbans.amxx] [Amxbans] Query failed!
L 09/23/2011 - 18:24:08: [amxbans.amxx] [Amxbans] Threaded query error, location: 18
L 09/23/2011 - 18:24:08: [amxbans.amxx] [Amxbans] Message: You have an error in your SQL syntax; check the manual that corresponds to your MySQL server version for the right syntax to use near ''Ba' at line 1 (1064)
L 09/23/2011 - 18:24:08: [amxbans.amxx] [Amxbans] Query statement: 
L 09/23/2011 - 18:24:11: [amxbans.amxx] [Amxbans] Query failed!
L 09/23/2011 - 18:24:11: [amxbans.amxx] [Amxbans] Threaded query error, location: 18
L 09/23/2011 - 18:24:11: [amxbans.amxx] [Amxbans] Message: You have an error in your SQL syntax; check the manual that corresponds to your MySQL server version for the right syntax to use near ''Ba' at line 1 (1064)
L 09/23/2011 - 18:24:11: [amxbans.amxx] [Amxbans] Query statement: 
L 09/23/2011 - 18:26:54: [amxbans.amxx] [Amxbans] Query failed!
L 09/23/2011 - 18:26:54: [amxbans.amxx] [Amxbans] Threaded query error, location: 18
L 09/23/2011 - 18:26:54: [amxbans.amxx] [Amxbans] Message: You have an error in your SQL syntax; check the manual that corresponds to your MySQL server version for the right syntax to use near '' at line 1 (1064)
L 09/23/2011 - 18:26:54: [amxbans.amxx] [Amxbans] Query statement: 
L 09/23/2011 - 18:29:38: [amxbans.amxx] [Amxbans] Query failed!
L 09/23/2011 - 18:29:38: [amxbans.amxx] [Amxbans] Threaded query error, location: 18
L 09/23/2011 - 18:29:38: [amxbans.amxx] [Amxbans] Message: You have an error in your SQL syntax; check the manual that corresponds to your MySQL server version for the right syntax to use near '' at line 1 (1064)
L 09/23/2011 - 18:29:38: [amxbans.amxx] [Amxbans] Query statement: 
L 09/23/2011 - 18:32:09: -------- Mapchange to zm_caca --------
L 09/23/2011 - 18:32:10: [admin_amxbans.amxx] Login: "Zloy-Tupoy-Buhoy [Str,RUS]<2068><STEAM_0:4:1870718451><>" became an admin (account "Zloy-Tupoy-Buhoy [Str,RUS]") (access "t") (address "94.41.93.118")
L 09/23/2011 - 18:32:11: [amxbans.amxx] [AMXBANS] AMXBans 5.0 is online
L 09/23/2011 - 18:32:18: [amxbans.amxx] [Amxbans] Query failed!
L 09/23/2011 - 18:32:18: [amxbans.amxx] [Amxbans] Threaded query error, location: 18
L 09/23/2011 - 18:32:18: [amxbans.amxx] [Amxbans] Message: You have an error in your SQL syntax; check the manual that corresponds to your MySQL server version for the right syntax to use near '' at line 1 (1064)
L 09/23/2011 - 18:32:18: [amxbans.amxx] [Amxbans] Query statement: 
L 09/23/2011 - 18:32:18: [amxbans.amxx] [Amxbans] Query failed!
L 09/23/2011 - 18:32:18: [amxbans.amxx] [Amxbans] Threaded query error, location: 18
L 09/23/2011 - 18:32:18: [amxbans.amxx] [Amxbans] Message: You have an error in your SQL syntax; check the manual that corresponds to your MySQL server version for the right syntax to use near '' at line 1 (1064)
L 09/23/2011 - 18:32:18: [amxbans.amxx] [Amxbans] Query statement: 
L 09/23/2011 - 18:32:21: [amxbans.amxx] [Amxbans] Query failed!
L 09/23/2011 - 18:32:21: [amxbans.amxx] [Amxbans] Threaded query error, location: 18
L 09/23/2011 - 18:32:21: [amxbans.amxx] [Amxbans] Message: You have an error in your SQL syntax; check the manual that corresponds to your MySQL server version for the right syntax to use near '' at line 1 (1064)
L 09/23/2011 - 18:32:21: [amxbans.amxx] [Amxbans] Query statement: 
L 09/23/2011 - 18:35:34: [voteban.amxx] Voteban starter Zloy-Tupoy-Buhoy [Str,RUS] against ---(0o)->$Hk1PeR STEAM_0:0:1588361959
L 09/23/2011 - 18:35:49: [voteban.amxx] [AMXX] BANNED: ---(0o)->$Hk1PeR, STARTER: Zloy-Tupoy-Buhoy [Str,RUS]
L 09/23/2011 - 18:52:12: -------- Mapchange to zm_houses --------
L 09/23/2011 - 18:52:14: [amxbans.amxx] [AMXBANS] AMXBans 5.0 is online
L 09/23/2011 - 18:52:20: [amxbans.amxx] [Amxbans] Query failed!
L 09/23/2011 - 18:52:20: [amxbans.amxx] [Amxbans] Threaded query error, location: 18
L 09/23/2011 - 18:52:20: [amxbans.amxx] [Amxbans] Message: You have an error in your SQL syntax; check the manual that corresponds to your MySQL server version for the right syntax to use near '' at line 1 (1064)
L 09/23/2011 - 18:52:20: [amxbans.amxx] [Amxbans] Query statement: 
L 09/23/2011 - 18:52:53: [amxbans.amxx] [Amxbans] Query failed!
L 09/23/2011 - 18:52:53: [amxbans.amxx] [Amxbans] Threaded query error, location: 18
L 09/23/2011 - 18:52:53: [amxbans.amxx] [Amxbans] Message: You have an error in your SQL syntax; check the manual that corresponds to your MySQL server version for the right syntax to use near '' at line 1 (1064)
L 09/23/2011 - 18:52:53: [amxbans.amxx] [Amxbans] Query statement: 
L 09/23/2011 - 19:03:35: [amxbans.amxx] [Amxbans] Query failed!
L 09/23/2011 - 19:03:35: [amxbans.amxx] [Amxbans] Threaded query error, location: 18
L 09/23/2011 - 19:03:35: [amxbans.amxx] [Amxbans] Message: You have an error in your SQL syntax; check the manual that corresponds to your MySQL server version for the right syntax to use near '' at line 1 (1064)
L 09/23/2011 - 19:03:35: [amxbans.amxx] [Amxbans] Query statement: 
L 09/23/2011 - 19:05:48: [admin_amxbans.amxx] Login: "Euforia<2187><STEAM_0:0:1365425199><>" became an admin (account "Euforia") (access "t") (address "188.123.245.19")
L 09/23/2011 - 19:22:14: -------- Mapchange to ze_lift_escape_b5 --------
L 09/23/2011 - 19:22:16: [amxbans.amxx] [AMXBANS] AMXBans 5.0 is online
L 09/23/2011 - 19:25:41: [admin_amxbans.amxx] Login: "Euforia<2215><STEAM_0:0:1365425199><>" became an admin (account "Euforia") (access "t") (address "188.123.245.19")
L 09/23/2011 - 19:37:31: [admin_amxbans.amxx] Login: "~Helena~<2234><STEAM_0:4:1132515178><>" became an admin (account "~Helena~") (access "at") (address "109.124.93.46")
L 09/23/2011 - 19:39:42: -------- Mapchange to zm_alfresco_v2 --------
L 09/23/2011 - 19:39:43: [admin_amxbans.amxx] Login: "~Helena~<2234><STEAM_0:4:1132515178><>" became an admin (account "~Helena~") (access "at") (address "109.124.93.46")
L 09/23/2011 - 19:39:43: [admin_amxbans.amxx] Login: "Euforia<2215><STEAM_0:0:1365425199><>" became an admin (account "Euforia") (access "t") (address "188.123.245.19")
L 09/23/2011 - 19:39:44: [admin_amxbans.amxx] Login: "~Helena~<2236><STEAM_0:4:1132515178><>" became an admin (account "~Helena~") (access "at") (address "109.124.93.46")
L 09/23/2011 - 19:39:44: [amxbans.amxx] [AMXBANS] AMXBans 5.0 is online
L 09/23/2011 - 19:45:40: [voteban.amxx] ADMIN banned Utschts 77.223.68.35
L 09/23/2011 - 19:50:58: [voteban.amxx] ADMIN banned BeCeJIb|u* PaReNb 178.151.67.68
L 09/23/2011 - 20:01:51: -------- Mapchange to cs_militia --------
L 09/23/2011 - 20:01:56: [amxbans.amxx] [AMXBANS] AMXBans 5.0 is online
L 09/23/2011 - 20:23:47: -------- Mapchange to zm_303 --------
L 09/23/2011 - 20:23:48: [amxbans.amxx] [AMXBANS] AMXBans 5.0 is online
L 09/23/2011 - 20:23:55: [amxbans.amxx] [Amxbans] Query failed!
L 09/23/2011 - 20:23:55: [amxbans.amxx] [Amxbans] Threaded query error, location: 18
L 09/23/2011 - 20:23:55: [amxbans.amxx] [Amxbans] Message: You have an error in your SQL syntax; check the manual that corresponds to your MySQL server version for the right syntax to use near ''amxban' at line 1 (1064)
L 09/23/2011 - 20:23:55: [amxbans.amxx] [Amxbans] Query statement: 
L 09/23/2011 - 20:45:50: [amxbans.amxx] [Amxbans] Query failed!
L 09/23/2011 - 20:45:50: [amxbans.amxx] [Amxbans] Threaded query error, location: 18
L 09/23/2011 - 20:45:50: [amxbans.amxx] [Amxbans] Message: You have an error in your SQL syntax; check the manual that corresponds to your MySQL server version for the right syntax to use near '' at line 1 (1064)
L 09/23/2011 - 20:45:50: [amxbans.amxx] [Amxbans] Query statement: 
L 09/23/2011 - 20:55:15: -------- Mapchange to zm_cpl_mill_kamp --------
L 09/23/2011 - 20:55:17: [amxbans.amxx] [AMXBANS] AMXBans 5.0 is online
L 09/23/2011 - 20:55:22: [amxbans.amxx] [Amxbans] Query failed!
L 09/23/2011 - 20:55:22: [amxbans.amxx] [Amxbans] Threaded query error, location: 18
L 09/23/2011 - 20:55:22: [amxbans.amxx] [Amxbans] Message: You have an error in your SQL syntax; check the manual that corresponds to your MySQL server version for the right syntax to use near '' at line 1 (1064)
L 09/23/2011 - 20:55:22: [amxbans.amxx] [Amxbans] Query statement: 
L 09/23/2011 - 20:55:39: [amxbans.amxx] [Amxbans] Query failed!
L 09/23/2011 - 20:55:39: [amxbans.amxx] [Amxbans] Threaded query error, location: 18
L 09/23/2011 - 20:55:39: [amxbans.amxx] [Amxbans] Message: You have an error in your SQL syntax; check the manual that corresponds to your MySQL server version for the right syntax to use near ''amxban' at line 1 (1064)
L 09/23/2011 - 20:55:39: [amxbans.amxx] [Amxbans] Query statement: 
L 09/23/2011 - 21:16:26: -------- Mapchange to zm_666_brick --------
L 09/23/2011 - 21:16:28: [amxbans.amxx] [AMXBANS] AMXBans 5.0 is online
L 09/23/2011 - 21:16:33: [amxbans.amxx] [Amxbans] Query failed!
L 09/23/2011 - 21:16:33: [amxbans.amxx] [Amxbans] Threaded query error, location: 18
L 09/23/2011 - 21:16:33: [amxbans.amxx] [Amxbans] Message: You have an error in your SQL syntax; check the manual that corresponds to your MySQL server version for the right syntax to use near ''amxban' at line 1 (1064)
L 09/23/2011 - 21:16:33: [amxbans.amxx] [Amxbans] Query statement: 
L 09/23/2011 - 21:20:39: [amxbans.amxx] [Amxbans] Query failed!
L 09/23/2011 - 21:20:39: [amxbans.amxx] [Amxbans] Threaded query error, location: 18
L 09/23/2011 - 21:20:39: [amxbans.amxx] [Amxbans] Message: You have an error in your SQL syntax; check the manual that corresponds to your MySQL server version for the right syntax to use near ''Ba' at line 1 (1064)
L 09/23/2011 - 21:20:39: [amxbans.amxx] [Amxbans] Query statement: 
L 09/23/2011 - 21:39:36: -------- Mapchange to zm_fdust2x2 --------
L 09/23/2011 - 21:39:38: [amxbans.amxx] [AMXBANS] AMXBans 5.0 is online
L 09/23/2011 - 21:39:43: [amxbans.amxx] [Amxbans] Query failed!
L 09/23/2011 - 21:39:43: [amxbans.amxx] [Amxbans] Threaded query error, location: 18
L 09/23/2011 - 21:39:43: [amxbans.amxx] [Amxbans] Message: You have an error in your SQL syntax; check the manual that corresponds to your MySQL server version for the right syntax to use near ''amxban' at line 1 (1064)
L 09/23/2011 - 21:39:43: [amxbans.amxx] [Amxbans] Query statement: 
L 09/23/2011 - 21:39:43: [amxbans.amxx] [Amxbans] Query failed!
L 09/23/2011 - 21:39:43: [amxbans.amxx] [Amxbans] Threaded query error, location: 18
L 09/23/2011 - 21:39:43: [amxbans.amxx] [Amxbans] Message: You have an error in your SQL syntax; check the manual that corresponds to your MySQL server version for the right syntax to use near ''Ba' at line 1 (1064)
L 09/23/2011 - 21:39:43: [amxbans.amxx] [Amxbans] Query statement: 
L 09/23/2011 - 21:59:57: -------- Mapchange to ze_egypt --------
L 09/23/2011 - 21:59:58: [amxbans.amxx] [AMXBANS] AMXBans 5.0 is online
L 09/23/2011 - 22:00:07: [amxbans.amxx] [Amxbans] Query failed!
L 09/23/2011 - 22:00:07: [amxbans.amxx] [Amxbans] Threaded query error, location: 18
L 09/23/2011 - 22:00:07: [amxbans.amxx] [Amxbans] Message: You have an error in your SQL syntax; check the manual that corresponds to your MySQL server version for the right syntax to use near ''amxban' at line 1 (1064)
L 09/23/2011 - 22:00:07: [amxbans.amxx] [Amxbans] Query statement: 
L 09/23/2011 - 22:17:34: -------- Mapchange to ze_jurassicpark --------
L 09/23/2011 - 22:17:36: [amxbans.amxx] [AMXBANS] AMXBans 5.0 is online
L 09/23/2011 - 22:37:53: -------- Mapchange to 016 --------
L 09/23/2011 - 22:37:54: [amxbans.amxx] [AMXBANS] AMXBans 5.0 is online
L 09/23/2011 - 22:51:19: [admin_amxbans.amxx] Login: "Euforia<2519><STEAM_0:0:1365425199><>" became an admin (account "Euforia") (access "t") (address "188.123.245.19")
L 09/23/2011 - 22:51:23: [admin_amxbans.amxx] Login: "Euforia<2520><STEAM_0:0:1365425199><>" became an admin (account "Euforia") (access "t") (address "188.123.245.19")
L 09/23/2011 - 22:52:18: [voteban.amxx] Voteban starter Euforia against WEREVADO STEAM_0:4:1125076336
L 09/23/2011 - 22:52:33: [voteban.amxx] [AMXX] BANNED: WEREVADO, STARTER: Euforia
L 09/23/2011 - 22:52:35: [amxbans.amxx]  Зомби сервер (x_x(O_o)x_x) Go Zombie !!!<0><><> banned unknown_STEAM_0:4:1125076336<STEAM_0:4:1125076336> for 15 minutes (15 minutes). Reason: VIP->Euforia.
L 09/23/2011 - 23:09:24: -------- Mapchange to zm_dwarf --------
L 09/23/2011 - 23:09:25: [admin_amxbans.amxx] Login: "Euforia<2520><STEAM_0:0:1365425199><>" became an admin (account "Euforia") (access "t") (address "188.123.245.19")
L 09/23/2011 - 23:09:26: [amxbans.amxx] [AMXBANS] AMXBans 5.0 is online
L 09/23/2011 - 23:13:58: [admin_amxbans.amxx] Login: "Kenny<2536><STEAM_0:0:963405193><>" became an admin (account "Kenny") (access "abcdefghijlmnopqstu") (address "95.86.219.177")
L 09/23/2011 - 23:15:36: [admincmd.amxx] Cmd: "Kenny<2536><STEAM_0:0:963405193><>" ask for players list
L 09/23/2011 - 23:27:02: [amxbans.amxx] [Amxbans] Query failed!
L 09/23/2011 - 23:27:02: [amxbans.amxx] [Amxbans] Threaded query error, location: 18
L 09/23/2011 - 23:27:02: [amxbans.amxx] [Amxbans] Message: You have an error in your SQL syntax; check the manual that corresponds to your MySQL server version for the right syntax to use near ''' at line 1 (1064)
L 09/23/2011 - 23:27:02: [amxbans.amxx] [Amxbans] Query statement: 
L 09/23/2011 - 23:29:32: -------- Mapchange to zm_caca --------
L 09/23/2011 - 23:29:34: [amxbans.amxx] [AMXBANS] AMXBans 5.0 is online
L 09/23/2011 - 23:29:38: [amxbans.amxx] [Amxbans] Query failed!
L 09/23/2011 - 23:29:38: [amxbans.amxx] [Amxbans] Threaded query error, location: 18
L 09/23/2011 - 23:29:38: [amxbans.amxx] [Amxbans] Message: You have an error in your SQL syntax; check the manual that corresponds to your MySQL server version for the right syntax to use near ''' at line 1 (1064)
L 09/23/2011 - 23:29:38: [amxbans.amxx] [Amxbans] Query statement: 
L 09/23/2011 - 23:33:05: [admin_amxbans.amxx] Login: "Lenusjka<2534><STEAM_0:4:1429483121><>" kicked due to invalid password (account "Lenusjka") (address "91.190.52.3")
L 09/23/2011 - 23:49:55: -------- Mapchange to zm_xata --------
L 09/23/2011 - 23:49:57: [amxbans.amxx] [AMXBANS] AMXBans 5.0 is online
L 09/23/2011 - 23:50:00: [amxbans.amxx] [Amxbans] Query failed!
L 09/23/2011 - 23:50:00: [amxbans.amxx] [Amxbans] Threaded query error, location: 18
L 09/23/2011 - 23:50:00: [amxbans.amxx] [Amxbans] Message: You have an error in your SQL syntax; check the manual that corresponds to your MySQL server version for the right syntax to use near ''' at line 1 (1064)
L 09/23/2011 - 23:50:00: [amxbans.amxx] [Amxbans] Query statement: 
L 09/23/2011 - 23:50:21: [amxbans.amxx] [Amxbans] Query failed!
L 09/23/2011 - 23:50:21: [amxbans.amxx] [Amxbans] Threaded query error, location: 18
L 09/23/2011 - 23:50:21: [amxbans.amxx] [Amxbans] Message: You have an error in your SQL syntax; check the manual that corresponds to your MySQL server version for the right syntax to use near ''' at line 1 (1064)
L 09/23/2011 - 23:50:21: [amxbans.amxx] [Amxbans] Query statement: 
L 09/23/2011 - 23:57:15: [amxbans.amxx] [Amxbans] Query failed!
L 09/23/2011 - 23:57:15: [amxbans.amxx] [Amxbans] Threaded query error, location: 18
L 09/23/2011 - 23:57:15: [amxbans.amxx] [Amxbans] Message: You have an error in your SQL syntax; check the manual that corresponds to your MySQL server version for the right syntax to use near ''' at line 1 (1064)
L 09/23/2011 - 23:57:15: [amxbans.amxx] [Amxbans] Query statement: 
L 09/23/2011 - 23:58:49: [admin_amxbans.amxx] Login: "Zloy-Tupoy-Buhoy [Str,RUS]<2548><STEAM_0:4:909952499><>" became an admin (account "Zloy-Tupoy-Buhoy [Str,RUS]") (access "t") (address "95.105.37.197")
L 09/23/2011 - 23:59:40: [voteban.amxx] Voteban starter Zloy-Tupoy-Buhoy [Str,RUS] against WEREVADO STEAM_0:4:1125076336
L 09/23/2011 - 23:59:55: [voteban.amxx] [AMXX] BANNED: WEREVADO, STARTER: Zloy-Tupoy-Buhoy [Str,RUS]
