L 09/06/2011 - 00:16:11: -------- Mapchange to ze_train_back_lg --------
L 09/06/2011 - 00:16:14: [amxbans.amxx] [AMXBANS] AMXBans 5.0 подключен
L 09/06/2011 - 00:22:13: -------- Mapchange to cs_estate --------
L 09/06/2011 - 00:22:17: [amxbans.amxx] [AMXBANS] AMXBans 5.0 подключен
L 09/06/2011 - 00:30:37: -------- Mapchange to zm_vendetta --------
L 09/06/2011 - 00:30:39: [amxbans.amxx] [AMXBANS] AMXBans 5.0 подключен
L 09/06/2011 - 00:33:42: -------- Mapchange to cs_estate --------
L 09/06/2011 - 00:33:46: [amxbans.amxx] [AMXBANS] AMXBans 5.0 подключен
L 09/06/2011 - 00:42:06: -------- Mapchange to zm_alley --------
L 09/06/2011 - 00:42:08: [amxbans.amxx] [AMXBANS] AMXBans 5.0 подключен
L 09/06/2011 - 00:45:06: -------- Mapchange to cs_estate --------
L 09/06/2011 - 00:45:10: [amxbans.amxx] [AMXBANS] AMXBans 5.0 подключен
L 09/06/2011 - 00:53:30: -------- Mapchange to cs_militia --------
L 09/06/2011 - 00:53:38: [amxbans.amxx] [AMXBANS] AMXBans 5.0 подключен
L 09/06/2011 - 01:13:56: -------- Mapchange to zm_decline2k --------
L 09/06/2011 - 01:13:58: [amxbans.amxx] [AMXBANS] AMXBans 5.0 подключен
L 09/06/2011 - 01:38:50: -------- Mapchange to zm_cpl_mill_kamp --------
L 09/06/2011 - 01:38:52: [amxbans.amxx] [AMXBANS] AMXBans 5.0 подключен
L 09/06/2011 - 01:48:15: -------- Mapchange to cs_estate --------
L 09/06/2011 - 01:48:18: [amxbans.amxx] [AMXBANS] AMXBans 5.0 подключен
L 09/06/2011 - 01:58:11: -------- Mapchange to cs_estate --------
L 09/06/2011 - 01:58:14: [amxbans.amxx] [AMXBANS] AMXBans 5.0 подключен
L 09/06/2011 - 02:08:08: -------- Mapchange to cs_estate --------
L 09/06/2011 - 02:08:11: [amxbans.amxx] [AMXBANS] AMXBans 5.0 подключен
L 09/06/2011 - 02:25:19: -------- Mapchange to cs_estate --------
L 09/06/2011 - 02:25:22: [amxbans.amxx] [AMXBANS] AMXBans 5.0 подключен
L 09/06/2011 - 02:35:15: -------- Mapchange to cs_estate --------
L 09/06/2011 - 02:35:18: [amxbans.amxx] [AMXBANS] AMXBans 5.0 подключен
L 09/06/2011 - 02:45:11: -------- Mapchange to cs_estate --------
L 09/06/2011 - 02:45:14: [amxbans.amxx] [AMXBANS] AMXBans 5.0 подключен
L 09/06/2011 - 02:59:39: -------- Mapchange to zm_vendetta --------
L 09/06/2011 - 02:59:42: [amxbans.amxx] [AMXBANS] AMXBans 5.0 подключен
L 09/06/2011 - 03:03:36: -------- Mapchange to cs_estate --------
L 09/06/2011 - 03:03:39: [amxbans.amxx] [AMXBANS] AMXBans 5.0 подключен
L 09/06/2011 - 03:14:47: -------- Mapchange to cs_estate --------
L 09/06/2011 - 03:14:50: [amxbans.amxx] [AMXBANS] AMXBans 5.0 подключен
L 09/06/2011 - 03:25:08: -------- Mapchange to zm_alley --------
L 09/06/2011 - 03:25:10: [amxbans.amxx] [AMXBANS] AMXBans 5.0 подключен
L 09/06/2011 - 03:29:45: -------- Mapchange to cs_estate --------
L 09/06/2011 - 03:29:48: [amxbans.amxx] [AMXBANS] AMXBans 5.0 подключен
L 09/06/2011 - 03:42:22: -------- Mapchange to zm_decline2k --------
L 09/06/2011 - 03:42:24: [amxbans.amxx] [AMXBANS] AMXBans 5.0 подключен
L 09/06/2011 - 03:45:22: -------- Mapchange to cs_estate --------
L 09/06/2011 - 03:45:25: [amxbans.amxx] [AMXBANS] AMXBans 5.0 подключен
L 09/06/2011 - 03:53:45: -------- Mapchange to ze_egypt --------
L 09/06/2011 - 03:53:47: [amxbans.amxx] [AMXBANS] AMXBans 5.0 подключен
L 09/06/2011 - 03:56:45: -------- Mapchange to cs_estate --------
L 09/06/2011 - 03:56:48: [amxbans.amxx] [AMXBANS] AMXBans 5.0 подключен
L 09/06/2011 - 04:05:03: -------- Mapchange to zm_simple_b1 --------
L 09/06/2011 - 04:05:05: [amxbans.amxx] [AMXBANS] AMXBans 5.0 подключен
L 09/06/2011 - 04:08:03: -------- Mapchange to cs_estate --------
L 09/06/2011 - 04:08:06: [amxbans.amxx] [AMXBANS] AMXBans 5.0 подключен
L 09/06/2011 - 04:17:55: -------- Mapchange to ze_lift_escape_b5 --------
L 09/06/2011 - 04:17:57: [amxbans.amxx] [AMXBANS] AMXBans 5.0 подключен
L 09/06/2011 - 04:20:55: -------- Mapchange to cs_estate --------
L 09/06/2011 - 04:20:58: [amxbans.amxx] [AMXBANS] AMXBans 5.0 подключен
L 09/06/2011 - 04:30:52: -------- Mapchange to cs_estate --------
L 09/06/2011 - 04:30:55: [amxbans.amxx] [AMXBANS] AMXBans 5.0 подключен
L 09/06/2011 - 04:40:48: -------- Mapchange to cs_estate --------
L 09/06/2011 - 04:40:51: [amxbans.amxx] [AMXBANS] AMXBans 5.0 подключен
L 09/06/2011 - 04:50:44: -------- Mapchange to cs_estate --------
L 09/06/2011 - 04:50:47: [amxbans.amxx] [AMXBANS] AMXBans 5.0 подключен
L 09/06/2011 - 05:00:40: -------- Mapchange to cs_estate --------
L 09/06/2011 - 05:00:43: [amxbans.amxx] [AMXBANS] AMXBans 5.0 подключен
L 09/06/2011 - 05:10:37: -------- Mapchange to cs_estate --------
L 09/06/2011 - 05:10:40: [amxbans.amxx] [AMXBANS] AMXBans 5.0 подключен
L 09/06/2011 - 05:20:33: -------- Mapchange to cs_estate --------
L 09/06/2011 - 05:20:36: [amxbans.amxx] [AMXBANS] AMXBans 5.0 подключен
L 09/06/2011 - 05:30:29: -------- Mapchange to cs_estate --------
L 09/06/2011 - 05:30:32: [amxbans.amxx] [AMXBANS] AMXBans 5.0 подключен
L 09/06/2011 - 05:40:25: -------- Mapchange to cs_estate --------
L 09/06/2011 - 05:40:28: [amxbans.amxx] [AMXBANS] AMXBans 5.0 подключен
L 09/06/2011 - 05:50:22: -------- Mapchange to cs_estate --------
L 09/06/2011 - 05:50:25: [amxbans.amxx] [AMXBANS] AMXBans 5.0 подключен
L 09/06/2011 - 06:00:18: -------- Mapchange to cs_estate --------
L 09/06/2011 - 06:00:21: [amxbans.amxx] [AMXBANS] AMXBans 5.0 подключен
L 09/06/2011 - 06:10:14: -------- Mapchange to cs_estate --------
L 09/06/2011 - 06:10:17: [amxbans.amxx] [AMXBANS] AMXBans 5.0 подключен
L 09/06/2011 - 06:20:10: -------- Mapchange to cs_estate --------
L 09/06/2011 - 06:20:13: [amxbans.amxx] [AMXBANS] AMXBans 5.0 подключен
L 09/06/2011 - 06:30:07: -------- Mapchange to cs_estate --------
L 09/06/2011 - 06:30:09: [amxbans.amxx] [AMXBANS] AMXBans 5.0 подключен
L 09/06/2011 - 06:42:03: -------- Mapchange to cs_estate --------
L 09/06/2011 - 06:42:06: [amxbans.amxx] [AMXBANS] AMXBans 5.0 подключен
L 09/06/2011 - 06:51:59: -------- Mapchange to cs_estate --------
L 09/06/2011 - 06:52:02: [amxbans.amxx] [AMXBANS] AMXBans 5.0 подключен
L 09/06/2011 - 07:01:55: -------- Mapchange to cs_estate --------
L 09/06/2011 - 07:01:58: [amxbans.amxx] [AMXBANS] AMXBans 5.0 подключен
L 09/06/2011 - 07:11:52: -------- Mapchange to cs_estate --------
L 09/06/2011 - 07:11:55: [amxbans.amxx] [AMXBANS] AMXBans 5.0 подключен
L 09/06/2011 - 07:21:48: -------- Mapchange to cs_estate --------
L 09/06/2011 - 07:21:51: [amxbans.amxx] [AMXBANS] AMXBans 5.0 подключен
L 09/06/2011 - 07:38:41: -------- Mapchange to ze_train_back_lg --------
L 09/06/2011 - 07:38:43: [amxbans.amxx] [AMXBANS] AMXBans 5.0 подключен
L 09/06/2011 - 07:41:41: -------- Mapchange to cs_estate --------
L 09/06/2011 - 07:41:44: [amxbans.amxx] [AMXBANS] AMXBans 5.0 подключен
L 09/06/2011 - 07:51:37: -------- Mapchange to cs_estate --------
L 09/06/2011 - 07:51:40: [amxbans.amxx] [AMXBANS] AMXBans 5.0 подключен
L 09/06/2011 - 08:07:33: -------- Mapchange to cs_estate --------
L 09/06/2011 - 08:07:36: [amxbans.amxx] [AMXBANS] AMXBans 5.0 подключен
L 09/06/2011 - 08:15:56: -------- Mapchange to zm_caca --------
L 09/06/2011 - 08:15:58: [amxbans.amxx] [AMXBANS] AMXBans 5.0 подключен
L 09/06/2011 - 08:19:25: -------- Mapchange to cs_estate --------
L 09/06/2011 - 08:19:28: [amxbans.amxx] [AMXBANS] AMXBans 5.0 подключен
L 09/06/2011 - 08:26:57: -------- Mapchange to ze_egypt --------
L 09/06/2011 - 08:26:59: [amxbans.amxx] [AMXBANS] AMXBans 5.0 подключен
L 09/06/2011 - 08:31:47: -------- Mapchange to cs_estate --------
L 09/06/2011 - 08:31:51: [amxbans.amxx] [AMXBANS] AMXBans 5.0 подключен
L 09/06/2011 - 08:40:26: -------- Mapchange to zm_cpl_mill_kamp --------
L 09/06/2011 - 08:40:29: [amxbans.amxx] [AMXBANS] AMXBans 5.0 подключен
L 09/06/2011 - 08:43:27: -------- Mapchange to cs_estate --------
L 09/06/2011 - 08:43:31: [amxbans.amxx] [AMXBANS] AMXBans 5.0 подключен
L 09/06/2011 - 09:01:16: -------- Mapchange to 016 --------
L 09/06/2011 - 09:01:18: [amxbans.amxx] [AMXBANS] AMXBans 5.0 подключен
L 09/06/2011 - 09:18:19: -------- Mapchange to cs_estate --------
L 09/06/2011 - 09:18:23: [amxbans.amxx] [AMXBANS] AMXBans 5.0 подключен
L 09/06/2011 - 09:30:43: -------- Mapchange to zm_alley --------
L 09/06/2011 - 09:30:45: [amxbans.amxx] [AMXBANS] AMXBans 5.0 подключен
L 09/06/2011 - 09:33:44: -------- Mapchange to cs_estate --------
L 09/06/2011 - 09:33:47: [amxbans.amxx] [AMXBANS] AMXBans 5.0 подключен
L 09/06/2011 - 09:48:07: -------- Mapchange to zm_decline2k --------
L 09/06/2011 - 09:48:08: [amxbans.amxx] [AMXBANS] AMXBans 5.0 подключен
L 09/06/2011 - 09:51:48: -------- Mapchange to cs_estate --------
L 09/06/2011 - 09:51:51: [amxbans.amxx] [AMXBANS] AMXBans 5.0 подключен
L 09/06/2011 - 10:02:21: -------- Mapchange to ze_lift_escape_b5 --------
L 09/06/2011 - 10:02:23: [amxbans.amxx] [AMXBANS] AMXBans 5.0 подключен
L 09/06/2011 - 10:15:26: -------- Mapchange to ze_egypt --------
L 09/06/2011 - 10:15:28: [amxbans.amxx] [AMXBANS] AMXBans 5.0 подключен
L 09/06/2011 - 10:32:36: -------- Mapchange to zm_fdust2x2 --------
L 09/06/2011 - 10:32:38: [amxbans.amxx] [AMXBANS] AMXBans 5.0 подключен
L 09/06/2011 - 10:53:14: -------- Mapchange to zm_303 --------
L 09/06/2011 - 10:53:16: [amxbans.amxx] [AMXBANS] AMXBans 5.0 подключен
L 09/06/2011 - 11:14:38: -------- Mapchange to zm_666_brick --------
L 09/06/2011 - 11:14:40: [amxbans.amxx] [AMXBANS] AMXBans 5.0 подключен
L 09/06/2011 - 11:34:53: -------- Mapchange to zm_toxic_house --------
L 09/06/2011 - 11:34:56: [amxbans.amxx] [AMXBANS] AMXBans 5.0 подключен
L 09/06/2011 - 11:42:18: -------- Mapchange to zm_alley --------
L 09/06/2011 - 11:42:20: [amxbans.amxx] [AMXBANS] AMXBans 5.0 подключен
L 09/06/2011 - 12:05:18: -------- Mapchange to 016 --------
L 09/06/2011 - 12:05:20: [amxbans.amxx] [AMXBANS] AMXBans 5.0 подключен
L 09/06/2011 - 12:26:34: -------- Mapchange to zm_decline2k --------
L 09/06/2011 - 12:26:36: [amxbans.amxx] [AMXBANS] AMXBans 5.0 подключен
L 09/06/2011 - 12:46:56: -------- Mapchange to zm_neris --------
L 09/06/2011 - 12:46:58: [amxbans.amxx] [AMXBANS] AMXBans 5.0 подключен
L 09/06/2011 - 13:07:27: -------- Mapchange to zm_vendetta --------
L 09/06/2011 - 13:07:29: [amxbans.amxx] [AMXBANS] AMXBans 5.0 подключен
L 09/06/2011 - 13:28:28: -------- Mapchange to ze_train_back_lg --------
L 09/06/2011 - 13:28:30: [amxbans.amxx] [AMXBANS] AMXBans 5.0 подключен
L 09/06/2011 - 13:44:58: -------- Mapchange to ze_lift_escape_b5 --------
L 09/06/2011 - 13:45:00: [amxbans.amxx] [AMXBANS] AMXBans 5.0 подключен
L 09/06/2011 - 14:00:28: -------- Mapchange to zm_simple_b1 --------
L 09/06/2011 - 14:00:30: [amxbans.amxx] [AMXBANS] AMXBans 5.0 подключен
L 09/06/2011 - 14:20:32: -------- Mapchange to zm_caca --------
L 09/06/2011 - 14:20:33: [amxbans.amxx] [AMXBANS] AMXBans 5.0 подключен
L 09/06/2011 - 14:24:01: [admin_amxbans.amxx] Login: "bomj<1618><STEAM_0:0:21084527><>" became an admin (account "91.192.190.95") (access "abcdefghijklmnopqstu") (address "91.192.190.95")
L 09/06/2011 - 14:24:04: [admin_amxbans.amxx] Login: "bomj<1619><STEAM_0:0:21084527><>" became an admin (account "91.192.190.95") (access "abcdefghijklmnopqstu") (address "91.192.190.95")
L 09/06/2011 - 14:42:06: -------- Mapchange to ze_egypt --------
L 09/06/2011 - 14:42:06: [admin_amxbans.amxx] Login: "bomj<1619><STEAM_0:0:21084527><>" became an admin (account "91.192.190.95") (access "abcdefghijklmnopqstu") (address "91.192.190.95")
L 09/06/2011 - 14:42:07: [amxbans.amxx] [AMXBANS] AMXBans 5.0 подключен
L 09/06/2011 - 14:42:10: [admin_amxbans.amxx] Login: "bomj<1643><STEAM_0:0:21084527><>" became an admin (account "91.192.190.95") (access "abcdefghijklmnopqstu") (address "91.192.190.95")
L 09/06/2011 - 14:45:52: [admin_amxbans.amxx] Login: "CbIpHa9I roJIoBa<1658><STEAM_0:4:446327478><>" became an admin (account "212.55.104.156") (access "abcdefgijlmnopqrstu") (address "212.55.104.156")
L 09/06/2011 - 14:45:58: [admin_amxbans.amxx] Login: "CbIpHa9I roJIoBa<1659><STEAM_0:4:446327478><>" became an admin (account "212.55.104.156") (access "abcdefgijlmnopqrstu") (address "212.55.104.156")
L 09/06/2011 - 14:47:40: [adminchat.amxx] Chat: "CbIpHa9I roJIoBa<1659><STEAM_0:4:446327478><>" chat "IIpuBet 6om}I{)"
L 09/06/2011 - 14:48:46: [adminchat.amxx] Chat: "CbIpHa9I roJIoBa<1659><STEAM_0:4:446327478><>" chat "bomj? "
L 09/06/2011 - 14:49:16: [adminchat.amxx] Chat: "CbIpHa9I roJIoBa<1659><STEAM_0:4:446327478><>" chat "tbI kto? He Dumka to4Ho"
L 09/06/2011 - 14:49:58: [plmenu.amxx] Cmd: "CbIpHa9I roJIoBa<1659><STEAM_0:4:446327478><>" slap with 0 damage "CbIpHa9I roJIoBa<1659><STEAM_0:4:446327478><>"
L 09/06/2011 - 14:50:13: [plmenu.amxx] Cmd: "CbIpHa9I roJIoBa<1659><STEAM_0:4:446327478><>" slap with 0 damage "CbIpHa9I roJIoBa<1659><STEAM_0:4:446327478><>"
L 09/06/2011 - 14:57:51: [admincmd.amxx] Cmd: "CbIpHa9I roJIoBa<1659><STEAM_0:4:446327478><>" ask for players list
L 09/06/2011 - 14:58:41: -------- Mapchange to 016 --------
L 09/06/2011 - 14:58:42: [admin_amxbans.amxx] Login: "bomj<1643><STEAM_0:0:21084527><>" became an admin (account "91.192.190.95") (access "abcdefghijklmnopqstu") (address "91.192.190.95")
L 09/06/2011 - 14:58:42: [admin_amxbans.amxx] Login: "CbIpHa9I roJIoBa<1659><STEAM_0:4:446327478><>" became an admin (account "212.55.104.156") (access "abcdefgijlmnopqrstu") (address "212.55.104.156")
L 09/06/2011 - 14:58:42: [amxbans.amxx] [AMXBANS] AMXBans 5.0 подключен
L 09/06/2011 - 15:00:27: [plmenu.amxx] Kick: "CbIpHa9I roJIoBa<1659><STEAM_0:4:446327478><>" kick "MIBIHA<1674><STEAM_0:0:422593917><>"
L 09/06/2011 - 15:03:44: [adminchat.amxx] Chat: "CbIpHa9I roJIoBa<1659><STEAM_0:4:446327478><>" chat "bomj)))"
L 09/06/2011 - 15:08:05: [admin_amxbans.amxx] Login: "MB<1659><STEAM_0:4:446327478><>" became an admin (account "212.55.104.156") (access "abcdefgijlmnopqrstu") (address "212.55.104.156")
L 09/06/2011 - 15:10:17: [mapsmenu.amxx] Cmd: "MB<1659><STEAM_0:4:446327478><>" changelevel "zm_666_brick"
L 09/06/2011 - 15:10:19: -------- Mapchange to zm_666_brick --------
L 09/06/2011 - 15:10:20: [admin_amxbans.amxx] Login: "bomj<1643><STEAM_0:0:21084527><>" became an admin (account "91.192.190.95") (access "abcdefghijklmnopqstu") (address "91.192.190.95")
L 09/06/2011 - 15:10:21: [admin_amxbans.amxx] Login: "MB<1659><STEAM_0:4:446327478><>" became an admin (account "212.55.104.156") (access "abcdefgijlmnopqrstu") (address "212.55.104.156")
L 09/06/2011 - 15:10:21: [amxbans.amxx] [AMXBANS] AMXBans 5.0 подключен
L 09/06/2011 - 15:30:42: -------- Mapchange to zm_alley --------
L 09/06/2011 - 15:30:44: [amxbans.amxx] [AMXBANS] AMXBans 5.0 подключен
L 09/06/2011 - 15:53:43: -------- Mapchange to ze_jurassicpark --------
L 09/06/2011 - 15:53:45: [amxbans.amxx] [AMXBANS] AMXBans 5.0 подключен
L 09/06/2011 - 16:09:59: -------- Mapchange to ze_train_back_lg --------
L 09/06/2011 - 16:10:02: [amxbans.amxx] [AMXBANS] AMXBans 5.0 подключен
L 09/06/2011 - 16:24:09: -------- Mapchange to zm_decline2k --------
L 09/06/2011 - 16:24:11: [amxbans.amxx] [AMXBANS] AMXBans 5.0 подключен
L 09/06/2011 - 16:45:52: -------- Mapchange to ze_lift_escape_b5 --------
L 09/06/2011 - 16:45:54: [amxbans.amxx] [AMXBANS] AMXBans 5.0 подключен
L 09/06/2011 - 16:59:39: -------- Mapchange to zm_cpl_mill_kamp --------
L 09/06/2011 - 16:59:41: [amxbans.amxx] [AMXBANS] AMXBans 5.0 подключен
L 09/06/2011 - 17:09:57: -------- Mapchange to zm_neris --------
L 09/06/2011 - 17:09:59: [amxbans.amxx] [AMXBANS] AMXBans 5.0 подключен
L 09/06/2011 - 17:16:54: -------- Mapchange to zm_fdust2x2 --------
L 09/06/2011 - 17:16:56: [amxbans.amxx] [AMXBANS] AMXBans 5.0 подключен
L 09/06/2011 - 17:23:33: -------- Mapchange to zm_666_brick --------
L 09/06/2011 - 17:23:35: [amxbans.amxx] [AMXBANS] AMXBans 5.0 подключен
L 09/06/2011 - 17:33:49: -------- Mapchange to zm_303 --------
L 09/06/2011 - 17:33:51: [amxbans.amxx] [AMXBANS] AMXBans 5.0 подключен
L 09/06/2011 - 17:40:45: -------- Mapchange to 016 --------
L 09/06/2011 - 17:40:47: [amxbans.amxx] [AMXBANS] AMXBans 5.0 подключен
L 09/06/2011 - 17:54:59: [admin_amxbans.amxx] Login: "P!Tu<1964><STEAM_0:0:25649157><>" became an admin (account "P!Tu") (access "t") (address "91.193.40.21")
L 09/06/2011 - 18:01:56: -------- Mapchange to cs_militia --------
L 09/06/2011 - 18:02:03: [amxbans.amxx] [AMXBANS] AMXBans 5.0 подключен
L 09/06/2011 - 18:14:03: [admin_amxbans.amxx] Login: "Kenny<1990><STEAM_0:0:963405193><>" became an admin (account "Kenny") (access "abcdefghijlmnopqstu") (address "109.161.86.222")
L 09/06/2011 - 18:15:52: -------- Mapchange to zm_simple_b1 --------
L 09/06/2011 - 18:15:54: [admin_amxbans.amxx] Login: "Kenny<1990><STEAM_0:0:963405193><>" became an admin (account "Kenny") (access "abcdefghijlmnopqstu") (address "109.161.86.222")
L 09/06/2011 - 18:15:54: [amxbans.amxx] [AMXBANS] AMXBans 5.0 подключен
L 09/06/2011 - 18:22:48: -------- Mapchange to zm_caca --------
L 09/06/2011 - 18:22:50: [amxbans.amxx] [AMXBANS] AMXBans 5.0 подключен
L 09/06/2011 - 18:25:17: [admin_amxbans.amxx] Login: "bomj<2018><STEAM_0:0:21084527><>" became an admin (account "91.192.190.95") (access "abcdefghijklmnopqstu") (address "91.192.190.95")
L 09/06/2011 - 18:42:53: -------- Mapchange to ze_egypt --------
L 09/06/2011 - 18:42:55: [amxbans.amxx] [AMXBANS] AMXBans 5.0 подключен
L 09/06/2011 - 19:00:08: -------- Mapchange to zm_decline2k --------
L 09/06/2011 - 19:00:10: [amxbans.amxx] [AMXBANS] AMXBans 5.0 подключен
L 09/06/2011 - 19:23:10: -------- Mapchange to ze_lift_escape_b5 --------
L 09/06/2011 - 19:23:13: [amxbans.amxx] [AMXBANS] AMXBans 5.0 подключен
L 09/06/2011 - 19:27:36: [admin_amxbans.amxx] Login: "Lenusjka<2087><STEAM_0:4:1429483121><>" became an admin (account "Lenusjka") (access "et") (address "91.190.52.3")
L 09/06/2011 - 19:30:53: [admincmd.amxx] Cmd: "Lenusjka<2087><STEAM_0:4:1429483121><>" slap with 1000 damage "v_1<2084><STEAM_0:4:1591181387><>"
L 09/06/2011 - 19:34:50: [admin_amxbans.amxx] Login: "P!Tu<2094><STEAM_0:0:25649157><>" became an admin (account "P!Tu") (access "t") (address "91.193.40.21")
L 09/06/2011 - 19:39:14: -------- Mapchange to zm_cpl_mill_kamp --------
L 09/06/2011 - 19:39:16: [admin_amxbans.amxx] Login: "P!Tu<2094><STEAM_0:0:25649157><>" became an admin (account "P!Tu") (access "t") (address "91.193.40.21")
L 09/06/2011 - 19:39:17: [amxbans.amxx] [AMXBANS] AMXBans 5.0 подключен
L 09/06/2011 - 19:59:41: -------- Mapchange to ze_train_back_lg --------
L 09/06/2011 - 19:59:43: [admin_amxbans.amxx] Login: "P!Tu<2094><STEAM_0:0:25649157><>" became an admin (account "P!Tu") (access "t") (address "91.193.40.21")
L 09/06/2011 - 19:59:43: [amxbans.amxx] [AMXBANS] AMXBans 5.0 подключен
L 09/06/2011 - 20:21:30: -------- Mapchange to zm_666_brick --------
L 09/06/2011 - 20:21:32: [amxbans.amxx] [AMXBANS] AMXBans 5.0 подключен
L 09/06/2011 - 20:36:17: [admin_amxbans.amxx] Login: "Kenny<2190><STEAM_0:0:963405193><>" became an admin (account "Kenny") (access "abcdefghijlmnopqstu") (address "109.161.86.222")
L 09/06/2011 - 20:43:39: -------- Mapchange to zm_alley --------
L 09/06/2011 - 20:43:41: [amxbans.amxx] [AMXBANS] AMXBans 5.0 подключен
L 09/06/2011 - 20:53:56: -------- Mapchange to 016 --------
L 09/06/2011 - 20:53:58: [amxbans.amxx] [AMXBANS] AMXBans 5.0 подключен
L 09/06/2011 - 21:00:52: -------- Mapchange to zm_303 --------
L 09/06/2011 - 21:00:54: [amxbans.amxx] [AMXBANS] AMXBans 5.0 подключен
L 09/06/2011 - 21:23:03: -------- Mapchange to zm_neris --------
L 09/06/2011 - 21:23:05: [amxbans.amxx] [AMXBANS] AMXBans 5.0 подключен
L 09/06/2011 - 21:27:51: [admin_amxbans.amxx] Login: "Lenusjka<2325><STEAM_0:4:1429483121><>" became an admin (account "Lenusjka") (access "et") (address "91.190.52.3")
L 09/06/2011 - 21:43:24: -------- Mapchange to ze_jurassicpark --------
L 09/06/2011 - 21:43:26: [amxbans.amxx] [AMXBANS] AMXBans 5.0 подключен
L 09/06/2011 - 22:06:39: -------- Mapchange to zm_caca --------
L 09/06/2011 - 22:06:41: [amxbans.amxx] [AMXBANS] AMXBans 5.0 подключен
L 09/06/2011 - 22:29:49: -------- Mapchange to ze_lift_escape_b5 --------
L 09/06/2011 - 22:29:51: [amxbans.amxx] [AMXBANS] AMXBans 5.0 подключен
L 09/06/2011 - 22:47:29: -------- Mapchange to ze_train_back_lg --------
L 09/06/2011 - 22:47:31: [amxbans.amxx] [AMXBANS] AMXBans 5.0 подключен
L 09/06/2011 - 23:09:46: -------- Mapchange to zm_cpl_mill_kamp --------
L 09/06/2011 - 23:09:48: [amxbans.amxx] [AMXBANS] AMXBans 5.0 подключен
L 09/06/2011 - 23:31:53: -------- Mapchange to zm_fdust2x2 --------
L 09/06/2011 - 23:31:54: [amxbans.amxx] [AMXBANS] AMXBans 5.0 подключен
L 09/06/2011 - 23:50:14: -------- Mapchange to zm_xata --------
L 09/06/2011 - 23:50:16: [amxbans.amxx] [AMXBANS] AMXBans 5.0 подключен
L 09/06/2011 - 23:51:05: [admin_amxbans.amxx] Login: "Kenny<2440><STEAM_0:0:963405193><>" became an admin (account "Kenny") (access "abcdefghijlmnopqstu") (address "109.161.86.222")
L 09/06/2011 - 23:51:12: [admin_amxbans.amxx] Login: "Kenny<2441><STEAM_0:0:963405193><>" became an admin (account "Kenny") (access "abcdefghijlmnopqstu") (address "109.161.86.222")
L 09/06/2011 - 23:53:14: -------- Mapchange to cs_estate --------
L 09/06/2011 - 23:53:17: [amxbans.amxx] [AMXBANS] AMXBans 5.0 подключен
