L 09/12/2011 - 00:15:59: -------- Mapchange to ze_train_back_lg --------
L 09/12/2011 - 00:16:01: [amxbans.amxx] [AMXBANS] AMXBans 5.0 подключен
L 09/12/2011 - 00:32:29: -------- Mapchange to zm_neris --------
L 09/12/2011 - 00:32:31: [amxbans.amxx] [AMXBANS] AMXBans 5.0 подключен
L 09/12/2011 - 00:54:35: -------- Mapchange to 016 --------
L 09/12/2011 - 00:54:36: [amxbans.amxx] [AMXBANS] AMXBans 5.0 подключен
L 09/12/2011 - 01:25:18: -------- Mapchange to zm_666_brick --------
L 09/12/2011 - 01:25:19: [amxbans.amxx] [AMXBANS] AMXBans 5.0 подключен
L 09/12/2011 - 01:46:54: -------- Mapchange to ze_jurassicpark --------
L 09/12/2011 - 01:46:55: [amxbans.amxx] [AMXBANS] AMXBans 5.0 подключен
L 09/12/2011 - 01:49:08: [admin_amxbans.amxx] Login: "Kenny<1503><STEAM_0:0:963405193><>" became an admin (account "Kenny") (access "abcdefghijlmnopqstu") (address "109.161.92.94")
L 09/12/2011 - 01:49:52: [admincmd.amxx] Cmd: "Kenny<1503><STEAM_0:0:963405193><>" ask for players list
L 09/12/2011 - 02:09:20: -------- Mapchange to zm_vendetta --------
L 09/12/2011 - 02:09:22: [amxbans.amxx] [AMXBANS] AMXBans 5.0 подключен
L 09/12/2011 - 02:14:38: -------- Mapchange to cs_estate --------
L 09/12/2011 - 02:14:40: [amxbans.amxx] [AMXBANS] AMXBans 5.0 подключен
L 09/12/2011 - 02:24:33: -------- Mapchange to cs_estate --------
L 09/12/2011 - 02:24:36: [amxbans.amxx] [AMXBANS] AMXBans 5.0 подключен
L 09/12/2011 - 02:33:11: -------- Mapchange to ze_egypt --------
L 09/12/2011 - 02:33:12: [amxbans.amxx] [AMXBANS] AMXBans 5.0 подключен
L 09/12/2011 - 02:41:09: -------- Mapchange to cs_estate --------
L 09/12/2011 - 02:41:12: [amxbans.amxx] [AMXBANS] AMXBans 5.0 подключен
L 09/12/2011 - 02:51:05: -------- Mapchange to cs_estate --------
L 09/12/2011 - 02:51:08: [amxbans.amxx] [AMXBANS] AMXBans 5.0 подключен
L 09/12/2011 - 03:01:01: -------- Mapchange to cs_estate --------
L 09/12/2011 - 03:01:03: [amxbans.amxx] [AMXBANS] AMXBans 5.0 подключен
L 09/12/2011 - 03:10:57: -------- Mapchange to cs_estate --------
L 09/12/2011 - 03:10:59: [amxbans.amxx] [AMXBANS] AMXBans 5.0 подключен
L 09/12/2011 - 03:20:53: -------- Mapchange to cs_estate --------
L 09/12/2011 - 03:20:55: [amxbans.amxx] [AMXBANS] AMXBans 5.0 подключен
L 09/12/2011 - 03:30:49: -------- Mapchange to cs_estate --------
L 09/12/2011 - 03:30:51: [amxbans.amxx] [AMXBANS] AMXBans 5.0 подключен
L 09/12/2011 - 03:40:44: -------- Mapchange to cs_estate --------
L 09/12/2011 - 03:40:47: [amxbans.amxx] [AMXBANS] AMXBans 5.0 подключен
L 09/12/2011 - 03:50:40: -------- Mapchange to cs_estate --------
L 09/12/2011 - 03:50:43: [amxbans.amxx] [AMXBANS] AMXBans 5.0 подключен
L 09/12/2011 - 04:00:31: -------- Mapchange to cs_estate --------
L 09/12/2011 - 04:00:34: [amxbans.amxx] [AMXBANS] AMXBans 5.0 подключен
L 09/12/2011 - 04:12:27: -------- Mapchange to cs_estate --------
L 09/12/2011 - 04:12:30: [amxbans.amxx] [AMXBANS] AMXBans 5.0 подключен
L 09/12/2011 - 04:22:23: -------- Mapchange to cs_estate --------
L 09/12/2011 - 04:22:25: [amxbans.amxx] [AMXBANS] AMXBans 5.0 подключен
L 09/12/2011 - 04:32:19: -------- Mapchange to cs_estate --------
L 09/12/2011 - 04:32:21: [amxbans.amxx] [AMXBANS] AMXBans 5.0 подключен
L 09/12/2011 - 04:42:15: -------- Mapchange to cs_estate --------
L 09/12/2011 - 04:42:17: [amxbans.amxx] [AMXBANS] AMXBans 5.0 подключен
L 09/12/2011 - 04:52:11: -------- Mapchange to cs_estate --------
L 09/12/2011 - 04:52:13: [amxbans.amxx] [AMXBANS] AMXBans 5.0 подключен
L 09/12/2011 - 05:02:06: -------- Mapchange to cs_estate --------
L 09/12/2011 - 05:02:09: [amxbans.amxx] [AMXBANS] AMXBans 5.0 подключен
L 09/12/2011 - 05:12:02: -------- Mapchange to cs_estate --------
L 09/12/2011 - 05:12:05: [amxbans.amxx] [AMXBANS] AMXBans 5.0 подключен
L 09/12/2011 - 05:21:58: -------- Mapchange to cs_estate --------
L 09/12/2011 - 05:22:01: [amxbans.amxx] [AMXBANS] AMXBans 5.0 подключен
L 09/12/2011 - 05:31:54: -------- Mapchange to cs_estate --------
L 09/12/2011 - 05:31:57: [amxbans.amxx] [AMXBANS] AMXBans 5.0 подключен
L 09/12/2011 - 05:41:50: -------- Mapchange to cs_estate --------
L 09/12/2011 - 05:41:53: [amxbans.amxx] [AMXBANS] AMXBans 5.0 подключен
L 09/12/2011 - 05:50:13: -------- Mapchange to ze_egypt --------
L 09/12/2011 - 05:50:14: [amxbans.amxx] [AMXBANS] AMXBans 5.0 подключен
L 09/12/2011 - 05:53:12: -------- Mapchange to cs_estate --------
L 09/12/2011 - 05:53:15: [amxbans.amxx] [AMXBANS] AMXBans 5.0 подключен
L 09/12/2011 - 06:03:08: -------- Mapchange to cs_estate --------
L 09/12/2011 - 06:03:11: [amxbans.amxx] [AMXBANS] AMXBans 5.0 подключен
L 09/12/2011 - 06:11:31: -------- Mapchange to zm_fdust2x2 --------
L 09/12/2011 - 06:11:32: [amxbans.amxx] [AMXBANS] AMXBans 5.0 подключен
L 09/12/2011 - 06:14:31: -------- Mapchange to cs_estate --------
L 09/12/2011 - 06:14:33: [amxbans.amxx] [AMXBANS] AMXBans 5.0 подключен
L 09/12/2011 - 06:25:42: -------- Mapchange to cs_estate --------
L 09/12/2011 - 06:25:44: [amxbans.amxx] [AMXBANS] AMXBans 5.0 подключен
L 09/12/2011 - 06:40:19: -------- Mapchange to 016 --------
L 09/12/2011 - 06:40:21: [amxbans.amxx] [AMXBANS] AMXBans 5.0 подключен
L 09/12/2011 - 06:46:16: -------- Mapchange to cs_estate --------
L 09/12/2011 - 06:46:18: [amxbans.amxx] [AMXBANS] AMXBans 5.0 подключен
L 09/12/2011 - 07:02:27: -------- Mapchange to cs_estate --------
L 09/12/2011 - 07:02:29: [amxbans.amxx] [AMXBANS] AMXBans 5.0 подключен
L 09/12/2011 - 07:20:33: -------- Mapchange to cs_estate --------
L 09/12/2011 - 07:20:35: [amxbans.amxx] [AMXBANS] AMXBans 5.0 подключен
L 09/12/2011 - 07:30:29: -------- Mapchange to cs_estate --------
L 09/12/2011 - 07:30:31: [amxbans.amxx] [AMXBANS] AMXBans 5.0 подключен
L 09/12/2011 - 07:40:25: -------- Mapchange to cs_estate --------
L 09/12/2011 - 07:40:27: [amxbans.amxx] [AMXBANS] AMXBans 5.0 подключен
L 09/12/2011 - 07:55:20: -------- Mapchange to cs_estate --------
L 09/12/2011 - 07:55:23: [amxbans.amxx] [AMXBANS] AMXBans 5.0 подключен
L 09/12/2011 - 08:05:16: -------- Mapchange to cs_estate --------
L 09/12/2011 - 08:05:19: [amxbans.amxx] [AMXBANS] AMXBans 5.0 подключен
L 09/12/2011 - 08:25:10: -------- Mapchange to cs_estate --------
L 09/12/2011 - 08:25:13: [amxbans.amxx] [AMXBANS] AMXBans 5.0 подключен
L 09/12/2011 - 08:33:33: -------- Mapchange to zm_fdust2x2 --------
L 09/12/2011 - 08:33:34: [amxbans.amxx] [AMXBANS] AMXBans 5.0 подключен
L 09/12/2011 - 08:56:46: -------- Mapchange to zm_dwarf --------
L 09/12/2011 - 08:56:48: [amxbans.amxx] [AMXBANS] AMXBans 5.0 подключен
L 09/12/2011 - 09:15:08: -------- Mapchange to 016 --------
L 09/12/2011 - 09:15:10: [amxbans.amxx] [AMXBANS] AMXBans 5.0 подключен
L 09/12/2011 - 09:42:42: [amxbans.amxx] [Amxbans] Запрос провален!
L 09/12/2011 - 09:42:42: [amxbans.amxx] [Amxbans] Ошибка, адрес: 18
L 09/12/2011 - 09:42:42: [amxbans.amxx] [Amxbans] Сообщение: You have an error in your SQL syntax; check the manual that corresponds to your MySQL server version for the right syntax to use near '' at line 1 (1064)
L 09/12/2011 - 09:42:42: [amxbans.amxx] [Amxbans] Статус запроса: 
L 09/12/2011 - 09:46:24: -------- Mapchange to ze_egypt --------
L 09/12/2011 - 09:46:25: [amxbans.amxx] [AMXBANS] AMXBans 5.0 подключен
L 09/12/2011 - 09:46:28: [amxbans.amxx] [Amxbans] Запрос провален!
L 09/12/2011 - 09:46:28: [amxbans.amxx] [Amxbans] Ошибка, адрес: 18
L 09/12/2011 - 09:46:28: [amxbans.amxx] [Amxbans] Сообщение: You have an error in your SQL syntax; check the manual that corresponds to your MySQL server version for the right syntax to use near '' at line 1 (1064)
L 09/12/2011 - 09:46:28: [amxbans.amxx] [Amxbans] Статус запроса: 
L 09/12/2011 - 09:46:30: [amxbans.amxx] [Amxbans] Запрос провален!
L 09/12/2011 - 09:46:30: [amxbans.amxx] [Amxbans] Ошибка, адрес: 18
L 09/12/2011 - 09:46:30: [amxbans.amxx] [Amxbans] Сообщение: You have an error in your SQL syntax; check the manual that corresponds to your MySQL server version for the right syntax to use near '' at line 1 (1064)
L 09/12/2011 - 09:46:30: [amxbans.amxx] [Amxbans] Статус запроса: 
L 09/12/2011 - 09:52:26: -------- Mapchange to zm_303 --------
L 09/12/2011 - 09:52:28: [amxbans.amxx] [AMXBANS] AMXBans 5.0 подключен
L 09/12/2011 - 09:52:31: [amxbans.amxx] [Amxbans] Запрос провален!
L 09/12/2011 - 09:52:31: [amxbans.amxx] [Amxbans] Ошибка, адрес: 18
L 09/12/2011 - 09:52:31: [amxbans.amxx] [Amxbans] Сообщение: You have an error in your SQL syntax; check the manual that corresponds to your MySQL server version for the right syntax to use near '' at line 1 (1064)
L 09/12/2011 - 09:52:31: [amxbans.amxx] [Amxbans] Статус запроса: 
L 09/12/2011 - 10:07:14: [amxbans.amxx] [Amxbans] Запрос провален!
L 09/12/2011 - 10:07:14: [amxbans.amxx] [Amxbans] Ошибка, адрес: 18
L 09/12/2011 - 10:07:14: [amxbans.amxx] [Amxbans] Сообщение: You have an error in your SQL syntax; check the manual that corresponds to your MySQL server version for the right syntax to use near '' at line 1 (1064)
L 09/12/2011 - 10:07:14: [amxbans.amxx] [Amxbans] Статус запроса: 
L 09/12/2011 - 10:23:17: -------- Mapchange to zm_666_brick --------
L 09/12/2011 - 10:23:18: [amxbans.amxx] [AMXBANS] AMXBans 5.0 подключен
L 09/12/2011 - 10:23:21: [amxbans.amxx] [Amxbans] Запрос провален!
L 09/12/2011 - 10:23:21: [amxbans.amxx] [Amxbans] Ошибка, адрес: 18
L 09/12/2011 - 10:23:21: [amxbans.amxx] [Amxbans] Сообщение: You have an error in your SQL syntax; check the manual that corresponds to your MySQL server version for the right syntax to use near '' at line 1 (1064)
L 09/12/2011 - 10:23:21: [amxbans.amxx] [Amxbans] Статус запроса: 
L 09/12/2011 - 10:44:58: -------- Mapchange to zm_neris --------
L 09/12/2011 - 10:45:00: [amxbans.amxx] [AMXBANS] AMXBans 5.0 подключен
L 09/12/2011 - 11:07:34: -------- Mapchange to cs_militia --------
L 09/12/2011 - 11:07:39: [amxbans.amxx] [AMXBANS] AMXBans 5.0 подключен
L 09/12/2011 - 11:19:36: -------- Mapchange to zm_alfresco_v2 --------
L 09/12/2011 - 11:19:37: [amxbans.amxx] [AMXBANS] AMXBans 5.0 подключен
L 09/12/2011 - 11:36:01: -------- Mapchange to zm_fdust2x2 --------
L 09/12/2011 - 11:36:03: [amxbans.amxx] [AMXBANS] AMXBans 5.0 подключен
L 09/12/2011 - 11:40:23: [admin_amxbans.amxx] Login: "Euforia<1748><STEAM_0:0:1365425199><>" became an admin (account "Euforia") (access "t") (address "188.123.245.19")
L 09/12/2011 - 11:45:56: [voteban.amxx] Voteban starter Euforia against D9D9 ZoMBi Vkyril?!) STEAM_0:4:1162956733
L 09/12/2011 - 11:46:11: [voteban.amxx] [AMXX] BANNED: D9D9 ZoMBi Vkyril?!), STARTER: Euforia
L 09/12/2011 - 11:46:12: [amxbans.amxx]  Зомби сервер (x_x(O_o)x_x) Go Zombie !!!<0><><> забанил D9D9 ZoMBi Vkyril?!)<STEAM_0:4:1162956733> на 15 минут (15 минут). Причина: VIP->Euforia.
L 09/12/2011 - 11:51:55: [voteban.amxx] Voteban starter Euforia against drakon [*] STEAM_0:0:1707410635
L 09/12/2011 - 11:52:10: [voteban.amxx] [AMXX] BANNED: drakon [*], STARTER: Euforia
L 09/12/2011 - 11:52:11: [amxbans.amxx]  Зомби сервер (x_x(O_o)x_x) Go Zombie !!!<0><><> забанил drakon [*]<STEAM_0:0:1707410635> на 15 минут (15 минут). Причина: VIP->Euforia.
L 09/12/2011 - 11:57:34: -------- Mapchange to zm_dwarf --------
L 09/12/2011 - 11:57:36: [amxbans.amxx] [AMXBANS] AMXBans 5.0 подключен
L 09/12/2011 - 12:18:19: -------- Mapchange to ze_lift_escape_b5 --------
L 09/12/2011 - 12:18:21: [amxbans.amxx] [AMXBANS] AMXBans 5.0 подключен
L 09/12/2011 - 12:26:48: -------- Mapchange to 016 --------
L 09/12/2011 - 12:26:49: [amxbans.amxx] [AMXBANS] AMXBans 5.0 подключен
L 09/12/2011 - 12:57:47: -------- Mapchange to zm_vendetta --------
L 09/12/2011 - 12:57:48: [amxbans.amxx] [AMXBANS] AMXBans 5.0 подключен
L 09/12/2011 - 13:07:14: -------- Mapchange to zm_666_brick --------
L 09/12/2011 - 13:07:16: [amxbans.amxx] [AMXBANS] AMXBans 5.0 подключен
L 09/12/2011 - 13:29:50: -------- Mapchange to ze_egypt --------
L 09/12/2011 - 13:29:51: [amxbans.amxx] [AMXBANS] AMXBans 5.0 подключен
L 09/12/2011 - 13:46:47: -------- Mapchange to zm_303 --------
L 09/12/2011 - 13:46:49: [amxbans.amxx] [AMXBANS] AMXBans 5.0 подключен
L 09/12/2011 - 14:12:06: [amxbans.amxx] [Amxbans] Запрос провален!
L 09/12/2011 - 14:12:06: [amxbans.amxx] [Amxbans] Ошибка, адрес: 18
L 09/12/2011 - 14:12:06: [amxbans.amxx] [Amxbans] Сообщение: You have an error in your SQL syntax; check the manual that corresponds to your MySQL server version for the right syntax to use near '' at line 1 (1064)
L 09/12/2011 - 14:12:06: [amxbans.amxx] [Amxbans] Статус запроса: 
L 09/12/2011 - 14:13:21: -------- Mapchange to zm_decline2k --------
L 09/12/2011 - 14:13:23: [amxbans.amxx] [AMXBANS] AMXBans 5.0 подключен
L 09/12/2011 - 14:13:27: [amxbans.amxx] [Amxbans] Запрос провален!
L 09/12/2011 - 14:13:27: [amxbans.amxx] [Amxbans] Ошибка, адрес: 18
L 09/12/2011 - 14:13:27: [amxbans.amxx] [Amxbans] Сообщение: You have an error in your SQL syntax; check the manual that corresponds to your MySQL server version for the right syntax to use near '' at line 1 (1064)
L 09/12/2011 - 14:13:27: [amxbans.amxx] [Amxbans] Статус запроса: 
L 09/12/2011 - 14:16:46: [admin_amxbans.amxx] Login: "Kenny<1852><STEAM_0:0:963405193><>" became an admin (account "Kenny") (access "abcdefghijlmnopqstu") (address "109.161.93.82")
L 09/12/2011 - 14:24:51: [admin_amxbans.amxx] Login: "Euforia<1860><STEAM_0:0:1365425199><>" became an admin (account "Euforia") (access "t") (address "188.123.245.19")
L 09/12/2011 - 14:25:31: [admin_amxbans.amxx] Login: "Euforia<1863><STEAM_0:0:1365425199><>" became an admin (account "Euforia") (access "t") (address "188.123.245.19")
L 09/12/2011 - 14:26:51: [admin_amxbans.amxx] Login: "Kenny<1864><STEAM_0:0:963405193><>" became an admin (account "Kenny") (access "abcdefghijlmnopqstu") (address "109.161.93.82")
L 09/12/2011 - 14:30:01: [admincmd.amxx] Cmd: "Kenny<1864><STEAM_0:0:963405193><>" ask for players list
L 09/12/2011 - 14:34:12: -------- Mapchange to zm_fdust2x2 --------
L 09/12/2011 - 14:34:13: [admin_amxbans.amxx] Login: "Euforia<1863><STEAM_0:0:1365425199><>" became an admin (account "Euforia") (access "t") (address "188.123.245.19")
L 09/12/2011 - 14:34:14: [amxbans.amxx] [AMXBANS] AMXBans 5.0 подключен
L 09/12/2011 - 14:34:20: [amxbans.amxx] [Amxbans] Запрос провален!
L 09/12/2011 - 14:34:20: [amxbans.amxx] [Amxbans] Ошибка, адрес: 18
L 09/12/2011 - 14:34:20: [amxbans.amxx] [Amxbans] Сообщение: You have an error in your SQL syntax; check the manual that corresponds to your MySQL server version for the right syntax to use near '' at line 1 (1064)
L 09/12/2011 - 14:34:20: [amxbans.amxx] [Amxbans] Статус запроса: 
L 09/12/2011 - 14:42:10: [amxbans.amxx] [Amxbans] Запрос провален!
L 09/12/2011 - 14:42:10: [amxbans.amxx] [Amxbans] Ошибка, адрес: 18
L 09/12/2011 - 14:42:10: [amxbans.amxx] [Amxbans] Сообщение: You have an error in your SQL syntax; check the manual that corresponds to your MySQL server version for the right syntax to use near '' at line 1 (1064)
L 09/12/2011 - 14:42:10: [amxbans.amxx] [Amxbans] Статус запроса: 
L 09/12/2011 - 14:47:25: [admin_amxbans.amxx] Login: "~Helena~<1890><STEAM_0:4:125849450><>" became an admin (account "~Helena~") (access "at") (address "109.124.92.166")
L 09/12/2011 - 14:48:26: [amxbans.amxx] [Amxbans] Запрос провален!
L 09/12/2011 - 14:48:26: [amxbans.amxx] [Amxbans] Ошибка, адрес: 18
L 09/12/2011 - 14:48:26: [amxbans.amxx] [Amxbans] Сообщение: You have an error in your SQL syntax; check the manual that corresponds to your MySQL server version for the right syntax to use near '' at line 1 (1064)
L 09/12/2011 - 14:48:26: [amxbans.amxx] [Amxbans] Статус запроса: 
L 09/12/2011 - 14:55:00: -------- Mapchange to zm_dwarf --------
L 09/12/2011 - 14:55:02: [amxbans.amxx] [AMXBANS] AMXBans 5.0 подключен
L 09/12/2011 - 14:55:08: [amxbans.amxx] [Amxbans] Запрос провален!
L 09/12/2011 - 14:55:08: [amxbans.amxx] [Amxbans] Ошибка, адрес: 18
L 09/12/2011 - 14:55:08: [amxbans.amxx] [Amxbans] Сообщение: You have an error in your SQL syntax; check the manual that corresponds to your MySQL server version for the right syntax to use near '' at line 1 (1064)
L 09/12/2011 - 14:55:08: [amxbans.amxx] [Amxbans] Статус запроса: 
L 09/12/2011 - 14:55:08: [amxbans.amxx] [Amxbans] Запрос провален!
L 09/12/2011 - 14:55:08: [amxbans.amxx] [Amxbans] Ошибка, адрес: 18
L 09/12/2011 - 14:55:08: [amxbans.amxx] [Amxbans] Сообщение: You have an error in your SQL syntax; check the manual that corresponds to your MySQL server version for the right syntax to use near '' at line 1 (1064)
L 09/12/2011 - 14:55:08: [amxbans.amxx] [Amxbans] Статус запроса: 
L 09/12/2011 - 14:58:41: [amxbans.amxx] [Amxbans] Запрос провален!
L 09/12/2011 - 14:58:41: [amxbans.amxx] [Amxbans] Ошибка, адрес: 18
L 09/12/2011 - 14:58:41: [amxbans.amxx] [Amxbans] Сообщение: You have an error in your SQL syntax; check the manual that corresponds to your MySQL server version for the right syntax to use near '' at line 1 (1064)
L 09/12/2011 - 14:58:41: [amxbans.amxx] [Amxbans] Статус запроса: 
L 09/12/2011 - 15:15:37: -------- Mapchange to ze_jurassicpark --------
L 09/12/2011 - 15:15:39: [amxbans.amxx] [AMXBANS] AMXBans 5.0 подключен
L 09/12/2011 - 15:15:45: [amxbans.amxx] [Amxbans] Запрос провален!
L 09/12/2011 - 15:15:45: [amxbans.amxx] [Amxbans] Ошибка, адрес: 18
L 09/12/2011 - 15:15:45: [amxbans.amxx] [Amxbans] Сообщение: You have an error in your SQL syntax; check the manual that corresponds to your MySQL server version for the right syntax to use near '' at line 1 (1064)
L 09/12/2011 - 15:15:45: [amxbans.amxx] [Amxbans] Статус запроса: 
L 09/12/2011 - 15:15:45: [amxbans.amxx] [Amxbans] Запрос провален!
L 09/12/2011 - 15:15:45: [amxbans.amxx] [Amxbans] Ошибка, адрес: 18
L 09/12/2011 - 15:15:45: [amxbans.amxx] [Amxbans] Сообщение: You have an error in your SQL syntax; check the manual that corresponds to your MySQL server version for the right syntax to use near '' at line 1 (1064)
L 09/12/2011 - 15:15:45: [amxbans.amxx] [Amxbans] Статус запроса: 
L 09/12/2011 - 15:26:53: -------- Mapchange to zm_caca --------
L 09/12/2011 - 15:26:55: [amxbans.amxx] [AMXBANS] AMXBans 5.0 подключен
L 09/12/2011 - 15:27:03: [amxbans.amxx] [Amxbans] Запрос провален!
L 09/12/2011 - 15:27:03: [amxbans.amxx] [Amxbans] Ошибка, адрес: 18
L 09/12/2011 - 15:27:03: [amxbans.amxx] [Amxbans] Сообщение: You have an error in your SQL syntax; check the manual that corresponds to your MySQL server version for the right syntax to use near '' at line 1 (1064)
L 09/12/2011 - 15:27:03: [amxbans.amxx] [Amxbans] Статус запроса: 
L 09/12/2011 - 15:27:03: [amxbans.amxx] [Amxbans] Запрос провален!
L 09/12/2011 - 15:27:03: [amxbans.amxx] [Amxbans] Ошибка, адрес: 18
L 09/12/2011 - 15:27:03: [amxbans.amxx] [Amxbans] Сообщение: You have an error in your SQL syntax; check the manual that corresponds to your MySQL server version for the right syntax to use near '' at line 1 (1064)
L 09/12/2011 - 15:27:03: [amxbans.amxx] [Amxbans] Статус запроса: 
L 09/12/2011 - 15:47:12: -------- Mapchange to zm_alfresco_v2 --------
L 09/12/2011 - 15:47:14: [amxbans.amxx] [AMXBANS] AMXBans 5.0 подключен
L 09/12/2011 - 15:47:19: [amxbans.amxx] [Amxbans] Запрос провален!
L 09/12/2011 - 15:47:19: [amxbans.amxx] [Amxbans] Ошибка, адрес: 18
L 09/12/2011 - 15:47:19: [amxbans.amxx] [Amxbans] Сообщение: You have an error in your SQL syntax; check the manual that corresponds to your MySQL server version for the right syntax to use near '' at line 1 (1064)
L 09/12/2011 - 15:47:19: [amxbans.amxx] [Amxbans] Статус запроса: 
L 09/12/2011 - 15:52:44: [amxbans.amxx] [Amxbans] Запрос провален!
L 09/12/2011 - 15:52:44: [amxbans.amxx] [Amxbans] Ошибка, адрес: 18
L 09/12/2011 - 15:52:44: [amxbans.amxx] [Amxbans] Сообщение: You have an error in your SQL syntax; check the manual that corresponds to your MySQL server version for the right syntax to use near '' at line 1 (1064)
L 09/12/2011 - 15:52:44: [amxbans.amxx] [Amxbans] Статус запроса: 
L 09/12/2011 - 16:04:34: -------- Mapchange to 016 --------
L 09/12/2011 - 16:04:36: [amxbans.amxx] [AMXBANS] AMXBans 5.0 подключен
L 09/12/2011 - 16:35:49: -------- Mapchange to ze_lift_escape_b5 --------
L 09/12/2011 - 16:35:51: [amxbans.amxx] [AMXBANS] AMXBans 5.0 подключен
L 09/12/2011 - 16:51:20: -------- Mapchange to zm_303 --------
L 09/12/2011 - 16:51:22: [amxbans.amxx] [AMXBANS] AMXBans 5.0 подключен
L 09/12/2011 - 17:22:11: -------- Mapchange to ze_egypt --------
L 09/12/2011 - 17:22:13: [amxbans.amxx] [AMXBANS] AMXBans 5.0 подключен
L 09/12/2011 - 17:40:15: -------- Mapchange to zm_fdust2x2 --------
L 09/12/2011 - 17:40:16: [amxbans.amxx] [AMXBANS] AMXBans 5.0 подключен
L 09/12/2011 - 17:41:28: [admin_amxbans.amxx] Login: "Euforia<2128><STEAM_0:0:1365425199><>" became an admin (account "Euforia") (access "t") (address "188.123.245.19")
L 09/12/2011 - 17:46:10: [voteban.amxx] Voteban starter Euforia against 333 STEAM_0:4:984370289
L 09/12/2011 - 17:46:25: [voteban.amxx] [AMXX] BANNED: 333, STARTER: Euforia
L 09/12/2011 - 17:46:26: [amxbans.amxx]  Зомби сервер (x_x(O_o)x_x) Go Zombie !!!<0><><> забанил 333<STEAM_0:4:984370289> на 15 минут (15 минут). Причина: VIP->Euforia.
L 09/12/2011 - 17:47:47: [amxbans.amxx] [Amxbans] Запрос провален!
L 09/12/2011 - 17:47:47: [amxbans.amxx] [Amxbans] Ошибка, адрес: 18
L 09/12/2011 - 17:47:47: [amxbans.amxx] [Amxbans] Сообщение: You have an error in your SQL syntax; check the manual that corresponds to your MySQL server version for the right syntax to use near '' at line 1 (1064)
L 09/12/2011 - 17:47:47: [amxbans.amxx] [Amxbans] Статус запроса: 
L 09/12/2011 - 17:49:17: [admin_amxbans.amxx] Login: "Zloy-Tupoy-Buhoy [Str,RUS]<2136><STEAM_0:4:1501816307><>" became an admin (account "Zloy-Tupoy-Buhoy [Str,RUS]") (access "t") (address "94.41.91.26")
L 09/12/2011 - 17:57:16: [admin_amxbans.amxx] Login: "Zloy-Tupoy-Buhoy [Str,RUS]<2141><STEAM_0:4:1501816307><>" became an admin (account "Zloy-Tupoy-Buhoy [Str,RUS]") (access "t") (address "94.41.91.26")
L 09/12/2011 - 17:59:34: [admin_amxbans.amxx] Login: "Zloy-Tupoy-Buhoy [Str,RUS]<2142><STEAM_0:4:1501816307><>" became an admin (account "Zloy-Tupoy-Buhoy [Str,RUS]") (access "t") (address "94.41.91.26")
L 09/12/2011 - 18:01:10: -------- Mapchange to zm_neris --------
L 09/12/2011 - 18:01:11: [admin_amxbans.amxx] Login: "Zloy-Tupoy-Buhoy [Str,RUS]<2142><STEAM_0:4:1501816307><>" became an admin (account "Zloy-Tupoy-Buhoy [Str,RUS]") (access "t") (address "94.41.91.26")
L 09/12/2011 - 18:01:11: [amxbans.amxx] [AMXBANS] AMXBans 5.0 подключен
L 09/12/2011 - 18:01:16: [amxbans.amxx] [Amxbans] Запрос провален!
L 09/12/2011 - 18:01:16: [amxbans.amxx] [Amxbans] Ошибка, адрес: 18
L 09/12/2011 - 18:01:16: [amxbans.amxx] [Amxbans] Сообщение: You have an error in your SQL syntax; check the manual that corresponds to your MySQL server version for the right syntax to use near '' at line 1 (1064)
L 09/12/2011 - 18:01:16: [amxbans.amxx] [Amxbans] Статус запроса: 
L 09/12/2011 - 18:18:41: [voteban.amxx] Voteban starter Zloy-Tupoy-Buhoy [Str,RUS] against XEMyJLb STEAM_0:0:1909531319
L 09/12/2011 - 18:18:56: [voteban.amxx] [AMXX] BANNED: XEMyJLb, STARTER: Zloy-Tupoy-Buhoy [Str,RUS]
L 09/12/2011 - 18:18:57: [amxbans.amxx] [Amxbans] Запрос провален!
L 09/12/2011 - 18:18:57: [amxbans.amxx] [Amxbans] Ошибка, адрес: 18
L 09/12/2011 - 18:18:57: [amxbans.amxx] [Amxbans] Сообщение: You have an error in your SQL syntax; check the manual that corresponds to your MySQL server version for the right syntax to use near '' at line 1 (1064)
L 09/12/2011 - 18:18:57: [amxbans.amxx] [Amxbans] Статус запроса: 
L 09/12/2011 - 18:21:14: -------- Mapchange to ze_train_back_lg --------
L 09/12/2011 - 18:21:15: [admin_amxbans.amxx] Login: "Zloy-Tupoy-Buhoy [Str,RUS]<2142><STEAM_0:4:1501816307><>" became an admin (account "Zloy-Tupoy-Buhoy [Str,RUS]") (access "t") (address "94.41.91.26")
L 09/12/2011 - 18:21:16: [amxbans.amxx] [AMXBANS] AMXBans 5.0 подключен
L 09/12/2011 - 18:21:19: [admin_amxbans.amxx] Login: "Zloy-Tupoy-Buhoy [Str,RUS]<2186><STEAM_0:4:1501816307><>" became an admin (account "Zloy-Tupoy-Buhoy [Str,RUS]") (access "t") (address "94.41.91.26")
L 09/12/2011 - 18:21:25: [amxbans.amxx] [Amxbans] Запрос провален!
L 09/12/2011 - 18:21:25: [amxbans.amxx] [Amxbans] Ошибка, адрес: 18
L 09/12/2011 - 18:21:25: [amxbans.amxx] [Amxbans] Сообщение: You have an error in your SQL syntax; check the manual that corresponds to your MySQL server version for the right syntax to use near '' at line 1 (1064)
L 09/12/2011 - 18:21:25: [amxbans.amxx] [Amxbans] Статус запроса: 
L 09/12/2011 - 18:21:27: [amxbans.amxx] [Amxbans] Запрос провален!
L 09/12/2011 - 18:21:27: [amxbans.amxx] [Amxbans] Ошибка, адрес: 18
L 09/12/2011 - 18:21:27: [amxbans.amxx] [Amxbans] Сообщение: You have an error in your SQL syntax; check the manual that corresponds to your MySQL server version for the right syntax to use near '' at line 1 (1064)
L 09/12/2011 - 18:21:27: [amxbans.amxx] [Amxbans] Статус запроса: 
L 09/12/2011 - 18:29:40: [voteban.amxx] Voteban starter Zloy-Tupoy-Buhoy [Str,RUS] against Adrenalin STEAM_0:4:1386522544
L 09/12/2011 - 18:29:56: [voteban.amxx] [AMXX] BANNED: Adrenalin, STARTER: Zloy-Tupoy-Buhoy [Str,RUS]
L 09/12/2011 - 18:29:57: [amxbans.amxx]  Зомби сервер (x_x(O_o)x_x) Go Zombie !!!<0><><> забанил Adrenalin<STEAM_0:4:1386522544> на 15 минут (15 минут). Причина: VIP->Zloy-Tupoy-Buhoy [Str,RUS].
L 09/12/2011 - 18:38:03: -------- Mapchange to ze_jurassicpark --------
L 09/12/2011 - 18:38:04: [admin_amxbans.amxx] Login: "Zloy-Tupoy-Buhoy [Str,RUS]<2186><STEAM_0:4:1501816307><>" became an admin (account "Zloy-Tupoy-Buhoy [Str,RUS]") (access "t") (address "94.41.91.26")
L 09/12/2011 - 18:38:04: [amxbans.amxx] [AMXBANS] AMXBans 5.0 подключен
L 09/12/2011 - 18:39:48: [voteban.amxx] Voteban starter Zloy-Tupoy-Buhoy [Str,RUS] against hai STEAM_0:0:1932607417
L 09/12/2011 - 18:40:03: [voteban.amxx] [AMXX] BANNED: hai, STARTER: Zloy-Tupoy-Buhoy [Str,RUS]
L 09/12/2011 - 18:40:04: [amxbans.amxx]  Зомби сервер (x_x(O_o)x_x) Go Zombie !!!<0><><> забанил hai<STEAM_0:0:1932607417> на 15 минут (15 минут). Причина: VIP->Zloy-Tupoy-Buhoy [Str,RUS].
L 09/12/2011 - 18:52:29: [admin_amxbans.amxx] Login: "Zloy-Tupoy-Buhoy [Str,RUS]<2253><STEAM_0:4:1697998323><>" became an admin (account "Zloy-Tupoy-Buhoy [Str,RUS]") (access "t") (address "94.41.54.99")
L 09/12/2011 - 18:58:10: [admin_amxbans.amxx] Login: "[BlackWolf]Camelot<2260><STEAM_0:4:1417253489><>" became an admin (account "[BlackWolf]Camelot") (access "t") (address "91.198.175.1")
L 09/12/2011 - 18:58:22: -------- Mapchange to zm_alfresco_v2 --------
L 09/12/2011 - 18:58:23: [admin_amxbans.amxx] Login: "Zloy-Tupoy-Buhoy [Str,RUS]<2253><STEAM_0:4:1697998323><>" became an admin (account "Zloy-Tupoy-Buhoy [Str,RUS]") (access "t") (address "94.41.54.99")
L 09/12/2011 - 18:58:23: [amxbans.amxx] [AMXBANS] AMXBans 5.0 подключен
L 09/12/2011 - 18:58:29: [admin_amxbans.amxx] Login: "[BlackWolf]Camelot<2260><STEAM_0:4:1417253489><>" became an admin (account "[BlackWolf]Camelot") (access "t") (address "91.198.175.1")
L 09/12/2011 - 18:58:30: [admin_amxbans.amxx] Login: "[BlackWolf]Camelot<2260><STEAM_0:4:1417253489><>" became an admin (account "[BlackWolf]Camelot") (access "t") (address "91.198.175.1")
L 09/12/2011 - 18:58:30: [admin_amxbans.amxx] Login: "[BlackWolf]Camelot<2265><STEAM_0:4:1417253489><>" became an admin (account "[BlackWolf]Camelot") (access "t") (address "91.198.175.1")
L 09/12/2011 - 18:59:29: [admin_amxbans.amxx] Login: "Zloy-Tupoy-Buhoy [Str,RUS]<2274><STEAM_0:4:1697998323><>" became an admin (account "Zloy-Tupoy-Buhoy [Str,RUS]") (access "t") (address "94.41.54.99")
L 09/12/2011 - 18:59:55: [admin_amxbans.amxx] Login: "Zloy-Tupoy-Buhoy [Str,RUS]<2278><STEAM_0:4:1697998323><>" became an admin (account "Zloy-Tupoy-Buhoy [Str,RUS]") (access "t") (address "94.41.54.99")
L 09/12/2011 - 19:04:41: [admin_amxbans.amxx] Login: "[BlackWolf]Camelot<2291><STEAM_0:4:1417253489><>" became an admin (account "[BlackWolf]Camelot") (access "t") (address "91.198.175.1")
L 09/12/2011 - 19:06:42: [admin_amxbans.amxx] Login: "[BlackWolf]Camelot<2293><STEAM_0:4:1417253489><>" became an admin (account "[BlackWolf]Camelot") (access "t") (address "91.198.175.1")
L 09/12/2011 - 19:06:45: [admin_amxbans.amxx] Login: "[BlackWolf]Camelot<2294><STEAM_0:4:1417253489><>" became an admin (account "[BlackWolf]Camelot") (access "t") (address "91.198.175.1")
L 09/12/2011 - 19:06:47: [admin_amxbans.amxx] Login: "[BlackWolf]Camelot<2295><STEAM_0:4:1417253489><>" became an admin (account "[BlackWolf]Camelot") (access "t") (address "91.198.175.1")
L 09/12/2011 - 19:06:50: [admin_amxbans.amxx] Login: "[BlackWolf]Camelot<2296><STEAM_0:4:1417253489><>" became an admin (account "[BlackWolf]Camelot") (access "t") (address "91.198.175.1")
L 09/12/2011 - 19:06:52: [admin_amxbans.amxx] Login: "[BlackWolf]Camelot<2297><STEAM_0:4:1417253489><>" became an admin (account "[BlackWolf]Camelot") (access "t") (address "91.198.175.1")
L 09/12/2011 - 19:06:54: [admin_amxbans.amxx] Login: "[BlackWolf]Camelot<2298><STEAM_0:4:1417253489><>" became an admin (account "[BlackWolf]Camelot") (access "t") (address "91.198.175.1")
L 09/12/2011 - 19:06:58: [admin_amxbans.amxx] Login: "[BlackWolf]Camelot<2299><STEAM_0:4:1417253489><>" became an admin (account "[BlackWolf]Camelot") (access "t") (address "91.198.175.1")
L 09/12/2011 - 19:07:00: [admin_amxbans.amxx] Login: "[BlackWolf]Camelot<2300><STEAM_0:4:1417253489><>" became an admin (account "[BlackWolf]Camelot") (access "t") (address "91.198.175.1")
L 09/12/2011 - 19:07:06: [admin_amxbans.amxx] Login: "[BlackWolf]Camelot<2301><STEAM_0:4:1417253489><>" became an admin (account "[BlackWolf]Camelot") (access "t") (address "91.198.175.1")
L 09/12/2011 - 19:07:08: [admin_amxbans.amxx] Login: "[BlackWolf]Camelot<2303><STEAM_0:4:1417253489><>" became an admin (account "[BlackWolf]Camelot") (access "t") (address "91.198.175.1")
L 09/12/2011 - 19:07:35: [admin_amxbans.amxx] Login: "[BlackWolf]Camelot<2307><STEAM_0:4:1417253489><>" became an admin (account "[BlackWolf]Camelot") (access "t") (address "91.198.175.1")
L 09/12/2011 - 19:07:40: [admin_amxbans.amxx] Login: "[BlackWolf]Camelot<2308><STEAM_0:4:1417253489><>" became an admin (account "[BlackWolf]Camelot") (access "t") (address "91.198.175.1")
L 09/12/2011 - 19:07:47: [admin_amxbans.amxx] Login: "[BlackWolf]Camelot<2310><STEAM_0:4:1417253489><>" became an admin (account "[BlackWolf]Camelot") (access "t") (address "91.198.175.1")
L 09/12/2011 - 19:07:49: [admin_amxbans.amxx] Login: "[BlackWolf]Camelot<2311><STEAM_0:4:1417253489><>" became an admin (account "[BlackWolf]Camelot") (access "t") (address "91.198.175.1")
L 09/12/2011 - 19:07:52: [admin_amxbans.amxx] Login: "[BlackWolf]Camelot<2313><STEAM_0:4:1417253489><>" became an admin (account "[BlackWolf]Camelot") (access "t") (address "91.198.175.1")
L 09/12/2011 - 19:07:54: [admin_amxbans.amxx] Login: "[BlackWolf]Camelot<2314><STEAM_0:4:1417253489><>" became an admin (account "[BlackWolf]Camelot") (access "t") (address "91.198.175.1")
L 09/12/2011 - 19:08:14: [admin_amxbans.amxx] Login: "Euforia<2315><STEAM_0:0:1365425199><>" became an admin (account "Euforia") (access "t") (address "188.123.245.19")
L 09/12/2011 - 19:08:18: [admin_amxbans.amxx] Login: "Euforia<2316><STEAM_0:0:1365425199><>" became an admin (account "Euforia") (access "t") (address "188.123.245.19")
L 09/12/2011 - 19:15:06: [admin_amxbans.amxx] Login: "[BlackWolf]Camelot<2326><STEAM_0:4:1417253489><>" became an admin (account "[BlackWolf]Camelot") (access "t") (address "91.198.175.1")
L 09/12/2011 - 19:15:19: [admin_amxbans.amxx] Login: "[BlackWolf]Camelot<2327><STEAM_0:4:1417253489><>" became an admin (account "[BlackWolf]Camelot") (access "t") (address "91.198.175.1")
L 09/12/2011 - 19:16:42: [admin_amxbans.amxx] Login: "Zloy-Tupoy-Buhoy [Str,RUS]<2331><STEAM_0:4:1697998323><>" became an admin (account "Zloy-Tupoy-Buhoy [Str,RUS]") (access "t") (address "94.41.54.99")
L 09/12/2011 - 19:18:12: [admin_amxbans.amxx] Login: "Zloy-Tupoy-Buhoy [Str,RUS]<2333><STEAM_0:4:1046982347><>" became an admin (account "Zloy-Tupoy-Buhoy [Str,RUS]") (access "t") (address "46.191.147.213")
L 09/12/2011 - 19:19:38: [admin_amxbans.amxx] Login: "~Helena~<2335><STEAM_0:4:1132515178><>" became an admin (account "~Helena~") (access "at") (address "109.124.93.46")
L 09/12/2011 - 19:19:54: -------- Mapchange to zm_xata --------
L 09/12/2011 - 19:19:55: [admin_amxbans.amxx] Login: "~Helena~<2335><STEAM_0:4:1132515178><>" became an admin (account "~Helena~") (access "at") (address "109.124.93.46")
L 09/12/2011 - 19:19:55: [admin_amxbans.amxx] Login: "Euforia<2316><STEAM_0:0:1365425199><>" became an admin (account "Euforia") (access "t") (address "188.123.245.19")
L 09/12/2011 - 19:19:55: [admin_amxbans.amxx] Login: "Zloy-Tupoy-Buhoy [Str,RUS]<2333><STEAM_0:4:1046982347><>" became an admin (account "Zloy-Tupoy-Buhoy [Str,RUS]") (access "t") (address "46.191.147.213")
L 09/12/2011 - 19:19:56: [amxbans.amxx] [AMXBANS] AMXBans 5.0 подключен
L 09/12/2011 - 19:20:07: [admin_amxbans.amxx] Login: "~Helena~<2336><STEAM_0:4:1132515178><>" became an admin (account "~Helena~") (access "at") (address "109.124.93.46")
L 09/12/2011 - 19:20:10: [admin_amxbans.amxx] Login: "Euforia<2337><STEAM_0:0:1365425199><>" became an admin (account "Euforia") (access "t") (address "188.123.245.19")
L 09/12/2011 - 19:36:54: [amxbans.amxx] [Amxbans] Запрос провален!
L 09/12/2011 - 19:36:54: [amxbans.amxx] [Amxbans] Ошибка, адрес: 18
L 09/12/2011 - 19:36:54: [amxbans.amxx] [Amxbans] Сообщение: You have an error in your SQL syntax; check the manual that corresponds to your MySQL server version for the right syntax to use near '' at line 1 (1064)
L 09/12/2011 - 19:36:54: [amxbans.amxx] [Amxbans] Статус запроса: 
L 09/12/2011 - 19:37:47: [amxbans.amxx] [Amxbans] Запрос провален!
L 09/12/2011 - 19:37:47: [amxbans.amxx] [Amxbans] Ошибка, адрес: 18
L 09/12/2011 - 19:37:47: [amxbans.amxx] [Amxbans] Сообщение: You have an error in your SQL syntax; check the manual that corresponds to your MySQL server version for the right syntax to use near '' at line 1 (1064)
L 09/12/2011 - 19:37:47: [amxbans.amxx] [Amxbans] Статус запроса: 
L 09/12/2011 - 19:41:45: -------- Mapchange to zm_666_brick --------
L 09/12/2011 - 19:41:45: [admin_amxbans.amxx] Login: "~Helena~<2336><STEAM_0:4:1132515178><>" became an admin (account "~Helena~") (access "at") (address "109.124.93.46")
L 09/12/2011 - 19:41:46: [admin_amxbans.amxx] Login: "Euforia<2337><STEAM_0:0:1365425199><>" became an admin (account "Euforia") (access "t") (address "188.123.245.19")
L 09/12/2011 - 19:41:46: [admin_amxbans.amxx] Login: "Zloy-Tupoy-Buhoy [Str,RUS]<2333><STEAM_0:4:1046982347><>" became an admin (account "Zloy-Tupoy-Buhoy [Str,RUS]") (access "t") (address "46.191.147.213")
L 09/12/2011 - 19:41:46: [amxbans.amxx] [AMXBANS] AMXBans 5.0 подключен
L 09/12/2011 - 19:54:07: [adminchat.amxx] Chat: "k0Hb<2338><STEAM_0:1:21077142><>" chat "ttt"
L 09/12/2011 - 19:54:18: [adminchat.amxx] Chat: "k0Hb<2338><STEAM_0:1:21077142><>" chat "bhopscript pa3peweHbl?"
L 09/12/2011 - 20:03:16: -------- Mapchange to ze_lift_escape_b5 --------
L 09/12/2011 - 20:03:17: [admin_amxbans.amxx] Login: "~Helena~<2336><STEAM_0:4:1132515178><>" became an admin (account "~Helena~") (access "at") (address "109.124.93.46")
L 09/12/2011 - 20:03:17: [admin_amxbans.amxx] Login: "Zloy-Tupoy-Buhoy [Str,RUS]<2333><STEAM_0:4:1046982347><>" became an admin (account "Zloy-Tupoy-Buhoy [Str,RUS]") (access "t") (address "46.191.147.213")
L 09/12/2011 - 20:03:17: [amxbans.amxx] [AMXBANS] AMXBans 5.0 подключен
L 09/12/2011 - 20:17:13: [amxbans.amxx] [Amxbans] Запрос провален!
L 09/12/2011 - 20:17:13: [amxbans.amxx] [Amxbans] Ошибка, адрес: 18
L 09/12/2011 - 20:17:13: [amxbans.amxx] [Amxbans] Сообщение: You have an error in your SQL syntax; check the manual that corresponds to your MySQL server version for the right syntax to use near ''Ba' at line 1 (1064)
L 09/12/2011 - 20:17:13: [amxbans.amxx] [Amxbans] Статус запроса: 
L 09/12/2011 - 20:18:20: [admin_amxbans.amxx] Login: "Zloy-Tupoy-Buhoy [Str,RUS]<2434><STEAM_0:4:434234867><>" became an admin (account "Zloy-Tupoy-Buhoy [Str,RUS]") (access "t") (address "94.41.159.154")
L 09/12/2011 - 20:18:30: -------- Mapchange to 016 --------
L 09/12/2011 - 20:18:30: [admin_amxbans.amxx] Login: "~Helena~<2336><STEAM_0:4:1132515178><>" became an admin (account "~Helena~") (access "at") (address "109.124.93.46")
L 09/12/2011 - 20:18:31: [admin_amxbans.amxx] Login: "Zloy-Tupoy-Buhoy [Str,RUS]<2434><STEAM_0:4:434234867><>" became an admin (account "Zloy-Tupoy-Buhoy [Str,RUS]") (access "t") (address "94.41.159.154")
L 09/12/2011 - 20:18:31: [amxbans.amxx] [AMXBANS] AMXBans 5.0 подключен
L 09/12/2011 - 20:18:34: [admin_amxbans.amxx] Login: "Zloy-Tupoy-Buhoy [Str,RUS]<2436><STEAM_0:4:434234867><>" became an admin (account "Zloy-Tupoy-Buhoy [Str,RUS]") (access "t") (address "94.41.159.154")
L 09/12/2011 - 20:18:48: [voteban.amxx] ADMIN banned FeniX 93.100.173.95
L 09/12/2011 - 20:22:52: [amxbans.amxx] [Amxbans] Запрос провален!
L 09/12/2011 - 20:22:52: [amxbans.amxx] [Amxbans] Ошибка, адрес: 18
L 09/12/2011 - 20:22:52: [amxbans.amxx] [Amxbans] Сообщение: You have an error in your SQL syntax; check the manual that corresponds to your MySQL server version for the right syntax to use near ''Ba' at line 1 (1064)
L 09/12/2011 - 20:22:52: [amxbans.amxx] [Amxbans] Статус запроса: 
L 09/12/2011 - 20:23:31: [voteban.amxx] Voteban starter Zloy-Tupoy-Buhoy [Str,RUS] against tEmzz :)) STEAM_0:0:287945496
L 09/12/2011 - 20:23:46: [voteban.amxx] [AMXX] BANNED: tEmzz :)), STARTER: Zloy-Tupoy-Buhoy [Str,RUS]
L 09/12/2011 - 20:24:45: [voteban.amxx] Voteban starter Zloy-Tupoy-Buhoy [Str,RUS] against tEmzz :)) STEAM_0:0:287945496
L 09/12/2011 - 20:25:00: [voteban.amxx] [AMXX] The voteban dit not sucseed.
L 09/12/2011 - 20:25:30: [voteban.amxx] Voteban starter Zloy-Tupoy-Buhoy [Str,RUS] against tEmzz :)) STEAM_0:0:287945496
L 09/12/2011 - 20:25:45: [voteban.amxx] [AMXX] BANNED: tEmzz :)), STARTER: Zloy-Tupoy-Buhoy [Str,RUS]
L 09/12/2011 - 20:26:15: [voteban.amxx] Voteban starter Zloy-Tupoy-Buhoy [Str,RUS] against tEmzz :)) STEAM_0:0:287945496
L 09/12/2011 - 20:26:30: [voteban.amxx] [AMXX] BANNED: tEmzz :)), STARTER: Zloy-Tupoy-Buhoy [Str,RUS]
L 09/12/2011 - 20:26:44: [voteban.amxx] Voteban starter Zloy-Tupoy-Buhoy [Str,RUS] against tEmzz :)) STEAM_0:0:287945496
L 09/12/2011 - 20:26:59: [voteban.amxx] [AMXX] The voteban dit not sucseed.
L 09/12/2011 - 20:27:31: [voteban.amxx] Voteban starter Zloy-Tupoy-Buhoy [Str,RUS] against tEmzz :)) STEAM_0:0:287945496
L 09/12/2011 - 20:27:46: [voteban.amxx] [AMXX] The voteban dit not sucseed.
L 09/12/2011 - 20:28:21: [voteban.amxx] Voteban starter Zloy-Tupoy-Buhoy [Str,RUS] against tEmzz :)) STEAM_0:0:287945496
L 09/12/2011 - 20:28:36: [voteban.amxx] [AMXX] The voteban dit not sucseed.
L 09/12/2011 - 20:29:07: [voteban.amxx] Voteban starter Zloy-Tupoy-Buhoy [Str,RUS] against tEmzz :)) STEAM_0:0:287945496
L 09/12/2011 - 20:29:22: [voteban.amxx] [AMXX] The voteban dit not sucseed.
L 09/12/2011 - 20:29:57: [voteban.amxx] Voteban starter Zloy-Tupoy-Buhoy [Str,RUS] against tEmzz :)) STEAM_0:0:287945496
L 09/12/2011 - 20:30:12: [voteban.amxx] [AMXX] BANNED: tEmzz :)), STARTER: Zloy-Tupoy-Buhoy [Str,RUS]
L 09/12/2011 - 20:31:19: [voteban.amxx] Voteban starter Zloy-Tupoy-Buhoy [Str,RUS] against tEmzz :)) STEAM_0:0:287945496
L 09/12/2011 - 20:31:34: [voteban.amxx] [AMXX] BANNED: tEmzz :)), STARTER: Zloy-Tupoy-Buhoy [Str,RUS]
L 09/12/2011 - 20:33:11: [voteban.amxx] Voteban starter Zloy-Tupoy-Buhoy [Str,RUS] against tEmzz :)) STEAM_0:0:287945496
L 09/12/2011 - 20:33:26: [voteban.amxx] [AMXX] The voteban dit not sucseed.
L 09/12/2011 - 20:33:31: [admin_amxbans.amxx] Login: "Zloy-Tupoy-Buhoy [Str,RUS]<2461><STEAM_0:4:434234867><>" became an admin (account "Zloy-Tupoy-Buhoy [Str,RUS]") (access "t") (address "94.41.159.154")
L 09/12/2011 - 20:34:48: [voteban.amxx] Voteban starter Zloy-Tupoy-Buhoy [Str,RUS] against tEmzz :)) STEAM_0:0:287945496
L 09/12/2011 - 20:35:03: [voteban.amxx] [AMXX] BANNED: tEmzz :)), STARTER: Zloy-Tupoy-Buhoy [Str,RUS]
L 09/12/2011 - 20:48:53: [admin_amxbans.amxx] Login: "P!Tu<2466><STEAM_0:0:25649157><>" kicked due to invalid password (account "P!Tu") (address "91.193.40.21")
L 09/12/2011 - 20:49:02: [admin_amxbans.amxx] Login: "[BlackWolf]Camelot<2467><STEAM_0:4:1417253489><>" became an admin (account "[BlackWolf]Camelot") (access "t") (address "91.198.175.1")
L 09/12/2011 - 20:50:56: -------- Mapchange to zm_303 --------
L 09/12/2011 - 20:50:57: [admin_amxbans.amxx] Login: "Zloy-Tupoy-Buhoy [Str,RUS]<2461><STEAM_0:4:434234867><>" became an admin (account "Zloy-Tupoy-Buhoy [Str,RUS]") (access "t") (address "94.41.159.154")
L 09/12/2011 - 20:50:57: [admin_amxbans.amxx] Login: "[BlackWolf]Camelot<2467><STEAM_0:4:1417253489><>" became an admin (account "[BlackWolf]Camelot") (access "t") (address "91.198.175.1")
L 09/12/2011 - 20:50:58: [amxbans.amxx] [AMXBANS] AMXBans 5.0 подключен
L 09/12/2011 - 20:51:05: [amxbans.amxx] [Amxbans] Запрос провален!
L 09/12/2011 - 20:51:05: [amxbans.amxx] [Amxbans] Ошибка, адрес: 18
L 09/12/2011 - 20:51:05: [amxbans.amxx] [Amxbans] Сообщение: You have an error in your SQL syntax; check the manual that corresponds to your MySQL server version for the right syntax to use near ''Ba' at line 1 (1064)
L 09/12/2011 - 20:51:05: [amxbans.amxx] [Amxbans] Статус запроса: 
L 09/12/2011 - 20:52:08: [admin_amxbans.amxx] Login: "P!Tu<2476><STEAM_0:0:25649157><>" kicked due to invalid password (account "P!Tu") (address "91.193.40.21")
L 09/12/2011 - 20:53:01: [admin_amxbans.amxx] Login: "P!Tu<2478><STEAM_0:0:25649157><>" kicked due to invalid password (account "P!Tu") (address "91.193.40.21")
L 09/12/2011 - 20:53:26: [admin_amxbans.amxx] Login: "Euforia<2480><STEAM_0:0:1365425199><>" became an admin (account "Euforia") (access "t") (address "188.123.245.19")
L 09/12/2011 - 20:57:17: [voteban.amxx] Voteban starter Zloy-Tupoy-Buhoy [Str,RUS] against Soulbringer STEAM_0:4:867053553
L 09/12/2011 - 20:57:32: [voteban.amxx] [AMXX] BANNED: Soulbringer, STARTER: Zloy-Tupoy-Buhoy [Str,RUS]
L 09/12/2011 - 20:57:33: [amxbans.amxx]  Зомби сервер (x_x(O_o)x_x) Go Zombie !!!<0><><> забанил Soulbringer<STEAM_0:4:867053553> на 15 минут (15 минут). Причина: VIP->Zloy-Tupoy-Buhoy [Str,RUS].
L 09/12/2011 - 21:22:07: -------- Mapchange to zm_dwarf --------
L 09/12/2011 - 21:22:07: [admin_amxbans.amxx] Login: "Zloy-Tupoy-Buhoy [Str,RUS]<2461><STEAM_0:4:434234867><>" became an admin (account "Zloy-Tupoy-Buhoy [Str,RUS]") (access "t") (address "94.41.159.154")
L 09/12/2011 - 21:22:08: [amxbans.amxx] [AMXBANS] AMXBans 5.0 подключен
L 09/12/2011 - 21:40:36: [amxbans.amxx] [Amxbans] Запрос провален!
L 09/12/2011 - 21:40:36: [amxbans.amxx] [Amxbans] Ошибка, адрес: 18
L 09/12/2011 - 21:40:36: [amxbans.amxx] [Amxbans] Сообщение: You have an error in your SQL syntax; check the manual that corresponds to your MySQL server version for the right syntax to use near '' at line 1 (1064)
L 09/12/2011 - 21:40:36: [amxbans.amxx] [Amxbans] Статус запроса: 
L 09/12/2011 - 21:44:31: -------- Mapchange to zm_neris --------
L 09/12/2011 - 21:44:33: [amxbans.amxx] [AMXBANS] AMXBans 5.0 подключен
L 09/12/2011 - 21:44:39: [amxbans.amxx] [Amxbans] Запрос провален!
L 09/12/2011 - 21:44:39: [amxbans.amxx] [Amxbans] Ошибка, адрес: 18
L 09/12/2011 - 21:44:39: [amxbans.amxx] [Amxbans] Сообщение: You have an error in your SQL syntax; check the manual that corresponds to your MySQL server version for the right syntax to use near '' at line 1 (1064)
L 09/12/2011 - 21:44:39: [amxbans.amxx] [Amxbans] Статус запроса: 
L 09/12/2011 - 21:57:41: [amxbans.amxx] [Amxbans] Запрос провален!
L 09/12/2011 - 21:57:41: [amxbans.amxx] [Amxbans] Ошибка, адрес: 18
L 09/12/2011 - 21:57:41: [amxbans.amxx] [Amxbans] Сообщение: You have an error in your SQL syntax; check the manual that corresponds to your MySQL server version for the right syntax to use near '' at line 1 (1064)
L 09/12/2011 - 21:57:41: [amxbans.amxx] [Amxbans] Статус запроса: 
L 09/12/2011 - 22:05:06: [admin_amxbans.amxx] Login: "~Helena~<2533><STEAM_0:4:1459638122><>" became an admin (account "~Helena~") (access "at") (address "109.124.92.7")
L 09/12/2011 - 22:06:30: -------- Mapchange to ze_jurassicpark --------
L 09/12/2011 - 22:06:31: [admin_amxbans.amxx] Login: "~Helena~<2533><STEAM_0:4:1459638122><>" became an admin (account "~Helena~") (access "at") (address "109.124.92.7")
L 09/12/2011 - 22:06:32: [amxbans.amxx] [AMXBANS] AMXBans 5.0 подключен
L 09/12/2011 - 22:06:37: [amxbans.amxx] [Amxbans] Запрос провален!
L 09/12/2011 - 22:06:37: [amxbans.amxx] [Amxbans] Ошибка, адрес: 18
L 09/12/2011 - 22:06:37: [amxbans.amxx] [Amxbans] Сообщение: You have an error in your SQL syntax; check the manual that corresponds to your MySQL server version for the right syntax to use near '' at line 1 (1064)
L 09/12/2011 - 22:06:37: [amxbans.amxx] [Amxbans] Статус запроса: 
L 09/12/2011 - 22:10:45: [admin_amxbans.amxx] Login: "holder_x2<2540><STEAM_0:4:498321008><>" became an admin (account "holder_x2") (access "t") (address "89.110.59.146")
L 09/12/2011 - 22:24:35: [admin_amxbans.amxx] Login: "Kenny<2549><STEAM_0:0:963405193><>" became an admin (account "Kenny") (access "abcdefghijlmnopqstu") (address "109.161.93.82")
L 09/12/2011 - 22:28:25: -------- Mapchange to ze_train_back_lg --------
L 09/12/2011 - 22:28:26: [admin_amxbans.amxx] Login: "Kenny<2549><STEAM_0:0:963405193><>" became an admin (account "Kenny") (access "abcdefghijlmnopqstu") (address "109.161.93.82")
L 09/12/2011 - 22:28:27: [amxbans.amxx] [AMXBANS] AMXBans 5.0 подключен
L 09/12/2011 - 22:28:31: [amxbans.amxx] [Amxbans] Запрос провален!
L 09/12/2011 - 22:28:31: [amxbans.amxx] [Amxbans] Ошибка, адрес: 18
L 09/12/2011 - 22:28:31: [amxbans.amxx] [Amxbans] Сообщение: You have an error in your SQL syntax; check the manual that corresponds to your MySQL server version for the right syntax to use near '' at line 1 (1064)
L 09/12/2011 - 22:28:31: [amxbans.amxx] [Amxbans] Статус запроса: 
L 09/12/2011 - 22:28:35: [amxbans.amxx] [Amxbans] Запрос провален!
L 09/12/2011 - 22:28:35: [amxbans.amxx] [Amxbans] Ошибка, адрес: 18
L 09/12/2011 - 22:28:35: [amxbans.amxx] [Amxbans] Сообщение: You have an error in your SQL syntax; check the manual that corresponds to your MySQL server version for the right syntax to use near '' at line 1 (1064)
L 09/12/2011 - 22:28:35: [amxbans.amxx] [Amxbans] Статус запроса: 
L 09/12/2011 - 22:31:06: [admin_amxbans.amxx] Login: "Kenny<2563><STEAM_0:0:963405193><>" became an admin (account "Kenny") (access "abcdefghijlmnopqstu") (address "109.161.93.82")
L 09/12/2011 - 22:40:38: -------- Mapchange to zm_cpl_mill_kamp --------
L 09/12/2011 - 22:40:39: [admin_amxbans.amxx] Login: "Kenny<2563><STEAM_0:0:963405193><>" became an admin (account "Kenny") (access "abcdefghijlmnopqstu") (address "109.161.93.82")
L 09/12/2011 - 22:40:39: [amxbans.amxx] [AMXBANS] AMXBans 5.0 подключен
L 09/12/2011 - 22:48:00: [admin_amxbans.amxx] Login: "Kenny<2587><STEAM_0:0:963405193><>" became an admin (account "Kenny") (access "abcdefghijlmnopqstu") (address "109.161.93.82")
L 09/12/2011 - 22:48:40: [admin_amxbans.amxx] Login: "Euforia<2589><STEAM_0:0:1365425199><>" became an admin (account "Euforia") (access "t") (address "188.123.245.19")
L 09/12/2011 - 23:03:06: -------- Mapchange to zm_caca --------
L 09/12/2011 - 23:03:07: [admin_amxbans.amxx] Login: "Euforia<2589><STEAM_0:0:1365425199><>" became an admin (account "Euforia") (access "t") (address "188.123.245.19")
L 09/12/2011 - 23:03:08: [amxbans.amxx] [AMXBANS] AMXBans 5.0 подключен
L 09/12/2011 - 23:23:20: -------- Mapchange to ze_egypt --------
L 09/12/2011 - 23:23:21: [admin_amxbans.amxx] Login: "Euforia<2589><STEAM_0:0:1365425199><>" became an admin (account "Euforia") (access "t") (address "188.123.245.19")
L 09/12/2011 - 23:23:21: [amxbans.amxx] [AMXBANS] AMXBans 5.0 подключен
L 09/12/2011 - 23:23:58: [admin_amxbans.amxx] Login: "Euforia<2606><STEAM_0:0:1365425199><>" became an admin (account "Euforia") (access "t") (address "188.123.245.19")
L 09/12/2011 - 23:38:45: -------- Mapchange to zm_alfresco_v2 --------
L 09/12/2011 - 23:38:45: [admin_amxbans.amxx] Login: "Euforia<2606><STEAM_0:0:1365425199><>" became an admin (account "Euforia") (access "t") (address "188.123.245.19")
L 09/12/2011 - 23:38:46: [amxbans.amxx] [AMXBANS] AMXBans 5.0 подключен
