L 10/11/2011 - 00:06:31: -------- Mapchange to zm_neris --------
L 10/11/2011 - 00:06:32: [admin_amxbans.amxx] Login: "|228| 6yJIb6aIII<934><STEAM_0:0:1292803525><>" became an admin (account "|228| 6yJIb6aIII") (access "t") (address "178.123.161.138")
L 10/11/2011 - 00:06:32: [amxbans.amxx] [AMXBANS] AMXBans 5.0 is online
L 10/11/2011 - 00:18:56: [admin_amxbans.amxx] Login: "Alecquant<960><STEAM_0:4:565250032><>" became an admin (account "Alecquant") (access "t") (address "89.237.62.234")
L 10/11/2011 - 00:27:44: -------- Mapchange to zm_houses --------
L 10/11/2011 - 00:27:45: [admin_amxbans.amxx] Login: "|228| 6yJIb6aIII<934><STEAM_0:0:1292803525><>" became an admin (account "|228| 6yJIb6aIII") (access "t") (address "178.123.161.138")
L 10/11/2011 - 00:27:46: [amxbans.amxx] [AMXBANS] AMXBans 5.0 is online
L 10/11/2011 - 00:48:48: -------- Mapchange to 016 --------
L 10/11/2011 - 00:48:48: [admin_amxbans.amxx] Login: "|228| 6yJIb6aIII<934><STEAM_0:0:1292803525><>" became an admin (account "|228| 6yJIb6aIII") (access "t") (address "178.123.161.138")
L 10/11/2011 - 00:48:49: [amxbans.amxx] [AMXBANS] AMXBans 5.0 is online
L 10/11/2011 - 00:56:56: [admin_amxbans.amxx] Login: "An'ka<971><STEAM_0:0:576232145><>" became an admin (account "62.176.11.142") (access "t") (address "62.176.11.142")
L 10/11/2011 - 01:06:53: [voteban.amxx] Voteban starter |228| 6yJIb6aIII against KpuMuHaJI|4e_He/7oH9THorO? STEAM_0:0:352547479
L 10/11/2011 - 01:07:08: [voteban.amxx] [AMXX] BANNED: KpuMuHaJI|4e_He/7oH9THorO?, STARTER: |228| 6yJIb6aIII
L 10/11/2011 - 01:07:09: [amxbans.amxx]  Зомби сервер (x_x(O_o)x_x) Go Zombie !!!<0><><> banned KpuMuHaJI|4e_He/7oH9THorO?<STEAM_0:0:352547479> for 15 minutes (15 minutes). Reason: VIP->|228| 6yJIb6aIII.
L 10/11/2011 - 01:20:48: -------- Mapchange to ze_egypt --------
L 10/11/2011 - 01:20:49: [admin_amxbans.amxx] Login: "|228| 6yJIb6aIII<934><STEAM_0:0:1292803525><>" became an admin (account "|228| 6yJIb6aIII") (access "t") (address "178.123.161.138")
L 10/11/2011 - 01:20:49: [amxbans.amxx] [AMXBANS] AMXBans 5.0 is online
L 10/11/2011 - 01:20:51: [admin_amxbans.amxx] Login: "|228| 6yJIb6aIII<984><STEAM_0:0:1292803525><>" became an admin (account "|228| 6yJIb6aIII") (access "t") (address "178.123.161.138")
L 10/11/2011 - 01:37:07: -------- Mapchange to ze_jurassicpark --------
L 10/11/2011 - 01:37:08: [admin_amxbans.amxx] Login: "|228| 6yJIb6aIII<984><STEAM_0:0:1292803525><>" became an admin (account "|228| 6yJIb6aIII") (access "t") (address "178.123.161.138")
L 10/11/2011 - 01:37:09: [amxbans.amxx] [AMXBANS] AMXBans 5.0 is online
L 10/11/2011 - 01:44:54: [admin_amxbans.amxx] Login: "|228| 6yJIb6aIII<988><STEAM_0:0:1292803525><>" became an admin (account "|228| 6yJIb6aIII") (access "t") (address "178.123.161.138")
L 10/11/2011 - 01:50:29: -------- Mapchange to zm_alfresco_v2 --------
L 10/11/2011 - 01:50:30: [amxbans.amxx] [AMXBANS] AMXBans 5.0 is online
L 10/11/2011 - 01:55:42: -------- Mapchange to cs_estate --------
L 10/11/2011 - 01:55:45: [amxbans.amxx] [AMXBANS] AMXBans 5.0 is online
L 10/11/2011 - 02:04:50: -------- Mapchange to zm_fdust2x2 --------
L 10/11/2011 - 02:04:51: [amxbans.amxx] [AMXBANS] AMXBans 5.0 is online
L 10/11/2011 - 02:09:16: -------- Mapchange to cs_estate --------
L 10/11/2011 - 02:09:19: [amxbans.amxx] [AMXBANS] AMXBans 5.0 is online
L 10/11/2011 - 02:19:12: -------- Mapchange to cs_estate --------
L 10/11/2011 - 02:19:16: [amxbans.amxx] [AMXBANS] AMXBans 5.0 is online
L 10/11/2011 - 02:29:09: -------- Mapchange to cs_estate --------
L 10/11/2011 - 02:29:12: [amxbans.amxx] [AMXBANS] AMXBans 5.0 is online
L 10/11/2011 - 02:37:32: -------- Mapchange to zm_dwarf --------
L 10/11/2011 - 02:37:33: [amxbans.amxx] [AMXBANS] AMXBans 5.0 is online
L 10/11/2011 - 02:57:11: -------- Mapchange to zm_dwarf --------
L 10/11/2011 - 02:57:13: [amxbans.amxx] [AMXBANS] AMXBans 5.0 is online
L 10/11/2011 - 03:08:32: -------- Mapchange to cs_estate --------
L 10/11/2011 - 03:08:35: [amxbans.amxx] [AMXBANS] AMXBans 5.0 is online
L 10/11/2011 - 03:22:05: -------- Mapchange to 016 --------
L 10/11/2011 - 03:22:06: [amxbans.amxx] [AMXBANS] AMXBans 5.0 is online
L 10/11/2011 - 03:50:11: -------- Mapchange to zm_xata --------
L 10/11/2011 - 03:50:13: [amxbans.amxx] [AMXBANS] AMXBans 5.0 is online
L 10/11/2011 - 04:08:12: -------- Mapchange to zm_666_brick --------
L 10/11/2011 - 04:08:14: [amxbans.amxx] [AMXBANS] AMXBans 5.0 is online
L 10/11/2011 - 04:11:12: -------- Mapchange to cs_estate --------
L 10/11/2011 - 04:11:15: [amxbans.amxx] [AMXBANS] AMXBans 5.0 is online
L 10/11/2011 - 04:21:08: -------- Mapchange to cs_estate --------
L 10/11/2011 - 04:21:11: [amxbans.amxx] [AMXBANS] AMXBans 5.0 is online
L 10/11/2011 - 04:31:04: -------- Mapchange to cs_estate --------
L 10/11/2011 - 04:31:07: [amxbans.amxx] [AMXBANS] AMXBans 5.0 is online
L 10/11/2011 - 04:41:00: -------- Mapchange to cs_estate --------
L 10/11/2011 - 04:41:02: [amxbans.amxx] [AMXBANS] AMXBans 5.0 is online
L 10/11/2011 - 04:50:56: -------- Mapchange to cs_estate --------
L 10/11/2011 - 04:50:58: [amxbans.amxx] [AMXBANS] AMXBans 5.0 is online
L 10/11/2011 - 05:00:52: -------- Mapchange to cs_estate --------
L 10/11/2011 - 05:00:54: [amxbans.amxx] [AMXBANS] AMXBans 5.0 is online
L 10/11/2011 - 05:20:32: -------- Mapchange to cs_estate --------
L 10/11/2011 - 05:20:35: [amxbans.amxx] [AMXBANS] AMXBans 5.0 is online
L 10/11/2011 - 05:30:28: -------- Mapchange to cs_estate --------
L 10/11/2011 - 05:30:31: [amxbans.amxx] [AMXBANS] AMXBans 5.0 is online
L 10/11/2011 - 05:40:24: -------- Mapchange to cs_estate --------
L 10/11/2011 - 05:40:27: [amxbans.amxx] [AMXBANS] AMXBans 5.0 is online
L 10/11/2011 - 05:50:20: -------- Mapchange to cs_estate --------
L 10/11/2011 - 05:50:24: [amxbans.amxx] [AMXBANS] AMXBans 5.0 is online
L 10/11/2011 - 06:05:32: -------- Mapchange to cs_estate --------
L 10/11/2011 - 06:05:35: [amxbans.amxx] [AMXBANS] AMXBans 5.0 is online
L 10/11/2011 - 06:13:54: -------- Mapchange to ze_lift_escape_b5 --------
L 10/11/2011 - 06:13:56: [amxbans.amxx] [AMXBANS] AMXBans 5.0 is online
L 10/11/2011 - 06:19:08: -------- Mapchange to cs_estate --------
L 10/11/2011 - 06:19:10: [amxbans.amxx] [AMXBANS] AMXBans 5.0 is online
L 10/11/2011 - 06:29:04: -------- Mapchange to cs_estate --------
L 10/11/2011 - 06:29:06: [amxbans.amxx] [AMXBANS] AMXBans 5.0 is online
L 10/11/2011 - 06:38:59: -------- Mapchange to cs_estate --------
L 10/11/2011 - 06:39:02: [amxbans.amxx] [AMXBANS] AMXBans 5.0 is online
L 10/11/2011 - 06:48:55: -------- Mapchange to cs_estate --------
L 10/11/2011 - 06:48:58: [amxbans.amxx] [AMXBANS] AMXBans 5.0 is online
L 10/11/2011 - 06:58:51: -------- Mapchange to cs_estate --------
L 10/11/2011 - 06:58:54: [amxbans.amxx] [AMXBANS] AMXBans 5.0 is online
L 10/11/2011 - 07:08:48: -------- Mapchange to zm_dwarf --------
L 10/11/2011 - 07:08:49: [amxbans.amxx] [AMXBANS] AMXBans 5.0 is online
L 10/11/2011 - 07:17:31: -------- Mapchange to cs_estate --------
L 10/11/2011 - 07:17:34: [amxbans.amxx] [AMXBANS] AMXBans 5.0 is online
L 10/11/2011 - 07:27:27: -------- Mapchange to cs_estate --------
L 10/11/2011 - 07:27:30: [amxbans.amxx] [AMXBANS] AMXBans 5.0 is online
L 10/11/2011 - 07:43:45: -------- Mapchange to ze_lift_escape_b5 --------
L 10/11/2011 - 07:43:47: [amxbans.amxx] [AMXBANS] AMXBans 5.0 is online
L 10/11/2011 - 07:50:19: -------- Mapchange to cs_estate --------
L 10/11/2011 - 07:50:22: [amxbans.amxx] [AMXBANS] AMXBans 5.0 is online
L 10/11/2011 - 08:09:05: -------- Mapchange to cs_estate --------
L 10/11/2011 - 08:09:08: [amxbans.amxx] [AMXBANS] AMXBans 5.0 is online
L 10/11/2011 - 08:23:43: -------- Mapchange to 016 --------
L 10/11/2011 - 08:23:44: [amxbans.amxx] [AMXBANS] AMXBans 5.0 is online
L 10/11/2011 - 08:26:43: -------- Mapchange to cs_estate --------
L 10/11/2011 - 08:26:45: [amxbans.amxx] [AMXBANS] AMXBans 5.0 is online
L 10/11/2011 - 08:40:26: [admin_amxbans.amxx] Login: "JITO<1130><STEAM_0:0:1836044300><>" became an admin (account "JITO") (access "t") (address "95.55.175.162")
L 10/11/2011 - 08:40:27: [admin_amxbans.amxx] Login: "JITO<1131><STEAM_0:0:1836044300><>" became an admin (account "JITO") (access "t") (address "95.55.175.162")
L 10/11/2011 - 08:45:42: [voteban.amxx] Voteban starter JITO against 4epok BOT
L 10/11/2011 - 08:45:57: [voteban.amxx] [AMXX] BANNED: 4epok, STARTER: JITO
L 10/11/2011 - 08:46:03: -------- Mapchange to zm_neris --------
L 10/11/2011 - 08:46:05: [amxbans.amxx] [AMXBANS] AMXBans 5.0 is online
L 10/11/2011 - 08:47:22: [admin_amxbans.amxx] Login: "JITO<1137><STEAM_0:0:1836044300><>" became an admin (account "JITO") (access "t") (address "95.55.175.162")
L 10/11/2011 - 08:49:03: -------- Mapchange to cs_estate --------
L 10/11/2011 - 08:49:05: [admin_amxbans.amxx] Login: "JITO<1137><STEAM_0:0:1836044300><>" became an admin (account "JITO") (access "t") (address "95.55.175.162")
L 10/11/2011 - 08:49:05: [admin_amxbans.amxx] Login: "JITO<1141><STEAM_0:0:1836044300><>" became an admin (account "JITO") (access "t") (address "95.55.175.162")
L 10/11/2011 - 08:49:06: [amxbans.amxx] [AMXBANS] AMXBans 5.0 is online
L 10/11/2011 - 09:05:11: -------- Mapchange to zm_666_brick --------
L 10/11/2011 - 09:05:12: [amxbans.amxx] [AMXBANS] AMXBans 5.0 is online
L 10/11/2011 - 09:09:27: -------- Mapchange to cs_estate --------
L 10/11/2011 - 09:09:29: [amxbans.amxx] [AMXBANS] AMXBans 5.0 is online
L 10/11/2011 - 09:24:49: -------- Mapchange to zm_dwarf --------
L 10/11/2011 - 09:24:51: [amxbans.amxx] [AMXBANS] AMXBans 5.0 is online
L 10/11/2011 - 09:28:36: -------- Mapchange to cs_estate --------
L 10/11/2011 - 09:28:39: [amxbans.amxx] [AMXBANS] AMXBans 5.0 is online
L 10/11/2011 - 09:38:32: -------- Mapchange to cs_estate --------
L 10/11/2011 - 09:38:35: [amxbans.amxx] [AMXBANS] AMXBans 5.0 is online
L 10/11/2011 - 09:46:54: -------- Mapchange to zm_zbek --------
L 10/11/2011 - 09:46:56: [amxbans.amxx] [AMXBANS] AMXBans 5.0 is online
L 10/11/2011 - 09:50:11: -------- Mapchange to cs_estate --------
L 10/11/2011 - 09:50:14: [amxbans.amxx] [AMXBANS] AMXBans 5.0 is online
L 10/11/2011 - 10:07:15: -------- Mapchange to zm_303 --------
L 10/11/2011 - 10:07:17: [amxbans.amxx] [AMXBANS] AMXBans 5.0 is online
L 10/11/2011 - 11:03:09: -------- Mapchange to zm_fdust2x2 --------
L 10/11/2011 - 11:03:10: [amxbans.amxx] [AMXBANS] AMXBans 5.0 is online
L 10/11/2011 - 11:23:16: -------- Mapchange to ze_lift_escape_b5 --------
L 10/11/2011 - 11:23:18: [amxbans.amxx] [AMXBANS] AMXBans 5.0 is online
L 10/11/2011 - 11:41:28: -------- Mapchange to zm_cpl_mill_kamp --------
L 10/11/2011 - 11:41:30: [amxbans.amxx] [AMXBANS] AMXBans 5.0 is online
L 10/11/2011 - 12:02:15: -------- Mapchange to zm_dwarf --------
L 10/11/2011 - 12:02:17: [amxbans.amxx] [AMXBANS] AMXBans 5.0 is online
L 10/11/2011 - 12:22:44: -------- Mapchange to zm_houses --------
L 10/11/2011 - 12:22:46: [amxbans.amxx] [AMXBANS] AMXBans 5.0 is online
L 10/11/2011 - 12:43:47: -------- Mapchange to zm_666_brick --------
L 10/11/2011 - 12:43:49: [amxbans.amxx] [AMXBANS] AMXBans 5.0 is online
L 10/11/2011 - 13:15:34: -------- Mapchange to ze_egypt --------
L 10/11/2011 - 13:15:35: [amxbans.amxx] [AMXBANS] AMXBans 5.0 is online
L 10/11/2011 - 13:25:31: [admin_amxbans.amxx] Login: "|228| 6yJIb6aIII<1312><STEAM_0:0:1292803525><>" became an admin (account "|228| 6yJIb6aIII") (access "t") (address "178.123.200.249")
L 10/11/2011 - 13:25:36: [admin_amxbans.amxx] Login: "|228| 6yJIb6aIII<1313><STEAM_0:0:1292803525><>" became an admin (account "|228| 6yJIb6aIII") (access "t") (address "178.123.200.249")
L 10/11/2011 - 13:32:31: -------- Mapchange to 016 --------
L 10/11/2011 - 13:32:32: [admin_amxbans.amxx] Login: "|228| 6yJIb6aIII<1313><STEAM_0:0:1292803525><>" became an admin (account "|228| 6yJIb6aIII") (access "t") (address "178.123.200.249")
L 10/11/2011 - 13:32:33: [amxbans.amxx] [AMXBANS] AMXBans 5.0 is online
L 10/11/2011 - 13:52:45: [voteban.amxx] Voteban starter |228| 6yJIb6aIII against CEPE}I{A STEAM_0:0:1669216885
L 10/11/2011 - 13:53:00: [voteban.amxx] [AMXX] BANNED: CEPE}I{A, STARTER: |228| 6yJIb6aIII
L 10/11/2011 - 13:53:02: [amxbans.amxx]  Зомби сервер (x_x(O_o)x_x) Go Zombie !!!<0><><> banned CEPE}I{A<STEAM_0:0:1669216885> for 15 minutes (15 minutes). Reason: VIP->|228| 6yJIb6aIII.
L 10/11/2011 - 14:04:56: -------- Mapchange to zm_303 --------
L 10/11/2011 - 14:04:57: [admin_amxbans.amxx] Login: "|228| 6yJIb6aIII<1313><STEAM_0:0:1292803525><>" became an admin (account "|228| 6yJIb6aIII") (access "t") (address "178.123.200.249")
L 10/11/2011 - 14:04:58: [amxbans.amxx] [AMXBANS] AMXBans 5.0 is online
L 10/11/2011 - 14:07:37: [amxbans.amxx] [Amxbans] Query failed!
L 10/11/2011 - 14:07:37: [amxbans.amxx] [Amxbans] Threaded query error, location: 18
L 10/11/2011 - 14:07:37: [amxbans.amxx] [Amxbans] Message: You have an error in your SQL syntax; check the manual that corresponds to your MySQL server version for the right syntax to use near ''Bantime expire' at line 1 (1064)
L 10/11/2011 - 14:07:37: [amxbans.amxx] [Amxbans] Query statement: 
L 10/11/2011 - 14:08:27: [amxbans.amxx] [Amxbans] Query failed!
L 10/11/2011 - 14:08:27: [amxbans.amxx] [Amxbans] Threaded query error, location: 18
L 10/11/2011 - 14:08:27: [amxbans.amxx] [Amxbans] Message: You have an error in your SQL syntax; check the manual that corresponds to your MySQL server version for the right syntax to use near ''Bantime expire' at line 1 (1064)
L 10/11/2011 - 14:08:27: [amxbans.amxx] [Amxbans] Query statement: 
L 10/11/2011 - 14:09:33: [amxbans.amxx] [Amxbans] Query failed!
L 10/11/2011 - 14:09:33: [amxbans.amxx] [Amxbans] Threaded query error, location: 18
L 10/11/2011 - 14:09:33: [amxbans.amxx] [Amxbans] Message: You have an error in your SQL syntax; check the manual that corresponds to your MySQL server version for the right syntax to use near ''Bantime expire' at line 1 (1064)
L 10/11/2011 - 14:09:33: [amxbans.amxx] [Amxbans] Query statement: 
L 10/11/2011 - 14:27:12: -------- Mapchange to zm_fdust2x2 --------
L 10/11/2011 - 14:27:13: [admin_amxbans.amxx] Login: "|228| 6yJIb6aIII<1313><STEAM_0:0:1292803525><>" became an admin (account "|228| 6yJIb6aIII") (access "t") (address "178.123.200.249")
L 10/11/2011 - 14:27:13: [amxbans.amxx] [AMXBANS] AMXBans 5.0 is online
L 10/11/2011 - 14:27:19: [amxbans.amxx] [Amxbans] Query failed!
L 10/11/2011 - 14:27:19: [amxbans.amxx] [Amxbans] Threaded query error, location: 18
L 10/11/2011 - 14:27:19: [amxbans.amxx] [Amxbans] Message: You have an error in your SQL syntax; check the manual that corresponds to your MySQL server version for the right syntax to use near ''Bantime expire' at line 1 (1064)
L 10/11/2011 - 14:27:19: [amxbans.amxx] [Amxbans] Query statement: 
L 10/11/2011 - 14:49:07: -------- Mapchange to zm_caca --------
L 10/11/2011 - 14:49:08: [admin_amxbans.amxx] Login: "|228| 6yJIb6aIII<1313><STEAM_0:0:1292803525><>" became an admin (account "|228| 6yJIb6aIII") (access "t") (address "178.123.200.249")
L 10/11/2011 - 14:49:08: [amxbans.amxx] [AMXBANS] AMXBans 5.0 is online
L 10/11/2011 - 14:54:42: [admin_amxbans.amxx] Login: "|228| 6yJIb6aIII<1391><STEAM_0:0:1292803525><>" became an admin (account "|228| 6yJIb6aIII") (access "t") (address "178.123.200.249")
L 10/11/2011 - 15:12:08: -------- Mapchange to ze_jurassicpark --------
L 10/11/2011 - 15:12:09: [admin_amxbans.amxx] Login: "|228| 6yJIb6aIII<1391><STEAM_0:0:1292803525><>" became an admin (account "|228| 6yJIb6aIII") (access "t") (address "178.123.200.249")
L 10/11/2011 - 15:12:09: [amxbans.amxx] [AMXBANS] AMXBans 5.0 is online
L 10/11/2011 - 15:20:33: [admin_amxbans.amxx] Login: "Alecquant<1416><STEAM_0:4:565250032><>" became an admin (account "Alecquant") (access "t") (address "89.237.62.234")
L 10/11/2011 - 15:21:04: [admin_amxbans.amxx] Login: "Alecquant<1417><STEAM_0:4:565250032><>" became an admin (account "Alecquant") (access "t") (address "89.237.62.234")
L 10/11/2011 - 15:30:13: -------- Mapchange to ze_lift_escape_b5 --------
L 10/11/2011 - 15:30:13: [admin_amxbans.amxx] Login: "Alecquant<1417><STEAM_0:4:565250032><>" became an admin (account "Alecquant") (access "t") (address "89.237.62.234")
L 10/11/2011 - 15:30:13: [admin_amxbans.amxx] Login: "|228| 6yJIb6aIII<1391><STEAM_0:0:1292803525><>" became an admin (account "|228| 6yJIb6aIII") (access "t") (address "178.123.200.249")
L 10/11/2011 - 15:30:14: [amxbans.amxx] [AMXBANS] AMXBans 5.0 is online
L 10/11/2011 - 15:31:21: [admin_amxbans.amxx] Login: "Alecquant<1438><STEAM_0:4:565250032><>" became an admin (account "Alecquant") (access "t") (address "89.237.62.234")
L 10/11/2011 - 15:33:10: [admin_amxbans.amxx] Login: "A Bot u 9i! =)<1440><STEAM_0:4:446327478><>" became an admin (account "212.55.104.156") (access "abcdefgijlmnoprstu") (address "212.55.104.156")
L 10/11/2011 - 15:46:05: -------- Mapchange to zm_alfresco_v2 --------
L 10/11/2011 - 15:46:06: [admin_amxbans.amxx] Login: "A Bot u 9i! =)<1440><STEAM_0:4:446327478><>" became an admin (account "212.55.104.156") (access "abcdefgijlmnoprstu") (address "212.55.104.156")
L 10/11/2011 - 15:46:06: [admin_amxbans.amxx] Login: "Alecquant<1438><STEAM_0:4:565250032><>" became an admin (account "Alecquant") (access "t") (address "89.237.62.234")
L 10/11/2011 - 15:46:06: [admin_amxbans.amxx] Login: "|228| 6yJIb6aIII<1391><STEAM_0:0:1292803525><>" became an admin (account "|228| 6yJIb6aIII") (access "t") (address "178.123.200.249")
L 10/11/2011 - 15:46:07: [amxbans.amxx] [AMXBANS] AMXBans 5.0 is online
L 10/11/2011 - 15:46:14: [admin_amxbans.amxx] Login: "A Bot u 9i! =)<1456><STEAM_0:4:446327478><>" became an admin (account "212.55.104.156") (access "abcdefgijlmnoprstu") (address "212.55.104.156")
L 10/11/2011 - 15:48:41: [plmenu.amxx] Cmd: "A Bot u 9i! =)<1456><STEAM_0:4:446327478><>" slay "A Bot u 9i! =)<1456><STEAM_0:4:446327478><>"
L 10/11/2011 - 15:51:23: [plmenu.amxx] Cmd: "A Bot u 9i! =)<1456><STEAM_0:4:446327478><>" slap with 0 damage "A Bot u 9i! =)<1456><STEAM_0:4:446327478><>"
L 10/11/2011 - 15:51:24: [plmenu.amxx] Cmd: "A Bot u 9i! =)<1456><STEAM_0:4:446327478><>" slap with 0 damage "A Bot u 9i! =)<1456><STEAM_0:4:446327478><>"
L 10/11/2011 - 15:51:53: [plmenu.amxx] Cmd: "A Bot u 9i! =)<1456><STEAM_0:4:446327478><>" slap with 0 damage "A Bot u 9i! =)<1456><STEAM_0:4:446327478><>"
L 10/11/2011 - 15:51:53: [plmenu.amxx] Cmd: "A Bot u 9i! =)<1456><STEAM_0:4:446327478><>" slap with 0 damage "A Bot u 9i! =)<1456><STEAM_0:4:446327478><>"
L 10/11/2011 - 15:53:08: [plmenu.amxx] Cmd: "A Bot u 9i! =)<1456><STEAM_0:4:446327478><>" slay "A Bot u 9i! =)<1456><STEAM_0:4:446327478><>"
L 10/11/2011 - 15:54:50: [plmenu.amxx] Cmd: "A Bot u 9i! =)<1456><STEAM_0:4:446327478><>" slay "A Bot u 9i! =)<1456><STEAM_0:4:446327478><>"
L 10/11/2011 - 15:55:39: [plmenu.amxx] Cmd: "A Bot u 9i! =)<1456><STEAM_0:4:446327478><>" transfer "A Bot u 9i! =)<1456><STEAM_0:4:446327478><>" (team "TERRORIST")
L 10/11/2011 - 15:58:40: [adminvote.amxx] Vote: "A Bot u 9i! =)<1456><STEAM_0:4:446327478><>" vote custom (question "6yJIb6aIII_4acto_ockap6JI9Iet_urpokoB?") (option#1 "ga") (option#2 "Het")
L 10/11/2011 - 15:58:52: [adminvote.amxx] Vote: Voting successful (got "13") (needed "1") (result "6yJIb6aIII_4acto_ockap6JI9Iet_urpokoB? - ga")
L 10/11/2011 - 16:09:06: -------- Mapchange to zm_decline2k --------
L 10/11/2011 - 16:09:07: [admin_amxbans.amxx] Login: "A Bot u 9i! =)<1456><STEAM_0:4:446327478><>" became an admin (account "212.55.104.156") (access "abcdefgijlmnoprstu") (address "212.55.104.156")
L 10/11/2011 - 16:09:07: [admin_amxbans.amxx] Login: "Alecquant<1438><STEAM_0:4:565250032><>" became an admin (account "Alecquant") (access "t") (address "89.237.62.234")
L 10/11/2011 - 16:09:07: [admin_amxbans.amxx] Login: "|228| 6yJIb6aIII<1391><STEAM_0:0:1292803525><>" became an admin (account "|228| 6yJIb6aIII") (access "t") (address "178.123.200.249")
L 10/11/2011 - 16:09:07: [admin_amxbans.amxx] Login: "A Bot u 9i! =)<1492><STEAM_0:4:446327478><>" became an admin (account "212.55.104.156") (access "abcdefgijlmnoprstu") (address "212.55.104.156")
L 10/11/2011 - 16:09:08: [amxbans.amxx] [AMXBANS] AMXBans 5.0 is online
L 10/11/2011 - 16:09:16: [admin_amxbans.amxx] Login: "A Bot u 9i! =)<1496><STEAM_0:4:446327478><>" became an admin (account "212.55.104.156") (access "abcdefgijlmnoprstu") (address "212.55.104.156")
L 10/11/2011 - 16:15:45: [admin_amxbans.amxx] Login: "[o_VIP_o]                (^_^)V<1496><STEAM_0:4:446327478><>" became an admin (account "212.55.104.156") (access "abcdefgijlmnoprstu") (address "212.55.104.156")
L 10/11/2011 - 16:16:44: [plmenu.amxx] Cmd: "[o_VIP_o]                (^_^)V<1496><STEAM_0:4:446327478><>" slap with 0 damage "|228| 6yJIb6aIII<1391><STEAM_0:0:1292803525><>"
L 10/11/2011 - 16:16:44: [plmenu.amxx] Cmd: "[o_VIP_o]                (^_^)V<1496><STEAM_0:4:446327478><>" slap with 0 damage "|228| 6yJIb6aIII<1391><STEAM_0:0:1292803525><>"
L 10/11/2011 - 16:16:45: [plmenu.amxx] Cmd: "[o_VIP_o]                (^_^)V<1496><STEAM_0:4:446327478><>" slap with 0 damage "|228| 6yJIb6aIII<1391><STEAM_0:0:1292803525><>"
L 10/11/2011 - 16:16:45: [plmenu.amxx] Cmd: "[o_VIP_o]                (^_^)V<1496><STEAM_0:4:446327478><>" slap with 0 damage "|228| 6yJIb6aIII<1391><STEAM_0:0:1292803525><>"
L 10/11/2011 - 16:16:45: [plmenu.amxx] Cmd: "[o_VIP_o]                (^_^)V<1496><STEAM_0:4:446327478><>" slap with 0 damage "|228| 6yJIb6aIII<1391><STEAM_0:0:1292803525><>"
L 10/11/2011 - 16:16:45: [plmenu.amxx] Cmd: "[o_VIP_o]                (^_^)V<1496><STEAM_0:4:446327478><>" slap with 0 damage "|228| 6yJIb6aIII<1391><STEAM_0:0:1292803525><>"
L 10/11/2011 - 16:16:45: [plmenu.amxx] Cmd: "[o_VIP_o]                (^_^)V<1496><STEAM_0:4:446327478><>" slap with 0 damage "|228| 6yJIb6aIII<1391><STEAM_0:0:1292803525><>"
L 10/11/2011 - 16:16:45: [plmenu.amxx] Cmd: "[o_VIP_o]                (^_^)V<1496><STEAM_0:4:446327478><>" slap with 0 damage "|228| 6yJIb6aIII<1391><STEAM_0:0:1292803525><>"
L 10/11/2011 - 16:16:46: [plmenu.amxx] Cmd: "[o_VIP_o]                (^_^)V<1496><STEAM_0:4:446327478><>" slap with 0 damage "|228| 6yJIb6aIII<1391><STEAM_0:0:1292803525><>"
L 10/11/2011 - 16:16:46: [plmenu.amxx] Cmd: "[o_VIP_o]                (^_^)V<1496><STEAM_0:4:446327478><>" slap with 0 damage "|228| 6yJIb6aIII<1391><STEAM_0:0:1292803525><>"
L 10/11/2011 - 16:16:46: [plmenu.amxx] Cmd: "[o_VIP_o]                (^_^)V<1496><STEAM_0:4:446327478><>" slap with 0 damage "|228| 6yJIb6aIII<1391><STEAM_0:0:1292803525><>"
L 10/11/2011 - 16:19:12: [admincmd.amxx] Cmd: "[o_VIP_o]                (^_^)V<1496><STEAM_0:4:446327478><>" change nick to "Dimka" "|228| 6yJIb6aIII<1391><STEAM_0:0:1292803525><>"
L 10/11/2011 - 16:19:12: [admin_amxbans.amxx] Login: "Dimka<1391><STEAM_0:0:1292803525><>" kicked due to invalid password (account "Dimka") (address "178.123.200.249")
L 10/11/2011 - 16:19:20: [admin_amxbans.amxx] Login: "Dimka<1504><STEAM_0:0:1292803525><>" kicked due to invalid password (account "Dimka") (address "178.123.200.249")
L 10/11/2011 - 16:19:23: [admin_amxbans.amxx] Login: "Dimka<1505><STEAM_0:0:1292803525><>" kicked due to invalid password (account "Dimka") (address "178.123.200.249")
L 10/11/2011 - 16:19:29: [admin_amxbans.amxx] Login: "Dimka<1507><STEAM_0:0:1292803525><>" kicked due to invalid password (account "Dimka") (address "178.123.200.249")
L 10/11/2011 - 16:19:32: [admin_amxbans.amxx] Login: "Dimka<1508><STEAM_0:0:1292803525><>" kicked due to invalid password (account "Dimka") (address "178.123.200.249")
L 10/11/2011 - 16:19:39: [admin_amxbans.amxx] Login: "Dimka<1509><STEAM_0:0:1292803525><>" kicked due to invalid password (account "Dimka") (address "178.123.200.249")
L 10/11/2011 - 16:19:41: [admin_amxbans.amxx] Login: "Dimka<1510><STEAM_0:0:1292803525><>" kicked due to invalid password (account "Dimka") (address "178.123.200.249")
L 10/11/2011 - 16:19:46: [admin_amxbans.amxx] Login: "Dimka<1511><STEAM_0:0:1292803525><>" kicked due to invalid password (account "Dimka") (address "178.123.200.249")
L 10/11/2011 - 16:20:14: [admin_amxbans.amxx] Login: "Dimka<1513><STEAM_0:0:1292803525><>" kicked due to invalid password (account "Dimka") (address "178.123.200.249")
L 10/11/2011 - 16:20:17: [admin_amxbans.amxx] Login: "Dimka<1515><STEAM_0:0:1292803525><>" kicked due to invalid password (account "Dimka") (address "178.123.200.249")
L 10/11/2011 - 16:20:45: [admin_amxbans.amxx] Login: "Dimka<1517><STEAM_0:0:1292803525><>" kicked due to invalid password (account "Dimka") (address "178.123.200.249")
L 10/11/2011 - 16:20:55: [admin_amxbans.amxx] Login: "Dimka<1518><STEAM_0:0:1292803525><>" kicked due to invalid password (account "Dimka") (address "178.123.200.249")
L 10/11/2011 - 16:21:54: [admin_amxbans.amxx] Login: "Dimka<1520><STEAM_0:0:1292803525><>" kicked due to invalid password (account "Dimka") (address "178.123.200.249")
L 10/11/2011 - 16:25:38: [admin_amxbans.amxx] Login: "VIP'yJI9I<1496><STEAM_0:4:446327478><>" became an admin (account "212.55.104.156") (access "abcdefgijlmnoprstu") (address "212.55.104.156")
L 10/11/2011 - 16:26:15: [admin_amxbans.amxx] Login: "|228| 6yJIb6aIII<1536><STEAM_0:0:1292803525><>" became an admin (account "|228| 6yJIb6aIII") (access "t") (address "178.123.200.249")
L 10/11/2011 - 16:29:35: [plmenu.amxx] Cmd: "VIP'yJI9I<1496><STEAM_0:4:446327478><>" slap with 0 damage "VIP'yJI9I<1496><STEAM_0:4:446327478><>"
L 10/11/2011 - 16:29:36: [plmenu.amxx] Cmd: "VIP'yJI9I<1496><STEAM_0:4:446327478><>" slap with 0 damage "VIP'yJI9I<1496><STEAM_0:4:446327478><>"
L 10/11/2011 - 16:29:36: [plmenu.amxx] Cmd: "VIP'yJI9I<1496><STEAM_0:4:446327478><>" slap with 0 damage "VIP'yJI9I<1496><STEAM_0:4:446327478><>"
L 10/11/2011 - 16:29:36: [plmenu.amxx] Cmd: "VIP'yJI9I<1496><STEAM_0:4:446327478><>" slap with 0 damage "VIP'yJI9I<1496><STEAM_0:4:446327478><>"
L 10/11/2011 - 16:29:36: [plmenu.amxx] Cmd: "VIP'yJI9I<1496><STEAM_0:4:446327478><>" slap with 0 damage "VIP'yJI9I<1496><STEAM_0:4:446327478><>"
L 10/11/2011 - 16:29:37: [plmenu.amxx] Cmd: "VIP'yJI9I<1496><STEAM_0:4:446327478><>" slap with 0 damage "VIP'yJI9I<1496><STEAM_0:4:446327478><>"
L 10/11/2011 - 16:30:12: [plmenu.amxx] Cmd: "VIP'yJI9I<1496><STEAM_0:4:446327478><>" slap with 0 damage "VIP'yJI9I<1496><STEAM_0:4:446327478><>"
L 10/11/2011 - 16:30:13: [plmenu.amxx] Cmd: "VIP'yJI9I<1496><STEAM_0:4:446327478><>" slap with 0 damage "VIP'yJI9I<1496><STEAM_0:4:446327478><>"
L 10/11/2011 - 16:30:13: [plmenu.amxx] Cmd: "VIP'yJI9I<1496><STEAM_0:4:446327478><>" slap with 0 damage "VIP'yJI9I<1496><STEAM_0:4:446327478><>"
L 10/11/2011 - 16:30:26: [plmenu.amxx] Cmd: "VIP'yJI9I<1496><STEAM_0:4:446327478><>" slap with 0 damage "VIP'yJI9I<1496><STEAM_0:4:446327478><>"
L 10/11/2011 - 16:30:26: [plmenu.amxx] Cmd: "VIP'yJI9I<1496><STEAM_0:4:446327478><>" slap with 0 damage "VIP'yJI9I<1496><STEAM_0:4:446327478><>"
L 10/11/2011 - 16:30:27: [plmenu.amxx] Cmd: "VIP'yJI9I<1496><STEAM_0:4:446327478><>" slap with 0 damage "VIP'yJI9I<1496><STEAM_0:4:446327478><>"
L 10/11/2011 - 16:30:38: [plmenu.amxx] Cmd: "VIP'yJI9I<1496><STEAM_0:4:446327478><>" slap with 0 damage "VIP'yJI9I<1496><STEAM_0:4:446327478><>"
L 10/11/2011 - 16:30:38: [plmenu.amxx] Cmd: "VIP'yJI9I<1496><STEAM_0:4:446327478><>" slap with 0 damage "VIP'yJI9I<1496><STEAM_0:4:446327478><>"
L 10/11/2011 - 16:30:39: [plmenu.amxx] Cmd: "VIP'yJI9I<1496><STEAM_0:4:446327478><>" slap with 0 damage "VIP'yJI9I<1496><STEAM_0:4:446327478><>"
L 10/11/2011 - 16:30:39: [plmenu.amxx] Cmd: "VIP'yJI9I<1496><STEAM_0:4:446327478><>" slap with 0 damage "VIP'yJI9I<1496><STEAM_0:4:446327478><>"
L 10/11/2011 - 16:30:39: [plmenu.amxx] Cmd: "VIP'yJI9I<1496><STEAM_0:4:446327478><>" slap with 0 damage "VIP'yJI9I<1496><STEAM_0:4:446327478><>"
L 10/11/2011 - 16:30:39: [plmenu.amxx] Cmd: "VIP'yJI9I<1496><STEAM_0:4:446327478><>" slap with 0 damage "VIP'yJI9I<1496><STEAM_0:4:446327478><>"
L 10/11/2011 - 16:30:44: [plmenu.amxx] Cmd: "VIP'yJI9I<1496><STEAM_0:4:446327478><>" slap with 0 damage "VIP'yJI9I<1496><STEAM_0:4:446327478><>"
L 10/11/2011 - 16:30:44: [plmenu.amxx] Cmd: "VIP'yJI9I<1496><STEAM_0:4:446327478><>" slap with 0 damage "VIP'yJI9I<1496><STEAM_0:4:446327478><>"
L 10/11/2011 - 16:30:44: [plmenu.amxx] Cmd: "VIP'yJI9I<1496><STEAM_0:4:446327478><>" slap with 0 damage "VIP'yJI9I<1496><STEAM_0:4:446327478><>"
L 10/11/2011 - 16:30:45: [plmenu.amxx] Cmd: "VIP'yJI9I<1496><STEAM_0:4:446327478><>" slap with 0 damage "VIP'yJI9I<1496><STEAM_0:4:446327478><>"
L 10/11/2011 - 16:30:45: [plmenu.amxx] Cmd: "VIP'yJI9I<1496><STEAM_0:4:446327478><>" slap with 0 damage "VIP'yJI9I<1496><STEAM_0:4:446327478><>"
L 10/11/2011 - 16:30:45: [plmenu.amxx] Cmd: "VIP'yJI9I<1496><STEAM_0:4:446327478><>" slap with 0 damage "VIP'yJI9I<1496><STEAM_0:4:446327478><>"
L 10/11/2011 - 16:30:45: [plmenu.amxx] Cmd: "VIP'yJI9I<1496><STEAM_0:4:446327478><>" slap with 0 damage "VIP'yJI9I<1496><STEAM_0:4:446327478><>"
L 10/11/2011 - 16:30:45: [plmenu.amxx] Cmd: "VIP'yJI9I<1496><STEAM_0:4:446327478><>" slap with 0 damage "VIP'yJI9I<1496><STEAM_0:4:446327478><>"
L 10/11/2011 - 16:30:46: [plmenu.amxx] Cmd: "VIP'yJI9I<1496><STEAM_0:4:446327478><>" slap with 0 damage "VIP'yJI9I<1496><STEAM_0:4:446327478><>"
L 10/11/2011 - 16:30:46: [plmenu.amxx] Cmd: "VIP'yJI9I<1496><STEAM_0:4:446327478><>" slap with 0 damage "VIP'yJI9I<1496><STEAM_0:4:446327478><>"
L 10/11/2011 - 16:30:46: [plmenu.amxx] Cmd: "VIP'yJI9I<1496><STEAM_0:4:446327478><>" slap with 0 damage "VIP'yJI9I<1496><STEAM_0:4:446327478><>"
L 10/11/2011 - 16:30:52: [plmenu.amxx] Cmd: "VIP'yJI9I<1496><STEAM_0:4:446327478><>" slap with 0 damage "VIP'yJI9I<1496><STEAM_0:4:446327478><>"
L 10/11/2011 - 16:30:53: [plmenu.amxx] Cmd: "VIP'yJI9I<1496><STEAM_0:4:446327478><>" slap with 0 damage "VIP'yJI9I<1496><STEAM_0:4:446327478><>"
L 10/11/2011 - 16:30:53: [plmenu.amxx] Cmd: "VIP'yJI9I<1496><STEAM_0:4:446327478><>" slap with 0 damage "VIP'yJI9I<1496><STEAM_0:4:446327478><>"
L 10/11/2011 - 16:30:53: [plmenu.amxx] Cmd: "VIP'yJI9I<1496><STEAM_0:4:446327478><>" slap with 0 damage "VIP'yJI9I<1496><STEAM_0:4:446327478><>"
L 10/11/2011 - 16:30:53: [plmenu.amxx] Cmd: "VIP'yJI9I<1496><STEAM_0:4:446327478><>" slap with 0 damage "VIP'yJI9I<1496><STEAM_0:4:446327478><>"
L 10/11/2011 - 16:30:57: [plmenu.amxx] Cmd: "VIP'yJI9I<1496><STEAM_0:4:446327478><>" slap with 0 damage "VIP'yJI9I<1496><STEAM_0:4:446327478><>"
L 10/11/2011 - 16:30:58: [plmenu.amxx] Cmd: "VIP'yJI9I<1496><STEAM_0:4:446327478><>" slap with 0 damage "VIP'yJI9I<1496><STEAM_0:4:446327478><>"
L 10/11/2011 - 16:30:58: [plmenu.amxx] Cmd: "VIP'yJI9I<1496><STEAM_0:4:446327478><>" slap with 0 damage "VIP'yJI9I<1496><STEAM_0:4:446327478><>"
L 10/11/2011 - 16:30:59: [plmenu.amxx] Cmd: "VIP'yJI9I<1496><STEAM_0:4:446327478><>" slap with 0 damage "VIP'yJI9I<1496><STEAM_0:4:446327478><>"
L 10/11/2011 - 16:30:59: [plmenu.amxx] Cmd: "VIP'yJI9I<1496><STEAM_0:4:446327478><>" slap with 0 damage "VIP'yJI9I<1496><STEAM_0:4:446327478><>"
L 10/11/2011 - 16:31:04: [plmenu.amxx] Cmd: "VIP'yJI9I<1496><STEAM_0:4:446327478><>" slap with 0 damage "VIP'yJI9I<1496><STEAM_0:4:446327478><>"
L 10/11/2011 - 16:31:05: [plmenu.amxx] Cmd: "VIP'yJI9I<1496><STEAM_0:4:446327478><>" slap with 0 damage "VIP'yJI9I<1496><STEAM_0:4:446327478><>"
L 10/11/2011 - 16:31:05: [plmenu.amxx] Cmd: "VIP'yJI9I<1496><STEAM_0:4:446327478><>" slap with 0 damage "VIP'yJI9I<1496><STEAM_0:4:446327478><>"
L 10/11/2011 - 16:31:05: [plmenu.amxx] Cmd: "VIP'yJI9I<1496><STEAM_0:4:446327478><>" slap with 0 damage "VIP'yJI9I<1496><STEAM_0:4:446327478><>"
L 10/11/2011 - 16:31:05: [plmenu.amxx] Cmd: "VIP'yJI9I<1496><STEAM_0:4:446327478><>" slap with 0 damage "VIP'yJI9I<1496><STEAM_0:4:446327478><>"
L 10/11/2011 - 16:31:06: [plmenu.amxx] Cmd: "VIP'yJI9I<1496><STEAM_0:4:446327478><>" slap with 0 damage "VIP'yJI9I<1496><STEAM_0:4:446327478><>"
L 10/11/2011 - 16:31:06: [plmenu.amxx] Cmd: "VIP'yJI9I<1496><STEAM_0:4:446327478><>" slap with 0 damage "VIP'yJI9I<1496><STEAM_0:4:446327478><>"
L 10/11/2011 - 16:31:06: [plmenu.amxx] Cmd: "VIP'yJI9I<1496><STEAM_0:4:446327478><>" slap with 0 damage "VIP'yJI9I<1496><STEAM_0:4:446327478><>"
L 10/11/2011 - 16:31:10: [plmenu.amxx] Cmd: "VIP'yJI9I<1496><STEAM_0:4:446327478><>" slap with 0 damage "VIP'yJI9I<1496><STEAM_0:4:446327478><>"
L 10/11/2011 - 16:31:11: [plmenu.amxx] Cmd: "VIP'yJI9I<1496><STEAM_0:4:446327478><>" slap with 0 damage "VIP'yJI9I<1496><STEAM_0:4:446327478><>"
L 10/11/2011 - 16:31:11: [plmenu.amxx] Cmd: "VIP'yJI9I<1496><STEAM_0:4:446327478><>" slap with 0 damage "VIP'yJI9I<1496><STEAM_0:4:446327478><>"
L 10/11/2011 - 16:31:11: [plmenu.amxx] Cmd: "VIP'yJI9I<1496><STEAM_0:4:446327478><>" slap with 0 damage "VIP'yJI9I<1496><STEAM_0:4:446327478><>"
L 10/11/2011 - 16:31:14: [plmenu.amxx] Cmd: "VIP'yJI9I<1496><STEAM_0:4:446327478><>" slap with 0 damage "VIP'yJI9I<1496><STEAM_0:4:446327478><>"
L 10/11/2011 - 16:31:14: [plmenu.amxx] Cmd: "VIP'yJI9I<1496><STEAM_0:4:446327478><>" slap with 0 damage "VIP'yJI9I<1496><STEAM_0:4:446327478><>"
L 10/11/2011 - 16:31:14: [plmenu.amxx] Cmd: "VIP'yJI9I<1496><STEAM_0:4:446327478><>" slap with 0 damage "VIP'yJI9I<1496><STEAM_0:4:446327478><>"
L 10/11/2011 - 16:31:15: [plmenu.amxx] Cmd: "VIP'yJI9I<1496><STEAM_0:4:446327478><>" slap with 0 damage "VIP'yJI9I<1496><STEAM_0:4:446327478><>"
L 10/11/2011 - 16:31:15: [plmenu.amxx] Cmd: "VIP'yJI9I<1496><STEAM_0:4:446327478><>" slap with 0 damage "VIP'yJI9I<1496><STEAM_0:4:446327478><>"
L 10/11/2011 - 16:31:15: [plmenu.amxx] Cmd: "VIP'yJI9I<1496><STEAM_0:4:446327478><>" slap with 0 damage "VIP'yJI9I<1496><STEAM_0:4:446327478><>"
L 10/11/2011 - 16:31:15: [plmenu.amxx] Cmd: "VIP'yJI9I<1496><STEAM_0:4:446327478><>" slap with 0 damage "VIP'yJI9I<1496><STEAM_0:4:446327478><>"
L 10/11/2011 - 16:31:16: [plmenu.amxx] Cmd: "VIP'yJI9I<1496><STEAM_0:4:446327478><>" slap with 0 damage "VIP'yJI9I<1496><STEAM_0:4:446327478><>"
L 10/11/2011 - 16:31:16: [plmenu.amxx] Cmd: "VIP'yJI9I<1496><STEAM_0:4:446327478><>" slap with 0 damage "VIP'yJI9I<1496><STEAM_0:4:446327478><>"
L 10/11/2011 - 16:31:17: [plmenu.amxx] Cmd: "VIP'yJI9I<1496><STEAM_0:4:446327478><>" slap with 0 damage "VIP'yJI9I<1496><STEAM_0:4:446327478><>"
L 10/11/2011 - 16:31:17: [plmenu.amxx] Cmd: "VIP'yJI9I<1496><STEAM_0:4:446327478><>" slap with 0 damage "VIP'yJI9I<1496><STEAM_0:4:446327478><>"
L 10/11/2011 - 16:31:17: [plmenu.amxx] Cmd: "VIP'yJI9I<1496><STEAM_0:4:446327478><>" slap with 0 damage "VIP'yJI9I<1496><STEAM_0:4:446327478><>"
L 10/11/2011 - 16:31:17: [plmenu.amxx] Cmd: "VIP'yJI9I<1496><STEAM_0:4:446327478><>" slap with 0 damage "VIP'yJI9I<1496><STEAM_0:4:446327478><>"
L 10/11/2011 - 16:31:17: [plmenu.amxx] Cmd: "VIP'yJI9I<1496><STEAM_0:4:446327478><>" slap with 0 damage "VIP'yJI9I<1496><STEAM_0:4:446327478><>"
L 10/11/2011 - 16:31:25: [plmenu.amxx] Cmd: "VIP'yJI9I<1496><STEAM_0:4:446327478><>" slap with 0 damage "VIP'yJI9I<1496><STEAM_0:4:446327478><>"
L 10/11/2011 - 16:31:25: [plmenu.amxx] Cmd: "VIP'yJI9I<1496><STEAM_0:4:446327478><>" slap with 0 damage "VIP'yJI9I<1496><STEAM_0:4:446327478><>"
L 10/11/2011 - 16:31:25: [plmenu.amxx] Cmd: "VIP'yJI9I<1496><STEAM_0:4:446327478><>" slap with 0 damage "VIP'yJI9I<1496><STEAM_0:4:446327478><>"
L 10/11/2011 - 16:31:26: [plmenu.amxx] Cmd: "VIP'yJI9I<1496><STEAM_0:4:446327478><>" slap with 0 damage "VIP'yJI9I<1496><STEAM_0:4:446327478><>"
L 10/11/2011 - 16:31:26: [plmenu.amxx] Cmd: "VIP'yJI9I<1496><STEAM_0:4:446327478><>" slap with 0 damage "VIP'yJI9I<1496><STEAM_0:4:446327478><>"
L 10/11/2011 - 16:31:26: [plmenu.amxx] Cmd: "VIP'yJI9I<1496><STEAM_0:4:446327478><>" slap with 0 damage "VIP'yJI9I<1496><STEAM_0:4:446327478><>"
L 10/11/2011 - 16:31:27: [plmenu.amxx] Cmd: "VIP'yJI9I<1496><STEAM_0:4:446327478><>" slap with 0 damage "VIP'yJI9I<1496><STEAM_0:4:446327478><>"
L 10/11/2011 - 16:31:27: [plmenu.amxx] Cmd: "VIP'yJI9I<1496><STEAM_0:4:446327478><>" slap with 0 damage "VIP'yJI9I<1496><STEAM_0:4:446327478><>"
L 10/11/2011 - 16:31:27: [plmenu.amxx] Cmd: "VIP'yJI9I<1496><STEAM_0:4:446327478><>" slap with 0 damage "VIP'yJI9I<1496><STEAM_0:4:446327478><>"
L 10/11/2011 - 16:31:28: [plmenu.amxx] Cmd: "VIP'yJI9I<1496><STEAM_0:4:446327478><>" slap with 0 damage "VIP'yJI9I<1496><STEAM_0:4:446327478><>"
L 10/11/2011 - 16:31:28: [plmenu.amxx] Cmd: "VIP'yJI9I<1496><STEAM_0:4:446327478><>" slap with 0 damage "VIP'yJI9I<1496><STEAM_0:4:446327478><>"
L 10/11/2011 - 16:31:28: [plmenu.amxx] Cmd: "VIP'yJI9I<1496><STEAM_0:4:446327478><>" slap with 0 damage "VIP'yJI9I<1496><STEAM_0:4:446327478><>"
L 10/11/2011 - 16:31:28: [plmenu.amxx] Cmd: "VIP'yJI9I<1496><STEAM_0:4:446327478><>" slap with 0 damage "VIP'yJI9I<1496><STEAM_0:4:446327478><>"
L 10/11/2011 - 16:31:29: [plmenu.amxx] Cmd: "VIP'yJI9I<1496><STEAM_0:4:446327478><>" slap with 0 damage "VIP'yJI9I<1496><STEAM_0:4:446327478><>"
L 10/11/2011 - 16:31:31: [plmenu.amxx] Cmd: "VIP'yJI9I<1496><STEAM_0:4:446327478><>" slap with 0 damage "VIP'yJI9I<1496><STEAM_0:4:446327478><>"
L 10/11/2011 - 16:31:31: [plmenu.amxx] Cmd: "VIP'yJI9I<1496><STEAM_0:4:446327478><>" slap with 0 damage "VIP'yJI9I<1496><STEAM_0:4:446327478><>"
L 10/11/2011 - 16:31:31: [plmenu.amxx] Cmd: "VIP'yJI9I<1496><STEAM_0:4:446327478><>" slap with 0 damage "VIP'yJI9I<1496><STEAM_0:4:446327478><>"
L 10/11/2011 - 16:31:32: [plmenu.amxx] Cmd: "VIP'yJI9I<1496><STEAM_0:4:446327478><>" slap with 0 damage "VIP'yJI9I<1496><STEAM_0:4:446327478><>"
L 10/11/2011 - 16:31:36: [plmenu.amxx] Cmd: "VIP'yJI9I<1496><STEAM_0:4:446327478><>" slap with 0 damage "VIP'yJI9I<1496><STEAM_0:4:446327478><>"
L 10/11/2011 - 16:31:37: [plmenu.amxx] Cmd: "VIP'yJI9I<1496><STEAM_0:4:446327478><>" slap with 0 damage "VIP'yJI9I<1496><STEAM_0:4:446327478><>"
L 10/11/2011 - 16:31:37: [plmenu.amxx] Cmd: "VIP'yJI9I<1496><STEAM_0:4:446327478><>" slap with 0 damage "VIP'yJI9I<1496><STEAM_0:4:446327478><>"
L 10/11/2011 - 16:31:37: [plmenu.amxx] Cmd: "VIP'yJI9I<1496><STEAM_0:4:446327478><>" slap with 0 damage "VIP'yJI9I<1496><STEAM_0:4:446327478><>"
L 10/11/2011 - 16:31:37: [plmenu.amxx] Cmd: "VIP'yJI9I<1496><STEAM_0:4:446327478><>" slap with 0 damage "VIP'yJI9I<1496><STEAM_0:4:446327478><>"
L 10/11/2011 - 16:31:37: [plmenu.amxx] Cmd: "VIP'yJI9I<1496><STEAM_0:4:446327478><>" slap with 0 damage "VIP'yJI9I<1496><STEAM_0:4:446327478><>"
L 10/11/2011 - 16:31:38: [plmenu.amxx] Cmd: "VIP'yJI9I<1496><STEAM_0:4:446327478><>" slap with 0 damage "VIP'yJI9I<1496><STEAM_0:4:446327478><>"
L 10/11/2011 - 16:31:38: [plmenu.amxx] Cmd: "VIP'yJI9I<1496><STEAM_0:4:446327478><>" slap with 0 damage "VIP'yJI9I<1496><STEAM_0:4:446327478><>"
L 10/11/2011 - 16:31:38: [plmenu.amxx] Cmd: "VIP'yJI9I<1496><STEAM_0:4:446327478><>" slap with 0 damage "VIP'yJI9I<1496><STEAM_0:4:446327478><>"
L 10/11/2011 - 16:31:38: [plmenu.amxx] Cmd: "VIP'yJI9I<1496><STEAM_0:4:446327478><>" slap with 0 damage "VIP'yJI9I<1496><STEAM_0:4:446327478><>"
L 10/11/2011 - 16:31:39: [plmenu.amxx] Cmd: "VIP'yJI9I<1496><STEAM_0:4:446327478><>" slap with 0 damage "VIP'yJI9I<1496><STEAM_0:4:446327478><>"
L 10/11/2011 - 16:31:39: [plmenu.amxx] Cmd: "VIP'yJI9I<1496><STEAM_0:4:446327478><>" slap with 0 damage "VIP'yJI9I<1496><STEAM_0:4:446327478><>"
L 10/11/2011 - 16:31:39: [plmenu.amxx] Cmd: "VIP'yJI9I<1496><STEAM_0:4:446327478><>" slap with 0 damage "VIP'yJI9I<1496><STEAM_0:4:446327478><>"
L 10/11/2011 - 16:31:39: [plmenu.amxx] Cmd: "VIP'yJI9I<1496><STEAM_0:4:446327478><>" slap with 0 damage "VIP'yJI9I<1496><STEAM_0:4:446327478><>"
L 10/11/2011 - 16:31:39: [plmenu.amxx] Cmd: "VIP'yJI9I<1496><STEAM_0:4:446327478><>" slap with 0 damage "VIP'yJI9I<1496><STEAM_0:4:446327478><>"
L 10/11/2011 - 16:31:41: [plmenu.amxx] Cmd: "VIP'yJI9I<1496><STEAM_0:4:446327478><>" slap with 0 damage "VIP'yJI9I<1496><STEAM_0:4:446327478><>"
L 10/11/2011 - 16:31:48: [plmenu.amxx] Cmd: "VIP'yJI9I<1496><STEAM_0:4:446327478><>" slap with 0 damage "VIP'yJI9I<1496><STEAM_0:4:446327478><>"
L 10/11/2011 - 16:31:48: [plmenu.amxx] Cmd: "VIP'yJI9I<1496><STEAM_0:4:446327478><>" slap with 0 damage "VIP'yJI9I<1496><STEAM_0:4:446327478><>"
L 10/11/2011 - 16:31:48: [plmenu.amxx] Cmd: "VIP'yJI9I<1496><STEAM_0:4:446327478><>" slap with 0 damage "VIP'yJI9I<1496><STEAM_0:4:446327478><>"
L 10/11/2011 - 16:31:48: [plmenu.amxx] Cmd: "VIP'yJI9I<1496><STEAM_0:4:446327478><>" slap with 0 damage "VIP'yJI9I<1496><STEAM_0:4:446327478><>"
L 10/11/2011 - 16:31:48: [plmenu.amxx] Cmd: "VIP'yJI9I<1496><STEAM_0:4:446327478><>" slap with 0 damage "VIP'yJI9I<1496><STEAM_0:4:446327478><>"
L 10/11/2011 - 16:31:49: [plmenu.amxx] Cmd: "VIP'yJI9I<1496><STEAM_0:4:446327478><>" slap with 0 damage "VIP'yJI9I<1496><STEAM_0:4:446327478><>"
L 10/11/2011 - 16:31:49: [plmenu.amxx] Cmd: "VIP'yJI9I<1496><STEAM_0:4:446327478><>" slap with 0 damage "VIP'yJI9I<1496><STEAM_0:4:446327478><>"
L 10/11/2011 - 16:31:49: [plmenu.amxx] Cmd: "VIP'yJI9I<1496><STEAM_0:4:446327478><>" slap with 0 damage "VIP'yJI9I<1496><STEAM_0:4:446327478><>"
L 10/11/2011 - 16:31:52: [plmenu.amxx] Cmd: "VIP'yJI9I<1496><STEAM_0:4:446327478><>" slap with 0 damage "VIP'yJI9I<1496><STEAM_0:4:446327478><>"
L 10/11/2011 - 16:31:52: [plmenu.amxx] Cmd: "VIP'yJI9I<1496><STEAM_0:4:446327478><>" slap with 0 damage "VIP'yJI9I<1496><STEAM_0:4:446327478><>"
L 10/11/2011 - 16:31:52: [plmenu.amxx] Cmd: "VIP'yJI9I<1496><STEAM_0:4:446327478><>" slap with 0 damage "VIP'yJI9I<1496><STEAM_0:4:446327478><>"
L 10/11/2011 - 16:31:52: [plmenu.amxx] Cmd: "VIP'yJI9I<1496><STEAM_0:4:446327478><>" slap with 0 damage "VIP'yJI9I<1496><STEAM_0:4:446327478><>"
L 10/11/2011 - 16:31:53: [plmenu.amxx] Cmd: "VIP'yJI9I<1496><STEAM_0:4:446327478><>" slap with 0 damage "VIP'yJI9I<1496><STEAM_0:4:446327478><>"
L 10/11/2011 - 16:31:53: [plmenu.amxx] Cmd: "VIP'yJI9I<1496><STEAM_0:4:446327478><>" slap with 0 damage "VIP'yJI9I<1496><STEAM_0:4:446327478><>"
L 10/11/2011 - 16:31:53: [plmenu.amxx] Cmd: "VIP'yJI9I<1496><STEAM_0:4:446327478><>" slap with 0 damage "VIP'yJI9I<1496><STEAM_0:4:446327478><>"
L 10/11/2011 - 16:31:53: [plmenu.amxx] Cmd: "VIP'yJI9I<1496><STEAM_0:4:446327478><>" slap with 0 damage "VIP'yJI9I<1496><STEAM_0:4:446327478><>"
L 10/11/2011 - 16:31:54: [plmenu.amxx] Cmd: "VIP'yJI9I<1496><STEAM_0:4:446327478><>" slap with 0 damage "VIP'yJI9I<1496><STEAM_0:4:446327478><>"
L 10/11/2011 - 16:31:54: [plmenu.amxx] Cmd: "VIP'yJI9I<1496><STEAM_0:4:446327478><>" slap with 0 damage "VIP'yJI9I<1496><STEAM_0:4:446327478><>"
L 10/11/2011 - 16:31:54: [plmenu.amxx] Cmd: "VIP'yJI9I<1496><STEAM_0:4:446327478><>" slap with 0 damage "VIP'yJI9I<1496><STEAM_0:4:446327478><>"
L 10/11/2011 - 16:31:55: [plmenu.amxx] Cmd: "VIP'yJI9I<1496><STEAM_0:4:446327478><>" slap with 0 damage "VIP'yJI9I<1496><STEAM_0:4:446327478><>"
L 10/11/2011 - 16:31:55: [plmenu.amxx] Cmd: "VIP'yJI9I<1496><STEAM_0:4:446327478><>" slap with 0 damage "VIP'yJI9I<1496><STEAM_0:4:446327478><>"
L 10/11/2011 - 16:32:04: [plmenu.amxx] Cmd: "VIP'yJI9I<1496><STEAM_0:4:446327478><>" slap with 0 damage "VIP'yJI9I<1496><STEAM_0:4:446327478><>"
L 10/11/2011 - 16:32:04: [plmenu.amxx] Cmd: "VIP'yJI9I<1496><STEAM_0:4:446327478><>" slap with 0 damage "VIP'yJI9I<1496><STEAM_0:4:446327478><>"
L 10/11/2011 - 16:32:04: [plmenu.amxx] Cmd: "VIP'yJI9I<1496><STEAM_0:4:446327478><>" slap with 0 damage "VIP'yJI9I<1496><STEAM_0:4:446327478><>"
L 10/11/2011 - 16:32:04: [plmenu.amxx] Cmd: "VIP'yJI9I<1496><STEAM_0:4:446327478><>" slap with 0 damage "VIP'yJI9I<1496><STEAM_0:4:446327478><>"
L 10/11/2011 - 16:32:04: [plmenu.amxx] Cmd: "VIP'yJI9I<1496><STEAM_0:4:446327478><>" slap with 0 damage "VIP'yJI9I<1496><STEAM_0:4:446327478><>"
L 10/11/2011 - 16:32:05: [plmenu.amxx] Cmd: "VIP'yJI9I<1496><STEAM_0:4:446327478><>" slap with 0 damage "VIP'yJI9I<1496><STEAM_0:4:446327478><>"
L 10/11/2011 - 16:32:05: [plmenu.amxx] Cmd: "VIP'yJI9I<1496><STEAM_0:4:446327478><>" slap with 0 damage "VIP'yJI9I<1496><STEAM_0:4:446327478><>"
L 10/11/2011 - 16:32:11: [plmenu.amxx] Cmd: "VIP'yJI9I<1496><STEAM_0:4:446327478><>" slap with 0 damage "VIP'yJI9I<1496><STEAM_0:4:446327478><>"
L 10/11/2011 - 16:32:11: [plmenu.amxx] Cmd: "VIP'yJI9I<1496><STEAM_0:4:446327478><>" slap with 0 damage "VIP'yJI9I<1496><STEAM_0:4:446327478><>"
L 10/11/2011 - 16:32:12: [plmenu.amxx] Cmd: "VIP'yJI9I<1496><STEAM_0:4:446327478><>" slap with 0 damage "VIP'yJI9I<1496><STEAM_0:4:446327478><>"
L 10/11/2011 - 16:32:12: [plmenu.amxx] Cmd: "VIP'yJI9I<1496><STEAM_0:4:446327478><>" slap with 0 damage "VIP'yJI9I<1496><STEAM_0:4:446327478><>"
L 10/11/2011 - 16:32:12: [plmenu.amxx] Cmd: "VIP'yJI9I<1496><STEAM_0:4:446327478><>" slap with 0 damage "VIP'yJI9I<1496><STEAM_0:4:446327478><>"
L 10/11/2011 - 16:32:12: [plmenu.amxx] Cmd: "VIP'yJI9I<1496><STEAM_0:4:446327478><>" slap with 0 damage "VIP'yJI9I<1496><STEAM_0:4:446327478><>"
L 10/11/2011 - 16:32:13: [plmenu.amxx] Cmd: "VIP'yJI9I<1496><STEAM_0:4:446327478><>" slap with 0 damage "VIP'yJI9I<1496><STEAM_0:4:446327478><>"
L 10/11/2011 - 16:32:13: [plmenu.amxx] Cmd: "VIP'yJI9I<1496><STEAM_0:4:446327478><>" slap with 0 damage "VIP'yJI9I<1496><STEAM_0:4:446327478><>"
L 10/11/2011 - 16:32:13: [plmenu.amxx] Cmd: "VIP'yJI9I<1496><STEAM_0:4:446327478><>" slap with 0 damage "VIP'yJI9I<1496><STEAM_0:4:446327478><>"
L 10/11/2011 - 16:32:13: [plmenu.amxx] Cmd: "VIP'yJI9I<1496><STEAM_0:4:446327478><>" slap with 0 damage "VIP'yJI9I<1496><STEAM_0:4:446327478><>"
L 10/11/2011 - 16:32:14: [plmenu.amxx] Cmd: "VIP'yJI9I<1496><STEAM_0:4:446327478><>" slap with 0 damage "VIP'yJI9I<1496><STEAM_0:4:446327478><>"
L 10/11/2011 - 16:32:14: [plmenu.amxx] Cmd: "VIP'yJI9I<1496><STEAM_0:4:446327478><>" slap with 0 damage "VIP'yJI9I<1496><STEAM_0:4:446327478><>"
L 10/11/2011 - 16:32:14: [plmenu.amxx] Cmd: "VIP'yJI9I<1496><STEAM_0:4:446327478><>" slap with 0 damage "VIP'yJI9I<1496><STEAM_0:4:446327478><>"
L 10/11/2011 - 16:32:16: [plmenu.amxx] Cmd: "VIP'yJI9I<1496><STEAM_0:4:446327478><>" slap with 0 damage "VIP'yJI9I<1496><STEAM_0:4:446327478><>"
L 10/11/2011 - 16:32:16: [plmenu.amxx] Cmd: "VIP'yJI9I<1496><STEAM_0:4:446327478><>" slap with 0 damage "VIP'yJI9I<1496><STEAM_0:4:446327478><>"
L 10/11/2011 - 16:32:17: [plmenu.amxx] Cmd: "VIP'yJI9I<1496><STEAM_0:4:446327478><>" slap with 0 damage "VIP'yJI9I<1496><STEAM_0:4:446327478><>"
L 10/11/2011 - 16:32:17: [plmenu.amxx] Cmd: "VIP'yJI9I<1496><STEAM_0:4:446327478><>" slap with 0 damage "VIP'yJI9I<1496><STEAM_0:4:446327478><>"
L 10/11/2011 - 16:32:17: [plmenu.amxx] Cmd: "VIP'yJI9I<1496><STEAM_0:4:446327478><>" slap with 0 damage "VIP'yJI9I<1496><STEAM_0:4:446327478><>"
L 10/11/2011 - 16:32:18: [plmenu.amxx] Cmd: "VIP'yJI9I<1496><STEAM_0:4:446327478><>" slap with 0 damage "VIP'yJI9I<1496><STEAM_0:4:446327478><>"
L 10/11/2011 - 16:32:18: [plmenu.amxx] Cmd: "VIP'yJI9I<1496><STEAM_0:4:446327478><>" slap with 0 damage "VIP'yJI9I<1496><STEAM_0:4:446327478><>"
L 10/11/2011 - 16:32:18: [plmenu.amxx] Cmd: "VIP'yJI9I<1496><STEAM_0:4:446327478><>" slap with 0 damage "VIP'yJI9I<1496><STEAM_0:4:446327478><>"
L 10/11/2011 - 16:32:19: [plmenu.amxx] Cmd: "VIP'yJI9I<1496><STEAM_0:4:446327478><>" slap with 0 damage "VIP'yJI9I<1496><STEAM_0:4:446327478><>"
L 10/11/2011 - 16:32:19: [plmenu.amxx] Cmd: "VIP'yJI9I<1496><STEAM_0:4:446327478><>" slap with 0 damage "VIP'yJI9I<1496><STEAM_0:4:446327478><>"
L 10/11/2011 - 16:32:19: [plmenu.amxx] Cmd: "VIP'yJI9I<1496><STEAM_0:4:446327478><>" slap with 0 damage "VIP'yJI9I<1496><STEAM_0:4:446327478><>"
L 10/11/2011 - 16:32:19: [plmenu.amxx] Cmd: "VIP'yJI9I<1496><STEAM_0:4:446327478><>" slap with 0 damage "VIP'yJI9I<1496><STEAM_0:4:446327478><>"
L 10/11/2011 - 16:32:20: [plmenu.amxx] Cmd: "VIP'yJI9I<1496><STEAM_0:4:446327478><>" slap with 0 damage "VIP'yJI9I<1496><STEAM_0:4:446327478><>"
L 10/11/2011 - 16:32:26: -------- Mapchange to zm_dwarf --------
L 10/11/2011 - 16:32:26: [admin_amxbans.amxx] Login: "|228| 6yJIb6aIII<1536><STEAM_0:0:1292803525><>" became an admin (account "|228| 6yJIb6aIII") (access "t") (address "178.123.200.249")
L 10/11/2011 - 16:32:26: [admin_amxbans.amxx] Login: "Alecquant<1438><STEAM_0:4:565250032><>" became an admin (account "Alecquant") (access "t") (address "89.237.62.234")
L 10/11/2011 - 16:32:26: [admin_amxbans.amxx] Login: "VIP'yJI9I<1496><STEAM_0:4:446327478><>" became an admin (account "212.55.104.156") (access "abcdefgijlmnoprstu") (address "212.55.104.156")
L 10/11/2011 - 16:32:27: [amxbans.amxx] [AMXBANS] AMXBans 5.0 is online
L 10/11/2011 - 16:32:34: [admin_amxbans.amxx] Login: "VIP'yJI9I<1544><STEAM_0:4:446327478><>" became an admin (account "212.55.104.156") (access "abcdefgijlmnoprstu") (address "212.55.104.156")
L 10/11/2011 - 16:33:08: [voteban.amxx] ADMIN banned ~sosi huy nepsihuy~ 91.197.204.212
L 10/11/2011 - 16:33:18: [voteban.amxx] ADMIN banned NAREK_ARMENIA 188.115.231.103
L 10/11/2011 - 16:37:27: [voteban.amxx] Voteban starter Alecquant against zZ STEAM_0:0:31798303
L 10/11/2011 - 16:37:42: [voteban.amxx] [AMXX] BANNED: zZ, STARTER: Alecquant
L 10/11/2011 - 16:37:43: [amxbans.amxx]  Зомби сервер (x_x(O_o)x_x) Go Zombie !!!<0><><> banned zZ<STEAM_0:0:31798303> for 15 minutes (15 minutes). Reason: VIP->Alecquant.
L 10/11/2011 - 16:54:46: -------- Mapchange to zm_666_brick --------
L 10/11/2011 - 16:54:47: [admin_amxbans.amxx] Login: "|228| 6yJIb6aIII<1536><STEAM_0:0:1292803525><>" became an admin (account "|228| 6yJIb6aIII") (access "t") (address "178.123.200.249")
L 10/11/2011 - 16:54:48: [amxbans.amxx] [AMXBANS] AMXBans 5.0 is online
L 10/11/2011 - 17:25:23: -------- Mapchange to 016 --------
L 10/11/2011 - 17:25:24: [admin_amxbans.amxx] Login: "|228| 6yJIb6aIII<1536><STEAM_0:0:1292803525><>" became an admin (account "|228| 6yJIb6aIII") (access "t") (address "178.123.200.249")
L 10/11/2011 - 17:25:24: [amxbans.amxx] [AMXBANS] AMXBans 5.0 is online
L 10/11/2011 - 17:50:57: [admin_amxbans.amxx] Login: "Narkot1k<1616><STEAM_0:0:1229353360><>" became an admin (account "Narkot1k") (access "t") (address "95.220.115.196")
L 10/11/2011 - 17:57:08: -------- Mapchange to zm_cpl_mill_kamp --------
L 10/11/2011 - 17:57:09: [admin_amxbans.amxx] Login: "Narkot1k<1616><STEAM_0:0:1229353360><>" became an admin (account "Narkot1k") (access "t") (address "95.220.115.196")
L 10/11/2011 - 17:57:09: [admin_amxbans.amxx] Login: "|228| 6yJIb6aIII<1536><STEAM_0:0:1292803525><>" became an admin (account "|228| 6yJIb6aIII") (access "t") (address "178.123.200.249")
L 10/11/2011 - 17:57:10: [amxbans.amxx] [AMXBANS] AMXBans 5.0 is online
L 10/11/2011 - 18:17:34: -------- Mapchange to zm_303 --------
L 10/11/2011 - 18:17:34: [admin_amxbans.amxx] Login: "Narkot1k<1616><STEAM_0:0:1229353360><>" became an admin (account "Narkot1k") (access "t") (address "95.220.115.196")
L 10/11/2011 - 18:17:35: [admin_amxbans.amxx] Login: "|228| 6yJIb6aIII<1536><STEAM_0:0:1292803525><>" became an admin (account "|228| 6yJIb6aIII") (access "t") (address "178.123.200.249")
L 10/11/2011 - 18:17:35: [amxbans.amxx] [AMXBANS] AMXBans 5.0 is online
L 10/11/2011 - 18:37:58: -------- Mapchange to zm_caca --------
L 10/11/2011 - 18:37:59: [admin_amxbans.amxx] Login: "Narkot1k<1616><STEAM_0:0:1229353360><>" became an admin (account "Narkot1k") (access "t") (address "95.220.115.196")
L 10/11/2011 - 18:37:59: [admin_amxbans.amxx] Login: "|228| 6yJIb6aIII<1536><STEAM_0:0:1292803525><>" became an admin (account "|228| 6yJIb6aIII") (access "t") (address "178.123.200.249")
L 10/11/2011 - 18:38:00: [amxbans.amxx] [AMXBANS] AMXBans 5.0 is online
L 10/11/2011 - 18:38:50: [voteban.amxx] Voteban starter Narkot1k against -=HARON=- STEAM_0:0:1836943333
L 10/11/2011 - 18:39:05: [voteban.amxx] [AMXX] BANNED: -=HARON=-, STARTER: Narkot1k
L 10/11/2011 - 18:39:06: [amxbans.amxx]  Зомби сервер (x_x(O_o)x_x) Go Zombie !!!<0><><> banned -=HARON=-<STEAM_0:0:1836943333> for 15 minutes (15 minutes). Reason: VIP->Narkot1k.
L 10/11/2011 - 19:00:37: -------- Mapchange to zm_fdust2x2 --------
L 10/11/2011 - 19:00:38: [admin_amxbans.amxx] Login: "Narkot1k<1616><STEAM_0:0:1229353360><>" became an admin (account "Narkot1k") (access "t") (address "95.220.115.196")
L 10/11/2011 - 19:00:38: [admin_amxbans.amxx] Login: "|228| 6yJIb6aIII<1536><STEAM_0:0:1292803525><>" became an admin (account "|228| 6yJIb6aIII") (access "t") (address "178.123.200.249")
L 10/11/2011 - 19:00:39: [amxbans.amxx] [AMXBANS] AMXBans 5.0 is online
L 10/11/2011 - 19:10:19: [voteban.amxx] Voteban starter Narkot1k against _=ECLIPS=_ STEAM_0:0:258302300
L 10/11/2011 - 19:10:34: [voteban.amxx] [AMXX] BANNED: _=ECLIPS=_, STARTER: Narkot1k
L 10/11/2011 - 19:10:35: [amxbans.amxx]  Зомби сервер (x_x(O_o)x_x) Go Zombie !!!<0><><> banned _=ECLIPS=_<STEAM_0:0:258302300> for 15 minutes (15 minutes). Reason: VIP->Narkot1k.
L 10/11/2011 - 19:10:51: [admin_amxbans.amxx] Login: "|228| 6yJIb6aIII<1713><STEAM_0:0:1292803525><>" became an admin (account "|228| 6yJIb6aIII") (access "t") (address "178.123.200.249")
L 10/11/2011 - 19:30:27: [admin_amxbans.amxx] Login: "Kenny<1742><STEAM_0:0:963405193><>" became an admin (account "Kenny") (access "abcdefgijmnopqtu") (address "95.86.217.121")
L 10/11/2011 - 19:30:54: [admincmd.amxx] Cmd: "Kenny<1742><STEAM_0:0:963405193><>" ask for players list
L 10/11/2011 - 19:31:01: -------- Mapchange to ze_egypt --------
L 10/11/2011 - 19:31:02: [admin_amxbans.amxx] Login: "|228| 6yJIb6aIII<1713><STEAM_0:0:1292803525><>" became an admin (account "|228| 6yJIb6aIII") (access "t") (address "178.123.200.249")
L 10/11/2011 - 19:31:02: [admin_amxbans.amxx] Login: "Kenny<1742><STEAM_0:0:963405193><>" became an admin (account "Kenny") (access "abcdefgijmnopqtu") (address "95.86.217.121")
L 10/11/2011 - 19:31:03: [amxbans.amxx] [AMXBANS] AMXBans 5.0 is online
L 10/11/2011 - 19:31:04: [admin_amxbans.amxx] Login: "Kenny<1751><STEAM_0:0:963405193><>" became an admin (account "Kenny") (access "abcdefgijmnopqtu") (address "95.86.217.121")
L 10/11/2011 - 19:31:09: [admin_amxbans.amxx] Login: "|228| 6yJIb6aIII<1757><STEAM_0:0:1292803525><>" became an admin (account "|228| 6yJIb6aIII") (access "t") (address "178.123.200.249")
L 10/11/2011 - 19:31:22: [admincmd.amxx] Cmd: "Kenny<1751><STEAM_0:0:963405193><>" ask for players list
L 10/11/2011 - 19:37:16: [voteban.amxx] Voteban starter |228| 6yJIb6aIII against proster STEAM_0:4:1548201585
L 10/11/2011 - 19:37:31: [voteban.amxx] [AMXX] BANNED: proster, STARTER: |228| 6yJIb6aIII
L 10/11/2011 - 19:37:32: [amxbans.amxx]  Зомби сервер (x_x(O_o)x_x) Go Zombie !!!<0><><> banned unknown_STEAM_0:4:1548201585<STEAM_0:4:1548201585> for 15 minutes (15 minutes). Reason: VIP->|228| 6yJIb6aIII.
L 10/11/2011 - 19:42:20: [admin_amxbans.amxx] Login: "Narkot1k<1795><STEAM_0:0:1229353360><>" became an admin (account "Narkot1k") (access "t") (address "95.220.115.196")
L 10/11/2011 - 19:42:22: [admin_amxbans.amxx] Login: "Narkot1k<1797><STEAM_0:0:1229353360><>" became an admin (account "Narkot1k") (access "t") (address "95.220.115.196")
L 10/11/2011 - 19:49:14: -------- Mapchange to zm_neris --------
L 10/11/2011 - 19:49:14: [admin_amxbans.amxx] Login: "Narkot1k<1797><STEAM_0:0:1229353360><>" became an admin (account "Narkot1k") (access "t") (address "95.220.115.196")
L 10/11/2011 - 19:49:14: [admin_amxbans.amxx] Login: "|228| 6yJIb6aIII<1757><STEAM_0:0:1292803525><>" became an admin (account "|228| 6yJIb6aIII") (access "t") (address "178.123.200.249")
L 10/11/2011 - 19:49:15: [amxbans.amxx] [AMXBANS] AMXBans 5.0 is online
L 10/11/2011 - 19:54:40: [voteban.amxx] Voteban starter Narkot1k against lexa STEAM_0:4:391419377
L 10/11/2011 - 19:54:55: [voteban.amxx] [AMXX] BANNED: lexa, STARTER: Narkot1k
L 10/11/2011 - 19:54:56: [amxbans.amxx]  Зомби сервер (x_x(O_o)x_x) Go Zombie !!!<0><><> banned unknown_STEAM_0:4:391419377<STEAM_0:4:391419377> for 15 minutes (15 minutes). Reason: VIP->Narkot1k.
L 10/11/2011 - 20:05:18: [voteban.amxx] Voteban starter Narkot1k against [o]DuzyLysyOrk STEAM_0:0:27307337
L 10/11/2011 - 20:05:33: [voteban.amxx] [AMXX] BANNED: [o]DuzyLysyOrk, STARTER: Narkot1k
L 10/11/2011 - 20:05:35: [amxbans.amxx]  Зомби сервер (x_x(O_o)x_x) Go Zombie !!!<0><><> banned [o]DuzyLysyOrk<STEAM_0:0:27307337> for 15 minutes (15 minutes). Reason: VIP->Narkot1k.
L 10/11/2011 - 20:10:41: -------- Mapchange to zm_decline2k --------
L 10/11/2011 - 20:10:42: [admin_amxbans.amxx] Login: "|228| 6yJIb6aIII<1757><STEAM_0:0:1292803525><>" became an admin (account "|228| 6yJIb6aIII") (access "t") (address "178.123.200.249")
L 10/11/2011 - 20:10:43: [amxbans.amxx] [AMXBANS] AMXBans 5.0 is online
L 10/11/2011 - 20:10:50: [amxbans.amxx] [Amxbans] Query failed!
L 10/11/2011 - 20:10:50: [amxbans.amxx] [Amxbans] Threaded query error, location: 18
L 10/11/2011 - 20:10:50: [amxbans.amxx] [Amxbans] Message: You have an error in your SQL syntax; check the manual that corresponds to your MySQL server version for the right syntax to use near ''am' at line 1 (1064)
L 10/11/2011 - 20:10:50: [amxbans.amxx] [Amxbans] Query statement: 
L 10/11/2011 - 20:17:12: [amxbans.amxx] [Amxbans] Query failed!
L 10/11/2011 - 20:17:12: [amxbans.amxx] [Amxbans] Threaded query error, location: 18
L 10/11/2011 - 20:17:12: [amxbans.amxx] [Amxbans] Message: You have an error in your SQL syntax; check the manual that corresponds to your MySQL server version for the right syntax to use near ''am' at line 1 (1064)
L 10/11/2011 - 20:17:12: [amxbans.amxx] [Amxbans] Query statement: 
L 10/11/2011 - 20:24:29: [amxbans.amxx] [Amxbans] Query failed!
L 10/11/2011 - 20:24:29: [amxbans.amxx] [Amxbans] Threaded query error, location: 18
L 10/11/2011 - 20:24:29: [amxbans.amxx] [Amxbans] Message: You have an error in your SQL syntax; check the manual that corresponds to your MySQL server version for the right syntax to use near ''am' at line 1 (1064)
L 10/11/2011 - 20:24:29: [amxbans.amxx] [Amxbans] Query statement: 
L 10/11/2011 - 20:32:11: -------- Mapchange to zm_666_brick --------
L 10/11/2011 - 20:32:12: [amxbans.amxx] [AMXBANS] AMXBans 5.0 is online
L 10/11/2011 - 20:32:19: [amxbans.amxx] [Amxbans] Query failed!
L 10/11/2011 - 20:32:19: [amxbans.amxx] [Amxbans] Threaded query error, location: 18
L 10/11/2011 - 20:32:19: [amxbans.amxx] [Amxbans] Message: You have an error in your SQL syntax; check the manual that corresponds to your MySQL server version for the right syntax to use near ''am' at line 1 (1064)
L 10/11/2011 - 20:32:19: [amxbans.amxx] [Amxbans] Query statement: 
L 10/11/2011 - 21:02:16: -------- Mapchange to zm_alfresco_v2 --------
L 10/11/2011 - 21:02:17: [amxbans.amxx] [AMXBANS] AMXBans 5.0 is online
L 10/11/2011 - 21:10:46: [admin_amxbans.amxx] Login: "Kenny<1932><STEAM_0:0:963405193><>" became an admin (account "Kenny") (access "abcdefgijmnopqtu") (address "95.86.247.53")
L 10/11/2011 - 21:22:45: -------- Mapchange to 016 --------
L 10/11/2011 - 21:22:46: [amxbans.amxx] [AMXBANS] AMXBans 5.0 is online
L 10/11/2011 - 21:30:21: [amxbans.amxx] [Amxbans] Query failed!
L 10/11/2011 - 21:30:21: [amxbans.amxx] [Amxbans] Threaded query error, location: 18
L 10/11/2011 - 21:30:21: [amxbans.amxx] [Amxbans] Message: You have an error in your SQL syntax; check the manual that corresponds to your MySQL server version for the right syntax to use near ''am' at line 1 (1064)
L 10/11/2011 - 21:30:21: [amxbans.amxx] [Amxbans] Query statement: 
L 10/11/2011 - 21:37:40: [amxbans.amxx] [Amxbans] Query failed!
L 10/11/2011 - 21:37:40: [amxbans.amxx] [Amxbans] Threaded query error, location: 18
L 10/11/2011 - 21:37:40: [amxbans.amxx] [Amxbans] Message: You have an error in your SQL syntax; check the manual that corresponds to your MySQL server version for the right syntax to use near ''am' at line 1 (1064)
L 10/11/2011 - 21:37:40: [amxbans.amxx] [Amxbans] Query statement: 
L 10/11/2011 - 21:41:02: [admin_amxbans.amxx] Login: "JITO<1976><STEAM_0:0:1836044300><>" became an admin (account "JITO") (access "t") (address "78.37.224.194")
L 10/11/2011 - 21:41:36: [voteban.amxx] Voteban starter JITO against BORODA4.A.RADIONOVI4 STEAM_0:0:292066112
L 10/11/2011 - 21:41:51: [voteban.amxx] [AMXX] BANNED: BORODA4.A.RADIONOVI4, STARTER: JITO
L 10/11/2011 - 21:41:52: [amxbans.amxx]  Зомби сервер (x_x(O_o)x_x) Go Zombie !!!<0><><> banned BORODA4.A.RADIONOVI4<STEAM_0:0:292066112> for 15 minutes (15 minutes). Reason: VIP->JITO.
L 10/11/2011 - 21:45:01: [amxbans.amxx] [Amxbans] Query failed!
L 10/11/2011 - 21:45:01: [amxbans.amxx] [Amxbans] Threaded query error, location: 18
L 10/11/2011 - 21:45:01: [amxbans.amxx] [Amxbans] Message: You have an error in your SQL syntax; check the manual that corresponds to your MySQL server version for the right syntax to use near ''am' at line 1 (1064)
L 10/11/2011 - 21:45:01: [amxbans.amxx] [Amxbans] Query statement: 
L 10/11/2011 - 21:51:50: [voteban.amxx] Voteban starter JITO against JIeeeLLIKa STEAM_0:0:355818815
L 10/11/2011 - 21:52:05: [voteban.amxx] [AMXX] BANNED: JIeeeLLIKa, STARTER: JITO
L 10/11/2011 - 21:52:06: [amxbans.amxx]  Зомби сервер (x_x(O_o)x_x) Go Zombie !!!<0><><> banned JIeeeLLIKa<STEAM_0:0:355818815> for 15 minutes (15 minutes). Reason: VIP->JITO.
L 10/11/2011 - 21:53:04: -------- Mapchange to ze_lift_escape_b5 --------
L 10/11/2011 - 21:53:05: [admin_amxbans.amxx] Login: "JITO<1976><STEAM_0:0:1836044300><>" became an admin (account "JITO") (access "t") (address "78.37.224.194")
L 10/11/2011 - 21:53:05: [admin_amxbans.amxx] Login: "JITO<1996><STEAM_0:0:1836044300><>" became an admin (account "JITO") (access "t") (address "78.37.224.194")
L 10/11/2011 - 21:53:06: [amxbans.amxx] [AMXBANS] AMXBans 5.0 is online
L 10/11/2011 - 21:57:40: [admin_amxbans.amxx] Login: "Kenny<2010><STEAM_0:0:963405193><>" became an admin (account "Kenny") (access "abcdefgijmnopqtu") (address "109.161.86.200")
L 10/11/2011 - 21:58:14: [admincmd.amxx] Cmd: "Kenny<2010><STEAM_0:0:963405193><>" ask for players list
L 10/11/2011 - 21:58:28: [admin_amxbans.amxx] Login: "McKoT<2012><STEAM_0:0:44643826><>" became an admin (account "172.23.65.13") (access "l") (address "172.23.65.13")
L 10/11/2011 - 22:00:42: [admin_amxbans.amxx] Login: "I bet u look good on dancefloor<2014><STEAM_0:0:44643826><>" became an admin (account "172.23.65.13") (access "l") (address "172.23.65.13")
L 10/11/2011 - 22:11:23: -------- Mapchange to zm_303 --------
L 10/11/2011 - 22:11:24: [admin_amxbans.amxx] Login: "I bet u look good on dancefloor<2014><STEAM_0:0:44643826><>" became an admin (account "172.23.65.13") (access "l") (address "172.23.65.13")
L 10/11/2011 - 22:11:24: [admin_amxbans.amxx] Login: "JITO<1996><STEAM_0:0:1836044300><>" became an admin (account "JITO") (access "t") (address "78.37.224.194")
L 10/11/2011 - 22:11:25: [amxbans.amxx] [AMXBANS] AMXBans 5.0 is online
L 10/11/2011 - 22:15:09: [admin_amxbans.amxx] Login: "Euforia<2027><STEAM_0:0:1631851413><>" kicked due to invalid password (account "Euforia") (address "188.123.245.19")
L 10/11/2011 - 22:15:42: [admin_amxbans.amxx] Login: "Euforia<2028><STEAM_0:0:1631851413><>" became an admin (account "Euforia") (access "t") (address "188.123.245.19")
L 10/11/2011 - 22:15:46: [admin_amxbans.amxx] Login: "Euforia<2029><STEAM_0:0:1631851413><>" became an admin (account "Euforia") (access "t") (address "188.123.245.19")
L 10/11/2011 - 22:15:46: [admin_amxbans.amxx] Login: "Euforia<2030><STEAM_0:0:1631851413><>" became an admin (account "Euforia") (access "t") (address "188.123.245.19")
L 10/11/2011 - 22:18:40: [admin_amxbans.amxx] Login: "Euforia<2032><STEAM_0:0:1631851413><>" became an admin (account "Euforia") (access "t") (address "188.123.245.19")
L 10/11/2011 - 22:19:48: [amxbans.amxx] [Amxbans] Query failed!
L 10/11/2011 - 22:19:48: [amxbans.amxx] [Amxbans] Threaded query error, location: 18
L 10/11/2011 - 22:19:48: [amxbans.amxx] [Amxbans] Message: You have an error in your SQL syntax; check the manual that corresponds to your MySQL server version for the right syntax to use near ''am' at line 1 (1064)
L 10/11/2011 - 22:19:48: [amxbans.amxx] [Amxbans] Query statement: 
L 10/11/2011 - 22:31:50: -------- Mapchange to ze_jurassicpark --------
L 10/11/2011 - 22:31:51: [admin_amxbans.amxx] Login: "I bet u look good on dancefloor<2014><STEAM_0:0:44643826><>" became an admin (account "172.23.65.13") (access "l") (address "172.23.65.13")
L 10/11/2011 - 22:31:51: [amxbans.amxx] [AMXBANS] AMXBans 5.0 is online
L 10/11/2011 - 22:31:58: [amxbans.amxx] [Amxbans] Query failed!
L 10/11/2011 - 22:31:58: [amxbans.amxx] [Amxbans] Threaded query error, location: 18
L 10/11/2011 - 22:31:58: [amxbans.amxx] [Amxbans] Message: You have an error in your SQL syntax; check the manual that corresponds to your MySQL server version for the right syntax to use near ''am' at line 1 (1064)
L 10/11/2011 - 22:31:58: [amxbans.amxx] [Amxbans] Query statement: 
L 10/11/2011 - 22:32:22: [admin_amxbans.amxx] Login: "|228| 6yJIb6aIII<2049><STEAM_0:0:1292803525><>" became an admin (account "|228| 6yJIb6aIII") (access "t") (address "178.123.187.28")
L 10/11/2011 - 22:47:54: -------- Mapchange to zm_cpl_mill_kamp --------
L 10/11/2011 - 22:47:55: [admin_amxbans.amxx] Login: "|228| 6yJIb6aIII<2049><STEAM_0:0:1292803525><>" became an admin (account "|228| 6yJIb6aIII") (access "t") (address "178.123.187.28")
L 10/11/2011 - 22:47:56: [amxbans.amxx] [AMXBANS] AMXBans 5.0 is online
L 10/11/2011 - 22:49:16: [amxbans.amxx] [Amxbans] Query failed!
L 10/11/2011 - 22:49:16: [amxbans.amxx] [Amxbans] Threaded query error, location: 18
L 10/11/2011 - 22:49:16: [amxbans.amxx] [Amxbans] Message: You have an error in your SQL syntax; check the manual that corresponds to your MySQL server version for the right syntax to use near ''am' at line 1 (1064)
L 10/11/2011 - 22:49:16: [amxbans.amxx] [Amxbans] Query statement: 
L 10/11/2011 - 23:09:11: -------- Mapchange to zm_caca --------
L 10/11/2011 - 23:09:12: [admin_amxbans.amxx] Login: "|228| 6yJIb6aIII<2049><STEAM_0:0:1292803525><>" became an admin (account "|228| 6yJIb6aIII") (access "t") (address "178.123.187.28")
L 10/11/2011 - 23:09:13: [amxbans.amxx] [AMXBANS] AMXBans 5.0 is online
L 10/11/2011 - 23:29:18: -------- Mapchange to ze_egypt --------
L 10/11/2011 - 23:29:19: [admin_amxbans.amxx] Login: "|228| 6yJIb6aIII<2049><STEAM_0:0:1292803525><>" became an admin (account "|228| 6yJIb6aIII") (access "t") (address "178.123.187.28")
L 10/11/2011 - 23:29:20: [amxbans.amxx] [AMXBANS] AMXBans 5.0 is online
L 10/11/2011 - 23:29:32: [admin_amxbans.amxx] Login: "|228| 6yJIb6aIII<2123><STEAM_0:0:1292803525><>" became an admin (account "|228| 6yJIb6aIII") (access "t") (address "178.123.187.28")
L 10/11/2011 - 23:45:33: -------- Mapchange to zm_decline2k --------
L 10/11/2011 - 23:45:34: [admin_amxbans.amxx] Login: "|228| 6yJIb6aIII<2123><STEAM_0:0:1292803525><>" became an admin (account "|228| 6yJIb6aIII") (access "t") (address "178.123.187.28")
L 10/11/2011 - 23:45:35: [amxbans.amxx] [AMXBANS] AMXBans 5.0 is online
L 10/11/2011 - 23:54:43: [amxbans.amxx] [Amxbans] Query failed!
L 10/11/2011 - 23:54:43: [amxbans.amxx] [Amxbans] Threaded query error, location: 18
L 10/11/2011 - 23:54:43: [amxbans.amxx] [Amxbans] Message: You have an error in your SQL syntax; check the manual that corresponds to your MySQL server version for the right syntax to use near ''Bantime e' at line 1 (1064)
L 10/11/2011 - 23:54:43: [amxbans.amxx] [Amxbans] Query statement: 
