L 06/13/2011 - 00:01:22: [admin_amxbans.amxx] Login: "KonJI}O Ha Komn!<937><STEAM_0:4:446327478><>" became an admin (account "212.55.104.156") (access "abcdefgijmnopqrtu") (address "212.55.104.156")
L 06/13/2011 - 00:02:19: [admin_amxbans.amxx] Login: "[o_VIP_o]                (^_^)V<937><STEAM_0:4:446327478><>" became an admin (account "212.55.104.156") (access "abcdefgijmnopqrtu") (address "212.55.104.156")
L 06/13/2011 - 00:13:03: -------- Mapchange to zm_666_brick --------
L 06/13/2011 - 00:13:04: [admin_amxbans.amxx] Login: "Ipse [Str,RUS]<932><STEAM_0:4:2017215987><>" became an admin (account "Ipse [Str,RUS]") (access "at") (address "95.105.36.89")
L 06/13/2011 - 00:13:04: [admin_amxbans.amxx] Login: "[o_VIP_o]                (^_^)V<937><STEAM_0:4:446327478><>" became an admin (account "212.55.104.156") (access "abcdefgijmnopqrtu") (address "212.55.104.156")
L 06/13/2011 - 00:13:04: [admin_amxbans.amxx] Login: "Dumka<858><STEAM_0:0:1236438227><>" became an admin (account "172.23.65.13") (access "abcdefghijklmnopqrsu") (address "172.23.65.13")
L 06/13/2011 - 00:13:05: [amxbans.amxx] [AMXBANS] AMXBans 5.0 –ø–æ–¥–∫–ª—é—á–µ–Ω
L 06/13/2011 - 00:13:18: [admin_amxbans.amxx] Login: "Dumka<858><STEAM_0:0:1236438227><>" became an admin (account "172.23.65.13") (access "abcdefghijklmnopqrsu") (address "172.23.65.13")
L 06/13/2011 - 00:26:24: [plmenu.amxx] Cmd: "Dumka<858><STEAM_0:0:1236438227><>" slap with 0 damage "Dumka<858><STEAM_0:0:1236438227><>"
L 06/13/2011 - 00:26:24: [plmenu.amxx] Cmd: "Dumka<858><STEAM_0:0:1236438227><>" slap with 0 damage "Dumka<858><STEAM_0:0:1236438227><>"
L 06/13/2011 - 00:26:25: [plmenu.amxx] Cmd: "Dumka<858><STEAM_0:0:1236438227><>" slap with 0 damage "Dumka<858><STEAM_0:0:1236438227><>"
L 06/13/2011 - 00:31:09: [plmenu.amxx] Cmd: "Dumka<858><STEAM_0:0:1236438227><>" slap with 0 damage "Dumka<858><STEAM_0:0:1236438227><>"
L 06/13/2011 - 00:31:09: [plmenu.amxx] Cmd: "Dumka<858><STEAM_0:0:1236438227><>" slap with 0 damage "Dumka<858><STEAM_0:0:1236438227><>"
L 06/13/2011 - 00:31:10: [plmenu.amxx] Cmd: "Dumka<858><STEAM_0:0:1236438227><>" slap with 0 damage "Dumka<858><STEAM_0:0:1236438227><>"
L 06/13/2011 - 00:31:10: [plmenu.amxx] Cmd: "Dumka<858><STEAM_0:0:1236438227><>" slap with 0 damage "Dumka<858><STEAM_0:0:1236438227><>"
L 06/13/2011 - 00:31:11: [plmenu.amxx] Cmd: "Dumka<858><STEAM_0:0:1236438227><>" slap with 0 damage "Dumka<858><STEAM_0:0:1236438227><>"
L 06/13/2011 - 00:31:11: [plmenu.amxx] Cmd: "Dumka<858><STEAM_0:0:1236438227><>" slap with 0 damage "Dumka<858><STEAM_0:0:1236438227><>"
L 06/13/2011 - 00:34:52: -------- Mapchange to zm_assault_snow --------
L 06/13/2011 - 00:34:53: [admin_amxbans.amxx] Login: "[o_VIP_o]                (^_^)V<937><STEAM_0:4:446327478><>" became an admin (account "212.55.104.156") (access "abcdefgijmnopqrtu") (address "212.55.104.156")
L 06/13/2011 - 00:34:53: [admin_amxbans.amxx] Login: "[o_VIP_o]                (^_^)V<937><STEAM_0:4:446327478><>" became an admin (account "212.55.104.156") (access "abcdefgijmnopqrtu") (address "212.55.104.156")
L 06/13/2011 - 00:34:54: [amxbans.amxx] [AMXBANS] AMXBans 5.0 –ø–æ–¥–∫–ª—é—á–µ–Ω
L 06/13/2011 - 00:38:54: -------- Mapchange to cs_estate --------
L 06/13/2011 - 00:38:57: [amxbans.amxx] [AMXBANS] AMXBans 5.0 –ø–æ–¥–∫–ª—é—á–µ–Ω
L 06/13/2011 - 00:53:25: [admin_amxbans.amxx] Login: ".::T9o::.<964><STEAM_0:0:1836044300><>" became an admin (account ".::T9o::.") (access "abcdefgijmopqtu") (address "78.37.218.37")
L 06/13/2011 - 00:53:39: [admin_amxbans.amxx] Login: "6otopy6!!!!<965><STEAM_0:4:446327478><>" became an admin (account "212.55.104.156") (access "abcdefgijmnopqrtu") (address "212.55.104.156")
L 06/13/2011 - 00:54:45: [plmenu.amxx] Cmd: "6otopy6!!!!<965><STEAM_0:4:446327478><>" slay "P[e]RF[e]CT*Tm->$meptHuk<947><BOT><>"
L 06/13/2011 - 00:57:08: [mapsmenu.amxx] Cmd: "6otopy6!!!!<965><STEAM_0:4:446327478><>" changelevel "de_dust"
L 06/13/2011 - 00:57:10: -------- Mapchange to de_dust --------
L 06/13/2011 - 00:57:13: [admin_amxbans.amxx] Login: ".::T9o::.<964><STEAM_0:0:1836044300><>" became an admin (account ".::T9o::.") (access "abcdefgijmopqtu") (address "78.37.218.37")
L 06/13/2011 - 00:57:13: [admin_amxbans.amxx] Login: "6otopy6!!!!<965><STEAM_0:4:446327478><>" became an admin (account "212.55.104.156") (access "abcdefgijmnopqrtu") (address "212.55.104.156")
L 06/13/2011 - 00:57:14: [amxbans.amxx] [AMXBANS] AMXBans 5.0 –ø–æ–¥–∫–ª—é—á–µ–Ω
L 06/13/2011 - 00:58:14: [plmenu.amxx] Cmd: ".::T9o::.<964><STEAM_0:0:1836044300><>" slap with 0 damage ".::T9o::.<964><STEAM_0:0:1836044300><>"
L 06/13/2011 - 00:58:14: [plmenu.amxx] Cmd: ".::T9o::.<964><STEAM_0:0:1836044300><>" slap with 0 damage ".::T9o::.<964><STEAM_0:0:1836044300><>"
L 06/13/2011 - 00:58:14: [plmenu.amxx] Cmd: ".::T9o::.<964><STEAM_0:0:1836044300><>" slap with 0 damage ".::T9o::.<964><STEAM_0:0:1836044300><>"
L 06/13/2011 - 00:58:14: [plmenu.amxx] Cmd: ".::T9o::.<964><STEAM_0:0:1836044300><>" slap with 0 damage ".::T9o::.<964><STEAM_0:0:1836044300><>"
L 06/13/2011 - 00:58:15: [plmenu.amxx] Cmd: ".::T9o::.<964><STEAM_0:0:1836044300><>" slap with 0 damage ".::T9o::.<964><STEAM_0:0:1836044300><>"
L 06/13/2011 - 00:58:15: [plmenu.amxx] Cmd: ".::T9o::.<964><STEAM_0:0:1836044300><>" slap with 0 damage ".::T9o::.<964><STEAM_0:0:1836044300><>"
L 06/13/2011 - 00:58:15: [plmenu.amxx] Cmd: ".::T9o::.<964><STEAM_0:0:1836044300><>" slap with 0 damage ".::T9o::.<964><STEAM_0:0:1836044300><>"
L 06/13/2011 - 00:58:15: [plmenu.amxx] Cmd: ".::T9o::.<964><STEAM_0:0:1836044300><>" slap with 0 damage ".::T9o::.<964><STEAM_0:0:1836044300><>"
L 06/13/2011 - 00:58:15: [plmenu.amxx] Cmd: ".::T9o::.<964><STEAM_0:0:1836044300><>" slap with 0 damage ".::T9o::.<964><STEAM_0:0:1836044300><>"
L 06/13/2011 - 00:58:16: [plmenu.amxx] Cmd: ".::T9o::.<964><STEAM_0:0:1836044300><>" slap with 0 damage ".::T9o::.<964><STEAM_0:0:1836044300><>"
L 06/13/2011 - 00:58:16: [plmenu.amxx] Cmd: ".::T9o::.<964><STEAM_0:0:1836044300><>" slap with 0 damage ".::T9o::.<964><STEAM_0:0:1836044300><>"
L 06/13/2011 - 00:58:16: [plmenu.amxx] Cmd: ".::T9o::.<964><STEAM_0:0:1836044300><>" slap with 0 damage ".::T9o::.<964><STEAM_0:0:1836044300><>"
L 06/13/2011 - 00:58:16: [plmenu.amxx] Cmd: ".::T9o::.<964><STEAM_0:0:1836044300><>" slap with 0 damage ".::T9o::.<964><STEAM_0:0:1836044300><>"
L 06/13/2011 - 00:58:16: [plmenu.amxx] Cmd: ".::T9o::.<964><STEAM_0:0:1836044300><>" slap with 0 damage ".::T9o::.<964><STEAM_0:0:1836044300><>"
L 06/13/2011 - 00:58:16: [plmenu.amxx] Cmd: ".::T9o::.<964><STEAM_0:0:1836044300><>" slap with 0 damage ".::T9o::.<964><STEAM_0:0:1836044300><>"
L 06/13/2011 - 00:58:17: [plmenu.amxx] Cmd: ".::T9o::.<964><STEAM_0:0:1836044300><>" slap with 0 damage ".::T9o::.<964><STEAM_0:0:1836044300><>"
L 06/13/2011 - 00:58:17: [plmenu.amxx] Cmd: ".::T9o::.<964><STEAM_0:0:1836044300><>" slap with 0 damage ".::T9o::.<964><STEAM_0:0:1836044300><>"
L 06/13/2011 - 00:58:17: [plmenu.amxx] Cmd: ".::T9o::.<964><STEAM_0:0:1836044300><>" slap with 0 damage ".::T9o::.<964><STEAM_0:0:1836044300><>"
L 06/13/2011 - 00:58:17: [plmenu.amxx] Cmd: ".::T9o::.<964><STEAM_0:0:1836044300><>" slap with 0 damage ".::T9o::.<964><STEAM_0:0:1836044300><>"
L 06/13/2011 - 00:58:17: [plmenu.amxx] Cmd: ".::T9o::.<964><STEAM_0:0:1836044300><>" slap with 0 damage ".::T9o::.<964><STEAM_0:0:1836044300><>"
L 06/13/2011 - 00:58:18: [plmenu.amxx] Cmd: ".::T9o::.<964><STEAM_0:0:1836044300><>" slap with 0 damage ".::T9o::.<964><STEAM_0:0:1836044300><>"
L 06/13/2011 - 00:58:18: [plmenu.amxx] Cmd: ".::T9o::.<964><STEAM_0:0:1836044300><>" slap with 0 damage ".::T9o::.<964><STEAM_0:0:1836044300><>"
L 06/13/2011 - 00:59:01: [plmenu.amxx] Cmd: ".::T9o::.<964><STEAM_0:0:1836044300><>" slap with 0 damage "AZERBAIJAN<966><BOT><>"
L 06/13/2011 - 00:59:03: [plmenu.amxx] Cmd: ".::T9o::.<964><STEAM_0:0:1836044300><>" slap with 0 damage "AZERBAIJAN<966><BOT><>"
L 06/13/2011 - 00:59:10: [plmenu.amxx] Cmd: ".::T9o::.<964><STEAM_0:0:1836044300><>" slap with 0 damage "AZERBAIJAN<966><BOT><>"
L 06/13/2011 - 00:59:10: [plmenu.amxx] Cmd: ".::T9o::.<964><STEAM_0:0:1836044300><>" slap with 0 damage "AZERBAIJAN<966><BOT><>"
L 06/13/2011 - 00:59:10: [plmenu.amxx] Cmd: ".::T9o::.<964><STEAM_0:0:1836044300><>" slap with 0 damage "AZERBAIJAN<966><BOT><>"
L 06/13/2011 - 00:59:11: [plmenu.amxx] Cmd: ".::T9o::.<964><STEAM_0:0:1836044300><>" slap with 0 damage "AZERBAIJAN<966><BOT><>"
L 06/13/2011 - 00:59:11: [plmenu.amxx] Cmd: ".::T9o::.<964><STEAM_0:0:1836044300><>" slap with 0 damage "AZERBAIJAN<966><BOT><>"
L 06/13/2011 - 00:59:11: [plmenu.amxx] Cmd: ".::T9o::.<964><STEAM_0:0:1836044300><>" slap with 0 damage "AZERBAIJAN<966><BOT><>"
L 06/13/2011 - 00:59:11: [plmenu.amxx] Cmd: ".::T9o::.<964><STEAM_0:0:1836044300><>" slap with 0 damage "AZERBAIJAN<966><BOT><>"
L 06/13/2011 - 00:59:11: [plmenu.amxx] Cmd: ".::T9o::.<964><STEAM_0:0:1836044300><>" slap with 0 damage "AZERBAIJAN<966><BOT><>"
L 06/13/2011 - 00:59:12: [plmenu.amxx] Cmd: ".::T9o::.<964><STEAM_0:0:1836044300><>" slap with 0 damage "AZERBAIJAN<966><BOT><>"
L 06/13/2011 - 00:59:12: [plmenu.amxx] Cmd: ".::T9o::.<964><STEAM_0:0:1836044300><>" slap with 0 damage "AZERBAIJAN<966><BOT><>"
L 06/13/2011 - 00:59:12: [plmenu.amxx] Cmd: ".::T9o::.<964><STEAM_0:0:1836044300><>" slap with 0 damage "AZERBAIJAN<966><BOT><>"
L 06/13/2011 - 00:59:12: [plmenu.amxx] Cmd: ".::T9o::.<964><STEAM_0:0:1836044300><>" slap with 0 damage "AZERBAIJAN<966><BOT><>"
L 06/13/2011 - 00:59:12: [plmenu.amxx] Cmd: ".::T9o::.<964><STEAM_0:0:1836044300><>" slap with 0 damage "AZERBAIJAN<966><BOT><>"
L 06/13/2011 - 00:59:13: [plmenu.amxx] Cmd: ".::T9o::.<964><STEAM_0:0:1836044300><>" slap with 0 damage "AZERBAIJAN<966><BOT><>"
L 06/13/2011 - 00:59:13: [plmenu.amxx] Cmd: ".::T9o::.<964><STEAM_0:0:1836044300><>" slap with 0 damage "AZERBAIJAN<966><BOT><>"
L 06/13/2011 - 00:59:13: [plmenu.amxx] Cmd: ".::T9o::.<964><STEAM_0:0:1836044300><>" slap with 0 damage "AZERBAIJAN<966><BOT><>"
L 06/13/2011 - 00:59:13: [plmenu.amxx] Cmd: ".::T9o::.<964><STEAM_0:0:1836044300><>" slap with 0 damage "AZERBAIJAN<966><BOT><>"
L 06/13/2011 - 00:59:13: [plmenu.amxx] Cmd: ".::T9o::.<964><STEAM_0:0:1836044300><>" slap with 0 damage "AZERBAIJAN<966><BOT><>"
L 06/13/2011 - 00:59:14: [plmenu.amxx] Cmd: ".::T9o::.<964><STEAM_0:0:1836044300><>" slap with 0 damage "AZERBAIJAN<966><BOT><>"
L 06/13/2011 - 00:59:14: [plmenu.amxx] Cmd: ".::T9o::.<964><STEAM_0:0:1836044300><>" slap with 0 damage "AZERBAIJAN<966><BOT><>"
L 06/13/2011 - 00:59:14: [plmenu.amxx] Cmd: ".::T9o::.<964><STEAM_0:0:1836044300><>" slap with 0 damage "AZERBAIJAN<966><BOT><>"
L 06/13/2011 - 00:59:14: [plmenu.amxx] Cmd: ".::T9o::.<964><STEAM_0:0:1836044300><>" slap with 0 damage "AZERBAIJAN<966><BOT><>"
L 06/13/2011 - 00:59:14: [plmenu.amxx] Cmd: ".::T9o::.<964><STEAM_0:0:1836044300><>" slap with 0 damage "AZERBAIJAN<966><BOT><>"
L 06/13/2011 - 00:59:14: [plmenu.amxx] Cmd: ".::T9o::.<964><STEAM_0:0:1836044300><>" slap with 0 damage "AZERBAIJAN<966><BOT><>"
L 06/13/2011 - 00:59:15: [plmenu.amxx] Cmd: ".::T9o::.<964><STEAM_0:0:1836044300><>" slap with 0 damage "AZERBAIJAN<966><BOT><>"
L 06/13/2011 - 00:59:15: [plmenu.amxx] Cmd: ".::T9o::.<964><STEAM_0:0:1836044300><>" slap with 0 damage "AZERBAIJAN<966><BOT><>"
L 06/13/2011 - 00:59:15: [plmenu.amxx] Cmd: ".::T9o::.<964><STEAM_0:0:1836044300><>" slap with 0 damage "AZERBAIJAN<966><BOT><>"
L 06/13/2011 - 00:59:15: [plmenu.amxx] Cmd: ".::T9o::.<964><STEAM_0:0:1836044300><>" slap with 0 damage "AZERBAIJAN<966><BOT><>"
L 06/13/2011 - 00:59:15: [plmenu.amxx] Cmd: ".::T9o::.<964><STEAM_0:0:1836044300><>" slap with 0 damage "AZERBAIJAN<966><BOT><>"
L 06/13/2011 - 00:59:16: [plmenu.amxx] Cmd: ".::T9o::.<964><STEAM_0:0:1836044300><>" slap with 0 damage "AZERBAIJAN<966><BOT><>"
L 06/13/2011 - 00:59:16: [plmenu.amxx] Cmd: ".::T9o::.<964><STEAM_0:0:1836044300><>" slap with 0 damage "AZERBAIJAN<966><BOT><>"
L 06/13/2011 - 00:59:16: [plmenu.amxx] Cmd: ".::T9o::.<964><STEAM_0:0:1836044300><>" slap with 0 damage "AZERBAIJAN<966><BOT><>"
L 06/13/2011 - 00:59:16: [plmenu.amxx] Cmd: ".::T9o::.<964><STEAM_0:0:1836044300><>" slap with 0 damage "AZERBAIJAN<966><BOT><>"
L 06/13/2011 - 00:59:17: [plmenu.amxx] Cmd: ".::T9o::.<964><STEAM_0:0:1836044300><>" slap with 0 damage "AZERBAIJAN<966><BOT><>"
L 06/13/2011 - 00:59:17: [plmenu.amxx] Cmd: ".::T9o::.<964><STEAM_0:0:1836044300><>" slap with 0 damage "AZERBAIJAN<966><BOT><>"
L 06/13/2011 - 00:59:17: [plmenu.amxx] Cmd: ".::T9o::.<964><STEAM_0:0:1836044300><>" slap with 0 damage "AZERBAIJAN<966><BOT><>"
L 06/13/2011 - 00:59:17: [plmenu.amxx] Cmd: ".::T9o::.<964><STEAM_0:0:1836044300><>" slap with 0 damage "AZERBAIJAN<966><BOT><>"
L 06/13/2011 - 00:59:18: [plmenu.amxx] Cmd: ".::T9o::.<964><STEAM_0:0:1836044300><>" slap with 0 damage "AZERBAIJAN<966><BOT><>"
L 06/13/2011 - 00:59:18: [plmenu.amxx] Cmd: ".::T9o::.<964><STEAM_0:0:1836044300><>" slap with 0 damage "AZERBAIJAN<966><BOT><>"
L 06/13/2011 - 00:59:18: [plmenu.amxx] Cmd: ".::T9o::.<964><STEAM_0:0:1836044300><>" slap with 0 damage "AZERBAIJAN<966><BOT><>"
L 06/13/2011 - 00:59:19: [plmenu.amxx] Cmd: ".::T9o::.<964><STEAM_0:0:1836044300><>" slap with 0 damage "AZERBAIJAN<966><BOT><>"
L 06/13/2011 - 00:59:19: [plmenu.amxx] Cmd: ".::T9o::.<964><STEAM_0:0:1836044300><>" slap with 0 damage "AZERBAIJAN<966><BOT><>"
L 06/13/2011 - 00:59:19: [plmenu.amxx] Cmd: ".::T9o::.<964><STEAM_0:0:1836044300><>" slap with 0 damage "AZERBAIJAN<966><BOT><>"
L 06/13/2011 - 00:59:19: [plmenu.amxx] Cmd: ".::T9o::.<964><STEAM_0:0:1836044300><>" slap with 0 damage "AZERBAIJAN<966><BOT><>"
L 06/13/2011 - 00:59:19: [plmenu.amxx] Cmd: ".::T9o::.<964><STEAM_0:0:1836044300><>" slap with 0 damage "AZERBAIJAN<966><BOT><>"
L 06/13/2011 - 00:59:19: [plmenu.amxx] Cmd: ".::T9o::.<964><STEAM_0:0:1836044300><>" slap with 0 damage "AZERBAIJAN<966><BOT><>"
L 06/13/2011 - 00:59:20: [plmenu.amxx] Cmd: ".::T9o::.<964><STEAM_0:0:1836044300><>" slap with 0 damage "AZERBAIJAN<966><BOT><>"
L 06/13/2011 - 00:59:20: [plmenu.amxx] Cmd: ".::T9o::.<964><STEAM_0:0:1836044300><>" slap with 0 damage "AZERBAIJAN<966><BOT><>"
L 06/13/2011 - 00:59:20: [plmenu.amxx] Cmd: ".::T9o::.<964><STEAM_0:0:1836044300><>" slap with 0 damage "AZERBAIJAN<966><BOT><>"
L 06/13/2011 - 00:59:20: [plmenu.amxx] Cmd: ".::T9o::.<964><STEAM_0:0:1836044300><>" slap with 0 damage "AZERBAIJAN<966><BOT><>"
L 06/13/2011 - 00:59:20: [plmenu.amxx] Cmd: ".::T9o::.<964><STEAM_0:0:1836044300><>" slap with 0 damage "AZERBAIJAN<966><BOT><>"
L 06/13/2011 - 00:59:20: [plmenu.amxx] Cmd: ".::T9o::.<964><STEAM_0:0:1836044300><>" slap with 0 damage "AZERBAIJAN<966><BOT><>"
L 06/13/2011 - 00:59:21: [plmenu.amxx] Cmd: ".::T9o::.<964><STEAM_0:0:1836044300><>" slap with 0 damage "AZERBAIJAN<966><BOT><>"
L 06/13/2011 - 00:59:21: [plmenu.amxx] Cmd: ".::T9o::.<964><STEAM_0:0:1836044300><>" slap with 0 damage "AZERBAIJAN<966><BOT><>"
L 06/13/2011 - 00:59:21: [plmenu.amxx] Cmd: ".::T9o::.<964><STEAM_0:0:1836044300><>" slap with 0 damage "AZERBAIJAN<966><BOT><>"
L 06/13/2011 - 00:59:21: [plmenu.amxx] Cmd: ".::T9o::.<964><STEAM_0:0:1836044300><>" slap with 0 damage "AZERBAIJAN<966><BOT><>"
L 06/13/2011 - 00:59:21: [plmenu.amxx] Cmd: ".::T9o::.<964><STEAM_0:0:1836044300><>" slap with 0 damage "AZERBAIJAN<966><BOT><>"
L 06/13/2011 - 00:59:21: [plmenu.amxx] Cmd: ".::T9o::.<964><STEAM_0:0:1836044300><>" slap with 0 damage "AZERBAIJAN<966><BOT><>"
L 06/13/2011 - 00:59:22: [plmenu.amxx] Cmd: ".::T9o::.<964><STEAM_0:0:1836044300><>" slap with 0 damage "AZERBAIJAN<966><BOT><>"
L 06/13/2011 - 00:59:22: [plmenu.amxx] Cmd: ".::T9o::.<964><STEAM_0:0:1836044300><>" slap with 0 damage "AZERBAIJAN<966><BOT><>"
L 06/13/2011 - 00:59:22: [plmenu.amxx] Cmd: ".::T9o::.<964><STEAM_0:0:1836044300><>" slap with 0 damage "AZERBAIJAN<966><BOT><>"
L 06/13/2011 - 00:59:22: [plmenu.amxx] Cmd: ".::T9o::.<964><STEAM_0:0:1836044300><>" slap with 0 damage "AZERBAIJAN<966><BOT><>"
L 06/13/2011 - 00:59:22: [plmenu.amxx] Cmd: ".::T9o::.<964><STEAM_0:0:1836044300><>" slap with 0 damage "AZERBAIJAN<966><BOT><>"
L 06/13/2011 - 00:59:22: [plmenu.amxx] Cmd: ".::T9o::.<964><STEAM_0:0:1836044300><>" slap with 0 damage "AZERBAIJAN<966><BOT><>"
L 06/13/2011 - 00:59:22: [plmenu.amxx] Cmd: ".::T9o::.<964><STEAM_0:0:1836044300><>" slap with 0 damage "AZERBAIJAN<966><BOT><>"
L 06/13/2011 - 00:59:23: [plmenu.amxx] Cmd: ".::T9o::.<964><STEAM_0:0:1836044300><>" slap with 0 damage "AZERBAIJAN<966><BOT><>"
L 06/13/2011 - 00:59:23: [plmenu.amxx] Cmd: ".::T9o::.<964><STEAM_0:0:1836044300><>" slap with 0 damage "AZERBAIJAN<966><BOT><>"
L 06/13/2011 - 00:59:23: [plmenu.amxx] Cmd: ".::T9o::.<964><STEAM_0:0:1836044300><>" slap with 0 damage "AZERBAIJAN<966><BOT><>"
L 06/13/2011 - 00:59:23: [plmenu.amxx] Cmd: ".::T9o::.<964><STEAM_0:0:1836044300><>" slap with 0 damage "AZERBAIJAN<966><BOT><>"
L 06/13/2011 - 00:59:23: [plmenu.amxx] Cmd: ".::T9o::.<964><STEAM_0:0:1836044300><>" slap with 0 damage "AZERBAIJAN<966><BOT><>"
L 06/13/2011 - 00:59:24: [plmenu.amxx] Cmd: ".::T9o::.<964><STEAM_0:0:1836044300><>" slap with 0 damage "AZERBAIJAN<966><BOT><>"
L 06/13/2011 - 00:59:24: [plmenu.amxx] Cmd: ".::T9o::.<964><STEAM_0:0:1836044300><>" slap with 0 damage "AZERBAIJAN<966><BOT><>"
L 06/13/2011 - 00:59:24: [plmenu.amxx] Cmd: ".::T9o::.<964><STEAM_0:0:1836044300><>" slap with 0 damage "AZERBAIJAN<966><BOT><>"
L 06/13/2011 - 00:59:24: [plmenu.amxx] Cmd: ".::T9o::.<964><STEAM_0:0:1836044300><>" slap with 0 damage "AZERBAIJAN<966><BOT><>"
L 06/13/2011 - 00:59:24: [plmenu.amxx] Cmd: ".::T9o::.<964><STEAM_0:0:1836044300><>" slap with 0 damage "AZERBAIJAN<966><BOT><>"
L 06/13/2011 - 00:59:24: [plmenu.amxx] Cmd: ".::T9o::.<964><STEAM_0:0:1836044300><>" slap with 0 damage "AZERBAIJAN<966><BOT><>"
L 06/13/2011 - 00:59:25: [plmenu.amxx] Cmd: ".::T9o::.<964><STEAM_0:0:1836044300><>" slap with 0 damage "AZERBAIJAN<966><BOT><>"
L 06/13/2011 - 00:59:25: [plmenu.amxx] Cmd: ".::T9o::.<964><STEAM_0:0:1836044300><>" slap with 0 damage "AZERBAIJAN<966><BOT><>"
L 06/13/2011 - 00:59:25: [plmenu.amxx] Cmd: ".::T9o::.<964><STEAM_0:0:1836044300><>" slap with 0 damage "AZERBAIJAN<966><BOT><>"
L 06/13/2011 - 00:59:25: [plmenu.amxx] Cmd: ".::T9o::.<964><STEAM_0:0:1836044300><>" slap with 0 damage "AZERBAIJAN<966><BOT><>"
L 06/13/2011 - 01:00:35: [plmenu.amxx] Cmd: ".::T9o::.<964><STEAM_0:0:1836044300><>" slap with 0 damage "AZERBAIJAN<966><BOT><>"
L 06/13/2011 - 01:00:35: [plmenu.amxx] Cmd: ".::T9o::.<964><STEAM_0:0:1836044300><>" slap with 0 damage "AZERBAIJAN<966><BOT><>"
L 06/13/2011 - 01:00:36: [plmenu.amxx] Cmd: ".::T9o::.<964><STEAM_0:0:1836044300><>" slap with 0 damage "AZERBAIJAN<966><BOT><>"
L 06/13/2011 - 01:00:36: [plmenu.amxx] Cmd: ".::T9o::.<964><STEAM_0:0:1836044300><>" slap with 0 damage "AZERBAIJAN<966><BOT><>"
L 06/13/2011 - 01:00:36: [plmenu.amxx] Cmd: ".::T9o::.<964><STEAM_0:0:1836044300><>" slap with 0 damage "AZERBAIJAN<966><BOT><>"
L 06/13/2011 - 01:00:36: [plmenu.amxx] Cmd: ".::T9o::.<964><STEAM_0:0:1836044300><>" slap with 0 damage "AZERBAIJAN<966><BOT><>"
L 06/13/2011 - 01:00:36: [plmenu.amxx] Cmd: ".::T9o::.<964><STEAM_0:0:1836044300><>" slap with 0 damage "AZERBAIJAN<966><BOT><>"
L 06/13/2011 - 01:00:37: [plmenu.amxx] Cmd: ".::T9o::.<964><STEAM_0:0:1836044300><>" slap with 0 damage "AZERBAIJAN<966><BOT><>"
L 06/13/2011 - 01:00:37: [plmenu.amxx] Cmd: ".::T9o::.<964><STEAM_0:0:1836044300><>" slap with 0 damage "AZERBAIJAN<966><BOT><>"
L 06/13/2011 - 01:00:37: [plmenu.amxx] Cmd: ".::T9o::.<964><STEAM_0:0:1836044300><>" slap with 0 damage "AZERBAIJAN<966><BOT><>"
L 06/13/2011 - 01:00:37: [plmenu.amxx] Cmd: ".::T9o::.<964><STEAM_0:0:1836044300><>" slap with 0 damage "AZERBAIJAN<966><BOT><>"
L 06/13/2011 - 01:00:37: [plmenu.amxx] Cmd: ".::T9o::.<964><STEAM_0:0:1836044300><>" slap with 0 damage "AZERBAIJAN<966><BOT><>"
L 06/13/2011 - 01:00:37: [plmenu.amxx] Cmd: ".::T9o::.<964><STEAM_0:0:1836044300><>" slap with 0 damage "AZERBAIJAN<966><BOT><>"
L 06/13/2011 - 01:00:37: [plmenu.amxx] Cmd: ".::T9o::.<964><STEAM_0:0:1836044300><>" slap with 0 damage "AZERBAIJAN<966><BOT><>"
L 06/13/2011 - 01:00:38: [plmenu.amxx] Cmd: ".::T9o::.<964><STEAM_0:0:1836044300><>" slap with 0 damage "AZERBAIJAN<966><BOT><>"
L 06/13/2011 - 01:00:38: [plmenu.amxx] Cmd: ".::T9o::.<964><STEAM_0:0:1836044300><>" slap with 0 damage "AZERBAIJAN<966><BOT><>"
L 06/13/2011 - 01:00:38: [plmenu.amxx] Cmd: ".::T9o::.<964><STEAM_0:0:1836044300><>" slap with 0 damage "AZERBAIJAN<966><BOT><>"
L 06/13/2011 - 01:00:38: [plmenu.amxx] Cmd: ".::T9o::.<964><STEAM_0:0:1836044300><>" slap with 0 damage "AZERBAIJAN<966><BOT><>"
L 06/13/2011 - 01:00:38: [plmenu.amxx] Cmd: ".::T9o::.<964><STEAM_0:0:1836044300><>" slap with 0 damage "AZERBAIJAN<966><BOT><>"
L 06/13/2011 - 01:00:38: [plmenu.amxx] Cmd: ".::T9o::.<964><STEAM_0:0:1836044300><>" slap with 0 damage "AZERBAIJAN<966><BOT><>"
L 06/13/2011 - 01:00:38: [plmenu.amxx] Cmd: ".::T9o::.<964><STEAM_0:0:1836044300><>" slap with 0 damage "AZERBAIJAN<966><BOT><>"
L 06/13/2011 - 01:00:39: [plmenu.amxx] Cmd: ".::T9o::.<964><STEAM_0:0:1836044300><>" slap with 0 damage "AZERBAIJAN<966><BOT><>"
L 06/13/2011 - 01:00:39: [plmenu.amxx] Cmd: ".::T9o::.<964><STEAM_0:0:1836044300><>" slap with 0 damage "AZERBAIJAN<966><BOT><>"
L 06/13/2011 - 01:00:39: [plmenu.amxx] Cmd: ".::T9o::.<964><STEAM_0:0:1836044300><>" slap with 0 damage "AZERBAIJAN<966><BOT><>"
L 06/13/2011 - 01:00:39: [plmenu.amxx] Cmd: ".::T9o::.<964><STEAM_0:0:1836044300><>" slap with 0 damage "AZERBAIJAN<966><BOT><>"
L 06/13/2011 - 01:00:39: [plmenu.amxx] Cmd: ".::T9o::.<964><STEAM_0:0:1836044300><>" slap with 0 damage "AZERBAIJAN<966><BOT><>"
L 06/13/2011 - 01:00:40: [plmenu.amxx] Cmd: ".::T9o::.<964><STEAM_0:0:1836044300><>" slap with 0 damage "AZERBAIJAN<966><BOT><>"
L 06/13/2011 - 01:00:40: [plmenu.amxx] Cmd: ".::T9o::.<964><STEAM_0:0:1836044300><>" slap with 0 damage "AZERBAIJAN<966><BOT><>"
L 06/13/2011 - 01:00:40: [plmenu.amxx] Cmd: ".::T9o::.<964><STEAM_0:0:1836044300><>" slap with 0 damage "AZERBAIJAN<966><BOT><>"
L 06/13/2011 - 01:00:40: [plmenu.amxx] Cmd: ".::T9o::.<964><STEAM_0:0:1836044300><>" slap with 0 damage "AZERBAIJAN<966><BOT><>"
L 06/13/2011 - 01:00:50: [plmenu.amxx] Cmd: ".::T9o::.<964><STEAM_0:0:1836044300><>" slap with 0 damage "AZERBAIJAN<966><BOT><>"
L 06/13/2011 - 01:00:50: [plmenu.amxx] Cmd: ".::T9o::.<964><STEAM_0:0:1836044300><>" slap with 0 damage "AZERBAIJAN<966><BOT><>"
L 06/13/2011 - 01:00:50: [plmenu.amxx] Cmd: ".::T9o::.<964><STEAM_0:0:1836044300><>" slap with 0 damage "AZERBAIJAN<966><BOT><>"
L 06/13/2011 - 01:00:51: [plmenu.amxx] Cmd: ".::T9o::.<964><STEAM_0:0:1836044300><>" slap with 0 damage "AZERBAIJAN<966><BOT><>"
L 06/13/2011 - 01:00:51: [plmenu.amxx] Cmd: ".::T9o::.<964><STEAM_0:0:1836044300><>" slap with 0 damage "AZERBAIJAN<966><BOT><>"
L 06/13/2011 - 01:00:52: [plmenu.amxx] Cmd: ".::T9o::.<964><STEAM_0:0:1836044300><>" slap with 0 damage "AZERBAIJAN<966><BOT><>"
L 06/13/2011 - 01:03:49: [adminchat.amxx] Chat: ".::T9o::.<964><STEAM_0:0:1836044300><>" chat "9 )"
L 06/13/2011 - 01:04:50: [amxbans.amxx] [Amxbans] –ó–∞–ø—Ä–æ—Å –ø—Ä–æ–≤–∞–ª–µ–Ω!
L 06/13/2011 - 01:04:50: [amxbans.amxx] [Amxbans] –û—à–∏–±–∫–∞, –∞–¥—Ä–µ—Å: 18
L 06/13/2011 - 01:04:50: [amxbans.amxx] [Amxbans] –°–æ–æ–±—â–µ–Ω–∏–µ: You have an error in your SQL syntax; check the manual that corresponds to your MySQL server version for the right syntax to use near ''amxban' at line 1 (1064)
L 06/13/2011 - 01:04:50: [amxbans.amxx] [Amxbans] –°—Ç–∞—Ç—É—Å –∑–∞–ø—Ä–æ—Å–∞: 
L 06/13/2011 - 01:12:47: [plmenu.amxx] Kick: "6otopy6!!!!<965><STEAM_0:4:446327478><>" kick "OFF<967><STEAM_0:4:630362225><>"
L 06/13/2011 - 01:12:52: [amxbans.amxx] [Amxbans] –ó–∞–ø—Ä–æ—Å –ø—Ä–æ–≤–∞–ª–µ–Ω!
L 06/13/2011 - 01:12:52: [amxbans.amxx] [Amxbans] –û—à–∏–±–∫–∞, –∞–¥—Ä–µ—Å: 18
L 06/13/2011 - 01:12:52: [amxbans.amxx] [Amxbans] –°–æ–æ–±—â–µ–Ω–∏–µ: You have an error in your SQL syntax; check the manual that corresponds to your MySQL server version for the right syntax to use near ''amxban' at line 1 (1064)
L 06/13/2011 - 01:12:52: [amxbans.amxx] [Amxbans] –°—Ç–∞—Ç—É—Å –∑–∞–ø—Ä–æ—Å–∞: 
L 06/13/2011 - 01:18:58: -------- Mapchange to zm_dust_brick_b1 --------
L 06/13/2011 - 01:18:59: [admin_amxbans.amxx] Login: "6otopy6!!!!<965><STEAM_0:4:446327478><>" became an admin (account "212.55.104.156") (access "abcdefgijmnopqrtu") (address "212.55.104.156")
L 06/13/2011 - 01:19:00: [amxbans.amxx] [AMXBANS] AMXBans 5.0 –ø–æ–¥–∫–ª—é—á–µ–Ω
L 06/13/2011 - 01:19:02: [amxbans.amxx] [Amxbans] –ó–∞–ø—Ä–æ—Å –ø—Ä–æ–≤–∞–ª–µ–Ω!
L 06/13/2011 - 01:19:02: [amxbans.amxx] [Amxbans] –û—à–∏–±–∫–∞, –∞–¥—Ä–µ—Å: 18
L 06/13/2011 - 01:19:02: [amxbans.amxx] [Amxbans] –°–æ–æ–±—â–µ–Ω–∏–µ: You have an error in your SQL syntax; check the manual that corresponds to your MySQL server version for the right syntax to use near ''amxban' at line 1 (1064)
L 06/13/2011 - 01:19:02: [amxbans.amxx] [Amxbans] –°—Ç–∞—Ç—É—Å –∑–∞–ø—Ä–æ—Å–∞: 
L 06/13/2011 - 01:19:35: [admin_amxbans.amxx] Login: "[o_VIP_o]                (^_^)V<965><STEAM_0:4:446327478><>" became an admin (account "212.55.104.156") (access "abcdefgijmnopqrtu") (address "212.55.104.156")
L 06/13/2011 - 01:31:15: [admincmd.amxx] Cmd: "[o_VIP_o]                (^_^)V<965><STEAM_0:4:446327478><>" changelevel "awp_city"
L 06/13/2011 - 01:31:17: -------- Mapchange to awp_city --------
L 06/13/2011 - 01:31:18: [admin_amxbans.amxx] Login: "[o_VIP_o]                (^_^)V<965><STEAM_0:4:446327478><>" became an admin (account "212.55.104.156") (access "abcdefgijmnopqrtu") (address "212.55.104.156")
L 06/13/2011 - 01:31:19: [amxbans.amxx] [AMXBANS] AMXBans 5.0 –ø–æ–¥–∫–ª—é—á–µ–Ω
L 06/13/2011 - 01:31:21: [amxbans.amxx] [Amxbans] –ó–∞–ø—Ä–æ—Å –ø—Ä–æ–≤–∞–ª–µ–Ω!
L 06/13/2011 - 01:31:21: [amxbans.amxx] [Amxbans] –û—à–∏–±–∫–∞, –∞–¥—Ä–µ—Å: 18
L 06/13/2011 - 01:31:21: [amxbans.amxx] [Amxbans] –°–æ–æ–±—â–µ–Ω–∏–µ: You have an error in your SQL syntax; check the manual that corresponds to your MySQL server version for the right syntax to use near ''amxban' at line 1 (1064)
L 06/13/2011 - 01:31:21: [amxbans.amxx] [Amxbans] –°—Ç–∞—Ç—É—Å –∑–∞–ø—Ä–æ—Å–∞: 
L 06/13/2011 - 01:52:54: -------- Mapchange to zm_dwarf --------
L 06/13/2011 - 01:52:55: [admin_amxbans.amxx] Login: "[o_VIP_o]                (^_^)V<965><STEAM_0:4:446327478><>" became an admin (account "212.55.104.156") (access "abcdefgijmnopqrtu") (address "212.55.104.156")
L 06/13/2011 - 01:52:56: [amxbans.amxx] [AMXBANS] AMXBans 5.0 –ø–æ–¥–∫–ª—é—á–µ–Ω
L 06/13/2011 - 01:55:35: [adminvote.amxx] Vote: "[o_VIP_o]                (^_^)V<965><STEAM_0:4:446327478><>" vote custom (question "Mapy_noMeHbwe?") (option#1 "ga") (option#2 "ga")
L 06/13/2011 - 01:55:47: [adminvote.amxx] Vote: Voting successful (got "3") (needed "1") (result "Mapy_noMeHbwe? - Het")
L 06/13/2011 - 02:04:58: [admin_amxbans.amxx] Login: "Yura_Alexandrov<995><STEAM_0:0:1298565332><>" became an admin (account "Yura_Alexandrov") (access "at") (address "91.122.163.60")
L 06/13/2011 - 02:05:06: [admin_amxbans.amxx] Login: "Yura_Alexandrov<996><STEAM_0:0:1298565332><>" became an admin (account "Yura_Alexandrov") (access "at") (address "91.122.163.60")
L 06/13/2011 - 02:05:29: [admin_amxbans.amxx] Login: "Cam takou'!<965><STEAM_0:4:446327478><>" became an admin (account "212.55.104.156") (access "abcdefgijmnopqrtu") (address "212.55.104.156")
L 06/13/2011 - 02:08:01: [voteban.amxx] –í–æ—Ç–µ–±–∞–Ω –∑–∞–ø—É—Å—Ç–∏–ª Cam takou'! –ø—Ä–æ—Ç–∏–≤ Br()TaN(nk9) STEAM_0:0:487415660
L 06/13/2011 - 02:08:16: [voteban.amxx] [AMXX] The vote succeeded: STEAM_0:0:487415660 is banned for 60 minutes
L 06/13/2011 - 02:08:17: [amxbans.amxx]  –ó–æ–º–±–∏ —Å–µ—Ä–≤–µ—Ä (x_x(O_o)x_x) Go Zombie !!!<0><><> –∑–∞–±–∞–Ω–∏–ª Br()TaN(nk9)<STEAM_0:0:487415660> –Ω–∞ 1 —á–∞—Å (60 –º–∏–Ω—É—Ç). –ü—Ä–∏—á–∏–Ω–∞: VIP->Cam takou¥!.
L 06/13/2011 - 02:15:47: -------- Mapchange to zm_desolation_house --------
L 06/13/2011 - 02:15:48: [admin_amxbans.amxx] Login: "Yura_Alexandrov<996><STEAM_0:0:1298565332><>" became an admin (account "Yura_Alexandrov") (access "at") (address "91.122.163.60")
L 06/13/2011 - 02:15:49: [amxbans.amxx] [AMXBANS] AMXBans 5.0 –ø–æ–¥–∫–ª—é—á–µ–Ω
L 06/13/2011 - 02:22:05: [amxbans.amxx] [Amxbans] –ó–∞–ø—Ä–æ—Å –ø—Ä–æ–≤–∞–ª–µ–Ω!
L 06/13/2011 - 02:22:05: [amxbans.amxx] [Amxbans] –û—à–∏–±–∫–∞, –∞–¥—Ä–µ—Å: 18
L 06/13/2011 - 02:22:05: [amxbans.amxx] [Amxbans] –°–æ–æ–±—â–µ–Ω–∏–µ: You have an error in your SQL syntax; check the manual that corresponds to your MySQL server version for the right syntax to use near ''amxban' at line 1 (1064)
L 06/13/2011 - 02:22:05: [amxbans.amxx] [Amxbans] –°—Ç–∞—Ç—É—Å –∑–∞–ø—Ä–æ—Å–∞: 
L 06/13/2011 - 02:37:57: -------- Mapchange to cs_italy --------
L 06/13/2011 - 02:37:59: [admin_amxbans.amxx] Login: "Yura_Alexandrov<996><STEAM_0:0:1298565332><>" became an admin (account "Yura_Alexandrov") (access "at") (address "91.122.163.60")
L 06/13/2011 - 02:38:00: [amxbans.amxx] [AMXBANS] AMXBans 5.0 –ø–æ–¥–∫–ª—é—á–µ–Ω
L 06/13/2011 - 03:00:03: -------- Mapchange to zm_neris --------
L 06/13/2011 - 03:00:04: [admin_amxbans.amxx] Login: "Yura_Alexandrov<996><STEAM_0:0:1298565332><>" became an admin (account "Yura_Alexandrov") (access "at") (address "91.122.163.60")
L 06/13/2011 - 03:00:05: [amxbans.amxx] [AMXBANS] AMXBans 5.0 –ø–æ–¥–∫–ª—é—á–µ–Ω
L 06/13/2011 - 03:01:04: [admin_amxbans.amxx] Login: "Yura_Alexandrov<1030><STEAM_0:0:1298565332><>" became an admin (account "Yura_Alexandrov") (access "at") (address "91.122.163.60")
L 06/13/2011 - 03:18:14: [admin_amxbans.amxx] Login: "Yura_Alexandrov<1041><STEAM_0:0:1298565332><>" became an admin (account "Yura_Alexandrov") (access "at") (address "91.122.163.60")
L 06/13/2011 - 03:20:53: -------- Mapchange to zm_umbrella_office --------
L 06/13/2011 - 03:20:54: [admin_amxbans.amxx] Login: "Yura_Alexandrov<1041><STEAM_0:0:1298565332><>" became an admin (account "Yura_Alexandrov") (access "at") (address "91.122.163.60")
L 06/13/2011 - 03:20:54: [amxbans.amxx] [AMXBANS] AMXBans 5.0 –ø–æ–¥–∫–ª—é—á–µ–Ω
L 06/13/2011 - 03:22:18: [admin_amxbans.amxx] Login: "Yura_Alexandrov<1047><STEAM_0:0:1298565332><>" became an admin (account "Yura_Alexandrov") (access "at") (address "91.122.163.60")
L 06/13/2011 - 03:22:24: [admin_amxbans.amxx] Login: "Yura_Alexandrov<1048><STEAM_0:0:1298565332><>" became an admin (account "Yura_Alexandrov") (access "at") (address "91.122.163.60")
L 06/13/2011 - 03:43:12: -------- Mapchange to zm_army --------
L 06/13/2011 - 03:43:13: [admin_amxbans.amxx] Login: "Yura_Alexandrov<1048><STEAM_0:0:1298565332><>" became an admin (account "Yura_Alexandrov") (access "at") (address "91.122.163.60")
L 06/13/2011 - 03:43:14: [amxbans.amxx] [AMXBANS] AMXBans 5.0 –ø–æ–¥–∫–ª—é—á–µ–Ω
L 06/13/2011 - 04:03:16: -------- Mapchange to zm_666_brick --------
L 06/13/2011 - 04:03:17: [admin_amxbans.amxx] Login: "Yura_Alexandrov<1048><STEAM_0:0:1298565332><>" became an admin (account "Yura_Alexandrov") (access "at") (address "91.122.163.60")
L 06/13/2011 - 04:03:18: [amxbans.amxx] [AMXBANS] AMXBans 5.0 –ø–æ–¥–∫–ª—é—á–µ–Ω
L 06/13/2011 - 04:07:47: -------- Mapchange to cs_estate --------
L 06/13/2011 - 04:07:50: [amxbans.amxx] [AMXBANS] AMXBans 5.0 –ø–æ–¥–∫–ª—é—á–µ–Ω
L 06/13/2011 - 04:17:40: -------- Mapchange to zm_houses --------
L 06/13/2011 - 04:17:41: [amxbans.amxx] [AMXBANS] AMXBans 5.0 –ø–æ–¥–∫–ª—é—á–µ–Ω
L 06/13/2011 - 04:20:40: -------- Mapchange to cs_estate --------
L 06/13/2011 - 04:20:43: [amxbans.amxx] [AMXBANS] AMXBans 5.0 –ø–æ–¥–∫–ª—é—á–µ–Ω
L 06/13/2011 - 04:37:21: -------- Mapchange to cs_estate --------
L 06/13/2011 - 04:37:24: [amxbans.amxx] [AMXBANS] AMXBans 5.0 –ø–æ–¥–∫–ª—é—á–µ–Ω
L 06/13/2011 - 04:45:44: -------- Mapchange to de_dust --------
L 06/13/2011 - 04:45:47: [amxbans.amxx] [AMXBANS] AMXBans 5.0 –ø–æ–¥–∫–ª—é—á–µ–Ω
L 06/13/2011 - 04:51:23: -------- Mapchange to cs_estate --------
L 06/13/2011 - 04:51:26: [amxbans.amxx] [AMXBANS] AMXBans 5.0 –ø–æ–¥–∫–ª—é—á–µ–Ω
L 06/13/2011 - 05:01:20: -------- Mapchange to cs_estate --------
L 06/13/2011 - 05:01:23: [amxbans.amxx] [AMXBANS] AMXBans 5.0 –ø–æ–¥–∫–ª—é—á–µ–Ω
L 06/13/2011 - 05:20:31: -------- Mapchange to cs_estate --------
L 06/13/2011 - 05:20:34: [amxbans.amxx] [AMXBANS] AMXBans 5.0 –ø–æ–¥–∫–ª—é—á–µ–Ω
L 06/13/2011 - 05:30:27: -------- Mapchange to cs_estate --------
L 06/13/2011 - 05:30:30: [amxbans.amxx] [AMXBANS] AMXBans 5.0 –ø–æ–¥–∫–ª—é—á–µ–Ω
L 06/13/2011 - 05:40:23: -------- Mapchange to cs_estate --------
L 06/13/2011 - 05:40:26: [amxbans.amxx] [AMXBANS] AMXBans 5.0 –ø–æ–¥–∫–ª—é—á–µ–Ω
L 06/13/2011 - 05:50:20: -------- Mapchange to cs_estate --------
L 06/13/2011 - 05:50:22: [amxbans.amxx] [AMXBANS] AMXBans 5.0 –ø–æ–¥–∫–ª—é—á–µ–Ω
L 06/13/2011 - 06:00:13: -------- Mapchange to 016_rmk --------
L 06/13/2011 - 06:00:15: -------- Mapchange to cs_italy --------
L 06/13/2011 - 06:00:19: [amxbans.amxx] [AMXBANS] AMXBans 5.0 –ø–æ–¥–∫–ª—é—á–µ–Ω
L 06/13/2011 - 06:03:17: -------- Mapchange to cs_estate --------
L 06/13/2011 - 06:03:21: [amxbans.amxx] [AMXBANS] AMXBans 5.0 –ø–æ–¥–∫–ª—é—á–µ–Ω
L 06/13/2011 - 06:13:15: -------- Mapchange to cs_estate --------
L 06/13/2011 - 06:13:19: [amxbans.amxx] [AMXBANS] AMXBans 5.0 –ø–æ–¥–∫–ª—é—á–µ–Ω
L 06/13/2011 - 06:23:13: -------- Mapchange to cs_estate --------
L 06/13/2011 - 06:23:17: [amxbans.amxx] [AMXBANS] AMXBans 5.0 –ø–æ–¥–∫–ª—é—á–µ–Ω
L 06/13/2011 - 06:33:11: -------- Mapchange to cs_estate --------
L 06/13/2011 - 06:33:15: [amxbans.amxx] [AMXBANS] AMXBans 5.0 –ø–æ–¥–∫–ª—é—á–µ–Ω
L 06/13/2011 - 06:43:08: -------- Mapchange to cs_estate --------
L 06/13/2011 - 06:43:13: [amxbans.amxx] [AMXBANS] AMXBans 5.0 –ø–æ–¥–∫–ª—é—á–µ–Ω
L 06/13/2011 - 06:53:06: -------- Mapchange to cs_estate --------
L 06/13/2011 - 06:53:11: [amxbans.amxx] [AMXBANS] AMXBans 5.0 –ø–æ–¥–∫–ª—é—á–µ–Ω
L 06/13/2011 - 07:03:04: -------- Mapchange to cs_estate --------
L 06/13/2011 - 07:03:08: [amxbans.amxx] [AMXBANS] AMXBans 5.0 –ø–æ–¥–∫–ª—é—á–µ–Ω
L 06/13/2011 - 07:13:02: -------- Mapchange to cs_estate --------
L 06/13/2011 - 07:13:07: [amxbans.amxx] [AMXBANS] AMXBans 5.0 –ø–æ–¥–∫–ª—é—á–µ–Ω
L 06/13/2011 - 07:23:00: -------- Mapchange to cs_estate --------
L 06/13/2011 - 07:23:04: [amxbans.amxx] [AMXBANS] AMXBans 5.0 –ø–æ–¥–∫–ª—é—á–µ–Ω
L 06/13/2011 - 07:32:12: [amxbans.amxx] [Amxbans] –ó–∞–ø—Ä–æ—Å –ø—Ä–æ–≤–∞–ª–µ–Ω!
L 06/13/2011 - 07:32:12: [amxbans.amxx] [Amxbans] –û—à–∏–±–∫–∞, –∞–¥—Ä–µ—Å: 18
L 06/13/2011 - 07:32:12: [amxbans.amxx] [Amxbans] –°–æ–æ–±—â–µ–Ω–∏–µ: You have an error in your SQL syntax; check the manual that corresponds to your MySQL server version for the right syntax to use near ''am' at line 1 (1064)
L 06/13/2011 - 07:32:12: [amxbans.amxx] [Amxbans] –°—Ç–∞—Ç—É—Å –∑–∞–ø—Ä–æ—Å–∞: 
L 06/13/2011 - 07:32:54: [amxbans.amxx] [Amxbans] –ó–∞–ø—Ä–æ—Å –ø—Ä–æ–≤–∞–ª–µ–Ω!
L 06/13/2011 - 07:32:54: [amxbans.amxx] [Amxbans] –û—à–∏–±–∫–∞, –∞–¥—Ä–µ—Å: 18
L 06/13/2011 - 07:32:54: [amxbans.amxx] [Amxbans] –°–æ–æ–±—â–µ–Ω–∏–µ: You have an error in your SQL syntax; check the manual that corresponds to your MySQL server version for the right syntax to use near ''am' at line 1 (1064)
L 06/13/2011 - 07:32:54: [amxbans.amxx] [Amxbans] –°—Ç–∞—Ç—É—Å –∑–∞–ø—Ä–æ—Å–∞: 
L 06/13/2011 - 07:32:57: -------- Mapchange to cs_estate --------
L 06/13/2011 - 07:33:02: [amxbans.amxx] [AMXBANS] AMXBans 5.0 –ø–æ–¥–∫–ª—é—á–µ–Ω
L 06/13/2011 - 07:33:03: [amxbans.amxx] [Amxbans] –ó–∞–ø—Ä–æ—Å –ø—Ä–æ–≤–∞–ª–µ–Ω!
L 06/13/2011 - 07:33:03: [amxbans.amxx] [Amxbans] –û—à–∏–±–∫–∞, –∞–¥—Ä–µ—Å: 18
L 06/13/2011 - 07:33:03: [amxbans.amxx] [Amxbans] –°–æ–æ–±—â–µ–Ω–∏–µ: You have an error in your SQL syntax; check the manual that corresponds to your MySQL server version for the right syntax to use near ''am' at line 1 (1064)
L 06/13/2011 - 07:33:03: [amxbans.amxx] [Amxbans] –°—Ç–∞—Ç—É—Å –∑–∞–ø—Ä–æ—Å–∞: 
L 06/13/2011 - 07:33:04: [amxbans.amxx] [Amxbans] –ó–∞–ø—Ä–æ—Å –ø—Ä–æ–≤–∞–ª–µ–Ω!
L 06/13/2011 - 07:33:04: [amxbans.amxx] [Amxbans] –û—à–∏–±–∫–∞, –∞–¥—Ä–µ—Å: 18
L 06/13/2011 - 07:33:04: [amxbans.amxx] [Amxbans] –°–æ–æ–±—â–µ–Ω–∏–µ: You have an error in your SQL syntax; check the manual that corresponds to your MySQL server version for the right syntax to use near ''am' at line 1 (1064)
L 06/13/2011 - 07:33:04: [amxbans.amxx] [Amxbans] –°—Ç–∞—Ç—É—Å –∑–∞–ø—Ä–æ—Å–∞: 
L 06/13/2011 - 07:33:04: [amxbans.amxx] [Amxbans] –ó–∞–ø—Ä–æ—Å –ø—Ä–æ–≤–∞–ª–µ–Ω!
L 06/13/2011 - 07:33:04: [amxbans.amxx] [Amxbans] –û—à–∏–±–∫–∞, –∞–¥—Ä–µ—Å: 18
L 06/13/2011 - 07:33:04: [amxbans.amxx] [Amxbans] –°–æ–æ–±—â–µ–Ω–∏–µ: You have an error in your SQL syntax; check the manual that corresponds to your MySQL server version for the right syntax to use near ''am' at line 1 (1064)
L 06/13/2011 - 07:33:04: [amxbans.amxx] [Amxbans] –°—Ç–∞—Ç—É—Å –∑–∞–ø—Ä–æ—Å–∞: 
L 06/13/2011 - 07:58:58: -------- Mapchange to cs_italy --------
L 06/13/2011 - 07:59:03: [amxbans.amxx] [AMXBANS] AMXBans 5.0 –ø–æ–¥–∫–ª—é—á–µ–Ω
L 06/13/2011 - 07:59:05: [amxbans.amxx] [Amxbans] –ó–∞–ø—Ä–æ—Å –ø—Ä–æ–≤–∞–ª–µ–Ω!
L 06/13/2011 - 07:59:05: [amxbans.amxx] [Amxbans] –û—à–∏–±–∫–∞, –∞–¥—Ä–µ—Å: 18
L 06/13/2011 - 07:59:05: [amxbans.amxx] [Amxbans] –°–æ–æ–±—â–µ–Ω–∏–µ: You have an error in your SQL syntax; check the manual that corresponds to your MySQL server version for the right syntax to use near ''am' at line 1 (1064)
L 06/13/2011 - 07:59:05: [amxbans.amxx] [Amxbans] –°—Ç–∞—Ç—É—Å –∑–∞–ø—Ä–æ—Å–∞: 
L 06/13/2011 - 07:59:05: [amxbans.amxx] [Amxbans] –ó–∞–ø—Ä–æ—Å –ø—Ä–æ–≤–∞–ª–µ–Ω!
L 06/13/2011 - 07:59:05: [amxbans.amxx] [Amxbans] –û—à–∏–±–∫–∞, –∞–¥—Ä–µ—Å: 18
L 06/13/2011 - 07:59:05: [amxbans.amxx] [Amxbans] –°–æ–æ–±—â–µ–Ω–∏–µ: You have an error in your SQL syntax; check the manual that corresponds to your MySQL server version for the right syntax to use near ''am' at line 1 (1064)
L 06/13/2011 - 07:59:05: [amxbans.amxx] [Amxbans] –°—Ç–∞—Ç—É—Å –∑–∞–ø—Ä–æ—Å–∞: 
L 06/13/2011 - 08:19:39: -------- Mapchange to cs_militia --------
L 06/13/2011 - 08:19:48: [amxbans.amxx] [AMXBANS] AMXBans 5.0 –ø–æ–¥–∫–ª—é—á–µ–Ω
L 06/13/2011 - 08:19:50: [amxbans.amxx] [Amxbans] –ó–∞–ø—Ä–æ—Å –ø—Ä–æ–≤–∞–ª–µ–Ω!
L 06/13/2011 - 08:19:50: [amxbans.amxx] [Amxbans] –û—à–∏–±–∫–∞, –∞–¥—Ä–µ—Å: 18
L 06/13/2011 - 08:19:50: [amxbans.amxx] [Amxbans] –°–æ–æ–±—â–µ–Ω–∏–µ: You have an error in your SQL syntax; check the manual that corresponds to your MySQL server version for the right syntax to use near ''am' at line 1 (1064)
L 06/13/2011 - 08:19:50: [amxbans.amxx] [Amxbans] –°—Ç–∞—Ç—É—Å –∑–∞–ø—Ä–æ—Å–∞: 
L 06/13/2011 - 08:40:24: -------- Mapchange to zm_fdust2x2 --------
L 06/13/2011 - 08:40:26: [amxbans.amxx] [AMXBANS] AMXBans 5.0 –ø–æ–¥–∫–ª—é—á–µ–Ω
L 06/13/2011 - 08:54:50: [amxbans.amxx] [Amxbans] –ó–∞–ø—Ä–æ—Å –ø—Ä–æ–≤–∞–ª–µ–Ω!
L 06/13/2011 - 08:54:50: [amxbans.amxx] [Amxbans] –û—à–∏–±–∫–∞, –∞–¥—Ä–µ—Å: 18
L 06/13/2011 - 08:54:50: [amxbans.amxx] [Amxbans] –°–æ–æ–±—â–µ–Ω–∏–µ: You have an error in your SQL syntax; check the manual that corresponds to your MySQL server version for the right syntax to use near '' at line 1 (1064)
L 06/13/2011 - 08:54:50: [amxbans.amxx] [Amxbans] –°—Ç–∞—Ç—É—Å –∑–∞–ø—Ä–æ—Å–∞: 
L 06/13/2011 - 09:04:04: -------- Mapchange to zm_umbrella_office --------
L 06/13/2011 - 09:04:07: [amxbans.amxx] [AMXBANS] AMXBans 5.0 –ø–æ–¥–∫–ª—é—á–µ–Ω
L 06/13/2011 - 09:04:08: [amxbans.amxx] [Amxbans] –ó–∞–ø—Ä–æ—Å –ø—Ä–æ–≤–∞–ª–µ–Ω!
L 06/13/2011 - 09:04:08: [amxbans.amxx] [Amxbans] –û—à–∏–±–∫–∞, –∞–¥—Ä–µ—Å: 18
L 06/13/2011 - 09:04:08: [amxbans.amxx] [Amxbans] –°–æ–æ–±—â–µ–Ω–∏–µ: You have an error in your SQL syntax; check the manual that corresponds to your MySQL server version for the right syntax to use near '' at line 1 (1064)
L 06/13/2011 - 09:04:08: [amxbans.amxx] [Amxbans] –°—Ç–∞—Ç—É—Å –∑–∞–ø—Ä–æ—Å–∞: 
L 06/13/2011 - 09:04:18: [amxbans.amxx] [Amxbans] –ó–∞–ø—Ä–æ—Å –ø—Ä–æ–≤–∞–ª–µ–Ω!
L 06/13/2011 - 09:04:18: [amxbans.amxx] [Amxbans] –û—à–∏–±–∫–∞, –∞–¥—Ä–µ—Å: 18
L 06/13/2011 - 09:04:18: [amxbans.amxx] [Amxbans] –°–æ–æ–±—â–µ–Ω–∏–µ: You have an error in your SQL syntax; check the manual that corresponds to your MySQL server version for the right syntax to use near '' at line 1 (1064)
L 06/13/2011 - 09:04:18: [amxbans.amxx] [Amxbans] –°—Ç–∞—Ç—É—Å –∑–∞–ø—Ä–æ—Å–∞: 
L 06/13/2011 - 09:28:07: -------- Mapchange to de_dust --------
L 06/13/2011 - 09:28:10: [amxbans.amxx] [AMXBANS] AMXBans 5.0 –ø–æ–¥–∫–ª—é—á–µ–Ω
L 06/13/2011 - 09:51:01: -------- Mapchange to zm_assault_snow --------
L 06/13/2011 - 09:51:03: [amxbans.amxx] [AMXBANS] AMXBans 5.0 –ø–æ–¥–∫–ª—é—á–µ–Ω
L 06/13/2011 - 09:55:18: -------- Mapchange to cs_estate --------
L 06/13/2011 - 09:55:22: [amxbans.amxx] [AMXBANS] AMXBans 5.0 –ø–æ–¥–∫–ª—é—á–µ–Ω
L 06/13/2011 - 10:06:42: -------- Mapchange to zm_dust_brick_b1 --------
L 06/13/2011 - 10:06:45: [amxbans.amxx] [AMXBANS] AMXBans 5.0 –ø–æ–¥–∫–ª—é—á–µ–Ω
L 06/13/2011 - 10:07:07: [amxbans.amxx] [Amxbans] –ó–∞–ø—Ä–æ—Å –ø—Ä–æ–≤–∞–ª–µ–Ω!
L 06/13/2011 - 10:07:07: [amxbans.amxx] [Amxbans] –û—à–∏–±–∫–∞, –∞–¥—Ä–µ—Å: 18
L 06/13/2011 - 10:07:07: [amxbans.amxx] [Amxbans] –°–æ–æ–±—â–µ–Ω–∏–µ: You have an error in your SQL syntax; check the manual that corresponds to your MySQL server version for the right syntax to use near ''amxban' at line 1 (1064)
L 06/13/2011 - 10:07:07: [amxbans.amxx] [Amxbans] –°—Ç–∞—Ç—É—Å –∑–∞–ø—Ä–æ—Å–∞: 
L 06/13/2011 - 10:07:22: [amxbans.amxx] [Amxbans] –ó–∞–ø—Ä–æ—Å –ø—Ä–æ–≤–∞–ª–µ–Ω!
L 06/13/2011 - 10:07:22: [amxbans.amxx] [Amxbans] –û—à–∏–±–∫–∞, –∞–¥—Ä–µ—Å: 18
L 06/13/2011 - 10:07:22: [amxbans.amxx] [Amxbans] –°–æ–æ–±—â–µ–Ω–∏–µ: You have an error in your SQL syntax; check the manual that corresponds to your MySQL server version for the right syntax to use near '' at line 1 (1064)
L 06/13/2011 - 10:07:22: [amxbans.amxx] [Amxbans] –°—Ç–∞—Ç—É—Å –∑–∞–ø—Ä–æ—Å–∞: 
L 06/13/2011 - 10:21:24: [admin_amxbans.amxx] Login: "Euforia<117><STEAM_0:0:1235555515><>" became an admin (account "Euforia") (access "at") (address "188.123.245.19")
L 06/13/2011 - 10:28:14: -------- Mapchange to zm_666_brick --------
L 06/13/2011 - 10:28:15: [admin_amxbans.amxx] Login: "Euforia<117><STEAM_0:0:1235555515><>" became an admin (account "Euforia") (access "at") (address "188.123.245.19")
L 06/13/2011 - 10:28:16: [admin_amxbans.amxx] Login: "Euforia<120><STEAM_0:0:1235555515><>" became an admin (account "Euforia") (access "at") (address "188.123.245.19")
L 06/13/2011 - 10:28:16: [amxbans.amxx] [AMXBANS] AMXBans 5.0 –ø–æ–¥–∫–ª—é—á–µ–Ω
L 06/13/2011 - 10:28:19: [amxbans.amxx] [Amxbans] –ó–∞–ø—Ä–æ—Å –ø—Ä–æ–≤–∞–ª–µ–Ω!
L 06/13/2011 - 10:28:19: [amxbans.amxx] [Amxbans] –û—à–∏–±–∫–∞, –∞–¥—Ä–µ—Å: 18
L 06/13/2011 - 10:28:19: [amxbans.amxx] [Amxbans] –°–æ–æ–±—â–µ–Ω–∏–µ: You have an error in your SQL syntax; check the manual that corresponds to your MySQL server version for the right syntax to use near '' at line 1 (1064)
L 06/13/2011 - 10:28:19: [amxbans.amxx] [Amxbans] –°—Ç–∞—Ç—É—Å –∑–∞–ø—Ä–æ—Å–∞: 
L 06/13/2011 - 10:28:19: [amxbans.amxx] [Amxbans] –ó–∞–ø—Ä–æ—Å –ø—Ä–æ–≤–∞–ª–µ–Ω!
L 06/13/2011 - 10:28:19: [amxbans.amxx] [Amxbans] –û—à–∏–±–∫–∞, –∞–¥—Ä–µ—Å: 18
L 06/13/2011 - 10:28:19: [amxbans.amxx] [Amxbans] –°–æ–æ–±—â–µ–Ω–∏–µ: You have an error in your SQL syntax; check the manual that corresponds to your MySQL server version for the right syntax to use near ''amxban' at line 1 (1064)
L 06/13/2011 - 10:28:19: [amxbans.amxx] [Amxbans] –°—Ç–∞—Ç—É—Å –∑–∞–ø—Ä–æ—Å–∞: 
L 06/13/2011 - 10:28:35: [amxbans.amxx] [Amxbans] –ó–∞–ø—Ä–æ—Å –ø—Ä–æ–≤–∞–ª–µ–Ω!
L 06/13/2011 - 10:28:35: [amxbans.amxx] [Amxbans] –û—à–∏–±–∫–∞, –∞–¥—Ä–µ—Å: 18
L 06/13/2011 - 10:28:35: [amxbans.amxx] [Amxbans] –°–æ–æ–±—â–µ–Ω–∏–µ: You have an error in your SQL syntax; check the manual that corresponds to your MySQL server version for the right syntax to use near ''amxban' at line 1 (1064)
L 06/13/2011 - 10:28:35: [amxbans.amxx] [Amxbans] –°—Ç–∞—Ç—É—Å –∑–∞–ø—Ä–æ—Å–∞: 
L 06/13/2011 - 10:31:53: [amxbans.amxx] [Amxbans] –ó–∞–ø—Ä–æ—Å –ø—Ä–æ–≤–∞–ª–µ–Ω!
L 06/13/2011 - 10:31:53: [amxbans.amxx] [Amxbans] –û—à–∏–±–∫–∞, –∞–¥—Ä–µ—Å: 18
L 06/13/2011 - 10:31:53: [amxbans.amxx] [Amxbans] –°–æ–æ–±—â–µ–Ω–∏–µ: You have an error in your SQL syntax; check the manual that corresponds to your MySQL server version for the right syntax to use near ''amxban' at line 1 (1064)
L 06/13/2011 - 10:31:53: [amxbans.amxx] [Amxbans] –°—Ç–∞—Ç—É—Å –∑–∞–ø—Ä–æ—Å–∞: 
L 06/13/2011 - 10:34:14: [amxbans.amxx] [Amxbans] –ó–∞–ø—Ä–æ—Å –ø—Ä–æ–≤–∞–ª–µ–Ω!
L 06/13/2011 - 10:34:14: [amxbans.amxx] [Amxbans] –û—à–∏–±–∫–∞, –∞–¥—Ä–µ—Å: 18
L 06/13/2011 - 10:34:14: [amxbans.amxx] [Amxbans] –°–æ–æ–±—â–µ–Ω–∏–µ: You have an error in your SQL syntax; check the manual that corresponds to your MySQL server version for the right syntax to use near ''amxban' at line 1 (1064)
L 06/13/2011 - 10:34:14: [amxbans.amxx] [Amxbans] –°—Ç–∞—Ç—É—Å –∑–∞–ø—Ä–æ—Å–∞: 
L 06/13/2011 - 10:48:25: -------- Mapchange to zm_desolation_house --------
L 06/13/2011 - 10:48:28: [amxbans.amxx] [AMXBANS] AMXBans 5.0 –ø–æ–¥–∫–ª—é—á–µ–Ω
L 06/13/2011 - 10:48:30: [amxbans.amxx] [Amxbans] –ó–∞–ø—Ä–æ—Å –ø—Ä–æ–≤–∞–ª–µ–Ω!
L 06/13/2011 - 10:48:30: [amxbans.amxx] [Amxbans] –û—à–∏–±–∫–∞, –∞–¥—Ä–µ—Å: 18
L 06/13/2011 - 10:48:30: [amxbans.amxx] [Amxbans] –°–æ–æ–±—â–µ–Ω–∏–µ: You have an error in your SQL syntax; check the manual that corresponds to your MySQL server version for the right syntax to use near ''amxban' at line 1 (1064)
L 06/13/2011 - 10:48:30: [amxbans.amxx] [Amxbans] –°—Ç–∞—Ç—É—Å –∑–∞–ø—Ä–æ—Å–∞: 
L 06/13/2011 - 11:10:18: -------- Mapchange to zm_xata --------
L 06/13/2011 - 11:10:20: [amxbans.amxx] [AMXBANS] AMXBans 5.0 –ø–æ–¥–∫–ª—é—á–µ–Ω
L 06/13/2011 - 11:10:24: [amxbans.amxx] [Amxbans] –ó–∞–ø—Ä–æ—Å –ø—Ä–æ–≤–∞–ª–µ–Ω!
L 06/13/2011 - 11:10:24: [amxbans.amxx] [Amxbans] –û—à–∏–±–∫–∞, –∞–¥—Ä–µ—Å: 18
L 06/13/2011 - 11:10:24: [amxbans.amxx] [Amxbans] –°–æ–æ–±—â–µ–Ω–∏–µ: You have an error in your SQL syntax; check the manual that corresponds to your MySQL server version for the right syntax to use near ''amxban' at line 1 (1064)
L 06/13/2011 - 11:10:24: [amxbans.amxx] [Amxbans] –°—Ç–∞—Ç—É—Å –∑–∞–ø—Ä–æ—Å–∞: 
L 06/13/2011 - 11:12:02: [amxbans.amxx] [Amxbans] –ó–∞–ø—Ä–æ—Å –ø—Ä–æ–≤–∞–ª–µ–Ω!
L 06/13/2011 - 11:12:02: [amxbans.amxx] [Amxbans] –û—à–∏–±–∫–∞, –∞–¥—Ä–µ—Å: 18
L 06/13/2011 - 11:12:02: [amxbans.amxx] [Amxbans] –°–æ–æ–±—â–µ–Ω–∏–µ: You have an error in your SQL syntax; check the manual that corresponds to your MySQL server version for the right syntax to use near '' at line 1 (1064)
L 06/13/2011 - 11:12:02: [amxbans.amxx] [Amxbans] –°—Ç–∞—Ç—É—Å –∑–∞–ø—Ä–æ—Å–∞: 
L 06/13/2011 - 11:26:26: [admin_amxbans.amxx] Login: "VANDAL<169><STEAM_0:0:31999920><>" became an admin (account "VANDAL") (access "at") (address "91.205.25.41")
L 06/13/2011 - 11:28:30: [admin_amxbans.amxx] Login: "Euforia<171><STEAM_0:0:1235555515><>" became an admin (account "Euforia") (access "at") (address "188.123.245.19")
L 06/13/2011 - 11:30:34: -------- Mapchange to zm_fdust2x2 --------
L 06/13/2011 - 11:30:36: [admin_amxbans.amxx] Login: "VANDAL<169><STEAM_0:0:31999920><>" became an admin (account "VANDAL") (access "at") (address "91.205.25.41")
L 06/13/2011 - 11:30:36: [admin_amxbans.amxx] Login: "Euforia<171><STEAM_0:0:1235555515><>" became an admin (account "Euforia") (access "at") (address "188.123.245.19")
L 06/13/2011 - 11:30:36: [amxbans.amxx] [AMXBANS] AMXBans 5.0 –ø–æ–¥–∫–ª—é—á–µ–Ω
L 06/13/2011 - 11:30:41: [amxbans.amxx] [Amxbans] –ó–∞–ø—Ä–æ—Å –ø—Ä–æ–≤–∞–ª–µ–Ω!
L 06/13/2011 - 11:30:41: [amxbans.amxx] [Amxbans] –û—à–∏–±–∫–∞, –∞–¥—Ä–µ—Å: 18
L 06/13/2011 - 11:30:41: [amxbans.amxx] [Amxbans] –°–æ–æ–±—â–µ–Ω–∏–µ: You have an error in your SQL syntax; check the manual that corresponds to your MySQL server version for the right syntax to use near '' at line 1 (1064)
L 06/13/2011 - 11:30:41: [amxbans.amxx] [Amxbans] –°—Ç–∞—Ç—É—Å –∑–∞–ø—Ä–æ—Å–∞: 
L 06/13/2011 - 11:32:44: [admin_amxbans.amxx] Login: "Euforia<180><STEAM_0:0:1235555515><>" became an admin (account "Euforia") (access "at") (address "188.123.245.19")
L 06/13/2011 - 11:41:26: [amxbans.amxx] [Amxbans] –ó–∞–ø—Ä–æ—Å –ø—Ä–æ–≤–∞–ª–µ–Ω!
L 06/13/2011 - 11:41:26: [amxbans.amxx] [Amxbans] –û—à–∏–±–∫–∞, –∞–¥—Ä–µ—Å: 18
L 06/13/2011 - 11:41:26: [amxbans.amxx] [Amxbans] –°–æ–æ–±—â–µ–Ω–∏–µ: You have an error in your SQL syntax; check the manual that corresponds to your MySQL server version for the right syntax to use near ''amxban' at line 1 (1064)
L 06/13/2011 - 11:41:26: [amxbans.amxx] [Amxbans] –°—Ç–∞—Ç—É—Å –∑–∞–ø—Ä–æ—Å–∞: 
L 06/13/2011 - 11:51:37: -------- Mapchange to zm_303 --------
L 06/13/2011 - 11:51:39: [admin_amxbans.amxx] Login: "VANDAL<169><STEAM_0:0:31999920><>" became an admin (account "VANDAL") (access "at") (address "91.205.25.41")
L 06/13/2011 - 11:51:39: [amxbans.amxx] [AMXBANS] AMXBans 5.0 –ø–æ–¥–∫–ª—é—á–µ–Ω
L 06/13/2011 - 11:51:43: [amxbans.amxx] [Amxbans] –ó–∞–ø—Ä–æ—Å –ø—Ä–æ–≤–∞–ª–µ–Ω!
L 06/13/2011 - 11:51:43: [amxbans.amxx] [Amxbans] –û—à–∏–±–∫–∞, –∞–¥—Ä–µ—Å: 18
L 06/13/2011 - 11:51:43: [amxbans.amxx] [Amxbans] –°–æ–æ–±—â–µ–Ω–∏–µ: You have an error in your SQL syntax; check the manual that corresponds to your MySQL server version for the right syntax to use near ''amxban' at line 1 (1064)
L 06/13/2011 - 11:51:43: [amxbans.amxx] [Amxbans] –°—Ç–∞—Ç—É—Å –∑–∞–ø—Ä–æ—Å–∞: 
L 06/13/2011 - 12:01:16: [admin_amxbans.amxx] Login: "VANDAL<193><STEAM_0:0:31999920><>" became an admin (account "VANDAL") (access "at") (address "91.205.25.41")
L 06/13/2011 - 12:04:30: [admin_amxbans.amxx] Login: "Euforia<195><STEAM_0:0:1235555515><>" became an admin (account "Euforia") (access "at") (address "188.123.245.19")
L 06/13/2011 - 12:12:42: -------- Mapchange to cs_italy --------
L 06/13/2011 - 12:12:45: [admin_amxbans.amxx] Login: "VANDAL<193><STEAM_0:0:31999920><>" became an admin (account "VANDAL") (access "at") (address "91.205.25.41")
L 06/13/2011 - 12:12:46: [amxbans.amxx] [AMXBANS] AMXBans 5.0 –ø–æ–¥–∫–ª—é—á–µ–Ω
L 06/13/2011 - 12:12:52: [amxbans.amxx] [Amxbans] –ó–∞–ø—Ä–æ—Å –ø—Ä–æ–≤–∞–ª–µ–Ω!
L 06/13/2011 - 12:12:52: [amxbans.amxx] [Amxbans] –û—à–∏–±–∫–∞, –∞–¥—Ä–µ—Å: 18
L 06/13/2011 - 12:12:52: [amxbans.amxx] [Amxbans] –°–æ–æ–±—â–µ–Ω–∏–µ: You have an error in your SQL syntax; check the manual that corresponds to your MySQL server version for the right syntax to use near ''amxban' at line 1 (1064)
L 06/13/2011 - 12:12:52: [amxbans.amxx] [Amxbans] –°—Ç–∞—Ç—É—Å –∑–∞–ø—Ä–æ—Å–∞: 
L 06/13/2011 - 12:18:47: [admin_amxbans.amxx] Login: "Euforia<212><STEAM_0:0:1235555515><>" became an admin (account "Euforia") (access "at") (address "188.123.245.19")
L 06/13/2011 - 12:35:24: -------- Mapchange to de_dust --------
L 06/13/2011 - 12:35:27: [admin_amxbans.amxx] Login: "Euforia<212><STEAM_0:0:1235555515><>" became an admin (account "Euforia") (access "at") (address "188.123.245.19")
L 06/13/2011 - 12:35:28: [admin_amxbans.amxx] Login: "VANDAL<193><STEAM_0:0:31999920><>" became an admin (account "VANDAL") (access "at") (address "91.205.25.41")
L 06/13/2011 - 12:35:28: [amxbans.amxx] [AMXBANS] AMXBans 5.0 –ø–æ–¥–∫–ª—é—á–µ–Ω
L 06/13/2011 - 12:35:34: [amxbans.amxx] [Amxbans] –ó–∞–ø—Ä–æ—Å –ø—Ä–æ–≤–∞–ª–µ–Ω!
L 06/13/2011 - 12:35:34: [amxbans.amxx] [Amxbans] –û—à–∏–±–∫–∞, –∞–¥—Ä–µ—Å: 18
L 06/13/2011 - 12:35:34: [amxbans.amxx] [Amxbans] –°–æ–æ–±—â–µ–Ω–∏–µ: You have an error in your SQL syntax; check the manual that corresponds to your MySQL server version for the right syntax to use near ''amxban' at line 1 (1064)
L 06/13/2011 - 12:35:34: [amxbans.amxx] [Amxbans] –°—Ç–∞—Ç—É—Å –∑–∞–ø—Ä–æ—Å–∞: 
L 06/13/2011 - 12:40:26: [admin_amxbans.amxx] Login: ".::T9o::.<219><STEAM_0:0:1836044300><>" became an admin (account ".::T9o::.") (access "abcdefgijmopqtu") (address "78.37.218.37")
L 06/13/2011 - 12:42:31: [admin_amxbans.amxx] Login: ".::T9o::.<220><STEAM_0:0:1836044300><>" became an admin (account ".::T9o::.") (access "abcdefgijmopqtu") (address "78.37.218.37")
L 06/13/2011 - 12:50:48: [admin_amxbans.amxx] Login: "Euforia<227><STEAM_0:0:1235555515><>" became an admin (account "Euforia") (access "at") (address "188.123.245.19")
L 06/13/2011 - 12:55:27: -------- Mapchange to zm_neris --------
L 06/13/2011 - 12:55:29: [admin_amxbans.amxx] Login: ".::T9o::.<220><STEAM_0:0:1836044300><>" became an admin (account ".::T9o::.") (access "abcdefgijmopqtu") (address "78.37.218.37")
L 06/13/2011 - 12:55:29: [admin_amxbans.amxx] Login: "Euforia<227><STEAM_0:0:1235555515><>" became an admin (account "Euforia") (access "at") (address "188.123.245.19")
L 06/13/2011 - 12:55:29: [admin_amxbans.amxx] Login: "VANDAL<193><STEAM_0:0:31999920><>" became an admin (account "VANDAL") (access "at") (address "91.205.25.41")
L 06/13/2011 - 12:55:30: [amxbans.amxx] [AMXBANS] AMXBans 5.0 –ø–æ–¥–∫–ª—é—á–µ–Ω
L 06/13/2011 - 12:55:33: [amxbans.amxx] [Amxbans] –ó–∞–ø—Ä–æ—Å –ø—Ä–æ–≤–∞–ª–µ–Ω!
L 06/13/2011 - 12:55:33: [amxbans.amxx] [Amxbans] –û—à–∏–±–∫–∞, –∞–¥—Ä–µ—Å: 18
L 06/13/2011 - 12:55:33: [amxbans.amxx] [Amxbans] –°–æ–æ–±—â–µ–Ω–∏–µ: You have an error in your SQL syntax; check the manual that corresponds to your MySQL server version for the right syntax to use near ''amxban' at line 1 (1064)
L 06/13/2011 - 12:55:33: [amxbans.amxx] [Amxbans] –°—Ç–∞—Ç—É—Å –∑–∞–ø—Ä–æ—Å–∞: 
L 06/13/2011 - 13:18:06: -------- Mapchange to cs_militia --------
L 06/13/2011 - 13:18:16: [admin_amxbans.amxx] Login: "Euforia<227><STEAM_0:0:1235555515><>" became an admin (account "Euforia") (access "at") (address "188.123.245.19")
L 06/13/2011 - 13:18:16: [admin_amxbans.amxx] Login: ".::T9o::.<220><STEAM_0:0:1836044300><>" became an admin (account ".::T9o::.") (access "abcdefgijmopqtu") (address "78.37.218.37")
L 06/13/2011 - 13:18:17: [amxbans.amxx] [AMXBANS] AMXBans 5.0 –ø–æ–¥–∫–ª—é—á–µ–Ω
L 06/13/2011 - 13:30:26: -------- Mapchange to zm_army --------
L 06/13/2011 - 13:30:27: [admin_amxbans.amxx] Login: ".::T9o::.<220><STEAM_0:0:1836044300><>" became an admin (account ".::T9o::.") (access "abcdefgijmopqtu") (address "78.37.218.37")
L 06/13/2011 - 13:30:28: [amxbans.amxx] [AMXBANS] AMXBans 5.0 –ø–æ–¥–∫–ª—é—á–µ–Ω
L 06/13/2011 - 13:37:11: [admin_amxbans.amxx] Login: ".::T9o::.<272><STEAM_0:0:1836044300><>" became an admin (account ".::T9o::.") (access "abcdefgijmopqtu") (address "78.37.218.37")
L 06/13/2011 - 13:52:10: -------- Mapchange to zm_666_brick --------
L 06/13/2011 - 13:52:11: [admin_amxbans.amxx] Login: ".::T9o::.<272><STEAM_0:0:1836044300><>" became an admin (account ".::T9o::.") (access "abcdefgijmopqtu") (address "78.37.218.37")
L 06/13/2011 - 13:52:12: [amxbans.amxx] [AMXBANS] AMXBans 5.0 –ø–æ–¥–∫–ª—é—á–µ–Ω
L 06/13/2011 - 13:56:46: [plmenu.amxx] Cmd: ".::T9o::.<272><STEAM_0:0:1836044300><>" transfer ".::T9o::.<272><STEAM_0:0:1836044300><>" (team "TERRORIST")
L 06/13/2011 - 13:57:07: [plmenu.amxx] Cmd: ".::T9o::.<272><STEAM_0:0:1836044300><>" slap with 0 damage "6ape6yx<286><STEAM_0:0:1627742772><>"
L 06/13/2011 - 13:57:07: [plmenu.amxx] Cmd: ".::T9o::.<272><STEAM_0:0:1836044300><>" slap with 0 damage "6ape6yx<286><STEAM_0:0:1627742772><>"
L 06/13/2011 - 13:57:08: [plmenu.amxx] Cmd: ".::T9o::.<272><STEAM_0:0:1836044300><>" slap with 0 damage "6ape6yx<286><STEAM_0:0:1627742772><>"
L 06/13/2011 - 13:57:08: [plmenu.amxx] Cmd: ".::T9o::.<272><STEAM_0:0:1836044300><>" slap with 0 damage "6ape6yx<286><STEAM_0:0:1627742772><>"
L 06/13/2011 - 13:57:08: [plmenu.amxx] Cmd: ".::T9o::.<272><STEAM_0:0:1836044300><>" slap with 0 damage "6ape6yx<286><STEAM_0:0:1627742772><>"
L 06/13/2011 - 13:57:08: [plmenu.amxx] Cmd: ".::T9o::.<272><STEAM_0:0:1836044300><>" slap with 0 damage "6ape6yx<286><STEAM_0:0:1627742772><>"
L 06/13/2011 - 13:57:08: [plmenu.amxx] Cmd: ".::T9o::.<272><STEAM_0:0:1836044300><>" slap with 0 damage "6ape6yx<286><STEAM_0:0:1627742772><>"
L 06/13/2011 - 13:57:08: [plmenu.amxx] Cmd: ".::T9o::.<272><STEAM_0:0:1836044300><>" slap with 0 damage "6ape6yx<286><STEAM_0:0:1627742772><>"
L 06/13/2011 - 13:57:08: [plmenu.amxx] Cmd: ".::T9o::.<272><STEAM_0:0:1836044300><>" slap with 0 damage "6ape6yx<286><STEAM_0:0:1627742772><>"
L 06/13/2011 - 13:57:08: [plmenu.amxx] Cmd: ".::T9o::.<272><STEAM_0:0:1836044300><>" slap with 0 damage "6ape6yx<286><STEAM_0:0:1627742772><>"
L 06/13/2011 - 13:57:09: [plmenu.amxx] Cmd: ".::T9o::.<272><STEAM_0:0:1836044300><>" slap with 0 damage "6ape6yx<286><STEAM_0:0:1627742772><>"
L 06/13/2011 - 13:57:09: [plmenu.amxx] Cmd: ".::T9o::.<272><STEAM_0:0:1836044300><>" slap with 0 damage "6ape6yx<286><STEAM_0:0:1627742772><>"
L 06/13/2011 - 13:57:09: [plmenu.amxx] Cmd: ".::T9o::.<272><STEAM_0:0:1836044300><>" slap with 0 damage "6ape6yx<286><STEAM_0:0:1627742772><>"
L 06/13/2011 - 13:57:09: [plmenu.amxx] Cmd: ".::T9o::.<272><STEAM_0:0:1836044300><>" slap with 0 damage "6ape6yx<286><STEAM_0:0:1627742772><>"
L 06/13/2011 - 13:57:09: [plmenu.amxx] Cmd: ".::T9o::.<272><STEAM_0:0:1836044300><>" slap with 0 damage "6ape6yx<286><STEAM_0:0:1627742772><>"
L 06/13/2011 - 13:57:09: [plmenu.amxx] Cmd: ".::T9o::.<272><STEAM_0:0:1836044300><>" slap with 0 damage "6ape6yx<286><STEAM_0:0:1627742772><>"
L 06/13/2011 - 13:57:09: [plmenu.amxx] Cmd: ".::T9o::.<272><STEAM_0:0:1836044300><>" slap with 0 damage "6ape6yx<286><STEAM_0:0:1627742772><>"
L 06/13/2011 - 13:57:09: [plmenu.amxx] Cmd: ".::T9o::.<272><STEAM_0:0:1836044300><>" slap with 0 damage "6ape6yx<286><STEAM_0:0:1627742772><>"
L 06/13/2011 - 13:57:10: [plmenu.amxx] Cmd: ".::T9o::.<272><STEAM_0:0:1836044300><>" slap with 0 damage "6ape6yx<286><STEAM_0:0:1627742772><>"
L 06/13/2011 - 13:57:10: [plmenu.amxx] Cmd: ".::T9o::.<272><STEAM_0:0:1836044300><>" slap with 0 damage "6ape6yx<286><STEAM_0:0:1627742772><>"
L 06/13/2011 - 13:57:11: [plmenu.amxx] Cmd: ".::T9o::.<272><STEAM_0:0:1836044300><>" slap with 0 damage "6ape6yx<286><STEAM_0:0:1627742772><>"
L 06/13/2011 - 13:57:11: [plmenu.amxx] Cmd: ".::T9o::.<272><STEAM_0:0:1836044300><>" slap with 0 damage "6ape6yx<286><STEAM_0:0:1627742772><>"
L 06/13/2011 - 13:57:11: [plmenu.amxx] Cmd: ".::T9o::.<272><STEAM_0:0:1836044300><>" slap with 0 damage "6ape6yx<286><STEAM_0:0:1627742772><>"
L 06/13/2011 - 13:57:11: [plmenu.amxx] Cmd: ".::T9o::.<272><STEAM_0:0:1836044300><>" slap with 0 damage "6ape6yx<286><STEAM_0:0:1627742772><>"
L 06/13/2011 - 13:57:12: [plmenu.amxx] Cmd: ".::T9o::.<272><STEAM_0:0:1836044300><>" slap with 0 damage "6ape6yx<286><STEAM_0:0:1627742772><>"
L 06/13/2011 - 13:57:12: [plmenu.amxx] Cmd: ".::T9o::.<272><STEAM_0:0:1836044300><>" slap with 0 damage "6ape6yx<286><STEAM_0:0:1627742772><>"
L 06/13/2011 - 13:57:12: [plmenu.amxx] Cmd: ".::T9o::.<272><STEAM_0:0:1836044300><>" slap with 0 damage "6ape6yx<286><STEAM_0:0:1627742772><>"
L 06/13/2011 - 13:57:12: [plmenu.amxx] Cmd: ".::T9o::.<272><STEAM_0:0:1836044300><>" slap with 0 damage "6ape6yx<286><STEAM_0:0:1627742772><>"
L 06/13/2011 - 13:57:12: [plmenu.amxx] Cmd: ".::T9o::.<272><STEAM_0:0:1836044300><>" slap with 0 damage "6ape6yx<286><STEAM_0:0:1627742772><>"
L 06/13/2011 - 13:57:12: [plmenu.amxx] Cmd: ".::T9o::.<272><STEAM_0:0:1836044300><>" slap with 0 damage "6ape6yx<286><STEAM_0:0:1627742772><>"
L 06/13/2011 - 13:57:12: [plmenu.amxx] Cmd: ".::T9o::.<272><STEAM_0:0:1836044300><>" slap with 0 damage "6ape6yx<286><STEAM_0:0:1627742772><>"
L 06/13/2011 - 13:57:12: [plmenu.amxx] Cmd: ".::T9o::.<272><STEAM_0:0:1836044300><>" slap with 0 damage "6ape6yx<286><STEAM_0:0:1627742772><>"
L 06/13/2011 - 13:57:13: [plmenu.amxx] Cmd: ".::T9o::.<272><STEAM_0:0:1836044300><>" slap with 0 damage "6ape6yx<286><STEAM_0:0:1627742772><>"
L 06/13/2011 - 13:57:13: [plmenu.amxx] Cmd: ".::T9o::.<272><STEAM_0:0:1836044300><>" slap with 0 damage "6ape6yx<286><STEAM_0:0:1627742772><>"
L 06/13/2011 - 13:57:13: [plmenu.amxx] Cmd: ".::T9o::.<272><STEAM_0:0:1836044300><>" slap with 0 damage "6ape6yx<286><STEAM_0:0:1627742772><>"
L 06/13/2011 - 13:57:13: [plmenu.amxx] Cmd: ".::T9o::.<272><STEAM_0:0:1836044300><>" slap with 0 damage "6ape6yx<286><STEAM_0:0:1627742772><>"
L 06/13/2011 - 13:57:13: [plmenu.amxx] Cmd: ".::T9o::.<272><STEAM_0:0:1836044300><>" slap with 0 damage "6ape6yx<286><STEAM_0:0:1627742772><>"
L 06/13/2011 - 14:00:02: [amxbans.amxx] .::T9o::.<272><STEAM_0:0:1836044300><CT> –∑–∞–±–∞–Ω–∏–ª MadDog<STEAM_0:1:36612729> –Ω–∞ 15 –º–∏–Ω—É—Ç (15 –º–∏–Ω—É—Ç). –ü—Ä–∏—á–∏–Ω–∞: PEKOHHET4uK.
L 06/13/2011 - 14:04:40: [plmenu.amxx] Cmd: ".::T9o::.<272><STEAM_0:0:1836044300><>" slap with 0 damage "6ape6yx<286><STEAM_0:0:1627742772><>"
L 06/13/2011 - 14:04:40: [plmenu.amxx] Cmd: ".::T9o::.<272><STEAM_0:0:1836044300><>" slap with 0 damage "6ape6yx<286><STEAM_0:0:1627742772><>"
L 06/13/2011 - 14:04:41: [plmenu.amxx] Cmd: ".::T9o::.<272><STEAM_0:0:1836044300><>" slap with 0 damage "6ape6yx<286><STEAM_0:0:1627742772><>"
L 06/13/2011 - 14:04:41: [plmenu.amxx] Cmd: ".::T9o::.<272><STEAM_0:0:1836044300><>" slap with 0 damage "6ape6yx<286><STEAM_0:0:1627742772><>"
L 06/13/2011 - 14:04:41: [plmenu.amxx] Cmd: ".::T9o::.<272><STEAM_0:0:1836044300><>" slap with 0 damage "6ape6yx<286><STEAM_0:0:1627742772><>"
L 06/13/2011 - 14:04:48: [plmenu.amxx] Cmd: ".::T9o::.<272><STEAM_0:0:1836044300><>" slap with 0 damage "AK-47 LIHANOV<289><STEAM_0:0:1897763974><>"
L 06/13/2011 - 14:04:48: [plmenu.amxx] Cmd: ".::T9o::.<272><STEAM_0:0:1836044300><>" slap with 0 damage "AK-47 LIHANOV<289><STEAM_0:0:1897763974><>"
L 06/13/2011 - 14:04:48: [plmenu.amxx] Cmd: ".::T9o::.<272><STEAM_0:0:1836044300><>" slap with 0 damage "AK-47 LIHANOV<289><STEAM_0:0:1897763974><>"
L 06/13/2011 - 14:04:48: [plmenu.amxx] Cmd: ".::T9o::.<272><STEAM_0:0:1836044300><>" slap with 0 damage "AK-47 LIHANOV<289><STEAM_0:0:1897763974><>"
L 06/13/2011 - 14:04:49: [plmenu.amxx] Cmd: ".::T9o::.<272><STEAM_0:0:1836044300><>" slap with 0 damage "AK-47 LIHANOV<289><STEAM_0:0:1897763974><>"
L 06/13/2011 - 14:09:13: [plmenu.amxx] Cmd: ".::T9o::.<272><STEAM_0:0:1836044300><>" slap with 0 damage "6ape6yx<286><STEAM_0:0:1627742772><>"
L 06/13/2011 - 14:09:14: [plmenu.amxx] Cmd: ".::T9o::.<272><STEAM_0:0:1836044300><>" slap with 0 damage "6ape6yx<286><STEAM_0:0:1627742772><>"
L 06/13/2011 - 14:09:14: [plmenu.amxx] Cmd: ".::T9o::.<272><STEAM_0:0:1836044300><>" slap with 0 damage "6ape6yx<286><STEAM_0:0:1627742772><>"
L 06/13/2011 - 14:09:14: [plmenu.amxx] Cmd: ".::T9o::.<272><STEAM_0:0:1836044300><>" slap with 0 damage "6ape6yx<286><STEAM_0:0:1627742772><>"
L 06/13/2011 - 14:09:14: [plmenu.amxx] Cmd: ".::T9o::.<272><STEAM_0:0:1836044300><>" slap with 0 damage "6ape6yx<286><STEAM_0:0:1627742772><>"
L 06/13/2011 - 14:09:14: [plmenu.amxx] Cmd: ".::T9o::.<272><STEAM_0:0:1836044300><>" slap with 0 damage "6ape6yx<286><STEAM_0:0:1627742772><>"
L 06/13/2011 - 14:09:14: [plmenu.amxx] Cmd: ".::T9o::.<272><STEAM_0:0:1836044300><>" slap with 0 damage "6ape6yx<286><STEAM_0:0:1627742772><>"
L 06/13/2011 - 14:09:14: [plmenu.amxx] Cmd: ".::T9o::.<272><STEAM_0:0:1836044300><>" slap with 0 damage "6ape6yx<286><STEAM_0:0:1627742772><>"
L 06/13/2011 - 14:09:15: [plmenu.amxx] Cmd: ".::T9o::.<272><STEAM_0:0:1836044300><>" slap with 0 damage "6ape6yx<286><STEAM_0:0:1627742772><>"
L 06/13/2011 - 14:09:15: [plmenu.amxx] Cmd: ".::T9o::.<272><STEAM_0:0:1836044300><>" slap with 0 damage "6ape6yx<286><STEAM_0:0:1627742772><>"
L 06/13/2011 - 14:12:30: -------- Mapchange to zm_assault_snow --------
L 06/13/2011 - 14:12:32: [admin_amxbans.amxx] Login: ".::T9o::.<272><STEAM_0:0:1836044300><>" became an admin (account ".::T9o::.") (access "abcdefgijmopqtu") (address "78.37.218.37")
L 06/13/2011 - 14:12:33: [amxbans.amxx] [AMXBANS] AMXBans 5.0 –ø–æ–¥–∫–ª—é—á–µ–Ω
L 06/13/2011 - 14:14:02: [amxbans.amxx] [Amxbans] –ó–∞–ø—Ä–æ—Å –ø—Ä–æ–≤–∞–ª–µ–Ω!
L 06/13/2011 - 14:14:02: [amxbans.amxx] [Amxbans] –û—à–∏–±–∫–∞, –∞–¥—Ä–µ—Å: 18
L 06/13/2011 - 14:14:02: [amxbans.amxx] [Amxbans] –°–æ–æ–±—â–µ–Ω–∏–µ: You have an error in your SQL syntax; check the manual that corresponds to your MySQL server version for the right syntax to use near '' at line 1 (1064)
L 06/13/2011 - 14:14:02: [amxbans.amxx] [Amxbans] –°—Ç–∞—Ç—É—Å –∑–∞–ø—Ä–æ—Å–∞: 
L 06/13/2011 - 14:14:03: [plmenu.amxx] Cmd: ".::T9o::.<272><STEAM_0:0:1836044300><>" slay "AK-47 LIHANOV<289><STEAM_0:0:1897763974><>"
L 06/13/2011 - 14:14:31: [plmenu.amxx] Cmd: ".::T9o::.<272><STEAM_0:0:1836044300><>" transfer ".::T9o::.<272><STEAM_0:0:1836044300><>" (team "TERRORIST")
L 06/13/2011 - 14:20:07: [adminchat.amxx] Chat: "MadDog<318><STEAM_0:1:36612729><>" chat "T9o"
L 06/13/2011 - 14:23:29: [adminchat.amxx] Chat: "MadDog<318><STEAM_0:1:36612729><>" chat "9 He MaTepuJIc9"
L 06/13/2011 - 14:30:22: [admin_amxbans.amxx] Login: "Ipse [Str,RUS]<328><STEAM_0:4:104097267><>" became an admin (account "Ipse [Str,RUS]") (access "at") (address "94.41.52.165")
L 06/13/2011 - 14:34:36: -------- Mapchange to zm_desolation_house --------
L 06/13/2011 - 14:34:37: [admin_amxbans.amxx] Login: ".::T9o::.<272><STEAM_0:0:1836044300><>" became an admin (account ".::T9o::.") (access "abcdefgijmopqtu") (address "78.37.218.37")
L 06/13/2011 - 14:34:37: [admin_amxbans.amxx] Login: "Ipse [Str,RUS]<328><STEAM_0:4:104097267><>" became an admin (account "Ipse [Str,RUS]") (access "at") (address "94.41.52.165")
L 06/13/2011 - 14:34:38: [amxbans.amxx] [AMXBANS] AMXBans 5.0 –ø–æ–¥–∫–ª—é—á–µ–Ω
L 06/13/2011 - 14:34:44: [amxbans.amxx] [Amxbans] –ó–∞–ø—Ä–æ—Å –ø—Ä–æ–≤–∞–ª–µ–Ω!
L 06/13/2011 - 14:34:44: [amxbans.amxx] [Amxbans] –û—à–∏–±–∫–∞, –∞–¥—Ä–µ—Å: 18
L 06/13/2011 - 14:34:44: [amxbans.amxx] [Amxbans] –°–æ–æ–±—â–µ–Ω–∏–µ: You have an error in your SQL syntax; check the manual that corresponds to your MySQL server version for the right syntax to use near '' at line 1 (1064)
L 06/13/2011 - 14:34:44: [amxbans.amxx] [Amxbans] –°—Ç–∞—Ç—É—Å –∑–∞–ø—Ä–æ—Å–∞: 
L 06/13/2011 - 14:34:44: [amxbans.amxx] [Amxbans] –ó–∞–ø—Ä–æ—Å –ø—Ä–æ–≤–∞–ª–µ–Ω!
L 06/13/2011 - 14:34:44: [amxbans.amxx] [Amxbans] –û—à–∏–±–∫–∞, –∞–¥—Ä–µ—Å: 18
L 06/13/2011 - 14:34:44: [amxbans.amxx] [Amxbans] –°–æ–æ–±—â–µ–Ω–∏–µ: You have an error in your SQL syntax; check the manual that corresponds to your MySQL server version for the right syntax to use near '' at line 1 (1064)
L 06/13/2011 - 14:34:44: [amxbans.amxx] [Amxbans] –°—Ç–∞—Ç—É—Å –∑–∞–ø—Ä–æ—Å–∞: 
L 06/13/2011 - 14:36:58: [admin_amxbans.amxx] Login: "Euforia<352><STEAM_0:0:1235555515><>" became an admin (account "Euforia") (access "at") (address "188.123.245.19")
L 06/13/2011 - 14:56:24: -------- Mapchange to zm_303 --------
L 06/13/2011 - 14:56:25: [admin_amxbans.amxx] Login: ".::T9o::.<272><STEAM_0:0:1836044300><>" became an admin (account ".::T9o::.") (access "abcdefgijmopqtu") (address "78.37.218.37")
L 06/13/2011 - 14:56:25: [admin_amxbans.amxx] Login: "Ipse [Str,RUS]<328><STEAM_0:4:104097267><>" became an admin (account "Ipse [Str,RUS]") (access "at") (address "94.41.52.165")
L 06/13/2011 - 14:56:25: [admin_amxbans.amxx] Login: "Euforia<352><STEAM_0:0:1235555515><>" became an admin (account "Euforia") (access "at") (address "188.123.245.19")
L 06/13/2011 - 14:56:26: [amxbans.amxx] [AMXBANS] AMXBans 5.0 –ø–æ–¥–∫–ª—é—á–µ–Ω
L 06/13/2011 - 14:56:31: [amxbans.amxx] [Amxbans] –ó–∞–ø—Ä–æ—Å –ø—Ä–æ–≤–∞–ª–µ–Ω!
L 06/13/2011 - 14:56:31: [amxbans.amxx] [Amxbans] –û—à–∏–±–∫–∞, –∞–¥—Ä–µ—Å: 18
L 06/13/2011 - 14:56:31: [amxbans.amxx] [Amxbans] –°–æ–æ–±—â–µ–Ω–∏–µ: You have an error in your SQL syntax; check the manual that corresponds to your MySQL server version for the right syntax to use near '' at line 1 (1064)
L 06/13/2011 - 14:56:31: [amxbans.amxx] [Amxbans] –°—Ç–∞—Ç—É—Å –∑–∞–ø—Ä–æ—Å–∞: 
L 06/13/2011 - 15:05:04: [adminchat.amxx] Chat: ".::T9o::.<272><STEAM_0:0:1836044300><>" tsay "bIK)"
L 06/13/2011 - 15:05:26: [adminchat.amxx] Chat: ".::T9o::.<272><STEAM_0:0:1836044300><>" tsay "6/\uH 9 u B 4AT HE MOry HAnuCATb)"
L 06/13/2011 - 15:07:51: [plmenu.amxx] Cmd: ".::T9o::.<272><STEAM_0:0:1836044300><>" slay "8) = X) yMHuk<362><STEAM_0:0:555347714><>"
L 06/13/2011 - 15:10:09: [admin_amxbans.amxx] Login: "Euforia<389><STEAM_0:0:1235555515><>" became an admin (account "Euforia") (access "at") (address "188.123.245.19")
L 06/13/2011 - 15:13:54: [admin_amxbans.amxx] Login: "~Helena~<392><STEAM_0:4:1057017706><>" became an admin (account "~Helena~") (access "at") (address "109.124.93.215")
L 06/13/2011 - 15:15:31: [adminchat.amxx] Chat: ".::T9o::.<272><STEAM_0:0:1836044300><>" chat " bITb"
L 06/13/2011 - 15:17:40: -------- Mapchange to zm_fdust2x2 --------
L 06/13/2011 - 15:17:41: [admin_amxbans.amxx] Login: ".::T9o::.<272><STEAM_0:0:1836044300><>" became an admin (account ".::T9o::.") (access "abcdefgijmopqtu") (address "78.37.218.37")
L 06/13/2011 - 15:17:41: [admin_amxbans.amxx] Login: "Euforia<389><STEAM_0:0:1235555515><>" became an admin (account "Euforia") (access "at") (address "188.123.245.19")
L 06/13/2011 - 15:17:41: [admin_amxbans.amxx] Login: "Ipse [Str,RUS]<328><STEAM_0:4:104097267><>" became an admin (account "Ipse [Str,RUS]") (access "at") (address "94.41.52.165")
L 06/13/2011 - 15:17:42: [amxbans.amxx] [AMXBANS] AMXBans 5.0 –ø–æ–¥–∫–ª—é—á–µ–Ω
L 06/13/2011 - 15:26:55: [voteban.amxx] –í–æ—Ç–µ–±–∞–Ω –∑–∞–ø—É—Å—Ç–∏–ª Euforia –ø—Ä–æ—Ç–∏–≤ ak-47 STEAM_0:0:1696049848
L 06/13/2011 - 15:27:10: [voteban.amxx] [AMXX] The vote succeeded: STEAM_0:0:1696049848 is banned for 60 minutes
L 06/13/2011 - 15:27:11: [amxbans.amxx]  –ó–æ–º–±–∏ —Å–µ—Ä–≤–µ—Ä (x_x(O_o)x_x) Go Zombie !!!<0><><> –∑–∞–±–∞–Ω–∏–ª ak-47<STEAM_0:0:1696049848> –Ω–∞ 1 —á–∞—Å (60 –º–∏–Ω—É—Ç). –ü—Ä–∏—á–∏–Ω–∞: VIP->Euforia.
L 06/13/2011 - 15:39:07: -------- Mapchange to cs_italy --------
L 06/13/2011 - 15:39:10: [amxbans.amxx] [AMXBANS] AMXBans 5.0 –ø–æ–¥–∫–ª—é—á–µ–Ω
L 06/13/2011 - 15:43:18: [admin_amxbans.amxx] Login: "Euforia<418><STEAM_0:0:1235555515><>" became an admin (account "Euforia") (access "at") (address "188.123.245.19")
L 06/13/2011 - 15:59:10: -------- Mapchange to zm_dwarf --------
L 06/13/2011 - 15:59:12: [amxbans.amxx] [AMXBANS] AMXBans 5.0 –ø–æ–¥–∫–ª—é—á–µ–Ω
L 06/13/2011 - 16:05:23: [admin_amxbans.amxx] Login: "Euforia<443><STEAM_0:0:1235555515><>" became an admin (account "Euforia") (access "at") (address "188.123.245.19")
L 06/13/2011 - 16:19:34: -------- Mapchange to zm_dust_brick_b1 --------
L 06/13/2011 - 16:19:36: [admin_amxbans.amxx] Login: "Euforia<443><STEAM_0:0:1235555515><>" became an admin (account "Euforia") (access "at") (address "188.123.245.19")
L 06/13/2011 - 16:19:36: [amxbans.amxx] [AMXBANS] AMXBans 5.0 –ø–æ–¥–∫–ª—é—á–µ–Ω
L 06/13/2011 - 16:27:19: [voteban.amxx] –í–æ—Ç–µ–±–∞–Ω –∑–∞–ø—É—Å—Ç–∏–ª Euforia –ø—Ä–æ—Ç–∏–≤ 8) = X) yMHuk STEAM_0:0:555347714
L 06/13/2011 - 16:27:34: [voteban.amxx] [AMXX] The vote succeeded: STEAM_0:0:555347714 is banned for 60 minutes
L 06/13/2011 - 16:27:35: [amxbans.amxx]  –ó–æ–º–±–∏ —Å–µ—Ä–≤–µ—Ä (x_x(O_o)x_x) Go Zombie !!!<0><><> –∑–∞–±–∞–Ω–∏–ª 8) = X) yMHuk<STEAM_0:0:555347714> –Ω–∞ 1 —á–∞—Å (60 –º–∏–Ω—É—Ç). –ü—Ä–∏—á–∏–Ω–∞: VIP->Euforia.
L 06/13/2011 - 16:32:03: [amxbans.amxx] [Amxbans] –ó–∞–ø—Ä–æ—Å –ø—Ä–æ–≤–∞–ª–µ–Ω!
L 06/13/2011 - 16:32:03: [amxbans.amxx] [Amxbans] –û—à–∏–±–∫–∞, –∞–¥—Ä–µ—Å: 18
L 06/13/2011 - 16:32:03: [amxbans.amxx] [Amxbans] –°–æ–æ–±—â–µ–Ω–∏–µ: You have an error in your SQL syntax; check the manual that corresponds to your MySQL server version for the right syntax to use near ''am' at line 1 (1064)
L 06/13/2011 - 16:32:03: [amxbans.amxx] [Amxbans] –°—Ç–∞—Ç—É—Å –∑–∞–ø—Ä–æ—Å–∞: 
L 06/13/2011 - 16:38:01: [admin_amxbans.amxx] Login: "Euforia<510><STEAM_0:0:1235555515><>" became an admin (account "Euforia") (access "at") (address "188.123.245.19")
L 06/13/2011 - 16:40:26: -------- Mapchange to zm_xata --------
L 06/13/2011 - 16:40:27: [admin_amxbans.amxx] Login: "Euforia<510><STEAM_0:0:1235555515><>" became an admin (account "Euforia") (access "at") (address "188.123.245.19")
L 06/13/2011 - 16:40:27: [amxbans.amxx] [AMXBANS] AMXBans 5.0 –ø–æ–¥–∫–ª—é—á–µ–Ω
L 06/13/2011 - 16:40:34: [amxbans.amxx] [Amxbans] –ó–∞–ø—Ä–æ—Å –ø—Ä–æ–≤–∞–ª–µ–Ω!
L 06/13/2011 - 16:40:34: [amxbans.amxx] [Amxbans] –û—à–∏–±–∫–∞, –∞–¥—Ä–µ—Å: 18
L 06/13/2011 - 16:40:34: [amxbans.amxx] [Amxbans] –°–æ–æ–±—â–µ–Ω–∏–µ: You have an error in your SQL syntax; check the manual that corresponds to your MySQL server version for the right syntax to use near ''am' at line 1 (1064)
L 06/13/2011 - 16:40:34: [amxbans.amxx] [Amxbans] –°—Ç–∞—Ç—É—Å –∑–∞–ø—Ä–æ—Å–∞: 
L 06/13/2011 - 17:01:11: -------- Mapchange to zm_666_brick --------
L 06/13/2011 - 17:01:13: [amxbans.amxx] [AMXBANS] AMXBans 5.0 –ø–æ–¥–∫–ª—é—á–µ–Ω
L 06/13/2011 - 17:01:18: [amxbans.amxx] [Amxbans] –ó–∞–ø—Ä–æ—Å –ø—Ä–æ–≤–∞–ª–µ–Ω!
L 06/13/2011 - 17:01:18: [amxbans.amxx] [Amxbans] –û—à–∏–±–∫–∞, –∞–¥—Ä–µ—Å: 18
L 06/13/2011 - 17:01:18: [amxbans.amxx] [Amxbans] –°–æ–æ–±—â–µ–Ω–∏–µ: You have an error in your SQL syntax; check the manual that corresponds to your MySQL server version for the right syntax to use near ''am' at line 1 (1064)
L 06/13/2011 - 17:01:18: [amxbans.amxx] [Amxbans] –°—Ç–∞—Ç—É—Å –∑–∞–ø—Ä–æ—Å–∞: 
L 06/13/2011 - 17:05:33: [admin_amxbans.amxx] Login: "Euforia<552><STEAM_0:0:1235555515><>" became an admin (account "Euforia") (access "at") (address "188.123.245.19")
L 06/13/2011 - 17:21:41: -------- Mapchange to zm_assault_snow --------
L 06/13/2011 - 17:21:43: [amxbans.amxx] [AMXBANS] AMXBans 5.0 –ø–æ–¥–∫–ª—é—á–µ–Ω
L 06/13/2011 - 17:21:49: [amxbans.amxx] [Amxbans] –ó–∞–ø—Ä–æ—Å –ø—Ä–æ–≤–∞–ª–µ–Ω!
L 06/13/2011 - 17:21:49: [amxbans.amxx] [Amxbans] –û—à–∏–±–∫–∞, –∞–¥—Ä–µ—Å: 18
L 06/13/2011 - 17:21:49: [amxbans.amxx] [Amxbans] –°–æ–æ–±—â–µ–Ω–∏–µ: You have an error in your SQL syntax; check the manual that corresponds to your MySQL server version for the right syntax to use near ''am' at line 1 (1064)
L 06/13/2011 - 17:21:49: [amxbans.amxx] [Amxbans] –°—Ç–∞—Ç—É—Å –∑–∞–ø—Ä–æ—Å–∞: 
L 06/13/2011 - 17:26:54: [admin_amxbans.amxx] Login: "Ipse [Str,RUS]<583><STEAM_0:4:750142963><>" became an admin (account "Ipse [Str,RUS]") (access "at") (address "95.105.48.240")
L 06/13/2011 - 17:41:41: -------- Mapchange to zm_desolation_house --------
L 06/13/2011 - 17:41:42: [admin_amxbans.amxx] Login: "Ipse [Str,RUS]<583><STEAM_0:4:750142963><>" became an admin (account "Ipse [Str,RUS]") (access "at") (address "95.105.48.240")
L 06/13/2011 - 17:41:43: [amxbans.amxx] [AMXBANS] AMXBans 5.0 –ø–æ–¥–∫–ª—é—á–µ–Ω
L 06/13/2011 - 17:41:49: [amxbans.amxx] [Amxbans] –ó–∞–ø—Ä–æ—Å –ø—Ä–æ–≤–∞–ª–µ–Ω!
L 06/13/2011 - 17:41:49: [amxbans.amxx] [Amxbans] –û—à–∏–±–∫–∞, –∞–¥—Ä–µ—Å: 18
L 06/13/2011 - 17:41:49: [amxbans.amxx] [Amxbans] –°–æ–æ–±—â–µ–Ω–∏–µ: You have an error in your SQL syntax; check the manual that corresponds to your MySQL server version for the right syntax to use near ''am' at line 1 (1064)
L 06/13/2011 - 17:41:49: [amxbans.amxx] [Amxbans] –°—Ç–∞—Ç—É—Å –∑–∞–ø—Ä–æ—Å–∞: 
L 06/13/2011 - 17:41:49: [amxbans.amxx] [Amxbans] –ó–∞–ø—Ä–æ—Å –ø—Ä–æ–≤–∞–ª–µ–Ω!
L 06/13/2011 - 17:41:49: [amxbans.amxx] [Amxbans] –û—à–∏–±–∫–∞, –∞–¥—Ä–µ—Å: 18
L 06/13/2011 - 17:41:49: [amxbans.amxx] [Amxbans] –°–æ–æ–±—â–µ–Ω–∏–µ: You have an error in your SQL syntax; check the manual that corresponds to your MySQL server version for the right syntax to use near ''am' at line 1 (1064)
L 06/13/2011 - 17:41:49: [amxbans.amxx] [Amxbans] –°—Ç–∞—Ç—É—Å –∑–∞–ø—Ä–æ—Å–∞: 
L 06/13/2011 - 17:59:00: [amxbans.amxx] [Amxbans] –ó–∞–ø—Ä–æ—Å –ø—Ä–æ–≤–∞–ª–µ–Ω!
L 06/13/2011 - 17:59:00: [amxbans.amxx] [Amxbans] –û—à–∏–±–∫–∞, –∞–¥—Ä–µ—Å: 18
L 06/13/2011 - 17:59:00: [amxbans.amxx] [Amxbans] –°–æ–æ–±—â–µ–Ω–∏–µ: You have an error in your SQL syntax; check the manual that corresponds to your MySQL server version for the right syntax to use near '' at line 1 (1064)
L 06/13/2011 - 17:59:00: [amxbans.amxx] [Amxbans] –°—Ç–∞—Ç—É—Å –∑–∞–ø—Ä–æ—Å–∞: 
L 06/13/2011 - 18:02:44: -------- Mapchange to zm_army --------
L 06/13/2011 - 18:02:45: [admin_amxbans.amxx] Login: "Ipse [Str,RUS]<583><STEAM_0:4:750142963><>" became an admin (account "Ipse [Str,RUS]") (access "at") (address "95.105.48.240")
L 06/13/2011 - 18:02:46: [amxbans.amxx] [AMXBANS] AMXBans 5.0 –ø–æ–¥–∫–ª—é—á–µ–Ω
L 06/13/2011 - 18:02:52: [amxbans.amxx] [Amxbans] –ó–∞–ø—Ä–æ—Å –ø—Ä–æ–≤–∞–ª–µ–Ω!
L 06/13/2011 - 18:02:52: [amxbans.amxx] [Amxbans] –û—à–∏–±–∫–∞, –∞–¥—Ä–µ—Å: 18
L 06/13/2011 - 18:02:52: [amxbans.amxx] [Amxbans] –°–æ–æ–±—â–µ–Ω–∏–µ: You have an error in your SQL syntax; check the manual that corresponds to your MySQL server version for the right syntax to use near '' at line 1 (1064)
L 06/13/2011 - 18:02:52: [amxbans.amxx] [Amxbans] –°—Ç–∞—Ç—É—Å –∑–∞–ø—Ä–æ—Å–∞: 
L 06/13/2011 - 18:02:53: [amxbans.amxx] [Amxbans] –ó–∞–ø—Ä–æ—Å –ø—Ä–æ–≤–∞–ª–µ–Ω!
L 06/13/2011 - 18:02:53: [amxbans.amxx] [Amxbans] –û—à–∏–±–∫–∞, –∞–¥—Ä–µ—Å: 18
L 06/13/2011 - 18:02:53: [amxbans.amxx] [Amxbans] –°–æ–æ–±—â–µ–Ω–∏–µ: You have an error in your SQL syntax; check the manual that corresponds to your MySQL server version for the right syntax to use near '' at line 1 (1064)
L 06/13/2011 - 18:02:53: [amxbans.amxx] [Amxbans] –°—Ç–∞—Ç—É—Å –∑–∞–ø—Ä–æ—Å–∞: 
L 06/13/2011 - 18:02:54: [amxbans.amxx] [Amxbans] –ó–∞–ø—Ä–æ—Å –ø—Ä–æ–≤–∞–ª–µ–Ω!
L 06/13/2011 - 18:02:54: [amxbans.amxx] [Amxbans] –û—à–∏–±–∫–∞, –∞–¥—Ä–µ—Å: 18
L 06/13/2011 - 18:02:54: [amxbans.amxx] [Amxbans] –°–æ–æ–±—â–µ–Ω–∏–µ: You have an error in your SQL syntax; check the manual that corresponds to your MySQL server version for the right syntax to use near ''amxban' at line 1 (1064)
L 06/13/2011 - 18:02:54: [amxbans.amxx] [Amxbans] –°—Ç–∞—Ç—É—Å –∑–∞–ø—Ä–æ—Å–∞: 
L 06/13/2011 - 18:06:47: [voteban.amxx] –í–æ—Ç–µ–±–∞–Ω –∑–∞–ø—É—Å—Ç–∏–ª Ipse [Str,RUS] –ø—Ä–æ—Ç–∏–≤ MyName STEAM_0:0:567071732
L 06/13/2011 - 18:07:02: [voteban.amxx] [AMXX] The vote succeeded: STEAM_0:0:567071732 is banned for 60 minutes
L 06/13/2011 - 18:07:03: [amxbans.amxx]  –ó–æ–º–±–∏ —Å–µ—Ä–≤–µ—Ä (x_x(O_o)x_x) Go Zombie !!!<0><><> –∑–∞–±–∞–Ω–∏–ª MyName<STEAM_0:0:567071732> –Ω–∞ 1 —á–∞—Å (60 –º–∏–Ω—É—Ç). –ü—Ä–∏—á–∏–Ω–∞: VIP->Ipse [Str,RUS].
L 06/13/2011 - 18:19:11: [amxbans.amxx] [Amxbans] –ó–∞–ø—Ä–æ—Å –ø—Ä–æ–≤–∞–ª–µ–Ω!
L 06/13/2011 - 18:19:11: [amxbans.amxx] [Amxbans] –û—à–∏–±–∫–∞, –∞–¥—Ä–µ—Å: 18
L 06/13/2011 - 18:19:11: [amxbans.amxx] [Amxbans] –°–æ–æ–±—â–µ–Ω–∏–µ: You have an error in your SQL syntax; check the manual that corresponds to your MySQL server version for the right syntax to use near ''am' at line 1 (1064)
L 06/13/2011 - 18:19:11: [amxbans.amxx] [Amxbans] –°—Ç–∞—Ç—É—Å –∑–∞–ø—Ä–æ—Å–∞: 
L 06/13/2011 - 18:23:59: -------- Mapchange to de_dust --------
L 06/13/2011 - 18:24:02: [admin_amxbans.amxx] Login: "Ipse [Str,RUS]<583><STEAM_0:4:750142963><>" became an admin (account "Ipse [Str,RUS]") (access "at") (address "95.105.48.240")
L 06/13/2011 - 18:24:02: [amxbans.amxx] [AMXBANS] AMXBans 5.0 –ø–æ–¥–∫–ª—é—á–µ–Ω
L 06/13/2011 - 18:24:08: [amxbans.amxx] [Amxbans] –ó–∞–ø—Ä–æ—Å –ø—Ä–æ–≤–∞–ª–µ–Ω!
L 06/13/2011 - 18:24:08: [amxbans.amxx] [Amxbans] –û—à–∏–±–∫–∞, –∞–¥—Ä–µ—Å: 18
L 06/13/2011 - 18:24:08: [amxbans.amxx] [Amxbans] –°–æ–æ–±—â–µ–Ω–∏–µ: You have an error in your SQL syntax; check the manual that corresponds to your MySQL server version for the right syntax to use near '' at line 1 (1064)
L 06/13/2011 - 18:24:08: [amxbans.amxx] [Amxbans] –°—Ç–∞—Ç—É—Å –∑–∞–ø—Ä–æ—Å–∞: 
L 06/13/2011 - 18:24:09: [amxbans.amxx] [Amxbans] –ó–∞–ø—Ä–æ—Å –ø—Ä–æ–≤–∞–ª–µ–Ω!
L 06/13/2011 - 18:24:09: [amxbans.amxx] [Amxbans] –û—à–∏–±–∫–∞, –∞–¥—Ä–µ—Å: 18
L 06/13/2011 - 18:24:09: [amxbans.amxx] [Amxbans] –°–æ–æ–±—â–µ–Ω–∏–µ: You have an error in your SQL syntax; check the manual that corresponds to your MySQL server version for the right syntax to use near ''am' at line 1 (1064)
L 06/13/2011 - 18:24:09: [amxbans.amxx] [Amxbans] –°—Ç–∞—Ç—É—Å –∑–∞–ø—Ä–æ—Å–∞: 
L 06/13/2011 - 18:44:36: -------- Mapchange to zm_303 --------
L 06/13/2011 - 18:44:37: [admin_amxbans.amxx] Login: "Ipse [Str,RUS]<583><STEAM_0:4:750142963><>" became an admin (account "Ipse [Str,RUS]") (access "at") (address "95.105.48.240")
L 06/13/2011 - 18:44:38: [amxbans.amxx] [AMXBANS] AMXBans 5.0 –ø–æ–¥–∫–ª—é—á–µ–Ω
L 06/13/2011 - 18:44:45: [amxbans.amxx] [Amxbans] –ó–∞–ø—Ä–æ—Å –ø—Ä–æ–≤–∞–ª–µ–Ω!
L 06/13/2011 - 18:44:45: [amxbans.amxx] [Amxbans] –û—à–∏–±–∫–∞, –∞–¥—Ä–µ—Å: 18
L 06/13/2011 - 18:44:45: [amxbans.amxx] [Amxbans] –°–æ–æ–±—â–µ–Ω–∏–µ: You have an error in your SQL syntax; check the manual that corresponds to your MySQL server version for the right syntax to use near ''am' at line 1 (1064)
L 06/13/2011 - 18:44:45: [amxbans.amxx] [Amxbans] –°—Ç–∞—Ç—É—Å –∑–∞–ø—Ä–æ—Å–∞: 
L 06/13/2011 - 18:48:48: [voteban.amxx] –í–æ—Ç–µ–±–∞–Ω –∑–∞–ø—É—Å—Ç–∏–ª Ipse [Str,RUS] –ø—Ä–æ—Ç–∏–≤ mr.Figof STEAM_0:0:554703027
L 06/13/2011 - 18:49:03: [voteban.amxx] [AMXX] The vote succeeded: STEAM_0:0:554703027 is banned for 60 minutes
L 06/13/2011 - 19:06:22: -------- Mapchange to zm_houses --------
L 06/13/2011 - 19:06:23: [admin_amxbans.amxx] Login: "Ipse [Str,RUS]<583><STEAM_0:4:750142963><>" became an admin (account "Ipse [Str,RUS]") (access "at") (address "95.105.48.240")
L 06/13/2011 - 19:06:24: [amxbans.amxx] [AMXBANS] AMXBans 5.0 –ø–æ–¥–∫–ª—é—á–µ–Ω
L 06/13/2011 - 19:06:31: [amxbans.amxx] [Amxbans] –ó–∞–ø—Ä–æ—Å –ø—Ä–æ–≤–∞–ª–µ–Ω!
L 06/13/2011 - 19:06:31: [amxbans.amxx] [Amxbans] –û—à–∏–±–∫–∞, –∞–¥—Ä–µ—Å: 18
L 06/13/2011 - 19:06:31: [amxbans.amxx] [Amxbans] –°–æ–æ–±—â–µ–Ω–∏–µ: You have an error in your SQL syntax; check the manual that corresponds to your MySQL server version for the right syntax to use near ''am' at line 1 (1064)
L 06/13/2011 - 19:06:31: [amxbans.amxx] [Amxbans] –°—Ç–∞—Ç—É—Å –∑–∞–ø—Ä–æ—Å–∞: 
L 06/13/2011 - 19:28:07: -------- Mapchange to zm_fdust2x2 --------
L 06/13/2011 - 19:28:09: [amxbans.amxx] [AMXBANS] AMXBans 5.0 –ø–æ–¥–∫–ª—é—á–µ–Ω
L 06/13/2011 - 19:40:12: [amxbans.amxx] [Amxbans] –ó–∞–ø—Ä–æ—Å –ø—Ä–æ–≤–∞–ª–µ–Ω!
L 06/13/2011 - 19:40:12: [amxbans.amxx] [Amxbans] –û—à–∏–±–∫–∞, –∞–¥—Ä–µ—Å: 18
L 06/13/2011 - 19:40:12: [amxbans.amxx] [Amxbans] –°–æ–æ–±—â–µ–Ω–∏–µ: You have an error in your SQL syntax; check the manual that corresponds to your MySQL server version for the right syntax to use near ''amxban' at line 1 (1064)
L 06/13/2011 - 19:40:12: [amxbans.amxx] [Amxbans] –°—Ç–∞—Ç—É—Å –∑–∞–ø—Ä–æ—Å–∞: 
L 06/13/2011 - 19:49:55: -------- Mapchange to zm_dust_brick_b1 --------
L 06/13/2011 - 19:49:57: [amxbans.amxx] [AMXBANS] AMXBans 5.0 –ø–æ–¥–∫–ª—é—á–µ–Ω
L 06/13/2011 - 19:50:03: [amxbans.amxx] [Amxbans] –ó–∞–ø—Ä–æ—Å –ø—Ä–æ–≤–∞–ª–µ–Ω!
L 06/13/2011 - 19:50:03: [amxbans.amxx] [Amxbans] –û—à–∏–±–∫–∞, –∞–¥—Ä–µ—Å: 18
L 06/13/2011 - 19:50:03: [amxbans.amxx] [Amxbans] –°–æ–æ–±—â–µ–Ω–∏–µ: You have an error in your SQL syntax; check the manual that corresponds to your MySQL server version for the right syntax to use near ''amxban' at line 1 (1064)
L 06/13/2011 - 19:50:03: [amxbans.amxx] [Amxbans] –°—Ç–∞—Ç—É—Å –∑–∞–ø—Ä–æ—Å–∞: 
L 06/13/2011 - 20:12:30: -------- Mapchange to zm_escapetrain --------
L 06/13/2011 - 20:12:32: [amxbans.amxx] [AMXBANS] AMXBans 5.0 –ø–æ–¥–∫–ª—é—á–µ–Ω
L 06/13/2011 - 20:12:38: [amxbans.amxx] [Amxbans] –ó–∞–ø—Ä–æ—Å –ø—Ä–æ–≤–∞–ª–µ–Ω!
L 06/13/2011 - 20:12:38: [amxbans.amxx] [Amxbans] –û—à–∏–±–∫–∞, –∞–¥—Ä–µ—Å: 18
L 06/13/2011 - 20:12:38: [amxbans.amxx] [Amxbans] –°–æ–æ–±—â–µ–Ω–∏–µ: You have an error in your SQL syntax; check the manual that corresponds to your MySQL server version for the right syntax to use near ''amxban' at line 1 (1064)
L 06/13/2011 - 20:12:38: [amxbans.amxx] [Amxbans] –°—Ç–∞—Ç—É—Å –∑–∞–ø—Ä–æ—Å–∞: 
L 06/13/2011 - 20:20:53: [amxbans.amxx] [Amxbans] –ó–∞–ø—Ä–æ—Å –ø—Ä–æ–≤–∞–ª–µ–Ω!
L 06/13/2011 - 20:20:53: [amxbans.amxx] [Amxbans] –û—à–∏–±–∫–∞, –∞–¥—Ä–µ—Å: 18
L 06/13/2011 - 20:20:53: [amxbans.amxx] [Amxbans] –°–æ–æ–±—â–µ–Ω–∏–µ: You have an error in your SQL syntax; check the manual that corresponds to your MySQL server version for the right syntax to use near ''amxban' at line 1 (1064)
L 06/13/2011 - 20:20:53: [amxbans.amxx] [Amxbans] –°—Ç–∞—Ç—É—Å –∑–∞–ø—Ä–æ—Å–∞: 
L 06/13/2011 - 20:24:04: [amxbans.amxx] [Amxbans] –ó–∞–ø—Ä–æ—Å –ø—Ä–æ–≤–∞–ª–µ–Ω!
L 06/13/2011 - 20:24:04: [amxbans.amxx] [Amxbans] –û—à–∏–±–∫–∞, –∞–¥—Ä–µ—Å: 18
L 06/13/2011 - 20:24:04: [amxbans.amxx] [Amxbans] –°–æ–æ–±—â–µ–Ω–∏–µ: You have an error in your SQL syntax; check the manual that corresponds to your MySQL server version for the right syntax to use near ''amxban' at line 1 (1064)
L 06/13/2011 - 20:24:04: [amxbans.amxx] [Amxbans] –°—Ç–∞—Ç—É—Å –∑–∞–ø—Ä–æ—Å–∞: 
L 06/13/2011 - 20:27:30: -------- Mapchange to zm_dust_base_fin --------
L 06/13/2011 - 20:27:32: [amxbans.amxx] [AMXBANS] AMXBans 5.0 –ø–æ–¥–∫–ª—é—á–µ–Ω
L 06/13/2011 - 20:27:39: [amxbans.amxx] [Amxbans] –ó–∞–ø—Ä–æ—Å –ø—Ä–æ–≤–∞–ª–µ–Ω!
L 06/13/2011 - 20:27:39: [amxbans.amxx] [Amxbans] –û—à–∏–±–∫–∞, –∞–¥—Ä–µ—Å: 18
L 06/13/2011 - 20:27:39: [amxbans.amxx] [Amxbans] –°–æ–æ–±—â–µ–Ω–∏–µ: You have an error in your SQL syntax; check the manual that corresponds to your MySQL server version for the right syntax to use near ''amxban' at line 1 (1064)
L 06/13/2011 - 20:27:39: [amxbans.amxx] [Amxbans] –°—Ç–∞—Ç—É—Å –∑–∞–ø—Ä–æ—Å–∞: 
L 06/13/2011 - 20:27:39: [amxbans.amxx] [Amxbans] –ó–∞–ø—Ä–æ—Å –ø—Ä–æ–≤–∞–ª–µ–Ω!
L 06/13/2011 - 20:27:39: [amxbans.amxx] [Amxbans] –û—à–∏–±–∫–∞, –∞–¥—Ä–µ—Å: 18
L 06/13/2011 - 20:27:39: [amxbans.amxx] [Amxbans] –°–æ–æ–±—â–µ–Ω–∏–µ: You have an error in your SQL syntax; check the manual that corresponds to your MySQL server version for the right syntax to use near ''amxban' at line 1 (1064)
L 06/13/2011 - 20:27:39: [amxbans.amxx] [Amxbans] –°—Ç–∞—Ç—É—Å –∑–∞–ø—Ä–æ—Å–∞: 
L 06/13/2011 - 20:27:46: [amxbans.amxx] [Amxbans] –ó–∞–ø—Ä–æ—Å –ø—Ä–æ–≤–∞–ª–µ–Ω!
L 06/13/2011 - 20:27:46: [amxbans.amxx] [Amxbans] –û—à–∏–±–∫–∞, –∞–¥—Ä–µ—Å: 18
L 06/13/2011 - 20:27:46: [amxbans.amxx] [Amxbans] –°–æ–æ–±—â–µ–Ω–∏–µ: You have an error in your SQL syntax; check the manual that corresponds to your MySQL server version for the right syntax to use near ''amxban' at line 1 (1064)
L 06/13/2011 - 20:27:46: [amxbans.amxx] [Amxbans] –°—Ç–∞—Ç—É—Å –∑–∞–ø—Ä–æ—Å–∞: 
L 06/13/2011 - 20:49:20: -------- Mapchange to cs_italy --------
L 06/13/2011 - 20:49:24: [amxbans.amxx] [AMXBANS] AMXBans 5.0 –ø–æ–¥–∫–ª—é—á–µ–Ω
L 06/13/2011 - 20:49:30: [amxbans.amxx] [Amxbans] –ó–∞–ø—Ä–æ—Å –ø—Ä–æ–≤–∞–ª–µ–Ω!
L 06/13/2011 - 20:49:30: [amxbans.amxx] [Amxbans] –û—à–∏–±–∫–∞, –∞–¥—Ä–µ—Å: 18
L 06/13/2011 - 20:49:30: [amxbans.amxx] [Amxbans] –°–æ–æ–±—â–µ–Ω–∏–µ: You have an error in your SQL syntax; check the manual that corresponds to your MySQL server version for the right syntax to use near ''amxban' at line 1 (1064)
L 06/13/2011 - 20:49:30: [amxbans.amxx] [Amxbans] –°—Ç–∞—Ç—É—Å –∑–∞–ø—Ä–æ—Å–∞: 
L 06/13/2011 - 20:49:31: [amxbans.amxx] [Amxbans] –ó–∞–ø—Ä–æ—Å –ø—Ä–æ–≤–∞–ª–µ–Ω!
L 06/13/2011 - 20:49:31: [amxbans.amxx] [Amxbans] –û—à–∏–±–∫–∞, –∞–¥—Ä–µ—Å: 18
L 06/13/2011 - 20:49:31: [amxbans.amxx] [Amxbans] –°–æ–æ–±—â–µ–Ω–∏–µ: You have an error in your SQL syntax; check the manual that corresponds to your MySQL server version for the right syntax to use near ''amxban' at line 1 (1064)
L 06/13/2011 - 20:49:31: [amxbans.amxx] [Amxbans] –°—Ç–∞—Ç—É—Å –∑–∞–ø—Ä–æ—Å–∞: 
L 06/13/2011 - 20:53:53: [admin_amxbans.amxx] Login: "VANDAL<859><STEAM_0:0:31999920><>" became an admin (account "VANDAL") (access "at") (address "91.205.25.41")
L 06/13/2011 - 20:57:47: [admin_amxbans.amxx] Login: "TaHbko<873><STEAM_0:1:40319687><>" became an admin (account "TaHbko") (access "at") (address "109.191.136.103")
L 06/13/2011 - 21:05:35: [admin_amxbans.amxx] Login: "TaHbko<890><STEAM_0:1:40319687><>" became an admin (account "TaHbko") (access "at") (address "109.191.136.103")
L 06/13/2011 - 21:08:59: [admin_amxbans.amxx] Login: ".::T9o::.<896><STEAM_0:0:1836044300><>" became an admin (account ".::T9o::.") (access "abcdefgijmopqtu") (address "95.55.5.137")
L 06/13/2011 - 21:12:20: -------- Mapchange to zm_666_brick --------
L 06/13/2011 - 21:12:22: [admin_amxbans.amxx] Login: "TaHbko<890><STEAM_0:1:40319687><>" became an admin (account "TaHbko") (access "at") (address "109.191.136.103")
L 06/13/2011 - 21:12:22: [admin_amxbans.amxx] Login: ".::T9o::.<896><STEAM_0:0:1836044300><>" became an admin (account ".::T9o::.") (access "abcdefgijmopqtu") (address "95.55.5.137")
L 06/13/2011 - 21:12:23: [amxbans.amxx] [AMXBANS] AMXBans 5.0 –ø–æ–¥–∫–ª—é—á–µ–Ω
L 06/13/2011 - 21:19:29: -------- Mapchange to 016_rmk --------
L 06/13/2011 - 21:19:31: -------- Mapchange to zm_dwarf --------
L 06/13/2011 - 21:19:34: [amxbans.amxx] [AMXBANS] AMXBans 5.0 –ø–æ–¥–∫–ª—é—á–µ–Ω
L 06/13/2011 - 21:26:37: [admin_amxbans.amxx] Login: ".::T9o::.<142><STEAM_0:0:1836044300><>" became an admin (account ".::T9o::.") (access "abcdefgijmopqtu") (address "95.55.5.137")
L 06/13/2011 - 21:39:57: -------- Mapchange to zm_desolation_house --------
L 06/13/2011 - 21:39:58: [admin_amxbans.amxx] Login: ".::T9o::.<142><STEAM_0:0:1836044300><>" became an admin (account ".::T9o::.") (access "abcdefgijmopqtu") (address "95.55.5.137")
L 06/13/2011 - 21:39:59: [amxbans.amxx] [AMXBANS] AMXBans 5.0 –ø–æ–¥–∫–ª—é—á–µ–Ω
L 06/13/2011 - 22:00:19: -------- Mapchange to zm_army --------
L 06/13/2011 - 22:00:21: [amxbans.amxx] [AMXBANS] AMXBans 5.0 –ø–æ–¥–∫–ª—é—á–µ–Ω
L 06/13/2011 - 22:09:35: [amxbans.amxx] [Amxbans] –ó–∞–ø—Ä–æ—Å –ø—Ä–æ–≤–∞–ª–µ–Ω!
L 06/13/2011 - 22:09:35: [amxbans.amxx] [Amxbans] –û—à–∏–±–∫–∞, –∞–¥—Ä–µ—Å: 18
L 06/13/2011 - 22:09:35: [amxbans.amxx] [Amxbans] –°–æ–æ–±—â–µ–Ω–∏–µ: You have an error in your SQL syntax; check the manual that corresponds to your MySQL server version for the right syntax to use near ''amxbans' at line 1 (1064)
L 06/13/2011 - 22:09:35: [amxbans.amxx] [Amxbans] –°—Ç–∞—Ç—É—Å –∑–∞–ø—Ä–æ—Å–∞: 
L 06/13/2011 - 22:09:39: [amxbans.amxx] [Amxbans] –ó–∞–ø—Ä–æ—Å –ø—Ä–æ–≤–∞–ª–µ–Ω!
L 06/13/2011 - 22:09:39: [amxbans.amxx] [Amxbans] –û—à–∏–±–∫–∞, –∞–¥—Ä–µ—Å: 18
L 06/13/2011 - 22:09:39: [amxbans.amxx] [Amxbans] –°–æ–æ–±—â–µ–Ω–∏–µ: You have an error in your SQL syntax; check the manual that corresponds to your MySQL server version for the right syntax to use near ''amxbans' at line 1 (1064)
L 06/13/2011 - 22:09:39: [amxbans.amxx] [Amxbans] –°—Ç–∞—Ç—É—Å –∑–∞–ø—Ä–æ—Å–∞: 
L 06/13/2011 - 22:20:41: -------- Mapchange to cs_militia --------
L 06/13/2011 - 22:20:49: [amxbans.amxx] [AMXBANS] AMXBans 5.0 –ø–æ–¥–∫–ª—é—á–µ–Ω
L 06/13/2011 - 22:24:49: [admin_amxbans.amxx] Login: "~Helena~<220><STEAM_0:4:1149292394><>" became an admin (account "~Helena~") (access "at") (address "109.124.93.32")
L 06/13/2011 - 22:43:29: -------- Mapchange to zm_houses --------
L 06/13/2011 - 22:43:30: [admin_amxbans.amxx] Login: "~Helena~<220><STEAM_0:4:1149292394><>" became an admin (account "~Helena~") (access "at") (address "109.124.93.32")
L 06/13/2011 - 22:43:31: [admin_amxbans.amxx] Login: "~Helena~<229><STEAM_0:4:1149292394><>" became an admin (account "~Helena~") (access "at") (address "109.124.93.32")
L 06/13/2011 - 22:43:31: [amxbans.amxx] [AMXBANS] AMXBans 5.0 –ø–æ–¥–∫–ª—é—á–µ–Ω
L 06/13/2011 - 22:43:40: [admin_amxbans.amxx] Login: "~Helena~<234><STEAM_0:4:1149292394><>" became an admin (account "~Helena~") (access "at") (address "109.124.93.32")
L 06/13/2011 - 22:45:43: [adminchat.amxx] Chat: "~Helena~<234><STEAM_0:4:1149292394><>" chat ")"
L 06/13/2011 - 22:57:53: [admin_amxbans.amxx] Login: "Euforia<256><STEAM_0:0:1235555515><>" became an admin (account "Euforia") (access "at") (address "188.123.245.19")
L 06/13/2011 - 23:02:57: [admin_amxbans.amxx] Login: "Europa<260><STEAM_0:4:446327478><>" became an admin (account "212.55.104.156") (access "abcdefgijmnopqrtu") (address "212.55.104.156")
L 06/13/2011 - 23:05:14: -------- Mapchange to zm_303 --------
L 06/13/2011 - 23:05:16: [admin_amxbans.amxx] Login: "Euforia<256><STEAM_0:0:1235555515><>" became an admin (account "Euforia") (access "at") (address "188.123.245.19")
L 06/13/2011 - 23:05:16: [admin_amxbans.amxx] Login: "Europa<260><STEAM_0:4:446327478><>" became an admin (account "212.55.104.156") (access "abcdefgijmnopqrtu") (address "212.55.104.156")
L 06/13/2011 - 23:05:17: [amxbans.amxx] [AMXBANS] AMXBans 5.0 –ø–æ–¥–∫–ª—é—á–µ–Ω
L 06/13/2011 - 23:18:01: [admin_amxbans.amxx] Login: "~Helena~<292><STEAM_0:4:1149292394><>" became an admin (account "~Helena~") (access "at") (address "109.124.93.32")
L 06/13/2011 - 23:24:31: [admin_amxbans.amxx] Login: "He6o<301><STEAM_0:4:1214550897><>" became an admin (account "He6o") (access "at") (address "91.196.149.57")
L 06/13/2011 - 23:24:49: [admin_amxbans.amxx] Login: "He6o<303><STEAM_0:4:1214550897><>" became an admin (account "He6o") (access "at") (address "91.196.149.57")
L 06/13/2011 - 23:26:03: -------- Mapchange to zm_dust_brick_b1 --------
L 06/13/2011 - 23:26:04: [admin_amxbans.amxx] Login: "~Helena~<292><STEAM_0:4:1149292394><>" became an admin (account "~Helena~") (access "at") (address "109.124.93.32")
L 06/13/2011 - 23:26:04: [admin_amxbans.amxx] Login: "Europa<260><STEAM_0:4:446327478><>" became an admin (account "212.55.104.156") (access "abcdefgijmnopqrtu") (address "212.55.104.156")
L 06/13/2011 - 23:26:04: [admin_amxbans.amxx] Login: "He6o<303><STEAM_0:4:1214550897><>" became an admin (account "He6o") (access "at") (address "91.196.149.57")
L 06/13/2011 - 23:26:04: [admin_amxbans.amxx] Login: "Euforia<256><STEAM_0:0:1235555515><>" became an admin (account "Euforia") (access "at") (address "188.123.245.19")
L 06/13/2011 - 23:26:05: [amxbans.amxx] [AMXBANS] AMXBans 5.0 –ø–æ–¥–∫–ª—é—á–µ–Ω
L 06/13/2011 - 23:38:24: [voteban.amxx] –í–æ—Ç–µ–±–∞–Ω –∑–∞–ø—É—Å—Ç–∏–ª Euforia –ø—Ä–æ—Ç–∏–≤ Europa STEAM_0:4:446327478
L 06/13/2011 - 23:38:39: [voteban.amxx] [AMXX] The vote succeeded: STEAM_0:4:446327478 is banned for 60 minutes
L 06/13/2011 - 23:46:24: -------- Mapchange to zm_fdust2x2 --------
L 06/13/2011 - 23:46:25: [admin_amxbans.amxx] Login: "Euforia<256><STEAM_0:0:1235555515><>" became an admin (account "Euforia") (access "at") (address "188.123.245.19")
L 06/13/2011 - 23:46:25: [admin_amxbans.amxx] Login: "~Helena~<292><STEAM_0:4:1149292394><>" became an admin (account "~Helena~") (access "at") (address "109.124.93.32")
L 06/13/2011 - 23:46:26: [amxbans.amxx] [AMXBANS] AMXBans 5.0 –ø–æ–¥–∫–ª—é—á–µ–Ω
