L 09/25/2011 - 00:20:07: -------- Mapchange to zm_caca --------
L 09/25/2011 - 00:20:09: [amxbans.amxx] [AMXBANS] AMXBans 5.0 is online
L 09/25/2011 - 00:21:26: [admin_amxbans.amxx] Login: "yammy<4091><STEAM_0:0:1236438227><>" became an admin (account "172.23.65.13") (access "l") (address "172.23.65.13")
L 09/25/2011 - 00:40:58: -------- Mapchange to zm_666_brick --------
L 09/25/2011 - 00:41:00: [amxbans.amxx] [AMXBANS] AMXBans 5.0 is online
L 09/25/2011 - 01:01:49: -------- Mapchange to zm_dwarf --------
L 09/25/2011 - 01:01:50: [amxbans.amxx] [AMXBANS] AMXBans 5.0 is online
L 09/25/2011 - 01:05:51: [admin_amxbans.amxx] Login: "Kenny<4105><STEAM_0:0:963405193><>" became an admin (account "Kenny") (access "abcdefghijlmnopqstu") (address "109.161.80.213")
L 09/25/2011 - 01:06:35: [admin_amxbans.amxx] Login: "Kenny<4106><STEAM_0:0:963405193><>" became an admin (account "Kenny") (access "abcdefghijlmnopqstu") (address "109.161.80.213")
L 09/25/2011 - 01:06:44: [admin_amxbans.amxx] Login: "Kenny<4107><STEAM_0:0:963405193><>" became an admin (account "Kenny") (access "abcdefghijlmnopqstu") (address "109.161.80.213")
L 09/25/2011 - 01:07:35: -------- Mapchange to cs_estate --------
L 09/25/2011 - 01:07:38: [amxbans.amxx] [AMXBANS] AMXBans 5.0 is online
L 09/25/2011 - 01:16:10: -------- Mapchange to cs_militia --------
L 09/25/2011 - 01:16:15: [amxbans.amxx] [AMXBANS] AMXBans 5.0 is online
L 09/25/2011 - 01:21:53: -------- Mapchange to cs_estate --------
L 09/25/2011 - 01:21:55: [amxbans.amxx] [AMXBANS] AMXBans 5.0 is online
L 09/25/2011 - 01:31:16: -------- Mapchange to 016 --------
L 09/25/2011 - 01:31:17: [amxbans.amxx] [AMXBANS] AMXBans 5.0 is online
L 09/25/2011 - 02:04:31: -------- Mapchange to ze_egypt --------
L 09/25/2011 - 02:04:32: [amxbans.amxx] [AMXBANS] AMXBans 5.0 is online
L 09/25/2011 - 02:11:18: -------- Mapchange to cs_estate --------
L 09/25/2011 - 02:11:21: [amxbans.amxx] [AMXBANS] AMXBans 5.0 is online
L 09/25/2011 - 02:27:24: -------- Mapchange to cs_estate --------
L 09/25/2011 - 02:27:27: [amxbans.amxx] [AMXBANS] AMXBans 5.0 is online
L 09/25/2011 - 02:34:25: -------- Mapchange to zm_houses --------
L 09/25/2011 - 02:34:27: [amxbans.amxx] [AMXBANS] AMXBans 5.0 is online
L 09/25/2011 - 02:39:45: -------- Mapchange to cs_estate --------
L 09/25/2011 - 02:39:47: [amxbans.amxx] [AMXBANS] AMXBans 5.0 is online
L 09/25/2011 - 02:49:41: -------- Mapchange to cs_estate --------
L 09/25/2011 - 02:49:43: [amxbans.amxx] [AMXBANS] AMXBans 5.0 is online
L 09/25/2011 - 02:59:37: -------- Mapchange to cs_estate --------
L 09/25/2011 - 02:59:39: [amxbans.amxx] [AMXBANS] AMXBans 5.0 is online
L 09/25/2011 - 03:09:33: -------- Mapchange to cs_estate --------
L 09/25/2011 - 03:09:35: [amxbans.amxx] [AMXBANS] AMXBans 5.0 is online
L 09/25/2011 - 03:19:29: -------- Mapchange to cs_estate --------
L 09/25/2011 - 03:19:31: [amxbans.amxx] [AMXBANS] AMXBans 5.0 is online
L 09/25/2011 - 03:31:06: -------- Mapchange to zm_caca --------
L 09/25/2011 - 03:31:08: [amxbans.amxx] [AMXBANS] AMXBans 5.0 is online
L 09/25/2011 - 03:34:06: -------- Mapchange to cs_estate --------
L 09/25/2011 - 03:34:09: [amxbans.amxx] [AMXBANS] AMXBans 5.0 is online
L 09/25/2011 - 03:44:02: -------- Mapchange to cs_estate --------
L 09/25/2011 - 03:44:05: [amxbans.amxx] [AMXBANS] AMXBans 5.0 is online
L 09/25/2011 - 03:56:28: -------- Mapchange to cs_estate --------
L 09/25/2011 - 03:56:30: [amxbans.amxx] [AMXBANS] AMXBans 5.0 is online
L 09/25/2011 - 04:06:18: -------- Mapchange to cs_estate --------
L 09/25/2011 - 04:06:21: [amxbans.amxx] [AMXBANS] AMXBans 5.0 is online
L 09/25/2011 - 04:16:14: -------- Mapchange to cs_estate --------
L 09/25/2011 - 04:16:17: [amxbans.amxx] [AMXBANS] AMXBans 5.0 is online
L 09/25/2011 - 04:26:10: -------- Mapchange to cs_estate --------
L 09/25/2011 - 04:26:13: [amxbans.amxx] [AMXBANS] AMXBans 5.0 is online
L 09/25/2011 - 04:36:06: -------- Mapchange to cs_estate --------
L 09/25/2011 - 04:36:09: [amxbans.amxx] [AMXBANS] AMXBans 5.0 is online
L 09/25/2011 - 04:46:02: -------- Mapchange to cs_estate --------
L 09/25/2011 - 04:46:05: [amxbans.amxx] [AMXBANS] AMXBans 5.0 is online
L 09/25/2011 - 04:55:58: -------- Mapchange to cs_estate --------
L 09/25/2011 - 04:56:01: [amxbans.amxx] [AMXBANS] AMXBans 5.0 is online
L 09/25/2011 - 05:04:21: -------- Mapchange to zm_303 --------
L 09/25/2011 - 05:04:22: [amxbans.amxx] [AMXBANS] AMXBans 5.0 is online
L 09/25/2011 - 05:07:20: -------- Mapchange to cs_estate --------
L 09/25/2011 - 05:07:23: [amxbans.amxx] [AMXBANS] AMXBans 5.0 is online
L 09/25/2011 - 05:17:16: -------- Mapchange to cs_estate --------
L 09/25/2011 - 05:17:19: [amxbans.amxx] [AMXBANS] AMXBans 5.0 is online
L 09/25/2011 - 05:27:12: -------- Mapchange to cs_estate --------
L 09/25/2011 - 05:27:15: [amxbans.amxx] [AMXBANS] AMXBans 5.0 is online
L 09/25/2011 - 05:42:08: -------- Mapchange to cs_estate --------
L 09/25/2011 - 05:42:11: [amxbans.amxx] [AMXBANS] AMXBans 5.0 is online
L 09/25/2011 - 05:50:31: -------- Mapchange to 016 --------
L 09/25/2011 - 05:50:32: [amxbans.amxx] [AMXBANS] AMXBans 5.0 is online
L 09/25/2011 - 05:53:30: -------- Mapchange to cs_estate --------
L 09/25/2011 - 05:53:33: [amxbans.amxx] [AMXBANS] AMXBans 5.0 is online
L 09/25/2011 - 06:00:12: -------- Mapchange to cs_estate --------
L 09/25/2011 - 06:00:15: -------- Mapchange to 016 --------
L 09/25/2011 - 06:00:17: [amxbans.amxx] [AMXBANS] AMXBans 5.0 is online
L 09/25/2011 - 06:03:16: -------- Mapchange to cs_estate --------
L 09/25/2011 - 06:03:18: [amxbans.amxx] [AMXBANS] AMXBans 5.0 is online
L 09/25/2011 - 06:13:12: -------- Mapchange to cs_estate --------
L 09/25/2011 - 06:13:14: [amxbans.amxx] [AMXBANS] AMXBans 5.0 is online
L 09/25/2011 - 06:23:08: -------- Mapchange to cs_estate --------
L 09/25/2011 - 06:23:11: [amxbans.amxx] [AMXBANS] AMXBans 5.0 is online
L 09/25/2011 - 06:31:46: -------- Mapchange to zm_666_brick --------
L 09/25/2011 - 06:31:48: [amxbans.amxx] [AMXBANS] AMXBans 5.0 is online
L 09/25/2011 - 06:54:50: -------- Mapchange to zm_303 --------
L 09/25/2011 - 06:54:51: [amxbans.amxx] [AMXBANS] AMXBans 5.0 is online
L 09/25/2011 - 07:25:45: -------- Mapchange to cs_militia --------
L 09/25/2011 - 07:25:50: [amxbans.amxx] [AMXBANS] AMXBans 5.0 is online
L 09/25/2011 - 07:47:00: -------- Mapchange to ze_jurassicpark --------
L 09/25/2011 - 07:47:02: [amxbans.amxx] [AMXBANS] AMXBans 5.0 is online
L 09/25/2011 - 08:11:14: -------- Mapchange to ze_lift_escape_b5 --------
L 09/25/2011 - 08:11:16: [amxbans.amxx] [AMXBANS] AMXBans 5.0 is online
L 09/25/2011 - 08:28:45: -------- Mapchange to 016 --------
L 09/25/2011 - 08:28:46: [amxbans.amxx] [AMXBANS] AMXBans 5.0 is online
L 09/25/2011 - 08:59:58: -------- Mapchange to zm_fdust2x2 --------
L 09/25/2011 - 09:00:00: [amxbans.amxx] [AMXBANS] AMXBans 5.0 is online
L 09/25/2011 - 09:21:24: -------- Mapchange to zm_dwarf --------
L 09/25/2011 - 09:21:25: [amxbans.amxx] [AMXBANS] AMXBans 5.0 is online
L 09/25/2011 - 09:43:32: -------- Mapchange to zm_cpl_mill_kamp --------
L 09/25/2011 - 09:43:33: [amxbans.amxx] [AMXBANS] AMXBans 5.0 is online
L 09/25/2011 - 10:04:36: -------- Mapchange to zm_666_brick --------
L 09/25/2011 - 10:04:38: [amxbans.amxx] [AMXBANS] AMXBans 5.0 is online
L 09/25/2011 - 10:24:38: -------- Mapchange to zm_303 --------
L 09/25/2011 - 10:24:39: [amxbans.amxx] [AMXBANS] AMXBans 5.0 is online
L 09/25/2011 - 10:36:56: [amxbans.amxx] [Amxbans] Query failed!
L 09/25/2011 - 10:36:56: [amxbans.amxx] [Amxbans] Threaded query error, location: 18
L 09/25/2011 - 10:36:56: [amxbans.amxx] [Amxbans] Message: You have an error in your SQL syntax; check the manual that corresponds to your MySQL server version for the right syntax to use near ''' at line 1 (1064)
L 09/25/2011 - 10:36:56: [amxbans.amxx] [Amxbans] Query statement: 
L 09/25/2011 - 10:37:23: [amxbans.amxx] [Amxbans] Query failed!
L 09/25/2011 - 10:37:23: [amxbans.amxx] [Amxbans] Threaded query error, location: 18
L 09/25/2011 - 10:37:23: [amxbans.amxx] [Amxbans] Message: You have an error in your SQL syntax; check the manual that corresponds to your MySQL server version for the right syntax to use near ''' at line 1 (1064)
L 09/25/2011 - 10:37:23: [amxbans.amxx] [Amxbans] Query statement: 
L 09/25/2011 - 10:55:32: -------- Mapchange to ze_egypt --------
L 09/25/2011 - 10:55:34: [amxbans.amxx] [AMXBANS] AMXBans 5.0 is online
L 09/25/2011 - 11:14:36: -------- Mapchange to zm_alfresco_v2 --------
L 09/25/2011 - 11:14:38: [amxbans.amxx] [AMXBANS] AMXBans 5.0 is online
L 09/25/2011 - 11:37:03: -------- Mapchange to zm_decline2k --------
L 09/25/2011 - 11:37:04: [amxbans.amxx] [AMXBANS] AMXBans 5.0 is online
L 09/25/2011 - 11:57:30: -------- Mapchange to zm_caca --------
L 09/25/2011 - 11:57:32: [amxbans.amxx] [AMXBANS] AMXBans 5.0 is online
L 09/25/2011 - 12:19:23: -------- Mapchange to ze_lift_escape_b5 --------
L 09/25/2011 - 12:19:25: [amxbans.amxx] [AMXBANS] AMXBans 5.0 is online
L 09/25/2011 - 12:35:35: -------- Mapchange to ze_train_back_lg --------
L 09/25/2011 - 12:35:37: [amxbans.amxx] [AMXBANS] AMXBans 5.0 is online
L 09/25/2011 - 12:41:05: [amxbans.amxx] [Amxbans] Query failed!
L 09/25/2011 - 12:41:05: [amxbans.amxx] [Amxbans] Threaded query error, location: 18
L 09/25/2011 - 12:41:05: [amxbans.amxx] [Amxbans] Message: You have an error in your SQL syntax; check the manual that corresponds to your MySQL server version for the right syntax to use near ''' at line 1 (1064)
L 09/25/2011 - 12:41:05: [amxbans.amxx] [Amxbans] Query statement: 
L 09/25/2011 - 12:42:42: [amxbans.amxx] [Amxbans] Query failed!
L 09/25/2011 - 12:42:42: [amxbans.amxx] [Amxbans] Threaded query error, location: 18
L 09/25/2011 - 12:42:42: [amxbans.amxx] [Amxbans] Message: You have an error in your SQL syntax; check the manual that corresponds to your MySQL server version for the right syntax to use near ''' at line 1 (1064)
L 09/25/2011 - 12:42:42: [amxbans.amxx] [Amxbans] Query statement: 
L 09/25/2011 - 12:50:50: -------- Mapchange to zm_fdust2x2 --------
L 09/25/2011 - 12:50:52: [amxbans.amxx] [AMXBANS] AMXBans 5.0 is online
L 09/25/2011 - 12:50:58: [amxbans.amxx] [Amxbans] Query failed!
L 09/25/2011 - 12:50:58: [amxbans.amxx] [Amxbans] Threaded query error, location: 18
L 09/25/2011 - 12:50:58: [amxbans.amxx] [Amxbans] Message: You have an error in your SQL syntax; check the manual that corresponds to your MySQL server version for the right syntax to use near ''' at line 1 (1064)
L 09/25/2011 - 12:50:58: [amxbans.amxx] [Amxbans] Query statement: 
L 09/25/2011 - 13:12:51: -------- Mapchange to zm_houses --------
L 09/25/2011 - 13:12:53: [amxbans.amxx] [AMXBANS] AMXBans 5.0 is online
L 09/25/2011 - 13:34:11: -------- Mapchange to ze_jurassicpark --------
L 09/25/2011 - 13:34:13: [amxbans.amxx] [AMXBANS] AMXBans 5.0 is online
L 09/25/2011 - 13:50:25: [amxbans.amxx] [Amxbans] Query failed!
L 09/25/2011 - 13:50:25: [amxbans.amxx] [Amxbans] Threaded query error, location: 18
L 09/25/2011 - 13:50:25: [amxbans.amxx] [Amxbans] Message: You have an error in your SQL syntax; check the manual that corresponds to your MySQL server version for the right syntax to use near ''' at line 1 (1064)
L 09/25/2011 - 13:50:25: [amxbans.amxx] [Amxbans] Query statement: 
L 09/25/2011 - 13:50:37: [amxbans.amxx] [Amxbans] Query failed!
L 09/25/2011 - 13:50:37: [amxbans.amxx] [Amxbans] Threaded query error, location: 18
L 09/25/2011 - 13:50:37: [amxbans.amxx] [Amxbans] Message: You have an error in your SQL syntax; check the manual that corresponds to your MySQL server version for the right syntax to use near ''' at line 1 (1064)
L 09/25/2011 - 13:50:37: [amxbans.amxx] [Amxbans] Query statement: 
L 09/25/2011 - 13:51:42: [amxbans.amxx] [Amxbans] Query failed!
L 09/25/2011 - 13:51:42: [amxbans.amxx] [Amxbans] Threaded query error, location: 18
L 09/25/2011 - 13:51:42: [amxbans.amxx] [Amxbans] Message: You have an error in your SQL syntax; check the manual that corresponds to your MySQL server version for the right syntax to use near ''amxban' at line 1 (1064)
L 09/25/2011 - 13:51:42: [amxbans.amxx] [Amxbans] Query statement: 
L 09/25/2011 - 13:56:32: -------- Mapchange to zm_303 --------
L 09/25/2011 - 13:56:34: [amxbans.amxx] [AMXBANS] AMXBans 5.0 is online
L 09/25/2011 - 13:56:34: [admin_amxbans.amxx] Login: "wh<458><STEAM_0:0:1236438227><>" became an admin (account "172.23.65.13") (access "l") (address "172.23.65.13")
L 09/25/2011 - 13:56:41: [amxbans.amxx] [Amxbans] Query failed!
L 09/25/2011 - 13:56:41: [amxbans.amxx] [Amxbans] Threaded query error, location: 18
L 09/25/2011 - 13:56:41: [amxbans.amxx] [Amxbans] Message: You have an error in your SQL syntax; check the manual that corresponds to your MySQL server version for the right syntax to use near ''' at line 1 (1064)
L 09/25/2011 - 13:56:41: [amxbans.amxx] [Amxbans] Query statement: 
L 09/25/2011 - 13:59:35: [admincmd.amxx] Cmd: "wh<458><STEAM_0:0:1236438227><>" server console (cmdline "amx_destroy werevado")
L 09/25/2011 - 13:59:42: [amxbans.amxx]  Зомби сервер (x_x(O_o)x_x) Go Zombie !!!<0><><> banned Game Destroyed<STEAM_0:4:1125076336> for 2 weeks (20160 minutes). Reason: 47" "Game Destroyer".
L 09/25/2011 - 14:22:18: [amxbans.amxx] [Amxbans] Query failed!
L 09/25/2011 - 14:22:18: [amxbans.amxx] [Amxbans] Threaded query error, location: 18
L 09/25/2011 - 14:22:18: [amxbans.amxx] [Amxbans] Message: You have an error in your SQL syntax; check the manual that corresponds to your MySQL server version for the right syntax to use near '' at line 1 (1064)
L 09/25/2011 - 14:22:18: [amxbans.amxx] [Amxbans] Query statement: 
L 09/25/2011 - 14:26:50: -------- Mapchange to zm_666_brick --------
L 09/25/2011 - 14:26:50: [admin_amxbans.amxx] Login: "wh<458><STEAM_0:0:1236438227><>" became an admin (account "172.23.65.13") (access "l") (address "172.23.65.13")
L 09/25/2011 - 14:26:51: [amxbans.amxx] [AMXBANS] AMXBans 5.0 is online
L 09/25/2011 - 14:26:58: [amxbans.amxx] [Amxbans] Query failed!
L 09/25/2011 - 14:26:58: [amxbans.amxx] [Amxbans] Threaded query error, location: 18
L 09/25/2011 - 14:26:58: [amxbans.amxx] [Amxbans] Message: You have an error in your SQL syntax; check the manual that corresponds to your MySQL server version for the right syntax to use near '' at line 1 (1064)
L 09/25/2011 - 14:26:58: [amxbans.amxx] [Amxbans] Query statement: 
L 09/25/2011 - 14:40:43: [admincmd.amxx] Cmd: "wh<458><STEAM_0:0:1236438227><>" server console (cmdline "amx_kick saraega afk")
L 09/25/2011 - 14:40:43: [admincmd.amxx] Kick: " Зомби сервер (x_x(O<0><><>" kick "SARAEGA 178 RUS<470><STEAM_0:0:1232586911><>" (reason "afk")
L 09/25/2011 - 14:41:46: [amxbans.amxx] [Amxbans] Query failed!
L 09/25/2011 - 14:41:46: [amxbans.amxx] [Amxbans] Threaded query error, location: 18
L 09/25/2011 - 14:41:46: [amxbans.amxx] [Amxbans] Message: You have an error in your SQL syntax; check the manual that corresponds to your MySQL server version for the right syntax to use near ''' at line 1 (1064)
L 09/25/2011 - 14:41:46: [amxbans.amxx] [Amxbans] Query statement: 
L 09/25/2011 - 14:43:04: [amxbans.amxx] [Amxbans] Query failed!
L 09/25/2011 - 14:43:04: [amxbans.amxx] [Amxbans] Threaded query error, location: 18
L 09/25/2011 - 14:43:04: [amxbans.amxx] [Amxbans] Message: You have an error in your SQL syntax; check the manual that corresponds to your MySQL server version for the right syntax to use near ''' at line 1 (1064)
L 09/25/2011 - 14:43:04: [amxbans.amxx] [Amxbans] Query statement: 
L 09/25/2011 - 14:43:51: [admincmd.amxx] Cmd: "wh<458><STEAM_0:0:1236438227><>" server console (cmdline "amx_kick "(1)" afk ")
L 09/25/2011 - 14:43:51: [admincmd.amxx] Kick: " Зомби сервер (x_x(O<0><><>" kick "(1)Player<505><STEAM_0:0:26929417><>" (reason "afk")
L 09/25/2011 - 14:44:01: [admin_amxbans.amxx] Login: "~Helena~<509><STEAM_0:4:1207979882><>" became an admin (account "~Helena~") (access "aqt") (address "109.124.92.57")
L 09/25/2011 - 14:45:49: [admincmd.amxx] Cmd: "wh<458><STEAM_0:0:1236438227><>" server console (cmdline "amx_kick "vlad" afk ")
L 09/25/2011 - 14:45:49: [admincmd.amxx] Kick: " Зомби сервер (x_x(O<0><><>" kick "$$$@@@VLAD@@@$$$<510><STEAM_0:0:424267701><>" (reason "afk")
L 09/25/2011 - 14:46:27: [voteban.amxx] ADMIN banned Slavka 90.190.211.17
L 09/25/2011 - 14:47:29: [admin_amxbans.amxx] Login: "4ebu[RUSH]ka<512><STEAM_0:0:2107967446><>" became an admin (account "4ebu[RUSH]ka") (access "t") (address "95.54.92.26")
L 09/25/2011 - 14:49:02: [admincmd.amxx] Cmd: "wh<458><STEAM_0:0:1236438227><>" server console (cmdline "amx_kick "Helena" ")
L 09/25/2011 - 14:49:10: -------- Mapchange to cs_militia --------
L 09/25/2011 - 14:49:14: [admin_amxbans.amxx] Login: "~Helena~<509><STEAM_0:4:1207979882><>" became an admin (account "~Helena~") (access "aqt") (address "109.124.92.57")
L 09/25/2011 - 14:49:14: [admin_amxbans.amxx] Login: "wh<458><STEAM_0:0:1236438227><>" became an admin (account "172.23.65.13") (access "l") (address "172.23.65.13")
L 09/25/2011 - 14:49:14: [admin_amxbans.amxx] Login: "4ebu[RUSH]ka<512><STEAM_0:0:2107967446><>" became an admin (account "4ebu[RUSH]ka") (access "t") (address "95.54.92.26")
L 09/25/2011 - 14:49:15: [amxbans.amxx] [AMXBANS] AMXBans 5.0 is online
L 09/25/2011 - 14:49:21: [amxbans.amxx] [Amxbans] Query failed!
L 09/25/2011 - 14:49:21: [amxbans.amxx] [Amxbans] Threaded query error, location: 18
L 09/25/2011 - 14:49:21: [amxbans.amxx] [Amxbans] Message: You have an error in your SQL syntax; check the manual that corresponds to your MySQL server version for the right syntax to use near '' at line 1 (1064)
L 09/25/2011 - 14:49:21: [amxbans.amxx] [Amxbans] Query statement: 
L 09/25/2011 - 14:49:21: [amxbans.amxx] [Amxbans] Query failed!
L 09/25/2011 - 14:49:21: [amxbans.amxx] [Amxbans] Threaded query error, location: 18
L 09/25/2011 - 14:49:21: [amxbans.amxx] [Amxbans] Message: You have an error in your SQL syntax; check the manual that corresponds to your MySQL server version for the right syntax to use near ''' at line 1 (1064)
L 09/25/2011 - 14:49:21: [amxbans.amxx] [Amxbans] Query statement: 
L 09/25/2011 - 14:49:57: [adminchat.amxx] Chat: "~Helena~<509><STEAM_0:4:1207979882><>" chat "npuBet"
L 09/25/2011 - 14:50:12: [adminchat.amxx] Chat: "~Helena~<509><STEAM_0:4:1207979882><>" chat "}I{eH9"
L 09/25/2011 - 14:51:43: [admin_amxbans.amxx] Login: "Dimka<519><STEAM_0:0:1236438227><>" became an admin (account "Dimka") (access "abcdefghijklmnopqrstu") (address "172.23.65.13")
L 09/25/2011 - 14:51:50: [admincmd.amxx] Cmd: "Dimka<519><STEAM_0:0:1236438227><>" ask for players list
L 09/25/2011 - 14:52:06: [admin_amxbans.amxx] Login: "wh<520><STEAM_0:0:1236438227><>" became an admin (account "172.23.65.13") (access "l") (address "172.23.65.13")
L 09/25/2011 - 14:53:42: [admincmd.amxx] Cmd: "wh<520><STEAM_0:0:1236438227><>" server console (cmdline "addip")
L 09/25/2011 - 14:54:20: [admin_amxbans.amxx] Login: "wh<520><STEAM_0:0:1236438227><>" became an admin (account "172.23.65.13") (access "l") (address "172.23.65.13")
L 09/25/2011 - 14:54:39: [admincmd.amxx] Cmd: "wh<520><STEAM_0:0:1236438227><>" server console (cmdline "addip 15 109.124.92.57")
L 09/25/2011 - 14:58:55: [amxbans.amxx] [Amxbans] Query failed!
L 09/25/2011 - 14:58:55: [amxbans.amxx] [Amxbans] Threaded query error, location: 18
L 09/25/2011 - 14:58:55: [amxbans.amxx] [Amxbans] Message: You have an error in your SQL syntax; check the manual that corresponds to your MySQL server version for the right syntax to use near '' at line 1 (1064)
L 09/25/2011 - 14:58:55: [amxbans.amxx] [Amxbans] Query statement: 
L 09/25/2011 - 15:11:39: -------- Mapchange to zm_alfresco_v2 --------
L 09/25/2011 - 15:11:39: [admin_amxbans.amxx] Login: "wh<520><STEAM_0:0:1236438227><>" became an admin (account "172.23.65.13") (access "l") (address "172.23.65.13")
L 09/25/2011 - 15:11:40: [amxbans.amxx] [AMXBANS] AMXBans 5.0 is online
L 09/25/2011 - 15:11:47: [amxbans.amxx] [Amxbans] Query failed!
L 09/25/2011 - 15:11:47: [amxbans.amxx] [Amxbans] Threaded query error, location: 18
L 09/25/2011 - 15:11:47: [amxbans.amxx] [Amxbans] Message: You have an error in your SQL syntax; check the manual that corresponds to your MySQL server version for the right syntax to use near '' at line 1 (1064)
L 09/25/2011 - 15:11:47: [amxbans.amxx] [Amxbans] Query statement: 
L 09/25/2011 - 15:11:48: [amxbans.amxx] [Amxbans] Query failed!
L 09/25/2011 - 15:11:48: [amxbans.amxx] [Amxbans] Threaded query error, location: 18
L 09/25/2011 - 15:11:48: [amxbans.amxx] [Amxbans] Message: You have an error in your SQL syntax; check the manual that corresponds to your MySQL server version for the right syntax to use near ''' at line 1 (1064)
L 09/25/2011 - 15:11:48: [amxbans.amxx] [Amxbans] Query statement: 
L 09/25/2011 - 15:11:57: [amxbans.amxx] [Amxbans] Query failed!
L 09/25/2011 - 15:11:57: [amxbans.amxx] [Amxbans] Threaded query error, location: 18
L 09/25/2011 - 15:11:57: [amxbans.amxx] [Amxbans] Message: You have an error in your SQL syntax; check the manual that corresponds to your MySQL server version for the right syntax to use near ''' at line 1 (1064)
L 09/25/2011 - 15:11:57: [amxbans.amxx] [Amxbans] Query statement: 
L 09/25/2011 - 15:14:43: [amxbans.amxx] [Amxbans] Query failed!
L 09/25/2011 - 15:14:43: [amxbans.amxx] [Amxbans] Threaded query error, location: 18
L 09/25/2011 - 15:14:43: [amxbans.amxx] [Amxbans] Message: You have an error in your SQL syntax; check the manual that corresponds to your MySQL server version for the right syntax to use near ''' at line 1 (1064)
L 09/25/2011 - 15:14:43: [amxbans.amxx] [Amxbans] Query statement: 
L 09/25/2011 - 15:28:33: [amxbans.amxx] [Amxbans] Query failed!
L 09/25/2011 - 15:28:33: [amxbans.amxx] [Amxbans] Threaded query error, location: 18
L 09/25/2011 - 15:28:33: [amxbans.amxx] [Amxbans] Message: You have an error in your SQL syntax; check the manual that corresponds to your MySQL server version for the right syntax to use near '' at line 1 (1064)
L 09/25/2011 - 15:28:33: [amxbans.amxx] [Amxbans] Query statement: 
L 09/25/2011 - 15:31:31: [amxbans.amxx] [Amxbans] Query failed!
L 09/25/2011 - 15:31:31: [amxbans.amxx] [Amxbans] Threaded query error, location: 18
L 09/25/2011 - 15:31:31: [amxbans.amxx] [Amxbans] Message: You have an error in your SQL syntax; check the manual that corresponds to your MySQL server version for the right syntax to use near '' at line 1 (1064)
L 09/25/2011 - 15:31:31: [amxbans.amxx] [Amxbans] Query statement: 
L 09/25/2011 - 15:34:02: -------- Mapchange to 016 --------
L 09/25/2011 - 15:34:04: [amxbans.amxx] [AMXBANS] AMXBans 5.0 is online
L 09/25/2011 - 15:34:11: [amxbans.amxx] [Amxbans] Query failed!
L 09/25/2011 - 15:34:11: [amxbans.amxx] [Amxbans] Threaded query error, location: 18
L 09/25/2011 - 15:34:11: [amxbans.amxx] [Amxbans] Message: You have an error in your SQL syntax; check the manual that corresponds to your MySQL server version for the right syntax to use near '' at line 1 (1064)
L 09/25/2011 - 15:34:11: [amxbans.amxx] [Amxbans] Query statement: 
L 09/25/2011 - 15:34:11: [amxbans.amxx] [Amxbans] Query failed!
L 09/25/2011 - 15:34:11: [amxbans.amxx] [Amxbans] Threaded query error, location: 18
L 09/25/2011 - 15:34:11: [amxbans.amxx] [Amxbans] Message: You have an error in your SQL syntax; check the manual that corresponds to your MySQL server version for the right syntax to use near ''' at line 1 (1064)
L 09/25/2011 - 15:34:11: [amxbans.amxx] [Amxbans] Query statement: 
L 09/25/2011 - 15:34:14: [amxbans.amxx] [Amxbans] Query failed!
L 09/25/2011 - 15:34:14: [amxbans.amxx] [Amxbans] Threaded query error, location: 18
L 09/25/2011 - 15:34:14: [amxbans.amxx] [Amxbans] Message: You have an error in your SQL syntax; check the manual that corresponds to your MySQL server version for the right syntax to use near ''' at line 1 (1064)
L 09/25/2011 - 15:34:14: [amxbans.amxx] [Amxbans] Query statement: 
L 09/25/2011 - 16:05:38: -------- Mapchange to ze_lift_escape_b5 --------
L 09/25/2011 - 16:05:39: [amxbans.amxx] [AMXBANS] AMXBans 5.0 is online
L 09/25/2011 - 16:05:46: [amxbans.amxx] [Amxbans] Query failed!
L 09/25/2011 - 16:05:46: [amxbans.amxx] [Amxbans] Threaded query error, location: 18
L 09/25/2011 - 16:05:46: [amxbans.amxx] [Amxbans] Message: You have an error in your SQL syntax; check the manual that corresponds to your MySQL server version for the right syntax to use near '' at line 1 (1064)
L 09/25/2011 - 16:05:46: [amxbans.amxx] [Amxbans] Query statement: 
L 09/25/2011 - 16:05:46: [amxbans.amxx] [Amxbans] Query failed!
L 09/25/2011 - 16:05:46: [amxbans.amxx] [Amxbans] Threaded query error, location: 18
L 09/25/2011 - 16:05:46: [amxbans.amxx] [Amxbans] Message: You have an error in your SQL syntax; check the manual that corresponds to your MySQL server version for the right syntax to use near ''' at line 1 (1064)
L 09/25/2011 - 16:05:46: [amxbans.amxx] [Amxbans] Query statement: 
L 09/25/2011 - 16:21:08: -------- Mapchange to zm_caca --------
L 09/25/2011 - 16:21:10: [amxbans.amxx] [AMXBANS] AMXBans 5.0 is online
L 09/25/2011 - 16:21:17: [amxbans.amxx] [Amxbans] Query failed!
L 09/25/2011 - 16:21:17: [amxbans.amxx] [Amxbans] Threaded query error, location: 18
L 09/25/2011 - 16:21:17: [amxbans.amxx] [Amxbans] Message: You have an error in your SQL syntax; check the manual that corresponds to your MySQL server version for the right syntax to use near '' at line 1 (1064)
L 09/25/2011 - 16:21:17: [amxbans.amxx] [Amxbans] Query statement: 
L 09/25/2011 - 16:21:26: [amxbans.amxx] [Amxbans] Query failed!
L 09/25/2011 - 16:21:26: [amxbans.amxx] [Amxbans] Threaded query error, location: 18
L 09/25/2011 - 16:21:26: [amxbans.amxx] [Amxbans] Message: You have an error in your SQL syntax; check the manual that corresponds to your MySQL server version for the right syntax to use near ''amxb' at line 1 (1064)
L 09/25/2011 - 16:21:26: [amxbans.amxx] [Amxbans] Query statement: 
L 09/25/2011 - 16:31:43: [amxbans.amxx] [Amxbans] Query failed!
L 09/25/2011 - 16:31:43: [amxbans.amxx] [Amxbans] Threaded query error, location: 18
L 09/25/2011 - 16:31:43: [amxbans.amxx] [Amxbans] Message: You have an error in your SQL syntax; check the manual that corresponds to your MySQL server version for the right syntax to use near '' at line 1 (1064)
L 09/25/2011 - 16:31:43: [amxbans.amxx] [Amxbans] Query statement: 
L 09/25/2011 - 16:38:36: [amxbans.amxx] [Amxbans] Query failed!
L 09/25/2011 - 16:38:36: [amxbans.amxx] [Amxbans] Threaded query error, location: 18
L 09/25/2011 - 16:38:36: [amxbans.amxx] [Amxbans] Message: You have an error in your SQL syntax; check the manual that corresponds to your MySQL server version for the right syntax to use near '' at line 1 (1064)
L 09/25/2011 - 16:38:36: [amxbans.amxx] [Amxbans] Query statement: 
L 09/25/2011 - 16:44:10: -------- Mapchange to zm_cpl_mill_kamp --------
L 09/25/2011 - 16:44:12: [amxbans.amxx] [AMXBANS] AMXBans 5.0 is online
L 09/25/2011 - 16:44:19: [amxbans.amxx] [Amxbans] Query failed!
L 09/25/2011 - 16:44:19: [amxbans.amxx] [Amxbans] Threaded query error, location: 18
L 09/25/2011 - 16:44:19: [amxbans.amxx] [Amxbans] Message: You have an error in your SQL syntax; check the manual that corresponds to your MySQL server version for the right syntax to use near ''amxb' at line 1 (1064)
L 09/25/2011 - 16:44:19: [amxbans.amxx] [Amxbans] Query statement: 
L 09/25/2011 - 16:44:20: [amxbans.amxx] [Amxbans] Query failed!
L 09/25/2011 - 16:44:20: [amxbans.amxx] [Amxbans] Threaded query error, location: 18
L 09/25/2011 - 16:44:20: [amxbans.amxx] [Amxbans] Message: You have an error in your SQL syntax; check the manual that corresponds to your MySQL server version for the right syntax to use near '' at line 1 (1064)
L 09/25/2011 - 16:44:20: [amxbans.amxx] [Amxbans] Query statement: 
L 09/25/2011 - 17:05:48: -------- Mapchange to ze_train_back_lg --------
L 09/25/2011 - 17:05:50: [amxbans.amxx] [AMXBANS] AMXBans 5.0 is online
L 09/25/2011 - 17:05:57: [amxbans.amxx] [Amxbans] Query failed!
L 09/25/2011 - 17:05:57: [amxbans.amxx] [Amxbans] Threaded query error, location: 18
L 09/25/2011 - 17:05:57: [amxbans.amxx] [Amxbans] Message: You have an error in your SQL syntax; check the manual that corresponds to your MySQL server version for the right syntax to use near ''amxb' at line 1 (1064)
L 09/25/2011 - 17:05:57: [amxbans.amxx] [Amxbans] Query statement: 
L 09/25/2011 - 17:05:59: [amxbans.amxx] [Amxbans] Query failed!
L 09/25/2011 - 17:05:59: [amxbans.amxx] [Amxbans] Threaded query error, location: 18
L 09/25/2011 - 17:05:59: [amxbans.amxx] [Amxbans] Message: You have an error in your SQL syntax; check the manual that corresponds to your MySQL server version for the right syntax to use near '' at line 1 (1064)
L 09/25/2011 - 17:05:59: [amxbans.amxx] [Amxbans] Query statement: 
L 09/25/2011 - 17:06:00: [amxbans.amxx] [Amxbans] Query failed!
L 09/25/2011 - 17:06:00: [amxbans.amxx] [Amxbans] Threaded query error, location: 18
L 09/25/2011 - 17:06:00: [amxbans.amxx] [Amxbans] Message: You have an error in your SQL syntax; check the manual that corresponds to your MySQL server version for the right syntax to use near ''amxb' at line 1 (1064)
L 09/25/2011 - 17:06:00: [amxbans.amxx] [Amxbans] Query statement: 
L 09/25/2011 - 17:06:57: [amxbans.amxx] [Amxbans] Query failed!
L 09/25/2011 - 17:06:57: [amxbans.amxx] [Amxbans] Threaded query error, location: 18
L 09/25/2011 - 17:06:57: [amxbans.amxx] [Amxbans] Message: You have an error in your SQL syntax; check the manual that corresponds to your MySQL server version for the right syntax to use near '' at line 1 (1064)
L 09/25/2011 - 17:06:57: [amxbans.amxx] [Amxbans] Query statement: 
L 09/25/2011 - 17:09:09: [amxbans.amxx] [Amxbans] Query failed!
L 09/25/2011 - 17:09:09: [amxbans.amxx] [Amxbans] Threaded query error, location: 18
L 09/25/2011 - 17:09:09: [amxbans.amxx] [Amxbans] Message: You have an error in your SQL syntax; check the manual that corresponds to your MySQL server version for the right syntax to use near '' at line 1 (1064)
L 09/25/2011 - 17:09:09: [amxbans.amxx] [Amxbans] Query statement: 
L 09/25/2011 - 17:11:04: [admin_amxbans.amxx] Login: "wh<748><STEAM_0:0:1236438227><>" became an admin (account "172.23.65.13") (access "l") (address "172.23.65.13")
L 09/25/2011 - 17:11:06: [admin_amxbans.amxx] Login: "wh<749><STEAM_0:0:1236438227><>" became an admin (account "172.23.65.13") (access "l") (address "172.23.65.13")
L 09/25/2011 - 17:12:53: [amxbans.amxx] [Amxbans] Query failed!
L 09/25/2011 - 17:12:53: [amxbans.amxx] [Amxbans] Threaded query error, location: 18
L 09/25/2011 - 17:12:53: [amxbans.amxx] [Amxbans] Message: You have an error in your SQL syntax; check the manual that corresponds to your MySQL server version for the right syntax to use near '' at line 1 (1064)
L 09/25/2011 - 17:12:53: [amxbans.amxx] [Amxbans] Query statement: 
L 09/25/2011 - 17:17:08: [amxbans.amxx] [Amxbans] Query failed!
L 09/25/2011 - 17:17:08: [amxbans.amxx] [Amxbans] Threaded query error, location: 18
L 09/25/2011 - 17:17:08: [amxbans.amxx] [Amxbans] Message: You have an error in your SQL syntax; check the manual that corresponds to your MySQL server version for the right syntax to use near ''amxb' at line 1 (1064)
L 09/25/2011 - 17:17:08: [amxbans.amxx] [Amxbans] Query statement: 
L 09/25/2011 - 17:17:12: [amxbans.amxx] [Amxbans] Query failed!
L 09/25/2011 - 17:17:12: [amxbans.amxx] [Amxbans] Threaded query error, location: 18
L 09/25/2011 - 17:17:12: [amxbans.amxx] [Amxbans] Message: You have an error in your SQL syntax; check the manual that corresponds to your MySQL server version for the right syntax to use near ''amxb' at line 1 (1064)
L 09/25/2011 - 17:17:12: [amxbans.amxx] [Amxbans] Query statement: 
L 09/25/2011 - 17:19:30: [admin_amxbans.amxx] Login: "holder_x2<767><STEAM_0:0:1774720221><>" became an admin (account "holder_x2") (access "t") (address "89.110.59.146")
L 09/25/2011 - 17:19:43: [admin_amxbans.amxx] Login: "holder_x2<769><STEAM_0:0:1774720221><>" became an admin (account "holder_x2") (access "t") (address "89.110.59.146")
L 09/25/2011 - 17:20:52: [voteban.amxx] Voteban starter holder_x2 against KOT STEAM_0:0:1831310459
L 09/25/2011 - 17:21:07: [voteban.amxx] [AMXX] BANNED: KOT, STARTER: holder_x2
L 09/25/2011 - 17:21:08: [amxbans.amxx]  Зомби сервер (x_x(O_o)x_x) Go Zombie !!!<0><><> banned KOT<STEAM_0:0:1831310459> for 15 minutes (15 minutes). Reason: VIP->holder_x2.
L 09/25/2011 - 17:21:46: [admincmd.amxx] Cmd: "wh<749><STEAM_0:0:1236438227><>" server console (cmdline "amx_slay stalker")
L 09/25/2011 - 17:21:52: [admincmd.amxx] Cmd: "wh<749><STEAM_0:0:1236438227><>" server console (cmdline "amx_slay rus85 ")
L 09/25/2011 - 17:21:52: [admincmd.amxx] Cmd: " Зомби сервер (x_x(O<0><><>" slay "S.T.A.L.K.E.R. (Rus85)<763><STEAM_0:0:245971539><>"
L 09/25/2011 - 17:22:02: -------- Mapchange to zm_decline2k --------
L 09/25/2011 - 17:22:03: [admin_amxbans.amxx] Login: "wh<749><STEAM_0:0:1236438227><>" became an admin (account "172.23.65.13") (access "l") (address "172.23.65.13")
L 09/25/2011 - 17:22:03: [admin_amxbans.amxx] Login: "holder_x2<769><STEAM_0:0:1774720221><>" became an admin (account "holder_x2") (access "t") (address "89.110.59.146")
L 09/25/2011 - 17:22:03: [admin_amxbans.amxx] Login: "wh<773><STEAM_0:0:1236438227><>" became an admin (account "172.23.65.13") (access "l") (address "172.23.65.13")
L 09/25/2011 - 17:22:03: [amxbans.amxx] [AMXBANS] AMXBans 5.0 is online
L 09/25/2011 - 17:22:05: [admin_amxbans.amxx] Login: "holder_x2<775><STEAM_0:0:1774720221><>" became an admin (account "holder_x2") (access "t") (address "89.110.59.146")
L 09/25/2011 - 17:22:10: [amxbans.amxx] [Amxbans] Query failed!
L 09/25/2011 - 17:22:10: [amxbans.amxx] [Amxbans] Threaded query error, location: 18
L 09/25/2011 - 17:22:10: [amxbans.amxx] [Amxbans] Message: You have an error in your SQL syntax; check the manual that corresponds to your MySQL server version for the right syntax to use near ''amxb' at line 1 (1064)
L 09/25/2011 - 17:22:10: [amxbans.amxx] [Amxbans] Query statement: 
L 09/25/2011 - 17:22:49: [voteban.amxx] Voteban starter holder_x2 against chem STEAM_0:0:750440509
L 09/25/2011 - 17:23:05: [voteban.amxx] [AMXX] BANNED: chem, STARTER: holder_x2
L 09/25/2011 - 17:23:06: [amxbans.amxx]  Зомби сервер (x_x(O_o)x_x) Go Zombie !!!<0><><> banned chem<STEAM_0:0:750440509> for 15 minutes (15 minutes). Reason: VIP->holder_x2.
L 09/25/2011 - 17:23:40: [amxbans.amxx] [Amxbans] Query failed!
L 09/25/2011 - 17:23:40: [amxbans.amxx] [Amxbans] Threaded query error, location: 18
L 09/25/2011 - 17:23:40: [amxbans.amxx] [Amxbans] Message: You have an error in your SQL syntax; check the manual that corresponds to your MySQL server version for the right syntax to use near '' at line 1 (1064)
L 09/25/2011 - 17:23:40: [amxbans.amxx] [Amxbans] Query statement: 
L 09/25/2011 - 17:58:02: -------- Mapchange to ze_egypt --------
L 09/25/2011 - 17:58:04: [amxbans.amxx] [AMXBANS] AMXBans 5.0 is online
L 09/25/2011 - 17:58:09: [amxbans.amxx] [Amxbans] Query failed!
L 09/25/2011 - 17:58:09: [amxbans.amxx] [Amxbans] Threaded query error, location: 18
L 09/25/2011 - 17:58:09: [amxbans.amxx] [Amxbans] Message: You have an error in your SQL syntax; check the manual that corresponds to your MySQL server version for the right syntax to use near ''amxb' at line 1 (1064)
L 09/25/2011 - 17:58:09: [amxbans.amxx] [Amxbans] Query statement: 
L 09/25/2011 - 17:58:10: [amxbans.amxx] [Amxbans] Query failed!
L 09/25/2011 - 17:58:10: [amxbans.amxx] [Amxbans] Threaded query error, location: 18
L 09/25/2011 - 17:58:10: [amxbans.amxx] [Amxbans] Message: You have an error in your SQL syntax; check the manual that corresponds to your MySQL server version for the right syntax to use near '' at line 1 (1064)
L 09/25/2011 - 17:58:10: [amxbans.amxx] [Amxbans] Query statement: 
L 09/25/2011 - 17:58:12: [amxbans.amxx] [Amxbans] Query failed!
L 09/25/2011 - 17:58:12: [amxbans.amxx] [Amxbans] Threaded query error, location: 18
L 09/25/2011 - 17:58:12: [amxbans.amxx] [Amxbans] Message: You have an error in your SQL syntax; check the manual that corresponds to your MySQL server version for the right syntax to use near ''amxb' at line 1 (1064)
L 09/25/2011 - 17:58:12: [amxbans.amxx] [Amxbans] Query statement: 
L 09/25/2011 - 17:58:13: [amxbans.amxx] [Amxbans] Query failed!
L 09/25/2011 - 17:58:13: [amxbans.amxx] [Amxbans] Threaded query error, location: 18
L 09/25/2011 - 17:58:13: [amxbans.amxx] [Amxbans] Message: You have an error in your SQL syntax; check the manual that corresponds to your MySQL server version for the right syntax to use near '' at line 1 (1064)
L 09/25/2011 - 17:58:13: [amxbans.amxx] [Amxbans] Query statement: 
L 09/25/2011 - 18:04:03: [admin_amxbans.amxx] Login: "4ebu[RUSH]ka<847><STEAM_0:0:2107967446><>" became an admin (account "4ebu[RUSH]ka") (access "t") (address "95.54.92.26")
L 09/25/2011 - 18:04:07: [admin_amxbans.amxx] Login: "4ebu[RUSH]ka<848><STEAM_0:0:2107967446><>" became an admin (account "4ebu[RUSH]ka") (access "t") (address "95.54.92.26")
L 09/25/2011 - 18:07:23: [admin_amxbans.amxx] Login: "wh<849><STEAM_0:0:1236438227><>" became an admin (account "172.23.65.13") (access "l") (address "172.23.65.13")
L 09/25/2011 - 18:07:26: [admin_amxbans.amxx] Login: "wh<850><STEAM_0:0:1236438227><>" became an admin (account "172.23.65.13") (access "l") (address "172.23.65.13")
L 09/25/2011 - 18:15:34: -------- Mapchange to zm_fdust2x2 --------
L 09/25/2011 - 18:15:35: [admin_amxbans.amxx] Login: "wh<850><STEAM_0:0:1236438227><>" became an admin (account "172.23.65.13") (access "l") (address "172.23.65.13")
L 09/25/2011 - 18:15:36: [amxbans.amxx] [AMXBANS] AMXBans 5.0 is online
L 09/25/2011 - 18:15:41: [amxbans.amxx] [Amxbans] Query failed!
L 09/25/2011 - 18:15:41: [amxbans.amxx] [Amxbans] Threaded query error, location: 18
L 09/25/2011 - 18:15:41: [amxbans.amxx] [Amxbans] Message: You have an error in your SQL syntax; check the manual that corresponds to your MySQL server version for the right syntax to use near ''amxb' at line 1 (1064)
L 09/25/2011 - 18:15:41: [amxbans.amxx] [Amxbans] Query statement: 
L 09/25/2011 - 18:15:41: [amxbans.amxx] [Amxbans] Query failed!
L 09/25/2011 - 18:15:41: [amxbans.amxx] [Amxbans] Threaded query error, location: 18
L 09/25/2011 - 18:15:41: [amxbans.amxx] [Amxbans] Message: You have an error in your SQL syntax; check the manual that corresponds to your MySQL server version for the right syntax to use near '' at line 1 (1064)
L 09/25/2011 - 18:15:41: [amxbans.amxx] [Amxbans] Query statement: 
L 09/25/2011 - 18:19:28: [amxbans.amxx] [Amxbans] Query failed!
L 09/25/2011 - 18:19:28: [amxbans.amxx] [Amxbans] Threaded query error, location: 18
L 09/25/2011 - 18:19:28: [amxbans.amxx] [Amxbans] Message: You have an error in your SQL syntax; check the manual that corresponds to your MySQL server version for the right syntax to use near '' at line 1 (1064)
L 09/25/2011 - 18:19:28: [amxbans.amxx] [Amxbans] Query statement: 
L 09/25/2011 - 18:20:37: [amxbans.amxx] [Amxbans] Query failed!
L 09/25/2011 - 18:20:37: [amxbans.amxx] [Amxbans] Threaded query error, location: 18
L 09/25/2011 - 18:20:37: [amxbans.amxx] [Amxbans] Message: You have an error in your SQL syntax; check the manual that corresponds to your MySQL server version for the right syntax to use near '' at line 1 (1064)
L 09/25/2011 - 18:20:37: [amxbans.amxx] [Amxbans] Query statement: 
L 09/25/2011 - 18:34:45: [amxbans.amxx] [Amxbans] Query failed!
L 09/25/2011 - 18:34:45: [amxbans.amxx] [Amxbans] Threaded query error, location: 18
L 09/25/2011 - 18:34:45: [amxbans.amxx] [Amxbans] Message: You have an error in your SQL syntax; check the manual that corresponds to your MySQL server version for the right syntax to use near ''amxb' at line 1 (1064)
L 09/25/2011 - 18:34:45: [amxbans.amxx] [Amxbans] Query statement: 
L 09/25/2011 - 18:37:43: -------- Mapchange to zm_neris --------
L 09/25/2011 - 18:37:44: [amxbans.amxx] [AMXBANS] AMXBans 5.0 is online
L 09/25/2011 - 18:37:50: [amxbans.amxx] [Amxbans] Query failed!
L 09/25/2011 - 18:37:50: [amxbans.amxx] [Amxbans] Threaded query error, location: 18
L 09/25/2011 - 18:37:50: [amxbans.amxx] [Amxbans] Message: You have an error in your SQL syntax; check the manual that corresponds to your MySQL server version for the right syntax to use near ''amxb' at line 1 (1064)
L 09/25/2011 - 18:37:50: [amxbans.amxx] [Amxbans] Query statement: 
L 09/25/2011 - 18:37:51: [amxbans.amxx] [Amxbans] Query failed!
L 09/25/2011 - 18:37:51: [amxbans.amxx] [Amxbans] Threaded query error, location: 18
L 09/25/2011 - 18:37:51: [amxbans.amxx] [Amxbans] Message: You have an error in your SQL syntax; check the manual that corresponds to your MySQL server version for the right syntax to use near '' at line 1 (1064)
L 09/25/2011 - 18:37:51: [amxbans.amxx] [Amxbans] Query statement: 
L 09/25/2011 - 18:38:13: [amxbans.amxx] [Amxbans] Query failed!
L 09/25/2011 - 18:38:13: [amxbans.amxx] [Amxbans] Threaded query error, location: 18
L 09/25/2011 - 18:38:13: [amxbans.amxx] [Amxbans] Message: You have an error in your SQL syntax; check the manual that corresponds to your MySQL server version for the right syntax to use near '' at line 1 (1064)
L 09/25/2011 - 18:38:13: [amxbans.amxx] [Amxbans] Query statement: 
L 09/25/2011 - 18:58:52: -------- Mapchange to ze_jurassicpark --------
L 09/25/2011 - 18:58:53: [amxbans.amxx] [AMXBANS] AMXBans 5.0 is online
L 09/25/2011 - 18:58:59: [amxbans.amxx] [Amxbans] Query failed!
L 09/25/2011 - 18:58:59: [amxbans.amxx] [Amxbans] Threaded query error, location: 18
L 09/25/2011 - 18:58:59: [amxbans.amxx] [Amxbans] Message: You have an error in your SQL syntax; check the manual that corresponds to your MySQL server version for the right syntax to use near ''amxb' at line 1 (1064)
L 09/25/2011 - 18:58:59: [amxbans.amxx] [Amxbans] Query statement: 
L 09/25/2011 - 18:59:00: [amxbans.amxx] [Amxbans] Query failed!
L 09/25/2011 - 18:59:00: [amxbans.amxx] [Amxbans] Threaded query error, location: 18
L 09/25/2011 - 18:59:00: [amxbans.amxx] [Amxbans] Message: You have an error in your SQL syntax; check the manual that corresponds to your MySQL server version for the right syntax to use near '' at line 1 (1064)
L 09/25/2011 - 18:59:00: [amxbans.amxx] [Amxbans] Query statement: 
L 09/25/2011 - 18:59:55: [amxbans.amxx] [Amxbans] Query failed!
L 09/25/2011 - 18:59:55: [amxbans.amxx] [Amxbans] Threaded query error, location: 18
L 09/25/2011 - 18:59:55: [amxbans.amxx] [Amxbans] Message: You have an error in your SQL syntax; check the manual that corresponds to your MySQL server version for the right syntax to use near ''amxb' at line 1 (1064)
L 09/25/2011 - 18:59:55: [amxbans.amxx] [Amxbans] Query statement: 
L 09/25/2011 - 19:01:25: [amxbans.amxx] [Amxbans] Query failed!
L 09/25/2011 - 19:01:25: [amxbans.amxx] [Amxbans] Threaded query error, location: 18
L 09/25/2011 - 19:01:25: [amxbans.amxx] [Amxbans] Message: You have an error in your SQL syntax; check the manual that corresponds to your MySQL server version for the right syntax to use near ''amxb' at line 1 (1064)
L 09/25/2011 - 19:01:25: [amxbans.amxx] [Amxbans] Query statement: 
L 09/25/2011 - 19:07:07: [admin_amxbans.amxx] Login: "wh<971><STEAM_0:0:1236438227><>" became an admin (account "172.23.65.13") (access "l") (address "172.23.65.13")
L 09/25/2011 - 19:07:09: [admin_amxbans.amxx] Login: "wh<972><STEAM_0:0:1236438227><>" became an admin (account "172.23.65.13") (access "l") (address "172.23.65.13")
L 09/25/2011 - 19:16:53: [amxbans.amxx] [Amxbans] Query failed!
L 09/25/2011 - 19:16:53: [amxbans.amxx] [Amxbans] Threaded query error, location: 18
L 09/25/2011 - 19:16:53: [amxbans.amxx] [Amxbans] Message: You have an error in your SQL syntax; check the manual that corresponds to your MySQL server version for the right syntax to use near '' at line 1 (1064)
L 09/25/2011 - 19:16:53: [amxbans.amxx] [Amxbans] Query statement: 
L 09/25/2011 - 19:17:52: [admincmd.amxx] Cmd: "wh<972><STEAM_0:0:1236438227><>" server console (cmdline "amx_slay adidas")
L 09/25/2011 - 19:17:52: [admincmd.amxx] Cmd: " Зомби сервер (x_x(O<0><><>" slay "adidas [*Vip*]<942><STEAM_0:4:1561390941><>"
L 09/25/2011 - 19:19:25: -------- Mapchange to zm_dwarf --------
L 09/25/2011 - 19:19:26: [admin_amxbans.amxx] Login: "wh<972><STEAM_0:0:1236438227><>" became an admin (account "172.23.65.13") (access "l") (address "172.23.65.13")
L 09/25/2011 - 19:19:27: [amxbans.amxx] [AMXBANS] AMXBans 5.0 is online
L 09/25/2011 - 19:19:34: [amxbans.amxx] [Amxbans] Query failed!
L 09/25/2011 - 19:19:34: [amxbans.amxx] [Amxbans] Threaded query error, location: 18
L 09/25/2011 - 19:19:34: [amxbans.amxx] [Amxbans] Message: You have an error in your SQL syntax; check the manual that corresponds to your MySQL server version for the right syntax to use near ''amxb' at line 1 (1064)
L 09/25/2011 - 19:19:34: [amxbans.amxx] [Amxbans] Query statement: 
L 09/25/2011 - 19:19:34: [amxbans.amxx] [Amxbans] Query failed!
L 09/25/2011 - 19:19:34: [amxbans.amxx] [Amxbans] Threaded query error, location: 18
L 09/25/2011 - 19:19:34: [amxbans.amxx] [Amxbans] Message: You have an error in your SQL syntax; check the manual that corresponds to your MySQL server version for the right syntax to use near '' at line 1 (1064)
L 09/25/2011 - 19:19:34: [amxbans.amxx] [Amxbans] Query statement: 
L 09/25/2011 - 19:19:34: [amxbans.amxx] [Amxbans] Query failed!
L 09/25/2011 - 19:19:34: [amxbans.amxx] [Amxbans] Threaded query error, location: 18
L 09/25/2011 - 19:19:34: [amxbans.amxx] [Amxbans] Message: You have an error in your SQL syntax; check the manual that corresponds to your MySQL server version for the right syntax to use near '' at line 1 (1064)
L 09/25/2011 - 19:19:34: [amxbans.amxx] [Amxbans] Query statement: 
L 09/25/2011 - 19:34:51: [admincmd.amxx] Cmd: "wh<972><STEAM_0:0:1236438227><>" server console (cmdline "amx_slay adidas ")
L 09/25/2011 - 19:34:51: [admincmd.amxx] Cmd: " Зомби сервер (x_x(O<0><><>" slay "adidas [*Vip*]<942><STEAM_0:4:1561390941><>"
L 09/25/2011 - 19:39:39: [admincmd.amxx] Cmd: "wh<972><STEAM_0:0:1236438227><>" server console (cmdline "amx_map zm_303")
L 09/25/2011 - 19:39:39: [admincmd.amxx] Cmd: " Зомби сервер (x_x(O<0><><>" changelevel "zm_303"
L 09/25/2011 - 19:39:42: -------- Mapchange to zm_303 --------
L 09/25/2011 - 19:39:42: [admin_amxbans.amxx] Login: "wh<972><STEAM_0:0:1236438227><>" became an admin (account "172.23.65.13") (access "l") (address "172.23.65.13")
L 09/25/2011 - 19:39:43: [amxbans.amxx] [AMXBANS] AMXBans 5.0 is online
L 09/25/2011 - 19:39:50: [amxbans.amxx] [Amxbans] Query failed!
L 09/25/2011 - 19:39:50: [amxbans.amxx] [Amxbans] Threaded query error, location: 18
L 09/25/2011 - 19:39:50: [amxbans.amxx] [Amxbans] Message: You have an error in your SQL syntax; check the manual that corresponds to your MySQL server version for the right syntax to use near '' at line 1 (1064)
L 09/25/2011 - 19:39:50: [amxbans.amxx] [Amxbans] Query statement: 
L 09/25/2011 - 19:39:50: [amxbans.amxx] [Amxbans] Query failed!
L 09/25/2011 - 19:39:50: [amxbans.amxx] [Amxbans] Threaded query error, location: 18
L 09/25/2011 - 19:39:50: [amxbans.amxx] [Amxbans] Message: You have an error in your SQL syntax; check the manual that corresponds to your MySQL server version for the right syntax to use near ''amxb' at line 1 (1064)
L 09/25/2011 - 19:39:50: [amxbans.amxx] [Amxbans] Query statement: 
L 09/25/2011 - 19:46:29: [admincmd.amxx] Cmd: "wh<972><STEAM_0:0:1236438227><>" server console (cmdline "amx_ban")
L 09/25/2011 - 19:46:47: [admincmd.amxx] Cmd: "wh<972><STEAM_0:0:1236438227><>" server console (cmdline "amx_ban adidas 1000 lox")
L 09/25/2011 - 19:47:01: [admin_amxbans.amxx] Login: "Lenusjka<1013><STEAM_0:4:1429483121><>" became an admin (account "Lenusjka") (access "eqt") (address "91.190.52.3")
L 09/25/2011 - 19:47:21: [admincmd.amxx] Cmd: "wh<972><STEAM_0:0:1236438227><>" server console (cmdline "amx_ban 1000 adidas lox")
L 09/25/2011 - 19:47:22: [amxbans.amxx]  Зомби сервер (x_x(O_o)x_x) Go Zombie !!!<0><><> banned adidas [*Vip*]<STEAM_0:4:1561390941> for 16 hours and 40 minutes (1000 minutes). Reason: lox.
L 09/25/2011 - 19:50:54: [admin_amxbans.amxx] Login: "wh<972><STEAM_0:0:1236438227><>" became an admin (account "172.23.65.13") (access "l") (address "172.23.65.13")
L 09/25/2011 - 19:54:53: [admin_amxbans.amxx] Login: "holder_x2<1027><STEAM_0:0:1774720221><>" kicked due to invalid password (account "holder_x2") (address "89.110.59.146")
L 09/25/2011 - 19:54:57: [admin_amxbans.amxx] Login: "holder_x2<1031><STEAM_0:0:1774720221><>" kicked due to invalid password (account "holder_x2") (address "89.110.59.146")
L 09/25/2011 - 19:55:15: [admin_amxbans.amxx] Login: "holder_x2<1034><STEAM_0:0:1774720221><>" became an admin (account "holder_x2") (access "t") (address "89.110.59.146")
L 09/25/2011 - 20:01:42: -------- Mapchange to zm_caca --------
L 09/25/2011 - 20:01:43: [admin_amxbans.amxx] Login: "holder_x2<1034><STEAM_0:0:1774720221><>" became an admin (account "holder_x2") (access "t") (address "89.110.59.146")
L 09/25/2011 - 20:01:43: [admin_amxbans.amxx] Login: "Lenusjka<1013><STEAM_0:4:1429483121><>" became an admin (account "Lenusjka") (access "eqt") (address "91.190.52.3")
L 09/25/2011 - 20:01:44: [amxbans.amxx] [AMXBANS] AMXBans 5.0 is online
L 09/25/2011 - 20:01:47: [admin_amxbans.amxx] Login: "holder_x2<1058><STEAM_0:0:1774720221><>" became an admin (account "holder_x2") (access "t") (address "89.110.59.146")
L 09/25/2011 - 20:01:48: [amxbans.amxx] [Amxbans] Query failed!
L 09/25/2011 - 20:01:48: [amxbans.amxx] [Amxbans] Threaded query error, location: 18
L 09/25/2011 - 20:01:48: [amxbans.amxx] [Amxbans] Message: You have an error in your SQL syntax; check the manual that corresponds to your MySQL server version for the right syntax to use near ''amxb' at line 1 (1064)
L 09/25/2011 - 20:01:48: [amxbans.amxx] [Amxbans] Query statement: 
L 09/25/2011 - 20:03:51: [voteban.amxx] Voteban starter holder_x2 against MA0!0[9I] STEAM_0:0:1354702700
L 09/25/2011 - 20:04:06: [voteban.amxx] [AMXX] BANNED: MA0!0[9I], STARTER: holder_x2
L 09/25/2011 - 20:04:07: [amxbans.amxx]  Зомби сервер (x_x(O_o)x_x) Go Zombie !!!<0><><> banned MA0!0[9I]<STEAM_0:0:1354702700> for 15 minutes (15 minutes). Reason: VIP->holder_x2.
L 09/25/2011 - 20:07:40: [voteban.amxx] Voteban starter holder_x2 against change_nick! STEAM_0:0:1369991164
L 09/25/2011 - 20:07:54: [voteban.amxx] Voteban starter holder_x2 against n1h1 STEAM_0:0:1969956941
L 09/25/2011 - 20:07:55: [voteban.amxx] [AMXX] BANNED: n1h1, STARTER: holder_x2
L 09/25/2011 - 20:07:56: [amxbans.amxx]  Зомби сервер (x_x(O_o)x_x) Go Zombie !!!<0><><> banned n1h1<STEAM_0:0:1969956941> for 15 minutes (15 minutes). Reason: VIP->holder_x2.
L 09/25/2011 - 20:08:09: [voteban.amxx] [AMXX] BANNED: n1h1, STARTER: holder_x2
L 09/25/2011 - 20:12:23: [voteban.amxx] Voteban starter holder_x2 against <<PRO>> STEAM_0:0:1308707519
L 09/25/2011 - 20:12:38: [voteban.amxx] [AMXX] BANNED: <<PRO>>, STARTER: holder_x2
L 09/25/2011 - 20:12:39: [amxbans.amxx]  Зомби сервер (x_x(O_o)x_x) Go Zombie !!!<0><><> banned <<PRO>><STEAM_0:0:1308707519> for 15 minutes (15 minutes). Reason: VIP->holder_x2.
L 09/25/2011 - 20:19:51: [voteban.amxx] Voteban starter holder_x2 against 686874058 STEAM_0:4:302846449
L 09/25/2011 - 20:20:06: [voteban.amxx] [AMXX] BANNED: 686874058, STARTER: holder_x2
L 09/25/2011 - 20:20:07: [amxbans.amxx]  Зомби сервер (x_x(O_o)x_x) Go Zombie !!!<0><><> banned 686874058<STEAM_0:4:302846449> for 15 minutes (15 minutes). Reason: VIP->holder_x2.
L 09/25/2011 - 20:23:38: -------- Mapchange to 016 --------
L 09/25/2011 - 20:23:39: [admin_amxbans.amxx] Login: "Lenusjka<1013><STEAM_0:4:1429483121><>" became an admin (account "Lenusjka") (access "eqt") (address "91.190.52.3")
L 09/25/2011 - 20:23:40: [amxbans.amxx] [AMXBANS] AMXBans 5.0 is online
L 09/25/2011 - 20:23:46: [amxbans.amxx] [Amxbans] Query failed!
L 09/25/2011 - 20:23:46: [amxbans.amxx] [Amxbans] Threaded query error, location: 18
L 09/25/2011 - 20:23:46: [amxbans.amxx] [Amxbans] Message: You have an error in your SQL syntax; check the manual that corresponds to your MySQL server version for the right syntax to use near ''amxb' at line 1 (1064)
L 09/25/2011 - 20:23:46: [amxbans.amxx] [Amxbans] Query statement: 
L 09/25/2011 - 20:31:06: [admincmd.amxx] Cmd: "Lenusjka<1013><STEAM_0:4:1429483121><>" slap with 0 damage "Lenusjka<1013><STEAM_0:4:1429483121><>"
L 09/25/2011 - 20:34:32: [admin_amxbans.amxx] Login: "4ebu[RUSH]ka<1143><STEAM_0:0:2107967446><>" became an admin (account "4ebu[RUSH]ka") (access "t") (address "95.54.92.26")
L 09/25/2011 - 20:53:40: -------- Mapchange to ze_lift_escape_b5 --------
L 09/25/2011 - 20:53:42: [admin_amxbans.amxx] Login: "Lenusjka<1013><STEAM_0:4:1429483121><>" became an admin (account "Lenusjka") (access "eqt") (address "91.190.52.3")
L 09/25/2011 - 20:53:42: [amxbans.amxx] [AMXBANS] AMXBans 5.0 is online
L 09/25/2011 - 21:01:28: [admin_amxbans.amxx] Login: "holder_x2<1170><STEAM_0:0:1774720221><>" became an admin (account "holder_x2") (access "t") (address "89.110.59.146")
L 09/25/2011 - 21:01:31: [admin_amxbans.amxx] Login: "holder_x2<1171><STEAM_0:0:1774720221><>" became an admin (account "holder_x2") (access "t") (address "89.110.59.146")
L 09/25/2011 - 21:05:26: [admin_amxbans.amxx] Login: "Kenny<1176><STEAM_0:0:963405193><>" became an admin (account "Kenny") (access "abcdefghijlmnopqstu") (address "109.161.93.242")
L 09/25/2011 - 21:05:45: [admincmd.amxx] Cmd: "Kenny<1176><STEAM_0:0:963405193><>" ask for players list
L 09/25/2011 - 21:07:13: [admin_amxbans.amxx] Login: "4ebu[RUSH]ka<1178><STEAM_0:0:2107967446><>" became an admin (account "4ebu[RUSH]ka") (access "t") (address "95.54.92.26")
L 09/25/2011 - 21:09:49: -------- Mapchange to zm_666_brick --------
L 09/25/2011 - 21:09:50: [admin_amxbans.amxx] Login: "holder_x2<1171><STEAM_0:0:1774720221><>" became an admin (account "holder_x2") (access "t") (address "89.110.59.146")
L 09/25/2011 - 21:09:50: [admin_amxbans.amxx] Login: "Lenusjka<1013><STEAM_0:4:1429483121><>" became an admin (account "Lenusjka") (access "eqt") (address "91.190.52.3")
L 09/25/2011 - 21:09:50: [admin_amxbans.amxx] Login: "holder_x2<1183><STEAM_0:0:1774720221><>" became an admin (account "holder_x2") (access "t") (address "89.110.59.146")
L 09/25/2011 - 21:09:50: [admin_amxbans.amxx] Login: "Lenusjka<1013><STEAM_0:4:1429483121><>" became an admin (account "Lenusjka") (access "eqt") (address "91.190.52.3")
L 09/25/2011 - 21:09:50: [amxbans.amxx] [AMXBANS] AMXBans 5.0 is online
L 09/25/2011 - 21:09:53: [admin_amxbans.amxx] Login: "holder_x2<1184><STEAM_0:0:1774720221><>" became an admin (account "holder_x2") (access "t") (address "89.110.59.146")
L 09/25/2011 - 21:13:41: [amxbans.amxx] [Amxbans] Query failed!
L 09/25/2011 - 21:13:41: [amxbans.amxx] [Amxbans] Threaded query error, location: 18
L 09/25/2011 - 21:13:41: [amxbans.amxx] [Amxbans] Message: You have an error in your SQL syntax; check the manual that corresponds to your MySQL server version for the right syntax to use near ''amxb' at line 1 (1064)
L 09/25/2011 - 21:13:41: [amxbans.amxx] [Amxbans] Query statement: 
L 09/25/2011 - 21:40:46: -------- Mapchange to cs_militia --------
L 09/25/2011 - 21:40:52: [amxbans.amxx] [AMXBANS] AMXBans 5.0 is online
L 09/25/2011 - 21:40:57: [amxbans.amxx] [Amxbans] Query failed!
L 09/25/2011 - 21:40:57: [amxbans.amxx] [Amxbans] Threaded query error, location: 18
L 09/25/2011 - 21:40:57: [amxbans.amxx] [Amxbans] Message: You have an error in your SQL syntax; check the manual that corresponds to your MySQL server version for the right syntax to use near ''amxb' at line 1 (1064)
L 09/25/2011 - 21:40:57: [amxbans.amxx] [Amxbans] Query statement: 
L 09/25/2011 - 22:02:13: -------- Mapchange to zm_xata --------
L 09/25/2011 - 22:02:15: [amxbans.amxx] [AMXBANS] AMXBans 5.0 is online
L 09/25/2011 - 22:02:20: [amxbans.amxx] [Amxbans] Query failed!
L 09/25/2011 - 22:02:20: [amxbans.amxx] [Amxbans] Threaded query error, location: 18
L 09/25/2011 - 22:02:20: [amxbans.amxx] [Amxbans] Message: You have an error in your SQL syntax; check the manual that corresponds to your MySQL server version for the right syntax to use near ''amxb' at line 1 (1064)
L 09/25/2011 - 22:02:20: [amxbans.amxx] [Amxbans] Query statement: 
L 09/25/2011 - 22:08:33: [amxbans.amxx] [Amxbans] Query failed!
L 09/25/2011 - 22:08:33: [amxbans.amxx] [Amxbans] Threaded query error, location: 18
L 09/25/2011 - 22:08:33: [amxbans.amxx] [Amxbans] Message: You have an error in your SQL syntax; check the manual that corresponds to your MySQL server version for the right syntax to use near ''amxb' at line 1 (1064)
L 09/25/2011 - 22:08:33: [amxbans.amxx] [Amxbans] Query statement: 
L 09/25/2011 - 22:13:47: [amxbans.amxx] [Amxbans] Query failed!
L 09/25/2011 - 22:13:47: [amxbans.amxx] [Amxbans] Threaded query error, location: 18
L 09/25/2011 - 22:13:47: [amxbans.amxx] [Amxbans] Message: You have an error in your SQL syntax; check the manual that corresponds to your MySQL server version for the right syntax to use near ''amxb' at line 1 (1064)
L 09/25/2011 - 22:13:47: [amxbans.amxx] [Amxbans] Query statement: 
L 09/25/2011 - 22:23:51: [amxbans.amxx] [Amxbans] Query failed!
L 09/25/2011 - 22:23:51: [amxbans.amxx] [Amxbans] Threaded query error, location: 18
L 09/25/2011 - 22:23:51: [amxbans.amxx] [Amxbans] Message: You have an error in your SQL syntax; check the manual that corresponds to your MySQL server version for the right syntax to use near ''amxb' at line 1 (1064)
L 09/25/2011 - 22:23:51: [amxbans.amxx] [Amxbans] Query statement: 
L 09/25/2011 - 22:24:18: -------- Mapchange to zm_fdust2x2 --------
L 09/25/2011 - 22:24:20: [amxbans.amxx] [AMXBANS] AMXBans 5.0 is online
L 09/25/2011 - 22:24:26: [amxbans.amxx] [Amxbans] Query failed!
L 09/25/2011 - 22:24:26: [amxbans.amxx] [Amxbans] Threaded query error, location: 18
L 09/25/2011 - 22:24:26: [amxbans.amxx] [Amxbans] Message: You have an error in your SQL syntax; check the manual that corresponds to your MySQL server version for the right syntax to use near ''amxb' at line 1 (1064)
L 09/25/2011 - 22:24:26: [amxbans.amxx] [Amxbans] Query statement: 
L 09/25/2011 - 22:29:54: [admin_amxbans.amxx] Login: "I bet u look good on dancefloor<1310><STEAM_0:0:44643826><>" became an admin (account "172.23.65.13") (access "l") (address "172.23.65.13")
L 09/25/2011 - 22:29:58: [admin_amxbans.amxx] Login: "I bet u look good on dancefloor<1311><STEAM_0:0:44643826><>" became an admin (account "172.23.65.13") (access "l") (address "172.23.65.13")
L 09/25/2011 - 22:39:02: [admincmd.amxx] Cmd: "I bet u look good on dancefloor<1311><STEAM_0:0:44643826><>" server console (cmdline "amx_ban lyon 483840 cheater")
L 09/25/2011 - 22:39:16: [admincmd.amxx] Cmd: "I bet u look good on dancefloor<1311><STEAM_0:0:44643826><>" server console (cmdline "amx_ban 483840 lyon cheater ")
L 09/25/2011 - 22:39:17: [amxbans.amxx]  Зомби сервер (x_x(O_o)x_x) Go Zombie !!!<0><><> banned |VS|LyonThor[AMX]<STEAM_0:4:2068601714> for 48 weeks (483840 minutes). Reason: cheater .
L 09/25/2011 - 22:39:53: [admin_amxbans.amxx] Login: "Dimka<1311><STEAM_0:0:44643826><>" kicked due to invalid password (account "Dimka") (address "172.23.65.13")
L 09/25/2011 - 22:43:36: [admin_amxbans.amxx] Login: "Dimka<1330><STEAM_0:0:44643826><>" kicked due to invalid password (account "Dimka") (address "172.23.65.13")
L 09/25/2011 - 22:46:25: -------- Mapchange to zm_neris --------
L 09/25/2011 - 22:46:27: [amxbans.amxx] [AMXBANS] AMXBans 5.0 is online
L 09/25/2011 - 22:49:25: -------- Mapchange to cs_estate --------
L 09/25/2011 - 22:49:28: [amxbans.amxx] [AMXBANS] AMXBans 5.0 is online
L 09/25/2011 - 22:59:21: -------- Mapchange to cs_estate --------
L 09/25/2011 - 22:59:24: [amxbans.amxx] [AMXBANS] AMXBans 5.0 is online
L 09/25/2011 - 23:09:17: -------- Mapchange to cs_estate --------
L 09/25/2011 - 23:09:20: [amxbans.amxx] [AMXBANS] AMXBans 5.0 is online
L 09/25/2011 - 23:19:13: -------- Mapchange to cs_estate --------
L 09/25/2011 - 23:19:15: [amxbans.amxx] [AMXBANS] AMXBans 5.0 is online
L 09/25/2011 - 23:29:09: -------- Mapchange to cs_estate --------
L 09/25/2011 - 23:29:11: [amxbans.amxx] [AMXBANS] AMXBans 5.0 is online
L 09/25/2011 - 23:39:05: -------- Mapchange to cs_estate --------
L 09/25/2011 - 23:39:07: [amxbans.amxx] [AMXBANS] AMXBans 5.0 is online
L 09/25/2011 - 23:49:01: -------- Mapchange to cs_estate --------
L 09/25/2011 - 23:49:03: [amxbans.amxx] [AMXBANS] AMXBans 5.0 is online
L 09/25/2011 - 23:58:57: -------- Mapchange to cs_estate --------
L 09/25/2011 - 23:58:59: [amxbans.amxx] [AMXBANS] AMXBans 5.0 is online
