L 08/23/2011 - 00:05:40: -------- Mapchange to zm_toxic_house --------
L 08/23/2011 - 00:05:42: [amxbans.amxx] [AMXBANS] AMXBans 5.0 подключен
L 08/23/2011 - 00:22:40: -------- Mapchange to cs_estate --------
L 08/23/2011 - 00:22:43: [amxbans.amxx] [AMXBANS] AMXBans 5.0 подключен
L 08/23/2011 - 00:31:21: -------- Mapchange to zm_fdust2x2 --------
L 08/23/2011 - 00:31:23: [amxbans.amxx] [AMXBANS] AMXBans 5.0 подключен
L 08/23/2011 - 00:54:51: -------- Mapchange to zm_alley --------
L 08/23/2011 - 00:54:52: [amxbans.amxx] [AMXBANS] AMXBans 5.0 подключен
L 08/23/2011 - 01:16:35: -------- Mapchange to zm_303 --------
L 08/23/2011 - 01:16:36: [amxbans.amxx] [AMXBANS] AMXBans 5.0 подключен
L 08/23/2011 - 01:37:48: -------- Mapchange to ze_jurassicpark --------
L 08/23/2011 - 01:37:49: [amxbans.amxx] [AMXBANS] AMXBans 5.0 подключен
L 08/23/2011 - 01:45:10: -------- Mapchange to zm_neris --------
L 08/23/2011 - 01:45:12: [amxbans.amxx] [AMXBANS] AMXBans 5.0 подключен
L 08/23/2011 - 02:07:29: -------- Mapchange to zm_army --------
L 08/23/2011 - 02:07:31: [amxbans.amxx] [AMXBANS] AMXBans 5.0 подключен
L 08/23/2011 - 02:27:59: -------- Mapchange to zm_cpl_mill_kamp --------
L 08/23/2011 - 02:28:00: [amxbans.amxx] [AMXBANS] AMXBans 5.0 подключен
L 08/23/2011 - 02:30:59: -------- Mapchange to cs_estate --------
L 08/23/2011 - 02:31:02: [amxbans.amxx] [AMXBANS] AMXBans 5.0 подключен
L 08/23/2011 - 02:40:55: -------- Mapchange to cs_estate --------
L 08/23/2011 - 02:40:58: [amxbans.amxx] [AMXBANS] AMXBans 5.0 подключен
L 08/23/2011 - 02:50:51: -------- Mapchange to cs_estate --------
L 08/23/2011 - 02:50:54: [amxbans.amxx] [AMXBANS] AMXBans 5.0 подключен
L 08/23/2011 - 03:00:47: -------- Mapchange to cs_estate --------
L 08/23/2011 - 03:00:50: [amxbans.amxx] [AMXBANS] AMXBans 5.0 подключен
L 08/23/2011 - 03:10:43: -------- Mapchange to cs_estate --------
L 08/23/2011 - 03:10:46: [amxbans.amxx] [AMXBANS] AMXBans 5.0 подключен
L 08/23/2011 - 03:20:35: -------- Mapchange to cs_militia --------
L 08/23/2011 - 03:20:41: [amxbans.amxx] [AMXBANS] AMXBans 5.0 подключен
L 08/23/2011 - 03:23:39: -------- Mapchange to cs_estate --------
L 08/23/2011 - 03:23:42: [amxbans.amxx] [AMXBANS] AMXBans 5.0 подключен
L 08/23/2011 - 03:33:35: -------- Mapchange to cs_estate --------
L 08/23/2011 - 03:33:38: [amxbans.amxx] [AMXBANS] AMXBans 5.0 подключен
L 08/23/2011 - 03:44:46: -------- Mapchange to cs_estate --------
L 08/23/2011 - 03:44:49: [amxbans.amxx] [AMXBANS] AMXBans 5.0 подключен
L 08/23/2011 - 03:54:42: -------- Mapchange to cs_estate --------
L 08/23/2011 - 03:54:45: [amxbans.amxx] [AMXBANS] AMXBans 5.0 подключен
L 08/23/2011 - 04:04:33: -------- Mapchange to cs_estate --------
L 08/23/2011 - 04:04:35: [amxbans.amxx] [AMXBANS] AMXBans 5.0 подключен
L 08/23/2011 - 04:14:29: -------- Mapchange to cs_estate --------
L 08/23/2011 - 04:14:32: [amxbans.amxx] [AMXBANS] AMXBans 5.0 подключен
L 08/23/2011 - 04:28:45: -------- Mapchange to cs_estate --------
L 08/23/2011 - 04:28:48: [amxbans.amxx] [AMXBANS] AMXBans 5.0 подключен
L 08/23/2011 - 04:39:47: -------- Mapchange to 016 --------
L 08/23/2011 - 04:39:48: [amxbans.amxx] [AMXBANS] AMXBans 5.0 подключен
L 08/23/2011 - 04:42:46: -------- Mapchange to cs_estate --------
L 08/23/2011 - 04:42:49: [amxbans.amxx] [AMXBANS] AMXBans 5.0 подключен
L 08/23/2011 - 04:52:42: -------- Mapchange to cs_estate --------
L 08/23/2011 - 04:52:45: [amxbans.amxx] [AMXBANS] AMXBans 5.0 подключен
L 08/23/2011 - 05:02:38: -------- Mapchange to cs_estate --------
L 08/23/2011 - 05:02:41: [amxbans.amxx] [AMXBANS] AMXBans 5.0 подключен
L 08/23/2011 - 05:12:34: -------- Mapchange to cs_estate --------
L 08/23/2011 - 05:12:37: [amxbans.amxx] [AMXBANS] AMXBans 5.0 подключен
L 08/23/2011 - 05:22:30: -------- Mapchange to cs_estate --------
L 08/23/2011 - 05:22:33: [amxbans.amxx] [AMXBANS] AMXBans 5.0 подключен
L 08/23/2011 - 05:32:26: -------- Mapchange to cs_estate --------
L 08/23/2011 - 05:32:29: [amxbans.amxx] [AMXBANS] AMXBans 5.0 подключен
L 08/23/2011 - 05:42:22: -------- Mapchange to cs_estate --------
L 08/23/2011 - 05:42:25: [amxbans.amxx] [AMXBANS] AMXBans 5.0 подключен
L 08/23/2011 - 05:52:18: -------- Mapchange to cs_estate --------
L 08/23/2011 - 05:52:21: [amxbans.amxx] [AMXBANS] AMXBans 5.0 подключен
L 08/23/2011 - 06:02:14: -------- Mapchange to cs_estate --------
L 08/23/2011 - 06:02:17: [amxbans.amxx] [AMXBANS] AMXBans 5.0 подключен
L 08/23/2011 - 06:12:10: -------- Mapchange to cs_estate --------
L 08/23/2011 - 06:12:13: [amxbans.amxx] [AMXBANS] AMXBans 5.0 подключен
L 08/23/2011 - 06:22:06: -------- Mapchange to cs_estate --------
L 08/23/2011 - 06:22:09: [amxbans.amxx] [AMXBANS] AMXBans 5.0 подключен
L 08/23/2011 - 06:32:02: -------- Mapchange to cs_estate --------
L 08/23/2011 - 06:32:05: [amxbans.amxx] [AMXBANS] AMXBans 5.0 подключен
L 08/23/2011 - 06:41:58: -------- Mapchange to cs_estate --------
L 08/23/2011 - 06:42:01: [amxbans.amxx] [AMXBANS] AMXBans 5.0 подключен
L 08/23/2011 - 06:51:54: -------- Mapchange to cs_estate --------
L 08/23/2011 - 06:51:57: [amxbans.amxx] [AMXBANS] AMXBans 5.0 подключен
L 08/23/2011 - 07:01:50: -------- Mapchange to cs_estate --------
L 08/23/2011 - 07:01:53: [amxbans.amxx] [AMXBANS] AMXBans 5.0 подключен
L 08/23/2011 - 07:11:46: -------- Mapchange to cs_estate --------
L 08/23/2011 - 07:11:49: [amxbans.amxx] [AMXBANS] AMXBans 5.0 подключен
L 08/23/2011 - 07:24:12: -------- Mapchange to cs_estate --------
L 08/23/2011 - 07:24:15: [amxbans.amxx] [AMXBANS] AMXBans 5.0 подключен
L 08/23/2011 - 07:34:08: -------- Mapchange to cs_estate --------
L 08/23/2011 - 07:34:11: [amxbans.amxx] [AMXBANS] AMXBans 5.0 подключен
L 08/23/2011 - 07:44:04: -------- Mapchange to cs_estate --------
L 08/23/2011 - 07:44:07: [amxbans.amxx] [AMXBANS] AMXBans 5.0 подключен
L 08/23/2011 - 08:00:00: -------- Mapchange to cs_estate --------
L 08/23/2011 - 08:00:03: [amxbans.amxx] [AMXBANS] AMXBans 5.0 подключен
L 08/23/2011 - 08:08:23: -------- Mapchange to cs_militia --------
L 08/23/2011 - 08:08:28: [amxbans.amxx] [AMXBANS] AMXBans 5.0 подключен
L 08/23/2011 - 08:28:49: -------- Mapchange to zm_666_brick --------
L 08/23/2011 - 08:28:50: [amxbans.amxx] [AMXBANS] AMXBans 5.0 подключен
L 08/23/2011 - 08:49:00: -------- Mapchange to zm_alley --------
L 08/23/2011 - 08:49:02: [amxbans.amxx] [AMXBANS] AMXBans 5.0 подключен
L 08/23/2011 - 09:11:55: -------- Mapchange to zm_fdust2x2 --------
L 08/23/2011 - 09:11:57: [amxbans.amxx] [AMXBANS] AMXBans 5.0 подключен
L 08/23/2011 - 09:34:28: -------- Mapchange to zm_army --------
L 08/23/2011 - 09:34:29: [amxbans.amxx] [AMXBANS] AMXBans 5.0 подключен
L 08/23/2011 - 09:54:56: -------- Mapchange to zm_houses --------
L 08/23/2011 - 09:54:58: [amxbans.amxx] [AMXBANS] AMXBans 5.0 подключен
L 08/23/2011 - 10:17:35: -------- Mapchange to zm_303 --------
L 08/23/2011 - 10:17:37: [amxbans.amxx] [AMXBANS] AMXBans 5.0 подключен
L 08/23/2011 - 10:18:27: [admin_amxbans.amxx] Login: "Lajserk<1142><STEAM_0:0:729086216><>" became an admin (account "Lajserk") (access "t") (address "91.192.200.2")
L 08/23/2011 - 10:50:55: [admin_amxbans.amxx] Login: "Lajserk<1164><STEAM_0:0:729086216><>" became an admin (account "Lajserk") (access "t") (address "91.192.200.11")
L 08/23/2011 - 10:52:39: -------- Mapchange to zm_neris --------
L 08/23/2011 - 10:52:40: [admin_amxbans.amxx] Login: "Lajserk<1164><STEAM_0:0:729086216><>" became an admin (account "Lajserk") (access "t") (address "91.192.200.11")
L 08/23/2011 - 10:52:41: [amxbans.amxx] [AMXBANS] AMXBans 5.0 подключен
L 08/23/2011 - 11:12:40: -------- Mapchange to ze_jurassicpark --------
L 08/23/2011 - 11:12:41: [admin_amxbans.amxx] Login: "Lajserk<1164><STEAM_0:0:729086216><>" became an admin (account "Lajserk") (access "t") (address "91.192.200.11")
L 08/23/2011 - 11:12:42: [amxbans.amxx] [AMXBANS] AMXBans 5.0 подключен
L 08/23/2011 - 11:35:14: -------- Mapchange to zm_desolation_house --------
L 08/23/2011 - 11:35:15: [admin_amxbans.amxx] Login: "Lajserk<1164><STEAM_0:0:729086216><>" became an admin (account "Lajserk") (access "t") (address "91.192.200.11")
L 08/23/2011 - 11:35:16: [amxbans.amxx] [AMXBANS] AMXBans 5.0 подключен
L 08/23/2011 - 11:42:33: [amxbans.amxx] [Amxbans] Запрос провален!
L 08/23/2011 - 11:42:33: [amxbans.amxx] [Amxbans] Ошибка, адрес: 18
L 08/23/2011 - 11:42:33: [amxbans.amxx] [Amxbans] Сообщение: You have an error in your SQL syntax; check the manual that corresponds to your MySQL server version for the right syntax to use near ''Bantime exp' at line 1 (1064)
L 08/23/2011 - 11:42:33: [amxbans.amxx] [Amxbans] Статус запроса: 
L 08/23/2011 - 11:55:28: -------- Mapchange to zm_666_brick --------
L 08/23/2011 - 11:55:30: [amxbans.amxx] [AMXBANS] AMXBans 5.0 подключен
L 08/23/2011 - 11:55:34: [amxbans.amxx] [Amxbans] Запрос провален!
L 08/23/2011 - 11:55:34: [amxbans.amxx] [Amxbans] Ошибка, адрес: 18
L 08/23/2011 - 11:55:34: [amxbans.amxx] [Amxbans] Сообщение: You have an error in your SQL syntax; check the manual that corresponds to your MySQL server version for the right syntax to use near ''Bantime exp' at line 1 (1064)
L 08/23/2011 - 11:55:34: [amxbans.amxx] [Amxbans] Статус запроса: 
L 08/23/2011 - 11:56:36: [admin_amxbans.amxx] Login: "Euforia<1242><STEAM_0:0:1235555515><>" became an admin (account "Euforia") (access "t") (address "188.123.245.19")
L 08/23/2011 - 12:18:16: -------- Mapchange to 016 --------
L 08/23/2011 - 12:18:18: [amxbans.amxx] [AMXBANS] AMXBans 5.0 подключен
L 08/23/2011 - 12:18:22: [amxbans.amxx] [Amxbans] Запрос провален!
L 08/23/2011 - 12:18:22: [amxbans.amxx] [Amxbans] Ошибка, адрес: 18
L 08/23/2011 - 12:18:22: [amxbans.amxx] [Amxbans] Сообщение: You have an error in your SQL syntax; check the manual that corresponds to your MySQL server version for the right syntax to use near ''Bantime exp' at line 1 (1064)
L 08/23/2011 - 12:18:22: [amxbans.amxx] [Amxbans] Статус запроса: 
L 08/23/2011 - 12:25:00: [admin_amxbans.amxx] Login: "Euforia<1278><STEAM_0:0:1235555515><>" became an admin (account "Euforia") (access "t") (address "188.123.245.19")
L 08/23/2011 - 12:27:09: [admin_amxbans.amxx] Login: "Lajserk<1279><STEAM_0:0:729086216><>" became an admin (account "Lajserk") (access "t") (address "91.192.200.2")
L 08/23/2011 - 12:31:51: [admin_amxbans.amxx] Login: "Euforia<1281><STEAM_0:0:1235555515><>" became an admin (account "Euforia") (access "t") (address "188.123.245.19")
L 08/23/2011 - 12:41:15: -------- Mapchange to zm_fdust2x2 --------
L 08/23/2011 - 12:41:16: [admin_amxbans.amxx] Login: "Euforia<1281><STEAM_0:0:1235555515><>" became an admin (account "Euforia") (access "t") (address "188.123.245.19")
L 08/23/2011 - 12:41:16: [admin_amxbans.amxx] Login: "Lajserk<1279><STEAM_0:0:729086216><>" became an admin (account "Lajserk") (access "t") (address "91.192.200.2")
L 08/23/2011 - 12:41:17: [amxbans.amxx] [AMXBANS] AMXBans 5.0 подключен
L 08/23/2011 - 12:51:17: [amxbans.amxx] [Amxbans] Запрос провален!
L 08/23/2011 - 12:51:17: [amxbans.amxx] [Amxbans] Ошибка, адрес: 18
L 08/23/2011 - 12:51:17: [amxbans.amxx] [Amxbans] Сообщение: You have an error in your SQL syntax; check the manual that corresponds to your MySQL server version for the right syntax to use near ''Bantime exp' at line 1 (1064)
L 08/23/2011 - 12:51:17: [amxbans.amxx] [Amxbans] Статус запроса: 
L 08/23/2011 - 13:02:21: -------- Mapchange to zm_cpl_mill_kamp --------
L 08/23/2011 - 13:02:21: [admin_amxbans.amxx] Login: "Lajserk<1279><STEAM_0:0:729086216><>" became an admin (account "Lajserk") (access "t") (address "91.192.200.2")
L 08/23/2011 - 13:02:21: [admin_amxbans.amxx] Login: "Euforia<1281><STEAM_0:0:1235555515><>" became an admin (account "Euforia") (access "t") (address "188.123.245.19")
L 08/23/2011 - 13:02:22: [amxbans.amxx] [AMXBANS] AMXBans 5.0 подключен
L 08/23/2011 - 13:02:27: [amxbans.amxx] [Amxbans] Запрос провален!
L 08/23/2011 - 13:02:27: [amxbans.amxx] [Amxbans] Ошибка, адрес: 18
L 08/23/2011 - 13:02:27: [amxbans.amxx] [Amxbans] Сообщение: You have an error in your SQL syntax; check the manual that corresponds to your MySQL server version for the right syntax to use near ''Bantime exp' at line 1 (1064)
L 08/23/2011 - 13:02:27: [amxbans.amxx] [Amxbans] Статус запроса: 
L 08/23/2011 - 13:10:39: [admin_amxbans.amxx] Login: "[o_VIP_o]                (^_^)V<1311><STEAM_0:4:446327478><>" became an admin (account "212.55.104.156") (access "abcdefgijmnopqrstu") (address "212.55.104.156")
L 08/23/2011 - 13:11:42: [admin_amxbans.amxx] Login: "[o_VIP_o]                (^_^)V<1312><STEAM_0:4:446327478><>" became an admin (account "212.55.104.156") (access "abcdefgijmnopqrstu") (address "212.55.104.156")
L 08/23/2011 - 13:21:03: [amxbans.amxx] [Amxbans] Запрос провален!
L 08/23/2011 - 13:21:03: [amxbans.amxx] [Amxbans] Ошибка, адрес: 18
L 08/23/2011 - 13:21:03: [amxbans.amxx] [Amxbans] Сообщение: You have an error in your SQL syntax; check the manual that corresponds to your MySQL server version for the right syntax to use near ''Bantime exp' at line 1 (1064)
L 08/23/2011 - 13:21:03: [amxbans.amxx] [Amxbans] Статус запроса: 
L 08/23/2011 - 13:24:17: -------- Mapchange to zm_alley --------
L 08/23/2011 - 13:24:18: [admin_amxbans.amxx] Login: "Lajserk<1279><STEAM_0:0:729086216><>" became an admin (account "Lajserk") (access "t") (address "91.192.200.2")
L 08/23/2011 - 13:24:18: [admin_amxbans.amxx] Login: "Euforia<1281><STEAM_0:0:1235555515><>" became an admin (account "Euforia") (access "t") (address "188.123.245.19")
L 08/23/2011 - 13:24:18: [admin_amxbans.amxx] Login: "[o_VIP_o]                (^_^)V<1312><STEAM_0:4:446327478><>" became an admin (account "212.55.104.156") (access "abcdefgijmnopqrstu") (address "212.55.104.156")
L 08/23/2011 - 13:24:19: [amxbans.amxx] [AMXBANS] AMXBans 5.0 подключен
L 08/23/2011 - 13:24:24: [amxbans.amxx] [Amxbans] Запрос провален!
L 08/23/2011 - 13:24:24: [amxbans.amxx] [Amxbans] Ошибка, адрес: 18
L 08/23/2011 - 13:24:24: [amxbans.amxx] [Amxbans] Сообщение: You have an error in your SQL syntax; check the manual that corresponds to your MySQL server version for the right syntax to use near ''Bantime exp' at line 1 (1064)
L 08/23/2011 - 13:24:24: [amxbans.amxx] [Amxbans] Статус запроса: 
L 08/23/2011 - 13:31:02: [plmenu.amxx] Kick: "[o_VIP_o]                (^_^)V<1312><STEAM_0:4:446327478><>" kick ".:RockmakeR:.<1332><STEAM_0:4:353342705><>"
L 08/23/2011 - 13:31:27: [plmenu.amxx] Cmd: "[o_VIP_o]                (^_^)V<1312><STEAM_0:4:446327478><>" transfer "Euforia<1281><STEAM_0:0:1235555515><>" (team "TERRORIST")
L 08/23/2011 - 13:33:08: [admin_amxbans.amxx] Login: "Euforia<1335><STEAM_0:0:1235555515><>" became an admin (account "Euforia") (access "t") (address "188.123.245.19")
L 08/23/2011 - 13:34:14: [plmenu.amxx] Cmd: "[o_VIP_o]                (^_^)V<1312><STEAM_0:4:446327478><>" slay "Rex<1330><STEAM_0:4:867021045><>"
L 08/23/2011 - 13:40:56: [admin_amxbans.amxx] Login: "Euforia<1342><STEAM_0:0:1235555515><>" became an admin (account "Euforia") (access "t") (address "188.123.245.19")
L 08/23/2011 - 13:44:30: -------- Mapchange to ze_lift_escape_b5 --------
L 08/23/2011 - 13:44:31: [amxbans.amxx] [AMXBANS] AMXBans 5.0 подключен
L 08/23/2011 - 13:44:37: [amxbans.amxx] [Amxbans] Запрос провален!
L 08/23/2011 - 13:44:37: [amxbans.amxx] [Amxbans] Ошибка, адрес: 18
L 08/23/2011 - 13:44:37: [amxbans.amxx] [Amxbans] Сообщение: You have an error in your SQL syntax; check the manual that corresponds to your MySQL server version for the right syntax to use near ''Bantime exp' at line 1 (1064)
L 08/23/2011 - 13:44:37: [amxbans.amxx] [Amxbans] Статус запроса: 
L 08/23/2011 - 13:52:14: [admin_amxbans.amxx] Login: "Alecquant<1359><STEAM_0:4:1208507062><>" became an admin (account "Alecquant") (access "t") (address "213.87.76.57")
L 08/23/2011 - 13:54:35: [admin_amxbans.amxx] Login: "Alecquant<1360><STEAM_0:4:1208507062><>" became an admin (account "Alecquant") (access "t") (address "213.87.76.57")
L 08/23/2011 - 14:00:57: -------- Mapchange to zm_dwarf --------
L 08/23/2011 - 14:00:59: [amxbans.amxx] [AMXBANS] AMXBans 5.0 подключен
L 08/23/2011 - 14:01:04: [amxbans.amxx] [Amxbans] Запрос провален!
L 08/23/2011 - 14:01:04: [amxbans.amxx] [Amxbans] Ошибка, адрес: 18
L 08/23/2011 - 14:01:04: [amxbans.amxx] [Amxbans] Сообщение: You have an error in your SQL syntax; check the manual that corresponds to your MySQL server version for the right syntax to use near ''Bantime exp' at line 1 (1064)
L 08/23/2011 - 14:01:04: [amxbans.amxx] [Amxbans] Статус запроса: 
L 08/23/2011 - 14:02:32: [amxbans.amxx] [Amxbans] Запрос провален!
L 08/23/2011 - 14:02:32: [amxbans.amxx] [Amxbans] Ошибка, адрес: 18
L 08/23/2011 - 14:02:32: [amxbans.amxx] [Amxbans] Сообщение: You have an error in your SQL syntax; check the manual that corresponds to your MySQL server version for the right syntax to use near ''Bantime exp' at line 1 (1064)
L 08/23/2011 - 14:02:32: [amxbans.amxx] [Amxbans] Статус запроса: 
L 08/23/2011 - 14:11:49: [admin_amxbans.amxx] Login: "~Helena~<1395><STEAM_0:4:1719717738><>" became an admin (account "~Helena~") (access "at") (address "109.124.93.100")
L 08/23/2011 - 14:15:13: [amxbans.amxx] [Amxbans] Запрос провален!
L 08/23/2011 - 14:15:13: [amxbans.amxx] [Amxbans] Ошибка, адрес: 18
L 08/23/2011 - 14:15:13: [amxbans.amxx] [Amxbans] Сообщение: You have an error in your SQL syntax; check the manual that corresponds to your MySQL server version for the right syntax to use near ''Bantime exp' at line 1 (1064)
L 08/23/2011 - 14:15:13: [amxbans.amxx] [Amxbans] Статус запроса: 
L 08/23/2011 - 14:23:28: -------- Mapchange to zm_303 --------
L 08/23/2011 - 14:23:29: [admin_amxbans.amxx] Login: "~Helena~<1395><STEAM_0:4:1719717738><>" became an admin (account "~Helena~") (access "at") (address "109.124.93.100")
L 08/23/2011 - 14:23:29: [amxbans.amxx] [AMXBANS] AMXBans 5.0 подключен
L 08/23/2011 - 14:24:21: [admin_amxbans.amxx] Login: "Euforia<1407><STEAM_0:0:1235555515><>" became an admin (account "Euforia") (access "t") (address "188.123.245.19")
L 08/23/2011 - 14:25:05: [amxbans.amxx] [Amxbans] Запрос провален!
L 08/23/2011 - 14:25:05: [amxbans.amxx] [Amxbans] Ошибка, адрес: 18
L 08/23/2011 - 14:25:05: [amxbans.amxx] [Amxbans] Сообщение: You have an error in your SQL syntax; check the manual that corresponds to your MySQL server version for the right syntax to use near ''Bantime exp' at line 1 (1064)
L 08/23/2011 - 14:25:05: [amxbans.amxx] [Amxbans] Статус запроса: 
L 08/23/2011 - 14:29:01: [voteban.amxx] ADMIN banned ---|Bugs_Bonny|--- 188.81.125.115
L 08/23/2011 - 14:37:17: [voteban.amxx] ADMIN banned DOKTOP 91.197.204.212
L 08/23/2011 - 14:44:39: -------- Mapchange to ze_jurassicpark --------
L 08/23/2011 - 14:44:39: [admin_amxbans.amxx] Login: "~Helena~<1395><STEAM_0:4:1719717738><>" became an admin (account "~Helena~") (access "at") (address "109.124.93.100")
L 08/23/2011 - 14:44:40: [amxbans.amxx] [AMXBANS] AMXBans 5.0 подключен
L 08/23/2011 - 14:44:47: [amxbans.amxx] [Amxbans] Запрос провален!
L 08/23/2011 - 14:44:47: [amxbans.amxx] [Amxbans] Ошибка, адрес: 18
L 08/23/2011 - 14:44:47: [amxbans.amxx] [Amxbans] Сообщение: You have an error in your SQL syntax; check the manual that corresponds to your MySQL server version for the right syntax to use near ''Bantime exp' at line 1 (1064)
L 08/23/2011 - 14:44:47: [amxbans.amxx] [Amxbans] Статус запроса: 
L 08/23/2011 - 14:49:10: [admin_amxbans.amxx] Login: "Euforia<1426><STEAM_0:0:1235555515><>" became an admin (account "Euforia") (access "t") (address "188.123.245.19")
L 08/23/2011 - 14:54:53: -------- Mapchange to zm_666_brick --------
L 08/23/2011 - 14:54:54: [admin_amxbans.amxx] Login: "~Helena~<1395><STEAM_0:4:1719717738><>" became an admin (account "~Helena~") (access "at") (address "109.124.93.100")
L 08/23/2011 - 14:54:54: [admin_amxbans.amxx] Login: "Euforia<1426><STEAM_0:0:1235555515><>" became an admin (account "Euforia") (access "t") (address "188.123.245.19")
L 08/23/2011 - 14:54:54: [admin_amxbans.amxx] Login: "Euforia<1426><STEAM_0:0:1235555515><>" became an admin (account "Euforia") (access "t") (address "188.123.245.19")
L 08/23/2011 - 14:54:54: [admin_amxbans.amxx] Login: "~Helena~<1433><STEAM_0:4:1719717738><>" became an admin (account "~Helena~") (access "at") (address "109.124.93.100")
L 08/23/2011 - 14:54:55: [amxbans.amxx] [AMXBANS] AMXBans 5.0 подключен
L 08/23/2011 - 14:55:00: [amxbans.amxx] [Amxbans] Запрос провален!
L 08/23/2011 - 14:55:00: [amxbans.amxx] [Amxbans] Ошибка, адрес: 18
L 08/23/2011 - 14:55:00: [amxbans.amxx] [Amxbans] Сообщение: You have an error in your SQL syntax; check the manual that corresponds to your MySQL server version for the right syntax to use near ''Bantime exp' at line 1 (1064)
L 08/23/2011 - 14:55:00: [amxbans.amxx] [Amxbans] Статус запроса: 
L 08/23/2011 - 14:58:25: [amxbans.amxx] [Amxbans] Запрос провален!
L 08/23/2011 - 14:58:25: [amxbans.amxx] [Amxbans] Ошибка, адрес: 18
L 08/23/2011 - 14:58:25: [amxbans.amxx] [Amxbans] Сообщение: You have an error in your SQL syntax; check the manual that corresponds to your MySQL server version for the right syntax to use near ''Bantime exp' at line 1 (1064)
L 08/23/2011 - 14:58:25: [amxbans.amxx] [Amxbans] Статус запроса: 
L 08/23/2011 - 14:59:07: [admin_amxbans.amxx] Login: "[o_VIP_o]                (^_^)V<1436><STEAM_0:4:446327478><>" became an admin (account "212.55.104.156") (access "abcdefgijmnopqrstu") (address "212.55.104.156")
L 08/23/2011 - 15:01:02: [admin_amxbans.amxx] Login: "[o_VIP_o]                (^_^)V<1439><STEAM_0:4:446327478><>" became an admin (account "212.55.104.156") (access "abcdefgijmnopqrstu") (address "212.55.104.156")
L 08/23/2011 - 15:03:26: [plmenu.amxx] Cmd: "[o_VIP_o]                (^_^)V<1439><STEAM_0:4:446327478><>" transfer "[o_VIP_o]                (^_^)V<1439><STEAM_0:4:446327478><>" (team "TERRORIST")
L 08/23/2011 - 15:06:22: [admin_amxbans.amxx] Login: "Lajserk<1442><STEAM_0:0:729086216><>" became an admin (account "Lajserk") (access "t") (address "91.192.200.2")
L 08/23/2011 - 15:15:00: -------- Mapchange to zm_toxic_house --------
L 08/23/2011 - 15:15:01: [admin_amxbans.amxx] Login: "~Helena~<1433><STEAM_0:4:1719717738><>" became an admin (account "~Helena~") (access "at") (address "109.124.93.100")
L 08/23/2011 - 15:15:01: [admin_amxbans.amxx] Login: "Lajserk<1442><STEAM_0:0:729086216><>" became an admin (account "Lajserk") (access "t") (address "91.192.200.2")
L 08/23/2011 - 15:15:02: [amxbans.amxx] [AMXBANS] AMXBans 5.0 подключен
L 08/23/2011 - 15:15:04: [admin_amxbans.amxx] Login: "Lajserk<1448><STEAM_0:0:729086216><>" became an admin (account "Lajserk") (access "t") (address "91.192.200.2")
L 08/23/2011 - 15:15:07: [amxbans.amxx] [Amxbans] Запрос провален!
L 08/23/2011 - 15:15:07: [amxbans.amxx] [Amxbans] Ошибка, адрес: 18
L 08/23/2011 - 15:15:07: [amxbans.amxx] [Amxbans] Сообщение: You have an error in your SQL syntax; check the manual that corresponds to your MySQL server version for the right syntax to use near ''Bantime exp' at line 1 (1064)
L 08/23/2011 - 15:15:07: [amxbans.amxx] [Amxbans] Статус запроса: 
L 08/23/2011 - 15:18:48: [voteban.amxx] ADMIN banned di-san 91.194.160.194
L 08/23/2011 - 15:19:15: [amxbans.amxx] [Amxbans] Запрос провален!
L 08/23/2011 - 15:19:15: [amxbans.amxx] [Amxbans] Ошибка, адрес: 18
L 08/23/2011 - 15:19:15: [amxbans.amxx] [Amxbans] Сообщение: You have an error in your SQL syntax; check the manual that corresponds to your MySQL server version for the right syntax to use near ''Bantime exp' at line 1 (1064)
L 08/23/2011 - 15:19:15: [amxbans.amxx] [Amxbans] Статус запроса: 
L 08/23/2011 - 15:35:27: -------- Mapchange to zm_fdust2x2 --------
L 08/23/2011 - 15:35:28: [admin_amxbans.amxx] Login: "Lajserk<1448><STEAM_0:0:729086216><>" became an admin (account "Lajserk") (access "t") (address "91.192.200.2")
L 08/23/2011 - 15:35:29: [amxbans.amxx] [AMXBANS] AMXBans 5.0 подключен
L 08/23/2011 - 15:35:34: [amxbans.amxx] [Amxbans] Запрос провален!
L 08/23/2011 - 15:35:34: [amxbans.amxx] [Amxbans] Ошибка, адрес: 18
L 08/23/2011 - 15:35:34: [amxbans.amxx] [Amxbans] Сообщение: You have an error in your SQL syntax; check the manual that corresponds to your MySQL server version for the right syntax to use near ''Bantime exp' at line 1 (1064)
L 08/23/2011 - 15:35:34: [amxbans.amxx] [Amxbans] Статус запроса: 
L 08/23/2011 - 15:45:36: [amxbans.amxx] [Amxbans] Запрос провален!
L 08/23/2011 - 15:45:36: [amxbans.amxx] [Amxbans] Ошибка, адрес: 18
L 08/23/2011 - 15:45:36: [amxbans.amxx] [Amxbans] Сообщение: You have an error in your SQL syntax; check the manual that corresponds to your MySQL server version for the right syntax to use near ''Bantime expire' at line 1 (1064)
L 08/23/2011 - 15:45:36: [amxbans.amxx] [Amxbans] Статус запроса: 
L 08/23/2011 - 15:50:48: [admin_amxbans.amxx] Login: "l<1479><STEAM_0:4:446327478><>" became an admin (account "212.55.104.156") (access "abcdefgijmnopqrstu") (address "212.55.104.156")
L 08/23/2011 - 15:51:52: [adminchat.amxx] Chat: "l<1479><STEAM_0:4:446327478><>" chat "IIpuBet"
L 08/23/2011 - 15:51:55: [amxbans.amxx] [Amxbans] Запрос провален!
L 08/23/2011 - 15:51:55: [amxbans.amxx] [Amxbans] Ошибка, адрес: 18
L 08/23/2011 - 15:51:55: [amxbans.amxx] [Amxbans] Сообщение: You have an error in your SQL syntax; check the manual that corresponds to your MySQL server version for the right syntax to use near ''Bantime exp' at line 1 (1064)
L 08/23/2011 - 15:51:55: [amxbans.amxx] [Amxbans] Статус запроса: 
L 08/23/2011 - 15:52:09: [admincmd.amxx] Cmd: "l<1479><STEAM_0:4:446327478><>" ask for players list
L 08/23/2011 - 15:54:17: [admin_amxbans.amxx] Login: "[o_VIP_o]                 (^_^)<1479><STEAM_0:4:446327478><>" became an admin (account "212.55.104.156") (access "abcdefgijmnopqrstu") (address "212.55.104.156")
L 08/23/2011 - 15:54:22: [admin_amxbans.amxx] Login: "[o_VIP_o]                (^_^)V<1479><STEAM_0:4:446327478><>" became an admin (account "212.55.104.156") (access "abcdefgijmnopqrstu") (address "212.55.104.156")
L 08/23/2011 - 15:56:19: -------- Mapchange to 016 --------
L 08/23/2011 - 15:56:20: [admin_amxbans.amxx] Login: "[o_VIP_o]                (^_^)V<1479><STEAM_0:4:446327478><>" became an admin (account "212.55.104.156") (access "abcdefgijmnopqrstu") (address "212.55.104.156")
L 08/23/2011 - 15:56:20: [amxbans.amxx] [AMXBANS] AMXBans 5.0 подключен
L 08/23/2011 - 15:56:26: [amxbans.amxx] [Amxbans] Запрос провален!
L 08/23/2011 - 15:56:26: [amxbans.amxx] [Amxbans] Ошибка, адрес: 18
L 08/23/2011 - 15:56:26: [amxbans.amxx] [Amxbans] Сообщение: You have an error in your SQL syntax; check the manual that corresponds to your MySQL server version for the right syntax to use near ''Bantime exp' at line 1 (1064)
L 08/23/2011 - 15:56:26: [amxbans.amxx] [Amxbans] Статус запроса: 
L 08/23/2011 - 15:56:56: [amxbans.amxx] [Amxbans] Запрос провален!
L 08/23/2011 - 15:56:56: [amxbans.amxx] [Amxbans] Ошибка, адрес: 18
L 08/23/2011 - 15:56:56: [amxbans.amxx] [Amxbans] Сообщение: You have an error in your SQL syntax; check the manual that corresponds to your MySQL server version for the right syntax to use near ''Bantime expire' at line 1 (1064)
L 08/23/2011 - 15:56:56: [amxbans.amxx] [Amxbans] Статус запроса: 
L 08/23/2011 - 16:00:14: [plmenu.amxx] Cmd: "[o_VIP_o]                (^_^)V<1479><STEAM_0:4:446327478><>" slap with 0 damage "tEmzz :))<1489><STEAM_0:0:287945496><>"
L 08/23/2011 - 16:00:14: [plmenu.amxx] Cmd: "[o_VIP_o]                (^_^)V<1479><STEAM_0:4:446327478><>" slap with 0 damage "tEmzz :))<1489><STEAM_0:0:287945496><>"
L 08/23/2011 - 16:00:15: [plmenu.amxx] Cmd: "[o_VIP_o]                (^_^)V<1479><STEAM_0:4:446327478><>" slap with 0 damage "tEmzz :))<1489><STEAM_0:0:287945496><>"
L 08/23/2011 - 16:00:15: [plmenu.amxx] Cmd: "[o_VIP_o]                (^_^)V<1479><STEAM_0:4:446327478><>" slap with 0 damage "tEmzz :))<1489><STEAM_0:0:287945496><>"
L 08/23/2011 - 16:00:15: [plmenu.amxx] Cmd: "[o_VIP_o]                (^_^)V<1479><STEAM_0:4:446327478><>" slap with 0 damage "tEmzz :))<1489><STEAM_0:0:287945496><>"
L 08/23/2011 - 16:00:15: [plmenu.amxx] Cmd: "[o_VIP_o]                (^_^)V<1479><STEAM_0:4:446327478><>" slap with 0 damage "tEmzz :))<1489><STEAM_0:0:287945496><>"
L 08/23/2011 - 16:00:16: [plmenu.amxx] Cmd: "[o_VIP_o]                (^_^)V<1479><STEAM_0:4:446327478><>" slap with 0 damage "tEmzz :))<1489><STEAM_0:0:287945496><>"
L 08/23/2011 - 16:00:16: [plmenu.amxx] Cmd: "[o_VIP_o]                (^_^)V<1479><STEAM_0:4:446327478><>" slap with 0 damage "tEmzz :))<1489><STEAM_0:0:287945496><>"
L 08/23/2011 - 16:00:16: [plmenu.amxx] Cmd: "[o_VIP_o]                (^_^)V<1479><STEAM_0:4:446327478><>" slap with 0 damage "tEmzz :))<1489><STEAM_0:0:287945496><>"
L 08/23/2011 - 16:00:16: [plmenu.amxx] Cmd: "[o_VIP_o]                (^_^)V<1479><STEAM_0:4:446327478><>" slap with 0 damage "tEmzz :))<1489><STEAM_0:0:287945496><>"
L 08/23/2011 - 16:00:17: [plmenu.amxx] Cmd: "[o_VIP_o]                (^_^)V<1479><STEAM_0:4:446327478><>" slap with 0 damage "tEmzz :))<1489><STEAM_0:0:287945496><>"
L 08/23/2011 - 16:00:17: [plmenu.amxx] Cmd: "[o_VIP_o]                (^_^)V<1479><STEAM_0:4:446327478><>" slap with 0 damage "tEmzz :))<1489><STEAM_0:0:287945496><>"
L 08/23/2011 - 16:00:17: [plmenu.amxx] Cmd: "[o_VIP_o]                (^_^)V<1479><STEAM_0:4:446327478><>" slap with 0 damage "tEmzz :))<1489><STEAM_0:0:287945496><>"
L 08/23/2011 - 16:00:17: [plmenu.amxx] Cmd: "[o_VIP_o]                (^_^)V<1479><STEAM_0:4:446327478><>" slap with 0 damage "tEmzz :))<1489><STEAM_0:0:287945496><>"
L 08/23/2011 - 16:00:18: [plmenu.amxx] Cmd: "[o_VIP_o]                (^_^)V<1479><STEAM_0:4:446327478><>" slap with 0 damage "tEmzz :))<1489><STEAM_0:0:287945496><>"
L 08/23/2011 - 16:00:18: [plmenu.amxx] Cmd: "[o_VIP_o]                (^_^)V<1479><STEAM_0:4:446327478><>" slap with 0 damage "tEmzz :))<1489><STEAM_0:0:287945496><>"
L 08/23/2011 - 16:00:18: [plmenu.amxx] Cmd: "[o_VIP_o]                (^_^)V<1479><STEAM_0:4:446327478><>" slap with 0 damage "tEmzz :))<1489><STEAM_0:0:287945496><>"
L 08/23/2011 - 16:00:19: [plmenu.amxx] Cmd: "[o_VIP_o]                (^_^)V<1479><STEAM_0:4:446327478><>" slap with 0 damage "tEmzz :))<1489><STEAM_0:0:287945496><>"
L 08/23/2011 - 16:00:19: [plmenu.amxx] Cmd: "[o_VIP_o]                (^_^)V<1479><STEAM_0:4:446327478><>" slap with 0 damage "tEmzz :))<1489><STEAM_0:0:287945496><>"
L 08/23/2011 - 16:00:19: [plmenu.amxx] Cmd: "[o_VIP_o]                (^_^)V<1479><STEAM_0:4:446327478><>" slap with 0 damage "tEmzz :))<1489><STEAM_0:0:287945496><>"
L 08/23/2011 - 16:00:20: [plmenu.amxx] Cmd: "[o_VIP_o]                (^_^)V<1479><STEAM_0:4:446327478><>" slap with 0 damage "tEmzz :))<1489><STEAM_0:0:287945496><>"
L 08/23/2011 - 16:00:20: [plmenu.amxx] Cmd: "[o_VIP_o]                (^_^)V<1479><STEAM_0:4:446327478><>" slap with 0 damage "tEmzz :))<1489><STEAM_0:0:287945496><>"
L 08/23/2011 - 16:00:20: [plmenu.amxx] Cmd: "[o_VIP_o]                (^_^)V<1479><STEAM_0:4:446327478><>" slap with 0 damage "tEmzz :))<1489><STEAM_0:0:287945496><>"
L 08/23/2011 - 16:00:20: [plmenu.amxx] Cmd: "[o_VIP_o]                (^_^)V<1479><STEAM_0:4:446327478><>" slap with 0 damage "tEmzz :))<1489><STEAM_0:0:287945496><>"
L 08/23/2011 - 16:00:21: [plmenu.amxx] Cmd: "[o_VIP_o]                (^_^)V<1479><STEAM_0:4:446327478><>" slap with 0 damage "tEmzz :))<1489><STEAM_0:0:287945496><>"
L 08/23/2011 - 16:00:21: [plmenu.amxx] Cmd: "[o_VIP_o]                (^_^)V<1479><STEAM_0:4:446327478><>" slap with 0 damage "tEmzz :))<1489><STEAM_0:0:287945496><>"
L 08/23/2011 - 16:00:21: [plmenu.amxx] Cmd: "[o_VIP_o]                (^_^)V<1479><STEAM_0:4:446327478><>" slap with 0 damage "tEmzz :))<1489><STEAM_0:0:287945496><>"
L 08/23/2011 - 16:00:23: [plmenu.amxx] Cmd: "[o_VIP_o]                (^_^)V<1479><STEAM_0:4:446327478><>" slap with 0 damage "tEmzz :))<1489><STEAM_0:0:287945496><>"
L 08/23/2011 - 16:00:23: [plmenu.amxx] Cmd: "[o_VIP_o]                (^_^)V<1479><STEAM_0:4:446327478><>" slap with 0 damage "tEmzz :))<1489><STEAM_0:0:287945496><>"
L 08/23/2011 - 16:00:24: [plmenu.amxx] Cmd: "[o_VIP_o]                (^_^)V<1479><STEAM_0:4:446327478><>" slap with 0 damage "tEmzz :))<1489><STEAM_0:0:287945496><>"
L 08/23/2011 - 16:00:24: [plmenu.amxx] Cmd: "[o_VIP_o]                (^_^)V<1479><STEAM_0:4:446327478><>" slap with 0 damage "tEmzz :))<1489><STEAM_0:0:287945496><>"
L 08/23/2011 - 16:00:24: [plmenu.amxx] Cmd: "[o_VIP_o]                (^_^)V<1479><STEAM_0:4:446327478><>" slap with 0 damage "tEmzz :))<1489><STEAM_0:0:287945496><>"
L 08/23/2011 - 16:00:24: [plmenu.amxx] Cmd: "[o_VIP_o]                (^_^)V<1479><STEAM_0:4:446327478><>" slap with 0 damage "tEmzz :))<1489><STEAM_0:0:287945496><>"
L 08/23/2011 - 16:00:25: [plmenu.amxx] Cmd: "[o_VIP_o]                (^_^)V<1479><STEAM_0:4:446327478><>" slap with 0 damage "tEmzz :))<1489><STEAM_0:0:287945496><>"
L 08/23/2011 - 16:00:25: [plmenu.amxx] Cmd: "[o_VIP_o]                (^_^)V<1479><STEAM_0:4:446327478><>" slap with 0 damage "tEmzz :))<1489><STEAM_0:0:287945496><>"
L 08/23/2011 - 16:00:25: [plmenu.amxx] Cmd: "[o_VIP_o]                (^_^)V<1479><STEAM_0:4:446327478><>" slap with 0 damage "tEmzz :))<1489><STEAM_0:0:287945496><>"
L 08/23/2011 - 16:00:26: [plmenu.amxx] Cmd: "[o_VIP_o]                (^_^)V<1479><STEAM_0:4:446327478><>" slap with 0 damage "tEmzz :))<1489><STEAM_0:0:287945496><>"
L 08/23/2011 - 16:00:26: [plmenu.amxx] Cmd: "[o_VIP_o]                (^_^)V<1479><STEAM_0:4:446327478><>" slap with 0 damage "tEmzz :))<1489><STEAM_0:0:287945496><>"
L 08/23/2011 - 16:00:28: [plmenu.amxx] Cmd: "[o_VIP_o]                (^_^)V<1479><STEAM_0:4:446327478><>" slap with 0 damage "tEmzz :))<1489><STEAM_0:0:287945496><>"
L 08/23/2011 - 16:00:28: [plmenu.amxx] Cmd: "[o_VIP_o]                (^_^)V<1479><STEAM_0:4:446327478><>" slap with 0 damage "tEmzz :))<1489><STEAM_0:0:287945496><>"
L 08/23/2011 - 16:00:28: [plmenu.amxx] Cmd: "[o_VIP_o]                (^_^)V<1479><STEAM_0:4:446327478><>" slap with 0 damage "tEmzz :))<1489><STEAM_0:0:287945496><>"
L 08/23/2011 - 16:00:28: [plmenu.amxx] Cmd: "[o_VIP_o]                (^_^)V<1479><STEAM_0:4:446327478><>" slap with 0 damage "tEmzz :))<1489><STEAM_0:0:287945496><>"
L 08/23/2011 - 16:00:29: [plmenu.amxx] Cmd: "[o_VIP_o]                (^_^)V<1479><STEAM_0:4:446327478><>" slap with 0 damage "tEmzz :))<1489><STEAM_0:0:287945496><>"
L 08/23/2011 - 16:00:29: [plmenu.amxx] Cmd: "[o_VIP_o]                (^_^)V<1479><STEAM_0:4:446327478><>" slap with 0 damage "tEmzz :))<1489><STEAM_0:0:287945496><>"
L 08/23/2011 - 16:00:29: [plmenu.amxx] Cmd: "[o_VIP_o]                (^_^)V<1479><STEAM_0:4:446327478><>" slap with 0 damage "tEmzz :))<1489><STEAM_0:0:287945496><>"
L 08/23/2011 - 16:01:13: [plmenu.amxx] Cmd: "[o_VIP_o]                (^_^)V<1479><STEAM_0:4:446327478><>" slap with 0 damage "tEmzz :))<1489><STEAM_0:0:287945496><>"
L 08/23/2011 - 16:01:13: [plmenu.amxx] Cmd: "[o_VIP_o]                (^_^)V<1479><STEAM_0:4:446327478><>" slap with 0 damage "FraerOK<1478><STEAM_0:4:1493045354><>"
L 08/23/2011 - 16:01:14: [plmenu.amxx] Cmd: "[o_VIP_o]                (^_^)V<1479><STEAM_0:4:446327478><>" slap with 0 damage "FraerOK<1478><STEAM_0:4:1493045354><>"
L 08/23/2011 - 16:01:14: [plmenu.amxx] Cmd: "[o_VIP_o]                (^_^)V<1479><STEAM_0:4:446327478><>" slap with 0 damage "FraerOK<1478><STEAM_0:4:1493045354><>"
L 08/23/2011 - 16:01:14: [plmenu.amxx] Cmd: "[o_VIP_o]                (^_^)V<1479><STEAM_0:4:446327478><>" slap with 0 damage "FraerOK<1478><STEAM_0:4:1493045354><>"
L 08/23/2011 - 16:01:15: [plmenu.amxx] Cmd: "[o_VIP_o]                (^_^)V<1479><STEAM_0:4:446327478><>" slap with 0 damage "FraerOK<1478><STEAM_0:4:1493045354><>"
L 08/23/2011 - 16:01:48: [plmenu.amxx] Cmd: "[o_VIP_o]                (^_^)V<1479><STEAM_0:4:446327478><>" slap with 0 damage "[o_VIP_o]                (^_^)V<1479><STEAM_0:4:446327478><>"
L 08/23/2011 - 16:01:49: [plmenu.amxx] Cmd: "[o_VIP_o]                (^_^)V<1479><STEAM_0:4:446327478><>" slap with 0 damage ".:RockmakeR:.<1408><STEAM_0:4:353342705><>"
L 08/23/2011 - 16:01:49: [plmenu.amxx] Cmd: "[o_VIP_o]                (^_^)V<1479><STEAM_0:4:446327478><>" slap with 0 damage ".:RockmakeR:.<1408><STEAM_0:4:353342705><>"
L 08/23/2011 - 16:01:49: [plmenu.amxx] Cmd: "[o_VIP_o]                (^_^)V<1479><STEAM_0:4:446327478><>" slap with 0 damage ".:RockmakeR:.<1408><STEAM_0:4:353342705><>"
L 08/23/2011 - 16:01:50: [plmenu.amxx] Cmd: "[o_VIP_o]                (^_^)V<1479><STEAM_0:4:446327478><>" slap with 0 damage ".:RockmakeR:.<1408><STEAM_0:4:353342705><>"
L 08/23/2011 - 16:01:50: [plmenu.amxx] Cmd: "[o_VIP_o]                (^_^)V<1479><STEAM_0:4:446327478><>" slap with 0 damage ".:RockmakeR:.<1408><STEAM_0:4:353342705><>"
L 08/23/2011 - 16:01:50: [plmenu.amxx] Cmd: "[o_VIP_o]                (^_^)V<1479><STEAM_0:4:446327478><>" slap with 0 damage ".:RockmakeR:.<1408><STEAM_0:4:353342705><>"
L 08/23/2011 - 16:01:51: [plmenu.amxx] Cmd: "[o_VIP_o]                (^_^)V<1479><STEAM_0:4:446327478><>" slap with 0 damage "[o_VIP_o]                (^_^)V<1479><STEAM_0:4:446327478><>"
L 08/23/2011 - 16:01:51: [plmenu.amxx] Cmd: "[o_VIP_o]                (^_^)V<1479><STEAM_0:4:446327478><>" slap with 0 damage "[o_VIP_o]                (^_^)V<1479><STEAM_0:4:446327478><>"
L 08/23/2011 - 16:02:58: [plmenu.amxx] Cmd: "[o_VIP_o]                (^_^)V<1479><STEAM_0:4:446327478><>" slap with 0 damage "tEmzz :))<1489><STEAM_0:0:287945496><>"
L 08/23/2011 - 16:03:42: [plmenu.amxx] Kick: "[o_VIP_o]                (^_^)V<1479><STEAM_0:4:446327478><>" kick "lank OFF.pro->cfg<1476><STEAM_0:1:18989625><>"
L 08/23/2011 - 16:05:39: [plmenu.amxx] Kick: "[o_VIP_o]                (^_^)V<1479><STEAM_0:4:446327478><>" kick "xD<1494><STEAM_0:0:1038014991><>"
L 08/23/2011 - 16:10:02: [amxbans.amxx] [Amxbans] Запрос провален!
L 08/23/2011 - 16:10:02: [amxbans.amxx] [Amxbans] Ошибка, адрес: 18
L 08/23/2011 - 16:10:02: [amxbans.amxx] [Amxbans] Сообщение: You have an error in your SQL syntax; check the manual that corresponds to your MySQL server version for the right syntax to use near ''Bantime expire' at line 1 (1064)
L 08/23/2011 - 16:10:02: [amxbans.amxx] [Amxbans] Статус запроса: 
L 08/23/2011 - 16:13:36: [adminchat.amxx] Chat: "[o_VIP_o]                (^_^)V<1479><STEAM_0:4:446327478><>" chat "OtBetb ))"
L 08/23/2011 - 16:19:11: -------- Mapchange to zm_houses --------
L 08/23/2011 - 16:19:12: [admin_amxbans.amxx] Login: "[o_VIP_o]                (^_^)V<1479><STEAM_0:4:446327478><>" became an admin (account "212.55.104.156") (access "abcdefgijmnopqrstu") (address "212.55.104.156")
L 08/23/2011 - 16:19:13: [amxbans.amxx] [AMXBANS] AMXBans 5.0 подключен
L 08/23/2011 - 16:19:18: [amxbans.amxx] [Amxbans] Запрос провален!
L 08/23/2011 - 16:19:18: [amxbans.amxx] [Amxbans] Ошибка, адрес: 18
L 08/23/2011 - 16:19:18: [amxbans.amxx] [Amxbans] Сообщение: You have an error in your SQL syntax; check the manual that corresponds to your MySQL server version for the right syntax to use near ''Bantime expire' at line 1 (1064)
L 08/23/2011 - 16:19:18: [amxbans.amxx] [Amxbans] Статус запроса: 
L 08/23/2011 - 16:19:22: [amxbans.amxx] [Amxbans] Запрос провален!
L 08/23/2011 - 16:19:22: [amxbans.amxx] [Amxbans] Ошибка, адрес: 18
L 08/23/2011 - 16:19:22: [amxbans.amxx] [Amxbans] Сообщение: You have an error in your SQL syntax; check the manual that corresponds to your MySQL server version for the right syntax to use near ''Bantime expire' at line 1 (1064)
L 08/23/2011 - 16:19:22: [amxbans.amxx] [Amxbans] Статус запроса: 
L 08/23/2011 - 16:26:57: [plmenu.amxx] Cmd: "[o_VIP_o]                (^_^)V<1479><STEAM_0:4:446327478><>" slap with 0 damage "[o_VIP_o]                (^_^)V<1479><STEAM_0:4:446327478><>"
L 08/23/2011 - 16:26:57: [plmenu.amxx] Cmd: "[o_VIP_o]                (^_^)V<1479><STEAM_0:4:446327478><>" slap with 0 damage "[o_VIP_o]                (^_^)V<1479><STEAM_0:4:446327478><>"
L 08/23/2011 - 16:26:58: [plmenu.amxx] Cmd: "[o_VIP_o]                (^_^)V<1479><STEAM_0:4:446327478><>" slap with 0 damage "FraerOK<1478><STEAM_0:4:1493045354><>"
L 08/23/2011 - 16:26:58: [plmenu.amxx] Cmd: "[o_VIP_o]                (^_^)V<1479><STEAM_0:4:446327478><>" slap with 0 damage "FraerOK<1478><STEAM_0:4:1493045354><>"
L 08/23/2011 - 16:26:58: [plmenu.amxx] Cmd: "[o_VIP_o]                (^_^)V<1479><STEAM_0:4:446327478><>" slap with 0 damage "FraerOK<1478><STEAM_0:4:1493045354><>"
L 08/23/2011 - 16:26:58: [plmenu.amxx] Cmd: "[o_VIP_o]                (^_^)V<1479><STEAM_0:4:446327478><>" slap with 0 damage "FraerOK<1478><STEAM_0:4:1493045354><>"
L 08/23/2011 - 16:27:00: [plmenu.amxx] Cmd: "[o_VIP_o]                (^_^)V<1479><STEAM_0:4:446327478><>" slap with 0 damage "[o_VIP_o]                (^_^)V<1479><STEAM_0:4:446327478><>"
L 08/23/2011 - 16:27:00: [plmenu.amxx] Cmd: "[o_VIP_o]                (^_^)V<1479><STEAM_0:4:446327478><>" slap with 0 damage "[o_VIP_o]                (^_^)V<1479><STEAM_0:4:446327478><>"
L 08/23/2011 - 16:27:00: [plmenu.amxx] Cmd: "[o_VIP_o]                (^_^)V<1479><STEAM_0:4:446327478><>" slap with 0 damage "[o_VIP_o]                (^_^)V<1479><STEAM_0:4:446327478><>"
L 08/23/2011 - 16:27:01: [plmenu.amxx] Cmd: "[o_VIP_o]                (^_^)V<1479><STEAM_0:4:446327478><>" slap with 0 damage "[o_VIP_o]                (^_^)V<1479><STEAM_0:4:446327478><>"
L 08/23/2011 - 16:27:02: [plmenu.amxx] Cmd: "[o_VIP_o]                (^_^)V<1479><STEAM_0:4:446327478><>" slap with 0 damage "[o_VIP_o]                (^_^)V<1479><STEAM_0:4:446327478><>"
L 08/23/2011 - 16:27:02: [plmenu.amxx] Cmd: "[o_VIP_o]                (^_^)V<1479><STEAM_0:4:446327478><>" slap with 0 damage "[o_VIP_o]                (^_^)V<1479><STEAM_0:4:446327478><>"
L 08/23/2011 - 16:27:03: [plmenu.amxx] Cmd: "[o_VIP_o]                (^_^)V<1479><STEAM_0:4:446327478><>" slap with 0 damage "[o_VIP_o]                (^_^)V<1479><STEAM_0:4:446327478><>"
L 08/23/2011 - 16:27:03: [plmenu.amxx] Cmd: "[o_VIP_o]                (^_^)V<1479><STEAM_0:4:446327478><>" slap with 0 damage "[o_VIP_o]                (^_^)V<1479><STEAM_0:4:446327478><>"
L 08/23/2011 - 16:27:03: [plmenu.amxx] Cmd: "[o_VIP_o]                (^_^)V<1479><STEAM_0:4:446327478><>" slap with 0 damage "[o_VIP_o]                (^_^)V<1479><STEAM_0:4:446327478><>"
L 08/23/2011 - 16:27:04: [plmenu.amxx] Cmd: "[o_VIP_o]                (^_^)V<1479><STEAM_0:4:446327478><>" slap with 0 damage "Alex. Black.<1515><STEAM_0:4:1322540660><>"
L 08/23/2011 - 16:27:04: [plmenu.amxx] Cmd: "[o_VIP_o]                (^_^)V<1479><STEAM_0:4:446327478><>" slap with 0 damage "Alex. Black.<1515><STEAM_0:4:1322540660><>"
L 08/23/2011 - 16:27:04: [plmenu.amxx] Cmd: "[o_VIP_o]                (^_^)V<1479><STEAM_0:4:446327478><>" slap with 0 damage "Alex. Black.<1515><STEAM_0:4:1322540660><>"
L 08/23/2011 - 16:27:06: [plmenu.amxx] Cmd: "[o_VIP_o]                (^_^)V<1479><STEAM_0:4:446327478><>" slap with 0 damage "[o_VIP_o]                (^_^)V<1479><STEAM_0:4:446327478><>"
L 08/23/2011 - 16:27:06: [plmenu.amxx] Cmd: "[o_VIP_o]                (^_^)V<1479><STEAM_0:4:446327478><>" slap with 0 damage "[o_VIP_o]                (^_^)V<1479><STEAM_0:4:446327478><>"
L 08/23/2011 - 16:27:06: [plmenu.amxx] Cmd: "[o_VIP_o]                (^_^)V<1479><STEAM_0:4:446327478><>" slap with 0 damage "[o_VIP_o]                (^_^)V<1479><STEAM_0:4:446327478><>"
L 08/23/2011 - 16:27:07: [plmenu.amxx] Cmd: "[o_VIP_o]                (^_^)V<1479><STEAM_0:4:446327478><>" slap with 0 damage "[o_VIP_o]                (^_^)V<1479><STEAM_0:4:446327478><>"
L 08/23/2011 - 16:27:07: [plmenu.amxx] Cmd: "[o_VIP_o]                (^_^)V<1479><STEAM_0:4:446327478><>" slap with 0 damage "[o_VIP_o]                (^_^)V<1479><STEAM_0:4:446327478><>"
L 08/23/2011 - 16:27:07: [plmenu.amxx] Cmd: "[o_VIP_o]                (^_^)V<1479><STEAM_0:4:446327478><>" slap with 0 damage "[o_VIP_o]                (^_^)V<1479><STEAM_0:4:446327478><>"
L 08/23/2011 - 16:27:08: [plmenu.amxx] Cmd: "[o_VIP_o]                (^_^)V<1479><STEAM_0:4:446327478><>" slap with 0 damage "[o_VIP_o]                (^_^)V<1479><STEAM_0:4:446327478><>"
L 08/23/2011 - 16:27:08: [plmenu.amxx] Cmd: "[o_VIP_o]                (^_^)V<1479><STEAM_0:4:446327478><>" slap with 0 damage "[o_VIP_o]                (^_^)V<1479><STEAM_0:4:446327478><>"
L 08/23/2011 - 16:27:08: [plmenu.amxx] Cmd: "[o_VIP_o]                (^_^)V<1479><STEAM_0:4:446327478><>" slap with 0 damage "[o_VIP_o]                (^_^)V<1479><STEAM_0:4:446327478><>"
L 08/23/2011 - 16:27:08: [plmenu.amxx] Cmd: "[o_VIP_o]                (^_^)V<1479><STEAM_0:4:446327478><>" slap with 0 damage "[o_VIP_o]                (^_^)V<1479><STEAM_0:4:446327478><>"
L 08/23/2011 - 16:27:09: [plmenu.amxx] Cmd: "[o_VIP_o]                (^_^)V<1479><STEAM_0:4:446327478><>" slap with 0 damage "[o_VIP_o]                (^_^)V<1479><STEAM_0:4:446327478><>"
L 08/23/2011 - 16:27:09: [plmenu.amxx] Cmd: "[o_VIP_o]                (^_^)V<1479><STEAM_0:4:446327478><>" slap with 0 damage "[o_VIP_o]                (^_^)V<1479><STEAM_0:4:446327478><>"
L 08/23/2011 - 16:27:09: [plmenu.amxx] Cmd: "[o_VIP_o]                (^_^)V<1479><STEAM_0:4:446327478><>" slap with 0 damage "[o_VIP_o]                (^_^)V<1479><STEAM_0:4:446327478><>"
L 08/23/2011 - 16:27:10: [plmenu.amxx] Cmd: "[o_VIP_o]                (^_^)V<1479><STEAM_0:4:446327478><>" slap with 0 damage "[o_VIP_o]                (^_^)V<1479><STEAM_0:4:446327478><>"
L 08/23/2011 - 16:27:10: [plmenu.amxx] Cmd: "[o_VIP_o]                (^_^)V<1479><STEAM_0:4:446327478><>" slap with 0 damage "[o_VIP_o]                (^_^)V<1479><STEAM_0:4:446327478><>"
L 08/23/2011 - 16:27:11: [plmenu.amxx] Cmd: "[o_VIP_o]                (^_^)V<1479><STEAM_0:4:446327478><>" slap with 0 damage "[o_VIP_o]                (^_^)V<1479><STEAM_0:4:446327478><>"
L 08/23/2011 - 16:27:11: [plmenu.amxx] Cmd: "[o_VIP_o]                (^_^)V<1479><STEAM_0:4:446327478><>" slap with 0 damage "[o_VIP_o]                (^_^)V<1479><STEAM_0:4:446327478><>"
L 08/23/2011 - 16:27:12: [plmenu.amxx] Cmd: "[o_VIP_o]                (^_^)V<1479><STEAM_0:4:446327478><>" slap with 0 damage "[o_VIP_o]                (^_^)V<1479><STEAM_0:4:446327478><>"
L 08/23/2011 - 16:27:13: [plmenu.amxx] Cmd: "[o_VIP_o]                (^_^)V<1479><STEAM_0:4:446327478><>" slap with 0 damage "[o_VIP_o]                (^_^)V<1479><STEAM_0:4:446327478><>"
L 08/23/2011 - 16:27:13: [plmenu.amxx] Cmd: "[o_VIP_o]                (^_^)V<1479><STEAM_0:4:446327478><>" slap with 0 damage "[o_VIP_o]                (^_^)V<1479><STEAM_0:4:446327478><>"
L 08/23/2011 - 16:27:13: [plmenu.amxx] Cmd: "[o_VIP_o]                (^_^)V<1479><STEAM_0:4:446327478><>" slap with 0 damage "[o_VIP_o]                (^_^)V<1479><STEAM_0:4:446327478><>"
L 08/23/2011 - 16:27:13: [plmenu.amxx] Cmd: "[o_VIP_o]                (^_^)V<1479><STEAM_0:4:446327478><>" slap with 0 damage "[o_VIP_o]                (^_^)V<1479><STEAM_0:4:446327478><>"
L 08/23/2011 - 16:27:14: [plmenu.amxx] Cmd: "[o_VIP_o]                (^_^)V<1479><STEAM_0:4:446327478><>" slap with 0 damage "[o_VIP_o]                (^_^)V<1479><STEAM_0:4:446327478><>"
L 08/23/2011 - 16:27:56: [admin_amxbans.amxx] Login: "Lajserk<1551><STEAM_0:0:729086216><>" became an admin (account "Lajserk") (access "t") (address "91.192.200.2")
L 08/23/2011 - 16:32:39: [admin_amxbans.amxx] Login: "Ipse [Str,RUS]<1555><STEAM_0:4:1340518091><>" became an admin (account "Ipse [Str,RUS]") (access "t") (address "46.191.145.54")
L 08/23/2011 - 16:38:18: [plmenu.amxx] Cmd: "[o_VIP_o]                (^_^)V<1479><STEAM_0:4:446327478><>" slay "xD<1557><STEAM_0:0:1038014991><>"
L 08/23/2011 - 16:39:27: [adminchat.amxx] Chat: "[o_VIP_o]                (^_^)V<1479><STEAM_0:4:446327478><>" tsay "xD@  CJIuBwukoB kill"
L 08/23/2011 - 16:40:47: [adminchat.amxx] Chat: "[o_VIP_o]                (^_^)V<1479><STEAM_0:4:446327478><>" tsay "Mo}I{et Tak cnpacutb???"
L 08/23/2011 - 16:41:32: -------- Mapchange to zm_neris --------
L 08/23/2011 - 16:41:33: [admin_amxbans.amxx] Login: "Ipse [Str,RUS]<1555><STEAM_0:4:1340518091><>" became an admin (account "Ipse [Str,RUS]") (access "t") (address "46.191.145.54")
L 08/23/2011 - 16:41:33: [admin_amxbans.amxx] Login: "Lajserk<1551><STEAM_0:0:729086216><>" became an admin (account "Lajserk") (access "t") (address "91.192.200.2")
L 08/23/2011 - 16:41:33: [admin_amxbans.amxx] Login: "Ipse [Str,RUS]<1555><STEAM_0:4:1340518091><>" became an admin (account "Ipse [Str,RUS]") (access "t") (address "46.191.145.54")
L 08/23/2011 - 16:41:33: [admin_amxbans.amxx] Login: "[o_VIP_o]                (^_^)V<1479><STEAM_0:4:446327478><>" became an admin (account "212.55.104.156") (access "abcdefgijmnopqrstu") (address "212.55.104.156")
L 08/23/2011 - 16:41:34: [amxbans.amxx] [AMXBANS] AMXBans 5.0 подключен
L 08/23/2011 - 16:52:37: [admincmd.amxx] Cmd: "[o_VIP_o]                (^_^)V<1479><STEAM_0:4:446327478><>" ask for players list
L 08/23/2011 - 16:55:29: [plmenu.amxx] Cmd: "[o_VIP_o]                (^_^)V<1479><STEAM_0:4:446327478><>" slap with 0 damage "[o_VIP_o]                (^_^)V<1479><STEAM_0:4:446327478><>"
L 08/23/2011 - 16:55:31: [plmenu.amxx] Cmd: "[o_VIP_o]                (^_^)V<1479><STEAM_0:4:446327478><>" slap with 0 damage "[o_VIP_o]                (^_^)V<1479><STEAM_0:4:446327478><>"
L 08/23/2011 - 16:55:33: [plmenu.amxx] Cmd: "[o_VIP_o]                (^_^)V<1479><STEAM_0:4:446327478><>" slap with 0 damage "[o_VIP_o]                (^_^)V<1479><STEAM_0:4:446327478><>"
L 08/23/2011 - 16:55:36: [plmenu.amxx] Cmd: "[o_VIP_o]                (^_^)V<1479><STEAM_0:4:446327478><>" slap with 0 damage "[o_VIP_o]                (^_^)V<1479><STEAM_0:4:446327478><>"
L 08/23/2011 - 16:55:38: [plmenu.amxx] Cmd: "[o_VIP_o]                (^_^)V<1479><STEAM_0:4:446327478><>" slap with 0 damage "[o_VIP_o]                (^_^)V<1479><STEAM_0:4:446327478><>"
L 08/23/2011 - 16:55:40: [plmenu.amxx] Cmd: "[o_VIP_o]                (^_^)V<1479><STEAM_0:4:446327478><>" slap with 0 damage "[o_VIP_o]                (^_^)V<1479><STEAM_0:4:446327478><>"
L 08/23/2011 - 16:55:41: [plmenu.amxx] Cmd: "[o_VIP_o]                (^_^)V<1479><STEAM_0:4:446327478><>" slap with 0 damage "[o_VIP_o]                (^_^)V<1479><STEAM_0:4:446327478><>"
L 08/23/2011 - 16:55:45: [plmenu.amxx] Cmd: "[o_VIP_o]                (^_^)V<1479><STEAM_0:4:446327478><>" slap with 0 damage "[o_VIP_o]                (^_^)V<1479><STEAM_0:4:446327478><>"
L 08/23/2011 - 16:55:46: [plmenu.amxx] Cmd: "[o_VIP_o]                (^_^)V<1479><STEAM_0:4:446327478><>" slap with 0 damage "[o_VIP_o]                (^_^)V<1479><STEAM_0:4:446327478><>"
L 08/23/2011 - 16:55:47: [plmenu.amxx] Cmd: "[o_VIP_o]                (^_^)V<1479><STEAM_0:4:446327478><>" slap with 0 damage "[o_VIP_o]                (^_^)V<1479><STEAM_0:4:446327478><>"
L 08/23/2011 - 17:01:56: -------- Mapchange to ze_lift_escape_b5 --------
L 08/23/2011 - 17:01:57: [admin_amxbans.amxx] Login: "Lajserk<1551><STEAM_0:0:729086216><>" became an admin (account "Lajserk") (access "t") (address "91.192.200.2")
L 08/23/2011 - 17:01:57: [admin_amxbans.amxx] Login: "[o_VIP_o]                (^_^)V<1479><STEAM_0:4:446327478><>" became an admin (account "212.55.104.156") (access "abcdefgijmnopqrstu") (address "212.55.104.156")
L 08/23/2011 - 17:01:57: [admin_amxbans.amxx] Login: "Ipse [Str,RUS]<1555><STEAM_0:4:1340518091><>" became an admin (account "Ipse [Str,RUS]") (access "t") (address "46.191.145.54")
L 08/23/2011 - 17:01:58: [amxbans.amxx] [AMXBANS] AMXBans 5.0 подключен
L 08/23/2011 - 17:19:53: -------- Mapchange to zm_army --------
L 08/23/2011 - 17:19:54: [admin_amxbans.amxx] Login: "Ipse [Str,RUS]<1555><STEAM_0:4:1340518091><>" became an admin (account "Ipse [Str,RUS]") (access "t") (address "46.191.145.54")
L 08/23/2011 - 17:19:54: [admin_amxbans.amxx] Login: "Lajserk<1551><STEAM_0:0:729086216><>" became an admin (account "Lajserk") (access "t") (address "91.192.200.2")
L 08/23/2011 - 17:19:55: [amxbans.amxx] [AMXBANS] AMXBans 5.0 подключен
L 08/23/2011 - 17:26:48: [voteban.amxx] Voteban starter Ipse [Str,RUS] against xD STEAM_0:0:1038014991
L 08/23/2011 - 17:27:04: [voteban.amxx] [AMXX] BANNED: xD, STARTER: Ipse [Str,RUS]
L 08/23/2011 - 17:27:05: [amxbans.amxx]  Зомби сервер (x_x(O_o)x_x) Go Zombie !!!<0><><> забанил xD<STEAM_0:0:1038014991> на 15 минут (15 минут). Причина: VIP->Ipse [Str,RUS].
L 08/23/2011 - 17:29:46: [admin_amxbans.amxx] Login: "P!Tu<1632><STEAM_0:0:25649157><>" became an admin (account "P!Tu") (access "t") (address "91.193.40.21")
L 08/23/2011 - 17:41:50: -------- Mapchange to cs_militia --------
L 08/23/2011 - 17:41:55: [admin_amxbans.amxx] Login: "Ipse [Str,RUS]<1555><STEAM_0:4:1340518091><>" became an admin (account "Ipse [Str,RUS]") (access "t") (address "46.191.145.54")
L 08/23/2011 - 17:41:55: [admin_amxbans.amxx] Login: "P!Tu<1632><STEAM_0:0:25649157><>" became an admin (account "P!Tu") (access "t") (address "91.193.40.21")
L 08/23/2011 - 17:41:56: [amxbans.amxx] [AMXBANS] AMXBans 5.0 подключен
L 08/23/2011 - 17:56:44: [admin_amxbans.amxx] Login: "Lajserk<1658><STEAM_0:0:729086216><>" became an admin (account "Lajserk") (access "t") (address "91.192.200.2")
L 08/23/2011 - 17:59:09: [voteban.amxx] Voteban starter Ipse [Str,RUS] against Kot STEAM_0:4:1322540660
L 08/23/2011 - 17:59:24: [voteban.amxx] [AMXX] BANNED: Kot, STARTER: Ipse [Str,RUS]
L 08/23/2011 - 17:59:25: [amxbans.amxx]  Зомби сервер (x_x(O_o)x_x) Go Zombie !!!<0><><> забанил Kot<STEAM_0:4:1322540660> на 15 минут (15 минут). Причина: VIP->Ipse [Str,RUS].
L 08/23/2011 - 18:00:02: -------- Mapchange to zm_666_brick --------
L 08/23/2011 - 18:00:02: [admin_amxbans.amxx] Login: "Ipse [Str,RUS]<1555><STEAM_0:4:1340518091><>" became an admin (account "Ipse [Str,RUS]") (access "t") (address "46.191.145.54")
L 08/23/2011 - 18:00:02: [admin_amxbans.amxx] Login: "Lajserk<1658><STEAM_0:0:729086216><>" became an admin (account "Lajserk") (access "t") (address "91.192.200.2")
L 08/23/2011 - 18:00:03: [admin_amxbans.amxx] Login: "P!Tu<1632><STEAM_0:0:25649157><>" became an admin (account "P!Tu") (access "t") (address "91.193.40.21")
L 08/23/2011 - 18:00:03: [amxbans.amxx] [AMXBANS] AMXBans 5.0 подключен
L 08/23/2011 - 18:06:41: [admin_amxbans.amxx] Login: "[o_VIP_o]                (^_^)V<1668><STEAM_0:4:446327478><>" became an admin (account "212.55.104.156") (access "abcdefgijmnopqrstu") (address "212.55.104.156")
L 08/23/2011 - 18:07:38: [admin_amxbans.amxx] Login: "Euforia<1669><STEAM_0:0:1235555515><>" became an admin (account "Euforia") (access "t") (address "188.123.245.19")
L 08/23/2011 - 18:10:04: [plmenu.amxx] Cmd: "[o_VIP_o]                (^_^)V<1668><STEAM_0:4:446327478><>" slap with 0 damage "[o_VIP_o]                (^_^)V<1668><STEAM_0:4:446327478><>"
L 08/23/2011 - 18:10:04: [plmenu.amxx] Cmd: "[o_VIP_o]                (^_^)V<1668><STEAM_0:4:446327478><>" slap with 0 damage "[o_VIP_o]                (^_^)V<1668><STEAM_0:4:446327478><>"
L 08/23/2011 - 18:10:04: [plmenu.amxx] Cmd: "[o_VIP_o]                (^_^)V<1668><STEAM_0:4:446327478><>" slap with 0 damage "[o_VIP_o]                (^_^)V<1668><STEAM_0:4:446327478><>"
L 08/23/2011 - 18:10:04: [plmenu.amxx] Cmd: "[o_VIP_o]                (^_^)V<1668><STEAM_0:4:446327478><>" slap with 0 damage "[o_VIP_o]                (^_^)V<1668><STEAM_0:4:446327478><>"
L 08/23/2011 - 18:11:22: [admincmd.amxx] Cmd: "[o_VIP_o]                (^_^)V<1668><STEAM_0:4:446327478><>" change nick to "JLoX_9I" "JLoX-Tbl<1670><STEAM_0:0:2033977423><>"
L 08/23/2011 - 18:16:00: [amxbans.amxx] [o_VIP_o]                (^_^)V<1668><STEAM_0:4:446327478><CT> забанил );*BuG)(GaTI*;)<STEAM_0:1:16115142> на 15 минут (15 минут). Причина: Noob.
L 08/23/2011 - 18:16:32: [plmenu.amxx] Kick: "[o_VIP_o]                (^_^)V<1668><STEAM_0:4:446327478><>" kick "Ipse [Str,RUS]<1555><STEAM_0:4:1340518091><>"
L 08/23/2011 - 18:16:36: [admin_amxbans.amxx] Login: "Ipse [Str,RUS]<1678><STEAM_0:4:1340518091><>" became an admin (account "Ipse [Str,RUS]") (access "t") (address "46.191.145.54")
L 08/23/2011 - 18:18:28: [voteban.amxx] Voteban starter Ipse [Str,RUS] against xD STEAM_0:0:1038014991
L 08/23/2011 - 18:18:43: [voteban.amxx] [AMXX] BANNED: xD, STARTER: Ipse [Str,RUS]
L 08/23/2011 - 18:18:44: [adminchat.amxx] Chat: "[o_VIP_o]                (^_^)V<1668><STEAM_0:4:446327478><>" chat "He pa6otaet mute"
L 08/23/2011 - 18:18:44: [amxbans.amxx]  Зомби сервер (x_x(O_o)x_x) Go Zombie !!!<0><><> забанил xD<STEAM_0:0:1038014991> на 15 минут (15 минут). Причина: VIP->Ipse [Str,RUS].
L 08/23/2011 - 18:21:11: [voteban.amxx] Voteban starter Ipse [Str,RUS] against Dmitriu STEAM_0:4:1714246021
L 08/23/2011 - 18:21:26: [voteban.amxx] [AMXX] BANNED: Dmitriu, STARTER: Ipse [Str,RUS]
L 08/23/2011 - 18:21:27: [amxbans.amxx]  Зомби сервер (x_x(O_o)x_x) Go Zombie !!!<0><><> забанил Dmitriu<STEAM_0:4:1714246021> на 15 минут (15 минут). Причина: VIP->Ipse [Str,RUS].
L 08/23/2011 - 18:21:53: -------- Mapchange to zm_303 --------
L 08/23/2011 - 18:21:53: [admin_amxbans.amxx] Login: "Ipse [Str,RUS]<1678><STEAM_0:4:1340518091><>" became an admin (account "Ipse [Str,RUS]") (access "t") (address "46.191.145.54")
L 08/23/2011 - 18:21:54: [admin_amxbans.amxx] Login: "Lajserk<1658><STEAM_0:0:729086216><>" became an admin (account "Lajserk") (access "t") (address "91.192.200.2")
L 08/23/2011 - 18:21:54: [admin_amxbans.amxx] Login: "[o_VIP_o]                (^_^)V<1668><STEAM_0:4:446327478><>" became an admin (account "212.55.104.156") (access "abcdefgijmnopqrstu") (address "212.55.104.156")
L 08/23/2011 - 18:21:54: [admin_amxbans.amxx] Login: "P!Tu<1632><STEAM_0:0:25649157><>" became an admin (account "P!Tu") (access "t") (address "91.193.40.21")
L 08/23/2011 - 18:21:54: [amxbans.amxx] [AMXBANS] AMXBans 5.0 подключен
L 08/23/2011 - 18:22:53: [admin_amxbans.amxx] Login: "Euforia<1679><STEAM_0:0:1235555515><>" became an admin (account "Euforia") (access "t") (address "188.123.245.19")
L 08/23/2011 - 18:23:21: [plmenu.amxx] Kick: "[o_VIP_o]                (^_^)V<1668><STEAM_0:4:446327478><>" kick "XEMyJLb<1471><STEAM_0:0:1909531319><>"
L 08/23/2011 - 18:28:23: [plmenu.amxx] Kick: "[o_VIP_o]                (^_^)V<1668><STEAM_0:4:446327478><>" kick "viking<1663><STEAM_0:0:2106290845><>"
L 08/23/2011 - 18:29:34: [amxbans.amxx] [o_VIP_o]                (^_^)V<1668><STEAM_0:4:446327478><CT> забанил .i.F.A.Q.i. | AnDreI |<STEAM_0:4:1431409777> на 1 день (1440 минут). Причина: Mat.
L 08/23/2011 - 18:41:24: [mapsmenu.amxx] Vote: "[o_VIP_o]                (^_^)V<1668><STEAM_0:4:446327478><>" vote maps (map#1 "zm_toxic_house") (map#2 "") (map#3 "") (map#4 "")
L 08/23/2011 - 18:41:36: [mapsmenu.amxx] Vote: Voting failed
L 08/23/2011 - 18:45:03: -------- Mapchange to zm_fdust2x2 --------
L 08/23/2011 - 18:45:04: [admin_amxbans.amxx] Login: "[o_VIP_o]                (^_^)V<1668><STEAM_0:4:446327478><>" became an admin (account "212.55.104.156") (access "abcdefgijmnopqrstu") (address "212.55.104.156")
L 08/23/2011 - 18:45:05: [admin_amxbans.amxx] Login: "P!Tu<1632><STEAM_0:0:25649157><>" became an admin (account "P!Tu") (access "t") (address "91.193.40.21")
L 08/23/2011 - 18:45:05: [amxbans.amxx] [AMXBANS] AMXBans 5.0 подключен
L 08/23/2011 - 18:45:07: [admin_amxbans.amxx] Login: "Ipse [Str,RUS]<1712><STEAM_0:4:1340518091><>" became an admin (account "Ipse [Str,RUS]") (access "t") (address "46.191.145.54")
L 08/23/2011 - 19:05:19: -------- Mapchange to 016 --------
L 08/23/2011 - 19:05:21: [admin_amxbans.amxx] Login: "P!Tu<1632><STEAM_0:0:25649157><>" became an admin (account "P!Tu") (access "t") (address "91.193.40.21")
L 08/23/2011 - 19:05:21: [amxbans.amxx] [AMXBANS] AMXBans 5.0 подключен
L 08/23/2011 - 19:19:54: [admin_amxbans.amxx] Login: "Ipse [Str,RUS]<1741><STEAM_0:4:1340518091><>" became an admin (account "Ipse [Str,RUS]") (access "t") (address "46.191.145.54")
L 08/23/2011 - 19:20:18: [admin_amxbans.amxx] Login: "P!Tu<1742><STEAM_0:0:25649157><>" became an admin (account "P!Tu") (access "t") (address "91.193.40.21")
L 08/23/2011 - 19:23:33: [admin_amxbans.amxx] Login: "[o_VIP_o]                (^_^)V<1745><STEAM_0:4:446327478><>" became an admin (account "212.55.104.156") (access "abcdefgijmnopqrstu") (address "212.55.104.156")
L 08/23/2011 - 19:24:53: [admin_amxbans.amxx] Login: "Euforia<1747><STEAM_0:0:1235555515><>" became an admin (account "Euforia") (access "t") (address "188.123.245.19")
L 08/23/2011 - 19:25:48: -------- Mapchange to zm_desolation_house --------
L 08/23/2011 - 19:25:49: [admin_amxbans.amxx] Login: "Ipse [Str,RUS]<1741><STEAM_0:4:1340518091><>" became an admin (account "Ipse [Str,RUS]") (access "t") (address "46.191.145.54")
L 08/23/2011 - 19:25:50: [admin_amxbans.amxx] Login: "P!Tu<1742><STEAM_0:0:25649157><>" became an admin (account "P!Tu") (access "t") (address "91.193.40.21")
L 08/23/2011 - 19:25:50: [amxbans.amxx] [AMXBANS] AMXBans 5.0 подключен
L 08/23/2011 - 19:45:09: [admin_amxbans.amxx] Login: "Alecquant<1789><STEAM_0:4:1401445046><>" kicked due to invalid password (account "Alecquant") (address "213.87.76.14")
L 08/23/2011 - 19:45:47: [admin_amxbans.amxx] Login: "Alecquant<1791><STEAM_0:4:1401445046><>" became an admin (account "Alecquant") (access "t") (address "213.87.76.14")
L 08/23/2011 - 19:46:49: [admin_amxbans.amxx] Login: "Alecquant<1793><STEAM_0:4:1401445046><>" became an admin (account "Alecquant") (access "t") (address "213.87.76.14")
L 08/23/2011 - 19:47:29: [admin_amxbans.amxx] Login: "Alecquant<1795><STEAM_0:4:1401445046><>" became an admin (account "Alecquant") (access "t") (address "213.87.76.14")
L 08/23/2011 - 19:47:46: -------- Mapchange to zm_cpl_mill_kamp --------
L 08/23/2011 - 19:47:47: [admin_amxbans.amxx] Login: "Ipse [Str,RUS]<1741><STEAM_0:4:1340518091><>" became an admin (account "Ipse [Str,RUS]") (access "t") (address "46.191.145.54")
L 08/23/2011 - 19:47:47: [admin_amxbans.amxx] Login: "Alecquant<1795><STEAM_0:4:1401445046><>" became an admin (account "Alecquant") (access "t") (address "213.87.76.14")
L 08/23/2011 - 19:47:47: [admin_amxbans.amxx] Login: "Alecquant<1795><STEAM_0:4:1401445046><>" became an admin (account "Alecquant") (access "t") (address "213.87.76.14")
L 08/23/2011 - 19:47:48: [amxbans.amxx] [AMXBANS] AMXBans 5.0 подключен
L 08/23/2011 - 19:47:48: [admin_amxbans.amxx] Login: "P!Tu<1742><STEAM_0:0:25649157><>" became an admin (account "P!Tu") (access "t") (address "91.193.40.21")
L 08/23/2011 - 20:02:54: [admin_amxbans.amxx] Login: "Ipse [Str,RUS]<1815><STEAM_0:4:2089272819><>" became an admin (account "Ipse [Str,RUS]") (access "t") (address "95.105.83.80")
L 08/23/2011 - 20:08:53: -------- Mapchange to zm_neris --------
L 08/23/2011 - 20:08:54: [admin_amxbans.amxx] Login: "Ipse [Str,RUS]<1815><STEAM_0:4:2089272819><>" became an admin (account "Ipse [Str,RUS]") (access "t") (address "95.105.83.80")
L 08/23/2011 - 20:08:54: [admin_amxbans.amxx] Login: "Alecquant<1795><STEAM_0:4:1401445046><>" became an admin (account "Alecquant") (access "t") (address "213.87.76.14")
L 08/23/2011 - 20:08:55: [amxbans.amxx] [AMXBANS] AMXBans 5.0 подключен
L 08/23/2011 - 20:29:33: -------- Mapchange to ze_jurassicpark --------
L 08/23/2011 - 20:29:33: [admin_amxbans.amxx] Login: "Ipse [Str,RUS]<1815><STEAM_0:4:2089272819><>" became an admin (account "Ipse [Str,RUS]") (access "t") (address "95.105.83.80")
L 08/23/2011 - 20:29:34: [amxbans.amxx] [AMXBANS] AMXBans 5.0 подключен
L 08/23/2011 - 20:50:40: -------- Mapchange to ze_lift_escape_b5 --------
L 08/23/2011 - 20:50:41: [admin_amxbans.amxx] Login: "Ipse [Str,RUS]<1815><STEAM_0:4:2089272819><>" became an admin (account "Ipse [Str,RUS]") (access "t") (address "95.105.83.80")
L 08/23/2011 - 20:50:42: [amxbans.amxx] [AMXBANS] AMXBans 5.0 подключен
L 08/23/2011 - 21:06:31: -------- Mapchange to cs_militia --------
L 08/23/2011 - 21:06:36: [amxbans.amxx] [AMXBANS] AMXBans 5.0 подключен
L 08/23/2011 - 21:17:03: [admin_amxbans.amxx] Login: "Lenusjka<1905><STEAM_0:4:1429483121><>" became an admin (account "Lenusjka") (access "et") (address "91.190.52.3")
L 08/23/2011 - 21:26:37: [admin_amxbans.amxx] Login: "Dimka<1916><STEAM_0:0:1236438227><>" became an admin (account "Dimka") (access "abcdefghijklmnopqrstu") (address "172.23.65.13")
L 08/23/2011 - 21:26:43: [admincmd.amxx] Cmd: "Dimka<1916><STEAM_0:0:1236438227><>" ask for players list
L 08/23/2011 - 21:27:20: [admincmd.amxx] Cmd: "Dimka<1916><STEAM_0:0:1236438227><>" change nick to "LUKO IS GAY" "Dumka<1907><STEAM_0:0:287945496><>"
L 08/23/2011 - 21:28:52: -------- Mapchange to zm_303 --------
L 08/23/2011 - 21:28:53: [admin_amxbans.amxx] Login: "Lenusjka<1905><STEAM_0:4:1429483121><>" became an admin (account "Lenusjka") (access "et") (address "91.190.52.3")
L 08/23/2011 - 21:28:54: [amxbans.amxx] [AMXBANS] AMXBans 5.0 подключен
L 08/23/2011 - 21:31:07: [admin_amxbans.amxx] Login: "P!Tu<1928><STEAM_0:0:25649157><>" became an admin (account "P!Tu") (access "t") (address "91.193.40.21")
L 08/23/2011 - 21:46:04: [admin_amxbans.amxx] Login: "a 9I 4utak =P<1938><STEAM_0:4:446327478><>" became an admin (account "212.55.104.156") (access "abcdefgijmnopqrstu") (address "212.55.104.156")
L 08/23/2011 - 21:46:40: [plmenu.amxx] Cmd: "a 9I 4utak =P<1938><STEAM_0:4:446327478><>" slap with 0 damage "a 9I 4utak =P<1938><STEAM_0:4:446327478><>"
L 08/23/2011 - 21:46:40: [plmenu.amxx] Cmd: "a 9I 4utak =P<1938><STEAM_0:4:446327478><>" slap with 0 damage "S.T.A.L.K.E.R. (Rus85)<1917><STEAM_0:0:245971539><>"
L 08/23/2011 - 21:46:40: [plmenu.amxx] Cmd: "a 9I 4utak =P<1938><STEAM_0:4:446327478><>" slap with 0 damage "S.T.A.L.K.E.R. (Rus85)<1917><STEAM_0:0:245971539><>"
L 08/23/2011 - 21:46:42: [plmenu.amxx] Cmd: "a 9I 4utak =P<1938><STEAM_0:4:446327478><>" slap with 0 damage "S.T.A.L.K.E.R. (Rus85)<1917><STEAM_0:0:245971539><>"
L 08/23/2011 - 21:46:42: [plmenu.amxx] Cmd: "a 9I 4utak =P<1938><STEAM_0:4:446327478><>" slap with 0 damage "S.T.A.L.K.E.R. (Rus85)<1917><STEAM_0:0:245971539><>"
L 08/23/2011 - 21:46:43: [plmenu.amxx] Cmd: "a 9I 4utak =P<1938><STEAM_0:4:446327478><>" slap with 0 damage "S.T.A.L.K.E.R. (Rus85)<1917><STEAM_0:0:245971539><>"
L 08/23/2011 - 21:46:45: [admin_amxbans.amxx] Login: "Dimka<1939><STEAM_0:0:1236438227><>" became an admin (account "Dimka") (access "abcdefghijklmnopqrstu") (address "172.23.65.13")
L 08/23/2011 - 21:46:45: [plmenu.amxx] Cmd: "a 9I 4utak =P<1938><STEAM_0:4:446327478><>" slap with 0 damage "S.T.A.L.K.E.R. (Rus85)<1917><STEAM_0:0:245971539><>"
L 08/23/2011 - 21:46:45: [plmenu.amxx] Cmd: "a 9I 4utak =P<1938><STEAM_0:4:446327478><>" slap with 0 damage "S.T.A.L.K.E.R. (Rus85)<1917><STEAM_0:0:245971539><>"
L 08/23/2011 - 21:46:45: [plmenu.amxx] Cmd: "a 9I 4utak =P<1938><STEAM_0:4:446327478><>" slap with 0 damage "S.T.A.L.K.E.R. (Rus85)<1917><STEAM_0:0:245971539><>"
L 08/23/2011 - 21:46:48: [plmenu.amxx] Cmd: "a 9I 4utak =P<1938><STEAM_0:4:446327478><>" slap with 0 damage "a 9I 4utak =P<1938><STEAM_0:4:446327478><>"
L 08/23/2011 - 21:46:49: [plmenu.amxx] Cmd: "a 9I 4utak =P<1938><STEAM_0:4:446327478><>" slap with 0 damage "[region 57]-*pext@4ok*-<1933><STEAM_0:0:28799371><>"
L 08/23/2011 - 21:46:49: [plmenu.amxx] Cmd: "a 9I 4utak =P<1938><STEAM_0:4:446327478><>" slap with 0 damage "[region 57]-*pext@4ok*-<1933><STEAM_0:0:28799371><>"
L 08/23/2011 - 21:46:49: [plmenu.amxx] Cmd: "a 9I 4utak =P<1938><STEAM_0:4:446327478><>" slap with 0 damage "[region 57]-*pext@4ok*-<1933><STEAM_0:0:28799371><>"
L 08/23/2011 - 21:46:49: [plmenu.amxx] Cmd: "a 9I 4utak =P<1938><STEAM_0:4:446327478><>" slap with 0 damage "[region 57]-*pext@4ok*-<1933><STEAM_0:0:28799371><>"
L 08/23/2011 - 21:47:04: [admin_amxbans.amxx] Login: "a 9I 4utak =P<1941><STEAM_0:4:446327478><>" became an admin (account "212.55.104.156") (access "abcdefgijmnopqrstu") (address "212.55.104.156")
L 08/23/2011 - 21:47:20: [admincmd.amxx] Cmd: "Dimka<1939><STEAM_0:0:1236438227><>" ask for players list
L 08/23/2011 - 21:49:16: -------- Mapchange to zm_xata --------
L 08/23/2011 - 21:49:17: [admin_amxbans.amxx] Login: "P!Tu<1928><STEAM_0:0:25649157><>" became an admin (account "P!Tu") (access "t") (address "91.193.40.21")
L 08/23/2011 - 21:49:17: [admin_amxbans.amxx] Login: "P!Tu<1928><STEAM_0:0:25649157><>" became an admin (account "P!Tu") (access "t") (address "91.193.40.21")
L 08/23/2011 - 21:49:18: [amxbans.amxx] [AMXBANS] AMXBans 5.0 подключен
L 08/23/2011 - 21:58:45: [amxbans.amxx] [Amxbans] Запрос провален!
L 08/23/2011 - 21:58:45: [amxbans.amxx] [Amxbans] Ошибка, адрес: 18
L 08/23/2011 - 21:58:45: [amxbans.amxx] [Amxbans] Сообщение: You have an error in your SQL syntax; check the manual that corresponds to your MySQL server version for the right syntax to use near ''Bantime exp' at line 1 (1064)
L 08/23/2011 - 21:58:45: [amxbans.amxx] [Amxbans] Статус запроса: 
L 08/23/2011 - 22:09:19: -------- Mapchange to zm_fdust2x2 --------
L 08/23/2011 - 22:09:21: [amxbans.amxx] [AMXBANS] AMXBans 5.0 подключен
L 08/23/2011 - 22:09:25: [amxbans.amxx] [Amxbans] Запрос провален!
L 08/23/2011 - 22:09:25: [amxbans.amxx] [Amxbans] Ошибка, адрес: 18
L 08/23/2011 - 22:09:25: [amxbans.amxx] [Amxbans] Сообщение: You have an error in your SQL syntax; check the manual that corresponds to your MySQL server version for the right syntax to use near ''Bantime exp' at line 1 (1064)
L 08/23/2011 - 22:09:25: [amxbans.amxx] [Amxbans] Статус запроса: 
L 08/23/2011 - 22:30:30: -------- Mapchange to zm_666_brick --------
L 08/23/2011 - 22:30:32: [amxbans.amxx] [AMXBANS] AMXBans 5.0 подключен
L 08/23/2011 - 22:30:36: [amxbans.amxx] [Amxbans] Запрос провален!
L 08/23/2011 - 22:30:36: [amxbans.amxx] [Amxbans] Ошибка, адрес: 18
L 08/23/2011 - 22:30:36: [amxbans.amxx] [Amxbans] Сообщение: You have an error in your SQL syntax; check the manual that corresponds to your MySQL server version for the right syntax to use near ''Bantime exp' at line 1 (1064)
L 08/23/2011 - 22:30:36: [amxbans.amxx] [Amxbans] Статус запроса: 
L 08/23/2011 - 22:52:25: -------- Mapchange to zm_alley --------
L 08/23/2011 - 22:52:26: [amxbans.amxx] [AMXBANS] AMXBans 5.0 подключен
L 08/23/2011 - 23:13:06: -------- Mapchange to zm_army --------
L 08/23/2011 - 23:13:08: [amxbans.amxx] [AMXBANS] AMXBans 5.0 подключен
L 08/23/2011 - 23:22:26: [admin_amxbans.amxx] Login: "ana4o<2034><STEAM_0:4:446327478><>" became an admin (account "212.55.104.156") (access "abcdefgijmnopqrstu") (address "212.55.104.156")
L 08/23/2011 - 23:30:08: -------- Mapchange to 016 --------
L 08/23/2011 - 23:30:09: [admin_amxbans.amxx] Login: "ana4o<2034><STEAM_0:4:446327478><>" became an admin (account "212.55.104.156") (access "abcdefgijmnopqrstu") (address "212.55.104.156")
L 08/23/2011 - 23:30:09: [amxbans.amxx] [AMXBANS] AMXBans 5.0 подключен
L 08/23/2011 - 23:50:51: -------- Mapchange to zm_vendetta --------
L 08/23/2011 - 23:50:52: [amxbans.amxx] [AMXBANS] AMXBans 5.0 подключен
