L 08/14/2011 - 00:10:37: -------- Mapchange to cs_militia --------
L 08/14/2011 - 00:10:43: [amxbans.amxx] [AMXBANS] AMXBans 5.0 подключен
L 08/14/2011 - 00:28:04: -------- Mapchange to cs_estate --------
L 08/14/2011 - 00:28:08: [amxbans.amxx] [AMXBANS] AMXBans 5.0 подключен
L 08/14/2011 - 00:38:54: -------- Mapchange to ze_lift_escape_b5 --------
L 08/14/2011 - 00:38:56: [amxbans.amxx] [AMXBANS] AMXBans 5.0 подключен
L 08/14/2011 - 00:41:54: -------- Mapchange to cs_estate --------
L 08/14/2011 - 00:41:58: [amxbans.amxx] [AMXBANS] AMXBans 5.0 подключен
L 08/14/2011 - 00:52:33: -------- Mapchange to zm_dwarf --------
L 08/14/2011 - 00:52:35: [amxbans.amxx] [AMXBANS] AMXBans 5.0 подключен
L 08/14/2011 - 00:55:33: -------- Mapchange to cs_estate --------
L 08/14/2011 - 00:55:37: [amxbans.amxx] [AMXBANS] AMXBans 5.0 подключен
L 08/14/2011 - 01:05:31: -------- Mapchange to cs_estate --------
L 08/14/2011 - 01:05:35: [amxbans.amxx] [AMXBANS] AMXBans 5.0 подключен
L 08/14/2011 - 01:15:29: -------- Mapchange to cs_estate --------
L 08/14/2011 - 01:15:33: [amxbans.amxx] [AMXBANS] AMXBans 5.0 подключен
L 08/14/2011 - 01:25:26: -------- Mapchange to cs_estate --------
L 08/14/2011 - 01:25:30: [amxbans.amxx] [AMXBANS] AMXBans 5.0 подключен
L 08/14/2011 - 01:35:23: -------- Mapchange to cs_estate --------
L 08/14/2011 - 01:35:27: [amxbans.amxx] [AMXBANS] AMXBans 5.0 подключен
L 08/14/2011 - 01:45:20: -------- Mapchange to cs_estate --------
L 08/14/2011 - 01:45:24: [amxbans.amxx] [AMXBANS] AMXBans 5.0 подключен
L 08/14/2011 - 01:55:17: -------- Mapchange to cs_estate --------
L 08/14/2011 - 01:55:21: [amxbans.amxx] [AMXBANS] AMXBans 5.0 подключен
L 08/14/2011 - 02:05:14: -------- Mapchange to cs_estate --------
L 08/14/2011 - 02:05:18: [amxbans.amxx] [AMXBANS] AMXBans 5.0 подключен
L 08/14/2011 - 02:16:23: -------- Mapchange to zm_xata --------
L 08/14/2011 - 02:16:25: [amxbans.amxx] [AMXBANS] AMXBans 5.0 подключен
L 08/14/2011 - 02:19:23: -------- Mapchange to cs_estate --------
L 08/14/2011 - 02:19:26: [amxbans.amxx] [AMXBANS] AMXBans 5.0 подключен
L 08/14/2011 - 02:29:19: -------- Mapchange to cs_estate --------
L 08/14/2011 - 02:29:22: [amxbans.amxx] [AMXBANS] AMXBans 5.0 подключен
L 08/14/2011 - 02:39:16: -------- Mapchange to cs_estate --------
L 08/14/2011 - 02:39:19: [amxbans.amxx] [AMXBANS] AMXBans 5.0 подключен
L 08/14/2011 - 02:48:09: -------- Mapchange to ze_lift_escape_b5 --------
L 08/14/2011 - 02:48:11: [amxbans.amxx] [AMXBANS] AMXBans 5.0 подключен
L 08/14/2011 - 02:51:09: -------- Mapchange to cs_estate --------
L 08/14/2011 - 02:51:13: [amxbans.amxx] [AMXBANS] AMXBans 5.0 подключен
L 08/14/2011 - 03:01:06: -------- Mapchange to cs_estate --------
L 08/14/2011 - 03:01:11: [amxbans.amxx] [AMXBANS] AMXBans 5.0 подключен
L 08/14/2011 - 03:11:04: -------- Mapchange to cs_estate --------
L 08/14/2011 - 03:11:08: [amxbans.amxx] [AMXBANS] AMXBans 5.0 подключен
L 08/14/2011 - 03:21:18: -------- Mapchange to cs_estate --------
L 08/14/2011 - 03:21:22: [amxbans.amxx] [AMXBANS] AMXBans 5.0 подключен
L 08/14/2011 - 03:32:03: -------- Mapchange to zm_simple_b1 --------
L 08/14/2011 - 03:32:05: [amxbans.amxx] [AMXBANS] AMXBans 5.0 подключен
L 08/14/2011 - 03:44:18: -------- Mapchange to cs_estate --------
L 08/14/2011 - 03:44:21: [amxbans.amxx] [AMXBANS] AMXBans 5.0 подключен
L 08/14/2011 - 03:54:14: -------- Mapchange to cs_estate --------
L 08/14/2011 - 03:54:17: [amxbans.amxx] [AMXBANS] AMXBans 5.0 подключен
L 08/14/2011 - 04:04:05: -------- Mapchange to cs_estate --------
L 08/14/2011 - 04:04:08: [amxbans.amxx] [AMXBANS] AMXBans 5.0 подключен
L 08/14/2011 - 04:14:02: -------- Mapchange to cs_estate --------
L 08/14/2011 - 04:14:05: [amxbans.amxx] [AMXBANS] AMXBans 5.0 подключен
L 08/14/2011 - 04:23:58: -------- Mapchange to cs_estate --------
L 08/14/2011 - 04:24:01: [amxbans.amxx] [AMXBANS] AMXBans 5.0 подключен
L 08/14/2011 - 04:33:54: -------- Mapchange to cs_estate --------
L 08/14/2011 - 04:33:57: [amxbans.amxx] [AMXBANS] AMXBans 5.0 подключен
L 08/14/2011 - 04:43:51: -------- Mapchange to cs_estate --------
L 08/14/2011 - 04:43:54: [amxbans.amxx] [AMXBANS] AMXBans 5.0 подключен
L 08/14/2011 - 04:53:47: -------- Mapchange to cs_estate --------
L 08/14/2011 - 04:53:50: [amxbans.amxx] [AMXBANS] AMXBans 5.0 подключен
L 08/14/2011 - 05:03:44: -------- Mapchange to cs_estate --------
L 08/14/2011 - 05:03:48: [amxbans.amxx] [AMXBANS] AMXBans 5.0 подключен
L 08/14/2011 - 05:13:42: -------- Mapchange to cs_estate --------
L 08/14/2011 - 05:13:46: [amxbans.amxx] [AMXBANS] AMXBans 5.0 подключен
L 08/14/2011 - 05:23:39: -------- Mapchange to cs_estate --------
L 08/14/2011 - 05:23:44: [amxbans.amxx] [AMXBANS] AMXBans 5.0 подключен
L 08/14/2011 - 05:33:37: -------- Mapchange to cs_estate --------
L 08/14/2011 - 05:33:40: [amxbans.amxx] [AMXBANS] AMXBans 5.0 подключен
L 08/14/2011 - 05:43:33: -------- Mapchange to cs_estate --------
L 08/14/2011 - 05:43:37: [amxbans.amxx] [AMXBANS] AMXBans 5.0 подключен
L 08/14/2011 - 05:53:30: -------- Mapchange to cs_estate --------
L 08/14/2011 - 05:53:33: [amxbans.amxx] [AMXBANS] AMXBans 5.0 подключен
L 08/14/2011 - 06:07:08: -------- Mapchange to zm_army --------
L 08/14/2011 - 06:07:09: [amxbans.amxx] [AMXBANS] AMXBans 5.0 подключен
L 08/14/2011 - 06:10:08: -------- Mapchange to cs_estate --------
L 08/14/2011 - 06:10:11: [amxbans.amxx] [AMXBANS] AMXBans 5.0 подключен
L 08/14/2011 - 06:20:04: -------- Mapchange to cs_estate --------
L 08/14/2011 - 06:20:07: [amxbans.amxx] [AMXBANS] AMXBans 5.0 подключен
L 08/14/2011 - 06:30:00: -------- Mapchange to cs_estate --------
L 08/14/2011 - 06:30:03: [amxbans.amxx] [AMXBANS] AMXBans 5.0 подключен
L 08/14/2011 - 06:41:53: -------- Mapchange to zm_alley --------
L 08/14/2011 - 06:41:55: [amxbans.amxx] [AMXBANS] AMXBans 5.0 подключен
L 08/14/2011 - 06:44:53: -------- Mapchange to cs_estate --------
L 08/14/2011 - 06:44:56: [amxbans.amxx] [AMXBANS] AMXBans 5.0 подключен
L 08/14/2011 - 06:54:50: -------- Mapchange to cs_estate --------
L 08/14/2011 - 06:54:53: [amxbans.amxx] [AMXBANS] AMXBans 5.0 подключен
L 08/14/2011 - 07:04:46: -------- Mapchange to cs_estate --------
L 08/14/2011 - 07:04:49: [amxbans.amxx] [AMXBANS] AMXBans 5.0 подключен
L 08/14/2011 - 07:14:42: -------- Mapchange to cs_estate --------
L 08/14/2011 - 07:14:45: [amxbans.amxx] [AMXBANS] AMXBans 5.0 подключен
L 08/14/2011 - 07:24:38: -------- Mapchange to cs_estate --------
L 08/14/2011 - 07:24:41: [amxbans.amxx] [AMXBANS] AMXBans 5.0 подключен
L 08/14/2011 - 07:34:35: -------- Mapchange to cs_estate --------
L 08/14/2011 - 07:34:38: [amxbans.amxx] [AMXBANS] AMXBans 5.0 подключен
L 08/14/2011 - 07:44:31: -------- Mapchange to cs_estate --------
L 08/14/2011 - 07:44:34: [amxbans.amxx] [AMXBANS] AMXBans 5.0 подключен
L 08/14/2011 - 07:54:27: -------- Mapchange to cs_estate --------
L 08/14/2011 - 07:54:30: [amxbans.amxx] [AMXBANS] AMXBans 5.0 подключен
L 08/14/2011 - 08:04:24: -------- Mapchange to cs_estate --------
L 08/14/2011 - 08:04:27: [amxbans.amxx] [AMXBANS] AMXBans 5.0 подключен
L 08/14/2011 - 08:14:20: -------- Mapchange to cs_estate --------
L 08/14/2011 - 08:14:23: [amxbans.amxx] [AMXBANS] AMXBans 5.0 подключен
L 08/14/2011 - 08:24:16: -------- Mapchange to cs_estate --------
L 08/14/2011 - 08:24:19: [amxbans.amxx] [AMXBANS] AMXBans 5.0 подключен
L 08/14/2011 - 08:39:13: -------- Mapchange to cs_estate --------
L 08/14/2011 - 08:39:16: [amxbans.amxx] [AMXBANS] AMXBans 5.0 подключен
L 08/14/2011 - 08:51:39: -------- Mapchange to 016 --------
L 08/14/2011 - 08:51:41: [amxbans.amxx] [AMXBANS] AMXBans 5.0 подключен
L 08/14/2011 - 08:55:52: -------- Mapchange to cs_estate --------
L 08/14/2011 - 08:55:55: [amxbans.amxx] [AMXBANS] AMXBans 5.0 подключен
L 08/14/2011 - 09:05:49: -------- Mapchange to cs_estate --------
L 08/14/2011 - 09:05:52: [amxbans.amxx] [AMXBANS] AMXBans 5.0 подключен
L 08/14/2011 - 09:24:15: -------- Mapchange to cs_estate --------
L 08/14/2011 - 09:24:18: [amxbans.amxx] [AMXBANS] AMXBans 5.0 подключен
L 08/14/2011 - 09:32:38: -------- Mapchange to ze_jurassicpark --------
L 08/14/2011 - 09:32:40: [amxbans.amxx] [AMXBANS] AMXBans 5.0 подключен
L 08/14/2011 - 09:35:38: -------- Mapchange to cs_estate --------
L 08/14/2011 - 09:35:42: [amxbans.amxx] [AMXBANS] AMXBans 5.0 подключен
L 08/14/2011 - 09:46:59: -------- Mapchange to zm_xata --------
L 08/14/2011 - 09:47:01: [amxbans.amxx] [AMXBANS] AMXBans 5.0 подключен
L 08/14/2011 - 09:59:09: -------- Mapchange to cs_estate --------
L 08/14/2011 - 09:59:12: [amxbans.amxx] [AMXBANS] AMXBans 5.0 подключен
L 08/14/2011 - 10:18:50: -------- Mapchange to cs_estate --------
L 08/14/2011 - 10:18:54: [amxbans.amxx] [AMXBANS] AMXBans 5.0 подключен
L 08/14/2011 - 10:34:17: -------- Mapchange to zm_houses --------
L 08/14/2011 - 10:34:19: [amxbans.amxx] [AMXBANS] AMXBans 5.0 подключен
L 08/14/2011 - 10:37:17: -------- Mapchange to cs_estate --------
L 08/14/2011 - 10:37:20: [amxbans.amxx] [AMXBANS] AMXBans 5.0 подключен
L 08/14/2011 - 10:57:10: -------- Mapchange to zm_303 --------
L 08/14/2011 - 10:57:12: [amxbans.amxx] [AMXBANS] AMXBans 5.0 подключен
L 08/14/2011 - 11:02:00: -------- Mapchange to cs_estate --------
L 08/14/2011 - 11:02:03: [amxbans.amxx] [AMXBANS] AMXBans 5.0 подключен
L 08/14/2011 - 11:16:23: -------- Mapchange to 016 --------
L 08/14/2011 - 11:16:25: [amxbans.amxx] [AMXBANS] AMXBans 5.0 подключен
L 08/14/2011 - 11:19:23: -------- Mapchange to cs_estate --------
L 08/14/2011 - 11:19:26: [amxbans.amxx] [AMXBANS] AMXBans 5.0 подключен
L 08/14/2011 - 11:31:15: -------- Mapchange to zm_cpl_mill_kamp --------
L 08/14/2011 - 11:31:16: [amxbans.amxx] [AMXBANS] AMXBans 5.0 подключен
L 08/14/2011 - 11:31:19: [admin_amxbans.amxx] Login: "Euforia<1120><STEAM_0:0:1235555515><>" became an admin (account "Euforia") (access "t") (address "188.123.245.19")
L 08/14/2011 - 11:35:56: -------- Mapchange to cs_estate --------
L 08/14/2011 - 11:35:59: [amxbans.amxx] [AMXBANS] AMXBans 5.0 подключен
L 08/14/2011 - 11:56:09: -------- Mapchange to zm_desolation_house --------
L 08/14/2011 - 11:56:11: [amxbans.amxx] [AMXBANS] AMXBans 5.0 подключен
L 08/14/2011 - 12:19:25: -------- Mapchange to de_dust --------
L 08/14/2011 - 12:19:29: [amxbans.amxx] [AMXBANS] AMXBans 5.0 подключен
L 08/14/2011 - 12:41:04: -------- Mapchange to zm_houses --------
L 08/14/2011 - 12:41:06: [amxbans.amxx] [AMXBANS] AMXBans 5.0 подключен
L 08/14/2011 - 13:01:31: -------- Mapchange to zm_303 --------
L 08/14/2011 - 13:01:33: [amxbans.amxx] [AMXBANS] AMXBans 5.0 подключен
L 08/14/2011 - 13:22:23: -------- Mapchange to ze_jurassicpark --------
L 08/14/2011 - 13:22:25: [amxbans.amxx] [AMXBANS] AMXBans 5.0 подключен
L 08/14/2011 - 13:44:46: -------- Mapchange to 016 --------
L 08/14/2011 - 13:44:49: [amxbans.amxx] [AMXBANS] AMXBans 5.0 подключен
L 08/14/2011 - 14:05:25: -------- Mapchange to zm_fdust2x2 --------
L 08/14/2011 - 14:05:27: [amxbans.amxx] [AMXBANS] AMXBans 5.0 подключен
L 08/14/2011 - 14:10:38: [admin_amxbans.amxx] Login: "Euforia<1213><STEAM_0:0:1235555515><>" became an admin (account "Euforia") (access "t") (address "188.123.245.19")
L 08/14/2011 - 14:25:33: -------- Mapchange to zm_666_brick --------
L 08/14/2011 - 14:25:34: [amxbans.amxx] [AMXBANS] AMXBans 5.0 подключен
L 08/14/2011 - 14:26:43: [admin_amxbans.amxx] Login: "holder_x2<1232><STEAM_0:4:498321008><>" became an admin (account "holder_x2") (access "t") (address "89.110.59.146")
L 08/14/2011 - 14:34:55: [voteban.amxx] Voteban starter holder_x2 against TERRor_1999@@1 STEAM_0:0:728594953
L 08/14/2011 - 14:35:10: [voteban.amxx] [AMXX] BANNED: TERRor_1999@@1, STARTER: holder_x2
L 08/14/2011 - 14:35:11: [amxbans.amxx]  Зомби сервер (x_x(O_o)x_x) Go Zombie !!!<0><><> забанил TERRor_1999@@1<STEAM_0:0:728594953> на 15 минут (15 минут). Причина: VIP->holder_x2.
L 08/14/2011 - 14:47:00: -------- Mapchange to ze_lift_escape_b5 --------
L 08/14/2011 - 14:47:01: [admin_amxbans.amxx] Login: "holder_x2<1232><STEAM_0:4:498321008><>" became an admin (account "holder_x2") (access "t") (address "89.110.59.146")
L 08/14/2011 - 14:47:02: [amxbans.amxx] [AMXBANS] AMXBans 5.0 подключен
L 08/14/2011 - 14:54:51: [admin_amxbans.amxx] Login: "Camelot  [xD]<1255><STEAM_0:4:1417253489><>" became an admin (account "Camelot  [xD]") (access "t") (address "91.198.175.1")
L 08/14/2011 - 15:01:28: [admin_amxbans.amxx] Login: "Camelot  [xD]<1259><STEAM_0:4:1417253489><>" became an admin (account "Camelot  [xD]") (access "t") (address "91.198.175.1")
L 08/14/2011 - 15:03:11: [admin_amxbans.amxx] Login: "holder_x2<1262><STEAM_0:4:498321008><>" became an admin (account "holder_x2") (access "t") (address "89.110.59.146")
L 08/14/2011 - 15:05:28: -------- Mapchange to zm_alley --------
L 08/14/2011 - 15:05:30: [admin_amxbans.amxx] Login: "Camelot  [xD]<1259><STEAM_0:4:1417253489><>" became an admin (account "Camelot  [xD]") (access "t") (address "91.198.175.1")
L 08/14/2011 - 15:05:30: [amxbans.amxx] [AMXBANS] AMXBans 5.0 подключен
L 08/14/2011 - 15:27:34: -------- Mapchange to cs_militia --------
L 08/14/2011 - 15:27:40: [amxbans.amxx] [AMXBANS] AMXBans 5.0 подключен
L 08/14/2011 - 15:48:01: -------- Mapchange to cs_estate --------
L 08/14/2011 - 15:48:04: [amxbans.amxx] [AMXBANS] AMXBans 5.0 подключен
L 08/14/2011 - 15:54:39: -------- Mapchange to zm_simple_b1 --------
L 08/14/2011 - 15:54:41: [amxbans.amxx] [AMXBANS] AMXBans 5.0 подключен
L 08/14/2011 - 15:56:28: [admin_amxbans.amxx] Login: "holder_x2<1330><STEAM_0:4:498321008><>" became an admin (account "holder_x2") (access "t") (address "89.110.59.146")
L 08/14/2011 - 15:56:36: [admin_amxbans.amxx] Login: "holder_x2<1331><STEAM_0:4:498321008><>" became an admin (account "holder_x2") (access "t") (address "89.110.59.146")
L 08/14/2011 - 15:57:48: -------- Mapchange to cs_estate --------
L 08/14/2011 - 15:57:50: [admin_amxbans.amxx] Login: "holder_x2<1331><STEAM_0:4:498321008><>" became an admin (account "holder_x2") (access "t") (address "89.110.59.146")
L 08/14/2011 - 15:57:51: [amxbans.amxx] [AMXBANS] AMXBans 5.0 подключен
L 08/14/2011 - 16:01:10: [admin_amxbans.amxx] Login: "holder_x2<1350><STEAM_0:4:498321008><>" became an admin (account "holder_x2") (access "t") (address "89.110.59.146")
L 08/14/2011 - 16:08:57: [admin_amxbans.amxx] Login: "Euforia<1353><STEAM_0:0:1235555515><>" became an admin (account "Euforia") (access "t") (address "188.123.245.19")
L 08/14/2011 - 16:18:49: [admin_amxbans.amxx] Login: "holder_x2<1363><STEAM_0:4:498321008><>" became an admin (account "holder_x2") (access "t") (address "89.110.59.146")
L 08/14/2011 - 16:20:12: -------- Mapchange to ze_jurassicpark --------
L 08/14/2011 - 16:20:14: [amxbans.amxx] [AMXBANS] AMXBans 5.0 подключен
L 08/14/2011 - 16:30:53: -------- Mapchange to zm_dwarf --------
L 08/14/2011 - 16:30:55: [amxbans.amxx] [AMXBANS] AMXBans 5.0 подключен
L 08/14/2011 - 16:41:53: -------- Mapchange to zm_303 --------
L 08/14/2011 - 16:41:55: [amxbans.amxx] [AMXBANS] AMXBans 5.0 подключен
L 08/14/2011 - 17:02:27: -------- Mapchange to zm_desolation_house --------
L 08/14/2011 - 17:02:29: [amxbans.amxx] [AMXBANS] AMXBans 5.0 подключен
L 08/14/2011 - 17:22:42: -------- Mapchange to 016 --------
L 08/14/2011 - 17:22:44: [amxbans.amxx] [AMXBANS] AMXBans 5.0 подключен
L 08/14/2011 - 17:43:51: -------- Mapchange to cs_militia --------
L 08/14/2011 - 17:44:00: [amxbans.amxx] [AMXBANS] AMXBans 5.0 подключен
L 08/14/2011 - 17:44:54: [admin_amxbans.amxx] Login: "Camelot  [xD]<1462><STEAM_0:4:1233289021><>" became an admin (account "Camelot  [xD]") (access "t") (address "194.28.88.58")
L 08/14/2011 - 18:06:22: -------- Mapchange to ze_lift_escape_b5 --------
L 08/14/2011 - 18:06:24: [amxbans.amxx] [AMXBANS] AMXBans 5.0 подключен
L 08/14/2011 - 18:24:40: -------- Mapchange to zm_fdust2x2 --------
L 08/14/2011 - 18:24:42: [amxbans.amxx] [AMXBANS] AMXBans 5.0 подключен
L 08/14/2011 - 18:38:13: [admin_amxbans.amxx] Login: "Dumka<1488><STEAM_0:0:1236438227><>" became an admin (account "172.23.65.13") (access "abcdefghijklmnopqrstu") (address "172.23.65.13")
L 08/14/2011 - 18:43:06: [admincmd.amxx] Cmd: "Dumka<1488><STEAM_0:0:1236438227><>" ask for players list
L 08/14/2011 - 18:44:50: -------- Mapchange to de_dust --------
L 08/14/2011 - 18:44:54: [admin_amxbans.amxx] Login: "Dumka<1488><STEAM_0:0:1236438227><>" became an admin (account "172.23.65.13") (access "abcdefghijklmnopqrstu") (address "172.23.65.13")
L 08/14/2011 - 18:44:54: [amxbans.amxx] [AMXBANS] AMXBans 5.0 подключен
L 08/14/2011 - 19:06:20: -------- Mapchange to zm_666_brick --------
L 08/14/2011 - 19:06:22: [amxbans.amxx] [AMXBANS] AMXBans 5.0 подключен
L 08/14/2011 - 19:26:45: -------- Mapchange to zm_alley --------
L 08/14/2011 - 19:26:47: [amxbans.amxx] [AMXBANS] AMXBans 5.0 подключен
L 08/14/2011 - 19:48:27: -------- Mapchange to zm_simple_b1 --------
L 08/14/2011 - 19:48:29: [amxbans.amxx] [AMXBANS] AMXBans 5.0 подключен
L 08/14/2011 - 20:10:15: -------- Mapchange to zm_dwarf --------
L 08/14/2011 - 20:10:17: [amxbans.amxx] [AMXBANS] AMXBans 5.0 подключен
L 08/14/2011 - 20:31:07: -------- Mapchange to zm_303 --------
L 08/14/2011 - 20:31:10: [amxbans.amxx] [AMXBANS] AMXBans 5.0 подключен
L 08/14/2011 - 20:52:00: -------- Mapchange to ze_jurassicpark --------
L 08/14/2011 - 20:52:02: [amxbans.amxx] [AMXBANS] AMXBans 5.0 подключен
L 08/14/2011 - 21:07:36: [admin_amxbans.amxx] Login: "holder_x2<1637><STEAM_0:4:498321008><>" became an admin (account "holder_x2") (access "t") (address "89.110.59.146")
L 08/14/2011 - 21:07:48: [admin_amxbans.amxx] Login: "holder_x2<1638><STEAM_0:4:498321008><>" became an admin (account "holder_x2") (access "t") (address "89.110.59.146")
L 08/14/2011 - 21:09:11: -------- Mapchange to zm_escapetrain --------
L 08/14/2011 - 21:09:12: [admin_amxbans.amxx] Login: "holder_x2<1638><STEAM_0:4:498321008><>" became an admin (account "holder_x2") (access "t") (address "89.110.59.146")
L 08/14/2011 - 21:09:13: [amxbans.amxx] [AMXBANS] AMXBans 5.0 подключен
L 08/14/2011 - 21:09:28: [admin_amxbans.amxx] Login: "holder_x2<1643><STEAM_0:4:498321008><>" became an admin (account "holder_x2") (access "t") (address "89.110.59.146")
L 08/14/2011 - 21:18:32: [admin_amxbans.amxx] Login: "Alecquant<1653><STEAM_0:4:1854626486><>" became an admin (account "Alecquant") (access "t") (address "213.87.74.116")
L 08/14/2011 - 21:22:08: [admin_amxbans.amxx] Login: "holder_x2<1657><STEAM_0:4:498321008><>" became an admin (account "holder_x2") (access "t") (address "89.110.59.146")
L 08/14/2011 - 21:23:42: [admin_amxbans.amxx] Login: "Ipse [Str,RUS]<1660><STEAM_0:4:643917299><>" became an admin (account "Ipse [Str,RUS]") (access "t") (address "94.41.158.229")
L 08/14/2011 - 21:25:59: -------- Mapchange to zm_army --------
L 08/14/2011 - 21:26:00: [admin_amxbans.amxx] Login: "holder_x2<1657><STEAM_0:4:498321008><>" became an admin (account "holder_x2") (access "t") (address "89.110.59.146")
L 08/14/2011 - 21:26:00: [admin_amxbans.amxx] Login: "Ipse [Str,RUS]<1660><STEAM_0:4:643917299><>" became an admin (account "Ipse [Str,RUS]") (access "t") (address "94.41.158.229")
L 08/14/2011 - 21:26:00: [admin_amxbans.amxx] Login: "Alecquant<1653><STEAM_0:4:1854626486><>" became an admin (account "Alecquant") (access "t") (address "213.87.74.116")
L 08/14/2011 - 21:26:01: [amxbans.amxx] [AMXBANS] AMXBans 5.0 подключен
L 08/14/2011 - 21:26:02: [admin_amxbans.amxx] Login: "holder_x2<1665><STEAM_0:4:498321008><>" became an admin (account "holder_x2") (access "t") (address "89.110.59.146")
L 08/14/2011 - 21:26:08: [admin_amxbans.amxx] Login: "holder_x2<1666><STEAM_0:4:498321008><>" became an admin (account "holder_x2") (access "t") (address "89.110.59.146")
L 08/14/2011 - 21:28:20: [voteban.amxx] Voteban starter Ipse [Str,RUS] against Dima1 STEAM_0:0:864033695
L 08/14/2011 - 21:28:35: [voteban.amxx] [AMXX] BANNED: Dima1, STARTER: Ipse [Str,RUS]
L 08/14/2011 - 21:28:36: [amxbans.amxx]  Зомби сервер (x_x(O_o)x_x) Go Zombie !!!<0><><> забанил unknown_STEAM_0:0:864033695<STEAM_0:0:864033695> на 15 минут (15 минут). Причина: VIP->Ipse [Str,RUS].
L 08/14/2011 - 21:32:20: [voteban.amxx] Voteban starter Ipse [Str,RUS] against diamond STEAM_0:4:1724455813
L 08/14/2011 - 21:32:35: [voteban.amxx] [AMXX] BANNED: diamond, STARTER: Ipse [Str,RUS]
L 08/14/2011 - 21:32:36: [amxbans.amxx]  Зомби сервер (x_x(O_o)x_x) Go Zombie !!!<0><><> забанил diamond<STEAM_0:4:1724455813> на 15 минут (15 минут). Причина: VIP->Ipse [Str,RUS].
L 08/14/2011 - 21:44:47: [amxbans.amxx] [Amxbans] Запрос провален!
L 08/14/2011 - 21:44:47: [amxbans.amxx] [Amxbans] Ошибка, адрес: 18
L 08/14/2011 - 21:44:47: [amxbans.amxx] [Amxbans] Сообщение: You have an error in your SQL syntax; check the manual that corresponds to your MySQL server version for the right syntax to use near ''Bantime expire' at line 1 (1064)
L 08/14/2011 - 21:44:47: [amxbans.amxx] [Amxbans] Статус запроса: 
L 08/14/2011 - 21:46:24: -------- Mapchange to cs_militia --------
L 08/14/2011 - 21:46:31: [admin_amxbans.amxx] Login: "Ipse [Str,RUS]<1660><STEAM_0:4:643917299><>" became an admin (account "Ipse [Str,RUS]") (access "t") (address "94.41.158.229")
L 08/14/2011 - 21:46:32: [amxbans.amxx] [AMXBANS] AMXBans 5.0 подключен
L 08/14/2011 - 21:46:35: [amxbans.amxx] [Amxbans] Запрос провален!
L 08/14/2011 - 21:46:35: [amxbans.amxx] [Amxbans] Ошибка, адрес: 18
L 08/14/2011 - 21:46:35: [amxbans.amxx] [Amxbans] Сообщение: You have an error in your SQL syntax; check the manual that corresponds to your MySQL server version for the right syntax to use near ''Bantime expire' at line 1 (1064)
L 08/14/2011 - 21:46:35: [amxbans.amxx] [Amxbans] Статус запроса: 
L 08/14/2011 - 21:47:39: [amxbans.amxx] [Amxbans] Запрос провален!
L 08/14/2011 - 21:47:39: [amxbans.amxx] [Amxbans] Ошибка, адрес: 18
L 08/14/2011 - 21:47:39: [amxbans.amxx] [Amxbans] Сообщение: You have an error in your SQL syntax; check the manual that corresponds to your MySQL server version for the right syntax to use near ''Bantime expire' at line 1 (1064)
L 08/14/2011 - 21:47:39: [amxbans.amxx] [Amxbans] Статус запроса: 
L 08/14/2011 - 21:49:59: [admin_amxbans.amxx] Login: "Camelot  [xD]<1685><STEAM_0:4:1233289021><>" became an admin (account "Camelot  [xD]") (access "t") (address "194.28.88.58")
L 08/14/2011 - 21:50:40: [admin_amxbans.amxx] Login: "Camelot  [xD]<1686><STEAM_0:4:1233289021><>" became an admin (account "Camelot  [xD]") (access "t") (address "194.28.88.58")
L 08/14/2011 - 21:52:41: [admin_amxbans.amxx] Login: "Camelot  [xD]<1688><STEAM_0:4:1233289021><>" became an admin (account "Camelot  [xD]") (access "t") (address "194.28.88.58")
L 08/14/2011 - 22:07:12: -------- Mapchange to ze_lift_escape_b5 --------
L 08/14/2011 - 22:07:13: [admin_amxbans.amxx] Login: "Camelot  [xD]<1688><STEAM_0:4:1233289021><>" became an admin (account "Camelot  [xD]") (access "t") (address "194.28.88.58")
L 08/14/2011 - 22:07:14: [amxbans.amxx] [AMXBANS] AMXBans 5.0 подключен
L 08/14/2011 - 22:23:38: -------- Mapchange to de_dust --------
L 08/14/2011 - 22:23:41: [amxbans.amxx] [AMXBANS] AMXBans 5.0 подключен
L 08/14/2011 - 22:31:50: -------- Mapchange to zm_vendetta --------
L 08/14/2011 - 22:31:52: [amxbans.amxx] [AMXBANS] AMXBans 5.0 подключен
L 08/14/2011 - 22:51:58: -------- Mapchange to zm_desolation_house --------
L 08/14/2011 - 22:52:00: [amxbans.amxx] [AMXBANS] AMXBans 5.0 подключен
L 08/14/2011 - 23:12:49: -------- Mapchange to zm_houses --------
L 08/14/2011 - 23:12:51: [amxbans.amxx] [AMXBANS] AMXBans 5.0 подключен
L 08/14/2011 - 23:44:46: -------- Mapchange to zm_cpl_mill_kamp --------
L 08/14/2011 - 23:44:48: [amxbans.amxx] [AMXBANS] AMXBans 5.0 подключен
L 08/14/2011 - 23:51:50: -------- Mapchange to cs_estate --------
L 08/14/2011 - 23:51:53: [amxbans.amxx] [AMXBANS] AMXBans 5.0 подключен
