L 10/23/2011 - 00:02:01: [admin_amxbans.amxx] Login: "Kenny<1376><STEAM_0:0:963405193><>" became an admin (account "Kenny") (access "abcdefgijmnopqtu") (address "109.161.37.130")
L 10/23/2011 - 00:06:08: -------- Mapchange to zm_fdust2x2 --------
L 10/23/2011 - 00:06:09: [amxbans.amxx] [AMXBANS] AMXBans 5.0 is online
L 10/23/2011 - 00:06:13: [amxbans.amxx] [Amxbans] Query failed!
L 10/23/2011 - 00:06:13: [amxbans.amxx] [Amxbans] Threaded query error, location: 18
L 10/23/2011 - 00:06:13: [amxbans.amxx] [Amxbans] Message: You have an error in your SQL syntax; check the manual that corresponds to your MySQL server version for the right syntax to use near ''amxban' at line 1 (1064)
L 10/23/2011 - 00:06:13: [amxbans.amxx] [Amxbans] Query statement: 
L 10/23/2011 - 00:06:13: [amxbans.amxx] [Amxbans] Query failed!
L 10/23/2011 - 00:06:13: [amxbans.amxx] [Amxbans] Threaded query error, location: 18
L 10/23/2011 - 00:06:13: [amxbans.amxx] [Amxbans] Message: You have an error in your SQL syntax; check the manual that corresponds to your MySQL server version for the right syntax to use near ''amxba' at line 1 (1064)
L 10/23/2011 - 00:06:13: [amxbans.amxx] [Amxbans] Query statement: 
L 10/23/2011 - 00:16:49: [amxbans.amxx] [Amxbans] Query failed!
L 10/23/2011 - 00:16:49: [amxbans.amxx] [Amxbans] Threaded query error, location: 18
L 10/23/2011 - 00:16:49: [amxbans.amxx] [Amxbans] Message: You have an error in your SQL syntax; check the manual that corresponds to your MySQL server version for the right syntax to use near ''amxbans' at line 1 (1064)
L 10/23/2011 - 00:16:49: [amxbans.amxx] [Amxbans] Query statement: 
L 10/23/2011 - 00:27:09: -------- Mapchange to zm_houses --------
L 10/23/2011 - 00:27:10: [amxbans.amxx] [AMXBANS] AMXBans 5.0 is online
L 10/23/2011 - 00:27:13: [amxbans.amxx] [Amxbans] Query failed!
L 10/23/2011 - 00:27:13: [amxbans.amxx] [Amxbans] Threaded query error, location: 18
L 10/23/2011 - 00:27:13: [amxbans.amxx] [Amxbans] Message: You have an error in your SQL syntax; check the manual that corresponds to your MySQL server version for the right syntax to use near ''amxbans' at line 1 (1064)
L 10/23/2011 - 00:27:13: [amxbans.amxx] [Amxbans] Query statement: 
L 10/23/2011 - 00:27:13: [amxbans.amxx] [Amxbans] Query failed!
L 10/23/2011 - 00:27:13: [amxbans.amxx] [Amxbans] Threaded query error, location: 18
L 10/23/2011 - 00:27:13: [amxbans.amxx] [Amxbans] Message: You have an error in your SQL syntax; check the manual that corresponds to your MySQL server version for the right syntax to use near ''amxba' at line 1 (1064)
L 10/23/2011 - 00:27:13: [amxbans.amxx] [Amxbans] Query statement: 
L 10/23/2011 - 00:31:34: [amxbans.amxx] [Amxbans] Query failed!
L 10/23/2011 - 00:31:34: [amxbans.amxx] [Amxbans] Threaded query error, location: 18
L 10/23/2011 - 00:31:34: [amxbans.amxx] [Amxbans] Message: You have an error in your SQL syntax; check the manual that corresponds to your MySQL server version for the right syntax to use near ''amxba' at line 1 (1064)
L 10/23/2011 - 00:31:34: [amxbans.amxx] [Amxbans] Query statement: 
L 10/23/2011 - 00:50:19: -------- Mapchange to ze_lift_escape_b5 --------
L 10/23/2011 - 00:50:21: [amxbans.amxx] [AMXBANS] AMXBans 5.0 is online
L 10/23/2011 - 00:50:24: [amxbans.amxx] [Amxbans] Query failed!
L 10/23/2011 - 00:50:24: [amxbans.amxx] [Amxbans] Threaded query error, location: 18
L 10/23/2011 - 00:50:24: [amxbans.amxx] [Amxbans] Message: You have an error in your SQL syntax; check the manual that corresponds to your MySQL server version for the right syntax to use near ''amxba' at line 1 (1064)
L 10/23/2011 - 00:50:24: [amxbans.amxx] [Amxbans] Query statement: 
L 10/23/2011 - 01:07:16: -------- Mapchange to zm_deadly_assault --------
L 10/23/2011 - 01:07:18: [amxbans.amxx] [AMXBANS] AMXBans 5.0 is online
L 10/23/2011 - 01:07:22: [amxbans.amxx] [Amxbans] Query failed!
L 10/23/2011 - 01:07:22: [amxbans.amxx] [Amxbans] Threaded query error, location: 18
L 10/23/2011 - 01:07:22: [amxbans.amxx] [Amxbans] Message: You have an error in your SQL syntax; check the manual that corresponds to your MySQL server version for the right syntax to use near ''amxba' at line 1 (1064)
L 10/23/2011 - 01:07:22: [amxbans.amxx] [Amxbans] Query statement: 
L 10/23/2011 - 01:27:42: -------- Mapchange to zm_caca --------
L 10/23/2011 - 01:27:44: [amxbans.amxx] [AMXBANS] AMXBans 5.0 is online
L 10/23/2011 - 01:27:46: [amxbans.amxx] [Amxbans] Query failed!
L 10/23/2011 - 01:27:46: [amxbans.amxx] [Amxbans] Threaded query error, location: 18
L 10/23/2011 - 01:27:46: [amxbans.amxx] [Amxbans] Message: You have an error in your SQL syntax; check the manual that corresponds to your MySQL server version for the right syntax to use near ''amxba' at line 1 (1064)
L 10/23/2011 - 01:27:46: [amxbans.amxx] [Amxbans] Query statement: 
L 10/23/2011 - 01:50:39: -------- Mapchange to 016 --------
L 10/23/2011 - 01:50:41: [amxbans.amxx] [AMXBANS] AMXBans 5.0 is online
L 10/23/2011 - 01:50:43: [amxbans.amxx] [Amxbans] Query failed!
L 10/23/2011 - 01:50:43: [amxbans.amxx] [Amxbans] Threaded query error, location: 18
L 10/23/2011 - 01:50:43: [amxbans.amxx] [Amxbans] Message: You have an error in your SQL syntax; check the manual that corresponds to your MySQL server version for the right syntax to use near ''amxba' at line 1 (1064)
L 10/23/2011 - 01:50:43: [amxbans.amxx] [Amxbans] Query statement: 
L 10/23/2011 - 02:20:54: -------- Mapchange to ze_egypt --------
L 10/23/2011 - 02:20:56: [amxbans.amxx] [AMXBANS] AMXBans 5.0 is online
L 10/23/2011 - 02:37:45: -------- Mapchange to zm_cpl_mill_kamp --------
L 10/23/2011 - 02:37:46: [amxbans.amxx] [AMXBANS] AMXBans 5.0 is online
L 10/23/2011 - 03:00:47: -------- Mapchange to zm_decline2k --------
L 10/23/2011 - 03:00:49: [amxbans.amxx] [AMXBANS] AMXBans 5.0 is online
L 10/23/2011 - 03:21:53: -------- Mapchange to zm_zbek --------
L 10/23/2011 - 03:21:54: [amxbans.amxx] [AMXBANS] AMXBans 5.0 is online
L 10/23/2011 - 03:42:02: -------- Mapchange to zm_dust_brick_b1_fx --------
L 10/23/2011 - 03:42:04: [amxbans.amxx] [AMXBANS] AMXBans 5.0 is online
L 10/23/2011 - 03:45:02: -------- Mapchange to awp_city --------
L 10/23/2011 - 03:45:04: [amxbans.amxx] [AMXBANS] AMXBans 5.0 is online
L 10/23/2011 - 03:54:09: -------- Mapchange to zm_deadly_assault --------
L 10/23/2011 - 03:54:10: [amxbans.amxx] [AMXBANS] AMXBans 5.0 is online
L 10/23/2011 - 03:59:56: -------- Mapchange to awp_city --------
L 10/23/2011 - 03:59:58: [amxbans.amxx] [AMXBANS] AMXBans 5.0 is online
L 10/23/2011 - 04:08:32: -------- Mapchange to zm_caca --------
L 10/23/2011 - 04:08:34: [amxbans.amxx] [AMXBANS] AMXBans 5.0 is online
L 10/23/2011 - 04:11:32: -------- Mapchange to awp_city --------
L 10/23/2011 - 04:11:34: [amxbans.amxx] [AMXBANS] AMXBans 5.0 is online
L 10/23/2011 - 04:22:46: -------- Mapchange to zm_fdust2x2 --------
L 10/23/2011 - 04:22:48: [amxbans.amxx] [AMXBANS] AMXBans 5.0 is online
L 10/23/2011 - 04:35:20: -------- Mapchange to awp_city --------
L 10/23/2011 - 04:35:22: [amxbans.amxx] [AMXBANS] AMXBans 5.0 is online
L 10/23/2011 - 04:40:15: [admin_amxbans.amxx] Login: "Zloy-Tupoy-Buhoy [Str,RUS]<1540><STEAM_0:4:1654089203><>" became an admin (account "Zloy-Tupoy-Buhoy [Str,RUS]") (access "t") (address "94.41.114.108")
L 10/23/2011 - 04:46:38: -------- Mapchange to zm_666_brick --------
L 10/23/2011 - 04:46:39: [admin_amxbans.amxx] Login: "Zloy-Tupoy-Buhoy [Str,RUS]<1540><STEAM_0:4:1654089203><>" became an admin (account "Zloy-Tupoy-Buhoy [Str,RUS]") (access "t") (address "94.41.114.108")
L 10/23/2011 - 04:46:40: [amxbans.amxx] [AMXBANS] AMXBans 5.0 is online
L 10/23/2011 - 04:56:56: -------- Mapchange to ze_lift_escape_b5 --------
L 10/23/2011 - 04:56:57: [admin_amxbans.amxx] Login: "Zloy-Tupoy-Buhoy [Str,RUS]<1540><STEAM_0:4:1654089203><>" became an admin (account "Zloy-Tupoy-Buhoy [Str,RUS]") (access "t") (address "94.41.114.108")
L 10/23/2011 - 04:56:57: [amxbans.amxx] [AMXBANS] AMXBans 5.0 is online
L 10/23/2011 - 04:59:55: -------- Mapchange to awp_city --------
L 10/23/2011 - 04:59:57: [amxbans.amxx] [AMXBANS] AMXBans 5.0 is online
L 10/23/2011 - 05:09:51: -------- Mapchange to awp_city --------
L 10/23/2011 - 05:09:52: [amxbans.amxx] [AMXBANS] AMXBans 5.0 is online
L 10/23/2011 - 05:23:31: -------- Mapchange to awp_city --------
L 10/23/2011 - 05:23:32: [amxbans.amxx] [AMXBANS] AMXBans 5.0 is online
L 10/23/2011 - 05:52:11: -------- Mapchange to awp_city --------
L 10/23/2011 - 05:52:12: [amxbans.amxx] [AMXBANS] AMXBans 5.0 is online
L 10/23/2011 - 06:02:06: -------- Mapchange to awp_city --------
L 10/23/2011 - 06:02:07: [amxbans.amxx] [AMXBANS] AMXBans 5.0 is online
L 10/23/2011 - 06:20:49: -------- Mapchange to zm_caca --------
L 10/23/2011 - 06:20:51: [amxbans.amxx] [AMXBANS] AMXBans 5.0 is online
L 10/23/2011 - 06:24:16: -------- Mapchange to awp_city --------
L 10/23/2011 - 06:24:17: [amxbans.amxx] [AMXBANS] AMXBans 5.0 is online
L 10/23/2011 - 06:32:37: -------- Mapchange to zm_dwarf --------
L 10/23/2011 - 06:32:39: [amxbans.amxx] [AMXBANS] AMXBans 5.0 is online
L 10/23/2011 - 06:35:37: -------- Mapchange to awp_city --------
L 10/23/2011 - 06:35:39: [amxbans.amxx] [AMXBANS] AMXBans 5.0 is online
L 10/23/2011 - 06:46:49: -------- Mapchange to zm_decline2k --------
L 10/23/2011 - 06:46:51: [amxbans.amxx] [AMXBANS] AMXBans 5.0 is online
L 10/23/2011 - 06:49:49: -------- Mapchange to awp_city --------
L 10/23/2011 - 06:49:51: [amxbans.amxx] [AMXBANS] AMXBans 5.0 is online
L 10/23/2011 - 06:58:11: -------- Mapchange to ze_egypt --------
L 10/23/2011 - 06:58:12: [amxbans.amxx] [AMXBANS] AMXBans 5.0 is online
L 10/23/2011 - 07:01:10: -------- Mapchange to awp_city --------
L 10/23/2011 - 07:01:12: [amxbans.amxx] [AMXBANS] AMXBans 5.0 is online
L 10/23/2011 - 07:15:02: -------- Mapchange to zm_alfresco_v2 --------
L 10/23/2011 - 07:15:04: [amxbans.amxx] [AMXBANS] AMXBans 5.0 is online
L 10/23/2011 - 07:20:45: -------- Mapchange to awp_city --------
L 10/23/2011 - 07:20:47: [amxbans.amxx] [AMXBANS] AMXBans 5.0 is online
L 10/23/2011 - 07:28:37: -------- Mapchange to zm_dust_brick_b1_fx --------
L 10/23/2011 - 07:28:39: [amxbans.amxx] [AMXBANS] AMXBans 5.0 is online
L 10/23/2011 - 07:31:37: -------- Mapchange to awp_city --------
L 10/23/2011 - 07:31:39: [amxbans.amxx] [AMXBANS] AMXBans 5.0 is online
L 10/23/2011 - 07:43:02: -------- Mapchange to awp_city --------
L 10/23/2011 - 07:43:04: [amxbans.amxx] [AMXBANS] AMXBans 5.0 is online
L 10/23/2011 - 07:53:42: -------- Mapchange to zm_caca --------
L 10/23/2011 - 07:53:43: [amxbans.amxx] [AMXBANS] AMXBans 5.0 is online
L 10/23/2011 - 08:14:19: -------- Mapchange to zm_fdust2x2 --------
L 10/23/2011 - 08:14:21: [amxbans.amxx] [AMXBANS] AMXBans 5.0 is online
L 10/23/2011 - 08:37:03: -------- Mapchange to zm_decline2k --------
L 10/23/2011 - 08:37:04: [amxbans.amxx] [AMXBANS] AMXBans 5.0 is online
L 10/23/2011 - 08:42:38: -------- Mapchange to zm_303 --------
L 10/23/2011 - 08:42:40: [amxbans.amxx] [AMXBANS] AMXBans 5.0 is online
L 10/23/2011 - 09:03:01: -------- Mapchange to ze_egypt --------
L 10/23/2011 - 09:03:02: [amxbans.amxx] [AMXBANS] AMXBans 5.0 is online
L 10/23/2011 - 09:18:26: -------- Mapchange to zm_666_brick --------
L 10/23/2011 - 09:18:27: [amxbans.amxx] [AMXBANS] AMXBans 5.0 is online
L 10/23/2011 - 09:48:59: -------- Mapchange to 016 --------
L 10/23/2011 - 09:49:00: [amxbans.amxx] [AMXBANS] AMXBans 5.0 is online
L 10/23/2011 - 09:59:40: [amxbans.amxx] [Amxbans] Query failed!
L 10/23/2011 - 09:59:40: [amxbans.amxx] [Amxbans] Threaded query error, location: 18
L 10/23/2011 - 09:59:40: [amxbans.amxx] [Amxbans] Message: You have an error in your SQL syntax; check the manual that corresponds to your MySQL server version for the right syntax to use near ''amxb' at line 1 (1064)
L 10/23/2011 - 09:59:40: [amxbans.amxx] [Amxbans] Query statement: 
L 10/23/2011 - 10:21:39: -------- Mapchange to zm_dust_brick_b1_fx --------
L 10/23/2011 - 10:21:40: [amxbans.amxx] [AMXBANS] AMXBans 5.0 is online
L 10/23/2011 - 10:27:40: [amxbans.amxx] [Amxbans] Query failed!
L 10/23/2011 - 10:27:40: [amxbans.amxx] [Amxbans] Threaded query error, location: 18
L 10/23/2011 - 10:27:40: [amxbans.amxx] [Amxbans] Message: You have an error in your SQL syntax; check the manual that corresponds to your MySQL server version for the right syntax to use near ''amxb' at line 1 (1064)
L 10/23/2011 - 10:27:40: [amxbans.amxx] [Amxbans] Query statement: 
L 10/23/2011 - 10:44:03: -------- Mapchange to ze_jurassicpark --------
L 10/23/2011 - 10:44:05: [amxbans.amxx] [AMXBANS] AMXBans 5.0 is online
L 10/23/2011 - 10:44:11: [amxbans.amxx] [Amxbans] Query failed!
L 10/23/2011 - 10:44:11: [amxbans.amxx] [Amxbans] Threaded query error, location: 18
L 10/23/2011 - 10:44:11: [amxbans.amxx] [Amxbans] Message: You have an error in your SQL syntax; check the manual that corresponds to your MySQL server version for the right syntax to use near ''amxb' at line 1 (1064)
L 10/23/2011 - 10:44:11: [amxbans.amxx] [Amxbans] Query statement: 
L 10/23/2011 - 11:01:16: -------- Mapchange to ze_lift_escape_b5 --------
L 10/23/2011 - 11:01:17: [amxbans.amxx] [AMXBANS] AMXBans 5.0 is online
L 10/23/2011 - 11:01:22: [amxbans.amxx] [Amxbans] Query failed!
L 10/23/2011 - 11:01:22: [amxbans.amxx] [Amxbans] Threaded query error, location: 18
L 10/23/2011 - 11:01:22: [amxbans.amxx] [Amxbans] Message: You have an error in your SQL syntax; check the manual that corresponds to your MySQL server version for the right syntax to use near ''amxb' at line 1 (1064)
L 10/23/2011 - 11:01:22: [amxbans.amxx] [Amxbans] Query statement: 
L 10/23/2011 - 11:16:46: -------- Mapchange to zm_alfresco_v2 --------
L 10/23/2011 - 11:16:47: [amxbans.amxx] [AMXBANS] AMXBans 5.0 is online
L 10/23/2011 - 11:16:53: [amxbans.amxx] [Amxbans] Query failed!
L 10/23/2011 - 11:16:53: [amxbans.amxx] [Amxbans] Threaded query error, location: 18
L 10/23/2011 - 11:16:53: [amxbans.amxx] [Amxbans] Message: You have an error in your SQL syntax; check the manual that corresponds to your MySQL server version for the right syntax to use near ''amxb' at line 1 (1064)
L 10/23/2011 - 11:16:53: [amxbans.amxx] [Amxbans] Query statement: 
L 10/23/2011 - 11:39:01: -------- Mapchange to zm_deadly_assault --------
L 10/23/2011 - 11:39:03: [amxbans.amxx] [AMXBANS] AMXBans 5.0 is online
L 10/23/2011 - 11:39:09: [amxbans.amxx] [Amxbans] Query failed!
L 10/23/2011 - 11:39:09: [amxbans.amxx] [Amxbans] Threaded query error, location: 18
L 10/23/2011 - 11:39:09: [amxbans.amxx] [Amxbans] Message: You have an error in your SQL syntax; check the manual that corresponds to your MySQL server version for the right syntax to use near ''amxb' at line 1 (1064)
L 10/23/2011 - 11:39:09: [amxbans.amxx] [Amxbans] Query statement: 
L 10/23/2011 - 11:39:17: [amxbans.amxx] [Amxbans] Query failed!
L 10/23/2011 - 11:39:17: [amxbans.amxx] [Amxbans] Threaded query error, location: 18
L 10/23/2011 - 11:39:17: [amxbans.amxx] [Amxbans] Message: You have an error in your SQL syntax; check the manual that corresponds to your MySQL server version for the right syntax to use near ''amxb' at line 1 (1064)
L 10/23/2011 - 11:39:17: [amxbans.amxx] [Amxbans] Query statement: 
L 10/23/2011 - 12:00:11: -------- Mapchange to zm_fdust2x2 --------
L 10/23/2011 - 12:00:13: [amxbans.amxx] [AMXBANS] AMXBans 5.0 is online
L 10/23/2011 - 12:00:17: [amxbans.amxx] [Amxbans] Query failed!
L 10/23/2011 - 12:00:17: [amxbans.amxx] [Amxbans] Threaded query error, location: 18
L 10/23/2011 - 12:00:17: [amxbans.amxx] [Amxbans] Message: You have an error in your SQL syntax; check the manual that corresponds to your MySQL server version for the right syntax to use near ''amxb' at line 1 (1064)
L 10/23/2011 - 12:00:17: [amxbans.amxx] [Amxbans] Query statement: 
L 10/23/2011 - 12:23:15: -------- Mapchange to zm_caca --------
L 10/23/2011 - 12:23:17: [amxbans.amxx] [AMXBANS] AMXBans 5.0 is online
L 10/23/2011 - 12:23:23: [amxbans.amxx] [Amxbans] Query failed!
L 10/23/2011 - 12:23:23: [amxbans.amxx] [Amxbans] Threaded query error, location: 18
L 10/23/2011 - 12:23:23: [amxbans.amxx] [Amxbans] Message: You have an error in your SQL syntax; check the manual that corresponds to your MySQL server version for the right syntax to use near ''amxb' at line 1 (1064)
L 10/23/2011 - 12:23:23: [amxbans.amxx] [Amxbans] Query statement: 
L 10/23/2011 - 12:43:41: -------- Mapchange to zm_303 --------
L 10/23/2011 - 12:43:43: [amxbans.amxx] [AMXBANS] AMXBans 5.0 is online
L 10/23/2011 - 12:43:48: [amxbans.amxx] [Amxbans] Query failed!
L 10/23/2011 - 12:43:48: [amxbans.amxx] [Amxbans] Threaded query error, location: 18
L 10/23/2011 - 12:43:48: [amxbans.amxx] [Amxbans] Message: You have an error in your SQL syntax; check the manual that corresponds to your MySQL server version for the right syntax to use near ''amxb' at line 1 (1064)
L 10/23/2011 - 12:43:48: [amxbans.amxx] [Amxbans] Query statement: 
L 10/23/2011 - 13:04:55: -------- Mapchange to zm_cpl_mill_kamp --------
L 10/23/2011 - 13:04:57: [amxbans.amxx] [AMXBANS] AMXBans 5.0 is online
L 10/23/2011 - 13:27:13: -------- Mapchange to ze_egypt --------
L 10/23/2011 - 13:27:15: [amxbans.amxx] [AMXBANS] AMXBans 5.0 is online
L 10/23/2011 - 13:42:54: -------- Mapchange to 016 --------
L 10/23/2011 - 13:42:56: [amxbans.amxx] [AMXBANS] AMXBans 5.0 is online
L 10/23/2011 - 13:48:19: [admin_amxbans.amxx] Login: "Drey<2079><STEAM_0:0:41300771><>" became an admin (account "Drey") (access "t") (address "89.222.180.227")
L 10/23/2011 - 13:58:43: [voteban.amxx] Voteban starter Drey against [o] TABU87 STEAM_0:0:1669931850
L 10/23/2011 - 13:58:59: [voteban.amxx] [AMXX] BANNED: [o] TABU87, STARTER: Drey
L 10/23/2011 - 13:59:00: [amxbans.amxx]  Зомби сервер (x_x(O_o)x_x) Go Zombie !!!<0><><> banned [o] TABU87<STEAM_0:0:1669931850> for 15 minutes (15 minutes). Reason: VIP->Drey.
L 10/23/2011 - 14:09:42: [admin_amxbans.amxx] Login: "Drey<2111><STEAM_0:0:41300771><>" became an admin (account "Drey") (access "t") (address "89.222.180.227")
L 10/23/2011 - 14:10:13: [admin_amxbans.amxx] Login: "|228| 6yJIb6aIII<2115><STEAM_0:0:1292803525><>" became an admin (account "|228| 6yJIb6aIII") (access "t") (address "178.123.137.121")
L 10/23/2011 - 14:14:26: -------- Mapchange to ze_jurassicpark --------
L 10/23/2011 - 14:14:27: [admin_amxbans.amxx] Login: "|228| 6yJIb6aIII<2115><STEAM_0:0:1292803525><>" became an admin (account "|228| 6yJIb6aIII") (access "t") (address "178.123.137.121")
L 10/23/2011 - 14:14:28: [amxbans.amxx] [AMXBANS] AMXBans 5.0 is online
L 10/23/2011 - 14:17:05: [voteban.amxx] Voteban starter |228| 6yJIb6aIII against saTo STEAM_0:4:1359162355
L 10/23/2011 - 14:17:20: [voteban.amxx] [AMXX] BANNED: saTo, STARTER: |228| 6yJIb6aIII
L 10/23/2011 - 14:17:22: [amxbans.amxx]  Зомби сервер (x_x(O_o)x_x) Go Zombie !!!<0><><> banned saTo<STEAM_0:4:1359162355> for 15 minutes (15 minutes). Reason: VIP->|228| 6yJIb6aIII.
L 10/23/2011 - 14:23:03: [admin_amxbans.amxx] Login: "Drey<2136><STEAM_0:0:41300771><>" became an admin (account "Drey") (access "t") (address "89.222.180.227")
L 10/23/2011 - 14:29:53: -------- Mapchange to zm_neris --------
L 10/23/2011 - 14:29:54: [admin_amxbans.amxx] Login: "|228| 6yJIb6aIII<2115><STEAM_0:0:1292803525><>" became an admin (account "|228| 6yJIb6aIII") (access "t") (address "178.123.137.121")
L 10/23/2011 - 14:29:55: [amxbans.amxx] [AMXBANS] AMXBans 5.0 is online
L 10/23/2011 - 14:50:18: [amxbans.amxx] [Amxbans] Query failed!
L 10/23/2011 - 14:50:18: [amxbans.amxx] [Amxbans] Threaded query error, location: 18
L 10/23/2011 - 14:50:18: [amxbans.amxx] [Amxbans] Message: You have an error in your SQL syntax; check the manual that corresponds to your MySQL server version for the right syntax to use near ''amxb' at line 1 (1064)
L 10/23/2011 - 14:50:18: [amxbans.amxx] [Amxbans] Query statement: 
L 10/23/2011 - 14:50:31: [amxbans.amxx] [Amxbans] Query failed!
L 10/23/2011 - 14:50:31: [amxbans.amxx] [Amxbans] Threaded query error, location: 18
L 10/23/2011 - 14:50:31: [amxbans.amxx] [Amxbans] Message: You have an error in your SQL syntax; check the manual that corresponds to your MySQL server version for the right syntax to use near ''amxbans' at line 1 (1064)
L 10/23/2011 - 14:50:31: [amxbans.amxx] [Amxbans] Query statement: 
L 10/23/2011 - 14:51:33: -------- Mapchange to zm_alfresco_v2 --------
L 10/23/2011 - 14:51:34: [admin_amxbans.amxx] Login: "|228| 6yJIb6aIII<2115><STEAM_0:0:1292803525><>" became an admin (account "|228| 6yJIb6aIII") (access "t") (address "178.123.137.121")
L 10/23/2011 - 14:51:35: [amxbans.amxx] [AMXBANS] AMXBans 5.0 is online
L 10/23/2011 - 14:51:42: [amxbans.amxx] [Amxbans] Query failed!
L 10/23/2011 - 14:51:42: [amxbans.amxx] [Amxbans] Threaded query error, location: 18
L 10/23/2011 - 14:51:42: [amxbans.amxx] [Amxbans] Message: You have an error in your SQL syntax; check the manual that corresponds to your MySQL server version for the right syntax to use near ''amxb' at line 1 (1064)
L 10/23/2011 - 14:51:42: [amxbans.amxx] [Amxbans] Query statement: 
L 10/23/2011 - 14:51:42: [amxbans.amxx] [Amxbans] Query failed!
L 10/23/2011 - 14:51:42: [amxbans.amxx] [Amxbans] Threaded query error, location: 18
L 10/23/2011 - 14:51:42: [amxbans.amxx] [Amxbans] Message: You have an error in your SQL syntax; check the manual that corresponds to your MySQL server version for the right syntax to use near ''amxbans' at line 1 (1064)
L 10/23/2011 - 14:51:42: [amxbans.amxx] [Amxbans] Query statement: 
L 10/23/2011 - 14:55:03: [amxbans.amxx] [Amxbans] Query failed!
L 10/23/2011 - 14:55:03: [amxbans.amxx] [Amxbans] Threaded query error, location: 18
L 10/23/2011 - 14:55:03: [amxbans.amxx] [Amxbans] Message: You have an error in your SQL syntax; check the manual that corresponds to your MySQL server version for the right syntax to use near ''amxbans' at line 1 (1064)
L 10/23/2011 - 14:55:03: [amxbans.amxx] [Amxbans] Query statement: 
L 10/23/2011 - 14:55:28: [amxbans.amxx] [Amxbans] Query failed!
L 10/23/2011 - 14:55:28: [amxbans.amxx] [Amxbans] Threaded query error, location: 18
L 10/23/2011 - 14:55:28: [amxbans.amxx] [Amxbans] Message: You have an error in your SQL syntax; check the manual that corresponds to your MySQL server version for the right syntax to use near ''amxbans' at line 1 (1064)
L 10/23/2011 - 14:55:28: [amxbans.amxx] [Amxbans] Query statement: 
L 10/23/2011 - 14:58:12: [admin_amxbans.amxx] Login: "Drey<2202><STEAM_0:0:41300771><>" became an admin (account "Drey") (access "t") (address "89.222.180.227")
L 10/23/2011 - 14:58:53: [admin_amxbans.amxx] Login: "Drey<2204><STEAM_0:0:41300771><>" became an admin (account "Drey") (access "t") (address "89.222.180.227")
L 10/23/2011 - 14:59:29: [voteban.amxx] Voteban starter |228| 6yJIb6aIII against [o] TABU87 STEAM_0:0:1669931850
L 10/23/2011 - 14:59:44: [voteban.amxx] [AMXX] BANNED: [o] TABU87, STARTER: |228| 6yJIb6aIII
L 10/23/2011 - 14:59:45: [amxbans.amxx]  Зомби сервер (x_x(O_o)x_x) Go Zombie !!!<0><><> banned [o] TABU87<STEAM_0:0:1669931850> for 15 minutes (15 minutes). Reason: VIP->|228| 6yJIb6aIII.
L 10/23/2011 - 15:12:34: -------- Mapchange to zm_fdust2x2 --------
L 10/23/2011 - 15:12:35: [admin_amxbans.amxx] Login: "|228| 6yJIb6aIII<2115><STEAM_0:0:1292803525><>" became an admin (account "|228| 6yJIb6aIII") (access "t") (address "178.123.137.121")
L 10/23/2011 - 15:12:36: [amxbans.amxx] [AMXBANS] AMXBans 5.0 is online
L 10/23/2011 - 15:12:42: [amxbans.amxx] [Amxbans] Query failed!
L 10/23/2011 - 15:12:42: [amxbans.amxx] [Amxbans] Threaded query error, location: 18
L 10/23/2011 - 15:12:42: [amxbans.amxx] [Amxbans] Message: You have an error in your SQL syntax; check the manual that corresponds to your MySQL server version for the right syntax to use near ''amxb' at line 1 (1064)
L 10/23/2011 - 15:12:42: [amxbans.amxx] [Amxbans] Query statement: 
L 10/23/2011 - 15:12:43: [amxbans.amxx] [Amxbans] Query failed!
L 10/23/2011 - 15:12:43: [amxbans.amxx] [Amxbans] Threaded query error, location: 18
L 10/23/2011 - 15:12:43: [amxbans.amxx] [Amxbans] Message: You have an error in your SQL syntax; check the manual that corresponds to your MySQL server version for the right syntax to use near ''amxbans' at line 1 (1064)
L 10/23/2011 - 15:12:43: [amxbans.amxx] [Amxbans] Query statement: 
L 10/23/2011 - 15:12:43: [amxbans.amxx] [Amxbans] Query failed!
L 10/23/2011 - 15:12:43: [amxbans.amxx] [Amxbans] Threaded query error, location: 18
L 10/23/2011 - 15:12:43: [amxbans.amxx] [Amxbans] Message: You have an error in your SQL syntax; check the manual that corresponds to your MySQL server version for the right syntax to use near ''amxbans' at line 1 (1064)
L 10/23/2011 - 15:12:43: [amxbans.amxx] [Amxbans] Query statement: 
L 10/23/2011 - 15:34:48: -------- Mapchange to zm_666_brick --------
L 10/23/2011 - 15:34:50: [amxbans.amxx] [AMXBANS] AMXBans 5.0 is online
L 10/23/2011 - 15:34:57: [amxbans.amxx] [Amxbans] Query failed!
L 10/23/2011 - 15:34:57: [amxbans.amxx] [Amxbans] Threaded query error, location: 18
L 10/23/2011 - 15:34:57: [amxbans.amxx] [Amxbans] Message: You have an error in your SQL syntax; check the manual that corresponds to your MySQL server version for the right syntax to use near ''amxb' at line 1 (1064)
L 10/23/2011 - 15:34:57: [amxbans.amxx] [Amxbans] Query statement: 
L 10/23/2011 - 15:34:57: [amxbans.amxx] [Amxbans] Query failed!
L 10/23/2011 - 15:34:57: [amxbans.amxx] [Amxbans] Threaded query error, location: 18
L 10/23/2011 - 15:34:57: [amxbans.amxx] [Amxbans] Message: You have an error in your SQL syntax; check the manual that corresponds to your MySQL server version for the right syntax to use near ''amxbans' at line 1 (1064)
L 10/23/2011 - 15:34:57: [amxbans.amxx] [Amxbans] Query statement: 
L 10/23/2011 - 15:35:18: [amxbans.amxx] [Amxbans] Query failed!
L 10/23/2011 - 15:35:18: [amxbans.amxx] [Amxbans] Threaded query error, location: 18
L 10/23/2011 - 15:35:18: [amxbans.amxx] [Amxbans] Message: You have an error in your SQL syntax; check the manual that corresponds to your MySQL server version for the right syntax to use near ''amxbans' at line 1 (1064)
L 10/23/2011 - 15:35:18: [amxbans.amxx] [Amxbans] Query statement: 
L 10/23/2011 - 16:04:54: -------- Mapchange to ze_lift_escape_b5 --------
L 10/23/2011 - 16:04:56: [amxbans.amxx] [AMXBANS] AMXBans 5.0 is online
L 10/23/2011 - 16:05:02: [amxbans.amxx] [Amxbans] Query failed!
L 10/23/2011 - 16:05:02: [amxbans.amxx] [Amxbans] Threaded query error, location: 18
L 10/23/2011 - 16:05:02: [amxbans.amxx] [Amxbans] Message: You have an error in your SQL syntax; check the manual that corresponds to your MySQL server version for the right syntax to use near ''amxbans' at line 1 (1064)
L 10/23/2011 - 16:05:02: [amxbans.amxx] [Amxbans] Query statement: 
L 10/23/2011 - 16:05:12: [amxbans.amxx] [Amxbans] Query failed!
L 10/23/2011 - 16:05:12: [amxbans.amxx] [Amxbans] Threaded query error, location: 18
L 10/23/2011 - 16:05:12: [amxbans.amxx] [Amxbans] Message: You have an error in your SQL syntax; check the manual that corresponds to your MySQL server version for the right syntax to use near ''amxbans' at line 1 (1064)
L 10/23/2011 - 16:05:12: [amxbans.amxx] [Amxbans] Query statement: 
L 10/23/2011 - 16:22:26: -------- Mapchange to zm_decline2k --------
L 10/23/2011 - 16:22:28: [amxbans.amxx] [AMXBANS] AMXBans 5.0 is online
L 10/23/2011 - 16:43:43: -------- Mapchange to zm_caca --------
L 10/23/2011 - 16:43:45: [amxbans.amxx] [AMXBANS] AMXBans 5.0 is online
L 10/23/2011 - 17:04:00: -------- Mapchange to zm_303 --------
L 10/23/2011 - 17:04:01: [amxbans.amxx] [AMXBANS] AMXBans 5.0 is online
L 10/23/2011 - 17:08:05: [admin_amxbans.amxx] Login: "Zloy-Tupoy-Buhoy [Str,RUS]<2435><STEAM_0:4:637284043><>" became an admin (account "Zloy-Tupoy-Buhoy [Str,RUS]") (access "t") (address "46.191.164.226")
L 10/23/2011 - 17:08:58: [voteban.amxx] Voteban starter Zloy-Tupoy-Buhoy [Str,RUS] against Satan STEAM_0:0:1027120207
L 10/23/2011 - 17:09:13: [voteban.amxx] [AMXX] BANNED: Satan, STARTER: Zloy-Tupoy-Buhoy [Str,RUS]
L 10/23/2011 - 17:09:14: [amxbans.amxx]  Зомби сервер (x_x(O_o)x_x) Go Zombie !!!<0><><> banned Satan<STEAM_0:0:1027120207> for 15 minutes (15 minutes). Reason: VIP->Zloy-Tupoy-Buhoy [Str,RUS].
L 10/23/2011 - 17:25:36: -------- Mapchange to ze_egypt --------
L 10/23/2011 - 17:25:37: [admin_amxbans.amxx] Login: "Zloy-Tupoy-Buhoy [Str,RUS]<2435><STEAM_0:4:637284043><>" became an admin (account "Zloy-Tupoy-Buhoy [Str,RUS]") (access "t") (address "46.191.164.226")
L 10/23/2011 - 17:25:37: [amxbans.amxx] [AMXBANS] AMXBans 5.0 is online
L 10/23/2011 - 17:25:48: [admin_amxbans.amxx] Login: "Zloy-Tupoy-Buhoy [Str,RUS]<2472><STEAM_0:4:637284043><>" became an admin (account "Zloy-Tupoy-Buhoy [Str,RUS]") (access "t") (address "46.191.164.226")
L 10/23/2011 - 17:37:40: [amxbans.amxx] [Amxbans] Query failed!
L 10/23/2011 - 17:37:40: [amxbans.amxx] [Amxbans] Threaded query error, location: 18
L 10/23/2011 - 17:37:40: [amxbans.amxx] [Amxbans] Message: You have an error in your SQL syntax; check the manual that corresponds to your MySQL server version for the right syntax to use near ''amxba' at line 1 (1064)
L 10/23/2011 - 17:37:40: [amxbans.amxx] [Amxbans] Query statement: 
L 10/23/2011 - 17:37:46: [amxbans.amxx] [Amxbans] Query failed!
L 10/23/2011 - 17:37:46: [amxbans.amxx] [Amxbans] Threaded query error, location: 18
L 10/23/2011 - 17:37:46: [amxbans.amxx] [Amxbans] Message: You have an error in your SQL syntax; check the manual that corresponds to your MySQL server version for the right syntax to use near ''amxba' at line 1 (1064)
L 10/23/2011 - 17:37:46: [amxbans.amxx] [Amxbans] Query statement: 
L 10/23/2011 - 17:44:04: -------- Mapchange to zm_dust_brick_b1_fx --------
L 10/23/2011 - 17:44:06: [amxbans.amxx] [AMXBANS] AMXBans 5.0 is online
L 10/23/2011 - 17:44:36: [amxbans.amxx] [Amxbans] Query failed!
L 10/23/2011 - 17:44:36: [amxbans.amxx] [Amxbans] Threaded query error, location: 18
L 10/23/2011 - 17:44:36: [amxbans.amxx] [Amxbans] Message: You have an error in your SQL syntax; check the manual that corresponds to your MySQL server version for the right syntax to use near ''amxba' at line 1 (1064)
L 10/23/2011 - 17:44:36: [amxbans.amxx] [Amxbans] Query statement: 
L 10/23/2011 - 17:53:53: [admin_amxbans.amxx] Login: "nucbka<2536><STEAM_0:0:44643826><>" became an admin (account "172.23.65.13") (access "l") (address "172.23.65.13")
L 10/23/2011 - 17:55:55: [admin_amxbans.amxx] Login: "bomj<2540><STEAM_0:0:21084527><>" became an admin (account "STEAM_0:0:21084527") (access "abcdefghijklmnopqstu") (address "188.134.33.235")
L 10/23/2011 - 17:57:21: [admincmd.amxx] Cmd: "nucbka<2536><STEAM_0:0:44643826><>" server console (cmdline "amx_ban 15 BJIaduk olyx")
L 10/23/2011 - 17:57:22: [amxbans.amxx]  Зомби сервер (x_x(O_o)x_x) Go Zombie !!!<0><><> banned X-BJIADuK (TTPOPOK)<STEAM_0:0:1036589608> for 15 minutes (15 minutes). Reason: olyx.
L 10/23/2011 - 18:02:47: [amxbans.amxx] [Amxbans] Query failed!
L 10/23/2011 - 18:02:47: [amxbans.amxx] [Amxbans] Threaded query error, location: 18
L 10/23/2011 - 18:02:47: [amxbans.amxx] [Amxbans] Message: You have an error in your SQL syntax; check the manual that corresponds to your MySQL server version for the right syntax to use near ''amxb' at line 1 (1064)
L 10/23/2011 - 18:02:47: [amxbans.amxx] [Amxbans] Query statement: 
L 10/23/2011 - 18:05:00: -------- Mapchange to ze_jurassicpark --------
L 10/23/2011 - 18:05:01: [admin_amxbans.amxx] Login: "nucbka<2536><STEAM_0:0:44643826><>" became an admin (account "172.23.65.13") (access "l") (address "172.23.65.13")
L 10/23/2011 - 18:05:02: [amxbans.amxx] [AMXBANS] AMXBans 5.0 is online
L 10/23/2011 - 18:05:10: [amxbans.amxx] [Amxbans] Query failed!
L 10/23/2011 - 18:05:10: [amxbans.amxx] [Amxbans] Threaded query error, location: 18
L 10/23/2011 - 18:05:10: [amxbans.amxx] [Amxbans] Message: You have an error in your SQL syntax; check the manual that corresponds to your MySQL server version for the right syntax to use near ''amxba' at line 1 (1064)
L 10/23/2011 - 18:05:10: [amxbans.amxx] [Amxbans] Query statement: 
L 10/23/2011 - 18:05:10: [amxbans.amxx] [Amxbans] Query failed!
L 10/23/2011 - 18:05:10: [amxbans.amxx] [Amxbans] Threaded query error, location: 18
L 10/23/2011 - 18:05:10: [amxbans.amxx] [Amxbans] Message: You have an error in your SQL syntax; check the manual that corresponds to your MySQL server version for the right syntax to use near ''amxb' at line 1 (1064)
L 10/23/2011 - 18:05:10: [amxbans.amxx] [Amxbans] Query statement: 
L 10/23/2011 - 18:06:03: [admin_amxbans.amxx] Login: "Lenusjka<2562><STEAM_0:4:1429483121><>" became an admin (account "Lenusjka") (access "eqt") (address "91.190.52.3")
L 10/23/2011 - 18:14:20: [admin_amxbans.amxx] Login: "Zloy-Tupoy-Buhoy [Str,RUS]<2588><STEAM_0:4:1652811251><>" became an admin (account "Zloy-Tupoy-Buhoy [Str,RUS]") (access "t") (address "94.41.91.108")
L 10/23/2011 - 18:20:23: [voteban.amxx] Voteban starter Zloy-Tupoy-Buhoy [Str,RUS] against Satan STEAM_0:0:1027120207
L 10/23/2011 - 18:20:38: [voteban.amxx] [AMXX] BANNED: Satan, STARTER: Zloy-Tupoy-Buhoy [Str,RUS]
L 10/23/2011 - 18:20:39: [amxbans.amxx]  Зомби сервер (x_x(O_o)x_x) Go Zombie !!!<0><><> banned Satan<STEAM_0:0:1027120207> for 15 minutes (15 minutes). Reason: VIP->Zloy-Tupoy-Buhoy [Str,RUS].
L 10/23/2011 - 18:22:04: -------- Mapchange to 016 --------
L 10/23/2011 - 18:22:05: [admin_amxbans.amxx] Login: "nucbka<2536><STEAM_0:0:44643826><>" became an admin (account "172.23.65.13") (access "l") (address "172.23.65.13")
L 10/23/2011 - 18:22:05: [admin_amxbans.amxx] Login: "Zloy-Tupoy-Buhoy [Str,RUS]<2588><STEAM_0:4:1652811251><>" became an admin (account "Zloy-Tupoy-Buhoy [Str,RUS]") (access "t") (address "94.41.91.108")
L 10/23/2011 - 18:22:06: [amxbans.amxx] [AMXBANS] AMXBans 5.0 is online
L 10/23/2011 - 18:22:12: [amxbans.amxx] [Amxbans] Query failed!
L 10/23/2011 - 18:22:12: [amxbans.amxx] [Amxbans] Threaded query error, location: 18
L 10/23/2011 - 18:22:12: [amxbans.amxx] [Amxbans] Message: You have an error in your SQL syntax; check the manual that corresponds to your MySQL server version for the right syntax to use near ''amxba' at line 1 (1064)
L 10/23/2011 - 18:22:12: [amxbans.amxx] [Amxbans] Query statement: 
L 10/23/2011 - 18:39:46: [amxbans.amxx] [Amxbans] Query failed!
L 10/23/2011 - 18:39:46: [amxbans.amxx] [Amxbans] Threaded query error, location: 18
L 10/23/2011 - 18:39:46: [amxbans.amxx] [Amxbans] Message: You have an error in your SQL syntax; check the manual that corresponds to your MySQL server version for the right syntax to use near ''amxbans' at line 1 (1064)
L 10/23/2011 - 18:39:46: [amxbans.amxx] [Amxbans] Query statement: 
L 10/23/2011 - 18:40:27: [amxbans.amxx] [Amxbans] Query failed!
L 10/23/2011 - 18:40:27: [amxbans.amxx] [Amxbans] Threaded query error, location: 18
L 10/23/2011 - 18:40:27: [amxbans.amxx] [Amxbans] Message: You have an error in your SQL syntax; check the manual that corresponds to your MySQL server version for the right syntax to use near ''amxbans' at line 1 (1064)
L 10/23/2011 - 18:40:27: [amxbans.amxx] [Amxbans] Query statement: 
L 10/23/2011 - 18:51:45: [amxbans.amxx] [Amxbans] Query failed!
L 10/23/2011 - 18:51:45: [amxbans.amxx] [Amxbans] Threaded query error, location: 18
L 10/23/2011 - 18:51:45: [amxbans.amxx] [Amxbans] Message: You have an error in your SQL syntax; check the manual that corresponds to your MySQL server version for the right syntax to use near ''amxb' at line 1 (1064)
L 10/23/2011 - 18:51:45: [amxbans.amxx] [Amxbans] Query statement: 
L 10/23/2011 - 18:52:36: -------- Mapchange to zm_666_brick --------
L 10/23/2011 - 18:52:38: [admin_amxbans.amxx] Login: "Zloy-Tupoy-Buhoy [Str,RUS]<2588><STEAM_0:4:1652811251><>" became an admin (account "Zloy-Tupoy-Buhoy [Str,RUS]") (access "t") (address "94.41.91.108")
L 10/23/2011 - 18:52:38: [amxbans.amxx] [AMXBANS] AMXBans 5.0 is online
L 10/23/2011 - 18:52:44: [amxbans.amxx] [Amxbans] Query failed!
L 10/23/2011 - 18:52:44: [amxbans.amxx] [Amxbans] Threaded query error, location: 18
L 10/23/2011 - 18:52:44: [amxbans.amxx] [Amxbans] Message: You have an error in your SQL syntax; check the manual that corresponds to your MySQL server version for the right syntax to use near ''amxb' at line 1 (1064)
L 10/23/2011 - 18:52:44: [amxbans.amxx] [Amxbans] Query statement: 
L 10/23/2011 - 18:52:45: [amxbans.amxx] [Amxbans] Query failed!
L 10/23/2011 - 18:52:45: [amxbans.amxx] [Amxbans] Threaded query error, location: 18
L 10/23/2011 - 18:52:45: [amxbans.amxx] [Amxbans] Message: You have an error in your SQL syntax; check the manual that corresponds to your MySQL server version for the right syntax to use near ''amxbans' at line 1 (1064)
L 10/23/2011 - 18:52:45: [amxbans.amxx] [Amxbans] Query statement: 
L 10/23/2011 - 19:06:27: [amxbans.amxx] [Amxbans] Query failed!
L 10/23/2011 - 19:06:27: [amxbans.amxx] [Amxbans] Threaded query error, location: 18
L 10/23/2011 - 19:06:27: [amxbans.amxx] [Amxbans] Message: You have an error in your SQL syntax; check the manual that corresponds to your MySQL server version for the right syntax to use near ''amxban' at line 1 (1064)
L 10/23/2011 - 19:06:27: [amxbans.amxx] [Amxbans] Query statement: 
L 10/23/2011 - 19:14:09: [amxbans.amxx] [Amxbans] Query failed!
L 10/23/2011 - 19:14:09: [amxbans.amxx] [Amxbans] Threaded query error, location: 18
L 10/23/2011 - 19:14:09: [amxbans.amxx] [Amxbans] Message: You have an error in your SQL syntax; check the manual that corresponds to your MySQL server version for the right syntax to use near ''amxba' at line 1 (1064)
L 10/23/2011 - 19:14:09: [amxbans.amxx] [Amxbans] Query statement: 
L 10/23/2011 - 19:24:31: -------- Mapchange to zm_fdust2x2 --------
L 10/23/2011 - 19:24:33: [amxbans.amxx] [AMXBANS] AMXBans 5.0 is online
L 10/23/2011 - 19:24:39: [amxbans.amxx] [Amxbans] Query failed!
L 10/23/2011 - 19:24:39: [amxbans.amxx] [Amxbans] Threaded query error, location: 18
L 10/23/2011 - 19:24:39: [amxbans.amxx] [Amxbans] Message: You have an error in your SQL syntax; check the manual that corresponds to your MySQL server version for the right syntax to use near ''amxb' at line 1 (1064)
L 10/23/2011 - 19:24:39: [amxbans.amxx] [Amxbans] Query statement: 
L 10/23/2011 - 19:24:39: [amxbans.amxx] [Amxbans] Query failed!
L 10/23/2011 - 19:24:39: [amxbans.amxx] [Amxbans] Threaded query error, location: 18
L 10/23/2011 - 19:24:39: [amxbans.amxx] [Amxbans] Message: You have an error in your SQL syntax; check the manual that corresponds to your MySQL server version for the right syntax to use near ''amxban' at line 1 (1064)
L 10/23/2011 - 19:24:39: [amxbans.amxx] [Amxbans] Query statement: 
L 10/23/2011 - 19:24:39: [amxbans.amxx] [Amxbans] Query failed!
L 10/23/2011 - 19:24:39: [amxbans.amxx] [Amxbans] Threaded query error, location: 18
L 10/23/2011 - 19:24:39: [amxbans.amxx] [Amxbans] Message: You have an error in your SQL syntax; check the manual that corresponds to your MySQL server version for the right syntax to use near ''amxbans' at line 1 (1064)
L 10/23/2011 - 19:24:39: [amxbans.amxx] [Amxbans] Query statement: 
L 10/23/2011 - 19:24:40: [amxbans.amxx] [Amxbans] Query failed!
L 10/23/2011 - 19:24:40: [amxbans.amxx] [Amxbans] Threaded query error, location: 18
L 10/23/2011 - 19:24:40: [amxbans.amxx] [Amxbans] Message: You have an error in your SQL syntax; check the manual that corresponds to your MySQL server version for the right syntax to use near ''amxba' at line 1 (1064)
L 10/23/2011 - 19:24:40: [amxbans.amxx] [Amxbans] Query statement: 
L 10/23/2011 - 19:26:53: [amxbans.amxx] [Amxbans] Query failed!
L 10/23/2011 - 19:26:53: [amxbans.amxx] [Amxbans] Threaded query error, location: 18
L 10/23/2011 - 19:26:53: [amxbans.amxx] [Amxbans] Message: You have an error in your SQL syntax; check the manual that corresponds to your MySQL server version for the right syntax to use near ''amxba' at line 1 (1064)
L 10/23/2011 - 19:26:53: [amxbans.amxx] [Amxbans] Query statement: 
L 10/23/2011 - 19:27:53: [admin_amxbans.amxx] Login: "Kenny<2697><STEAM_0:0:963405193><>" became an admin (account "Kenny") (access "abcdefgijmnopqtu") (address "87.253.9.63")
L 10/23/2011 - 19:44:48: -------- Mapchange to zm_alfresco_v2 --------
L 10/23/2011 - 19:44:50: [amxbans.amxx] [AMXBANS] AMXBans 5.0 is online
L 10/23/2011 - 19:44:57: [amxbans.amxx] [Amxbans] Query failed!
L 10/23/2011 - 19:44:57: [amxbans.amxx] [Amxbans] Threaded query error, location: 18
L 10/23/2011 - 19:44:57: [amxbans.amxx] [Amxbans] Message: You have an error in your SQL syntax; check the manual that corresponds to your MySQL server version for the right syntax to use near ''amxban' at line 1 (1064)
L 10/23/2011 - 19:44:57: [amxbans.amxx] [Amxbans] Query statement: 
L 10/23/2011 - 19:44:57: [amxbans.amxx] [Amxbans] Query failed!
L 10/23/2011 - 19:44:57: [amxbans.amxx] [Amxbans] Threaded query error, location: 18
L 10/23/2011 - 19:44:57: [amxbans.amxx] [Amxbans] Message: You have an error in your SQL syntax; check the manual that corresponds to your MySQL server version for the right syntax to use near ''amxba' at line 1 (1064)
L 10/23/2011 - 19:44:57: [amxbans.amxx] [Amxbans] Query statement: 
L 10/23/2011 - 19:44:57: [amxbans.amxx] [Amxbans] Query failed!
L 10/23/2011 - 19:44:57: [amxbans.amxx] [Amxbans] Threaded query error, location: 18
L 10/23/2011 - 19:44:57: [amxbans.amxx] [Amxbans] Message: You have an error in your SQL syntax; check the manual that corresponds to your MySQL server version for the right syntax to use near ''amxbans' at line 1 (1064)
L 10/23/2011 - 19:44:57: [amxbans.amxx] [Amxbans] Query statement: 
L 10/23/2011 - 19:59:28: [admin_amxbans.amxx] Login: "Kenny<2741><STEAM_0:0:963405193><>" became an admin (account "Kenny") (access "abcdefgijmnopqtu") (address "87.253.9.63")
L 10/23/2011 - 20:07:10: -------- Mapchange to zm_cpl_mill_kamp --------
L 10/23/2011 - 20:07:12: [amxbans.amxx] [AMXBANS] AMXBans 5.0 is online
L 10/23/2011 - 20:07:17: [amxbans.amxx] [Amxbans] Query failed!
L 10/23/2011 - 20:07:17: [amxbans.amxx] [Amxbans] Threaded query error, location: 18
L 10/23/2011 - 20:07:17: [amxbans.amxx] [Amxbans] Message: You have an error in your SQL syntax; check the manual that corresponds to your MySQL server version for the right syntax to use near ''amxbans' at line 1 (1064)
L 10/23/2011 - 20:07:17: [amxbans.amxx] [Amxbans] Query statement: 
L 10/23/2011 - 20:07:18: [amxbans.amxx] [Amxbans] Query failed!
L 10/23/2011 - 20:07:18: [amxbans.amxx] [Amxbans] Threaded query error, location: 18
L 10/23/2011 - 20:07:18: [amxbans.amxx] [Amxbans] Message: You have an error in your SQL syntax; check the manual that corresponds to your MySQL server version for the right syntax to use near ''amxba' at line 1 (1064)
L 10/23/2011 - 20:07:18: [amxbans.amxx] [Amxbans] Query statement: 
L 10/23/2011 - 20:07:54: [amxbans.amxx] [Amxbans] Query failed!
L 10/23/2011 - 20:07:54: [amxbans.amxx] [Amxbans] Threaded query error, location: 18
L 10/23/2011 - 20:07:54: [amxbans.amxx] [Amxbans] Message: You have an error in your SQL syntax; check the manual that corresponds to your MySQL server version for the right syntax to use near ''amxbans' at line 1 (1064)
L 10/23/2011 - 20:07:54: [amxbans.amxx] [Amxbans] Query statement: 
L 10/23/2011 - 20:28:19: -------- Mapchange to ze_lift_escape_b5 --------
L 10/23/2011 - 20:28:20: [amxbans.amxx] [AMXBANS] AMXBans 5.0 is online
L 10/23/2011 - 20:28:25: [amxbans.amxx] [Amxbans] Query failed!
L 10/23/2011 - 20:28:25: [amxbans.amxx] [Amxbans] Threaded query error, location: 18
L 10/23/2011 - 20:28:25: [amxbans.amxx] [Amxbans] Message: You have an error in your SQL syntax; check the manual that corresponds to your MySQL server version for the right syntax to use near ''amxbans' at line 1 (1064)
L 10/23/2011 - 20:28:25: [amxbans.amxx] [Amxbans] Query statement: 
L 10/23/2011 - 20:28:26: [amxbans.amxx] [Amxbans] Query failed!
L 10/23/2011 - 20:28:26: [amxbans.amxx] [Amxbans] Threaded query error, location: 18
L 10/23/2011 - 20:28:26: [amxbans.amxx] [Amxbans] Message: You have an error in your SQL syntax; check the manual that corresponds to your MySQL server version for the right syntax to use near ''amxba' at line 1 (1064)
L 10/23/2011 - 20:28:26: [amxbans.amxx] [Amxbans] Query statement: 
L 10/23/2011 - 20:30:01: [admin_amxbans.amxx] Login: "Den1s<2778><STEAM_0:0:889229784><>" became an admin (account "91.192.190.142") (access "abcdefghijklmnopqstu") (address "91.192.190.142")
L 10/23/2011 - 20:30:13: [admin_amxbans.amxx] Login: "Den1s<2779><STEAM_0:0:889229784><>" became an admin (account "91.192.190.142") (access "abcdefghijklmnopqstu") (address "91.192.190.142")
L 10/23/2011 - 20:44:02: -------- Mapchange to ze_egypt --------
L 10/23/2011 - 20:44:02: [admin_amxbans.amxx] Login: "Den1s<2779><STEAM_0:0:889229784><>" became an admin (account "91.192.190.142") (access "abcdefghijklmnopqstu") (address "91.192.190.142")
L 10/23/2011 - 20:44:03: [amxbans.amxx] [AMXBANS] AMXBans 5.0 is online
L 10/23/2011 - 20:44:06: [admin_amxbans.amxx] Login: "Den1s<2802><STEAM_0:0:889229784><>" became an admin (account "91.192.190.142") (access "abcdefghijklmnopqstu") (address "91.192.190.142")
L 10/23/2011 - 20:44:12: [amxbans.amxx] [Amxbans] Query failed!
L 10/23/2011 - 20:44:12: [amxbans.amxx] [Amxbans] Threaded query error, location: 18
L 10/23/2011 - 20:44:12: [amxbans.amxx] [Amxbans] Message: You have an error in your SQL syntax; check the manual that corresponds to your MySQL server version for the right syntax to use near ''amxba' at line 1 (1064)
L 10/23/2011 - 20:44:12: [amxbans.amxx] [Amxbans] Query statement: 
L 10/23/2011 - 21:01:07: -------- Mapchange to zm_caca --------
L 10/23/2011 - 21:01:08: [admin_amxbans.amxx] Login: "Den1s<2802><STEAM_0:0:889229784><>" became an admin (account "91.192.190.142") (access "abcdefghijklmnopqstu") (address "91.192.190.142")
L 10/23/2011 - 21:01:09: [amxbans.amxx] [AMXBANS] AMXBans 5.0 is online
L 10/23/2011 - 21:01:14: [amxbans.amxx] [Amxbans] Query failed!
L 10/23/2011 - 21:01:14: [amxbans.amxx] [Amxbans] Threaded query error, location: 18
L 10/23/2011 - 21:01:14: [amxbans.amxx] [Amxbans] Message: You have an error in your SQL syntax; check the manual that corresponds to your MySQL server version for the right syntax to use near ''amxba' at line 1 (1064)
L 10/23/2011 - 21:01:14: [amxbans.amxx] [Amxbans] Query statement: 
L 10/23/2011 - 21:04:08: [amxbans.amxx] [Amxbans] Query failed!
L 10/23/2011 - 21:04:08: [amxbans.amxx] [Amxbans] Threaded query error, location: 18
L 10/23/2011 - 21:04:08: [amxbans.amxx] [Amxbans] Message: You have an error in your SQL syntax; check the manual that corresponds to your MySQL server version for the right syntax to use near ''amxb' at line 1 (1064)
L 10/23/2011 - 21:04:08: [amxbans.amxx] [Amxbans] Query statement: 
L 10/23/2011 - 21:21:31: -------- Mapchange to zm_dust_brick_b1_fx --------
L 10/23/2011 - 21:21:32: [admin_amxbans.amxx] Login: "Den1s<2802><STEAM_0:0:889229784><>" became an admin (account "91.192.190.142") (access "abcdefghijklmnopqstu") (address "91.192.190.142")
L 10/23/2011 - 21:21:32: [amxbans.amxx] [AMXBANS] AMXBans 5.0 is online
L 10/23/2011 - 21:21:38: [amxbans.amxx] [Amxbans] Query failed!
L 10/23/2011 - 21:21:38: [amxbans.amxx] [Amxbans] Threaded query error, location: 18
L 10/23/2011 - 21:21:38: [amxbans.amxx] [Amxbans] Message: You have an error in your SQL syntax; check the manual that corresponds to your MySQL server version for the right syntax to use near ''amxb' at line 1 (1064)
L 10/23/2011 - 21:21:38: [amxbans.amxx] [Amxbans] Query statement: 
L 10/23/2011 - 21:41:32: [amxbans.amxx] [Amxbans] Query failed!
L 10/23/2011 - 21:41:32: [amxbans.amxx] [Amxbans] Threaded query error, location: 18
L 10/23/2011 - 21:41:32: [amxbans.amxx] [Amxbans] Message: You have an error in your SQL syntax; check the manual that corresponds to your MySQL server version for the right syntax to use near ''amxba' at line 1 (1064)
L 10/23/2011 - 21:41:32: [amxbans.amxx] [Amxbans] Query statement: 
L 10/23/2011 - 21:43:35: -------- Mapchange to 016 --------
L 10/23/2011 - 21:43:36: [admin_amxbans.amxx] Login: "Den1s<2802><STEAM_0:0:889229784><>" became an admin (account "91.192.190.142") (access "abcdefghijklmnopqstu") (address "91.192.190.142")
L 10/23/2011 - 21:43:37: [amxbans.amxx] [AMXBANS] AMXBans 5.0 is online
L 10/23/2011 - 21:43:44: [amxbans.amxx] [Amxbans] Query failed!
L 10/23/2011 - 21:43:44: [amxbans.amxx] [Amxbans] Threaded query error, location: 18
L 10/23/2011 - 21:43:44: [amxbans.amxx] [Amxbans] Message: You have an error in your SQL syntax; check the manual that corresponds to your MySQL server version for the right syntax to use near ''amxb' at line 1 (1064)
L 10/23/2011 - 21:43:44: [amxbans.amxx] [Amxbans] Query statement: 
L 10/23/2011 - 21:43:45: [amxbans.amxx] [Amxbans] Query failed!
L 10/23/2011 - 21:43:45: [amxbans.amxx] [Amxbans] Threaded query error, location: 18
L 10/23/2011 - 21:43:45: [amxbans.amxx] [Amxbans] Message: You have an error in your SQL syntax; check the manual that corresponds to your MySQL server version for the right syntax to use near ''amxba' at line 1 (1064)
L 10/23/2011 - 21:43:45: [amxbans.amxx] [Amxbans] Query statement: 
L 10/23/2011 - 22:13:58: -------- Mapchange to ze_jurassicpark --------
L 10/23/2011 - 22:14:00: [amxbans.amxx] [AMXBANS] AMXBans 5.0 is online
L 10/23/2011 - 22:14:05: [amxbans.amxx] [Amxbans] Query failed!
L 10/23/2011 - 22:14:05: [amxbans.amxx] [Amxbans] Threaded query error, location: 18
L 10/23/2011 - 22:14:05: [amxbans.amxx] [Amxbans] Message: You have an error in your SQL syntax; check the manual that corresponds to your MySQL server version for the right syntax to use near ''amxba' at line 1 (1064)
L 10/23/2011 - 22:14:05: [amxbans.amxx] [Amxbans] Query statement: 
L 10/23/2011 - 22:30:57: -------- Mapchange to zm_deadly_assault --------
L 10/23/2011 - 22:30:59: [amxbans.amxx] [AMXBANS] AMXBans 5.0 is online
L 10/23/2011 - 22:31:04: [amxbans.amxx] [Amxbans] Query failed!
L 10/23/2011 - 22:31:04: [amxbans.amxx] [Amxbans] Threaded query error, location: 18
L 10/23/2011 - 22:31:04: [amxbans.amxx] [Amxbans] Message: You have an error in your SQL syntax; check the manual that corresponds to your MySQL server version for the right syntax to use near ''amxba' at line 1 (1064)
L 10/23/2011 - 22:31:04: [amxbans.amxx] [Amxbans] Query statement: 
L 10/23/2011 - 22:39:01: [amxbans.amxx] [Amxbans] Query failed!
L 10/23/2011 - 22:39:01: [amxbans.amxx] [Amxbans] Threaded query error, location: 18
L 10/23/2011 - 22:39:01: [amxbans.amxx] [Amxbans] Message: You have an error in your SQL syntax; check the manual that corresponds to your MySQL server version for the right syntax to use near ''amxbans' at line 1 (1064)
L 10/23/2011 - 22:39:01: [amxbans.amxx] [Amxbans] Query statement: 
L 10/23/2011 - 22:53:01: -------- Mapchange to zm_fdust2x2 --------
L 10/23/2011 - 22:53:03: [amxbans.amxx] [AMXBANS] AMXBans 5.0 is online
L 10/23/2011 - 22:53:08: [amxbans.amxx] [Amxbans] Query failed!
L 10/23/2011 - 22:53:08: [amxbans.amxx] [Amxbans] Threaded query error, location: 18
L 10/23/2011 - 22:53:08: [amxbans.amxx] [Amxbans] Message: You have an error in your SQL syntax; check the manual that corresponds to your MySQL server version for the right syntax to use near ''amxbans' at line 1 (1064)
L 10/23/2011 - 22:53:08: [amxbans.amxx] [Amxbans] Query statement: 
L 10/23/2011 - 22:53:08: [amxbans.amxx] [Amxbans] Query failed!
L 10/23/2011 - 22:53:08: [amxbans.amxx] [Amxbans] Threaded query error, location: 18
L 10/23/2011 - 22:53:08: [amxbans.amxx] [Amxbans] Message: You have an error in your SQL syntax; check the manual that corresponds to your MySQL server version for the right syntax to use near ''amxba' at line 1 (1064)
L 10/23/2011 - 22:53:08: [amxbans.amxx] [Amxbans] Query statement: 
L 10/23/2011 - 22:54:58: [amxbans.amxx] [Amxbans] Query failed!
L 10/23/2011 - 22:54:58: [amxbans.amxx] [Amxbans] Threaded query error, location: 18
L 10/23/2011 - 22:54:58: [amxbans.amxx] [Amxbans] Message: You have an error in your SQL syntax; check the manual that corresponds to your MySQL server version for the right syntax to use near ''amxba' at line 1 (1064)
L 10/23/2011 - 22:54:58: [amxbans.amxx] [Amxbans] Query statement: 
L 10/23/2011 - 23:08:16: [admin_amxbans.amxx] Login: "I bet u look good on dancefloor<3051><STEAM_0:0:44643826><>" became an admin (account "172.23.65.13") (access "l") (address "172.23.65.13")
L 10/23/2011 - 23:14:08: -------- Mapchange to zm_666_brick --------
L 10/23/2011 - 23:14:09: [amxbans.amxx] [AMXBANS] AMXBans 5.0 is online
L 10/23/2011 - 23:14:15: [amxbans.amxx] [Amxbans] Query failed!
L 10/23/2011 - 23:14:15: [amxbans.amxx] [Amxbans] Threaded query error, location: 18
L 10/23/2011 - 23:14:15: [amxbans.amxx] [Amxbans] Message: You have an error in your SQL syntax; check the manual that corresponds to your MySQL server version for the right syntax to use near ''amxba' at line 1 (1064)
L 10/23/2011 - 23:14:15: [amxbans.amxx] [Amxbans] Query statement: 
L 10/23/2011 - 23:14:15: [amxbans.amxx] [Amxbans] Query failed!
L 10/23/2011 - 23:14:15: [amxbans.amxx] [Amxbans] Threaded query error, location: 18
L 10/23/2011 - 23:14:15: [amxbans.amxx] [Amxbans] Message: You have an error in your SQL syntax; check the manual that corresponds to your MySQL server version for the right syntax to use near ''amxbans' at line 1 (1064)
L 10/23/2011 - 23:14:15: [amxbans.amxx] [Amxbans] Query statement: 
L 10/23/2011 - 23:21:54: [amxbans.amxx] [Amxbans] Query failed!
L 10/23/2011 - 23:21:54: [amxbans.amxx] [Amxbans] Threaded query error, location: 18
L 10/23/2011 - 23:21:54: [amxbans.amxx] [Amxbans] Message: You have an error in your SQL syntax; check the manual that corresponds to your MySQL server version for the right syntax to use near ''Bantime expire' at line 1 (1064)
L 10/23/2011 - 23:21:54: [amxbans.amxx] [Amxbans] Query statement: 
L 10/23/2011 - 23:22:23: [amxbans.amxx] [Amxbans] Query failed!
L 10/23/2011 - 23:22:23: [amxbans.amxx] [Amxbans] Threaded query error, location: 18
L 10/23/2011 - 23:22:23: [amxbans.amxx] [Amxbans] Message: You have an error in your SQL syntax; check the manual that corresponds to your MySQL server version for the right syntax to use near ''Bantime expire' at line 1 (1064)
L 10/23/2011 - 23:22:23: [amxbans.amxx] [Amxbans] Query statement: 
L 10/23/2011 - 23:47:01: -------- Mapchange to zm_alfresco_v2 --------
L 10/23/2011 - 23:47:03: [amxbans.amxx] [AMXBANS] AMXBans 5.0 is online
L 10/23/2011 - 23:47:07: [amxbans.amxx] [Amxbans] Query failed!
L 10/23/2011 - 23:47:07: [amxbans.amxx] [Amxbans] Threaded query error, location: 18
L 10/23/2011 - 23:47:07: [amxbans.amxx] [Amxbans] Message: You have an error in your SQL syntax; check the manual that corresponds to your MySQL server version for the right syntax to use near ''amxbans' at line 1 (1064)
L 10/23/2011 - 23:47:07: [amxbans.amxx] [Amxbans] Query statement: 
L 10/23/2011 - 23:47:08: [amxbans.amxx] [Amxbans] Query failed!
L 10/23/2011 - 23:47:08: [amxbans.amxx] [Amxbans] Threaded query error, location: 18
L 10/23/2011 - 23:47:08: [amxbans.amxx] [Amxbans] Message: You have an error in your SQL syntax; check the manual that corresponds to your MySQL server version for the right syntax to use near ''amxba' at line 1 (1064)
L 10/23/2011 - 23:47:08: [amxbans.amxx] [Amxbans] Query statement: 
L 10/23/2011 - 23:51:52: [admin_amxbans.amxx] Login: "Kenny<3085><STEAM_0:0:963405193><>" became an admin (account "Kenny") (access "abcdefgijmnopqtu") (address "87.253.9.63")
