L 07/09/2011 - 00:06:54: -------- Mapchange to zm_fdust2x2 --------
L 07/09/2011 - 00:06:55: [admin_amxbans.amxx] Login: "~Helena~<882><STEAM_0:4:318820202><>" became an admin (account "~Helena~") (access "at") (address "109.124.93.143")
L 07/09/2011 - 00:06:55: [admin_amxbans.amxx] Login: "Ipse [Str,RUS]<849><STEAM_0:4:1652811251><>" became an admin (account "Ipse [Str,RUS]") (access "at") (address "94.41.91.108")
L 07/09/2011 - 00:06:56: [admin_amxbans.amxx] Login: "Eto KaneLL!<878><STEAM_0:4:446327478><>" became an admin (account "212.55.104.156") (access "abcdefgijmnopqrtu") (address "212.55.104.156")
L 07/09/2011 - 00:09:30: [admin_amxbans.amxx] Login: "[atom] | |FAVOR1T***<929><STEAM_0:4:446327478><>" became an admin (account "212.55.104.156") (access "abcdefgijmnopqrtu") (address "212.55.104.156")
L 07/09/2011 - 00:11:08: [plmenu.amxx] Cmd: "[atom] | |FAVOR1T***<929><STEAM_0:4:446327478><>" transfer "[atom] | |FAVOR1T***<929><STEAM_0:4:446327478><>" (team "CT")
L 07/09/2011 - 00:11:39: [admin_amxbans.amxx] Login: "[o_VIP_o]                (^_^)V<929><STEAM_0:4:446327478><>" became an admin (account "212.55.104.156") (access "abcdefgijmnopqrtu") (address "212.55.104.156")
L 07/09/2011 - 00:11:53: [plmenu.amxx] Cmd: "[o_VIP_o]                (^_^)V<929><STEAM_0:4:446327478><>" transfer "[o_VIP_o]                (^_^)V<929><STEAM_0:4:446327478><>" (team "TERRORIST")
L 07/09/2011 - 00:15:25: [admincmd.amxx] Cmd: "[o_VIP_o]                (^_^)V<929><STEAM_0:4:446327478><>" ask for players list
L 07/09/2011 - 00:16:20: [admin_amxbans.amxx] Login: "PRO(KENT IGRAET DMB OO7 SPB)<932><STEAM_0:0:689630666><>" became an admin (account "PRO(KENT IGRAET DMB OO7 SPB)") (access "at") (address "91.103.154.227")
L 07/09/2011 - 00:27:28: -------- Mapchange to 016 --------
L 07/09/2011 - 00:27:29: [admin_amxbans.amxx] Login: "~Helena~<882><STEAM_0:4:318820202><>" became an admin (account "~Helena~") (access "at") (address "109.124.93.143")
L 07/09/2011 - 00:27:29: [admin_amxbans.amxx] Login: "PRO(KENT IGRAET DMB OO7 SPB)<932><STEAM_0:0:689630666><>" became an admin (account "PRO(KENT IGRAET DMB OO7 SPB)") (access "at") (address "91.103.154.227")
L 07/09/2011 - 00:27:30: [admin_amxbans.amxx] Login: "Ipse [Str,RUS]<849><STEAM_0:4:1652811251><>" became an admin (account "Ipse [Str,RUS]") (access "at") (address "94.41.91.108")
L 07/09/2011 - 00:27:32: [admin_amxbans.amxx] Login: "[o_VIP_o]                (^_^)V<929><STEAM_0:4:446327478><>" became an admin (account "212.55.104.156") (access "abcdefgijmnopqrtu") (address "212.55.104.156")
L 07/09/2011 - 00:36:51: [admin_amxbans.amxx] Login: "PRO(KENT IGRAET DMB OO7 SPB)<946><STEAM_0:0:689630666><>" became an admin (account "PRO(KENT IGRAET DMB OO7 SPB)") (access "at") (address "91.103.154.227")
L 07/09/2011 - 00:37:19: [plmenu.amxx] Cmd: "[o_VIP_o]                (^_^)V<929><STEAM_0:4:446327478><>" transfer "POMO4*ka<931><STEAM_0:0:1836044300><>" (team "TERRORIST")
L 07/09/2011 - 00:39:33: [admincmd.amxx] Cmd: "[o_VIP_o]                (^_^)V<929><STEAM_0:4:446327478><>" ask for players list
L 07/09/2011 - 00:40:11: [plmenu.amxx] Ban: "[o_VIP_o]                (^_^)V<929><STEAM_0:4:446327478><>" ban and kick "J.Sparrow<930><STEAM_0:4:1232096496><>" (minutes "60")
L 07/09/2011 - 00:42:46: [plmenu.amxx] Ban: "[o_VIP_o]                (^_^)V<929><STEAM_0:4:446327478><>" ban and kick "J.Sparrow<961><STEAM_0:4:1408912624><>" (minutes "15")
L 07/09/2011 - 00:48:00: -------- Mapchange to zm_666_brick --------
L 07/09/2011 - 00:48:01: [admin_amxbans.amxx] Login: "~Helena~<882><STEAM_0:4:318820202><>" became an admin (account "~Helena~") (access "at") (address "109.124.93.143")
L 07/09/2011 - 00:48:01: [admin_amxbans.amxx] Login: "Ipse [Str,RUS]<849><STEAM_0:4:1652811251><>" became an admin (account "Ipse [Str,RUS]") (access "at") (address "94.41.91.108")
L 07/09/2011 - 00:48:01: [admin_amxbans.amxx] Login: "PRO(KENT IGRAET DMB OO7 SPB)<946><STEAM_0:0:689630666><>" became an admin (account "PRO(KENT IGRAET DMB OO7 SPB)") (access "at") (address "91.103.154.227")
L 07/09/2011 - 00:48:02: [admin_amxbans.amxx] Login: "[o_VIP_o]                (^_^)V<929><STEAM_0:4:446327478><>" became an admin (account "212.55.104.156") (access "abcdefgijmnopqrtu") (address "212.55.104.156")
L 07/09/2011 - 00:49:04: [plmenu.amxx] Ban: "[o_VIP_o]                (^_^)V<929><STEAM_0:4:446327478><>" ban and kick "StormZz<970><STEAM_0:4:1064160496><>" (minutes "15")
L 07/09/2011 - 00:49:51: [plmenu.amxx] Kick: "[o_VIP_o]                (^_^)V<929><STEAM_0:4:446327478><>" kick "::CRIPS'::<884><STEAM_0:4:1373786160><>"
L 07/09/2011 - 00:52:12: [admin_amxbans.amxx] Login: "Ipse [Str,RUS]<976><STEAM_0:4:120972787><>" became an admin (account "Ipse [Str,RUS]") (access "at") (address "94.41.55.167")
L 07/09/2011 - 00:57:37: [admin_amxbans.amxx] Login: "[o_VIP_o]                (^_^)V<983><STEAM_0:4:446327478><>" became an admin (account "212.55.104.156") (access "abcdefgijmnopqrtu") (address "212.55.104.156")
L 07/09/2011 - 01:02:30: [admin_amxbans.amxx] Login: "PRO(KENT IGRAET DMB OO7 SPB)<987><STEAM_0:0:689630666><>" became an admin (account "PRO(KENT IGRAET DMB OO7 SPB)") (access "at") (address "91.103.154.227")
L 07/09/2011 - 01:08:33: -------- Mapchange to zm_desolation_house --------
L 07/09/2011 - 01:08:34: [admin_amxbans.amxx] Login: "~Helena~<882><STEAM_0:4:318820202><>" became an admin (account "~Helena~") (access "at") (address "109.124.93.143")
L 07/09/2011 - 01:08:35: [admin_amxbans.amxx] Login: "[o_VIP_o]                (^_^)V<983><STEAM_0:4:446327478><>" became an admin (account "212.55.104.156") (access "abcdefgijmnopqrtu") (address "212.55.104.156")
L 07/09/2011 - 01:14:41: [plmenu.amxx] Cmd: "[o_VIP_o]                (^_^)V<983><STEAM_0:4:446327478><>" slap with 0 damage "[o_VIP_o]                (^_^)V<983><STEAM_0:4:446327478><>"
L 07/09/2011 - 01:14:41: [plmenu.amxx] Cmd: "[o_VIP_o]                (^_^)V<983><STEAM_0:4:446327478><>" slap with 0 damage "[o_VIP_o]                (^_^)V<983><STEAM_0:4:446327478><>"
L 07/09/2011 - 01:14:42: [plmenu.amxx] Cmd: "[o_VIP_o]                (^_^)V<983><STEAM_0:4:446327478><>" slap with 0 damage "[o_VIP_o]                (^_^)V<983><STEAM_0:4:446327478><>"
L 07/09/2011 - 01:14:43: [plmenu.amxx] Cmd: "[o_VIP_o]                (^_^)V<983><STEAM_0:4:446327478><>" slap with 0 damage "[o_VIP_o]                (^_^)V<983><STEAM_0:4:446327478><>"
L 07/09/2011 - 01:14:43: [plmenu.amxx] Cmd: "[o_VIP_o]                (^_^)V<983><STEAM_0:4:446327478><>" slap with 0 damage "[o_VIP_o]                (^_^)V<983><STEAM_0:4:446327478><>"
L 07/09/2011 - 01:14:43: [plmenu.amxx] Cmd: "[o_VIP_o]                (^_^)V<983><STEAM_0:4:446327478><>" slap with 0 damage "[o_VIP_o]                (^_^)V<983><STEAM_0:4:446327478><>"
L 07/09/2011 - 01:14:43: [plmenu.amxx] Cmd: "[o_VIP_o]                (^_^)V<983><STEAM_0:4:446327478><>" slap with 0 damage "[o_VIP_o]                (^_^)V<983><STEAM_0:4:446327478><>"
L 07/09/2011 - 01:14:43: [plmenu.amxx] Cmd: "[o_VIP_o]                (^_^)V<983><STEAM_0:4:446327478><>" slap with 0 damage "[o_VIP_o]                (^_^)V<983><STEAM_0:4:446327478><>"
L 07/09/2011 - 01:14:45: [plmenu.amxx] Cmd: "[o_VIP_o]                (^_^)V<983><STEAM_0:4:446327478><>" slap with 0 damage "[o_VIP_o]                (^_^)V<983><STEAM_0:4:446327478><>"
L 07/09/2011 - 01:14:45: [plmenu.amxx] Cmd: "[o_VIP_o]                (^_^)V<983><STEAM_0:4:446327478><>" slap with 0 damage "[o_VIP_o]                (^_^)V<983><STEAM_0:4:446327478><>"
L 07/09/2011 - 01:14:45: [plmenu.amxx] Cmd: "[o_VIP_o]                (^_^)V<983><STEAM_0:4:446327478><>" slap with 0 damage "[o_VIP_o]                (^_^)V<983><STEAM_0:4:446327478><>"
L 07/09/2011 - 01:14:45: [plmenu.amxx] Cmd: "[o_VIP_o]                (^_^)V<983><STEAM_0:4:446327478><>" slap with 0 damage "[o_VIP_o]                (^_^)V<983><STEAM_0:4:446327478><>"
L 07/09/2011 - 01:14:46: [plmenu.amxx] Cmd: "[o_VIP_o]                (^_^)V<983><STEAM_0:4:446327478><>" slap with 0 damage "[o_VIP_o]                (^_^)V<983><STEAM_0:4:446327478><>"
L 07/09/2011 - 01:14:46: [plmenu.amxx] Cmd: "[o_VIP_o]                (^_^)V<983><STEAM_0:4:446327478><>" slap with 0 damage "[o_VIP_o]                (^_^)V<983><STEAM_0:4:446327478><>"
L 07/09/2011 - 01:14:46: [plmenu.amxx] Cmd: "[o_VIP_o]                (^_^)V<983><STEAM_0:4:446327478><>" slap with 0 damage "[o_VIP_o]                (^_^)V<983><STEAM_0:4:446327478><>"
L 07/09/2011 - 01:14:47: [plmenu.amxx] Cmd: "[o_VIP_o]                (^_^)V<983><STEAM_0:4:446327478><>" slap with 0 damage "[o_VIP_o]                (^_^)V<983><STEAM_0:4:446327478><>"
L 07/09/2011 - 01:14:47: [plmenu.amxx] Cmd: "[o_VIP_o]                (^_^)V<983><STEAM_0:4:446327478><>" slap with 0 damage "[o_VIP_o]                (^_^)V<983><STEAM_0:4:446327478><>"
L 07/09/2011 - 01:14:48: [plmenu.amxx] Cmd: "[o_VIP_o]                (^_^)V<983><STEAM_0:4:446327478><>" slap with 0 damage "[o_VIP_o]                (^_^)V<983><STEAM_0:4:446327478><>"
L 07/09/2011 - 01:14:48: [plmenu.amxx] Cmd: "[o_VIP_o]                (^_^)V<983><STEAM_0:4:446327478><>" slap with 0 damage "[o_VIP_o]                (^_^)V<983><STEAM_0:4:446327478><>"
L 07/09/2011 - 01:14:48: [plmenu.amxx] Cmd: "[o_VIP_o]                (^_^)V<983><STEAM_0:4:446327478><>" slap with 0 damage "[o_VIP_o]                (^_^)V<983><STEAM_0:4:446327478><>"
L 07/09/2011 - 01:14:48: [plmenu.amxx] Cmd: "[o_VIP_o]                (^_^)V<983><STEAM_0:4:446327478><>" slap with 0 damage "[o_VIP_o]                (^_^)V<983><STEAM_0:4:446327478><>"
L 07/09/2011 - 01:14:48: [plmenu.amxx] Cmd: "[o_VIP_o]                (^_^)V<983><STEAM_0:4:446327478><>" slap with 0 damage "[o_VIP_o]                (^_^)V<983><STEAM_0:4:446327478><>"
L 07/09/2011 - 01:14:49: [plmenu.amxx] Cmd: "[o_VIP_o]                (^_^)V<983><STEAM_0:4:446327478><>" slap with 0 damage "[o_VIP_o]                (^_^)V<983><STEAM_0:4:446327478><>"
L 07/09/2011 - 01:14:49: [plmenu.amxx] Cmd: "[o_VIP_o]                (^_^)V<983><STEAM_0:4:446327478><>" slap with 0 damage "[o_VIP_o]                (^_^)V<983><STEAM_0:4:446327478><>"
L 07/09/2011 - 01:14:49: [plmenu.amxx] Cmd: "[o_VIP_o]                (^_^)V<983><STEAM_0:4:446327478><>" slap with 0 damage "[o_VIP_o]                (^_^)V<983><STEAM_0:4:446327478><>"
L 07/09/2011 - 01:14:49: [plmenu.amxx] Cmd: "[o_VIP_o]                (^_^)V<983><STEAM_0:4:446327478><>" slap with 0 damage "[o_VIP_o]                (^_^)V<983><STEAM_0:4:446327478><>"
L 07/09/2011 - 01:14:49: [plmenu.amxx] Cmd: "[o_VIP_o]                (^_^)V<983><STEAM_0:4:446327478><>" slap with 0 damage "[o_VIP_o]                (^_^)V<983><STEAM_0:4:446327478><>"
L 07/09/2011 - 01:14:50: [plmenu.amxx] Cmd: "[o_VIP_o]                (^_^)V<983><STEAM_0:4:446327478><>" slap with 0 damage "[o_VIP_o]                (^_^)V<983><STEAM_0:4:446327478><>"
L 07/09/2011 - 01:14:50: [plmenu.amxx] Cmd: "[o_VIP_o]                (^_^)V<983><STEAM_0:4:446327478><>" slap with 0 damage "[o_VIP_o]                (^_^)V<983><STEAM_0:4:446327478><>"
L 07/09/2011 - 01:14:50: [plmenu.amxx] Cmd: "[o_VIP_o]                (^_^)V<983><STEAM_0:4:446327478><>" slap with 0 damage "[o_VIP_o]                (^_^)V<983><STEAM_0:4:446327478><>"
L 07/09/2011 - 01:14:50: [plmenu.amxx] Cmd: "[o_VIP_o]                (^_^)V<983><STEAM_0:4:446327478><>" slap with 0 damage "[o_VIP_o]                (^_^)V<983><STEAM_0:4:446327478><>"
L 07/09/2011 - 01:14:50: [plmenu.amxx] Cmd: "[o_VIP_o]                (^_^)V<983><STEAM_0:4:446327478><>" slap with 0 damage "[o_VIP_o]                (^_^)V<983><STEAM_0:4:446327478><>"
L 07/09/2011 - 01:14:51: [plmenu.amxx] Cmd: "[o_VIP_o]                (^_^)V<983><STEAM_0:4:446327478><>" slap with 0 damage "[o_VIP_o]                (^_^)V<983><STEAM_0:4:446327478><>"
L 07/09/2011 - 01:14:51: [plmenu.amxx] Cmd: "[o_VIP_o]                (^_^)V<983><STEAM_0:4:446327478><>" slap with 0 damage "[o_VIP_o]                (^_^)V<983><STEAM_0:4:446327478><>"
L 07/09/2011 - 01:14:51: [plmenu.amxx] Cmd: "[o_VIP_o]                (^_^)V<983><STEAM_0:4:446327478><>" slap with 0 damage "[o_VIP_o]                (^_^)V<983><STEAM_0:4:446327478><>"
L 07/09/2011 - 01:14:51: [plmenu.amxx] Cmd: "[o_VIP_o]                (^_^)V<983><STEAM_0:4:446327478><>" slap with 0 damage "[o_VIP_o]                (^_^)V<983><STEAM_0:4:446327478><>"
L 07/09/2011 - 01:14:52: [plmenu.amxx] Cmd: "[o_VIP_o]                (^_^)V<983><STEAM_0:4:446327478><>" slap with 0 damage "[o_VIP_o]                (^_^)V<983><STEAM_0:4:446327478><>"
L 07/09/2011 - 01:14:52: [plmenu.amxx] Cmd: "[o_VIP_o]                (^_^)V<983><STEAM_0:4:446327478><>" slap with 0 damage "[o_VIP_o]                (^_^)V<983><STEAM_0:4:446327478><>"
L 07/09/2011 - 01:14:52: [plmenu.amxx] Cmd: "[o_VIP_o]                (^_^)V<983><STEAM_0:4:446327478><>" slap with 0 damage "[o_VIP_o]                (^_^)V<983><STEAM_0:4:446327478><>"
L 07/09/2011 - 01:14:53: [plmenu.amxx] Cmd: "[o_VIP_o]                (^_^)V<983><STEAM_0:4:446327478><>" slap with 0 damage "[o_VIP_o]                (^_^)V<983><STEAM_0:4:446327478><>"
L 07/09/2011 - 01:14:53: [plmenu.amxx] Cmd: "[o_VIP_o]                (^_^)V<983><STEAM_0:4:446327478><>" slap with 0 damage "[o_VIP_o]                (^_^)V<983><STEAM_0:4:446327478><>"
L 07/09/2011 - 01:14:53: [plmenu.amxx] Cmd: "[o_VIP_o]                (^_^)V<983><STEAM_0:4:446327478><>" slap with 0 damage "[o_VIP_o]                (^_^)V<983><STEAM_0:4:446327478><>"
L 07/09/2011 - 01:14:53: [plmenu.amxx] Cmd: "[o_VIP_o]                (^_^)V<983><STEAM_0:4:446327478><>" slap with 0 damage "[o_VIP_o]                (^_^)V<983><STEAM_0:4:446327478><>"
L 07/09/2011 - 01:14:53: [plmenu.amxx] Cmd: "[o_VIP_o]                (^_^)V<983><STEAM_0:4:446327478><>" slap with 0 damage "[o_VIP_o]                (^_^)V<983><STEAM_0:4:446327478><>"
L 07/09/2011 - 01:14:54: [plmenu.amxx] Cmd: "[o_VIP_o]                (^_^)V<983><STEAM_0:4:446327478><>" slap with 0 damage "[o_VIP_o]                (^_^)V<983><STEAM_0:4:446327478><>"
L 07/09/2011 - 01:14:54: [plmenu.amxx] Cmd: "[o_VIP_o]                (^_^)V<983><STEAM_0:4:446327478><>" slap with 0 damage "[o_VIP_o]                (^_^)V<983><STEAM_0:4:446327478><>"
L 07/09/2011 - 01:14:54: [plmenu.amxx] Cmd: "[o_VIP_o]                (^_^)V<983><STEAM_0:4:446327478><>" slap with 0 damage "[o_VIP_o]                (^_^)V<983><STEAM_0:4:446327478><>"
L 07/09/2011 - 01:14:54: [plmenu.amxx] Cmd: "[o_VIP_o]                (^_^)V<983><STEAM_0:4:446327478><>" slap with 0 damage "[o_VIP_o]                (^_^)V<983><STEAM_0:4:446327478><>"
L 07/09/2011 - 01:14:54: [plmenu.amxx] Cmd: "[o_VIP_o]                (^_^)V<983><STEAM_0:4:446327478><>" slap with 0 damage "[o_VIP_o]                (^_^)V<983><STEAM_0:4:446327478><>"
L 07/09/2011 - 01:14:55: [plmenu.amxx] Cmd: "[o_VIP_o]                (^_^)V<983><STEAM_0:4:446327478><>" slap with 0 damage "[o_VIP_o]                (^_^)V<983><STEAM_0:4:446327478><>"
L 07/09/2011 - 01:14:55: [plmenu.amxx] Cmd: "[o_VIP_o]                (^_^)V<983><STEAM_0:4:446327478><>" slap with 0 damage "[o_VIP_o]                (^_^)V<983><STEAM_0:4:446327478><>"
L 07/09/2011 - 01:14:55: [plmenu.amxx] Cmd: "[o_VIP_o]                (^_^)V<983><STEAM_0:4:446327478><>" slap with 0 damage "[o_VIP_o]                (^_^)V<983><STEAM_0:4:446327478><>"
L 07/09/2011 - 01:14:55: [plmenu.amxx] Cmd: "[o_VIP_o]                (^_^)V<983><STEAM_0:4:446327478><>" slap with 0 damage "[o_VIP_o]                (^_^)V<983><STEAM_0:4:446327478><>"
L 07/09/2011 - 01:14:56: [plmenu.amxx] Cmd: "[o_VIP_o]                (^_^)V<983><STEAM_0:4:446327478><>" slap with 0 damage "[o_VIP_o]                (^_^)V<983><STEAM_0:4:446327478><>"
L 07/09/2011 - 01:14:56: [plmenu.amxx] Cmd: "[o_VIP_o]                (^_^)V<983><STEAM_0:4:446327478><>" slap with 0 damage "[o_VIP_o]                (^_^)V<983><STEAM_0:4:446327478><>"
L 07/09/2011 - 01:14:56: [plmenu.amxx] Cmd: "[o_VIP_o]                (^_^)V<983><STEAM_0:4:446327478><>" slap with 0 damage "[o_VIP_o]                (^_^)V<983><STEAM_0:4:446327478><>"
L 07/09/2011 - 01:14:57: [plmenu.amxx] Cmd: "[o_VIP_o]                (^_^)V<983><STEAM_0:4:446327478><>" slap with 0 damage "[o_VIP_o]                (^_^)V<983><STEAM_0:4:446327478><>"
L 07/09/2011 - 01:14:57: [plmenu.amxx] Cmd: "[o_VIP_o]                (^_^)V<983><STEAM_0:4:446327478><>" slap with 0 damage "[o_VIP_o]                (^_^)V<983><STEAM_0:4:446327478><>"
L 07/09/2011 - 01:14:57: [plmenu.amxx] Cmd: "[o_VIP_o]                (^_^)V<983><STEAM_0:4:446327478><>" slap with 0 damage "[o_VIP_o]                (^_^)V<983><STEAM_0:4:446327478><>"
L 07/09/2011 - 01:14:57: [plmenu.amxx] Cmd: "[o_VIP_o]                (^_^)V<983><STEAM_0:4:446327478><>" slap with 0 damage "[o_VIP_o]                (^_^)V<983><STEAM_0:4:446327478><>"
L 07/09/2011 - 01:14:57: [plmenu.amxx] Cmd: "[o_VIP_o]                (^_^)V<983><STEAM_0:4:446327478><>" slap with 0 damage "[o_VIP_o]                (^_^)V<983><STEAM_0:4:446327478><>"
L 07/09/2011 - 01:14:58: [plmenu.amxx] Cmd: "[o_VIP_o]                (^_^)V<983><STEAM_0:4:446327478><>" slap with 0 damage "[o_VIP_o]                (^_^)V<983><STEAM_0:4:446327478><>"
L 07/09/2011 - 01:16:59: [plmenu.amxx] Cmd: "[o_VIP_o]                (^_^)V<983><STEAM_0:4:446327478><>" slap with 0 damage "[o_VIP_o]                (^_^)V<983><STEAM_0:4:446327478><>"
L 07/09/2011 - 01:16:59: [plmenu.amxx] Cmd: "[o_VIP_o]                (^_^)V<983><STEAM_0:4:446327478><>" slap with 0 damage "[o_VIP_o]                (^_^)V<983><STEAM_0:4:446327478><>"
L 07/09/2011 - 01:16:59: [plmenu.amxx] Cmd: "[o_VIP_o]                (^_^)V<983><STEAM_0:4:446327478><>" slap with 0 damage "[o_VIP_o]                (^_^)V<983><STEAM_0:4:446327478><>"
L 07/09/2011 - 01:16:59: [plmenu.amxx] Cmd: "[o_VIP_o]                (^_^)V<983><STEAM_0:4:446327478><>" slap with 0 damage "[o_VIP_o]                (^_^)V<983><STEAM_0:4:446327478><>"
L 07/09/2011 - 01:16:59: [plmenu.amxx] Cmd: "[o_VIP_o]                (^_^)V<983><STEAM_0:4:446327478><>" slap with 0 damage "[o_VIP_o]                (^_^)V<983><STEAM_0:4:446327478><>"
L 07/09/2011 - 01:19:27: [plmenu.amxx] Cmd: "[o_VIP_o]                (^_^)V<983><STEAM_0:4:446327478><>" slap with 0 damage "[o_VIP_o]                (^_^)V<983><STEAM_0:4:446327478><>"
L 07/09/2011 - 01:19:27: [plmenu.amxx] Cmd: "[o_VIP_o]                (^_^)V<983><STEAM_0:4:446327478><>" slap with 0 damage "[o_VIP_o]                (^_^)V<983><STEAM_0:4:446327478><>"
L 07/09/2011 - 01:19:28: [plmenu.amxx] Cmd: "[o_VIP_o]                (^_^)V<983><STEAM_0:4:446327478><>" slap with 0 damage "[o_VIP_o]                (^_^)V<983><STEAM_0:4:446327478><>"
L 07/09/2011 - 01:19:28: [plmenu.amxx] Cmd: "[o_VIP_o]                (^_^)V<983><STEAM_0:4:446327478><>" slap with 0 damage "[o_VIP_o]                (^_^)V<983><STEAM_0:4:446327478><>"
L 07/09/2011 - 01:19:28: [plmenu.amxx] Cmd: "[o_VIP_o]                (^_^)V<983><STEAM_0:4:446327478><>" slap with 0 damage "[o_VIP_o]                (^_^)V<983><STEAM_0:4:446327478><>"
L 07/09/2011 - 01:19:28: [plmenu.amxx] Cmd: "[o_VIP_o]                (^_^)V<983><STEAM_0:4:446327478><>" slap with 0 damage "[o_VIP_o]                (^_^)V<983><STEAM_0:4:446327478><>"
L 07/09/2011 - 01:19:29: [plmenu.amxx] Cmd: "[o_VIP_o]                (^_^)V<983><STEAM_0:4:446327478><>" slap with 0 damage "[o_VIP_o]                (^_^)V<983><STEAM_0:4:446327478><>"
L 07/09/2011 - 01:20:11: [plmenu.amxx] Cmd: "[o_VIP_o]                (^_^)V<983><STEAM_0:4:446327478><>" slap with 0 damage "[o_VIP_o]                (^_^)V<983><STEAM_0:4:446327478><>"
L 07/09/2011 - 01:20:11: [plmenu.amxx] Cmd: "[o_VIP_o]                (^_^)V<983><STEAM_0:4:446327478><>" slap with 0 damage "[o_VIP_o]                (^_^)V<983><STEAM_0:4:446327478><>"
L 07/09/2011 - 01:20:11: [plmenu.amxx] Cmd: "[o_VIP_o]                (^_^)V<983><STEAM_0:4:446327478><>" slap with 0 damage "[o_VIP_o]                (^_^)V<983><STEAM_0:4:446327478><>"
L 07/09/2011 - 01:20:11: [plmenu.amxx] Cmd: "[o_VIP_o]                (^_^)V<983><STEAM_0:4:446327478><>" slap with 0 damage "[o_VIP_o]                (^_^)V<983><STEAM_0:4:446327478><>"
L 07/09/2011 - 01:20:12: [plmenu.amxx] Cmd: "[o_VIP_o]                (^_^)V<983><STEAM_0:4:446327478><>" slap with 0 damage "[o_VIP_o]                (^_^)V<983><STEAM_0:4:446327478><>"
L 07/09/2011 - 01:23:17: [plmenu.amxx] Cmd: "[o_VIP_o]                (^_^)V<983><STEAM_0:4:446327478><>" slap with 0 damage "[o_VIP_o]                (^_^)V<983><STEAM_0:4:446327478><>"
L 07/09/2011 - 01:23:17: [plmenu.amxx] Cmd: "[o_VIP_o]                (^_^)V<983><STEAM_0:4:446327478><>" slap with 0 damage "[o_VIP_o]                (^_^)V<983><STEAM_0:4:446327478><>"
L 07/09/2011 - 01:23:17: [plmenu.amxx] Cmd: "[o_VIP_o]                (^_^)V<983><STEAM_0:4:446327478><>" slap with 0 damage "[o_VIP_o]                (^_^)V<983><STEAM_0:4:446327478><>"
L 07/09/2011 - 01:23:17: [plmenu.amxx] Cmd: "[o_VIP_o]                (^_^)V<983><STEAM_0:4:446327478><>" slap with 0 damage "[o_VIP_o]                (^_^)V<983><STEAM_0:4:446327478><>"
L 07/09/2011 - 01:23:18: [plmenu.amxx] Cmd: "[o_VIP_o]                (^_^)V<983><STEAM_0:4:446327478><>" slap with 0 damage "[o_VIP_o]                (^_^)V<983><STEAM_0:4:446327478><>"
L 07/09/2011 - 01:23:18: [plmenu.amxx] Cmd: "[o_VIP_o]                (^_^)V<983><STEAM_0:4:446327478><>" slap with 0 damage "[o_VIP_o]                (^_^)V<983><STEAM_0:4:446327478><>"
L 07/09/2011 - 01:23:18: [plmenu.amxx] Cmd: "[o_VIP_o]                (^_^)V<983><STEAM_0:4:446327478><>" slap with 0 damage "[o_VIP_o]                (^_^)V<983><STEAM_0:4:446327478><>"
L 07/09/2011 - 01:23:18: [plmenu.amxx] Cmd: "[o_VIP_o]                (^_^)V<983><STEAM_0:4:446327478><>" slap with 0 damage "[o_VIP_o]                (^_^)V<983><STEAM_0:4:446327478><>"
L 07/09/2011 - 01:23:18: [plmenu.amxx] Cmd: "[o_VIP_o]                (^_^)V<983><STEAM_0:4:446327478><>" slap with 0 damage "[o_VIP_o]                (^_^)V<983><STEAM_0:4:446327478><>"
L 07/09/2011 - 01:23:21: [plmenu.amxx] Cmd: "[o_VIP_o]                (^_^)V<983><STEAM_0:4:446327478><>" slap with 0 damage "[o_VIP_o]                (^_^)V<983><STEAM_0:4:446327478><>"
L 07/09/2011 - 01:23:21: [plmenu.amxx] Cmd: "[o_VIP_o]                (^_^)V<983><STEAM_0:4:446327478><>" slap with 0 damage "[o_VIP_o]                (^_^)V<983><STEAM_0:4:446327478><>"
L 07/09/2011 - 01:23:22: [plmenu.amxx] Cmd: "[o_VIP_o]                (^_^)V<983><STEAM_0:4:446327478><>" slap with 0 damage "[o_VIP_o]                (^_^)V<983><STEAM_0:4:446327478><>"
L 07/09/2011 - 01:23:22: [plmenu.amxx] Cmd: "[o_VIP_o]                (^_^)V<983><STEAM_0:4:446327478><>" slap with 0 damage "[o_VIP_o]                (^_^)V<983><STEAM_0:4:446327478><>"
L 07/09/2011 - 01:23:22: [plmenu.amxx] Cmd: "[o_VIP_o]                (^_^)V<983><STEAM_0:4:446327478><>" slap with 0 damage "[o_VIP_o]                (^_^)V<983><STEAM_0:4:446327478><>"
L 07/09/2011 - 01:23:22: [plmenu.amxx] Cmd: "[o_VIP_o]                (^_^)V<983><STEAM_0:4:446327478><>" slap with 0 damage "[o_VIP_o]                (^_^)V<983><STEAM_0:4:446327478><>"
L 07/09/2011 - 01:23:23: [plmenu.amxx] Cmd: "[o_VIP_o]                (^_^)V<983><STEAM_0:4:446327478><>" slap with 0 damage "[o_VIP_o]                (^_^)V<983><STEAM_0:4:446327478><>"
L 07/09/2011 - 01:23:23: [plmenu.amxx] Cmd: "[o_VIP_o]                (^_^)V<983><STEAM_0:4:446327478><>" slap with 0 damage "[o_VIP_o]                (^_^)V<983><STEAM_0:4:446327478><>"
L 07/09/2011 - 01:23:23: [plmenu.amxx] Cmd: "[o_VIP_o]                (^_^)V<983><STEAM_0:4:446327478><>" slap with 0 damage "[o_VIP_o]                (^_^)V<983><STEAM_0:4:446327478><>"
L 07/09/2011 - 01:23:24: [plmenu.amxx] Cmd: "[o_VIP_o]                (^_^)V<983><STEAM_0:4:446327478><>" slap with 0 damage "[o_VIP_o]                (^_^)V<983><STEAM_0:4:446327478><>"
L 07/09/2011 - 01:23:24: [plmenu.amxx] Cmd: "[o_VIP_o]                (^_^)V<983><STEAM_0:4:446327478><>" slap with 0 damage "[o_VIP_o]                (^_^)V<983><STEAM_0:4:446327478><>"
L 07/09/2011 - 01:23:24: [plmenu.amxx] Cmd: "[o_VIP_o]                (^_^)V<983><STEAM_0:4:446327478><>" slap with 0 damage "[o_VIP_o]                (^_^)V<983><STEAM_0:4:446327478><>"
L 07/09/2011 - 01:23:24: [plmenu.amxx] Cmd: "[o_VIP_o]                (^_^)V<983><STEAM_0:4:446327478><>" slap with 0 damage "[o_VIP_o]                (^_^)V<983><STEAM_0:4:446327478><>"
L 07/09/2011 - 01:23:25: [plmenu.amxx] Cmd: "[o_VIP_o]                (^_^)V<983><STEAM_0:4:446327478><>" slap with 0 damage "[o_VIP_o]                (^_^)V<983><STEAM_0:4:446327478><>"
L 07/09/2011 - 01:23:27: [plmenu.amxx] Cmd: "[o_VIP_o]                (^_^)V<983><STEAM_0:4:446327478><>" slap with 0 damage "[o_VIP_o]                (^_^)V<983><STEAM_0:4:446327478><>"
L 07/09/2011 - 01:23:27: [plmenu.amxx] Cmd: "[o_VIP_o]                (^_^)V<983><STEAM_0:4:446327478><>" slap with 0 damage "[o_VIP_o]                (^_^)V<983><STEAM_0:4:446327478><>"
L 07/09/2011 - 01:23:28: [plmenu.amxx] Cmd: "[o_VIP_o]                (^_^)V<983><STEAM_0:4:446327478><>" slap with 0 damage "[o_VIP_o]                (^_^)V<983><STEAM_0:4:446327478><>"
L 07/09/2011 - 01:24:22: [plmenu.amxx] Cmd: "[o_VIP_o]                (^_^)V<983><STEAM_0:4:446327478><>" slap with 0 damage "[o_VIP_o]                (^_^)V<983><STEAM_0:4:446327478><>"
L 07/09/2011 - 01:24:22: [plmenu.amxx] Cmd: "[o_VIP_o]                (^_^)V<983><STEAM_0:4:446327478><>" slap with 0 damage "[o_VIP_o]                (^_^)V<983><STEAM_0:4:446327478><>"
L 07/09/2011 - 01:24:22: [plmenu.amxx] Cmd: "[o_VIP_o]                (^_^)V<983><STEAM_0:4:446327478><>" slap with 0 damage "[o_VIP_o]                (^_^)V<983><STEAM_0:4:446327478><>"
L 07/09/2011 - 01:24:22: [plmenu.amxx] Cmd: "[o_VIP_o]                (^_^)V<983><STEAM_0:4:446327478><>" slap with 0 damage "[o_VIP_o]                (^_^)V<983><STEAM_0:4:446327478><>"
L 07/09/2011 - 01:24:23: [plmenu.amxx] Cmd: "[o_VIP_o]                (^_^)V<983><STEAM_0:4:446327478><>" slap with 0 damage "[o_VIP_o]                (^_^)V<983><STEAM_0:4:446327478><>"
L 07/09/2011 - 01:25:53: [adminvote.amxx] Vote: "[o_VIP_o]                (^_^)V<983><STEAM_0:4:446327478><>" vote custom (question "Helena_xo4et_umbrella_ofice_a_tbI?") (option#1 "To") (option#2 "}")
L 07/09/2011 - 01:26:05: [adminvote.amxx] Vote: Voting successful (got "6") (needed "1") (result "Helena_xo4et_umbrella_ofice_a_tbI? - To")
L 07/09/2011 - 01:26:25: [mapsmenu.amxx] Cmd: "[o_VIP_o]                (^_^)V<983><STEAM_0:4:446327478><>" changelevel "zm_umbrella_office"
L 07/09/2011 - 01:26:27: -------- Mapchange to zm_umbrella_office --------
L 07/09/2011 - 01:26:28: [admin_amxbans.amxx] Login: "~Helena~<882><STEAM_0:4:318820202><>" became an admin (account "~Helena~") (access "at") (address "109.124.93.143")
L 07/09/2011 - 01:26:28: [admin_amxbans.amxx] Login: "[o_VIP_o]                (^_^)V<983><STEAM_0:4:446327478><>" became an admin (account "212.55.104.156") (access "abcdefgijmnopqrtu") (address "212.55.104.156")
L 07/09/2011 - 01:43:39: [plmenu.amxx] Ban: "[o_VIP_o]                (^_^)V<983><STEAM_0:4:446327478><>" ban and kick "[NO-UCP] pro100aJIkaIII<1032><STEAM_0:4:467113457><>" (minutes "1440")
L 07/09/2011 - 01:46:17: [plmenu.amxx] Cmd: "[o_VIP_o]                (^_^)V<983><STEAM_0:4:446327478><>" transfer "[o_VIP_o]                (^_^)V<983><STEAM_0:4:446327478><>" (team "TERRORIST")
L 07/09/2011 - 01:49:29: [mapsmenu.amxx] Cmd: "[o_VIP_o]                (^_^)V<983><STEAM_0:4:446327478><>" changelevel "zm_vendetta"
L 07/09/2011 - 01:49:31: -------- Mapchange to zm_vendetta --------
L 07/09/2011 - 01:49:32: [admin_amxbans.amxx] Login: "~Helena~<882><STEAM_0:4:318820202><>" became an admin (account "~Helena~") (access "at") (address "109.124.93.143")
L 07/09/2011 - 01:49:32: [admin_amxbans.amxx] Login: "[o_VIP_o]                (^_^)V<983><STEAM_0:4:446327478><>" became an admin (account "212.55.104.156") (access "abcdefgijmnopqrtu") (address "212.55.104.156")
L 07/09/2011 - 01:49:32: [admin_amxbans.amxx] Login: "[o_VIP_o]                (^_^)V<983><STEAM_0:4:446327478><>" became an admin (account "212.55.104.156") (access "abcdefgijmnopqrtu") (address "212.55.104.156")
L 07/09/2011 - 01:54:08: [plmenu.amxx] Cmd: "[o_VIP_o]                (^_^)V<983><STEAM_0:4:446327478><>" slap with 0 damage "[o_VIP_o]                (^_^)V<983><STEAM_0:4:446327478><>"
L 07/09/2011 - 01:54:08: [plmenu.amxx] Cmd: "[o_VIP_o]                (^_^)V<983><STEAM_0:4:446327478><>" slap with 0 damage "[o_VIP_o]                (^_^)V<983><STEAM_0:4:446327478><>"
L 07/09/2011 - 01:54:08: [plmenu.amxx] Cmd: "[o_VIP_o]                (^_^)V<983><STEAM_0:4:446327478><>" slap with 0 damage "[o_VIP_o]                (^_^)V<983><STEAM_0:4:446327478><>"
L 07/09/2011 - 01:54:08: [plmenu.amxx] Cmd: "[o_VIP_o]                (^_^)V<983><STEAM_0:4:446327478><>" slap with 0 damage "[o_VIP_o]                (^_^)V<983><STEAM_0:4:446327478><>"
L 07/09/2011 - 01:57:15: [plmenu.amxx] Cmd: "[o_VIP_o]                (^_^)V<983><STEAM_0:4:446327478><>" slap with 0 damage "[o_VIP_o]                (^_^)V<983><STEAM_0:4:446327478><>"
L 07/09/2011 - 01:57:16: [plmenu.amxx] Cmd: "[o_VIP_o]                (^_^)V<983><STEAM_0:4:446327478><>" slap with 0 damage "[o_VIP_o]                (^_^)V<983><STEAM_0:4:446327478><>"
L 07/09/2011 - 01:57:18: [plmenu.amxx] Cmd: "[o_VIP_o]                (^_^)V<983><STEAM_0:4:446327478><>" slap with 0 damage "[o_VIP_o]                (^_^)V<983><STEAM_0:4:446327478><>"
L 07/09/2011 - 01:57:18: [plmenu.amxx] Cmd: "[o_VIP_o]                (^_^)V<983><STEAM_0:4:446327478><>" slap with 0 damage "[o_VIP_o]                (^_^)V<983><STEAM_0:4:446327478><>"
L 07/09/2011 - 01:57:58: [plmenu.amxx] Cmd: "[o_VIP_o]                (^_^)V<983><STEAM_0:4:446327478><>" transfer "DumBass<1041><VALVE_0:4:444208369><>" (team "CT")
L 07/09/2011 - 01:58:01: [plmenu.amxx] Cmd: "[o_VIP_o]                (^_^)V<983><STEAM_0:4:446327478><>" transfer "[o_VIP_o]                (^_^)V<983><STEAM_0:4:446327478><>" (team "TERRORIST")
L 07/09/2011 - 02:08:36: [mapsmenu.amxx] Vote: "[o_VIP_o]                (^_^)V<983><STEAM_0:4:446327478><>" vote maps (map#1 "zm_dwarf") (map#2 "") (map#3 "") (map#4 "")
L 07/09/2011 - 02:08:48: [mapsmenu.amxx] Vote: Voting successful. Map will be changed to zm_dwarf
L 07/09/2011 - 02:08:52: [mapsmenu.amxx] Vote: Result accepted
L 07/09/2011 - 02:08:54: -------- Mapchange to zm_dwarf --------
L 07/09/2011 - 02:08:55: [admin_amxbans.amxx] Login: "~Helena~<882><STEAM_0:4:318820202><>" became an admin (account "~Helena~") (access "at") (address "109.124.93.143")
L 07/09/2011 - 02:08:55: [admin_amxbans.amxx] Login: "[o_VIP_o]                (^_^)V<983><STEAM_0:4:446327478><>" became an admin (account "212.55.104.156") (access "abcdefgijmnopqrtu") (address "212.55.104.156")
L 07/09/2011 - 02:15:21: [plmenu.amxx] Cmd: "[o_VIP_o]                (^_^)V<983><STEAM_0:4:446327478><>" transfer "[o_VIP_o]                (^_^)V<983><STEAM_0:4:446327478><>" (team "TERRORIST")
L 07/09/2011 - 02:31:32: -------- Mapchange to zm_hospital_v1 --------
L 07/09/2011 - 02:49:08: [admin_amxbans.amxx] Login: "Who?<1067><STEAM_0:4:446327478><>" became an admin (account "212.55.104.156") (access "abcdefgijmnopqrtu") (address "212.55.104.156")
L 07/09/2011 - 02:52:22: [plmenu.amxx] Cmd: "Who?<1067><STEAM_0:4:446327478><>" slap with 0 damage "J.Sparrow<1055><STEAM_0:4:1986317552><>"
L 07/09/2011 - 02:52:22: [plmenu.amxx] Cmd: "Who?<1067><STEAM_0:4:446327478><>" slap with 0 damage "J.Sparrow<1055><STEAM_0:4:1986317552><>"
L 07/09/2011 - 02:52:22: [plmenu.amxx] Cmd: "Who?<1067><STEAM_0:4:446327478><>" slap with 0 damage "J.Sparrow<1055><STEAM_0:4:1986317552><>"
L 07/09/2011 - 02:52:22: [plmenu.amxx] Cmd: "Who?<1067><STEAM_0:4:446327478><>" slap with 0 damage "J.Sparrow<1055><STEAM_0:4:1986317552><>"
L 07/09/2011 - 02:52:23: [plmenu.amxx] Cmd: "Who?<1067><STEAM_0:4:446327478><>" slap with 0 damage "J.Sparrow<1055><STEAM_0:4:1986317552><>"
L 07/09/2011 - 02:52:23: [plmenu.amxx] Cmd: "Who?<1067><STEAM_0:4:446327478><>" slap with 0 damage "J.Sparrow<1055><STEAM_0:4:1986317552><>"
L 07/09/2011 - 02:53:09: -------- Mapchange to ze_lift_escape_b5 --------
L 07/09/2011 - 02:53:10: [admin_amxbans.amxx] Login: "Who?<1067><STEAM_0:4:446327478><>" became an admin (account "212.55.104.156") (access "abcdefgijmnopqrtu") (address "212.55.104.156")
L 07/09/2011 - 02:54:19: [plmenu.amxx] Cmd: "Who?<1067><STEAM_0:4:446327478><>" slap with 0 damage "Who?<1067><STEAM_0:4:446327478><>"
L 07/09/2011 - 02:54:19: [plmenu.amxx] Cmd: "Who?<1067><STEAM_0:4:446327478><>" slap with 0 damage "Who?<1067><STEAM_0:4:446327478><>"
L 07/09/2011 - 02:54:20: [plmenu.amxx] Cmd: "Who?<1067><STEAM_0:4:446327478><>" slap with 0 damage "Who?<1067><STEAM_0:4:446327478><>"
L 07/09/2011 - 02:54:20: [plmenu.amxx] Cmd: "Who?<1067><STEAM_0:4:446327478><>" slap with 0 damage "Who?<1067><STEAM_0:4:446327478><>"
L 07/09/2011 - 02:54:20: [plmenu.amxx] Cmd: "Who?<1067><STEAM_0:4:446327478><>" slap with 0 damage "Who?<1067><STEAM_0:4:446327478><>"
L 07/09/2011 - 02:54:20: [plmenu.amxx] Cmd: "Who?<1067><STEAM_0:4:446327478><>" slap with 0 damage "Who?<1067><STEAM_0:4:446327478><>"
L 07/09/2011 - 02:54:20: [plmenu.amxx] Cmd: "Who?<1067><STEAM_0:4:446327478><>" slap with 0 damage "Who?<1067><STEAM_0:4:446327478><>"
L 07/09/2011 - 02:54:21: [plmenu.amxx] Cmd: "Who?<1067><STEAM_0:4:446327478><>" slap with 0 damage "Who?<1067><STEAM_0:4:446327478><>"
L 07/09/2011 - 02:54:21: [plmenu.amxx] Cmd: "Who?<1067><STEAM_0:4:446327478><>" slap with 0 damage "Who?<1067><STEAM_0:4:446327478><>"
L 07/09/2011 - 02:54:21: [plmenu.amxx] Cmd: "Who?<1067><STEAM_0:4:446327478><>" slap with 0 damage "Who?<1067><STEAM_0:4:446327478><>"
L 07/09/2011 - 02:54:21: [plmenu.amxx] Cmd: "Who?<1067><STEAM_0:4:446327478><>" slap with 0 damage "Who?<1067><STEAM_0:4:446327478><>"
L 07/09/2011 - 02:54:21: [plmenu.amxx] Cmd: "Who?<1067><STEAM_0:4:446327478><>" slap with 0 damage "Who?<1067><STEAM_0:4:446327478><>"
L 07/09/2011 - 02:54:22: [plmenu.amxx] Cmd: "Who?<1067><STEAM_0:4:446327478><>" slap with 0 damage "Who?<1067><STEAM_0:4:446327478><>"
L 07/09/2011 - 02:54:22: [plmenu.amxx] Cmd: "Who?<1067><STEAM_0:4:446327478><>" slap with 0 damage "Who?<1067><STEAM_0:4:446327478><>"
L 07/09/2011 - 02:54:23: [plmenu.amxx] Cmd: "Who?<1067><STEAM_0:4:446327478><>" slap with 0 damage "Who?<1067><STEAM_0:4:446327478><>"
L 07/09/2011 - 02:54:23: [plmenu.amxx] Cmd: "Who?<1067><STEAM_0:4:446327478><>" slap with 0 damage "Who?<1067><STEAM_0:4:446327478><>"
L 07/09/2011 - 02:54:23: [plmenu.amxx] Cmd: "Who?<1067><STEAM_0:4:446327478><>" slap with 0 damage "Who?<1067><STEAM_0:4:446327478><>"
L 07/09/2011 - 02:54:23: [plmenu.amxx] Cmd: "Who?<1067><STEAM_0:4:446327478><>" slap with 0 damage "Who?<1067><STEAM_0:4:446327478><>"
L 07/09/2011 - 02:54:24: [plmenu.amxx] Cmd: "Who?<1067><STEAM_0:4:446327478><>" slap with 0 damage "Who?<1067><STEAM_0:4:446327478><>"
L 07/09/2011 - 02:54:24: [plmenu.amxx] Cmd: "Who?<1067><STEAM_0:4:446327478><>" slap with 0 damage "Who?<1067><STEAM_0:4:446327478><>"
L 07/09/2011 - 02:54:25: [plmenu.amxx] Cmd: "Who?<1067><STEAM_0:4:446327478><>" slap with 0 damage "Who?<1067><STEAM_0:4:446327478><>"
L 07/09/2011 - 02:54:25: [plmenu.amxx] Cmd: "Who?<1067><STEAM_0:4:446327478><>" slap with 0 damage "Who?<1067><STEAM_0:4:446327478><>"
L 07/09/2011 - 02:54:25: [plmenu.amxx] Cmd: "Who?<1067><STEAM_0:4:446327478><>" slap with 0 damage "Who?<1067><STEAM_0:4:446327478><>"
L 07/09/2011 - 02:54:25: [plmenu.amxx] Cmd: "Who?<1067><STEAM_0:4:446327478><>" slap with 0 damage "Who?<1067><STEAM_0:4:446327478><>"
L 07/09/2011 - 02:54:26: [plmenu.amxx] Cmd: "Who?<1067><STEAM_0:4:446327478><>" slap with 0 damage "Who?<1067><STEAM_0:4:446327478><>"
L 07/09/2011 - 02:54:26: [plmenu.amxx] Cmd: "Who?<1067><STEAM_0:4:446327478><>" slap with 0 damage "Who?<1067><STEAM_0:4:446327478><>"
L 07/09/2011 - 02:54:26: [plmenu.amxx] Cmd: "Who?<1067><STEAM_0:4:446327478><>" slap with 0 damage "Who?<1067><STEAM_0:4:446327478><>"
L 07/09/2011 - 02:54:26: [plmenu.amxx] Cmd: "Who?<1067><STEAM_0:4:446327478><>" slap with 0 damage "Who?<1067><STEAM_0:4:446327478><>"
L 07/09/2011 - 02:54:26: [plmenu.amxx] Cmd: "Who?<1067><STEAM_0:4:446327478><>" slap with 0 damage "Who?<1067><STEAM_0:4:446327478><>"
L 07/09/2011 - 02:54:27: [plmenu.amxx] Cmd: "Who?<1067><STEAM_0:4:446327478><>" slap with 0 damage "Who?<1067><STEAM_0:4:446327478><>"
L 07/09/2011 - 02:54:27: [plmenu.amxx] Cmd: "Who?<1067><STEAM_0:4:446327478><>" slap with 0 damage "Who?<1067><STEAM_0:4:446327478><>"
L 07/09/2011 - 02:54:28: [plmenu.amxx] Cmd: "Who?<1067><STEAM_0:4:446327478><>" slap with 0 damage "Who?<1067><STEAM_0:4:446327478><>"
L 07/09/2011 - 02:54:28: [plmenu.amxx] Cmd: "Who?<1067><STEAM_0:4:446327478><>" slap with 0 damage "Who?<1067><STEAM_0:4:446327478><>"
L 07/09/2011 - 02:54:28: [plmenu.amxx] Cmd: "Who?<1067><STEAM_0:4:446327478><>" slap with 0 damage "Who?<1067><STEAM_0:4:446327478><>"
L 07/09/2011 - 02:54:28: [plmenu.amxx] Cmd: "Who?<1067><STEAM_0:4:446327478><>" slap with 0 damage "Who?<1067><STEAM_0:4:446327478><>"
L 07/09/2011 - 02:54:28: [plmenu.amxx] Cmd: "Who?<1067><STEAM_0:4:446327478><>" slap with 0 damage "Who?<1067><STEAM_0:4:446327478><>"
L 07/09/2011 - 02:54:29: [plmenu.amxx] Cmd: "Who?<1067><STEAM_0:4:446327478><>" slap with 0 damage "Who?<1067><STEAM_0:4:446327478><>"
L 07/09/2011 - 02:54:29: [plmenu.amxx] Cmd: "Who?<1067><STEAM_0:4:446327478><>" slap with 0 damage "Who?<1067><STEAM_0:4:446327478><>"
L 07/09/2011 - 02:54:29: [plmenu.amxx] Cmd: "Who?<1067><STEAM_0:4:446327478><>" slap with 0 damage "Who?<1067><STEAM_0:4:446327478><>"
L 07/09/2011 - 02:54:29: [plmenu.amxx] Cmd: "Who?<1067><STEAM_0:4:446327478><>" slap with 0 damage "Who?<1067><STEAM_0:4:446327478><>"
L 07/09/2011 - 02:54:32: [plmenu.amxx] Cmd: "Who?<1067><STEAM_0:4:446327478><>" slap with 0 damage "Who?<1067><STEAM_0:4:446327478><>"
L 07/09/2011 - 02:54:38: [plmenu.amxx] Cmd: "Who?<1067><STEAM_0:4:446327478><>" slap with 0 damage "Who?<1067><STEAM_0:4:446327478><>"
L 07/09/2011 - 02:54:38: [plmenu.amxx] Cmd: "Who?<1067><STEAM_0:4:446327478><>" slap with 0 damage "Who?<1067><STEAM_0:4:446327478><>"
L 07/09/2011 - 02:54:38: [plmenu.amxx] Cmd: "Who?<1067><STEAM_0:4:446327478><>" slap with 0 damage "Who?<1067><STEAM_0:4:446327478><>"
L 07/09/2011 - 02:54:38: [plmenu.amxx] Cmd: "Who?<1067><STEAM_0:4:446327478><>" slap with 0 damage "Who?<1067><STEAM_0:4:446327478><>"
L 07/09/2011 - 02:54:39: [plmenu.amxx] Cmd: "Who?<1067><STEAM_0:4:446327478><>" slap with 0 damage "Who?<1067><STEAM_0:4:446327478><>"
L 07/09/2011 - 02:54:39: [plmenu.amxx] Cmd: "Who?<1067><STEAM_0:4:446327478><>" slap with 0 damage "Who?<1067><STEAM_0:4:446327478><>"
L 07/09/2011 - 02:54:39: [plmenu.amxx] Cmd: "Who?<1067><STEAM_0:4:446327478><>" slap with 0 damage "Who?<1067><STEAM_0:4:446327478><>"
L 07/09/2011 - 02:54:39: [plmenu.amxx] Cmd: "Who?<1067><STEAM_0:4:446327478><>" slap with 0 damage "Who?<1067><STEAM_0:4:446327478><>"
L 07/09/2011 - 02:54:40: [plmenu.amxx] Cmd: "Who?<1067><STEAM_0:4:446327478><>" slap with 0 damage "Who?<1067><STEAM_0:4:446327478><>"
L 07/09/2011 - 02:54:40: [plmenu.amxx] Cmd: "Who?<1067><STEAM_0:4:446327478><>" slap with 0 damage "Who?<1067><STEAM_0:4:446327478><>"
L 07/09/2011 - 02:54:40: [plmenu.amxx] Cmd: "Who?<1067><STEAM_0:4:446327478><>" slap with 0 damage "Who?<1067><STEAM_0:4:446327478><>"
L 07/09/2011 - 02:54:40: [plmenu.amxx] Cmd: "Who?<1067><STEAM_0:4:446327478><>" slap with 0 damage "Who?<1067><STEAM_0:4:446327478><>"
L 07/09/2011 - 02:54:58: [plmenu.amxx] Cmd: "Who?<1067><STEAM_0:4:446327478><>" slap with 0 damage "Who?<1067><STEAM_0:4:446327478><>"
L 07/09/2011 - 02:54:58: [plmenu.amxx] Cmd: "Who?<1067><STEAM_0:4:446327478><>" slap with 0 damage ");*BuG)(GaTI*;)<960><STEAM_0:1:16115142><>"
L 07/09/2011 - 02:54:58: [plmenu.amxx] Cmd: "Who?<1067><STEAM_0:4:446327478><>" slap with 0 damage "Who?<1067><STEAM_0:4:446327478><>"
L 07/09/2011 - 02:54:59: [plmenu.amxx] Cmd: "Who?<1067><STEAM_0:4:446327478><>" slap with 0 damage ");*BuG)(GaTI*;)<960><STEAM_0:1:16115142><>"
L 07/09/2011 - 02:54:59: [plmenu.amxx] Cmd: "Who?<1067><STEAM_0:4:446327478><>" slap with 0 damage "Who?<1067><STEAM_0:4:446327478><>"
L 07/09/2011 - 02:55:00: [plmenu.amxx] Cmd: "Who?<1067><STEAM_0:4:446327478><>" slap with 0 damage "Who?<1067><STEAM_0:4:446327478><>"
L 07/09/2011 - 02:55:00: [plmenu.amxx] Cmd: "Who?<1067><STEAM_0:4:446327478><>" slap with 0 damage ");*BuG)(GaTI*;)<960><STEAM_0:1:16115142><>"
L 07/09/2011 - 02:55:01: [plmenu.amxx] Cmd: "Who?<1067><STEAM_0:4:446327478><>" slap with 0 damage "Who?<1067><STEAM_0:4:446327478><>"
L 07/09/2011 - 02:55:01: [plmenu.amxx] Cmd: "Who?<1067><STEAM_0:4:446327478><>" slap with 0 damage ");*BuG)(GaTI*;)<960><STEAM_0:1:16115142><>"
L 07/09/2011 - 02:55:01: [plmenu.amxx] Cmd: "Who?<1067><STEAM_0:4:446327478><>" slap with 0 damage "Who?<1067><STEAM_0:4:446327478><>"
L 07/09/2011 - 02:55:01: [plmenu.amxx] Cmd: "Who?<1067><STEAM_0:4:446327478><>" slap with 0 damage ");*BuG)(GaTI*;)<960><STEAM_0:1:16115142><>"
L 07/09/2011 - 02:55:02: [plmenu.amxx] Cmd: "Who?<1067><STEAM_0:4:446327478><>" slap with 0 damage "Who?<1067><STEAM_0:4:446327478><>"
L 07/09/2011 - 02:55:03: [plmenu.amxx] Cmd: "Who?<1067><STEAM_0:4:446327478><>" slap with 0 damage "Who?<1067><STEAM_0:4:446327478><>"
L 07/09/2011 - 02:55:03: [plmenu.amxx] Cmd: "Who?<1067><STEAM_0:4:446327478><>" slap with 0 damage ");*BuG)(GaTI*;)<960><STEAM_0:1:16115142><>"
L 07/09/2011 - 02:55:03: [plmenu.amxx] Cmd: "Who?<1067><STEAM_0:4:446327478><>" slap with 0 damage "Who?<1067><STEAM_0:4:446327478><>"
L 07/09/2011 - 02:55:03: [plmenu.amxx] Cmd: "Who?<1067><STEAM_0:4:446327478><>" slap with 0 damage ");*BuG)(GaTI*;)<960><STEAM_0:1:16115142><>"
L 07/09/2011 - 02:55:03: [plmenu.amxx] Cmd: "Who?<1067><STEAM_0:4:446327478><>" slap with 0 damage ");*BuG)(GaTI*;)<960><STEAM_0:1:16115142><>"
L 07/09/2011 - 02:55:04: [plmenu.amxx] Cmd: "Who?<1067><STEAM_0:4:446327478><>" slap with 0 damage ");*BuG)(GaTI*;)<960><STEAM_0:1:16115142><>"
L 07/09/2011 - 02:55:26: [plmenu.amxx] Cmd: "Who?<1067><STEAM_0:4:446327478><>" slap with 0 damage "Who?<1067><STEAM_0:4:446327478><>"
L 07/09/2011 - 02:55:26: [plmenu.amxx] Cmd: "Who?<1067><STEAM_0:4:446327478><>" slap with 0 damage "Who?<1067><STEAM_0:4:446327478><>"
L 07/09/2011 - 02:55:26: [plmenu.amxx] Cmd: "Who?<1067><STEAM_0:4:446327478><>" slap with 0 damage "Who?<1067><STEAM_0:4:446327478><>"
L 07/09/2011 - 02:55:28: [plmenu.amxx] Cmd: "Who?<1067><STEAM_0:4:446327478><>" slap with 0 damage "Who?<1067><STEAM_0:4:446327478><>"
L 07/09/2011 - 02:55:31: [plmenu.amxx] Cmd: "Who?<1067><STEAM_0:4:446327478><>" slap with 0 damage "Who?<1067><STEAM_0:4:446327478><>"
L 07/09/2011 - 02:55:31: [plmenu.amxx] Cmd: "Who?<1067><STEAM_0:4:446327478><>" slap with 0 damage "Who?<1067><STEAM_0:4:446327478><>"
L 07/09/2011 - 02:55:31: [plmenu.amxx] Cmd: "Who?<1067><STEAM_0:4:446327478><>" slap with 0 damage "Who?<1067><STEAM_0:4:446327478><>"
L 07/09/2011 - 02:55:32: [plmenu.amxx] Cmd: "Who?<1067><STEAM_0:4:446327478><>" slap with 0 damage "Who?<1067><STEAM_0:4:446327478><>"
L 07/09/2011 - 02:55:33: [plmenu.amxx] Cmd: "Who?<1067><STEAM_0:4:446327478><>" slap with 0 damage "Who?<1067><STEAM_0:4:446327478><>"
L 07/09/2011 - 02:55:33: [plmenu.amxx] Cmd: "Who?<1067><STEAM_0:4:446327478><>" slap with 0 damage "Who?<1067><STEAM_0:4:446327478><>"
L 07/09/2011 - 02:55:35: [plmenu.amxx] Cmd: "Who?<1067><STEAM_0:4:446327478><>" slap with 0 damage "Who?<1067><STEAM_0:4:446327478><>"
L 07/09/2011 - 02:55:37: [plmenu.amxx] Cmd: "Who?<1067><STEAM_0:4:446327478><>" slap with 0 damage "Who?<1067><STEAM_0:4:446327478><>"
L 07/09/2011 - 02:55:39: [plmenu.amxx] Cmd: "Who?<1067><STEAM_0:4:446327478><>" slap with 0 damage "Who?<1067><STEAM_0:4:446327478><>"
L 07/09/2011 - 02:55:39: [plmenu.amxx] Cmd: "Who?<1067><STEAM_0:4:446327478><>" slap with 0 damage "Who?<1067><STEAM_0:4:446327478><>"
L 07/09/2011 - 02:55:40: [plmenu.amxx] Cmd: "Who?<1067><STEAM_0:4:446327478><>" slap with 0 damage "Who?<1067><STEAM_0:4:446327478><>"
L 07/09/2011 - 02:55:40: [plmenu.amxx] Cmd: "Who?<1067><STEAM_0:4:446327478><>" slap with 0 damage "Who?<1067><STEAM_0:4:446327478><>"
L 07/09/2011 - 02:55:40: [plmenu.amxx] Cmd: "Who?<1067><STEAM_0:4:446327478><>" slap with 0 damage "Who?<1067><STEAM_0:4:446327478><>"
L 07/09/2011 - 02:55:40: [plmenu.amxx] Cmd: "Who?<1067><STEAM_0:4:446327478><>" slap with 0 damage "Who?<1067><STEAM_0:4:446327478><>"
L 07/09/2011 - 02:55:43: [plmenu.amxx] Cmd: "Who?<1067><STEAM_0:4:446327478><>" slap with 0 damage "Who?<1067><STEAM_0:4:446327478><>"
L 07/09/2011 - 02:55:45: [plmenu.amxx] Cmd: "Who?<1067><STEAM_0:4:446327478><>" slap with 0 damage "Who?<1067><STEAM_0:4:446327478><>"
L 07/09/2011 - 02:55:45: [plmenu.amxx] Cmd: "Who?<1067><STEAM_0:4:446327478><>" slap with 0 damage "Who?<1067><STEAM_0:4:446327478><>"
L 07/09/2011 - 02:55:45: [plmenu.amxx] Cmd: "Who?<1067><STEAM_0:4:446327478><>" slap with 0 damage "Who?<1067><STEAM_0:4:446327478><>"
L 07/09/2011 - 02:55:45: [plmenu.amxx] Cmd: "Who?<1067><STEAM_0:4:446327478><>" slap with 0 damage "Who?<1067><STEAM_0:4:446327478><>"
L 07/09/2011 - 02:55:47: [plmenu.amxx] Cmd: "Who?<1067><STEAM_0:4:446327478><>" slap with 0 damage "Who?<1067><STEAM_0:4:446327478><>"
L 07/09/2011 - 02:55:48: [plmenu.amxx] Cmd: "Who?<1067><STEAM_0:4:446327478><>" slap with 0 damage "Who?<1067><STEAM_0:4:446327478><>"
L 07/09/2011 - 02:57:24: [mapsmenu.amxx] Cmd: "Who?<1067><STEAM_0:4:446327478><>" changelevel "de_nuke"
L 07/09/2011 - 02:57:26: -------- Mapchange to de_nuke --------
L 07/09/2011 - 02:57:29: [admin_amxbans.amxx] Login: "Who?<1067><STEAM_0:4:446327478><>" became an admin (account "212.55.104.156") (access "abcdefgijmnopqrtu") (address "212.55.104.156")
L 07/09/2011 - 03:00:54: [plmenu.amxx] Cmd: "Who?<1067><STEAM_0:4:446327478><>" slap with 0 damage "Who?<1067><STEAM_0:4:446327478><>"
L 07/09/2011 - 03:00:54: [plmenu.amxx] Cmd: "Who?<1067><STEAM_0:4:446327478><>" slap with 0 damage "Who?<1067><STEAM_0:4:446327478><>"
L 07/09/2011 - 03:00:54: [plmenu.amxx] Cmd: "Who?<1067><STEAM_0:4:446327478><>" slap with 0 damage "Who?<1067><STEAM_0:4:446327478><>"
L 07/09/2011 - 03:00:54: [plmenu.amxx] Cmd: "Who?<1067><STEAM_0:4:446327478><>" slap with 0 damage "Who?<1067><STEAM_0:4:446327478><>"
L 07/09/2011 - 03:00:54: [plmenu.amxx] Cmd: "Who?<1067><STEAM_0:4:446327478><>" slap with 0 damage "Who?<1067><STEAM_0:4:446327478><>"
L 07/09/2011 - 03:00:54: [plmenu.amxx] Cmd: "Who?<1067><STEAM_0:4:446327478><>" slap with 0 damage "Who?<1067><STEAM_0:4:446327478><>"
L 07/09/2011 - 03:00:55: [plmenu.amxx] Cmd: "Who?<1067><STEAM_0:4:446327478><>" slap with 0 damage "Who?<1067><STEAM_0:4:446327478><>"
L 07/09/2011 - 03:00:55: [plmenu.amxx] Cmd: "Who?<1067><STEAM_0:4:446327478><>" slap with 0 damage "Who?<1067><STEAM_0:4:446327478><>"
L 07/09/2011 - 03:00:55: [plmenu.amxx] Cmd: "Who?<1067><STEAM_0:4:446327478><>" slap with 0 damage "Who?<1067><STEAM_0:4:446327478><>"
L 07/09/2011 - 03:00:55: [plmenu.amxx] Cmd: "Who?<1067><STEAM_0:4:446327478><>" slap with 0 damage "Who?<1067><STEAM_0:4:446327478><>"
L 07/09/2011 - 03:00:55: [plmenu.amxx] Cmd: "Who?<1067><STEAM_0:4:446327478><>" slap with 0 damage "Who?<1067><STEAM_0:4:446327478><>"
L 07/09/2011 - 03:00:56: [plmenu.amxx] Cmd: "Who?<1067><STEAM_0:4:446327478><>" slap with 0 damage "Who?<1067><STEAM_0:4:446327478><>"
L 07/09/2011 - 03:00:56: [plmenu.amxx] Cmd: "Who?<1067><STEAM_0:4:446327478><>" slap with 0 damage "Who?<1067><STEAM_0:4:446327478><>"
L 07/09/2011 - 03:00:56: [plmenu.amxx] Cmd: "Who?<1067><STEAM_0:4:446327478><>" slap with 0 damage "Who?<1067><STEAM_0:4:446327478><>"
L 07/09/2011 - 03:00:56: [plmenu.amxx] Cmd: "Who?<1067><STEAM_0:4:446327478><>" slap with 0 damage "Who?<1067><STEAM_0:4:446327478><>"
L 07/09/2011 - 03:00:56: [plmenu.amxx] Cmd: "Who?<1067><STEAM_0:4:446327478><>" slap with 0 damage "Who?<1067><STEAM_0:4:446327478><>"
L 07/09/2011 - 03:00:56: [plmenu.amxx] Cmd: "Who?<1067><STEAM_0:4:446327478><>" slap with 0 damage "Who?<1067><STEAM_0:4:446327478><>"
L 07/09/2011 - 03:00:57: [plmenu.amxx] Cmd: "Who?<1067><STEAM_0:4:446327478><>" slap with 0 damage "Who?<1067><STEAM_0:4:446327478><>"
L 07/09/2011 - 03:00:59: [plmenu.amxx] Cmd: "Who?<1067><STEAM_0:4:446327478><>" slap with 0 damage "Who?<1067><STEAM_0:4:446327478><>"
L 07/09/2011 - 03:01:00: [plmenu.amxx] Cmd: "Who?<1067><STEAM_0:4:446327478><>" slap with 0 damage "Who?<1067><STEAM_0:4:446327478><>"
L 07/09/2011 - 03:01:00: [plmenu.amxx] Cmd: "Who?<1067><STEAM_0:4:446327478><>" slap with 0 damage "Who?<1067><STEAM_0:4:446327478><>"
L 07/09/2011 - 03:01:00: [plmenu.amxx] Cmd: "Who?<1067><STEAM_0:4:446327478><>" slap with 0 damage "Who?<1067><STEAM_0:4:446327478><>"
L 07/09/2011 - 03:01:00: [plmenu.amxx] Cmd: "Who?<1067><STEAM_0:4:446327478><>" slap with 0 damage "Who?<1067><STEAM_0:4:446327478><>"
L 07/09/2011 - 03:01:00: [plmenu.amxx] Cmd: "Who?<1067><STEAM_0:4:446327478><>" slap with 0 damage "Who?<1067><STEAM_0:4:446327478><>"
L 07/09/2011 - 03:01:01: [plmenu.amxx] Cmd: "Who?<1067><STEAM_0:4:446327478><>" slap with 0 damage "Who?<1067><STEAM_0:4:446327478><>"
L 07/09/2011 - 03:01:01: [plmenu.amxx] Cmd: "Who?<1067><STEAM_0:4:446327478><>" slap with 0 damage "Who?<1067><STEAM_0:4:446327478><>"
L 07/09/2011 - 03:01:02: [plmenu.amxx] Cmd: "Who?<1067><STEAM_0:4:446327478><>" slap with 0 damage "Who?<1067><STEAM_0:4:446327478><>"
L 07/09/2011 - 03:01:02: [plmenu.amxx] Cmd: "Who?<1067><STEAM_0:4:446327478><>" slap with 0 damage "Who?<1067><STEAM_0:4:446327478><>"
L 07/09/2011 - 03:01:02: [plmenu.amxx] Cmd: "Who?<1067><STEAM_0:4:446327478><>" slap with 0 damage "Who?<1067><STEAM_0:4:446327478><>"
L 07/09/2011 - 03:01:02: [plmenu.amxx] Cmd: "Who?<1067><STEAM_0:4:446327478><>" slap with 0 damage "Who?<1067><STEAM_0:4:446327478><>"
L 07/09/2011 - 03:01:02: [plmenu.amxx] Cmd: "Who?<1067><STEAM_0:4:446327478><>" slap with 0 damage "Who?<1067><STEAM_0:4:446327478><>"
L 07/09/2011 - 03:01:03: [plmenu.amxx] Cmd: "Who?<1067><STEAM_0:4:446327478><>" slap with 0 damage "Who?<1067><STEAM_0:4:446327478><>"
L 07/09/2011 - 03:01:05: [plmenu.amxx] Cmd: "Who?<1067><STEAM_0:4:446327478><>" slap with 0 damage "Who?<1067><STEAM_0:4:446327478><>"
L 07/09/2011 - 03:01:05: [plmenu.amxx] Cmd: "Who?<1067><STEAM_0:4:446327478><>" slap with 0 damage "Who?<1067><STEAM_0:4:446327478><>"
L 07/09/2011 - 03:01:06: [plmenu.amxx] Cmd: "Who?<1067><STEAM_0:4:446327478><>" slap with 0 damage "Who?<1067><STEAM_0:4:446327478><>"
L 07/09/2011 - 03:01:06: [plmenu.amxx] Cmd: "Who?<1067><STEAM_0:4:446327478><>" slap with 0 damage "Who?<1067><STEAM_0:4:446327478><>"
L 07/09/2011 - 03:01:06: [plmenu.amxx] Cmd: "Who?<1067><STEAM_0:4:446327478><>" slap with 0 damage "Who?<1067><STEAM_0:4:446327478><>"
L 07/09/2011 - 03:01:06: [plmenu.amxx] Cmd: "Who?<1067><STEAM_0:4:446327478><>" slap with 0 damage "Who?<1067><STEAM_0:4:446327478><>"
L 07/09/2011 - 03:01:14: [plmenu.amxx] Cmd: "Who?<1067><STEAM_0:4:446327478><>" slap with 0 damage "Who?<1067><STEAM_0:4:446327478><>"
L 07/09/2011 - 03:01:14: [plmenu.amxx] Cmd: "Who?<1067><STEAM_0:4:446327478><>" slap with 0 damage "Who?<1067><STEAM_0:4:446327478><>"
L 07/09/2011 - 03:01:14: [plmenu.amxx] Cmd: "Who?<1067><STEAM_0:4:446327478><>" slap with 0 damage "Who?<1067><STEAM_0:4:446327478><>"
L 07/09/2011 - 03:01:14: [plmenu.amxx] Cmd: "Who?<1067><STEAM_0:4:446327478><>" slap with 0 damage "Who?<1067><STEAM_0:4:446327478><>"
L 07/09/2011 - 03:01:14: [plmenu.amxx] Cmd: "Who?<1067><STEAM_0:4:446327478><>" slap with 0 damage "Who?<1067><STEAM_0:4:446327478><>"
L 07/09/2011 - 03:01:15: [plmenu.amxx] Cmd: "Who?<1067><STEAM_0:4:446327478><>" slap with 0 damage "Who?<1067><STEAM_0:4:446327478><>"
L 07/09/2011 - 03:01:15: [plmenu.amxx] Cmd: "Who?<1067><STEAM_0:4:446327478><>" slap with 0 damage "Who?<1067><STEAM_0:4:446327478><>"
L 07/09/2011 - 03:01:16: [plmenu.amxx] Cmd: "Who?<1067><STEAM_0:4:446327478><>" slap with 0 damage "Who?<1067><STEAM_0:4:446327478><>"
L 07/09/2011 - 03:01:18: [plmenu.amxx] Cmd: "Who?<1067><STEAM_0:4:446327478><>" slap with 0 damage "Who?<1067><STEAM_0:4:446327478><>"
L 07/09/2011 - 03:01:19: [plmenu.amxx] Cmd: "Who?<1067><STEAM_0:4:446327478><>" slap with 0 damage "Who?<1067><STEAM_0:4:446327478><>"
L 07/09/2011 - 03:01:19: [plmenu.amxx] Cmd: "Who?<1067><STEAM_0:4:446327478><>" slap with 0 damage "Who?<1067><STEAM_0:4:446327478><>"
L 07/09/2011 - 03:01:19: [plmenu.amxx] Cmd: "Who?<1067><STEAM_0:4:446327478><>" slap with 0 damage "Who?<1067><STEAM_0:4:446327478><>"
L 07/09/2011 - 03:01:19: [plmenu.amxx] Cmd: "Who?<1067><STEAM_0:4:446327478><>" slap with 0 damage "Who?<1067><STEAM_0:4:446327478><>"
L 07/09/2011 - 03:01:21: [plmenu.amxx] Cmd: "Who?<1067><STEAM_0:4:446327478><>" slap with 0 damage "Who?<1067><STEAM_0:4:446327478><>"
L 07/09/2011 - 03:01:22: [plmenu.amxx] Cmd: "Who?<1067><STEAM_0:4:446327478><>" slap with 0 damage "Who?<1067><STEAM_0:4:446327478><>"
L 07/09/2011 - 03:01:22: [plmenu.amxx] Cmd: "Who?<1067><STEAM_0:4:446327478><>" slap with 0 damage "Who?<1067><STEAM_0:4:446327478><>"
L 07/09/2011 - 03:01:22: [plmenu.amxx] Cmd: "Who?<1067><STEAM_0:4:446327478><>" slap with 0 damage "Who?<1067><STEAM_0:4:446327478><>"
L 07/09/2011 - 03:01:22: [plmenu.amxx] Cmd: "Who?<1067><STEAM_0:4:446327478><>" slap with 0 damage "Who?<1067><STEAM_0:4:446327478><>"
L 07/09/2011 - 03:01:24: [plmenu.amxx] Cmd: "Who?<1067><STEAM_0:4:446327478><>" slap with 0 damage "Who?<1067><STEAM_0:4:446327478><>"
L 07/09/2011 - 03:01:24: [plmenu.amxx] Cmd: "Who?<1067><STEAM_0:4:446327478><>" slap with 0 damage "Who?<1067><STEAM_0:4:446327478><>"
L 07/09/2011 - 03:01:24: [plmenu.amxx] Cmd: "Who?<1067><STEAM_0:4:446327478><>" slap with 0 damage "Who?<1067><STEAM_0:4:446327478><>"
L 07/09/2011 - 03:01:25: [plmenu.amxx] Cmd: "Who?<1067><STEAM_0:4:446327478><>" slap with 0 damage "Who?<1067><STEAM_0:4:446327478><>"
L 07/09/2011 - 03:01:25: [plmenu.amxx] Cmd: "Who?<1067><STEAM_0:4:446327478><>" slap with 0 damage "Who?<1067><STEAM_0:4:446327478><>"
L 07/09/2011 - 03:01:25: [plmenu.amxx] Cmd: "Who?<1067><STEAM_0:4:446327478><>" slap with 0 damage "Who?<1067><STEAM_0:4:446327478><>"
L 07/09/2011 - 03:01:25: [plmenu.amxx] Cmd: "Who?<1067><STEAM_0:4:446327478><>" slap with 0 damage "Who?<1067><STEAM_0:4:446327478><>"
L 07/09/2011 - 03:01:25: [plmenu.amxx] Cmd: "Who?<1067><STEAM_0:4:446327478><>" slap with 0 damage "Who?<1067><STEAM_0:4:446327478><>"
L 07/09/2011 - 03:01:26: [plmenu.amxx] Cmd: "Who?<1067><STEAM_0:4:446327478><>" slap with 0 damage "Who?<1067><STEAM_0:4:446327478><>"
L 07/09/2011 - 03:01:26: [plmenu.amxx] Cmd: "Who?<1067><STEAM_0:4:446327478><>" slap with 0 damage "Who?<1067><STEAM_0:4:446327478><>"
L 07/09/2011 - 03:01:26: [plmenu.amxx] Cmd: "Who?<1067><STEAM_0:4:446327478><>" slap with 0 damage "Who?<1067><STEAM_0:4:446327478><>"
L 07/09/2011 - 03:01:26: [plmenu.amxx] Cmd: "Who?<1067><STEAM_0:4:446327478><>" slap with 0 damage "Who?<1067><STEAM_0:4:446327478><>"
L 07/09/2011 - 03:01:26: [plmenu.amxx] Cmd: "Who?<1067><STEAM_0:4:446327478><>" slap with 0 damage "Who?<1067><STEAM_0:4:446327478><>"
L 07/09/2011 - 03:01:27: [plmenu.amxx] Cmd: "Who?<1067><STEAM_0:4:446327478><>" slap with 0 damage "Who?<1067><STEAM_0:4:446327478><>"
L 07/09/2011 - 03:01:29: [plmenu.amxx] Cmd: "Who?<1067><STEAM_0:4:446327478><>" slap with 0 damage "Who?<1067><STEAM_0:4:446327478><>"
L 07/09/2011 - 03:01:29: [plmenu.amxx] Cmd: "Who?<1067><STEAM_0:4:446327478><>" slap with 0 damage "Who?<1067><STEAM_0:4:446327478><>"
L 07/09/2011 - 03:01:29: [plmenu.amxx] Cmd: "Who?<1067><STEAM_0:4:446327478><>" slap with 0 damage "Who?<1067><STEAM_0:4:446327478><>"
L 07/09/2011 - 03:01:29: [plmenu.amxx] Cmd: "Who?<1067><STEAM_0:4:446327478><>" slap with 0 damage "Who?<1067><STEAM_0:4:446327478><>"
L 07/09/2011 - 03:01:30: [plmenu.amxx] Cmd: "Who?<1067><STEAM_0:4:446327478><>" slap with 0 damage "Who?<1067><STEAM_0:4:446327478><>"
L 07/09/2011 - 03:01:30: [plmenu.amxx] Cmd: "Who?<1067><STEAM_0:4:446327478><>" slap with 0 damage "Who?<1067><STEAM_0:4:446327478><>"
L 07/09/2011 - 03:01:30: [plmenu.amxx] Cmd: "Who?<1067><STEAM_0:4:446327478><>" slap with 0 damage "Who?<1067><STEAM_0:4:446327478><>"
L 07/09/2011 - 03:01:30: [plmenu.amxx] Cmd: "Who?<1067><STEAM_0:4:446327478><>" slap with 0 damage "Who?<1067><STEAM_0:4:446327478><>"
L 07/09/2011 - 03:01:30: [plmenu.amxx] Cmd: "Who?<1067><STEAM_0:4:446327478><>" slap with 0 damage "Who?<1067><STEAM_0:4:446327478><>"
L 07/09/2011 - 03:01:31: [plmenu.amxx] Cmd: "Who?<1067><STEAM_0:4:446327478><>" slap with 0 damage "Who?<1067><STEAM_0:4:446327478><>"
L 07/09/2011 - 03:02:18: [plmenu.amxx] Cmd: "Who?<1067><STEAM_0:4:446327478><>" slay "BuT9I_HocuT_NIKE<1070><BOT><>"
L 07/09/2011 - 03:12:54: [admin_amxbans.amxx] Login: "PRO(KENT IGRAET DMB OO7 SPB)<1074><STEAM_0:0:689630666><>" became an admin (account "PRO(KENT IGRAET DMB OO7 SPB)") (access "at") (address "91.103.154.227")
L 07/09/2011 - 03:13:37: [admin_amxbans.amxx] Login: "PRO(KENT IGRAET DMB OO7 SPB)<1075><STEAM_0:0:689630666><>" became an admin (account "PRO(KENT IGRAET DMB OO7 SPB)") (access "at") (address "91.103.154.227")
L 07/09/2011 - 03:17:39: -------- Mapchange to zm_303 --------
L 07/09/2011 - 03:17:40: [admin_amxbans.amxx] Login: "PRO(KENT IGRAET DMB OO7 SPB)<1075><STEAM_0:0:689630666><>" became an admin (account "PRO(KENT IGRAET DMB OO7 SPB)") (access "at") (address "91.103.154.227")
L 07/09/2011 - 03:23:20: [admin_amxbans.amxx] Login: "Ipse [Str,RUS]<1080><STEAM_0:4:2038842867><>" became an admin (account "Ipse [Str,RUS]") (access "at") (address "95.105.80.90")
L 07/09/2011 - 03:38:25: -------- Mapchange to de_dust --------
L 07/09/2011 - 03:38:27: [admin_amxbans.amxx] Login: "Ipse [Str,RUS]<1080><STEAM_0:4:2038842867><>" became an admin (account "Ipse [Str,RUS]") (access "at") (address "95.105.80.90")
L 07/09/2011 - 03:47:27: -------- Mapchange to zm_neris --------
L 07/09/2011 - 03:47:30: [admin_amxbans.amxx] Login: "Ipse [Str,RUS]<1080><STEAM_0:4:2038842867><>" became an admin (account "Ipse [Str,RUS]") (access "at") (address "95.105.80.90")
L 07/09/2011 - 03:57:10: -------- Mapchange to cs_estate --------
L 07/09/2011 - 04:07:07: -------- Mapchange to cs_estate --------
L 07/09/2011 - 04:15:51: -------- Mapchange to zm_houses --------
L 07/09/2011 - 04:27:16: -------- Mapchange to cs_estate --------
L 07/09/2011 - 04:35:44: -------- Mapchange to zm_dwarf --------
L 07/09/2011 - 04:40:33: -------- Mapchange to cs_estate --------
L 07/09/2011 - 04:50:36: -------- Mapchange to cs_estate --------
L 07/09/2011 - 04:58:30: [admin_amxbans.amxx] Login: "PRO(KENT IGRAET DMB OO7 SPB)<1110><STEAM_0:0:689630666><>" became an admin (account "PRO(KENT IGRAET DMB OO7 SPB)") (access "at") (address "91.103.154.227")
L 07/09/2011 - 04:59:03: -------- Mapchange to zm_vendetta --------
L 07/09/2011 - 04:59:04: [admin_amxbans.amxx] Login: "PRO(KENT IGRAET DMB OO7 SPB)<1110><STEAM_0:0:689630666><>" became an admin (account "PRO(KENT IGRAET DMB OO7 SPB)") (access "at") (address "91.103.154.227")
L 07/09/2011 - 05:05:32: -------- Mapchange to cs_estate --------
L 07/09/2011 - 05:15:30: -------- Mapchange to cs_estate --------
L 07/09/2011 - 05:29:26: -------- Mapchange to cs_estate --------
L 07/09/2011 - 05:39:23: -------- Mapchange to cs_estate --------
L 07/09/2011 - 05:49:19: -------- Mapchange to cs_estate --------
L 07/09/2011 - 05:59:16: -------- Mapchange to cs_estate --------
L 07/09/2011 - 06:09:12: -------- Mapchange to cs_estate --------
L 07/09/2011 - 06:19:08: -------- Mapchange to cs_estate --------
L 07/09/2011 - 06:29:05: -------- Mapchange to cs_estate --------
L 07/09/2011 - 06:39:01: -------- Mapchange to cs_estate --------
L 07/09/2011 - 06:48:57: -------- Mapchange to cs_estate --------
L 07/09/2011 - 06:58:54: -------- Mapchange to cs_estate --------
L 07/09/2011 - 07:10:47: -------- Mapchange to zm_666_brick --------
L 07/09/2011 - 07:13:58: -------- Mapchange to cs_estate --------
L 07/09/2011 - 07:22:21: -------- Mapchange to ze_jurassicpark --------
L 07/09/2011 - 07:29:36: -------- Mapchange to cs_estate --------
L 07/09/2011 - 07:42:44: -------- Mapchange to cs_militia --------
L 07/09/2011 - 07:45:48: -------- Mapchange to cs_estate --------
L 07/09/2011 - 07:55:45: -------- Mapchange to cs_estate --------
L 07/09/2011 - 08:05:41: -------- Mapchange to cs_estate --------
L 07/09/2011 - 08:22:22: -------- Mapchange to cs_estate --------
L 07/09/2011 - 08:33:08: -------- Mapchange to 016 --------
L 07/09/2011 - 08:37:43: -------- Mapchange to cs_estate --------
L 07/09/2011 - 08:53:00: -------- Mapchange to zm_fdust2x2 --------
L 07/09/2011 - 08:58:42: -------- Mapchange to cs_estate --------
L 07/09/2011 - 09:08:40: -------- Mapchange to cs_estate --------
L 07/09/2011 - 09:24:19: [admin_amxbans.amxx] Login: "Euforia<1231><STEAM_0:0:1235555515><>" became an admin (account "Euforia") (access "at") (address "188.123.245.19")
L 07/09/2011 - 09:37:02: [admin_amxbans.amxx] Login: "pro_BaD_HeaD---IIaJIa4<1234><STEAM_0:0:2040851104><>" became an admin (account "pro_BaD_HeaD---IIaJIa4") (access "at") (address "176.62.181.126")
L 07/09/2011 - 09:37:07: -------- Mapchange to cs_estate --------
L 07/09/2011 - 09:37:10: [admin_amxbans.amxx] Login: "pro_BaD_HeaD---IIaJIa4<1234><STEAM_0:0:2040851104><>" became an admin (account "pro_BaD_HeaD---IIaJIa4") (access "at") (address "176.62.181.126")
L 07/09/2011 - 09:37:10: [admin_amxbans.amxx] Login: "pro_BaD_HeaD---IIaJIa4<1234><STEAM_0:0:2040851104><>" became an admin (account "pro_BaD_HeaD---IIaJIa4") (access "at") (address "176.62.181.126")
L 07/09/2011 - 09:47:53: -------- Mapchange to cs_italy --------
L 07/09/2011 - 09:47:55: [admin_amxbans.amxx] Login: "pro_BaD_HeaD---IIaJIa4<1234><STEAM_0:0:2040851104><>" became an admin (account "pro_BaD_HeaD---IIaJIa4") (access "at") (address "176.62.181.126")
L 07/09/2011 - 09:53:46: -------- Mapchange to ze_lift_escape_b5 --------
L 07/09/2011 - 09:53:47: [admin_amxbans.amxx] Login: "pro_BaD_HeaD---IIaJIa4<1234><STEAM_0:0:2040851104><>" became an admin (account "pro_BaD_HeaD---IIaJIa4") (access "at") (address "176.62.181.126")
L 07/09/2011 - 10:03:50: [admin_amxbans.amxx] Login: "pro_BaD_HeaD---IIaJIa4<1246><STEAM_0:0:2040851104><>" became an admin (account "pro_BaD_HeaD---IIaJIa4") (access "at") (address "176.62.181.126")
L 07/09/2011 - 10:11:24: -------- Mapchange to zm_303 --------
L 07/09/2011 - 10:19:51: [admin_amxbans.amxx] Login: "Euforia<1254><STEAM_0:0:1235555515><>" became an admin (account "Euforia") (access "at") (address "188.123.245.19")
L 07/09/2011 - 10:29:50: [admin_amxbans.amxx] Login: "pro_BaD_HeaD---IIaJIa4<1258><STEAM_0:0:2040851104><>" became an admin (account "pro_BaD_HeaD---IIaJIa4") (access "at") (address "176.62.181.126")
L 07/09/2011 - 10:33:39: -------- Mapchange to ze_jurassicpark --------
L 07/09/2011 - 10:33:40: [admin_amxbans.amxx] Login: "pro_BaD_HeaD---IIaJIa4<1258><STEAM_0:0:2040851104><>" became an admin (account "pro_BaD_HeaD---IIaJIa4") (access "at") (address "176.62.181.126")
L 07/09/2011 - 10:46:49: [admin_amxbans.amxx] Login: "Euforia<1278><STEAM_0:0:1235555515><>" became an admin (account "Euforia") (access "at") (address "188.123.245.19")
L 07/09/2011 - 10:54:03: -------- Mapchange to de_nuke --------
L 07/09/2011 - 10:54:07: [admin_amxbans.amxx] Login: "Euforia<1278><STEAM_0:0:1235555515><>" became an admin (account "Euforia") (access "at") (address "188.123.245.19")
L 07/09/2011 - 11:14:45: -------- Mapchange to 016 --------
L 07/09/2011 - 11:24:59: [admin_amxbans.amxx] Login: "IceCube<1302><STEAM_0:4:1305057002><>" became an admin (account "IceCube") (access "at") (address "109.207.207.50")
L 07/09/2011 - 11:27:29: [voteban.amxx] Voteban starter IceCube against paha STEAM_0:4:1203429253
L 07/09/2011 - 11:27:44: [voteban.amxx] [AMXX] BANNED: paha, STARTER: IceCube
L 07/09/2011 - 11:34:46: -------- Mapchange to de_dust --------
L 07/09/2011 - 11:55:57: -------- Mapchange to zm_army --------
L 07/09/2011 - 12:16:12: -------- Mapchange to zm_666_brick --------
L 07/09/2011 - 12:38:05: -------- Mapchange to zm_umbrella_office --------
L 07/09/2011 - 12:54:18: [admin_amxbans.amxx] Login: "pro.BaD_HeaD---AKEM[cl]<1401><STEAM_0:4:533501809><>" became an admin (account "pro.BaD_HeaD---AKEM[cl]") (access "at") (address "91.204.197.150")
L 07/09/2011 - 12:59:21: -------- Mapchange to cs_militia --------
L 07/09/2011 - 12:59:26: [admin_amxbans.amxx] Login: "pro.BaD_HeaD---AKEM[cl]<1401><STEAM_0:4:533501809><>" became an admin (account "pro.BaD_HeaD---AKEM[cl]") (access "at") (address "91.204.197.150")
L 07/09/2011 - 12:59:34: [admin_amxbans.amxx] Login: "pro.BaD_HeaD---AKEM[cl]<1403><STEAM_0:4:533501809><>" became an admin (account "pro.BaD_HeaD---AKEM[cl]") (access "at") (address "91.204.197.150")
L 07/09/2011 - 13:20:57: -------- Mapchange to ze_lift_escape_b5 --------
L 07/09/2011 - 13:37:00: -------- Mapchange to ze_jurassicpark --------
L 07/09/2011 - 13:38:21: [admin_amxbans.amxx] Login: "pro_BaD_HeaD---IIaJIa4<1438><STEAM_0:0:2040851104><>" became an admin (account "pro_BaD_HeaD---IIaJIa4") (access "at") (address "176.62.181.126")
L 07/09/2011 - 13:58:01: -------- Mapchange to zm_fdust2x2 --------
L 07/09/2011 - 14:11:44: [admin_amxbans.amxx] Login: "pro_BaD_HeaD---IIaJIa4<1481><STEAM_0:0:2040851104><>" became an admin (account "pro_BaD_HeaD---IIaJIa4") (access "at") (address "176.62.181.126")
L 07/09/2011 - 14:19:16: -------- Mapchange to zm_303 --------
L 07/09/2011 - 14:20:42: [admin_amxbans.amxx] Login: "Masyanya  |[BBS]|<1492><STEAM_0:4:1417253489><>" became an admin (account "Masyanya  |[BBS]|") (access "at") (address "91.198.175.1")
L 07/09/2011 - 14:39:29: -------- Mapchange to 016 --------
L 07/09/2011 - 14:39:30: [admin_amxbans.amxx] Login: "Masyanya  |[BBS]|<1492><STEAM_0:4:1417253489><>" became an admin (account "Masyanya  |[BBS]|") (access "at") (address "91.198.175.1")
L 07/09/2011 - 14:43:01: [admin_amxbans.amxx] Login: "ChickenMacNaggets<1521><STEAM_0:0:503510212><>" became an admin (account "192.168.0.2") (access "abcdefghijklmnopqstu") (address "192.168.0.2")
L 07/09/2011 - 14:43:05: [admin_amxbans.amxx] Login: "ChickenMacNaggets<1522><STEAM_0:0:503510212><>" became an admin (account "192.168.0.2") (access "abcdefghijklmnopqstu") (address "192.168.0.2")
L 07/09/2011 - 14:59:35: -------- Mapchange to zm_army --------
L 07/09/2011 - 14:59:36: [admin_amxbans.amxx] Login: "Masyanya  |[BBS]|<1492><STEAM_0:4:1417253489><>" became an admin (account "Masyanya  |[BBS]|") (access "at") (address "91.198.175.1")
L 07/09/2011 - 15:04:29: [admin_amxbans.amxx] Login: "~Helena~<1540><STEAM_0:4:1367396202><>" became an admin (account "~Helena~") (access "at") (address "109.124.93.10")
L 07/09/2011 - 15:19:50: -------- Mapchange to zm_666_brick --------
L 07/09/2011 - 15:30:59: [admin_amxbans.amxx] Login: "pro_BaD_HeaD---IIaJIa4<1569><STEAM_0:0:2040851104><>" became an admin (account "pro_BaD_HeaD---IIaJIa4") (access "at") (address "176.62.181.126")
L 07/09/2011 - 15:33:16: [admin_amxbans.amxx] Login: "pro.BaD_HeaD---AKEM[cl]<1571><STEAM_0:4:533501809><>" became an admin (account "pro.BaD_HeaD---AKEM[cl]") (access "at") (address "91.204.197.150")
L 07/09/2011 - 15:38:05: [admin_amxbans.amxx] Login: "Masyanya  |[BBS]|<1576><STEAM_0:4:1417253489><>" became an admin (account "Masyanya  |[BBS]|") (access "at") (address "91.198.175.1")
L 07/09/2011 - 15:41:34: -------- Mapchange to zm_dwarf --------
L 07/09/2011 - 15:41:35: [admin_amxbans.amxx] Login: "pro_BaD_HeaD---IIaJIa4<1569><STEAM_0:0:2040851104><>" became an admin (account "pro_BaD_HeaD---IIaJIa4") (access "at") (address "176.62.181.126")
L 07/09/2011 - 15:41:35: [admin_amxbans.amxx] Login: "pro_BaD_HeaD---IIaJIa4<1569><STEAM_0:0:2040851104><>" became an admin (account "pro_BaD_HeaD---IIaJIa4") (access "at") (address "176.62.181.126")
L 07/09/2011 - 15:41:35: [admin_amxbans.amxx] Login: "pro.BaD_HeaD---AKEM[cl]<1571><STEAM_0:4:533501809><>" became an admin (account "pro.BaD_HeaD---AKEM[cl]") (access "at") (address "91.204.197.150")
L 07/09/2011 - 15:41:35: [admin_amxbans.amxx] Login: "Masyanya  |[BBS]|<1576><STEAM_0:4:1417253489><>" became an admin (account "Masyanya  |[BBS]|") (access "at") (address "91.198.175.1")
L 07/09/2011 - 16:02:49: -------- Mapchange to zm_neris --------
L 07/09/2011 - 16:02:50: [admin_amxbans.amxx] Login: "pro_BaD_HeaD---IIaJIa4<1569><STEAM_0:0:2040851104><>" became an admin (account "pro_BaD_HeaD---IIaJIa4") (access "at") (address "176.62.181.126")
L 07/09/2011 - 16:02:50: [admin_amxbans.amxx] Login: "Masyanya  |[BBS]|<1576><STEAM_0:4:1417253489><>" became an admin (account "Masyanya  |[BBS]|") (access "at") (address "91.198.175.1")
L 07/09/2011 - 16:02:50: [admin_amxbans.amxx] Login: "pro.BaD_HeaD---AKEM[cl]<1571><STEAM_0:4:533501809><>" became an admin (account "pro.BaD_HeaD---AKEM[cl]") (access "at") (address "91.204.197.150")
L 07/09/2011 - 16:25:55: -------- Mapchange to ze_lift_escape_b5 --------
L 07/09/2011 - 16:25:56: [admin_amxbans.amxx] Login: "pro_BaD_HeaD---IIaJIa4<1569><STEAM_0:0:2040851104><>" became an admin (account "pro_BaD_HeaD---IIaJIa4") (access "at") (address "176.62.181.126")
L 07/09/2011 - 16:25:56: [admin_amxbans.amxx] Login: "pro.BaD_HeaD---AKEM[cl]<1571><STEAM_0:4:533501809><>" became an admin (account "pro.BaD_HeaD---AKEM[cl]") (access "at") (address "91.204.197.150")
L 07/09/2011 - 16:25:56: [admin_amxbans.amxx] Login: "Masyanya  |[BBS]|<1576><STEAM_0:4:1417253489><>" became an admin (account "Masyanya  |[BBS]|") (access "at") (address "91.198.175.1")
L 07/09/2011 - 16:25:57: [admin_amxbans.amxx] Login: "pro_BaD_HeaD---IIaJIa4<1623><STEAM_0:0:2040851104><>" became an admin (account "pro_BaD_HeaD---IIaJIa4") (access "at") (address "176.62.181.126")
L 07/09/2011 - 16:26:21: [admin_amxbans.amxx] Login: "pro_BaD_HeaD---IIaJIa4<1625><STEAM_0:0:2040851104><>" became an admin (account "pro_BaD_HeaD---IIaJIa4") (access "at") (address "176.62.181.126")
L 07/09/2011 - 16:35:33: [admin_amxbans.amxx] Login: "pro.BaD_HeaD---AKEM[cl]<1634><STEAM_0:4:533501809><>" became an admin (account "pro.BaD_HeaD---AKEM[cl]") (access "at") (address "91.204.197.150")
L 07/09/2011 - 16:39:08: [admin_amxbans.amxx] Login: "Euforia<1638><STEAM_0:0:1235555515><>" became an admin (account "Euforia") (access "at") (address "188.123.245.19")
L 07/09/2011 - 16:41:13: -------- Mapchange to zm_desolation_house --------
L 07/09/2011 - 16:41:14: [admin_amxbans.amxx] Login: "Euforia<1638><STEAM_0:0:1235555515><>" became an admin (account "Euforia") (access "at") (address "188.123.245.19")
L 07/09/2011 - 16:41:14: [admin_amxbans.amxx] Login: "Masyanya  |[BBS]|<1576><STEAM_0:4:1417253489><>" became an admin (account "Masyanya  |[BBS]|") (access "at") (address "91.198.175.1")
L 07/09/2011 - 16:41:14: [admin_amxbans.amxx] Login: "pro.BaD_HeaD---AKEM[cl]<1634><STEAM_0:4:533501809><>" became an admin (account "pro.BaD_HeaD---AKEM[cl]") (access "at") (address "91.204.197.150")
L 07/09/2011 - 17:01:38: -------- Mapchange to zm_fdust2x2 --------
L 07/09/2011 - 17:01:39: [admin_amxbans.amxx] Login: "Euforia<1638><STEAM_0:0:1235555515><>" became an admin (account "Euforia") (access "at") (address "188.123.245.19")
L 07/09/2011 - 17:01:39: [admin_amxbans.amxx] Login: "Masyanya  |[BBS]|<1576><STEAM_0:4:1417253489><>" became an admin (account "Masyanya  |[BBS]|") (access "at") (address "91.198.175.1")
L 07/09/2011 - 17:01:39: [admin_amxbans.amxx] Login: "pro.BaD_HeaD---AKEM[cl]<1634><STEAM_0:4:533501809><>" became an admin (account "pro.BaD_HeaD---AKEM[cl]") (access "at") (address "91.204.197.150")
L 07/09/2011 - 17:08:48: [admin_amxbans.amxx] Login: "Masyanya  |[BBS]|<1659><STEAM_0:4:1417253489><>" became an admin (account "Masyanya  |[BBS]|") (access "at") (address "91.198.175.1")
L 07/09/2011 - 17:23:26: -------- Mapchange to zm_alley --------
L 07/09/2011 - 17:23:28: [admin_amxbans.amxx] Login: "pro.BaD_HeaD---AKEM[cl]<1634><STEAM_0:4:533501809><>" became an admin (account "pro.BaD_HeaD---AKEM[cl]") (access "at") (address "91.204.197.150")
L 07/09/2011 - 17:27:01: [admin_amxbans.amxx] Login: "pro_BaD_HeaD---IIaJIa4<1678><STEAM_0:0:2040851104><>" became an admin (account "pro_BaD_HeaD---IIaJIa4") (access "at") (address "176.62.181.126")
L 07/09/2011 - 17:46:03: -------- Mapchange to cs_italy --------
L 07/09/2011 - 18:08:59: -------- Mapchange to zm_army --------
L 07/09/2011 - 18:32:08: -------- Mapchange to 016 --------
L 07/09/2011 - 18:39:29: [admin_amxbans.amxx] Login: "pro.BaD_HeaD---AKEM[cl]<1744><STEAM_0:4:533501809><>" became an admin (account "pro.BaD_HeaD---AKEM[cl]") (access "at") (address "91.204.197.150")
L 07/09/2011 - 18:52:30: -------- Mapchange to zm_666_brick --------
L 07/09/2011 - 18:52:31: [admin_amxbans.amxx] Login: "pro.BaD_HeaD---AKEM[cl]<1744><STEAM_0:4:533501809><>" became an admin (account "pro.BaD_HeaD---AKEM[cl]") (access "at") (address "91.204.197.150")
L 07/09/2011 - 19:02:20: [admin_amxbans.amxx] Login: "Ipse [Str,RUS]<1769><STEAM_0:4:1340204531><>" became an admin (account "Ipse [Str,RUS]") (access "at") (address "94.41.159.54")
L 07/09/2011 - 19:13:14: -------- Mapchange to zm_303 --------
L 07/09/2011 - 19:13:15: [admin_amxbans.amxx] Login: "Ipse [Str,RUS]<1769><STEAM_0:4:1340204531><>" became an admin (account "Ipse [Str,RUS]") (access "at") (address "94.41.159.54")
L 07/09/2011 - 19:35:52: -------- Mapchange to ze_jurassicpark --------
L 07/09/2011 - 19:35:53: [admin_amxbans.amxx] Login: "Ipse [Str,RUS]<1769><STEAM_0:4:1340204531><>" became an admin (account "Ipse [Str,RUS]") (access "at") (address "94.41.159.54")
L 07/09/2011 - 19:56:03: [admin_amxbans.amxx] Login: "pro_BaD_HeaD---IIaJIa4<1890><STEAM_0:0:2040851104><>" became an admin (account "pro_BaD_HeaD---IIaJIa4") (access "at") (address "176.62.181.126")
L 07/09/2011 - 19:56:38: [admin_amxbans.amxx] Login: "Yura_Alexandrov<1891><STEAM_0:4:1014877297><>" became an admin (account "Yura_Alexandrov") (access "at") (address "91.122.167.209")
L 07/09/2011 - 19:56:58: -------- Mapchange to zm_simple_b1 --------
L 07/09/2011 - 19:56:59: [admin_amxbans.amxx] Login: "pro_BaD_HeaD---IIaJIa4<1890><STEAM_0:0:2040851104><>" became an admin (account "pro_BaD_HeaD---IIaJIa4") (access "at") (address "176.62.181.126")
L 07/09/2011 - 19:56:59: [admin_amxbans.amxx] Login: "Yura_Alexandrov<1891><STEAM_0:4:1014877297><>" became an admin (account "Yura_Alexandrov") (access "at") (address "91.122.167.209")
L 07/09/2011 - 19:57:33: [admin_amxbans.amxx] Login: "Yura_Alexandrov<1898><STEAM_0:4:1014877297><>" became an admin (account "Yura_Alexandrov") (access "at") (address "91.122.167.209")
L 07/09/2011 - 20:04:23: [admin_amxbans.amxx] Login: "Yura_Alexandrov<1912><STEAM_0:4:1014877297><>" became an admin (account "Yura_Alexandrov") (access "at") (address "91.122.167.209")
L 07/09/2011 - 20:18:14: -------- Mapchange to zm_dwarf --------
L 07/09/2011 - 20:18:15: [admin_amxbans.amxx] Login: "Yura_Alexandrov<1912><STEAM_0:4:1014877297><>" became an admin (account "Yura_Alexandrov") (access "at") (address "91.122.167.209")
L 07/09/2011 - 20:29:23: [admin_amxbans.amxx] Login: "pro_BaD_HeaD---IIaJIa4<1941><STEAM_0:0:2040851104><>" became an admin (account "pro_BaD_HeaD---IIaJIa4") (access "at") (address "176.62.181.126")
L 07/09/2011 - 20:38:31: -------- Mapchange to zm_fdust2x2 --------
L 07/09/2011 - 20:38:32: [admin_amxbans.amxx] Login: "Yura_Alexandrov<1912><STEAM_0:4:1014877297><>" became an admin (account "Yura_Alexandrov") (access "at") (address "91.122.167.209")
L 07/09/2011 - 20:38:32: [admin_amxbans.amxx] Login: "pro_BaD_HeaD---IIaJIa4<1941><STEAM_0:0:2040851104><>" became an admin (account "pro_BaD_HeaD---IIaJIa4") (access "at") (address "176.62.181.126")
L 07/09/2011 - 20:45:29: [admin_amxbans.amxx] Login: "~Helena~<1962><STEAM_0:4:1367396202><>" became an admin (account "~Helena~") (access "at") (address "109.124.93.10")
L 07/09/2011 - 21:01:15: -------- Mapchange to cs_italy --------
L 07/09/2011 - 21:01:17: [admin_amxbans.amxx] Login: "~Helena~<1962><STEAM_0:4:1367396202><>" became an admin (account "~Helena~") (access "at") (address "109.124.93.10")
L 07/09/2011 - 21:01:18: [admin_amxbans.amxx] Login: "Yura_Alexandrov<1912><STEAM_0:4:1014877297><>" became an admin (account "Yura_Alexandrov") (access "at") (address "91.122.167.209")
L 07/09/2011 - 21:21:16: -------- Mapchange to de_dust --------
L 07/09/2011 - 21:21:19: [admin_amxbans.amxx] Login: "~Helena~<1962><STEAM_0:4:1367396202><>" became an admin (account "~Helena~") (access "at") (address "109.124.93.10")
L 07/09/2011 - 21:21:19: [admin_amxbans.amxx] Login: "Yura_Alexandrov<1912><STEAM_0:4:1014877297><>" became an admin (account "Yura_Alexandrov") (access "at") (address "91.122.167.209")
L 07/09/2011 - 21:21:25: [admin_amxbans.amxx] Login: "~Helena~<2002><STEAM_0:4:1367396202><>" became an admin (account "~Helena~") (access "at") (address "109.124.93.10")
L 07/09/2011 - 21:43:26: -------- Mapchange to zm_army --------
L 07/09/2011 - 21:43:27: [admin_amxbans.amxx] Login: "~Helena~<2002><STEAM_0:4:1367396202><>" became an admin (account "~Helena~") (access "at") (address "109.124.93.10")
L 07/09/2011 - 21:43:27: [admin_amxbans.amxx] Login: "Yura_Alexandrov<1912><STEAM_0:4:1014877297><>" became an admin (account "Yura_Alexandrov") (access "at") (address "91.122.167.209")
L 07/09/2011 - 21:43:27: [admin_amxbans.amxx] Login: "~Helena~<2011><STEAM_0:4:1367396202><>" became an admin (account "~Helena~") (access "at") (address "109.124.93.10")
L 07/09/2011 - 21:46:02: [voteban.amxx] Voteban starter Yura_Alexandrov against >>vlad>> STEAM_0:4:391419377
L 07/09/2011 - 21:46:17: [voteban.amxx] [AMXX] BANNED: >>vlad>>, STARTER: Yura_Alexandrov
L 07/09/2011 - 21:50:06: [admin_amxbans.amxx] Login: "Ipse [Str,RUS]<2018><STEAM_0:4:1899283955><>" became an admin (account "Ipse [Str,RUS]") (access "at") (address "95.105.53.75")
L 07/09/2011 - 22:04:14: -------- Mapchange to 016 --------
L 07/09/2011 - 22:04:15: [admin_amxbans.amxx] Login: "~Helena~<2011><STEAM_0:4:1367396202><>" became an admin (account "~Helena~") (access "at") (address "109.124.93.10")
L 07/09/2011 - 22:04:15: [admin_amxbans.amxx] Login: "Yura_Alexandrov<1912><STEAM_0:4:1014877297><>" became an admin (account "Yura_Alexandrov") (access "at") (address "91.122.167.209")
L 07/09/2011 - 22:04:15: [admin_amxbans.amxx] Login: "~Helena~<2027><STEAM_0:4:1367396202><>" became an admin (account "~Helena~") (access "at") (address "109.124.93.10")
L 07/09/2011 - 22:09:51: [admin_amxbans.amxx] Login: "Ipse [Str,RUS]<2034><STEAM_0:4:1899283955><>" became an admin (account "Ipse [Str,RUS]") (access "at") (address "95.105.53.75")
L 07/09/2011 - 22:22:57: [admin_amxbans.amxx] Login: "Yura_Alexandrov<2043><STEAM_0:4:1014877297><>" became an admin (account "Yura_Alexandrov") (access "at") (address "91.122.167.209")
L 07/09/2011 - 22:23:54: [admin_amxbans.amxx] Login: "Ipse [Str,RUS]<2042><STEAM_0:4:253904371><>" became an admin (account "Ipse [Str,RUS]") (access "at") (address "95.105.24.183")
L 07/09/2011 - 22:26:30: [voteban.amxx] Voteban starter Ipse [Str,RUS] against [unisex] [a] [DGoker] STEAM_0:4:1578546427
L 07/09/2011 - 22:26:45: [voteban.amxx] [AMXX] BANNED: [unisex] [a] [DGoker], STARTER: Ipse [Str,RUS]
L 07/09/2011 - 22:27:01: -------- Mapchange to zm_303 --------
L 07/09/2011 - 22:27:02: [admin_amxbans.amxx] Login: "Ipse [Str,RUS]<2042><STEAM_0:4:253904371><>" became an admin (account "Ipse [Str,RUS]") (access "at") (address "95.105.24.183")
L 07/09/2011 - 22:27:03: [admin_amxbans.amxx] Login: "~Helena~<2027><STEAM_0:4:1367396202><>" became an admin (account "~Helena~") (access "at") (address "109.124.93.10")
L 07/09/2011 - 22:27:03: [admin_amxbans.amxx] Login: "Yura_Alexandrov<2043><STEAM_0:4:1014877297><>" became an admin (account "Yura_Alexandrov") (access "at") (address "91.122.167.209")
L 07/09/2011 - 22:27:03: [admin_amxbans.amxx] Login: "~Helena~<2027><STEAM_0:4:1367396202><>" became an admin (account "~Helena~") (access "at") (address "109.124.93.10")
L 07/09/2011 - 22:48:35: -------- Mapchange to zm_cpl_mill_kamp --------
L 07/09/2011 - 22:48:36: [admin_amxbans.amxx] Login: "~Helena~<2027><STEAM_0:4:1367396202><>" became an admin (account "~Helena~") (access "at") (address "109.124.93.10")
L 07/09/2011 - 22:48:36: [admin_amxbans.amxx] Login: "Yura_Alexandrov<2043><STEAM_0:4:1014877297><>" became an admin (account "Yura_Alexandrov") (access "at") (address "91.122.167.209")
L 07/09/2011 - 22:48:36: [admin_amxbans.amxx] Login: "Ipse [Str,RUS]<2042><STEAM_0:4:253904371><>" became an admin (account "Ipse [Str,RUS]") (access "at") (address "95.105.24.183")
L 07/09/2011 - 22:51:32: [admin_amxbans.amxx] Login: "Who?<2062><STEAM_0:4:446327478><>" became an admin (account "212.55.104.156") (access "abcdefgijmnopqrtu") (address "212.55.104.156")
L 07/09/2011 - 22:55:24: [admin_amxbans.amxx] Login: "Who?<2068><STEAM_0:4:446327478><>" became an admin (account "212.55.104.156") (access "abcdefgijmnopqrtu") (address "212.55.104.156")
L 07/09/2011 - 23:09:36: -------- Mapchange to zm_neris --------
L 07/09/2011 - 23:09:37: [admin_amxbans.amxx] Login: "~Helena~<2027><STEAM_0:4:1367396202><>" became an admin (account "~Helena~") (access "at") (address "109.124.93.10")
L 07/09/2011 - 23:09:37: [admin_amxbans.amxx] Login: "Yura_Alexandrov<2043><STEAM_0:4:1014877297><>" became an admin (account "Yura_Alexandrov") (access "at") (address "91.122.167.209")
L 07/09/2011 - 23:09:37: [admin_amxbans.amxx] Login: "Ipse [Str,RUS]<2042><STEAM_0:4:253904371><>" became an admin (account "Ipse [Str,RUS]") (access "at") (address "95.105.24.183")
L 07/09/2011 - 23:09:37: [admin_amxbans.amxx] Login: "Who?<2068><STEAM_0:4:446327478><>" became an admin (account "212.55.104.156") (access "abcdefgijmnopqrtu") (address "212.55.104.156")
L 07/09/2011 - 23:10:00: [admin_amxbans.amxx] Login: "[o_VIP_o]                (^_^)V<2081><STEAM_0:4:446327478><>" became an admin (account "212.55.104.156") (access "abcdefgijmnopqrtu") (address "212.55.104.156")
L 07/09/2011 - 23:24:13: [voteban.amxx] Voteban starter Ipse [Str,RUS] against .:DEVIL:. STEAM_0:0:1171296761
L 07/09/2011 - 23:24:28: [voteban.amxx] [AMXX] BANNED: .:DEVIL:., STARTER: Ipse [Str,RUS]
L 07/09/2011 - 23:29:09: [admin_amxbans.amxx] Login: "PRO(KENT IGRAET DMB OO7 SPB)<2108><STEAM_0:0:689630666><>" became an admin (account "PRO(KENT IGRAET DMB OO7 SPB)") (access "at") (address "91.103.154.227")
L 07/09/2011 - 23:32:02: -------- Mapchange to zm_666_brick --------
L 07/09/2011 - 23:32:03: [admin_amxbans.amxx] Login: "Ipse [Str,RUS]<2042><STEAM_0:4:253904371><>" became an admin (account "Ipse [Str,RUS]") (access "at") (address "95.105.24.183")
L 07/09/2011 - 23:32:03: [admin_amxbans.amxx] Login: "Yura_Alexandrov<2043><STEAM_0:4:1014877297><>" became an admin (account "Yura_Alexandrov") (access "at") (address "91.122.167.209")
L 07/09/2011 - 23:32:03: [admin_amxbans.amxx] Login: "PRO(KENT IGRAET DMB OO7 SPB)<2108><STEAM_0:0:689630666><>" became an admin (account "PRO(KENT IGRAET DMB OO7 SPB)") (access "at") (address "91.103.154.227")
L 07/09/2011 - 23:32:03: [admin_amxbans.amxx] Login: "~Helena~<2027><STEAM_0:4:1367396202><>" became an admin (account "~Helena~") (access "at") (address "109.124.93.10")
L 07/09/2011 - 23:35:08: [admin_amxbans.amxx] Login: "Masyanya  |[BBS]|<2119><STEAM_0:4:1417253489><>" became an admin (account "Masyanya  |[BBS]|") (access "at") (address "91.198.175.1")
L 07/09/2011 - 23:52:12: -------- Mapchange to zm_simple_b1 --------
L 07/09/2011 - 23:52:13: [admin_amxbans.amxx] Login: "Ipse [Str,RUS]<2042><STEAM_0:4:253904371><>" became an admin (account "Ipse [Str,RUS]") (access "at") (address "95.105.24.183")
L 07/09/2011 - 23:52:13: [admin_amxbans.amxx] Login: "Masyanya  |[BBS]|<2119><STEAM_0:4:1417253489><>" became an admin (account "Masyanya  |[BBS]|") (access "at") (address "91.198.175.1")
L 07/09/2011 - 23:52:13: [admin_amxbans.amxx] Login: "Yura_Alexandrov<2043><STEAM_0:4:1014877297><>" became an admin (account "Yura_Alexandrov") (access "at") (address "91.122.167.209")
L 07/09/2011 - 23:52:58: [voteban.amxx] Voteban starter Ipse [Str,RUS] against ::CRIPS':: STEAM_0:4:1676103728
L 07/09/2011 - 23:53:13: [voteban.amxx] [AMXX] BANNED: ::CRIPS'::, STARTER: Ipse [Str,RUS]
