L 09/19/2011 - 00:04:34: -------- Mapchange to zm_xata --------
L 09/19/2011 - 00:04:35: [admin_amxbans.amxx] Login: "Zloy-Tupoy-Buhoy [Str,RUS]<3733><STEAM_0:4:1216570867><>" became an admin (account "Zloy-Tupoy-Buhoy [Str,RUS]") (access "t") (address "94.41.90.56")
L 09/19/2011 - 00:04:36: [amxbans.amxx] [AMXBANS] AMXBans 5.0 подключен
L 09/19/2011 - 00:27:11: -------- Mapchange to zm_houses --------
L 09/19/2011 - 00:27:12: [admin_amxbans.amxx] Login: "Zloy-Tupoy-Buhoy [Str,RUS]<3733><STEAM_0:4:1216570867><>" became an admin (account "Zloy-Tupoy-Buhoy [Str,RUS]") (access "t") (address "94.41.90.56")
L 09/19/2011 - 00:27:13: [amxbans.amxx] [AMXBANS] AMXBans 5.0 подключен
L 09/19/2011 - 00:48:50: -------- Mapchange to zm_fdust2x2 --------
L 09/19/2011 - 00:48:52: [amxbans.amxx] [AMXBANS] AMXBans 5.0 подключен
L 09/19/2011 - 01:11:22: -------- Mapchange to zm_neris --------
L 09/19/2011 - 01:11:23: [amxbans.amxx] [AMXBANS] AMXBans 5.0 подключен
L 09/19/2011 - 01:32:43: -------- Mapchange to cs_militia --------
L 09/19/2011 - 01:32:48: [amxbans.amxx] [AMXBANS] AMXBans 5.0 подключен
L 09/19/2011 - 01:41:18: -------- Mapchange to ze_egypt --------
L 09/19/2011 - 01:41:19: [amxbans.amxx] [AMXBANS] AMXBans 5.0 подключен
L 09/19/2011 - 01:49:56: -------- Mapchange to zm_666_brick --------
L 09/19/2011 - 01:49:58: [amxbans.amxx] [AMXBANS] AMXBans 5.0 подключен
L 09/19/2011 - 01:55:37: -------- Mapchange to cs_estate --------
L 09/19/2011 - 01:55:39: [amxbans.amxx] [AMXBANS] AMXBans 5.0 подключен
L 09/19/2011 - 02:05:33: -------- Mapchange to cs_estate --------
L 09/19/2011 - 02:05:35: [amxbans.amxx] [AMXBANS] AMXBans 5.0 подключен
L 09/19/2011 - 02:14:10: -------- Mapchange to zm_303 --------
L 09/19/2011 - 02:14:12: [amxbans.amxx] [AMXBANS] AMXBans 5.0 подключен
L 09/19/2011 - 02:17:15: -------- Mapchange to cs_estate --------
L 09/19/2011 - 02:17:18: [amxbans.amxx] [AMXBANS] AMXBans 5.0 подключен
L 09/19/2011 - 02:27:11: -------- Mapchange to cs_estate --------
L 09/19/2011 - 02:27:14: [amxbans.amxx] [AMXBANS] AMXBans 5.0 подключен
L 09/19/2011 - 02:41:37: -------- Mapchange to cs_estate --------
L 09/19/2011 - 02:41:40: [amxbans.amxx] [AMXBANS] AMXBans 5.0 подключен
L 09/19/2011 - 02:50:00: -------- Mapchange to ze_train_back_lg --------
L 09/19/2011 - 02:50:01: [amxbans.amxx] [AMXBANS] AMXBans 5.0 подключен
L 09/19/2011 - 02:56:33: -------- Mapchange to cs_estate --------
L 09/19/2011 - 02:56:36: [amxbans.amxx] [AMXBANS] AMXBans 5.0 подключен
L 09/19/2011 - 03:06:29: -------- Mapchange to cs_estate --------
L 09/19/2011 - 03:06:32: [amxbans.amxx] [AMXBANS] AMXBans 5.0 подключен
L 09/19/2011 - 03:16:25: -------- Mapchange to cs_estate --------
L 09/19/2011 - 03:16:28: [amxbans.amxx] [AMXBANS] AMXBans 5.0 подключен
L 09/19/2011 - 03:26:21: -------- Mapchange to cs_estate --------
L 09/19/2011 - 03:26:23: [amxbans.amxx] [AMXBANS] AMXBans 5.0 подключен
L 09/19/2011 - 03:36:17: -------- Mapchange to cs_estate --------
L 09/19/2011 - 03:36:19: [amxbans.amxx] [AMXBANS] AMXBans 5.0 подключен
L 09/19/2011 - 03:46:13: -------- Mapchange to cs_estate --------
L 09/19/2011 - 03:46:15: [amxbans.amxx] [AMXBANS] AMXBans 5.0 подключен
L 09/19/2011 - 03:56:09: -------- Mapchange to cs_estate --------
L 09/19/2011 - 03:56:11: [amxbans.amxx] [AMXBANS] AMXBans 5.0 подключен
L 09/19/2011 - 04:05:59: -------- Mapchange to cs_estate --------
L 09/19/2011 - 04:06:02: [amxbans.amxx] [AMXBANS] AMXBans 5.0 подключен
L 09/19/2011 - 04:15:55: -------- Mapchange to cs_estate --------
L 09/19/2011 - 04:15:58: [amxbans.amxx] [AMXBANS] AMXBans 5.0 подключен
L 09/19/2011 - 04:25:51: -------- Mapchange to cs_estate --------
L 09/19/2011 - 04:25:54: [amxbans.amxx] [AMXBANS] AMXBans 5.0 подключен
L 09/19/2011 - 04:35:47: -------- Mapchange to cs_estate --------
L 09/19/2011 - 04:35:50: [amxbans.amxx] [AMXBANS] AMXBans 5.0 подключен
L 09/19/2011 - 04:45:43: -------- Mapchange to cs_estate --------
L 09/19/2011 - 04:45:46: [amxbans.amxx] [AMXBANS] AMXBans 5.0 подключен
L 09/19/2011 - 04:59:54: -------- Mapchange to cs_estate --------
L 09/19/2011 - 04:59:57: [amxbans.amxx] [AMXBANS] AMXBans 5.0 подключен
L 09/19/2011 - 05:10:35: -------- Mapchange to cs_estate --------
L 09/19/2011 - 05:10:38: [amxbans.amxx] [AMXBANS] AMXBans 5.0 подключен
L 09/19/2011 - 05:20:31: -------- Mapchange to cs_estate --------
L 09/19/2011 - 05:20:33: [amxbans.amxx] [AMXBANS] AMXBans 5.0 подключен
L 09/19/2011 - 05:30:27: -------- Mapchange to cs_estate --------
L 09/19/2011 - 05:30:29: [amxbans.amxx] [AMXBANS] AMXBans 5.0 подключен
L 09/19/2011 - 05:40:23: -------- Mapchange to cs_estate --------
L 09/19/2011 - 05:40:25: [amxbans.amxx] [AMXBANS] AMXBans 5.0 подключен
L 09/19/2011 - 05:50:18: -------- Mapchange to cs_estate --------
L 09/19/2011 - 05:50:21: [amxbans.amxx] [AMXBANS] AMXBans 5.0 подключен
L 09/19/2011 - 06:00:12: -------- Mapchange to cs_estate --------
L 09/19/2011 - 06:00:15: -------- Mapchange to zm_fdust2x2 --------
L 09/19/2011 - 06:00:17: [amxbans.amxx] [AMXBANS] AMXBans 5.0 подключен
L 09/19/2011 - 06:03:16: -------- Mapchange to cs_estate --------
L 09/19/2011 - 06:03:18: [amxbans.amxx] [AMXBANS] AMXBans 5.0 подключен
L 09/19/2011 - 06:13:12: -------- Mapchange to cs_estate --------
L 09/19/2011 - 06:13:14: [amxbans.amxx] [AMXBANS] AMXBans 5.0 подключен
L 09/19/2011 - 06:23:08: -------- Mapchange to cs_estate --------
L 09/19/2011 - 06:23:10: [amxbans.amxx] [AMXBANS] AMXBans 5.0 подключен
L 09/19/2011 - 06:33:04: -------- Mapchange to cs_estate --------
L 09/19/2011 - 06:33:06: [amxbans.amxx] [AMXBANS] AMXBans 5.0 подключен
L 09/19/2011 - 06:43:00: -------- Mapchange to cs_estate --------
L 09/19/2011 - 06:43:02: [amxbans.amxx] [AMXBANS] AMXBans 5.0 подключен
L 09/19/2011 - 06:52:52: -------- Mapchange to ze_lift_escape_b5 --------
L 09/19/2011 - 06:52:54: [amxbans.amxx] [AMXBANS] AMXBans 5.0 подключен
L 09/19/2011 - 06:55:52: -------- Mapchange to cs_estate --------
L 09/19/2011 - 06:55:55: [amxbans.amxx] [AMXBANS] AMXBans 5.0 подключен
L 09/19/2011 - 07:05:48: -------- Mapchange to cs_estate --------
L 09/19/2011 - 07:05:51: [amxbans.amxx] [AMXBANS] AMXBans 5.0 подключен
L 09/19/2011 - 07:15:44: -------- Mapchange to cs_estate --------
L 09/19/2011 - 07:15:47: [amxbans.amxx] [AMXBANS] AMXBans 5.0 подключен
L 09/19/2011 - 07:32:25: -------- Mapchange to cs_estate --------
L 09/19/2011 - 07:32:28: [amxbans.amxx] [AMXBANS] AMXBans 5.0 подключен
L 09/19/2011 - 07:42:21: -------- Mapchange to cs_estate --------
L 09/19/2011 - 07:42:23: [amxbans.amxx] [AMXBANS] AMXBans 5.0 подключен
L 09/19/2011 - 07:52:17: -------- Mapchange to cs_estate --------
L 09/19/2011 - 07:52:19: [amxbans.amxx] [AMXBANS] AMXBans 5.0 подключен
L 09/19/2011 - 07:59:05: -------- Mapchange to zm_fdust2x2 --------
L 09/19/2011 - 07:59:07: [amxbans.amxx] [AMXBANS] AMXBans 5.0 подключен
L 09/19/2011 - 08:15:16: -------- Mapchange to zm_303 --------
L 09/19/2011 - 08:15:17: [amxbans.amxx] [AMXBANS] AMXBans 5.0 подключен
L 09/19/2011 - 08:46:27: -------- Mapchange to zm_vendetta --------
L 09/19/2011 - 08:46:29: [amxbans.amxx] [AMXBANS] AMXBans 5.0 подключен
L 09/19/2011 - 08:54:45: -------- Mapchange to cs_estate --------
L 09/19/2011 - 08:54:48: [amxbans.amxx] [AMXBANS] AMXBans 5.0 подключен
L 09/19/2011 - 09:10:26: -------- Mapchange to cs_estate --------
L 09/19/2011 - 09:10:29: [amxbans.amxx] [AMXBANS] AMXBans 5.0 подключен
L 09/19/2011 - 09:20:22: -------- Mapchange to cs_estate --------
L 09/19/2011 - 09:20:25: [amxbans.amxx] [AMXBANS] AMXBans 5.0 подключен
L 09/19/2011 - 09:30:18: -------- Mapchange to cs_estate --------
L 09/19/2011 - 09:30:21: [amxbans.amxx] [AMXBANS] AMXBans 5.0 подключен
L 09/19/2011 - 09:46:44: -------- Mapchange to ze_lift_escape_b5 --------
L 09/19/2011 - 09:46:46: [amxbans.amxx] [AMXBANS] AMXBans 5.0 подключен
L 09/19/2011 - 09:49:44: -------- Mapchange to cs_estate --------
L 09/19/2011 - 09:49:47: [amxbans.amxx] [AMXBANS] AMXBans 5.0 подключен
L 09/19/2011 - 09:59:40: -------- Mapchange to cs_estate --------
L 09/19/2011 - 09:59:43: [amxbans.amxx] [AMXBANS] AMXBans 5.0 подключен
L 09/19/2011 - 10:09:36: -------- Mapchange to cs_estate --------
L 09/19/2011 - 10:09:39: [amxbans.amxx] [AMXBANS] AMXBans 5.0 подключен
L 09/19/2011 - 10:19:32: -------- Mapchange to cs_estate --------
L 09/19/2011 - 10:19:34: [amxbans.amxx] [AMXBANS] AMXBans 5.0 подключен
L 09/19/2011 - 10:27:54: -------- Mapchange to zm_fdust2x2 --------
L 09/19/2011 - 10:27:56: [amxbans.amxx] [AMXBANS] AMXBans 5.0 подключен
L 09/19/2011 - 10:30:56: -------- Mapchange to cs_estate --------
L 09/19/2011 - 10:30:59: [amxbans.amxx] [AMXBANS] AMXBans 5.0 подключен
L 09/19/2011 - 10:40:52: -------- Mapchange to cs_estate --------
L 09/19/2011 - 10:40:55: [amxbans.amxx] [AMXBANS] AMXBans 5.0 подключен
L 09/19/2011 - 10:51:48: -------- Mapchange to cs_estate --------
L 09/19/2011 - 10:51:51: [amxbans.amxx] [AMXBANS] AMXBans 5.0 подключен
L 09/19/2011 - 10:53:55: [admin_amxbans.amxx] Login: "4ebu[RUSH]ka<130><STEAM_0:0:2107967446><>" became an admin (account "4ebu[RUSH]ka") (access "t") (address "78.36.153.123")
L 09/19/2011 - 11:09:18: -------- Mapchange to 016 --------
L 09/19/2011 - 11:09:19: [amxbans.amxx] [AMXBANS] AMXBans 5.0 подключен
L 09/19/2011 - 11:41:11: -------- Mapchange to zm_caca --------
L 09/19/2011 - 11:41:13: [amxbans.amxx] [AMXBANS] AMXBans 5.0 подключен
L 09/19/2011 - 12:02:25: -------- Mapchange to zm_alfresco_v2 --------
L 09/19/2011 - 12:02:26: [amxbans.amxx] [AMXBANS] AMXBans 5.0 подключен
L 09/19/2011 - 12:32:17: -------- Mapchange to zm_303 --------
L 09/19/2011 - 12:32:18: [amxbans.amxx] [AMXBANS] AMXBans 5.0 подключен
L 09/19/2011 - 12:53:41: [admin_amxbans.amxx] Login: "Euforia<214><STEAM_0:0:1365425199><>" became an admin (account "Euforia") (access "t") (address "188.123.245.19")
L 09/19/2011 - 12:57:25: [admin_amxbans.amxx] Login: "Euforia<217><STEAM_0:0:1365425199><>" became an admin (account "Euforia") (access "t") (address "188.123.245.19")
L 09/19/2011 - 13:05:24: -------- Mapchange to zm_666_brick --------
L 09/19/2011 - 13:05:25: [admin_amxbans.amxx] Login: "Euforia<217><STEAM_0:0:1365425199><>" became an admin (account "Euforia") (access "t") (address "188.123.245.19")
L 09/19/2011 - 13:05:26: [amxbans.amxx] [AMXBANS] AMXBans 5.0 подключен
L 09/19/2011 - 13:26:38: -------- Mapchange to zm_cpl_mill_kamp --------
L 09/19/2011 - 13:26:40: [amxbans.amxx] [AMXBANS] AMXBans 5.0 подключен
L 09/19/2011 - 13:44:35: [admin_amxbans.amxx] Login: "F1-[G]amin[G] |G-man<250><STEAM_0:0:299692916><>" became an admin (account "F1-[G]amin[G] |G-man") (access "t") (address "194.0.68.126")
L 09/19/2011 - 13:49:23: -------- Mapchange to ze_egypt --------
L 09/19/2011 - 13:49:24: [admin_amxbans.amxx] Login: "F1-[G]amin[G] |G-man<250><STEAM_0:0:299692916><>" became an admin (account "F1-[G]amin[G] |G-man") (access "t") (address "194.0.68.126")
L 09/19/2011 - 13:49:25: [amxbans.amxx] [AMXBANS] AMXBans 5.0 подключен
L 09/19/2011 - 13:49:26: [admin_amxbans.amxx] Login: "F1-[G]amin[G] |G-man<255><STEAM_0:0:299692916><>" became an admin (account "F1-[G]amin[G] |G-man") (access "t") (address "194.0.68.126")
L 09/19/2011 - 14:00:56: [voteban.amxx] Voteban starter F1-[G]amin[G] |G-man against JI|/|TT|/|C()!~! STEAM_0:0:1304288682
L 09/19/2011 - 14:01:11: [voteban.amxx] [AMXX] The voteban dit not sucseed.
L 09/19/2011 - 14:06:13: -------- Mapchange to zm_decline2k --------
L 09/19/2011 - 14:06:14: [admin_amxbans.amxx] Login: "F1-[G]amin[G] |G-man<255><STEAM_0:0:299692916><>" became an admin (account "F1-[G]amin[G] |G-man") (access "t") (address "194.0.68.126")
L 09/19/2011 - 14:06:15: [amxbans.amxx] [AMXBANS] AMXBans 5.0 подключен
L 09/19/2011 - 14:26:45: -------- Mapchange to ze_train_back_lg --------
L 09/19/2011 - 14:26:46: [admin_amxbans.amxx] Login: "F1-[G]amin[G] |G-man<255><STEAM_0:0:299692916><>" became an admin (account "F1-[G]amin[G] |G-man") (access "t") (address "194.0.68.126")
L 09/19/2011 - 14:26:46: [amxbans.amxx] [AMXBANS] AMXBans 5.0 подключен
L 09/19/2011 - 14:26:53: [admin_amxbans.amxx] Login: "F1-[G]amin[G] |G-man<285><STEAM_0:0:299692916><>" became an admin (account "F1-[G]amin[G] |G-man") (access "t") (address "194.0.68.126")
L 09/19/2011 - 14:32:26: [admin_amxbans.amxx] Login: "Euforia<303><STEAM_0:0:1365425199><>" became an admin (account "Euforia") (access "t") (address "188.123.245.19")
L 09/19/2011 - 14:32:34: [admin_amxbans.amxx] Login: "Euforia<304><STEAM_0:0:1365425199><>" became an admin (account "Euforia") (access "t") (address "188.123.245.19")
L 09/19/2011 - 14:43:49: -------- Mapchange to ze_lift_escape_b5 --------
L 09/19/2011 - 14:43:50: [admin_amxbans.amxx] Login: "F1-[G]amin[G] |G-man<285><STEAM_0:0:299692916><>" became an admin (account "F1-[G]amin[G] |G-man") (access "t") (address "194.0.68.126")
L 09/19/2011 - 14:43:51: [amxbans.amxx] [AMXBANS] AMXBans 5.0 подключен
L 09/19/2011 - 14:47:58: [admin_amxbans.amxx] Login: "4ebu[RUSH]ka<327><STEAM_0:0:2107967446><>" became an admin (account "4ebu[RUSH]ka") (access "t") (address "78.36.153.123")
L 09/19/2011 - 14:58:55: -------- Mapchange to zm_fdust2x2 --------
L 09/19/2011 - 14:58:56: [admin_amxbans.amxx] Login: "F1-[G]amin[G] |G-man<285><STEAM_0:0:299692916><>" became an admin (account "F1-[G]amin[G] |G-man") (access "t") (address "194.0.68.126")
L 09/19/2011 - 14:58:57: [amxbans.amxx] [AMXBANS] AMXBans 5.0 подключен
L 09/19/2011 - 15:21:29: -------- Mapchange to ze_jurassicpark --------
L 09/19/2011 - 15:21:30: [admin_amxbans.amxx] Login: "F1-[G]amin[G] |G-man<285><STEAM_0:0:299692916><>" became an admin (account "F1-[G]amin[G] |G-man") (access "t") (address "194.0.68.126")
L 09/19/2011 - 15:21:31: [amxbans.amxx] [AMXBANS] AMXBans 5.0 подключен
L 09/19/2011 - 15:42:45: -------- Mapchange to zm_alfresco_v2 --------
L 09/19/2011 - 15:42:45: [admin_amxbans.amxx] Login: "F1-[G]amin[G] |G-man<285><STEAM_0:0:299692916><>" became an admin (account "F1-[G]amin[G] |G-man") (access "t") (address "194.0.68.126")
L 09/19/2011 - 15:42:46: [amxbans.amxx] [AMXBANS] AMXBans 5.0 подключен
L 09/19/2011 - 16:03:41: -------- Mapchange to zm_666_brick --------
L 09/19/2011 - 16:03:42: [admin_amxbans.amxx] Login: "F1-[G]amin[G] |G-man<285><STEAM_0:0:299692916><>" became an admin (account "F1-[G]amin[G] |G-man") (access "t") (address "194.0.68.126")
L 09/19/2011 - 16:03:43: [amxbans.amxx] [AMXBANS] AMXBans 5.0 подключен
L 09/19/2011 - 16:11:45: [amxbans.amxx] [Amxbans] Запрос провален!
L 09/19/2011 - 16:11:45: [amxbans.amxx] [Amxbans] Ошибка, адрес: 18
L 09/19/2011 - 16:11:45: [amxbans.amxx] [Amxbans] Сообщение: You have an error in your SQL syntax; check the manual that corresponds to your MySQL server version for the right syntax to use near ''Ba' at line 1 (1064)
L 09/19/2011 - 16:11:45: [amxbans.amxx] [Amxbans] Статус запроса: 
L 09/19/2011 - 16:18:26: [voteban.amxx] Voteban starter F1-[G]amin[G] |G-man against oTcaCy 3a ( awp ) :D :D STEAM_0:1:20879160
L 09/19/2011 - 16:18:41: [voteban.amxx] [AMXX] BANNED: oTcaCy 3a ( awp ) :D :D, STARTER: F1-[G]amin[G] |G-man
L 09/19/2011 - 16:18:42: [amxbans.amxx]  Зомби сервер (x_x(O_o)x_x) Go Zombie !!!<0><><> забанил oTcaCy 3a ( awp ) :D :D<STEAM_0:1:20879160> на 15 минут (15 минут). Причина: VIP->F1-[G]amin[G] |G-man.
L 09/19/2011 - 16:26:51: -------- Mapchange to zm_dwarf --------
L 09/19/2011 - 16:26:51: [admin_amxbans.amxx] Login: "F1-[G]amin[G] |G-man<285><STEAM_0:0:299692916><>" became an admin (account "F1-[G]amin[G] |G-man") (access "t") (address "194.0.68.126")
L 09/19/2011 - 16:26:52: [admin_amxbans.amxx] Login: "F1-[G]amin[G] |G-man<437><STEAM_0:0:299692916><>" became an admin (account "F1-[G]amin[G] |G-man") (access "t") (address "194.0.68.126")
L 09/19/2011 - 16:26:52: [amxbans.amxx] [AMXBANS] AMXBans 5.0 подключен
L 09/19/2011 - 16:26:59: [amxbans.amxx] [Amxbans] Запрос провален!
L 09/19/2011 - 16:26:59: [amxbans.amxx] [Amxbans] Ошибка, адрес: 18
L 09/19/2011 - 16:26:59: [amxbans.amxx] [Amxbans] Сообщение: You have an error in your SQL syntax; check the manual that corresponds to your MySQL server version for the right syntax to use near ''Ba' at line 1 (1064)
L 09/19/2011 - 16:26:59: [amxbans.amxx] [Amxbans] Статус запроса: 
L 09/19/2011 - 16:49:52: -------- Mapchange to zm_303 --------
L 09/19/2011 - 16:49:53: [amxbans.amxx] [AMXBANS] AMXBans 5.0 подключен
L 09/19/2011 - 16:49:59: [amxbans.amxx] [Amxbans] Запрос провален!
L 09/19/2011 - 16:49:59: [amxbans.amxx] [Amxbans] Ошибка, адрес: 18
L 09/19/2011 - 16:49:59: [amxbans.amxx] [Amxbans] Сообщение: You have an error in your SQL syntax; check the manual that corresponds to your MySQL server version for the right syntax to use near ''Ba' at line 1 (1064)
L 09/19/2011 - 16:49:59: [amxbans.amxx] [Amxbans] Статус запроса: 
L 09/19/2011 - 17:03:16: [amxbans.amxx] [Amxbans] Запрос провален!
L 09/19/2011 - 17:03:16: [amxbans.amxx] [Amxbans] Ошибка, адрес: 18
L 09/19/2011 - 17:03:16: [amxbans.amxx] [Amxbans] Сообщение: You have an error in your SQL syntax; check the manual that corresponds to your MySQL server version for the right syntax to use near '' at line 1 (1064)
L 09/19/2011 - 17:03:16: [amxbans.amxx] [Amxbans] Статус запроса: 
L 09/19/2011 - 17:11:35: [amxbans.amxx] [Amxbans] Запрос провален!
L 09/19/2011 - 17:11:35: [amxbans.amxx] [Amxbans] Ошибка, адрес: 18
L 09/19/2011 - 17:11:35: [amxbans.amxx] [Amxbans] Сообщение: You have an error in your SQL syntax; check the manual that corresponds to your MySQL server version for the right syntax to use near '' at line 1 (1064)
L 09/19/2011 - 17:11:35: [amxbans.amxx] [Amxbans] Статус запроса: 
L 09/19/2011 - 17:22:22: -------- Mapchange to 016 --------
L 09/19/2011 - 17:22:24: [amxbans.amxx] [AMXBANS] AMXBans 5.0 подключен
L 09/19/2011 - 17:22:30: [amxbans.amxx] [Amxbans] Запрос провален!
L 09/19/2011 - 17:22:30: [amxbans.amxx] [Amxbans] Ошибка, адрес: 18
L 09/19/2011 - 17:22:30: [amxbans.amxx] [Amxbans] Сообщение: You have an error in your SQL syntax; check the manual that corresponds to your MySQL server version for the right syntax to use near '' at line 1 (1064)
L 09/19/2011 - 17:22:30: [amxbans.amxx] [Amxbans] Статус запроса: 
L 09/19/2011 - 17:53:13: -------- Mapchange to cs_militia --------
L 09/19/2011 - 17:53:19: [amxbans.amxx] [AMXBANS] AMXBans 5.0 подключен
L 09/19/2011 - 18:14:37: -------- Mapchange to ze_lift_escape_b5 --------
L 09/19/2011 - 18:14:38: [amxbans.amxx] [AMXBANS] AMXBans 5.0 подключен
L 09/19/2011 - 18:31:38: -------- Mapchange to zm_cpl_mill_kamp --------
L 09/19/2011 - 18:31:40: [amxbans.amxx] [AMXBANS] AMXBans 5.0 подключен
L 09/19/2011 - 18:41:20: [amxbans.amxx] [Amxbans] Запрос провален!
L 09/19/2011 - 18:41:20: [amxbans.amxx] [Amxbans] Ошибка, адрес: 18
L 09/19/2011 - 18:41:20: [amxbans.amxx] [Amxbans] Сообщение: You have an error in your SQL syntax; check the manual that corresponds to your MySQL server version for the right syntax to use near '' at line 1 (1064)
L 09/19/2011 - 18:41:20: [amxbans.amxx] [Amxbans] Статус запроса: 
L 09/19/2011 - 18:52:46: -------- Mapchange to zm_decline2k --------
L 09/19/2011 - 18:52:48: [amxbans.amxx] [AMXBANS] AMXBans 5.0 подключен
L 09/19/2011 - 18:52:54: [amxbans.amxx] [Amxbans] Запрос провален!
L 09/19/2011 - 18:52:54: [amxbans.amxx] [Amxbans] Ошибка, адрес: 18
L 09/19/2011 - 18:52:54: [amxbans.amxx] [Amxbans] Сообщение: You have an error in your SQL syntax; check the manual that corresponds to your MySQL server version for the right syntax to use near '' at line 1 (1064)
L 09/19/2011 - 18:52:54: [amxbans.amxx] [Amxbans] Статус запроса: 
L 09/19/2011 - 19:13:26: -------- Mapchange to zm_caca --------
L 09/19/2011 - 19:13:27: [amxbans.amxx] [AMXBANS] AMXBans 5.0 подключен
L 09/19/2011 - 19:13:56: [amxbans.amxx] [Amxbans] Запрос провален!
L 09/19/2011 - 19:13:56: [amxbans.amxx] [Amxbans] Ошибка, адрес: 18
L 09/19/2011 - 19:13:56: [amxbans.amxx] [Amxbans] Сообщение: You have an error in your SQL syntax; check the manual that corresponds to your MySQL server version for the right syntax to use near '' at line 1 (1064)
L 09/19/2011 - 19:13:56: [amxbans.amxx] [Amxbans] Статус запроса: 
L 09/19/2011 - 19:20:46: [admin_amxbans.amxx] Login: "Kenny<761><STEAM_0:0:963405193><>" became an admin (account "Kenny") (access "abcdefghijlmnopqstu") (address "87.253.20.64")
L 09/19/2011 - 19:36:04: -------- Mapchange to ze_egypt --------
L 09/19/2011 - 19:36:06: [amxbans.amxx] [AMXBANS] AMXBans 5.0 подключен
L 09/19/2011 - 19:36:12: [amxbans.amxx] [Amxbans] Запрос провален!
L 09/19/2011 - 19:36:12: [amxbans.amxx] [Amxbans] Ошибка, адрес: 18
L 09/19/2011 - 19:36:12: [amxbans.amxx] [Amxbans] Сообщение: You have an error in your SQL syntax; check the manual that corresponds to your MySQL server version for the right syntax to use near '' at line 1 (1064)
L 09/19/2011 - 19:36:12: [amxbans.amxx] [Amxbans] Статус запроса: 
L 09/19/2011 - 19:36:14: [amxbans.amxx] [Amxbans] Запрос провален!
L 09/19/2011 - 19:36:14: [amxbans.amxx] [Amxbans] Ошибка, адрес: 18
L 09/19/2011 - 19:36:14: [amxbans.amxx] [Amxbans] Сообщение: You have an error in your SQL syntax; check the manual that corresponds to your MySQL server version for the right syntax to use near '' at line 1 (1064)
L 09/19/2011 - 19:36:14: [amxbans.amxx] [Amxbans] Статус запроса: 
L 09/19/2011 - 19:36:44: [amxbans.amxx] [Amxbans] Запрос провален!
L 09/19/2011 - 19:36:44: [amxbans.amxx] [Amxbans] Ошибка, адрес: 18
L 09/19/2011 - 19:36:44: [amxbans.amxx] [Amxbans] Сообщение: You have an error in your SQL syntax; check the manual that corresponds to your MySQL server version for the right syntax to use near '' at line 1 (1064)
L 09/19/2011 - 19:36:44: [amxbans.amxx] [Amxbans] Статус запроса: 
L 09/19/2011 - 19:39:56: [amxbans.amxx] [Amxbans] Запрос провален!
L 09/19/2011 - 19:39:56: [amxbans.amxx] [Amxbans] Ошибка, адрес: 18
L 09/19/2011 - 19:39:56: [amxbans.amxx] [Amxbans] Сообщение: You have an error in your SQL syntax; check the manual that corresponds to your MySQL server version for the right syntax to use near '' at line 1 (1064)
L 09/19/2011 - 19:39:56: [amxbans.amxx] [Amxbans] Статус запроса: 
L 09/19/2011 - 19:45:14: [amxbans.amxx] [Amxbans] Запрос провален!
L 09/19/2011 - 19:45:14: [amxbans.amxx] [Amxbans] Ошибка, адрес: 18
L 09/19/2011 - 19:45:14: [amxbans.amxx] [Amxbans] Сообщение: You have an error in your SQL syntax; check the manual that corresponds to your MySQL server version for the right syntax to use near '' at line 1 (1064)
L 09/19/2011 - 19:45:14: [amxbans.amxx] [Amxbans] Статус запроса: 
L 09/19/2011 - 19:45:18: [amxbans.amxx] [Amxbans] Запрос провален!
L 09/19/2011 - 19:45:18: [amxbans.amxx] [Amxbans] Ошибка, адрес: 18
L 09/19/2011 - 19:45:18: [amxbans.amxx] [Amxbans] Сообщение: You have an error in your SQL syntax; check the manual that corresponds to your MySQL server version for the right syntax to use near '' at line 1 (1064)
L 09/19/2011 - 19:45:18: [amxbans.amxx] [Amxbans] Статус запроса: 
L 09/19/2011 - 19:52:14: -------- Mapchange to ze_jurassicpark --------
L 09/19/2011 - 19:52:15: [amxbans.amxx] [AMXBANS] AMXBans 5.0 подключен
L 09/19/2011 - 20:02:19: [admin_amxbans.amxx] Login: "Euforia<842><STEAM_0:0:1365425199><>" became an admin (account "Euforia") (access "t") (address "188.123.245.19")
L 09/19/2011 - 20:02:23: [admin_amxbans.amxx] Login: "Euforia<843><STEAM_0:0:1365425199><>" became an admin (account "Euforia") (access "t") (address "188.123.245.19")
L 09/19/2011 - 20:02:37: [admin_amxbans.amxx] Login: "Euforia<844><STEAM_0:0:1365425199><>" became an admin (account "Euforia") (access "t") (address "188.123.245.19")
L 09/19/2011 - 20:04:25: [admin_amxbans.amxx] Login: "Euforia<848><STEAM_0:0:1365425199><>" became an admin (account "Euforia") (access "t") (address "188.123.245.19")
L 09/19/2011 - 20:05:09: [admin_amxbans.amxx] Login: "Lenusjka<849><STEAM_0:4:1429483121><>" kicked due to invalid password (account "Lenusjka") (address "91.190.52.3")
L 09/19/2011 - 20:06:01: [admin_amxbans.amxx] Login: "Lenusjka<850><STEAM_0:4:1429483121><>" kicked due to invalid password (account "Lenusjka") (address "91.190.52.3")
L 09/19/2011 - 20:06:10: [admin_amxbans.amxx] Login: "Lenusjka<851><STEAM_0:4:1429483121><>" kicked due to invalid password (account "Lenusjka") (address "91.190.52.3")
L 09/19/2011 - 20:06:57: [admin_amxbans.amxx] Login: "Lenusjka<853><STEAM_0:4:1429483121><>" kicked due to invalid password (account "Lenusjka") (address "91.190.52.3")
L 09/19/2011 - 20:07:08: [admin_amxbans.amxx] Login: "Lenusjka<854><STEAM_0:4:1429483121><>" kicked due to invalid password (account "Lenusjka") (address "91.190.52.3")
L 09/19/2011 - 20:07:14: [admin_amxbans.amxx] Login: "Lenusjka<855><STEAM_0:4:1429483121><>" kicked due to invalid password (account "Lenusjka") (address "91.190.52.3")
L 09/19/2011 - 20:07:17: [admin_amxbans.amxx] Login: "Lenusjka<857><STEAM_0:4:1429483121><>" kicked due to invalid password (account "Lenusjka") (address "91.190.52.3")
L 09/19/2011 - 20:07:23: [admin_amxbans.amxx] Login: "Lenusjka<858><STEAM_0:4:1429483121><>" kicked due to invalid password (account "Lenusjka") (address "91.190.52.3")
L 09/19/2011 - 20:07:33: [admin_amxbans.amxx] Login: "Lenusjka<859><STEAM_0:4:1429483121><>" kicked due to invalid password (account "Lenusjka") (address "91.190.52.3")
L 09/19/2011 - 20:07:40: [admin_amxbans.amxx] Login: "Lenusjka<860><STEAM_0:4:1429483121><>" kicked due to invalid password (account "Lenusjka") (address "91.190.52.3")
L 09/19/2011 - 20:07:51: [admin_amxbans.amxx] Login: "Lenusjka<861><STEAM_0:4:1429483121><>" kicked due to invalid password (account "Lenusjka") (address "91.190.52.3")
L 09/19/2011 - 20:09:43: [admin_amxbans.amxx] Login: "Lenusjka<863><STEAM_0:4:1429483121><>" kicked due to invalid password (account "Lenusjka") (address "91.190.52.3")
L 09/19/2011 - 20:10:23: [admin_amxbans.amxx] Login: "Lenusjka<864><STEAM_0:4:1429483121><>" kicked due to invalid password (account "Lenusjka") (address "91.190.52.3")
L 09/19/2011 - 20:12:28: -------- Mapchange to zm_303 --------
L 09/19/2011 - 20:12:30: [amxbans.amxx] [AMXBANS] AMXBans 5.0 подключен
L 09/19/2011 - 20:16:18: [admin_amxbans.amxx] Login: "Euforia<878><STEAM_0:0:1365425199><>" became an admin (account "Euforia") (access "t") (address "188.123.245.19")
L 09/19/2011 - 20:37:32: [amxbans.amxx] [Amxbans] Запрос провален!
L 09/19/2011 - 20:37:32: [amxbans.amxx] [Amxbans] Ошибка, адрес: 18
L 09/19/2011 - 20:37:32: [amxbans.amxx] [Amxbans] Сообщение: You have an error in your SQL syntax; check the manual that corresponds to your MySQL server version for the right syntax to use near '' at line 1 (1064)
L 09/19/2011 - 20:37:32: [amxbans.amxx] [Amxbans] Статус запроса: 
L 09/19/2011 - 20:42:36: -------- Mapchange to zm_666_brick --------
L 09/19/2011 - 20:42:37: [amxbans.amxx] [AMXBANS] AMXBans 5.0 подключен
L 09/19/2011 - 20:42:45: [amxbans.amxx] [Amxbans] Запрос провален!
L 09/19/2011 - 20:42:45: [amxbans.amxx] [Amxbans] Ошибка, адрес: 18
L 09/19/2011 - 20:42:45: [amxbans.amxx] [Amxbans] Сообщение: You have an error in your SQL syntax; check the manual that corresponds to your MySQL server version for the right syntax to use near '' at line 1 (1064)
L 09/19/2011 - 20:42:45: [amxbans.amxx] [Amxbans] Статус запроса: 
L 09/19/2011 - 20:43:52: [admin_amxbans.amxx] Login: "~Helena~<912><STEAM_0:4:872468330><>" became an admin (account "~Helena~") (access "at") (address "109.124.93.193")
L 09/19/2011 - 20:49:31: [voteban.amxx] ADMIN banned super drisH9 91.185.64.212
L 09/19/2011 - 20:51:29: [voteban.amxx] ADMIN banned G(o)G(o)G(o)Zombi 91.196.81.157
L 09/19/2011 - 20:52:12: [amxbans.amxx] [Amxbans] Запрос провален!
L 09/19/2011 - 20:52:12: [amxbans.amxx] [Amxbans] Ошибка, адрес: 18
L 09/19/2011 - 20:52:12: [amxbans.amxx] [Amxbans] Сообщение: You have an error in your SQL syntax; check the manual that corresponds to your MySQL server version for the right syntax to use near ''amxban' at line 1 (1064)
L 09/19/2011 - 20:52:12: [amxbans.amxx] [Amxbans] Статус запроса: 
L 09/19/2011 - 20:52:54: [amxbans.amxx] [Amxbans] Запрос провален!
L 09/19/2011 - 20:52:54: [amxbans.amxx] [Amxbans] Ошибка, адрес: 18
L 09/19/2011 - 20:52:54: [amxbans.amxx] [Amxbans] Сообщение: You have an error in your SQL syntax; check the manual that corresponds to your MySQL server version for the right syntax to use near '' at line 1 (1064)
L 09/19/2011 - 20:52:54: [amxbans.amxx] [Amxbans] Статус запроса: 
L 09/19/2011 - 20:53:43: [amxbans.amxx] [Amxbans] Запрос провален!
L 09/19/2011 - 20:53:43: [amxbans.amxx] [Amxbans] Ошибка, адрес: 18
L 09/19/2011 - 20:53:43: [amxbans.amxx] [Amxbans] Сообщение: You have an error in your SQL syntax; check the manual that corresponds to your MySQL server version for the right syntax to use near '' at line 1 (1064)
L 09/19/2011 - 20:53:43: [amxbans.amxx] [Amxbans] Статус запроса: 
L 09/19/2011 - 20:56:46: [admin_amxbans.amxx] Login: "F1-[G]amin[G] |G-man<927><STEAM_0:0:299692916><>" became an admin (account "F1-[G]amin[G] |G-man") (access "t") (address "194.0.68.126")
L 09/19/2011 - 21:01:38: [amxbans.amxx] [Amxbans] Запрос провален!
L 09/19/2011 - 21:01:38: [amxbans.amxx] [Amxbans] Ошибка, адрес: 18
L 09/19/2011 - 21:01:38: [amxbans.amxx] [Amxbans] Сообщение: You have an error in your SQL syntax; check the manual that corresponds to your MySQL server version for the right syntax to use near '' at line 1 (1064)
L 09/19/2011 - 21:01:38: [amxbans.amxx] [Amxbans] Статус запроса: 
L 09/19/2011 - 21:04:58: -------- Mapchange to zm_dwarf --------
L 09/19/2011 - 21:04:59: [admin_amxbans.amxx] Login: "~Helena~<912><STEAM_0:4:872468330><>" became an admin (account "~Helena~") (access "at") (address "109.124.93.193")
L 09/19/2011 - 21:04:59: [admin_amxbans.amxx] Login: "F1-[G]amin[G] |G-man<927><STEAM_0:0:299692916><>" became an admin (account "F1-[G]amin[G] |G-man") (access "t") (address "194.0.68.126")
L 09/19/2011 - 21:05:00: [amxbans.amxx] [AMXBANS] AMXBans 5.0 подключен
L 09/19/2011 - 21:05:07: [amxbans.amxx] [Amxbans] Запрос провален!
L 09/19/2011 - 21:05:07: [amxbans.amxx] [Amxbans] Ошибка, адрес: 18
L 09/19/2011 - 21:05:07: [amxbans.amxx] [Amxbans] Сообщение: You have an error in your SQL syntax; check the manual that corresponds to your MySQL server version for the right syntax to use near '' at line 1 (1064)
L 09/19/2011 - 21:05:07: [amxbans.amxx] [Amxbans] Статус запроса: 
L 09/19/2011 - 21:05:07: [amxbans.amxx] [Amxbans] Запрос провален!
L 09/19/2011 - 21:05:07: [amxbans.amxx] [Amxbans] Ошибка, адрес: 18
L 09/19/2011 - 21:05:07: [amxbans.amxx] [Amxbans] Сообщение: You have an error in your SQL syntax; check the manual that corresponds to your MySQL server version for the right syntax to use near ''amxban' at line 1 (1064)
L 09/19/2011 - 21:05:07: [amxbans.amxx] [Amxbans] Статус запроса: 
L 09/19/2011 - 21:17:48: [amxbans.amxx] [Amxbans] Запрос провален!
L 09/19/2011 - 21:17:48: [amxbans.amxx] [Amxbans] Ошибка, адрес: 18
L 09/19/2011 - 21:17:48: [amxbans.amxx] [Amxbans] Сообщение: You have an error in your SQL syntax; check the manual that corresponds to your MySQL server version for the right syntax to use near '' at line 1 (1064)
L 09/19/2011 - 21:17:48: [amxbans.amxx] [Amxbans] Статус запроса: 
L 09/19/2011 - 21:18:40: [amxbans.amxx] [Amxbans] Запрос провален!
L 09/19/2011 - 21:18:40: [amxbans.amxx] [Amxbans] Ошибка, адрес: 18
L 09/19/2011 - 21:18:40: [amxbans.amxx] [Amxbans] Сообщение: You have an error in your SQL syntax; check the manual that corresponds to your MySQL server version for the right syntax to use near '' at line 1 (1064)
L 09/19/2011 - 21:18:40: [amxbans.amxx] [Amxbans] Статус запроса: 
L 09/19/2011 - 21:21:26: [amxbans.amxx] [Amxbans] Запрос провален!
L 09/19/2011 - 21:21:26: [amxbans.amxx] [Amxbans] Ошибка, адрес: 18
L 09/19/2011 - 21:21:26: [amxbans.amxx] [Amxbans] Сообщение: You have an error in your SQL syntax; check the manual that corresponds to your MySQL server version for the right syntax to use near '' at line 1 (1064)
L 09/19/2011 - 21:21:26: [amxbans.amxx] [Amxbans] Статус запроса: 
L 09/19/2011 - 21:25:48: -------- Mapchange to ze_lift_escape_b5 --------
L 09/19/2011 - 21:25:49: [admin_amxbans.amxx] Login: "F1-[G]amin[G] |G-man<927><STEAM_0:0:299692916><>" became an admin (account "F1-[G]amin[G] |G-man") (access "t") (address "194.0.68.126")
L 09/19/2011 - 21:25:50: [amxbans.amxx] [AMXBANS] AMXBans 5.0 подключен
L 09/19/2011 - 21:25:56: [amxbans.amxx] [Amxbans] Запрос провален!
L 09/19/2011 - 21:25:56: [amxbans.amxx] [Amxbans] Ошибка, адрес: 18
L 09/19/2011 - 21:25:56: [amxbans.amxx] [Amxbans] Сообщение: You have an error in your SQL syntax; check the manual that corresponds to your MySQL server version for the right syntax to use near '' at line 1 (1064)
L 09/19/2011 - 21:25:56: [amxbans.amxx] [Amxbans] Статус запроса: 
L 09/19/2011 - 21:37:25: [amxbans.amxx] [Amxbans] Запрос провален!
L 09/19/2011 - 21:37:25: [amxbans.amxx] [Amxbans] Ошибка, адрес: 18
L 09/19/2011 - 21:37:25: [amxbans.amxx] [Amxbans] Сообщение: You have an error in your SQL syntax; check the manual that corresponds to your MySQL server version for the right syntax to use near '' at line 1 (1064)
L 09/19/2011 - 21:37:25: [amxbans.amxx] [Amxbans] Статус запроса: 
L 09/19/2011 - 21:43:28: -------- Mapchange to 016 --------
L 09/19/2011 - 21:43:29: [admin_amxbans.amxx] Login: "F1-[G]amin[G] |G-man<927><STEAM_0:0:299692916><>" became an admin (account "F1-[G]amin[G] |G-man") (access "t") (address "194.0.68.126")
L 09/19/2011 - 21:43:30: [amxbans.amxx] [AMXBANS] AMXBans 5.0 подключен
L 09/19/2011 - 21:43:35: [amxbans.amxx] [Amxbans] Запрос провален!
L 09/19/2011 - 21:43:35: [amxbans.amxx] [Amxbans] Ошибка, адрес: 18
L 09/19/2011 - 21:43:35: [amxbans.amxx] [Amxbans] Сообщение: You have an error in your SQL syntax; check the manual that corresponds to your MySQL server version for the right syntax to use near '' at line 1 (1064)
L 09/19/2011 - 21:43:35: [amxbans.amxx] [Amxbans] Статус запроса: 
L 09/19/2011 - 21:59:17: [admin_amxbans.amxx] Login: "~Helena~<993><STEAM_0:4:872468330><>" became an admin (account "~Helena~") (access "at") (address "109.124.93.193")
L 09/19/2011 - 22:00:09: [admin_amxbans.amxx] Login: "Lenusjka<994><STEAM_0:4:1429483121><>" kicked due to invalid password (account "Lenusjka") (address "91.190.52.3")
L 09/19/2011 - 22:00:18: [admin_amxbans.amxx] Login: "Lenusjka<995><STEAM_0:4:1429483121><>" kicked due to invalid password (account "Lenusjka") (address "91.190.52.3")
L 09/19/2011 - 22:16:12: -------- Mapchange to zm_cpl_mill_kamp --------
L 09/19/2011 - 22:16:12: [admin_amxbans.amxx] Login: "~Helena~<993><STEAM_0:4:872468330><>" became an admin (account "~Helena~") (access "at") (address "109.124.93.193")
L 09/19/2011 - 22:16:12: [admin_amxbans.amxx] Login: "F1-[G]amin[G] |G-man<927><STEAM_0:0:299692916><>" became an admin (account "F1-[G]amin[G] |G-man") (access "t") (address "194.0.68.126")
L 09/19/2011 - 22:16:13: [amxbans.amxx] [AMXBANS] AMXBans 5.0 подключен
L 09/19/2011 - 22:39:00: -------- Mapchange to zm_caca --------
L 09/19/2011 - 22:39:01: [admin_amxbans.amxx] Login: "~Helena~<993><STEAM_0:4:872468330><>" became an admin (account "~Helena~") (access "at") (address "109.124.93.193")
L 09/19/2011 - 22:39:02: [amxbans.amxx] [AMXBANS] AMXBans 5.0 подключен
L 09/19/2011 - 22:40:01: [admin_amxbans.amxx] Login: "Dimka<1046><STEAM_0:0:1236438227><>" became an admin (account "Dimka") (access "abcdefghijklmnopqrstu") (address "172.23.65.13")
L 09/19/2011 - 22:40:18: [admincmd.amxx] Cmd: "Dimka<1046><STEAM_0:0:1236438227><>" ask for players list
L 09/19/2011 - 22:53:12: [voteban.amxx] ADMIN banned Grindjo 89.110.5.47
L 09/19/2011 - 22:58:58: -------- Mapchange to ze_egypt --------
L 09/19/2011 - 22:58:59: [admin_amxbans.amxx] Login: "~Helena~<993><STEAM_0:4:872468330><>" became an admin (account "~Helena~") (access "at") (address "109.124.93.193")
L 09/19/2011 - 22:59:00: [amxbans.amxx] [AMXBANS] AMXBans 5.0 подключен
L 09/19/2011 - 22:59:01: [admin_amxbans.amxx] Login: "~Helena~<1062><STEAM_0:4:872468330><>" became an admin (account "~Helena~") (access "at") (address "109.124.93.193")
L 09/19/2011 - 23:12:03: -------- Mapchange to zm_neris --------
L 09/19/2011 - 23:12:05: [amxbans.amxx] [AMXBANS] AMXBans 5.0 подключен
L 09/19/2011 - 23:34:50: -------- Mapchange to zm_303 --------
L 09/19/2011 - 23:34:51: [amxbans.amxx] [AMXBANS] AMXBans 5.0 подключен
