L 09/02/2011 - 00:16:41: -------- Mapchange to zm_alley --------
L 09/02/2011 - 00:16:43: [admin_amxbans.amxx] Login: "Dimka<1000><STEAM_0:0:1236438227><>" became an admin (account "Dimka") (access "abcdefghijklmnopqrstu") (address "172.23.65.13")
L 09/02/2011 - 00:16:43: [admin_amxbans.amxx] Login: "MASTER HARD<1027><STEAM_0:0:21084527><>" became an admin (account "91.192.190.95") (access "abcdefghijklmnopqstu") (address "91.192.190.95")
L 09/02/2011 - 00:16:44: [amxbans.amxx] [AMXBANS] AMXBans 5.0 подключен
L 09/02/2011 - 00:34:49: -------- Mapchange to zm_cpl_mill_kamp --------
L 09/02/2011 - 00:34:51: [amxbans.amxx] [AMXBANS] AMXBans 5.0 подключен
L 09/02/2011 - 00:37:49: -------- Mapchange to cs_estate --------
L 09/02/2011 - 00:37:53: [amxbans.amxx] [AMXBANS] AMXBans 5.0 подключен
L 09/02/2011 - 00:38:09: [admin_amxbans.amxx] Login: "VIP'yJI9I<1061><STEAM_0:4:446327478><>" became an admin (account "212.55.104.156") (access "abcdefgijlmnopqrstu") (address "212.55.104.156")
L 09/02/2011 - 00:38:27: [admin_amxbans.amxx] Login: "VIP'yJI9I<1066><STEAM_0:4:446327478><>" became an admin (account "212.55.104.156") (access "abcdefgijlmnopqrstu") (address "212.55.104.156")
L 09/02/2011 - 00:39:28: [mapsmenu.amxx] Cmd: "VIP'yJI9I<1066><STEAM_0:4:446327478><>" changelevel "zm_666_brick"
L 09/02/2011 - 00:39:31: -------- Mapchange to zm_666_brick --------
L 09/02/2011 - 00:39:32: [admin_amxbans.amxx] Login: "VIP'yJI9I<1066><STEAM_0:4:446327478><>" became an admin (account "212.55.104.156") (access "abcdefgijlmnopqrstu") (address "212.55.104.156")
L 09/02/2011 - 00:39:33: [amxbans.amxx] [AMXBANS] AMXBans 5.0 подключен
L 09/02/2011 - 00:46:31: -------- Mapchange to cs_estate --------
L 09/02/2011 - 00:46:36: [amxbans.amxx] [AMXBANS] AMXBans 5.0 подключен
L 09/02/2011 - 00:49:45: [admin_amxbans.amxx] Login: "VIP'yJI9I<1080><STEAM_0:4:446327478><>" became an admin (account "212.55.104.156") (access "abcdefgijlmnopqrstu") (address "212.55.104.156")
L 09/02/2011 - 00:55:41: -------- Mapchange to zm_desolation_house --------
L 09/02/2011 - 00:55:43: [amxbans.amxx] [AMXBANS] AMXBans 5.0 подключен
L 09/02/2011 - 00:59:10: -------- Mapchange to cs_estate --------
L 09/02/2011 - 00:59:14: [amxbans.amxx] [AMXBANS] AMXBans 5.0 подключен
L 09/02/2011 - 01:04:57: -------- Mapchange to zm_fdust2x2 --------
L 09/02/2011 - 01:04:59: [amxbans.amxx] [AMXBANS] AMXBans 5.0 подключен
L 09/02/2011 - 01:08:25: -------- Mapchange to cs_estate --------
L 09/02/2011 - 01:08:29: [amxbans.amxx] [AMXBANS] AMXBans 5.0 подключен
L 09/02/2011 - 01:18:22: -------- Mapchange to cs_estate --------
L 09/02/2011 - 01:18:26: [amxbans.amxx] [AMXBANS] AMXBans 5.0 подключен
L 09/02/2011 - 01:28:19: -------- Mapchange to cs_estate --------
L 09/02/2011 - 01:28:23: [amxbans.amxx] [AMXBANS] AMXBans 5.0 подключен
L 09/02/2011 - 01:38:17: -------- Mapchange to cs_estate --------
L 09/02/2011 - 01:38:20: [amxbans.amxx] [AMXBANS] AMXBans 5.0 подключен
L 09/02/2011 - 01:48:13: -------- Mapchange to cs_estate --------
L 09/02/2011 - 01:48:17: [amxbans.amxx] [AMXBANS] AMXBans 5.0 подключен
L 09/02/2011 - 01:58:10: -------- Mapchange to cs_estate --------
L 09/02/2011 - 01:58:14: [amxbans.amxx] [AMXBANS] AMXBans 5.0 подключен
L 09/02/2011 - 02:08:07: -------- Mapchange to cs_estate --------
L 09/02/2011 - 02:08:11: [amxbans.amxx] [AMXBANS] AMXBans 5.0 подключен
L 09/02/2011 - 02:16:31: -------- Mapchange to zm_neris --------
L 09/02/2011 - 02:16:33: [amxbans.amxx] [AMXBANS] AMXBans 5.0 подключен
L 09/02/2011 - 02:19:31: -------- Mapchange to cs_estate --------
L 09/02/2011 - 02:19:34: [amxbans.amxx] [AMXBANS] AMXBans 5.0 подключен
L 09/02/2011 - 02:29:27: -------- Mapchange to cs_estate --------
L 09/02/2011 - 02:29:30: [amxbans.amxx] [AMXBANS] AMXBans 5.0 подключен
L 09/02/2011 - 02:39:24: -------- Mapchange to cs_estate --------
L 09/02/2011 - 02:39:27: [amxbans.amxx] [AMXBANS] AMXBans 5.0 подключен
L 09/02/2011 - 02:49:20: -------- Mapchange to cs_estate --------
L 09/02/2011 - 02:49:23: [amxbans.amxx] [AMXBANS] AMXBans 5.0 подключен
L 09/02/2011 - 02:59:16: -------- Mapchange to cs_estate --------
L 09/02/2011 - 02:59:19: [amxbans.amxx] [AMXBANS] AMXBans 5.0 подключен
L 09/02/2011 - 03:09:13: -------- Mapchange to cs_estate --------
L 09/02/2011 - 03:09:17: [amxbans.amxx] [AMXBANS] AMXBans 5.0 подключен
L 09/02/2011 - 03:19:10: -------- Mapchange to cs_estate --------
L 09/02/2011 - 03:19:15: [amxbans.amxx] [AMXBANS] AMXBans 5.0 подключен
L 09/02/2011 - 03:29:08: -------- Mapchange to cs_estate --------
L 09/02/2011 - 03:29:13: [amxbans.amxx] [AMXBANS] AMXBans 5.0 подключен
L 09/02/2011 - 03:39:06: -------- Mapchange to cs_estate --------
L 09/02/2011 - 03:39:10: [amxbans.amxx] [AMXBANS] AMXBans 5.0 подключен
L 09/02/2011 - 03:49:04: -------- Mapchange to cs_estate --------
L 09/02/2011 - 03:49:08: [amxbans.amxx] [AMXBANS] AMXBans 5.0 подключен
L 09/02/2011 - 03:58:56: -------- Mapchange to cs_estate --------
L 09/02/2011 - 03:58:59: [amxbans.amxx] [AMXBANS] AMXBans 5.0 подключен
L 09/02/2011 - 04:08:52: -------- Mapchange to cs_estate --------
L 09/02/2011 - 04:08:55: [amxbans.amxx] [AMXBANS] AMXBans 5.0 подключен
L 09/02/2011 - 04:18:49: -------- Mapchange to cs_estate --------
L 09/02/2011 - 04:18:52: [amxbans.amxx] [AMXBANS] AMXBans 5.0 подключен
L 09/02/2011 - 04:28:45: -------- Mapchange to cs_estate --------
L 09/02/2011 - 04:28:48: [amxbans.amxx] [AMXBANS] AMXBans 5.0 подключен
L 09/02/2011 - 04:48:11: -------- Mapchange to cs_estate --------
L 09/02/2011 - 04:48:14: [amxbans.amxx] [AMXBANS] AMXBans 5.0 подключен
L 09/02/2011 - 04:58:08: -------- Mapchange to cs_estate --------
L 09/02/2011 - 04:58:11: [amxbans.amxx] [AMXBANS] AMXBans 5.0 подключен
L 09/02/2011 - 05:08:04: -------- Mapchange to cs_estate --------
L 09/02/2011 - 05:08:07: [amxbans.amxx] [AMXBANS] AMXBans 5.0 подключен
L 09/02/2011 - 05:18:00: -------- Mapchange to cs_estate --------
L 09/02/2011 - 05:18:03: [amxbans.amxx] [AMXBANS] AMXBans 5.0 подключен
L 09/02/2011 - 05:27:57: -------- Mapchange to cs_estate --------
L 09/02/2011 - 05:28:01: [amxbans.amxx] [AMXBANS] AMXBans 5.0 подключен
L 09/02/2011 - 05:37:55: -------- Mapchange to cs_estate --------
L 09/02/2011 - 05:37:59: [amxbans.amxx] [AMXBANS] AMXBans 5.0 подключен
L 09/02/2011 - 05:47:53: -------- Mapchange to cs_estate --------
L 09/02/2011 - 05:47:57: [amxbans.amxx] [AMXBANS] AMXBans 5.0 подключен
L 09/02/2011 - 05:57:50: -------- Mapchange to cs_estate --------
L 09/02/2011 - 05:57:54: [amxbans.amxx] [AMXBANS] AMXBans 5.0 подключен
L 09/02/2011 - 06:07:48: -------- Mapchange to cs_estate --------
L 09/02/2011 - 06:07:52: [amxbans.amxx] [AMXBANS] AMXBans 5.0 подключен
L 09/02/2011 - 06:17:46: -------- Mapchange to cs_estate --------
L 09/02/2011 - 06:17:50: [amxbans.amxx] [AMXBANS] AMXBans 5.0 подключен
L 09/02/2011 - 06:27:43: -------- Mapchange to cs_estate --------
L 09/02/2011 - 06:27:46: [amxbans.amxx] [AMXBANS] AMXBans 5.0 подключен
L 09/02/2011 - 06:42:10: -------- Mapchange to cs_estate --------
L 09/02/2011 - 06:42:13: [amxbans.amxx] [AMXBANS] AMXBans 5.0 подключен
L 09/02/2011 - 06:44:20: [amxbans.amxx] [Amxbans] Запрос провален!
L 09/02/2011 - 06:44:20: [amxbans.amxx] [Amxbans] Ошибка, адрес: 18
L 09/02/2011 - 06:44:20: [amxbans.amxx] [Amxbans] Сообщение: You have an error in your SQL syntax; check the manual that corresponds to your MySQL server version for the right syntax to use near ''amx' at line 1 (1064)
L 09/02/2011 - 06:44:20: [amxbans.amxx] [Amxbans] Статус запроса: 
L 09/02/2011 - 06:50:32: -------- Mapchange to zm_alley --------
L 09/02/2011 - 06:50:34: [amxbans.amxx] [AMXBANS] AMXBans 5.0 подключен
L 09/02/2011 - 06:53:53: -------- Mapchange to cs_estate --------
L 09/02/2011 - 06:53:56: [amxbans.amxx] [AMXBANS] AMXBans 5.0 подключен
L 09/02/2011 - 07:03:49: -------- Mapchange to cs_estate --------
L 09/02/2011 - 07:03:52: [amxbans.amxx] [AMXBANS] AMXBans 5.0 подключен
L 09/02/2011 - 07:18:56: -------- Mapchange to cs_estate --------
L 09/02/2011 - 07:18:59: [amxbans.amxx] [AMXBANS] AMXBans 5.0 подключен
L 09/02/2011 - 07:27:19: -------- Mapchange to ze_lift_escape_b5 --------
L 09/02/2011 - 07:27:21: [amxbans.amxx] [AMXBANS] AMXBans 5.0 подключен
L 09/02/2011 - 07:30:19: -------- Mapchange to cs_estate --------
L 09/02/2011 - 07:30:22: [amxbans.amxx] [AMXBANS] AMXBans 5.0 подключен
L 09/02/2011 - 07:43:30: -------- Mapchange to cs_estate --------
L 09/02/2011 - 07:43:33: [amxbans.amxx] [AMXBANS] AMXBans 5.0 подключен
L 09/02/2011 - 07:51:53: -------- Mapchange to ze_jurassicpark --------
L 09/02/2011 - 07:51:55: [amxbans.amxx] [AMXBANS] AMXBans 5.0 подключен
L 09/02/2011 - 07:55:32: -------- Mapchange to cs_estate --------
L 09/02/2011 - 07:55:35: [amxbans.amxx] [AMXBANS] AMXBans 5.0 подключен
L 09/02/2011 - 08:05:29: -------- Mapchange to cs_estate --------
L 09/02/2011 - 08:05:32: [amxbans.amxx] [AMXBANS] AMXBans 5.0 подключен
L 09/02/2011 - 08:19:10: -------- Mapchange to cs_estate --------
L 09/02/2011 - 08:19:13: [amxbans.amxx] [AMXBANS] AMXBans 5.0 подключен
L 09/02/2011 - 08:33:11: -------- Mapchange to 016 --------
L 09/02/2011 - 08:33:13: [amxbans.amxx] [AMXBANS] AMXBans 5.0 подключен
L 09/02/2011 - 08:37:10: -------- Mapchange to cs_estate --------
L 09/02/2011 - 08:37:13: [amxbans.amxx] [AMXBANS] AMXBans 5.0 подключен
L 09/02/2011 - 08:45:51: -------- Mapchange to zm_alley --------
L 09/02/2011 - 08:45:53: [amxbans.amxx] [AMXBANS] AMXBans 5.0 подключен
L 09/02/2011 - 08:49:40: -------- Mapchange to cs_estate --------
L 09/02/2011 - 08:49:42: [amxbans.amxx] [AMXBANS] AMXBans 5.0 подключен
L 09/02/2011 - 08:59:36: -------- Mapchange to cs_estate --------
L 09/02/2011 - 08:59:39: [amxbans.amxx] [AMXBANS] AMXBans 5.0 подключен
L 09/02/2011 - 09:07:59: -------- Mapchange to zm_caca --------
L 09/02/2011 - 09:08:00: [amxbans.amxx] [AMXBANS] AMXBans 5.0 подключен
L 09/02/2011 - 09:10:59: -------- Mapchange to cs_estate --------
L 09/02/2011 - 09:11:02: [amxbans.amxx] [AMXBANS] AMXBans 5.0 подключен
L 09/02/2011 - 09:16:44: -------- Mapchange to zm_666_brick --------
L 09/02/2011 - 09:16:46: [amxbans.amxx] [AMXBANS] AMXBans 5.0 подключен
L 09/02/2011 - 09:19:48: -------- Mapchange to cs_estate --------
L 09/02/2011 - 09:19:51: [amxbans.amxx] [AMXBANS] AMXBans 5.0 подключен
L 09/02/2011 - 09:28:11: -------- Mapchange to zm_fdust2x2 --------
L 09/02/2011 - 09:28:13: [amxbans.amxx] [AMXBANS] AMXBans 5.0 подключен
L 09/02/2011 - 09:31:11: -------- Mapchange to cs_estate --------
L 09/02/2011 - 09:31:16: [amxbans.amxx] [AMXBANS] AMXBans 5.0 подключен
L 09/02/2011 - 09:49:24: -------- Mapchange to zm_houses --------
L 09/02/2011 - 09:49:26: [amxbans.amxx] [AMXBANS] AMXBans 5.0 подключен
L 09/02/2011 - 09:52:24: -------- Mapchange to cs_estate --------
L 09/02/2011 - 09:52:27: [amxbans.amxx] [AMXBANS] AMXBans 5.0 подключен
L 09/02/2011 - 10:07:37: -------- Mapchange to zm_303 --------
L 09/02/2011 - 10:07:39: [amxbans.amxx] [AMXBANS] AMXBans 5.0 подключен
L 09/02/2011 - 10:13:00: [admin_amxbans.amxx] Login: "Lajserk<1346><STEAM_0:0:729086216><>" became an admin (account "Lajserk") (access "t") (address "91.192.200.10")
L 09/02/2011 - 10:29:51: [admin_amxbans.amxx] Login: "Euforia<1348><STEAM_0:0:1372182710><>" became an admin (account "Euforia") (access "t") (address "188.123.245.19")
L 09/02/2011 - 10:30:36: -------- Mapchange to zm_desolation_house --------
L 09/02/2011 - 10:30:37: [admin_amxbans.amxx] Login: "Lajserk<1346><STEAM_0:0:729086216><>" became an admin (account "Lajserk") (access "t") (address "91.192.200.10")
L 09/02/2011 - 10:30:37: [admin_amxbans.amxx] Login: "Euforia<1348><STEAM_0:0:1372182710><>" became an admin (account "Euforia") (access "t") (address "188.123.245.19")
L 09/02/2011 - 10:30:37: [admin_amxbans.amxx] Login: "Euforia<1348><STEAM_0:0:1372182710><>" became an admin (account "Euforia") (access "t") (address "188.123.245.19")
L 09/02/2011 - 10:30:38: [amxbans.amxx] [AMXBANS] AMXBans 5.0 подключен
L 09/02/2011 - 10:32:38: [admin_amxbans.amxx] Login: "Euforia<1350><STEAM_0:0:1372182710><>" became an admin (account "Euforia") (access "t") (address "188.123.245.19")
L 09/02/2011 - 10:32:45: [admin_amxbans.amxx] Login: "Euforia<1351><STEAM_0:0:1372182710><>" became an admin (account "Euforia") (access "t") (address "188.123.245.19")
L 09/02/2011 - 10:48:52: -------- Mapchange to cs_estate --------
L 09/02/2011 - 10:48:55: [amxbans.amxx] [AMXBANS] AMXBans 5.0 подключен
L 09/02/2011 - 10:50:44: [admin_amxbans.amxx] Login: "Dimka<1362><STEAM_0:0:1236438227><>" became an admin (account "Dimka") (access "abcdefghijklmnopqrstu") (address "172.23.65.13")
L 09/02/2011 - 11:02:04: -------- Mapchange to cs_estate --------
L 09/02/2011 - 11:02:07: [amxbans.amxx] [AMXBANS] AMXBans 5.0 подключен
L 09/02/2011 - 11:10:26: -------- Mapchange to zm_neris --------
L 09/02/2011 - 11:10:28: [amxbans.amxx] [AMXBANS] AMXBans 5.0 подключен
L 09/02/2011 - 11:11:31: [admin_amxbans.amxx] Login: "Euforia<1374><STEAM_0:0:1372182710><>" became an admin (account "Euforia") (access "t") (address "188.123.245.19")
L 09/02/2011 - 11:13:26: -------- Mapchange to cs_estate --------
L 09/02/2011 - 11:13:29: [amxbans.amxx] [AMXBANS] AMXBans 5.0 подключен
L 09/02/2011 - 11:34:50: -------- Mapchange to zm_666_brick --------
L 09/02/2011 - 11:34:52: [amxbans.amxx] [AMXBANS] AMXBans 5.0 подключен
L 09/02/2011 - 11:48:30: [admin_amxbans.amxx] Login: "Euforia<1395><STEAM_0:0:1372182710><>" became an admin (account "Euforia") (access "t") (address "188.123.245.19")
L 09/02/2011 - 11:50:25: [voteban.amxx] Voteban starter Euforia against Vitaminka STEAM_0:4:1067760629
L 09/02/2011 - 11:50:40: [voteban.amxx] [AMXX] BANNED: Vitaminka, STARTER: Euforia
L 09/02/2011 - 11:50:41: [amxbans.amxx]  Зомби сервер (x_x(O_o)x_x) Go Zombie !!!<0><><> забанил Vitaminka<STEAM_0:4:1067760629> на 15 минут (15 минут). Причина: VIP->Euforia.
L 09/02/2011 - 11:56:56: -------- Mapchange to 016 --------
L 09/02/2011 - 11:56:57: [admin_amxbans.amxx] Login: "Euforia<1395><STEAM_0:0:1372182710><>" became an admin (account "Euforia") (access "t") (address "188.123.245.19")
L 09/02/2011 - 11:56:58: [amxbans.amxx] [AMXBANS] AMXBans 5.0 подключен
L 09/02/2011 - 12:10:00: -------- Mapchange to ze_train_back_lg --------
L 09/02/2011 - 12:10:01: [admin_amxbans.amxx] Login: "Euforia<1395><STEAM_0:0:1372182710><>" became an admin (account "Euforia") (access "t") (address "188.123.245.19")
L 09/02/2011 - 12:10:01: [admin_amxbans.amxx] Login: "Euforia<1395><STEAM_0:0:1372182710><>" became an admin (account "Euforia") (access "t") (address "188.123.245.19")
L 09/02/2011 - 12:10:02: [amxbans.amxx] [AMXBANS] AMXBans 5.0 подключен
L 09/02/2011 - 12:10:24: [admin_amxbans.amxx] Login: "Euforia<1409><STEAM_0:0:1372182710><>" became an admin (account "Euforia") (access "t") (address "188.123.245.19")
L 09/02/2011 - 12:22:43: -------- Mapchange to zm_alley --------
L 09/02/2011 - 12:22:45: [amxbans.amxx] [AMXBANS] AMXBans 5.0 подключен
L 09/02/2011 - 12:26:51: [admin_amxbans.amxx] Login: "Lajserk<1426><STEAM_0:0:729086216><>" became an admin (account "Lajserk") (access "t") (address "91.192.200.11")
L 09/02/2011 - 12:44:39: -------- Mapchange to ze_lift_escape_b5 --------
L 09/02/2011 - 12:44:40: [amxbans.amxx] [AMXBANS] AMXBans 5.0 подключен
L 09/02/2011 - 12:55:31: -------- Mapchange to cs_estate --------
L 09/02/2011 - 12:55:34: [amxbans.amxx] [AMXBANS] AMXBans 5.0 подключен
L 09/02/2011 - 13:07:12: -------- Mapchange to cs_estate --------
L 09/02/2011 - 13:07:15: [amxbans.amxx] [AMXBANS] AMXBans 5.0 подключен
L 09/02/2011 - 13:20:13: -------- Mapchange to zm_fdust2x2 --------
L 09/02/2011 - 13:20:14: [amxbans.amxx] [AMXBANS] AMXBans 5.0 подключен
L 09/02/2011 - 13:42:29: -------- Mapchange to zm_caca --------
L 09/02/2011 - 13:42:31: [amxbans.amxx] [AMXBANS] AMXBans 5.0 подключен
L 09/02/2011 - 14:03:17: -------- Mapchange to ze_jurassicpark --------
L 09/02/2011 - 14:03:19: [amxbans.amxx] [AMXBANS] AMXBans 5.0 подключен
L 09/02/2011 - 14:25:32: -------- Mapchange to zm_666_brick --------
L 09/02/2011 - 14:25:33: [amxbans.amxx] [AMXBANS] AMXBans 5.0 подключен
L 09/02/2011 - 14:31:16: [amxbans.amxx] [Amxbans] Запрос провален!
L 09/02/2011 - 14:31:16: [amxbans.amxx] [Amxbans] Ошибка, адрес: 18
L 09/02/2011 - 14:31:16: [amxbans.amxx] [Amxbans] Сообщение: You have an error in your SQL syntax; check the manual that corresponds to your MySQL server version for the right syntax to use near ''amx' at line 1 (1064)
L 09/02/2011 - 14:31:16: [amxbans.amxx] [Amxbans] Статус запроса: 
L 09/02/2011 - 14:34:15: [amxbans.amxx] [Amxbans] Запрос провален!
L 09/02/2011 - 14:34:15: [amxbans.amxx] [Amxbans] Ошибка, адрес: 18
L 09/02/2011 - 14:34:15: [amxbans.amxx] [Amxbans] Сообщение: You have an error in your SQL syntax; check the manual that corresponds to your MySQL server version for the right syntax to use near ''amx' at line 1 (1064)
L 09/02/2011 - 14:34:15: [amxbans.amxx] [Amxbans] Статус запроса: 
L 09/02/2011 - 14:36:57: [amxbans.amxx] [Amxbans] Запрос провален!
L 09/02/2011 - 14:36:57: [amxbans.amxx] [Amxbans] Ошибка, адрес: 18
L 09/02/2011 - 14:36:57: [amxbans.amxx] [Amxbans] Сообщение: You have an error in your SQL syntax; check the manual that corresponds to your MySQL server version for the right syntax to use near ''amx' at line 1 (1064)
L 09/02/2011 - 14:36:57: [amxbans.amxx] [Amxbans] Статус запроса: 
L 09/02/2011 - 14:41:57: [admin_amxbans.amxx] Login: "~Helena~<1510><STEAM_0:4:1375752042><>" became an admin (account "~Helena~") (access "at") (address "109.124.92.13")
L 09/02/2011 - 14:47:31: -------- Mapchange to zm_303 --------
L 09/02/2011 - 14:47:32: [admin_amxbans.amxx] Login: "~Helena~<1510><STEAM_0:4:1375752042><>" became an admin (account "~Helena~") (access "at") (address "109.124.92.13")
L 09/02/2011 - 14:47:33: [amxbans.amxx] [AMXBANS] AMXBans 5.0 подключен
L 09/02/2011 - 14:47:38: [amxbans.amxx] [Amxbans] Запрос провален!
L 09/02/2011 - 14:47:38: [amxbans.amxx] [Amxbans] Ошибка, адрес: 18
L 09/02/2011 - 14:47:38: [amxbans.amxx] [Amxbans] Сообщение: You have an error in your SQL syntax; check the manual that corresponds to your MySQL server version for the right syntax to use near ''amx' at line 1 (1064)
L 09/02/2011 - 14:47:38: [amxbans.amxx] [Amxbans] Статус запроса: 
L 09/02/2011 - 14:52:53: [voteban.amxx] ADMIN banned xD 213.138.70.58
L 09/02/2011 - 14:54:47: [voteban.amxx] ADMIN banned maks 91.185.15.42
L 09/02/2011 - 15:01:35: [amxbans.amxx] [Amxbans] Запрос провален!
L 09/02/2011 - 15:01:35: [amxbans.amxx] [Amxbans] Ошибка, адрес: 18
L 09/02/2011 - 15:01:35: [amxbans.amxx] [Amxbans] Сообщение: You have an error in your SQL syntax; check the manual that corresponds to your MySQL server version for the right syntax to use near ''amx' at line 1 (1064)
L 09/02/2011 - 15:01:35: [amxbans.amxx] [Amxbans] Статус запроса: 
L 09/02/2011 - 15:06:33: [admin_amxbans.amxx] Login: "MASTER HARD<1525><STEAM_0:0:21084527><>" became an admin (account "91.192.190.95") (access "abcdefghijklmnopqstu") (address "91.192.190.95")
L 09/02/2011 - 15:08:42: -------- Mapchange to 016 --------
L 09/02/2011 - 15:08:43: [admin_amxbans.amxx] Login: "~Helena~<1510><STEAM_0:4:1375752042><>" became an admin (account "~Helena~") (access "at") (address "109.124.92.13")
L 09/02/2011 - 15:08:43: [admin_amxbans.amxx] Login: "MASTER HARD<1525><STEAM_0:0:21084527><>" became an admin (account "91.192.190.95") (access "abcdefghijklmnopqstu") (address "91.192.190.95")
L 09/02/2011 - 15:08:44: [amxbans.amxx] [AMXBANS] AMXBans 5.0 подключен
L 09/02/2011 - 15:09:09: [admin_amxbans.amxx] Login: "MASTER H4RD<1525><STEAM_0:0:21084527><>" became an admin (account "91.192.190.95") (access "abcdefghijklmnopqstu") (address "91.192.190.95")
L 09/02/2011 - 15:10:55: [voteban.amxx] ADMIN banned Fire 31.163.57.96
L 09/02/2011 - 15:22:12: [plmenu.amxx] Cmd: "MASTER H4RD<1525><STEAM_0:0:21084527><>" slap with 0 damage "Vitaminka<1500><STEAM_0:4:333184118><>"
L 09/02/2011 - 15:22:12: [plmenu.amxx] Cmd: "MASTER H4RD<1525><STEAM_0:0:21084527><>" slap with 0 damage "Vitaminka<1500><STEAM_0:4:333184118><>"
L 09/02/2011 - 15:22:12: [plmenu.amxx] Cmd: "MASTER H4RD<1525><STEAM_0:0:21084527><>" slap with 0 damage "Vitaminka<1500><STEAM_0:4:333184118><>"
L 09/02/2011 - 15:22:12: [plmenu.amxx] Cmd: "MASTER H4RD<1525><STEAM_0:0:21084527><>" slap with 0 damage "Vitaminka<1500><STEAM_0:4:333184118><>"
L 09/02/2011 - 15:22:13: [plmenu.amxx] Cmd: "MASTER H4RD<1525><STEAM_0:0:21084527><>" slap with 0 damage "Vitaminka<1500><STEAM_0:4:333184118><>"
L 09/02/2011 - 15:22:13: [plmenu.amxx] Cmd: "MASTER H4RD<1525><STEAM_0:0:21084527><>" slap with 0 damage "Vitaminka<1500><STEAM_0:4:333184118><>"
L 09/02/2011 - 15:22:13: [plmenu.amxx] Cmd: "MASTER H4RD<1525><STEAM_0:0:21084527><>" slap with 0 damage "Vitaminka<1500><STEAM_0:4:333184118><>"
L 09/02/2011 - 15:22:13: [plmenu.amxx] Cmd: "MASTER H4RD<1525><STEAM_0:0:21084527><>" slap with 0 damage "Vitaminka<1500><STEAM_0:4:333184118><>"
L 09/02/2011 - 15:22:13: [plmenu.amxx] Cmd: "MASTER H4RD<1525><STEAM_0:0:21084527><>" slap with 0 damage "Vitaminka<1500><STEAM_0:4:333184118><>"
L 09/02/2011 - 15:22:13: [plmenu.amxx] Cmd: "MASTER H4RD<1525><STEAM_0:0:21084527><>" slap with 0 damage "Vitaminka<1500><STEAM_0:4:333184118><>"
L 09/02/2011 - 15:22:14: [plmenu.amxx] Cmd: "MASTER H4RD<1525><STEAM_0:0:21084527><>" slap with 0 damage "Vitaminka<1500><STEAM_0:4:333184118><>"
L 09/02/2011 - 15:22:14: [plmenu.amxx] Cmd: "MASTER H4RD<1525><STEAM_0:0:21084527><>" slap with 0 damage "Vitaminka<1500><STEAM_0:4:333184118><>"
L 09/02/2011 - 15:22:14: [plmenu.amxx] Cmd: "MASTER H4RD<1525><STEAM_0:0:21084527><>" slap with 0 damage "Vitaminka<1500><STEAM_0:4:333184118><>"
L 09/02/2011 - 15:22:14: [plmenu.amxx] Cmd: "MASTER H4RD<1525><STEAM_0:0:21084527><>" slap with 0 damage "Vitaminka<1500><STEAM_0:4:333184118><>"
L 09/02/2011 - 15:22:14: [plmenu.amxx] Cmd: "MASTER H4RD<1525><STEAM_0:0:21084527><>" slap with 0 damage "Vitaminka<1500><STEAM_0:4:333184118><>"
L 09/02/2011 - 15:22:14: [plmenu.amxx] Cmd: "MASTER H4RD<1525><STEAM_0:0:21084527><>" slap with 0 damage "Vitaminka<1500><STEAM_0:4:333184118><>"
L 09/02/2011 - 15:22:15: [plmenu.amxx] Cmd: "MASTER H4RD<1525><STEAM_0:0:21084527><>" slap with 0 damage "Vitaminka<1500><STEAM_0:4:333184118><>"
L 09/02/2011 - 15:22:15: [plmenu.amxx] Cmd: "MASTER H4RD<1525><STEAM_0:0:21084527><>" slap with 0 damage "Vitaminka<1500><STEAM_0:4:333184118><>"
L 09/02/2011 - 15:22:15: [plmenu.amxx] Cmd: "MASTER H4RD<1525><STEAM_0:0:21084527><>" slap with 0 damage "Vitaminka<1500><STEAM_0:4:333184118><>"
L 09/02/2011 - 15:22:15: [plmenu.amxx] Cmd: "MASTER H4RD<1525><STEAM_0:0:21084527><>" slap with 0 damage "Vitaminka<1500><STEAM_0:4:333184118><>"
L 09/02/2011 - 15:22:15: [plmenu.amxx] Cmd: "MASTER H4RD<1525><STEAM_0:0:21084527><>" slap with 0 damage "Vitaminka<1500><STEAM_0:4:333184118><>"
L 09/02/2011 - 15:22:15: [plmenu.amxx] Cmd: "MASTER H4RD<1525><STEAM_0:0:21084527><>" slap with 0 damage "Vitaminka<1500><STEAM_0:4:333184118><>"
L 09/02/2011 - 15:22:16: [plmenu.amxx] Cmd: "MASTER H4RD<1525><STEAM_0:0:21084527><>" slap with 0 damage "Vitaminka<1500><STEAM_0:4:333184118><>"
L 09/02/2011 - 15:22:16: [plmenu.amxx] Cmd: "MASTER H4RD<1525><STEAM_0:0:21084527><>" slap with 0 damage "Vitaminka<1500><STEAM_0:4:333184118><>"
L 09/02/2011 - 15:22:16: [plmenu.amxx] Cmd: "MASTER H4RD<1525><STEAM_0:0:21084527><>" slap with 0 damage "Vitaminka<1500><STEAM_0:4:333184118><>"
L 09/02/2011 - 15:22:16: [plmenu.amxx] Cmd: "MASTER H4RD<1525><STEAM_0:0:21084527><>" slap with 0 damage "Vitaminka<1500><STEAM_0:4:333184118><>"
L 09/02/2011 - 15:22:16: [plmenu.amxx] Cmd: "MASTER H4RD<1525><STEAM_0:0:21084527><>" slap with 0 damage "Vitaminka<1500><STEAM_0:4:333184118><>"
L 09/02/2011 - 15:22:17: [plmenu.amxx] Cmd: "MASTER H4RD<1525><STEAM_0:0:21084527><>" slap with 0 damage "Vitaminka<1500><STEAM_0:4:333184118><>"
L 09/02/2011 - 15:22:17: [plmenu.amxx] Cmd: "MASTER H4RD<1525><STEAM_0:0:21084527><>" slap with 0 damage "Vitaminka<1500><STEAM_0:4:333184118><>"
L 09/02/2011 - 15:22:17: [plmenu.amxx] Cmd: "MASTER H4RD<1525><STEAM_0:0:21084527><>" slap with 0 damage "Vitaminka<1500><STEAM_0:4:333184118><>"
L 09/02/2011 - 15:22:17: [plmenu.amxx] Cmd: "MASTER H4RD<1525><STEAM_0:0:21084527><>" slap with 0 damage "Vitaminka<1500><STEAM_0:4:333184118><>"
L 09/02/2011 - 15:22:17: [plmenu.amxx] Cmd: "MASTER H4RD<1525><STEAM_0:0:21084527><>" slap with 0 damage "Vitaminka<1500><STEAM_0:4:333184118><>"
L 09/02/2011 - 15:22:17: [plmenu.amxx] Cmd: "MASTER H4RD<1525><STEAM_0:0:21084527><>" slap with 0 damage "Vitaminka<1500><STEAM_0:4:333184118><>"
L 09/02/2011 - 15:22:18: [plmenu.amxx] Cmd: "MASTER H4RD<1525><STEAM_0:0:21084527><>" slap with 0 damage "Vitaminka<1500><STEAM_0:4:333184118><>"
L 09/02/2011 - 15:22:18: [plmenu.amxx] Cmd: "MASTER H4RD<1525><STEAM_0:0:21084527><>" slap with 0 damage "Vitaminka<1500><STEAM_0:4:333184118><>"
L 09/02/2011 - 15:22:18: [plmenu.amxx] Cmd: "MASTER H4RD<1525><STEAM_0:0:21084527><>" slap with 0 damage "Vitaminka<1500><STEAM_0:4:333184118><>"
L 09/02/2011 - 15:22:18: [plmenu.amxx] Cmd: "MASTER H4RD<1525><STEAM_0:0:21084527><>" slap with 0 damage "Vitaminka<1500><STEAM_0:4:333184118><>"
L 09/02/2011 - 15:22:18: [plmenu.amxx] Cmd: "MASTER H4RD<1525><STEAM_0:0:21084527><>" slap with 0 damage "Vitaminka<1500><STEAM_0:4:333184118><>"
L 09/02/2011 - 15:22:18: [plmenu.amxx] Cmd: "MASTER H4RD<1525><STEAM_0:0:21084527><>" slap with 0 damage "Vitaminka<1500><STEAM_0:4:333184118><>"
L 09/02/2011 - 15:22:19: [plmenu.amxx] Cmd: "MASTER H4RD<1525><STEAM_0:0:21084527><>" slap with 0 damage "Vitaminka<1500><STEAM_0:4:333184118><>"
L 09/02/2011 - 15:22:19: [plmenu.amxx] Cmd: "MASTER H4RD<1525><STEAM_0:0:21084527><>" slap with 0 damage "Vitaminka<1500><STEAM_0:4:333184118><>"
L 09/02/2011 - 15:22:19: [plmenu.amxx] Cmd: "MASTER H4RD<1525><STEAM_0:0:21084527><>" slap with 0 damage "Vitaminka<1500><STEAM_0:4:333184118><>"
L 09/02/2011 - 15:22:19: [plmenu.amxx] Cmd: "MASTER H4RD<1525><STEAM_0:0:21084527><>" slap with 0 damage "Vitaminka<1500><STEAM_0:4:333184118><>"
L 09/02/2011 - 15:22:19: [plmenu.amxx] Cmd: "MASTER H4RD<1525><STEAM_0:0:21084527><>" slap with 0 damage "Vitaminka<1500><STEAM_0:4:333184118><>"
L 09/02/2011 - 15:22:20: [plmenu.amxx] Cmd: "MASTER H4RD<1525><STEAM_0:0:21084527><>" slap with 0 damage "Vitaminka<1500><STEAM_0:4:333184118><>"
L 09/02/2011 - 15:22:20: [plmenu.amxx] Cmd: "MASTER H4RD<1525><STEAM_0:0:21084527><>" slap with 0 damage "Vitaminka<1500><STEAM_0:4:333184118><>"
L 09/02/2011 - 15:22:20: [plmenu.amxx] Cmd: "MASTER H4RD<1525><STEAM_0:0:21084527><>" slap with 0 damage "Vitaminka<1500><STEAM_0:4:333184118><>"
L 09/02/2011 - 15:22:20: [plmenu.amxx] Cmd: "MASTER H4RD<1525><STEAM_0:0:21084527><>" slap with 0 damage "Vitaminka<1500><STEAM_0:4:333184118><>"
L 09/02/2011 - 15:22:20: [plmenu.amxx] Cmd: "MASTER H4RD<1525><STEAM_0:0:21084527><>" slap with 0 damage "Vitaminka<1500><STEAM_0:4:333184118><>"
L 09/02/2011 - 15:22:20: [plmenu.amxx] Cmd: "MASTER H4RD<1525><STEAM_0:0:21084527><>" slap with 0 damage "Vitaminka<1500><STEAM_0:4:333184118><>"
L 09/02/2011 - 15:22:20: [plmenu.amxx] Cmd: "MASTER H4RD<1525><STEAM_0:0:21084527><>" slap with 0 damage "Vitaminka<1500><STEAM_0:4:333184118><>"
L 09/02/2011 - 15:22:21: [plmenu.amxx] Cmd: "MASTER H4RD<1525><STEAM_0:0:21084527><>" slap with 0 damage "Vitaminka<1500><STEAM_0:4:333184118><>"
L 09/02/2011 - 15:22:21: [plmenu.amxx] Cmd: "MASTER H4RD<1525><STEAM_0:0:21084527><>" slap with 0 damage "lank OFF.pro->cfg<1518><STEAM_0:1:18989625><>"
L 09/02/2011 - 15:22:21: [plmenu.amxx] Cmd: "MASTER H4RD<1525><STEAM_0:0:21084527><>" slap with 0 damage "Vitaminka<1500><STEAM_0:4:333184118><>"
L 09/02/2011 - 15:22:21: [plmenu.amxx] Cmd: "MASTER H4RD<1525><STEAM_0:0:21084527><>" slap with 0 damage "Vitaminka<1500><STEAM_0:4:333184118><>"
L 09/02/2011 - 15:22:21: [plmenu.amxx] Cmd: "MASTER H4RD<1525><STEAM_0:0:21084527><>" slap with 0 damage "Vitaminka<1500><STEAM_0:4:333184118><>"
L 09/02/2011 - 15:22:21: [plmenu.amxx] Cmd: "MASTER H4RD<1525><STEAM_0:0:21084527><>" slap with 0 damage "Vitaminka<1500><STEAM_0:4:333184118><>"
L 09/02/2011 - 15:22:22: [plmenu.amxx] Cmd: "MASTER H4RD<1525><STEAM_0:0:21084527><>" slap with 0 damage "Vitaminka<1500><STEAM_0:4:333184118><>"
L 09/02/2011 - 15:22:22: [plmenu.amxx] Cmd: "MASTER H4RD<1525><STEAM_0:0:21084527><>" slap with 0 damage "Vitaminka<1500><STEAM_0:4:333184118><>"
L 09/02/2011 - 15:22:22: [plmenu.amxx] Cmd: "MASTER H4RD<1525><STEAM_0:0:21084527><>" slap with 0 damage "Vitaminka<1500><STEAM_0:4:333184118><>"
L 09/02/2011 - 15:22:22: [plmenu.amxx] Cmd: "MASTER H4RD<1525><STEAM_0:0:21084527><>" slap with 0 damage "Vitaminka<1500><STEAM_0:4:333184118><>"
L 09/02/2011 - 15:22:22: [plmenu.amxx] Cmd: "MASTER H4RD<1525><STEAM_0:0:21084527><>" slap with 0 damage "Vitaminka<1500><STEAM_0:4:333184118><>"
L 09/02/2011 - 15:22:22: [plmenu.amxx] Cmd: "MASTER H4RD<1525><STEAM_0:0:21084527><>" slap with 0 damage "Vitaminka<1500><STEAM_0:4:333184118><>"
L 09/02/2011 - 15:22:23: [plmenu.amxx] Cmd: "MASTER H4RD<1525><STEAM_0:0:21084527><>" slap with 0 damage "Vitaminka<1500><STEAM_0:4:333184118><>"
L 09/02/2011 - 15:22:23: [plmenu.amxx] Cmd: "MASTER H4RD<1525><STEAM_0:0:21084527><>" slap with 0 damage "Vitaminka<1500><STEAM_0:4:333184118><>"
L 09/02/2011 - 15:22:23: [plmenu.amxx] Cmd: "MASTER H4RD<1525><STEAM_0:0:21084527><>" slap with 0 damage "Vitaminka<1500><STEAM_0:4:333184118><>"
L 09/02/2011 - 15:22:23: [plmenu.amxx] Cmd: "MASTER H4RD<1525><STEAM_0:0:21084527><>" slap with 0 damage "Vitaminka<1500><STEAM_0:4:333184118><>"
L 09/02/2011 - 15:22:23: [plmenu.amxx] Cmd: "MASTER H4RD<1525><STEAM_0:0:21084527><>" slap with 0 damage "Vitaminka<1500><STEAM_0:4:333184118><>"
L 09/02/2011 - 15:22:23: [plmenu.amxx] Cmd: "MASTER H4RD<1525><STEAM_0:0:21084527><>" slap with 0 damage "Vitaminka<1500><STEAM_0:4:333184118><>"
L 09/02/2011 - 15:22:24: [plmenu.amxx] Cmd: "MASTER H4RD<1525><STEAM_0:0:21084527><>" slap with 0 damage "Vitaminka<1500><STEAM_0:4:333184118><>"
L 09/02/2011 - 15:22:24: [plmenu.amxx] Cmd: "MASTER H4RD<1525><STEAM_0:0:21084527><>" slap with 0 damage "Vitaminka<1500><STEAM_0:4:333184118><>"
L 09/02/2011 - 15:22:24: [plmenu.amxx] Cmd: "MASTER H4RD<1525><STEAM_0:0:21084527><>" slap with 0 damage "Vitaminka<1500><STEAM_0:4:333184118><>"
L 09/02/2011 - 15:22:24: [plmenu.amxx] Cmd: "MASTER H4RD<1525><STEAM_0:0:21084527><>" slap with 0 damage "Vitaminka<1500><STEAM_0:4:333184118><>"
L 09/02/2011 - 15:22:24: [plmenu.amxx] Cmd: "MASTER H4RD<1525><STEAM_0:0:21084527><>" slap with 0 damage "Vitaminka<1500><STEAM_0:4:333184118><>"
L 09/02/2011 - 15:22:24: [plmenu.amxx] Cmd: "MASTER H4RD<1525><STEAM_0:0:21084527><>" slap with 0 damage "Vitaminka<1500><STEAM_0:4:333184118><>"
L 09/02/2011 - 15:22:25: [plmenu.amxx] Cmd: "MASTER H4RD<1525><STEAM_0:0:21084527><>" slap with 0 damage "Vitaminka<1500><STEAM_0:4:333184118><>"
L 09/02/2011 - 15:22:25: [plmenu.amxx] Cmd: "MASTER H4RD<1525><STEAM_0:0:21084527><>" slap with 0 damage "Vitaminka<1500><STEAM_0:4:333184118><>"
L 09/02/2011 - 15:22:25: [plmenu.amxx] Cmd: "MASTER H4RD<1525><STEAM_0:0:21084527><>" slap with 0 damage "Vitaminka<1500><STEAM_0:4:333184118><>"
L 09/02/2011 - 15:22:25: [plmenu.amxx] Cmd: "MASTER H4RD<1525><STEAM_0:0:21084527><>" slap with 0 damage "Vitaminka<1500><STEAM_0:4:333184118><>"
L 09/02/2011 - 15:22:25: [plmenu.amxx] Cmd: "MASTER H4RD<1525><STEAM_0:0:21084527><>" slap with 0 damage "Vitaminka<1500><STEAM_0:4:333184118><>"
L 09/02/2011 - 15:22:26: [plmenu.amxx] Cmd: "MASTER H4RD<1525><STEAM_0:0:21084527><>" slap with 0 damage "Vitaminka<1500><STEAM_0:4:333184118><>"
L 09/02/2011 - 15:22:26: [plmenu.amxx] Cmd: "MASTER H4RD<1525><STEAM_0:0:21084527><>" slap with 0 damage "Vitaminka<1500><STEAM_0:4:333184118><>"
L 09/02/2011 - 15:22:26: [plmenu.amxx] Cmd: "MASTER H4RD<1525><STEAM_0:0:21084527><>" slap with 0 damage "Vitaminka<1500><STEAM_0:4:333184118><>"
L 09/02/2011 - 15:22:26: [plmenu.amxx] Cmd: "MASTER H4RD<1525><STEAM_0:0:21084527><>" slap with 0 damage "Vitaminka<1500><STEAM_0:4:333184118><>"
L 09/02/2011 - 15:22:26: [plmenu.amxx] Cmd: "MASTER H4RD<1525><STEAM_0:0:21084527><>" slap with 0 damage "Vitaminka<1500><STEAM_0:4:333184118><>"
L 09/02/2011 - 15:22:27: [plmenu.amxx] Cmd: "MASTER H4RD<1525><STEAM_0:0:21084527><>" slap with 0 damage "Vitaminka<1500><STEAM_0:4:333184118><>"
L 09/02/2011 - 15:24:44: [plmenu.amxx] Cmd: "MASTER H4RD<1525><STEAM_0:0:21084527><>" slap with 0 damage "<---|Bugs_Bunny|---><1536><STEAM_0:4:2087901533><>"
L 09/02/2011 - 15:24:44: [plmenu.amxx] Cmd: "MASTER H4RD<1525><STEAM_0:0:21084527><>" slap with 0 damage "Gold Dragon<1456><STEAM_0:0:1772762064><>"
L 09/02/2011 - 15:24:45: [plmenu.amxx] Cmd: "MASTER H4RD<1525><STEAM_0:0:21084527><>" slap with 0 damage "Topaz<1487><STEAM_0:4:723095665><>"
L 09/02/2011 - 15:24:46: [plmenu.amxx] Cmd: "MASTER H4RD<1525><STEAM_0:0:21084527><>" slap with 0 damage "MOUSE<1531><STEAM_0:0:293901115><>"
L 09/02/2011 - 15:24:48: [plmenu.amxx] Cmd: "MASTER H4RD<1525><STEAM_0:0:21084527><>" slap with 0 damage "dima<1473><STEAM_0:0:1502648611><>"
L 09/02/2011 - 15:24:48: [plmenu.amxx] Cmd: "MASTER H4RD<1525><STEAM_0:0:21084527><>" slap with 0 damage "[REDEMAX] Player name<1516><VALVE_0:4:2136865910><>"
L 09/02/2011 - 15:24:48: [plmenu.amxx] Cmd: "MASTER H4RD<1525><STEAM_0:0:21084527><>" slap with 0 damage ".<1528><STEAM_0:0:1104123536><>"
L 09/02/2011 - 15:24:49: [plmenu.amxx] Cmd: "MASTER H4RD<1525><STEAM_0:0:21084527><>" slap with 0 damage "hawwwwaaa<1512><STEAM_0:0:999345439><>"
L 09/02/2011 - 15:24:50: [plmenu.amxx] Cmd: "MASTER H4RD<1525><STEAM_0:0:21084527><>" slap with 0 damage "MASTER H4RD<1525><STEAM_0:0:21084527><>"
L 09/02/2011 - 15:24:50: [plmenu.amxx] Cmd: "MASTER H4RD<1525><STEAM_0:0:21084527><>" slap with 0 damage "Vitaminka<1500><STEAM_0:4:333184118><>"
L 09/02/2011 - 15:24:50: [plmenu.amxx] Cmd: "MASTER H4RD<1525><STEAM_0:0:21084527><>" slap with 0 damage "lank OFF.pro->cfg<1518><STEAM_0:1:18989625><>"
L 09/02/2011 - 15:25:03: [plmenu.amxx] Cmd: "MASTER H4RD<1525><STEAM_0:0:21084527><>" slap with 0 damage "MOUSE<1531><STEAM_0:0:293901115><>"
L 09/02/2011 - 15:25:03: [plmenu.amxx] Cmd: "MASTER H4RD<1525><STEAM_0:0:21084527><>" slap with 0 damage "MOUSE<1531><STEAM_0:0:293901115><>"
L 09/02/2011 - 15:25:07: [plmenu.amxx] Cmd: "MASTER H4RD<1525><STEAM_0:0:21084527><>" slap with 0 damage "MOUSE<1531><STEAM_0:0:293901115><>"
L 09/02/2011 - 15:25:07: [plmenu.amxx] Cmd: "MASTER H4RD<1525><STEAM_0:0:21084527><>" slap with 0 damage "MOUSE<1531><STEAM_0:0:293901115><>"
L 09/02/2011 - 15:25:07: [plmenu.amxx] Cmd: "MASTER H4RD<1525><STEAM_0:0:21084527><>" slap with 0 damage "MOUSE<1531><STEAM_0:0:293901115><>"
L 09/02/2011 - 15:25:07: [plmenu.amxx] Cmd: "MASTER H4RD<1525><STEAM_0:0:21084527><>" slap with 0 damage "MOUSE<1531><STEAM_0:0:293901115><>"
L 09/02/2011 - 15:26:20: [admin_amxbans.amxx] Login: "Euforia<1539><STEAM_0:0:1372182710><>" became an admin (account "Euforia") (access "t") (address "188.123.245.19")
L 09/02/2011 - 15:29:21: -------- Mapchange to ze_train_back_lg --------
L 09/02/2011 - 15:29:22: [admin_amxbans.amxx] Login: "Euforia<1539><STEAM_0:0:1372182710><>" became an admin (account "Euforia") (access "t") (address "188.123.245.19")
L 09/02/2011 - 15:29:22: [admin_amxbans.amxx] Login: "MASTER H4RD<1525><STEAM_0:0:21084527><>" became an admin (account "91.192.190.95") (access "abcdefghijklmnopqstu") (address "91.192.190.95")
L 09/02/2011 - 15:29:23: [amxbans.amxx] [AMXBANS] AMXBans 5.0 подключен
L 09/02/2011 - 15:29:25: [admin_amxbans.amxx] Login: "Euforia<1543><STEAM_0:0:1372182710><>" became an admin (account "Euforia") (access "t") (address "188.123.245.19")
L 09/02/2011 - 15:29:27: [admin_amxbans.amxx] Login: "MASTER H4RD<1545><STEAM_0:0:21084527><>" became an admin (account "91.192.190.95") (access "abcdefghijklmnopqstu") (address "91.192.190.95")
L 09/02/2011 - 15:29:54: [admin_amxbans.amxx] Login: "holder_x2<1550><STEAM_0:4:498321008><>" became an admin (account "holder_x2") (access "t") (address "89.110.59.146")
L 09/02/2011 - 15:30:13: [admin_amxbans.amxx] Login: "holder_x2<1551><STEAM_0:4:498321008><>" became an admin (account "holder_x2") (access "t") (address "89.110.59.146")
L 09/02/2011 - 15:30:58: [mapsmenu.amxx] Vote: "MASTER H4RD<1545><STEAM_0:0:21084527><>" vote maps (map#1 "zm_fdust2x2") (map#2 "zm_xata") (map#3 "zm_simple_b1") (map#4 "zm_666_brick")
L 09/02/2011 - 15:31:10: [mapsmenu.amxx] Vote: Voting successful. Map will be changed to zm_fdust2x2
L 09/02/2011 - 15:31:11: [mapsmenu.amxx] Vote: Result accepted
L 09/02/2011 - 15:31:14: -------- Mapchange to zm_fdust2x2 --------
L 09/02/2011 - 15:31:14: [admin_amxbans.amxx] Login: "holder_x2<1551><STEAM_0:4:498321008><>" became an admin (account "holder_x2") (access "t") (address "89.110.59.146")
L 09/02/2011 - 15:31:14: [admin_amxbans.amxx] Login: "MASTER H4RD<1545><STEAM_0:0:21084527><>" became an admin (account "91.192.190.95") (access "abcdefghijklmnopqstu") (address "91.192.190.95")
L 09/02/2011 - 15:31:14: [admin_amxbans.amxx] Login: "Euforia<1543><STEAM_0:0:1372182710><>" became an admin (account "Euforia") (access "t") (address "188.123.245.19")
L 09/02/2011 - 15:31:15: [amxbans.amxx] [AMXBANS] AMXBans 5.0 подключен
L 09/02/2011 - 15:31:16: [admin_amxbans.amxx] Login: "holder_x2<1562><STEAM_0:4:498321008><>" became an admin (account "holder_x2") (access "t") (address "89.110.59.146")
L 09/02/2011 - 15:31:16: [admin_amxbans.amxx] Login: "Euforia<1563><STEAM_0:0:1372182710><>" became an admin (account "Euforia") (access "t") (address "188.123.245.19")
L 09/02/2011 - 15:31:17: [admin_amxbans.amxx] Login: "MASTER H4RD<1567><STEAM_0:0:21084527><>" became an admin (account "91.192.190.95") (access "abcdefghijklmnopqstu") (address "91.192.190.95")
L 09/02/2011 - 15:31:29: [admin_amxbans.amxx] Login: "holder_x2<1577><STEAM_0:4:498321008><>" became an admin (account "holder_x2") (access "t") (address "89.110.59.146")
L 09/02/2011 - 15:31:30: [admin_amxbans.amxx] Login: "Euforia<1578><STEAM_0:0:1372182710><>" became an admin (account "Euforia") (access "t") (address "188.123.245.19")
L 09/02/2011 - 15:31:35: [admin_amxbans.amxx] Login: "MASTER H4RD<1580><STEAM_0:0:21084527><>" became an admin (account "91.192.190.95") (access "abcdefghijklmnopqstu") (address "91.192.190.95")
L 09/02/2011 - 15:31:38: [admin_amxbans.amxx] Login: "Euforia<1582><STEAM_0:0:1372182710><>" became an admin (account "Euforia") (access "t") (address "188.123.245.19")
L 09/02/2011 - 15:31:43: [admin_amxbans.amxx] Login: "MASTER H4RD<1584><STEAM_0:0:21084527><>" became an admin (account "91.192.190.95") (access "abcdefghijklmnopqstu") (address "91.192.190.95")
L 09/02/2011 - 15:31:50: [admin_amxbans.amxx] Login: "holder_x2<1588><STEAM_0:4:498321008><>" became an admin (account "holder_x2") (access "t") (address "89.110.59.146")
L 09/02/2011 - 15:31:52: [admin_amxbans.amxx] Login: "MASTER H4RD<1589><STEAM_0:0:21084527><>" became an admin (account "91.192.190.95") (access "abcdefghijklmnopqstu") (address "91.192.190.95")
L 09/02/2011 - 15:32:09: [admin_amxbans.amxx] Login: "Euforia<1593><STEAM_0:0:1372182710><>" became an admin (account "Euforia") (access "t") (address "188.123.245.19")
L 09/02/2011 - 15:32:24: [admin_amxbans.amxx] Login: "holder_x2<1595><STEAM_0:4:498321008><>" became an admin (account "holder_x2") (access "t") (address "89.110.59.146")
L 09/02/2011 - 15:32:32: [admin_amxbans.amxx] Login: "MASTER H4RD<1597><STEAM_0:0:21084527><>" became an admin (account "91.192.190.95") (access "abcdefghijklmnopqstu") (address "91.192.190.95")
L 09/02/2011 - 15:32:40: [admin_amxbans.amxx] Login: "holder_x2<1601><STEAM_0:4:498321008><>" became an admin (account "holder_x2") (access "t") (address "89.110.59.146")
L 09/02/2011 - 15:33:13: [admin_amxbans.amxx] Login: "MASTER H4RD<1608><STEAM_0:0:21084527><>" became an admin (account "91.192.190.95") (access "abcdefghijklmnopqstu") (address "91.192.190.95")
L 09/02/2011 - 15:33:15: [admin_amxbans.amxx] Login: "holder_x2<1610><STEAM_0:4:498321008><>" became an admin (account "holder_x2") (access "t") (address "89.110.59.146")
L 09/02/2011 - 15:33:17: [admin_amxbans.amxx] Login: "holder_x2<1611><STEAM_0:4:498321008><>" became an admin (account "holder_x2") (access "t") (address "89.110.59.146")
L 09/02/2011 - 15:33:28: [admin_amxbans.amxx] Login: "holder_x2<1612><STEAM_0:4:498321008><>" became an admin (account "holder_x2") (access "t") (address "89.110.59.146")
L 09/02/2011 - 15:33:34: [admin_amxbans.amxx] Login: "holder_x2<1616><STEAM_0:4:498321008><>" became an admin (account "holder_x2") (access "t") (address "89.110.59.146")
L 09/02/2011 - 15:33:41: [admin_amxbans.amxx] Login: "holder_x2<1619><STEAM_0:4:498321008><>" became an admin (account "holder_x2") (access "t") (address "89.110.59.146")
L 09/02/2011 - 15:34:07: [admin_amxbans.amxx] Login: "holder_x2<1630><STEAM_0:4:498321008><>" became an admin (account "holder_x2") (access "t") (address "89.110.59.146")
L 09/02/2011 - 15:34:09: [admin_amxbans.amxx] Login: "holder_x2<1631><STEAM_0:4:498321008><>" became an admin (account "holder_x2") (access "t") (address "89.110.59.146")
L 09/02/2011 - 15:34:14: -------- Mapchange to cs_estate --------
L 09/02/2011 - 15:34:16: [admin_amxbans.amxx] Login: "holder_x2<1631><STEAM_0:4:498321008><>" became an admin (account "holder_x2") (access "t") (address "89.110.59.146")
L 09/02/2011 - 15:34:17: [amxbans.amxx] [AMXBANS] AMXBans 5.0 подключен
L 09/02/2011 - 15:34:40: [admin_amxbans.amxx] Login: "holder_x2<1634><STEAM_0:4:498321008><>" became an admin (account "holder_x2") (access "t") (address "89.110.59.146")
L 09/02/2011 - 15:37:25: [admin_amxbans.amxx] Login: "holder_x2<1643><STEAM_0:4:498321008><>" became an admin (account "holder_x2") (access "t") (address "89.110.59.146")
L 09/02/2011 - 15:39:44: -------- Mapchange to cs_militia --------
L 09/02/2011 - 15:39:50: [amxbans.amxx] [AMXBANS] AMXBans 5.0 подключен
L 09/02/2011 - 15:40:12: [admin_amxbans.amxx] Login: "holder_x2<1651><STEAM_0:4:498321008><>" became an admin (account "holder_x2") (access "t") (address "89.110.59.146")
L 09/02/2011 - 15:41:39: [admin_amxbans.amxx] Login: "holder_x2<1657><STEAM_0:4:498321008><>" became an admin (account "holder_x2") (access "t") (address "89.110.59.146")
L 09/02/2011 - 15:41:43: [amxbans.amxx] [Amxbans] Запрос провален!
L 09/02/2011 - 15:41:43: [amxbans.amxx] [Amxbans] Ошибка, адрес: 18
L 09/02/2011 - 15:41:43: [amxbans.amxx] [Amxbans] Сообщение: You have an error in your SQL syntax; check the manual that corresponds to your MySQL server version for the right syntax to use near ''Bantime expire' at line 1 (1064)
L 09/02/2011 - 15:41:43: [amxbans.amxx] [Amxbans] Статус запроса: 
L 09/02/2011 - 15:44:22: [admin_amxbans.amxx] Login: "Euforia<1660><STEAM_0:0:1372182710><>" became an admin (account "Euforia") (access "t") (address "188.123.245.19")
L 09/02/2011 - 15:44:34: [admin_amxbans.amxx] Login: "Euforia<1661><STEAM_0:0:1372182710><>" became an admin (account "Euforia") (access "t") (address "188.123.245.19")
L 09/02/2011 - 16:02:10: -------- Mapchange to ze_lift_escape_b5 --------
L 09/02/2011 - 16:02:11: [admin_amxbans.amxx] Login: "holder_x2<1657><STEAM_0:4:498321008><>" became an admin (account "holder_x2") (access "t") (address "89.110.59.146")
L 09/02/2011 - 16:02:11: [admin_amxbans.amxx] Login: "holder_x2<1675><STEAM_0:4:498321008><>" became an admin (account "holder_x2") (access "t") (address "89.110.59.146")
L 09/02/2011 - 16:02:12: [amxbans.amxx] [AMXBANS] AMXBans 5.0 подключен
L 09/02/2011 - 16:18:54: -------- Mapchange to zm_caca --------
L 09/02/2011 - 16:18:55: [admin_amxbans.amxx] Login: "holder_x2<1675><STEAM_0:4:498321008><>" became an admin (account "holder_x2") (access "t") (address "89.110.59.146")
L 09/02/2011 - 16:18:56: [amxbans.amxx] [AMXBANS] AMXBans 5.0 подключен
L 09/02/2011 - 16:19:03: [admin_amxbans.amxx] Login: "holder_x2<1694><STEAM_0:4:498321008><>" became an admin (account "holder_x2") (access "t") (address "89.110.59.146")
L 09/02/2011 - 16:21:40: [admin_amxbans.amxx] Login: "Euforia<1713><STEAM_0:0:1372182710><>" became an admin (account "Euforia") (access "t") (address "188.123.245.19")
L 09/02/2011 - 16:21:45: [admin_amxbans.amxx] Login: "Euforia<1714><STEAM_0:0:1372182710><>" became an admin (account "Euforia") (access "t") (address "188.123.245.19")
L 09/02/2011 - 16:31:23: [voteban.amxx] Voteban starter holder_x2 against Grek_-_Angel STEAM_0:0:22156219
L 09/02/2011 - 16:31:38: [voteban.amxx] [AMXX] BANNED: Grek_-_Angel, STARTER: holder_x2
L 09/02/2011 - 16:31:39: [amxbans.amxx]  Зомби сервер (x_x(O_o)x_x) Go Zombie !!!<0><><> забанил Grek_-_Angel<STEAM_0:0:22156219> на 15 минут (15 минут). Причина: VIP->holder_x2.
L 09/02/2011 - 16:33:11: [admin_amxbans.amxx] Login: "holder_x2<1729><STEAM_0:4:498321008><>" became an admin (account "holder_x2") (access "t") (address "89.110.59.146")
L 09/02/2011 - 16:37:41: [admin_amxbans.amxx] Login: "holder_x2<1739><STEAM_0:4:498321008><>" became an admin (account "holder_x2") (access "t") (address "89.110.59.146")
L 09/02/2011 - 16:38:49: [voteban.amxx] Voteban starter holder_x2 against <---|Bugs_Bunny|---> STEAM_0:4:2087901533
L 09/02/2011 - 16:39:04: [voteban.amxx] [AMXX] BANNED: <---|Bugs_Bunny|--->, STARTER: holder_x2
L 09/02/2011 - 16:39:05: [amxbans.amxx]  Зомби сервер (x_x(O_o)x_x) Go Zombie !!!<0><><> забанил <---|Bugs_Bunny|---><STEAM_0:4:2087901533> на 15 минут (15 минут). Причина: VIP->holder_x2.
L 09/02/2011 - 16:41:33: -------- Mapchange to zm_666_brick --------
L 09/02/2011 - 16:41:34: [admin_amxbans.amxx] Login: "holder_x2<1739><STEAM_0:4:498321008><>" became an admin (account "holder_x2") (access "t") (address "89.110.59.146")
L 09/02/2011 - 16:41:35: [amxbans.amxx] [AMXBANS] AMXBans 5.0 подключен
L 09/02/2011 - 16:43:02: [voteban.amxx] Voteban starter holder_x2 against hai STEAM_0:0:1932607417
L 09/02/2011 - 16:43:17: [voteban.amxx] [AMXX] BANNED: hai, STARTER: holder_x2
L 09/02/2011 - 16:43:18: [amxbans.amxx]  Зомби сервер (x_x(O_o)x_x) Go Zombie !!!<0><><> забанил hai<STEAM_0:0:1932607417> на 15 минут (15 минут). Причина: VIP->holder_x2.
L 09/02/2011 - 16:48:45: [admin_amxbans.amxx] Login: "Euforia<1759><STEAM_0:0:1372182710><>" became an admin (account "Euforia") (access "t") (address "188.123.245.19")
L 09/02/2011 - 16:49:57: [voteban.amxx] Voteban starter Euforia against Satan STEAM_0:0:1027120207
L 09/02/2011 - 16:50:13: [voteban.amxx] [AMXX] BANNED: Satan, STARTER: Euforia
L 09/02/2011 - 16:50:14: [amxbans.amxx]  Зомби сервер (x_x(O_o)x_x) Go Zombie !!!<0><><> забанил Satan<STEAM_0:0:1027120207> на 15 минут (15 минут). Причина: VIP->Euforia.
L 09/02/2011 - 16:53:39: [admin_amxbans.amxx] Login: "~Helena~<1763><STEAM_0:4:1375752042><>" became an admin (account "~Helena~") (access "at") (address "109.124.92.13")
L 09/02/2011 - 17:02:47: -------- Mapchange to zm_303 --------
L 09/02/2011 - 17:02:48: [admin_amxbans.amxx] Login: "~Helena~<1763><STEAM_0:4:1375752042><>" became an admin (account "~Helena~") (access "at") (address "109.124.92.13")
L 09/02/2011 - 17:02:48: [admin_amxbans.amxx] Login: "holder_x2<1739><STEAM_0:4:498321008><>" became an admin (account "holder_x2") (access "t") (address "89.110.59.146")
L 09/02/2011 - 17:02:49: [amxbans.amxx] [AMXBANS] AMXBans 5.0 подключен
L 09/02/2011 - 17:16:40: [voteban.amxx] Voteban starter holder_x2 against Grindjo STEAM_0:4:2091370096
L 09/02/2011 - 17:16:55: [voteban.amxx] [AMXX] BANNED: Grindjo, STARTER: holder_x2
L 09/02/2011 - 17:16:56: [amxbans.amxx]  Зомби сервер (x_x(O_o)x_x) Go Zombie !!!<0><><> забанил Grindjo<STEAM_0:4:2091370096> на 15 минут (15 минут). Причина: VIP->holder_x2.
L 09/02/2011 - 17:17:11: [voteban.amxx] Voteban starter holder_x2 against Misha STEAM_0:4:2126328322
L 09/02/2011 - 17:17:26: [voteban.amxx] [AMXX] BANNED: Misha, STARTER: holder_x2
L 09/02/2011 - 17:17:27: [amxbans.amxx]  Зомби сервер (x_x(O_o)x_x) Go Zombie !!!<0><><> забанил Misha<STEAM_0:4:2126328322> на 15 минут (15 минут). Причина: VIP->holder_x2.
L 09/02/2011 - 17:24:29: -------- Mapchange to 016 --------
L 09/02/2011 - 17:24:30: [admin_amxbans.amxx] Login: "~Helena~<1763><STEAM_0:4:1375752042><>" became an admin (account "~Helena~") (access "at") (address "109.124.92.13")
L 09/02/2011 - 17:24:31: [amxbans.amxx] [AMXBANS] AMXBans 5.0 подключен
L 09/02/2011 - 17:44:45: [admin_amxbans.amxx] Login: "holder_x2<1844><STEAM_0:4:498321008><>" became an admin (account "holder_x2") (access "t") (address "89.110.59.146")
L 09/02/2011 - 17:44:53: -------- Mapchange to zm_army --------
L 09/02/2011 - 17:44:54: [admin_amxbans.amxx] Login: "holder_x2<1844><STEAM_0:4:498321008><>" became an admin (account "holder_x2") (access "t") (address "89.110.59.146")
L 09/02/2011 - 17:44:54: [admin_amxbans.amxx] Login: "holder_x2<1844><STEAM_0:4:498321008><>" became an admin (account "holder_x2") (access "t") (address "89.110.59.146")
L 09/02/2011 - 17:44:54: [amxbans.amxx] [AMXBANS] AMXBans 5.0 подключен
L 09/02/2011 - 17:45:29: [admin_amxbans.amxx] Login: "holder_x2<1848><STEAM_0:4:498321008><>" became an admin (account "holder_x2") (access "t") (address "89.110.59.146")
L 09/02/2011 - 17:49:38: [admin_amxbans.amxx] Login: "Euforia<1853><STEAM_0:0:1372182710><>" became an admin (account "Euforia") (access "t") (address "188.123.245.19")
L 09/02/2011 - 18:04:52: -------- Mapchange to zm_fdust2x2 --------
L 09/02/2011 - 18:04:53: [admin_amxbans.amxx] Login: "holder_x2<1848><STEAM_0:4:498321008><>" became an admin (account "holder_x2") (access "t") (address "89.110.59.146")
L 09/02/2011 - 18:04:54: [amxbans.amxx] [AMXBANS] AMXBans 5.0 подключен
L 09/02/2011 - 18:15:44: [voteban.amxx] Voteban starter holder_x2 against F1-[G]amin[G] |G-man STEAM_0:0:2120312114
L 09/02/2011 - 18:15:59: [voteban.amxx] [AMXX] BANNED: F1-[G]amin[G] |G-man, STARTER: holder_x2
L 09/02/2011 - 18:16:00: [amxbans.amxx]  Зомби сервер (x_x(O_o)x_x) Go Zombie !!!<0><><> забанил F1-[G]amin[G] |G-man<STEAM_0:0:2120312114> на 15 минут (15 минут). Причина: VIP->holder_x2.
L 09/02/2011 - 18:27:06: -------- Mapchange to zm_dwarf --------
L 09/02/2011 - 18:27:07: [admin_amxbans.amxx] Login: "holder_x2<1848><STEAM_0:4:498321008><>" became an admin (account "holder_x2") (access "t") (address "89.110.59.146")
L 09/02/2011 - 18:27:07: [amxbans.amxx] [AMXBANS] AMXBans 5.0 подключен
L 09/02/2011 - 18:47:34: -------- Mapchange to ze_train_back_lg --------
L 09/02/2011 - 18:47:35: [admin_amxbans.amxx] Login: "holder_x2<1848><STEAM_0:4:498321008><>" became an admin (account "holder_x2") (access "t") (address "89.110.59.146")
L 09/02/2011 - 18:47:35: [admin_amxbans.amxx] Login: "holder_x2<1848><STEAM_0:4:498321008><>" became an admin (account "holder_x2") (access "t") (address "89.110.59.146")
L 09/02/2011 - 18:47:35: [admin_amxbans.amxx] Login: "holder_x2<1921><STEAM_0:4:498321008><>" became an admin (account "holder_x2") (access "t") (address "89.110.59.146")
L 09/02/2011 - 18:47:36: [amxbans.amxx] [AMXBANS] AMXBans 5.0 подключен
L 09/02/2011 - 18:47:36: [admin_amxbans.amxx] Login: "holder_x2<1922><STEAM_0:4:498321008><>" became an admin (account "holder_x2") (access "t") (address "89.110.59.146")
L 09/02/2011 - 18:56:43: [admin_amxbans.amxx] Login: "Ipse [Str,RUS]<1966><STEAM_0:4:440387059><>" became an admin (account "Ipse [Str,RUS]") (access "t") (address "95.105.35.157")
L 09/02/2011 - 19:02:13: [voteban.amxx] Voteban starter holder_x2 against gopstop STEAM_0:0:1932607417
L 09/02/2011 - 19:02:28: [voteban.amxx] [AMXX] BANNED: gopstop, STARTER: holder_x2
L 09/02/2011 - 19:02:29: [amxbans.amxx]  Зомби сервер (x_x(O_o)x_x) Go Zombie !!!<0><><> забанил gopstop<STEAM_0:0:1932607417> на 15 минут (15 минут). Причина: VIP->holder_x2.
L 09/02/2011 - 19:08:39: -------- Mapchange to ze_jurassicpark --------
L 09/02/2011 - 19:08:40: [admin_amxbans.amxx] Login: "holder_x2<1922><STEAM_0:4:498321008><>" became an admin (account "holder_x2") (access "t") (address "89.110.59.146")
L 09/02/2011 - 19:08:40: [amxbans.amxx] [AMXBANS] AMXBans 5.0 подключен
L 09/02/2011 - 19:09:38: [voteban.amxx] Voteban starter holder_x2 against WEREVADO STEAM_0:4:1125076336
L 09/02/2011 - 19:09:53: [voteban.amxx] [AMXX] BANNED: WEREVADO, STARTER: holder_x2
L 09/02/2011 - 19:09:54: [amxbans.amxx]  Зомби сервер (x_x(O_o)x_x) Go Zombie !!!<0><><> забанил WEREVADO<STEAM_0:4:1125076336> на 15 минут (15 минут). Причина: VIP->holder_x2.
L 09/02/2011 - 19:15:20: [voteban.amxx] Voteban starter holder_x2 against ,5 STEAM_0:0:1694859144
L 09/02/2011 - 19:15:35: [voteban.amxx] [AMXX] BANNED: ,5, STARTER: holder_x2
L 09/02/2011 - 19:15:36: [amxbans.amxx]  Зомби сервер (x_x(O_o)x_x) Go Zombie !!!<0><><> забанил ,5<STEAM_0:0:1694859144> на 15 минут (15 минут). Причина: VIP->holder_x2.
L 09/02/2011 - 19:28:41: -------- Mapchange to zm_houses --------
L 09/02/2011 - 19:28:42: [admin_amxbans.amxx] Login: "holder_x2<1922><STEAM_0:4:498321008><>" became an admin (account "holder_x2") (access "t") (address "89.110.59.146")
L 09/02/2011 - 19:28:43: [amxbans.amxx] [AMXBANS] AMXBans 5.0 подключен
L 09/02/2011 - 19:40:12: [amxbans.amxx] [Amxbans] Запрос провален!
L 09/02/2011 - 19:40:12: [amxbans.amxx] [Amxbans] Ошибка, адрес: 18
L 09/02/2011 - 19:40:12: [amxbans.amxx] [Amxbans] Сообщение: You have an error in your SQL syntax; check the manual that corresponds to your MySQL server version for the right syntax to use near ''Bantime exp' at line 1 (1064)
L 09/02/2011 - 19:40:12: [amxbans.amxx] [Amxbans] Статус запроса: 
L 09/02/2011 - 19:50:29: -------- Mapchange to ze_lift_escape_b5 --------
L 09/02/2011 - 19:50:30: [admin_amxbans.amxx] Login: "holder_x2<1922><STEAM_0:4:498321008><>" became an admin (account "holder_x2") (access "t") (address "89.110.59.146")
L 09/02/2011 - 19:50:30: [admin_amxbans.amxx] Login: "holder_x2<1922><STEAM_0:4:498321008><>" became an admin (account "holder_x2") (access "t") (address "89.110.59.146")
L 09/02/2011 - 19:50:30: [admin_amxbans.amxx] Login: "holder_x2<2083><STEAM_0:4:498321008><>" became an admin (account "holder_x2") (access "t") (address "89.110.59.146")
L 09/02/2011 - 19:50:31: [amxbans.amxx] [AMXBANS] AMXBans 5.0 подключен
L 09/02/2011 - 19:50:37: [amxbans.amxx] [Amxbans] Запрос провален!
L 09/02/2011 - 19:50:37: [amxbans.amxx] [Amxbans] Ошибка, адрес: 18
L 09/02/2011 - 19:50:37: [amxbans.amxx] [Amxbans] Сообщение: You have an error in your SQL syntax; check the manual that corresponds to your MySQL server version for the right syntax to use near ''Bantime exp' at line 1 (1064)
L 09/02/2011 - 19:50:37: [amxbans.amxx] [Amxbans] Статус запроса: 
L 09/02/2011 - 19:53:57: [admin_amxbans.amxx] Login: "Euforia<2095><STEAM_0:0:1372182710><>" became an admin (account "Euforia") (access "t") (address "188.123.245.19")
L 09/02/2011 - 20:02:13: [voteban.amxx] Voteban starter holder_x2 against lexa STEAM_0:0:1308707519
L 09/02/2011 - 20:02:28: [voteban.amxx] [AMXX] BANNED: lexa, STARTER: holder_x2
L 09/02/2011 - 20:02:29: [amxbans.amxx]  Зомби сервер (x_x(O_o)x_x) Go Zombie !!!<0><><> забанил lexa<STEAM_0:0:1308707519> на 15 минут (15 минут). Причина: VIP->holder_x2.
L 09/02/2011 - 20:03:09: [voteban.amxx] Voteban starter holder_x2 against LOTUS STEAM_0:4:1329849989
L 09/02/2011 - 20:03:24: [voteban.amxx] [AMXX] BANNED: LOTUS, STARTER: holder_x2
L 09/02/2011 - 20:03:25: [amxbans.amxx]  Зомби сервер (x_x(O_o)x_x) Go Zombie !!!<0><><> забанил LOTUS<STEAM_0:4:1329849989> на 15 минут (15 минут). Причина: VIP->holder_x2.
L 09/02/2011 - 20:09:34: -------- Mapchange to zm_303 --------
L 09/02/2011 - 20:09:35: [admin_amxbans.amxx] Login: "holder_x2<2083><STEAM_0:4:498321008><>" became an admin (account "holder_x2") (access "t") (address "89.110.59.146")
L 09/02/2011 - 20:09:35: [admin_amxbans.amxx] Login: "holder_x2<2116><STEAM_0:4:498321008><>" became an admin (account "holder_x2") (access "t") (address "89.110.59.146")
L 09/02/2011 - 20:09:36: [amxbans.amxx] [AMXBANS] AMXBans 5.0 подключен
L 09/02/2011 - 20:09:42: [amxbans.amxx] [Amxbans] Запрос провален!
L 09/02/2011 - 20:09:42: [amxbans.amxx] [Amxbans] Ошибка, адрес: 18
L 09/02/2011 - 20:09:42: [amxbans.amxx] [Amxbans] Сообщение: You have an error in your SQL syntax; check the manual that corresponds to your MySQL server version for the right syntax to use near ''Bantime exp' at line 1 (1064)
L 09/02/2011 - 20:09:42: [amxbans.amxx] [Amxbans] Статус запроса: 
L 09/02/2011 - 20:09:49: [admin_amxbans.amxx] Login: "Lenusjka<2122><STEAM_0:4:1429483121><>" became an admin (account "Lenusjka") (access "et") (address "91.190.52.3")
L 09/02/2011 - 20:21:29: [admincmd.amxx] Cmd: "Lenusjka<2122><STEAM_0:4:1429483121><>" slap with 0 damage "Lenusjka<2122><STEAM_0:4:1429483121><>"
L 09/02/2011 - 20:21:30: [admincmd.amxx] Cmd: "Lenusjka<2122><STEAM_0:4:1429483121><>" slap with 0 damage "Lenusjka<2122><STEAM_0:4:1429483121><>"
L 09/02/2011 - 20:21:31: [admincmd.amxx] Cmd: "Lenusjka<2122><STEAM_0:4:1429483121><>" slap with 0 damage "Lenusjka<2122><STEAM_0:4:1429483121><>"
L 09/02/2011 - 20:21:31: [admincmd.amxx] Cmd: "Lenusjka<2122><STEAM_0:4:1429483121><>" slap with 0 damage "Lenusjka<2122><STEAM_0:4:1429483121><>"
L 09/02/2011 - 20:21:31: [admincmd.amxx] Cmd: "Lenusjka<2122><STEAM_0:4:1429483121><>" slap with 0 damage "Lenusjka<2122><STEAM_0:4:1429483121><>"
L 09/02/2011 - 20:21:32: [admincmd.amxx] Cmd: "Lenusjka<2122><STEAM_0:4:1429483121><>" slap with 0 damage "Lenusjka<2122><STEAM_0:4:1429483121><>"
L 09/02/2011 - 20:21:32: [admincmd.amxx] Cmd: "Lenusjka<2122><STEAM_0:4:1429483121><>" slap with 0 damage "Lenusjka<2122><STEAM_0:4:1429483121><>"
L 09/02/2011 - 20:21:32: [admincmd.amxx] Cmd: "Lenusjka<2122><STEAM_0:4:1429483121><>" slap with 0 damage "Lenusjka<2122><STEAM_0:4:1429483121><>"
L 09/02/2011 - 20:21:32: [admincmd.amxx] Cmd: "Lenusjka<2122><STEAM_0:4:1429483121><>" slap with 0 damage "Lenusjka<2122><STEAM_0:4:1429483121><>"
L 09/02/2011 - 20:21:32: [admincmd.amxx] Cmd: "Lenusjka<2122><STEAM_0:4:1429483121><>" slap with 0 damage "Lenusjka<2122><STEAM_0:4:1429483121><>"
L 09/02/2011 - 20:21:32: [admincmd.amxx] Cmd: "Lenusjka<2122><STEAM_0:4:1429483121><>" slap with 0 damage "Lenusjka<2122><STEAM_0:4:1429483121><>"
L 09/02/2011 - 20:21:33: [admincmd.amxx] Cmd: "Lenusjka<2122><STEAM_0:4:1429483121><>" slap with 0 damage "Lenusjka<2122><STEAM_0:4:1429483121><>"
L 09/02/2011 - 20:21:33: [admincmd.amxx] Cmd: "Lenusjka<2122><STEAM_0:4:1429483121><>" slap with 0 damage "Lenusjka<2122><STEAM_0:4:1429483121><>"
L 09/02/2011 - 20:21:33: [admincmd.amxx] Cmd: "Lenusjka<2122><STEAM_0:4:1429483121><>" slap with 0 damage "Lenusjka<2122><STEAM_0:4:1429483121><>"
L 09/02/2011 - 20:21:33: [admincmd.amxx] Cmd: "Lenusjka<2122><STEAM_0:4:1429483121><>" slap with 0 damage "Lenusjka<2122><STEAM_0:4:1429483121><>"
L 09/02/2011 - 20:21:34: [admincmd.amxx] Cmd: "Lenusjka<2122><STEAM_0:4:1429483121><>" slap with 0 damage "Lenusjka<2122><STEAM_0:4:1429483121><>"
L 09/02/2011 - 20:21:34: [admincmd.amxx] Cmd: "Lenusjka<2122><STEAM_0:4:1429483121><>" slap with 0 damage "Lenusjka<2122><STEAM_0:4:1429483121><>"
L 09/02/2011 - 20:21:34: [admincmd.amxx] Cmd: "Lenusjka<2122><STEAM_0:4:1429483121><>" slap with 0 damage "Lenusjka<2122><STEAM_0:4:1429483121><>"
L 09/02/2011 - 20:21:34: [admincmd.amxx] Cmd: "Lenusjka<2122><STEAM_0:4:1429483121><>" slap with 0 damage "Lenusjka<2122><STEAM_0:4:1429483121><>"
L 09/02/2011 - 20:21:35: [admincmd.amxx] Cmd: "Lenusjka<2122><STEAM_0:4:1429483121><>" slap with 0 damage "Lenusjka<2122><STEAM_0:4:1429483121><>"
L 09/02/2011 - 20:21:35: [admincmd.amxx] Cmd: "Lenusjka<2122><STEAM_0:4:1429483121><>" slap with 0 damage "Lenusjka<2122><STEAM_0:4:1429483121><>"
L 09/02/2011 - 20:21:35: [admincmd.amxx] Cmd: "Lenusjka<2122><STEAM_0:4:1429483121><>" slap with 0 damage "Lenusjka<2122><STEAM_0:4:1429483121><>"
L 09/02/2011 - 20:21:35: [admincmd.amxx] Cmd: "Lenusjka<2122><STEAM_0:4:1429483121><>" slap with 0 damage "Lenusjka<2122><STEAM_0:4:1429483121><>"
L 09/02/2011 - 20:21:35: [admincmd.amxx] Cmd: "Lenusjka<2122><STEAM_0:4:1429483121><>" slap with 0 damage "Lenusjka<2122><STEAM_0:4:1429483121><>"
L 09/02/2011 - 20:21:36: [admincmd.amxx] Cmd: "Lenusjka<2122><STEAM_0:4:1429483121><>" slap with 0 damage "Lenusjka<2122><STEAM_0:4:1429483121><>"
L 09/02/2011 - 20:21:36: [admincmd.amxx] Cmd: "Lenusjka<2122><STEAM_0:4:1429483121><>" slap with 0 damage "Lenusjka<2122><STEAM_0:4:1429483121><>"
L 09/02/2011 - 20:21:47: [admincmd.amxx] Cmd: "Lenusjka<2122><STEAM_0:4:1429483121><>" slap with 0 damage "Lenusjka<2122><STEAM_0:4:1429483121><>"
L 09/02/2011 - 20:21:47: [admincmd.amxx] Cmd: "Lenusjka<2122><STEAM_0:4:1429483121><>" slap with 0 damage "Lenusjka<2122><STEAM_0:4:1429483121><>"
L 09/02/2011 - 20:21:47: [admincmd.amxx] Cmd: "Lenusjka<2122><STEAM_0:4:1429483121><>" slap with 0 damage "Lenusjka<2122><STEAM_0:4:1429483121><>"
L 09/02/2011 - 20:21:48: [admincmd.amxx] Cmd: "Lenusjka<2122><STEAM_0:4:1429483121><>" slap with 0 damage "Lenusjka<2122><STEAM_0:4:1429483121><>"
L 09/02/2011 - 20:21:48: [admincmd.amxx] Cmd: "Lenusjka<2122><STEAM_0:4:1429483121><>" slap with 0 damage "Lenusjka<2122><STEAM_0:4:1429483121><>"
L 09/02/2011 - 20:21:48: [admincmd.amxx] Cmd: "Lenusjka<2122><STEAM_0:4:1429483121><>" slap with 0 damage "Lenusjka<2122><STEAM_0:4:1429483121><>"
L 09/02/2011 - 20:21:48: [admincmd.amxx] Cmd: "Lenusjka<2122><STEAM_0:4:1429483121><>" slap with 0 damage "Lenusjka<2122><STEAM_0:4:1429483121><>"
L 09/02/2011 - 20:21:48: [admincmd.amxx] Cmd: "Lenusjka<2122><STEAM_0:4:1429483121><>" slap with 0 damage "Lenusjka<2122><STEAM_0:4:1429483121><>"
L 09/02/2011 - 20:21:49: [admincmd.amxx] Cmd: "Lenusjka<2122><STEAM_0:4:1429483121><>" slap with 0 damage "Lenusjka<2122><STEAM_0:4:1429483121><>"
L 09/02/2011 - 20:21:49: [admincmd.amxx] Cmd: "Lenusjka<2122><STEAM_0:4:1429483121><>" slap with 0 damage "Lenusjka<2122><STEAM_0:4:1429483121><>"
L 09/02/2011 - 20:21:49: [admincmd.amxx] Cmd: "Lenusjka<2122><STEAM_0:4:1429483121><>" slap with 0 damage "Lenusjka<2122><STEAM_0:4:1429483121><>"
L 09/02/2011 - 20:21:49: [admincmd.amxx] Cmd: "Lenusjka<2122><STEAM_0:4:1429483121><>" slap with 0 damage "Lenusjka<2122><STEAM_0:4:1429483121><>"
L 09/02/2011 - 20:21:49: [admincmd.amxx] Cmd: "Lenusjka<2122><STEAM_0:4:1429483121><>" slap with 0 damage "Lenusjka<2122><STEAM_0:4:1429483121><>"
L 09/02/2011 - 20:21:50: [admincmd.amxx] Cmd: "Lenusjka<2122><STEAM_0:4:1429483121><>" slap with 0 damage "Lenusjka<2122><STEAM_0:4:1429483121><>"
L 09/02/2011 - 20:21:50: [admincmd.amxx] Cmd: "Lenusjka<2122><STEAM_0:4:1429483121><>" slap with 0 damage "Lenusjka<2122><STEAM_0:4:1429483121><>"
L 09/02/2011 - 20:21:50: [admincmd.amxx] Cmd: "Lenusjka<2122><STEAM_0:4:1429483121><>" slap with 0 damage "Lenusjka<2122><STEAM_0:4:1429483121><>"
L 09/02/2011 - 20:21:50: [admincmd.amxx] Cmd: "Lenusjka<2122><STEAM_0:4:1429483121><>" slap with 0 damage "Lenusjka<2122><STEAM_0:4:1429483121><>"
L 09/02/2011 - 20:21:50: [admincmd.amxx] Cmd: "Lenusjka<2122><STEAM_0:4:1429483121><>" slap with 0 damage "Lenusjka<2122><STEAM_0:4:1429483121><>"
L 09/02/2011 - 20:21:51: [admincmd.amxx] Cmd: "Lenusjka<2122><STEAM_0:4:1429483121><>" slap with 0 damage "Lenusjka<2122><STEAM_0:4:1429483121><>"
L 09/02/2011 - 20:21:51: [admincmd.amxx] Cmd: "Lenusjka<2122><STEAM_0:4:1429483121><>" slap with 0 damage "Lenusjka<2122><STEAM_0:4:1429483121><>"
L 09/02/2011 - 20:21:51: [admincmd.amxx] Cmd: "Lenusjka<2122><STEAM_0:4:1429483121><>" slap with 0 damage "Lenusjka<2122><STEAM_0:4:1429483121><>"
L 09/02/2011 - 20:31:15: -------- Mapchange to zm_666_brick --------
L 09/02/2011 - 20:31:17: [admin_amxbans.amxx] Login: "Lenusjka<2122><STEAM_0:4:1429483121><>" became an admin (account "Lenusjka") (access "et") (address "91.190.52.3")
L 09/02/2011 - 20:31:17: [amxbans.amxx] [AMXBANS] AMXBans 5.0 подключен
L 09/02/2011 - 20:31:23: [amxbans.amxx] [Amxbans] Запрос провален!
L 09/02/2011 - 20:31:23: [amxbans.amxx] [Amxbans] Ошибка, адрес: 18
L 09/02/2011 - 20:31:23: [amxbans.amxx] [Amxbans] Сообщение: You have an error in your SQL syntax; check the manual that corresponds to your MySQL server version for the right syntax to use near ''Bantime exp' at line 1 (1064)
L 09/02/2011 - 20:31:23: [amxbans.amxx] [Amxbans] Статус запроса: 
L 09/02/2011 - 20:51:00: [admin_amxbans.amxx] Login: "P!Tu<2159><STEAM_0:0:25649157><>" became an admin (account "P!Tu") (access "t") (address "91.193.40.21")
L 09/02/2011 - 20:51:27: -------- Mapchange to 016 --------
L 09/02/2011 - 20:51:28: [admin_amxbans.amxx] Login: "P!Tu<2159><STEAM_0:0:25649157><>" became an admin (account "P!Tu") (access "t") (address "91.193.40.21")
L 09/02/2011 - 20:51:29: [amxbans.amxx] [AMXBANS] AMXBans 5.0 подключен
L 09/02/2011 - 21:00:05: [admin_amxbans.amxx] Login: "Lenusjka<2168><STEAM_0:4:1429483121><>" became an admin (account "Lenusjka") (access "et") (address "91.190.52.3")
L 09/02/2011 - 21:08:28: -------- Mapchange to zm_caca --------
L 09/02/2011 - 21:08:29: [admin_amxbans.amxx] Login: "P!Tu<2159><STEAM_0:0:25649157><>" became an admin (account "P!Tu") (access "t") (address "91.193.40.21")
L 09/02/2011 - 21:08:29: [admin_amxbans.amxx] Login: "Lenusjka<2168><STEAM_0:4:1429483121><>" became an admin (account "Lenusjka") (access "et") (address "91.190.52.3")
L 09/02/2011 - 21:08:30: [amxbans.amxx] [AMXBANS] AMXBans 5.0 подключен
L 09/02/2011 - 21:08:57: [admin_amxbans.amxx] Login: "P!Tu<2179><STEAM_0:0:25649157><>" became an admin (account "P!Tu") (access "t") (address "91.193.40.21")
L 09/02/2011 - 21:09:01: [admin_amxbans.amxx] Login: "holder_x2<2181><STEAM_0:4:498321008><>" became an admin (account "holder_x2") (access "t") (address "89.110.59.146")
L 09/02/2011 - 21:30:59: -------- Mapchange to zm_fdust2x2 --------
L 09/02/2011 - 21:31:01: [amxbans.amxx] [AMXBANS] AMXBans 5.0 подключен
L 09/02/2011 - 21:37:37: [admin_amxbans.amxx] Login: "~Helena~<2219><STEAM_0:4:989908842><>" became an admin (account "~Helena~") (access "at") (address "109.124.93.223")
L 09/02/2011 - 21:53:01: -------- Mapchange to zm_army --------
L 09/02/2011 - 21:53:02: [admin_amxbans.amxx] Login: "~Helena~<2219><STEAM_0:4:989908842><>" became an admin (account "~Helena~") (access "at") (address "109.124.93.223")
L 09/02/2011 - 21:53:03: [amxbans.amxx] [AMXBANS] AMXBans 5.0 подключен
L 09/02/2011 - 21:57:20: [voteban.amxx] ADMIN banned gopstop 178.65.24.95
L 09/02/2011 - 21:57:57: [voteban.amxx] ADMIN banned made in ussr 109.201.75.107
L 09/02/2011 - 21:58:58: [admin_amxbans.amxx] Login: "Lenusjka<2242><STEAM_0:4:1429483121><>" became an admin (account "Lenusjka") (access "et") (address "91.190.52.3")
L 09/02/2011 - 22:14:27: -------- Mapchange to ze_train_back_lg --------
L 09/02/2011 - 22:14:28: [amxbans.amxx] [AMXBANS] AMXBans 5.0 подключен
L 09/02/2011 - 22:21:45: [admin_amxbans.amxx] Login: "~Helena~<2305><STEAM_0:4:989908842><>" became an admin (account "~Helena~") (access "at") (address "109.124.93.223")
L 09/02/2011 - 22:24:21: [admin_amxbans.amxx] Login: "~Helena~<2308><STEAM_0:4:989908842><>" became an admin (account "~Helena~") (access "at") (address "109.124.93.223")
L 09/02/2011 - 22:35:02: -------- Mapchange to zm_dwarf --------
L 09/02/2011 - 22:35:04: [amxbans.amxx] [AMXBANS] AMXBans 5.0 подключен
L 09/02/2011 - 22:55:16: -------- Mapchange to ze_lift_escape_b5 --------
L 09/02/2011 - 22:55:18: [amxbans.amxx] [AMXBANS] AMXBans 5.0 подключен
L 09/02/2011 - 23:00:34: [amxbans.amxx] [Amxbans] Запрос провален!
L 09/02/2011 - 23:00:34: [amxbans.amxx] [Amxbans] Ошибка, адрес: 18
L 09/02/2011 - 23:00:34: [amxbans.amxx] [Amxbans] Сообщение: You have an error in your SQL syntax; check the manual that corresponds to your MySQL server version for the right syntax to use near ''Bantime exp' at line 1 (1064)
L 09/02/2011 - 23:00:34: [amxbans.amxx] [Amxbans] Статус запроса: 
L 09/02/2011 - 23:13:53: -------- Mapchange to ze_jurassicpark --------
L 09/02/2011 - 23:13:55: [amxbans.amxx] [AMXBANS] AMXBans 5.0 подключен
L 09/02/2011 - 23:13:58: [amxbans.amxx] [Amxbans] Запрос провален!
L 09/02/2011 - 23:13:58: [amxbans.amxx] [Amxbans] Ошибка, адрес: 18
L 09/02/2011 - 23:13:58: [amxbans.amxx] [Amxbans] Сообщение: You have an error in your SQL syntax; check the manual that corresponds to your MySQL server version for the right syntax to use near ''Bantime exp' at line 1 (1064)
L 09/02/2011 - 23:13:58: [amxbans.amxx] [Amxbans] Статус запроса: 
L 09/02/2011 - 23:36:38: -------- Mapchange to cs_militia --------
L 09/02/2011 - 23:36:45: [amxbans.amxx] [AMXBANS] AMXBans 5.0 подключен
L 09/02/2011 - 23:36:48: [amxbans.amxx] [Amxbans] Запрос провален!
L 09/02/2011 - 23:36:48: [amxbans.amxx] [Amxbans] Ошибка, адрес: 18
L 09/02/2011 - 23:36:48: [amxbans.amxx] [Amxbans] Сообщение: You have an error in your SQL syntax; check the manual that corresponds to your MySQL server version for the right syntax to use near ''Bantime exp' at line 1 (1064)
L 09/02/2011 - 23:36:48: [amxbans.amxx] [Amxbans] Статус запроса: 
L 09/02/2011 - 23:57:04: -------- Mapchange to 016 --------
L 09/02/2011 - 23:57:06: [amxbans.amxx] [AMXBANS] AMXBans 5.0 подключен
