L 09/21/2011 - 00:04:23: [admin_amxbans.amxx] Login: "Hy6 kakou-to<2371><STEAM_0:0:1236438227><>" became an admin (account "172.23.65.13") (access "l") (address "172.23.65.13")
L 09/21/2011 - 00:13:47: -------- Mapchange to cs_militia --------
L 09/21/2011 - 00:13:51: [admin_amxbans.amxx] Login: "Hy6 kakou-to<2371><STEAM_0:0:1236438227><>" became an admin (account "172.23.65.13") (access "l") (address "172.23.65.13")
L 09/21/2011 - 00:13:52: [amxbans.amxx] [AMXBANS] AMXBans 5.0 подключен
L 09/21/2011 - 00:25:37: -------- Mapchange to ze_egypt --------
L 09/21/2011 - 00:25:39: [amxbans.amxx] [AMXBANS] AMXBans 5.0 подключен
L 09/21/2011 - 00:31:18: -------- Mapchange to zm_neris --------
L 09/21/2011 - 00:31:20: [amxbans.amxx] [AMXBANS] AMXBans 5.0 подключен
L 09/21/2011 - 00:41:10: -------- Mapchange to cs_estate --------
L 09/21/2011 - 00:41:12: [amxbans.amxx] [AMXBANS] AMXBans 5.0 подключен
L 09/21/2011 - 00:51:06: -------- Mapchange to cs_estate --------
L 09/21/2011 - 00:51:08: [amxbans.amxx] [AMXBANS] AMXBans 5.0 подключен
L 09/21/2011 - 01:05:33: -------- Mapchange to zm_dwarf --------
L 09/21/2011 - 01:05:34: [amxbans.amxx] [AMXBANS] AMXBans 5.0 подключен
L 09/21/2011 - 01:23:39: -------- Mapchange to zm_303 --------
L 09/21/2011 - 01:23:41: [amxbans.amxx] [AMXBANS] AMXBans 5.0 подключен
L 09/21/2011 - 01:35:15: -------- Mapchange to cs_estate --------
L 09/21/2011 - 01:35:17: [amxbans.amxx] [AMXBANS] AMXBans 5.0 подключен
L 09/21/2011 - 01:45:11: -------- Mapchange to cs_estate --------
L 09/21/2011 - 01:45:13: [amxbans.amxx] [AMXBANS] AMXBans 5.0 подключен
L 09/21/2011 - 01:54:23: [admin_amxbans.amxx] Login: "Dimka<2412><STEAM_0:0:1236438227><>" became an admin (account "Dimka") (access "abcdefghijklmnopqrstu") (address "172.23.65.13")
L 09/21/2011 - 01:54:24: [admin_amxbans.amxx] Login: "Dimka<2413><STEAM_0:0:1236438227><>" became an admin (account "Dimka") (access "abcdefghijklmnopqrstu") (address "172.23.65.13")
L 09/21/2011 - 01:56:22: -------- Mapchange to cs_estate --------
L 09/21/2011 - 01:56:26: -------- Mapchange to zm_houses --------
L 09/21/2011 - 01:56:27: [admin_amxbans.amxx] Login: "Dimka<1><STEAM_0:0:1236438227><>" became an admin (account "Dimka") (access "abcdefghijklmnopqrstu") (address "172.23.65.13")
L 09/21/2011 - 01:56:28: [amxbans.amxx] [AMXBANS] AMXBans 5.0 подключен
L 09/21/2011 - 01:57:23: [mapsmenu.amxx] Cmd: "Dimka<1><STEAM_0:0:1236438227><>" changelevel "016"
L 09/21/2011 - 01:57:25: -------- Mapchange to 016 --------
L 09/21/2011 - 01:57:26: [admin_amxbans.amxx] Login: "Dimka<1><STEAM_0:0:1236438227><>" became an admin (account "Dimka") (access "abcdefghijklmnopqrstu") (address "172.23.65.13")
L 09/21/2011 - 01:57:27: [amxbans.amxx] [AMXBANS] AMXBans 5.0 is online
L 09/21/2011 - 02:03:05: -------- Mapchange to cs_estate --------
L 09/21/2011 - 02:03:08: [amxbans.amxx] [AMXBANS] AMXBans 5.0 is online
L 09/21/2011 - 02:03:31: -------- Mapchange to cs_estate --------
L 09/21/2011 - 02:03:33: -------- Mapchange to zm_fdust2x2 --------
L 09/21/2011 - 02:03:36: [amxbans.amxx] [AMXBANS] AMXBans 5.0 is online
L 09/21/2011 - 02:03:46: [admin_amxbans.amxx] Login: "Dimka<1><STEAM_0:0:1236438227><>" became an admin (account "Dimka") (access "abcdefghijklmnopqrstu") (address "172.23.65.13")
L 09/21/2011 - 02:06:52: -------- Mapchange to cs_estate --------
L 09/21/2011 - 02:06:55: [amxbans.amxx] [AMXBANS] AMXBans 5.0 is online
L 09/21/2011 - 02:07:15: [admin_amxbans.amxx] Login: "Dimka<6><STEAM_0:0:1236438227><>" became an admin (account "Dimka") (access "abcdefghijklmnopqrstu") (address "172.23.65.13")
L 09/21/2011 - 02:08:00: [mapsmenu.amxx] Cmd: "Dimka<6><STEAM_0:0:1236438227><>" changelevel "zm_303"
L 09/21/2011 - 02:08:02: -------- Mapchange to zm_303 --------
L 09/21/2011 - 02:08:03: [admin_amxbans.amxx] Login: "Dimka<6><STEAM_0:0:1236438227><>" became an admin (account "Dimka") (access "abcdefghijklmnopqrstu") (address "172.23.65.13")
L 09/21/2011 - 02:08:04: [amxbans.amxx] [AMXBANS] AMXBans 5.0 is online
L 09/21/2011 - 02:13:38: -------- Mapchange to cs_estate --------
L 09/21/2011 - 02:13:41: [amxbans.amxx] [AMXBANS] AMXBans 5.0 is online
L 09/21/2011 - 02:23:34: -------- Mapchange to cs_estate --------
L 09/21/2011 - 02:23:37: [amxbans.amxx] [AMXBANS] AMXBans 5.0 is online
L 09/21/2011 - 02:33:30: -------- Mapchange to cs_estate --------
L 09/21/2011 - 02:33:32: [amxbans.amxx] [AMXBANS] AMXBans 5.0 is online
L 09/21/2011 - 02:43:26: -------- Mapchange to cs_estate --------
L 09/21/2011 - 02:43:28: [amxbans.amxx] [AMXBANS] AMXBans 5.0 is online
L 09/21/2011 - 02:53:22: -------- Mapchange to cs_estate --------
L 09/21/2011 - 02:53:24: [amxbans.amxx] [AMXBANS] AMXBans 5.0 is online
L 09/21/2011 - 03:03:18: -------- Mapchange to cs_estate --------
L 09/21/2011 - 03:03:20: [amxbans.amxx] [AMXBANS] AMXBans 5.0 is online
L 09/21/2011 - 03:13:14: -------- Mapchange to cs_estate --------
L 09/21/2011 - 03:13:16: [amxbans.amxx] [AMXBANS] AMXBans 5.0 is online
L 09/21/2011 - 03:23:09: -------- Mapchange to cs_estate --------
L 09/21/2011 - 03:23:12: [amxbans.amxx] [AMXBANS] AMXBans 5.0 is online
L 09/21/2011 - 03:33:05: -------- Mapchange to cs_estate --------
L 09/21/2011 - 03:33:08: [amxbans.amxx] [AMXBANS] AMXBans 5.0 is online
L 09/21/2011 - 03:43:01: -------- Mapchange to cs_estate --------
L 09/21/2011 - 03:43:04: [amxbans.amxx] [AMXBANS] AMXBans 5.0 is online
L 09/21/2011 - 03:59:52: -------- Mapchange to cs_estate --------
L 09/21/2011 - 03:59:55: [amxbans.amxx] [AMXBANS] AMXBans 5.0 is online
L 09/21/2011 - 04:09:48: -------- Mapchange to cs_estate --------
L 09/21/2011 - 04:09:51: [amxbans.amxx] [AMXBANS] AMXBans 5.0 is online
L 09/21/2011 - 04:19:44: -------- Mapchange to cs_estate --------
L 09/21/2011 - 04:19:46: [amxbans.amxx] [AMXBANS] AMXBans 5.0 is online
L 09/21/2011 - 04:29:40: -------- Mapchange to cs_estate --------
L 09/21/2011 - 04:29:42: [amxbans.amxx] [AMXBANS] AMXBans 5.0 is online
L 09/21/2011 - 04:39:36: -------- Mapchange to cs_estate --------
L 09/21/2011 - 04:39:38: [amxbans.amxx] [AMXBANS] AMXBans 5.0 is online
L 09/21/2011 - 04:49:32: -------- Mapchange to cs_estate --------
L 09/21/2011 - 04:49:34: [amxbans.amxx] [AMXBANS] AMXBans 5.0 is online
L 09/21/2011 - 04:59:28: -------- Mapchange to cs_estate --------
L 09/21/2011 - 04:59:30: [amxbans.amxx] [AMXBANS] AMXBans 5.0 is online
L 09/21/2011 - 05:09:24: -------- Mapchange to cs_estate --------
L 09/21/2011 - 05:09:26: [amxbans.amxx] [AMXBANS] AMXBans 5.0 is online
L 09/21/2011 - 05:19:19: -------- Mapchange to cs_estate --------
L 09/21/2011 - 05:19:22: [amxbans.amxx] [AMXBANS] AMXBans 5.0 is online
L 09/21/2011 - 05:29:15: -------- Mapchange to cs_estate --------
L 09/21/2011 - 05:29:18: [amxbans.amxx] [AMXBANS] AMXBans 5.0 is online
L 09/21/2011 - 05:39:11: -------- Mapchange to cs_estate --------
L 09/21/2011 - 05:39:14: [amxbans.amxx] [AMXBANS] AMXBans 5.0 is online
L 09/21/2011 - 05:49:07: -------- Mapchange to cs_estate --------
L 09/21/2011 - 05:49:10: [amxbans.amxx] [AMXBANS] AMXBans 5.0 is online
L 09/21/2011 - 05:59:03: -------- Mapchange to cs_estate --------
L 09/21/2011 - 05:59:06: [amxbans.amxx] [AMXBANS] AMXBans 5.0 is online
L 09/21/2011 - 06:08:59: -------- Mapchange to cs_estate --------
L 09/21/2011 - 06:09:02: [amxbans.amxx] [AMXBANS] AMXBans 5.0 is online
L 09/21/2011 - 06:28:25: -------- Mapchange to cs_estate --------
L 09/21/2011 - 06:28:28: [amxbans.amxx] [AMXBANS] AMXBans 5.0 is online
L 09/21/2011 - 06:38:21: -------- Mapchange to cs_estate --------
L 09/21/2011 - 06:38:24: [amxbans.amxx] [AMXBANS] AMXBans 5.0 is online
L 09/21/2011 - 06:48:17: -------- Mapchange to cs_estate --------
L 09/21/2011 - 06:48:20: [amxbans.amxx] [AMXBANS] AMXBans 5.0 is online
L 09/21/2011 - 06:58:13: -------- Mapchange to cs_estate --------
L 09/21/2011 - 06:58:16: [amxbans.amxx] [AMXBANS] AMXBans 5.0 is online
L 09/21/2011 - 07:08:09: -------- Mapchange to cs_estate --------
L 09/21/2011 - 07:08:12: [amxbans.amxx] [AMXBANS] AMXBans 5.0 is online
L 09/21/2011 - 07:18:05: -------- Mapchange to cs_estate --------
L 09/21/2011 - 07:18:08: [amxbans.amxx] [AMXBANS] AMXBans 5.0 is online
L 09/21/2011 - 07:28:01: -------- Mapchange to cs_estate --------
L 09/21/2011 - 07:28:04: [amxbans.amxx] [AMXBANS] AMXBans 5.0 is online
L 09/21/2011 - 07:37:57: -------- Mapchange to cs_estate --------
L 09/21/2011 - 07:38:00: [amxbans.amxx] [AMXBANS] AMXBans 5.0 is online
L 09/21/2011 - 07:47:53: -------- Mapchange to cs_estate --------
L 09/21/2011 - 07:47:56: [amxbans.amxx] [AMXBANS] AMXBans 5.0 is online
L 09/21/2011 - 07:56:31: -------- Mapchange to zm_caca --------
L 09/21/2011 - 07:56:32: [amxbans.amxx] [AMXBANS] AMXBans 5.0 is online
L 09/21/2011 - 08:00:21: -------- Mapchange to cs_estate --------
L 09/21/2011 - 08:00:24: [amxbans.amxx] [AMXBANS] AMXBans 5.0 is online
L 09/21/2011 - 08:08:58: -------- Mapchange to ze_egypt --------
L 09/21/2011 - 08:09:00: [amxbans.amxx] [AMXBANS] AMXBans 5.0 is online
L 09/21/2011 - 08:11:58: -------- Mapchange to cs_estate --------
L 09/21/2011 - 08:12:01: [amxbans.amxx] [AMXBANS] AMXBans 5.0 is online
L 09/21/2011 - 08:54:42: -------- Mapchange to zm_alfresco_v2 --------
L 09/21/2011 - 08:54:44: [amxbans.amxx] [AMXBANS] AMXBans 5.0 is online
L 09/21/2011 - 09:16:04: -------- Mapchange to 016 --------
L 09/21/2011 - 09:16:06: [amxbans.amxx] [AMXBANS] AMXBans 5.0 is online
L 09/21/2011 - 09:46:46: -------- Mapchange to zm_neris --------
L 09/21/2011 - 09:46:48: [amxbans.amxx] [AMXBANS] AMXBans 5.0 is online
L 09/21/2011 - 10:07:06: -------- Mapchange to zm_houses --------
L 09/21/2011 - 10:07:07: [amxbans.amxx] [AMXBANS] AMXBans 5.0 is online
L 09/21/2011 - 10:27:44: -------- Mapchange to zm_303 --------
L 09/21/2011 - 10:27:45: [amxbans.amxx] [AMXBANS] AMXBans 5.0 is online
L 09/21/2011 - 10:41:55: -------- Mapchange to cs_estate --------
L 09/21/2011 - 10:41:58: [amxbans.amxx] [AMXBANS] AMXBans 5.0 is online
L 09/21/2011 - 10:53:16: -------- Mapchange to zm_caca --------
L 09/21/2011 - 10:53:18: [amxbans.amxx] [AMXBANS] AMXBans 5.0 is online
L 09/21/2011 - 10:57:36: [admin_amxbans.amxx] Login: "Euforia<227><STEAM_0:0:1365425199><>" became an admin (account "Euforia") (access "t") (address "188.123.245.19")
L 09/21/2011 - 11:10:32: [admin_amxbans.amxx] Login: "Euforia<238><STEAM_0:0:1365425199><>" became an admin (account "Euforia") (access "t") (address "188.123.245.19")
L 09/21/2011 - 11:14:03: -------- Mapchange to ze_train_back_lg --------
L 09/21/2011 - 11:14:04: [admin_amxbans.amxx] Login: "Euforia<238><STEAM_0:0:1365425199><>" became an admin (account "Euforia") (access "t") (address "188.123.245.19")
L 09/21/2011 - 11:14:04: [amxbans.amxx] [AMXBANS] AMXBans 5.0 is online
L 09/21/2011 - 11:14:05: [admin_amxbans.amxx] Login: "Euforia<240><STEAM_0:0:1365425199><>" became an admin (account "Euforia") (access "t") (address "188.123.245.19")
L 09/21/2011 - 11:29:13: -------- Mapchange to zm_cpl_mill_kamp --------
L 09/21/2011 - 11:29:14: [amxbans.amxx] [AMXBANS] AMXBans 5.0 is online
L 09/21/2011 - 11:39:25: -------- Mapchange to cs_estate --------
L 09/21/2011 - 11:39:27: [amxbans.amxx] [AMXBANS] AMXBans 5.0 is online
L 09/21/2011 - 11:47:08: [admin_amxbans.amxx] Login: "Euforia<261><STEAM_0:0:1365425199><>" became an admin (account "Euforia") (access "t") (address "188.123.245.19")
L 09/21/2011 - 11:47:12: [admin_amxbans.amxx] Login: "Euforia<262><STEAM_0:0:1365425199><>" became an admin (account "Euforia") (access "t") (address "188.123.245.19")
L 09/21/2011 - 11:52:46: -------- Mapchange to zm_fdust2x2 --------
L 09/21/2011 - 11:52:48: [amxbans.amxx] [AMXBANS] AMXBans 5.0 is online
L 09/21/2011 - 12:12:49: -------- Mapchange to 016 --------
L 09/21/2011 - 12:12:51: [amxbans.amxx] [AMXBANS] AMXBans 5.0 is online
L 09/21/2011 - 12:44:19: -------- Mapchange to ze_egypt --------
L 09/21/2011 - 12:44:21: [amxbans.amxx] [AMXBANS] AMXBans 5.0 is online
L 09/21/2011 - 12:56:58: -------- Mapchange to cs_militia --------
L 09/21/2011 - 12:57:03: [amxbans.amxx] [AMXBANS] AMXBans 5.0 is online
L 09/21/2011 - 13:17:49: -------- Mapchange to zm_alfresco_v2 --------
L 09/21/2011 - 13:17:50: [amxbans.amxx] [AMXBANS] AMXBans 5.0 is online
L 09/21/2011 - 13:20:27: [admin_amxbans.amxx] Login: "F1-[G]amin[G] |G-man<323><STEAM_0:0:299692916><>" became an admin (account "F1-[G]amin[G] |G-man") (access "t") (address "194.0.68.126")
L 09/21/2011 - 13:24:55: [admin_amxbans.amxx] Login: "Euforia<327><STEAM_0:0:1365425199><>" became an admin (account "Euforia") (access "t") (address "188.123.245.19")
L 09/21/2011 - 13:38:51: -------- Mapchange to ze_lift_escape_b5 --------
L 09/21/2011 - 13:38:52: [admin_amxbans.amxx] Login: "Euforia<327><STEAM_0:0:1365425199><>" became an admin (account "Euforia") (access "t") (address "188.123.245.19")
L 09/21/2011 - 13:38:53: [amxbans.amxx] [AMXBANS] AMXBans 5.0 is online
L 09/21/2011 - 13:38:53: [admin_amxbans.amxx] Login: "F1-[G]amin[G] |G-man<323><STEAM_0:0:299692916><>" became an admin (account "F1-[G]amin[G] |G-man") (access "t") (address "194.0.68.126")
L 09/21/2011 - 13:46:39: -------- Mapchange to zm_666_brick --------
L 09/21/2011 - 13:46:40: [admin_amxbans.amxx] Login: "Euforia<327><STEAM_0:0:1365425199><>" became an admin (account "Euforia") (access "t") (address "188.123.245.19")
L 09/21/2011 - 13:46:40: [admin_amxbans.amxx] Login: "F1-[G]amin[G] |G-man<323><STEAM_0:0:299692916><>" became an admin (account "F1-[G]amin[G] |G-man") (access "t") (address "194.0.68.126")
L 09/21/2011 - 13:46:41: [amxbans.amxx] [AMXBANS] AMXBans 5.0 is online
L 09/21/2011 - 13:58:05: [voteban.amxx] Voteban starter Euforia against Radon 98[rus] STEAM_0:0:1946360399
L 09/21/2011 - 13:58:20: [voteban.amxx] [AMXX] BANNED: Radon 98[rus], STARTER: Euforia
L 09/21/2011 - 13:58:21: [amxbans.amxx]  Зомби сервер (x_x(O_o)x_x) Go Zombie !!!<0><><> banned Radon 98[rus]<STEAM_0:0:1946360399> for 15 minutes (15 minutes). Reason: VIP->Euforia.
L 09/21/2011 - 14:05:52: [voteban.amxx] Voteban starter Euforia against LLIkoJIoTa   E6aHa9I STEAM_0:1:20879160
L 09/21/2011 - 14:06:07: [voteban.amxx] [AMXX] BANNED: LLIkoJIoTa   E6aHa9I, STARTER: Euforia
L 09/21/2011 - 14:06:08: [amxbans.amxx]  Зомби сервер (x_x(O_o)x_x) Go Zombie !!!<0><><> banned LLIkoJIoTa   E6aHa9I<STEAM_0:1:20879160> for 15 minutes (15 minutes). Reason: VIP->Euforia.
L 09/21/2011 - 14:08:38: -------- Mapchange to zm_303 --------
L 09/21/2011 - 14:08:39: [admin_amxbans.amxx] Login: "F1-[G]amin[G] |G-man<323><STEAM_0:0:299692916><>" became an admin (account "F1-[G]amin[G] |G-man") (access "t") (address "194.0.68.126")
L 09/21/2011 - 14:08:39: [admin_amxbans.amxx] Login: "Euforia<327><STEAM_0:0:1365425199><>" became an admin (account "Euforia") (access "t") (address "188.123.245.19")
L 09/21/2011 - 14:08:40: [amxbans.amxx] [AMXBANS] AMXBans 5.0 is online
L 09/21/2011 - 14:40:01: -------- Mapchange to zm_dwarf --------
L 09/21/2011 - 14:40:03: [amxbans.amxx] [AMXBANS] AMXBans 5.0 is online
L 09/21/2011 - 14:54:03: [admin_amxbans.amxx] Login: "Kenny<392><STEAM_0:0:963405193><>" became an admin (account "Kenny") (access "abcdefghijlmnopqstu") (address "109.161.89.250")
L 09/21/2011 - 15:00:03: -------- Mapchange to zm_neris --------
L 09/21/2011 - 15:00:05: [amxbans.amxx] [AMXBANS] AMXBans 5.0 is online
L 09/21/2011 - 15:15:36: [admin_amxbans.amxx] Login: "Euforia<421><STEAM_0:0:1365425199><>" became an admin (account "Euforia") (access "t") (address "188.123.245.19")
L 09/21/2011 - 15:20:06: -------- Mapchange to zm_caca --------
L 09/21/2011 - 15:20:07: [admin_amxbans.amxx] Login: "Euforia<421><STEAM_0:0:1365425199><>" became an admin (account "Euforia") (access "t") (address "188.123.245.19")
L 09/21/2011 - 15:20:07: [admin_amxbans.amxx] Login: "Euforia<426><STEAM_0:0:1365425199><>" became an admin (account "Euforia") (access "t") (address "188.123.245.19")
L 09/21/2011 - 15:20:08: [amxbans.amxx] [AMXBANS] AMXBans 5.0 is online
L 09/21/2011 - 15:28:35: [admin_amxbans.amxx] Login: "Euforia<437><STEAM_0:0:1365425199><>" became an admin (account "Euforia") (access "t") (address "188.123.245.19")
L 09/21/2011 - 15:32:09: [amxbans.amxx] [Amxbans] Query failed!
L 09/21/2011 - 15:32:09: [amxbans.amxx] [Amxbans] Threaded query error, location: 18
L 09/21/2011 - 15:32:09: [amxbans.amxx] [Amxbans] Message: You have an error in your SQL syntax; check the manual that corresponds to your MySQL server version for the right syntax to use near '' at line 1 (1064)
L 09/21/2011 - 15:32:09: [amxbans.amxx] [Amxbans] Query statement: 
L 09/21/2011 - 15:39:10: [admin_amxbans.amxx] Login: "Euforia<455><STEAM_0:0:1365425199><>" became an admin (account "Euforia") (access "t") (address "188.123.245.19")
L 09/21/2011 - 15:41:56: -------- Mapchange to ze_egypt --------
L 09/21/2011 - 15:41:58: [amxbans.amxx] [AMXBANS] AMXBans 5.0 is online
L 09/21/2011 - 15:42:04: [amxbans.amxx] [Amxbans] Query failed!
L 09/21/2011 - 15:42:04: [amxbans.amxx] [Amxbans] Threaded query error, location: 18
L 09/21/2011 - 15:42:04: [amxbans.amxx] [Amxbans] Message: You have an error in your SQL syntax; check the manual that corresponds to your MySQL server version for the right syntax to use near '' at line 1 (1064)
L 09/21/2011 - 15:42:04: [amxbans.amxx] [Amxbans] Query statement: 
L 09/21/2011 - 15:42:06: [amxbans.amxx] [Amxbans] Query failed!
L 09/21/2011 - 15:42:06: [amxbans.amxx] [Amxbans] Threaded query error, location: 18
L 09/21/2011 - 15:42:06: [amxbans.amxx] [Amxbans] Message: You have an error in your SQL syntax; check the manual that corresponds to your MySQL server version for the right syntax to use near '' at line 1 (1064)
L 09/21/2011 - 15:42:06: [amxbans.amxx] [Amxbans] Query statement: 
L 09/21/2011 - 15:52:35: [amxbans.amxx] [Amxbans] Query failed!
L 09/21/2011 - 15:52:35: [amxbans.amxx] [Amxbans] Threaded query error, location: 18
L 09/21/2011 - 15:52:35: [amxbans.amxx] [Amxbans] Message: You have an error in your SQL syntax; check the manual that corresponds to your MySQL server version for the right syntax to use near '' at line 1 (1064)
L 09/21/2011 - 15:52:35: [amxbans.amxx] [Amxbans] Query statement: 
L 09/21/2011 - 15:52:38: [amxbans.amxx] [Amxbans] Query failed!
L 09/21/2011 - 15:52:38: [amxbans.amxx] [Amxbans] Threaded query error, location: 18
L 09/21/2011 - 15:52:38: [amxbans.amxx] [Amxbans] Message: You have an error in your SQL syntax; check the manual that corresponds to your MySQL server version for the right syntax to use near '' at line 1 (1064)
L 09/21/2011 - 15:52:38: [amxbans.amxx] [Amxbans] Query statement: 
L 09/21/2011 - 15:53:22: -------- Mapchange to ze_jurassicpark --------
L 09/21/2011 - 15:53:24: [amxbans.amxx] [AMXBANS] AMXBans 5.0 is online
L 09/21/2011 - 15:53:32: [amxbans.amxx] [Amxbans] Query failed!
L 09/21/2011 - 15:53:32: [amxbans.amxx] [Amxbans] Threaded query error, location: 18
L 09/21/2011 - 15:53:32: [amxbans.amxx] [Amxbans] Message: You have an error in your SQL syntax; check the manual that corresponds to your MySQL server version for the right syntax to use near '' at line 1 (1064)
L 09/21/2011 - 15:53:32: [amxbans.amxx] [Amxbans] Query statement: 
L 09/21/2011 - 16:06:44: [admin_amxbans.amxx] Login: "Euforia<548><STEAM_0:0:1365425199><>" became an admin (account "Euforia") (access "t") (address "188.123.245.19")
L 09/21/2011 - 16:13:56: -------- Mapchange to zm_fdust2x2 --------
L 09/21/2011 - 16:13:57: [admin_amxbans.amxx] Login: "Euforia<548><STEAM_0:0:1365425199><>" became an admin (account "Euforia") (access "t") (address "188.123.245.19")
L 09/21/2011 - 16:13:58: [amxbans.amxx] [AMXBANS] AMXBans 5.0 is online
L 09/21/2011 - 16:26:36: [amxbans.amxx] [Amxbans] Query failed!
L 09/21/2011 - 16:26:36: [amxbans.amxx] [Amxbans] Threaded query error, location: 18
L 09/21/2011 - 16:26:36: [amxbans.amxx] [Amxbans] Message: You have an error in your SQL syntax; check the manual that corresponds to your MySQL server version for the right syntax to use near ''amxb' at line 1 (1064)
L 09/21/2011 - 16:26:36: [amxbans.amxx] [Amxbans] Query statement: 
L 09/21/2011 - 16:37:00: -------- Mapchange to 016 --------
L 09/21/2011 - 16:37:01: [amxbans.amxx] [AMXBANS] AMXBans 5.0 is online
L 09/21/2011 - 16:37:06: [amxbans.amxx] [Amxbans] Query failed!
L 09/21/2011 - 16:37:06: [amxbans.amxx] [Amxbans] Threaded query error, location: 18
L 09/21/2011 - 16:37:06: [amxbans.amxx] [Amxbans] Message: You have an error in your SQL syntax; check the manual that corresponds to your MySQL server version for the right syntax to use near ''amxb' at line 1 (1064)
L 09/21/2011 - 16:37:06: [amxbans.amxx] [Amxbans] Query statement: 
L 09/21/2011 - 16:44:26: [amxbans.amxx] [Amxbans] Query failed!
L 09/21/2011 - 16:44:26: [amxbans.amxx] [Amxbans] Threaded query error, location: 18
L 09/21/2011 - 16:44:26: [amxbans.amxx] [Amxbans] Message: You have an error in your SQL syntax; check the manual that corresponds to your MySQL server version for the right syntax to use near '' at line 1 (1064)
L 09/21/2011 - 16:44:26: [amxbans.amxx] [Amxbans] Query statement: 
L 09/21/2011 - 16:44:27: [amxbans.amxx] [Amxbans] Query failed!
L 09/21/2011 - 16:44:27: [amxbans.amxx] [Amxbans] Threaded query error, location: 18
L 09/21/2011 - 16:44:27: [amxbans.amxx] [Amxbans] Message: You have an error in your SQL syntax; check the manual that corresponds to your MySQL server version for the right syntax to use near '' at line 1 (1064)
L 09/21/2011 - 16:44:27: [amxbans.amxx] [Amxbans] Query statement: 
L 09/21/2011 - 17:09:35: -------- Mapchange to ze_train_back_lg --------
L 09/21/2011 - 17:09:36: [amxbans.amxx] [AMXBANS] AMXBans 5.0 is online
L 09/21/2011 - 17:09:42: [amxbans.amxx] [Amxbans] Query failed!
L 09/21/2011 - 17:09:42: [amxbans.amxx] [Amxbans] Threaded query error, location: 18
L 09/21/2011 - 17:09:42: [amxbans.amxx] [Amxbans] Message: You have an error in your SQL syntax; check the manual that corresponds to your MySQL server version for the right syntax to use near ''amxb' at line 1 (1064)
L 09/21/2011 - 17:09:42: [amxbans.amxx] [Amxbans] Query statement: 
L 09/21/2011 - 17:09:45: [amxbans.amxx] [Amxbans] Query failed!
L 09/21/2011 - 17:09:45: [amxbans.amxx] [Amxbans] Threaded query error, location: 18
L 09/21/2011 - 17:09:45: [amxbans.amxx] [Amxbans] Message: You have an error in your SQL syntax; check the manual that corresponds to your MySQL server version for the right syntax to use near ''amxb' at line 1 (1064)
L 09/21/2011 - 17:09:45: [amxbans.amxx] [Amxbans] Query statement: 
L 09/21/2011 - 17:16:35: [admin_amxbans.amxx] Login: "Zloy-Tupoy-Buhoy [Str,RUS]<670><STEAM_0:4:439830003><>" became an admin (account "Zloy-Tupoy-Buhoy [Str,RUS]") (access "t") (address "95.105.50.157")
L 09/21/2011 - 17:16:41: [admin_amxbans.amxx] Login: "Zloy-Tupoy-Buhoy [Str,RUS]<671><STEAM_0:4:439830003><>" became an admin (account "Zloy-Tupoy-Buhoy [Str,RUS]") (access "t") (address "95.105.50.157")
L 09/21/2011 - 17:16:56: -------- Mapchange to ze_lift_escape_b5 --------
L 09/21/2011 - 17:16:58: [amxbans.amxx] [AMXBANS] AMXBans 5.0 is online
L 09/21/2011 - 17:17:00: [admin_amxbans.amxx] Login: "Zloy-Tupoy-Buhoy [Str,RUS]<671><STEAM_0:4:439830003><>" became an admin (account "Zloy-Tupoy-Buhoy [Str,RUS]") (access "t") (address "95.105.50.157")
L 09/21/2011 - 17:17:03: [amxbans.amxx] [Amxbans] Query failed!
L 09/21/2011 - 17:17:03: [amxbans.amxx] [Amxbans] Threaded query error, location: 18
L 09/21/2011 - 17:17:03: [amxbans.amxx] [Amxbans] Message: You have an error in your SQL syntax; check the manual that corresponds to your MySQL server version for the right syntax to use near ''amxb' at line 1 (1064)
L 09/21/2011 - 17:17:03: [amxbans.amxx] [Amxbans] Query statement: 
L 09/21/2011 - 17:19:01: [voteban.amxx] Voteban starter Zloy-Tupoy-Buhoy [Str,RUS] against S.T.A.L.K.E.R. (Rus85) STEAM_0:0:245971539
L 09/21/2011 - 17:19:16: [voteban.amxx] [AMXX] BANNED: S.T.A.L.K.E.R. (Rus85), STARTER: Zloy-Tupoy-Buhoy [Str,RUS]
L 09/21/2011 - 17:26:20: [voteban.amxx] Voteban starter Zloy-Tupoy-Buhoy [Str,RUS] against S.T.A.L.K.E.R. (Rus85) STEAM_0:0:245971539
L 09/21/2011 - 17:26:35: [voteban.amxx] [AMXX] BANNED: S.T.A.L.K.E.R. (Rus85), STARTER: Zloy-Tupoy-Buhoy [Str,RUS]
L 09/21/2011 - 17:27:12: -------- Mapchange to zm_666_brick --------
L 09/21/2011 - 17:27:12: [admin_amxbans.amxx] Login: "Zloy-Tupoy-Buhoy [Str,RUS]<671><STEAM_0:4:439830003><>" became an admin (account "Zloy-Tupoy-Buhoy [Str,RUS]") (access "t") (address "95.105.50.157")
L 09/21/2011 - 17:27:13: [amxbans.amxx] [AMXBANS] AMXBans 5.0 is online
L 09/21/2011 - 17:27:17: [amxbans.amxx] [Amxbans] Query failed!
L 09/21/2011 - 17:27:17: [amxbans.amxx] [Amxbans] Threaded query error, location: 18
L 09/21/2011 - 17:27:17: [amxbans.amxx] [Amxbans] Message: You have an error in your SQL syntax; check the manual that corresponds to your MySQL server version for the right syntax to use near ''amxb' at line 1 (1064)
L 09/21/2011 - 17:27:17: [amxbans.amxx] [Amxbans] Query statement: 
L 09/21/2011 - 17:33:01: [admin_amxbans.amxx] Login: "Euforia<708><STEAM_0:0:1365425199><>" became an admin (account "Euforia") (access "t") (address "188.123.245.19")
L 09/21/2011 - 17:33:56: [admin_amxbans.amxx] Login: "Zloy-Tupoy-Buhoy [Str,RUS]<711><STEAM_0:4:439830003><>" became an admin (account "Zloy-Tupoy-Buhoy [Str,RUS]") (access "t") (address "95.105.50.157")
L 09/21/2011 - 17:47:51: -------- Mapchange to zm_dwarf --------
L 09/21/2011 - 17:47:52: [admin_amxbans.amxx] Login: "Zloy-Tupoy-Buhoy [Str,RUS]<711><STEAM_0:4:439830003><>" became an admin (account "Zloy-Tupoy-Buhoy [Str,RUS]") (access "t") (address "95.105.50.157")
L 09/21/2011 - 17:47:53: [amxbans.amxx] [AMXBANS] AMXBans 5.0 is online
L 09/21/2011 - 17:47:59: [amxbans.amxx] [Amxbans] Query failed!
L 09/21/2011 - 17:47:59: [amxbans.amxx] [Amxbans] Threaded query error, location: 18
L 09/21/2011 - 17:47:59: [amxbans.amxx] [Amxbans] Message: You have an error in your SQL syntax; check the manual that corresponds to your MySQL server version for the right syntax to use near ''amxb' at line 1 (1064)
L 09/21/2011 - 17:47:59: [amxbans.amxx] [Amxbans] Query statement: 
L 09/21/2011 - 18:07:54: -------- Mapchange to zm_303 --------
L 09/21/2011 - 18:07:56: [amxbans.amxx] [AMXBANS] AMXBans 5.0 is online
L 09/21/2011 - 18:08:01: [amxbans.amxx] [Amxbans] Query failed!
L 09/21/2011 - 18:08:01: [amxbans.amxx] [Amxbans] Threaded query error, location: 18
L 09/21/2011 - 18:08:01: [amxbans.amxx] [Amxbans] Message: You have an error in your SQL syntax; check the manual that corresponds to your MySQL server version for the right syntax to use near ''amxb' at line 1 (1064)
L 09/21/2011 - 18:08:01: [amxbans.amxx] [Amxbans] Query statement: 
L 09/21/2011 - 18:31:20: [admin_amxbans.amxx] Login: "Zloy-Tupoy-Buhoy [Str,RUS]<771><STEAM_0:4:495338995><>" became an admin (account "Zloy-Tupoy-Buhoy [Str,RUS]") (access "t") (address "95.105.80.146")
L 09/21/2011 - 18:31:21: [admin_amxbans.amxx] Login: "Zloy-Tupoy-Buhoy [Str,RUS]<772><STEAM_0:4:495338995><>" became an admin (account "Zloy-Tupoy-Buhoy [Str,RUS]") (access "t") (address "95.105.80.146")
L 09/21/2011 - 18:34:19: [admin_amxbans.amxx] Login: "Zloy-Tupoy-Buhoy [Str,RUS]<775><STEAM_0:4:495338995><>" became an admin (account "Zloy-Tupoy-Buhoy [Str,RUS]") (access "t") (address "95.105.80.146")
L 09/21/2011 - 18:39:20: -------- Mapchange to zm_alfresco_v2 --------
L 09/21/2011 - 18:39:20: [admin_amxbans.amxx] Login: "Zloy-Tupoy-Buhoy [Str,RUS]<775><STEAM_0:4:495338995><>" became an admin (account "Zloy-Tupoy-Buhoy [Str,RUS]") (access "t") (address "95.105.80.146")
L 09/21/2011 - 18:39:21: [amxbans.amxx] [AMXBANS] AMXBans 5.0 is online
L 09/21/2011 - 18:39:27: [amxbans.amxx] [Amxbans] Query failed!
L 09/21/2011 - 18:39:27: [amxbans.amxx] [Amxbans] Threaded query error, location: 18
L 09/21/2011 - 18:39:27: [amxbans.amxx] [Amxbans] Message: You have an error in your SQL syntax; check the manual that corresponds to your MySQL server version for the right syntax to use near ''amxb' at line 1 (1064)
L 09/21/2011 - 18:39:27: [amxbans.amxx] [Amxbans] Query statement: 
L 09/21/2011 - 18:49:24: -------- Mapchange to ze_jurassicpark --------
L 09/21/2011 - 18:49:25: [admin_amxbans.amxx] Login: "Zloy-Tupoy-Buhoy [Str,RUS]<775><STEAM_0:4:495338995><>" became an admin (account "Zloy-Tupoy-Buhoy [Str,RUS]") (access "t") (address "95.105.80.146")
L 09/21/2011 - 18:49:25: [amxbans.amxx] [AMXBANS] AMXBans 5.0 is online
L 09/21/2011 - 18:49:32: [amxbans.amxx] [Amxbans] Query failed!
L 09/21/2011 - 18:49:32: [amxbans.amxx] [Amxbans] Threaded query error, location: 18
L 09/21/2011 - 18:49:32: [amxbans.amxx] [Amxbans] Message: You have an error in your SQL syntax; check the manual that corresponds to your MySQL server version for the right syntax to use near ''amxb' at line 1 (1064)
L 09/21/2011 - 18:49:32: [amxbans.amxx] [Amxbans] Query statement: 
L 09/21/2011 - 19:01:07: [admin_amxbans.amxx] Login: "Zloy-Tupoy-Buhoy [Str,RUS]<803><STEAM_0:4:499920587><>" became an admin (account "Zloy-Tupoy-Buhoy [Str,RUS]") (access "t") (address "46.191.196.146")
L 09/21/2011 - 19:06:39: [amxbans.amxx] [Amxbans] Query failed!
L 09/21/2011 - 19:06:39: [amxbans.amxx] [Amxbans] Threaded query error, location: 18
L 09/21/2011 - 19:06:39: [amxbans.amxx] [Amxbans] Message: You have an error in your SQL syntax; check the manual that corresponds to your MySQL server version for the right syntax to use near '' at line 1 (1064)
L 09/21/2011 - 19:06:39: [amxbans.amxx] [Amxbans] Query statement: 
L 09/21/2011 - 19:08:20: [voteban.amxx] Voteban starter Zloy-Tupoy-Buhoy [Str,RUS] against S.T.A.L.K.E.R. (Rus85) STEAM_0:0:245971539
L 09/21/2011 - 19:08:35: [voteban.amxx] [AMXX] BANNED: S.T.A.L.K.E.R. (Rus85), STARTER: Zloy-Tupoy-Buhoy [Str,RUS]
L 09/21/2011 - 19:10:15: -------- Mapchange to zm_fdust2x2 --------
L 09/21/2011 - 19:10:16: [admin_amxbans.amxx] Login: "Zloy-Tupoy-Buhoy [Str,RUS]<803><STEAM_0:4:499920587><>" became an admin (account "Zloy-Tupoy-Buhoy [Str,RUS]") (access "t") (address "46.191.196.146")
L 09/21/2011 - 19:10:17: [amxbans.amxx] [AMXBANS] AMXBans 5.0 is online
L 09/21/2011 - 19:10:22: [amxbans.amxx] [Amxbans] Query failed!
L 09/21/2011 - 19:10:22: [amxbans.amxx] [Amxbans] Threaded query error, location: 18
L 09/21/2011 - 19:10:22: [amxbans.amxx] [Amxbans] Message: You have an error in your SQL syntax; check the manual that corresponds to your MySQL server version for the right syntax to use near '' at line 1 (1064)
L 09/21/2011 - 19:10:22: [amxbans.amxx] [Amxbans] Query statement: 
L 09/21/2011 - 19:10:23: [amxbans.amxx] [Amxbans] Query failed!
L 09/21/2011 - 19:10:23: [amxbans.amxx] [Amxbans] Threaded query error, location: 18
L 09/21/2011 - 19:10:23: [amxbans.amxx] [Amxbans] Message: You have an error in your SQL syntax; check the manual that corresponds to your MySQL server version for the right syntax to use near ''amxb' at line 1 (1064)
L 09/21/2011 - 19:10:23: [amxbans.amxx] [Amxbans] Query statement: 
L 09/21/2011 - 19:19:03: [amxbans.amxx] [Amxbans] Query failed!
L 09/21/2011 - 19:19:03: [amxbans.amxx] [Amxbans] Threaded query error, location: 18
L 09/21/2011 - 19:19:03: [amxbans.amxx] [Amxbans] Message: You have an error in your SQL syntax; check the manual that corresponds to your MySQL server version for the right syntax to use near '' at line 1 (1064)
L 09/21/2011 - 19:19:03: [amxbans.amxx] [Amxbans] Query statement: 
L 09/21/2011 - 19:27:20: [amxbans.amxx] [Amxbans] Query failed!
L 09/21/2011 - 19:27:20: [amxbans.amxx] [Amxbans] Threaded query error, location: 18
L 09/21/2011 - 19:27:20: [amxbans.amxx] [Amxbans] Message: You have an error in your SQL syntax; check the manual that corresponds to your MySQL server version for the right syntax to use near '' at line 1 (1064)
L 09/21/2011 - 19:27:20: [amxbans.amxx] [Amxbans] Query statement: 
L 09/21/2011 - 19:31:46: -------- Mapchange to 016 --------
L 09/21/2011 - 19:31:47: [admin_amxbans.amxx] Login: "Zloy-Tupoy-Buhoy [Str,RUS]<803><STEAM_0:4:499920587><>" became an admin (account "Zloy-Tupoy-Buhoy [Str,RUS]") (access "t") (address "46.191.196.146")
L 09/21/2011 - 19:31:48: [amxbans.amxx] [AMXBANS] AMXBans 5.0 is online
L 09/21/2011 - 19:31:54: [amxbans.amxx] [Amxbans] Query failed!
L 09/21/2011 - 19:31:54: [amxbans.amxx] [Amxbans] Threaded query error, location: 18
L 09/21/2011 - 19:31:54: [amxbans.amxx] [Amxbans] Message: You have an error in your SQL syntax; check the manual that corresponds to your MySQL server version for the right syntax to use near '' at line 1 (1064)
L 09/21/2011 - 19:31:54: [amxbans.amxx] [Amxbans] Query statement: 
L 09/21/2011 - 19:31:54: [amxbans.amxx] [Amxbans] Query failed!
L 09/21/2011 - 19:31:54: [amxbans.amxx] [Amxbans] Threaded query error, location: 18
L 09/21/2011 - 19:31:54: [amxbans.amxx] [Amxbans] Message: You have an error in your SQL syntax; check the manual that corresponds to your MySQL server version for the right syntax to use near ''amxb' at line 1 (1064)
L 09/21/2011 - 19:31:54: [amxbans.amxx] [Amxbans] Query statement: 
L 09/21/2011 - 19:43:15: [amxbans.amxx] [Amxbans] Query failed!
L 09/21/2011 - 19:43:15: [amxbans.amxx] [Amxbans] Threaded query error, location: 18
L 09/21/2011 - 19:43:15: [amxbans.amxx] [Amxbans] Message: You have an error in your SQL syntax; check the manual that corresponds to your MySQL server version for the right syntax to use near '' at line 1 (1064)
L 09/21/2011 - 19:43:15: [amxbans.amxx] [Amxbans] Query statement: 
L 09/21/2011 - 20:03:54: -------- Mapchange to zm_neris --------
L 09/21/2011 - 20:03:56: [amxbans.amxx] [AMXBANS] AMXBans 5.0 is online
L 09/21/2011 - 20:04:03: [amxbans.amxx] [Amxbans] Query failed!
L 09/21/2011 - 20:04:03: [amxbans.amxx] [Amxbans] Threaded query error, location: 18
L 09/21/2011 - 20:04:03: [amxbans.amxx] [Amxbans] Message: You have an error in your SQL syntax; check the manual that corresponds to your MySQL server version for the right syntax to use near ''amxb' at line 1 (1064)
L 09/21/2011 - 20:04:03: [amxbans.amxx] [Amxbans] Query statement: 
L 09/21/2011 - 20:04:03: [amxbans.amxx] [Amxbans] Query failed!
L 09/21/2011 - 20:04:03: [amxbans.amxx] [Amxbans] Threaded query error, location: 18
L 09/21/2011 - 20:04:03: [amxbans.amxx] [Amxbans] Message: You have an error in your SQL syntax; check the manual that corresponds to your MySQL server version for the right syntax to use near '' at line 1 (1064)
L 09/21/2011 - 20:04:03: [amxbans.amxx] [Amxbans] Query statement: 
L 09/21/2011 - 20:16:10: [amxbans.amxx] [Amxbans] Query failed!
L 09/21/2011 - 20:16:10: [amxbans.amxx] [Amxbans] Threaded query error, location: 18
L 09/21/2011 - 20:16:10: [amxbans.amxx] [Amxbans] Message: You have an error in your SQL syntax; check the manual that corresponds to your MySQL server version for the right syntax to use near ''amxban' at line 1 (1064)
L 09/21/2011 - 20:16:10: [amxbans.amxx] [Amxbans] Query statement: 
L 09/21/2011 - 20:22:44: [admin_amxbans.amxx] Login: "F1-[G]amin[G] |G-man<894><STEAM_0:0:299692916><>" became an admin (account "F1-[G]amin[G] |G-man") (access "t") (address "194.0.68.126")
L 09/21/2011 - 20:24:23: -------- Mapchange to ze_egypt --------
L 09/21/2011 - 20:24:24: [admin_amxbans.amxx] Login: "F1-[G]amin[G] |G-man<894><STEAM_0:0:299692916><>" became an admin (account "F1-[G]amin[G] |G-man") (access "t") (address "194.0.68.126")
L 09/21/2011 - 20:24:25: [amxbans.amxx] [AMXBANS] AMXBans 5.0 is online
L 09/21/2011 - 20:24:33: [amxbans.amxx] [Amxbans] Query failed!
L 09/21/2011 - 20:24:33: [amxbans.amxx] [Amxbans] Threaded query error, location: 18
L 09/21/2011 - 20:24:33: [amxbans.amxx] [Amxbans] Message: You have an error in your SQL syntax; check the manual that corresponds to your MySQL server version for the right syntax to use near ''amxban' at line 1 (1064)
L 09/21/2011 - 20:24:33: [amxbans.amxx] [Amxbans] Query statement: 
L 09/21/2011 - 20:24:34: [admin_amxbans.amxx] Login: "F1-[G]amin[G] |G-man<913><STEAM_0:0:299692916><>" became an admin (account "F1-[G]amin[G] |G-man") (access "t") (address "194.0.68.126")
L 09/21/2011 - 20:24:36: [amxbans.amxx] [Amxbans] Query failed!
L 09/21/2011 - 20:24:36: [amxbans.amxx] [Amxbans] Threaded query error, location: 18
L 09/21/2011 - 20:24:36: [amxbans.amxx] [Amxbans] Message: You have an error in your SQL syntax; check the manual that corresponds to your MySQL server version for the right syntax to use near ''amxban' at line 1 (1064)
L 09/21/2011 - 20:24:36: [amxbans.amxx] [Amxbans] Query statement: 
L 09/21/2011 - 20:28:28: [amxbans.amxx] [Amxbans] Query failed!
L 09/21/2011 - 20:28:28: [amxbans.amxx] [Amxbans] Threaded query error, location: 18
L 09/21/2011 - 20:28:28: [amxbans.amxx] [Amxbans] Message: You have an error in your SQL syntax; check the manual that corresponds to your MySQL server version for the right syntax to use near ''amxb' at line 1 (1064)
L 09/21/2011 - 20:28:28: [amxbans.amxx] [Amxbans] Query statement: 
L 09/21/2011 - 20:28:32: [amxbans.amxx] [Amxbans] Query failed!
L 09/21/2011 - 20:28:32: [amxbans.amxx] [Amxbans] Threaded query error, location: 18
L 09/21/2011 - 20:28:32: [amxbans.amxx] [Amxbans] Message: You have an error in your SQL syntax; check the manual that corresponds to your MySQL server version for the right syntax to use near ''amxb' at line 1 (1064)
L 09/21/2011 - 20:28:32: [amxbans.amxx] [Amxbans] Query statement: 
L 09/21/2011 - 20:51:57: -------- Mapchange to zm_666_brick --------
L 09/21/2011 - 20:51:58: [admin_amxbans.amxx] Login: "F1-[G]amin[G] |G-man<913><STEAM_0:0:299692916><>" became an admin (account "F1-[G]amin[G] |G-man") (access "t") (address "194.0.68.126")
L 09/21/2011 - 20:51:58: [admin_amxbans.amxx] Login: "F1-[G]amin[G] |G-man<991><STEAM_0:0:299692916><>" became an admin (account "F1-[G]amin[G] |G-man") (access "t") (address "194.0.68.126")
L 09/21/2011 - 20:51:59: [amxbans.amxx] [AMXBANS] AMXBans 5.0 is online
L 09/21/2011 - 20:52:04: [amxbans.amxx] [Amxbans] Query failed!
L 09/21/2011 - 20:52:04: [amxbans.amxx] [Amxbans] Threaded query error, location: 18
L 09/21/2011 - 20:52:04: [amxbans.amxx] [Amxbans] Message: You have an error in your SQL syntax; check the manual that corresponds to your MySQL server version for the right syntax to use near ''amxb' at line 1 (1064)
L 09/21/2011 - 20:52:04: [amxbans.amxx] [Amxbans] Query statement: 
L 09/21/2011 - 20:52:06: [amxbans.amxx] [Amxbans] Query failed!
L 09/21/2011 - 20:52:06: [amxbans.amxx] [Amxbans] Threaded query error, location: 18
L 09/21/2011 - 20:52:06: [amxbans.amxx] [Amxbans] Message: You have an error in your SQL syntax; check the manual that corresponds to your MySQL server version for the right syntax to use near ''amxban' at line 1 (1064)
L 09/21/2011 - 20:52:06: [amxbans.amxx] [Amxbans] Query statement: 
L 09/21/2011 - 21:13:16: -------- Mapchange to ze_train_back_lg --------
L 09/21/2011 - 21:13:16: [admin_amxbans.amxx] Login: "F1-[G]amin[G] |G-man<991><STEAM_0:0:299692916><>" became an admin (account "F1-[G]amin[G] |G-man") (access "t") (address "194.0.68.126")
L 09/21/2011 - 21:13:17: [amxbans.amxx] [AMXBANS] AMXBans 5.0 is online
L 09/21/2011 - 21:13:22: [admin_amxbans.amxx] Login: "F1-[G]amin[G] |G-man<1019><STEAM_0:0:299692916><>" became an admin (account "F1-[G]amin[G] |G-man") (access "t") (address "194.0.68.126")
L 09/21/2011 - 21:13:23: [amxbans.amxx] [Amxbans] Query failed!
L 09/21/2011 - 21:13:23: [amxbans.amxx] [Amxbans] Threaded query error, location: 18
L 09/21/2011 - 21:13:23: [amxbans.amxx] [Amxbans] Message: You have an error in your SQL syntax; check the manual that corresponds to your MySQL server version for the right syntax to use near ''amxb' at line 1 (1064)
L 09/21/2011 - 21:13:23: [amxbans.amxx] [Amxbans] Query statement: 
L 09/21/2011 - 21:13:24: [amxbans.amxx] [Amxbans] Query failed!
L 09/21/2011 - 21:13:24: [amxbans.amxx] [Amxbans] Threaded query error, location: 18
L 09/21/2011 - 21:13:24: [amxbans.amxx] [Amxbans] Message: You have an error in your SQL syntax; check the manual that corresponds to your MySQL server version for the right syntax to use near ''amxban' at line 1 (1064)
L 09/21/2011 - 21:13:24: [amxbans.amxx] [Amxbans] Query statement: 
L 09/21/2011 - 21:13:25: [amxbans.amxx] [Amxbans] Query failed!
L 09/21/2011 - 21:13:25: [amxbans.amxx] [Amxbans] Threaded query error, location: 18
L 09/21/2011 - 21:13:25: [amxbans.amxx] [Amxbans] Message: You have an error in your SQL syntax; check the manual that corresponds to your MySQL server version for the right syntax to use near ''amxb' at line 1 (1064)
L 09/21/2011 - 21:13:25: [amxbans.amxx] [Amxbans] Query statement: 
L 09/21/2011 - 21:13:27: [amxbans.amxx] [Amxbans] Query failed!
L 09/21/2011 - 21:13:27: [amxbans.amxx] [Amxbans] Threaded query error, location: 18
L 09/21/2011 - 21:13:27: [amxbans.amxx] [Amxbans] Message: You have an error in your SQL syntax; check the manual that corresponds to your MySQL server version for the right syntax to use near ''amxban' at line 1 (1064)
L 09/21/2011 - 21:13:27: [amxbans.amxx] [Amxbans] Query statement: 
L 09/21/2011 - 21:28:34: -------- Mapchange to ze_lift_escape_b5 --------
L 09/21/2011 - 21:28:35: [amxbans.amxx] [AMXBANS] AMXBans 5.0 is online
L 09/21/2011 - 21:28:40: [amxbans.amxx] [Amxbans] Query failed!
L 09/21/2011 - 21:28:40: [amxbans.amxx] [Amxbans] Threaded query error, location: 18
L 09/21/2011 - 21:28:40: [amxbans.amxx] [Amxbans] Message: You have an error in your SQL syntax; check the manual that corresponds to your MySQL server version for the right syntax to use near ''amxb' at line 1 (1064)
L 09/21/2011 - 21:28:40: [amxbans.amxx] [Amxbans] Query statement: 
L 09/21/2011 - 21:28:40: [amxbans.amxx] [Amxbans] Query failed!
L 09/21/2011 - 21:28:40: [amxbans.amxx] [Amxbans] Threaded query error, location: 18
L 09/21/2011 - 21:28:40: [amxbans.amxx] [Amxbans] Message: You have an error in your SQL syntax; check the manual that corresponds to your MySQL server version for the right syntax to use near ''amxban' at line 1 (1064)
L 09/21/2011 - 21:28:40: [amxbans.amxx] [Amxbans] Query statement: 
L 09/21/2011 - 21:46:30: -------- Mapchange to zm_cpl_mill_kamp --------
L 09/21/2011 - 21:46:31: [amxbans.amxx] [AMXBANS] AMXBans 5.0 is online
L 09/21/2011 - 21:46:36: [amxbans.amxx] [Amxbans] Query failed!
L 09/21/2011 - 21:46:36: [amxbans.amxx] [Amxbans] Threaded query error, location: 18
L 09/21/2011 - 21:46:36: [amxbans.amxx] [Amxbans] Message: You have an error in your SQL syntax; check the manual that corresponds to your MySQL server version for the right syntax to use near ''amxban' at line 1 (1064)
L 09/21/2011 - 21:46:36: [amxbans.amxx] [Amxbans] Query statement: 
L 09/21/2011 - 21:55:52: [admin_amxbans.amxx] Login: "F1-[G]amin[G] |G-man<1097><STEAM_0:0:299692916><>" became an admin (account "F1-[G]amin[G] |G-man") (access "t") (address "194.0.68.126")
L 09/21/2011 - 22:07:13: -------- Mapchange to zm_alfresco_v2 --------
L 09/21/2011 - 22:07:15: [amxbans.amxx] [AMXBANS] AMXBans 5.0 is online
L 09/21/2011 - 22:07:20: [amxbans.amxx] [Amxbans] Query failed!
L 09/21/2011 - 22:07:20: [amxbans.amxx] [Amxbans] Threaded query error, location: 18
L 09/21/2011 - 22:07:20: [amxbans.amxx] [Amxbans] Message: You have an error in your SQL syntax; check the manual that corresponds to your MySQL server version for the right syntax to use near ''amxban' at line 1 (1064)
L 09/21/2011 - 22:07:20: [amxbans.amxx] [Amxbans] Query statement: 
L 09/21/2011 - 22:22:27: [admin_amxbans.amxx] Login: "~Helena~<1134><STEAM_0:4:1811992426><>" became an admin (account "~Helena~") (access "at") (address "109.124.93.113")
L 09/21/2011 - 22:37:12: -------- Mapchange to ze_jurassicpark --------
L 09/21/2011 - 22:37:13: [admin_amxbans.amxx] Login: "~Helena~<1134><STEAM_0:4:1811992426><>" became an admin (account "~Helena~") (access "at") (address "109.124.93.113")
L 09/21/2011 - 22:37:14: [amxbans.amxx] [AMXBANS] AMXBans 5.0 is online
L 09/21/2011 - 22:57:43: -------- Mapchange to zm_303 --------
L 09/21/2011 - 22:57:45: [amxbans.amxx] [AMXBANS] AMXBans 5.0 is online
L 09/21/2011 - 23:14:41: [admin_amxbans.amxx] Login: "The Ebashilovo<1174><STEAM_0:0:1236438227><>" became an admin (account "172.23.65.13") (access "l") (address "172.23.65.13")
L 09/21/2011 - 23:21:45: [admincmd.amxx] Cmd: "The Ebashilovo<1174><STEAM_0:0:1236438227><>" server console (cmdline "amx_ban")
L 09/21/2011 - 23:22:21: [admincmd.amxx] Cmd: "The Ebashilovo<1174><STEAM_0:0:1236438227><>" server console (cmdline "amx_ban korbut 60 wh")
L 09/21/2011 - 23:22:37: [admincmd.amxx] Cmd: "The Ebashilovo<1174><STEAM_0:0:1236438227><>" server console (cmdline "amx_ban 60 korbut wh ")
L 09/21/2011 - 23:22:38: [amxbans.amxx]  Зомби сервер (x_x(O_o)x_x) Go Zombie !!!<0><><> banned Korbut mafia UA<STEAM_0:0:292066112> for 1 hour (60 minutes). Reason: wh .
L 09/21/2011 - 23:28:01: -------- Mapchange to 016 --------
L 09/21/2011 - 23:28:02: [admin_amxbans.amxx] Login: "The Ebashilovo<1174><STEAM_0:0:1236438227><>" became an admin (account "172.23.65.13") (access "l") (address "172.23.65.13")
L 09/21/2011 - 23:28:03: [amxbans.amxx] [AMXBANS] AMXBans 5.0 is online
L 09/21/2011 - 23:31:23: [admincmd.amxx] Cmd: "The Ebashilovo<1174><STEAM_0:0:1236438227><>" server console (cmdline "amx_slay 333")
L 09/21/2011 - 23:31:23: [admincmd.amxx] Cmd: " Зомби сервер (x_x(O<0><><>" slay "333<1178><STEAM_0:4:663047281><>"
L 09/21/2011 - 23:39:31: [admin_amxbans.amxx] Login: "The Ebashilovo<1202><STEAM_0:0:1236438227><>" became an admin (account "172.23.65.13") (access "l") (address "172.23.65.13")
L 09/21/2011 - 23:52:33: -------- Mapchange to zm_dwarf --------
L 09/21/2011 - 23:52:35: [amxbans.amxx] [AMXBANS] AMXBans 5.0 is online
L 09/21/2011 - 23:57:08: -------- Mapchange to zm_caca --------
L 09/21/2011 - 23:57:10: [amxbans.amxx] [AMXBANS] AMXBans 5.0 is online
