L 09/27/2011 - 00:20:16: -------- Mapchange to ze_jurassicpark --------
L 09/27/2011 - 00:20:17: [amxbans.amxx] [AMXBANS] AMXBans 5.0 is online
L 09/27/2011 - 00:43:07: -------- Mapchange to zm_cpl_mill_kamp --------
L 09/27/2011 - 00:43:08: [amxbans.amxx] [AMXBANS] AMXBans 5.0 is online
L 09/27/2011 - 01:04:40: -------- Mapchange to ze_train_back_lg --------
L 09/27/2011 - 01:04:42: [amxbans.amxx] [AMXBANS] AMXBans 5.0 is online
L 09/27/2011 - 01:21:16: -------- Mapchange to zm_decline2k --------
L 09/27/2011 - 01:21:18: [amxbans.amxx] [AMXBANS] AMXBans 5.0 is online
L 09/27/2011 - 01:26:55: [admin_amxbans.amxx] Login: "Kenny<2602><STEAM_0:0:963405193><>" became an admin (account "Kenny") (access "abcdefghijlmnopqstu") (address "109.161.90.200")
L 09/27/2011 - 01:33:01: [admin_amxbans.amxx] Login: "Kenny<2603><STEAM_0:0:963405193><>" became an admin (account "Kenny") (access "abcdefghijlmnopqstu") (address "109.161.90.200")
L 09/27/2011 - 01:40:08: -------- Mapchange to zm_neris --------
L 09/27/2011 - 01:40:09: [amxbans.amxx] [AMXBANS] AMXBans 5.0 is online
L 09/27/2011 - 01:43:08: -------- Mapchange to cs_estate --------
L 09/27/2011 - 01:43:10: [amxbans.amxx] [AMXBANS] AMXBans 5.0 is online
L 09/27/2011 - 01:51:30: -------- Mapchange to zm_caca --------
L 09/27/2011 - 01:51:32: [amxbans.amxx] [AMXBANS] AMXBans 5.0 is online
L 09/27/2011 - 01:54:30: -------- Mapchange to cs_estate --------
L 09/27/2011 - 01:54:33: [amxbans.amxx] [AMXBANS] AMXBans 5.0 is online
L 09/27/2011 - 02:04:26: -------- Mapchange to cs_estate --------
L 09/27/2011 - 02:04:28: [amxbans.amxx] [AMXBANS] AMXBans 5.0 is online
L 09/27/2011 - 02:14:22: -------- Mapchange to cs_estate --------
L 09/27/2011 - 02:14:24: [amxbans.amxx] [AMXBANS] AMXBans 5.0 is online
L 09/27/2011 - 02:22:44: -------- Mapchange to 016 --------
L 09/27/2011 - 02:22:46: [amxbans.amxx] [AMXBANS] AMXBans 5.0 is online
L 09/27/2011 - 02:25:44: -------- Mapchange to cs_estate --------
L 09/27/2011 - 02:25:47: [amxbans.amxx] [AMXBANS] AMXBans 5.0 is online
L 09/27/2011 - 02:35:40: -------- Mapchange to cs_estate --------
L 09/27/2011 - 02:35:43: [amxbans.amxx] [AMXBANS] AMXBans 5.0 is online
L 09/27/2011 - 02:45:36: -------- Mapchange to cs_estate --------
L 09/27/2011 - 02:45:39: [amxbans.amxx] [AMXBANS] AMXBans 5.0 is online
L 09/27/2011 - 02:55:32: -------- Mapchange to cs_estate --------
L 09/27/2011 - 02:55:34: [amxbans.amxx] [AMXBANS] AMXBans 5.0 is online
L 09/27/2011 - 03:05:28: -------- Mapchange to cs_estate --------
L 09/27/2011 - 03:05:30: [amxbans.amxx] [AMXBANS] AMXBans 5.0 is online
L 09/27/2011 - 03:33:54: -------- Mapchange to cs_estate --------
L 09/27/2011 - 03:33:56: [amxbans.amxx] [AMXBANS] AMXBans 5.0 is online
L 09/27/2011 - 03:42:16: -------- Mapchange to ze_jurassicpark --------
L 09/27/2011 - 03:42:18: [amxbans.amxx] [AMXBANS] AMXBans 5.0 is online
L 09/27/2011 - 03:45:16: -------- Mapchange to cs_estate --------
L 09/27/2011 - 03:45:19: [amxbans.amxx] [AMXBANS] AMXBans 5.0 is online
L 09/27/2011 - 03:55:12: -------- Mapchange to cs_estate --------
L 09/27/2011 - 03:55:14: [amxbans.amxx] [AMXBANS] AMXBans 5.0 is online
L 09/27/2011 - 04:04:57: -------- Mapchange to cs_estate --------
L 09/27/2011 - 04:05:00: [amxbans.amxx] [AMXBANS] AMXBans 5.0 is online
L 09/27/2011 - 04:14:53: -------- Mapchange to cs_estate --------
L 09/27/2011 - 04:14:55: [amxbans.amxx] [AMXBANS] AMXBans 5.0 is online
L 09/27/2011 - 04:24:49: -------- Mapchange to cs_estate --------
L 09/27/2011 - 04:24:51: [amxbans.amxx] [AMXBANS] AMXBans 5.0 is online
L 09/27/2011 - 04:34:45: -------- Mapchange to cs_estate --------
L 09/27/2011 - 04:34:47: [amxbans.amxx] [AMXBANS] AMXBans 5.0 is online
L 09/27/2011 - 04:51:41: -------- Mapchange to cs_estate --------
L 09/27/2011 - 04:51:43: [amxbans.amxx] [AMXBANS] AMXBans 5.0 is online
L 09/27/2011 - 05:01:37: -------- Mapchange to cs_estate --------
L 09/27/2011 - 05:01:39: [amxbans.amxx] [AMXBANS] AMXBans 5.0 is online
L 09/27/2011 - 05:11:33: -------- Mapchange to cs_estate --------
L 09/27/2011 - 05:11:35: [amxbans.amxx] [AMXBANS] AMXBans 5.0 is online
L 09/27/2011 - 05:21:28: -------- Mapchange to cs_estate --------
L 09/27/2011 - 05:21:31: [amxbans.amxx] [AMXBANS] AMXBans 5.0 is online
L 09/27/2011 - 05:31:24: -------- Mapchange to cs_estate --------
L 09/27/2011 - 05:31:27: [amxbans.amxx] [AMXBANS] AMXBans 5.0 is online
L 09/27/2011 - 05:41:21: -------- Mapchange to cs_estate --------
L 09/27/2011 - 05:41:23: [amxbans.amxx] [AMXBANS] AMXBans 5.0 is online
L 09/27/2011 - 05:51:17: -------- Mapchange to cs_estate --------
L 09/27/2011 - 05:51:19: [amxbans.amxx] [AMXBANS] AMXBans 5.0 is online
L 09/27/2011 - 06:01:13: -------- Mapchange to cs_estate --------
L 09/27/2011 - 06:01:15: [amxbans.amxx] [AMXBANS] AMXBans 5.0 is online
L 09/27/2011 - 06:11:08: -------- Mapchange to cs_estate --------
L 09/27/2011 - 06:11:11: [amxbans.amxx] [AMXBANS] AMXBans 5.0 is online
L 09/27/2011 - 06:21:04: -------- Mapchange to cs_estate --------
L 09/27/2011 - 06:21:07: [amxbans.amxx] [AMXBANS] AMXBans 5.0 is online
L 09/27/2011 - 06:31:00: -------- Mapchange to cs_estate --------
L 09/27/2011 - 06:31:03: [amxbans.amxx] [AMXBANS] AMXBans 5.0 is online
L 09/27/2011 - 06:40:56: -------- Mapchange to cs_estate --------
L 09/27/2011 - 06:40:59: [amxbans.amxx] [AMXBANS] AMXBans 5.0 is online
L 09/27/2011 - 06:50:52: -------- Mapchange to cs_estate --------
L 09/27/2011 - 06:50:55: [amxbans.amxx] [AMXBANS] AMXBans 5.0 is online
L 09/27/2011 - 06:59:15: -------- Mapchange to 016 --------
L 09/27/2011 - 06:59:16: [amxbans.amxx] [AMXBANS] AMXBans 5.0 is online
L 09/27/2011 - 07:38:03: -------- Mapchange to zm_xata --------
L 09/27/2011 - 07:38:04: [amxbans.amxx] [AMXBANS] AMXBans 5.0 is online
L 09/27/2011 - 08:24:05: -------- Mapchange to zm_fdust2x2 --------
L 09/27/2011 - 08:24:07: [amxbans.amxx] [AMXBANS] AMXBans 5.0 is online
L 09/27/2011 - 08:48:14: -------- Mapchange to cs_militia --------
L 09/27/2011 - 08:48:20: [amxbans.amxx] [AMXBANS] AMXBans 5.0 is online
L 09/27/2011 - 09:08:44: -------- Mapchange to zm_303 --------
L 09/27/2011 - 09:08:45: [amxbans.amxx] [AMXBANS] AMXBans 5.0 is online
L 09/27/2011 - 09:29:07: -------- Mapchange to zm_666_brick --------
L 09/27/2011 - 09:29:09: [amxbans.amxx] [AMXBANS] AMXBans 5.0 is online
L 09/27/2011 - 10:25:52: -------- Mapchange to ze_lift_escape_b5 --------
L 09/27/2011 - 10:25:54: [amxbans.amxx] [AMXBANS] AMXBans 5.0 is online
L 09/27/2011 - 10:42:23: -------- Mapchange to zm_alfresco_v2 --------
L 09/27/2011 - 10:42:25: [amxbans.amxx] [AMXBANS] AMXBans 5.0 is online
L 09/27/2011 - 11:04:02: -------- Mapchange to zm_caca --------
L 09/27/2011 - 11:04:03: [amxbans.amxx] [AMXBANS] AMXBans 5.0 is online
L 09/27/2011 - 11:24:31: -------- Mapchange to ze_jurassicpark --------
L 09/27/2011 - 11:24:32: [amxbans.amxx] [AMXBANS] AMXBans 5.0 is online
L 09/27/2011 - 11:37:58: [admin_amxbans.amxx] Login: "Alecquant<2855><STEAM_0:4:565250032><>" became an admin (account "Alecquant") (access "t") (address "89.237.62.234")
L 09/27/2011 - 11:38:15: [admin_amxbans.amxx] Login: "Alecquant<2856><STEAM_0:4:565250032><>" became an admin (account "Alecquant") (access "t") (address "89.237.62.234")
L 09/27/2011 - 11:40:22: [admin_amxbans.amxx] Login: "1C ! f0sT*<2857><STEAM_0:0:1775504481><>" became an admin (account "1C ! f0sT*") (access "t") (address "109.205.254.58")
L 09/27/2011 - 11:41:42: [admin_amxbans.amxx] Login: "Euforia<2858><STEAM_0:0:1365425199><>" became an admin (account "Euforia") (access "t") (address "188.123.245.19")
L 09/27/2011 - 11:47:34: -------- Mapchange to zm_dwarf --------
L 09/27/2011 - 11:47:34: [admin_amxbans.amxx] Login: "1C ! f0sT*<2857><STEAM_0:0:1775504481><>" became an admin (account "1C ! f0sT*") (access "t") (address "109.205.254.58")
L 09/27/2011 - 11:47:35: [admin_amxbans.amxx] Login: "Alecquant<2856><STEAM_0:4:565250032><>" became an admin (account "Alecquant") (access "t") (address "89.237.62.234")
L 09/27/2011 - 11:47:35: [amxbans.amxx] [AMXBANS] AMXBans 5.0 is online
L 09/27/2011 - 11:48:32: [admin_amxbans.amxx] Login: "Alecquant<2866><STEAM_0:4:565250032><>" became an admin (account "Alecquant") (access "t") (address "89.237.62.234")
L 09/27/2011 - 11:58:17: [amxbans.amxx] [Amxbans] Query failed!
L 09/27/2011 - 11:58:17: [amxbans.amxx] [Amxbans] Threaded query error, location: 18
L 09/27/2011 - 11:58:17: [amxbans.amxx] [Amxbans] Message: You have an error in your SQL syntax; check the manual that corresponds to your MySQL server version for the right syntax to use near '' at line 1 (1064)
L 09/27/2011 - 11:58:17: [amxbans.amxx] [Amxbans] Query statement: 
L 09/27/2011 - 11:59:04: [amxbans.amxx] [Amxbans] Query failed!
L 09/27/2011 - 11:59:04: [amxbans.amxx] [Amxbans] Threaded query error, location: 18
L 09/27/2011 - 11:59:04: [amxbans.amxx] [Amxbans] Message: You have an error in your SQL syntax; check the manual that corresponds to your MySQL server version for the right syntax to use near '' at line 1 (1064)
L 09/27/2011 - 11:59:04: [amxbans.amxx] [Amxbans] Query statement: 
L 09/27/2011 - 12:08:08: -------- Mapchange to zm_decline2k --------
L 09/27/2011 - 12:08:09: [admin_amxbans.amxx] Login: "1C ! f0sT*<2857><STEAM_0:0:1775504481><>" became an admin (account "1C ! f0sT*") (access "t") (address "109.205.254.58")
L 09/27/2011 - 12:08:09: [admin_amxbans.amxx] Login: "Alecquant<2866><STEAM_0:4:565250032><>" became an admin (account "Alecquant") (access "t") (address "89.237.62.234")
L 09/27/2011 - 12:08:10: [amxbans.amxx] [AMXBANS] AMXBans 5.0 is online
L 09/27/2011 - 12:08:14: [amxbans.amxx] [Amxbans] Query failed!
L 09/27/2011 - 12:08:14: [amxbans.amxx] [Amxbans] Threaded query error, location: 18
L 09/27/2011 - 12:08:14: [amxbans.amxx] [Amxbans] Message: You have an error in your SQL syntax; check the manual that corresponds to your MySQL server version for the right syntax to use near '' at line 1 (1064)
L 09/27/2011 - 12:08:14: [amxbans.amxx] [Amxbans] Query statement: 
L 09/27/2011 - 12:08:21: [admin_amxbans.amxx] Login: "Alecquant<2885><STEAM_0:4:565250032><>" became an admin (account "Alecquant") (access "t") (address "89.237.62.234")
L 09/27/2011 - 12:22:59: [voteban.amxx] Voteban starter 1C ! f0sT* against MikosH STEAM_0:4:1218840298
L 09/27/2011 - 12:23:14: [voteban.amxx] [AMXX] BANNED: MikosH, STARTER: 1C ! f0sT*
L 09/27/2011 - 12:23:15: [amxbans.amxx]  Зомби сервер (x_x(O_o)x_x) Go Zombie !!!<0><><> banned MikosH<STEAM_0:4:1218840298> for 15 minutes (15 minutes). Reason: VIP->1C ! f0sT*.
L 09/27/2011 - 12:30:15: -------- Mapchange to 016 --------
L 09/27/2011 - 12:30:16: [admin_amxbans.amxx] Login: "1C ! f0sT*<2857><STEAM_0:0:1775504481><>" became an admin (account "1C ! f0sT*") (access "t") (address "109.205.254.58")
L 09/27/2011 - 12:30:16: [admin_amxbans.amxx] Login: "Alecquant<2885><STEAM_0:4:565250032><>" became an admin (account "Alecquant") (access "t") (address "89.237.62.234")
L 09/27/2011 - 12:30:17: [amxbans.amxx] [AMXBANS] AMXBans 5.0 is online
L 09/27/2011 - 12:30:21: [amxbans.amxx] [Amxbans] Query failed!
L 09/27/2011 - 12:30:21: [amxbans.amxx] [Amxbans] Threaded query error, location: 18
L 09/27/2011 - 12:30:21: [amxbans.amxx] [Amxbans] Message: You have an error in your SQL syntax; check the manual that corresponds to your MySQL server version for the right syntax to use near '' at line 1 (1064)
L 09/27/2011 - 12:30:21: [amxbans.amxx] [Amxbans] Query statement: 
L 09/27/2011 - 13:01:36: -------- Mapchange to zm_fdust2x2 --------
L 09/27/2011 - 13:01:37: [admin_amxbans.amxx] Login: "1C ! f0sT*<2857><STEAM_0:0:1775504481><>" became an admin (account "1C ! f0sT*") (access "t") (address "109.205.254.58")
L 09/27/2011 - 13:01:37: [admin_amxbans.amxx] Login: "Alecquant<2885><STEAM_0:4:565250032><>" became an admin (account "Alecquant") (access "t") (address "89.237.62.234")
L 09/27/2011 - 13:01:38: [amxbans.amxx] [AMXBANS] AMXBans 5.0 is online
L 09/27/2011 - 13:01:42: [amxbans.amxx] [Amxbans] Query failed!
L 09/27/2011 - 13:01:42: [amxbans.amxx] [Amxbans] Threaded query error, location: 18
L 09/27/2011 - 13:01:42: [amxbans.amxx] [Amxbans] Message: You have an error in your SQL syntax; check the manual that corresponds to your MySQL server version for the right syntax to use near '' at line 1 (1064)
L 09/27/2011 - 13:01:42: [amxbans.amxx] [Amxbans] Query statement: 
L 09/27/2011 - 13:21:41: -------- Mapchange to zm_666_brick --------
L 09/27/2011 - 13:21:42: [admin_amxbans.amxx] Login: "1C ! f0sT*<2857><STEAM_0:0:1775504481><>" became an admin (account "1C ! f0sT*") (access "t") (address "109.205.254.58")
L 09/27/2011 - 13:21:42: [admin_amxbans.amxx] Login: "Alecquant<2885><STEAM_0:4:565250032><>" became an admin (account "Alecquant") (access "t") (address "89.237.62.234")
L 09/27/2011 - 13:21:43: [amxbans.amxx] [AMXBANS] AMXBans 5.0 is online
L 09/27/2011 - 13:21:48: [amxbans.amxx] [Amxbans] Query failed!
L 09/27/2011 - 13:21:48: [amxbans.amxx] [Amxbans] Threaded query error, location: 18
L 09/27/2011 - 13:21:48: [amxbans.amxx] [Amxbans] Message: You have an error in your SQL syntax; check the manual that corresponds to your MySQL server version for the right syntax to use near '' at line 1 (1064)
L 09/27/2011 - 13:21:48: [amxbans.amxx] [Amxbans] Query statement: 
L 09/27/2011 - 13:23:06: [amxbans.amxx] [Amxbans] Query failed!
L 09/27/2011 - 13:23:06: [amxbans.amxx] [Amxbans] Threaded query error, location: 18
L 09/27/2011 - 13:23:06: [amxbans.amxx] [Amxbans] Message: You have an error in your SQL syntax; check the manual that corresponds to your MySQL server version for the right syntax to use near '' at line 1 (1064)
L 09/27/2011 - 13:23:06: [amxbans.amxx] [Amxbans] Query statement: 
L 09/27/2011 - 13:51:51: -------- Mapchange to ze_lift_escape_b5 --------
L 09/27/2011 - 13:51:51: [admin_amxbans.amxx] Login: "1C ! f0sT*<2857><STEAM_0:0:1775504481><>" became an admin (account "1C ! f0sT*") (access "t") (address "109.205.254.58")
L 09/27/2011 - 13:51:51: [admin_amxbans.amxx] Login: "Alecquant<2885><STEAM_0:4:565250032><>" became an admin (account "Alecquant") (access "t") (address "89.237.62.234")
L 09/27/2011 - 13:51:52: [amxbans.amxx] [AMXBANS] AMXBans 5.0 is online
L 09/27/2011 - 14:01:36: [amxbans.amxx] [Amxbans] Query failed!
L 09/27/2011 - 14:01:36: [amxbans.amxx] [Amxbans] Threaded query error, location: 18
L 09/27/2011 - 14:01:36: [amxbans.amxx] [Amxbans] Message: You have an error in your SQL syntax; check the manual that corresponds to your MySQL server version for the right syntax to use near ''amxb' at line 1 (1064)
L 09/27/2011 - 14:01:36: [amxbans.amxx] [Amxbans] Query statement: 
L 09/27/2011 - 14:04:45: [admin_amxbans.amxx] Login: "1C ! f0sT*<2952><STEAM_0:0:1775504481><>" became an admin (account "1C ! f0sT*") (access "t") (address "109.205.254.58")
L 09/27/2011 - 14:06:59: -------- Mapchange to zm_303 --------
L 09/27/2011 - 14:07:00: [admin_amxbans.amxx] Login: "1C ! f0sT*<2952><STEAM_0:0:1775504481><>" became an admin (account "1C ! f0sT*") (access "t") (address "109.205.254.58")
L 09/27/2011 - 14:07:00: [admin_amxbans.amxx] Login: "Alecquant<2885><STEAM_0:4:565250032><>" became an admin (account "Alecquant") (access "t") (address "89.237.62.234")
L 09/27/2011 - 14:07:00: [amxbans.amxx] [AMXBANS] AMXBans 5.0 is online
L 09/27/2011 - 14:07:06: [amxbans.amxx] [Amxbans] Query failed!
L 09/27/2011 - 14:07:06: [amxbans.amxx] [Amxbans] Threaded query error, location: 18
L 09/27/2011 - 14:07:06: [amxbans.amxx] [Amxbans] Message: You have an error in your SQL syntax; check the manual that corresponds to your MySQL server version for the right syntax to use near ''amxb' at line 1 (1064)
L 09/27/2011 - 14:07:06: [amxbans.amxx] [Amxbans] Query statement: 
L 09/27/2011 - 14:12:10: [admin_amxbans.amxx] Login: "Euforia<2960><STEAM_0:0:1365425199><>" became an admin (account "Euforia") (access "t") (address "188.123.245.19")
L 09/27/2011 - 14:16:55: [admin_amxbans.amxx] Login: "Alecquant<2967><STEAM_0:4:565250032><>" became an admin (account "Alecquant") (access "t") (address "89.237.62.234")
L 09/27/2011 - 14:18:16: [admin_amxbans.amxx] Login: "Alecquant<2970><STEAM_0:4:565250032><>" became an admin (account "Alecquant") (access "t") (address "89.237.62.234")
L 09/27/2011 - 14:29:55: -------- Mapchange to ze_train_back_lg --------
L 09/27/2011 - 14:29:56: [admin_amxbans.amxx] Login: "Alecquant<2970><STEAM_0:4:565250032><>" became an admin (account "Alecquant") (access "t") (address "89.237.62.234")
L 09/27/2011 - 14:29:56: [admin_amxbans.amxx] Login: "1C ! f0sT*<2952><STEAM_0:0:1775504481><>" became an admin (account "1C ! f0sT*") (access "t") (address "109.205.254.58")
L 09/27/2011 - 14:29:57: [amxbans.amxx] [AMXBANS] AMXBans 5.0 is online
L 09/27/2011 - 14:30:01: [admin_amxbans.amxx] Login: "1C ! f0sT*<2993><STEAM_0:0:1775504481><>" became an admin (account "1C ! f0sT*") (access "t") (address "109.205.254.58")
L 09/27/2011 - 14:31:12: [admin_amxbans.amxx] Login: "Alecquant<3004><STEAM_0:4:565250032><>" became an admin (account "Alecquant") (access "t") (address "89.237.62.234")
L 09/27/2011 - 14:45:38: -------- Mapchange to cs_militia --------
L 09/27/2011 - 14:45:42: [admin_amxbans.amxx] Login: "1C ! f0sT*<2993><STEAM_0:0:1775504481><>" became an admin (account "1C ! f0sT*") (access "t") (address "109.205.254.58")
L 09/27/2011 - 14:45:42: [admin_amxbans.amxx] Login: "Alecquant<3004><STEAM_0:4:565250032><>" became an admin (account "Alecquant") (access "t") (address "89.237.62.234")
L 09/27/2011 - 14:45:43: [amxbans.amxx] [AMXBANS] AMXBans 5.0 is online
L 09/27/2011 - 14:58:28: [admin_amxbans.amxx] Login: "1C ! f0sT*<2993><STEAM_0:0:1775504481><>" became an admin (account "1C ! f0sT*") (access "t") (address "109.205.254.58")
L 09/27/2011 - 15:03:28: [admin_amxbans.amxx] Login: "1C ! f0sT*<3053><STEAM_0:0:1775504481><>" became an admin (account "1C ! f0sT*") (access "t") (address "109.205.254.58")
L 09/27/2011 - 15:06:13: -------- Mapchange to zm_caca --------
L 09/27/2011 - 15:06:13: [admin_amxbans.amxx] Login: "1C ! f0sT*<3053><STEAM_0:0:1775504481><>" became an admin (account "1C ! f0sT*") (access "t") (address "109.205.254.58")
L 09/27/2011 - 15:06:14: [admin_amxbans.amxx] Login: "Alecquant<3004><STEAM_0:4:565250032><>" became an admin (account "Alecquant") (access "t") (address "89.237.62.234")
L 09/27/2011 - 15:06:14: [amxbans.amxx] [AMXBANS] AMXBans 5.0 is online
L 09/27/2011 - 15:06:38: [admin_amxbans.amxx] Login: "Alecquant<3058><STEAM_0:4:565250032><>" became an admin (account "Alecquant") (access "t") (address "89.237.62.234")
L 09/27/2011 - 15:20:21: [admin_amxbans.amxx] Login: "Euforia<3075><STEAM_0:0:1365425199><>" became an admin (account "Euforia") (access "t") (address "188.123.245.19")
L 09/27/2011 - 15:26:51: -------- Mapchange to ze_jurassicpark --------
L 09/27/2011 - 15:26:52: [admin_amxbans.amxx] Login: "1C ! f0sT*<3053><STEAM_0:0:1775504481><>" became an admin (account "1C ! f0sT*") (access "t") (address "109.205.254.58")
L 09/27/2011 - 15:26:52: [admin_amxbans.amxx] Login: "Alecquant<3058><STEAM_0:4:565250032><>" became an admin (account "Alecquant") (access "t") (address "89.237.62.234")
L 09/27/2011 - 15:26:53: [amxbans.amxx] [AMXBANS] AMXBans 5.0 is online
L 09/27/2011 - 15:33:50: [amxbans.amxx] [Amxbans] Query failed!
L 09/27/2011 - 15:33:50: [amxbans.amxx] [Amxbans] Threaded query error, location: 18
L 09/27/2011 - 15:33:50: [amxbans.amxx] [Amxbans] Message: You have an error in your SQL syntax; check the manual that corresponds to your MySQL server version for the right syntax to use near ''' at line 1 (1064)
L 09/27/2011 - 15:33:50: [amxbans.amxx] [Amxbans] Query statement: 
L 09/27/2011 - 15:35:51: [admin_amxbans.amxx] Login: "mm<3095><STEAM_0:4:446327478><>" became an admin (account "212.55.104.156") (access "abcdefgijlmnoprstu") (address "212.55.104.156")
L 09/27/2011 - 15:36:25: [amxbans.amxx] [Amxbans] Query failed!
L 09/27/2011 - 15:36:25: [amxbans.amxx] [Amxbans] Threaded query error, location: 18
L 09/27/2011 - 15:36:25: [amxbans.amxx] [Amxbans] Message: You have an error in your SQL syntax; check the manual that corresponds to your MySQL server version for the right syntax to use near '' at line 1 (1064)
L 09/27/2011 - 15:36:25: [amxbans.amxx] [Amxbans] Query statement: 
L 09/27/2011 - 15:39:07: [admin_amxbans.amxx] Login: "Kenny<3107><STEAM_0:0:963405193><>" became an admin (account "Kenny") (access "abcdefghijlmnopqstu") (address "109.161.81.195")
L 09/27/2011 - 15:39:12: [admin_amxbans.amxx] Login: "mm<3108><STEAM_0:4:446327478><>" became an admin (account "212.55.104.156") (access "abcdefgijlmnoprstu") (address "212.55.104.156")
L 09/27/2011 - 15:41:37: [admincmd.amxx] Cmd: "Kenny<3107><STEAM_0:0:963405193><>" ask for players list
L 09/27/2011 - 15:41:52: [voteban.amxx] ADMIN banned WEREVADO 89.120.66.47
L 09/27/2011 - 15:45:23: [adminchat.amxx] Chat: "mm<3108><STEAM_0:4:446327478><>" chat "?"
L 09/27/2011 - 15:45:36: [adminchat.amxx] Chat: "mm<3108><STEAM_0:4:446327478><>" chat "?"
L 09/27/2011 - 15:46:51: [admincmd.amxx] Cmd: "Kenny<3107><STEAM_0:0:963405193><>" ask for players list
L 09/27/2011 - 15:48:08: -------- Mapchange to zm_cpl_mill_kamp --------
L 09/27/2011 - 15:48:09: [admin_amxbans.amxx] Login: "Kenny<3107><STEAM_0:0:963405193><>" became an admin (account "Kenny") (access "abcdefghijlmnopqstu") (address "109.161.81.195")
L 09/27/2011 - 15:48:09: [admin_amxbans.amxx] Login: "Alecquant<3058><STEAM_0:4:565250032><>" became an admin (account "Alecquant") (access "t") (address "89.237.62.234")
L 09/27/2011 - 15:48:09: [admin_amxbans.amxx] Login: "mm<3108><STEAM_0:4:446327478><>" became an admin (account "212.55.104.156") (access "abcdefgijlmnoprstu") (address "212.55.104.156")
L 09/27/2011 - 15:48:10: [amxbans.amxx] [AMXBANS] AMXBans 5.0 is online
L 09/27/2011 - 15:50:31: [admin_amxbans.amxx] Login: "mm<3128><STEAM_0:4:446327478><>" became an admin (account "212.55.104.156") (access "abcdefgijlmnoprstu") (address "212.55.104.156")
L 09/27/2011 - 15:54:57: [admin_amxbans.amxx] Login: "mm<3133><STEAM_0:4:446327478><>" became an admin (account "212.55.104.156") (access "abcdefgijlmnoprstu") (address "212.55.104.156")
L 09/27/2011 - 15:55:57: [amxbans.amxx] mm<3133><STEAM_0:4:446327478><SPECTATOR> banned ---->Shotard<----<STEAM_0:0:31328037> for 3 days (4320 minutes). Reason: Cheating.
L 09/27/2011 - 15:56:04: [amxbans.amxx] mm<3133><STEAM_0:4:446327478><SPECTATOR> banned [S.W.A.T] Denis<STEAM_0:0:2109169376> for 3 days (4320 minutes). Reason: Cheating.
L 09/27/2011 - 16:08:19: -------- Mapchange to zm_fdust2x2 --------
L 09/27/2011 - 16:08:20: [amxbans.amxx] [AMXBANS] AMXBans 5.0 is online
L 09/27/2011 - 16:11:53: [admin_amxbans.amxx] Login: "1C ! f0sT*<3150><STEAM_0:0:1775504481><>" became an admin (account "1C ! f0sT*") (access "t") (address "109.205.254.58")
L 09/27/2011 - 16:21:41: [admin_amxbans.amxx] Login: "mm<3162><STEAM_0:4:446327478><>" became an admin (account "212.55.104.156") (access "abcdefgijlmnoprstu") (address "212.55.104.156")
L 09/27/2011 - 16:22:25: [amxbans.amxx] [Amxbans] Query failed!
L 09/27/2011 - 16:22:25: [amxbans.amxx] [Amxbans] Threaded query error, location: 18
L 09/27/2011 - 16:22:25: [amxbans.amxx] [Amxbans] Message: You have an error in your SQL syntax; check the manual that corresponds to your MySQL server version for the right syntax to use near ''amxb' at line 1 (1064)
L 09/27/2011 - 16:22:25: [amxbans.amxx] [Amxbans] Query statement: 
L 09/27/2011 - 16:23:56: [amxbans.amxx] mm<3162><STEAM_0:4:446327478><SPECTATOR> banned Grindjo<STEAM_0:4:305024113> for 2 weeks (20160 minutes). Reason: Noob.
L 09/27/2011 - 16:28:46: -------- Mapchange to ze_egypt --------
L 09/27/2011 - 16:28:47: [admin_amxbans.amxx] Login: "1C ! f0sT*<3150><STEAM_0:0:1775504481><>" became an admin (account "1C ! f0sT*") (access "t") (address "109.205.254.58")
L 09/27/2011 - 16:28:47: [admin_amxbans.amxx] Login: "mm<3162><STEAM_0:4:446327478><>" became an admin (account "212.55.104.156") (access "abcdefgijlmnoprstu") (address "212.55.104.156")
L 09/27/2011 - 16:28:48: [amxbans.amxx] [AMXBANS] AMXBans 5.0 is online
L 09/27/2011 - 16:28:51: [admin_amxbans.amxx] Login: "1C ! f0sT*<3178><STEAM_0:0:1775504481><>" became an admin (account "1C ! f0sT*") (access "t") (address "109.205.254.58")
L 09/27/2011 - 16:28:53: [amxbans.amxx] [Amxbans] Query failed!
L 09/27/2011 - 16:28:53: [amxbans.amxx] [Amxbans] Threaded query error, location: 18
L 09/27/2011 - 16:28:53: [amxbans.amxx] [Amxbans] Message: You have an error in your SQL syntax; check the manual that corresponds to your MySQL server version for the right syntax to use near ''amxb' at line 1 (1064)
L 09/27/2011 - 16:28:53: [amxbans.amxx] [Amxbans] Query statement: 
L 09/27/2011 - 16:28:56: [amxbans.amxx] [Amxbans] Query failed!
L 09/27/2011 - 16:28:56: [amxbans.amxx] [Amxbans] Threaded query error, location: 18
L 09/27/2011 - 16:28:56: [amxbans.amxx] [Amxbans] Message: You have an error in your SQL syntax; check the manual that corresponds to your MySQL server version for the right syntax to use near ''amxb' at line 1 (1064)
L 09/27/2011 - 16:28:56: [amxbans.amxx] [Amxbans] Query statement: 
L 09/27/2011 - 16:35:53: [admin_amxbans.amxx] Login: "4ebu[RUSH]ka<3208><STEAM_0:0:2107967446><>" became an admin (account "4ebu[RUSH]ka") (access "t") (address "95.54.92.188")
L 09/27/2011 - 16:35:57: [admin_amxbans.amxx] Login: "4ebu[RUSH]ka<3209><STEAM_0:0:2107967446><>" became an admin (account "4ebu[RUSH]ka") (access "t") (address "95.54.92.188")
L 09/27/2011 - 16:45:35: -------- Mapchange to ze_lift_escape_b5 --------
L 09/27/2011 - 16:45:36: [admin_amxbans.amxx] Login: "1C ! f0sT*<3178><STEAM_0:0:1775504481><>" became an admin (account "1C ! f0sT*") (access "t") (address "109.205.254.58")
L 09/27/2011 - 16:45:36: [admin_amxbans.amxx] Login: "1C ! f0sT*<3178><STEAM_0:0:1775504481><>" became an admin (account "1C ! f0sT*") (access "t") (address "109.205.254.58")
L 09/27/2011 - 16:45:37: [amxbans.amxx] [AMXBANS] AMXBans 5.0 is online
L 09/27/2011 - 16:45:46: [amxbans.amxx] [Amxbans] Query failed!
L 09/27/2011 - 16:45:46: [amxbans.amxx] [Amxbans] Threaded query error, location: 18
L 09/27/2011 - 16:45:46: [amxbans.amxx] [Amxbans] Message: You have an error in your SQL syntax; check the manual that corresponds to your MySQL server version for the right syntax to use near ''amxb' at line 1 (1064)
L 09/27/2011 - 16:45:46: [amxbans.amxx] [Amxbans] Query statement: 
L 09/27/2011 - 16:45:47: [amxbans.amxx] [Amxbans] Query failed!
L 09/27/2011 - 16:45:47: [amxbans.amxx] [Amxbans] Threaded query error, location: 18
L 09/27/2011 - 16:45:47: [amxbans.amxx] [Amxbans] Message: You have an error in your SQL syntax; check the manual that corresponds to your MySQL server version for the right syntax to use near ''amxb' at line 1 (1064)
L 09/27/2011 - 16:45:47: [amxbans.amxx] [Amxbans] Query statement: 
L 09/27/2011 - 16:59:44: [voteban.amxx] Voteban starter 1C ! f0sT* against S.T.A.L.K.E.R. (Rus85) STEAM_0:0:245971539
L 09/27/2011 - 16:59:59: [voteban.amxx] [AMXX] BANNED: S.T.A.L.K.E.R. (Rus85), STARTER: 1C ! f0sT*
L 09/27/2011 - 17:00:48: -------- Mapchange to zm_303 --------
L 09/27/2011 - 17:00:49: [admin_amxbans.amxx] Login: "1C ! f0sT*<3178><STEAM_0:0:1775504481><>" became an admin (account "1C ! f0sT*") (access "t") (address "109.205.254.58")
L 09/27/2011 - 17:00:50: [amxbans.amxx] [AMXBANS] AMXBans 5.0 is online
L 09/27/2011 - 17:00:57: [amxbans.amxx] [Amxbans] Query failed!
L 09/27/2011 - 17:00:57: [amxbans.amxx] [Amxbans] Threaded query error, location: 18
L 09/27/2011 - 17:00:57: [amxbans.amxx] [Amxbans] Message: You have an error in your SQL syntax; check the manual that corresponds to your MySQL server version for the right syntax to use near ''amxb' at line 1 (1064)
L 09/27/2011 - 17:00:57: [amxbans.amxx] [Amxbans] Query statement: 
L 09/27/2011 - 17:00:59: [amxbans.amxx] [Amxbans] Query failed!
L 09/27/2011 - 17:00:59: [amxbans.amxx] [Amxbans] Threaded query error, location: 18
L 09/27/2011 - 17:00:59: [amxbans.amxx] [Amxbans] Message: You have an error in your SQL syntax; check the manual that corresponds to your MySQL server version for the right syntax to use near ''amxb' at line 1 (1064)
L 09/27/2011 - 17:00:59: [amxbans.amxx] [Amxbans] Query statement: 
L 09/27/2011 - 17:01:31: [voteban.amxx] Voteban starter 1C ! f0sT* against S.T.A.L.K.E.R. (Rus85) STEAM_0:0:245971539
L 09/27/2011 - 17:01:46: [voteban.amxx] [AMXX] BANNED: S.T.A.L.K.E.R. (Rus85), STARTER: 1C ! f0sT*
L 09/27/2011 - 17:02:21: [voteban.amxx] Voteban starter 1C ! f0sT* against S.T.A.L.K.E.R. (Rus85) STEAM_0:0:245971539
L 09/27/2011 - 17:02:36: [voteban.amxx] [AMXX] BANNED: S.T.A.L.K.E.R. (Rus85), STARTER: 1C ! f0sT*
L 09/27/2011 - 17:03:09: [voteban.amxx] Voteban starter 1C ! f0sT* against S.T.A.L.K.E.R. (Rus85) STEAM_0:0:245971539
L 09/27/2011 - 17:03:24: [voteban.amxx] [AMXX] BANNED: S.T.A.L.K.E.R. (Rus85), STARTER: 1C ! f0sT*
L 09/27/2011 - 17:04:50: [voteban.amxx] Voteban starter 1C ! f0sT* against S.T.A.L.K.E.R. (Rus85) STEAM_0:0:245971539
L 09/27/2011 - 17:05:05: [voteban.amxx] [AMXX] BANNED: S.T.A.L.K.E.R. (Rus85), STARTER: 1C ! f0sT*
L 09/27/2011 - 17:12:19: [voteban.amxx] Voteban starter 1C ! f0sT* against <<PRO>> STEAM_0:4:391419377
L 09/27/2011 - 17:12:34: [voteban.amxx] [AMXX] BANNED: <<PRO>>, STARTER: 1C ! f0sT*
L 09/27/2011 - 17:12:35: [amxbans.amxx]  Зомби сервер (x_x(O_o)x_x) Go Zombie !!!<0><><> banned <<PRO>><STEAM_0:4:391419377> for 15 minutes (15 minutes). Reason: VIP->1C ! f0sT*.
L 09/27/2011 - 17:13:10: [voteban.amxx] Voteban starter 1C ! f0sT* against S.T.A.L.K.E.R. (Rus85) STEAM_0:0:245971539
L 09/27/2011 - 17:13:25: [voteban.amxx] [AMXX] BANNED: S.T.A.L.K.E.R. (Rus85), STARTER: 1C ! f0sT*
L 09/27/2011 - 17:18:12: [amxbans.amxx] [Amxbans] Query failed!
L 09/27/2011 - 17:18:12: [amxbans.amxx] [Amxbans] Threaded query error, location: 18
L 09/27/2011 - 17:18:12: [amxbans.amxx] [Amxbans] Message: You have an error in your SQL syntax; check the manual that corresponds to your MySQL server version for the right syntax to use near '' at line 1 (1064)
L 09/27/2011 - 17:18:12: [amxbans.amxx] [Amxbans] Query statement: 
L 09/27/2011 - 17:23:34: -------- Mapchange to 016 --------
L 09/27/2011 - 17:23:34: [admin_amxbans.amxx] Login: "1C ! f0sT*<3178><STEAM_0:0:1775504481><>" became an admin (account "1C ! f0sT*") (access "t") (address "109.205.254.58")
L 09/27/2011 - 17:23:35: [amxbans.amxx] [AMXBANS] AMXBans 5.0 is online
L 09/27/2011 - 17:23:42: [amxbans.amxx] [Amxbans] Query failed!
L 09/27/2011 - 17:23:42: [amxbans.amxx] [Amxbans] Threaded query error, location: 18
L 09/27/2011 - 17:23:42: [amxbans.amxx] [Amxbans] Message: You have an error in your SQL syntax; check the manual that corresponds to your MySQL server version for the right syntax to use near ''amxb' at line 1 (1064)
L 09/27/2011 - 17:23:42: [amxbans.amxx] [Amxbans] Query statement: 
L 09/27/2011 - 17:23:43: [amxbans.amxx] [Amxbans] Query failed!
L 09/27/2011 - 17:23:43: [amxbans.amxx] [Amxbans] Threaded query error, location: 18
L 09/27/2011 - 17:23:43: [amxbans.amxx] [Amxbans] Message: You have an error in your SQL syntax; check the manual that corresponds to your MySQL server version for the right syntax to use near '' at line 1 (1064)
L 09/27/2011 - 17:23:43: [amxbans.amxx] [Amxbans] Query statement: 
L 09/27/2011 - 17:36:12: [voteban.amxx] Voteban starter 1C ! f0sT* against <<PRO>> STEAM_0:4:391419377
L 09/27/2011 - 17:36:27: [voteban.amxx] [AMXX] BANNED: <<PRO>>, STARTER: 1C ! f0sT*
L 09/27/2011 - 17:36:28: [amxbans.amxx]  Зомби сервер (x_x(O_o)x_x) Go Zombie !!!<0><><> banned <<PRO>><> for 15 minutes (15 minutes). Reason: VIP->1C ! f0sT*.
L 09/27/2011 - 17:37:29: [amxbans.amxx] [Amxbans] Query failed!
L 09/27/2011 - 17:37:29: [amxbans.amxx] [Amxbans] Threaded query error, location: 18
L 09/27/2011 - 17:37:29: [amxbans.amxx] [Amxbans] Message: You have an error in your SQL syntax; check the manual that corresponds to your MySQL server version for the right syntax to use near ''amxb' at line 1 (1064)
L 09/27/2011 - 17:37:29: [amxbans.amxx] [Amxbans] Query statement: 
L 09/27/2011 - 17:38:59: [voteban.amxx] Voteban starter 1C ! f0sT* against S.T.A.L.K.E.R. (Rus85) STEAM_0:0:245971539
L 09/27/2011 - 17:39:14: [voteban.amxx] [AMXX] BANNED: S.T.A.L.K.E.R. (Rus85), STARTER: 1C ! f0sT*
L 09/27/2011 - 17:44:13: [voteban.amxx] Voteban starter 1C ! f0sT* against [tm.adidas].:kerya:. STEAM_0:4:1556705597
L 09/27/2011 - 17:44:28: [voteban.amxx] [AMXX] BANNED: [tm.adidas].:kerya:., STARTER: 1C ! f0sT*
L 09/27/2011 - 17:44:29: [amxbans.amxx]  Зомби сервер (x_x(O_o)x_x) Go Zombie !!!<0><><> banned [tm.adidas].:kerya:.<STEAM_0:4:1556705597> for 15 minutes (15 minutes). Reason: VIP->1C ! f0sT*.
L 09/27/2011 - 17:55:30: -------- Mapchange to zm_alfresco_v2 --------
L 09/27/2011 - 17:55:31: [admin_amxbans.amxx] Login: "1C ! f0sT*<3178><STEAM_0:0:1775504481><>" became an admin (account "1C ! f0sT*") (access "t") (address "109.205.254.58")
L 09/27/2011 - 17:55:31: [amxbans.amxx] [AMXBANS] AMXBans 5.0 is online
L 09/27/2011 - 17:55:38: [amxbans.amxx] [Amxbans] Query failed!
L 09/27/2011 - 17:55:38: [amxbans.amxx] [Amxbans] Threaded query error, location: 18
L 09/27/2011 - 17:55:38: [amxbans.amxx] [Amxbans] Message: You have an error in your SQL syntax; check the manual that corresponds to your MySQL server version for the right syntax to use near ''amxb' at line 1 (1064)
L 09/27/2011 - 17:55:38: [amxbans.amxx] [Amxbans] Query statement: 
L 09/27/2011 - 17:55:38: [amxbans.amxx] [Amxbans] Query failed!
L 09/27/2011 - 17:55:38: [amxbans.amxx] [Amxbans] Threaded query error, location: 18
L 09/27/2011 - 17:55:38: [amxbans.amxx] [Amxbans] Message: You have an error in your SQL syntax; check the manual that corresponds to your MySQL server version for the right syntax to use near '' at line 1 (1064)
L 09/27/2011 - 17:55:38: [amxbans.amxx] [Amxbans] Query statement: 
L 09/27/2011 - 18:17:51: -------- Mapchange to zm_caca --------
L 09/27/2011 - 18:17:52: [admin_amxbans.amxx] Login: "1C ! f0sT*<3178><STEAM_0:0:1775504481><>" became an admin (account "1C ! f0sT*") (access "t") (address "109.205.254.58")
L 09/27/2011 - 18:17:53: [amxbans.amxx] [AMXBANS] AMXBans 5.0 is online
L 09/27/2011 - 18:17:59: [amxbans.amxx] [Amxbans] Query failed!
L 09/27/2011 - 18:17:59: [amxbans.amxx] [Amxbans] Threaded query error, location: 18
L 09/27/2011 - 18:17:59: [amxbans.amxx] [Amxbans] Message: You have an error in your SQL syntax; check the manual that corresponds to your MySQL server version for the right syntax to use near ''amxb' at line 1 (1064)
L 09/27/2011 - 18:17:59: [amxbans.amxx] [Amxbans] Query statement: 
L 09/27/2011 - 18:18:00: [amxbans.amxx] [Amxbans] Query failed!
L 09/27/2011 - 18:18:00: [amxbans.amxx] [Amxbans] Threaded query error, location: 18
L 09/27/2011 - 18:18:00: [amxbans.amxx] [Amxbans] Message: You have an error in your SQL syntax; check the manual that corresponds to your MySQL server version for the right syntax to use near '' at line 1 (1064)
L 09/27/2011 - 18:18:00: [amxbans.amxx] [Amxbans] Query statement: 
L 09/27/2011 - 18:28:09: [voteban.amxx] Voteban starter 1C ! f0sT* against S.T.A.L.K.E.R. (Rus85) STEAM_0:0:245971539
L 09/27/2011 - 18:28:24: [voteban.amxx] [AMXX] BANNED: S.T.A.L.K.E.R. (Rus85), STARTER: 1C ! f0sT*
L 09/27/2011 - 18:28:41: [voteban.amxx] Voteban starter 1C ! f0sT* against S.T.A.L.K.E.R. (Rus85) STEAM_0:0:245971539
L 09/27/2011 - 18:28:56: [voteban.amxx] [AMXX] BANNED: S.T.A.L.K.E.R. (Rus85), STARTER: 1C ! f0sT*
L 09/27/2011 - 18:31:11: [amxbans.amxx] [Amxbans] Query failed!
L 09/27/2011 - 18:31:11: [amxbans.amxx] [Amxbans] Threaded query error, location: 18
L 09/27/2011 - 18:31:11: [amxbans.amxx] [Amxbans] Message: You have an error in your SQL syntax; check the manual that corresponds to your MySQL server version for the right syntax to use near ''Ba' at line 1 (1064)
L 09/27/2011 - 18:31:11: [amxbans.amxx] [Amxbans] Query statement: 
L 09/27/2011 - 18:38:03: -------- Mapchange to ze_jurassicpark --------
L 09/27/2011 - 18:38:04: [amxbans.amxx] [AMXBANS] AMXBans 5.0 is online
L 09/27/2011 - 18:38:12: [amxbans.amxx] [Amxbans] Query failed!
L 09/27/2011 - 18:38:12: [amxbans.amxx] [Amxbans] Threaded query error, location: 18
L 09/27/2011 - 18:38:12: [amxbans.amxx] [Amxbans] Message: You have an error in your SQL syntax; check the manual that corresponds to your MySQL server version for the right syntax to use near ''amxb' at line 1 (1064)
L 09/27/2011 - 18:38:12: [amxbans.amxx] [Amxbans] Query statement: 
L 09/27/2011 - 18:38:12: [amxbans.amxx] [Amxbans] Query failed!
L 09/27/2011 - 18:38:12: [amxbans.amxx] [Amxbans] Threaded query error, location: 18
L 09/27/2011 - 18:38:12: [amxbans.amxx] [Amxbans] Message: You have an error in your SQL syntax; check the manual that corresponds to your MySQL server version for the right syntax to use near ''Ba' at line 1 (1064)
L 09/27/2011 - 18:38:12: [amxbans.amxx] [Amxbans] Query statement: 
L 09/27/2011 - 18:38:13: [amxbans.amxx] [Amxbans] Query failed!
L 09/27/2011 - 18:38:13: [amxbans.amxx] [Amxbans] Threaded query error, location: 18
L 09/27/2011 - 18:38:13: [amxbans.amxx] [Amxbans] Message: You have an error in your SQL syntax; check the manual that corresponds to your MySQL server version for the right syntax to use near '' at line 1 (1064)
L 09/27/2011 - 18:38:13: [amxbans.amxx] [Amxbans] Query statement: 
L 09/27/2011 - 19:00:42: -------- Mapchange to zm_houses --------
L 09/27/2011 - 19:00:44: [amxbans.amxx] [AMXBANS] AMXBans 5.0 is online
L 09/27/2011 - 19:00:50: [amxbans.amxx] [Amxbans] Query failed!
L 09/27/2011 - 19:00:50: [amxbans.amxx] [Amxbans] Threaded query error, location: 18
L 09/27/2011 - 19:00:50: [amxbans.amxx] [Amxbans] Message: You have an error in your SQL syntax; check the manual that corresponds to your MySQL server version for the right syntax to use near ''amxb' at line 1 (1064)
L 09/27/2011 - 19:00:50: [amxbans.amxx] [Amxbans] Query statement: 
L 09/27/2011 - 19:21:34: -------- Mapchange to cs_militia --------
L 09/27/2011 - 19:21:40: [amxbans.amxx] [AMXBANS] AMXBans 5.0 is online
L 09/27/2011 - 19:21:46: [amxbans.amxx] [Amxbans] Query failed!
L 09/27/2011 - 19:21:46: [amxbans.amxx] [Amxbans] Threaded query error, location: 18
L 09/27/2011 - 19:21:46: [amxbans.amxx] [Amxbans] Message: You have an error in your SQL syntax; check the manual that corresponds to your MySQL server version for the right syntax to use near ''amxb' at line 1 (1064)
L 09/27/2011 - 19:21:46: [amxbans.amxx] [Amxbans] Query statement: 
L 09/27/2011 - 19:42:22: -------- Mapchange to ze_egypt --------
L 09/27/2011 - 19:42:24: [amxbans.amxx] [AMXBANS] AMXBans 5.0 is online
L 09/27/2011 - 19:42:30: [amxbans.amxx] [Amxbans] Query failed!
L 09/27/2011 - 19:42:30: [amxbans.amxx] [Amxbans] Threaded query error, location: 18
L 09/27/2011 - 19:42:30: [amxbans.amxx] [Amxbans] Message: You have an error in your SQL syntax; check the manual that corresponds to your MySQL server version for the right syntax to use near ''amxb' at line 1 (1064)
L 09/27/2011 - 19:42:30: [amxbans.amxx] [Amxbans] Query statement: 
L 09/27/2011 - 19:42:34: [amxbans.amxx] [Amxbans] Query failed!
L 09/27/2011 - 19:42:34: [amxbans.amxx] [Amxbans] Threaded query error, location: 18
L 09/27/2011 - 19:42:34: [amxbans.amxx] [Amxbans] Message: You have an error in your SQL syntax; check the manual that corresponds to your MySQL server version for the right syntax to use near ''amxb' at line 1 (1064)
L 09/27/2011 - 19:42:34: [amxbans.amxx] [Amxbans] Query statement: 
L 09/27/2011 - 19:47:04: [admin_amxbans.amxx] Login: "1C ! f0sT*<3522><STEAM_0:0:1775504481><>" became an admin (account "1C ! f0sT*") (access "t") (address "109.205.254.58")
L 09/27/2011 - 19:47:07: [admin_amxbans.amxx] Login: "1C ! f0sT*<3523><STEAM_0:0:1775504481><>" became an admin (account "1C ! f0sT*") (access "t") (address "109.205.254.58")
L 09/27/2011 - 19:48:18: [voteban.amxx] Voteban starter 1C ! f0sT* against 686874058 STEAM_0:4:302846449
L 09/27/2011 - 19:48:34: [voteban.amxx] [AMXX] BANNED: 686874058, STARTER: 1C ! f0sT*
L 09/27/2011 - 19:48:35: [amxbans.amxx]  Зомби сервер (x_x(O_o)x_x) Go Zombie !!!<0><><> banned 686874058<STEAM_0:4:302846449> for 15 minutes (15 minutes). Reason: VIP->1C ! f0sT*.
L 09/27/2011 - 19:58:45: -------- Mapchange to zm_666_brick --------
L 09/27/2011 - 19:58:46: [admin_amxbans.amxx] Login: "1C ! f0sT*<3523><STEAM_0:0:1775504481><>" became an admin (account "1C ! f0sT*") (access "t") (address "109.205.254.58")
L 09/27/2011 - 19:58:47: [amxbans.amxx] [AMXBANS] AMXBans 5.0 is online
L 09/27/2011 - 19:58:53: [amxbans.amxx] [Amxbans] Query failed!
L 09/27/2011 - 19:58:53: [amxbans.amxx] [Amxbans] Threaded query error, location: 18
L 09/27/2011 - 19:58:53: [amxbans.amxx] [Amxbans] Message: You have an error in your SQL syntax; check the manual that corresponds to your MySQL server version for the right syntax to use near ''amxb' at line 1 (1064)
L 09/27/2011 - 19:58:53: [amxbans.amxx] [Amxbans] Query statement: 
L 09/27/2011 - 19:59:09: [voteban.amxx] Voteban starter 1C ! f0sT* against unnamed STEAM_0:4:1566947403
L 09/27/2011 - 19:59:24: [voteban.amxx] [AMXX] BANNED: unnamed, STARTER: 1C ! f0sT*
L 09/27/2011 - 19:59:25: [amxbans.amxx]  Зомби сервер (x_x(O_o)x_x) Go Zombie !!!<0><><> banned unnamed<STEAM_0:4:1566947403> for 15 minutes (15 minutes). Reason: VIP->1C ! f0sT*.
L 09/27/2011 - 20:07:48: [voteban.amxx] Voteban starter 1C ! f0sT* against XEMyJlb STEAM_0:0:1367494610
L 09/27/2011 - 20:08:03: [voteban.amxx] [AMXX] BANNED: XEMyJlb, STARTER: 1C ! f0sT*
L 09/27/2011 - 20:08:04: [amxbans.amxx]  Зомби сервер (x_x(O_o)x_x) Go Zombie !!!<0><><> banned unknown_STEAM_0:0:1367494610<STEAM_0:0:1367494610> for 15 minutes (15 minutes). Reason: VIP->1C ! f0sT*.
L 09/27/2011 - 20:13:15: [voteban.amxx] Voteban starter 1C ! f0sT* against <<PRO>> STEAM_0:4:391419377
L 09/27/2011 - 20:13:30: [voteban.amxx] [AMXX] BANNED: <<PRO>>, STARTER: 1C ! f0sT*
L 09/27/2011 - 20:13:32: [amxbans.amxx]  Зомби сервер (x_x(O_o)x_x) Go Zombie !!!<0><><> banned <<PRO>><STEAM_0:4:391419377> for 15 minutes (15 minutes). Reason: VIP->1C ! f0sT*.
L 09/27/2011 - 20:29:25: -------- Mapchange to zm_cpl_mill_kamp --------
L 09/27/2011 - 20:29:27: [amxbans.amxx] [AMXBANS] AMXBans 5.0 is online
L 09/27/2011 - 20:29:33: [amxbans.amxx] [Amxbans] Query failed!
L 09/27/2011 - 20:29:33: [amxbans.amxx] [Amxbans] Threaded query error, location: 18
L 09/27/2011 - 20:29:33: [amxbans.amxx] [Amxbans] Message: You have an error in your SQL syntax; check the manual that corresponds to your MySQL server version for the right syntax to use near ''amxb' at line 1 (1064)
L 09/27/2011 - 20:29:33: [amxbans.amxx] [Amxbans] Query statement: 
L 09/27/2011 - 20:52:02: -------- Mapchange to zm_fdust2x2 --------
L 09/27/2011 - 20:52:03: [amxbans.amxx] [AMXBANS] AMXBans 5.0 is online
L 09/27/2011 - 21:13:50: -------- Mapchange to 016 --------
L 09/27/2011 - 21:13:51: [amxbans.amxx] [AMXBANS] AMXBans 5.0 is online
L 09/27/2011 - 21:41:19: [admin_amxbans.amxx] Login: "Lenusjka<3682><STEAM_0:4:1429483121><>" became an admin (account "Lenusjka") (access "eqt") (address "91.190.52.3")
L 09/27/2011 - 21:44:03: -------- Mapchange to zm_303 --------
L 09/27/2011 - 21:44:04: [admin_amxbans.amxx] Login: "Lenusjka<3682><STEAM_0:4:1429483121><>" became an admin (account "Lenusjka") (access "eqt") (address "91.190.52.3")
L 09/27/2011 - 21:44:04: [amxbans.amxx] [AMXBANS] AMXBans 5.0 is online
L 09/27/2011 - 21:44:48: [amxbans.amxx] [Amxbans] Query failed!
L 09/27/2011 - 21:44:48: [amxbans.amxx] [Amxbans] Threaded query error, location: 18
L 09/27/2011 - 21:44:48: [amxbans.amxx] [Amxbans] Message: You have an error in your SQL syntax; check the manual that corresponds to your MySQL server version for the right syntax to use near ''amxban' at line 1 (1064)
L 09/27/2011 - 21:44:48: [amxbans.amxx] [Amxbans] Query statement: 
L 09/27/2011 - 21:49:52: [admincmd.amxx] Cmd: "Lenusjka<3682><STEAM_0:4:1429483121><>" slap with 99 damage "[*KENT*]TM<-_Boyka_-><3688><STEAM_0:0:2076960688><>"
L 09/27/2011 - 21:56:14: [admincmd.amxx] Cmd: "Lenusjka<3682><STEAM_0:4:1429483121><>" slap with 99 damage "proster<3697><STEAM_0:4:1548201585><>"
L 09/27/2011 - 22:04:08: -------- Mapchange to ze_jurassicpark --------
L 09/27/2011 - 22:04:09: [admin_amxbans.amxx] Login: "Lenusjka<3682><STEAM_0:4:1429483121><>" became an admin (account "Lenusjka") (access "eqt") (address "91.190.52.3")
L 09/27/2011 - 22:04:10: [amxbans.amxx] [AMXBANS] AMXBans 5.0 is online
L 09/27/2011 - 22:09:36: [admin_amxbans.amxx] Login: "Lenusjka<3732><STEAM_0:4:1429483121><>" became an admin (account "Lenusjka") (access "eqt") (address "91.190.52.3")
L 09/27/2011 - 22:24:21: -------- Mapchange to ze_train_back_lg --------
L 09/27/2011 - 22:24:23: [amxbans.amxx] [AMXBANS] AMXBans 5.0 is online
L 09/27/2011 - 22:24:52: [admin_amxbans.amxx] Login: "Lenusjka<3755><STEAM_0:4:1429483121><>" became an admin (account "Lenusjka") (access "eqt") (address "91.190.52.3")
L 09/27/2011 - 22:25:00: [admin_amxbans.amxx] Login: "Lenusjka<3757><STEAM_0:4:1429483121><>" became an admin (account "Lenusjka") (access "eqt") (address "91.190.52.3")
L 09/27/2011 - 22:37:53: [admin_amxbans.amxx] Login: "Alecquant<3777><STEAM_0:4:565250032><>" became an admin (account "Alecquant") (access "t") (address "89.237.62.234")
L 09/27/2011 - 22:37:59: [admin_amxbans.amxx] Login: "Alecquant<3778><STEAM_0:4:565250032><>" became an admin (account "Alecquant") (access "t") (address "89.237.62.234")
L 09/27/2011 - 22:40:51: -------- Mapchange to ze_lift_escape_b5 --------
L 09/27/2011 - 22:40:52: [admin_amxbans.amxx] Login: "Alecquant<3778><STEAM_0:4:565250032><>" became an admin (account "Alecquant") (access "t") (address "89.237.62.234")
L 09/27/2011 - 22:40:52: [amxbans.amxx] [AMXBANS] AMXBans 5.0 is online
L 09/27/2011 - 22:59:46: -------- Mapchange to ze_egypt --------
L 09/27/2011 - 22:59:47: [admin_amxbans.amxx] Login: "Alecquant<3778><STEAM_0:4:565250032><>" became an admin (account "Alecquant") (access "t") (address "89.237.62.234")
L 09/27/2011 - 22:59:48: [amxbans.amxx] [AMXBANS] AMXBans 5.0 is online
L 09/27/2011 - 22:59:51: [admin_amxbans.amxx] Login: "Alecquant<3805><STEAM_0:4:565250032><>" became an admin (account "Alecquant") (access "t") (address "89.237.62.234")
L 09/27/2011 - 23:15:23: -------- Mapchange to zm_alfresco_v2 --------
L 09/27/2011 - 23:15:24: [admin_amxbans.amxx] Login: "Alecquant<3805><STEAM_0:4:565250032><>" became an admin (account "Alecquant") (access "t") (address "89.237.62.234")
L 09/27/2011 - 23:15:25: [amxbans.amxx] [AMXBANS] AMXBans 5.0 is online
L 09/27/2011 - 23:15:40: [admin_amxbans.amxx] Login: "Alecquant<3819><STEAM_0:4:565250032><>" became an admin (account "Alecquant") (access "t") (address "89.237.62.234")
L 09/27/2011 - 23:36:02: -------- Mapchange to zm_decline2k --------
L 09/27/2011 - 23:36:03: [admin_amxbans.amxx] Login: "Alecquant<3819><STEAM_0:4:565250032><>" became an admin (account "Alecquant") (access "t") (address "89.237.62.234")
L 09/27/2011 - 23:36:04: [amxbans.amxx] [AMXBANS] AMXBans 5.0 is online
L 09/27/2011 - 23:55:15: [admin_amxbans.amxx] Login: "steam on<3838><STEAM_0:0:44643826><>" became an admin (account "172.23.65.13") (access "l") (address "172.23.65.13")
L 09/27/2011 - 23:55:17: [admin_amxbans.amxx] Login: "steam on<3839><STEAM_0:0:44643826><>" became an admin (account "172.23.65.13") (access "l") (address "172.23.65.13")
L 09/27/2011 - 23:57:02: -------- Mapchange to zm_dwarf --------
L 09/27/2011 - 23:57:03: [admin_amxbans.amxx] Login: "Alecquant<3819><STEAM_0:4:565250032><>" became an admin (account "Alecquant") (access "t") (address "89.237.62.234")
L 09/27/2011 - 23:57:04: [amxbans.amxx] [AMXBANS] AMXBans 5.0 is online
