L 06/30/2011 - 00:00:54: -------- Mapchange to ze_lift_escape_b5 --------
L 06/30/2011 - 00:00:56: [admin_amxbans.amxx] Login: "Dumka<957><STEAM_0:0:1236438227><>" became an admin (account "172.23.65.13") (access "abcdefghijklmnopqrsu") (address "172.23.65.13")
L 06/30/2011 - 00:00:56: [admin_amxbans.amxx] Login: "Kupa<986><STEAM_0:4:446327478><>" became an admin (account "212.55.104.156") (access "abcdefgijmnopqrtu") (address "212.55.104.156")
L 06/30/2011 - 00:00:57: [amxbans.amxx] [AMXBANS] AMXBans 5.0 подключен
L 06/30/2011 - 00:01:02: [amxbans.amxx] [Amxbans] Запрос провален!
L 06/30/2011 - 00:01:02: [amxbans.amxx] [Amxbans] Ошибка, адрес: 18
L 06/30/2011 - 00:01:02: [amxbans.amxx] [Amxbans] Сообщение: You have an error in your SQL syntax; check the manual that corresponds to your MySQL server version for the right syntax to use near ''a' at line 1 (1064)
L 06/30/2011 - 00:01:02: [amxbans.amxx] [Amxbans] Статус запроса: 
L 06/30/2011 - 00:01:10: [amxbans.amxx] [Amxbans] Запрос провален!
L 06/30/2011 - 00:01:10: [amxbans.amxx] [Amxbans] Ошибка, адрес: 18
L 06/30/2011 - 00:01:10: [amxbans.amxx] [Amxbans] Сообщение: You have an error in your SQL syntax; check the manual that corresponds to your MySQL server version for the right syntax to use near ''a' at line 1 (1064)
L 06/30/2011 - 00:01:10: [amxbans.amxx] [Amxbans] Статус запроса: 
L 06/30/2011 - 00:18:44: [plmenu.amxx] Cmd: "Dumka<957><STEAM_0:0:1236438227><>" slay "Masyanya  |[BBS]|<1010><STEAM_0:4:1417253489><>"
L 06/30/2011 - 00:18:52: -------- Mapchange to zm_alley --------
L 06/30/2011 - 00:18:53: [admin_amxbans.amxx] Login: "Dumka<957><STEAM_0:0:1236438227><>" became an admin (account "172.23.65.13") (access "abcdefghijklmnopqrsu") (address "172.23.65.13")
L 06/30/2011 - 00:18:54: [amxbans.amxx] [AMXBANS] AMXBans 5.0 подключен
L 06/30/2011 - 00:41:22: -------- Mapchange to zm_303 --------
L 06/30/2011 - 00:41:24: [admin_amxbans.amxx] Login: "Dumka<957><STEAM_0:0:1236438227><>" became an admin (account "172.23.65.13") (access "abcdefghijklmnopqrsu") (address "172.23.65.13")
L 06/30/2011 - 00:41:25: [amxbans.amxx] [AMXBANS] AMXBans 5.0 подключен
L 06/30/2011 - 01:04:23: -------- Mapchange to 016 --------
L 06/30/2011 - 01:04:25: [amxbans.amxx] [AMXBANS] AMXBans 5.0 подключен
L 06/30/2011 - 01:15:30: [admin_amxbans.amxx] Login: "~Helena~<1076><STEAM_0:4:1568690026><>" became an admin (account "~Helena~") (access "at") (address "109.124.92.18")
L 06/30/2011 - 01:24:30: -------- Mapchange to de_dust --------
L 06/30/2011 - 01:24:33: [amxbans.amxx] [AMXBANS] AMXBans 5.0 подключен
L 06/30/2011 - 01:43:36: [admin_amxbans.amxx] Login: "facebook.com/temzz<1087><STEAM_0:0:1236438227><>" became an admin (account "172.23.65.13") (access "abcdefghijklmnopqrsu") (address "172.23.65.13")
L 06/30/2011 - 01:44:37: -------- Mapchange to zm_army --------
L 06/30/2011 - 01:44:38: [admin_amxbans.amxx] Login: "facebook.com/temzz<1087><STEAM_0:0:1236438227><>" became an admin (account "172.23.65.13") (access "abcdefghijklmnopqrsu") (address "172.23.65.13")
L 06/30/2011 - 01:44:39: [amxbans.amxx] [AMXBANS] AMXBans 5.0 подключен
L 06/30/2011 - 02:04:48: -------- Mapchange to zm_dust_base_fin --------
L 06/30/2011 - 02:04:50: [admin_amxbans.amxx] Login: "facebook.com/temzz<1087><STEAM_0:0:1236438227><>" became an admin (account "172.23.65.13") (access "abcdefghijklmnopqrsu") (address "172.23.65.13")
L 06/30/2011 - 02:04:50: [amxbans.amxx] [AMXBANS] AMXBans 5.0 подключен
L 06/30/2011 - 02:08:56: [admincmd.amxx] Cmd: "facebook.com/temzz<1087><STEAM_0:0:1236438227><>" ask for players list
L 06/30/2011 - 02:25:42: -------- Mapchange to cs_militia --------
L 06/30/2011 - 02:25:48: [amxbans.amxx] [AMXBANS] AMXBans 5.0 подключен
L 06/30/2011 - 02:25:48: [admin_amxbans.amxx] Login: "facebook.com/temzz<1087><STEAM_0:0:1236438227><>" became an admin (account "172.23.65.13") (access "abcdefghijklmnopqrsu") (address "172.23.65.13")
L 06/30/2011 - 02:34:30: [admin_amxbans.amxx] Login: "PRO(KENT IGRAET DMB OO7 SPB)<1102><STEAM_0:0:689630666><>" became an admin (account "PRO(KENT IGRAET DMB OO7 SPB)") (access "at") (address "91.103.154.227")
L 06/30/2011 - 02:46:06: -------- Mapchange to zm_fdust2x2 --------
L 06/30/2011 - 02:46:07: [admin_amxbans.amxx] Login: "PRO(KENT IGRAET DMB OO7 SPB)<1102><STEAM_0:0:689630666><>" became an admin (account "PRO(KENT IGRAET DMB OO7 SPB)") (access "at") (address "91.103.154.227")
L 06/30/2011 - 02:46:08: [amxbans.amxx] [AMXBANS] AMXBans 5.0 подключен
L 06/30/2011 - 03:05:17: -------- Mapchange to zm_neris --------
L 06/30/2011 - 03:05:19: [amxbans.amxx] [AMXBANS] AMXBans 5.0 подключен
L 06/30/2011 - 03:26:06: -------- Mapchange to zm_alfresco_v2 --------
L 06/30/2011 - 03:26:08: [amxbans.amxx] [AMXBANS] AMXBans 5.0 подключен
L 06/30/2011 - 03:31:19: -------- Mapchange to cs_estate --------
L 06/30/2011 - 03:31:23: [amxbans.amxx] [AMXBANS] AMXBans 5.0 подключен
L 06/30/2011 - 03:41:16: -------- Mapchange to cs_estate --------
L 06/30/2011 - 03:41:20: [amxbans.amxx] [AMXBANS] AMXBans 5.0 подключен
L 06/30/2011 - 03:51:14: -------- Mapchange to cs_estate --------
L 06/30/2011 - 03:51:18: [amxbans.amxx] [AMXBANS] AMXBans 5.0 подключен
L 06/30/2011 - 04:01:00: -------- Mapchange to cs_estate --------
L 06/30/2011 - 04:01:04: [amxbans.amxx] [AMXBANS] AMXBans 5.0 подключен
L 06/30/2011 - 04:10:58: -------- Mapchange to cs_estate --------
L 06/30/2011 - 04:11:02: [amxbans.amxx] [AMXBANS] AMXBans 5.0 подключен
L 06/30/2011 - 04:20:55: -------- Mapchange to cs_estate --------
L 06/30/2011 - 04:21:00: [amxbans.amxx] [AMXBANS] AMXBans 5.0 подключен
L 06/30/2011 - 04:30:53: -------- Mapchange to cs_estate --------
L 06/30/2011 - 04:30:57: [amxbans.amxx] [AMXBANS] AMXBans 5.0 подключен
L 06/30/2011 - 04:40:51: -------- Mapchange to cs_estate --------
L 06/30/2011 - 04:40:54: [amxbans.amxx] [AMXBANS] AMXBans 5.0 подключен
L 06/30/2011 - 04:50:47: -------- Mapchange to cs_estate --------
L 06/30/2011 - 04:50:50: [amxbans.amxx] [AMXBANS] AMXBans 5.0 подключен
L 06/30/2011 - 05:00:43: -------- Mapchange to cs_estate --------
L 06/30/2011 - 05:00:47: [amxbans.amxx] [AMXBANS] AMXBans 5.0 подключен
L 06/30/2011 - 05:13:10: -------- Mapchange to cs_estate --------
L 06/30/2011 - 05:13:13: [amxbans.amxx] [AMXBANS] AMXBans 5.0 подключен
L 06/30/2011 - 05:28:36: -------- Mapchange to cs_estate --------
L 06/30/2011 - 05:28:39: [amxbans.amxx] [AMXBANS] AMXBans 5.0 подключен
L 06/30/2011 - 05:36:59: -------- Mapchange to cs_militia --------
L 06/30/2011 - 05:37:05: [amxbans.amxx] [AMXBANS] AMXBans 5.0 подключен
L 06/30/2011 - 05:55:25: -------- Mapchange to zm_303 --------
L 06/30/2011 - 05:55:27: [amxbans.amxx] [AMXBANS] AMXBans 5.0 подключен
L 06/30/2011 - 05:59:09: -------- Mapchange to cs_estate --------
L 06/30/2011 - 05:59:12: [amxbans.amxx] [AMXBANS] AMXBans 5.0 подключен
L 06/30/2011 - 06:08:02: -------- Mapchange to ze_lift_escape_b5 --------
L 06/30/2011 - 06:08:04: [amxbans.amxx] [AMXBANS] AMXBans 5.0 подключен
L 06/30/2011 - 06:12:49: -------- Mapchange to cs_estate --------
L 06/30/2011 - 06:12:52: [amxbans.amxx] [AMXBANS] AMXBans 5.0 подключен
L 06/30/2011 - 06:26:14: -------- Mapchange to zm_dwarf --------
L 06/30/2011 - 06:26:16: [amxbans.amxx] [AMXBANS] AMXBans 5.0 подключен
L 06/30/2011 - 06:46:36: -------- Mapchange to zm_fdust2x2 --------
L 06/30/2011 - 06:46:38: [amxbans.amxx] [AMXBANS] AMXBans 5.0 подключен
L 06/30/2011 - 07:08:24: -------- Mapchange to zm_dust_base_fin --------
L 06/30/2011 - 07:08:25: [amxbans.amxx] [AMXBANS] AMXBans 5.0 подключен
L 06/30/2011 - 07:29:08: -------- Mapchange to zm_666_brick --------
L 06/30/2011 - 07:29:10: [amxbans.amxx] [AMXBANS] AMXBans 5.0 подключен
L 06/30/2011 - 07:56:12: -------- Mapchange to zm_desolation_house --------
L 06/30/2011 - 07:56:14: [amxbans.amxx] [AMXBANS] AMXBans 5.0 подключен
L 06/30/2011 - 08:17:21: -------- Mapchange to zm_vendetta --------
L 06/30/2011 - 08:17:23: [amxbans.amxx] [AMXBANS] AMXBans 5.0 подключен
L 06/30/2011 - 08:21:14: [admin_amxbans.amxx] Login: "Euforia<1211><STEAM_0:0:1235555515><>" became an admin (account "Euforia") (access "at") (address "188.123.245.19")
L 06/30/2011 - 08:23:26: [voteban.amxx] Вотебан запустил Euforia против Satan STEAM_0:0:296482800
L 06/30/2011 - 08:23:41: [voteban.amxx] [AMXX] The vote succeeded: STEAM_0:0:296482800 is banned for 15 minutes
L 06/30/2011 - 08:23:42: [amxbans.amxx]  Зомби сервер (x_x(O_o)x_x) Go Zombie !!!<0><><> забанил Satan<STEAM_0:0:296482800> на 15 минут (15 минут). Причина: VIP->Euforia.
L 06/30/2011 - 08:38:48: -------- Mapchange to zm_303 --------
L 06/30/2011 - 08:38:50: [amxbans.amxx] [AMXBANS] AMXBans 5.0 подключен
L 06/30/2011 - 08:59:13: -------- Mapchange to de_dust --------
L 06/30/2011 - 08:59:16: [amxbans.amxx] [AMXBANS] AMXBans 5.0 подключен
L 06/30/2011 - 09:19:17: -------- Mapchange to cs_italy --------
L 06/30/2011 - 09:19:20: [amxbans.amxx] [AMXBANS] AMXBans 5.0 подключен
L 06/30/2011 - 09:35:04: [amxbans.amxx] [Amxbans] Запрос провален!
L 06/30/2011 - 09:35:04: [amxbans.amxx] [Amxbans] Ошибка, адрес: 18
L 06/30/2011 - 09:35:04: [amxbans.amxx] [Amxbans] Сообщение: You have an error in your SQL syntax; check the manual that corresponds to your MySQL server version for the right syntax to use near ''a' at line 1 (1064)
L 06/30/2011 - 09:35:04: [amxbans.amxx] [Amxbans] Статус запроса: 
L 06/30/2011 - 09:48:06: [admin_amxbans.amxx] Login: "[zoom]-_-[zoom]<1239><STEAM_0:0:919467540><>" became an admin (account "[zoom]-_-[zoom]") (access "at") (address "85.26.165.71")
L 06/30/2011 - 09:48:08: [amxbans.amxx] [Amxbans] Запрос провален!
L 06/30/2011 - 09:48:08: [amxbans.amxx] [Amxbans] Ошибка, адрес: 18
L 06/30/2011 - 09:48:08: [amxbans.amxx] [Amxbans] Сообщение: You have an error in your SQL syntax; check the manual that corresponds to your MySQL server version for the right syntax to use near ''Bantime expired' at line 1 (1064)
L 06/30/2011 - 09:48:08: [amxbans.amxx] [Amxbans] Статус запроса: 
L 06/30/2011 - 09:49:33: -------- Mapchange to de_nuke --------
L 06/30/2011 - 09:49:36: [admin_amxbans.amxx] Login: "[zoom]-_-[zoom]<1239><STEAM_0:0:919467540><>" became an admin (account "[zoom]-_-[zoom]") (access "at") (address "85.26.165.71")
L 06/30/2011 - 09:49:37: [amxbans.amxx] [AMXBANS] AMXBans 5.0 подключен
L 06/30/2011 - 09:49:40: [amxbans.amxx] [Amxbans] Запрос провален!
L 06/30/2011 - 09:49:40: [amxbans.amxx] [Amxbans] Ошибка, адрес: 18
L 06/30/2011 - 09:49:40: [amxbans.amxx] [Amxbans] Сообщение: You have an error in your SQL syntax; check the manual that corresponds to your MySQL server version for the right syntax to use near ''a' at line 1 (1064)
L 06/30/2011 - 09:49:40: [amxbans.amxx] [Amxbans] Статус запроса: 
L 06/30/2011 - 09:49:40: [amxbans.amxx] [Amxbans] Запрос провален!
L 06/30/2011 - 09:49:40: [amxbans.amxx] [Amxbans] Ошибка, адрес: 18
L 06/30/2011 - 09:49:40: [amxbans.amxx] [Amxbans] Сообщение: You have an error in your SQL syntax; check the manual that corresponds to your MySQL server version for the right syntax to use near ''Bantime expired' at line 1 (1064)
L 06/30/2011 - 09:49:40: [amxbans.amxx] [Amxbans] Статус запроса: 
L 06/30/2011 - 09:49:52: [amxbans.amxx] [Amxbans] Запрос провален!
L 06/30/2011 - 09:49:52: [amxbans.amxx] [Amxbans] Ошибка, адрес: 18
L 06/30/2011 - 09:49:52: [amxbans.amxx] [Amxbans] Сообщение: You have an error in your SQL syntax; check the manual that corresponds to your MySQL server version for the right syntax to use near ''a' at line 1 (1064)
L 06/30/2011 - 09:49:52: [amxbans.amxx] [Amxbans] Статус запроса: 
L 06/30/2011 - 09:50:52: [amxbans.amxx] [Amxbans] Запрос провален!
L 06/30/2011 - 09:50:52: [amxbans.amxx] [Amxbans] Ошибка, адрес: 18
L 06/30/2011 - 09:50:52: [amxbans.amxx] [Amxbans] Сообщение: You have an error in your SQL syntax; check the manual that corresponds to your MySQL server version for the right syntax to use near ''a' at line 1 (1064)
L 06/30/2011 - 09:50:52: [amxbans.amxx] [Amxbans] Статус запроса: 
L 06/30/2011 - 09:51:06: [amxbans.amxx] [Amxbans] Запрос провален!
L 06/30/2011 - 09:51:06: [amxbans.amxx] [Amxbans] Ошибка, адрес: 18
L 06/30/2011 - 09:51:06: [amxbans.amxx] [Amxbans] Сообщение: You have an error in your SQL syntax; check the manual that corresponds to your MySQL server version for the right syntax to use near ''a' at line 1 (1064)
L 06/30/2011 - 09:51:06: [amxbans.amxx] [Amxbans] Статус запроса: 
L 06/30/2011 - 09:54:09: [amxbans.amxx] [Amxbans] Запрос провален!
L 06/30/2011 - 09:54:09: [amxbans.amxx] [Amxbans] Ошибка, адрес: 18
L 06/30/2011 - 09:54:09: [amxbans.amxx] [Amxbans] Сообщение: You have an error in your SQL syntax; check the manual that corresponds to your MySQL server version for the right syntax to use near ''a' at line 1 (1064)
L 06/30/2011 - 09:54:09: [amxbans.amxx] [Amxbans] Статус запроса: 
L 06/30/2011 - 09:55:01: [amxbans.amxx] [Amxbans] Запрос провален!
L 06/30/2011 - 09:55:01: [amxbans.amxx] [Amxbans] Ошибка, адрес: 18
L 06/30/2011 - 09:55:01: [amxbans.amxx] [Amxbans] Сообщение: You have an error in your SQL syntax; check the manual that corresponds to your MySQL server version for the right syntax to use near ''a' at line 1 (1064)
L 06/30/2011 - 09:55:01: [amxbans.amxx] [Amxbans] Статус запроса: 
L 06/30/2011 - 10:04:45: [amxbans.amxx] [Amxbans] Запрос провален!
L 06/30/2011 - 10:04:45: [amxbans.amxx] [Amxbans] Ошибка, адрес: 18
L 06/30/2011 - 10:04:45: [amxbans.amxx] [Amxbans] Сообщение: You have an error in your SQL syntax; check the manual that corresponds to your MySQL server version for the right syntax to use near ''a' at line 1 (1064)
L 06/30/2011 - 10:04:45: [amxbans.amxx] [Amxbans] Статус запроса: 
L 06/30/2011 - 10:05:11: [amxbans.amxx] [Amxbans] Запрос провален!
L 06/30/2011 - 10:05:11: [amxbans.amxx] [Amxbans] Ошибка, адрес: 18
L 06/30/2011 - 10:05:11: [amxbans.amxx] [Amxbans] Сообщение: You have an error in your SQL syntax; check the manual that corresponds to your MySQL server version for the right syntax to use near ''a' at line 1 (1064)
L 06/30/2011 - 10:05:11: [amxbans.amxx] [Amxbans] Статус запроса: 
L 06/30/2011 - 10:08:33: [amxbans.amxx] [Amxbans] Запрос провален!
L 06/30/2011 - 10:08:33: [amxbans.amxx] [Amxbans] Ошибка, адрес: 18
L 06/30/2011 - 10:08:33: [amxbans.amxx] [Amxbans] Сообщение: You have an error in your SQL syntax; check the manual that corresponds to your MySQL server version for the right syntax to use near ''a' at line 1 (1064)
L 06/30/2011 - 10:08:33: [amxbans.amxx] [Amxbans] Статус запроса: 
L 06/30/2011 - 10:10:12: -------- Mapchange to zm_alfresco_v2 --------
L 06/30/2011 - 10:10:14: [amxbans.amxx] [AMXBANS] AMXBans 5.0 подключен
L 06/30/2011 - 10:10:17: [amxbans.amxx] [Amxbans] Запрос провален!
L 06/30/2011 - 10:10:17: [amxbans.amxx] [Amxbans] Ошибка, адрес: 18
L 06/30/2011 - 10:10:17: [amxbans.amxx] [Amxbans] Сообщение: You have an error in your SQL syntax; check the manual that corresponds to your MySQL server version for the right syntax to use near ''a' at line 1 (1064)
L 06/30/2011 - 10:10:17: [amxbans.amxx] [Amxbans] Статус запроса: 
L 06/30/2011 - 10:33:39: -------- Mapchange to zm_hospital_v1 --------
L 06/30/2011 - 10:33:41: [amxbans.amxx] [AMXBANS] AMXBans 5.0 подключен
L 06/30/2011 - 10:33:44: [amxbans.amxx] [Amxbans] Запрос провален!
L 06/30/2011 - 10:33:44: [amxbans.amxx] [Amxbans] Ошибка, адрес: 18
L 06/30/2011 - 10:33:44: [amxbans.amxx] [Amxbans] Сообщение: You have an error in your SQL syntax; check the manual that corresponds to your MySQL server version for the right syntax to use near ''a' at line 1 (1064)
L 06/30/2011 - 10:33:44: [amxbans.amxx] [Amxbans] Статус запроса: 
L 06/30/2011 - 10:44:01: -------- Mapchange to ze_lift_escape_b5 --------
L 06/30/2011 - 10:44:03: [amxbans.amxx] [AMXBANS] AMXBans 5.0 подключен
L 06/30/2011 - 10:44:07: [amxbans.amxx] [Amxbans] Запрос провален!
L 06/30/2011 - 10:44:07: [amxbans.amxx] [Amxbans] Ошибка, адрес: 18
L 06/30/2011 - 10:44:07: [amxbans.amxx] [Amxbans] Сообщение: You have an error in your SQL syntax; check the manual that corresponds to your MySQL server version for the right syntax to use near ''a' at line 1 (1064)
L 06/30/2011 - 10:44:07: [amxbans.amxx] [Amxbans] Статус запроса: 
L 06/30/2011 - 10:59:54: -------- Mapchange to cs_militia --------
L 06/30/2011 - 11:00:00: [amxbans.amxx] [AMXBANS] AMXBans 5.0 подключен
L 06/30/2011 - 11:00:21: [amxbans.amxx] [Amxbans] Запрос провален!
L 06/30/2011 - 11:00:21: [amxbans.amxx] [Amxbans] Ошибка, адрес: 18
L 06/30/2011 - 11:00:21: [amxbans.amxx] [Amxbans] Сообщение: You have an error in your SQL syntax; check the manual that corresponds to your MySQL server version for the right syntax to use near ''a' at line 1 (1064)
L 06/30/2011 - 11:00:21: [amxbans.amxx] [Amxbans] Статус запроса: 
L 06/30/2011 - 11:21:31: -------- Mapchange to zm_666_brick --------
L 06/30/2011 - 11:21:32: [amxbans.amxx] [AMXBANS] AMXBans 5.0 подключен
L 06/30/2011 - 11:42:36: [amxbans.amxx] [Amxbans] Запрос провален!
L 06/30/2011 - 11:42:36: [amxbans.amxx] [Amxbans] Ошибка, адрес: 18
L 06/30/2011 - 11:42:36: [amxbans.amxx] [Amxbans] Сообщение: You have an error in your SQL syntax; check the manual that corresponds to your MySQL server version for the right syntax to use near ''amxban' at line 1 (1064)
L 06/30/2011 - 11:42:36: [amxbans.amxx] [Amxbans] Статус запроса: 
L 06/30/2011 - 11:44:31: -------- Mapchange to zm_dwarf --------
L 06/30/2011 - 11:44:33: [amxbans.amxx] [AMXBANS] AMXBans 5.0 подключен
L 06/30/2011 - 11:44:37: [amxbans.amxx] [Amxbans] Запрос провален!
L 06/30/2011 - 11:44:37: [amxbans.amxx] [Amxbans] Ошибка, адрес: 18
L 06/30/2011 - 11:44:37: [amxbans.amxx] [Amxbans] Сообщение: You have an error in your SQL syntax; check the manual that corresponds to your MySQL server version for the right syntax to use near ''amxban' at line 1 (1064)
L 06/30/2011 - 11:44:37: [amxbans.amxx] [Amxbans] Статус запроса: 
L 06/30/2011 - 11:54:38: [amxbans.amxx] [Amxbans] Запрос провален!
L 06/30/2011 - 11:54:38: [amxbans.amxx] [Amxbans] Ошибка, адрес: 18
L 06/30/2011 - 11:54:38: [amxbans.amxx] [Amxbans] Сообщение: You have an error in your SQL syntax; check the manual that corresponds to your MySQL server version for the right syntax to use near ''amx' at line 1 (1064)
L 06/30/2011 - 11:54:38: [amxbans.amxx] [Amxbans] Статус запроса: 
L 06/30/2011 - 11:55:45: [amxbans.amxx] [Amxbans] Запрос провален!
L 06/30/2011 - 11:55:45: [amxbans.amxx] [Amxbans] Ошибка, адрес: 18
L 06/30/2011 - 11:55:45: [amxbans.amxx] [Amxbans] Сообщение: You have an error in your SQL syntax; check the manual that corresponds to your MySQL server version for the right syntax to use near ''amx' at line 1 (1064)
L 06/30/2011 - 11:55:45: [amxbans.amxx] [Amxbans] Статус запроса: 
L 06/30/2011 - 12:00:16: [amxbans.amxx] [Amxbans] Запрос провален!
L 06/30/2011 - 12:00:16: [amxbans.amxx] [Amxbans] Ошибка, адрес: 18
L 06/30/2011 - 12:00:16: [amxbans.amxx] [Amxbans] Сообщение: You have an error in your SQL syntax; check the manual that corresponds to your MySQL server version for the right syntax to use near ''a' at line 1 (1064)
L 06/30/2011 - 12:00:16: [amxbans.amxx] [Amxbans] Статус запроса: 
L 06/30/2011 - 12:02:10: [amxbans.amxx] [Amxbans] Запрос провален!
L 06/30/2011 - 12:02:10: [amxbans.amxx] [Amxbans] Ошибка, адрес: 18
L 06/30/2011 - 12:02:10: [amxbans.amxx] [Amxbans] Сообщение: You have an error in your SQL syntax; check the manual that corresponds to your MySQL server version for the right syntax to use near ''amxb' at line 1 (1064)
L 06/30/2011 - 12:02:10: [amxbans.amxx] [Amxbans] Статус запроса: 
L 06/30/2011 - 12:06:05: -------- Mapchange to zm_assault_snow --------
L 06/30/2011 - 12:06:07: [amxbans.amxx] [AMXBANS] AMXBans 5.0 подключен
L 06/30/2011 - 12:06:12: [amxbans.amxx] [Amxbans] Запрос провален!
L 06/30/2011 - 12:06:12: [amxbans.amxx] [Amxbans] Ошибка, адрес: 18
L 06/30/2011 - 12:06:12: [amxbans.amxx] [Amxbans] Сообщение: You have an error in your SQL syntax; check the manual that corresponds to your MySQL server version for the right syntax to use near ''a' at line 1 (1064)
L 06/30/2011 - 12:06:12: [amxbans.amxx] [Amxbans] Статус запроса: 
L 06/30/2011 - 12:06:13: [amxbans.amxx] [Amxbans] Запрос провален!
L 06/30/2011 - 12:06:13: [amxbans.amxx] [Amxbans] Ошибка, адрес: 18
L 06/30/2011 - 12:06:13: [amxbans.amxx] [Amxbans] Сообщение: You have an error in your SQL syntax; check the manual that corresponds to your MySQL server version for the right syntax to use near ''amxb' at line 1 (1064)
L 06/30/2011 - 12:06:13: [amxbans.amxx] [Amxbans] Статус запроса: 
L 06/30/2011 - 12:06:13: [amxbans.amxx] [Amxbans] Запрос провален!
L 06/30/2011 - 12:06:13: [amxbans.amxx] [Amxbans] Ошибка, адрес: 18
L 06/30/2011 - 12:06:13: [amxbans.amxx] [Amxbans] Сообщение: You have an error in your SQL syntax; check the manual that corresponds to your MySQL server version for the right syntax to use near ''amxban' at line 1 (1064)
L 06/30/2011 - 12:06:13: [amxbans.amxx] [Amxbans] Статус запроса: 
L 06/30/2011 - 12:06:13: [amxbans.amxx] [Amxbans] Запрос провален!
L 06/30/2011 - 12:06:13: [amxbans.amxx] [Amxbans] Ошибка, адрес: 18
L 06/30/2011 - 12:06:13: [amxbans.amxx] [Amxbans] Сообщение: You have an error in your SQL syntax; check the manual that corresponds to your MySQL server version for the right syntax to use near ''amx' at line 1 (1064)
L 06/30/2011 - 12:06:13: [amxbans.amxx] [Amxbans] Статус запроса: 
L 06/30/2011 - 12:06:36: [amxbans.amxx] [Amxbans] Запрос провален!
L 06/30/2011 - 12:06:36: [amxbans.amxx] [Amxbans] Ошибка, адрес: 18
L 06/30/2011 - 12:06:36: [amxbans.amxx] [Amxbans] Сообщение: You have an error in your SQL syntax; check the manual that corresponds to your MySQL server version for the right syntax to use near ''amxb' at line 1 (1064)
L 06/30/2011 - 12:06:36: [amxbans.amxx] [Amxbans] Статус запроса: 
L 06/30/2011 - 12:22:18: [admin_amxbans.amxx] Login: "Euforia<1364><STEAM_0:0:1235555515><>" became an admin (account "Euforia") (access "at") (address "188.123.245.19")
L 06/30/2011 - 12:26:48: -------- Mapchange to zm_dust_base_fin --------
L 06/30/2011 - 12:26:49: [admin_amxbans.amxx] Login: "Euforia<1364><STEAM_0:0:1235555515><>" became an admin (account "Euforia") (access "at") (address "188.123.245.19")
L 06/30/2011 - 12:26:50: [amxbans.amxx] [AMXBANS] AMXBans 5.0 подключен
L 06/30/2011 - 12:26:55: [amxbans.amxx] [Amxbans] Запрос провален!
L 06/30/2011 - 12:26:55: [amxbans.amxx] [Amxbans] Ошибка, адрес: 18
L 06/30/2011 - 12:26:55: [amxbans.amxx] [Amxbans] Сообщение: You have an error in your SQL syntax; check the manual that corresponds to your MySQL server version for the right syntax to use near ''amxban' at line 1 (1064)
L 06/30/2011 - 12:26:55: [amxbans.amxx] [Amxbans] Статус запроса: 
L 06/30/2011 - 12:26:55: [amxbans.amxx] [Amxbans] Запрос провален!
L 06/30/2011 - 12:26:55: [amxbans.amxx] [Amxbans] Ошибка, адрес: 18
L 06/30/2011 - 12:26:55: [amxbans.amxx] [Amxbans] Сообщение: You have an error in your SQL syntax; check the manual that corresponds to your MySQL server version for the right syntax to use near ''a' at line 1 (1064)
L 06/30/2011 - 12:26:55: [amxbans.amxx] [Amxbans] Статус запроса: 
L 06/30/2011 - 12:26:56: [amxbans.amxx] [Amxbans] Запрос провален!
L 06/30/2011 - 12:26:56: [amxbans.amxx] [Amxbans] Ошибка, адрес: 18
L 06/30/2011 - 12:26:56: [amxbans.amxx] [Amxbans] Сообщение: You have an error in your SQL syntax; check the manual that corresponds to your MySQL server version for the right syntax to use near ''amx' at line 1 (1064)
L 06/30/2011 - 12:26:56: [amxbans.amxx] [Amxbans] Статус запроса: 
L 06/30/2011 - 12:45:27: [amxbans.amxx] [Amxbans] Запрос провален!
L 06/30/2011 - 12:45:27: [amxbans.amxx] [Amxbans] Ошибка, адрес: 18
L 06/30/2011 - 12:45:27: [amxbans.amxx] [Amxbans] Сообщение: You have an error in your SQL syntax; check the manual that corresponds to your MySQL server version for the right syntax to use near ''amxb' at line 1 (1064)
L 06/30/2011 - 12:45:27: [amxbans.amxx] [Amxbans] Статус запроса: 
L 06/30/2011 - 12:48:43: -------- Mapchange to zm_fdust2x2 --------
L 06/30/2011 - 12:48:44: [admin_amxbans.amxx] Login: "Euforia<1364><STEAM_0:0:1235555515><>" became an admin (account "Euforia") (access "at") (address "188.123.245.19")
L 06/30/2011 - 12:48:45: [amxbans.amxx] [AMXBANS] AMXBans 5.0 подключен
L 06/30/2011 - 12:48:50: [amxbans.amxx] [Amxbans] Запрос провален!
L 06/30/2011 - 12:48:50: [amxbans.amxx] [Amxbans] Ошибка, адрес: 18
L 06/30/2011 - 12:48:50: [amxbans.amxx] [Amxbans] Сообщение: You have an error in your SQL syntax; check the manual that corresponds to your MySQL server version for the right syntax to use near ''amxb' at line 1 (1064)
L 06/30/2011 - 12:48:50: [amxbans.amxx] [Amxbans] Статус запроса: 
L 06/30/2011 - 12:48:50: [amxbans.amxx] [Amxbans] Запрос провален!
L 06/30/2011 - 12:48:50: [amxbans.amxx] [Amxbans] Ошибка, адрес: 18
L 06/30/2011 - 12:48:50: [amxbans.amxx] [Amxbans] Сообщение: You have an error in your SQL syntax; check the manual that corresponds to your MySQL server version for the right syntax to use near ''a' at line 1 (1064)
L 06/30/2011 - 12:48:50: [amxbans.amxx] [Amxbans] Статус запроса: 
L 06/30/2011 - 12:53:21: [amxbans.amxx] [Amxbans] Запрос провален!
L 06/30/2011 - 12:53:21: [amxbans.amxx] [Amxbans] Ошибка, адрес: 18
L 06/30/2011 - 12:53:21: [amxbans.amxx] [Amxbans] Сообщение: You have an error in your SQL syntax; check the manual that corresponds to your MySQL server version for the right syntax to use near ''a' at line 1 (1064)
L 06/30/2011 - 12:53:21: [amxbans.amxx] [Amxbans] Статус запроса: 
L 06/30/2011 - 13:05:06: [admin_amxbans.amxx] Login: "Ipse [Str,RUS]<1397><STEAM_0:4:2103469555><>" became an admin (account "Ipse [Str,RUS]") (access "at") (address "94.41.156.83")
L 06/30/2011 - 13:09:15: -------- Mapchange to zm_alley --------
L 06/30/2011 - 13:09:16: [admin_amxbans.amxx] Login: "Ipse [Str,RUS]<1397><STEAM_0:4:2103469555><>" became an admin (account "Ipse [Str,RUS]") (access "at") (address "94.41.156.83")
L 06/30/2011 - 13:09:17: [amxbans.amxx] [AMXBANS] AMXBans 5.0 подключен
L 06/30/2011 - 13:09:23: [amxbans.amxx] [Amxbans] Запрос провален!
L 06/30/2011 - 13:09:23: [amxbans.amxx] [Amxbans] Ошибка, адрес: 18
L 06/30/2011 - 13:09:23: [amxbans.amxx] [Amxbans] Сообщение: You have an error in your SQL syntax; check the manual that corresponds to your MySQL server version for the right syntax to use near ''a' at line 1 (1064)
L 06/30/2011 - 13:09:23: [amxbans.amxx] [Amxbans] Статус запроса: 
L 06/30/2011 - 13:09:24: [amxbans.amxx] [Amxbans] Запрос провален!
L 06/30/2011 - 13:09:24: [amxbans.amxx] [Amxbans] Ошибка, адрес: 18
L 06/30/2011 - 13:09:24: [amxbans.amxx] [Amxbans] Сообщение: You have an error in your SQL syntax; check the manual that corresponds to your MySQL server version for the right syntax to use near ''a' at line 1 (1064)
L 06/30/2011 - 13:09:24: [amxbans.amxx] [Amxbans] Статус запроса: 
L 06/30/2011 - 13:09:40: [amxbans.amxx] [Amxbans] Запрос провален!
L 06/30/2011 - 13:09:40: [amxbans.amxx] [Amxbans] Ошибка, адрес: 18
L 06/30/2011 - 13:09:40: [amxbans.amxx] [Amxbans] Сообщение: You have an error in your SQL syntax; check the manual that corresponds to your MySQL server version for the right syntax to use near ''a' at line 1 (1064)
L 06/30/2011 - 13:09:40: [amxbans.amxx] [Amxbans] Статус запроса: 
L 06/30/2011 - 13:23:36: [amxbans.amxx] [Amxbans] Запрос провален!
L 06/30/2011 - 13:23:36: [amxbans.amxx] [Amxbans] Ошибка, адрес: 18
L 06/30/2011 - 13:23:36: [amxbans.amxx] [Amxbans] Сообщение: You have an error in your SQL syntax; check the manual that corresponds to your MySQL server version for the right syntax to use near ''a' at line 1 (1064)
L 06/30/2011 - 13:23:36: [amxbans.amxx] [Amxbans] Статус запроса: 
L 06/30/2011 - 13:28:48: [voteban.amxx] Вотебан запустил Ipse [Str,RUS] против [PGC]KPoBaBbIuu STEAM_0:0:1966505618
L 06/30/2011 - 13:29:03: [voteban.amxx] [AMXX] The vote succeeded: STEAM_0:0:1966505618 is banned for 15 minutes
L 06/30/2011 - 13:29:04: [amxbans.amxx]  Зомби сервер (x_x(O_o)x_x) Go Zombie !!!<0><><> забанил [PGC]KPoBaBbIuu<STEAM_0:0:1966505618> на 15 минут (15 минут). Причина: VIP->Ipse [Str,RUS].
L 06/30/2011 - 13:31:16: -------- Mapchange to zm_army --------
L 06/30/2011 - 13:31:18: [admin_amxbans.amxx] Login: "Ipse [Str,RUS]<1397><STEAM_0:4:2103469555><>" became an admin (account "Ipse [Str,RUS]") (access "at") (address "94.41.156.83")
L 06/30/2011 - 13:31:19: [amxbans.amxx] [AMXBANS] AMXBans 5.0 подключен
L 06/30/2011 - 13:31:23: [amxbans.amxx] [Amxbans] Запрос провален!
L 06/30/2011 - 13:31:23: [amxbans.amxx] [Amxbans] Ошибка, адрес: 18
L 06/30/2011 - 13:31:23: [amxbans.amxx] [Amxbans] Сообщение: You have an error in your SQL syntax; check the manual that corresponds to your MySQL server version for the right syntax to use near ''a' at line 1 (1064)
L 06/30/2011 - 13:31:23: [amxbans.amxx] [Amxbans] Статус запроса: 
L 06/30/2011 - 13:34:09: [amxbans.amxx] [Amxbans] Запрос провален!
L 06/30/2011 - 13:34:09: [amxbans.amxx] [Amxbans] Ошибка, адрес: 18
L 06/30/2011 - 13:34:09: [amxbans.amxx] [Amxbans] Сообщение: You have an error in your SQL syntax; check the manual that corresponds to your MySQL server version for the right syntax to use near ''a' at line 1 (1064)
L 06/30/2011 - 13:34:09: [amxbans.amxx] [Amxbans] Статус запроса: 
L 06/30/2011 - 13:36:00: [amxbans.amxx] [Amxbans] Запрос провален!
L 06/30/2011 - 13:36:00: [amxbans.amxx] [Amxbans] Ошибка, адрес: 18
L 06/30/2011 - 13:36:00: [amxbans.amxx] [Amxbans] Сообщение: You have an error in your SQL syntax; check the manual that corresponds to your MySQL server version for the right syntax to use near ''a' at line 1 (1064)
L 06/30/2011 - 13:36:00: [amxbans.amxx] [Amxbans] Статус запроса: 
L 06/30/2011 - 13:54:19: -------- Mapchange to cs_italy --------
L 06/30/2011 - 13:54:23: [admin_amxbans.amxx] Login: "Ipse [Str,RUS]<1397><STEAM_0:4:2103469555><>" became an admin (account "Ipse [Str,RUS]") (access "at") (address "94.41.156.83")
L 06/30/2011 - 13:54:23: [amxbans.amxx] [AMXBANS] AMXBans 5.0 подключен
L 06/30/2011 - 13:54:28: [amxbans.amxx] [Amxbans] Запрос провален!
L 06/30/2011 - 13:54:28: [amxbans.amxx] [Amxbans] Ошибка, адрес: 18
L 06/30/2011 - 13:54:28: [amxbans.amxx] [Amxbans] Сообщение: You have an error in your SQL syntax; check the manual that corresponds to your MySQL server version for the right syntax to use near ''a' at line 1 (1064)
L 06/30/2011 - 13:54:28: [amxbans.amxx] [Amxbans] Статус запроса: 
L 06/30/2011 - 13:56:01: [amxbans.amxx] [Amxbans] Запрос провален!
L 06/30/2011 - 13:56:01: [amxbans.amxx] [Amxbans] Ошибка, адрес: 18
L 06/30/2011 - 13:56:01: [amxbans.amxx] [Amxbans] Сообщение: You have an error in your SQL syntax; check the manual that corresponds to your MySQL server version for the right syntax to use near ''amxb' at line 1 (1064)
L 06/30/2011 - 13:56:01: [amxbans.amxx] [Amxbans] Статус запроса: 
L 06/30/2011 - 14:08:58: [amxbans.amxx] [Amxbans] Запрос провален!
L 06/30/2011 - 14:08:58: [amxbans.amxx] [Amxbans] Ошибка, адрес: 18
L 06/30/2011 - 14:08:58: [amxbans.amxx] [Amxbans] Сообщение: You have an error in your SQL syntax; check the manual that corresponds to your MySQL server version for the right syntax to use near ''a' at line 1 (1064)
L 06/30/2011 - 14:08:58: [amxbans.amxx] [Amxbans] Статус запроса: 
L 06/30/2011 - 14:11:36: [amxbans.amxx] [Amxbans] Запрос провален!
L 06/30/2011 - 14:11:36: [amxbans.amxx] [Amxbans] Ошибка, адрес: 18
L 06/30/2011 - 14:11:36: [amxbans.amxx] [Amxbans] Сообщение: You have an error in your SQL syntax; check the manual that corresponds to your MySQL server version for the right syntax to use near ''a' at line 1 (1064)
L 06/30/2011 - 14:11:36: [amxbans.amxx] [Amxbans] Статус запроса: 
L 06/30/2011 - 14:14:03: [admin_amxbans.amxx] Login: "~Helena~<1478><STEAM_0:4:1275121514><>" became an admin (account "~Helena~") (access "at") (address "109.124.93.49")
L 06/30/2011 - 14:17:23: -------- Mapchange to zm_houses --------
L 06/30/2011 - 14:17:24: [admin_amxbans.amxx] Login: "~Helena~<1478><STEAM_0:4:1275121514><>" became an admin (account "~Helena~") (access "at") (address "109.124.93.49")
L 06/30/2011 - 14:17:24: [admin_amxbans.amxx] Login: "Ipse [Str,RUS]<1397><STEAM_0:4:2103469555><>" became an admin (account "Ipse [Str,RUS]") (access "at") (address "94.41.156.83")
L 06/30/2011 - 14:17:25: [amxbans.amxx] [AMXBANS] AMXBans 5.0 подключен
L 06/30/2011 - 14:17:29: [amxbans.amxx] [Amxbans] Запрос провален!
L 06/30/2011 - 14:17:29: [amxbans.amxx] [Amxbans] Ошибка, адрес: 18
L 06/30/2011 - 14:17:29: [amxbans.amxx] [Amxbans] Сообщение: You have an error in your SQL syntax; check the manual that corresponds to your MySQL server version for the right syntax to use near ''a' at line 1 (1064)
L 06/30/2011 - 14:17:29: [amxbans.amxx] [Amxbans] Статус запроса: 
L 06/30/2011 - 14:17:42: [amxbans.amxx] [Amxbans] Запрос провален!
L 06/30/2011 - 14:17:42: [amxbans.amxx] [Amxbans] Ошибка, адрес: 18
L 06/30/2011 - 14:17:42: [amxbans.amxx] [Amxbans] Сообщение: You have an error in your SQL syntax; check the manual that corresponds to your MySQL server version for the right syntax to use near ''a' at line 1 (1064)
L 06/30/2011 - 14:17:42: [amxbans.amxx] [Amxbans] Статус запроса: 
L 06/30/2011 - 14:36:00: [amxbans.amxx] [Amxbans] Запрос провален!
L 06/30/2011 - 14:36:00: [amxbans.amxx] [Amxbans] Ошибка, адрес: 18
L 06/30/2011 - 14:36:00: [amxbans.amxx] [Amxbans] Сообщение: You have an error in your SQL syntax; check the manual that corresponds to your MySQL server version for the right syntax to use near ''amxb' at line 1 (1064)
L 06/30/2011 - 14:36:00: [amxbans.amxx] [Amxbans] Статус запроса: 
L 06/30/2011 - 14:38:24: -------- Mapchange to zm_303 --------
L 06/30/2011 - 14:38:27: [amxbans.amxx] [AMXBANS] AMXBans 5.0 подключен
L 06/30/2011 - 14:38:31: [amxbans.amxx] [Amxbans] Запрос провален!
L 06/30/2011 - 14:38:31: [amxbans.amxx] [Amxbans] Ошибка, адрес: 18
L 06/30/2011 - 14:38:31: [amxbans.amxx] [Amxbans] Сообщение: You have an error in your SQL syntax; check the manual that corresponds to your MySQL server version for the right syntax to use near ''a' at line 1 (1064)
L 06/30/2011 - 14:38:31: [amxbans.amxx] [Amxbans] Статус запроса: 
L 06/30/2011 - 14:38:32: [amxbans.amxx] [Amxbans] Запрос провален!
L 06/30/2011 - 14:38:32: [amxbans.amxx] [Amxbans] Ошибка, адрес: 18
L 06/30/2011 - 14:38:32: [amxbans.amxx] [Amxbans] Сообщение: You have an error in your SQL syntax; check the manual that corresponds to your MySQL server version for the right syntax to use near ''amxb' at line 1 (1064)
L 06/30/2011 - 14:38:32: [amxbans.amxx] [Amxbans] Статус запроса: 
L 06/30/2011 - 14:58:29: -------- Mapchange to zm_666_brick --------
L 06/30/2011 - 14:58:31: [amxbans.amxx] [AMXBANS] AMXBans 5.0 подключен
L 06/30/2011 - 14:58:36: [amxbans.amxx] [Amxbans] Запрос провален!
L 06/30/2011 - 14:58:36: [amxbans.amxx] [Amxbans] Ошибка, адрес: 18
L 06/30/2011 - 14:58:36: [amxbans.amxx] [Amxbans] Сообщение: You have an error in your SQL syntax; check the manual that corresponds to your MySQL server version for the right syntax to use near ''amxb' at line 1 (1064)
L 06/30/2011 - 14:58:36: [amxbans.amxx] [Amxbans] Статус запроса: 
L 06/30/2011 - 15:06:34: [amxbans.amxx] [Amxbans] Запрос провален!
L 06/30/2011 - 15:06:34: [amxbans.amxx] [Amxbans] Ошибка, адрес: 18
L 06/30/2011 - 15:06:34: [amxbans.amxx] [Amxbans] Сообщение: You have an error in your SQL syntax; check the manual that corresponds to your MySQL server version for the right syntax to use near ''a' at line 1 (1064)
L 06/30/2011 - 15:06:34: [amxbans.amxx] [Amxbans] Статус запроса: 
L 06/30/2011 - 15:21:37: -------- Mapchange to zm_desolation_house --------
L 06/30/2011 - 15:21:40: [amxbans.amxx] [AMXBANS] AMXBans 5.0 подключен
L 06/30/2011 - 15:21:44: [amxbans.amxx] [Amxbans] Запрос провален!
L 06/30/2011 - 15:21:44: [amxbans.amxx] [Amxbans] Ошибка, адрес: 18
L 06/30/2011 - 15:21:44: [amxbans.amxx] [Amxbans] Сообщение: You have an error in your SQL syntax; check the manual that corresponds to your MySQL server version for the right syntax to use near ''a' at line 1 (1064)
L 06/30/2011 - 15:21:44: [amxbans.amxx] [Amxbans] Статус запроса: 
L 06/30/2011 - 15:39:53: [amxbans.amxx] [Amxbans] Запрос провален!
L 06/30/2011 - 15:39:53: [amxbans.amxx] [Amxbans] Ошибка, адрес: 18
L 06/30/2011 - 15:39:53: [amxbans.amxx] [Amxbans] Сообщение: You have an error in your SQL syntax; check the manual that corresponds to your MySQL server version for the right syntax to use near ''a' at line 1 (1064)
L 06/30/2011 - 15:39:53: [amxbans.amxx] [Amxbans] Статус запроса: 
L 06/30/2011 - 15:44:01: -------- Mapchange to de_nuke --------
L 06/30/2011 - 15:44:07: [amxbans.amxx] [AMXBANS] AMXBans 5.0 подключен
L 06/30/2011 - 15:44:11: [amxbans.amxx] [Amxbans] Запрос провален!
L 06/30/2011 - 15:44:11: [amxbans.amxx] [Amxbans] Ошибка, адрес: 18
L 06/30/2011 - 15:44:11: [amxbans.amxx] [Amxbans] Сообщение: You have an error in your SQL syntax; check the manual that corresponds to your MySQL server version for the right syntax to use near ''a' at line 1 (1064)
L 06/30/2011 - 15:44:11: [amxbans.amxx] [Amxbans] Статус запроса: 
L 06/30/2011 - 16:05:14: -------- Mapchange to de_dust --------
L 06/30/2011 - 16:05:18: [amxbans.amxx] [AMXBANS] AMXBans 5.0 подключен
L 06/30/2011 - 16:05:23: [amxbans.amxx] [Amxbans] Запрос провален!
L 06/30/2011 - 16:05:23: [amxbans.amxx] [Amxbans] Ошибка, адрес: 18
L 06/30/2011 - 16:05:23: [amxbans.amxx] [Amxbans] Сообщение: You have an error in your SQL syntax; check the manual that corresponds to your MySQL server version for the right syntax to use near ''a' at line 1 (1064)
L 06/30/2011 - 16:05:23: [amxbans.amxx] [Amxbans] Статус запроса: 
L 06/30/2011 - 16:25:53: -------- Mapchange to ze_lift_escape_b5 --------
L 06/30/2011 - 16:25:55: [amxbans.amxx] [AMXBANS] AMXBans 5.0 подключен
L 06/30/2011 - 16:44:19: -------- Mapchange to 016 --------
L 06/30/2011 - 16:44:21: [amxbans.amxx] [AMXBANS] AMXBans 5.0 подключен
L 06/30/2011 - 16:57:51: [admin_amxbans.amxx] Login: "IceCube<1640><STEAM_0:4:1305057002><>" became an admin (account "IceCube") (access "at") (address "109.207.207.50")
L 06/30/2011 - 16:58:00: [amxbans.amxx] [Amxbans] Запрос провален!
L 06/30/2011 - 16:58:00: [amxbans.amxx] [Amxbans] Ошибка, адрес: 18
L 06/30/2011 - 16:58:00: [amxbans.amxx] [Amxbans] Сообщение: You have an error in your SQL syntax; check the manual that corresponds to your MySQL server version for the right syntax to use near ''am' at line 1 (1064)
L 06/30/2011 - 16:58:00: [amxbans.amxx] [Amxbans] Статус запроса: 
L 06/30/2011 - 16:58:30: [amxbans.amxx] [Amxbans] Запрос провален!
L 06/30/2011 - 16:58:30: [amxbans.amxx] [Amxbans] Ошибка, адрес: 18
L 06/30/2011 - 16:58:30: [amxbans.amxx] [Amxbans] Сообщение: You have an error in your SQL syntax; check the manual that corresponds to your MySQL server version for the right syntax to use near ''am' at line 1 (1064)
L 06/30/2011 - 16:58:30: [amxbans.amxx] [Amxbans] Статус запроса: 
L 06/30/2011 - 17:04:53: -------- Mapchange to zm_fdust2x2 --------
L 06/30/2011 - 17:04:55: [admin_amxbans.amxx] Login: "Masyanya  |[BBS]|<1584><STEAM_0:4:1417253489><>" kicked due to invalid password (account "Masyanya  |[BBS]|") (address "91.198.175.1")
L 06/30/2011 - 17:04:55: [admin_amxbans.amxx] Login: "IceCube<1640><STEAM_0:4:1305057002><>" became an admin (account "IceCube") (access "at") (address "109.207.207.50")
L 06/30/2011 - 17:04:55: [amxbans.amxx] [AMXBANS] AMXBans 5.0 подключен
L 06/30/2011 - 17:05:02: [amxbans.amxx] [Amxbans] Запрос провален!
L 06/30/2011 - 17:05:02: [amxbans.amxx] [Amxbans] Ошибка, адрес: 18
L 06/30/2011 - 17:05:02: [amxbans.amxx] [Amxbans] Сообщение: You have an error in your SQL syntax; check the manual that corresponds to your MySQL server version for the right syntax to use near ''am' at line 1 (1064)
L 06/30/2011 - 17:05:02: [amxbans.amxx] [Amxbans] Статус запроса: 
L 06/30/2011 - 17:05:03: [admin_amxbans.amxx] Login: "Masyanya  |[BBS]|<1646><STEAM_0:4:1417253489><>" kicked due to invalid password (account "Masyanya  |[BBS]|") (address "91.198.175.1")
L 06/30/2011 - 17:05:13: [admin_amxbans.amxx] Login: "Masyanya  |[BBS]|<1647><STEAM_0:4:1417253489><>" kicked due to invalid password (account "Masyanya  |[BBS]|") (address "91.198.175.1")
L 06/30/2011 - 17:07:43: [admin_amxbans.amxx] Login: "Masyanya  |[BBS]|<1650><STEAM_0:4:1417253489><>" kicked due to invalid password (account "Masyanya  |[BBS]|") (address "91.198.175.1")
L 06/30/2011 - 17:09:31: [admin_amxbans.amxx] Login: "Masyanya  |[BBS]|<1652><STEAM_0:4:1417253489><>" kicked due to invalid password (account "Masyanya  |[BBS]|") (address "91.198.175.1")
L 06/30/2011 - 17:09:59: [admin_amxbans.amxx] Login: "Masyanya  |[BBS]|<1653><STEAM_0:4:1417253489><>" kicked due to invalid password (account "Masyanya  |[BBS]|") (address "91.198.175.1")
L 06/30/2011 - 17:13:44: [admin_amxbans.amxx] Login: "Masyanya  |[BBS]|<1654><STEAM_0:4:1417253489><>" kicked due to invalid password (account "Masyanya  |[BBS]|") (address "91.198.175.1")
L 06/30/2011 - 17:14:25: [admin_amxbans.amxx] Login: "Masyanya  |[BBS]|<1656><STEAM_0:4:1417253489><>" kicked due to invalid password (account "Masyanya  |[BBS]|") (address "91.198.175.1")
L 06/30/2011 - 17:16:46: [admin_amxbans.amxx] Login: "Masyanya  |[BBS]|<1659><STEAM_0:4:1417253489><>" became an admin (account "Masyanya  |[BBS]|") (access "at") (address "91.198.175.1")
L 06/30/2011 - 17:26:14: -------- Mapchange to cs_italy --------
L 06/30/2011 - 17:26:18: [admin_amxbans.amxx] Login: "Masyanya  |[BBS]|<1659><STEAM_0:4:1417253489><>" became an admin (account "Masyanya  |[BBS]|") (access "at") (address "91.198.175.1")
L 06/30/2011 - 17:26:18: [admin_amxbans.amxx] Login: "IceCube<1640><STEAM_0:4:1305057002><>" became an admin (account "IceCube") (access "at") (address "109.207.207.50")
L 06/30/2011 - 17:26:18: [amxbans.amxx] [AMXBANS] AMXBans 5.0 подключен
L 06/30/2011 - 17:26:24: [amxbans.amxx] [Amxbans] Запрос провален!
L 06/30/2011 - 17:26:24: [amxbans.amxx] [Amxbans] Ошибка, адрес: 18
L 06/30/2011 - 17:26:24: [amxbans.amxx] [Amxbans] Сообщение: You have an error in your SQL syntax; check the manual that corresponds to your MySQL server version for the right syntax to use near ''am' at line 1 (1064)
L 06/30/2011 - 17:26:24: [amxbans.amxx] [Amxbans] Статус запроса: 
L 06/30/2011 - 17:35:38: [voteban.amxx] Вотебан запустил IceCube против Bad_Karma STEAM_0:0:890797040
L 06/30/2011 - 17:35:53: [voteban.amxx] [AMXX] The vote succeeded: STEAM_0:0:890797040 is banned for 15 minutes
L 06/30/2011 - 17:35:54: [amxbans.amxx]  Зомби сервер (x_x(O_o)x_x) Go Zombie !!!<0><><> забанил Bad_Karma<STEAM_0:0:890797040> на 15 минут (15 минут). Причина: VIP->IceCube.
L 06/30/2011 - 17:36:47: [admin_amxbans.amxx] Login: "Ipse [Str,RUS]<1672><STEAM_0:4:2103469555><>" became an admin (account "Ipse [Str,RUS]") (access "at") (address "94.41.156.83")
L 06/30/2011 - 17:47:45: -------- Mapchange to zm_assault_snow --------
L 06/30/2011 - 17:47:46: [admin_amxbans.amxx] Login: "Ipse [Str,RUS]<1672><STEAM_0:4:2103469555><>" became an admin (account "Ipse [Str,RUS]") (access "at") (address "94.41.156.83")
L 06/30/2011 - 17:47:46: [admin_amxbans.amxx] Login: "Masyanya  |[BBS]|<1659><STEAM_0:4:1417253489><>" became an admin (account "Masyanya  |[BBS]|") (access "at") (address "91.198.175.1")
L 06/30/2011 - 17:47:46: [admin_amxbans.amxx] Login: "Dumka<1673><STEAM_0:0:1236438227><>" became an admin (account "172.23.65.13") (access "abcdefghijklmnopqrsu") (address "172.23.65.13")
L 06/30/2011 - 17:47:47: [amxbans.amxx] [AMXBANS] AMXBans 5.0 подключен
L 06/30/2011 - 17:47:52: [amxbans.amxx] [Amxbans] Запрос провален!
L 06/30/2011 - 17:47:52: [amxbans.amxx] [Amxbans] Ошибка, адрес: 18
L 06/30/2011 - 17:47:52: [amxbans.amxx] [Amxbans] Сообщение: You have an error in your SQL syntax; check the manual that corresponds to your MySQL server version for the right syntax to use near ''am' at line 1 (1064)
L 06/30/2011 - 17:47:52: [amxbans.amxx] [Amxbans] Статус запроса: 
L 06/30/2011 - 18:08:59: -------- Mapchange to zm_army --------
L 06/30/2011 - 18:09:01: [admin_amxbans.amxx] Login: "Ipse [Str,RUS]<1672><STEAM_0:4:2103469555><>" became an admin (account "Ipse [Str,RUS]") (access "at") (address "94.41.156.83")
L 06/30/2011 - 18:09:02: [amxbans.amxx] [AMXBANS] AMXBans 5.0 подключен
L 06/30/2011 - 18:09:06: [amxbans.amxx] [Amxbans] Запрос провален!
L 06/30/2011 - 18:09:06: [amxbans.amxx] [Amxbans] Ошибка, адрес: 18
L 06/30/2011 - 18:09:06: [amxbans.amxx] [Amxbans] Сообщение: You have an error in your SQL syntax; check the manual that corresponds to your MySQL server version for the right syntax to use near ''am' at line 1 (1064)
L 06/30/2011 - 18:09:06: [amxbans.amxx] [Amxbans] Статус запроса: 
L 06/30/2011 - 18:14:25: [admin_amxbans.amxx] Login: "Euforia<1702><STEAM_0:0:1235555515><>" became an admin (account "Euforia") (access "at") (address "188.123.245.19")
L 06/30/2011 - 18:14:56: [admin_amxbans.amxx] Login: "Euforia<1703><STEAM_0:0:1235555515><>" became an admin (account "Euforia") (access "at") (address "188.123.245.19")
L 06/30/2011 - 18:18:11: [admin_amxbans.amxx] Login: "Euforia<1708><STEAM_0:0:1235555515><>" became an admin (account "Euforia") (access "at") (address "188.123.245.19")
L 06/30/2011 - 18:22:24: -------- Mapchange to zm_alfresco_v2 --------
L 06/30/2011 - 18:22:25: [admin_amxbans.amxx] Login: "Ipse [Str,RUS]<1672><STEAM_0:4:2103469555><>" became an admin (account "Ipse [Str,RUS]") (access "at") (address "94.41.156.83")
L 06/30/2011 - 18:22:26: [amxbans.amxx] [AMXBANS] AMXBans 5.0 подключен
L 06/30/2011 - 18:22:32: [amxbans.amxx] [Amxbans] Запрос провален!
L 06/30/2011 - 18:22:32: [amxbans.amxx] [Amxbans] Ошибка, адрес: 18
L 06/30/2011 - 18:22:32: [amxbans.amxx] [Amxbans] Сообщение: You have an error in your SQL syntax; check the manual that corresponds to your MySQL server version for the right syntax to use near ''am' at line 1 (1064)
L 06/30/2011 - 18:22:32: [amxbans.amxx] [Amxbans] Статус запроса: 
L 06/30/2011 - 18:23:09: [admin_amxbans.amxx] Login: "Ipse [Str,RUS]<1719><STEAM_0:4:2103469555><>" became an admin (account "Ipse [Str,RUS]") (access "at") (address "94.41.156.83")
L 06/30/2011 - 18:43:41: -------- Mapchange to zm_666_brick --------
L 06/30/2011 - 18:43:42: [admin_amxbans.amxx] Login: "Ipse [Str,RUS]<1719><STEAM_0:4:2103469555><>" became an admin (account "Ipse [Str,RUS]") (access "at") (address "94.41.156.83")
L 06/30/2011 - 18:43:43: [amxbans.amxx] [AMXBANS] AMXBans 5.0 подключен
L 06/30/2011 - 18:43:48: [amxbans.amxx] [Amxbans] Запрос провален!
L 06/30/2011 - 18:43:48: [amxbans.amxx] [Amxbans] Ошибка, адрес: 18
L 06/30/2011 - 18:43:48: [amxbans.amxx] [Amxbans] Сообщение: You have an error in your SQL syntax; check the manual that corresponds to your MySQL server version for the right syntax to use near ''am' at line 1 (1064)
L 06/30/2011 - 18:43:48: [amxbans.amxx] [Amxbans] Статус запроса: 
L 06/30/2011 - 18:44:47: [amxbans.amxx] [Amxbans] Запрос провален!
L 06/30/2011 - 18:44:47: [amxbans.amxx] [Amxbans] Ошибка, адрес: 18
L 06/30/2011 - 18:44:47: [amxbans.amxx] [Amxbans] Сообщение: You have an error in your SQL syntax; check the manual that corresponds to your MySQL server version for the right syntax to use near ''am' at line 1 (1064)
L 06/30/2011 - 18:44:47: [amxbans.amxx] [Amxbans] Статус запроса: 
L 06/30/2011 - 19:00:58: [admin_amxbans.amxx] Login: "Euforia<1752><STEAM_0:0:1235555515><>" became an admin (account "Euforia") (access "at") (address "188.123.245.19")
L 06/30/2011 - 19:04:56: -------- Mapchange to zm_neris --------
L 06/30/2011 - 19:04:57: [admin_amxbans.amxx] Login: "Ipse [Str,RUS]<1719><STEAM_0:4:2103469555><>" became an admin (account "Ipse [Str,RUS]") (access "at") (address "94.41.156.83")
L 06/30/2011 - 19:04:57: [admin_amxbans.amxx] Login: "Euforia<1752><STEAM_0:0:1235555515><>" became an admin (account "Euforia") (access "at") (address "188.123.245.19")
L 06/30/2011 - 19:04:58: [amxbans.amxx] [AMXBANS] AMXBans 5.0 подключен
L 06/30/2011 - 19:05:03: [amxbans.amxx] [Amxbans] Запрос провален!
L 06/30/2011 - 19:05:03: [amxbans.amxx] [Amxbans] Ошибка, адрес: 18
L 06/30/2011 - 19:05:03: [amxbans.amxx] [Amxbans] Сообщение: You have an error in your SQL syntax; check the manual that corresponds to your MySQL server version for the right syntax to use near ''am' at line 1 (1064)
L 06/30/2011 - 19:05:03: [amxbans.amxx] [Amxbans] Статус запроса: 
L 06/30/2011 - 19:10:21: [admin_amxbans.amxx] Login: "Masyanya  |[BBS]|<1763><STEAM_0:4:1417253489><>" became an admin (account "Masyanya  |[BBS]|") (access "at") (address "91.198.175.1")
L 06/30/2011 - 19:26:53: -------- Mapchange to zm_dwarf --------
L 06/30/2011 - 19:26:54: [admin_amxbans.amxx] Login: "Ipse [Str,RUS]<1719><STEAM_0:4:2103469555><>" became an admin (account "Ipse [Str,RUS]") (access "at") (address "94.41.156.83")
L 06/30/2011 - 19:26:54: [admin_amxbans.amxx] Login: "Masyanya  |[BBS]|<1763><STEAM_0:4:1417253489><>" became an admin (account "Masyanya  |[BBS]|") (access "at") (address "91.198.175.1")
L 06/30/2011 - 19:26:55: [amxbans.amxx] [AMXBANS] AMXBans 5.0 подключен
L 06/30/2011 - 19:47:01: -------- Mapchange to zm_houses --------
L 06/30/2011 - 19:47:02: [admin_amxbans.amxx] Login: "Masyanya  |[BBS]|<1763><STEAM_0:4:1417253489><>" became an admin (account "Masyanya  |[BBS]|") (access "at") (address "91.198.175.1")
L 06/30/2011 - 19:47:03: [amxbans.amxx] [AMXBANS] AMXBans 5.0 подключен
L 06/30/2011 - 19:52:28: [admin_amxbans.amxx] Login: "Lenusjka<1823><STEAM_0:4:1429483121><>" became an admin (account "Lenusjka") (access "at") (address "91.190.52.3")
L 06/30/2011 - 20:02:49: [amxbans.amxx] [Amxbans] Запрос провален!
L 06/30/2011 - 20:02:49: [amxbans.amxx] [Amxbans] Ошибка, адрес: 18
L 06/30/2011 - 20:02:49: [amxbans.amxx] [Amxbans] Сообщение: You have an error in your SQL syntax; check the manual that corresponds to your MySQL server version for the right syntax to use near ''amx' at line 1 (1064)
L 06/30/2011 - 20:02:49: [amxbans.amxx] [Amxbans] Статус запроса: 
L 06/30/2011 - 20:08:16: -------- Mapchange to zm_303 --------
L 06/30/2011 - 20:08:17: [admin_amxbans.amxx] Login: "Masyanya  |[BBS]|<1763><STEAM_0:4:1417253489><>" became an admin (account "Masyanya  |[BBS]|") (access "at") (address "91.198.175.1")
L 06/30/2011 - 20:08:18: [admin_amxbans.amxx] Login: "Lenusjka<1823><STEAM_0:4:1429483121><>" became an admin (account "Lenusjka") (access "at") (address "91.190.52.3")
L 06/30/2011 - 20:08:18: [amxbans.amxx] [AMXBANS] AMXBans 5.0 подключен
L 06/30/2011 - 20:08:25: [amxbans.amxx] [Amxbans] Запрос провален!
L 06/30/2011 - 20:08:25: [amxbans.amxx] [Amxbans] Ошибка, адрес: 18
L 06/30/2011 - 20:08:25: [amxbans.amxx] [Amxbans] Сообщение: You have an error in your SQL syntax; check the manual that corresponds to your MySQL server version for the right syntax to use near ''amx' at line 1 (1064)
L 06/30/2011 - 20:08:25: [amxbans.amxx] [Amxbans] Статус запроса: 
L 06/30/2011 - 20:11:50: [amxbans.amxx] [Amxbans] Запрос провален!
L 06/30/2011 - 20:11:50: [amxbans.amxx] [Amxbans] Ошибка, адрес: 18
L 06/30/2011 - 20:11:50: [amxbans.amxx] [Amxbans] Сообщение: You have an error in your SQL syntax; check the manual that corresponds to your MySQL server version for the right syntax to use near ''amx' at line 1 (1064)
L 06/30/2011 - 20:11:50: [amxbans.amxx] [Amxbans] Статус запроса: 
L 06/30/2011 - 20:11:57: [amxbans.amxx] [Amxbans] Запрос провален!
L 06/30/2011 - 20:11:57: [amxbans.amxx] [Amxbans] Ошибка, адрес: 18
L 06/30/2011 - 20:11:57: [amxbans.amxx] [Amxbans] Сообщение: You have an error in your SQL syntax; check the manual that corresponds to your MySQL server version for the right syntax to use near ''amx' at line 1 (1064)
L 06/30/2011 - 20:11:57: [amxbans.amxx] [Amxbans] Статус запроса: 
L 06/30/2011 - 20:16:09: [voteban.amxx] Вотебан запустил Lenusjka против miha STEAM_0:4:1439307498
L 06/30/2011 - 20:16:24: [voteban.amxx] [AMXX] The vote succeeded: STEAM_0:4:1439307498 is banned for 15 minutes
L 06/30/2011 - 20:16:25: [amxbans.amxx]  Зомби сервер (x_x(O_o)x_x) Go Zombie !!!<0><><> забанил miha<STEAM_0:4:1439307498> на 15 минут (15 минут). Причина: VIP->Lenusjka.
L 06/30/2011 - 20:20:21: [voteban.amxx] Вотебан запустил Lenusjka против TONI STEAM_0:1:19555119
L 06/30/2011 - 20:20:36: [voteban.amxx] [AMXX] The vote succeeded: STEAM_0:1:19555119 is banned for 15 minutes
L 06/30/2011 - 20:20:37: [amxbans.amxx]  Зомби сервер (x_x(O_o)x_x) Go Zombie !!!<0><><> забанил TONI<STEAM_0:1:19555119> на 15 минут (15 минут). Причина: VIP->Lenusjka.
L 06/30/2011 - 20:28:48: -------- Mapchange to cs_italy --------
L 06/30/2011 - 20:28:52: [admin_amxbans.amxx] Login: "Masyanya  |[BBS]|<1763><STEAM_0:4:1417253489><>" became an admin (account "Masyanya  |[BBS]|") (access "at") (address "91.198.175.1")
L 06/30/2011 - 20:28:52: [admin_amxbans.amxx] Login: "Lenusjka<1823><STEAM_0:4:1429483121><>" became an admin (account "Lenusjka") (access "at") (address "91.190.52.3")
L 06/30/2011 - 20:28:52: [amxbans.amxx] [AMXBANS] AMXBans 5.0 подключен
L 06/30/2011 - 20:28:57: [amxbans.amxx] [Amxbans] Запрос провален!
L 06/30/2011 - 20:28:57: [amxbans.amxx] [Amxbans] Ошибка, адрес: 18
L 06/30/2011 - 20:28:57: [amxbans.amxx] [Amxbans] Сообщение: You have an error in your SQL syntax; check the manual that corresponds to your MySQL server version for the right syntax to use near ''amx' at line 1 (1064)
L 06/30/2011 - 20:28:57: [amxbans.amxx] [Amxbans] Статус запроса: 
L 06/30/2011 - 20:35:32: [amxbans.amxx] [Amxbans] Запрос провален!
L 06/30/2011 - 20:35:32: [amxbans.amxx] [Amxbans] Ошибка, адрес: 18
L 06/30/2011 - 20:35:32: [amxbans.amxx] [Amxbans] Сообщение: You have an error in your SQL syntax; check the manual that corresponds to your MySQL server version for the right syntax to use near ''a' at line 1 (1064)
L 06/30/2011 - 20:35:32: [amxbans.amxx] [Amxbans] Статус запроса: 
L 06/30/2011 - 20:42:36: [amxbans.amxx] [Amxbans] Запрос провален!
L 06/30/2011 - 20:42:36: [amxbans.amxx] [Amxbans] Ошибка, адрес: 18
L 06/30/2011 - 20:42:36: [amxbans.amxx] [Amxbans] Сообщение: You have an error in your SQL syntax; check the manual that corresponds to your MySQL server version for the right syntax to use near ''a' at line 1 (1064)
L 06/30/2011 - 20:42:36: [amxbans.amxx] [Amxbans] Статус запроса: 
L 06/30/2011 - 20:50:12: -------- Mapchange to 016 --------
L 06/30/2011 - 20:50:14: [admin_amxbans.amxx] Login: "Masyanya  |[BBS]|<1763><STEAM_0:4:1417253489><>" became an admin (account "Masyanya  |[BBS]|") (access "at") (address "91.198.175.1")
L 06/30/2011 - 20:50:14: [admin_amxbans.amxx] Login: "Lenusjka<1823><STEAM_0:4:1429483121><>" became an admin (account "Lenusjka") (access "at") (address "91.190.52.3")
L 06/30/2011 - 20:50:15: [amxbans.amxx] [AMXBANS] AMXBans 5.0 подключен
L 06/30/2011 - 20:50:20: [amxbans.amxx] [Amxbans] Запрос провален!
L 06/30/2011 - 20:50:20: [amxbans.amxx] [Amxbans] Ошибка, адрес: 18
L 06/30/2011 - 20:50:20: [amxbans.amxx] [Amxbans] Сообщение: You have an error in your SQL syntax; check the manual that corresponds to your MySQL server version for the right syntax to use near ''a' at line 1 (1064)
L 06/30/2011 - 20:50:20: [amxbans.amxx] [Amxbans] Статус запроса: 
L 06/30/2011 - 20:53:41: [amxbans.amxx] [Amxbans] Запрос провален!
L 06/30/2011 - 20:53:41: [amxbans.amxx] [Amxbans] Ошибка, адрес: 18
L 06/30/2011 - 20:53:41: [amxbans.amxx] [Amxbans] Сообщение: You have an error in your SQL syntax; check the manual that corresponds to your MySQL server version for the right syntax to use near ''a' at line 1 (1064)
L 06/30/2011 - 20:53:41: [amxbans.amxx] [Amxbans] Статус запроса: 
L 06/30/2011 - 20:56:45: [amxbans.amxx] [Amxbans] Запрос провален!
L 06/30/2011 - 20:56:45: [amxbans.amxx] [Amxbans] Ошибка, адрес: 18
L 06/30/2011 - 20:56:45: [amxbans.amxx] [Amxbans] Сообщение: You have an error in your SQL syntax; check the manual that corresponds to your MySQL server version for the right syntax to use near ''a' at line 1 (1064)
L 06/30/2011 - 20:56:45: [amxbans.amxx] [Amxbans] Статус запроса: 
L 06/30/2011 - 20:57:12: [admin_amxbans.amxx] Login: "IceCube<1940><STEAM_0:4:1305057002><>" became an admin (account "IceCube") (access "at") (address "109.207.207.50")
L 06/30/2011 - 20:58:12: [amxbans.amxx] [Amxbans] Запрос провален!
L 06/30/2011 - 20:58:12: [amxbans.amxx] [Amxbans] Ошибка, адрес: 18
L 06/30/2011 - 20:58:12: [amxbans.amxx] [Amxbans] Сообщение: You have an error in your SQL syntax; check the manual that corresponds to your MySQL server version for the right syntax to use near ''amxb' at line 1 (1064)
L 06/30/2011 - 20:58:12: [amxbans.amxx] [Amxbans] Статус запроса: 
L 06/30/2011 - 21:00:58: [amxbans.amxx] [Amxbans] Запрос провален!
L 06/30/2011 - 21:00:58: [amxbans.amxx] [Amxbans] Ошибка, адрес: 18
L 06/30/2011 - 21:00:58: [amxbans.amxx] [Amxbans] Сообщение: You have an error in your SQL syntax; check the manual that corresponds to your MySQL server version for the right syntax to use near ''amx' at line 1 (1064)
L 06/30/2011 - 21:00:58: [amxbans.amxx] [Amxbans] Статус запроса: 
L 06/30/2011 - 21:06:06: [admin_amxbans.amxx] Login: "Masyanya  |[BBS]|<1959><STEAM_0:4:1417253489><>" became an admin (account "Masyanya  |[BBS]|") (access "at") (address "91.198.175.1")
L 06/30/2011 - 21:06:44: [admin_amxbans.amxx] Login: "Masyanya  |[BBS]|<1964><STEAM_0:4:1417253489><>" became an admin (account "Masyanya  |[BBS]|") (access "at") (address "91.198.175.1")
L 06/30/2011 - 21:07:15: [amxbans.amxx] [Amxbans] Запрос провален!
L 06/30/2011 - 21:07:15: [amxbans.amxx] [Amxbans] Ошибка, адрес: 18
L 06/30/2011 - 21:07:15: [amxbans.amxx] [Amxbans] Сообщение: You have an error in your SQL syntax; check the manual that corresponds to your MySQL server version for the right syntax to use near ''amxb' at line 1 (1064)
L 06/30/2011 - 21:07:15: [amxbans.amxx] [Amxbans] Статус запроса: 
L 06/30/2011 - 21:10:51: -------- Mapchange to zm_army --------
L 06/30/2011 - 21:10:52: [admin_amxbans.amxx] Login: "Masyanya  |[BBS]|<1964><STEAM_0:4:1417253489><>" became an admin (account "Masyanya  |[BBS]|") (access "at") (address "91.198.175.1")
L 06/30/2011 - 21:10:53: [admin_amxbans.amxx] Login: "Lenusjka<1823><STEAM_0:4:1429483121><>" became an admin (account "Lenusjka") (access "at") (address "91.190.52.3")
L 06/30/2011 - 21:10:53: [amxbans.amxx] [AMXBANS] AMXBans 5.0 подключен
L 06/30/2011 - 21:11:00: [amxbans.amxx] [Amxbans] Запрос провален!
L 06/30/2011 - 21:11:00: [amxbans.amxx] [Amxbans] Ошибка, адрес: 18
L 06/30/2011 - 21:11:00: [amxbans.amxx] [Amxbans] Сообщение: You have an error in your SQL syntax; check the manual that corresponds to your MySQL server version for the right syntax to use near ''a' at line 1 (1064)
L 06/30/2011 - 21:11:00: [amxbans.amxx] [Amxbans] Статус запроса: 
L 06/30/2011 - 21:11:00: [amxbans.amxx] [Amxbans] Запрос провален!
L 06/30/2011 - 21:11:00: [amxbans.amxx] [Amxbans] Ошибка, адрес: 18
L 06/30/2011 - 21:11:00: [amxbans.amxx] [Amxbans] Сообщение: You have an error in your SQL syntax; check the manual that corresponds to your MySQL server version for the right syntax to use near ''amx' at line 1 (1064)
L 06/30/2011 - 21:11:00: [amxbans.amxx] [Amxbans] Статус запроса: 
L 06/30/2011 - 21:11:39: [amxbans.amxx] [Amxbans] Запрос провален!
L 06/30/2011 - 21:11:39: [amxbans.amxx] [Amxbans] Ошибка, адрес: 18
L 06/30/2011 - 21:11:39: [amxbans.amxx] [Amxbans] Сообщение: You have an error in your SQL syntax; check the manual that corresponds to your MySQL server version for the right syntax to use near ''amxb' at line 1 (1064)
L 06/30/2011 - 21:11:39: [amxbans.amxx] [Amxbans] Статус запроса: 
L 06/30/2011 - 21:31:57: -------- Mapchange to zm_desolation_house --------
L 06/30/2011 - 21:31:58: [admin_amxbans.amxx] Login: "Lenusjka<1823><STEAM_0:4:1429483121><>" became an admin (account "Lenusjka") (access "at") (address "91.190.52.3")
L 06/30/2011 - 21:31:58: [admin_amxbans.amxx] Login: "Masyanya  |[BBS]|<1964><STEAM_0:4:1417253489><>" became an admin (account "Masyanya  |[BBS]|") (access "at") (address "91.198.175.1")
L 06/30/2011 - 21:31:59: [amxbans.amxx] [AMXBANS] AMXBans 5.0 подключен
L 06/30/2011 - 21:32:05: [amxbans.amxx] [Amxbans] Запрос провален!
L 06/30/2011 - 21:32:05: [amxbans.amxx] [Amxbans] Ошибка, адрес: 18
L 06/30/2011 - 21:32:05: [amxbans.amxx] [Amxbans] Сообщение: You have an error in your SQL syntax; check the manual that corresponds to your MySQL server version for the right syntax to use near ''a' at line 1 (1064)
L 06/30/2011 - 21:32:05: [amxbans.amxx] [Amxbans] Статус запроса: 
L 06/30/2011 - 21:32:06: [amxbans.amxx] [Amxbans] Запрос провален!
L 06/30/2011 - 21:32:06: [amxbans.amxx] [Amxbans] Ошибка, адрес: 18
L 06/30/2011 - 21:32:06: [amxbans.amxx] [Amxbans] Сообщение: You have an error in your SQL syntax; check the manual that corresponds to your MySQL server version for the right syntax to use near ''amxb' at line 1 (1064)
L 06/30/2011 - 21:32:06: [amxbans.amxx] [Amxbans] Статус запроса: 
L 06/30/2011 - 21:32:06: [amxbans.amxx] [Amxbans] Запрос провален!
L 06/30/2011 - 21:32:06: [amxbans.amxx] [Amxbans] Ошибка, адрес: 18
L 06/30/2011 - 21:32:06: [amxbans.amxx] [Amxbans] Сообщение: You have an error in your SQL syntax; check the manual that corresponds to your MySQL server version for the right syntax to use near ''amx' at line 1 (1064)
L 06/30/2011 - 21:32:06: [amxbans.amxx] [Amxbans] Статус запроса: 
L 06/30/2011 - 21:32:33: [admin_amxbans.amxx] Login: "Lenusjka<1991><STEAM_0:4:1429483121><>" became an admin (account "Lenusjka") (access "at") (address "91.190.52.3")
L 06/30/2011 - 21:38:19: [amxbans.amxx] [Amxbans] Запрос провален!
L 06/30/2011 - 21:38:19: [amxbans.amxx] [Amxbans] Ошибка, адрес: 18
L 06/30/2011 - 21:38:19: [amxbans.amxx] [Amxbans] Сообщение: You have an error in your SQL syntax; check the manual that corresponds to your MySQL server version for the right syntax to use near ''a' at line 1 (1064)
L 06/30/2011 - 21:38:19: [amxbans.amxx] [Amxbans] Статус запроса: 
L 06/30/2011 - 21:50:10: [amxbans.amxx] [Amxbans] Запрос провален!
L 06/30/2011 - 21:50:10: [amxbans.amxx] [Amxbans] Ошибка, адрес: 18
L 06/30/2011 - 21:50:10: [amxbans.amxx] [Amxbans] Сообщение: You have an error in your SQL syntax; check the manual that corresponds to your MySQL server version for the right syntax to use near ''amx' at line 1 (1064)
L 06/30/2011 - 21:50:10: [amxbans.amxx] [Amxbans] Статус запроса: 
L 06/30/2011 - 21:52:35: -------- Mapchange to zm_666_brick --------
L 06/30/2011 - 21:52:37: [admin_amxbans.amxx] Login: "Masyanya  |[BBS]|<1964><STEAM_0:4:1417253489><>" became an admin (account "Masyanya  |[BBS]|") (access "at") (address "91.198.175.1")
L 06/30/2011 - 21:52:37: [admin_amxbans.amxx] Login: "Lenusjka<1991><STEAM_0:4:1429483121><>" became an admin (account "Lenusjka") (access "at") (address "91.190.52.3")
L 06/30/2011 - 21:52:37: [amxbans.amxx] [AMXBANS] AMXBans 5.0 подключен
L 06/30/2011 - 21:52:42: [amxbans.amxx] [Amxbans] Запрос провален!
L 06/30/2011 - 21:52:42: [amxbans.amxx] [Amxbans] Ошибка, адрес: 18
L 06/30/2011 - 21:52:42: [amxbans.amxx] [Amxbans] Сообщение: You have an error in your SQL syntax; check the manual that corresponds to your MySQL server version for the right syntax to use near ''amx' at line 1 (1064)
L 06/30/2011 - 21:52:42: [amxbans.amxx] [Amxbans] Статус запроса: 
L 06/30/2011 - 21:56:25: [admin_amxbans.amxx] Login: "Ipse [Str,RUS]<2006><STEAM_0:4:1885431283><>" became an admin (account "Ipse [Str,RUS]") (access "at") (address "94.41.158.73")
L 06/30/2011 - 22:03:58: [amxbans.amxx] [Amxbans] Запрос провален!
L 06/30/2011 - 22:03:58: [amxbans.amxx] [Amxbans] Ошибка, адрес: 18
L 06/30/2011 - 22:03:58: [amxbans.amxx] [Amxbans] Сообщение: You have an error in your SQL syntax; check the manual that corresponds to your MySQL server version for the right syntax to use near ''amx' at line 1 (1064)
L 06/30/2011 - 22:03:58: [amxbans.amxx] [Amxbans] Статус запроса: 
L 06/30/2011 - 22:08:58: [amxbans.amxx] [Amxbans] Запрос провален!
L 06/30/2011 - 22:08:58: [amxbans.amxx] [Amxbans] Ошибка, адрес: 18
L 06/30/2011 - 22:08:58: [amxbans.amxx] [Amxbans] Сообщение: You have an error in your SQL syntax; check the manual that corresponds to your MySQL server version for the right syntax to use near ''a' at line 1 (1064)
L 06/30/2011 - 22:08:58: [amxbans.amxx] [Amxbans] Статус запроса: 
L 06/30/2011 - 22:12:48: -------- Mapchange to de_dust --------
L 06/30/2011 - 22:12:51: [admin_amxbans.amxx] Login: "Masyanya  |[BBS]|<1964><STEAM_0:4:1417253489><>" became an admin (account "Masyanya  |[BBS]|") (access "at") (address "91.198.175.1")
L 06/30/2011 - 22:12:51: [admin_amxbans.amxx] Login: "Lenusjka<1991><STEAM_0:4:1429483121><>" became an admin (account "Lenusjka") (access "at") (address "91.190.52.3")
L 06/30/2011 - 22:12:52: [admin_amxbans.amxx] Login: "Ipse [Str,RUS]<2006><STEAM_0:4:1885431283><>" became an admin (account "Ipse [Str,RUS]") (access "at") (address "94.41.158.73")
L 06/30/2011 - 22:12:52: [amxbans.amxx] [AMXBANS] AMXBans 5.0 подключен
L 06/30/2011 - 22:12:58: [amxbans.amxx] [Amxbans] Запрос провален!
L 06/30/2011 - 22:12:58: [amxbans.amxx] [Amxbans] Ошибка, адрес: 18
L 06/30/2011 - 22:12:58: [amxbans.amxx] [Amxbans] Сообщение: You have an error in your SQL syntax; check the manual that corresponds to your MySQL server version for the right syntax to use near ''a' at line 1 (1064)
L 06/30/2011 - 22:12:58: [amxbans.amxx] [Amxbans] Статус запроса: 
L 06/30/2011 - 22:13:46: [admin_amxbans.amxx] Login: "IceCube<2018><STEAM_0:0:766092163><>" became an admin (account "IceCube") (access "at") (address "109.207.207.61")
L 06/30/2011 - 22:20:41: -------- Mapchange to zm_alley --------
L 06/30/2011 - 22:20:42: [admin_amxbans.amxx] Login: "IceCube<2018><STEAM_0:0:766092163><>" became an admin (account "IceCube") (access "at") (address "109.207.207.61")
L 06/30/2011 - 22:20:42: [admin_amxbans.amxx] Login: "Ipse [Str,RUS]<2006><STEAM_0:4:1885431283><>" became an admin (account "Ipse [Str,RUS]") (access "at") (address "94.41.158.73")
L 06/30/2011 - 22:20:42: [admin_amxbans.amxx] Login: "Masyanya  |[BBS]|<1964><STEAM_0:4:1417253489><>" became an admin (account "Masyanya  |[BBS]|") (access "at") (address "91.198.175.1")
L 06/30/2011 - 22:20:42: [admin_amxbans.amxx] Login: "Lenusjka<1991><STEAM_0:4:1429483121><>" became an admin (account "Lenusjka") (access "at") (address "91.190.52.3")
L 06/30/2011 - 22:20:43: [amxbans.amxx] [AMXBANS] AMXBans 5.0 подключен
L 06/30/2011 - 22:20:49: [amxbans.amxx] [Amxbans] Запрос провален!
L 06/30/2011 - 22:20:49: [amxbans.amxx] [Amxbans] Ошибка, адрес: 18
L 06/30/2011 - 22:20:49: [amxbans.amxx] [Amxbans] Сообщение: You have an error in your SQL syntax; check the manual that corresponds to your MySQL server version for the right syntax to use near ''a' at line 1 (1064)
L 06/30/2011 - 22:20:49: [amxbans.amxx] [Amxbans] Статус запроса: 
L 06/30/2011 - 22:21:02: [admin_amxbans.amxx] Login: "IceCube<2028><STEAM_0:0:766092163><>" became an admin (account "IceCube") (access "at") (address "109.207.207.61")
L 06/30/2011 - 22:23:15: [amxbans.amxx] [Amxbans] Запрос провален!
L 06/30/2011 - 22:23:15: [amxbans.amxx] [Amxbans] Ошибка, адрес: 18
L 06/30/2011 - 22:23:15: [amxbans.amxx] [Amxbans] Сообщение: You have an error in your SQL syntax; check the manual that corresponds to your MySQL server version for the right syntax to use near ''amx' at line 1 (1064)
L 06/30/2011 - 22:23:15: [amxbans.amxx] [Amxbans] Статус запроса: 
L 06/30/2011 - 22:33:16: [amxbans.amxx] [Amxbans] Запрос провален!
L 06/30/2011 - 22:33:16: [amxbans.amxx] [Amxbans] Ошибка, адрес: 18
L 06/30/2011 - 22:33:16: [amxbans.amxx] [Amxbans] Сообщение: You have an error in your SQL syntax; check the manual that corresponds to your MySQL server version for the right syntax to use near ''a' at line 1 (1064)
L 06/30/2011 - 22:33:16: [amxbans.amxx] [Amxbans] Статус запроса: 
L 06/30/2011 - 22:39:17: -------- Mapchange to zm_houses --------
L 06/30/2011 - 22:39:18: [admin_amxbans.amxx] Login: "IceCube<2028><STEAM_0:0:766092163><>" became an admin (account "IceCube") (access "at") (address "109.207.207.61")
L 06/30/2011 - 22:39:18: [admin_amxbans.amxx] Login: "Ipse [Str,RUS]<2006><STEAM_0:4:1885431283><>" became an admin (account "Ipse [Str,RUS]") (access "at") (address "94.41.158.73")
L 06/30/2011 - 22:39:18: [admin_amxbans.amxx] Login: "Masyanya  |[BBS]|<1964><STEAM_0:4:1417253489><>" became an admin (account "Masyanya  |[BBS]|") (access "at") (address "91.198.175.1")
L 06/30/2011 - 22:39:18: [admin_amxbans.amxx] Login: "Lenusjka<1991><STEAM_0:4:1429483121><>" became an admin (account "Lenusjka") (access "at") (address "91.190.52.3")
L 06/30/2011 - 22:39:19: [amxbans.amxx] [AMXBANS] AMXBans 5.0 подключен
L 06/30/2011 - 22:39:24: [amxbans.amxx] [Amxbans] Запрос провален!
L 06/30/2011 - 22:39:24: [amxbans.amxx] [Amxbans] Ошибка, адрес: 18
L 06/30/2011 - 22:39:24: [amxbans.amxx] [Amxbans] Сообщение: You have an error in your SQL syntax; check the manual that corresponds to your MySQL server version for the right syntax to use near ''a' at line 1 (1064)
L 06/30/2011 - 22:39:24: [amxbans.amxx] [Amxbans] Статус запроса: 
L 06/30/2011 - 22:39:25: [amxbans.amxx] [Amxbans] Запрос провален!
L 06/30/2011 - 22:39:25: [amxbans.amxx] [Amxbans] Ошибка, адрес: 18
L 06/30/2011 - 22:39:25: [amxbans.amxx] [Amxbans] Сообщение: You have an error in your SQL syntax; check the manual that corresponds to your MySQL server version for the right syntax to use near ''amx' at line 1 (1064)
L 06/30/2011 - 22:39:25: [amxbans.amxx] [Amxbans] Статус запроса: 
L 06/30/2011 - 22:48:24: [adminchat.amxx] Chat: "J.Sparrow<2043><STEAM_0:4:73747696><>" chat "why?"
L 06/30/2011 - 22:58:32: [admin_amxbans.amxx] Login: "Lenusjka<2057><STEAM_0:4:1429483121><>" became an admin (account "Lenusjka") (access "at") (address "91.190.52.3")
L 06/30/2011 - 23:01:09: -------- Mapchange to cs_militia --------
L 06/30/2011 - 23:01:14: [admin_amxbans.amxx] Login: "Ipse [Str,RUS]<2006><STEAM_0:4:1885431283><>" became an admin (account "Ipse [Str,RUS]") (access "at") (address "94.41.158.73")
L 06/30/2011 - 23:01:14: [admin_amxbans.amxx] Login: "Masyanya  |[BBS]|<1964><STEAM_0:4:1417253489><>" became an admin (account "Masyanya  |[BBS]|") (access "at") (address "91.198.175.1")
L 06/30/2011 - 23:01:14: [admin_amxbans.amxx] Login: "Lenusjka<2057><STEAM_0:4:1429483121><>" became an admin (account "Lenusjka") (access "at") (address "91.190.52.3")
L 06/30/2011 - 23:01:15: [amxbans.amxx] [AMXBANS] AMXBans 5.0 подключен
L 06/30/2011 - 23:01:20: [amxbans.amxx] [Amxbans] Запрос провален!
L 06/30/2011 - 23:01:20: [amxbans.amxx] [Amxbans] Ошибка, адрес: 18
L 06/30/2011 - 23:01:20: [amxbans.amxx] [Amxbans] Сообщение: You have an error in your SQL syntax; check the manual that corresponds to your MySQL server version for the right syntax to use near ''a' at line 1 (1064)
L 06/30/2011 - 23:01:20: [amxbans.amxx] [Amxbans] Статус запроса: 
L 06/30/2011 - 23:01:20: [amxbans.amxx] [Amxbans] Запрос провален!
L 06/30/2011 - 23:01:20: [amxbans.amxx] [Amxbans] Ошибка, адрес: 18
L 06/30/2011 - 23:01:20: [amxbans.amxx] [Amxbans] Сообщение: You have an error in your SQL syntax; check the manual that corresponds to your MySQL server version for the right syntax to use near ''amx' at line 1 (1064)
L 06/30/2011 - 23:01:20: [amxbans.amxx] [Amxbans] Статус запроса: 
L 06/30/2011 - 23:15:31: -------- Mapchange to zm_303 --------
L 06/30/2011 - 23:15:32: [admin_amxbans.amxx] Login: "Ipse [Str,RUS]<2006><STEAM_0:4:1885431283><>" became an admin (account "Ipse [Str,RUS]") (access "at") (address "94.41.158.73")
L 06/30/2011 - 23:15:32: [admin_amxbans.amxx] Login: "Masyanya  |[BBS]|<1964><STEAM_0:4:1417253489><>" became an admin (account "Masyanya  |[BBS]|") (access "at") (address "91.198.175.1")
L 06/30/2011 - 23:15:32: [admin_amxbans.amxx] Login: "Lenusjka<2057><STEAM_0:4:1429483121><>" became an admin (account "Lenusjka") (access "at") (address "91.190.52.3")
L 06/30/2011 - 23:15:33: [amxbans.amxx] [AMXBANS] AMXBans 5.0 подключен
L 06/30/2011 - 23:15:33: [admin_amxbans.amxx] Login: "Lenusjka<2057><STEAM_0:4:1429483121><>" became an admin (account "Lenusjka") (access "at") (address "91.190.52.3")
L 06/30/2011 - 23:15:36: [amxbans.amxx] [Amxbans] Запрос провален!
L 06/30/2011 - 23:15:36: [amxbans.amxx] [Amxbans] Ошибка, адрес: 18
L 06/30/2011 - 23:15:36: [amxbans.amxx] [Amxbans] Сообщение: You have an error in your SQL syntax; check the manual that corresponds to your MySQL server version for the right syntax to use near ''a' at line 1 (1064)
L 06/30/2011 - 23:15:36: [amxbans.amxx] [Amxbans] Статус запроса: 
L 06/30/2011 - 23:19:28: [amxbans.amxx] [Amxbans] Запрос провален!
L 06/30/2011 - 23:19:28: [amxbans.amxx] [Amxbans] Ошибка, адрес: 18
L 06/30/2011 - 23:19:28: [amxbans.amxx] [Amxbans] Сообщение: You have an error in your SQL syntax; check the manual that corresponds to your MySQL server version for the right syntax to use near ''amx' at line 1 (1064)
L 06/30/2011 - 23:19:28: [amxbans.amxx] [Amxbans] Статус запроса: 
L 06/30/2011 - 23:21:36: [amxbans.amxx] [Amxbans] Запрос провален!
L 06/30/2011 - 23:21:36: [amxbans.amxx] [Amxbans] Ошибка, адрес: 18
L 06/30/2011 - 23:21:36: [amxbans.amxx] [Amxbans] Сообщение: You have an error in your SQL syntax; check the manual that corresponds to your MySQL server version for the right syntax to use near ''a' at line 1 (1064)
L 06/30/2011 - 23:21:36: [amxbans.amxx] [Amxbans] Статус запроса: 
L 06/30/2011 - 23:23:48: [amxbans.amxx] [Amxbans] Запрос провален!
L 06/30/2011 - 23:23:48: [amxbans.amxx] [Amxbans] Ошибка, адрес: 18
L 06/30/2011 - 23:23:48: [amxbans.amxx] [Amxbans] Сообщение: You have an error in your SQL syntax; check the manual that corresponds to your MySQL server version for the right syntax to use near ''a' at line 1 (1064)
L 06/30/2011 - 23:23:48: [amxbans.amxx] [Amxbans] Статус запроса: 
L 06/30/2011 - 23:28:05: [amxbans.amxx] [Amxbans] Запрос провален!
L 06/30/2011 - 23:28:05: [amxbans.amxx] [Amxbans] Ошибка, адрес: 18
L 06/30/2011 - 23:28:05: [amxbans.amxx] [Amxbans] Сообщение: You have an error in your SQL syntax; check the manual that corresponds to your MySQL server version for the right syntax to use near ''a' at line 1 (1064)
L 06/30/2011 - 23:28:05: [amxbans.amxx] [Amxbans] Статус запроса: 
L 06/30/2011 - 23:30:34: [amxbans.amxx] [Amxbans] Запрос провален!
L 06/30/2011 - 23:30:34: [amxbans.amxx] [Amxbans] Ошибка, адрес: 18
L 06/30/2011 - 23:30:34: [amxbans.amxx] [Amxbans] Сообщение: You have an error in your SQL syntax; check the manual that corresponds to your MySQL server version for the right syntax to use near ''a' at line 1 (1064)
L 06/30/2011 - 23:30:34: [amxbans.amxx] [Amxbans] Статус запроса: 
L 06/30/2011 - 23:31:24: [amxbans.amxx] [Amxbans] Запрос провален!
L 06/30/2011 - 23:31:24: [amxbans.amxx] [Amxbans] Ошибка, адрес: 18
L 06/30/2011 - 23:31:24: [amxbans.amxx] [Amxbans] Сообщение: You have an error in your SQL syntax; check the manual that corresponds to your MySQL server version for the right syntax to use near ''a' at line 1 (1064)
L 06/30/2011 - 23:31:24: [amxbans.amxx] [Amxbans] Статус запроса: 
L 06/30/2011 - 23:34:32: [amxbans.amxx] [Amxbans] Запрос провален!
L 06/30/2011 - 23:34:32: [amxbans.amxx] [Amxbans] Ошибка, адрес: 18
L 06/30/2011 - 23:34:32: [amxbans.amxx] [Amxbans] Сообщение: You have an error in your SQL syntax; check the manual that corresponds to your MySQL server version for the right syntax to use near ''amx' at line 1 (1064)
L 06/30/2011 - 23:34:32: [amxbans.amxx] [Amxbans] Статус запроса: 
L 06/30/2011 - 23:35:20: [amxbans.amxx] [Amxbans] Запрос провален!
L 06/30/2011 - 23:35:20: [amxbans.amxx] [Amxbans] Ошибка, адрес: 18
L 06/30/2011 - 23:35:20: [amxbans.amxx] [Amxbans] Сообщение: You have an error in your SQL syntax; check the manual that corresponds to your MySQL server version for the right syntax to use near ''amx' at line 1 (1064)
L 06/30/2011 - 23:35:20: [amxbans.amxx] [Amxbans] Статус запроса: 
L 06/30/2011 - 23:37:00: [amxbans.amxx] [Amxbans] Запрос провален!
L 06/30/2011 - 23:37:00: [amxbans.amxx] [Amxbans] Ошибка, адрес: 18
L 06/30/2011 - 23:37:00: [amxbans.amxx] [Amxbans] Сообщение: You have an error in your SQL syntax; check the manual that corresponds to your MySQL server version for the right syntax to use near '' at line 1 (1064)
L 06/30/2011 - 23:37:00: [amxbans.amxx] [Amxbans] Статус запроса: 
L 06/30/2011 - 23:37:09: -------- Mapchange to ze_lift_escape_b5 --------
L 06/30/2011 - 23:37:11: [admin_amxbans.amxx] Login: "Ipse [Str,RUS]<2006><STEAM_0:4:1885431283><>" became an admin (account "Ipse [Str,RUS]") (access "at") (address "94.41.158.73")
L 06/30/2011 - 23:37:11: [admin_amxbans.amxx] Login: "Masyanya  |[BBS]|<1964><STEAM_0:4:1417253489><>" became an admin (account "Masyanya  |[BBS]|") (access "at") (address "91.198.175.1")
L 06/30/2011 - 23:37:11: [amxbans.amxx] [AMXBANS] AMXBans 5.0 подключен
L 06/30/2011 - 23:37:15: [amxbans.amxx] [Amxbans] Запрос провален!
L 06/30/2011 - 23:37:15: [amxbans.amxx] [Amxbans] Ошибка, адрес: 18
L 06/30/2011 - 23:37:15: [amxbans.amxx] [Amxbans] Сообщение: You have an error in your SQL syntax; check the manual that corresponds to your MySQL server version for the right syntax to use near '' at line 1 (1064)
L 06/30/2011 - 23:37:15: [amxbans.amxx] [Amxbans] Статус запроса: 
L 06/30/2011 - 23:37:15: [amxbans.amxx] [Amxbans] Запрос провален!
L 06/30/2011 - 23:37:15: [amxbans.amxx] [Amxbans] Ошибка, адрес: 18
L 06/30/2011 - 23:37:15: [amxbans.amxx] [Amxbans] Сообщение: You have an error in your SQL syntax; check the manual that corresponds to your MySQL server version for the right syntax to use near ''a' at line 1 (1064)
L 06/30/2011 - 23:37:15: [amxbans.amxx] [Amxbans] Статус запроса: 
L 06/30/2011 - 23:37:15: [amxbans.amxx] [Amxbans] Запрос провален!
L 06/30/2011 - 23:37:15: [amxbans.amxx] [Amxbans] Ошибка, адрес: 18
L 06/30/2011 - 23:37:15: [amxbans.amxx] [Amxbans] Сообщение: You have an error in your SQL syntax; check the manual that corresponds to your MySQL server version for the right syntax to use near ''amx' at line 1 (1064)
L 06/30/2011 - 23:37:15: [amxbans.amxx] [Amxbans] Статус запроса: 
L 06/30/2011 - 23:37:53: [amxbans.amxx] [Amxbans] Запрос провален!
L 06/30/2011 - 23:37:53: [amxbans.amxx] [Amxbans] Ошибка, адрес: 18
L 06/30/2011 - 23:37:53: [amxbans.amxx] [Amxbans] Сообщение: You have an error in your SQL syntax; check the manual that corresponds to your MySQL server version for the right syntax to use near '' at line 1 (1064)
L 06/30/2011 - 23:37:53: [amxbans.amxx] [Amxbans] Статус запроса: 
L 06/30/2011 - 23:38:48: [amxbans.amxx] [Amxbans] Запрос провален!
L 06/30/2011 - 23:38:48: [amxbans.amxx] [Amxbans] Ошибка, адрес: 18
L 06/30/2011 - 23:38:48: [amxbans.amxx] [Amxbans] Сообщение: You have an error in your SQL syntax; check the manual that corresponds to your MySQL server version for the right syntax to use near ''a' at line 1 (1064)
L 06/30/2011 - 23:38:48: [amxbans.amxx] [Amxbans] Статус запроса: 
L 06/30/2011 - 23:41:11: [amxbans.amxx] [Amxbans] Запрос провален!
L 06/30/2011 - 23:41:11: [amxbans.amxx] [Amxbans] Ошибка, адрес: 18
L 06/30/2011 - 23:41:11: [amxbans.amxx] [Amxbans] Сообщение: You have an error in your SQL syntax; check the manual that corresponds to your MySQL server version for the right syntax to use near ''a' at line 1 (1064)
L 06/30/2011 - 23:41:11: [amxbans.amxx] [Amxbans] Статус запроса: 
L 06/30/2011 - 23:55:57: -------- Mapchange to zm_simple_b1 --------
L 06/30/2011 - 23:56:00: [amxbans.amxx] [AMXBANS] AMXBans 5.0 подключен
L 06/30/2011 - 23:56:03: [amxbans.amxx] [Amxbans] Запрос провален!
L 06/30/2011 - 23:56:03: [amxbans.amxx] [Amxbans] Ошибка, адрес: 18
L 06/30/2011 - 23:56:03: [amxbans.amxx] [Amxbans] Сообщение: You have an error in your SQL syntax; check the manual that corresponds to your MySQL server version for the right syntax to use near '' at line 1 (1064)
L 06/30/2011 - 23:56:03: [amxbans.amxx] [Amxbans] Статус запроса: 
L 06/30/2011 - 23:56:03: [amxbans.amxx] [Amxbans] Запрос провален!
L 06/30/2011 - 23:56:03: [amxbans.amxx] [Amxbans] Ошибка, адрес: 18
L 06/30/2011 - 23:56:03: [amxbans.amxx] [Amxbans] Сообщение: You have an error in your SQL syntax; check the manual that corresponds to your MySQL server version for the right syntax to use near ''a' at line 1 (1064)
L 06/30/2011 - 23:56:03: [amxbans.amxx] [Amxbans] Статус запроса: 
