L 08/25/2011 - 00:02:24: -------- Mapchange to zm_toxic_house --------
L 08/25/2011 - 00:02:25: [amxbans.amxx] [AMXBANS] AMXBans 5.0 подключен
L 08/25/2011 - 00:22:32: -------- Mapchange to ze_lift_escape_b5 --------
L 08/25/2011 - 00:22:34: [amxbans.amxx] [AMXBANS] AMXBans 5.0 подключен
L 08/25/2011 - 00:32:19: [admin_amxbans.amxx] Login: "~Helena~<1001><STEAM_0:4:1929432938><>" became an admin (account "~Helena~") (access "at") (address "109.124.93.79")
L 08/25/2011 - 00:38:08: -------- Mapchange to zm_666_brick --------
L 08/25/2011 - 00:38:08: [admin_amxbans.amxx] Login: "~Helena~<1001><STEAM_0:4:1929432938><>" became an admin (account "~Helena~") (access "at") (address "109.124.93.79")
L 08/25/2011 - 00:38:09: [amxbans.amxx] [AMXBANS] AMXBans 5.0 подключен
L 08/25/2011 - 01:05:42: [admin_amxbans.amxx] Login: "Ipse [Str,RUS]<1009><STEAM_0:4:1932846579><>" became an admin (account "Ipse [Str,RUS]") (access "t") (address "94.41.53.79")
L 08/25/2011 - 01:11:30: [admin_amxbans.amxx] Login: "Lenusjka<1010><STEAM_0:4:1429483121><>" became an admin (account "Lenusjka") (access "et") (address "91.190.52.3")
L 08/25/2011 - 01:21:04: [admin_amxbans.amxx] Login: "Lenusjka<1011><STEAM_0:4:1429483121><>" became an admin (account "Lenusjka") (access "et") (address "91.190.52.3")
L 08/25/2011 - 01:27:17: -------- Mapchange to zm_neris --------
L 08/25/2011 - 01:27:18: [admin_amxbans.amxx] Login: "Ipse [Str,RUS]<1009><STEAM_0:4:1932846579><>" became an admin (account "Ipse [Str,RUS]") (access "t") (address "94.41.53.79")
L 08/25/2011 - 01:27:18: [admin_amxbans.amxx] Login: "Lenusjka<1011><STEAM_0:4:1429483121><>" became an admin (account "Lenusjka") (access "et") (address "91.190.52.3")
L 08/25/2011 - 01:27:19: [amxbans.amxx] [AMXBANS] AMXBans 5.0 подключен
L 08/25/2011 - 01:48:16: -------- Mapchange to zm_escapetrain --------
L 08/25/2011 - 01:48:17: [admin_amxbans.amxx] Login: "Ipse [Str,RUS]<1009><STEAM_0:4:1932846579><>" became an admin (account "Ipse [Str,RUS]") (access "t") (address "94.41.53.79")
L 08/25/2011 - 01:48:18: [amxbans.amxx] [AMXBANS] AMXBans 5.0 подключен
L 08/25/2011 - 02:03:30: -------- Mapchange to zm_vendetta --------
L 08/25/2011 - 02:03:32: [amxbans.amxx] [AMXBANS] AMXBans 5.0 подключен
L 08/25/2011 - 02:21:52: -------- Mapchange to zm_cpl_mill_kamp --------
L 08/25/2011 - 02:21:53: [amxbans.amxx] [AMXBANS] AMXBans 5.0 подключен
L 08/25/2011 - 02:24:52: -------- Mapchange to cs_estate --------
L 08/25/2011 - 02:24:54: [amxbans.amxx] [AMXBANS] AMXBans 5.0 подключен
L 08/25/2011 - 02:34:48: -------- Mapchange to cs_estate --------
L 08/25/2011 - 02:34:50: [amxbans.amxx] [AMXBANS] AMXBans 5.0 подключен
L 08/25/2011 - 02:44:43: -------- Mapchange to cs_estate --------
L 08/25/2011 - 02:44:46: [amxbans.amxx] [AMXBANS] AMXBans 5.0 подключен
L 08/25/2011 - 02:54:39: -------- Mapchange to cs_estate --------
L 08/25/2011 - 02:54:42: [amxbans.amxx] [AMXBANS] AMXBans 5.0 подключен
L 08/25/2011 - 03:04:35: -------- Mapchange to cs_estate --------
L 08/25/2011 - 03:04:38: [amxbans.amxx] [AMXBANS] AMXBans 5.0 подключен
L 08/25/2011 - 03:14:31: -------- Mapchange to cs_estate --------
L 08/25/2011 - 03:14:34: [amxbans.amxx] [AMXBANS] AMXBans 5.0 подключен
L 08/25/2011 - 03:29:57: -------- Mapchange to cs_estate --------
L 08/25/2011 - 03:30:00: [amxbans.amxx] [AMXBANS] AMXBans 5.0 подключен
L 08/25/2011 - 03:38:20: -------- Mapchange to zm_neris --------
L 08/25/2011 - 03:38:22: [amxbans.amxx] [AMXBANS] AMXBans 5.0 подключен
L 08/25/2011 - 03:41:20: -------- Mapchange to cs_estate --------
L 08/25/2011 - 03:41:22: [amxbans.amxx] [AMXBANS] AMXBans 5.0 подключен
L 08/25/2011 - 03:51:16: -------- Mapchange to cs_estate --------
L 08/25/2011 - 03:51:18: [amxbans.amxx] [AMXBANS] AMXBans 5.0 подключен
L 08/25/2011 - 04:01:06: -------- Mapchange to cs_estate --------
L 08/25/2011 - 04:01:09: [amxbans.amxx] [AMXBANS] AMXBans 5.0 подключен
L 08/25/2011 - 04:11:02: -------- Mapchange to cs_estate --------
L 08/25/2011 - 04:11:05: [amxbans.amxx] [AMXBANS] AMXBans 5.0 подключен
L 08/25/2011 - 04:24:43: -------- Mapchange to cs_estate --------
L 08/25/2011 - 04:24:46: [amxbans.amxx] [AMXBANS] AMXBans 5.0 подключен
L 08/25/2011 - 04:52:36: -------- Mapchange to zm_cpl_mill_kamp --------
L 08/25/2011 - 04:52:38: [amxbans.amxx] [AMXBANS] AMXBans 5.0 подключен
L 08/25/2011 - 04:55:36: -------- Mapchange to cs_estate --------
L 08/25/2011 - 04:55:38: [amxbans.amxx] [AMXBANS] AMXBans 5.0 подключен
L 08/25/2011 - 05:09:39: -------- Mapchange to zm_neris --------
L 08/25/2011 - 05:09:40: [amxbans.amxx] [AMXBANS] AMXBans 5.0 подключен
L 08/25/2011 - 05:12:39: -------- Mapchange to cs_estate --------
L 08/25/2011 - 05:12:41: [amxbans.amxx] [AMXBANS] AMXBans 5.0 подключен
L 08/25/2011 - 05:22:34: -------- Mapchange to cs_estate --------
L 08/25/2011 - 05:22:37: [amxbans.amxx] [AMXBANS] AMXBans 5.0 подключен
L 08/25/2011 - 05:32:30: -------- Mapchange to cs_estate --------
L 08/25/2011 - 05:32:33: [amxbans.amxx] [AMXBANS] AMXBans 5.0 подключен
L 08/25/2011 - 05:42:26: -------- Mapchange to cs_estate --------
L 08/25/2011 - 05:42:30: [amxbans.amxx] [AMXBANS] AMXBans 5.0 подключен
L 08/25/2011 - 05:52:23: -------- Mapchange to cs_estate --------
L 08/25/2011 - 05:52:26: [amxbans.amxx] [AMXBANS] AMXBans 5.0 подключен
L 08/25/2011 - 06:00:13: -------- Mapchange to cs_estate --------
L 08/25/2011 - 06:00:17: -------- Mapchange to zm_desolation_house --------
L 08/25/2011 - 06:00:19: [amxbans.amxx] [AMXBANS] AMXBans 5.0 подключен
L 08/25/2011 - 06:03:18: -------- Mapchange to cs_estate --------
L 08/25/2011 - 06:03:22: [amxbans.amxx] [AMXBANS] AMXBans 5.0 подключен
L 08/25/2011 - 06:13:16: -------- Mapchange to cs_estate --------
L 08/25/2011 - 06:13:20: [amxbans.amxx] [AMXBANS] AMXBans 5.0 подключен
L 08/25/2011 - 06:23:14: -------- Mapchange to cs_estate --------
L 08/25/2011 - 06:23:18: [amxbans.amxx] [AMXBANS] AMXBans 5.0 подключен
L 08/25/2011 - 06:33:11: -------- Mapchange to cs_estate --------
L 08/25/2011 - 06:33:16: [amxbans.amxx] [AMXBANS] AMXBans 5.0 подключен
L 08/25/2011 - 06:43:09: -------- Mapchange to cs_estate --------
L 08/25/2011 - 06:43:13: [amxbans.amxx] [AMXBANS] AMXBans 5.0 подключен
L 08/25/2011 - 06:53:07: -------- Mapchange to cs_estate --------
L 08/25/2011 - 06:53:11: [amxbans.amxx] [AMXBANS] AMXBans 5.0 подключен
L 08/25/2011 - 07:05:35: -------- Mapchange to cs_estate --------
L 08/25/2011 - 07:05:39: [amxbans.amxx] [AMXBANS] AMXBans 5.0 подключен
L 08/25/2011 - 07:13:59: -------- Mapchange to zm_303 --------
L 08/25/2011 - 07:14:01: [amxbans.amxx] [AMXBANS] AMXBans 5.0 подключен
L 08/25/2011 - 07:17:00: -------- Mapchange to cs_estate --------
L 08/25/2011 - 07:17:04: [amxbans.amxx] [AMXBANS] AMXBans 5.0 подключен
L 08/25/2011 - 07:31:12: -------- Mapchange to cs_estate --------
L 08/25/2011 - 07:31:16: [amxbans.amxx] [AMXBANS] AMXBans 5.0 подключен
L 08/25/2011 - 07:41:10: -------- Mapchange to cs_estate --------
L 08/25/2011 - 07:41:14: [amxbans.amxx] [AMXBANS] AMXBans 5.0 подключен
L 08/25/2011 - 07:52:08: -------- Mapchange to cs_estate --------
L 08/25/2011 - 07:52:12: [amxbans.amxx] [AMXBANS] AMXBans 5.0 подключен
L 08/25/2011 - 08:02:05: -------- Mapchange to cs_estate --------
L 08/25/2011 - 08:02:09: [amxbans.amxx] [AMXBANS] AMXBans 5.0 подключен
L 08/25/2011 - 08:17:51: -------- Mapchange to zm_alley --------
L 08/25/2011 - 08:17:53: [amxbans.amxx] [AMXBANS] AMXBans 5.0 подключен
L 08/25/2011 - 08:39:20: -------- Mapchange to zm_neris --------
L 08/25/2011 - 08:39:22: [amxbans.amxx] [AMXBANS] AMXBans 5.0 подключен
L 08/25/2011 - 08:59:40: -------- Mapchange to zm_cpl_mill_kamp --------
L 08/25/2011 - 08:59:42: [amxbans.amxx] [AMXBANS] AMXBans 5.0 подключен
L 08/25/2011 - 09:21:16: -------- Mapchange to zm_dwarf --------
L 08/25/2011 - 09:21:19: [amxbans.amxx] [AMXBANS] AMXBans 5.0 подключен
L 08/25/2011 - 09:39:46: [amxbans.amxx] [Amxbans] Запрос провален!
L 08/25/2011 - 09:39:46: [amxbans.amxx] [Amxbans] Ошибка, адрес: 18
L 08/25/2011 - 09:39:46: [amxbans.amxx] [Amxbans] Сообщение: You have an error in your SQL syntax; check the manual that corresponds to your MySQL server version for the right syntax to use near ''Bantime exp' at line 1 (1064)
L 08/25/2011 - 09:39:46: [amxbans.amxx] [Amxbans] Статус запроса: 
L 08/25/2011 - 09:42:15: -------- Mapchange to ze_jurassicpark --------
L 08/25/2011 - 09:42:17: [amxbans.amxx] [AMXBANS] AMXBans 5.0 подключен
L 08/25/2011 - 09:55:15: [amxbans.amxx] [Amxbans] Запрос провален!
L 08/25/2011 - 09:55:15: [amxbans.amxx] [Amxbans] Ошибка, адрес: 18
L 08/25/2011 - 09:55:15: [amxbans.amxx] [Amxbans] Сообщение: You have an error in your SQL syntax; check the manual that corresponds to your MySQL server version for the right syntax to use near ''Bantime exp' at line 1 (1064)
L 08/25/2011 - 09:55:15: [amxbans.amxx] [Amxbans] Статус запроса: 
L 08/25/2011 - 10:04:27: -------- Mapchange to ze_lift_escape_b5 --------
L 08/25/2011 - 10:04:29: [amxbans.amxx] [AMXBANS] AMXBans 5.0 подключен
L 08/25/2011 - 10:04:32: [amxbans.amxx] [Amxbans] Запрос провален!
L 08/25/2011 - 10:04:32: [amxbans.amxx] [Amxbans] Ошибка, адрес: 18
L 08/25/2011 - 10:04:32: [amxbans.amxx] [Amxbans] Сообщение: You have an error in your SQL syntax; check the manual that corresponds to your MySQL server version for the right syntax to use near ''Bantime exp' at line 1 (1064)
L 08/25/2011 - 10:04:32: [amxbans.amxx] [Amxbans] Статус запроса: 
L 08/25/2011 - 10:12:40: [admin_amxbans.amxx] Login: "Lajserk<118><STEAM_0:0:729086216><>" became an admin (account "Lajserk") (access "t") (address "91.192.200.2")
L 08/25/2011 - 10:17:58: [amxbans.amxx] [Amxbans] Запрос провален!
L 08/25/2011 - 10:17:58: [amxbans.amxx] [Amxbans] Ошибка, адрес: 18
L 08/25/2011 - 10:17:58: [amxbans.amxx] [Amxbans] Сообщение: You have an error in your SQL syntax; check the manual that corresponds to your MySQL server version for the right syntax to use near ''Bantime exp' at line 1 (1064)
L 08/25/2011 - 10:17:58: [amxbans.amxx] [Amxbans] Статус запроса: 
L 08/25/2011 - 10:20:11: -------- Mapchange to zm_xata --------
L 08/25/2011 - 10:20:12: [admin_amxbans.amxx] Login: "Lajserk<118><STEAM_0:0:729086216><>" became an admin (account "Lajserk") (access "t") (address "91.192.200.2")
L 08/25/2011 - 10:20:13: [amxbans.amxx] [AMXBANS] AMXBans 5.0 подключен
L 08/25/2011 - 10:20:16: [amxbans.amxx] [Amxbans] Запрос провален!
L 08/25/2011 - 10:20:16: [amxbans.amxx] [Amxbans] Ошибка, адрес: 18
L 08/25/2011 - 10:20:16: [amxbans.amxx] [Amxbans] Сообщение: You have an error in your SQL syntax; check the manual that corresponds to your MySQL server version for the right syntax to use near ''Bantime exp' at line 1 (1064)
L 08/25/2011 - 10:20:16: [amxbans.amxx] [Amxbans] Статус запроса: 
L 08/25/2011 - 10:24:32: [admin_amxbans.amxx] Login: "Lajserk<133><STEAM_0:0:729086216><>" became an admin (account "Lajserk") (access "t") (address "91.192.200.2")
L 08/25/2011 - 10:34:25: [amxbans.amxx] [Amxbans] Запрос провален!
L 08/25/2011 - 10:34:25: [amxbans.amxx] [Amxbans] Ошибка, адрес: 18
L 08/25/2011 - 10:34:25: [amxbans.amxx] [Amxbans] Сообщение: You have an error in your SQL syntax; check the manual that corresponds to your MySQL server version for the right syntax to use near ''Bantime exp' at line 1 (1064)
L 08/25/2011 - 10:34:25: [amxbans.amxx] [Amxbans] Статус запроса: 
L 08/25/2011 - 10:40:13: -------- Mapchange to zm_houses --------
L 08/25/2011 - 10:40:14: [admin_amxbans.amxx] Login: "Lajserk<133><STEAM_0:0:729086216><>" became an admin (account "Lajserk") (access "t") (address "91.192.200.2")
L 08/25/2011 - 10:40:15: [amxbans.amxx] [AMXBANS] AMXBans 5.0 подключен
L 08/25/2011 - 10:40:18: [amxbans.amxx] [Amxbans] Запрос провален!
L 08/25/2011 - 10:40:18: [amxbans.amxx] [Amxbans] Ошибка, адрес: 18
L 08/25/2011 - 10:40:18: [amxbans.amxx] [Amxbans] Сообщение: You have an error in your SQL syntax; check the manual that corresponds to your MySQL server version for the right syntax to use near ''Bantime exp' at line 1 (1064)
L 08/25/2011 - 10:40:18: [amxbans.amxx] [Amxbans] Статус запроса: 
L 08/25/2011 - 10:57:39: [adminchat.amxx] Chat: "0550<130><STEAM_0:0:261901177><>" chat "Zabranjeno_dugme_F6"
L 08/25/2011 - 11:01:14: [admin_amxbans.amxx] Login: "Lajserk<163><STEAM_0:0:729086216><>" became an admin (account "Lajserk") (access "t") (address "91.192.200.2")
L 08/25/2011 - 11:01:24: -------- Mapchange to zm_303 --------
L 08/25/2011 - 11:01:25: [admin_amxbans.amxx] Login: "Lajserk<163><STEAM_0:0:729086216><>" became an admin (account "Lajserk") (access "t") (address "91.192.200.2")
L 08/25/2011 - 11:01:26: [amxbans.amxx] [AMXBANS] AMXBans 5.0 подключен
L 08/25/2011 - 11:20:41: [admin_amxbans.amxx] Login: "Lajserk<175><STEAM_0:0:729086216><>" became an admin (account "Lajserk") (access "t") (address "91.192.200.2")
L 08/25/2011 - 11:22:05: -------- Mapchange to cs_militia --------
L 08/25/2011 - 11:22:10: [admin_amxbans.amxx] Login: "Lajserk<175><STEAM_0:0:729086216><>" became an admin (account "Lajserk") (access "t") (address "91.192.200.2")
L 08/25/2011 - 11:22:11: [amxbans.amxx] [AMXBANS] AMXBans 5.0 подключен
L 08/25/2011 - 11:42:19: -------- Mapchange to 016 --------
L 08/25/2011 - 11:42:21: [amxbans.amxx] [AMXBANS] AMXBans 5.0 подключен
L 08/25/2011 - 12:03:02: -------- Mapchange to zm_alley --------
L 08/25/2011 - 12:03:04: [amxbans.amxx] [AMXBANS] AMXBans 5.0 подключен
L 08/25/2011 - 12:03:33: [amxbans.amxx] [Amxbans] Запрос провален!
L 08/25/2011 - 12:03:33: [amxbans.amxx] [Amxbans] Ошибка, адрес: 18
L 08/25/2011 - 12:03:33: [amxbans.amxx] [Amxbans] Сообщение: You have an error in your SQL syntax; check the manual that corresponds to your MySQL server version for the right syntax to use near ''Bantime exp' at line 1 (1064)
L 08/25/2011 - 12:03:33: [amxbans.amxx] [Amxbans] Статус запроса: 
L 08/25/2011 - 12:17:48: [admin_amxbans.amxx] Login: "Euforia<244><STEAM_0:0:1235555515><>" became an admin (account "Euforia") (access "t") (address "188.123.245.19")
L 08/25/2011 - 12:19:35: [admin_amxbans.amxx] Login: "Euforia<247><STEAM_0:0:1235555515><>" became an admin (account "Euforia") (access "t") (address "188.123.245.19")
L 08/25/2011 - 12:19:56: [amxbans.amxx] [Amxbans] Запрос провален!
L 08/25/2011 - 12:19:56: [amxbans.amxx] [Amxbans] Ошибка, адрес: 18
L 08/25/2011 - 12:19:56: [amxbans.amxx] [Amxbans] Сообщение: You have an error in your SQL syntax; check the manual that corresponds to your MySQL server version for the right syntax to use near ''amx' at line 1 (1064)
L 08/25/2011 - 12:19:56: [amxbans.amxx] [Amxbans] Статус запроса: 
L 08/25/2011 - 12:20:29: [amxbans.amxx] [Amxbans] Запрос провален!
L 08/25/2011 - 12:20:29: [amxbans.amxx] [Amxbans] Ошибка, адрес: 18
L 08/25/2011 - 12:20:29: [amxbans.amxx] [Amxbans] Сообщение: You have an error in your SQL syntax; check the manual that corresponds to your MySQL server version for the right syntax to use near ''amx' at line 1 (1064)
L 08/25/2011 - 12:20:29: [amxbans.amxx] [Amxbans] Статус запроса: 
L 08/25/2011 - 12:22:19: [amxbans.amxx] [Amxbans] Запрос провален!
L 08/25/2011 - 12:22:19: [amxbans.amxx] [Amxbans] Ошибка, адрес: 18
L 08/25/2011 - 12:22:19: [amxbans.amxx] [Amxbans] Сообщение: You have an error in your SQL syntax; check the manual that corresponds to your MySQL server version for the right syntax to use near ''amx' at line 1 (1064)
L 08/25/2011 - 12:22:19: [amxbans.amxx] [Amxbans] Статус запроса: 
L 08/25/2011 - 12:25:16: [amxbans.amxx] [Amxbans] Запрос провален!
L 08/25/2011 - 12:25:16: [amxbans.amxx] [Amxbans] Ошибка, адрес: 18
L 08/25/2011 - 12:25:16: [amxbans.amxx] [Amxbans] Сообщение: You have an error in your SQL syntax; check the manual that corresponds to your MySQL server version for the right syntax to use near ''amx' at line 1 (1064)
L 08/25/2011 - 12:25:16: [amxbans.amxx] [Amxbans] Статус запроса: 
L 08/25/2011 - 12:25:20: -------- Mapchange to zm_dwarf --------
L 08/25/2011 - 12:25:21: [admin_amxbans.amxx] Login: "Euforia<247><STEAM_0:0:1235555515><>" became an admin (account "Euforia") (access "t") (address "188.123.245.19")
L 08/25/2011 - 12:25:22: [amxbans.amxx] [AMXBANS] AMXBans 5.0 подключен
L 08/25/2011 - 12:25:28: [amxbans.amxx] [Amxbans] Запрос провален!
L 08/25/2011 - 12:25:28: [amxbans.amxx] [Amxbans] Ошибка, адрес: 18
L 08/25/2011 - 12:25:28: [amxbans.amxx] [Amxbans] Сообщение: You have an error in your SQL syntax; check the manual that corresponds to your MySQL server version for the right syntax to use near ''Bantime exp' at line 1 (1064)
L 08/25/2011 - 12:25:28: [amxbans.amxx] [Amxbans] Статус запроса: 
L 08/25/2011 - 12:25:29: [amxbans.amxx] [Amxbans] Запрос провален!
L 08/25/2011 - 12:25:29: [amxbans.amxx] [Amxbans] Ошибка, адрес: 18
L 08/25/2011 - 12:25:29: [amxbans.amxx] [Amxbans] Сообщение: You have an error in your SQL syntax; check the manual that corresponds to your MySQL server version for the right syntax to use near ''amx' at line 1 (1064)
L 08/25/2011 - 12:25:29: [amxbans.amxx] [Amxbans] Статус запроса: 
L 08/25/2011 - 12:25:29: [amxbans.amxx] [Amxbans] Запрос провален!
L 08/25/2011 - 12:25:29: [amxbans.amxx] [Amxbans] Ошибка, адрес: 18
L 08/25/2011 - 12:25:29: [amxbans.amxx] [Amxbans] Сообщение: You have an error in your SQL syntax; check the manual that corresponds to your MySQL server version for the right syntax to use near ''amx' at line 1 (1064)
L 08/25/2011 - 12:25:29: [amxbans.amxx] [Amxbans] Статус запроса: 
L 08/25/2011 - 12:45:57: -------- Mapchange to zm_fdust2x2 --------
L 08/25/2011 - 12:45:58: [admin_amxbans.amxx] Login: "Euforia<247><STEAM_0:0:1235555515><>" became an admin (account "Euforia") (access "t") (address "188.123.245.19")
L 08/25/2011 - 12:45:59: [amxbans.amxx] [AMXBANS] AMXBans 5.0 подключен
L 08/25/2011 - 12:46:05: [amxbans.amxx] [Amxbans] Запрос провален!
L 08/25/2011 - 12:46:05: [amxbans.amxx] [Amxbans] Ошибка, адрес: 18
L 08/25/2011 - 12:46:05: [amxbans.amxx] [Amxbans] Сообщение: You have an error in your SQL syntax; check the manual that corresponds to your MySQL server version for the right syntax to use near ''Bantime exp' at line 1 (1064)
L 08/25/2011 - 12:46:05: [amxbans.amxx] [Amxbans] Статус запроса: 
L 08/25/2011 - 12:47:53: [admin_amxbans.amxx] Login: "Lajserk<281><STEAM_0:0:729086216><>" became an admin (account "Lajserk") (access "t") (address "91.192.200.11")
L 08/25/2011 - 12:55:50: [admin_amxbans.amxx] Login: "~Helena~<305><STEAM_0:4:1367396202><>" became an admin (account "~Helena~") (access "at") (address "109.124.93.10")
L 08/25/2011 - 13:06:53: -------- Mapchange to ze_lift_escape_b5 --------
L 08/25/2011 - 13:06:54: [admin_amxbans.amxx] Login: "~Helena~<305><STEAM_0:4:1367396202><>" became an admin (account "~Helena~") (access "at") (address "109.124.93.10")
L 08/25/2011 - 13:06:54: [admin_amxbans.amxx] Login: "Lajserk<281><STEAM_0:0:729086216><>" became an admin (account "Lajserk") (access "t") (address "91.192.200.11")
L 08/25/2011 - 13:06:55: [amxbans.amxx] [AMXBANS] AMXBans 5.0 подключен
L 08/25/2011 - 13:23:06: [amxbans.amxx] [Amxbans] Запрос провален!
L 08/25/2011 - 13:23:06: [amxbans.amxx] [Amxbans] Ошибка, адрес: 18
L 08/25/2011 - 13:23:06: [amxbans.amxx] [Amxbans] Сообщение: You have an error in your SQL syntax; check the manual that corresponds to your MySQL server version for the right syntax to use near ''Bantime exp' at line 1 (1064)
L 08/25/2011 - 13:23:06: [amxbans.amxx] [Amxbans] Статус запроса: 
L 08/25/2011 - 13:24:32: [amxbans.amxx] [Amxbans] Запрос провален!
L 08/25/2011 - 13:24:32: [amxbans.amxx] [Amxbans] Ошибка, адрес: 18
L 08/25/2011 - 13:24:32: [amxbans.amxx] [Amxbans] Сообщение: You have an error in your SQL syntax; check the manual that corresponds to your MySQL server version for the right syntax to use near ''amx' at line 1 (1064)
L 08/25/2011 - 13:24:32: [amxbans.amxx] [Amxbans] Статус запроса: 
L 08/25/2011 - 13:24:55: -------- Mapchange to zm_666_brick --------
L 08/25/2011 - 13:24:56: [admin_amxbans.amxx] Login: "~Helena~<305><STEAM_0:4:1367396202><>" became an admin (account "~Helena~") (access "at") (address "109.124.93.10")
L 08/25/2011 - 13:24:56: [admin_amxbans.amxx] Login: "Lajserk<281><STEAM_0:0:729086216><>" became an admin (account "Lajserk") (access "t") (address "91.192.200.11")
L 08/25/2011 - 13:24:57: [amxbans.amxx] [AMXBANS] AMXBans 5.0 подключен
L 08/25/2011 - 13:25:02: [amxbans.amxx] [Amxbans] Запрос провален!
L 08/25/2011 - 13:25:02: [amxbans.amxx] [Amxbans] Ошибка, адрес: 18
L 08/25/2011 - 13:25:02: [amxbans.amxx] [Amxbans] Сообщение: You have an error in your SQL syntax; check the manual that corresponds to your MySQL server version for the right syntax to use near ''Bantime exp' at line 1 (1064)
L 08/25/2011 - 13:25:02: [amxbans.amxx] [Amxbans] Статус запроса: 
L 08/25/2011 - 13:25:03: [amxbans.amxx] [Amxbans] Запрос провален!
L 08/25/2011 - 13:25:03: [amxbans.amxx] [Amxbans] Ошибка, адрес: 18
L 08/25/2011 - 13:25:03: [amxbans.amxx] [Amxbans] Сообщение: You have an error in your SQL syntax; check the manual that corresponds to your MySQL server version for the right syntax to use near ''amx' at line 1 (1064)
L 08/25/2011 - 13:25:03: [amxbans.amxx] [Amxbans] Статус запроса: 
L 08/25/2011 - 13:26:37: [amxbans.amxx] [Amxbans] Запрос провален!
L 08/25/2011 - 13:26:37: [amxbans.amxx] [Amxbans] Ошибка, адрес: 18
L 08/25/2011 - 13:26:37: [amxbans.amxx] [Amxbans] Сообщение: You have an error in your SQL syntax; check the manual that corresponds to your MySQL server version for the right syntax to use near ''amx' at line 1 (1064)
L 08/25/2011 - 13:26:37: [amxbans.amxx] [Amxbans] Статус запроса: 
L 08/25/2011 - 13:26:45: [admin_amxbans.amxx] Login: "Euforia<344><STEAM_0:0:1235555515><>" became an admin (account "Euforia") (access "t") (address "188.123.245.19")
L 08/25/2011 - 13:30:02: [amxbans.amxx] [Amxbans] Запрос провален!
L 08/25/2011 - 13:30:02: [amxbans.amxx] [Amxbans] Ошибка, адрес: 18
L 08/25/2011 - 13:30:02: [amxbans.amxx] [Amxbans] Сообщение: You have an error in your SQL syntax; check the manual that corresponds to your MySQL server version for the right syntax to use near ''amx' at line 1 (1064)
L 08/25/2011 - 13:30:02: [amxbans.amxx] [Amxbans] Статус запроса: 
L 08/25/2011 - 13:36:49: [amxbans.amxx] [Amxbans] Запрос провален!
L 08/25/2011 - 13:36:49: [amxbans.amxx] [Amxbans] Ошибка, адрес: 18
L 08/25/2011 - 13:36:49: [amxbans.amxx] [Amxbans] Сообщение: You have an error in your SQL syntax; check the manual that corresponds to your MySQL server version for the right syntax to use near ''Bantime exp' at line 1 (1064)
L 08/25/2011 - 13:36:49: [amxbans.amxx] [Amxbans] Статус запроса: 
L 08/25/2011 - 13:37:33: [amxbans.amxx] [Amxbans] Запрос провален!
L 08/25/2011 - 13:37:33: [amxbans.amxx] [Amxbans] Ошибка, адрес: 18
L 08/25/2011 - 13:37:33: [amxbans.amxx] [Amxbans] Сообщение: You have an error in your SQL syntax; check the manual that corresponds to your MySQL server version for the right syntax to use near ''amx' at line 1 (1064)
L 08/25/2011 - 13:37:33: [amxbans.amxx] [Amxbans] Статус запроса: 
L 08/25/2011 - 13:41:50: [amxbans.amxx] [Amxbans] Запрос провален!
L 08/25/2011 - 13:41:50: [amxbans.amxx] [Amxbans] Ошибка, адрес: 18
L 08/25/2011 - 13:41:50: [amxbans.amxx] [Amxbans] Сообщение: You have an error in your SQL syntax; check the manual that corresponds to your MySQL server version for the right syntax to use near ''amx' at line 1 (1064)
L 08/25/2011 - 13:41:50: [amxbans.amxx] [Amxbans] Статус запроса: 
L 08/25/2011 - 13:45:14: [amxbans.amxx] [Amxbans] Запрос провален!
L 08/25/2011 - 13:45:14: [amxbans.amxx] [Amxbans] Ошибка, адрес: 18
L 08/25/2011 - 13:45:14: [amxbans.amxx] [Amxbans] Сообщение: You have an error in your SQL syntax; check the manual that corresponds to your MySQL server version for the right syntax to use near ''amx' at line 1 (1064)
L 08/25/2011 - 13:45:14: [amxbans.amxx] [Amxbans] Статус запроса: 
L 08/25/2011 - 13:45:17: -------- Mapchange to ze_jurassicpark --------
L 08/25/2011 - 13:45:18: [admin_amxbans.amxx] Login: "~Helena~<305><STEAM_0:4:1367396202><>" became an admin (account "~Helena~") (access "at") (address "109.124.93.10")
L 08/25/2011 - 13:45:18: [admin_amxbans.amxx] Login: "Euforia<344><STEAM_0:0:1235555515><>" became an admin (account "Euforia") (access "t") (address "188.123.245.19")
L 08/25/2011 - 13:45:18: [admin_amxbans.amxx] Login: "~Helena~<305><STEAM_0:4:1367396202><>" became an admin (account "~Helena~") (access "at") (address "109.124.93.10")
L 08/25/2011 - 13:45:19: [amxbans.amxx] [AMXBANS] AMXBans 5.0 подключен
L 08/25/2011 - 13:45:24: [amxbans.amxx] [Amxbans] Запрос провален!
L 08/25/2011 - 13:45:24: [amxbans.amxx] [Amxbans] Ошибка, адрес: 18
L 08/25/2011 - 13:45:24: [amxbans.amxx] [Amxbans] Сообщение: You have an error in your SQL syntax; check the manual that corresponds to your MySQL server version for the right syntax to use near ''amx' at line 1 (1064)
L 08/25/2011 - 13:45:24: [amxbans.amxx] [Amxbans] Статус запроса: 
L 08/25/2011 - 13:45:24: [amxbans.amxx] [Amxbans] Запрос провален!
L 08/25/2011 - 13:45:24: [amxbans.amxx] [Amxbans] Ошибка, адрес: 18
L 08/25/2011 - 13:45:24: [amxbans.amxx] [Amxbans] Сообщение: You have an error in your SQL syntax; check the manual that corresponds to your MySQL server version for the right syntax to use near ''Bantime exp' at line 1 (1064)
L 08/25/2011 - 13:45:24: [amxbans.amxx] [Amxbans] Статус запроса: 
L 08/25/2011 - 13:45:25: [amxbans.amxx] [Amxbans] Запрос провален!
L 08/25/2011 - 13:45:25: [amxbans.amxx] [Amxbans] Ошибка, адрес: 18
L 08/25/2011 - 13:45:25: [amxbans.amxx] [Amxbans] Сообщение: You have an error in your SQL syntax; check the manual that corresponds to your MySQL server version for the right syntax to use near ''amx' at line 1 (1064)
L 08/25/2011 - 13:45:25: [amxbans.amxx] [Amxbans] Статус запроса: 
L 08/25/2011 - 14:07:26: -------- Mapchange to zm_houses --------
L 08/25/2011 - 14:07:27: [admin_amxbans.amxx] Login: "Euforia<344><STEAM_0:0:1235555515><>" became an admin (account "Euforia") (access "t") (address "188.123.245.19")
L 08/25/2011 - 14:07:28: [admin_amxbans.amxx] Login: "Euforia<393><STEAM_0:0:1235555515><>" became an admin (account "Euforia") (access "t") (address "188.123.245.19")
L 08/25/2011 - 14:07:28: [amxbans.amxx] [AMXBANS] AMXBans 5.0 подключен
L 08/25/2011 - 14:29:39: [amxbans.amxx] [Amxbans] Запрос провален!
L 08/25/2011 - 14:29:39: [amxbans.amxx] [Amxbans] Ошибка, адрес: 18
L 08/25/2011 - 14:29:39: [amxbans.amxx] [Amxbans] Сообщение: You have an error in your SQL syntax; check the manual that corresponds to your MySQL server version for the right syntax to use near ''Bantime exp' at line 1 (1064)
L 08/25/2011 - 14:29:39: [amxbans.amxx] [Amxbans] Статус запроса: 
L 08/25/2011 - 14:30:26: [amxbans.amxx] [Amxbans] Запрос провален!
L 08/25/2011 - 14:30:26: [amxbans.amxx] [Amxbans] Ошибка, адрес: 18
L 08/25/2011 - 14:30:26: [amxbans.amxx] [Amxbans] Сообщение: You have an error in your SQL syntax; check the manual that corresponds to your MySQL server version for the right syntax to use near ''Bantime exp' at line 1 (1064)
L 08/25/2011 - 14:30:26: [amxbans.amxx] [Amxbans] Статус запроса: 
L 08/25/2011 - 14:30:38: -------- Mapchange to zm_cpl_mill_kamp --------
L 08/25/2011 - 14:30:40: [amxbans.amxx] [AMXBANS] AMXBans 5.0 подключен
L 08/25/2011 - 14:30:46: [amxbans.amxx] [Amxbans] Запрос провален!
L 08/25/2011 - 14:30:46: [amxbans.amxx] [Amxbans] Ошибка, адрес: 18
L 08/25/2011 - 14:30:46: [amxbans.amxx] [Amxbans] Сообщение: You have an error in your SQL syntax; check the manual that corresponds to your MySQL server version for the right syntax to use near ''Bantime exp' at line 1 (1064)
L 08/25/2011 - 14:30:46: [amxbans.amxx] [Amxbans] Статус запроса: 
L 08/25/2011 - 14:45:57: [amxbans.amxx] [Amxbans] Запрос провален!
L 08/25/2011 - 14:45:57: [amxbans.amxx] [Amxbans] Ошибка, адрес: 18
L 08/25/2011 - 14:45:57: [amxbans.amxx] [Amxbans] Сообщение: You have an error in your SQL syntax; check the manual that corresponds to your MySQL server version for the right syntax to use near ''amx' at line 1 (1064)
L 08/25/2011 - 14:45:57: [amxbans.amxx] [Amxbans] Статус запроса: 
L 08/25/2011 - 14:46:47: [amxbans.amxx] [Amxbans] Запрос провален!
L 08/25/2011 - 14:46:47: [amxbans.amxx] [Amxbans] Ошибка, адрес: 18
L 08/25/2011 - 14:46:47: [amxbans.amxx] [Amxbans] Сообщение: You have an error in your SQL syntax; check the manual that corresponds to your MySQL server version for the right syntax to use near ''amx' at line 1 (1064)
L 08/25/2011 - 14:46:47: [amxbans.amxx] [Amxbans] Статус запроса: 
L 08/25/2011 - 14:50:48: -------- Mapchange to cs_militia --------
L 08/25/2011 - 14:50:55: [amxbans.amxx] [AMXBANS] AMXBans 5.0 подключен
L 08/25/2011 - 14:51:02: [amxbans.amxx] [Amxbans] Запрос провален!
L 08/25/2011 - 14:51:02: [amxbans.amxx] [Amxbans] Ошибка, адрес: 18
L 08/25/2011 - 14:51:02: [amxbans.amxx] [Amxbans] Сообщение: You have an error in your SQL syntax; check the manual that corresponds to your MySQL server version for the right syntax to use near ''amx' at line 1 (1064)
L 08/25/2011 - 14:51:02: [amxbans.amxx] [Amxbans] Статус запроса: 
L 08/25/2011 - 14:51:02: [amxbans.amxx] [Amxbans] Запрос провален!
L 08/25/2011 - 14:51:02: [amxbans.amxx] [Amxbans] Ошибка, адрес: 18
L 08/25/2011 - 14:51:02: [amxbans.amxx] [Amxbans] Сообщение: You have an error in your SQL syntax; check the manual that corresponds to your MySQL server version for the right syntax to use near ''Bantime exp' at line 1 (1064)
L 08/25/2011 - 14:51:02: [amxbans.amxx] [Amxbans] Статус запроса: 
L 08/25/2011 - 14:56:07: [amxbans.amxx] [Amxbans] Запрос провален!
L 08/25/2011 - 14:56:07: [amxbans.amxx] [Amxbans] Ошибка, адрес: 18
L 08/25/2011 - 14:56:07: [amxbans.amxx] [Amxbans] Сообщение: You have an error in your SQL syntax; check the manual that corresponds to your MySQL server version for the right syntax to use near ''amx' at line 1 (1064)
L 08/25/2011 - 14:56:07: [amxbans.amxx] [Amxbans] Статус запроса: 
L 08/25/2011 - 14:59:36: [amxbans.amxx] [Amxbans] Запрос провален!
L 08/25/2011 - 14:59:36: [amxbans.amxx] [Amxbans] Ошибка, адрес: 18
L 08/25/2011 - 14:59:36: [amxbans.amxx] [Amxbans] Сообщение: You have an error in your SQL syntax; check the manual that corresponds to your MySQL server version for the right syntax to use near ''amx' at line 1 (1064)
L 08/25/2011 - 14:59:36: [amxbans.amxx] [Amxbans] Статус запроса: 
L 08/25/2011 - 15:07:47: [amxbans.amxx] [Amxbans] Запрос провален!
L 08/25/2011 - 15:07:47: [amxbans.amxx] [Amxbans] Ошибка, адрес: 18
L 08/25/2011 - 15:07:47: [amxbans.amxx] [Amxbans] Сообщение: You have an error in your SQL syntax; check the manual that corresponds to your MySQL server version for the right syntax to use near ''Bantime exp' at line 1 (1064)
L 08/25/2011 - 15:07:47: [amxbans.amxx] [Amxbans] Статус запроса: 
L 08/25/2011 - 15:11:34: -------- Mapchange to zm_army --------
L 08/25/2011 - 15:11:36: [amxbans.amxx] [AMXBANS] AMXBans 5.0 подключен
L 08/25/2011 - 15:11:41: [amxbans.amxx] [Amxbans] Запрос провален!
L 08/25/2011 - 15:11:41: [amxbans.amxx] [Amxbans] Ошибка, адрес: 18
L 08/25/2011 - 15:11:41: [amxbans.amxx] [Amxbans] Сообщение: You have an error in your SQL syntax; check the manual that corresponds to your MySQL server version for the right syntax to use near ''Bantime exp' at line 1 (1064)
L 08/25/2011 - 15:11:41: [amxbans.amxx] [Amxbans] Статус запроса: 
L 08/25/2011 - 15:11:41: [amxbans.amxx] [Amxbans] Запрос провален!
L 08/25/2011 - 15:11:41: [amxbans.amxx] [Amxbans] Ошибка, адрес: 18
L 08/25/2011 - 15:11:41: [amxbans.amxx] [Amxbans] Сообщение: You have an error in your SQL syntax; check the manual that corresponds to your MySQL server version for the right syntax to use near ''amx' at line 1 (1064)
L 08/25/2011 - 15:11:41: [amxbans.amxx] [Amxbans] Статус запроса: 
L 08/25/2011 - 15:15:07: [amxbans.amxx] [Amxbans] Запрос провален!
L 08/25/2011 - 15:15:07: [amxbans.amxx] [Amxbans] Ошибка, адрес: 18
L 08/25/2011 - 15:15:07: [amxbans.amxx] [Amxbans] Сообщение: You have an error in your SQL syntax; check the manual that corresponds to your MySQL server version for the right syntax to use near ''amx' at line 1 (1064)
L 08/25/2011 - 15:15:07: [amxbans.amxx] [Amxbans] Статус запроса: 
L 08/25/2011 - 15:19:22: [amxbans.amxx] [Amxbans] Запрос провален!
L 08/25/2011 - 15:19:22: [amxbans.amxx] [Amxbans] Ошибка, адрес: 18
L 08/25/2011 - 15:19:22: [amxbans.amxx] [Amxbans] Сообщение: You have an error in your SQL syntax; check the manual that corresponds to your MySQL server version for the right syntax to use near ''amx' at line 1 (1064)
L 08/25/2011 - 15:19:22: [amxbans.amxx] [Amxbans] Статус запроса: 
L 08/25/2011 - 15:22:46: [amxbans.amxx] [Amxbans] Запрос провален!
L 08/25/2011 - 15:22:46: [amxbans.amxx] [Amxbans] Ошибка, адрес: 18
L 08/25/2011 - 15:22:46: [amxbans.amxx] [Amxbans] Сообщение: You have an error in your SQL syntax; check the manual that corresponds to your MySQL server version for the right syntax to use near ''amx' at line 1 (1064)
L 08/25/2011 - 15:22:46: [amxbans.amxx] [Amxbans] Статус запроса: 
L 08/25/2011 - 15:23:29: [amxbans.amxx] [Amxbans] Запрос провален!
L 08/25/2011 - 15:23:29: [amxbans.amxx] [Amxbans] Ошибка, адрес: 18
L 08/25/2011 - 15:23:29: [amxbans.amxx] [Amxbans] Сообщение: You have an error in your SQL syntax; check the manual that corresponds to your MySQL server version for the right syntax to use near ''amx' at line 1 (1064)
L 08/25/2011 - 15:23:29: [amxbans.amxx] [Amxbans] Статус запроса: 
L 08/25/2011 - 15:34:41: -------- Mapchange to 016 --------
L 08/25/2011 - 15:34:43: [amxbans.amxx] [AMXBANS] AMXBans 5.0 подключен
L 08/25/2011 - 15:34:48: [amxbans.amxx] [Amxbans] Запрос провален!
L 08/25/2011 - 15:34:48: [amxbans.amxx] [Amxbans] Ошибка, адрес: 18
L 08/25/2011 - 15:34:48: [amxbans.amxx] [Amxbans] Сообщение: You have an error in your SQL syntax; check the manual that corresponds to your MySQL server version for the right syntax to use near ''Bantime exp' at line 1 (1064)
L 08/25/2011 - 15:34:48: [amxbans.amxx] [Amxbans] Статус запроса: 
L 08/25/2011 - 15:34:49: [amxbans.amxx] [Amxbans] Запрос провален!
L 08/25/2011 - 15:34:49: [amxbans.amxx] [Amxbans] Ошибка, адрес: 18
L 08/25/2011 - 15:34:49: [amxbans.amxx] [Amxbans] Сообщение: You have an error in your SQL syntax; check the manual that corresponds to your MySQL server version for the right syntax to use near ''amx' at line 1 (1064)
L 08/25/2011 - 15:34:49: [amxbans.amxx] [Amxbans] Статус запроса: 
L 08/25/2011 - 15:54:46: -------- Mapchange to zm_303 --------
L 08/25/2011 - 15:54:48: [amxbans.amxx] [AMXBANS] AMXBans 5.0 подключен
L 08/25/2011 - 15:54:56: [amxbans.amxx] [Amxbans] Запрос провален!
L 08/25/2011 - 15:54:56: [amxbans.amxx] [Amxbans] Ошибка, адрес: 18
L 08/25/2011 - 15:54:56: [amxbans.amxx] [Amxbans] Сообщение: You have an error in your SQL syntax; check the manual that corresponds to your MySQL server version for the right syntax to use near ''amx' at line 1 (1064)
L 08/25/2011 - 15:54:56: [amxbans.amxx] [Amxbans] Статус запроса: 
L 08/25/2011 - 15:55:27: [amxbans.amxx] [Amxbans] Запрос провален!
L 08/25/2011 - 15:55:27: [amxbans.amxx] [Amxbans] Ошибка, адрес: 18
L 08/25/2011 - 15:55:27: [amxbans.amxx] [Amxbans] Сообщение: You have an error in your SQL syntax; check the manual that corresponds to your MySQL server version for the right syntax to use near ''Bantime exp' at line 1 (1064)
L 08/25/2011 - 15:55:27: [amxbans.amxx] [Amxbans] Статус запроса: 
L 08/25/2011 - 16:08:23: [amxbans.amxx] [Amxbans] Запрос провален!
L 08/25/2011 - 16:08:23: [amxbans.amxx] [Amxbans] Ошибка, адрес: 18
L 08/25/2011 - 16:08:23: [amxbans.amxx] [Amxbans] Сообщение: You have an error in your SQL syntax; check the manual that corresponds to your MySQL server version for the right syntax to use near ''amx' at line 1 (1064)
L 08/25/2011 - 16:08:23: [amxbans.amxx] [Amxbans] Статус запроса: 
L 08/25/2011 - 16:17:41: -------- Mapchange to ze_lift_escape_b5 --------
L 08/25/2011 - 16:17:44: [amxbans.amxx] [AMXBANS] AMXBans 5.0 подключен
L 08/25/2011 - 16:17:50: [amxbans.amxx] [Amxbans] Запрос провален!
L 08/25/2011 - 16:17:50: [amxbans.amxx] [Amxbans] Ошибка, адрес: 18
L 08/25/2011 - 16:17:50: [amxbans.amxx] [Amxbans] Сообщение: You have an error in your SQL syntax; check the manual that corresponds to your MySQL server version for the right syntax to use near ''amx' at line 1 (1064)
L 08/25/2011 - 16:17:50: [amxbans.amxx] [Amxbans] Статус запроса: 
L 08/25/2011 - 16:23:02: [adminchat.amxx] Chat: "TERRor_1999@@1<517><STEAM_0:0:1069724149><>" chat "y"
L 08/25/2011 - 16:32:57: -------- Mapchange to zm_alley --------
L 08/25/2011 - 16:33:00: [amxbans.amxx] [AMXBANS] AMXBans 5.0 подключен
L 08/25/2011 - 16:49:39: -------- Mapchange to zm_escapetrain --------
L 08/25/2011 - 16:49:41: [amxbans.amxx] [AMXBANS] AMXBans 5.0 подключен
L 08/25/2011 - 16:58:26: -------- Mapchange to zm_fdust2x2 --------
L 08/25/2011 - 16:58:28: [amxbans.amxx] [AMXBANS] AMXBans 5.0 подключен
L 08/25/2011 - 17:20:23: -------- Mapchange to zm_666_brick --------
L 08/25/2011 - 17:20:25: [amxbans.amxx] [AMXBANS] AMXBans 5.0 подключен
L 08/25/2011 - 17:40:22: -------- Mapchange to ze_jurassicpark --------
L 08/25/2011 - 17:40:24: [amxbans.amxx] [AMXBANS] AMXBans 5.0 подключен
L 08/25/2011 - 18:02:16: -------- Mapchange to zm_cpl_mill_kamp --------
L 08/25/2011 - 18:02:18: [amxbans.amxx] [AMXBANS] AMXBans 5.0 подключен
L 08/25/2011 - 18:02:21: [admin_amxbans.amxx] Login: "P!Tu<665><STEAM_0:0:25649157><>" became an admin (account "P!Tu") (access "t") (address "91.193.40.21")
L 08/25/2011 - 18:22:51: -------- Mapchange to zm_army --------
L 08/25/2011 - 18:22:53: [amxbans.amxx] [AMXBANS] AMXBans 5.0 подключен
L 08/25/2011 - 18:23:45: [admin_amxbans.amxx] Login: "Lajserk<693><STEAM_0:0:729086216><>" became an admin (account "Lajserk") (access "t") (address "91.192.200.2")
L 08/25/2011 - 18:38:47: [admin_amxbans.amxx] Login: "Ipse [Str,RUS]<712><STEAM_0:4:201076427><>" became an admin (account "Ipse [Str,RUS]") (access "t") (address "46.191.164.190")
L 08/25/2011 - 18:43:18: -------- Mapchange to zm_simple_b1 --------
L 08/25/2011 - 18:43:19: [admin_amxbans.amxx] Login: "Lajserk<693><STEAM_0:0:729086216><>" became an admin (account "Lajserk") (access "t") (address "91.192.200.2")
L 08/25/2011 - 18:43:19: [admin_amxbans.amxx] Login: "Ipse [Str,RUS]<712><STEAM_0:4:201076427><>" became an admin (account "Ipse [Str,RUS]") (access "t") (address "46.191.164.190")
L 08/25/2011 - 18:43:20: [amxbans.amxx] [AMXBANS] AMXBans 5.0 подключен
L 08/25/2011 - 18:58:08: [voteban.amxx] Voteban starter Ipse [Str,RUS] against RKO STEAM_0:0:109411600
L 08/25/2011 - 18:58:23: [voteban.amxx] [AMXX] BANNED: RKO, STARTER: Ipse [Str,RUS]
L 08/25/2011 - 18:58:24: [amxbans.amxx]  Зомби сервер (x_x(O_o)x_x) Go Zombie !!!<0><><> забанил RKO<STEAM_0:0:109411600> на 15 минут (15 минут). Причина: VIP->Ipse [Str,RUS].
L 08/25/2011 - 19:04:18: -------- Mapchange to zm_303 --------
L 08/25/2011 - 19:04:19: [admin_amxbans.amxx] Login: "Lajserk<693><STEAM_0:0:729086216><>" became an admin (account "Lajserk") (access "t") (address "91.192.200.2")
L 08/25/2011 - 19:04:19: [admin_amxbans.amxx] Login: "Ipse [Str,RUS]<712><STEAM_0:4:201076427><>" became an admin (account "Ipse [Str,RUS]") (access "t") (address "46.191.164.190")
L 08/25/2011 - 19:04:20: [amxbans.amxx] [AMXBANS] AMXBans 5.0 подключен
L 08/25/2011 - 19:13:56: [amxbans.amxx] [Amxbans] Запрос провален!
L 08/25/2011 - 19:13:56: [amxbans.amxx] [Amxbans] Ошибка, адрес: 18
L 08/25/2011 - 19:13:56: [amxbans.amxx] [Amxbans] Сообщение: You have an error in your SQL syntax; check the manual that corresponds to your MySQL server version for the right syntax to use near ''Bantime exp' at line 1 (1064)
L 08/25/2011 - 19:13:56: [amxbans.amxx] [Amxbans] Статус запроса: 
L 08/25/2011 - 19:14:33: [amxbans.amxx] [Amxbans] Запрос провален!
L 08/25/2011 - 19:14:33: [amxbans.amxx] [Amxbans] Ошибка, адрес: 18
L 08/25/2011 - 19:14:33: [amxbans.amxx] [Amxbans] Сообщение: You have an error in your SQL syntax; check the manual that corresponds to your MySQL server version for the right syntax to use near ''Bantime exp' at line 1 (1064)
L 08/25/2011 - 19:14:33: [amxbans.amxx] [Amxbans] Статус запроса: 
L 08/25/2011 - 19:25:33: -------- Mapchange to zm_alley --------
L 08/25/2011 - 19:25:34: [admin_amxbans.amxx] Login: "Lajserk<693><STEAM_0:0:729086216><>" became an admin (account "Lajserk") (access "t") (address "91.192.200.2")
L 08/25/2011 - 19:25:35: [amxbans.amxx] [AMXBANS] AMXBans 5.0 подключен
L 08/25/2011 - 19:25:40: [amxbans.amxx] [Amxbans] Запрос провален!
L 08/25/2011 - 19:25:40: [amxbans.amxx] [Amxbans] Ошибка, адрес: 18
L 08/25/2011 - 19:25:40: [amxbans.amxx] [Amxbans] Сообщение: You have an error in your SQL syntax; check the manual that corresponds to your MySQL server version for the right syntax to use near ''Bantime exp' at line 1 (1064)
L 08/25/2011 - 19:25:40: [amxbans.amxx] [Amxbans] Статус запроса: 
L 08/25/2011 - 19:38:52: [amxbans.amxx] [Amxbans] Запрос провален!
L 08/25/2011 - 19:38:52: [amxbans.amxx] [Amxbans] Ошибка, адрес: 18
L 08/25/2011 - 19:38:52: [amxbans.amxx] [Amxbans] Сообщение: You have an error in your SQL syntax; check the manual that corresponds to your MySQL server version for the right syntax to use near ''Bantime exp' at line 1 (1064)
L 08/25/2011 - 19:38:52: [amxbans.amxx] [Amxbans] Статус запроса: 
L 08/25/2011 - 19:40:33: [admin_amxbans.amxx] Login: "Lenusjka<788><STEAM_0:4:1429483121><>" became an admin (account "Lenusjka") (access "et") (address "91.190.52.3")
L 08/25/2011 - 19:47:14: [admin_amxbans.amxx] Login: "Ipse [Str,RUS]<807><STEAM_0:4:201076427><>" became an admin (account "Ipse [Str,RUS]") (access "t") (address "46.191.164.190")
L 08/25/2011 - 19:47:42: -------- Mapchange to cs_militia --------
L 08/25/2011 - 19:47:50: [admin_amxbans.amxx] Login: "Ipse [Str,RUS]<807><STEAM_0:4:201076427><>" became an admin (account "Ipse [Str,RUS]") (access "t") (address "46.191.164.190")
L 08/25/2011 - 19:47:50: [admin_amxbans.amxx] Login: "Lenusjka<788><STEAM_0:4:1429483121><>" became an admin (account "Lenusjka") (access "et") (address "91.190.52.3")
L 08/25/2011 - 19:47:51: [amxbans.amxx] [AMXBANS] AMXBans 5.0 подключен
L 08/25/2011 - 19:47:56: [amxbans.amxx] [Amxbans] Запрос провален!
L 08/25/2011 - 19:47:56: [amxbans.amxx] [Amxbans] Ошибка, адрес: 18
L 08/25/2011 - 19:47:56: [amxbans.amxx] [Amxbans] Сообщение: You have an error in your SQL syntax; check the manual that corresponds to your MySQL server version for the right syntax to use near ''Bantime exp' at line 1 (1064)
L 08/25/2011 - 19:47:56: [amxbans.amxx] [Amxbans] Статус запроса: 
L 08/25/2011 - 19:47:56: [amxbans.amxx] [Amxbans] Запрос провален!
L 08/25/2011 - 19:47:56: [amxbans.amxx] [Amxbans] Ошибка, адрес: 18
L 08/25/2011 - 19:47:56: [amxbans.amxx] [Amxbans] Сообщение: You have an error in your SQL syntax; check the manual that corresponds to your MySQL server version for the right syntax to use near ''Bantime exp' at line 1 (1064)
L 08/25/2011 - 19:47:56: [amxbans.amxx] [Amxbans] Статус запроса: 
L 08/25/2011 - 19:48:39: [amxbans.amxx] [Amxbans] Запрос провален!
L 08/25/2011 - 19:48:39: [amxbans.amxx] [Amxbans] Ошибка, адрес: 18
L 08/25/2011 - 19:48:39: [amxbans.amxx] [Amxbans] Сообщение: You have an error in your SQL syntax; check the manual that corresponds to your MySQL server version for the right syntax to use near ''Bantime exp' at line 1 (1064)
L 08/25/2011 - 19:48:39: [amxbans.amxx] [Amxbans] Статус запроса: 
L 08/25/2011 - 20:09:52: -------- Mapchange to zm_fdust2x2 --------
L 08/25/2011 - 20:09:53: [admin_amxbans.amxx] Login: "Ipse [Str,RUS]<807><STEAM_0:4:201076427><>" became an admin (account "Ipse [Str,RUS]") (access "t") (address "46.191.164.190")
L 08/25/2011 - 20:09:54: [amxbans.amxx] [AMXBANS] AMXBans 5.0 подключен
L 08/25/2011 - 20:20:55: [voteban.amxx] Voteban starter Ipse [Str,RUS] against tEmzz :)) STEAM_0:0:287945496
L 08/25/2011 - 20:21:10: [voteban.amxx] [AMXX] BANNED: tEmzz :)), STARTER: Ipse [Str,RUS]
L 08/25/2011 - 20:21:12: [amxbans.amxx]  Зомби сервер (x_x(O_o)x_x) Go Zombie !!!<0><><> забанил tEmzz :))<STEAM_0:0:287945496> на 15 минут (15 минут). Причина: VIP->Ipse [Str,RUS].
L 08/25/2011 - 20:23:06: [admin_amxbans.amxx] Login: "P!Tu<863><STEAM_0:0:25649157><>" became an admin (account "P!Tu") (access "t") (address "91.193.40.21")
L 08/25/2011 - 20:31:00: -------- Mapchange to 016 --------
L 08/25/2011 - 20:31:02: [admin_amxbans.amxx] Login: "Ipse [Str,RUS]<807><STEAM_0:4:201076427><>" became an admin (account "Ipse [Str,RUS]") (access "t") (address "46.191.164.190")
L 08/25/2011 - 20:31:02: [admin_amxbans.amxx] Login: "P!Tu<863><STEAM_0:0:25649157><>" became an admin (account "P!Tu") (access "t") (address "91.193.40.21")
L 08/25/2011 - 20:31:03: [amxbans.amxx] [AMXBANS] AMXBans 5.0 подключен
L 08/25/2011 - 20:34:57: [voteban.amxx] Voteban starter Ipse [Str,RUS] against DeV1JI STEAM_0:0:885093181
L 08/25/2011 - 20:35:12: [voteban.amxx] [AMXX] BANNED: DeV1JI, STARTER: Ipse [Str,RUS]
L 08/25/2011 - 20:35:13: [amxbans.amxx]  Зомби сервер (x_x(O_o)x_x) Go Zombie !!!<0><><> забанил DeV1JI<STEAM_0:0:885093181> на 15 минут (15 минут). Причина: VIP->Ipse [Str,RUS].
L 08/25/2011 - 20:36:45: [voteban.amxx] Voteban starter Ipse [Str,RUS] against tatarin STEAM_0:0:1541412680
L 08/25/2011 - 20:37:00: [voteban.amxx] [AMXX] BANNED: tatarin, STARTER: Ipse [Str,RUS]
L 08/25/2011 - 20:37:01: [amxbans.amxx]  Зомби сервер (x_x(O_o)x_x) Go Zombie !!!<0><><> забанил tatarin<STEAM_0:0:1541412680> на 15 минут (15 минут). Причина: VIP->Ipse [Str,RUS].
L 08/25/2011 - 20:39:17: [admin_amxbans.amxx] Login: "Alecquant<879><STEAM_0:4:1929927350><>" became an admin (account "Alecquant") (access "t") (address "213.87.76.79")
L 08/25/2011 - 20:48:10: [amxbans.amxx] [Amxbans] Запрос провален!
L 08/25/2011 - 20:48:10: [amxbans.amxx] [Amxbans] Ошибка, адрес: 18
L 08/25/2011 - 20:48:10: [amxbans.amxx] [Amxbans] Сообщение: You have an error in your SQL syntax; check the manual that corresponds to your MySQL server version for the right syntax to use near ''Bantime exp' at line 1 (1064)
L 08/25/2011 - 20:48:10: [amxbans.amxx] [Amxbans] Статус запроса: 
L 08/25/2011 - 20:49:24: [amxbans.amxx] [Amxbans] Запрос провален!
L 08/25/2011 - 20:49:24: [amxbans.amxx] [Amxbans] Ошибка, адрес: 18
L 08/25/2011 - 20:49:24: [amxbans.amxx] [Amxbans] Сообщение: You have an error in your SQL syntax; check the manual that corresponds to your MySQL server version for the right syntax to use near ''Bantime exp' at line 1 (1064)
L 08/25/2011 - 20:49:24: [amxbans.amxx] [Amxbans] Статус запроса: 
L 08/25/2011 - 20:51:04: -------- Mapchange to ze_jurassicpark --------
L 08/25/2011 - 20:51:05: [admin_amxbans.amxx] Login: "Ipse [Str,RUS]<807><STEAM_0:4:201076427><>" became an admin (account "Ipse [Str,RUS]") (access "t") (address "46.191.164.190")
L 08/25/2011 - 20:51:06: [amxbans.amxx] [AMXBANS] AMXBans 5.0 подключен
L 08/25/2011 - 20:51:11: [admin_amxbans.amxx] Login: "Lenusjka<892><STEAM_0:4:1429483121><>" became an admin (account "Lenusjka") (access "et") (address "91.190.52.3")
L 08/25/2011 - 20:51:12: [amxbans.amxx] [Amxbans] Запрос провален!
L 08/25/2011 - 20:51:12: [amxbans.amxx] [Amxbans] Ошибка, адрес: 18
L 08/25/2011 - 20:51:12: [amxbans.amxx] [Amxbans] Сообщение: You have an error in your SQL syntax; check the manual that corresponds to your MySQL server version for the right syntax to use near ''Bantime exp' at line 1 (1064)
L 08/25/2011 - 20:51:12: [amxbans.amxx] [Amxbans] Статус запроса: 
L 08/25/2011 - 20:53:47: [amxbans.amxx] [Amxbans] Запрос провален!
L 08/25/2011 - 20:53:47: [amxbans.amxx] [Amxbans] Ошибка, адрес: 18
L 08/25/2011 - 20:53:47: [amxbans.amxx] [Amxbans] Сообщение: You have an error in your SQL syntax; check the manual that corresponds to your MySQL server version for the right syntax to use near ''amx' at line 1 (1064)
L 08/25/2011 - 20:53:47: [amxbans.amxx] [Amxbans] Статус запроса: 
L 08/25/2011 - 21:08:54: [voteban.amxx] Voteban starter Ipse [Str,RUS] against Fill STEAM_0:0:1302043691
L 08/25/2011 - 21:09:09: [voteban.amxx] [AMXX] BANNED: Fill, STARTER: Ipse [Str,RUS]
L 08/25/2011 - 21:09:10: [amxbans.amxx]  Зомби сервер (x_x(O_o)x_x) Go Zombie !!!<0><><> забанил Fill<STEAM_0:0:1302043691> на 15 минут (15 минут). Причина: VIP->Ipse [Str,RUS].
L 08/25/2011 - 21:12:42: -------- Mapchange to ze_lift_escape_b5 --------
L 08/25/2011 - 21:12:43: [admin_amxbans.amxx] Login: "Ipse [Str,RUS]<807><STEAM_0:4:201076427><>" became an admin (account "Ipse [Str,RUS]") (access "t") (address "46.191.164.190")
L 08/25/2011 - 21:12:44: [amxbans.amxx] [AMXBANS] AMXBans 5.0 подключен
L 08/25/2011 - 21:12:49: [amxbans.amxx] [Amxbans] Запрос провален!
L 08/25/2011 - 21:12:49: [amxbans.amxx] [Amxbans] Ошибка, адрес: 18
L 08/25/2011 - 21:12:49: [amxbans.amxx] [Amxbans] Сообщение: You have an error in your SQL syntax; check the manual that corresponds to your MySQL server version for the right syntax to use near ''Bantime exp' at line 1 (1064)
L 08/25/2011 - 21:12:49: [amxbans.amxx] [Amxbans] Статус запроса: 
L 08/25/2011 - 21:18:42: [amxbans.amxx] [Amxbans] Запрос провален!
L 08/25/2011 - 21:18:42: [amxbans.amxx] [Amxbans] Ошибка, адрес: 18
L 08/25/2011 - 21:18:42: [amxbans.amxx] [Amxbans] Сообщение: You have an error in your SQL syntax; check the manual that corresponds to your MySQL server version for the right syntax to use near ''Bantime exp' at line 1 (1064)
L 08/25/2011 - 21:18:42: [amxbans.amxx] [Amxbans] Статус запроса: 
L 08/25/2011 - 21:31:20: -------- Mapchange to zm_neris --------
L 08/25/2011 - 21:31:21: [admin_amxbans.amxx] Login: "Ipse [Str,RUS]<807><STEAM_0:4:201076427><>" became an admin (account "Ipse [Str,RUS]") (access "t") (address "46.191.164.190")
L 08/25/2011 - 21:31:22: [amxbans.amxx] [AMXBANS] AMXBans 5.0 подключен
L 08/25/2011 - 21:31:28: [amxbans.amxx] [Amxbans] Запрос провален!
L 08/25/2011 - 21:31:28: [amxbans.amxx] [Amxbans] Ошибка, адрес: 18
L 08/25/2011 - 21:31:28: [amxbans.amxx] [Amxbans] Сообщение: You have an error in your SQL syntax; check the manual that corresponds to your MySQL server version for the right syntax to use near ''Bantime exp' at line 1 (1064)
L 08/25/2011 - 21:31:28: [amxbans.amxx] [Amxbans] Статус запроса: 
L 08/25/2011 - 21:46:20: [voteban.amxx] Voteban starter Ipse [Str,RUS] against 6535 STEAM_0:4:1334214004
L 08/25/2011 - 21:46:35: [voteban.amxx] [AMXX] BANNED: 6535, STARTER: Ipse [Str,RUS]
L 08/25/2011 - 21:46:36: [amxbans.amxx]  Зомби сервер (x_x(O_o)x_x) Go Zombie !!!<0><><> забанил 6535<STEAM_0:4:1334214004> на 15 минут (15 минут). Причина: VIP->Ipse [Str,RUS].
L 08/25/2011 - 21:48:17: [amxbans.amxx] [Amxbans] Запрос провален!
L 08/25/2011 - 21:48:17: [amxbans.amxx] [Amxbans] Ошибка, адрес: 18
L 08/25/2011 - 21:48:17: [amxbans.amxx] [Amxbans] Сообщение: You have an error in your SQL syntax; check the manual that corresponds to your MySQL server version for the right syntax to use near ''Bantime exp' at line 1 (1064)
L 08/25/2011 - 21:48:17: [amxbans.amxx] [Amxbans] Статус запроса: 
L 08/25/2011 - 21:51:36: -------- Mapchange to zm_666_brick --------
L 08/25/2011 - 21:51:38: [amxbans.amxx] [AMXBANS] AMXBans 5.0 подключен
L 08/25/2011 - 21:51:43: [amxbans.amxx] [Amxbans] Запрос провален!
L 08/25/2011 - 21:51:43: [amxbans.amxx] [Amxbans] Ошибка, адрес: 18
L 08/25/2011 - 21:51:43: [amxbans.amxx] [Amxbans] Сообщение: You have an error in your SQL syntax; check the manual that corresponds to your MySQL server version for the right syntax to use near ''Bantime exp' at line 1 (1064)
L 08/25/2011 - 21:51:43: [amxbans.amxx] [Amxbans] Статус запроса: 
L 08/25/2011 - 21:51:44: [amxbans.amxx] [Amxbans] Запрос провален!
L 08/25/2011 - 21:51:44: [amxbans.amxx] [Amxbans] Ошибка, адрес: 18
L 08/25/2011 - 21:51:44: [amxbans.amxx] [Amxbans] Сообщение: You have an error in your SQL syntax; check the manual that corresponds to your MySQL server version for the right syntax to use near ''Bantime exp' at line 1 (1064)
L 08/25/2011 - 21:51:44: [amxbans.amxx] [Amxbans] Статус запроса: 
L 08/25/2011 - 22:02:02: [amxbans.amxx] [Amxbans] Запрос провален!
L 08/25/2011 - 22:02:02: [amxbans.amxx] [Amxbans] Ошибка, адрес: 18
L 08/25/2011 - 22:02:02: [amxbans.amxx] [Amxbans] Сообщение: You have an error in your SQL syntax; check the manual that corresponds to your MySQL server version for the right syntax to use near ''Bantime exp' at line 1 (1064)
L 08/25/2011 - 22:02:02: [amxbans.amxx] [Amxbans] Статус запроса: 
L 08/25/2011 - 22:10:21: [amxbans.amxx] [Amxbans] Запрос провален!
L 08/25/2011 - 22:10:21: [amxbans.amxx] [Amxbans] Ошибка, адрес: 18
L 08/25/2011 - 22:10:21: [amxbans.amxx] [Amxbans] Сообщение: You have an error in your SQL syntax; check the manual that corresponds to your MySQL server version for the right syntax to use near ''Bantime exp' at line 1 (1064)
L 08/25/2011 - 22:10:21: [amxbans.amxx] [Amxbans] Статус запроса: 
L 08/25/2011 - 22:13:58: -------- Mapchange to zm_army --------
L 08/25/2011 - 22:14:00: [amxbans.amxx] [AMXBANS] AMXBans 5.0 подключен
L 08/25/2011 - 22:14:05: [amxbans.amxx] [Amxbans] Запрос провален!
L 08/25/2011 - 22:14:05: [amxbans.amxx] [Amxbans] Ошибка, адрес: 18
L 08/25/2011 - 22:14:05: [amxbans.amxx] [Amxbans] Сообщение: You have an error in your SQL syntax; check the manual that corresponds to your MySQL server version for the right syntax to use near ''Bantime exp' at line 1 (1064)
L 08/25/2011 - 22:14:05: [amxbans.amxx] [Amxbans] Статус запроса: 
L 08/25/2011 - 22:14:06: [amxbans.amxx] [Amxbans] Запрос провален!
L 08/25/2011 - 22:14:06: [amxbans.amxx] [Amxbans] Ошибка, адрес: 18
L 08/25/2011 - 22:14:06: [amxbans.amxx] [Amxbans] Сообщение: You have an error in your SQL syntax; check the manual that corresponds to your MySQL server version for the right syntax to use near ''Bantime exp' at line 1 (1064)
L 08/25/2011 - 22:14:06: [amxbans.amxx] [Amxbans] Статус запроса: 
L 08/25/2011 - 22:14:07: [amxbans.amxx] [Amxbans] Запрос провален!
L 08/25/2011 - 22:14:07: [amxbans.amxx] [Amxbans] Ошибка, адрес: 18
L 08/25/2011 - 22:14:07: [amxbans.amxx] [Amxbans] Сообщение: You have an error in your SQL syntax; check the manual that corresponds to your MySQL server version for the right syntax to use near ''Bantime exp' at line 1 (1064)
L 08/25/2011 - 22:14:07: [amxbans.amxx] [Amxbans] Статус запроса: 
L 08/25/2011 - 22:31:55: [amxbans.amxx] [Amxbans] Запрос провален!
L 08/25/2011 - 22:31:55: [amxbans.amxx] [Amxbans] Ошибка, адрес: 18
L 08/25/2011 - 22:31:55: [amxbans.amxx] [Amxbans] Сообщение: You have an error in your SQL syntax; check the manual that corresponds to your MySQL server version for the right syntax to use near ''Bantime exp' at line 1 (1064)
L 08/25/2011 - 22:31:55: [amxbans.amxx] [Amxbans] Статус запроса: 
L 08/25/2011 - 22:35:23: [amxbans.amxx] [Amxbans] Запрос провален!
L 08/25/2011 - 22:35:23: [amxbans.amxx] [Amxbans] Ошибка, адрес: 18
L 08/25/2011 - 22:35:23: [amxbans.amxx] [Amxbans] Сообщение: You have an error in your SQL syntax; check the manual that corresponds to your MySQL server version for the right syntax to use near ''Bantime exp' at line 1 (1064)
L 08/25/2011 - 22:35:23: [amxbans.amxx] [Amxbans] Статус запроса: 
L 08/25/2011 - 22:35:34: -------- Mapchange to zm_houses --------
L 08/25/2011 - 22:35:35: [amxbans.amxx] [AMXBANS] AMXBans 5.0 подключен
L 08/25/2011 - 22:35:40: [amxbans.amxx] [Amxbans] Запрос провален!
L 08/25/2011 - 22:35:40: [amxbans.amxx] [Amxbans] Ошибка, адрес: 18
L 08/25/2011 - 22:35:40: [amxbans.amxx] [Amxbans] Сообщение: You have an error in your SQL syntax; check the manual that corresponds to your MySQL server version for the right syntax to use near ''Bantime exp' at line 1 (1064)
L 08/25/2011 - 22:35:40: [amxbans.amxx] [Amxbans] Статус запроса: 
L 08/25/2011 - 22:57:57: -------- Mapchange to zm_simple_b1 --------
L 08/25/2011 - 22:57:59: [amxbans.amxx] [AMXBANS] AMXBans 5.0 подключен
L 08/25/2011 - 23:19:57: -------- Mapchange to zm_cpl_mill_kamp --------
L 08/25/2011 - 23:19:59: [amxbans.amxx] [AMXBANS] AMXBans 5.0 подключен
L 08/25/2011 - 23:39:44: -------- Mapchange to zm_escapetrain --------
L 08/25/2011 - 23:39:45: [amxbans.amxx] [AMXBANS] AMXBans 5.0 подключен
L 08/25/2011 - 23:55:56: -------- Mapchange to zm_alley --------
L 08/25/2011 - 23:55:58: [amxbans.amxx] [AMXBANS] AMXBans 5.0 подключен
L 08/25/2011 - 23:58:20: [admin_amxbans.amxx] Login: "Euforia<1061><STEAM_0:0:1235555515><>" became an admin (account "Euforia") (access "t") (address "188.123.245.19")
L 08/25/2011 - 23:59:08: -------- Mapchange to cs_estate --------
L 08/25/2011 - 23:59:11: [amxbans.amxx] [AMXBANS] AMXBans 5.0 подключен
