L 09/10/2011 - 00:15:55: -------- Mapchange to ze_lift_escape_b5 --------
L 09/10/2011 - 00:15:57: [amxbans.amxx] [AMXBANS] AMXBans 5.0 –ø–æ–¥–∫–ª—é—á–µ–Ω
L 09/10/2011 - 00:32:01: -------- Mapchange to zm_303 --------
L 09/10/2011 - 00:32:03: [amxbans.amxx] [AMXBANS] AMXBans 5.0 –ø–æ–¥–∫–ª—é—á–µ–Ω
L 09/10/2011 - 00:48:35: [admin_amxbans.amxx] Login: "Kenny<2681><STEAM_0:0:963405193><>" became an admin (account "Kenny") (access "abcdefghijlmnopqstu") (address "109.161.99.212")
L 09/10/2011 - 00:52:41: -------- Mapchange to ze_egypt --------
L 09/10/2011 - 00:52:42: [amxbans.amxx] [AMXBANS] AMXBans 5.0 –ø–æ–¥–∫–ª—é—á–µ–Ω
L 09/10/2011 - 00:53:19: [admin_amxbans.amxx] Login: "Kenny<2691><STEAM_0:0:963405193><>" became an admin (account "Kenny") (access "abcdefghijlmnopqstu") (address "109.161.99.212")
L 09/10/2011 - 01:08:17: -------- Mapchange to ze_train_back_lg --------
L 09/10/2011 - 01:08:19: [amxbans.amxx] [AMXBANS] AMXBans 5.0 –ø–æ–¥–∫–ª—é—á–µ–Ω
L 09/10/2011 - 01:15:55: -------- Mapchange to zm_dwarf --------
L 09/10/2011 - 01:15:56: [amxbans.amxx] [AMXBANS] AMXBans 5.0 –ø–æ–¥–∫–ª—é—á–µ–Ω
L 09/10/2011 - 01:35:49: -------- Mapchange to ze_jurassicpark --------
L 09/10/2011 - 01:35:51: [amxbans.amxx] [AMXBANS] AMXBans 5.0 –ø–æ–¥–∫–ª—é—á–µ–Ω
L 09/10/2011 - 01:38:49: -------- Mapchange to cs_estate --------
L 09/10/2011 - 01:38:52: [amxbans.amxx] [AMXBANS] AMXBans 5.0 –ø–æ–¥–∫–ª—é—á–µ–Ω
L 09/10/2011 - 01:48:45: -------- Mapchange to cs_estate --------
L 09/10/2011 - 01:48:48: [amxbans.amxx] [AMXBANS] AMXBans 5.0 –ø–æ–¥–∫–ª—é—á–µ–Ω
L 09/10/2011 - 01:58:41: -------- Mapchange to cs_estate --------
L 09/10/2011 - 01:58:44: [amxbans.amxx] [AMXBANS] AMXBans 5.0 –ø–æ–¥–∫–ª—é—á–µ–Ω
L 09/10/2011 - 02:04:57: [admin_amxbans.amxx] Login: "Kenny<2725><STEAM_0:0:963405193><>" became an admin (account "Kenny") (access "abcdefghijlmnopqstu") (address "109.161.99.212")
L 09/10/2011 - 02:08:49: -------- Mapchange to zm_vendetta --------
L 09/10/2011 - 02:08:50: [amxbans.amxx] [AMXBANS] AMXBans 5.0 –ø–æ–¥–∫–ª—é—á–µ–Ω
L 09/10/2011 - 02:26:55: -------- Mapchange to zm_houses --------
L 09/10/2011 - 02:26:57: [amxbans.amxx] [AMXBANS] AMXBans 5.0 –ø–æ–¥–∫–ª—é—á–µ–Ω
L 09/10/2011 - 02:33:41: -------- Mapchange to cs_militia --------
L 09/10/2011 - 02:33:46: [amxbans.amxx] [AMXBANS] AMXBans 5.0 –ø–æ–¥–∫–ª—é—á–µ–Ω
L 09/10/2011 - 02:52:06: -------- Mapchange to 016 --------
L 09/10/2011 - 02:52:08: [amxbans.amxx] [AMXBANS] AMXBans 5.0 –ø–æ–¥–∫–ª—é—á–µ–Ω
L 09/10/2011 - 02:55:06: -------- Mapchange to cs_estate --------
L 09/10/2011 - 02:55:08: [amxbans.amxx] [AMXBANS] AMXBans 5.0 –ø–æ–¥–∫–ª—é—á–µ–Ω
L 09/10/2011 - 03:05:02: -------- Mapchange to cs_estate --------
L 09/10/2011 - 03:05:04: [amxbans.amxx] [AMXBANS] AMXBans 5.0 –ø–æ–¥–∫–ª—é—á–µ–Ω
L 09/10/2011 - 03:14:58: -------- Mapchange to cs_estate --------
L 09/10/2011 - 03:15:00: [amxbans.amxx] [AMXBANS] AMXBans 5.0 –ø–æ–¥–∫–ª—é—á–µ–Ω
L 09/10/2011 - 03:24:54: -------- Mapchange to cs_estate --------
L 09/10/2011 - 03:24:56: [amxbans.amxx] [AMXBANS] AMXBans 5.0 –ø–æ–¥–∫–ª—é—á–µ–Ω
L 09/10/2011 - 03:34:50: -------- Mapchange to cs_estate --------
L 09/10/2011 - 03:34:52: [amxbans.amxx] [AMXBANS] AMXBans 5.0 –ø–æ–¥–∫–ª—é—á–µ–Ω
L 09/10/2011 - 03:44:45: -------- Mapchange to cs_estate --------
L 09/10/2011 - 03:44:48: [amxbans.amxx] [AMXBANS] AMXBans 5.0 –ø–æ–¥–∫–ª—é—á–µ–Ω
L 09/10/2011 - 04:01:36: -------- Mapchange to cs_estate --------
L 09/10/2011 - 04:01:39: [amxbans.amxx] [AMXBANS] AMXBans 5.0 –ø–æ–¥–∫–ª—é—á–µ–Ω
L 09/10/2011 - 04:09:59: -------- Mapchange to cs_militia --------
L 09/10/2011 - 04:10:04: [amxbans.amxx] [AMXBANS] AMXBans 5.0 –ø–æ–¥–∫–ª—é—á–µ–Ω
L 09/10/2011 - 04:13:02: -------- Mapchange to cs_estate --------
L 09/10/2011 - 04:13:05: [amxbans.amxx] [AMXBANS] AMXBans 5.0 –ø–æ–¥–∫–ª—é—á–µ–Ω
L 09/10/2011 - 04:22:58: -------- Mapchange to cs_estate --------
L 09/10/2011 - 04:23:01: [amxbans.amxx] [AMXBANS] AMXBans 5.0 –ø–æ–¥–∫–ª—é—á–µ–Ω
L 09/10/2011 - 04:37:24: -------- Mapchange to cs_estate --------
L 09/10/2011 - 04:37:27: [amxbans.amxx] [AMXBANS] AMXBans 5.0 –ø–æ–¥–∫–ª—é—á–µ–Ω
L 09/10/2011 - 04:47:20: -------- Mapchange to cs_estate --------
L 09/10/2011 - 04:47:22: [amxbans.amxx] [AMXBANS] AMXBans 5.0 –ø–æ–¥–∫–ª—é—á–µ–Ω
L 09/10/2011 - 04:57:16: -------- Mapchange to cs_estate --------
L 09/10/2011 - 04:57:18: [amxbans.amxx] [AMXBANS] AMXBans 5.0 –ø–æ–¥–∫–ª—é—á–µ–Ω
L 09/10/2011 - 05:07:08: -------- Mapchange to zm_666_brick --------
L 09/10/2011 - 05:07:10: [amxbans.amxx] [AMXBANS] AMXBans 5.0 –ø–æ–¥–∫–ª—é—á–µ–Ω
L 09/10/2011 - 05:10:08: -------- Mapchange to cs_estate --------
L 09/10/2011 - 05:10:11: [amxbans.amxx] [AMXBANS] AMXBans 5.0 –ø–æ–¥–∫–ª—é—á–µ–Ω
L 09/10/2011 - 05:20:04: -------- Mapchange to cs_estate --------
L 09/10/2011 - 05:20:07: [amxbans.amxx] [AMXBANS] AMXBans 5.0 –ø–æ–¥–∫–ª—é—á–µ–Ω
L 09/10/2011 - 05:30:00: -------- Mapchange to cs_estate --------
L 09/10/2011 - 05:30:02: [amxbans.amxx] [AMXBANS] AMXBans 5.0 –ø–æ–¥–∫–ª—é—á–µ–Ω
L 09/10/2011 - 05:39:56: -------- Mapchange to cs_estate --------
L 09/10/2011 - 05:39:58: [amxbans.amxx] [AMXBANS] AMXBans 5.0 –ø–æ–¥–∫–ª—é—á–µ–Ω
L 09/10/2011 - 06:00:13: -------- Mapchange to cs_estate --------
L 09/10/2011 - 06:00:17: -------- Mapchange to ze_lift_escape_b5 --------
L 09/10/2011 - 06:00:20: [amxbans.amxx] [AMXBANS] AMXBans 5.0 –ø–æ–¥–∫–ª—é—á–µ–Ω
L 09/10/2011 - 06:04:25: -------- Mapchange to cs_estate --------
L 09/10/2011 - 06:04:28: [amxbans.amxx] [AMXBANS] AMXBans 5.0 –ø–æ–¥–∫–ª—é—á–µ–Ω
L 09/10/2011 - 06:17:19: -------- Mapchange to cs_estate --------
L 09/10/2011 - 06:17:21: [amxbans.amxx] [AMXBANS] AMXBans 5.0 –ø–æ–¥–∫–ª—é—á–µ–Ω
L 09/10/2011 - 06:30:16: -------- Mapchange to zm_fdust2x2 --------
L 09/10/2011 - 06:30:17: [amxbans.amxx] [AMXBANS] AMXBans 5.0 –ø–æ–¥–∫–ª—é—á–µ–Ω
L 09/10/2011 - 07:06:41: -------- Mapchange to zm_houses --------
L 09/10/2011 - 07:06:43: [amxbans.amxx] [AMXBANS] AMXBans 5.0 –ø–æ–¥–∫–ª—é—á–µ–Ω
L 09/10/2011 - 07:29:00: -------- Mapchange to zm_666_brick --------
L 09/10/2011 - 07:29:01: [amxbans.amxx] [AMXBANS] AMXBans 5.0 –ø–æ–¥–∫–ª—é—á–µ–Ω
L 09/10/2011 - 07:54:10: -------- Mapchange to cs_militia --------
L 09/10/2011 - 07:54:15: [amxbans.amxx] [AMXBANS] AMXBans 5.0 –ø–æ–¥–∫–ª—é—á–µ–Ω
L 09/10/2011 - 07:57:13: -------- Mapchange to cs_estate --------
L 09/10/2011 - 07:57:16: [amxbans.amxx] [AMXBANS] AMXBans 5.0 –ø–æ–¥–∫–ª—é—á–µ–Ω
L 09/10/2011 - 08:07:09: -------- Mapchange to cs_estate --------
L 09/10/2011 - 08:07:12: [amxbans.amxx] [AMXBANS] AMXBans 5.0 –ø–æ–¥–∫–ª—é—á–µ–Ω
L 09/10/2011 - 08:20:17: -------- Mapchange to cs_estate --------
L 09/10/2011 - 08:20:20: [amxbans.amxx] [AMXBANS] AMXBans 5.0 –ø–æ–¥–∫–ª—é—á–µ–Ω
L 09/10/2011 - 08:25:50: -------- Mapchange to 016 --------
L 09/10/2011 - 08:25:51: [amxbans.amxx] [AMXBANS] AMXBans 5.0 –ø–æ–¥–∫–ª—é—á–µ–Ω
L 09/10/2011 - 08:45:08: -------- Mapchange to ze_jurassicpark --------
L 09/10/2011 - 08:45:10: [amxbans.amxx] [AMXBANS] AMXBans 5.0 –ø–æ–¥–∫–ª—é—á–µ–Ω
L 09/10/2011 - 08:59:59: [amxbans.amxx] [Amxbans] –ó–∞–ø—Ä–æ—Å –ø—Ä–æ–≤–∞–ª–µ–Ω!
L 09/10/2011 - 08:59:59: [amxbans.amxx] [Amxbans] –û—à–∏–±–∫–∞, –∞–¥—Ä–µ—Å: 18
L 09/10/2011 - 08:59:59: [amxbans.amxx] [Amxbans] –°–æ–æ–±—â–µ–Ω–∏–µ: You have an error in your SQL syntax; check the manual that corresponds to your MySQL server version for the right syntax to use near ''Ba' at line 1 (1064)
L 09/10/2011 - 08:59:59: [amxbans.amxx] [Amxbans] –°—Ç–∞—Ç—É—Å –∑–∞–ø—Ä–æ—Å–∞: 
L 09/10/2011 - 09:02:07: -------- Mapchange to zm_303 --------
L 09/10/2011 - 09:02:09: [amxbans.amxx] [AMXBANS] AMXBans 5.0 –ø–æ–¥–∫–ª—é—á–µ–Ω
L 09/10/2011 - 09:02:12: [amxbans.amxx] [Amxbans] –ó–∞–ø—Ä–æ—Å –ø—Ä–æ–≤–∞–ª–µ–Ω!
L 09/10/2011 - 09:02:12: [amxbans.amxx] [Amxbans] –û—à–∏–±–∫–∞, –∞–¥—Ä–µ—Å: 18
L 09/10/2011 - 09:02:12: [amxbans.amxx] [Amxbans] –°–æ–æ–±—â–µ–Ω–∏–µ: You have an error in your SQL syntax; check the manual that corresponds to your MySQL server version for the right syntax to use near ''Ba' at line 1 (1064)
L 09/10/2011 - 09:02:12: [amxbans.amxx] [Amxbans] –°—Ç–∞—Ç—É—Å –∑–∞–ø—Ä–æ—Å–∞: 
L 09/10/2011 - 09:11:10: [amxbans.amxx] [Amxbans] –ó–∞–ø—Ä–æ—Å –ø—Ä–æ–≤–∞–ª–µ–Ω!
L 09/10/2011 - 09:11:10: [amxbans.amxx] [Amxbans] –û—à–∏–±–∫–∞, –∞–¥—Ä–µ—Å: 18
L 09/10/2011 - 09:11:10: [amxbans.amxx] [Amxbans] –°–æ–æ–±—â–µ–Ω–∏–µ: You have an error in your SQL syntax; check the manual that corresponds to your MySQL server version for the right syntax to use near ''Ba' at line 1 (1064)
L 09/10/2011 - 09:11:10: [amxbans.amxx] [Amxbans] –°—Ç–∞—Ç—É—Å –∑–∞–ø—Ä–æ—Å–∞: 
L 09/10/2011 - 09:11:42: [amxbans.amxx] [Amxbans] –ó–∞–ø—Ä–æ—Å –ø—Ä–æ–≤–∞–ª–µ–Ω!
L 09/10/2011 - 09:11:42: [amxbans.amxx] [Amxbans] –û—à–∏–±–∫–∞, –∞–¥—Ä–µ—Å: 18
L 09/10/2011 - 09:11:42: [amxbans.amxx] [Amxbans] –°–æ–æ–±—â–µ–Ω–∏–µ: You have an error in your SQL syntax; check the manual that corresponds to your MySQL server version for the right syntax to use near ''Ba' at line 1 (1064)
L 09/10/2011 - 09:11:42: [amxbans.amxx] [Amxbans] –°—Ç–∞—Ç—É—Å –∑–∞–ø—Ä–æ—Å–∞: 
L 09/10/2011 - 09:13:07: [amxbans.amxx] [Amxbans] –ó–∞–ø—Ä–æ—Å –ø—Ä–æ–≤–∞–ª–µ–Ω!
L 09/10/2011 - 09:13:07: [amxbans.amxx] [Amxbans] –û—à–∏–±–∫–∞, –∞–¥—Ä–µ—Å: 18
L 09/10/2011 - 09:13:07: [amxbans.amxx] [Amxbans] –°–æ–æ–±—â–µ–Ω–∏–µ: You have an error in your SQL syntax; check the manual that corresponds to your MySQL server version for the right syntax to use near ''Ba' at line 1 (1064)
L 09/10/2011 - 09:13:07: [amxbans.amxx] [Amxbans] –°—Ç–∞—Ç—É—Å –∑–∞–ø—Ä–æ—Å–∞: 
L 09/10/2011 - 09:33:19: -------- Mapchange to zm_fdust2x2 --------
L 09/10/2011 - 09:33:21: [amxbans.amxx] [AMXBANS] AMXBans 5.0 –ø–æ–¥–∫–ª—é—á–µ–Ω
L 09/10/2011 - 09:53:33: -------- Mapchange to zm_neris --------
L 09/10/2011 - 09:53:35: [amxbans.amxx] [AMXBANS] AMXBans 5.0 –ø–æ–¥–∫–ª—é—á–µ–Ω
L 09/10/2011 - 10:15:53: -------- Mapchange to zm_666_brick --------
L 09/10/2011 - 10:15:55: [amxbans.amxx] [AMXBANS] AMXBans 5.0 –ø–æ–¥–∫–ª—é—á–µ–Ω
L 09/10/2011 - 10:37:34: -------- Mapchange to zm_alfresco_v2 --------
L 09/10/2011 - 10:37:35: [amxbans.amxx] [AMXBANS] AMXBans 5.0 –ø–æ–¥–∫–ª—é—á–µ–Ω
L 09/10/2011 - 10:49:34: [amxbans.amxx] [Amxbans] –ó–∞–ø—Ä–æ—Å –ø—Ä–æ–≤–∞–ª–µ–Ω!
L 09/10/2011 - 10:49:34: [amxbans.amxx] [Amxbans] –û—à–∏–±–∫–∞, –∞–¥—Ä–µ—Å: 18
L 09/10/2011 - 10:49:34: [amxbans.amxx] [Amxbans] –°–æ–æ–±—â–µ–Ω–∏–µ: You have an error in your SQL syntax; check the manual that corresponds to your MySQL server version for the right syntax to use near ''Ba' at line 1 (1064)
L 09/10/2011 - 10:49:34: [amxbans.amxx] [Amxbans] –°—Ç–∞—Ç—É—Å –∑–∞–ø—Ä–æ—Å–∞: 
L 09/10/2011 - 10:49:44: [amxbans.amxx] [Amxbans] –ó–∞–ø—Ä–æ—Å –ø—Ä–æ–≤–∞–ª–µ–Ω!
L 09/10/2011 - 10:49:44: [amxbans.amxx] [Amxbans] –û—à–∏–±–∫–∞, –∞–¥—Ä–µ—Å: 18
L 09/10/2011 - 10:49:44: [amxbans.amxx] [Amxbans] –°–æ–æ–±—â–µ–Ω–∏–µ: You have an error in your SQL syntax; check the manual that corresponds to your MySQL server version for the right syntax to use near ''Ba' at line 1 (1064)
L 09/10/2011 - 10:49:44: [amxbans.amxx] [Amxbans] –°—Ç–∞—Ç—É—Å –∑–∞–ø—Ä–æ—Å–∞: 
L 09/10/2011 - 10:58:36: -------- Mapchange to ze_train_back_lg --------
L 09/10/2011 - 10:58:38: [amxbans.amxx] [AMXBANS] AMXBans 5.0 –ø–æ–¥–∫–ª—é—á–µ–Ω
L 09/10/2011 - 10:58:41: [amxbans.amxx] [Amxbans] –ó–∞–ø—Ä–æ—Å –ø—Ä–æ–≤–∞–ª–µ–Ω!
L 09/10/2011 - 10:58:41: [amxbans.amxx] [Amxbans] –û—à–∏–±–∫–∞, –∞–¥—Ä–µ—Å: 18
L 09/10/2011 - 10:58:41: [amxbans.amxx] [Amxbans] –°–æ–æ–±—â–µ–Ω–∏–µ: You have an error in your SQL syntax; check the manual that corresponds to your MySQL server version for the right syntax to use near ''Ba' at line 1 (1064)
L 09/10/2011 - 10:58:41: [amxbans.amxx] [Amxbans] –°—Ç–∞—Ç—É—Å –∑–∞–ø—Ä–æ—Å–∞: 
L 09/10/2011 - 10:58:41: [amxbans.amxx] [Amxbans] –ó–∞–ø—Ä–æ—Å –ø—Ä–æ–≤–∞–ª–µ–Ω!
L 09/10/2011 - 10:58:41: [amxbans.amxx] [Amxbans] –û—à–∏–±–∫–∞, –∞–¥—Ä–µ—Å: 18
L 09/10/2011 - 10:58:41: [amxbans.amxx] [Amxbans] –°–æ–æ–±—â–µ–Ω–∏–µ: You have an error in your SQL syntax; check the manual that corresponds to your MySQL server version for the right syntax to use near ''Ba' at line 1 (1064)
L 09/10/2011 - 10:58:41: [amxbans.amxx] [Amxbans] –°—Ç–∞—Ç—É—Å –∑–∞–ø—Ä–æ—Å–∞: 
L 09/10/2011 - 10:58:41: [amxbans.amxx] [Amxbans] –ó–∞–ø—Ä–æ—Å –ø—Ä–æ–≤–∞–ª–µ–Ω!
L 09/10/2011 - 10:58:41: [amxbans.amxx] [Amxbans] –û—à–∏–±–∫–∞, –∞–¥—Ä–µ—Å: 18
L 09/10/2011 - 10:58:41: [amxbans.amxx] [Amxbans] –°–æ–æ–±—â–µ–Ω–∏–µ: You have an error in your SQL syntax; check the manual that corresponds to your MySQL server version for the right syntax to use near ''Ba' at line 1 (1064)
L 09/10/2011 - 10:58:41: [amxbans.amxx] [Amxbans] –°—Ç–∞—Ç—É—Å –∑–∞–ø—Ä–æ—Å–∞: 
L 09/10/2011 - 10:59:20: [amxbans.amxx] [Amxbans] –ó–∞–ø—Ä–æ—Å –ø—Ä–æ–≤–∞–ª–µ–Ω!
L 09/10/2011 - 10:59:20: [amxbans.amxx] [Amxbans] –û—à–∏–±–∫–∞, –∞–¥—Ä–µ—Å: 18
L 09/10/2011 - 10:59:20: [amxbans.amxx] [Amxbans] –°–æ–æ–±—â–µ–Ω–∏–µ: You have an error in your SQL syntax; check the manual that corresponds to your MySQL server version for the right syntax to use near ''Ba' at line 1 (1064)
L 09/10/2011 - 10:59:20: [amxbans.amxx] [Amxbans] –°—Ç–∞—Ç—É—Å –∑–∞–ø—Ä–æ—Å–∞: 
L 09/10/2011 - 11:08:10: [amxbans.amxx] [Amxbans] –ó–∞–ø—Ä–æ—Å –ø—Ä–æ–≤–∞–ª–µ–Ω!
L 09/10/2011 - 11:08:10: [amxbans.amxx] [Amxbans] –û—à–∏–±–∫–∞, –∞–¥—Ä–µ—Å: 18
L 09/10/2011 - 11:08:10: [amxbans.amxx] [Amxbans] –°–æ–æ–±—â–µ–Ω–∏–µ: You have an error in your SQL syntax; check the manual that corresponds to your MySQL server version for the right syntax to use near ''Ba' at line 1 (1064)
L 09/10/2011 - 11:08:10: [amxbans.amxx] [Amxbans] –°—Ç–∞—Ç—É—Å –∑–∞–ø—Ä–æ—Å–∞: 
L 09/10/2011 - 11:08:12: [amxbans.amxx] [Amxbans] –ó–∞–ø—Ä–æ—Å –ø—Ä–æ–≤–∞–ª–µ–Ω!
L 09/10/2011 - 11:08:12: [amxbans.amxx] [Amxbans] –û—à–∏–±–∫–∞, –∞–¥—Ä–µ—Å: 18
L 09/10/2011 - 11:08:12: [amxbans.amxx] [Amxbans] –°–æ–æ–±—â–µ–Ω–∏–µ: You have an error in your SQL syntax; check the manual that corresponds to your MySQL server version for the right syntax to use near ''Ba' at line 1 (1064)
L 09/10/2011 - 11:08:12: [amxbans.amxx] [Amxbans] –°—Ç–∞—Ç—É—Å –∑–∞–ø—Ä–æ—Å–∞: 
L 09/10/2011 - 11:15:24: -------- Mapchange to cs_militia --------
L 09/10/2011 - 11:15:29: [amxbans.amxx] [AMXBANS] AMXBans 5.0 –ø–æ–¥–∫–ª—é—á–µ–Ω
L 09/10/2011 - 11:25:28: [amxbans.amxx] [Amxbans] –ó–∞–ø—Ä–æ—Å –ø—Ä–æ–≤–∞–ª–µ–Ω!
L 09/10/2011 - 11:25:28: [amxbans.amxx] [Amxbans] –û—à–∏–±–∫–∞, –∞–¥—Ä–µ—Å: 18
L 09/10/2011 - 11:25:28: [amxbans.amxx] [Amxbans] –°–æ–æ–±—â–µ–Ω–∏–µ: You have an error in your SQL syntax; check the manual that corresponds to your MySQL server version for the right syntax to use near ''Ba' at line 1 (1064)
L 09/10/2011 - 11:25:28: [amxbans.amxx] [Amxbans] –°—Ç–∞—Ç—É—Å –∑–∞–ø—Ä–æ—Å–∞: 
L 09/10/2011 - 11:32:05: -------- Mapchange to zm_caca --------
L 09/10/2011 - 11:32:07: [amxbans.amxx] [AMXBANS] AMXBans 5.0 –ø–æ–¥–∫–ª—é—á–µ–Ω
L 09/10/2011 - 11:53:20: -------- Mapchange to zm_decline2k --------
L 09/10/2011 - 11:53:22: [amxbans.amxx] [AMXBANS] AMXBans 5.0 –ø–æ–¥–∫–ª—é—á–µ–Ω
L 09/10/2011 - 12:15:05: -------- Mapchange to 016 --------
L 09/10/2011 - 12:15:06: [amxbans.amxx] [AMXBANS] AMXBans 5.0 –ø–æ–¥–∫–ª—é—á–µ–Ω
L 09/10/2011 - 12:45:14: -------- Mapchange to zm_dwarf --------
L 09/10/2011 - 12:45:15: [amxbans.amxx] [AMXBANS] AMXBans 5.0 –ø–æ–¥–∫–ª—é—á–µ–Ω
L 09/10/2011 - 12:54:41: [admin_amxbans.amxx] Login: "holder_x2<261><STEAM_0:4:498321008><>" kicked due to invalid password (account "holder_x2") (address "89.110.59.146")
L 09/10/2011 - 12:55:26: [amxbans.amxx] [Amxbans] –ó–∞–ø—Ä–æ—Å –ø—Ä–æ–≤–∞–ª–µ–Ω!
L 09/10/2011 - 12:55:26: [amxbans.amxx] [Amxbans] –û—à–∏–±–∫–∞, –∞–¥—Ä–µ—Å: 18
L 09/10/2011 - 12:55:26: [amxbans.amxx] [Amxbans] –°–æ–æ–±—â–µ–Ω–∏–µ: You have an error in your SQL syntax; check the manual that corresponds to your MySQL server version for the right syntax to use near '' at line 1 (1064)
L 09/10/2011 - 12:55:26: [amxbans.amxx] [Amxbans] –°—Ç–∞—Ç—É—Å –∑–∞–ø—Ä–æ—Å–∞: 
L 09/10/2011 - 12:55:37: [admin_amxbans.amxx] Login: "holder_x2<265><STEAM_0:4:498321008><>" became an admin (account "holder_x2") (access "t") (address "89.110.59.146")
L 09/10/2011 - 12:56:06: [admin_amxbans.amxx] Login: "holder_x2<266><STEAM_0:4:498321008><>" became an admin (account "holder_x2") (access "t") (address "89.110.59.146")
L 09/10/2011 - 13:00:42: [admin_amxbans.amxx] Login: "holder_x2<273><STEAM_0:4:498321008><>" became an admin (account "holder_x2") (access "t") (address "89.110.59.146")
L 09/10/2011 - 13:01:36: [admin_amxbans.amxx] Login: "holder_x2<275><STEAM_0:4:498321008><>" became an admin (account "holder_x2") (access "t") (address "89.110.59.146")
L 09/10/2011 - 13:06:04: -------- Mapchange to zm_303 --------
L 09/10/2011 - 13:06:05: [amxbans.amxx] [AMXBANS] AMXBans 5.0 –ø–æ–¥–∫–ª—é—á–µ–Ω
L 09/10/2011 - 13:06:09: [amxbans.amxx] [Amxbans] –ó–∞–ø—Ä–æ—Å –ø—Ä–æ–≤–∞–ª–µ–Ω!
L 09/10/2011 - 13:06:09: [amxbans.amxx] [Amxbans] –û—à–∏–±–∫–∞, –∞–¥—Ä–µ—Å: 18
L 09/10/2011 - 13:06:09: [amxbans.amxx] [Amxbans] –°–æ–æ–±—â–µ–Ω–∏–µ: You have an error in your SQL syntax; check the manual that corresponds to your MySQL server version for the right syntax to use near '' at line 1 (1064)
L 09/10/2011 - 13:06:09: [amxbans.amxx] [Amxbans] –°—Ç–∞—Ç—É—Å –∑–∞–ø—Ä–æ—Å–∞: 
L 09/10/2011 - 13:36:04: -------- Mapchange to zm_fdust2x2 --------
L 09/10/2011 - 13:36:06: [amxbans.amxx] [AMXBANS] AMXBans 5.0 –ø–æ–¥–∫–ª—é—á–µ–Ω
L 09/10/2011 - 13:36:11: [amxbans.amxx] [Amxbans] –ó–∞–ø—Ä–æ—Å –ø—Ä–æ–≤–∞–ª–µ–Ω!
L 09/10/2011 - 13:36:11: [amxbans.amxx] [Amxbans] –û—à–∏–±–∫–∞, –∞–¥—Ä–µ—Å: 18
L 09/10/2011 - 13:36:11: [amxbans.amxx] [Amxbans] –°–æ–æ–±—â–µ–Ω–∏–µ: You have an error in your SQL syntax; check the manual that corresponds to your MySQL server version for the right syntax to use near '' at line 1 (1064)
L 09/10/2011 - 13:36:11: [amxbans.amxx] [Amxbans] –°—Ç–∞—Ç—É—Å –∑–∞–ø—Ä–æ—Å–∞: 
L 09/10/2011 - 13:47:20: [amxbans.amxx] [Amxbans] –ó–∞–ø—Ä–æ—Å –ø—Ä–æ–≤–∞–ª–µ–Ω!
L 09/10/2011 - 13:47:20: [amxbans.amxx] [Amxbans] –û—à–∏–±–∫–∞, –∞–¥—Ä–µ—Å: 18
L 09/10/2011 - 13:47:20: [amxbans.amxx] [Amxbans] –°–æ–æ–±—â–µ–Ω–∏–µ: You have an error in your SQL syntax; check the manual that corresponds to your MySQL server version for the right syntax to use near ''Ba' at line 1 (1064)
L 09/10/2011 - 13:47:20: [amxbans.amxx] [Amxbans] –°—Ç–∞—Ç—É—Å –∑–∞–ø—Ä–æ—Å–∞: 
L 09/10/2011 - 13:56:29: [amxbans.amxx] [Amxbans] –ó–∞–ø—Ä–æ—Å –ø—Ä–æ–≤–∞–ª–µ–Ω!
L 09/10/2011 - 13:56:29: [amxbans.amxx] [Amxbans] –û—à–∏–±–∫–∞, –∞–¥—Ä–µ—Å: 18
L 09/10/2011 - 13:56:29: [amxbans.amxx] [Amxbans] –°–æ–æ–±—â–µ–Ω–∏–µ: You have an error in your SQL syntax; check the manual that corresponds to your MySQL server version for the right syntax to use near ''Ba' at line 1 (1064)
L 09/10/2011 - 13:56:29: [amxbans.amxx] [Amxbans] –°—Ç–∞—Ç—É—Å –∑–∞–ø—Ä–æ—Å–∞: 
L 09/10/2011 - 13:58:03: -------- Mapchange to zm_666_brick --------
L 09/10/2011 - 13:58:04: [amxbans.amxx] [AMXBANS] AMXBans 5.0 –ø–æ–¥–∫–ª—é—á–µ–Ω
L 09/10/2011 - 13:58:10: [amxbans.amxx] [Amxbans] –ó–∞–ø—Ä–æ—Å –ø—Ä–æ–≤–∞–ª–µ–Ω!
L 09/10/2011 - 13:58:10: [amxbans.amxx] [Amxbans] –û—à–∏–±–∫–∞, –∞–¥—Ä–µ—Å: 18
L 09/10/2011 - 13:58:10: [amxbans.amxx] [Amxbans] –°–æ–æ–±—â–µ–Ω–∏–µ: You have an error in your SQL syntax; check the manual that corresponds to your MySQL server version for the right syntax to use near '' at line 1 (1064)
L 09/10/2011 - 13:58:10: [amxbans.amxx] [Amxbans] –°—Ç–∞—Ç—É—Å –∑–∞–ø—Ä–æ—Å–∞: 
L 09/10/2011 - 14:08:35: [amxbans.amxx] [Amxbans] –ó–∞–ø—Ä–æ—Å –ø—Ä–æ–≤–∞–ª–µ–Ω!
L 09/10/2011 - 14:08:35: [amxbans.amxx] [Amxbans] –û—à–∏–±–∫–∞, –∞–¥—Ä–µ—Å: 18
L 09/10/2011 - 14:08:35: [amxbans.amxx] [Amxbans] –°–æ–æ–±—â–µ–Ω–∏–µ: You have an error in your SQL syntax; check the manual that corresponds to your MySQL server version for the right syntax to use near ''Ba' at line 1 (1064)
L 09/10/2011 - 14:08:35: [amxbans.amxx] [Amxbans] –°—Ç–∞—Ç—É—Å –∑–∞–ø—Ä–æ—Å–∞: 
L 09/10/2011 - 14:20:22: -------- Mapchange to ze_egypt --------
L 09/10/2011 - 14:20:24: [amxbans.amxx] [AMXBANS] AMXBans 5.0 –ø–æ–¥–∫–ª—é—á–µ–Ω
L 09/10/2011 - 14:30:21: -------- Mapchange to ze_lift_escape_b5 --------
L 09/10/2011 - 14:30:22: [amxbans.amxx] [AMXBANS] AMXBans 5.0 –ø–æ–¥–∫–ª—é—á–µ–Ω
L 09/10/2011 - 14:35:38: -------- Mapchange to zm_vendetta --------
L 09/10/2011 - 14:35:40: [amxbans.amxx] [AMXBANS] AMXBans 5.0 –ø–æ–¥–∫–ª—é—á–µ–Ω
L 09/10/2011 - 14:52:05: [amxbans.amxx] [Amxbans] –ó–∞–ø—Ä–æ—Å –ø—Ä–æ–≤–∞–ª–µ–Ω!
L 09/10/2011 - 14:52:05: [amxbans.amxx] [Amxbans] –û—à–∏–±–∫–∞, –∞–¥—Ä–µ—Å: 18
L 09/10/2011 - 14:52:05: [amxbans.amxx] [Amxbans] –°–æ–æ–±—â–µ–Ω–∏–µ: You have an error in your SQL syntax; check the manual that corresponds to your MySQL server version for the right syntax to use near ''Ba' at line 1 (1064)
L 09/10/2011 - 14:52:05: [amxbans.amxx] [Amxbans] –°—Ç–∞—Ç—É—Å –∑–∞–ø—Ä–æ—Å–∞: 
L 09/10/2011 - 14:52:28: [amxbans.amxx] [Amxbans] –ó–∞–ø—Ä–æ—Å –ø—Ä–æ–≤–∞–ª–µ–Ω!
L 09/10/2011 - 14:52:28: [amxbans.amxx] [Amxbans] –û—à–∏–±–∫–∞, –∞–¥—Ä–µ—Å: 18
L 09/10/2011 - 14:52:28: [amxbans.amxx] [Amxbans] –°–æ–æ–±—â–µ–Ω–∏–µ: You have an error in your SQL syntax; check the manual that corresponds to your MySQL server version for the right syntax to use near ''Ba' at line 1 (1064)
L 09/10/2011 - 14:52:28: [amxbans.amxx] [Amxbans] –°—Ç–∞—Ç—É—Å –∑–∞–ø—Ä–æ—Å–∞: 
L 09/10/2011 - 14:55:52: -------- Mapchange to ze_train_back_lg --------
L 09/10/2011 - 14:55:54: [amxbans.amxx] [AMXBANS] AMXBans 5.0 –ø–æ–¥–∫–ª—é—á–µ–Ω
L 09/10/2011 - 15:01:51: -------- Mapchange to 016 --------
L 09/10/2011 - 15:01:53: [amxbans.amxx] [AMXBANS] AMXBans 5.0 –ø–æ–¥–∫–ª—é—á–µ–Ω
L 09/10/2011 - 15:03:46: [amxbans.amxx] [Amxbans] –ó–∞–ø—Ä–æ—Å –ø—Ä–æ–≤–∞–ª–µ–Ω!
L 09/10/2011 - 15:03:46: [amxbans.amxx] [Amxbans] –û—à–∏–±–∫–∞, –∞–¥—Ä–µ—Å: 18
L 09/10/2011 - 15:03:46: [amxbans.amxx] [Amxbans] –°–æ–æ–±—â–µ–Ω–∏–µ: You have an error in your SQL syntax; check the manual that corresponds to your MySQL server version for the right syntax to use near ''Ba' at line 1 (1064)
L 09/10/2011 - 15:03:46: [amxbans.amxx] [Amxbans] –°—Ç–∞—Ç—É—Å –∑–∞–ø—Ä–æ—Å–∞: 
L 09/10/2011 - 15:04:28: [amxbans.amxx] [Amxbans] –ó–∞–ø—Ä–æ—Å –ø—Ä–æ–≤–∞–ª–µ–Ω!
L 09/10/2011 - 15:04:28: [amxbans.amxx] [Amxbans] –û—à–∏–±–∫–∞, –∞–¥—Ä–µ—Å: 18
L 09/10/2011 - 15:04:28: [amxbans.amxx] [Amxbans] –°–æ–æ–±—â–µ–Ω–∏–µ: You have an error in your SQL syntax; check the manual that corresponds to your MySQL server version for the right syntax to use near ''Ba' at line 1 (1064)
L 09/10/2011 - 15:04:28: [amxbans.amxx] [Amxbans] –°—Ç–∞—Ç—É—Å –∑–∞–ø—Ä–æ—Å–∞: 
L 09/10/2011 - 15:05:51: [amxbans.amxx] [Amxbans] –ó–∞–ø—Ä–æ—Å –ø—Ä–æ–≤–∞–ª–µ–Ω!
L 09/10/2011 - 15:05:51: [amxbans.amxx] [Amxbans] –û—à–∏–±–∫–∞, –∞–¥—Ä–µ—Å: 18
L 09/10/2011 - 15:05:51: [amxbans.amxx] [Amxbans] –°–æ–æ–±—â–µ–Ω–∏–µ: You have an error in your SQL syntax; check the manual that corresponds to your MySQL server version for the right syntax to use near ''Ba' at line 1 (1064)
L 09/10/2011 - 15:05:51: [amxbans.amxx] [Amxbans] –°—Ç–∞—Ç—É—Å –∑–∞–ø—Ä–æ—Å–∞: 
L 09/10/2011 - 15:06:53: -------- Mapchange to zm_dwarf --------
L 09/10/2011 - 15:06:54: [amxbans.amxx] [AMXBANS] AMXBans 5.0 –ø–æ–¥–∫–ª—é—á–µ–Ω
L 09/10/2011 - 15:24:58: -------- Mapchange to zm_303 --------
L 09/10/2011 - 15:25:00: [amxbans.amxx] [AMXBANS] AMXBans 5.0 –ø–æ–¥–∫–ª—é—á–µ–Ω
L 09/10/2011 - 15:55:13: -------- Mapchange to zm_cpl_mill_kamp --------
L 09/10/2011 - 15:55:15: [amxbans.amxx] [AMXBANS] AMXBans 5.0 –ø–æ–¥–∫–ª—é—á–µ–Ω
L 09/10/2011 - 16:15:42: -------- Mapchange to zm_caca --------
L 09/10/2011 - 16:15:44: [amxbans.amxx] [AMXBANS] AMXBans 5.0 –ø–æ–¥–∫–ª—é—á–µ–Ω
L 09/10/2011 - 16:28:00: [amxbans.amxx] [Amxbans] –ó–∞–ø—Ä–æ—Å –ø—Ä–æ–≤–∞–ª–µ–Ω!
L 09/10/2011 - 16:28:00: [amxbans.amxx] [Amxbans] –û—à–∏–±–∫–∞, –∞–¥—Ä–µ—Å: 18
L 09/10/2011 - 16:28:00: [amxbans.amxx] [Amxbans] –°–æ–æ–±—â–µ–Ω–∏–µ: You have an error in your SQL syntax; check the manual that corresponds to your MySQL server version for the right syntax to use near '' at line 1 (1064)
L 09/10/2011 - 16:28:00: [amxbans.amxx] [Amxbans] –°—Ç–∞—Ç—É—Å –∑–∞–ø—Ä–æ—Å–∞: 
L 09/10/2011 - 16:36:47: -------- Mapchange to ze_egypt --------
L 09/10/2011 - 16:36:49: [amxbans.amxx] [AMXBANS] AMXBans 5.0 –ø–æ–¥–∫–ª—é—á–µ–Ω
L 09/10/2011 - 16:36:55: [amxbans.amxx] [Amxbans] –ó–∞–ø—Ä–æ—Å –ø—Ä–æ–≤–∞–ª–µ–Ω!
L 09/10/2011 - 16:36:55: [amxbans.amxx] [Amxbans] –û—à–∏–±–∫–∞, –∞–¥—Ä–µ—Å: 18
L 09/10/2011 - 16:36:55: [amxbans.amxx] [Amxbans] –°–æ–æ–±—â–µ–Ω–∏–µ: You have an error in your SQL syntax; check the manual that corresponds to your MySQL server version for the right syntax to use near '' at line 1 (1064)
L 09/10/2011 - 16:36:55: [amxbans.amxx] [Amxbans] –°—Ç–∞—Ç—É—Å –∑–∞–ø—Ä–æ—Å–∞: 
L 09/10/2011 - 16:36:58: [amxbans.amxx] [Amxbans] –ó–∞–ø—Ä–æ—Å –ø—Ä–æ–≤–∞–ª–µ–Ω!
L 09/10/2011 - 16:36:58: [amxbans.amxx] [Amxbans] –û—à–∏–±–∫–∞, –∞–¥—Ä–µ—Å: 18
L 09/10/2011 - 16:36:58: [amxbans.amxx] [Amxbans] –°–æ–æ–±—â–µ–Ω–∏–µ: You have an error in your SQL syntax; check the manual that corresponds to your MySQL server version for the right syntax to use near '' at line 1 (1064)
L 09/10/2011 - 16:36:58: [amxbans.amxx] [Amxbans] –°—Ç–∞—Ç—É—Å –∑–∞–ø—Ä–æ—Å–∞: 
L 09/10/2011 - 16:54:28: [admin_amxbans.amxx] Login: "Zloy-Tupoy-Buhoy [Str,RUS]<744><STEAM_0:4:669396683><>" became an admin (account "Zloy-Tupoy-Buhoy [Str,RUS]") (access "t") (address "46.191.144.230")
L 09/10/2011 - 16:54:36: [admin_amxbans.amxx] Login: "Zloy-Tupoy-Buhoy [Str,RUS]<745><STEAM_0:4:669396683><>" became an admin (account "Zloy-Tupoy-Buhoy [Str,RUS]") (access "t") (address "46.191.144.230")
L 09/10/2011 - 16:55:21: -------- Mapchange to ze_lift_escape_b5 --------
L 09/10/2011 - 16:55:22: [admin_amxbans.amxx] Login: "Zloy-Tupoy-Buhoy [Str,RUS]<745><STEAM_0:4:669396683><>" became an admin (account "Zloy-Tupoy-Buhoy [Str,RUS]") (access "t") (address "46.191.144.230")
L 09/10/2011 - 16:55:23: [amxbans.amxx] [AMXBANS] AMXBans 5.0 –ø–æ–¥–∫–ª—é—á–µ–Ω
L 09/10/2011 - 17:06:53: [voteban.amxx] Voteban starter Zloy-Tupoy-Buhoy [Str,RUS] against xD STEAM_0:0:1038014991
L 09/10/2011 - 17:07:08: [voteban.amxx] [AMXX] BANNED: xD, STARTER: Zloy-Tupoy-Buhoy [Str,RUS]
L 09/10/2011 - 17:07:09: [amxbans.amxx]  –ó–æ–º–±–∏ —Å–µ—Ä–≤–µ—Ä (x_x(O_o)x_x) Go Zombie !!!<0><><> –∑–∞–±–∞–Ω–∏–ª xD<STEAM_0:0:1038014991> –Ω–∞ 15 –º–∏–Ω—É—Ç (15 –º–∏–Ω—É—Ç). –ü—Ä–∏—á–∏–Ω–∞: VIP->Zloy-Tupoy-Buhoy [Str,RUS].
L 09/10/2011 - 17:11:30: [voteban.amxx] Voteban starter Zloy-Tupoy-Buhoy [Str,RUS] against *-=relax_pro=-* STEAM_0:0:1309679974
L 09/10/2011 - 17:11:45: [voteban.amxx] [AMXX] BANNED: *-=relax_pro=-*, STARTER: Zloy-Tupoy-Buhoy [Str,RUS]
L 09/10/2011 - 17:11:46: [amxbans.amxx]  –ó–æ–º–±–∏ —Å–µ—Ä–≤–µ—Ä (x_x(O_o)x_x) Go Zombie !!!<0><><> –∑–∞–±–∞–Ω–∏–ª *-=relax_pro=-*<STEAM_0:0:1309679974> –Ω–∞ 15 –º–∏–Ω—É—Ç (15 –º–∏–Ω—É—Ç). –ü—Ä–∏—á–∏–Ω–∞: VIP->Zloy-Tupoy-Buhoy [Str,RUS].
L 09/10/2011 - 17:12:49: -------- Mapchange to ze_jurassicpark --------
L 09/10/2011 - 17:12:51: [amxbans.amxx] [AMXBANS] AMXBans 5.0 –ø–æ–¥–∫–ª—é—á–µ–Ω
L 09/10/2011 - 17:28:13: [admin_amxbans.amxx] Login: "Zloy-Tupoy-Buhoy [Str,RUS]<784><STEAM_0:4:669396683><>" became an admin (account "Zloy-Tupoy-Buhoy [Str,RUS]") (access "t") (address "46.191.144.230")
L 09/10/2011 - 17:33:24: -------- Mapchange to ze_train_back_lg --------
L 09/10/2011 - 17:33:25: [admin_amxbans.amxx] Login: "Zloy-Tupoy-Buhoy [Str,RUS]<784><STEAM_0:4:669396683><>" became an admin (account "Zloy-Tupoy-Buhoy [Str,RUS]") (access "t") (address "46.191.144.230")
L 09/10/2011 - 17:33:26: [amxbans.amxx] [AMXBANS] AMXBans 5.0 –ø–æ–¥–∫–ª—é—á–µ–Ω
L 09/10/2011 - 17:33:30: [admin_amxbans.amxx] Login: "Zloy-Tupoy-Buhoy [Str,RUS]<803><STEAM_0:4:669396683><>" became an admin (account "Zloy-Tupoy-Buhoy [Str,RUS]") (access "t") (address "46.191.144.230")
L 09/10/2011 - 17:49:28: -------- Mapchange to zm_creative --------
L 09/10/2011 - 17:49:28: [admin_amxbans.amxx] Login: "Zloy-Tupoy-Buhoy [Str,RUS]<803><STEAM_0:4:669396683><>" became an admin (account "Zloy-Tupoy-Buhoy [Str,RUS]") (access "t") (address "46.191.144.230")
L 09/10/2011 - 17:49:29: [amxbans.amxx] [AMXBANS] AMXBans 5.0 –ø–æ–¥–∫–ª—é—á–µ–Ω
L 09/10/2011 - 17:58:13: [voteban.amxx] Voteban starter Zloy-Tupoy-Buhoy [Str,RUS] against Goga Bobo STEAM_0:0:224620371
L 09/10/2011 - 17:58:28: [voteban.amxx] [AMXX] BANNED: Goga Bobo, STARTER: Zloy-Tupoy-Buhoy [Str,RUS]
L 09/10/2011 - 17:58:29: [amxbans.amxx]  –ó–æ–º–±–∏ —Å–µ—Ä–≤–µ—Ä (x_x(O_o)x_x) Go Zombie !!!<0><><> –∑–∞–±–∞–Ω–∏–ª Goga Bobo<STEAM_0:0:224620371> –Ω–∞ 15 –º–∏–Ω—É—Ç (15 –º–∏–Ω—É—Ç). –ü—Ä–∏—á–∏–Ω–∞: VIP->Zloy-Tupoy-Buhoy [Str,RUS].
L 09/10/2011 - 18:00:23: [admin_amxbans.amxx] Login: "Kenny<866><STEAM_0:0:963405193><>" became an admin (account "Kenny") (access "abcdefghijlmnopqstu") (address "95.86.222.105")
L 09/10/2011 - 18:10:22: [amxbans.amxx] [Amxbans] –ó–∞–ø—Ä–æ—Å –ø—Ä–æ–≤–∞–ª–µ–Ω!
L 09/10/2011 - 18:10:22: [amxbans.amxx] [Amxbans] –û—à–∏–±–∫–∞, –∞–¥—Ä–µ—Å: 18
L 09/10/2011 - 18:10:22: [amxbans.amxx] [Amxbans] –°–æ–æ–±—â–µ–Ω–∏–µ: You have an error in your SQL syntax; check the manual that corresponds to your MySQL server version for the right syntax to use near '' at line 1 (1064)
L 09/10/2011 - 18:10:22: [amxbans.amxx] [Amxbans] –°—Ç–∞—Ç—É—Å –∑–∞–ø—Ä–æ—Å–∞: 
L 09/10/2011 - 18:10:51: -------- Mapchange to zm_alfresco_v2 --------
L 09/10/2011 - 18:10:52: [admin_amxbans.amxx] Login: "Zloy-Tupoy-Buhoy [Str,RUS]<803><STEAM_0:4:669396683><>" became an admin (account "Zloy-Tupoy-Buhoy [Str,RUS]") (access "t") (address "46.191.144.230")
L 09/10/2011 - 18:10:52: [amxbans.amxx] [AMXBANS] AMXBans 5.0 –ø–æ–¥–∫–ª—é—á–µ–Ω
L 09/10/2011 - 18:10:58: [amxbans.amxx] [Amxbans] –ó–∞–ø—Ä–æ—Å –ø—Ä–æ–≤–∞–ª–µ–Ω!
L 09/10/2011 - 18:10:58: [amxbans.amxx] [Amxbans] –û—à–∏–±–∫–∞, –∞–¥—Ä–µ—Å: 18
L 09/10/2011 - 18:10:58: [amxbans.amxx] [Amxbans] –°–æ–æ–±—â–µ–Ω–∏–µ: You have an error in your SQL syntax; check the manual that corresponds to your MySQL server version for the right syntax to use near '' at line 1 (1064)
L 09/10/2011 - 18:10:58: [amxbans.amxx] [Amxbans] –°—Ç–∞—Ç—É—Å –∑–∞–ø—Ä–æ—Å–∞: 
L 09/10/2011 - 18:11:03: [amxbans.amxx] [Amxbans] –ó–∞–ø—Ä–æ—Å –ø—Ä–æ–≤–∞–ª–µ–Ω!
L 09/10/2011 - 18:11:03: [amxbans.amxx] [Amxbans] –û—à–∏–±–∫–∞, –∞–¥—Ä–µ—Å: 18
L 09/10/2011 - 18:11:03: [amxbans.amxx] [Amxbans] –°–æ–æ–±—â–µ–Ω–∏–µ: You have an error in your SQL syntax; check the manual that corresponds to your MySQL server version for the right syntax to use near '' at line 1 (1064)
L 09/10/2011 - 18:11:03: [amxbans.amxx] [Amxbans] –°—Ç–∞—Ç—É—Å –∑–∞–ø—Ä–æ—Å–∞: 
L 09/10/2011 - 18:30:50: -------- Mapchange to zm_neris --------
L 09/10/2011 - 18:30:51: [admin_amxbans.amxx] Login: "Zloy-Tupoy-Buhoy [Str,RUS]<803><STEAM_0:4:669396683><>" became an admin (account "Zloy-Tupoy-Buhoy [Str,RUS]") (access "t") (address "46.191.144.230")
L 09/10/2011 - 18:30:52: [amxbans.amxx] [AMXBANS] AMXBans 5.0 –ø–æ–¥–∫–ª—é—á–µ–Ω
L 09/10/2011 - 18:30:57: [amxbans.amxx] [Amxbans] –ó–∞–ø—Ä–æ—Å –ø—Ä–æ–≤–∞–ª–µ–Ω!
L 09/10/2011 - 18:30:57: [amxbans.amxx] [Amxbans] –û—à–∏–±–∫–∞, –∞–¥—Ä–µ—Å: 18
L 09/10/2011 - 18:30:57: [amxbans.amxx] [Amxbans] –°–æ–æ–±—â–µ–Ω–∏–µ: You have an error in your SQL syntax; check the manual that corresponds to your MySQL server version for the right syntax to use near '' at line 1 (1064)
L 09/10/2011 - 18:30:57: [amxbans.amxx] [Amxbans] –°—Ç–∞—Ç—É—Å –∑–∞–ø—Ä–æ—Å–∞: 
L 09/10/2011 - 18:31:01: [voteban.amxx] Voteban starter Zloy-Tupoy-Buhoy [Str,RUS] against Fyntik:) STEAM_0:0:1993059880
L 09/10/2011 - 18:31:16: [voteban.amxx] [AMXX] BANNED: Fyntik:), STARTER: Zloy-Tupoy-Buhoy [Str,RUS]
L 09/10/2011 - 18:31:18: [amxbans.amxx]  –ó–æ–º–±–∏ —Å–µ—Ä–≤–µ—Ä (x_x(O_o)x_x) Go Zombie !!!<0><><> –∑–∞–±–∞–Ω–∏–ª Fyntik:)<STEAM_0:0:1993059880> –Ω–∞ 15 –º–∏–Ω—É—Ç (15 –º–∏–Ω—É—Ç). –ü—Ä–∏—á–∏–Ω–∞: VIP->Zloy-Tupoy-Buhoy [Str,RUS].
L 09/10/2011 - 18:35:16: [amxbans.amxx] [Amxbans] –ó–∞–ø—Ä–æ—Å –ø—Ä–æ–≤–∞–ª–µ–Ω!
L 09/10/2011 - 18:35:16: [amxbans.amxx] [Amxbans] –û—à–∏–±–∫–∞, –∞–¥—Ä–µ—Å: 18
L 09/10/2011 - 18:35:16: [amxbans.amxx] [Amxbans] –°–æ–æ–±—â–µ–Ω–∏–µ: You have an error in your SQL syntax; check the manual that corresponds to your MySQL server version for the right syntax to use near '' at line 1 (1064)
L 09/10/2011 - 18:35:16: [amxbans.amxx] [Amxbans] –°—Ç–∞—Ç—É—Å –∑–∞–ø—Ä–æ—Å–∞: 
L 09/10/2011 - 18:44:38: [voteban.amxx] Voteban starter Zloy-Tupoy-Buhoy [Str,RUS] against nuBHou*-kul'ka STEAM_0:0:1775150872
L 09/10/2011 - 18:44:53: [voteban.amxx] [AMXX] BANNED: nuBHou*-kul'ka, STARTER: Zloy-Tupoy-Buhoy [Str,RUS]
L 09/10/2011 - 18:44:54: [amxbans.amxx]  –ó–æ–º–±–∏ —Å–µ—Ä–≤–µ—Ä (x_x(O_o)x_x) Go Zombie !!!<0><><> –∑–∞–±–∞–Ω–∏–ª nuBHou*-kul¥ka<STEAM_0:0:1775150872> –Ω–∞ 15 –º–∏–Ω—É—Ç (15 –º–∏–Ω—É—Ç). –ü—Ä–∏—á–∏–Ω–∞: VIP->Zloy-Tupoy-Buhoy [Str,RUS].
L 09/10/2011 - 18:51:51: -------- Mapchange to zm_666_brick --------
L 09/10/2011 - 18:51:52: [admin_amxbans.amxx] Login: "Zloy-Tupoy-Buhoy [Str,RUS]<803><STEAM_0:4:669396683><>" became an admin (account "Zloy-Tupoy-Buhoy [Str,RUS]") (access "t") (address "46.191.144.230")
L 09/10/2011 - 18:51:53: [amxbans.amxx] [AMXBANS] AMXBans 5.0 –ø–æ–¥–∫–ª—é—á–µ–Ω
L 09/10/2011 - 18:51:59: [amxbans.amxx] [Amxbans] –ó–∞–ø—Ä–æ—Å –ø—Ä–æ–≤–∞–ª–µ–Ω!
L 09/10/2011 - 18:51:59: [amxbans.amxx] [Amxbans] –û—à–∏–±–∫–∞, –∞–¥—Ä–µ—Å: 18
L 09/10/2011 - 18:51:59: [amxbans.amxx] [Amxbans] –°–æ–æ–±—â–µ–Ω–∏–µ: You have an error in your SQL syntax; check the manual that corresponds to your MySQL server version for the right syntax to use near '' at line 1 (1064)
L 09/10/2011 - 18:51:59: [amxbans.amxx] [Amxbans] –°—Ç–∞—Ç—É—Å –∑–∞–ø—Ä–æ—Å–∞: 
L 09/10/2011 - 18:58:35: [voteban.amxx] Voteban starter Zloy-Tupoy-Buhoy [Str,RUS] against CePon4uK STEAM_0:4:1708915830
L 09/10/2011 - 18:58:50: [voteban.amxx] [AMXX] BANNED: CePon4uK, STARTER: Zloy-Tupoy-Buhoy [Str,RUS]
L 09/10/2011 - 18:58:51: [amxbans.amxx]  –ó–æ–º–±–∏ —Å–µ—Ä–≤–µ—Ä (x_x(O_o)x_x) Go Zombie !!!<0><><> –∑–∞–±–∞–Ω–∏–ª CePon4uK<STEAM_0:4:1708915830> –Ω–∞ 15 –º–∏–Ω—É—Ç (15 –º–∏–Ω—É—Ç). –ü—Ä–∏—á–∏–Ω–∞: VIP->Zloy-Tupoy-Buhoy [Str,RUS].
L 09/10/2011 - 19:06:45: [amxbans.amxx] [Amxbans] –ó–∞–ø—Ä–æ—Å –ø—Ä–æ–≤–∞–ª–µ–Ω!
L 09/10/2011 - 19:06:45: [amxbans.amxx] [Amxbans] –û—à–∏–±–∫–∞, –∞–¥—Ä–µ—Å: 18
L 09/10/2011 - 19:06:45: [amxbans.amxx] [Amxbans] –°–æ–æ–±—â–µ–Ω–∏–µ: You have an error in your SQL syntax; check the manual that corresponds to your MySQL server version for the right syntax to use near '' at line 1 (1064)
L 09/10/2011 - 19:06:45: [amxbans.amxx] [Amxbans] –°—Ç–∞—Ç—É—Å –∑–∞–ø—Ä–æ—Å–∞: 
L 09/10/2011 - 19:08:16: [voteban.amxx] Voteban starter Zloy-Tupoy-Buhoy [Str,RUS] against XEMyJLb STEAM_0:0:1909531319
L 09/10/2011 - 19:08:31: [voteban.amxx] [AMXX] BANNED: XEMyJLb, STARTER: Zloy-Tupoy-Buhoy [Str,RUS]
L 09/10/2011 - 19:08:49: [amxbans.amxx] [Amxbans] –ó–∞–ø—Ä–æ—Å –ø—Ä–æ–≤–∞–ª–µ–Ω!
L 09/10/2011 - 19:08:49: [amxbans.amxx] [Amxbans] –û—à–∏–±–∫–∞, –∞–¥—Ä–µ—Å: 18
L 09/10/2011 - 19:08:49: [amxbans.amxx] [Amxbans] –°–æ–æ–±—â–µ–Ω–∏–µ: You have an error in your SQL syntax; check the manual that corresponds to your MySQL server version for the right syntax to use near '' at line 1 (1064)
L 09/10/2011 - 19:08:49: [amxbans.amxx] [Amxbans] –°—Ç–∞—Ç—É—Å –∑–∞–ø—Ä–æ—Å–∞: 
L 09/10/2011 - 19:11:44: [amxbans.amxx] [Amxbans] –ó–∞–ø—Ä–æ—Å –ø—Ä–æ–≤–∞–ª–µ–Ω!
L 09/10/2011 - 19:11:44: [amxbans.amxx] [Amxbans] –û—à–∏–±–∫–∞, –∞–¥—Ä–µ—Å: 18
L 09/10/2011 - 19:11:44: [amxbans.amxx] [Amxbans] –°–æ–æ–±—â–µ–Ω–∏–µ: You have an error in your SQL syntax; check the manual that corresponds to your MySQL server version for the right syntax to use near '' at line 1 (1064)
L 09/10/2011 - 19:11:44: [amxbans.amxx] [Amxbans] –°—Ç–∞—Ç—É—Å –∑–∞–ø—Ä–æ—Å–∞: 
L 09/10/2011 - 19:12:25: -------- Mapchange to zm_fdust2x2 --------
L 09/10/2011 - 19:12:26: [admin_amxbans.amxx] Login: "Zloy-Tupoy-Buhoy [Str,RUS]<803><STEAM_0:4:669396683><>" became an admin (account "Zloy-Tupoy-Buhoy [Str,RUS]") (access "t") (address "46.191.144.230")
L 09/10/2011 - 19:12:27: [amxbans.amxx] [AMXBANS] AMXBans 5.0 –ø–æ–¥–∫–ª—é—á–µ–Ω
L 09/10/2011 - 19:12:32: [amxbans.amxx] [Amxbans] –ó–∞–ø—Ä–æ—Å –ø—Ä–æ–≤–∞–ª–µ–Ω!
L 09/10/2011 - 19:12:32: [amxbans.amxx] [Amxbans] –û—à–∏–±–∫–∞, –∞–¥—Ä–µ—Å: 18
L 09/10/2011 - 19:12:32: [amxbans.amxx] [Amxbans] –°–æ–æ–±—â–µ–Ω–∏–µ: You have an error in your SQL syntax; check the manual that corresponds to your MySQL server version for the right syntax to use near '' at line 1 (1064)
L 09/10/2011 - 19:12:32: [amxbans.amxx] [Amxbans] –°—Ç–∞—Ç—É—Å –∑–∞–ø—Ä–æ—Å–∞: 
L 09/10/2011 - 19:12:32: [amxbans.amxx] [Amxbans] –ó–∞–ø—Ä–æ—Å –ø—Ä–æ–≤–∞–ª–µ–Ω!
L 09/10/2011 - 19:12:32: [amxbans.amxx] [Amxbans] –û—à–∏–±–∫–∞, –∞–¥—Ä–µ—Å: 18
L 09/10/2011 - 19:12:32: [amxbans.amxx] [Amxbans] –°–æ–æ–±—â–µ–Ω–∏–µ: You have an error in your SQL syntax; check the manual that corresponds to your MySQL server version for the right syntax to use near '' at line 1 (1064)
L 09/10/2011 - 19:12:32: [amxbans.amxx] [Amxbans] –°—Ç–∞—Ç—É—Å –∑–∞–ø—Ä–æ—Å–∞: 
L 09/10/2011 - 19:23:28: [admin_amxbans.amxx] Login: "4ebu[RUSH]ka<1012><STEAM_0:0:2107967446><>" became an admin (account "4ebu[RUSH]ka") (access "abcdefgijmnopqtu") (address "78.36.159.122")
L 09/10/2011 - 19:25:19: [amxbans.amxx] [Amxbans] –ó–∞–ø—Ä–æ—Å –ø—Ä–æ–≤–∞–ª–µ–Ω!
L 09/10/2011 - 19:25:19: [amxbans.amxx] [Amxbans] –û—à–∏–±–∫–∞, –∞–¥—Ä–µ—Å: 18
L 09/10/2011 - 19:25:19: [amxbans.amxx] [Amxbans] –°–æ–æ–±—â–µ–Ω–∏–µ: You have an error in your SQL syntax; check the manual that corresponds to your MySQL server version for the right syntax to use near '' at line 1 (1064)
L 09/10/2011 - 19:25:19: [amxbans.amxx] [Amxbans] –°—Ç–∞—Ç—É—Å –∑–∞–ø—Ä–æ—Å–∞: 
L 09/10/2011 - 19:30:11: [amxbans.amxx] [Amxbans] –ó–∞–ø—Ä–æ—Å –ø—Ä–æ–≤–∞–ª–µ–Ω!
L 09/10/2011 - 19:30:11: [amxbans.amxx] [Amxbans] –û—à–∏–±–∫–∞, –∞–¥—Ä–µ—Å: 18
L 09/10/2011 - 19:30:11: [amxbans.amxx] [Amxbans] –°–æ–æ–±—â–µ–Ω–∏–µ: You have an error in your SQL syntax; check the manual that corresponds to your MySQL server version for the right syntax to use near '' at line 1 (1064)
L 09/10/2011 - 19:30:11: [amxbans.amxx] [Amxbans] –°—Ç–∞—Ç—É—Å –∑–∞–ø—Ä–æ—Å–∞: 
L 09/10/2011 - 19:32:32: -------- Mapchange to 016 --------
L 09/10/2011 - 19:32:33: [admin_amxbans.amxx] Login: "Zloy-Tupoy-Buhoy [Str,RUS]<803><STEAM_0:4:669396683><>" became an admin (account "Zloy-Tupoy-Buhoy [Str,RUS]") (access "t") (address "46.191.144.230")
L 09/10/2011 - 19:32:34: [amxbans.amxx] [AMXBANS] AMXBans 5.0 –ø–æ–¥–∫–ª—é—á–µ–Ω
L 09/10/2011 - 19:32:39: [amxbans.amxx] [Amxbans] –ó–∞–ø—Ä–æ—Å –ø—Ä–æ–≤–∞–ª–µ–Ω!
L 09/10/2011 - 19:32:39: [amxbans.amxx] [Amxbans] –û—à–∏–±–∫–∞, –∞–¥—Ä–µ—Å: 18
L 09/10/2011 - 19:32:39: [amxbans.amxx] [Amxbans] –°–æ–æ–±—â–µ–Ω–∏–µ: You have an error in your SQL syntax; check the manual that corresponds to your MySQL server version for the right syntax to use near '' at line 1 (1064)
L 09/10/2011 - 19:32:39: [amxbans.amxx] [Amxbans] –°—Ç–∞—Ç—É—Å –∑–∞–ø—Ä–æ—Å–∞: 
L 09/10/2011 - 19:41:56: [amxbans.amxx] [Amxbans] –ó–∞–ø—Ä–æ—Å –ø—Ä–æ–≤–∞–ª–µ–Ω!
L 09/10/2011 - 19:41:56: [amxbans.amxx] [Amxbans] –û—à–∏–±–∫–∞, –∞–¥—Ä–µ—Å: 18
L 09/10/2011 - 19:41:56: [amxbans.amxx] [Amxbans] –°–æ–æ–±—â–µ–Ω–∏–µ: You have an error in your SQL syntax; check the manual that corresponds to your MySQL server version for the right syntax to use near '' at line 1 (1064)
L 09/10/2011 - 19:41:56: [amxbans.amxx] [Amxbans] –°—Ç–∞—Ç—É—Å –∑–∞–ø—Ä–æ—Å–∞: 
L 09/10/2011 - 19:42:11: [admin_amxbans.amxx] Login: "Zloy-Tupoy-Buhoy [Str,RUS]<1038><STEAM_0:4:669396683><>" became an admin (account "Zloy-Tupoy-Buhoy [Str,RUS]") (access "t") (address "46.191.144.230")
L 09/10/2011 - 20:04:50: -------- Mapchange to ze_egypt --------
L 09/10/2011 - 20:04:51: [admin_amxbans.amxx] Login: "Zloy-Tupoy-Buhoy [Str,RUS]<1038><STEAM_0:4:669396683><>" became an admin (account "Zloy-Tupoy-Buhoy [Str,RUS]") (access "t") (address "46.191.144.230")
L 09/10/2011 - 20:04:51: [amxbans.amxx] [AMXBANS] AMXBans 5.0 –ø–æ–¥–∫–ª—é—á–µ–Ω
L 09/10/2011 - 20:04:55: [admin_amxbans.amxx] Login: "Zloy-Tupoy-Buhoy [Str,RUS]<1060><STEAM_0:4:669396683><>" became an admin (account "Zloy-Tupoy-Buhoy [Str,RUS]") (access "t") (address "46.191.144.230")
L 09/10/2011 - 20:04:56: [amxbans.amxx] [Amxbans] –ó–∞–ø—Ä–æ—Å –ø—Ä–æ–≤–∞–ª–µ–Ω!
L 09/10/2011 - 20:04:56: [amxbans.amxx] [Amxbans] –û—à–∏–±–∫–∞, –∞–¥—Ä–µ—Å: 18
L 09/10/2011 - 20:04:56: [amxbans.amxx] [Amxbans] –°–æ–æ–±—â–µ–Ω–∏–µ: You have an error in your SQL syntax; check the manual that corresponds to your MySQL server version for the right syntax to use near '' at line 1 (1064)
L 09/10/2011 - 20:04:56: [amxbans.amxx] [Amxbans] –°—Ç–∞—Ç—É—Å –∑–∞–ø—Ä–æ—Å–∞: 
L 09/10/2011 - 20:04:57: [amxbans.amxx] [Amxbans] –ó–∞–ø—Ä–æ—Å –ø—Ä–æ–≤–∞–ª–µ–Ω!
L 09/10/2011 - 20:04:57: [amxbans.amxx] [Amxbans] –û—à–∏–±–∫–∞, –∞–¥—Ä–µ—Å: 18
L 09/10/2011 - 20:04:57: [amxbans.amxx] [Amxbans] –°–æ–æ–±—â–µ–Ω–∏–µ: You have an error in your SQL syntax; check the manual that corresponds to your MySQL server version for the right syntax to use near '' at line 1 (1064)
L 09/10/2011 - 20:04:57: [amxbans.amxx] [Amxbans] –°—Ç–∞—Ç—É—Å –∑–∞–ø—Ä–æ—Å–∞: 
L 09/10/2011 - 20:04:58: [amxbans.amxx] [Amxbans] –ó–∞–ø—Ä–æ—Å –ø—Ä–æ–≤–∞–ª–µ–Ω!
L 09/10/2011 - 20:04:58: [amxbans.amxx] [Amxbans] –û—à–∏–±–∫–∞, –∞–¥—Ä–µ—Å: 18
L 09/10/2011 - 20:04:58: [amxbans.amxx] [Amxbans] –°–æ–æ–±—â–µ–Ω–∏–µ: You have an error in your SQL syntax; check the manual that corresponds to your MySQL server version for the right syntax to use near '' at line 1 (1064)
L 09/10/2011 - 20:04:58: [amxbans.amxx] [Amxbans] –°—Ç–∞—Ç—É—Å –∑–∞–ø—Ä–æ—Å–∞: 
L 09/10/2011 - 20:05:02: [amxbans.amxx] [Amxbans] –ó–∞–ø—Ä–æ—Å –ø—Ä–æ–≤–∞–ª–µ–Ω!
L 09/10/2011 - 20:05:02: [amxbans.amxx] [Amxbans] –û—à–∏–±–∫–∞, –∞–¥—Ä–µ—Å: 18
L 09/10/2011 - 20:05:02: [amxbans.amxx] [Amxbans] –°–æ–æ–±—â–µ–Ω–∏–µ: You have an error in your SQL syntax; check the manual that corresponds to your MySQL server version for the right syntax to use near '' at line 1 (1064)
L 09/10/2011 - 20:05:02: [amxbans.amxx] [Amxbans] –°—Ç–∞—Ç—É—Å –∑–∞–ø—Ä–æ—Å–∞: 
L 09/10/2011 - 20:22:37: -------- Mapchange to zm_houses --------
L 09/10/2011 - 20:22:39: [amxbans.amxx] [AMXBANS] AMXBans 5.0 –ø–æ–¥–∫–ª—é—á–µ–Ω
L 09/10/2011 - 20:22:43: [amxbans.amxx] [Amxbans] –ó–∞–ø—Ä–æ—Å –ø—Ä–æ–≤–∞–ª–µ–Ω!
L 09/10/2011 - 20:22:43: [amxbans.amxx] [Amxbans] –û—à–∏–±–∫–∞, –∞–¥—Ä–µ—Å: 18
L 09/10/2011 - 20:22:43: [amxbans.amxx] [Amxbans] –°–æ–æ–±—â–µ–Ω–∏–µ: You have an error in your SQL syntax; check the manual that corresponds to your MySQL server version for the right syntax to use near '' at line 1 (1064)
L 09/10/2011 - 20:22:43: [amxbans.amxx] [Amxbans] –°—Ç–∞—Ç—É—Å –∑–∞–ø—Ä–æ—Å–∞: 
L 09/10/2011 - 20:22:43: [amxbans.amxx] [Amxbans] –ó–∞–ø—Ä–æ—Å –ø—Ä–æ–≤–∞–ª–µ–Ω!
L 09/10/2011 - 20:22:43: [amxbans.amxx] [Amxbans] –û—à–∏–±–∫–∞, –∞–¥—Ä–µ—Å: 18
L 09/10/2011 - 20:22:43: [amxbans.amxx] [Amxbans] –°–æ–æ–±—â–µ–Ω–∏–µ: You have an error in your SQL syntax; check the manual that corresponds to your MySQL server version for the right syntax to use near '' at line 1 (1064)
L 09/10/2011 - 20:22:43: [amxbans.amxx] [Amxbans] –°—Ç–∞—Ç—É—Å –∑–∞–ø—Ä–æ—Å–∞: 
L 09/10/2011 - 20:44:29: -------- Mapchange to zm_303 --------
L 09/10/2011 - 20:44:30: [amxbans.amxx] [AMXBANS] AMXBans 5.0 –ø–æ–¥–∫–ª—é—á–µ–Ω
L 09/10/2011 - 20:44:36: [amxbans.amxx] [Amxbans] –ó–∞–ø—Ä–æ—Å –ø—Ä–æ–≤–∞–ª–µ–Ω!
L 09/10/2011 - 20:44:36: [amxbans.amxx] [Amxbans] –û—à–∏–±–∫–∞, –∞–¥—Ä–µ—Å: 18
L 09/10/2011 - 20:44:36: [amxbans.amxx] [Amxbans] –°–æ–æ–±—â–µ–Ω–∏–µ: You have an error in your SQL syntax; check the manual that corresponds to your MySQL server version for the right syntax to use near '' at line 1 (1064)
L 09/10/2011 - 20:44:36: [amxbans.amxx] [Amxbans] –°—Ç–∞—Ç—É—Å –∑–∞–ø—Ä–æ—Å–∞: 
L 09/10/2011 - 20:46:04: [amxbans.amxx] [Amxbans] –ó–∞–ø—Ä–æ—Å –ø—Ä–æ–≤–∞–ª–µ–Ω!
L 09/10/2011 - 20:46:04: [amxbans.amxx] [Amxbans] –û—à–∏–±–∫–∞, –∞–¥—Ä–µ—Å: 18
L 09/10/2011 - 20:46:04: [amxbans.amxx] [Amxbans] –°–æ–æ–±—â–µ–Ω–∏–µ: You have an error in your SQL syntax; check the manual that corresponds to your MySQL server version for the right syntax to use near '' at line 1 (1064)
L 09/10/2011 - 20:46:04: [amxbans.amxx] [Amxbans] –°—Ç–∞—Ç—É—Å –∑–∞–ø—Ä–æ—Å–∞: 
L 09/10/2011 - 21:16:43: -------- Mapchange to ze_jurassicpark --------
L 09/10/2011 - 21:16:45: [amxbans.amxx] [AMXBANS] AMXBans 5.0 –ø–æ–¥–∫–ª—é—á–µ–Ω
L 09/10/2011 - 21:19:55: [admin_amxbans.amxx] Login: "~Helena~<1155><STEAM_0:4:251711338><>" became an admin (account "~Helena~") (access "at") (address "109.124.93.183")
L 09/10/2011 - 21:20:26: [voteban.amxx] ADMIN banned made in ussr 109.201.86.106
L 09/10/2011 - 21:23:46: [voteban.amxx] ADMIN banned CePon4uK 85.26.235.98
L 09/10/2011 - 21:38:51: [admin_amxbans.amxx] Login: "Kenny<1170><STEAM_0:0:963405193><>" became an admin (account "Kenny") (access "abcdefghijlmnopqstu") (address "95.86.222.105")
L 09/10/2011 - 21:39:52: -------- Mapchange to zm_creative --------
L 09/10/2011 - 21:39:53: [admin_amxbans.amxx] Login: "Kenny<1170><STEAM_0:0:963405193><>" became an admin (account "Kenny") (access "abcdefghijlmnopqstu") (address "95.86.222.105")
L 09/10/2011 - 21:39:53: [admin_amxbans.amxx] Login: "~Helena~<1155><STEAM_0:4:251711338><>" became an admin (account "~Helena~") (access "at") (address "109.124.93.183")
L 09/10/2011 - 21:39:54: [amxbans.amxx] [AMXBANS] AMXBans 5.0 –ø–æ–¥–∫–ª—é—á–µ–Ω
L 09/10/2011 - 21:40:06: [admin_amxbans.amxx] Login: "4ebu[RUSH]ka<1171><STEAM_0:0:2107967446><>" became an admin (account "4ebu[RUSH]ka") (access "abcdefgijmnopqtu") (address "95.54.90.72")
L 09/10/2011 - 21:41:08: [admin_amxbans.amxx] Login: "4ebu[RUSH]ka<1173><STEAM_0:0:2107967446><>" became an admin (account "4ebu[RUSH]ka") (access "abcdefgijmnopqtu") (address "95.54.90.72")
L 09/10/2011 - 21:41:26: [admin_amxbans.amxx] Login: "4ebu[RUSH]ka<1176><STEAM_0:0:2107967446><>" became an admin (account "4ebu[RUSH]ka") (access "abcdefgijmnopqtu") (address "95.54.90.72")
L 09/10/2011 - 21:48:24: [plmenu.amxx] Kick: "4ebu[RUSH]ka<1176><STEAM_0:0:2107967446><>" kick "Zombieland<1178><STEAM_0:0:1897340123><>"
L 09/10/2011 - 22:00:53: -------- Mapchange to zm_caca --------
L 09/10/2011 - 22:00:54: [admin_amxbans.amxx] Login: "4ebu[RUSH]ka<1176><STEAM_0:0:2107967446><>" became an admin (account "4ebu[RUSH]ka") (access "abcdefgijmnopqtu") (address "95.54.90.72")
L 09/10/2011 - 22:00:55: [amxbans.amxx] [AMXBANS] AMXBans 5.0 –ø–æ–¥–∫–ª—é—á–µ–Ω
L 09/10/2011 - 22:00:55: [admin_amxbans.amxx] Login: "~Helena~<1155><STEAM_0:4:251711338><>" became an admin (account "~Helena~") (access "at") (address "109.124.93.183")
L 09/10/2011 - 22:12:47: [plmenu.amxx] Cmd: "4ebu[RUSH]ka<1176><STEAM_0:0:2107967446><>" slap with 0 damage "4ebu[RUSH]ka<1176><STEAM_0:0:2107967446><>"
L 09/10/2011 - 22:12:47: [plmenu.amxx] Cmd: "4ebu[RUSH]ka<1176><STEAM_0:0:2107967446><>" slap with 0 damage "4ebu[RUSH]ka<1176><STEAM_0:0:2107967446><>"
L 09/10/2011 - 22:13:37: [plmenu.amxx] Cmd: "4ebu[RUSH]ka<1176><STEAM_0:0:2107967446><>" slap with 0 damage "4ebu[RUSH]ka<1176><STEAM_0:0:2107967446><>"
L 09/10/2011 - 22:13:37: [plmenu.amxx] Cmd: "4ebu[RUSH]ka<1176><STEAM_0:0:2107967446><>" slap with 0 damage "4ebu[RUSH]ka<1176><STEAM_0:0:2107967446><>"
L 09/10/2011 - 22:15:54: [admin_amxbans.amxx] Login: "Zloy-Tupoy-Buhoy [Str,RUS]<1210><STEAM_0:4:669396683><>" became an admin (account "Zloy-Tupoy-Buhoy [Str,RUS]") (access "t") (address "46.191.144.230")
L 09/10/2011 - 22:21:42: [plmenu.amxx] Cmd: "4ebu[RUSH]ka<1176><STEAM_0:0:2107967446><>" slap with 0 damage "4ebu[RUSH]ka<1176><STEAM_0:0:2107967446><>"
L 09/10/2011 - 22:21:43: [plmenu.amxx] Cmd: "4ebu[RUSH]ka<1176><STEAM_0:0:2107967446><>" slap with 0 damage "4ebu[RUSH]ka<1176><STEAM_0:0:2107967446><>"
L 09/10/2011 - 22:21:43: [plmenu.amxx] Cmd: "4ebu[RUSH]ka<1176><STEAM_0:0:2107967446><>" slap with 0 damage "4ebu[RUSH]ka<1176><STEAM_0:0:2107967446><>"
L 09/10/2011 - 22:22:25: -------- Mapchange to zm_666_brick --------
L 09/10/2011 - 22:22:25: [admin_amxbans.amxx] Login: "Zloy-Tupoy-Buhoy [Str,RUS]<1210><STEAM_0:4:669396683><>" became an admin (account "Zloy-Tupoy-Buhoy [Str,RUS]") (access "t") (address "46.191.144.230")
L 09/10/2011 - 22:22:26: [amxbans.amxx] [AMXBANS] AMXBans 5.0 –ø–æ–¥–∫–ª—é—á–µ–Ω
L 09/10/2011 - 22:28:22: [voteban.amxx] Voteban starter Zloy-Tupoy-Buhoy [Str,RUS] against iSpirit STEAM_0:0:2070235627
L 09/10/2011 - 22:28:37: [voteban.amxx] [AMXX] BANNED: iSpirit, STARTER: Zloy-Tupoy-Buhoy [Str,RUS]
L 09/10/2011 - 22:28:38: [amxbans.amxx]  –ó–æ–º–±–∏ —Å–µ—Ä–≤–µ—Ä (x_x(O_o)x_x) Go Zombie !!!<0><><> –∑–∞–±–∞–Ω–∏–ª iSpirit<STEAM_0:0:2070235627> –Ω–∞ 15 –º–∏–Ω—É—Ç (15 –º–∏–Ω—É—Ç). –ü—Ä–∏—á–∏–Ω–∞: VIP->Zloy-Tupoy-Buhoy [Str,RUS].
L 09/10/2011 - 22:43:32: -------- Mapchange to zm_fdust2x2 --------
L 09/10/2011 - 22:43:33: [admin_amxbans.amxx] Login: "Zloy-Tupoy-Buhoy [Str,RUS]<1210><STEAM_0:4:669396683><>" became an admin (account "Zloy-Tupoy-Buhoy [Str,RUS]") (access "t") (address "46.191.144.230")
L 09/10/2011 - 22:43:34: [amxbans.amxx] [AMXBANS] AMXBans 5.0 –ø–æ–¥–∫–ª—é—á–µ–Ω
L 09/10/2011 - 23:06:34: -------- Mapchange to zm_alfresco_v2 --------
L 09/10/2011 - 23:06:35: [admin_amxbans.amxx] Login: "Zloy-Tupoy-Buhoy [Str,RUS]<1210><STEAM_0:4:669396683><>" became an admin (account "Zloy-Tupoy-Buhoy [Str,RUS]") (access "t") (address "46.191.144.230")
L 09/10/2011 - 23:06:36: [amxbans.amxx] [AMXBANS] AMXBans 5.0 –ø–æ–¥–∫–ª—é—á–µ–Ω
L 09/10/2011 - 23:28:49: -------- Mapchange to ze_egypt --------
L 09/10/2011 - 23:28:50: [admin_amxbans.amxx] Login: "Zloy-Tupoy-Buhoy [Str,RUS]<1210><STEAM_0:4:669396683><>" became an admin (account "Zloy-Tupoy-Buhoy [Str,RUS]") (access "t") (address "46.191.144.230")
L 09/10/2011 - 23:28:51: [amxbans.amxx] [AMXBANS] AMXBans 5.0 –ø–æ–¥–∫–ª—é—á–µ–Ω
L 09/10/2011 - 23:28:54: [admin_amxbans.amxx] Login: "Zloy-Tupoy-Buhoy [Str,RUS]<1280><STEAM_0:4:669396683><>" became an admin (account "Zloy-Tupoy-Buhoy [Str,RUS]") (access "t") (address "46.191.144.230")
L 09/10/2011 - 23:45:42: -------- Mapchange to zm_decline2k --------
L 09/10/2011 - 23:45:42: [admin_amxbans.amxx] Login: "Zloy-Tupoy-Buhoy [Str,RUS]<1280><STEAM_0:4:669396683><>" became an admin (account "Zloy-Tupoy-Buhoy [Str,RUS]") (access "t") (address "46.191.144.230")
L 09/10/2011 - 23:45:43: [amxbans.amxx] [AMXBANS] AMXBans 5.0 –ø–æ–¥–∫–ª—é—á–µ–Ω
