L 09/20/2011 - 00:06:03: -------- Mapchange to ze_jurassicpark --------
L 09/20/2011 - 00:06:04: [amxbans.amxx] [AMXBANS] AMXBans 5.0 подключен
L 09/20/2011 - 00:16:05: [admin_amxbans.amxx] Login: "bomj<1138><STEAM_0:0:21084527><>" became an admin (account "91.192.190.95") (access "abcdefghijklmnopqstu") (address "91.192.190.95")
L 09/20/2011 - 00:16:08: [admin_amxbans.amxx] Login: "bomj<1139><STEAM_0:0:21084527><>" became an admin (account "91.192.190.95") (access "abcdefghijklmnopqstu") (address "91.192.190.95")
L 09/20/2011 - 00:28:55: -------- Mapchange to zm_dwarf --------
L 09/20/2011 - 00:28:57: [amxbans.amxx] [AMXBANS] AMXBans 5.0 подключен
L 09/20/2011 - 00:50:13: -------- Mapchange to cs_militia --------
L 09/20/2011 - 00:50:18: [amxbans.amxx] [AMXBANS] AMXBans 5.0 подключен
L 09/20/2011 - 01:10:51: -------- Mapchange to zm_666_brick --------
L 09/20/2011 - 01:10:53: [amxbans.amxx] [AMXBANS] AMXBans 5.0 подключен
L 09/20/2011 - 01:31:42: -------- Mapchange to zm_fdust2x2 --------
L 09/20/2011 - 01:31:43: [amxbans.amxx] [AMXBANS] AMXBans 5.0 подключен
L 09/20/2011 - 01:50:03: -------- Mapchange to zm_xata --------
L 09/20/2011 - 01:50:05: [amxbans.amxx] [AMXBANS] AMXBans 5.0 подключен
L 09/20/2011 - 01:53:03: -------- Mapchange to cs_estate --------
L 09/20/2011 - 01:53:06: [amxbans.amxx] [AMXBANS] AMXBans 5.0 подключен
L 09/20/2011 - 02:01:25: -------- Mapchange to ze_egypt --------
L 09/20/2011 - 02:01:27: [amxbans.amxx] [AMXBANS] AMXBans 5.0 подключен
L 09/20/2011 - 02:08:54: -------- Mapchange to cs_estate --------
L 09/20/2011 - 02:08:57: [amxbans.amxx] [AMXBANS] AMXBans 5.0 подключен
L 09/20/2011 - 02:18:50: -------- Mapchange to cs_estate --------
L 09/20/2011 - 02:18:53: [amxbans.amxx] [AMXBANS] AMXBans 5.0 подключен
L 09/20/2011 - 02:28:46: -------- Mapchange to cs_estate --------
L 09/20/2011 - 02:28:49: [amxbans.amxx] [AMXBANS] AMXBans 5.0 подключен
L 09/20/2011 - 02:38:42: -------- Mapchange to cs_estate --------
L 09/20/2011 - 02:38:45: [amxbans.amxx] [AMXBANS] AMXBans 5.0 подключен
L 09/20/2011 - 02:54:08: -------- Mapchange to cs_estate --------
L 09/20/2011 - 02:54:11: [amxbans.amxx] [AMXBANS] AMXBans 5.0 подключен
L 09/20/2011 - 03:02:30: -------- Mapchange to zm_houses --------
L 09/20/2011 - 03:02:32: [amxbans.amxx] [AMXBANS] AMXBans 5.0 подключен
L 09/20/2011 - 03:05:30: -------- Mapchange to cs_estate --------
L 09/20/2011 - 03:05:33: [amxbans.amxx] [AMXBANS] AMXBans 5.0 подключен
L 09/20/2011 - 03:15:26: -------- Mapchange to cs_estate --------
L 09/20/2011 - 03:15:29: [amxbans.amxx] [AMXBANS] AMXBans 5.0 подключен
L 09/20/2011 - 03:25:22: -------- Mapchange to cs_estate --------
L 09/20/2011 - 03:25:25: [amxbans.amxx] [AMXBANS] AMXBans 5.0 подключен
L 09/20/2011 - 03:35:18: -------- Mapchange to cs_estate --------
L 09/20/2011 - 03:35:21: [amxbans.amxx] [AMXBANS] AMXBans 5.0 подключен
L 09/20/2011 - 03:46:29: -------- Mapchange to cs_estate --------
L 09/20/2011 - 03:46:32: [amxbans.amxx] [AMXBANS] AMXBans 5.0 подключен
L 09/20/2011 - 03:54:51: -------- Mapchange to zm_cpl_mill_kamp --------
L 09/20/2011 - 03:54:53: [amxbans.amxx] [AMXBANS] AMXBans 5.0 подключен
L 09/20/2011 - 03:57:46: -------- Mapchange to cs_estate --------
L 09/20/2011 - 03:57:49: [amxbans.amxx] [AMXBANS] AMXBans 5.0 подключен
L 09/20/2011 - 04:07:43: -------- Mapchange to cs_estate --------
L 09/20/2011 - 04:07:50: [amxbans.amxx] [AMXBANS] AMXBans 5.0 подключен
L 09/20/2011 - 04:17:44: -------- Mapchange to cs_estate --------
L 09/20/2011 - 04:17:52: [amxbans.amxx] [AMXBANS] AMXBans 5.0 подключен
L 09/20/2011 - 04:27:46: -------- Mapchange to cs_estate --------
L 09/20/2011 - 04:27:54: [amxbans.amxx] [AMXBANS] AMXBans 5.0 подключен
L 09/20/2011 - 04:37:48: -------- Mapchange to cs_estate --------
L 09/20/2011 - 04:37:57: [amxbans.amxx] [AMXBANS] AMXBans 5.0 подключен
L 09/20/2011 - 04:47:51: -------- Mapchange to cs_estate --------
L 09/20/2011 - 04:47:59: [amxbans.amxx] [AMXBANS] AMXBans 5.0 подключен
L 09/20/2011 - 04:57:53: -------- Mapchange to cs_estate --------
L 09/20/2011 - 04:57:57: [amxbans.amxx] [AMXBANS] AMXBans 5.0 подключен
L 09/20/2011 - 05:06:18: -------- Mapchange to zm_fdust2x2 --------
L 09/20/2011 - 05:06:19: [amxbans.amxx] [AMXBANS] AMXBans 5.0 подключен
L 09/20/2011 - 05:09:17: -------- Mapchange to cs_estate --------
L 09/20/2011 - 05:09:20: [amxbans.amxx] [AMXBANS] AMXBans 5.0 подключен
L 09/20/2011 - 05:19:13: -------- Mapchange to cs_estate --------
L 09/20/2011 - 05:19:16: [amxbans.amxx] [AMXBANS] AMXBans 5.0 подключен
L 09/20/2011 - 05:29:09: -------- Mapchange to cs_estate --------
L 09/20/2011 - 05:29:12: [amxbans.amxx] [AMXBANS] AMXBans 5.0 подключен
L 09/20/2011 - 05:39:05: -------- Mapchange to cs_estate --------
L 09/20/2011 - 05:39:08: [amxbans.amxx] [AMXBANS] AMXBans 5.0 подключен
L 09/20/2011 - 05:47:28: -------- Mapchange to zm_vendetta --------
L 09/20/2011 - 05:47:30: [amxbans.amxx] [AMXBANS] AMXBans 5.0 подключен
L 09/20/2011 - 05:50:43: -------- Mapchange to cs_estate --------
L 09/20/2011 - 05:50:45: [amxbans.amxx] [AMXBANS] AMXBans 5.0 подключен
L 09/20/2011 - 06:00:39: -------- Mapchange to cs_estate --------
L 09/20/2011 - 06:00:41: [amxbans.amxx] [AMXBANS] AMXBans 5.0 подключен
L 09/20/2011 - 06:10:35: -------- Mapchange to cs_estate --------
L 09/20/2011 - 06:10:38: [amxbans.amxx] [AMXBANS] AMXBans 5.0 подключен
L 09/20/2011 - 06:20:32: -------- Mapchange to cs_estate --------
L 09/20/2011 - 06:20:34: [amxbans.amxx] [AMXBANS] AMXBans 5.0 подключен
L 09/20/2011 - 06:30:28: -------- Mapchange to cs_estate --------
L 09/20/2011 - 06:30:30: [amxbans.amxx] [AMXBANS] AMXBans 5.0 подключен
L 09/20/2011 - 06:39:05: -------- Mapchange to zm_cpl_mill_kamp --------
L 09/20/2011 - 06:39:07: [amxbans.amxx] [AMXBANS] AMXBans 5.0 подключен
L 09/20/2011 - 06:46:01: -------- Mapchange to cs_estate --------
L 09/20/2011 - 06:46:04: [amxbans.amxx] [AMXBANS] AMXBans 5.0 подключен
L 09/20/2011 - 06:55:09: -------- Mapchange to ze_train_back_lg --------
L 09/20/2011 - 06:55:11: [amxbans.amxx] [AMXBANS] AMXBans 5.0 подключен
L 09/20/2011 - 07:04:48: -------- Mapchange to cs_estate --------
L 09/20/2011 - 07:04:50: [amxbans.amxx] [AMXBANS] AMXBans 5.0 подключен
L 09/20/2011 - 07:13:10: -------- Mapchange to zm_303 --------
L 09/20/2011 - 07:13:12: [amxbans.amxx] [AMXBANS] AMXBans 5.0 подключен
L 09/20/2011 - 07:16:10: -------- Mapchange to cs_estate --------
L 09/20/2011 - 07:16:13: [amxbans.amxx] [AMXBANS] AMXBans 5.0 подключен
L 09/20/2011 - 07:24:33: -------- Mapchange to zm_dwarf --------
L 09/20/2011 - 07:24:34: [amxbans.amxx] [AMXBANS] AMXBans 5.0 подключен
L 09/20/2011 - 07:28:46: -------- Mapchange to cs_estate --------
L 09/20/2011 - 07:28:49: [amxbans.amxx] [AMXBANS] AMXBans 5.0 подключен
L 09/20/2011 - 07:37:09: -------- Mapchange to cs_militia --------
L 09/20/2011 - 07:37:15: [amxbans.amxx] [AMXBANS] AMXBans 5.0 подключен
L 09/20/2011 - 07:57:18: -------- Mapchange to zm_666_brick --------
L 09/20/2011 - 07:57:20: [amxbans.amxx] [AMXBANS] AMXBans 5.0 подключен
L 09/20/2011 - 08:08:00: -------- Mapchange to cs_estate --------
L 09/20/2011 - 08:08:03: [amxbans.amxx] [AMXBANS] AMXBans 5.0 подключен
L 09/20/2011 - 08:20:26: -------- Mapchange to cs_estate --------
L 09/20/2011 - 08:20:29: [amxbans.amxx] [AMXBANS] AMXBans 5.0 подключен
L 09/20/2011 - 08:28:49: -------- Mapchange to 016 --------
L 09/20/2011 - 08:28:50: [amxbans.amxx] [AMXBANS] AMXBans 5.0 подключен
L 09/20/2011 - 08:31:48: -------- Mapchange to cs_estate --------
L 09/20/2011 - 08:31:51: [amxbans.amxx] [AMXBANS] AMXBans 5.0 подключен
L 09/20/2011 - 08:43:58: -------- Mapchange to ze_lift_escape_b5 --------
L 09/20/2011 - 08:43:59: [amxbans.amxx] [AMXBANS] AMXBans 5.0 подключен
L 09/20/2011 - 08:55:27: -------- Mapchange to zm_alfresco_v2 --------
L 09/20/2011 - 08:55:29: [amxbans.amxx] [AMXBANS] AMXBans 5.0 подключен
L 09/20/2011 - 09:16:19: -------- Mapchange to zm_decline2k --------
L 09/20/2011 - 09:16:20: [amxbans.amxx] [AMXBANS] AMXBans 5.0 подключен
L 09/20/2011 - 09:36:40: -------- Mapchange to zm_303 --------
L 09/20/2011 - 09:36:41: [amxbans.amxx] [AMXBANS] AMXBans 5.0 подключен
L 09/20/2011 - 09:38:12: [amxbans.amxx] [Amxbans] Запрос провален!
L 09/20/2011 - 09:38:12: [amxbans.amxx] [Amxbans] Ошибка, адрес: 18
L 09/20/2011 - 09:38:12: [amxbans.amxx] [Amxbans] Сообщение: You have an error in your SQL syntax; check the manual that corresponds to your MySQL server version for the right syntax to use near '' at line 1 (1064)
L 09/20/2011 - 09:38:12: [amxbans.amxx] [Amxbans] Статус запроса: 
L 09/20/2011 - 09:43:43: [amxbans.amxx] [Amxbans] Запрос провален!
L 09/20/2011 - 09:43:43: [amxbans.amxx] [Amxbans] Ошибка, адрес: 18
L 09/20/2011 - 09:43:43: [amxbans.amxx] [Amxbans] Сообщение: You have an error in your SQL syntax; check the manual that corresponds to your MySQL server version for the right syntax to use near '' at line 1 (1064)
L 09/20/2011 - 09:43:43: [amxbans.amxx] [Amxbans] Статус запроса: 
L 09/20/2011 - 10:08:15: -------- Mapchange to zm_fdust2x2 --------
L 09/20/2011 - 10:08:17: [amxbans.amxx] [AMXBANS] AMXBans 5.0 подключен
L 09/20/2011 - 10:08:20: [amxbans.amxx] [Amxbans] Запрос провален!
L 09/20/2011 - 10:08:20: [amxbans.amxx] [Amxbans] Ошибка, адрес: 18
L 09/20/2011 - 10:08:20: [amxbans.amxx] [Amxbans] Сообщение: You have an error in your SQL syntax; check the manual that corresponds to your MySQL server version for the right syntax to use near '' at line 1 (1064)
L 09/20/2011 - 10:08:20: [amxbans.amxx] [Amxbans] Статус запроса: 
L 09/20/2011 - 10:28:33: -------- Mapchange to ze_egypt --------
L 09/20/2011 - 10:28:35: [amxbans.amxx] [AMXBANS] AMXBans 5.0 подключен
L 09/20/2011 - 10:28:39: [amxbans.amxx] [Amxbans] Запрос провален!
L 09/20/2011 - 10:28:39: [amxbans.amxx] [Amxbans] Ошибка, адрес: 18
L 09/20/2011 - 10:28:39: [amxbans.amxx] [Amxbans] Сообщение: You have an error in your SQL syntax; check the manual that corresponds to your MySQL server version for the right syntax to use near '' at line 1 (1064)
L 09/20/2011 - 10:28:39: [amxbans.amxx] [Amxbans] Статус запроса: 
L 09/20/2011 - 10:28:40: [amxbans.amxx] [Amxbans] Запрос провален!
L 09/20/2011 - 10:28:40: [amxbans.amxx] [Amxbans] Ошибка, адрес: 18
L 09/20/2011 - 10:28:40: [amxbans.amxx] [Amxbans] Сообщение: You have an error in your SQL syntax; check the manual that corresponds to your MySQL server version for the right syntax to use near '' at line 1 (1064)
L 09/20/2011 - 10:28:40: [amxbans.amxx] [Amxbans] Статус запроса: 
L 09/20/2011 - 10:44:21: -------- Mapchange to zm_caca --------
L 09/20/2011 - 10:44:23: [amxbans.amxx] [AMXBANS] AMXBans 5.0 подключен
L 09/20/2011 - 10:44:27: [amxbans.amxx] [Amxbans] Запрос провален!
L 09/20/2011 - 10:44:27: [amxbans.amxx] [Amxbans] Ошибка, адрес: 18
L 09/20/2011 - 10:44:27: [amxbans.amxx] [Amxbans] Сообщение: You have an error in your SQL syntax; check the manual that corresponds to your MySQL server version for the right syntax to use near '' at line 1 (1064)
L 09/20/2011 - 10:44:27: [amxbans.amxx] [Amxbans] Статус запроса: 
L 09/20/2011 - 11:05:57: -------- Mapchange to zm_666_brick --------
L 09/20/2011 - 11:05:58: [amxbans.amxx] [AMXBANS] AMXBans 5.0 подключен
L 09/20/2011 - 11:06:01: [amxbans.amxx] [Amxbans] Запрос провален!
L 09/20/2011 - 11:06:01: [amxbans.amxx] [Amxbans] Ошибка, адрес: 18
L 09/20/2011 - 11:06:01: [amxbans.amxx] [Amxbans] Сообщение: You have an error in your SQL syntax; check the manual that corresponds to your MySQL server version for the right syntax to use near '' at line 1 (1064)
L 09/20/2011 - 11:06:01: [amxbans.amxx] [Amxbans] Статус запроса: 
L 09/20/2011 - 11:22:27: -------- Mapchange to cs_estate --------
L 09/20/2011 - 11:22:30: [amxbans.amxx] [AMXBANS] AMXBans 5.0 подключен
L 09/20/2011 - 11:27:36: -------- Mapchange to zm_neris --------
L 09/20/2011 - 11:27:38: [amxbans.amxx] [AMXBANS] AMXBans 5.0 подключен
L 09/20/2011 - 11:41:11: -------- Mapchange to cs_estate --------
L 09/20/2011 - 11:41:13: [amxbans.amxx] [AMXBANS] AMXBans 5.0 подключен
L 09/20/2011 - 11:56:24: -------- Mapchange to zm_cpl_mill_kamp --------
L 09/20/2011 - 11:56:25: [amxbans.amxx] [AMXBANS] AMXBans 5.0 подключен
L 09/20/2011 - 12:22:50: -------- Mapchange to zm_dwarf --------
L 09/20/2011 - 12:22:52: [amxbans.amxx] [AMXBANS] AMXBans 5.0 подключен
L 09/20/2011 - 12:42:54: -------- Mapchange to 016 --------
L 09/20/2011 - 12:42:55: [amxbans.amxx] [AMXBANS] AMXBans 5.0 подключен
L 09/20/2011 - 13:14:14: [amxbans.amxx] [Amxbans] Запрос провален!
L 09/20/2011 - 13:14:14: [amxbans.amxx] [Amxbans] Ошибка, адрес: 18
L 09/20/2011 - 13:14:14: [amxbans.amxx] [Amxbans] Сообщение: You have an error in your SQL syntax; check the manual that corresponds to your MySQL server version for the right syntax to use near ''amxban' at line 1 (1064)
L 09/20/2011 - 13:14:14: [amxbans.amxx] [Amxbans] Статус запроса: 
L 09/20/2011 - 13:14:38: -------- Mapchange to cs_militia --------
L 09/20/2011 - 13:14:43: [amxbans.amxx] [AMXBANS] AMXBans 5.0 подключен
L 09/20/2011 - 13:14:48: [amxbans.amxx] [Amxbans] Запрос провален!
L 09/20/2011 - 13:14:48: [amxbans.amxx] [Amxbans] Ошибка, адрес: 18
L 09/20/2011 - 13:14:48: [amxbans.amxx] [Amxbans] Сообщение: You have an error in your SQL syntax; check the manual that corresponds to your MySQL server version for the right syntax to use near ''amxban' at line 1 (1064)
L 09/20/2011 - 13:14:48: [amxbans.amxx] [Amxbans] Статус запроса: 
L 09/20/2011 - 13:35:24: -------- Mapchange to ze_jurassicpark --------
L 09/20/2011 - 13:35:25: [amxbans.amxx] [AMXBANS] AMXBans 5.0 подключен
L 09/20/2011 - 13:35:29: [amxbans.amxx] [Amxbans] Запрос провален!
L 09/20/2011 - 13:35:29: [amxbans.amxx] [Amxbans] Ошибка, адрес: 18
L 09/20/2011 - 13:35:29: [amxbans.amxx] [Amxbans] Сообщение: You have an error in your SQL syntax; check the manual that corresponds to your MySQL server version for the right syntax to use near ''amxban' at line 1 (1064)
L 09/20/2011 - 13:35:29: [amxbans.amxx] [Amxbans] Статус запроса: 
L 09/20/2011 - 13:42:41: [admin_amxbans.amxx] Login: "F1-[G]amin[G] |G-man<1543><STEAM_0:0:299692916><>" became an admin (account "F1-[G]amin[G] |G-man") (access "t") (address "194.0.68.126")
L 09/20/2011 - 13:44:53: [voteban.amxx] Voteban starter F1-[G]amin[G] |G-man against >>Serga<<[Roy Jones] STEAM_0:4:1406604401
L 09/20/2011 - 13:45:08: [voteban.amxx] [AMXX] BANNED: >>Serga<<[Roy Jones], STARTER: F1-[G]amin[G] |G-man
L 09/20/2011 - 13:45:09: [amxbans.amxx]  Зомби сервер (x_x(O_o)x_x) Go Zombie !!!<0><><> забанил >>Serga<<[Roy Jones]<STEAM_0:4:1406604401> на 15 минут (15 минут). Причина: VIP->F1-[G]amin[G] |G-man.
L 09/20/2011 - 13:56:47: -------- Mapchange to ze_egypt --------
L 09/20/2011 - 13:56:48: [admin_amxbans.amxx] Login: "F1-[G]amin[G] |G-man<1543><STEAM_0:0:299692916><>" became an admin (account "F1-[G]amin[G] |G-man") (access "t") (address "194.0.68.126")
L 09/20/2011 - 13:56:49: [amxbans.amxx] [AMXBANS] AMXBans 5.0 подключен
L 09/20/2011 - 13:56:52: [admin_amxbans.amxx] Login: "F1-[G]amin[G] |G-man<1556><STEAM_0:0:299692916><>" became an admin (account "F1-[G]amin[G] |G-man") (access "t") (address "194.0.68.126")
L 09/20/2011 - 13:56:54: [amxbans.amxx] [Amxbans] Запрос провален!
L 09/20/2011 - 13:56:54: [amxbans.amxx] [Amxbans] Ошибка, адрес: 18
L 09/20/2011 - 13:56:54: [amxbans.amxx] [Amxbans] Сообщение: You have an error in your SQL syntax; check the manual that corresponds to your MySQL server version for the right syntax to use near ''amxban' at line 1 (1064)
L 09/20/2011 - 13:56:54: [amxbans.amxx] [Amxbans] Статус запроса: 
L 09/20/2011 - 13:57:01: [amxbans.amxx] [Amxbans] Запрос провален!
L 09/20/2011 - 13:57:01: [amxbans.amxx] [Amxbans] Ошибка, адрес: 18
L 09/20/2011 - 13:57:01: [amxbans.amxx] [Amxbans] Сообщение: You have an error in your SQL syntax; check the manual that corresponds to your MySQL server version for the right syntax to use near ''amxban' at line 1 (1064)
L 09/20/2011 - 13:57:01: [amxbans.amxx] [Amxbans] Статус запроса: 
L 09/20/2011 - 14:08:22: -------- Mapchange to zm_666_brick --------
L 09/20/2011 - 14:08:23: [admin_amxbans.amxx] Login: "F1-[G]amin[G] |G-man<1556><STEAM_0:0:299692916><>" became an admin (account "F1-[G]amin[G] |G-man") (access "t") (address "194.0.68.126")
L 09/20/2011 - 14:08:24: [amxbans.amxx] [AMXBANS] AMXBans 5.0 подключен
L 09/20/2011 - 14:08:28: [amxbans.amxx] [Amxbans] Запрос провален!
L 09/20/2011 - 14:08:28: [amxbans.amxx] [Amxbans] Ошибка, адрес: 18
L 09/20/2011 - 14:08:28: [amxbans.amxx] [Amxbans] Сообщение: You have an error in your SQL syntax; check the manual that corresponds to your MySQL server version for the right syntax to use near ''amxban' at line 1 (1064)
L 09/20/2011 - 14:08:28: [amxbans.amxx] [Amxbans] Статус запроса: 
L 09/20/2011 - 14:28:49: -------- Mapchange to ze_train_back_lg --------
L 09/20/2011 - 14:28:50: [admin_amxbans.amxx] Login: "F1-[G]amin[G] |G-man<1556><STEAM_0:0:299692916><>" became an admin (account "F1-[G]amin[G] |G-man") (access "t") (address "194.0.68.126")
L 09/20/2011 - 14:28:50: [admin_amxbans.amxx] Login: "F1-[G]amin[G] |G-man<1556><STEAM_0:0:299692916><>" became an admin (account "F1-[G]amin[G] |G-man") (access "t") (address "194.0.68.126")
L 09/20/2011 - 14:28:50: [admin_amxbans.amxx] Login: "F1-[G]amin[G] |G-man<1596><STEAM_0:0:299692916><>" became an admin (account "F1-[G]amin[G] |G-man") (access "t") (address "194.0.68.126")
L 09/20/2011 - 14:28:50: [amxbans.amxx] [AMXBANS] AMXBans 5.0 подключен
L 09/20/2011 - 14:28:57: [admin_amxbans.amxx] Login: "F1-[G]amin[G] |G-man<1608><STEAM_0:0:299692916><>" became an admin (account "F1-[G]amin[G] |G-man") (access "t") (address "194.0.68.126")
L 09/20/2011 - 14:28:57: [amxbans.amxx] [Amxbans] Запрос провален!
L 09/20/2011 - 14:28:57: [amxbans.amxx] [Amxbans] Ошибка, адрес: 18
L 09/20/2011 - 14:28:57: [amxbans.amxx] [Amxbans] Сообщение: You have an error in your SQL syntax; check the manual that corresponds to your MySQL server version for the right syntax to use near ''amxban' at line 1 (1064)
L 09/20/2011 - 14:28:57: [amxbans.amxx] [Amxbans] Статус запроса: 
L 09/20/2011 - 14:28:59: [amxbans.amxx] [Amxbans] Запрос провален!
L 09/20/2011 - 14:28:59: [amxbans.amxx] [Amxbans] Ошибка, адрес: 18
L 09/20/2011 - 14:28:59: [amxbans.amxx] [Amxbans] Сообщение: You have an error in your SQL syntax; check the manual that corresponds to your MySQL server version for the right syntax to use near ''amxban' at line 1 (1064)
L 09/20/2011 - 14:28:59: [amxbans.amxx] [Amxbans] Статус запроса: 
L 09/20/2011 - 14:46:30: -------- Mapchange to zm_caca --------
L 09/20/2011 - 14:46:31: [admin_amxbans.amxx] Login: "F1-[G]amin[G] |G-man<1608><STEAM_0:0:299692916><>" became an admin (account "F1-[G]amin[G] |G-man") (access "t") (address "194.0.68.126")
L 09/20/2011 - 14:46:32: [amxbans.amxx] [AMXBANS] AMXBans 5.0 подключен
L 09/20/2011 - 14:46:36: [amxbans.amxx] [Amxbans] Запрос провален!
L 09/20/2011 - 14:46:36: [amxbans.amxx] [Amxbans] Ошибка, адрес: 18
L 09/20/2011 - 14:46:36: [amxbans.amxx] [Amxbans] Сообщение: You have an error in your SQL syntax; check the manual that corresponds to your MySQL server version for the right syntax to use near ''amxban' at line 1 (1064)
L 09/20/2011 - 14:46:36: [amxbans.amxx] [Amxbans] Статус запроса: 
L 09/20/2011 - 14:50:12: [admin_amxbans.amxx] Login: "F1-[G]amin[G] |G-man<1630><STEAM_0:0:299692916><>" became an admin (account "F1-[G]amin[G] |G-man") (access "t") (address "194.0.68.126")
L 09/20/2011 - 15:08:56: -------- Mapchange to zm_alfresco_v2 --------
L 09/20/2011 - 15:08:57: [admin_amxbans.amxx] Login: "F1-[G]amin[G] |G-man<1630><STEAM_0:0:299692916><>" became an admin (account "F1-[G]amin[G] |G-man") (access "t") (address "194.0.68.126")
L 09/20/2011 - 15:08:58: [amxbans.amxx] [AMXBANS] AMXBans 5.0 подключен
L 09/20/2011 - 15:09:02: [amxbans.amxx] [Amxbans] Запрос провален!
L 09/20/2011 - 15:09:02: [amxbans.amxx] [Amxbans] Ошибка, адрес: 18
L 09/20/2011 - 15:09:02: [amxbans.amxx] [Amxbans] Сообщение: You have an error in your SQL syntax; check the manual that corresponds to your MySQL server version for the right syntax to use near ''amxban' at line 1 (1064)
L 09/20/2011 - 15:09:02: [amxbans.amxx] [Amxbans] Статус запроса: 
L 09/20/2011 - 15:25:36: [voteban.amxx] Voteban starter F1-[G]amin[G] |G-man against 666 ZOMBI 666 STEAM_0:0:967979820
L 09/20/2011 - 15:25:51: [voteban.amxx] [AMXX] BANNED: 666 ZOMBI 666, STARTER: F1-[G]amin[G] |G-man
L 09/20/2011 - 15:25:53: [amxbans.amxx]  Зомби сервер (x_x(O_o)x_x) Go Zombie !!!<0><><> забанил 666 ZOMBI 666<STEAM_0:0:967979820> на 15 минут (15 минут). Причина: VIP->F1-[G]amin[G] |G-man.
L 09/20/2011 - 15:30:01: -------- Mapchange to zm_303 --------
L 09/20/2011 - 15:30:02: [admin_amxbans.amxx] Login: "F1-[G]amin[G] |G-man<1630><STEAM_0:0:299692916><>" became an admin (account "F1-[G]amin[G] |G-man") (access "t") (address "194.0.68.126")
L 09/20/2011 - 15:30:03: [amxbans.amxx] [AMXBANS] AMXBans 5.0 подключен
L 09/20/2011 - 15:30:08: [amxbans.amxx] [Amxbans] Запрос провален!
L 09/20/2011 - 15:30:08: [amxbans.amxx] [Amxbans] Ошибка, адрес: 18
L 09/20/2011 - 15:30:08: [amxbans.amxx] [Amxbans] Сообщение: You have an error in your SQL syntax; check the manual that corresponds to your MySQL server version for the right syntax to use near ''amxban' at line 1 (1064)
L 09/20/2011 - 15:30:08: [amxbans.amxx] [Amxbans] Статус запроса: 
L 09/20/2011 - 15:36:33: [admin_amxbans.amxx] Login: "F1-[G]amin[G] |G-man<1668><STEAM_0:0:299692916><>" became an admin (account "F1-[G]amin[G] |G-man") (access "t") (address "194.0.68.126")
L 09/20/2011 - 15:57:09: [voteban.amxx] Voteban starter F1-[G]amin[G] |G-man against PRO STEAM_0:0:934737263
L 09/20/2011 - 15:57:24: [voteban.amxx] [AMXX] BANNED: PRO, STARTER: F1-[G]amin[G] |G-man
L 09/20/2011 - 15:57:25: [amxbans.amxx]  Зомби сервер (x_x(O_o)x_x) Go Zombie !!!<0><><> забанил PRO<STEAM_0:0:934737263> на 15 минут (15 минут). Причина: VIP->F1-[G]amin[G] |G-man.
L 09/20/2011 - 16:02:54: -------- Mapchange to zm_cpl_mill_kamp --------
L 09/20/2011 - 16:02:54: [admin_amxbans.amxx] Login: "F1-[G]amin[G] |G-man<1668><STEAM_0:0:299692916><>" became an admin (account "F1-[G]amin[G] |G-man") (access "t") (address "194.0.68.126")
L 09/20/2011 - 16:02:55: [amxbans.amxx] [AMXBANS] AMXBans 5.0 подключен
L 09/20/2011 - 16:07:12: [admin_amxbans.amxx] Login: "Euforia<1699><STEAM_0:0:1365425199><>" became an admin (account "Euforia") (access "t") (address "188.123.245.19")
L 09/20/2011 - 16:09:42: [admin_amxbans.amxx] Login: "Euforia<1700><STEAM_0:0:1365425199><>" became an admin (account "Euforia") (access "t") (address "188.123.245.19")
L 09/20/2011 - 16:10:14: [voteban.amxx] Voteban starter Euforia against pander STEAM_0:1:37553329
L 09/20/2011 - 16:10:25: [voteban.amxx] Voteban starter Euforia against Misha STEAM_0:4:2126328322
L 09/20/2011 - 16:10:29: [voteban.amxx] [AMXX] BANNED: Misha, STARTER: Euforia
L 09/20/2011 - 16:10:30: [amxbans.amxx]  Зомби сервер (x_x(O_o)x_x) Go Zombie !!!<0><><> забанил Misha<STEAM_0:4:2126328322> на 15 минут (15 минут). Причина: VIP->Euforia.
L 09/20/2011 - 16:10:40: [voteban.amxx] [AMXX] BANNED: Misha, STARTER: Euforia
L 09/20/2011 - 16:19:11: [amxbans.amxx] [Amxbans] Запрос провален!
L 09/20/2011 - 16:19:11: [amxbans.amxx] [Amxbans] Ошибка, адрес: 18
L 09/20/2011 - 16:19:11: [amxbans.amxx] [Amxbans] Сообщение: You have an error in your SQL syntax; check the manual that corresponds to your MySQL server version for the right syntax to use near '' at line 1 (1064)
L 09/20/2011 - 16:19:11: [amxbans.amxx] [Amxbans] Статус запроса: 
L 09/20/2011 - 16:23:26: -------- Mapchange to zm_decline2k --------
L 09/20/2011 - 16:23:27: [admin_amxbans.amxx] Login: "F1-[G]amin[G] |G-man<1668><STEAM_0:0:299692916><>" became an admin (account "F1-[G]amin[G] |G-man") (access "t") (address "194.0.68.126")
L 09/20/2011 - 16:23:28: [amxbans.amxx] [AMXBANS] AMXBans 5.0 подключен
L 09/20/2011 - 16:23:35: [amxbans.amxx] [Amxbans] Запрос провален!
L 09/20/2011 - 16:23:35: [amxbans.amxx] [Amxbans] Ошибка, адрес: 18
L 09/20/2011 - 16:23:35: [amxbans.amxx] [Amxbans] Сообщение: You have an error in your SQL syntax; check the manual that corresponds to your MySQL server version for the right syntax to use near '' at line 1 (1064)
L 09/20/2011 - 16:23:35: [amxbans.amxx] [Amxbans] Статус запроса: 
L 09/20/2011 - 16:45:11: -------- Mapchange to zm_dwarf --------
L 09/20/2011 - 16:45:12: [admin_amxbans.amxx] Login: "F1-[G]amin[G] |G-man<1668><STEAM_0:0:299692916><>" became an admin (account "F1-[G]amin[G] |G-man") (access "t") (address "194.0.68.126")
L 09/20/2011 - 16:45:12: [amxbans.amxx] [AMXBANS] AMXBans 5.0 подключен
L 09/20/2011 - 16:45:19: [amxbans.amxx] [Amxbans] Запрос провален!
L 09/20/2011 - 16:45:19: [amxbans.amxx] [Amxbans] Ошибка, адрес: 18
L 09/20/2011 - 16:45:19: [amxbans.amxx] [Amxbans] Сообщение: You have an error in your SQL syntax; check the manual that corresponds to your MySQL server version for the right syntax to use near '' at line 1 (1064)
L 09/20/2011 - 16:45:19: [amxbans.amxx] [Amxbans] Статус запроса: 
L 09/20/2011 - 17:06:02: -------- Mapchange to ze_egypt --------
L 09/20/2011 - 17:06:03: [admin_amxbans.amxx] Login: "F1-[G]amin[G] |G-man<1668><STEAM_0:0:299692916><>" became an admin (account "F1-[G]amin[G] |G-man") (access "t") (address "194.0.68.126")
L 09/20/2011 - 17:06:03: [admin_amxbans.amxx] Login: "F1-[G]amin[G] |G-man<1800><STEAM_0:0:299692916><>" became an admin (account "F1-[G]amin[G] |G-man") (access "t") (address "194.0.68.126")
L 09/20/2011 - 17:06:03: [amxbans.amxx] [AMXBANS] AMXBans 5.0 подключен
L 09/20/2011 - 17:09:11: [admin_amxbans.amxx] Login: "F1-[G]amin[G] |G-man<1833><STEAM_0:0:299692916><>" became an admin (account "F1-[G]amin[G] |G-man") (access "t") (address "194.0.68.126")
L 09/20/2011 - 17:09:15: [admin_amxbans.amxx] Login: "F1-[G]amin[G] |G-man<1834><STEAM_0:0:299692916><>" became an admin (account "F1-[G]amin[G] |G-man") (access "t") (address "194.0.68.126")
L 09/20/2011 - 17:10:37: [admin_amxbans.amxx] Login: "Euforia<1835><STEAM_0:0:1365425199><>" became an admin (account "Euforia") (access "t") (address "188.123.245.19")
L 09/20/2011 - 17:10:46: [admin_amxbans.amxx] Login: "Euforia<1836><STEAM_0:0:1365425199><>" became an admin (account "Euforia") (access "t") (address "188.123.245.19")
L 09/20/2011 - 17:11:47: [voteban.amxx] Voteban starter F1-[G]amin[G] |G-man against pRoSoTo kulya STEAM_0:0:1775150872
L 09/20/2011 - 17:12:02: [voteban.amxx] [AMXX] BANNED: pRoSoTo kulya, STARTER: F1-[G]amin[G] |G-man
L 09/20/2011 - 17:12:03: [amxbans.amxx]  Зомби сервер (x_x(O_o)x_x) Go Zombie !!!<0><><> забанил pRoSoTo kulya<STEAM_0:0:1775150872> на 15 минут (15 минут). Причина: VIP->F1-[G]amin[G] |G-man.
L 09/20/2011 - 17:18:15: -------- Mapchange to zm_neris --------
L 09/20/2011 - 17:18:16: [admin_amxbans.amxx] Login: "F1-[G]amin[G] |G-man<1834><STEAM_0:0:299692916><>" became an admin (account "F1-[G]amin[G] |G-man") (access "t") (address "194.0.68.126")
L 09/20/2011 - 17:18:17: [amxbans.amxx] [AMXBANS] AMXBans 5.0 подключен
L 09/20/2011 - 17:26:16: [admin_amxbans.amxx] Login: "Zloy-Tupoy-Buhoy [Str,RUS]<1866><STEAM_0:4:1642194419><>" became an admin (account "Zloy-Tupoy-Buhoy [Str,RUS]") (access "t") (address "94.41.159.106")
L 09/20/2011 - 17:41:09: -------- Mapchange to zm_fdust2x2 --------
L 09/20/2011 - 17:41:10: [admin_amxbans.amxx] Login: "Zloy-Tupoy-Buhoy [Str,RUS]<1866><STEAM_0:4:1642194419><>" became an admin (account "Zloy-Tupoy-Buhoy [Str,RUS]") (access "t") (address "94.41.159.106")
L 09/20/2011 - 17:41:10: [admin_amxbans.amxx] Login: "F1-[G]amin[G] |G-man<1834><STEAM_0:0:299692916><>" became an admin (account "F1-[G]amin[G] |G-man") (access "t") (address "194.0.68.126")
L 09/20/2011 - 17:41:11: [amxbans.amxx] [AMXBANS] AMXBans 5.0 подключен
L 09/20/2011 - 18:01:29: -------- Mapchange to zm_666_brick --------
L 09/20/2011 - 18:01:30: [admin_amxbans.amxx] Login: "Zloy-Tupoy-Buhoy [Str,RUS]<1866><STEAM_0:4:1642194419><>" became an admin (account "Zloy-Tupoy-Buhoy [Str,RUS]") (access "t") (address "94.41.159.106")
L 09/20/2011 - 18:01:30: [amxbans.amxx] [AMXBANS] AMXBans 5.0 подключен
L 09/20/2011 - 18:03:28: [voteban.amxx] Voteban starter Zloy-Tupoy-Buhoy [Str,RUS] against drakon [*] STEAM_0:0:1707410635
L 09/20/2011 - 18:03:43: [voteban.amxx] [AMXX] BANNED: drakon [*], STARTER: Zloy-Tupoy-Buhoy [Str,RUS]
L 09/20/2011 - 18:03:44: [amxbans.amxx]  Зомби сервер (x_x(O_o)x_x) Go Zombie !!!<0><><> забанил drakon [*]<STEAM_0:0:1707410635> на 15 минут (15 минут). Причина: VIP->Zloy-Tupoy-Buhoy [Str,RUS].
L 09/20/2011 - 18:04:25: [admin_amxbans.amxx] Login: "Zloy-Tupoy-Buhoy [Str,RUS]<1905><STEAM_0:4:1642194419><>" became an admin (account "Zloy-Tupoy-Buhoy [Str,RUS]") (access "t") (address "94.41.159.106")
L 09/20/2011 - 18:18:47: [amxbans.amxx] [Amxbans] Запрос провален!
L 09/20/2011 - 18:18:47: [amxbans.amxx] [Amxbans] Ошибка, адрес: 18
L 09/20/2011 - 18:18:47: [amxbans.amxx] [Amxbans] Сообщение: You have an error in your SQL syntax; check the manual that corresponds to your MySQL server version for the right syntax to use near '' at line 1 (1064)
L 09/20/2011 - 18:18:47: [amxbans.amxx] [Amxbans] Статус запроса: 
L 09/20/2011 - 18:22:48: -------- Mapchange to 016 --------
L 09/20/2011 - 18:22:49: [admin_amxbans.amxx] Login: "Zloy-Tupoy-Buhoy [Str,RUS]<1905><STEAM_0:4:1642194419><>" became an admin (account "Zloy-Tupoy-Buhoy [Str,RUS]") (access "t") (address "94.41.159.106")
L 09/20/2011 - 18:22:50: [amxbans.amxx] [AMXBANS] AMXBans 5.0 подключен
L 09/20/2011 - 18:22:56: [amxbans.amxx] [Amxbans] Запрос провален!
L 09/20/2011 - 18:22:56: [amxbans.amxx] [Amxbans] Ошибка, адрес: 18
L 09/20/2011 - 18:22:56: [amxbans.amxx] [Amxbans] Сообщение: You have an error in your SQL syntax; check the manual that corresponds to your MySQL server version for the right syntax to use near '' at line 1 (1064)
L 09/20/2011 - 18:22:56: [amxbans.amxx] [Amxbans] Статус запроса: 
L 09/20/2011 - 18:26:02: [voteban.amxx] Voteban starter Zloy-Tupoy-Buhoy [Str,RUS] against drakon [*] STEAM_0:0:1707410635
L 09/20/2011 - 18:26:17: [voteban.amxx] [AMXX] BANNED: drakon [*], STARTER: Zloy-Tupoy-Buhoy [Str,RUS]
L 09/20/2011 - 18:26:18: [amxbans.amxx]  Зомби сервер (x_x(O_o)x_x) Go Zombie !!!<0><><> забанил drakon [*]<STEAM_0:0:1707410635> на 15 минут (15 минут). Причина: VIP->Zloy-Tupoy-Buhoy [Str,RUS].
L 09/20/2011 - 18:47:21: [admin_amxbans.amxx] Login: "Euforia<1955><STEAM_0:0:1365425199><>" became an admin (account "Euforia") (access "t") (address "188.123.245.19")
L 09/20/2011 - 18:53:01: -------- Mapchange to zm_vendetta --------
L 09/20/2011 - 18:53:02: [admin_amxbans.amxx] Login: "Euforia<1955><STEAM_0:0:1365425199><>" became an admin (account "Euforia") (access "t") (address "188.123.245.19")
L 09/20/2011 - 18:53:02: [admin_amxbans.amxx] Login: "Zloy-Tupoy-Buhoy [Str,RUS]<1905><STEAM_0:4:1642194419><>" became an admin (account "Zloy-Tupoy-Buhoy [Str,RUS]") (access "t") (address "94.41.159.106")
L 09/20/2011 - 18:53:03: [amxbans.amxx] [AMXBANS] AMXBans 5.0 подключен
L 09/20/2011 - 18:53:09: [amxbans.amxx] [Amxbans] Запрос провален!
L 09/20/2011 - 18:53:09: [amxbans.amxx] [Amxbans] Ошибка, адрес: 18
L 09/20/2011 - 18:53:09: [amxbans.amxx] [Amxbans] Сообщение: You have an error in your SQL syntax; check the manual that corresponds to your MySQL server version for the right syntax to use near '' at line 1 (1064)
L 09/20/2011 - 18:53:09: [amxbans.amxx] [Amxbans] Статус запроса: 
L 09/20/2011 - 18:53:48: [amxbans.amxx] [Amxbans] Запрос провален!
L 09/20/2011 - 18:53:48: [amxbans.amxx] [Amxbans] Ошибка, адрес: 18
L 09/20/2011 - 18:53:48: [amxbans.amxx] [Amxbans] Сообщение: You have an error in your SQL syntax; check the manual that corresponds to your MySQL server version for the right syntax to use near '' at line 1 (1064)
L 09/20/2011 - 18:53:48: [amxbans.amxx] [Amxbans] Статус запроса: 
L 09/20/2011 - 18:53:50: [admin_amxbans.amxx] Login: "Kenny<1971><STEAM_0:0:963405193><>" became an admin (account "Kenny") (access "abcdefghijlmnopqstu") (address "109.161.94.97")
L 09/20/2011 - 18:54:38: [amxbans.amxx] [Amxbans] Запрос провален!
L 09/20/2011 - 18:54:38: [amxbans.amxx] [Amxbans] Ошибка, адрес: 18
L 09/20/2011 - 18:54:38: [amxbans.amxx] [Amxbans] Сообщение: You have an error in your SQL syntax; check the manual that corresponds to your MySQL server version for the right syntax to use near '' at line 1 (1064)
L 09/20/2011 - 18:54:38: [amxbans.amxx] [Amxbans] Статус запроса: 
L 09/20/2011 - 18:55:43: [admin_amxbans.amxx] Login: "Zloy-Tupoy-Buhoy [Str,RUS]<1980><STEAM_0:4:1642194419><>" became an admin (account "Zloy-Tupoy-Buhoy [Str,RUS]") (access "t") (address "94.41.159.106")
L 09/20/2011 - 18:56:02: [mapsmenu.amxx] Cmd: "Kenny<1971><STEAM_0:0:963405193><>" changelevel "zm_303"
L 09/20/2011 - 18:56:04: -------- Mapchange to zm_303 --------
L 09/20/2011 - 18:56:05: [admin_amxbans.amxx] Login: "Kenny<1971><STEAM_0:0:963405193><>" became an admin (account "Kenny") (access "abcdefghijlmnopqstu") (address "109.161.94.97")
L 09/20/2011 - 18:56:05: [admin_amxbans.amxx] Login: "Zloy-Tupoy-Buhoy [Str,RUS]<1980><STEAM_0:4:1642194419><>" became an admin (account "Zloy-Tupoy-Buhoy [Str,RUS]") (access "t") (address "94.41.159.106")
L 09/20/2011 - 18:56:06: [amxbans.amxx] [AMXBANS] AMXBans 5.0 подключен
L 09/20/2011 - 18:56:10: [amxbans.amxx] [Amxbans] Запрос провален!
L 09/20/2011 - 18:56:10: [amxbans.amxx] [Amxbans] Ошибка, адрес: 18
L 09/20/2011 - 18:56:10: [amxbans.amxx] [Amxbans] Сообщение: You have an error in your SQL syntax; check the manual that corresponds to your MySQL server version for the right syntax to use near '' at line 1 (1064)
L 09/20/2011 - 18:56:10: [amxbans.amxx] [Amxbans] Статус запроса: 
L 09/20/2011 - 19:01:40: [voteban.amxx] Voteban starter Zloy-Tupoy-Buhoy [Str,RUS] against anton STEAM_0:4:466396914
L 09/20/2011 - 19:01:55: [voteban.amxx] [AMXX] BANNED: anton, STARTER: Zloy-Tupoy-Buhoy [Str,RUS]
L 09/20/2011 - 19:01:56: [amxbans.amxx]  Зомби сервер (x_x(O_o)x_x) Go Zombie !!!<0><><> забанил anton<STEAM_0:4:466396914> на 15 минут (15 минут). Причина: VIP->Zloy-Tupoy-Buhoy [Str,RUS].
L 09/20/2011 - 19:02:03: [admin_amxbans.amxx] Login: "Kenny<1989><STEAM_0:0:963405193><>" became an admin (account "Kenny") (access "abcdefghijlmnopqstu") (address "109.161.94.97")
L 09/20/2011 - 19:03:02: [voteban.amxx] Voteban starter Zloy-Tupoy-Buhoy [Str,RUS] against MaecTpo !!! STEAM_0:0:43723732
L 09/20/2011 - 19:03:17: [voteban.amxx] [AMXX] BANNED: MaecTpo !!!, STARTER: Zloy-Tupoy-Buhoy [Str,RUS]
L 09/20/2011 - 19:03:19: [amxbans.amxx]  Зомби сервер (x_x(O_o)x_x) Go Zombie !!!<0><><> забанил MaecTpo !!!<STEAM_0:0:43723732> на 15 минут (15 минут). Причина: VIP->Zloy-Tupoy-Buhoy [Str,RUS].
L 09/20/2011 - 19:13:18: [voteban.amxx] Voteban starter Zloy-Tupoy-Buhoy [Str,RUS] against S.T.A.L.K.E.R. (Rus85) STEAM_0:0:245971539
L 09/20/2011 - 19:13:33: [voteban.amxx] [AMXX] BANNED: S.T.A.L.K.E.R. (Rus85), STARTER: Zloy-Tupoy-Buhoy [Str,RUS]
L 09/20/2011 - 19:13:34: [amxbans.amxx]  Зомби сервер (x_x(O_o)x_x) Go Zombie !!!<0><><> забанил S.T.A.L.K.E.R. (Rus85)<STEAM_0:0:245971539> на 15 минут (15 минут). Причина: VIP->Zloy-Tupoy-Buhoy [Str,RUS].
L 09/20/2011 - 19:27:17: -------- Mapchange to ze_lift_escape_b5 --------
L 09/20/2011 - 19:27:18: [admin_amxbans.amxx] Login: "Zloy-Tupoy-Buhoy [Str,RUS]<1980><STEAM_0:4:1642194419><>" became an admin (account "Zloy-Tupoy-Buhoy [Str,RUS]") (access "t") (address "94.41.159.106")
L 09/20/2011 - 19:27:19: [amxbans.amxx] [AMXBANS] AMXBans 5.0 подключен
L 09/20/2011 - 19:29:45: [admin_amxbans.amxx] Login: "Zloy-Tupoy-Buhoy [Str,RUS]<2038><STEAM_0:4:2095506931><>" became an admin (account "Zloy-Tupoy-Buhoy [Str,RUS]") (access "t") (address "94.41.145.80")
L 09/20/2011 - 19:30:12: [admin_amxbans.amxx] Login: "Kenny<2039><STEAM_0:0:963405193><>" became an admin (account "Kenny") (access "abcdefghijlmnopqstu") (address "109.161.94.97")
L 09/20/2011 - 19:30:24: [admincmd.amxx] Cmd: "Kenny<2039><STEAM_0:0:963405193><>" ask for players list
L 09/20/2011 - 19:39:33: [amxbans.amxx] [Amxbans] Запрос провален!
L 09/20/2011 - 19:39:33: [amxbans.amxx] [Amxbans] Ошибка, адрес: 18
L 09/20/2011 - 19:39:33: [amxbans.amxx] [Amxbans] Сообщение: You have an error in your SQL syntax; check the manual that corresponds to your MySQL server version for the right syntax to use near ''amxb' at line 1 (1064)
L 09/20/2011 - 19:39:33: [amxbans.amxx] [Amxbans] Статус запроса: 
L 09/20/2011 - 19:44:27: -------- Mapchange to zm_caca --------
L 09/20/2011 - 19:44:29: [amxbans.amxx] [AMXBANS] AMXBans 5.0 подключен
L 09/20/2011 - 19:44:36: [amxbans.amxx] [Amxbans] Запрос провален!
L 09/20/2011 - 19:44:36: [amxbans.amxx] [Amxbans] Ошибка, адрес: 18
L 09/20/2011 - 19:44:36: [amxbans.amxx] [Amxbans] Сообщение: You have an error in your SQL syntax; check the manual that corresponds to your MySQL server version for the right syntax to use near ''amxb' at line 1 (1064)
L 09/20/2011 - 19:44:36: [amxbans.amxx] [Amxbans] Статус запроса: 
L 09/20/2011 - 19:59:57: [amxbans.amxx] [Amxbans] Запрос провален!
L 09/20/2011 - 19:59:57: [amxbans.amxx] [Amxbans] Ошибка, адрес: 18
L 09/20/2011 - 19:59:57: [amxbans.amxx] [Amxbans] Сообщение: You have an error in your SQL syntax; check the manual that corresponds to your MySQL server version for the right syntax to use near ''amxban' at line 1 (1064)
L 09/20/2011 - 19:59:57: [amxbans.amxx] [Amxbans] Статус запроса: 
L 09/20/2011 - 20:04:51: -------- Mapchange to zm_xata --------
L 09/20/2011 - 20:04:53: [amxbans.amxx] [AMXBANS] AMXBans 5.0 подключен
L 09/20/2011 - 20:04:59: [amxbans.amxx] [Amxbans] Запрос провален!
L 09/20/2011 - 20:04:59: [amxbans.amxx] [Amxbans] Ошибка, адрес: 18
L 09/20/2011 - 20:04:59: [amxbans.amxx] [Amxbans] Сообщение: You have an error in your SQL syntax; check the manual that corresponds to your MySQL server version for the right syntax to use near ''amxb' at line 1 (1064)
L 09/20/2011 - 20:04:59: [amxbans.amxx] [Amxbans] Статус запроса: 
L 09/20/2011 - 20:04:59: [amxbans.amxx] [Amxbans] Запрос провален!
L 09/20/2011 - 20:04:59: [amxbans.amxx] [Amxbans] Ошибка, адрес: 18
L 09/20/2011 - 20:04:59: [amxbans.amxx] [Amxbans] Сообщение: You have an error in your SQL syntax; check the manual that corresponds to your MySQL server version for the right syntax to use near ''amxban' at line 1 (1064)
L 09/20/2011 - 20:04:59: [amxbans.amxx] [Amxbans] Статус запроса: 
L 09/20/2011 - 20:08:38: [admin_amxbans.amxx] Login: "Kenny<2098><STEAM_0:0:963405193><>" became an admin (account "Kenny") (access "abcdefghijlmnopqstu") (address "109.161.94.97")
L 09/20/2011 - 20:08:56: [admin_amxbans.amxx] Login: "Lenusjka<2097><STEAM_0:0:35883115><>" kicked due to invalid password (account "Lenusjka") (address "85.254.164.121")
L 09/20/2011 - 20:25:18: -------- Mapchange to zm_dwarf --------
L 09/20/2011 - 20:25:19: [amxbans.amxx] [AMXBANS] AMXBans 5.0 подключен
L 09/20/2011 - 20:25:24: [amxbans.amxx] [Amxbans] Запрос провален!
L 09/20/2011 - 20:25:24: [amxbans.amxx] [Amxbans] Ошибка, адрес: 18
L 09/20/2011 - 20:25:24: [amxbans.amxx] [Amxbans] Сообщение: You have an error in your SQL syntax; check the manual that corresponds to your MySQL server version for the right syntax to use near ''amxb' at line 1 (1064)
L 09/20/2011 - 20:25:24: [amxbans.amxx] [Amxbans] Статус запроса: 
L 09/20/2011 - 20:25:24: [amxbans.amxx] [Amxbans] Запрос провален!
L 09/20/2011 - 20:25:24: [amxbans.amxx] [Amxbans] Ошибка, адрес: 18
L 09/20/2011 - 20:25:24: [amxbans.amxx] [Amxbans] Сообщение: You have an error in your SQL syntax; check the manual that corresponds to your MySQL server version for the right syntax to use near ''amxban' at line 1 (1064)
L 09/20/2011 - 20:25:24: [amxbans.amxx] [Amxbans] Статус запроса: 
L 09/20/2011 - 20:47:08: -------- Mapchange to ze_egypt --------
L 09/20/2011 - 20:47:10: [amxbans.amxx] [AMXBANS] AMXBans 5.0 подключен
L 09/20/2011 - 20:47:15: [amxbans.amxx] [Amxbans] Запрос провален!
L 09/20/2011 - 20:47:15: [amxbans.amxx] [Amxbans] Ошибка, адрес: 18
L 09/20/2011 - 20:47:15: [amxbans.amxx] [Amxbans] Сообщение: You have an error in your SQL syntax; check the manual that corresponds to your MySQL server version for the right syntax to use near ''amxb' at line 1 (1064)
L 09/20/2011 - 20:47:15: [amxbans.amxx] [Amxbans] Статус запроса: 
L 09/20/2011 - 20:47:16: [amxbans.amxx] [Amxbans] Запрос провален!
L 09/20/2011 - 20:47:16: [amxbans.amxx] [Amxbans] Ошибка, адрес: 18
L 09/20/2011 - 20:47:16: [amxbans.amxx] [Amxbans] Сообщение: You have an error in your SQL syntax; check the manual that corresponds to your MySQL server version for the right syntax to use near ''amxban' at line 1 (1064)
L 09/20/2011 - 20:47:16: [amxbans.amxx] [Amxbans] Статус запроса: 
L 09/20/2011 - 20:47:17: [amxbans.amxx] [Amxbans] Запрос провален!
L 09/20/2011 - 20:47:17: [amxbans.amxx] [Amxbans] Ошибка, адрес: 18
L 09/20/2011 - 20:47:17: [amxbans.amxx] [Amxbans] Сообщение: You have an error in your SQL syntax; check the manual that corresponds to your MySQL server version for the right syntax to use near ''amxb' at line 1 (1064)
L 09/20/2011 - 20:47:17: [amxbans.amxx] [Amxbans] Статус запроса: 
L 09/20/2011 - 20:47:18: [amxbans.amxx] [Amxbans] Запрос провален!
L 09/20/2011 - 20:47:18: [amxbans.amxx] [Amxbans] Ошибка, адрес: 18
L 09/20/2011 - 20:47:18: [amxbans.amxx] [Amxbans] Сообщение: You have an error in your SQL syntax; check the manual that corresponds to your MySQL server version for the right syntax to use near ''amxb' at line 1 (1064)
L 09/20/2011 - 20:47:18: [amxbans.amxx] [Amxbans] Статус запроса: 
L 09/20/2011 - 20:47:19: [amxbans.amxx] [Amxbans] Запрос провален!
L 09/20/2011 - 20:47:19: [amxbans.amxx] [Amxbans] Ошибка, адрес: 18
L 09/20/2011 - 20:47:19: [amxbans.amxx] [Amxbans] Сообщение: You have an error in your SQL syntax; check the manual that corresponds to your MySQL server version for the right syntax to use near ''amxban' at line 1 (1064)
L 09/20/2011 - 20:47:19: [amxbans.amxx] [Amxbans] Статус запроса: 
L 09/20/2011 - 21:03:56: -------- Mapchange to zm_fdust2x2 --------
L 09/20/2011 - 21:03:58: [amxbans.amxx] [AMXBANS] AMXBans 5.0 подключен
L 09/20/2011 - 21:04:04: [amxbans.amxx] [Amxbans] Запрос провален!
L 09/20/2011 - 21:04:04: [amxbans.amxx] [Amxbans] Ошибка, адрес: 18
L 09/20/2011 - 21:04:04: [amxbans.amxx] [Amxbans] Сообщение: You have an error in your SQL syntax; check the manual that corresponds to your MySQL server version for the right syntax to use near ''amxb' at line 1 (1064)
L 09/20/2011 - 21:04:04: [amxbans.amxx] [Amxbans] Статус запроса: 
L 09/20/2011 - 21:04:04: [amxbans.amxx] [Amxbans] Запрос провален!
L 09/20/2011 - 21:04:04: [amxbans.amxx] [Amxbans] Ошибка, адрес: 18
L 09/20/2011 - 21:04:04: [amxbans.amxx] [Amxbans] Сообщение: You have an error in your SQL syntax; check the manual that corresponds to your MySQL server version for the right syntax to use near ''amxb' at line 1 (1064)
L 09/20/2011 - 21:04:04: [amxbans.amxx] [Amxbans] Статус запроса: 
L 09/20/2011 - 21:04:05: [amxbans.amxx] [Amxbans] Запрос провален!
L 09/20/2011 - 21:04:05: [amxbans.amxx] [Amxbans] Ошибка, адрес: 18
L 09/20/2011 - 21:04:05: [amxbans.amxx] [Amxbans] Сообщение: You have an error in your SQL syntax; check the manual that corresponds to your MySQL server version for the right syntax to use near ''amxban' at line 1 (1064)
L 09/20/2011 - 21:04:05: [amxbans.amxx] [Amxbans] Статус запроса: 
L 09/20/2011 - 21:24:38: [amxbans.amxx] [Amxbans] Запрос провален!
L 09/20/2011 - 21:24:38: [amxbans.amxx] [Amxbans] Ошибка, адрес: 18
L 09/20/2011 - 21:24:38: [amxbans.amxx] [Amxbans] Сообщение: You have an error in your SQL syntax; check the manual that corresponds to your MySQL server version for the right syntax to use near ''Ba' at line 1 (1064)
L 09/20/2011 - 21:24:38: [amxbans.amxx] [Amxbans] Статус запроса: 
L 09/20/2011 - 21:27:03: -------- Mapchange to 016 --------
L 09/20/2011 - 21:27:05: [amxbans.amxx] [AMXBANS] AMXBans 5.0 подключен
L 09/20/2011 - 21:27:12: [amxbans.amxx] [Amxbans] Запрос провален!
L 09/20/2011 - 21:27:12: [amxbans.amxx] [Amxbans] Ошибка, адрес: 18
L 09/20/2011 - 21:27:12: [amxbans.amxx] [Amxbans] Сообщение: You have an error in your SQL syntax; check the manual that corresponds to your MySQL server version for the right syntax to use near ''amxb' at line 1 (1064)
L 09/20/2011 - 21:27:12: [amxbans.amxx] [Amxbans] Статус запроса: 
L 09/20/2011 - 21:27:12: [amxbans.amxx] [Amxbans] Запрос провален!
L 09/20/2011 - 21:27:12: [amxbans.amxx] [Amxbans] Ошибка, адрес: 18
L 09/20/2011 - 21:27:12: [amxbans.amxx] [Amxbans] Сообщение: You have an error in your SQL syntax; check the manual that corresponds to your MySQL server version for the right syntax to use near ''Ba' at line 1 (1064)
L 09/20/2011 - 21:27:12: [amxbans.amxx] [Amxbans] Статус запроса: 
L 09/20/2011 - 21:27:13: [amxbans.amxx] [Amxbans] Запрос провален!
L 09/20/2011 - 21:27:13: [amxbans.amxx] [Amxbans] Ошибка, адрес: 18
L 09/20/2011 - 21:27:13: [amxbans.amxx] [Amxbans] Сообщение: You have an error in your SQL syntax; check the manual that corresponds to your MySQL server version for the right syntax to use near ''amxb' at line 1 (1064)
L 09/20/2011 - 21:27:13: [amxbans.amxx] [Amxbans] Статус запроса: 
L 09/20/2011 - 21:27:14: [amxbans.amxx] [Amxbans] Запрос провален!
L 09/20/2011 - 21:27:14: [amxbans.amxx] [Amxbans] Ошибка, адрес: 18
L 09/20/2011 - 21:27:14: [amxbans.amxx] [Amxbans] Сообщение: You have an error in your SQL syntax; check the manual that corresponds to your MySQL server version for the right syntax to use near ''amxban' at line 1 (1064)
L 09/20/2011 - 21:27:14: [amxbans.amxx] [Amxbans] Статус запроса: 
L 09/20/2011 - 21:30:39: [admin_amxbans.amxx] Login: "Lenusjka<2233><STEAM_0:4:1429483121><>" kicked due to invalid password (account "Lenusjka") (address "91.190.52.3")
L 09/20/2011 - 21:45:15: [admin_amxbans.amxx] Login: "~Helena~<2243><STEAM_0:4:973098858><>" became an admin (account "~Helena~") (access "at") (address "109.124.92.221")
L 09/20/2011 - 21:45:32: [voteban.amxx] ADMIN banned Grindjo 89.110.16.29
L 09/20/2011 - 22:00:04: -------- Mapchange to ze_jurassicpark --------
L 09/20/2011 - 22:00:05: [admin_amxbans.amxx] Login: "~Helena~<2243><STEAM_0:4:973098858><>" became an admin (account "~Helena~") (access "at") (address "109.124.92.221")
L 09/20/2011 - 22:00:06: [admin_amxbans.amxx] Login: "~Helena~<2258><STEAM_0:4:973098858><>" became an admin (account "~Helena~") (access "at") (address "109.124.92.221")
L 09/20/2011 - 22:00:06: [amxbans.amxx] [AMXBANS] AMXBans 5.0 подключен
L 09/20/2011 - 22:00:12: [amxbans.amxx] [Amxbans] Запрос провален!
L 09/20/2011 - 22:00:12: [amxbans.amxx] [Amxbans] Ошибка, адрес: 18
L 09/20/2011 - 22:00:12: [amxbans.amxx] [Amxbans] Сообщение: You have an error in your SQL syntax; check the manual that corresponds to your MySQL server version for the right syntax to use near ''amxb' at line 1 (1064)
L 09/20/2011 - 22:00:12: [amxbans.amxx] [Amxbans] Статус запроса: 
L 09/20/2011 - 22:00:12: [amxbans.amxx] [Amxbans] Запрос провален!
L 09/20/2011 - 22:00:12: [amxbans.amxx] [Amxbans] Ошибка, адрес: 18
L 09/20/2011 - 22:00:12: [amxbans.amxx] [Amxbans] Сообщение: You have an error in your SQL syntax; check the manual that corresponds to your MySQL server version for the right syntax to use near ''Ba' at line 1 (1064)
L 09/20/2011 - 22:00:12: [amxbans.amxx] [Amxbans] Статус запроса: 
L 09/20/2011 - 22:02:56: [amxbans.amxx] [Amxbans] Запрос провален!
L 09/20/2011 - 22:02:56: [amxbans.amxx] [Amxbans] Ошибка, адрес: 18
L 09/20/2011 - 22:02:56: [amxbans.amxx] [Amxbans] Сообщение: You have an error in your SQL syntax; check the manual that corresponds to your MySQL server version for the right syntax to use near ''Ba' at line 1 (1064)
L 09/20/2011 - 22:02:56: [amxbans.amxx] [Amxbans] Статус запроса: 
L 09/20/2011 - 22:22:57: -------- Mapchange to zm_alfresco_v2 --------
L 09/20/2011 - 22:22:59: [amxbans.amxx] [AMXBANS] AMXBans 5.0 подключен
L 09/20/2011 - 22:23:05: [amxbans.amxx] [Amxbans] Запрос провален!
L 09/20/2011 - 22:23:05: [amxbans.amxx] [Amxbans] Ошибка, адрес: 18
L 09/20/2011 - 22:23:05: [amxbans.amxx] [Amxbans] Сообщение: You have an error in your SQL syntax; check the manual that corresponds to your MySQL server version for the right syntax to use near ''amxb' at line 1 (1064)
L 09/20/2011 - 22:23:05: [amxbans.amxx] [Amxbans] Статус запроса: 
L 09/20/2011 - 22:44:32: -------- Mapchange to zm_666_brick --------
L 09/20/2011 - 22:44:34: [amxbans.amxx] [AMXBANS] AMXBans 5.0 подключен
L 09/20/2011 - 23:06:43: -------- Mapchange to zm_303 --------
L 09/20/2011 - 23:06:45: [amxbans.amxx] [AMXBANS] AMXBans 5.0 подключен
L 09/20/2011 - 23:36:49: -------- Mapchange to zm_decline2k --------
L 09/20/2011 - 23:36:51: [amxbans.amxx] [AMXBANS] AMXBans 5.0 подключен
L 09/20/2011 - 23:57:40: -------- Mapchange to ze_lift_escape_b5 --------
L 09/20/2011 - 23:57:42: [amxbans.amxx] [AMXBANS] AMXBans 5.0 подключен
