L 09/29/2011 - 00:02:13: -------- Mapchange to ze_jurassicpark --------
L 09/29/2011 - 00:02:14: [admin_amxbans.amxx] Login: "Alecquant<1033><STEAM_0:4:565250032><>" became an admin (account "Alecquant") (access "t") (address "89.237.62.234")
L 09/29/2011 - 00:02:14: [amxbans.amxx] [AMXBANS] AMXBans 5.0 is online
L 09/29/2011 - 00:02:46: [admin_amxbans.amxx] Login: "on steam<1062><STEAM_0:0:44643826><>" became an admin (account "172.23.65.13") (access "l") (address "172.23.65.13")
L 09/29/2011 - 00:03:01: [admin_amxbans.amxx] Login: "steam on<1063><STEAM_0:0:44643826><>" became an admin (account "172.23.65.13") (access "l") (address "172.23.65.13")
L 09/29/2011 - 00:03:15: [admin_amxbans.amxx] Login: "steam on<1064><STEAM_0:0:44643826><>" became an admin (account "172.23.65.13") (access "l") (address "172.23.65.13")
L 09/29/2011 - 00:25:25: -------- Mapchange to zm_dwarf --------
L 09/29/2011 - 00:25:26: [admin_amxbans.amxx] Login: "steam on<1064><STEAM_0:0:44643826><>" became an admin (account "172.23.65.13") (access "l") (address "172.23.65.13")
L 09/29/2011 - 00:25:26: [admin_amxbans.amxx] Login: "Alecquant<1033><STEAM_0:4:565250032><>" became an admin (account "Alecquant") (access "t") (address "89.237.62.234")
L 09/29/2011 - 00:25:27: [amxbans.amxx] [AMXBANS] AMXBans 5.0 is online
L 09/29/2011 - 00:25:30: [admin_amxbans.amxx] Login: "steam on<1080><STEAM_0:0:44643826><>" became an admin (account "172.23.65.13") (access "l") (address "172.23.65.13")
L 09/29/2011 - 00:31:56: [admin_amxbans.amxx] Login: "Alecquant<1086><STEAM_0:4:565250032><>" became an admin (account "Alecquant") (access "t") (address "89.237.62.234")
L 09/29/2011 - 00:46:08: -------- Mapchange to ze_train_back_lg --------
L 09/29/2011 - 00:46:10: [amxbans.amxx] [AMXBANS] AMXBans 5.0 is online
L 09/29/2011 - 01:02:33: -------- Mapchange to ze_lift_escape_b5 --------
L 09/29/2011 - 01:02:34: [amxbans.amxx] [AMXBANS] AMXBans 5.0 is online
L 09/29/2011 - 01:18:45: -------- Mapchange to zm_cpl_mill_kamp --------
L 09/29/2011 - 01:18:46: [amxbans.amxx] [AMXBANS] AMXBans 5.0 is online
L 09/29/2011 - 01:41:11: -------- Mapchange to cs_militia --------
L 09/29/2011 - 01:41:16: [amxbans.amxx] [AMXBANS] AMXBans 5.0 is online
L 09/29/2011 - 01:46:01: -------- Mapchange to zm_303 --------
L 09/29/2011 - 01:46:03: [amxbans.amxx] [AMXBANS] AMXBans 5.0 is online
L 09/29/2011 - 01:49:07: -------- Mapchange to cs_estate --------
L 09/29/2011 - 01:49:09: [amxbans.amxx] [AMXBANS] AMXBans 5.0 is online
L 09/29/2011 - 01:59:02: -------- Mapchange to cs_estate --------
L 09/29/2011 - 01:59:05: [amxbans.amxx] [AMXBANS] AMXBans 5.0 is online
L 09/29/2011 - 02:08:58: -------- Mapchange to cs_estate --------
L 09/29/2011 - 02:09:01: [amxbans.amxx] [AMXBANS] AMXBans 5.0 is online
L 09/29/2011 - 02:18:54: -------- Mapchange to cs_estate --------
L 09/29/2011 - 02:18:57: [amxbans.amxx] [AMXBANS] AMXBans 5.0 is online
L 09/29/2011 - 02:28:47: -------- Mapchange to zm_fdust2x2 --------
L 09/29/2011 - 02:28:48: [amxbans.amxx] [AMXBANS] AMXBans 5.0 is online
L 09/29/2011 - 02:31:47: -------- Mapchange to cs_estate --------
L 09/29/2011 - 02:31:49: [amxbans.amxx] [AMXBANS] AMXBans 5.0 is online
L 09/29/2011 - 02:41:43: -------- Mapchange to cs_estate --------
L 09/29/2011 - 02:41:45: [amxbans.amxx] [AMXBANS] AMXBans 5.0 is online
L 09/29/2011 - 02:55:09: -------- Mapchange to cs_estate --------
L 09/29/2011 - 02:55:11: [amxbans.amxx] [AMXBANS] AMXBans 5.0 is online
L 09/29/2011 - 03:04:16: -------- Mapchange to zm_houses --------
L 09/29/2011 - 03:04:18: [amxbans.amxx] [AMXBANS] AMXBans 5.0 is online
L 09/29/2011 - 03:07:46: -------- Mapchange to cs_estate --------
L 09/29/2011 - 03:07:49: [amxbans.amxx] [AMXBANS] AMXBans 5.0 is online
L 09/29/2011 - 03:17:42: -------- Mapchange to cs_estate --------
L 09/29/2011 - 03:17:45: [amxbans.amxx] [AMXBANS] AMXBans 5.0 is online
L 09/29/2011 - 03:27:38: -------- Mapchange to cs_estate --------
L 09/29/2011 - 03:27:41: [amxbans.amxx] [AMXBANS] AMXBans 5.0 is online
L 09/29/2011 - 03:37:34: -------- Mapchange to cs_estate --------
L 09/29/2011 - 03:37:37: [amxbans.amxx] [AMXBANS] AMXBans 5.0 is online
L 09/29/2011 - 03:47:30: -------- Mapchange to cs_estate --------
L 09/29/2011 - 03:47:33: [amxbans.amxx] [AMXBANS] AMXBans 5.0 is online
L 09/29/2011 - 03:57:20: -------- Mapchange to cs_estate --------
L 09/29/2011 - 03:57:23: [amxbans.amxx] [AMXBANS] AMXBans 5.0 is online
L 09/29/2011 - 04:07:16: -------- Mapchange to cs_estate --------
L 09/29/2011 - 04:07:19: [amxbans.amxx] [AMXBANS] AMXBans 5.0 is online
L 09/29/2011 - 04:14:53: [amxbans.amxx] [Amxbans] Query failed!
L 09/29/2011 - 04:14:53: [amxbans.amxx] [Amxbans] Threaded query error, location: 18
L 09/29/2011 - 04:14:53: [amxbans.amxx] [Amxbans] Message: You have an error in your SQL syntax; check the manual that corresponds to your MySQL server version for the right syntax to use near '' at line 1 (1064)
L 09/29/2011 - 04:14:53: [amxbans.amxx] [Amxbans] Query statement: 
L 09/29/2011 - 04:22:39: -------- Mapchange to ze_lift_escape_b5 --------
L 09/29/2011 - 04:22:40: [amxbans.amxx] [AMXBANS] AMXBans 5.0 is online
L 09/29/2011 - 04:29:30: -------- Mapchange to cs_estate --------
L 09/29/2011 - 04:29:32: [amxbans.amxx] [AMXBANS] AMXBans 5.0 is online
L 09/29/2011 - 04:39:26: -------- Mapchange to cs_estate --------
L 09/29/2011 - 04:39:28: [amxbans.amxx] [AMXBANS] AMXBans 5.0 is online
L 09/29/2011 - 04:49:22: -------- Mapchange to cs_estate --------
L 09/29/2011 - 04:49:24: [amxbans.amxx] [AMXBANS] AMXBans 5.0 is online
L 09/29/2011 - 05:05:18: -------- Mapchange to cs_estate --------
L 09/29/2011 - 05:05:20: [amxbans.amxx] [AMXBANS] AMXBans 5.0 is online
L 09/29/2011 - 05:15:13: -------- Mapchange to cs_estate --------
L 09/29/2011 - 05:15:16: [amxbans.amxx] [AMXBANS] AMXBans 5.0 is online
L 09/29/2011 - 05:28:30: -------- Mapchange to zm_houses --------
L 09/29/2011 - 05:28:32: [amxbans.amxx] [AMXBANS] AMXBans 5.0 is online
L 09/29/2011 - 05:35:32: -------- Mapchange to cs_estate --------
L 09/29/2011 - 05:35:35: [amxbans.amxx] [AMXBANS] AMXBans 5.0 is online
L 09/29/2011 - 05:45:28: -------- Mapchange to cs_estate --------
L 09/29/2011 - 05:45:31: [amxbans.amxx] [AMXBANS] AMXBans 5.0 is online
L 09/29/2011 - 06:04:24: -------- Mapchange to cs_estate --------
L 09/29/2011 - 06:04:27: [amxbans.amxx] [AMXBANS] AMXBans 5.0 is online
L 09/29/2011 - 06:12:46: -------- Mapchange to zm_dwarf --------
L 09/29/2011 - 06:12:48: [amxbans.amxx] [AMXBANS] AMXBans 5.0 is online
L 09/29/2011 - 06:15:46: -------- Mapchange to cs_estate --------
L 09/29/2011 - 06:15:49: [amxbans.amxx] [AMXBANS] AMXBans 5.0 is online
L 09/29/2011 - 06:25:42: -------- Mapchange to cs_estate --------
L 09/29/2011 - 06:25:45: [amxbans.amxx] [AMXBANS] AMXBans 5.0 is online
L 09/29/2011 - 06:35:38: -------- Mapchange to cs_estate --------
L 09/29/2011 - 06:35:41: [amxbans.amxx] [AMXBANS] AMXBans 5.0 is online
L 09/29/2011 - 06:45:34: -------- Mapchange to cs_estate --------
L 09/29/2011 - 06:45:37: [amxbans.amxx] [AMXBANS] AMXBans 5.0 is online
L 09/29/2011 - 06:55:30: -------- Mapchange to cs_estate --------
L 09/29/2011 - 06:55:32: [amxbans.amxx] [AMXBANS] AMXBans 5.0 is online
L 09/29/2011 - 07:08:37: -------- Mapchange to 016 --------
L 09/29/2011 - 07:08:39: [amxbans.amxx] [AMXBANS] AMXBans 5.0 is online
L 09/29/2011 - 07:11:37: -------- Mapchange to cs_estate --------
L 09/29/2011 - 07:11:40: [amxbans.amxx] [AMXBANS] AMXBans 5.0 is online
L 09/29/2011 - 07:31:18: -------- Mapchange to cs_estate --------
L 09/29/2011 - 07:31:21: [amxbans.amxx] [AMXBANS] AMXBans 5.0 is online
L 09/29/2011 - 07:41:24: -------- Mapchange to zm_666_brick --------
L 09/29/2011 - 07:41:25: [amxbans.amxx] [AMXBANS] AMXBans 5.0 is online
L 09/29/2011 - 08:13:33: -------- Mapchange to ze_jurassicpark --------
L 09/29/2011 - 08:13:35: [amxbans.amxx] [AMXBANS] AMXBans 5.0 is online
L 09/29/2011 - 08:34:09: -------- Mapchange to ze_egypt --------
L 09/29/2011 - 08:34:11: [amxbans.amxx] [AMXBANS] AMXBans 5.0 is online
L 09/29/2011 - 09:00:52: -------- Mapchange to ze_train_back_lg --------
L 09/29/2011 - 09:00:53: [amxbans.amxx] [AMXBANS] AMXBans 5.0 is online
L 09/29/2011 - 09:11:43: -------- Mapchange to cs_estate --------
L 09/29/2011 - 09:11:46: [amxbans.amxx] [AMXBANS] AMXBans 5.0 is online
L 09/29/2011 - 09:27:50: -------- Mapchange to zm_decline2k --------
L 09/29/2011 - 09:27:52: [amxbans.amxx] [AMXBANS] AMXBans 5.0 is online
L 09/29/2011 - 09:42:04: -------- Mapchange to cs_estate --------
L 09/29/2011 - 09:42:07: [amxbans.amxx] [AMXBANS] AMXBans 5.0 is online
L 09/29/2011 - 09:52:00: -------- Mapchange to cs_estate --------
L 09/29/2011 - 09:52:03: [amxbans.amxx] [AMXBANS] AMXBans 5.0 is online
L 09/29/2011 - 10:01:56: -------- Mapchange to cs_estate --------
L 09/29/2011 - 10:01:58: [amxbans.amxx] [AMXBANS] AMXBans 5.0 is online
L 09/29/2011 - 10:20:51: -------- Mapchange to cs_estate --------
L 09/29/2011 - 10:20:54: [amxbans.amxx] [AMXBANS] AMXBans 5.0 is online
L 09/29/2011 - 10:32:26: -------- Mapchange to ze_lift_escape_b5 --------
L 09/29/2011 - 10:32:28: [amxbans.amxx] [AMXBANS] AMXBans 5.0 is online
L 09/29/2011 - 10:49:16: -------- Mapchange to zm_303 --------
L 09/29/2011 - 10:49:18: [amxbans.amxx] [AMXBANS] AMXBans 5.0 is online
L 09/29/2011 - 10:51:28: [admin_amxbans.amxx] Login: "Alecquant<1318><STEAM_0:4:565250032><>" became an admin (account "Alecquant") (access "t") (address "89.237.62.234")
L 09/29/2011 - 11:10:54: -------- Mapchange to zm_alfresco_v2 --------
L 09/29/2011 - 11:10:55: [amxbans.amxx] [AMXBANS] AMXBans 5.0 is online
L 09/29/2011 - 11:12:55: [admin_amxbans.amxx] Login: "1C ! f0sT*<1325><STEAM_0:0:1775504481><>" became an admin (account "1C ! f0sT*") (access "t") (address "109.205.254.58")
L 09/29/2011 - 11:24:58: -------- Mapchange to zm_caca --------
L 09/29/2011 - 11:24:58: [admin_amxbans.amxx] Login: "1C ! f0sT*<1325><STEAM_0:0:1775504481><>" became an admin (account "1C ! f0sT*") (access "t") (address "109.205.254.58")
L 09/29/2011 - 11:24:59: [amxbans.amxx] [AMXBANS] AMXBans 5.0 is online
L 09/29/2011 - 11:29:46: [amxbans.amxx] [Amxbans] Query failed!
L 09/29/2011 - 11:29:46: [amxbans.amxx] [Amxbans] Threaded query error, location: 18
L 09/29/2011 - 11:29:46: [amxbans.amxx] [Amxbans] Message: You have an error in your SQL syntax; check the manual that corresponds to your MySQL server version for the right syntax to use near ''Ba' at line 1 (1064)
L 09/29/2011 - 11:29:46: [amxbans.amxx] [Amxbans] Query statement: 
L 09/29/2011 - 11:46:26: -------- Mapchange to ze_jurassicpark --------
L 09/29/2011 - 11:46:27: [admin_amxbans.amxx] Login: "1C ! f0sT*<1325><STEAM_0:0:1775504481><>" became an admin (account "1C ! f0sT*") (access "t") (address "109.205.254.58")
L 09/29/2011 - 11:46:28: [amxbans.amxx] [AMXBANS] AMXBans 5.0 is online
L 09/29/2011 - 11:46:31: [amxbans.amxx] [Amxbans] Query failed!
L 09/29/2011 - 11:46:31: [amxbans.amxx] [Amxbans] Threaded query error, location: 18
L 09/29/2011 - 11:46:31: [amxbans.amxx] [Amxbans] Message: You have an error in your SQL syntax; check the manual that corresponds to your MySQL server version for the right syntax to use near ''Ba' at line 1 (1064)
L 09/29/2011 - 11:46:31: [amxbans.amxx] [Amxbans] Query statement: 
L 09/29/2011 - 12:06:30: -------- Mapchange to cs_militia --------
L 09/29/2011 - 12:06:35: [amxbans.amxx] [AMXBANS] AMXBans 5.0 is online
L 09/29/2011 - 12:06:40: [amxbans.amxx] [Amxbans] Query failed!
L 09/29/2011 - 12:06:40: [amxbans.amxx] [Amxbans] Threaded query error, location: 18
L 09/29/2011 - 12:06:40: [amxbans.amxx] [Amxbans] Message: You have an error in your SQL syntax; check the manual that corresponds to your MySQL server version for the right syntax to use near ''Ba' at line 1 (1064)
L 09/29/2011 - 12:06:40: [amxbans.amxx] [Amxbans] Query statement: 
L 09/29/2011 - 12:28:43: -------- Mapchange to zm_neris --------
L 09/29/2011 - 12:28:45: [amxbans.amxx] [AMXBANS] AMXBans 5.0 is online
L 09/29/2011 - 12:49:46: -------- Mapchange to zm_fdust2x2 --------
L 09/29/2011 - 12:49:47: [amxbans.amxx] [AMXBANS] AMXBans 5.0 is online
L 09/29/2011 - 13:13:09: -------- Mapchange to zm_666_brick --------
L 09/29/2011 - 13:13:10: [amxbans.amxx] [AMXBANS] AMXBans 5.0 is online
L 09/29/2011 - 13:43:26: -------- Mapchange to 016 --------
L 09/29/2011 - 13:43:28: [amxbans.amxx] [AMXBANS] AMXBans 5.0 is online
L 09/29/2011 - 14:14:32: -------- Mapchange to ze_egypt --------
L 09/29/2011 - 14:14:34: [amxbans.amxx] [AMXBANS] AMXBans 5.0 is online
L 09/29/2011 - 14:30:13: -------- Mapchange to zm_303 --------
L 09/29/2011 - 14:30:14: [amxbans.amxx] [AMXBANS] AMXBans 5.0 is online
L 09/29/2011 - 14:52:38: -------- Mapchange to ze_lift_escape_b5 --------
L 09/29/2011 - 14:52:40: [amxbans.amxx] [AMXBANS] AMXBans 5.0 is online
L 09/29/2011 - 15:03:37: [amxbans.amxx] [Amxbans] Query failed!
L 09/29/2011 - 15:03:37: [amxbans.amxx] [Amxbans] Threaded query error, location: 18
L 09/29/2011 - 15:03:37: [amxbans.amxx] [Amxbans] Message: You have an error in your SQL syntax; check the manual that corresponds to your MySQL server version for the right syntax to use near '' at line 1 (1064)
L 09/29/2011 - 15:03:37: [amxbans.amxx] [Amxbans] Query statement: 
L 09/29/2011 - 15:08:50: -------- Mapchange to zm_dwarf --------
L 09/29/2011 - 15:08:51: [amxbans.amxx] [AMXBANS] AMXBans 5.0 is online
L 09/29/2011 - 15:08:56: [amxbans.amxx] [Amxbans] Query failed!
L 09/29/2011 - 15:08:56: [amxbans.amxx] [Amxbans] Threaded query error, location: 18
L 09/29/2011 - 15:08:56: [amxbans.amxx] [Amxbans] Message: You have an error in your SQL syntax; check the manual that corresponds to your MySQL server version for the right syntax to use near '' at line 1 (1064)
L 09/29/2011 - 15:08:56: [amxbans.amxx] [Amxbans] Query statement: 
L 09/29/2011 - 15:11:39: [amxbans.amxx] [Amxbans] Query failed!
L 09/29/2011 - 15:11:39: [amxbans.amxx] [Amxbans] Threaded query error, location: 18
L 09/29/2011 - 15:11:39: [amxbans.amxx] [Amxbans] Message: You have an error in your SQL syntax; check the manual that corresponds to your MySQL server version for the right syntax to use near ''Bantime expired' at line 1 (1064)
L 09/29/2011 - 15:11:39: [amxbans.amxx] [Amxbans] Query statement: 
L 09/29/2011 - 15:18:21: [amxbans.amxx] [Amxbans] Query failed!
L 09/29/2011 - 15:18:21: [amxbans.amxx] [Amxbans] Threaded query error, location: 18
L 09/29/2011 - 15:18:21: [amxbans.amxx] [Amxbans] Message: You have an error in your SQL syntax; check the manual that corresponds to your MySQL server version for the right syntax to use near ''amxban' at line 1 (1064)
L 09/29/2011 - 15:18:21: [amxbans.amxx] [Amxbans] Query statement: 
L 09/29/2011 - 15:31:51: -------- Mapchange to ze_train_back_lg --------
L 09/29/2011 - 15:31:53: [amxbans.amxx] [AMXBANS] AMXBans 5.0 is online
L 09/29/2011 - 15:32:01: [amxbans.amxx] [Amxbans] Query failed!
L 09/29/2011 - 15:32:01: [amxbans.amxx] [Amxbans] Threaded query error, location: 18
L 09/29/2011 - 15:32:01: [amxbans.amxx] [Amxbans] Message: You have an error in your SQL syntax; check the manual that corresponds to your MySQL server version for the right syntax to use near '' at line 1 (1064)
L 09/29/2011 - 15:32:01: [amxbans.amxx] [Amxbans] Query statement: 
L 09/29/2011 - 15:32:01: [amxbans.amxx] [Amxbans] Query failed!
L 09/29/2011 - 15:32:01: [amxbans.amxx] [Amxbans] Threaded query error, location: 18
L 09/29/2011 - 15:32:01: [amxbans.amxx] [Amxbans] Message: You have an error in your SQL syntax; check the manual that corresponds to your MySQL server version for the right syntax to use near ''Bantime expired' at line 1 (1064)
L 09/29/2011 - 15:32:01: [amxbans.amxx] [Amxbans] Query statement: 
L 09/29/2011 - 15:32:02: [amxbans.amxx] [Amxbans] Query failed!
L 09/29/2011 - 15:32:02: [amxbans.amxx] [Amxbans] Threaded query error, location: 18
L 09/29/2011 - 15:32:02: [amxbans.amxx] [Amxbans] Message: You have an error in your SQL syntax; check the manual that corresponds to your MySQL server version for the right syntax to use near ''amxban' at line 1 (1064)
L 09/29/2011 - 15:32:02: [amxbans.amxx] [Amxbans] Query statement: 
L 09/29/2011 - 15:32:04: [amxbans.amxx] [Amxbans] Query failed!
L 09/29/2011 - 15:32:04: [amxbans.amxx] [Amxbans] Threaded query error, location: 18
L 09/29/2011 - 15:32:04: [amxbans.amxx] [Amxbans] Message: You have an error in your SQL syntax; check the manual that corresponds to your MySQL server version for the right syntax to use near ''Bantime expired' at line 1 (1064)
L 09/29/2011 - 15:32:04: [amxbans.amxx] [Amxbans] Query statement: 
L 09/29/2011 - 15:32:05: [amxbans.amxx] [Amxbans] Query failed!
L 09/29/2011 - 15:32:05: [amxbans.amxx] [Amxbans] Threaded query error, location: 18
L 09/29/2011 - 15:32:05: [amxbans.amxx] [Amxbans] Message: You have an error in your SQL syntax; check the manual that corresponds to your MySQL server version for the right syntax to use near ''amxban' at line 1 (1064)
L 09/29/2011 - 15:32:05: [amxbans.amxx] [Amxbans] Query statement: 
L 09/29/2011 - 15:32:45: [amxbans.amxx] [Amxbans] Query failed!
L 09/29/2011 - 15:32:45: [amxbans.amxx] [Amxbans] Threaded query error, location: 18
L 09/29/2011 - 15:32:45: [amxbans.amxx] [Amxbans] Message: You have an error in your SQL syntax; check the manual that corresponds to your MySQL server version for the right syntax to use near '' at line 1 (1064)
L 09/29/2011 - 15:32:45: [amxbans.amxx] [Amxbans] Query statement: 
L 09/29/2011 - 15:36:47: [amxbans.amxx] [Amxbans] Query failed!
L 09/29/2011 - 15:36:47: [amxbans.amxx] [Amxbans] Threaded query error, location: 18
L 09/29/2011 - 15:36:47: [amxbans.amxx] [Amxbans] Message: You have an error in your SQL syntax; check the manual that corresponds to your MySQL server version for the right syntax to use near ''' at line 1 (1064)
L 09/29/2011 - 15:36:47: [amxbans.amxx] [Amxbans] Query statement: 
L 09/29/2011 - 15:36:54: [amxbans.amxx] [Amxbans] Query failed!
L 09/29/2011 - 15:36:54: [amxbans.amxx] [Amxbans] Threaded query error, location: 18
L 09/29/2011 - 15:36:54: [amxbans.amxx] [Amxbans] Message: You have an error in your SQL syntax; check the manual that corresponds to your MySQL server version for the right syntax to use near ''' at line 1 (1064)
L 09/29/2011 - 15:36:54: [amxbans.amxx] [Amxbans] Query statement: 
L 09/29/2011 - 15:39:55: [amxbans.amxx] [Amxbans] Query failed!
L 09/29/2011 - 15:39:55: [amxbans.amxx] [Amxbans] Threaded query error, location: 18
L 09/29/2011 - 15:39:55: [amxbans.amxx] [Amxbans] Message: You have an error in your SQL syntax; check the manual that corresponds to your MySQL server version for the right syntax to use near '' at line 1 (1064)
L 09/29/2011 - 15:39:55: [amxbans.amxx] [Amxbans] Query statement: 
L 09/29/2011 - 15:39:59: [amxbans.amxx] [Amxbans] Query failed!
L 09/29/2011 - 15:39:59: [amxbans.amxx] [Amxbans] Threaded query error, location: 18
L 09/29/2011 - 15:39:59: [amxbans.amxx] [Amxbans] Message: You have an error in your SQL syntax; check the manual that corresponds to your MySQL server version for the right syntax to use near '' at line 1 (1064)
L 09/29/2011 - 15:39:59: [amxbans.amxx] [Amxbans] Query statement: 
L 09/29/2011 - 15:47:48: -------- Mapchange to ze_jurassicpark --------
L 09/29/2011 - 15:47:49: [amxbans.amxx] [AMXBANS] AMXBans 5.0 is online
L 09/29/2011 - 15:47:56: [amxbans.amxx] [Amxbans] Query failed!
L 09/29/2011 - 15:47:56: [amxbans.amxx] [Amxbans] Threaded query error, location: 18
L 09/29/2011 - 15:47:56: [amxbans.amxx] [Amxbans] Message: You have an error in your SQL syntax; check the manual that corresponds to your MySQL server version for the right syntax to use near ''amxban' at line 1 (1064)
L 09/29/2011 - 15:47:56: [amxbans.amxx] [Amxbans] Query statement: 
L 09/29/2011 - 15:47:56: [amxbans.amxx] [Amxbans] Query failed!
L 09/29/2011 - 15:47:56: [amxbans.amxx] [Amxbans] Threaded query error, location: 18
L 09/29/2011 - 15:47:56: [amxbans.amxx] [Amxbans] Message: You have an error in your SQL syntax; check the manual that corresponds to your MySQL server version for the right syntax to use near '' at line 1 (1064)
L 09/29/2011 - 15:47:56: [amxbans.amxx] [Amxbans] Query statement: 
L 09/29/2011 - 15:47:56: [amxbans.amxx] [Amxbans] Query failed!
L 09/29/2011 - 15:47:56: [amxbans.amxx] [Amxbans] Threaded query error, location: 18
L 09/29/2011 - 15:47:56: [amxbans.amxx] [Amxbans] Message: You have an error in your SQL syntax; check the manual that corresponds to your MySQL server version for the right syntax to use near ''Bantime expired' at line 1 (1064)
L 09/29/2011 - 15:47:56: [amxbans.amxx] [Amxbans] Query statement: 
L 09/29/2011 - 15:47:57: [amxbans.amxx] [Amxbans] Query failed!
L 09/29/2011 - 15:47:57: [amxbans.amxx] [Amxbans] Threaded query error, location: 18
L 09/29/2011 - 15:47:57: [amxbans.amxx] [Amxbans] Message: You have an error in your SQL syntax; check the manual that corresponds to your MySQL server version for the right syntax to use near ''' at line 1 (1064)
L 09/29/2011 - 15:47:57: [amxbans.amxx] [Amxbans] Query statement: 
L 09/29/2011 - 16:05:47: [amxbans.amxx] [Amxbans] Query failed!
L 09/29/2011 - 16:05:47: [amxbans.amxx] [Amxbans] Threaded query error, location: 18
L 09/29/2011 - 16:05:47: [amxbans.amxx] [Amxbans] Message: You have an error in your SQL syntax; check the manual that corresponds to your MySQL server version for the right syntax to use near ''amxban' at line 1 (1064)
L 09/29/2011 - 16:05:47: [amxbans.amxx] [Amxbans] Query statement: 
L 09/29/2011 - 16:07:09: [admin_amxbans.amxx] Login: "Lenusjka<1610><STEAM_0:4:1429483121><>" became an admin (account "Lenusjka") (access "eqt") (address "91.190.52.3")
L 09/29/2011 - 16:07:49: [admin_amxbans.amxx] Login: "4ebu[RUSH]ka<1611><STEAM_0:0:2107967446><>" became an admin (account "4ebu[RUSH]ka") (access "t") (address "78.36.155.182")
L 09/29/2011 - 16:08:22: [amxbans.amxx] [Amxbans] Query failed!
L 09/29/2011 - 16:08:22: [amxbans.amxx] [Amxbans] Threaded query error, location: 18
L 09/29/2011 - 16:08:22: [amxbans.amxx] [Amxbans] Message: You have an error in your SQL syntax; check the manual that corresponds to your MySQL server version for the right syntax to use near ''Ba' at line 1 (1064)
L 09/29/2011 - 16:08:22: [amxbans.amxx] [Amxbans] Query statement: 
L 09/29/2011 - 16:09:43: [amxbans.amxx] [Amxbans] Query failed!
L 09/29/2011 - 16:09:43: [amxbans.amxx] [Amxbans] Threaded query error, location: 18
L 09/29/2011 - 16:09:43: [amxbans.amxx] [Amxbans] Message: You have an error in your SQL syntax; check the manual that corresponds to your MySQL server version for the right syntax to use near '' at line 1 (1064)
L 09/29/2011 - 16:09:43: [amxbans.amxx] [Amxbans] Query statement: 
L 09/29/2011 - 16:09:57: -------- Mapchange to cs_militia --------
L 09/29/2011 - 16:10:01: [admin_amxbans.amxx] Login: "Lenusjka<1610><STEAM_0:4:1429483121><>" became an admin (account "Lenusjka") (access "eqt") (address "91.190.52.3")
L 09/29/2011 - 16:10:02: [amxbans.amxx] [AMXBANS] AMXBans 5.0 is online
L 09/29/2011 - 16:10:09: [amxbans.amxx] [Amxbans] Query failed!
L 09/29/2011 - 16:10:09: [amxbans.amxx] [Amxbans] Threaded query error, location: 18
L 09/29/2011 - 16:10:09: [amxbans.amxx] [Amxbans] Message: You have an error in your SQL syntax; check the manual that corresponds to your MySQL server version for the right syntax to use near '' at line 1 (1064)
L 09/29/2011 - 16:10:09: [amxbans.amxx] [Amxbans] Query statement: 
L 09/29/2011 - 16:10:09: [amxbans.amxx] [Amxbans] Query failed!
L 09/29/2011 - 16:10:09: [amxbans.amxx] [Amxbans] Threaded query error, location: 18
L 09/29/2011 - 16:10:09: [amxbans.amxx] [Amxbans] Message: You have an error in your SQL syntax; check the manual that corresponds to your MySQL server version for the right syntax to use near ''Ba' at line 1 (1064)
L 09/29/2011 - 16:10:09: [amxbans.amxx] [Amxbans] Query statement: 
L 09/29/2011 - 16:10:10: [amxbans.amxx] [Amxbans] Query failed!
L 09/29/2011 - 16:10:10: [amxbans.amxx] [Amxbans] Threaded query error, location: 18
L 09/29/2011 - 16:10:10: [amxbans.amxx] [Amxbans] Message: You have an error in your SQL syntax; check the manual that corresponds to your MySQL server version for the right syntax to use near ''amxban' at line 1 (1064)
L 09/29/2011 - 16:10:10: [amxbans.amxx] [Amxbans] Query statement: 
L 09/29/2011 - 16:11:03: [admin_amxbans.amxx] Login: "4ebu[RUSH]ka<1620><STEAM_0:0:2107967446><>" became an admin (account "4ebu[RUSH]ka") (access "t") (address "78.36.155.182")
L 09/29/2011 - 16:11:18: [admin_amxbans.amxx] Login: "4ebu[RUSH]ka<1621><STEAM_0:0:2107967446><>" became an admin (account "4ebu[RUSH]ka") (access "t") (address "78.36.155.182")
L 09/29/2011 - 16:13:48: [amxbans.amxx] [Amxbans] Query failed!
L 09/29/2011 - 16:13:48: [amxbans.amxx] [Amxbans] Threaded query error, location: 18
L 09/29/2011 - 16:13:48: [amxbans.amxx] [Amxbans] Message: You have an error in your SQL syntax; check the manual that corresponds to your MySQL server version for the right syntax to use near '' at line 1 (1064)
L 09/29/2011 - 16:13:48: [amxbans.amxx] [Amxbans] Query statement: 
L 09/29/2011 - 16:30:59: -------- Mapchange to zm_caca --------
L 09/29/2011 - 16:31:01: [amxbans.amxx] [AMXBANS] AMXBans 5.0 is online
L 09/29/2011 - 16:31:06: [amxbans.amxx] [Amxbans] Query failed!
L 09/29/2011 - 16:31:06: [amxbans.amxx] [Amxbans] Threaded query error, location: 18
L 09/29/2011 - 16:31:06: [amxbans.amxx] [Amxbans] Message: You have an error in your SQL syntax; check the manual that corresponds to your MySQL server version for the right syntax to use near ''Ba' at line 1 (1064)
L 09/29/2011 - 16:31:06: [amxbans.amxx] [Amxbans] Query statement: 
L 09/29/2011 - 16:31:07: [amxbans.amxx] [Amxbans] Query failed!
L 09/29/2011 - 16:31:07: [amxbans.amxx] [Amxbans] Threaded query error, location: 18
L 09/29/2011 - 16:31:07: [amxbans.amxx] [Amxbans] Message: You have an error in your SQL syntax; check the manual that corresponds to your MySQL server version for the right syntax to use near '' at line 1 (1064)
L 09/29/2011 - 16:31:07: [amxbans.amxx] [Amxbans] Query statement: 
L 09/29/2011 - 16:48:55: [admin_amxbans.amxx] Login: "Euforia<1653><STEAM_0:0:1631851413><>" kicked due to invalid password (account "Euforia") (address "188.123.245.19")
L 09/29/2011 - 16:49:07: [admin_amxbans.amxx] Login: "Euforia<1655><STEAM_0:0:1631851413><>" became an admin (account "Euforia") (access "t") (address "188.123.245.19")
L 09/29/2011 - 16:49:17: [admin_amxbans.amxx] Login: "Euforia<1656><STEAM_0:0:1631851413><>" became an admin (account "Euforia") (access "t") (address "188.123.245.19")
L 09/29/2011 - 16:52:15: -------- Mapchange to zm_666_brick --------
L 09/29/2011 - 16:52:16: [amxbans.amxx] [AMXBANS] AMXBans 5.0 is online
L 09/29/2011 - 16:52:23: [amxbans.amxx] [Amxbans] Query failed!
L 09/29/2011 - 16:52:23: [amxbans.amxx] [Amxbans] Threaded query error, location: 18
L 09/29/2011 - 16:52:23: [amxbans.amxx] [Amxbans] Message: You have an error in your SQL syntax; check the manual that corresponds to your MySQL server version for the right syntax to use near ''Ba' at line 1 (1064)
L 09/29/2011 - 16:52:23: [amxbans.amxx] [Amxbans] Query statement: 
L 09/29/2011 - 16:52:24: [amxbans.amxx] [Amxbans] Query failed!
L 09/29/2011 - 16:52:24: [amxbans.amxx] [Amxbans] Threaded query error, location: 18
L 09/29/2011 - 16:52:24: [amxbans.amxx] [Amxbans] Message: You have an error in your SQL syntax; check the manual that corresponds to your MySQL server version for the right syntax to use near '' at line 1 (1064)
L 09/29/2011 - 16:52:24: [amxbans.amxx] [Amxbans] Query statement: 
L 09/29/2011 - 17:23:58: -------- Mapchange to zm_fdust2x2 --------
L 09/29/2011 - 17:24:00: [amxbans.amxx] [AMXBANS] AMXBans 5.0 is online
L 09/29/2011 - 17:47:04: -------- Mapchange to 016 --------
L 09/29/2011 - 17:47:06: [amxbans.amxx] [AMXBANS] AMXBans 5.0 is online
L 09/29/2011 - 17:49:07: [amxbans.amxx] [Amxbans] Query failed!
L 09/29/2011 - 17:49:07: [amxbans.amxx] [Amxbans] Threaded query error, location: 18
L 09/29/2011 - 17:49:07: [amxbans.amxx] [Amxbans] Message: You have an error in your SQL syntax; check the manual that corresponds to your MySQL server version for the right syntax to use near '' at line 1 (1064)
L 09/29/2011 - 17:49:07: [amxbans.amxx] [Amxbans] Query statement: 
L 09/29/2011 - 17:49:39: [amxbans.amxx] [Amxbans] Query failed!
L 09/29/2011 - 17:49:39: [amxbans.amxx] [Amxbans] Threaded query error, location: 18
L 09/29/2011 - 17:49:39: [amxbans.amxx] [Amxbans] Message: You have an error in your SQL syntax; check the manual that corresponds to your MySQL server version for the right syntax to use near ''Bantime expired' at line 1 (1064)
L 09/29/2011 - 17:49:39: [amxbans.amxx] [Amxbans] Query statement: 
L 09/29/2011 - 17:52:19: [amxbans.amxx] [Amxbans] Query failed!
L 09/29/2011 - 17:52:19: [amxbans.amxx] [Amxbans] Threaded query error, location: 18
L 09/29/2011 - 17:52:19: [amxbans.amxx] [Amxbans] Message: You have an error in your SQL syntax; check the manual that corresponds to your MySQL server version for the right syntax to use near ''Bantime expired' at line 1 (1064)
L 09/29/2011 - 17:52:19: [amxbans.amxx] [Amxbans] Query statement: 
L 09/29/2011 - 18:07:46: [amxbans.amxx] [Amxbans] Query failed!
L 09/29/2011 - 18:07:46: [amxbans.amxx] [Amxbans] Threaded query error, location: 18
L 09/29/2011 - 18:07:46: [amxbans.amxx] [Amxbans] Message: You have an error in your SQL syntax; check the manual that corresponds to your MySQL server version for the right syntax to use near '' at line 1 (1064)
L 09/29/2011 - 18:07:46: [amxbans.amxx] [Amxbans] Query statement: 
L 09/29/2011 - 18:14:06: [amxbans.amxx] [Amxbans] Query failed!
L 09/29/2011 - 18:14:06: [amxbans.amxx] [Amxbans] Threaded query error, location: 18
L 09/29/2011 - 18:14:06: [amxbans.amxx] [Amxbans] Message: You have an error in your SQL syntax; check the manual that corresponds to your MySQL server version for the right syntax to use near '' at line 1 (1064)
L 09/29/2011 - 18:14:06: [amxbans.amxx] [Amxbans] Query statement: 
L 09/29/2011 - 18:17:52: -------- Mapchange to ze_lift_escape_b5 --------
L 09/29/2011 - 18:17:54: [amxbans.amxx] [AMXBANS] AMXBans 5.0 is online
L 09/29/2011 - 18:18:00: [amxbans.amxx] [Amxbans] Query failed!
L 09/29/2011 - 18:18:00: [amxbans.amxx] [Amxbans] Threaded query error, location: 18
L 09/29/2011 - 18:18:00: [amxbans.amxx] [Amxbans] Message: You have an error in your SQL syntax; check the manual that corresponds to your MySQL server version for the right syntax to use near ''Bantime expired' at line 1 (1064)
L 09/29/2011 - 18:18:00: [amxbans.amxx] [Amxbans] Query statement: 
L 09/29/2011 - 18:18:00: [amxbans.amxx] [Amxbans] Query failed!
L 09/29/2011 - 18:18:00: [amxbans.amxx] [Amxbans] Threaded query error, location: 18
L 09/29/2011 - 18:18:00: [amxbans.amxx] [Amxbans] Message: You have an error in your SQL syntax; check the manual that corresponds to your MySQL server version for the right syntax to use near '' at line 1 (1064)
L 09/29/2011 - 18:18:00: [amxbans.amxx] [Amxbans] Query statement: 
L 09/29/2011 - 18:23:06: [amxbans.amxx] [Amxbans] Query failed!
L 09/29/2011 - 18:23:06: [amxbans.amxx] [Amxbans] Threaded query error, location: 18
L 09/29/2011 - 18:23:06: [amxbans.amxx] [Amxbans] Message: You have an error in your SQL syntax; check the manual that corresponds to your MySQL server version for the right syntax to use near '' at line 1 (1064)
L 09/29/2011 - 18:23:06: [amxbans.amxx] [Amxbans] Query statement: 
L 09/29/2011 - 18:33:56: -------- Mapchange to ze_egypt --------
L 09/29/2011 - 18:33:57: [amxbans.amxx] [AMXBANS] AMXBans 5.0 is online
L 09/29/2011 - 18:34:04: [amxbans.amxx] [Amxbans] Query failed!
L 09/29/2011 - 18:34:04: [amxbans.amxx] [Amxbans] Threaded query error, location: 18
L 09/29/2011 - 18:34:04: [amxbans.amxx] [Amxbans] Message: You have an error in your SQL syntax; check the manual that corresponds to your MySQL server version for the right syntax to use near ''Bantime expired' at line 1 (1064)
L 09/29/2011 - 18:34:04: [amxbans.amxx] [Amxbans] Query statement: 
L 09/29/2011 - 18:34:08: [amxbans.amxx] [Amxbans] Query failed!
L 09/29/2011 - 18:34:08: [amxbans.amxx] [Amxbans] Threaded query error, location: 18
L 09/29/2011 - 18:34:08: [amxbans.amxx] [Amxbans] Message: You have an error in your SQL syntax; check the manual that corresponds to your MySQL server version for the right syntax to use near '' at line 1 (1064)
L 09/29/2011 - 18:34:08: [amxbans.amxx] [Amxbans] Query statement: 
L 09/29/2011 - 18:34:09: [amxbans.amxx] [Amxbans] Query failed!
L 09/29/2011 - 18:34:09: [amxbans.amxx] [Amxbans] Threaded query error, location: 18
L 09/29/2011 - 18:34:09: [amxbans.amxx] [Amxbans] Message: You have an error in your SQL syntax; check the manual that corresponds to your MySQL server version for the right syntax to use near ''Bantime expired' at line 1 (1064)
L 09/29/2011 - 18:34:09: [amxbans.amxx] [Amxbans] Query statement: 
L 09/29/2011 - 18:34:09: [amxbans.amxx] [Amxbans] Query failed!
L 09/29/2011 - 18:34:09: [amxbans.amxx] [Amxbans] Threaded query error, location: 18
L 09/29/2011 - 18:34:09: [amxbans.amxx] [Amxbans] Message: You have an error in your SQL syntax; check the manual that corresponds to your MySQL server version for the right syntax to use near '' at line 1 (1064)
L 09/29/2011 - 18:34:09: [amxbans.amxx] [Amxbans] Query statement: 
L 09/29/2011 - 18:35:36: [amxbans.amxx] [Amxbans] Query failed!
L 09/29/2011 - 18:35:36: [amxbans.amxx] [Amxbans] Threaded query error, location: 18
L 09/29/2011 - 18:35:36: [amxbans.amxx] [Amxbans] Message: You have an error in your SQL syntax; check the manual that corresponds to your MySQL server version for the right syntax to use near '' at line 1 (1064)
L 09/29/2011 - 18:35:36: [amxbans.amxx] [Amxbans] Query statement: 
L 09/29/2011 - 18:39:59: [amxbans.amxx] [Amxbans] Query failed!
L 09/29/2011 - 18:39:59: [amxbans.amxx] [Amxbans] Threaded query error, location: 18
L 09/29/2011 - 18:39:59: [amxbans.amxx] [Amxbans] Message: You have an error in your SQL syntax; check the manual that corresponds to your MySQL server version for the right syntax to use near '' at line 1 (1064)
L 09/29/2011 - 18:39:59: [amxbans.amxx] [Amxbans] Query statement: 
L 09/29/2011 - 18:49:23: -------- Mapchange to zm_alfresco_v2 --------
L 09/29/2011 - 18:49:25: [amxbans.amxx] [AMXBANS] AMXBans 5.0 is online
L 09/29/2011 - 18:49:31: [amxbans.amxx] [Amxbans] Query failed!
L 09/29/2011 - 18:49:31: [amxbans.amxx] [Amxbans] Threaded query error, location: 18
L 09/29/2011 - 18:49:31: [amxbans.amxx] [Amxbans] Message: You have an error in your SQL syntax; check the manual that corresponds to your MySQL server version for the right syntax to use near '' at line 1 (1064)
L 09/29/2011 - 18:49:31: [amxbans.amxx] [Amxbans] Query statement: 
L 09/29/2011 - 19:00:48: [amxbans.amxx] [Amxbans] Query failed!
L 09/29/2011 - 19:00:48: [amxbans.amxx] [Amxbans] Threaded query error, location: 18
L 09/29/2011 - 19:00:48: [amxbans.amxx] [Amxbans] Message: You have an error in your SQL syntax; check the manual that corresponds to your MySQL server version for the right syntax to use near '' at line 1 (1064)
L 09/29/2011 - 19:00:48: [amxbans.amxx] [Amxbans] Query statement: 
L 09/29/2011 - 19:03:07: [amxbans.amxx] [Amxbans] Query failed!
L 09/29/2011 - 19:03:07: [amxbans.amxx] [Amxbans] Threaded query error, location: 18
L 09/29/2011 - 19:03:07: [amxbans.amxx] [Amxbans] Message: You have an error in your SQL syntax; check the manual that corresponds to your MySQL server version for the right syntax to use near '' at line 1 (1064)
L 09/29/2011 - 19:03:07: [amxbans.amxx] [Amxbans] Query statement: 
L 09/29/2011 - 19:04:11: [amxbans.amxx] [Amxbans] Query failed!
L 09/29/2011 - 19:04:11: [amxbans.amxx] [Amxbans] Threaded query error, location: 18
L 09/29/2011 - 19:04:11: [amxbans.amxx] [Amxbans] Message: You have an error in your SQL syntax; check the manual that corresponds to your MySQL server version for the right syntax to use near ''Bantime expired' at line 1 (1064)
L 09/29/2011 - 19:04:11: [amxbans.amxx] [Amxbans] Query statement: 
L 09/29/2011 - 19:09:54: [amxbans.amxx] [Amxbans] Query failed!
L 09/29/2011 - 19:09:54: [amxbans.amxx] [Amxbans] Threaded query error, location: 18
L 09/29/2011 - 19:09:54: [amxbans.amxx] [Amxbans] Message: You have an error in your SQL syntax; check the manual that corresponds to your MySQL server version for the right syntax to use near ''Bantime expired' at line 1 (1064)
L 09/29/2011 - 19:09:54: [amxbans.amxx] [Amxbans] Query statement: 
L 09/29/2011 - 19:11:05: -------- Mapchange to zm_dwarf --------
L 09/29/2011 - 19:11:06: [amxbans.amxx] [AMXBANS] AMXBans 5.0 is online
L 09/29/2011 - 19:11:13: [amxbans.amxx] [Amxbans] Query failed!
L 09/29/2011 - 19:11:13: [amxbans.amxx] [Amxbans] Threaded query error, location: 18
L 09/29/2011 - 19:11:13: [amxbans.amxx] [Amxbans] Message: You have an error in your SQL syntax; check the manual that corresponds to your MySQL server version for the right syntax to use near ''Bantime expired' at line 1 (1064)
L 09/29/2011 - 19:11:13: [amxbans.amxx] [Amxbans] Query statement: 
L 09/29/2011 - 19:11:14: [amxbans.amxx] [Amxbans] Query failed!
L 09/29/2011 - 19:11:14: [amxbans.amxx] [Amxbans] Threaded query error, location: 18
L 09/29/2011 - 19:11:14: [amxbans.amxx] [Amxbans] Message: You have an error in your SQL syntax; check the manual that corresponds to your MySQL server version for the right syntax to use near '' at line 1 (1064)
L 09/29/2011 - 19:11:14: [amxbans.amxx] [Amxbans] Query statement: 
L 09/29/2011 - 19:22:19: [amxbans.amxx] [Amxbans] Query failed!
L 09/29/2011 - 19:22:19: [amxbans.amxx] [Amxbans] Threaded query error, location: 18
L 09/29/2011 - 19:22:19: [amxbans.amxx] [Amxbans] Message: You have an error in your SQL syntax; check the manual that corresponds to your MySQL server version for the right syntax to use near '' at line 1 (1064)
L 09/29/2011 - 19:22:19: [amxbans.amxx] [Amxbans] Query statement: 
L 09/29/2011 - 19:33:01: -------- Mapchange to ze_jurassicpark --------
L 09/29/2011 - 19:33:02: [amxbans.amxx] [AMXBANS] AMXBans 5.0 is online
L 09/29/2011 - 19:33:09: [amxbans.amxx] [Amxbans] Query failed!
L 09/29/2011 - 19:33:09: [amxbans.amxx] [Amxbans] Threaded query error, location: 18
L 09/29/2011 - 19:33:09: [amxbans.amxx] [Amxbans] Message: You have an error in your SQL syntax; check the manual that corresponds to your MySQL server version for the right syntax to use near ''Bantime expired' at line 1 (1064)
L 09/29/2011 - 19:33:09: [amxbans.amxx] [Amxbans] Query statement: 
L 09/29/2011 - 19:38:16: [admin_amxbans.amxx] Login: "Zloy-Tupoy-Buhoy [Str,RUS]<1875><STEAM_0:4:1515738045><>" kicked due to invalid password (account "Zloy-Tupoy-Buhoy [Str,RUS]") (address "195.69.236.29")
L 09/29/2011 - 19:41:35: [admin_amxbans.amxx] Login: "Lenusjka<1877><STEAM_0:4:1429483121><>" became an admin (account "Lenusjka") (access "eqt") (address "91.190.52.3")
L 09/29/2011 - 19:42:43: [admincmd.amxx] Cmd: "Lenusjka<1877><STEAM_0:4:1429483121><>" slap with 0 damage "v_1<1856><STEAM_0:4:1842610251><>"
L 09/29/2011 - 19:42:49: [admincmd.amxx] Cmd: "Lenusjka<1877><STEAM_0:4:1429483121><>" slap with 0 damage "v_1<1856><STEAM_0:4:1842610251><>"
L 09/29/2011 - 19:42:50: [admincmd.amxx] Cmd: "Lenusjka<1877><STEAM_0:4:1429483121><>" slap with 0 damage "v_1<1856><STEAM_0:4:1842610251><>"
L 09/29/2011 - 19:42:50: [admincmd.amxx] Cmd: "Lenusjka<1877><STEAM_0:4:1429483121><>" slap with 0 damage "v_1<1856><STEAM_0:4:1842610251><>"
L 09/29/2011 - 19:42:50: [admincmd.amxx] Cmd: "Lenusjka<1877><STEAM_0:4:1429483121><>" slap with 0 damage "v_1<1856><STEAM_0:4:1842610251><>"
L 09/29/2011 - 19:42:50: [admincmd.amxx] Cmd: "Lenusjka<1877><STEAM_0:4:1429483121><>" slap with 0 damage "v_1<1856><STEAM_0:4:1842610251><>"
L 09/29/2011 - 19:42:51: [admincmd.amxx] Cmd: "Lenusjka<1877><STEAM_0:4:1429483121><>" slap with 0 damage "v_1<1856><STEAM_0:4:1842610251><>"
L 09/29/2011 - 19:42:51: [admincmd.amxx] Cmd: "Lenusjka<1877><STEAM_0:4:1429483121><>" slap with 0 damage "v_1<1856><STEAM_0:4:1842610251><>"
L 09/29/2011 - 19:42:51: [admincmd.amxx] Cmd: "Lenusjka<1877><STEAM_0:4:1429483121><>" slap with 0 damage "v_1<1856><STEAM_0:4:1842610251><>"
L 09/29/2011 - 19:42:51: [admincmd.amxx] Cmd: "Lenusjka<1877><STEAM_0:4:1429483121><>" slap with 0 damage "v_1<1856><STEAM_0:4:1842610251><>"
L 09/29/2011 - 19:42:51: [admincmd.amxx] Cmd: "Lenusjka<1877><STEAM_0:4:1429483121><>" slap with 0 damage "v_1<1856><STEAM_0:4:1842610251><>"
L 09/29/2011 - 19:42:52: [admincmd.amxx] Cmd: "Lenusjka<1877><STEAM_0:4:1429483121><>" slap with 0 damage "v_1<1856><STEAM_0:4:1842610251><>"
L 09/29/2011 - 19:42:52: [admincmd.amxx] Cmd: "Lenusjka<1877><STEAM_0:4:1429483121><>" slap with 0 damage "v_1<1856><STEAM_0:4:1842610251><>"
L 09/29/2011 - 19:42:52: [admincmd.amxx] Cmd: "Lenusjka<1877><STEAM_0:4:1429483121><>" slap with 0 damage "v_1<1856><STEAM_0:4:1842610251><>"
L 09/29/2011 - 19:42:52: [admincmd.amxx] Cmd: "Lenusjka<1877><STEAM_0:4:1429483121><>" slap with 0 damage "v_1<1856><STEAM_0:4:1842610251><>"
L 09/29/2011 - 19:42:53: [admincmd.amxx] Cmd: "Lenusjka<1877><STEAM_0:4:1429483121><>" slap with 0 damage "v_1<1856><STEAM_0:4:1842610251><>"
L 09/29/2011 - 19:43:04: [admincmd.amxx] Cmd: "Lenusjka<1877><STEAM_0:4:1429483121><>" slap with 9999 damage "v_1<1856><STEAM_0:4:1842610251><>"
L 09/29/2011 - 19:43:34: [admin_amxbans.amxx] Login: "Zloy-Tupoy-Buhoy [Str,RUS]<1880><STEAM_0:4:1515738045><>" kicked due to invalid password (account "Zloy-Tupoy-Buhoy [Str,RUS]") (address "195.69.236.29")
L 09/29/2011 - 19:54:52: -------- Mapchange to zm_caca --------
L 09/29/2011 - 19:54:53: [admin_amxbans.amxx] Login: "Lenusjka<1877><STEAM_0:4:1429483121><>" became an admin (account "Lenusjka") (access "eqt") (address "91.190.52.3")
L 09/29/2011 - 19:54:54: [amxbans.amxx] [AMXBANS] AMXBans 5.0 is online
L 09/29/2011 - 19:55:01: [amxbans.amxx] [Amxbans] Query failed!
L 09/29/2011 - 19:55:01: [amxbans.amxx] [Amxbans] Threaded query error, location: 18
L 09/29/2011 - 19:55:01: [amxbans.amxx] [Amxbans] Message: You have an error in your SQL syntax; check the manual that corresponds to your MySQL server version for the right syntax to use near ''Bantime expired' at line 1 (1064)
L 09/29/2011 - 19:55:01: [amxbans.amxx] [Amxbans] Query statement: 
L 09/29/2011 - 20:15:22: -------- Mapchange to zm_666_brick --------
L 09/29/2011 - 20:15:23: [admin_amxbans.amxx] Login: "Lenusjka<1877><STEAM_0:4:1429483121><>" became an admin (account "Lenusjka") (access "eqt") (address "91.190.52.3")
L 09/29/2011 - 20:15:24: [amxbans.amxx] [AMXBANS] AMXBans 5.0 is online
L 09/29/2011 - 20:47:07: -------- Mapchange to zm_cpl_mill_kamp --------
L 09/29/2011 - 20:47:08: [amxbans.amxx] [AMXBANS] AMXBans 5.0 is online
L 09/29/2011 - 20:47:16: [amxbans.amxx] [Amxbans] Query failed!
L 09/29/2011 - 20:47:16: [amxbans.amxx] [Amxbans] Threaded query error, location: 18
L 09/29/2011 - 20:47:16: [amxbans.amxx] [Amxbans] Message: You have an error in your SQL syntax; check the manual that corresponds to your MySQL server version for the right syntax to use near ''Bantime expired' at line 1 (1064)
L 09/29/2011 - 20:47:16: [amxbans.amxx] [Amxbans] Query statement: 
L 09/29/2011 - 20:56:36: [admin_amxbans.amxx] Login: "napHu, 9 cBou<1951><STEAM_0:0:44643826><>" became an admin (account "172.23.65.13") (access "l") (address "172.23.65.13")
L 09/29/2011 - 20:56:39: [admin_amxbans.amxx] Login: "napHu, 9 cBou<1952><STEAM_0:0:44643826><>" became an admin (account "172.23.65.13") (access "l") (address "172.23.65.13")
L 09/29/2011 - 20:59:26: [admincmd.amxx] Cmd: "napHu, 9 cBou<1952><STEAM_0:0:44643826><>" server console (cmdline "mp_timelimit 10")
L 09/29/2011 - 21:00:13: [admincmd.amxx] Cmd: "napHu, 9 cBou<1952><STEAM_0:0:44643826><>" server console (cmdline "amx_slay 47")
L 09/29/2011 - 21:00:40: [admincmd.amxx] Cmd: "napHu, 9 cBou<1952><STEAM_0:0:44643826><>" server console (cmdline "amx_slay "47" ")
L 09/29/2011 - 21:03:40: [admincmd.amxx] Cmd: "napHu, 9 cBou<1952><STEAM_0:0:44643826><>" server console (cmdline "amx_slay twilex")
L 09/29/2011 - 21:03:40: [admincmd.amxx] Cmd: " Зомби сервер (x_x(O<0><><>" slay "[oOps.TM] Twilex<1939><STEAM_0:0:1636259281><>"
L 09/29/2011 - 21:04:01: [admincmd.amxx] Cmd: "napHu, 9 cBou<1952><STEAM_0:0:44643826><>" server console (cmdline "amx_slay russian")
L 09/29/2011 - 21:04:01: [admincmd.amxx] Cmd: " Зомби сервер (x_x(O<0><><>" slay "4yBakeP_Russian<1835><STEAM_0:0:1240674256><>"
L 09/29/2011 - 21:10:20: [admincmd.amxx] Cmd: "napHu, 9 cBou<1952><STEAM_0:0:44643826><>" server console (cmdline "amx_map cs_italy")
L 09/29/2011 - 21:10:20: [admincmd.amxx] Cmd: " Зомби сервер (x_x(O<0><><>" changelevel "cs_italy"
L 09/29/2011 - 21:10:23: -------- Mapchange to cs_italy --------
L 09/29/2011 - 21:10:25: [admin_amxbans.amxx] Login: "napHu, 9 cBou<1952><STEAM_0:0:44643826><>" became an admin (account "172.23.65.13") (access "l") (address "172.23.65.13")
L 09/29/2011 - 21:10:26: [amxbans.amxx] [AMXBANS] AMXBans 5.0 is online
L 09/29/2011 - 21:10:33: [amxbans.amxx] [Amxbans] Query failed!
L 09/29/2011 - 21:10:33: [amxbans.amxx] [Amxbans] Threaded query error, location: 18
L 09/29/2011 - 21:10:33: [amxbans.amxx] [Amxbans] Message: You have an error in your SQL syntax; check the manual that corresponds to your MySQL server version for the right syntax to use near ''Bantime expired' at line 1 (1064)
L 09/29/2011 - 21:10:33: [amxbans.amxx] [Amxbans] Query statement: 
L 09/29/2011 - 21:14:14: [admincmd.amxx] Cmd: "napHu, 9 cBou<1952><STEAM_0:0:44643826><>" server console (cmdline "mp_timelimit 10 ")
L 09/29/2011 - 21:14:21: [admincmd.amxx] Cmd: "napHu, 9 cBou<1952><STEAM_0:0:44643826><>" server console (cmdline "mp_timelimit 15")
L 09/29/2011 - 21:28:09: -------- Mapchange to 016 --------
L 09/29/2011 - 21:28:09: [admin_amxbans.amxx] Login: "napHu, 9 cBou<1952><STEAM_0:0:44643826><>" became an admin (account "172.23.65.13") (access "l") (address "172.23.65.13")
L 09/29/2011 - 21:28:10: [amxbans.amxx] [AMXBANS] AMXBans 5.0 is online
L 09/29/2011 - 21:28:12: [admin_amxbans.amxx] Login: "napHu, 9 cBou<1978><STEAM_0:0:44643826><>" became an admin (account "172.23.65.13") (access "l") (address "172.23.65.13")
L 09/29/2011 - 21:53:19: [admin_amxbans.amxx] Login: "[BlackWolf]Camelot<2015><STEAM_0:4:1417253489><>" became an admin (account "[BlackWolf]Camelot") (access "t") (address "91.198.175.1")
L 09/29/2011 - 21:59:46: [admin_amxbans.amxx] Login: "Alecquant<2020><STEAM_0:4:565250032><>" became an admin (account "Alecquant") (access "t") (address "89.237.62.234")
L 09/29/2011 - 21:59:49: -------- Mapchange to ze_lift_escape_b5 --------
L 09/29/2011 - 21:59:50: [admin_amxbans.amxx] Login: "Alecquant<2020><STEAM_0:4:565250032><>" became an admin (account "Alecquant") (access "t") (address "89.237.62.234")
L 09/29/2011 - 21:59:51: [amxbans.amxx] [AMXBANS] AMXBans 5.0 is online
L 09/29/2011 - 22:11:43: [admin_amxbans.amxx] Login: "[BlackWolf]Camelot<2044><STEAM_0:4:1417253489><>" became an admin (account "[BlackWolf]Camelot") (access "t") (address "91.198.175.1")
L 09/29/2011 - 22:16:58: -------- Mapchange to ze_egypt --------
L 09/29/2011 - 22:16:59: [admin_amxbans.amxx] Login: "Alecquant<2020><STEAM_0:4:565250032><>" became an admin (account "Alecquant") (access "t") (address "89.237.62.234")
L 09/29/2011 - 22:17:00: [amxbans.amxx] [AMXBANS] AMXBans 5.0 is online
L 09/29/2011 - 22:17:04: [admin_amxbans.amxx] Login: "Alecquant<2060><STEAM_0:4:565250032><>" became an admin (account "Alecquant") (access "t") (address "89.237.62.234")
L 09/29/2011 - 22:18:57: [admin_amxbans.amxx] Login: "ntu4ka<2072><STEAM_0:0:44643826><>" became an admin (account "172.23.65.13") (access "l") (address "172.23.65.13")
L 09/29/2011 - 22:19:00: [admin_amxbans.amxx] Login: "ntu4ka<2073><STEAM_0:0:44643826><>" became an admin (account "172.23.65.13") (access "l") (address "172.23.65.13")
L 09/29/2011 - 22:22:41: [amxbans.amxx] [Amxbans] Query failed!
L 09/29/2011 - 22:22:41: [amxbans.amxx] [Amxbans] Threaded query error, location: 18
L 09/29/2011 - 22:22:41: [amxbans.amxx] [Amxbans] Message: You have an error in your SQL syntax; check the manual that corresponds to your MySQL server version for the right syntax to use near ''Ba' at line 1 (1064)
L 09/29/2011 - 22:22:41: [amxbans.amxx] [Amxbans] Query statement: 
L 09/29/2011 - 22:22:44: [amxbans.amxx] [Amxbans] Query failed!
L 09/29/2011 - 22:22:44: [amxbans.amxx] [Amxbans] Threaded query error, location: 18
L 09/29/2011 - 22:22:44: [amxbans.amxx] [Amxbans] Message: You have an error in your SQL syntax; check the manual that corresponds to your MySQL server version for the right syntax to use near ''Ba' at line 1 (1064)
L 09/29/2011 - 22:22:44: [amxbans.amxx] [Amxbans] Query statement: 
L 09/29/2011 - 22:23:06: [amxbans.amxx] [Amxbans] Query failed!
L 09/29/2011 - 22:23:06: [amxbans.amxx] [Amxbans] Threaded query error, location: 18
L 09/29/2011 - 22:23:06: [amxbans.amxx] [Amxbans] Message: You have an error in your SQL syntax; check the manual that corresponds to your MySQL server version for the right syntax to use near ''Ba' at line 1 (1064)
L 09/29/2011 - 22:23:06: [amxbans.amxx] [Amxbans] Query statement: 
L 09/29/2011 - 22:25:59: [amxbans.amxx] [Amxbans] Query failed!
L 09/29/2011 - 22:25:59: [amxbans.amxx] [Amxbans] Threaded query error, location: 18
L 09/29/2011 - 22:25:59: [amxbans.amxx] [Amxbans] Message: You have an error in your SQL syntax; check the manual that corresponds to your MySQL server version for the right syntax to use near ''Ba' at line 1 (1064)
L 09/29/2011 - 22:25:59: [amxbans.amxx] [Amxbans] Query statement: 
L 09/29/2011 - 22:26:01: [amxbans.amxx] [Amxbans] Query failed!
L 09/29/2011 - 22:26:01: [amxbans.amxx] [Amxbans] Threaded query error, location: 18
L 09/29/2011 - 22:26:01: [amxbans.amxx] [Amxbans] Message: You have an error in your SQL syntax; check the manual that corresponds to your MySQL server version for the right syntax to use near ''Ba' at line 1 (1064)
L 09/29/2011 - 22:26:01: [amxbans.amxx] [Amxbans] Query statement: 
L 09/29/2011 - 22:32:52: -------- Mapchange to zm_xata --------
L 09/29/2011 - 22:32:53: [admin_amxbans.amxx] Login: "ntu4ka<2073><STEAM_0:0:44643826><>" became an admin (account "172.23.65.13") (access "l") (address "172.23.65.13")
L 09/29/2011 - 22:32:53: [admin_amxbans.amxx] Login: "Alecquant<2060><STEAM_0:4:565250032><>" became an admin (account "Alecquant") (access "t") (address "89.237.62.234")
L 09/29/2011 - 22:32:54: [amxbans.amxx] [AMXBANS] AMXBans 5.0 is online
L 09/29/2011 - 22:32:56: [admin_amxbans.amxx] Login: "ntu4ka<2094><STEAM_0:0:44643826><>" became an admin (account "172.23.65.13") (access "l") (address "172.23.65.13")
L 09/29/2011 - 22:37:23: [amxbans.amxx] [Amxbans] Query failed!
L 09/29/2011 - 22:37:23: [amxbans.amxx] [Amxbans] Threaded query error, location: 18
L 09/29/2011 - 22:37:23: [amxbans.amxx] [Amxbans] Message: You have an error in your SQL syntax; check the manual that corresponds to your MySQL server version for the right syntax to use near ''Ba' at line 1 (1064)
L 09/29/2011 - 22:37:23: [amxbans.amxx] [Amxbans] Query statement: 
L 09/29/2011 - 22:55:55: -------- Mapchange to ze_jurassicpark --------
L 09/29/2011 - 22:55:57: [admin_amxbans.amxx] Login: "Alecquant<2060><STEAM_0:4:565250032><>" became an admin (account "Alecquant") (access "t") (address "89.237.62.234")
L 09/29/2011 - 22:55:58: [amxbans.amxx] [AMXBANS] AMXBans 5.0 is online
L 09/29/2011 - 23:16:15: [admin_amxbans.amxx] Login: "ntu4ka<2128><STEAM_0:0:44643826><>" became an admin (account "172.23.65.13") (access "l") (address "172.23.65.13")
L 09/29/2011 - 23:18:00: -------- Mapchange to zm_alfresco_v2 --------
L 09/29/2011 - 23:18:01: [admin_amxbans.amxx] Login: "ntu4ka<2128><STEAM_0:0:44643826><>" became an admin (account "172.23.65.13") (access "l") (address "172.23.65.13")
L 09/29/2011 - 23:18:02: [amxbans.amxx] [AMXBANS] AMXBans 5.0 is online
L 09/29/2011 - 23:18:04: [admin_amxbans.amxx] Login: "ntu4ka<2129><STEAM_0:0:44643826><>" became an admin (account "172.23.65.13") (access "l") (address "172.23.65.13")
L 09/29/2011 - 23:29:41: [amxbans.amxx] [Amxbans] Query failed!
L 09/29/2011 - 23:29:41: [amxbans.amxx] [Amxbans] Threaded query error, location: 18
L 09/29/2011 - 23:29:41: [amxbans.amxx] [Amxbans] Message: You have an error in your SQL syntax; check the manual that corresponds to your MySQL server version for the right syntax to use near ''' at line 1 (1064)
L 09/29/2011 - 23:29:41: [amxbans.amxx] [Amxbans] Query statement: 
L 09/29/2011 - 23:38:08: -------- Mapchange to zm_caca --------
L 09/29/2011 - 23:38:10: [amxbans.amxx] [AMXBANS] AMXBans 5.0 is online
L 09/29/2011 - 23:38:15: [amxbans.amxx] [Amxbans] Query failed!
L 09/29/2011 - 23:38:15: [amxbans.amxx] [Amxbans] Threaded query error, location: 18
L 09/29/2011 - 23:38:15: [amxbans.amxx] [Amxbans] Message: You have an error in your SQL syntax; check the manual that corresponds to your MySQL server version for the right syntax to use near ''' at line 1 (1064)
L 09/29/2011 - 23:38:15: [amxbans.amxx] [Amxbans] Query statement: 
L 09/29/2011 - 23:38:15: [amxbans.amxx] [Amxbans] Query failed!
L 09/29/2011 - 23:38:15: [amxbans.amxx] [Amxbans] Threaded query error, location: 18
L 09/29/2011 - 23:38:15: [amxbans.amxx] [Amxbans] Message: You have an error in your SQL syntax; check the manual that corresponds to your MySQL server version for the right syntax to use near ''' at line 1 (1064)
L 09/29/2011 - 23:38:15: [amxbans.amxx] [Amxbans] Query statement: 
L 09/29/2011 - 23:38:15: [amxbans.amxx] [Amxbans] Query failed!
L 09/29/2011 - 23:38:15: [amxbans.amxx] [Amxbans] Threaded query error, location: 18
L 09/29/2011 - 23:38:15: [amxbans.amxx] [Amxbans] Message: You have an error in your SQL syntax; check the manual that corresponds to your MySQL server version for the right syntax to use near ''' at line 1 (1064)
L 09/29/2011 - 23:38:15: [amxbans.amxx] [Amxbans] Query statement: 
L 09/29/2011 - 23:59:50: -------- Mapchange to zm_fdust2x2 --------
L 09/29/2011 - 23:59:52: [amxbans.amxx] [AMXBANS] AMXBans 5.0 is online
