L 08/26/2011 - 00:09:05: -------- Mapchange to cs_estate --------
L 08/26/2011 - 00:09:08: [amxbans.amxx] [AMXBANS] AMXBans 5.0 подключен
L 08/26/2011 - 00:27:27: -------- Mapchange to ze_lift_escape_b5 --------
L 08/26/2011 - 00:27:29: [amxbans.amxx] [AMXBANS] AMXBans 5.0 подключен
L 08/26/2011 - 00:46:12: -------- Mapchange to zm_303 --------
L 08/26/2011 - 00:46:14: [amxbans.amxx] [AMXBANS] AMXBans 5.0 подключен
L 08/26/2011 - 01:04:34: -------- Mapchange to zm_dwarf --------
L 08/26/2011 - 01:04:36: [amxbans.amxx] [AMXBANS] AMXBans 5.0 подключен
L 08/26/2011 - 01:07:34: -------- Mapchange to cs_estate --------
L 08/26/2011 - 01:07:38: [amxbans.amxx] [AMXBANS] AMXBans 5.0 подключен
L 08/26/2011 - 01:17:32: -------- Mapchange to cs_estate --------
L 08/26/2011 - 01:17:36: [amxbans.amxx] [AMXBANS] AMXBans 5.0 подключен
L 08/26/2011 - 01:27:23: -------- Mapchange to zm_neris --------
L 08/26/2011 - 01:27:25: [amxbans.amxx] [AMXBANS] AMXBans 5.0 подключен
L 08/26/2011 - 01:37:39: -------- Mapchange to zm_simple_b1 --------
L 08/26/2011 - 01:37:41: [amxbans.amxx] [AMXBANS] AMXBans 5.0 подключен
L 08/26/2011 - 01:43:58: -------- Mapchange to cs_estate --------
L 08/26/2011 - 01:44:02: [amxbans.amxx] [AMXBANS] AMXBans 5.0 подключен
L 08/26/2011 - 01:53:55: -------- Mapchange to cs_estate --------
L 08/26/2011 - 01:53:58: [amxbans.amxx] [AMXBANS] AMXBans 5.0 подключен
L 08/26/2011 - 02:02:18: -------- Mapchange to zm_desolation_house --------
L 08/26/2011 - 02:02:20: [amxbans.amxx] [AMXBANS] AMXBans 5.0 подключен
L 08/26/2011 - 02:05:30: -------- Mapchange to cs_estate --------
L 08/26/2011 - 02:05:33: [amxbans.amxx] [AMXBANS] AMXBans 5.0 подключен
L 08/26/2011 - 02:15:26: -------- Mapchange to cs_estate --------
L 08/26/2011 - 02:15:29: [amxbans.amxx] [AMXBANS] AMXBans 5.0 подключен
L 08/26/2011 - 02:28:34: -------- Mapchange to zm_vendetta --------
L 08/26/2011 - 02:28:36: [amxbans.amxx] [AMXBANS] AMXBans 5.0 подключен
L 08/26/2011 - 02:31:46: -------- Mapchange to cs_estate --------
L 08/26/2011 - 02:31:49: [amxbans.amxx] [AMXBANS] AMXBans 5.0 подключен
L 08/26/2011 - 02:41:43: -------- Mapchange to cs_estate --------
L 08/26/2011 - 02:41:46: [amxbans.amxx] [AMXBANS] AMXBans 5.0 подключен
L 08/26/2011 - 02:54:32: -------- Mapchange to zm_army --------
L 08/26/2011 - 02:54:34: [amxbans.amxx] [AMXBANS] AMXBans 5.0 подключен
L 08/26/2011 - 03:05:33: -------- Mapchange to cs_estate --------
L 08/26/2011 - 03:05:36: [amxbans.amxx] [AMXBANS] AMXBans 5.0 подключен
L 08/26/2011 - 03:15:29: -------- Mapchange to cs_estate --------
L 08/26/2011 - 03:15:32: [amxbans.amxx] [AMXBANS] AMXBans 5.0 подключен
L 08/26/2011 - 03:25:25: -------- Mapchange to cs_estate --------
L 08/26/2011 - 03:25:28: [amxbans.amxx] [AMXBANS] AMXBans 5.0 подключен
L 08/26/2011 - 03:39:22: -------- Mapchange to cs_estate --------
L 08/26/2011 - 03:39:25: [amxbans.amxx] [AMXBANS] AMXBans 5.0 подключен
L 08/26/2011 - 03:49:18: -------- Mapchange to cs_estate --------
L 08/26/2011 - 03:49:21: [amxbans.amxx] [AMXBANS] AMXBans 5.0 подключен
L 08/26/2011 - 03:59:09: -------- Mapchange to cs_estate --------
L 08/26/2011 - 03:59:12: [amxbans.amxx] [AMXBANS] AMXBans 5.0 подключен
L 08/26/2011 - 04:09:05: -------- Mapchange to cs_estate --------
L 08/26/2011 - 04:09:08: [amxbans.amxx] [AMXBANS] AMXBans 5.0 подключен
L 08/26/2011 - 04:19:02: -------- Mapchange to cs_estate --------
L 08/26/2011 - 04:19:05: [amxbans.amxx] [AMXBANS] AMXBans 5.0 подключен
L 08/26/2011 - 04:27:24: -------- Mapchange to zm_neris --------
L 08/26/2011 - 04:27:26: [amxbans.amxx] [AMXBANS] AMXBans 5.0 подключен
L 08/26/2011 - 04:30:58: -------- Mapchange to cs_estate --------
L 08/26/2011 - 04:31:01: [amxbans.amxx] [AMXBANS] AMXBans 5.0 подключен
L 08/26/2011 - 04:46:54: -------- Mapchange to cs_estate --------
L 08/26/2011 - 04:46:57: [amxbans.amxx] [AMXBANS] AMXBans 5.0 подключен
L 08/26/2011 - 04:55:17: -------- Mapchange to ze_lift_escape_b5 --------
L 08/26/2011 - 04:55:19: [amxbans.amxx] [AMXBANS] AMXBans 5.0 подключен
L 08/26/2011 - 04:58:17: -------- Mapchange to cs_estate --------
L 08/26/2011 - 04:58:20: [amxbans.amxx] [AMXBANS] AMXBans 5.0 подключен
L 08/26/2011 - 05:08:14: -------- Mapchange to cs_estate --------
L 08/26/2011 - 05:08:16: [amxbans.amxx] [AMXBANS] AMXBans 5.0 подключен
L 08/26/2011 - 05:18:10: -------- Mapchange to cs_estate --------
L 08/26/2011 - 05:18:13: [amxbans.amxx] [AMXBANS] AMXBans 5.0 подключен
L 08/26/2011 - 05:28:06: -------- Mapchange to cs_estate --------
L 08/26/2011 - 05:28:09: [amxbans.amxx] [AMXBANS] AMXBans 5.0 подключен
L 08/26/2011 - 05:38:02: -------- Mapchange to cs_estate --------
L 08/26/2011 - 05:38:06: [amxbans.amxx] [AMXBANS] AMXBans 5.0 подключен
L 08/26/2011 - 05:47:59: -------- Mapchange to cs_estate --------
L 08/26/2011 - 05:48:02: [amxbans.amxx] [AMXBANS] AMXBans 5.0 подключен
L 08/26/2011 - 05:57:55: -------- Mapchange to cs_estate --------
L 08/26/2011 - 05:57:58: [amxbans.amxx] [AMXBANS] AMXBans 5.0 подключен
L 08/26/2011 - 06:17:03: -------- Mapchange to ze_jurassicpark --------
L 08/26/2011 - 06:17:05: [amxbans.amxx] [AMXBANS] AMXBans 5.0 подключен
L 08/26/2011 - 06:20:03: -------- Mapchange to cs_estate --------
L 08/26/2011 - 06:20:06: [amxbans.amxx] [AMXBANS] AMXBans 5.0 подключен
L 08/26/2011 - 06:30:00: -------- Mapchange to cs_estate --------
L 08/26/2011 - 06:30:03: [amxbans.amxx] [AMXBANS] AMXBans 5.0 подключен
L 08/26/2011 - 06:39:56: -------- Mapchange to cs_estate --------
L 08/26/2011 - 06:39:59: [amxbans.amxx] [AMXBANS] AMXBans 5.0 подключен
L 08/26/2011 - 06:49:52: -------- Mapchange to cs_estate --------
L 08/26/2011 - 06:49:55: [amxbans.amxx] [AMXBANS] AMXBans 5.0 подключен
L 08/26/2011 - 06:59:49: -------- Mapchange to cs_estate --------
L 08/26/2011 - 06:59:52: [amxbans.amxx] [AMXBANS] AMXBans 5.0 подключен
L 08/26/2011 - 07:12:22: -------- Mapchange to zm_cpl_mill_kamp --------
L 08/26/2011 - 07:12:24: [amxbans.amxx] [AMXBANS] AMXBans 5.0 подключен
L 08/26/2011 - 07:30:59: -------- Mapchange to cs_militia --------
L 08/26/2011 - 07:31:05: [amxbans.amxx] [AMXBANS] AMXBans 5.0 подключен
L 08/26/2011 - 07:54:10: -------- Mapchange to zm_303 --------
L 08/26/2011 - 07:54:12: [amxbans.amxx] [AMXBANS] AMXBans 5.0 подключен
L 08/26/2011 - 07:59:59: -------- Mapchange to cs_estate --------
L 08/26/2011 - 08:00:03: [amxbans.amxx] [AMXBANS] AMXBans 5.0 подключен
L 08/26/2011 - 08:14:27: -------- Mapchange to cs_estate --------
L 08/26/2011 - 08:14:31: [amxbans.amxx] [AMXBANS] AMXBans 5.0 подключен
L 08/26/2011 - 08:22:50: -------- Mapchange to zm_666_brick --------
L 08/26/2011 - 08:22:53: [amxbans.amxx] [AMXBANS] AMXBans 5.0 подключен
L 08/26/2011 - 08:45:20: -------- Mapchange to zm_fdust2x2 --------
L 08/26/2011 - 08:45:23: [amxbans.amxx] [AMXBANS] AMXBans 5.0 подключен
L 08/26/2011 - 08:51:08: [amxbans.amxx] [Amxbans] Запрос провален!
L 08/26/2011 - 08:51:08: [amxbans.amxx] [Amxbans] Ошибка, адрес: 18
L 08/26/2011 - 08:51:08: [amxbans.amxx] [Amxbans] Сообщение: You have an error in your SQL syntax; check the manual that corresponds to your MySQL server version for the right syntax to use near ''Bantime exp' at line 1 (1064)
L 08/26/2011 - 08:51:08: [amxbans.amxx] [Amxbans] Статус запроса: 
L 08/26/2011 - 09:06:13: -------- Mapchange to zm_dwarf --------
L 08/26/2011 - 09:06:15: [amxbans.amxx] [AMXBANS] AMXBans 5.0 подключен
L 08/26/2011 - 09:06:17: [amxbans.amxx] [Amxbans] Запрос провален!
L 08/26/2011 - 09:06:17: [amxbans.amxx] [Amxbans] Ошибка, адрес: 18
L 08/26/2011 - 09:06:17: [amxbans.amxx] [Amxbans] Сообщение: You have an error in your SQL syntax; check the manual that corresponds to your MySQL server version for the right syntax to use near ''Bantime exp' at line 1 (1064)
L 08/26/2011 - 09:06:17: [amxbans.amxx] [Amxbans] Статус запроса: 
L 08/26/2011 - 09:19:53: -------- Mapchange to 016 --------
L 08/26/2011 - 09:19:54: [amxbans.amxx] [AMXBANS] AMXBans 5.0 подключен
L 08/26/2011 - 09:19:56: [amxbans.amxx] [Amxbans] Запрос провален!
L 08/26/2011 - 09:19:56: [amxbans.amxx] [Amxbans] Ошибка, адрес: 18
L 08/26/2011 - 09:19:56: [amxbans.amxx] [Amxbans] Сообщение: You have an error in your SQL syntax; check the manual that corresponds to your MySQL server version for the right syntax to use near ''Bantime exp' at line 1 (1064)
L 08/26/2011 - 09:19:56: [amxbans.amxx] [Amxbans] Статус запроса: 
L 08/26/2011 - 09:41:07: -------- Mapchange to zm_xata --------
L 08/26/2011 - 09:41:10: [amxbans.amxx] [AMXBANS] AMXBans 5.0 подключен
L 08/26/2011 - 09:41:14: [amxbans.amxx] [Amxbans] Запрос провален!
L 08/26/2011 - 09:41:14: [amxbans.amxx] [Amxbans] Ошибка, адрес: 18
L 08/26/2011 - 09:41:14: [amxbans.amxx] [Amxbans] Сообщение: You have an error in your SQL syntax; check the manual that corresponds to your MySQL server version for the right syntax to use near ''Bantime exp' at line 1 (1064)
L 08/26/2011 - 09:41:14: [amxbans.amxx] [Amxbans] Статус запроса: 
L 08/26/2011 - 09:41:30: [amxbans.amxx] [Amxbans] Запрос провален!
L 08/26/2011 - 09:41:30: [amxbans.amxx] [Amxbans] Ошибка, адрес: 18
L 08/26/2011 - 09:41:30: [amxbans.amxx] [Amxbans] Сообщение: You have an error in your SQL syntax; check the manual that corresponds to your MySQL server version for the right syntax to use near ''Bantime exp' at line 1 (1064)
L 08/26/2011 - 09:41:30: [amxbans.amxx] [Amxbans] Статус запроса: 
L 08/26/2011 - 10:02:26: -------- Mapchange to ze_lift_escape_b5 --------
L 08/26/2011 - 10:02:28: [amxbans.amxx] [AMXBANS] AMXBans 5.0 подключен
L 08/26/2011 - 10:16:57: [admin_amxbans.amxx] Login: "Lajserk<1345><STEAM_0:0:729086216><>" became an admin (account "Lajserk") (access "t") (address "91.192.200.2")
L 08/26/2011 - 10:17:46: -------- Mapchange to zm_alley --------
L 08/26/2011 - 10:17:47: [amxbans.amxx] [AMXBANS] AMXBans 5.0 подключен
L 08/26/2011 - 10:17:48: [admin_amxbans.amxx] Login: "Lajserk<1345><STEAM_0:0:729086216><>" became an admin (account "Lajserk") (access "t") (address "91.192.200.2")
L 08/26/2011 - 10:38:48: -------- Mapchange to ze_jurassicpark --------
L 08/26/2011 - 10:38:49: [admin_amxbans.amxx] Login: "Lajserk<1345><STEAM_0:0:729086216><>" became an admin (account "Lajserk") (access "t") (address "91.192.200.2")
L 08/26/2011 - 10:38:50: [amxbans.amxx] [AMXBANS] AMXBans 5.0 подключен
L 08/26/2011 - 10:39:13: [admin_amxbans.amxx] Login: "Euforia<1367><STEAM_0:0:1235555515><>" became an admin (account "Euforia") (access "t") (address "188.123.245.19")
L 08/26/2011 - 11:02:00: -------- Mapchange to zm_303 --------
L 08/26/2011 - 11:02:01: [admin_amxbans.amxx] Login: "Lajserk<1345><STEAM_0:0:729086216><>" became an admin (account "Lajserk") (access "t") (address "91.192.200.2")
L 08/26/2011 - 11:02:01: [admin_amxbans.amxx] Login: "Euforia<1367><STEAM_0:0:1235555515><>" became an admin (account "Euforia") (access "t") (address "188.123.245.19")
L 08/26/2011 - 11:02:02: [amxbans.amxx] [AMXBANS] AMXBans 5.0 подключен
L 08/26/2011 - 11:25:04: -------- Mapchange to zm_neris --------
L 08/26/2011 - 11:25:06: [amxbans.amxx] [AMXBANS] AMXBans 5.0 подключен
L 08/26/2011 - 11:39:08: [amxbans.amxx] [Amxbans] Запрос провален!
L 08/26/2011 - 11:39:08: [amxbans.amxx] [Amxbans] Ошибка, адрес: 18
L 08/26/2011 - 11:39:08: [amxbans.amxx] [Amxbans] Сообщение: You have an error in your SQL syntax; check the manual that corresponds to your MySQL server version for the right syntax to use near ''amx' at line 1 (1064)
L 08/26/2011 - 11:39:08: [amxbans.amxx] [Amxbans] Статус запроса: 
L 08/26/2011 - 11:39:44: [amxbans.amxx] [Amxbans] Запрос провален!
L 08/26/2011 - 11:39:44: [amxbans.amxx] [Amxbans] Ошибка, адрес: 18
L 08/26/2011 - 11:39:44: [amxbans.amxx] [Amxbans] Сообщение: You have an error in your SQL syntax; check the manual that corresponds to your MySQL server version for the right syntax to use near ''amx' at line 1 (1064)
L 08/26/2011 - 11:39:44: [amxbans.amxx] [Amxbans] Статус запроса: 
L 08/26/2011 - 11:45:24: [admin_amxbans.amxx] Login: "Lajserk<1436><STEAM_0:0:729086216><>" became an admin (account "Lajserk") (access "t") (address "91.192.200.11")
L 08/26/2011 - 11:46:51: -------- Mapchange to zm_666_brick --------
L 08/26/2011 - 11:46:52: [admin_amxbans.amxx] Login: "Lajserk<1436><STEAM_0:0:729086216><>" became an admin (account "Lajserk") (access "t") (address "91.192.200.11")
L 08/26/2011 - 11:46:53: [amxbans.amxx] [AMXBANS] AMXBans 5.0 подключен
L 08/26/2011 - 11:47:01: [amxbans.amxx] [Amxbans] Запрос провален!
L 08/26/2011 - 11:47:01: [amxbans.amxx] [Amxbans] Ошибка, адрес: 18
L 08/26/2011 - 11:47:01: [amxbans.amxx] [Amxbans] Сообщение: You have an error in your SQL syntax; check the manual that corresponds to your MySQL server version for the right syntax to use near ''amx' at line 1 (1064)
L 08/26/2011 - 11:47:01: [amxbans.amxx] [Amxbans] Статус запроса: 
L 08/26/2011 - 11:48:17: [amxbans.amxx] [Amxbans] Запрос провален!
L 08/26/2011 - 11:48:17: [amxbans.amxx] [Amxbans] Ошибка, адрес: 18
L 08/26/2011 - 11:48:17: [amxbans.amxx] [Amxbans] Сообщение: You have an error in your SQL syntax; check the manual that corresponds to your MySQL server version for the right syntax to use near ''amx' at line 1 (1064)
L 08/26/2011 - 11:48:17: [amxbans.amxx] [Amxbans] Статус запроса: 
L 08/26/2011 - 11:48:20: [amxbans.amxx] [Amxbans] Запрос провален!
L 08/26/2011 - 11:48:20: [amxbans.amxx] [Amxbans] Ошибка, адрес: 18
L 08/26/2011 - 11:48:20: [amxbans.amxx] [Amxbans] Сообщение: You have an error in your SQL syntax; check the manual that corresponds to your MySQL server version for the right syntax to use near ''Bantime exp' at line 1 (1064)
L 08/26/2011 - 11:48:20: [amxbans.amxx] [Amxbans] Статус запроса: 
L 08/26/2011 - 11:50:46: [amxbans.amxx] [Amxbans] Запрос провален!
L 08/26/2011 - 11:50:46: [amxbans.amxx] [Amxbans] Ошибка, адрес: 18
L 08/26/2011 - 11:50:46: [amxbans.amxx] [Amxbans] Сообщение: You have an error in your SQL syntax; check the manual that corresponds to your MySQL server version for the right syntax to use near ''amx' at line 1 (1064)
L 08/26/2011 - 11:50:46: [amxbans.amxx] [Amxbans] Статус запроса: 
L 08/26/2011 - 11:53:42: [amxbans.amxx] [Amxbans] Запрос провален!
L 08/26/2011 - 11:53:42: [amxbans.amxx] [Amxbans] Ошибка, адрес: 18
L 08/26/2011 - 11:53:42: [amxbans.amxx] [Amxbans] Сообщение: You have an error in your SQL syntax; check the manual that corresponds to your MySQL server version for the right syntax to use near ''amx' at line 1 (1064)
L 08/26/2011 - 11:53:42: [amxbans.amxx] [Amxbans] Статус запроса: 
L 08/26/2011 - 11:54:24: [amxbans.amxx] [Amxbans] Запрос провален!
L 08/26/2011 - 11:54:24: [amxbans.amxx] [Amxbans] Ошибка, адрес: 18
L 08/26/2011 - 11:54:24: [amxbans.amxx] [Amxbans] Сообщение: You have an error in your SQL syntax; check the manual that corresponds to your MySQL server version for the right syntax to use near ''Bantime exp' at line 1 (1064)
L 08/26/2011 - 11:54:24: [amxbans.amxx] [Amxbans] Статус запроса: 
L 08/26/2011 - 11:57:10: [amxbans.amxx] [Amxbans] Запрос провален!
L 08/26/2011 - 11:57:10: [amxbans.amxx] [Amxbans] Ошибка, адрес: 18
L 08/26/2011 - 11:57:10: [amxbans.amxx] [Amxbans] Сообщение: You have an error in your SQL syntax; check the manual that corresponds to your MySQL server version for the right syntax to use near ''amx' at line 1 (1064)
L 08/26/2011 - 11:57:10: [amxbans.amxx] [Amxbans] Статус запроса: 
L 08/26/2011 - 11:59:16: [amxbans.amxx] [Amxbans] Запрос провален!
L 08/26/2011 - 11:59:16: [amxbans.amxx] [Amxbans] Ошибка, адрес: 18
L 08/26/2011 - 11:59:16: [amxbans.amxx] [Amxbans] Сообщение: You have an error in your SQL syntax; check the manual that corresponds to your MySQL server version for the right syntax to use near ''Bantime exp' at line 1 (1064)
L 08/26/2011 - 11:59:16: [amxbans.amxx] [Amxbans] Статус запроса: 
L 08/26/2011 - 12:06:51: -------- Mapchange to zm_fdust2x2 --------
L 08/26/2011 - 12:06:52: [admin_amxbans.amxx] Login: "Lajserk<1436><STEAM_0:0:729086216><>" became an admin (account "Lajserk") (access "t") (address "91.192.200.11")
L 08/26/2011 - 12:06:53: [amxbans.amxx] [AMXBANS] AMXBans 5.0 подключен
L 08/26/2011 - 12:07:00: [amxbans.amxx] [Amxbans] Запрос провален!
L 08/26/2011 - 12:07:00: [amxbans.amxx] [Amxbans] Ошибка, адрес: 18
L 08/26/2011 - 12:07:00: [amxbans.amxx] [Amxbans] Сообщение: You have an error in your SQL syntax; check the manual that corresponds to your MySQL server version for the right syntax to use near ''Bantime exp' at line 1 (1064)
L 08/26/2011 - 12:07:00: [amxbans.amxx] [Amxbans] Статус запроса: 
L 08/26/2011 - 12:07:00: [amxbans.amxx] [Amxbans] Запрос провален!
L 08/26/2011 - 12:07:00: [amxbans.amxx] [Amxbans] Ошибка, адрес: 18
L 08/26/2011 - 12:07:00: [amxbans.amxx] [Amxbans] Сообщение: You have an error in your SQL syntax; check the manual that corresponds to your MySQL server version for the right syntax to use near ''Bantime exp' at line 1 (1064)
L 08/26/2011 - 12:07:00: [amxbans.amxx] [Amxbans] Статус запроса: 
L 08/26/2011 - 12:28:13: [amxbans.amxx] [Amxbans] Запрос провален!
L 08/26/2011 - 12:28:13: [amxbans.amxx] [Amxbans] Ошибка, адрес: 18
L 08/26/2011 - 12:28:13: [amxbans.amxx] [Amxbans] Сообщение: You have an error in your SQL syntax; check the manual that corresponds to your MySQL server version for the right syntax to use near ''Bantime exp' at line 1 (1064)
L 08/26/2011 - 12:28:13: [amxbans.amxx] [Amxbans] Статус запроса: 
L 08/26/2011 - 12:30:02: -------- Mapchange to zm_army --------
L 08/26/2011 - 12:30:03: [admin_amxbans.amxx] Login: "Lajserk<1436><STEAM_0:0:729086216><>" became an admin (account "Lajserk") (access "t") (address "91.192.200.11")
L 08/26/2011 - 12:30:04: [amxbans.amxx] [AMXBANS] AMXBans 5.0 подключен
L 08/26/2011 - 12:38:15: [amxbans.amxx] [Amxbans] Запрос провален!
L 08/26/2011 - 12:38:15: [amxbans.amxx] [Amxbans] Ошибка, адрес: 18
L 08/26/2011 - 12:38:15: [amxbans.amxx] [Amxbans] Сообщение: You have an error in your SQL syntax; check the manual that corresponds to your MySQL server version for the right syntax to use near ''Bantime exp' at line 1 (1064)
L 08/26/2011 - 12:38:15: [amxbans.amxx] [Amxbans] Статус запроса: 
L 08/26/2011 - 12:50:22: -------- Mapchange to 016 --------
L 08/26/2011 - 12:50:24: [amxbans.amxx] [AMXBANS] AMXBans 5.0 подключен
L 08/26/2011 - 12:50:28: [amxbans.amxx] [Amxbans] Запрос провален!
L 08/26/2011 - 12:50:28: [amxbans.amxx] [Amxbans] Ошибка, адрес: 18
L 08/26/2011 - 12:50:28: [amxbans.amxx] [Amxbans] Сообщение: You have an error in your SQL syntax; check the manual that corresponds to your MySQL server version for the right syntax to use near ''Bantime exp' at line 1 (1064)
L 08/26/2011 - 12:50:28: [amxbans.amxx] [Amxbans] Статус запроса: 
L 08/26/2011 - 13:12:21: -------- Mapchange to zm_houses --------
L 08/26/2011 - 13:12:23: [amxbans.amxx] [AMXBANS] AMXBans 5.0 подключен
L 08/26/2011 - 13:12:28: [amxbans.amxx] [Amxbans] Запрос провален!
L 08/26/2011 - 13:12:28: [amxbans.amxx] [Amxbans] Ошибка, адрес: 18
L 08/26/2011 - 13:12:28: [amxbans.amxx] [Amxbans] Сообщение: You have an error in your SQL syntax; check the manual that corresponds to your MySQL server version for the right syntax to use near ''Bantime exp' at line 1 (1064)
L 08/26/2011 - 13:12:28: [amxbans.amxx] [Amxbans] Статус запроса: 
L 08/26/2011 - 13:23:00: [amxbans.amxx] [Amxbans] Запрос провален!
L 08/26/2011 - 13:23:01: [amxbans.amxx] [Amxbans] Ошибка, адрес: 18
L 08/26/2011 - 13:23:01: [amxbans.amxx] [Amxbans] Сообщение: You have an error in your SQL syntax; check the manual that corresponds to your MySQL server version for the right syntax to use near ''amx' at line 1 (1064)
L 08/26/2011 - 13:23:01: [amxbans.amxx] [Amxbans] Статус запроса: 
L 08/26/2011 - 13:32:33: -------- Mapchange to zm_cpl_mill_kamp --------
L 08/26/2011 - 13:32:34: [amxbans.amxx] [AMXBANS] AMXBans 5.0 подключен
L 08/26/2011 - 13:32:40: [amxbans.amxx] [Amxbans] Запрос провален!
L 08/26/2011 - 13:32:40: [amxbans.amxx] [Amxbans] Ошибка, адрес: 18
L 08/26/2011 - 13:32:40: [amxbans.amxx] [Amxbans] Сообщение: You have an error in your SQL syntax; check the manual that corresponds to your MySQL server version for the right syntax to use near ''amx' at line 1 (1064)
L 08/26/2011 - 13:32:40: [amxbans.amxx] [Amxbans] Статус запроса: 
L 08/26/2011 - 13:34:06: [amxbans.amxx] [Amxbans] Запрос провален!
L 08/26/2011 - 13:34:06: [amxbans.amxx] [Amxbans] Ошибка, адрес: 18
L 08/26/2011 - 13:34:06: [amxbans.amxx] [Amxbans] Сообщение: You have an error in your SQL syntax; check the manual that corresponds to your MySQL server version for the right syntax to use near ''amx' at line 1 (1064)
L 08/26/2011 - 13:34:06: [amxbans.amxx] [Amxbans] Статус запроса: 
L 08/26/2011 - 13:40:04: [amxbans.amxx] [Amxbans] Запрос провален!
L 08/26/2011 - 13:40:04: [amxbans.amxx] [Amxbans] Ошибка, адрес: 18
L 08/26/2011 - 13:40:04: [amxbans.amxx] [Amxbans] Сообщение: You have an error in your SQL syntax; check the manual that corresponds to your MySQL server version for the right syntax to use near ''amx' at line 1 (1064)
L 08/26/2011 - 13:40:04: [amxbans.amxx] [Amxbans] Статус запроса: 
L 08/26/2011 - 13:51:24: [amxbans.amxx] [Amxbans] Запрос провален!
L 08/26/2011 - 13:51:24: [amxbans.amxx] [Amxbans] Ошибка, адрес: 18
L 08/26/2011 - 13:51:24: [amxbans.amxx] [Amxbans] Сообщение: You have an error in your SQL syntax; check the manual that corresponds to your MySQL server version for the right syntax to use near ''amx' at line 1 (1064)
L 08/26/2011 - 13:51:24: [amxbans.amxx] [Amxbans] Статус запроса: 
L 08/26/2011 - 13:53:22: [amxbans.amxx] [Amxbans] Запрос провален!
L 08/26/2011 - 13:53:22: [amxbans.amxx] [Amxbans] Ошибка, адрес: 18
L 08/26/2011 - 13:53:22: [amxbans.amxx] [Amxbans] Сообщение: You have an error in your SQL syntax; check the manual that corresponds to your MySQL server version for the right syntax to use near ''Bantime exp' at line 1 (1064)
L 08/26/2011 - 13:53:22: [amxbans.amxx] [Amxbans] Статус запроса: 
L 08/26/2011 - 13:55:17: -------- Mapchange to cs_militia --------
L 08/26/2011 - 13:55:25: [amxbans.amxx] [AMXBANS] AMXBans 5.0 подключен
L 08/26/2011 - 13:55:31: [amxbans.amxx] [Amxbans] Запрос провален!
L 08/26/2011 - 13:55:31: [amxbans.amxx] [Amxbans] Ошибка, адрес: 18
L 08/26/2011 - 13:55:31: [amxbans.amxx] [Amxbans] Сообщение: You have an error in your SQL syntax; check the manual that corresponds to your MySQL server version for the right syntax to use near ''Bantime exp' at line 1 (1064)
L 08/26/2011 - 13:55:31: [amxbans.amxx] [Amxbans] Статус запроса: 
L 08/26/2011 - 13:55:33: [amxbans.amxx] [Amxbans] Запрос провален!
L 08/26/2011 - 13:55:33: [amxbans.amxx] [Amxbans] Ошибка, адрес: 18
L 08/26/2011 - 13:55:33: [amxbans.amxx] [Amxbans] Сообщение: You have an error in your SQL syntax; check the manual that corresponds to your MySQL server version for the right syntax to use near ''amx' at line 1 (1064)
L 08/26/2011 - 13:55:33: [amxbans.amxx] [Amxbans] Статус запроса: 
L 08/26/2011 - 14:16:14: -------- Mapchange to ze_jurassicpark --------
L 08/26/2011 - 14:16:17: [amxbans.amxx] [AMXBANS] AMXBans 5.0 подключен
L 08/26/2011 - 14:16:22: [amxbans.amxx] [Amxbans] Запрос провален!
L 08/26/2011 - 14:16:22: [amxbans.amxx] [Amxbans] Ошибка, адрес: 18
L 08/26/2011 - 14:16:22: [amxbans.amxx] [Amxbans] Сообщение: You have an error in your SQL syntax; check the manual that corresponds to your MySQL server version for the right syntax to use near ''amx' at line 1 (1064)
L 08/26/2011 - 14:16:22: [amxbans.amxx] [Amxbans] Статус запроса: 
L 08/26/2011 - 14:19:16: [amxbans.amxx] [Amxbans] Запрос провален!
L 08/26/2011 - 14:19:16: [amxbans.amxx] [Amxbans] Ошибка, адрес: 18
L 08/26/2011 - 14:19:16: [amxbans.amxx] [Amxbans] Сообщение: You have an error in your SQL syntax; check the manual that corresponds to your MySQL server version for the right syntax to use near ''amx' at line 1 (1064)
L 08/26/2011 - 14:19:16: [amxbans.amxx] [Amxbans] Статус запроса: 
L 08/26/2011 - 14:37:58: -------- Mapchange to ze_lift_escape_b5 --------
L 08/26/2011 - 14:38:01: [amxbans.amxx] [AMXBANS] AMXBans 5.0 подключен
L 08/26/2011 - 14:53:21: -------- Mapchange to zm_666_brick --------
L 08/26/2011 - 14:53:24: [amxbans.amxx] [AMXBANS] AMXBans 5.0 подключен
L 08/26/2011 - 14:56:56: [admin_amxbans.amxx] Login: "Lajserk<1647><STEAM_0:0:729086216><>" became an admin (account "Lajserk") (access "t") (address "91.192.200.11")
L 08/26/2011 - 15:14:24: -------- Mapchange to zm_alley --------
L 08/26/2011 - 15:14:25: [admin_amxbans.amxx] Login: "Lajserk<1647><STEAM_0:0:729086216><>" became an admin (account "Lajserk") (access "t") (address "91.192.200.11")
L 08/26/2011 - 15:14:26: [amxbans.amxx] [AMXBANS] AMXBans 5.0 подключен
L 08/26/2011 - 15:34:44: -------- Mapchange to zm_army --------
L 08/26/2011 - 15:34:45: [admin_amxbans.amxx] Login: "Lajserk<1647><STEAM_0:0:729086216><>" became an admin (account "Lajserk") (access "t") (address "91.192.200.11")
L 08/26/2011 - 15:34:46: [amxbans.amxx] [AMXBANS] AMXBans 5.0 подключен
L 08/26/2011 - 15:57:09: -------- Mapchange to zm_fdust2x2 --------
L 08/26/2011 - 15:57:11: [amxbans.amxx] [AMXBANS] AMXBans 5.0 подключен
L 08/26/2011 - 16:14:21: [amxbans.amxx] [Amxbans] Запрос провален!
L 08/26/2011 - 16:14:21: [amxbans.amxx] [Amxbans] Ошибка, адрес: 18
L 08/26/2011 - 16:14:21: [amxbans.amxx] [Amxbans] Сообщение: You have an error in your SQL syntax; check the manual that corresponds to your MySQL server version for the right syntax to use near ''amx' at line 1 (1064)
L 08/26/2011 - 16:14:21: [amxbans.amxx] [Amxbans] Статус запроса: 
L 08/26/2011 - 16:20:20: -------- Mapchange to zm_vendetta --------
L 08/26/2011 - 16:20:22: [amxbans.amxx] [AMXBANS] AMXBans 5.0 подключен
L 08/26/2011 - 16:21:38: [amxbans.amxx] [Amxbans] Запрос провален!
L 08/26/2011 - 16:21:38: [amxbans.amxx] [Amxbans] Ошибка, адрес: 18
L 08/26/2011 - 16:21:38: [amxbans.amxx] [Amxbans] Сообщение: You have an error in your SQL syntax; check the manual that corresponds to your MySQL server version for the right syntax to use near ''Bantime exp' at line 1 (1064)
L 08/26/2011 - 16:21:38: [amxbans.amxx] [Amxbans] Статус запроса: 
L 08/26/2011 - 16:24:50: [admin_amxbans.amxx] Login: "Lajserk<1746><STEAM_0:0:729086216><>" became an admin (account "Lajserk") (access "t") (address "91.192.200.11")
L 08/26/2011 - 16:41:08: -------- Mapchange to 016 --------
L 08/26/2011 - 16:41:09: [admin_amxbans.amxx] Login: "Lajserk<1746><STEAM_0:0:729086216><>" became an admin (account "Lajserk") (access "t") (address "91.192.200.11")
L 08/26/2011 - 16:41:10: [amxbans.amxx] [AMXBANS] AMXBans 5.0 подключен
L 08/26/2011 - 16:41:16: [amxbans.amxx] [Amxbans] Запрос провален!
L 08/26/2011 - 16:41:16: [amxbans.amxx] [Amxbans] Ошибка, адрес: 18
L 08/26/2011 - 16:41:16: [amxbans.amxx] [Amxbans] Сообщение: You have an error in your SQL syntax; check the manual that corresponds to your MySQL server version for the right syntax to use near ''Bantime exp' at line 1 (1064)
L 08/26/2011 - 16:41:16: [amxbans.amxx] [Amxbans] Статус запроса: 
L 08/26/2011 - 16:41:17: [amxbans.amxx] [Amxbans] Запрос провален!
L 08/26/2011 - 16:41:17: [amxbans.amxx] [Amxbans] Ошибка, адрес: 18
L 08/26/2011 - 16:41:17: [amxbans.amxx] [Amxbans] Сообщение: You have an error in your SQL syntax; check the manual that corresponds to your MySQL server version for the right syntax to use near ''Bantime exp' at line 1 (1064)
L 08/26/2011 - 16:41:17: [amxbans.amxx] [Amxbans] Статус запроса: 
L 08/26/2011 - 16:41:19: [amxbans.amxx] [Amxbans] Запрос провален!
L 08/26/2011 - 16:41:19: [amxbans.amxx] [Amxbans] Ошибка, адрес: 18
L 08/26/2011 - 16:41:19: [amxbans.amxx] [Amxbans] Сообщение: You have an error in your SQL syntax; check the manual that corresponds to your MySQL server version for the right syntax to use near ''Bantime exp' at line 1 (1064)
L 08/26/2011 - 16:41:19: [amxbans.amxx] [Amxbans] Статус запроса: 
L 08/26/2011 - 16:57:09: [voteban.amxx] Voteban starter Lajserk against maks STEAM_0:4:1243852273
L 08/26/2011 - 16:57:24: [voteban.amxx] [AMXX] BANNED: maks, STARTER: Lajserk
L 08/26/2011 - 16:57:25: [amxbans.amxx]  Зомби сервер (x_x(O_o)x_x) Go Zombie !!!<0><><> забанил maks<STEAM_0:4:1243852273> на 15 минут (15 минут). Причина: VIP->Lajserk.
L 08/26/2011 - 17:01:11: -------- Mapchange to zm_desolation_house --------
L 08/26/2011 - 17:01:12: [admin_amxbans.amxx] Login: "Lajserk<1746><STEAM_0:0:729086216><>" became an admin (account "Lajserk") (access "t") (address "91.192.200.11")
L 08/26/2011 - 17:01:13: [amxbans.amxx] [AMXBANS] AMXBans 5.0 подключен
L 08/26/2011 - 17:22:36: -------- Mapchange to zm_303 --------
L 08/26/2011 - 17:22:38: [amxbans.amxx] [AMXBANS] AMXBans 5.0 подключен
L 08/26/2011 - 17:24:32: [admin_amxbans.amxx] Login: "P!Tu<1796><STEAM_0:0:25649157><>" became an admin (account "P!Tu") (access "t") (address "91.193.40.21")
L 08/26/2011 - 17:25:32: [admin_amxbans.amxx] Login: "P!Tu<1799><STEAM_0:0:25649157><>" became an admin (account "P!Tu") (access "t") (address "91.193.40.21")
L 08/26/2011 - 17:29:18: [admin_amxbans.amxx] Login: "P!Tu<1808><STEAM_0:0:25649157><>" became an admin (account "P!Tu") (access "t") (address "91.193.40.21")
L 08/26/2011 - 17:31:32: [admin_amxbans.amxx] Login: "Lajserk<1812><STEAM_0:0:729086216><>" became an admin (account "Lajserk") (access "t") (address "91.192.200.11")
L 08/26/2011 - 17:43:21: -------- Mapchange to ze_lift_escape_b5 --------
L 08/26/2011 - 17:43:22: [admin_amxbans.amxx] Login: "Lajserk<1812><STEAM_0:0:729086216><>" became an admin (account "Lajserk") (access "t") (address "91.192.200.11")
L 08/26/2011 - 17:43:22: [admin_amxbans.amxx] Login: "P!Tu<1808><STEAM_0:0:25649157><>" became an admin (account "P!Tu") (access "t") (address "91.193.40.21")
L 08/26/2011 - 17:43:23: [amxbans.amxx] [AMXBANS] AMXBans 5.0 подключен
L 08/26/2011 - 17:56:09: [admin_amxbans.amxx] Login: "Ipse [Str,RUS]<1835><STEAM_0:4:92751347><>" became an admin (account "Ipse [Str,RUS]") (access "t") (address "95.105.82.162")
L 08/26/2011 - 17:59:33: [voteban.amxx] Voteban starter Ipse [Str,RUS] against ligalaz STEAM_0:0:1905379114
L 08/26/2011 - 17:59:48: [voteban.amxx] [AMXX] BANNED: ligalaz, STARTER: Ipse [Str,RUS]
L 08/26/2011 - 17:59:50: [amxbans.amxx]  Зомби сервер (x_x(O_o)x_x) Go Zombie !!!<0><><> забанил ligalaz<STEAM_0:0:1905379114> на 15 минут (15 минут). Причина: VIP->Ipse [Str,RUS].
L 08/26/2011 - 17:59:56: -------- Mapchange to ze_jurassicpark --------
L 08/26/2011 - 17:59:57: [admin_amxbans.amxx] Login: "Ipse [Str,RUS]<1835><STEAM_0:4:92751347><>" became an admin (account "Ipse [Str,RUS]") (access "t") (address "95.105.82.162")
L 08/26/2011 - 17:59:58: [amxbans.amxx] [AMXBANS] AMXBans 5.0 подключен
L 08/26/2011 - 17:59:59: [admin_amxbans.amxx] Login: "P!Tu<1808><STEAM_0:0:25649157><>" became an admin (account "P!Tu") (access "t") (address "91.193.40.21")
L 08/26/2011 - 18:05:27: [voteban.amxx] Voteban starter Ipse [Str,RUS] against =) STEAM_0:4:922424561
L 08/26/2011 - 18:05:42: [voteban.amxx] [AMXX] BANNED: =), STARTER: Ipse [Str,RUS]
L 08/26/2011 - 18:05:43: [amxbans.amxx]  Зомби сервер (x_x(O_o)x_x) Go Zombie !!!<0><><> забанил =)<STEAM_0:4:922424561> на 15 минут (15 минут). Причина: VIP->Ipse [Str,RUS].
L 08/26/2011 - 18:13:50: [voteban.amxx] Voteban starter Ipse [Str,RUS] against Dmitriu STEAM_0:4:1944152947
L 08/26/2011 - 18:14:05: [voteban.amxx] [AMXX] BANNED: Dmitriu, STARTER: Ipse [Str,RUS]
L 08/26/2011 - 18:14:06: [amxbans.amxx]  Зомби сервер (x_x(O_o)x_x) Go Zombie !!!<0><><> забанил Dmitriu<STEAM_0:4:1944152947> на 15 минут (15 минут). Причина: VIP->Ipse [Str,RUS].
L 08/26/2011 - 18:15:28: [voteban.amxx] Voteban starter Ipse [Str,RUS] against cMeJIbIu* STEAM_0:4:453393392
L 08/26/2011 - 18:15:43: [voteban.amxx] [AMXX] BANNED: cMeJIbIu*, STARTER: Ipse [Str,RUS]
L 08/26/2011 - 18:15:44: [amxbans.amxx]  Зомби сервер (x_x(O_o)x_x) Go Zombie !!!<0><><> забанил cMeJIbIu*<STEAM_0:4:453393392> на 15 минут (15 минут). Причина: VIP->Ipse [Str,RUS].
L 08/26/2011 - 18:37:02: -------- Mapchange to zm_alley --------
L 08/26/2011 - 18:37:03: [admin_amxbans.amxx] Login: "Ipse [Str,RUS]<1835><STEAM_0:4:92751347><>" became an admin (account "Ipse [Str,RUS]") (access "t") (address "95.105.82.162")
L 08/26/2011 - 18:37:04: [amxbans.amxx] [AMXBANS] AMXBans 5.0 подключен
L 08/26/2011 - 18:50:45: [admin_amxbans.amxx] Login: "Lenusjka<1894><STEAM_0:4:1429483121><>" became an admin (account "Lenusjka") (access "et") (address "91.190.52.3")
L 08/26/2011 - 18:58:38: -------- Mapchange to cs_militia --------
L 08/26/2011 - 18:58:43: [admin_amxbans.amxx] Login: "Ipse [Str,RUS]<1835><STEAM_0:4:92751347><>" became an admin (account "Ipse [Str,RUS]") (access "t") (address "95.105.82.162")
L 08/26/2011 - 18:58:43: [admin_amxbans.amxx] Login: "Lenusjka<1894><STEAM_0:4:1429483121><>" became an admin (account "Lenusjka") (access "et") (address "91.190.52.3")
L 08/26/2011 - 18:58:44: [amxbans.amxx] [AMXBANS] AMXBans 5.0 подключен
L 08/26/2011 - 19:13:06: [amxbans.amxx] [Amxbans] Запрос провален!
L 08/26/2011 - 19:13:06: [amxbans.amxx] [Amxbans] Ошибка, адрес: 18
L 08/26/2011 - 19:13:06: [amxbans.amxx] [Amxbans] Сообщение: You have an error in your SQL syntax; check the manual that corresponds to your MySQL server version for the right syntax to use near ''amx' at line 1 (1064)
L 08/26/2011 - 19:13:06: [amxbans.amxx] [Amxbans] Статус запроса: 
L 08/26/2011 - 19:13:59: [amxbans.amxx] [Amxbans] Запрос провален!
L 08/26/2011 - 19:13:59: [amxbans.amxx] [Amxbans] Ошибка, адрес: 18
L 08/26/2011 - 19:13:59: [amxbans.amxx] [Amxbans] Сообщение: You have an error in your SQL syntax; check the manual that corresponds to your MySQL server version for the right syntax to use near ''amx' at line 1 (1064)
L 08/26/2011 - 19:13:59: [amxbans.amxx] [Amxbans] Статус запроса: 
L 08/26/2011 - 19:21:05: -------- Mapchange to zm_dwarf --------
L 08/26/2011 - 19:21:06: [admin_amxbans.amxx] Login: "Ipse [Str,RUS]<1835><STEAM_0:4:92751347><>" became an admin (account "Ipse [Str,RUS]") (access "t") (address "95.105.82.162")
L 08/26/2011 - 19:21:07: [amxbans.amxx] [AMXBANS] AMXBans 5.0 подключен
L 08/26/2011 - 19:21:12: [amxbans.amxx] [Amxbans] Запрос провален!
L 08/26/2011 - 19:21:12: [amxbans.amxx] [Amxbans] Ошибка, адрес: 18
L 08/26/2011 - 19:21:12: [amxbans.amxx] [Amxbans] Сообщение: You have an error in your SQL syntax; check the manual that corresponds to your MySQL server version for the right syntax to use near ''amx' at line 1 (1064)
L 08/26/2011 - 19:21:12: [amxbans.amxx] [Amxbans] Статус запроса: 
L 08/26/2011 - 19:24:31: [admin_amxbans.amxx] Login: "Ipse [Str,RUS]<1932><STEAM_0:4:92751347><>" became an admin (account "Ipse [Str,RUS]") (access "t") (address "95.105.82.162")
L 08/26/2011 - 19:24:57: [amxbans.amxx] [Amxbans] Запрос провален!
L 08/26/2011 - 19:24:57: [amxbans.amxx] [Amxbans] Ошибка, адрес: 18
L 08/26/2011 - 19:24:57: [amxbans.amxx] [Amxbans] Сообщение: You have an error in your SQL syntax; check the manual that corresponds to your MySQL server version for the right syntax to use near ''amx' at line 1 (1064)
L 08/26/2011 - 19:24:57: [amxbans.amxx] [Amxbans] Статус запроса: 
L 08/26/2011 - 19:26:56: [amxbans.amxx] [Amxbans] Запрос провален!
L 08/26/2011 - 19:26:56: [amxbans.amxx] [Amxbans] Ошибка, адрес: 18
L 08/26/2011 - 19:26:56: [amxbans.amxx] [Amxbans] Сообщение: You have an error in your SQL syntax; check the manual that corresponds to your MySQL server version for the right syntax to use near ''amx' at line 1 (1064)
L 08/26/2011 - 19:26:56: [amxbans.amxx] [Amxbans] Статус запроса: 
L 08/26/2011 - 19:33:41: [amxbans.amxx] [Amxbans] Запрос провален!
L 08/26/2011 - 19:33:41: [amxbans.amxx] [Amxbans] Ошибка, адрес: 18
L 08/26/2011 - 19:33:41: [amxbans.amxx] [Amxbans] Сообщение: You have an error in your SQL syntax; check the manual that corresponds to your MySQL server version for the right syntax to use near ''amx' at line 1 (1064)
L 08/26/2011 - 19:33:41: [amxbans.amxx] [Amxbans] Статус запроса: 
L 08/26/2011 - 19:36:56: [voteban.amxx] Voteban starter Ipse [Str,RUS] against *FraerOK* STEAM_0:4:1761120362
L 08/26/2011 - 19:37:12: [voteban.amxx] [AMXX] BANNED: *FraerOK*, STARTER: Ipse [Str,RUS]
L 08/26/2011 - 19:37:12: [amxbans.amxx]  Зомби сервер (x_x(O_o)x_x) Go Zombie !!!<0><><> забанил *FraerOK*<STEAM_0:4:1761120362> на 15 минут (15 минут). Причина: VIP->Ipse [Str,RUS].
L 08/26/2011 - 19:43:44: -------- Mapchange to zm_666_brick --------
L 08/26/2011 - 19:43:45: [admin_amxbans.amxx] Login: "Ipse [Str,RUS]<1932><STEAM_0:4:92751347><>" became an admin (account "Ipse [Str,RUS]") (access "t") (address "95.105.82.162")
L 08/26/2011 - 19:43:45: [amxbans.amxx] [AMXBANS] AMXBans 5.0 подключен
L 08/26/2011 - 19:43:48: [admin_amxbans.amxx] Login: "P!Tu<1949><STEAM_0:0:25649157><>" became an admin (account "P!Tu") (access "t") (address "91.193.40.21")
L 08/26/2011 - 19:43:52: [amxbans.amxx] [Amxbans] Запрос провален!
L 08/26/2011 - 19:43:52: [amxbans.amxx] [Amxbans] Ошибка, адрес: 18
L 08/26/2011 - 19:43:52: [amxbans.amxx] [Amxbans] Сообщение: You have an error in your SQL syntax; check the manual that corresponds to your MySQL server version for the right syntax to use near ''amx' at line 1 (1064)
L 08/26/2011 - 19:43:52: [amxbans.amxx] [Amxbans] Статус запроса: 
L 08/26/2011 - 19:44:09: [amxbans.amxx] [Amxbans] Запрос провален!
L 08/26/2011 - 19:44:09: [amxbans.amxx] [Amxbans] Ошибка, адрес: 18
L 08/26/2011 - 19:44:09: [amxbans.amxx] [Amxbans] Сообщение: You have an error in your SQL syntax; check the manual that corresponds to your MySQL server version for the right syntax to use near ''amx' at line 1 (1064)
L 08/26/2011 - 19:44:09: [amxbans.amxx] [Amxbans] Статус запроса: 
L 08/26/2011 - 19:50:23: [amxbans.amxx] [Amxbans] Запрос провален!
L 08/26/2011 - 19:50:23: [amxbans.amxx] [Amxbans] Ошибка, адрес: 18
L 08/26/2011 - 19:50:23: [amxbans.amxx] [Amxbans] Сообщение: You have an error in your SQL syntax; check the manual that corresponds to your MySQL server version for the right syntax to use near ''amx' at line 1 (1064)
L 08/26/2011 - 19:50:23: [amxbans.amxx] [Amxbans] Статус запроса: 
L 08/26/2011 - 19:59:07: [voteban.amxx] Voteban starter Ipse [Str,RUS] against DypbFM STEAM_0:4:823045354
L 08/26/2011 - 19:59:22: [voteban.amxx] [AMXX] BANNED: DypbFM, STARTER: Ipse [Str,RUS]
L 08/26/2011 - 19:59:23: [amxbans.amxx]  Зомби сервер (x_x(O_o)x_x) Go Zombie !!!<0><><> забанил DypbFM<STEAM_0:4:823045354> на 15 минут (15 минут). Причина: VIP->Ipse [Str,RUS].
L 08/26/2011 - 20:03:43: -------- Mapchange to 016 --------
L 08/26/2011 - 20:03:44: [admin_amxbans.amxx] Login: "Ipse [Str,RUS]<1932><STEAM_0:4:92751347><>" became an admin (account "Ipse [Str,RUS]") (access "t") (address "95.105.82.162")
L 08/26/2011 - 20:03:44: [admin_amxbans.amxx] Login: "P!Tu<1949><STEAM_0:0:25649157><>" became an admin (account "P!Tu") (access "t") (address "91.193.40.21")
L 08/26/2011 - 20:03:45: [amxbans.amxx] [AMXBANS] AMXBans 5.0 подключен
L 08/26/2011 - 20:14:36: [voteban.amxx] Voteban starter Ipse [Str,RUS] against =) STEAM_0:4:922424561
L 08/26/2011 - 20:14:51: [voteban.amxx] [AMXX] BANNED: =), STARTER: Ipse [Str,RUS]
L 08/26/2011 - 20:14:52: [amxbans.amxx]  Зомби сервер (x_x(O_o)x_x) Go Zombie !!!<0><><> забанил =)<STEAM_0:4:922424561> на 15 минут (15 минут). Причина: VIP->Ipse [Str,RUS].
L 08/26/2011 - 20:19:20: [admin_amxbans.amxx] Login: "Ipse [Str,RUS]<1986><STEAM_0:4:708789747><>" became an admin (account "Ipse [Str,RUS]") (access "t") (address "95.105.34.253")
L 08/26/2011 - 20:21:08: [amxbans.amxx] [Amxbans] Запрос провален!
L 08/26/2011 - 20:21:08: [amxbans.amxx] [Amxbans] Ошибка, адрес: 18
L 08/26/2011 - 20:21:08: [amxbans.amxx] [Amxbans] Сообщение: You have an error in your SQL syntax; check the manual that corresponds to your MySQL server version for the right syntax to use near ''amx' at line 1 (1064)
L 08/26/2011 - 20:21:08: [amxbans.amxx] [Amxbans] Статус запроса: 
L 08/26/2011 - 20:23:54: [amxbans.amxx] [Amxbans] Запрос провален!
L 08/26/2011 - 20:23:54: [amxbans.amxx] [Amxbans] Ошибка, адрес: 18
L 08/26/2011 - 20:23:54: [amxbans.amxx] [Amxbans] Сообщение: You have an error in your SQL syntax; check the manual that corresponds to your MySQL server version for the right syntax to use near ''amx' at line 1 (1064)
L 08/26/2011 - 20:23:54: [amxbans.amxx] [Amxbans] Статус запроса: 
L 08/26/2011 - 20:23:57: -------- Mapchange to zm_army --------
L 08/26/2011 - 20:23:57: [admin_amxbans.amxx] Login: "Ipse [Str,RUS]<1986><STEAM_0:4:708789747><>" became an admin (account "Ipse [Str,RUS]") (access "t") (address "95.105.34.253")
L 08/26/2011 - 20:23:58: [amxbans.amxx] [AMXBANS] AMXBans 5.0 подключен
L 08/26/2011 - 20:24:03: [amxbans.amxx] [Amxbans] Запрос провален!
L 08/26/2011 - 20:24:03: [amxbans.amxx] [Amxbans] Ошибка, адрес: 18
L 08/26/2011 - 20:24:03: [amxbans.amxx] [Amxbans] Сообщение: You have an error in your SQL syntax; check the manual that corresponds to your MySQL server version for the right syntax to use near ''amx' at line 1 (1064)
L 08/26/2011 - 20:24:03: [amxbans.amxx] [Amxbans] Статус запроса: 
L 08/26/2011 - 20:24:03: [amxbans.amxx] [Amxbans] Запрос провален!
L 08/26/2011 - 20:24:03: [amxbans.amxx] [Amxbans] Ошибка, адрес: 18
L 08/26/2011 - 20:24:03: [amxbans.amxx] [Amxbans] Сообщение: You have an error in your SQL syntax; check the manual that corresponds to your MySQL server version for the right syntax to use near ''amx' at line 1 (1064)
L 08/26/2011 - 20:24:03: [amxbans.amxx] [Amxbans] Статус запроса: 
L 08/26/2011 - 20:24:03: [amxbans.amxx] [Amxbans] Запрос провален!
L 08/26/2011 - 20:24:03: [amxbans.amxx] [Amxbans] Ошибка, адрес: 18
L 08/26/2011 - 20:24:03: [amxbans.amxx] [Amxbans] Сообщение: You have an error in your SQL syntax; check the manual that corresponds to your MySQL server version for the right syntax to use near ''amx' at line 1 (1064)
L 08/26/2011 - 20:24:03: [amxbans.amxx] [Amxbans] Статус запроса: 
L 08/26/2011 - 20:26:05: [amxbans.amxx] [Amxbans] Запрос провален!
L 08/26/2011 - 20:26:05: [amxbans.amxx] [Amxbans] Ошибка, адрес: 18
L 08/26/2011 - 20:26:05: [amxbans.amxx] [Amxbans] Сообщение: You have an error in your SQL syntax; check the manual that corresponds to your MySQL server version for the right syntax to use near ''amx' at line 1 (1064)
L 08/26/2011 - 20:26:05: [amxbans.amxx] [Amxbans] Статус запроса: 
L 08/26/2011 - 20:28:01: [amxbans.amxx] [Amxbans] Запрос провален!
L 08/26/2011 - 20:28:01: [amxbans.amxx] [Amxbans] Ошибка, адрес: 18
L 08/26/2011 - 20:28:01: [amxbans.amxx] [Amxbans] Сообщение: You have an error in your SQL syntax; check the manual that corresponds to your MySQL server version for the right syntax to use near ''amx' at line 1 (1064)
L 08/26/2011 - 20:28:01: [amxbans.amxx] [Amxbans] Статус запроса: 
L 08/26/2011 - 20:31:10: [amxbans.amxx] [Amxbans] Запрос провален!
L 08/26/2011 - 20:31:10: [amxbans.amxx] [Amxbans] Ошибка, адрес: 18
L 08/26/2011 - 20:31:10: [amxbans.amxx] [Amxbans] Сообщение: You have an error in your SQL syntax; check the manual that corresponds to your MySQL server version for the right syntax to use near ''amx' at line 1 (1064)
L 08/26/2011 - 20:31:10: [amxbans.amxx] [Amxbans] Статус запроса: 
L 08/26/2011 - 20:33:07: [amxbans.amxx] [Amxbans] Запрос провален!
L 08/26/2011 - 20:33:07: [amxbans.amxx] [Amxbans] Ошибка, адрес: 18
L 08/26/2011 - 20:33:07: [amxbans.amxx] [Amxbans] Сообщение: You have an error in your SQL syntax; check the manual that corresponds to your MySQL server version for the right syntax to use near ''amx' at line 1 (1064)
L 08/26/2011 - 20:33:07: [amxbans.amxx] [Amxbans] Статус запроса: 
L 08/26/2011 - 20:33:14: [voteban.amxx] Voteban starter Ipse [Str,RUS] against Dmitriu STEAM_0:4:1944152947
L 08/26/2011 - 20:33:29: [voteban.amxx] [AMXX] BANNED: Dmitriu, STARTER: Ipse [Str,RUS]
L 08/26/2011 - 20:33:30: [amxbans.amxx]  Зомби сервер (x_x(O_o)x_x) Go Zombie !!!<0><><> забанил Dmitriu<STEAM_0:4:1944152947> на 15 минут (15 минут). Причина: VIP->Ipse [Str,RUS].
L 08/26/2011 - 20:39:47: [admin_amxbans.amxx] Login: "P!Tu<2005><STEAM_0:0:25649157><>" became an admin (account "P!Tu") (access "t") (address "91.193.40.21")
L 08/26/2011 - 20:46:03: -------- Mapchange to zm_fdust2x2 --------
L 08/26/2011 - 20:46:05: [amxbans.amxx] [AMXBANS] AMXBans 5.0 подключен
L 08/26/2011 - 21:09:09: [admin_amxbans.amxx] Login: "~Helena~<2028><STEAM_0:4:1904234346><>" became an admin (account "~Helena~") (access "at") (address "109.124.92.74")
L 08/26/2011 - 21:09:16: -------- Mapchange to zm_cpl_mill_kamp --------
L 08/26/2011 - 21:09:17: [admin_amxbans.amxx] Login: "~Helena~<2028><STEAM_0:4:1904234346><>" became an admin (account "~Helena~") (access "at") (address "109.124.92.74")
L 08/26/2011 - 21:09:18: [amxbans.amxx] [AMXBANS] AMXBans 5.0 подключен
L 08/26/2011 - 21:30:05: -------- Mapchange to zm_houses --------
L 08/26/2011 - 21:30:06: [admin_amxbans.amxx] Login: "~Helena~<2028><STEAM_0:4:1904234346><>" became an admin (account "~Helena~") (access "at") (address "109.124.92.74")
L 08/26/2011 - 21:30:07: [amxbans.amxx] [AMXBANS] AMXBans 5.0 подключен
L 08/26/2011 - 21:52:38: -------- Mapchange to zm_desolation_house --------
L 08/26/2011 - 21:52:39: [amxbans.amxx] [AMXBANS] AMXBans 5.0 подключен
L 08/26/2011 - 22:02:52: [admin_amxbans.amxx] Login: "Den1s<2078><STEAM_0:0:889229784><>" became an admin (account "91.192.190.142") (access "abcdefghijklmnopqstu") (address "91.192.190.142")
L 08/26/2011 - 22:12:56: -------- Mapchange to cs_militia --------
L 08/26/2011 - 22:13:00: [admin_amxbans.amxx] Login: "Den1s<2078><STEAM_0:0:889229784><>" became an admin (account "91.192.190.142") (access "abcdefghijklmnopqstu") (address "91.192.190.142")
L 08/26/2011 - 22:13:01: [amxbans.amxx] [AMXBANS] AMXBans 5.0 подключен
L 08/26/2011 - 22:33:52: -------- Mapchange to zm_303 --------
L 08/26/2011 - 22:33:54: [amxbans.amxx] [AMXBANS] AMXBans 5.0 подключен
L 08/26/2011 - 22:44:32: [admin_amxbans.amxx] Login: "Ipse [Str,RUS]<2091><STEAM_0:4:708789747><>" became an admin (account "Ipse [Str,RUS]") (access "t") (address "95.105.34.253")
L 08/26/2011 - 22:51:12: -------- Mapchange to cs_estate --------
L 08/26/2011 - 22:51:15: [amxbans.amxx] [AMXBANS] AMXBans 5.0 подключен
L 08/26/2011 - 23:01:08: -------- Mapchange to cs_estate --------
L 08/26/2011 - 23:01:11: [amxbans.amxx] [AMXBANS] AMXBans 5.0 подключен
L 08/26/2011 - 23:18:45: -------- Mapchange to zm_dwarf --------
L 08/26/2011 - 23:18:47: [amxbans.amxx] [AMXBANS] AMXBans 5.0 подключен
L 08/26/2011 - 23:39:40: -------- Mapchange to zm_alley --------
L 08/26/2011 - 23:39:42: [amxbans.amxx] [AMXBANS] AMXBans 5.0 подключен
L 08/26/2011 - 23:55:20: [admin_amxbans.amxx] Login: "Euforia<2127><STEAM_0:0:1235555515><>" became an admin (account "Euforia") (access "t") (address "188.123.245.19")
