L 10/03/2011 - 00:07:11: -------- Mapchange to zm_decline2k --------
L 10/03/2011 - 00:07:12: [admin_amxbans.amxx] Login: "Alecquant<2679><STEAM_0:4:565250032><>" became an admin (account "Alecquant") (access "t") (address "89.237.62.234")
L 10/03/2011 - 00:07:13: [amxbans.amxx] [AMXBANS] AMXBans 5.0 is online
L 10/03/2011 - 00:27:45: -------- Mapchange to zm_alfresco_v2 --------
L 10/03/2011 - 00:27:46: [admin_amxbans.amxx] Login: "Alecquant<2679><STEAM_0:4:565250032><>" became an admin (account "Alecquant") (access "t") (address "89.237.62.234")
L 10/03/2011 - 00:27:47: [amxbans.amxx] [AMXBANS] AMXBans 5.0 is online
L 10/03/2011 - 00:39:30: -------- Mapchange to zm_cpl_mill_kamp --------
L 10/03/2011 - 00:39:31: [admin_amxbans.amxx] Login: "Alecquant<2679><STEAM_0:4:565250032><>" became an admin (account "Alecquant") (access "t") (address "89.237.62.234")
L 10/03/2011 - 00:39:32: [amxbans.amxx] [AMXBANS] AMXBans 5.0 is online
L 10/03/2011 - 01:01:19: -------- Mapchange to zm_fdust2x2 --------
L 10/03/2011 - 01:01:19: [admin_amxbans.amxx] Login: "Alecquant<2679><STEAM_0:4:565250032><>" became an admin (account "Alecquant") (access "t") (address "89.237.62.234")
L 10/03/2011 - 01:01:20: [amxbans.amxx] [AMXBANS] AMXBans 5.0 is online
L 10/03/2011 - 01:22:36: -------- Mapchange to zm_666_brick --------
L 10/03/2011 - 01:22:36: [admin_amxbans.amxx] Login: "Alecquant<2679><STEAM_0:4:565250032><>" became an admin (account "Alecquant") (access "t") (address "89.237.62.234")
L 10/03/2011 - 01:22:37: [amxbans.amxx] [AMXBANS] AMXBans 5.0 is online
L 10/03/2011 - 01:54:13: -------- Mapchange to zm_303 --------
L 10/03/2011 - 01:54:14: [amxbans.amxx] [AMXBANS] AMXBans 5.0 is online
L 10/03/2011 - 02:15:12: -------- Mapchange to 016 --------
L 10/03/2011 - 02:15:14: [amxbans.amxx] [AMXBANS] AMXBans 5.0 is online
L 10/03/2011 - 02:45:52: -------- Mapchange to cs_militia --------
L 10/03/2011 - 02:45:57: [amxbans.amxx] [AMXBANS] AMXBans 5.0 is online
L 10/03/2011 - 02:52:23: -------- Mapchange to zm_houses --------
L 10/03/2011 - 02:52:24: [amxbans.amxx] [AMXBANS] AMXBans 5.0 is online
L 10/03/2011 - 03:11:44: -------- Mapchange to ze_train_back_lg --------
L 10/03/2011 - 03:11:46: [amxbans.amxx] [AMXBANS] AMXBans 5.0 is online
L 10/03/2011 - 03:15:27: -------- Mapchange to cs_estate --------
L 10/03/2011 - 03:15:30: [amxbans.amxx] [AMXBANS] AMXBans 5.0 is online
L 10/03/2011 - 03:25:23: -------- Mapchange to cs_estate --------
L 10/03/2011 - 03:25:26: [amxbans.amxx] [AMXBANS] AMXBans 5.0 is online
L 10/03/2011 - 03:34:16: -------- Mapchange to ze_jurassicpark --------
L 10/03/2011 - 03:34:17: [amxbans.amxx] [AMXBANS] AMXBans 5.0 is online
L 10/03/2011 - 03:38:30: -------- Mapchange to cs_estate --------
L 10/03/2011 - 03:38:33: [amxbans.amxx] [AMXBANS] AMXBans 5.0 is online
L 10/03/2011 - 04:09:56: -------- Mapchange to ze_egypt --------
L 10/03/2011 - 04:09:58: [amxbans.amxx] [AMXBANS] AMXBans 5.0 is online
L 10/03/2011 - 04:16:54: -------- Mapchange to cs_estate --------
L 10/03/2011 - 04:16:56: [amxbans.amxx] [AMXBANS] AMXBans 5.0 is online
L 10/03/2011 - 04:26:50: -------- Mapchange to cs_estate --------
L 10/03/2011 - 04:26:52: [amxbans.amxx] [AMXBANS] AMXBans 5.0 is online
L 10/03/2011 - 04:38:29: -------- Mapchange to 016 --------
L 10/03/2011 - 04:38:30: [amxbans.amxx] [AMXBANS] AMXBans 5.0 is online
L 10/03/2011 - 04:46:31: -------- Mapchange to cs_estate --------
L 10/03/2011 - 04:46:34: [amxbans.amxx] [AMXBANS] AMXBans 5.0 is online
L 10/03/2011 - 05:01:03: -------- Mapchange to zm_cpl_mill_kamp --------
L 10/03/2011 - 05:01:05: [amxbans.amxx] [AMXBANS] AMXBans 5.0 is online
L 10/03/2011 - 05:05:58: -------- Mapchange to cs_estate --------
L 10/03/2011 - 05:06:00: [amxbans.amxx] [AMXBANS] AMXBans 5.0 is online
L 10/03/2011 - 05:15:54: -------- Mapchange to cs_estate --------
L 10/03/2011 - 05:15:56: [amxbans.amxx] [AMXBANS] AMXBans 5.0 is online
L 10/03/2011 - 05:25:50: -------- Mapchange to cs_estate --------
L 10/03/2011 - 05:25:52: [amxbans.amxx] [AMXBANS] AMXBans 5.0 is online
L 10/03/2011 - 05:35:46: -------- Mapchange to cs_estate --------
L 10/03/2011 - 05:35:48: [amxbans.amxx] [AMXBANS] AMXBans 5.0 is online
L 10/03/2011 - 05:49:26: -------- Mapchange to cs_estate --------
L 10/03/2011 - 05:49:29: [amxbans.amxx] [AMXBANS] AMXBans 5.0 is online
L 10/03/2011 - 05:59:22: -------- Mapchange to cs_estate --------
L 10/03/2011 - 05:59:25: [amxbans.amxx] [AMXBANS] AMXBans 5.0 is online
L 10/03/2011 - 06:16:03: -------- Mapchange to cs_estate --------
L 10/03/2011 - 06:16:06: [amxbans.amxx] [AMXBANS] AMXBans 5.0 is online
L 10/03/2011 - 06:24:26: -------- Mapchange to ze_jurassicpark --------
L 10/03/2011 - 06:24:27: [amxbans.amxx] [AMXBANS] AMXBans 5.0 is online
L 10/03/2011 - 06:30:05: -------- Mapchange to cs_estate --------
L 10/03/2011 - 06:30:08: [amxbans.amxx] [AMXBANS] AMXBans 5.0 is online
L 10/03/2011 - 06:40:58: -------- Mapchange to zm_cpl_mill_kamp --------
L 10/03/2011 - 06:40:59: [amxbans.amxx] [AMXBANS] AMXBans 5.0 is online
L 10/03/2011 - 06:44:07: -------- Mapchange to cs_estate --------
L 10/03/2011 - 06:44:10: [amxbans.amxx] [AMXBANS] AMXBans 5.0 is online
L 10/03/2011 - 06:54:03: -------- Mapchange to cs_estate --------
L 10/03/2011 - 06:54:06: [amxbans.amxx] [AMXBANS] AMXBans 5.0 is online
L 10/03/2011 - 07:03:59: -------- Mapchange to cs_estate --------
L 10/03/2011 - 07:04:01: [amxbans.amxx] [AMXBANS] AMXBans 5.0 is online
L 10/03/2011 - 07:13:55: -------- Mapchange to cs_estate --------
L 10/03/2011 - 07:13:57: [amxbans.amxx] [AMXBANS] AMXBans 5.0 is online
L 10/03/2011 - 07:25:17: -------- Mapchange to ze_egypt --------
L 10/03/2011 - 07:25:19: [amxbans.amxx] [AMXBANS] AMXBans 5.0 is online
L 10/03/2011 - 07:28:17: -------- Mapchange to cs_estate --------
L 10/03/2011 - 07:28:20: [amxbans.amxx] [AMXBANS] AMXBans 5.0 is online
L 10/03/2011 - 08:17:17: -------- Mapchange to ze_lift_escape_b5 --------
L 10/03/2011 - 08:17:19: [amxbans.amxx] [AMXBANS] AMXBans 5.0 is online
L 10/03/2011 - 08:32:27: -------- Mapchange to ze_jurassicpark --------
L 10/03/2011 - 08:32:29: [amxbans.amxx] [AMXBANS] AMXBans 5.0 is online
L 10/03/2011 - 08:46:36: -------- Mapchange to cs_estate --------
L 10/03/2011 - 08:46:39: [amxbans.amxx] [AMXBANS] AMXBans 5.0 is online
L 10/03/2011 - 09:10:02: -------- Mapchange to cs_estate --------
L 10/03/2011 - 09:10:05: [amxbans.amxx] [AMXBANS] AMXBans 5.0 is online
L 10/03/2011 - 09:16:07: -------- Mapchange to 016 --------
L 10/03/2011 - 09:16:09: [amxbans.amxx] [AMXBANS] AMXBans 5.0 is online
L 10/03/2011 - 09:35:55: -------- Mapchange to cs_estate --------
L 10/03/2011 - 09:35:58: [amxbans.amxx] [AMXBANS] AMXBans 5.0 is online
L 10/03/2011 - 09:49:03: -------- Mapchange to zm_303 --------
L 10/03/2011 - 09:49:05: [amxbans.amxx] [AMXBANS] AMXBans 5.0 is online
L 10/03/2011 - 10:19:35: [admin_amxbans.amxx] Login: "F1-[G]amin[G] |G-man<2937><STEAM_0:0:299692916><>" became an admin (account "F1-[G]amin[G] |G-man") (access "t") (address "194.0.68.126")
L 10/03/2011 - 10:27:46: -------- Mapchange to zm_666_brick --------
L 10/03/2011 - 10:27:47: [admin_amxbans.amxx] Login: "F1-[G]amin[G] |G-man<2937><STEAM_0:0:299692916><>" became an admin (account "F1-[G]amin[G] |G-man") (access "t") (address "194.0.68.126")
L 10/03/2011 - 10:27:47: [amxbans.amxx] [AMXBANS] AMXBans 5.0 is online
L 10/03/2011 - 10:59:35: -------- Mapchange to zm_caca --------
L 10/03/2011 - 10:59:35: [admin_amxbans.amxx] Login: "F1-[G]amin[G] |G-man<2937><STEAM_0:0:299692916><>" became an admin (account "F1-[G]amin[G] |G-man") (access "t") (address "194.0.68.126")
L 10/03/2011 - 10:59:36: [amxbans.amxx] [AMXBANS] AMXBans 5.0 is online
L 10/03/2011 - 11:21:43: -------- Mapchange to zm_dwarf --------
L 10/03/2011 - 11:21:44: [admin_amxbans.amxx] Login: "F1-[G]amin[G] |G-man<2937><STEAM_0:0:299692916><>" became an admin (account "F1-[G]amin[G] |G-man") (access "t") (address "194.0.68.126")
L 10/03/2011 - 11:21:45: [amxbans.amxx] [AMXBANS] AMXBans 5.0 is online
L 10/03/2011 - 11:33:25: [admin_amxbans.amxx] Login: "F1-[G]amin[G] |G-man<2981><STEAM_0:0:299692916><>" became an admin (account "F1-[G]amin[G] |G-man") (access "t") (address "194.0.68.126")
L 10/03/2011 - 11:42:46: -------- Mapchange to ze_jurassicpark --------
L 10/03/2011 - 11:42:47: [amxbans.amxx] [AMXBANS] AMXBans 5.0 is online
L 10/03/2011 - 12:04:15: -------- Mapchange to zm_alfresco_v2 --------
L 10/03/2011 - 12:04:17: [amxbans.amxx] [AMXBANS] AMXBans 5.0 is online
L 10/03/2011 - 12:24:16: -------- Mapchange to ze_egypt --------
L 10/03/2011 - 12:24:18: [amxbans.amxx] [AMXBANS] AMXBans 5.0 is online
L 10/03/2011 - 12:39:23: -------- Mapchange to zm_cpl_mill_kamp --------
L 10/03/2011 - 12:39:25: [amxbans.amxx] [AMXBANS] AMXBans 5.0 is online
L 10/03/2011 - 13:00:11: -------- Mapchange to ze_lift_escape_b5 --------
L 10/03/2011 - 13:00:12: [amxbans.amxx] [AMXBANS] AMXBans 5.0 is online
L 10/03/2011 - 13:15:09: -------- Mapchange to zm_decline2k --------
L 10/03/2011 - 13:15:11: [amxbans.amxx] [AMXBANS] AMXBans 5.0 is online
L 10/03/2011 - 13:29:48: [admin_amxbans.amxx] Login: "F1-[G]amin[G] |G-man<3089><STEAM_0:0:299692916><>" became an admin (account "F1-[G]amin[G] |G-man") (access "t") (address "194.0.68.126")
L 10/03/2011 - 13:35:39: -------- Mapchange to zm_fdust2x2 --------
L 10/03/2011 - 13:35:40: [admin_amxbans.amxx] Login: "F1-[G]amin[G] |G-man<3089><STEAM_0:0:299692916><>" became an admin (account "F1-[G]amin[G] |G-man") (access "t") (address "194.0.68.126")
L 10/03/2011 - 13:35:40: [amxbans.amxx] [AMXBANS] AMXBans 5.0 is online
L 10/03/2011 - 13:56:03: -------- Mapchange to zm_303 --------
L 10/03/2011 - 13:56:04: [admin_amxbans.amxx] Login: "F1-[G]amin[G] |G-man<3089><STEAM_0:0:299692916><>" became an admin (account "F1-[G]amin[G] |G-man") (access "t") (address "194.0.68.126")
L 10/03/2011 - 13:56:05: [amxbans.amxx] [AMXBANS] AMXBans 5.0 is online
L 10/03/2011 - 14:18:28: -------- Mapchange to 016 --------
L 10/03/2011 - 14:18:30: [amxbans.amxx] [AMXBANS] AMXBans 5.0 is online
L 10/03/2011 - 14:20:58: [amxbans.amxx] [Amxbans] Query failed!
L 10/03/2011 - 14:20:58: [amxbans.amxx] [Amxbans] Threaded query error, location: 18
L 10/03/2011 - 14:20:58: [amxbans.amxx] [Amxbans] Message: You have an error in your SQL syntax; check the manual that corresponds to your MySQL server version for the right syntax to use near ''' at line 1 (1064)
L 10/03/2011 - 14:20:58: [amxbans.amxx] [Amxbans] Query statement: 
L 10/03/2011 - 14:22:56: [amxbans.amxx] [Amxbans] Query failed!
L 10/03/2011 - 14:22:56: [amxbans.amxx] [Amxbans] Threaded query error, location: 18
L 10/03/2011 - 14:22:56: [amxbans.amxx] [Amxbans] Message: You have an error in your SQL syntax; check the manual that corresponds to your MySQL server version for the right syntax to use near ''' at line 1 (1064)
L 10/03/2011 - 14:22:56: [amxbans.amxx] [Amxbans] Query statement: 
L 10/03/2011 - 14:23:29: [amxbans.amxx] [Amxbans] Query failed!
L 10/03/2011 - 14:23:29: [amxbans.amxx] [Amxbans] Threaded query error, location: 18
L 10/03/2011 - 14:23:29: [amxbans.amxx] [Amxbans] Message: You have an error in your SQL syntax; check the manual that corresponds to your MySQL server version for the right syntax to use near ''' at line 1 (1064)
L 10/03/2011 - 14:23:29: [amxbans.amxx] [Amxbans] Query statement: 
L 10/03/2011 - 14:50:09: -------- Mapchange to zm_666_brick --------
L 10/03/2011 - 14:50:11: [amxbans.amxx] [AMXBANS] AMXBans 5.0 is online
L 10/03/2011 - 14:50:14: [amxbans.amxx] [Amxbans] Query failed!
L 10/03/2011 - 14:50:14: [amxbans.amxx] [Amxbans] Threaded query error, location: 18
L 10/03/2011 - 14:50:14: [amxbans.amxx] [Amxbans] Message: You have an error in your SQL syntax; check the manual that corresponds to your MySQL server version for the right syntax to use near ''' at line 1 (1064)
L 10/03/2011 - 14:50:14: [amxbans.amxx] [Amxbans] Query statement: 
L 10/03/2011 - 15:00:16: [admin_amxbans.amxx] Login: "An'ka<3164><STEAM_0:0:576232145><>" became an admin (account "62.176.11.142") (access "t") (address "62.176.11.142")
L 10/03/2011 - 15:00:42: [admin_amxbans.amxx] Login: "An'ka<3166><STEAM_0:0:576232145><>" became an admin (account "62.176.11.142") (access "t") (address "62.176.11.142")
L 10/03/2011 - 15:00:54: [admin_amxbans.amxx] Login: "aHbka<3167><STEAM_0:0:576232145><>" became an admin (account "62.176.11.142") (access "t") (address "62.176.11.142")
L 10/03/2011 - 15:20:22: -------- Mapchange to zm_dwarf --------
L 10/03/2011 - 15:20:24: [amxbans.amxx] [AMXBANS] AMXBans 5.0 is online
L 10/03/2011 - 15:30:22: [admin_amxbans.amxx] Login: "F1-[G]amin[G] |G-man<3193><STEAM_0:0:299692916><>" became an admin (account "F1-[G]amin[G] |G-man") (access "t") (address "194.0.68.126")
L 10/03/2011 - 15:40:20: -------- Mapchange to ze_jurassicpark --------
L 10/03/2011 - 15:40:21: [admin_amxbans.amxx] Login: "F1-[G]amin[G] |G-man<3193><STEAM_0:0:299692916><>" became an admin (account "F1-[G]amin[G] |G-man") (access "t") (address "194.0.68.126")
L 10/03/2011 - 15:40:22: [amxbans.amxx] [AMXBANS] AMXBans 5.0 is online
L 10/03/2011 - 15:49:18: [admin_amxbans.amxx] Login: "Lenusjka<3212><STEAM_0:4:1429483121><>" became an admin (account "Lenusjka") (access "eqt") (address "91.190.52.3")
L 10/03/2011 - 15:59:28: [admin_amxbans.amxx] Login: "F1-[G]amin[G] |G-man<3219><STEAM_0:0:299692916><>" became an admin (account "F1-[G]amin[G] |G-man") (access "t") (address "194.0.68.126")
L 10/03/2011 - 16:00:19: [admin_amxbans.amxx] Login: "F1-[G]amin[G] |G-man<3221><STEAM_0:0:299692916><>" became an admin (account "F1-[G]amin[G] |G-man") (access "t") (address "194.0.68.126")
L 10/03/2011 - 16:01:13: -------- Mapchange to zm_caca --------
L 10/03/2011 - 16:01:14: [admin_amxbans.amxx] Login: "F1-[G]amin[G] |G-man<3221><STEAM_0:0:299692916><>" became an admin (account "F1-[G]amin[G] |G-man") (access "t") (address "194.0.68.126")
L 10/03/2011 - 16:01:15: [amxbans.amxx] [AMXBANS] AMXBans 5.0 is online
L 10/03/2011 - 16:21:57: -------- Mapchange to ze_lift_escape_b5 --------
L 10/03/2011 - 16:21:58: [admin_amxbans.amxx] Login: "F1-[G]amin[G] |G-man<3221><STEAM_0:0:299692916><>" became an admin (account "F1-[G]amin[G] |G-man") (access "t") (address "194.0.68.126")
L 10/03/2011 - 16:21:59: [amxbans.amxx] [AMXBANS] AMXBans 5.0 is online
L 10/03/2011 - 16:37:38: -------- Mapchange to ze_egypt --------
L 10/03/2011 - 16:37:39: [admin_amxbans.amxx] Login: "F1-[G]amin[G] |G-man<3221><STEAM_0:0:299692916><>" became an admin (account "F1-[G]amin[G] |G-man") (access "t") (address "194.0.68.126")
L 10/03/2011 - 16:37:40: [admin_amxbans.amxx] Login: "F1-[G]amin[G] |G-man<3276><STEAM_0:0:299692916><>" became an admin (account "F1-[G]amin[G] |G-man") (access "t") (address "194.0.68.126")
L 10/03/2011 - 16:37:40: [amxbans.amxx] [AMXBANS] AMXBans 5.0 is online
L 10/03/2011 - 16:37:46: [admin_amxbans.amxx] Login: "F1-[G]amin[G] |G-man<3287><STEAM_0:0:299692916><>" became an admin (account "F1-[G]amin[G] |G-man") (access "t") (address "194.0.68.126")
L 10/03/2011 - 16:53:54: -------- Mapchange to zm_neris --------
L 10/03/2011 - 16:53:56: [amxbans.amxx] [AMXBANS] AMXBans 5.0 is online
L 10/03/2011 - 17:15:24: -------- Mapchange to zm_zbek --------
L 10/03/2011 - 17:15:26: [amxbans.amxx] [AMXBANS] AMXBans 5.0 is online
L 10/03/2011 - 17:29:28: [amxbans.amxx] [Amxbans] Query failed!
L 10/03/2011 - 17:29:28: [amxbans.amxx] [Amxbans] Threaded query error, location: 18
L 10/03/2011 - 17:29:28: [amxbans.amxx] [Amxbans] Message: You have an error in your SQL syntax; check the manual that corresponds to your MySQL server version for the right syntax to use near '' at line 1 (1064)
L 10/03/2011 - 17:29:28: [amxbans.amxx] [Amxbans] Query statement: 
L 10/03/2011 - 17:30:39: [amxbans.amxx] [Amxbans] Query failed!
L 10/03/2011 - 17:30:39: [amxbans.amxx] [Amxbans] Threaded query error, location: 18
L 10/03/2011 - 17:30:39: [amxbans.amxx] [Amxbans] Message: You have an error in your SQL syntax; check the manual that corresponds to your MySQL server version for the right syntax to use near '' at line 1 (1064)
L 10/03/2011 - 17:30:39: [amxbans.amxx] [Amxbans] Query statement: 
L 10/03/2011 - 17:35:48: -------- Mapchange to zm_fdust2x2 --------
L 10/03/2011 - 17:35:50: [amxbans.amxx] [AMXBANS] AMXBans 5.0 is online
L 10/03/2011 - 17:35:58: [amxbans.amxx] [Amxbans] Query failed!
L 10/03/2011 - 17:35:58: [amxbans.amxx] [Amxbans] Threaded query error, location: 18
L 10/03/2011 - 17:35:58: [amxbans.amxx] [Amxbans] Message: You have an error in your SQL syntax; check the manual that corresponds to your MySQL server version for the right syntax to use near '' at line 1 (1064)
L 10/03/2011 - 17:35:58: [amxbans.amxx] [Amxbans] Query statement: 
L 10/03/2011 - 17:58:58: -------- Mapchange to 016 --------
L 10/03/2011 - 17:59:00: [amxbans.amxx] [AMXBANS] AMXBans 5.0 is online
L 10/03/2011 - 17:59:07: [amxbans.amxx] [Amxbans] Query failed!
L 10/03/2011 - 17:59:07: [amxbans.amxx] [Amxbans] Threaded query error, location: 18
L 10/03/2011 - 17:59:07: [amxbans.amxx] [Amxbans] Message: You have an error in your SQL syntax; check the manual that corresponds to your MySQL server version for the right syntax to use near '' at line 1 (1064)
L 10/03/2011 - 17:59:07: [amxbans.amxx] [Amxbans] Query statement: 
L 10/03/2011 - 18:28:33: [admin_amxbans.amxx] Login: "Zloy-Tupoy-Buhoy [Str,RUS]<3434><STEAM_0:4:1897995889><>" kicked due to invalid password (account "Zloy-Tupoy-Buhoy [Str,RUS]") (address "91.222.30.75")
L 10/03/2011 - 18:28:55: [admin_amxbans.amxx] Login: "Zloy-Tupoy-Buhoy [Str,RUS]<3435><STEAM_0:4:1897995889><>" kicked due to invalid password (account "Zloy-Tupoy-Buhoy [Str,RUS]") (address "91.222.30.75")
L 10/03/2011 - 18:29:13: -------- Mapchange to zm_303 --------
L 10/03/2011 - 18:29:14: [amxbans.amxx] [AMXBANS] AMXBans 5.0 is online
L 10/03/2011 - 18:38:52: [admin_amxbans.amxx] Login: "Zloy-Tupoy-Buhoy [Str,RUS]<3443><STEAM_0:4:1897995889><>" kicked due to invalid password (account "Zloy-Tupoy-Buhoy [Str,RUS]") (address "91.222.30.75")
L 10/03/2011 - 18:52:19: -------- Mapchange to ze_train_back_lg --------
L 10/03/2011 - 18:52:21: [amxbans.amxx] [AMXBANS] AMXBans 5.0 is online
L 10/03/2011 - 19:07:35: -------- Mapchange to ze_jurassicpark --------
L 10/03/2011 - 19:07:37: [amxbans.amxx] [AMXBANS] AMXBans 5.0 is online
L 10/03/2011 - 19:29:47: -------- Mapchange to zm_caca --------
L 10/03/2011 - 19:29:49: [amxbans.amxx] [AMXBANS] AMXBans 5.0 is online
L 10/03/2011 - 19:30:27: [amxbans.amxx] [Amxbans] Query failed!
L 10/03/2011 - 19:30:27: [amxbans.amxx] [Amxbans] Threaded query error, location: 18
L 10/03/2011 - 19:30:27: [amxbans.amxx] [Amxbans] Message: You have an error in your SQL syntax; check the manual that corresponds to your MySQL server version for the right syntax to use near ''Bantime expired' at line 1 (1064)
L 10/03/2011 - 19:30:27: [amxbans.amxx] [Amxbans] Query statement: 
L 10/03/2011 - 19:30:33: [amxbans.amxx] [Amxbans] Query failed!
L 10/03/2011 - 19:30:33: [amxbans.amxx] [Amxbans] Threaded query error, location: 18
L 10/03/2011 - 19:30:33: [amxbans.amxx] [Amxbans] Message: You have an error in your SQL syntax; check the manual that corresponds to your MySQL server version for the right syntax to use near ''Bantime expired' at line 1 (1064)
L 10/03/2011 - 19:30:33: [amxbans.amxx] [Amxbans] Query statement: 
L 10/03/2011 - 19:38:46: [amxbans.amxx] [Amxbans] Query failed!
L 10/03/2011 - 19:38:46: [amxbans.amxx] [Amxbans] Threaded query error, location: 18
L 10/03/2011 - 19:38:46: [amxbans.amxx] [Amxbans] Message: You have an error in your SQL syntax; check the manual that corresponds to your MySQL server version for the right syntax to use near '' at line 1 (1064)
L 10/03/2011 - 19:38:46: [amxbans.amxx] [Amxbans] Query statement: 
L 10/03/2011 - 19:42:11: [amxbans.amxx] [Amxbans] Query failed!
L 10/03/2011 - 19:42:11: [amxbans.amxx] [Amxbans] Threaded query error, location: 18
L 10/03/2011 - 19:42:11: [amxbans.amxx] [Amxbans] Message: You have an error in your SQL syntax; check the manual that corresponds to your MySQL server version for the right syntax to use near '' at line 1 (1064)
L 10/03/2011 - 19:42:11: [amxbans.amxx] [Amxbans] Query statement: 
L 10/03/2011 - 19:50:30: -------- Mapchange to cs_militia --------
L 10/03/2011 - 19:50:35: [amxbans.amxx] [AMXBANS] AMXBans 5.0 is online
L 10/03/2011 - 19:50:42: [amxbans.amxx] [Amxbans] Query failed!
L 10/03/2011 - 19:50:42: [amxbans.amxx] [Amxbans] Threaded query error, location: 18
L 10/03/2011 - 19:50:42: [amxbans.amxx] [Amxbans] Message: You have an error in your SQL syntax; check the manual that corresponds to your MySQL server version for the right syntax to use near '' at line 1 (1064)
L 10/03/2011 - 19:50:42: [amxbans.amxx] [Amxbans] Query statement: 
L 10/03/2011 - 20:11:16: [admin_amxbans.amxx] Login: "F1-[G]amin[G] |G-man<3604><STEAM_0:0:299692916><>" became an admin (account "F1-[G]amin[G] |G-man") (access "t") (address "194.0.68.126")
L 10/03/2011 - 20:13:47: -------- Mapchange to zm_666_brick --------
L 10/03/2011 - 20:13:48: [admin_amxbans.amxx] Login: "F1-[G]amin[G] |G-man<3604><STEAM_0:0:299692916><>" became an admin (account "F1-[G]amin[G] |G-man") (access "t") (address "194.0.68.126")
L 10/03/2011 - 20:13:49: [amxbans.amxx] [AMXBANS] AMXBans 5.0 is online
L 10/03/2011 - 20:32:25: [voteban.amxx] Voteban starter F1-[G]amin[G] |G-man against -=DeruT=- STEAM_0:0:353925886
L 10/03/2011 - 20:32:40: [voteban.amxx] [AMXX] BANNED: -=DeruT=-, STARTER: F1-[G]amin[G] |G-man
L 10/03/2011 - 20:32:41: [amxbans.amxx]  Зомби сервер (x_x(O_o)x_x) Go Zombie !!!<0><><> banned -=DeruT=-<STEAM_0:0:353925886> for 15 minutes (15 minutes). Reason: VIP->F1-[G]amin[G] |G-man.
L 10/03/2011 - 20:33:14: [admin_amxbans.amxx] Login: "F1-[G]amin[G] |G-man<3640><STEAM_0:0:299692916><>" became an admin (account "F1-[G]amin[G] |G-man") (access "t") (address "194.0.68.126")
L 10/03/2011 - 20:42:14: [admin_amxbans.amxx] Login: "[BlackWolf]Camelot<3659><STEAM_0:4:1417253489><>" became an admin (account "[BlackWolf]Camelot") (access "t") (address "91.198.175.1")
L 10/03/2011 - 21:03:35: -------- Mapchange to zm_neris --------
L 10/03/2011 - 21:03:36: [admin_amxbans.amxx] Login: "F1-[G]amin[G] |G-man<3640><STEAM_0:0:299692916><>" became an admin (account "F1-[G]amin[G] |G-man") (access "t") (address "194.0.68.126")
L 10/03/2011 - 21:03:37: [admin_amxbans.amxx] Login: "F1-[G]amin[G] |G-man<3679><STEAM_0:0:299692916><>" became an admin (account "F1-[G]amin[G] |G-man") (access "t") (address "194.0.68.126")
L 10/03/2011 - 21:03:37: [amxbans.amxx] [AMXBANS] AMXBans 5.0 is online
L 10/03/2011 - 21:10:57: [adminchat.amxx] Chat: "proster<3682><STEAM_0:4:1548201585><>" chat "vip ti vidish 4to ja pishu?"
L 10/03/2011 - 21:17:38: [amxbans.amxx] [Amxbans] Query failed!
L 10/03/2011 - 21:17:38: [amxbans.amxx] [Amxbans] Threaded query error, location: 18
L 10/03/2011 - 21:17:38: [amxbans.amxx] [Amxbans] Message: You have an error in your SQL syntax; check the manual that corresponds to your MySQL server version for the right syntax to use near '' at line 1 (1064)
L 10/03/2011 - 21:17:38: [amxbans.amxx] [Amxbans] Query statement: 
L 10/03/2011 - 21:23:35: -------- Mapchange to zm_fdust2x2 --------
L 10/03/2011 - 21:23:36: [amxbans.amxx] [AMXBANS] AMXBans 5.0 is online
L 10/03/2011 - 21:23:44: [amxbans.amxx] [Amxbans] Query failed!
L 10/03/2011 - 21:23:44: [amxbans.amxx] [Amxbans] Threaded query error, location: 18
L 10/03/2011 - 21:23:44: [amxbans.amxx] [Amxbans] Message: You have an error in your SQL syntax; check the manual that corresponds to your MySQL server version for the right syntax to use near '' at line 1 (1064)
L 10/03/2011 - 21:23:44: [amxbans.amxx] [Amxbans] Query statement: 
L 10/03/2011 - 21:23:44: [amxbans.amxx] [Amxbans] Query failed!
L 10/03/2011 - 21:23:44: [amxbans.amxx] [Amxbans] Threaded query error, location: 18
L 10/03/2011 - 21:23:44: [amxbans.amxx] [Amxbans] Message: You have an error in your SQL syntax; check the manual that corresponds to your MySQL server version for the right syntax to use near '' at line 1 (1064)
L 10/03/2011 - 21:23:44: [amxbans.amxx] [Amxbans] Query statement: 
L 10/03/2011 - 21:23:54: [amxbans.amxx] [Amxbans] Query failed!
L 10/03/2011 - 21:23:54: [amxbans.amxx] [Amxbans] Threaded query error, location: 18
L 10/03/2011 - 21:23:54: [amxbans.amxx] [Amxbans] Message: You have an error in your SQL syntax; check the manual that corresponds to your MySQL server version for the right syntax to use near '' at line 1 (1064)
L 10/03/2011 - 21:23:54: [amxbans.amxx] [Amxbans] Query statement: 
L 10/03/2011 - 21:44:39: -------- Mapchange to ze_egypt --------
L 10/03/2011 - 21:44:41: [amxbans.amxx] [AMXBANS] AMXBans 5.0 is online
L 10/03/2011 - 21:44:48: [amxbans.amxx] [Amxbans] Query failed!
L 10/03/2011 - 21:44:48: [amxbans.amxx] [Amxbans] Threaded query error, location: 18
L 10/03/2011 - 21:44:48: [amxbans.amxx] [Amxbans] Message: You have an error in your SQL syntax; check the manual that corresponds to your MySQL server version for the right syntax to use near '' at line 1 (1064)
L 10/03/2011 - 21:44:48: [amxbans.amxx] [Amxbans] Query statement: 
L 10/03/2011 - 21:44:50: [amxbans.amxx] [Amxbans] Query failed!
L 10/03/2011 - 21:44:50: [amxbans.amxx] [Amxbans] Threaded query error, location: 18
L 10/03/2011 - 21:44:50: [amxbans.amxx] [Amxbans] Message: You have an error in your SQL syntax; check the manual that corresponds to your MySQL server version for the right syntax to use near '' at line 1 (1064)
L 10/03/2011 - 21:44:50: [amxbans.amxx] [Amxbans] Query statement: 
L 10/03/2011 - 21:44:52: [amxbans.amxx] [Amxbans] Query failed!
L 10/03/2011 - 21:44:52: [amxbans.amxx] [Amxbans] Threaded query error, location: 18
L 10/03/2011 - 21:44:52: [amxbans.amxx] [Amxbans] Message: You have an error in your SQL syntax; check the manual that corresponds to your MySQL server version for the right syntax to use near '' at line 1 (1064)
L 10/03/2011 - 21:44:52: [amxbans.amxx] [Amxbans] Query statement: 
L 10/03/2011 - 22:01:32: -------- Mapchange to 016 --------
L 10/03/2011 - 22:01:34: [amxbans.amxx] [AMXBANS] AMXBans 5.0 is online
L 10/03/2011 - 22:05:33: [amxbans.amxx] [Amxbans] Query failed!
L 10/03/2011 - 22:05:33: [amxbans.amxx] [Amxbans] Threaded query error, location: 18
L 10/03/2011 - 22:05:33: [amxbans.amxx] [Amxbans] Message: You have an error in your SQL syntax; check the manual that corresponds to your MySQL server version for the right syntax to use near ''' at line 1 (1064)
L 10/03/2011 - 22:05:33: [amxbans.amxx] [Amxbans] Query statement: 
L 10/03/2011 - 22:05:55: [amxbans.amxx] [Amxbans] Query failed!
L 10/03/2011 - 22:05:55: [amxbans.amxx] [Amxbans] Threaded query error, location: 18
L 10/03/2011 - 22:05:55: [amxbans.amxx] [Amxbans] Message: You have an error in your SQL syntax; check the manual that corresponds to your MySQL server version for the right syntax to use near ''' at line 1 (1064)
L 10/03/2011 - 22:05:55: [amxbans.amxx] [Amxbans] Query statement: 
L 10/03/2011 - 22:07:25: [amxbans.amxx] [Amxbans] Query failed!
L 10/03/2011 - 22:07:25: [amxbans.amxx] [Amxbans] Threaded query error, location: 18
L 10/03/2011 - 22:07:25: [amxbans.amxx] [Amxbans] Message: You have an error in your SQL syntax; check the manual that corresponds to your MySQL server version for the right syntax to use near ''' at line 1 (1064)
L 10/03/2011 - 22:07:25: [amxbans.amxx] [Amxbans] Query statement: 
L 10/03/2011 - 22:17:48: [amxbans.amxx] [Amxbans] Query failed!
L 10/03/2011 - 22:17:48: [amxbans.amxx] [Amxbans] Threaded query error, location: 18
L 10/03/2011 - 22:17:48: [amxbans.amxx] [Amxbans] Message: You have an error in your SQL syntax; check the manual that corresponds to your MySQL server version for the right syntax to use near '' at line 1 (1064)
L 10/03/2011 - 22:17:48: [amxbans.amxx] [Amxbans] Query statement: 
L 10/03/2011 - 22:24:02: [amxbans.amxx] [Amxbans] Query failed!
L 10/03/2011 - 22:24:02: [amxbans.amxx] [Amxbans] Threaded query error, location: 18
L 10/03/2011 - 22:24:02: [amxbans.amxx] [Amxbans] Message: You have an error in your SQL syntax; check the manual that corresponds to your MySQL server version for the right syntax to use near '' at line 1 (1064)
L 10/03/2011 - 22:24:02: [amxbans.amxx] [Amxbans] Query statement: 
L 10/03/2011 - 22:33:55: -------- Mapchange to zm_303 --------
L 10/03/2011 - 22:33:57: [amxbans.amxx] [AMXBANS] AMXBans 5.0 is online
L 10/03/2011 - 22:34:00: [amxbans.amxx] [Amxbans] Query failed!
L 10/03/2011 - 22:34:00: [amxbans.amxx] [Amxbans] Threaded query error, location: 18
L 10/03/2011 - 22:34:00: [amxbans.amxx] [Amxbans] Message: You have an error in your SQL syntax; check the manual that corresponds to your MySQL server version for the right syntax to use near '' at line 1 (1064)
L 10/03/2011 - 22:34:00: [amxbans.amxx] [Amxbans] Query statement: 
L 10/03/2011 - 22:34:01: [amxbans.amxx] [Amxbans] Query failed!
L 10/03/2011 - 22:34:01: [amxbans.amxx] [Amxbans] Threaded query error, location: 18
L 10/03/2011 - 22:34:01: [amxbans.amxx] [Amxbans] Message: You have an error in your SQL syntax; check the manual that corresponds to your MySQL server version for the right syntax to use near ''' at line 1 (1064)
L 10/03/2011 - 22:34:01: [amxbans.amxx] [Amxbans] Query statement: 
L 10/03/2011 - 22:48:03: [admin_amxbans.amxx] Login: "~dark_light<3816><STEAM_0:0:743756224><>" became an admin (account "~dark_light") (access "t") (address "178.121.23.21")
L 10/03/2011 - 22:54:46: -------- Mapchange to ze_jurassicpark --------
L 10/03/2011 - 22:54:47: [amxbans.amxx] [AMXBANS] AMXBans 5.0 is online
L 10/03/2011 - 22:54:53: [amxbans.amxx] [Amxbans] Query failed!
L 10/03/2011 - 22:54:53: [amxbans.amxx] [Amxbans] Threaded query error, location: 18
L 10/03/2011 - 22:54:53: [amxbans.amxx] [Amxbans] Message: You have an error in your SQL syntax; check the manual that corresponds to your MySQL server version for the right syntax to use near ''' at line 1 (1064)
L 10/03/2011 - 22:54:53: [amxbans.amxx] [Amxbans] Query statement: 
L 10/03/2011 - 22:55:01: [amxbans.amxx] [Amxbans] Query failed!
L 10/03/2011 - 22:55:01: [amxbans.amxx] [Amxbans] Threaded query error, location: 18
L 10/03/2011 - 22:55:01: [amxbans.amxx] [Amxbans] Message: You have an error in your SQL syntax; check the manual that corresponds to your MySQL server version for the right syntax to use near ''' at line 1 (1064)
L 10/03/2011 - 22:55:01: [amxbans.amxx] [Amxbans] Query statement: 
L 10/03/2011 - 23:05:54: [admin_amxbans.amxx] Login: "Lenusjka<3833><STEAM_0:4:1429483121><>" kicked due to invalid password (account "Lenusjka") (address "91.190.52.3")
L 10/03/2011 - 23:06:21: [admin_amxbans.amxx] Login: "Lenusjka<3834><STEAM_0:4:1429483121><>" kicked due to invalid password (account "Lenusjka") (address "91.190.52.3")
L 10/03/2011 - 23:06:40: [admin_amxbans.amxx] Login: "Lenusjka<3835><STEAM_0:4:1429483121><>" kicked due to invalid password (account "Lenusjka") (address "91.190.52.3")
L 10/03/2011 - 23:06:46: [admin_amxbans.amxx] Login: "Lenusjka<3836><STEAM_0:4:1429483121><>" kicked due to invalid password (account "Lenusjka") (address "91.190.52.3")
L 10/03/2011 - 23:07:12: [admin_amxbans.amxx] Login: "Lenusjka<3837><STEAM_0:4:1429483121><>" became an admin (account "Lenusjka") (access "eqt") (address "91.190.52.3")
L 10/03/2011 - 23:12:03: [admin_amxbans.amxx] Login: "Lenusjka<3845><STEAM_0:4:1429483121><>" became an admin (account "Lenusjka") (access "eqt") (address "91.190.52.3")
L 10/03/2011 - 23:16:49: -------- Mapchange to ze_lift_escape_b5 --------
L 10/03/2011 - 23:16:50: [amxbans.amxx] [AMXBANS] AMXBans 5.0 is online
L 10/03/2011 - 23:17:44: [admin_amxbans.amxx] Login: "Lenusjka<3852><STEAM_0:4:1429483121><>" became an admin (account "Lenusjka") (access "eqt") (address "91.190.52.3")
L 10/03/2011 - 23:31:06: [admin_amxbans.amxx] Login: "Kenny<3858><STEAM_0:0:963405193><>" became an admin (account "Kenny") (access "abcdefghijlmnopqstu") (address "109.161.83.116")
L 10/03/2011 - 23:35:16: -------- Mapchange to zm_dwarf --------
L 10/03/2011 - 23:35:18: [amxbans.amxx] [AMXBANS] AMXBans 5.0 is online
L 10/03/2011 - 23:55:19: -------- Mapchange to zm_caca --------
L 10/03/2011 - 23:55:20: [amxbans.amxx] [AMXBANS] AMXBans 5.0 is online
