L 10/07/2011 - 00:04:03: -------- Mapchange to zm_dwarf --------
L 10/07/2011 - 00:04:04: [amxbans.amxx] [AMXBANS] AMXBans 5.0 is online
L 10/07/2011 - 00:15:48: [admin_amxbans.amxx] Login: "Kenny<3299><STEAM_0:0:963405193><>" became an admin (account "Kenny") (access "abcdefgijmnopqtu") (address "109.161.89.157")
L 10/07/2011 - 00:20:58: [admin_amxbans.amxx] Login: "ntu4ka<3304><STEAM_0:0:44643826><>" became an admin (account "172.23.65.13") (access "l") (address "172.23.65.13")
L 10/07/2011 - 00:26:25: -------- Mapchange to ze_lift_escape_b5 --------
L 10/07/2011 - 00:26:26: [amxbans.amxx] [AMXBANS] AMXBans 5.0 is online
L 10/07/2011 - 00:39:26: -------- Mapchange to cs_estate --------
L 10/07/2011 - 00:39:28: [amxbans.amxx] [AMXBANS] AMXBans 5.0 is online
L 10/07/2011 - 00:51:23: -------- Mapchange to zm_xata --------
L 10/07/2011 - 00:51:25: [amxbans.amxx] [AMXBANS] AMXBans 5.0 is online
L 10/07/2011 - 00:56:01: -------- Mapchange to cs_estate --------
L 10/07/2011 - 00:56:03: [amxbans.amxx] [AMXBANS] AMXBans 5.0 is online
L 10/07/2011 - 01:18:57: -------- Mapchange to cs_estate --------
L 10/07/2011 - 01:18:59: [amxbans.amxx] [AMXBANS] AMXBans 5.0 is online
L 10/07/2011 - 01:27:19: -------- Mapchange to cs_militia --------
L 10/07/2011 - 01:27:25: [amxbans.amxx] [AMXBANS] AMXBans 5.0 is online
L 10/07/2011 - 01:48:19: -------- Mapchange to zm_fdust2x2 --------
L 10/07/2011 - 01:48:21: [amxbans.amxx] [AMXBANS] AMXBans 5.0 is online
L 10/07/2011 - 02:21:59: -------- Mapchange to ze_train_back_lg --------
L 10/07/2011 - 02:22:01: [amxbans.amxx] [AMXBANS] AMXBans 5.0 is online
L 10/07/2011 - 02:27:20: -------- Mapchange to cs_estate --------
L 10/07/2011 - 02:27:22: [amxbans.amxx] [AMXBANS] AMXBans 5.0 is online
L 10/07/2011 - 02:40:16: -------- Mapchange to zm_dwarf --------
L 10/07/2011 - 02:40:17: [amxbans.amxx] [AMXBANS] AMXBans 5.0 is online
L 10/07/2011 - 02:43:15: -------- Mapchange to cs_estate --------
L 10/07/2011 - 02:43:18: [amxbans.amxx] [AMXBANS] AMXBans 5.0 is online
L 10/07/2011 - 02:51:38: -------- Mapchange to ze_egypt --------
L 10/07/2011 - 02:51:40: [amxbans.amxx] [AMXBANS] AMXBans 5.0 is online
L 10/07/2011 - 02:56:09: -------- Mapchange to cs_estate --------
L 10/07/2011 - 02:56:12: [amxbans.amxx] [AMXBANS] AMXBans 5.0 is online
L 10/07/2011 - 03:06:05: -------- Mapchange to cs_estate --------
L 10/07/2011 - 03:06:08: [amxbans.amxx] [AMXBANS] AMXBans 5.0 is online
L 10/07/2011 - 03:16:01: -------- Mapchange to cs_estate --------
L 10/07/2011 - 03:16:04: [amxbans.amxx] [AMXBANS] AMXBans 5.0 is online
L 10/07/2011 - 03:25:57: -------- Mapchange to cs_estate --------
L 10/07/2011 - 03:26:00: [amxbans.amxx] [AMXBANS] AMXBans 5.0 is online
L 10/07/2011 - 03:35:53: -------- Mapchange to cs_estate --------
L 10/07/2011 - 03:35:56: [amxbans.amxx] [AMXBANS] AMXBans 5.0 is online
L 10/07/2011 - 03:45:49: -------- Mapchange to cs_estate --------
L 10/07/2011 - 03:45:52: [amxbans.amxx] [AMXBANS] AMXBans 5.0 is online
L 10/07/2011 - 03:55:45: -------- Mapchange to cs_estate --------
L 10/07/2011 - 03:55:48: [amxbans.amxx] [AMXBANS] AMXBans 5.0 is online
L 10/07/2011 - 04:05:35: -------- Mapchange to cs_estate --------
L 10/07/2011 - 04:05:38: [amxbans.amxx] [AMXBANS] AMXBans 5.0 is online
L 10/07/2011 - 04:15:31: -------- Mapchange to cs_estate --------
L 10/07/2011 - 04:15:34: [amxbans.amxx] [AMXBANS] AMXBans 5.0 is online
L 10/07/2011 - 04:25:27: -------- Mapchange to cs_estate --------
L 10/07/2011 - 04:25:30: [amxbans.amxx] [AMXBANS] AMXBans 5.0 is online
L 10/07/2011 - 04:33:50: -------- Mapchange to zm_666_brick --------
L 10/07/2011 - 04:33:52: [amxbans.amxx] [AMXBANS] AMXBans 5.0 is online
L 10/07/2011 - 04:36:50: -------- Mapchange to cs_estate --------
L 10/07/2011 - 04:36:53: [amxbans.amxx] [AMXBANS] AMXBans 5.0 is online
L 10/07/2011 - 04:46:46: -------- Mapchange to cs_estate --------
L 10/07/2011 - 04:46:49: [amxbans.amxx] [AMXBANS] AMXBans 5.0 is online
L 10/07/2011 - 04:56:42: -------- Mapchange to cs_estate --------
L 10/07/2011 - 04:56:44: [amxbans.amxx] [AMXBANS] AMXBans 5.0 is online
L 10/07/2011 - 05:06:55: -------- Mapchange to zm_neris --------
L 10/07/2011 - 05:06:57: [amxbans.amxx] [AMXBANS] AMXBans 5.0 is online
L 10/07/2011 - 05:10:29: -------- Mapchange to zm_fdust2x2 --------
L 10/07/2011 - 05:10:31: [amxbans.amxx] [AMXBANS] AMXBans 5.0 is online
L 10/07/2011 - 05:16:07: -------- Mapchange to ze_jurassicpark --------
L 10/07/2011 - 05:16:09: [amxbans.amxx] [AMXBANS] AMXBans 5.0 is online
L 10/07/2011 - 05:23:09: -------- Mapchange to ze_train_back_lg --------
L 10/07/2011 - 05:23:11: [amxbans.amxx] [AMXBANS] AMXBans 5.0 is online
L 10/07/2011 - 05:26:09: -------- Mapchange to cs_estate --------
L 10/07/2011 - 05:26:11: [amxbans.amxx] [AMXBANS] AMXBans 5.0 is online
L 10/07/2011 - 05:37:35: -------- Mapchange to cs_estate --------
L 10/07/2011 - 05:37:37: [amxbans.amxx] [AMXBANS] AMXBans 5.0 is online
L 10/07/2011 - 05:49:47: -------- Mapchange to 016 --------
L 10/07/2011 - 05:49:49: [amxbans.amxx] [AMXBANS] AMXBans 5.0 is online
L 10/07/2011 - 05:55:47: -------- Mapchange to cs_estate --------
L 10/07/2011 - 05:55:50: [amxbans.amxx] [AMXBANS] AMXBans 5.0 is online
L 10/07/2011 - 06:00:13: -------- Mapchange to cs_estate --------
L 10/07/2011 - 06:00:17: -------- Mapchange to zm_houses --------
L 10/07/2011 - 06:00:20: [amxbans.amxx] [AMXBANS] AMXBans 5.0 is online
L 10/07/2011 - 06:03:18: -------- Mapchange to cs_estate --------
L 10/07/2011 - 06:03:21: [amxbans.amxx] [AMXBANS] AMXBans 5.0 is online
L 10/07/2011 - 06:13:14: -------- Mapchange to cs_estate --------
L 10/07/2011 - 06:13:17: [amxbans.amxx] [AMXBANS] AMXBans 5.0 is online
L 10/07/2011 - 06:23:10: -------- Mapchange to cs_estate --------
L 10/07/2011 - 06:23:13: [amxbans.amxx] [AMXBANS] AMXBans 5.0 is online
L 10/07/2011 - 06:33:06: -------- Mapchange to cs_estate --------
L 10/07/2011 - 06:33:08: [amxbans.amxx] [AMXBANS] AMXBans 5.0 is online
L 10/07/2011 - 06:43:02: -------- Mapchange to cs_estate --------
L 10/07/2011 - 06:43:04: [amxbans.amxx] [AMXBANS] AMXBans 5.0 is online
L 10/07/2011 - 06:52:58: -------- Mapchange to cs_estate --------
L 10/07/2011 - 06:53:00: [amxbans.amxx] [AMXBANS] AMXBans 5.0 is online
L 10/07/2011 - 07:02:54: -------- Mapchange to cs_estate --------
L 10/07/2011 - 07:02:56: [amxbans.amxx] [AMXBANS] AMXBans 5.0 is online
L 10/07/2011 - 07:12:50: -------- Mapchange to cs_estate --------
L 10/07/2011 - 07:12:52: [amxbans.amxx] [AMXBANS] AMXBans 5.0 is online
L 10/07/2011 - 07:21:12: -------- Mapchange to ze_jurassicpark --------
L 10/07/2011 - 07:21:14: [amxbans.amxx] [AMXBANS] AMXBans 5.0 is online
L 10/07/2011 - 07:24:12: -------- Mapchange to cs_estate --------
L 10/07/2011 - 07:24:15: [amxbans.amxx] [AMXBANS] AMXBans 5.0 is online
L 10/07/2011 - 07:32:35: -------- Mapchange to zm_xata --------
L 10/07/2011 - 07:32:36: [amxbans.amxx] [AMXBANS] AMXBans 5.0 is online
L 10/07/2011 - 07:35:35: -------- Mapchange to cs_estate --------
L 10/07/2011 - 07:35:37: [amxbans.amxx] [AMXBANS] AMXBans 5.0 is online
L 10/07/2011 - 07:45:31: -------- Mapchange to cs_estate --------
L 10/07/2011 - 07:45:33: [amxbans.amxx] [AMXBANS] AMXBans 5.0 is online
L 10/07/2011 - 08:20:33: -------- Mapchange to cs_estate --------
L 10/07/2011 - 08:20:36: [amxbans.amxx] [AMXBANS] AMXBans 5.0 is online
L 10/07/2011 - 08:28:55: -------- Mapchange to zm_666_brick --------
L 10/07/2011 - 08:28:57: [amxbans.amxx] [AMXBANS] AMXBans 5.0 is online
L 10/07/2011 - 08:34:55: -------- Mapchange to cs_estate --------
L 10/07/2011 - 08:34:58: [amxbans.amxx] [AMXBANS] AMXBans 5.0 is online
L 10/07/2011 - 08:45:37: -------- Mapchange to 016 --------
L 10/07/2011 - 08:45:39: [amxbans.amxx] [AMXBANS] AMXBans 5.0 is online
L 10/07/2011 - 08:52:08: -------- Mapchange to cs_estate --------
L 10/07/2011 - 08:52:11: [amxbans.amxx] [AMXBANS] AMXBans 5.0 is online
L 10/07/2011 - 09:00:46: -------- Mapchange to ze_jurassicpark --------
L 10/07/2011 - 09:00:48: [amxbans.amxx] [AMXBANS] AMXBans 5.0 is online
L 10/07/2011 - 09:04:01: -------- Mapchange to cs_estate --------
L 10/07/2011 - 09:04:04: [amxbans.amxx] [AMXBANS] AMXBans 5.0 is online
L 10/07/2011 - 09:13:57: -------- Mapchange to cs_estate --------
L 10/07/2011 - 09:14:00: [amxbans.amxx] [AMXBANS] AMXBans 5.0 is online
L 10/07/2011 - 09:26:08: -------- Mapchange to cs_estate --------
L 10/07/2011 - 09:26:11: [amxbans.amxx] [AMXBANS] AMXBans 5.0 is online
L 10/07/2011 - 09:34:31: -------- Mapchange to zm_caca --------
L 10/07/2011 - 09:34:32: [amxbans.amxx] [AMXBANS] AMXBans 5.0 is online
L 10/07/2011 - 09:56:33: -------- Mapchange to zm_303 --------
L 10/07/2011 - 09:56:35: [amxbans.amxx] [AMXBANS] AMXBans 5.0 is online
L 10/07/2011 - 10:18:09: -------- Mapchange to ze_egypt --------
L 10/07/2011 - 10:18:11: [amxbans.amxx] [AMXBANS] AMXBans 5.0 is online
L 10/07/2011 - 10:34:03: -------- Mapchange to zm_fdust2x2 --------
L 10/07/2011 - 10:34:05: [amxbans.amxx] [AMXBANS] AMXBans 5.0 is online
L 10/07/2011 - 10:57:59: -------- Mapchange to zm_666_brick --------
L 10/07/2011 - 10:58:01: [amxbans.amxx] [AMXBANS] AMXBans 5.0 is online
L 10/07/2011 - 11:31:31: -------- Mapchange to zm_xata --------
L 10/07/2011 - 11:31:32: [amxbans.amxx] [AMXBANS] AMXBans 5.0 is online
L 10/07/2011 - 12:02:54: -------- Mapchange to zm_alfresco_v2 --------
L 10/07/2011 - 12:02:55: [amxbans.amxx] [AMXBANS] AMXBans 5.0 is online
L 10/07/2011 - 12:03:33: [admin_amxbans.amxx] Login: "Kenny<1360><STEAM_0:0:963405193><>" became an admin (account "Kenny") (access "abcdefgijmnopqtu") (address "109.161.84.24")
L 10/07/2011 - 12:03:46: [admincmd.amxx] Cmd: "Kenny<1360><STEAM_0:0:963405193><>" ask for players list
L 10/07/2011 - 12:23:38: -------- Mapchange to ze_lift_escape_b5 --------
L 10/07/2011 - 12:23:40: [amxbans.amxx] [AMXBANS] AMXBans 5.0 is online
L 10/07/2011 - 12:32:22: [admin_amxbans.amxx] Login: "Kenny<1390><STEAM_0:0:963405193><>" became an admin (account "Kenny") (access "abcdefgijmnopqtu") (address "109.161.84.24")
L 10/07/2011 - 12:33:51: [admincmd.amxx] Kick: "Kenny<1390><STEAM_0:0:963405193><>" kick "3ai4ik<1388><STEAM_0:0:293901115><>" (reason "")
L 10/07/2011 - 12:36:58: [admincmd.amxx] Cmd: "Kenny<1390><STEAM_0:0:963405193><>" ask for players list
L 10/07/2011 - 12:40:06: -------- Mapchange to 016 --------
L 10/07/2011 - 12:40:08: [amxbans.amxx] [AMXBANS] AMXBans 5.0 is online
L 10/07/2011 - 13:11:44: -------- Mapchange to ze_jurassicpark --------
L 10/07/2011 - 13:11:46: [amxbans.amxx] [AMXBANS] AMXBans 5.0 is online
L 10/07/2011 - 13:34:07: -------- Mapchange to zm_303 --------
L 10/07/2011 - 13:34:09: [amxbans.amxx] [AMXBANS] AMXBans 5.0 is online
L 10/07/2011 - 13:35:33: [admin_amxbans.amxx] Login: "F1-[G]amin[G] |G-man<1454><STEAM_0:0:299692916><>" became an admin (account "F1-[G]amin[G] |G-man") (access "t") (address "194.0.68.126")
L 10/07/2011 - 13:54:28: -------- Mapchange to ze_train_back_lg --------
L 10/07/2011 - 13:54:29: [amxbans.amxx] [AMXBANS] AMXBans 5.0 is online
L 10/07/2011 - 14:10:17: -------- Mapchange to cs_militia --------
L 10/07/2011 - 14:10:22: [amxbans.amxx] [AMXBANS] AMXBans 5.0 is online
L 10/07/2011 - 14:29:51: [admin_amxbans.amxx] Login: "Kenny<1537><STEAM_0:0:963405193><>" became an admin (account "Kenny") (access "abcdefgijmnopqtu") (address "109.161.32.130")
L 10/07/2011 - 14:32:17: -------- Mapchange to zm_fdust2x2 --------
L 10/07/2011 - 14:32:18: [amxbans.amxx] [AMXBANS] AMXBans 5.0 is online
L 10/07/2011 - 14:48:37: [admin_amxbans.amxx] Login: "Lenusjka<1571><STEAM_0:4:1429483121><>" became an admin (account "Lenusjka") (access "eqt") (address "91.190.52.3")
L 10/07/2011 - 14:52:49: -------- Mapchange to zm_666_brick --------
L 10/07/2011 - 14:52:50: [admin_amxbans.amxx] Login: "Lenusjka<1571><STEAM_0:4:1429483121><>" became an admin (account "Lenusjka") (access "eqt") (address "91.190.52.3")
L 10/07/2011 - 14:52:51: [amxbans.amxx] [AMXBANS] AMXBans 5.0 is online
L 10/07/2011 - 15:24:08: -------- Mapchange to zm_cpl_mill_kamp --------
L 10/07/2011 - 15:24:09: [admin_amxbans.amxx] Login: "Lenusjka<1571><STEAM_0:4:1429483121><>" became an admin (account "Lenusjka") (access "eqt") (address "91.190.52.3")
L 10/07/2011 - 15:24:10: [amxbans.amxx] [AMXBANS] AMXBans 5.0 is online
L 10/07/2011 - 15:44:35: -------- Mapchange to ze_egypt --------
L 10/07/2011 - 15:44:36: [admin_amxbans.amxx] Login: "Lenusjka<1571><STEAM_0:4:1429483121><>" became an admin (account "Lenusjka") (access "eqt") (address "91.190.52.3")
L 10/07/2011 - 15:44:37: [amxbans.amxx] [AMXBANS] AMXBans 5.0 is online
L 10/07/2011 - 15:44:43: [admin_amxbans.amxx] Login: "Lenusjka<1648><STEAM_0:4:1429483121><>" became an admin (account "Lenusjka") (access "eqt") (address "91.190.52.3")
L 10/07/2011 - 15:59:58: -------- Mapchange to zm_dwarf --------
L 10/07/2011 - 15:59:59: [amxbans.amxx] [AMXBANS] AMXBans 5.0 is online
L 10/07/2011 - 16:22:28: -------- Mapchange to 016 --------
L 10/07/2011 - 16:22:30: [amxbans.amxx] [AMXBANS] AMXBans 5.0 is online
L 10/07/2011 - 16:53:23: -------- Mapchange to ze_lift_escape_b5 --------
L 10/07/2011 - 16:53:25: [amxbans.amxx] [AMXBANS] AMXBans 5.0 is online
L 10/07/2011 - 17:11:21: -------- Mapchange to ze_jurassicpark --------
L 10/07/2011 - 17:11:23: [amxbans.amxx] [AMXBANS] AMXBans 5.0 is online
L 10/07/2011 - 17:32:25: -------- Mapchange to zm_houses --------
L 10/07/2011 - 17:32:27: [amxbans.amxx] [AMXBANS] AMXBans 5.0 is online
L 10/07/2011 - 17:52:33: -------- Mapchange to zm_caca --------
L 10/07/2011 - 17:52:34: [amxbans.amxx] [AMXBANS] AMXBans 5.0 is online
L 10/07/2011 - 18:13:11: -------- Mapchange to zm_303 --------
L 10/07/2011 - 18:13:13: [amxbans.amxx] [AMXBANS] AMXBans 5.0 is online
L 10/07/2011 - 18:35:02: -------- Mapchange to zm_666_brick --------
L 10/07/2011 - 18:35:04: [amxbans.amxx] [AMXBANS] AMXBans 5.0 is online
L 10/07/2011 - 19:05:45: -------- Mapchange to ze_egypt --------
L 10/07/2011 - 19:05:47: [amxbans.amxx] [AMXBANS] AMXBans 5.0 is online
L 10/07/2011 - 19:22:50: -------- Mapchange to ze_train_back_lg --------
L 10/07/2011 - 19:22:52: [amxbans.amxx] [AMXBANS] AMXBans 5.0 is online
L 10/07/2011 - 19:39:17: -------- Mapchange to zm_cpl_mill_kamp --------
L 10/07/2011 - 19:39:18: [amxbans.amxx] [AMXBANS] AMXBans 5.0 is online
L 10/07/2011 - 20:00:44: -------- Mapchange to zm_fdust2x2 --------
L 10/07/2011 - 20:00:46: [amxbans.amxx] [AMXBANS] AMXBans 5.0 is online
L 10/07/2011 - 20:22:39: -------- Mapchange to ze_lift_escape_b5 --------
L 10/07/2011 - 20:22:40: [amxbans.amxx] [AMXBANS] AMXBans 5.0 is online
L 10/07/2011 - 20:33:37: -------- Mapchange to cs_militia --------
L 10/07/2011 - 20:33:42: [amxbans.amxx] [AMXBANS] AMXBans 5.0 is online
L 10/07/2011 - 20:53:51: -------- Mapchange to zm_caca --------
L 10/07/2011 - 20:53:52: [amxbans.amxx] [AMXBANS] AMXBans 5.0 is online
L 10/07/2011 - 21:15:37: -------- Mapchange to zm_303 --------
L 10/07/2011 - 21:15:38: [amxbans.amxx] [AMXBANS] AMXBans 5.0 is online
L 10/07/2011 - 21:38:26: -------- Mapchange to zm_alfresco_v2 --------
L 10/07/2011 - 21:38:27: [amxbans.amxx] [AMXBANS] AMXBans 5.0 is online
L 10/07/2011 - 21:59:57: -------- Mapchange to 016 --------
L 10/07/2011 - 21:59:59: [amxbans.amxx] [AMXBANS] AMXBans 5.0 is online
L 10/07/2011 - 22:23:10: [admin_amxbans.amxx] Login: "Lenusjka<2278><STEAM_0:4:1429483121><>" became an admin (account "Lenusjka") (access "eqt") (address "91.190.52.3")
L 10/07/2011 - 22:29:04: [admin_amxbans.amxx] Login: "Lenusjka<2282><STEAM_0:4:1429483121><>" became an admin (account "Lenusjka") (access "eqt") (address "91.190.52.3")
L 10/07/2011 - 22:30:11: -------- Mapchange to zm_666_brick --------
L 10/07/2011 - 22:30:13: [admin_amxbans.amxx] Login: "Lenusjka<2282><STEAM_0:4:1429483121><>" became an admin (account "Lenusjka") (access "eqt") (address "91.190.52.3")
L 10/07/2011 - 22:30:13: [amxbans.amxx] [AMXBANS] AMXBans 5.0 is online
L 10/07/2011 - 22:37:06: [admin_amxbans.amxx] Login: "Euforia<2289><STEAM_0:0:1631851413><>" became an admin (account "Euforia") (access "t") (address "188.123.245.19")
L 10/07/2011 - 23:00:09: -------- Mapchange to ze_jurassicpark --------
L 10/07/2011 - 23:00:10: [admin_amxbans.amxx] Login: "Lenusjka<2282><STEAM_0:4:1429483121><>" became an admin (account "Lenusjka") (access "eqt") (address "91.190.52.3")
L 10/07/2011 - 23:00:11: [amxbans.amxx] [AMXBANS] AMXBans 5.0 is online
L 10/07/2011 - 23:01:20: [admin_amxbans.amxx] Login: "~dark_light<2313><STEAM_0:0:743756224><>" became an admin (account "~dark_light") (access "t") (address "178.120.187.223")
L 10/07/2011 - 23:12:26: [voteban.amxx] Voteban starter ~dark_light against c.M.e.H.i-:) STEAM_0:4:534942065
L 10/07/2011 - 23:12:41: [voteban.amxx] [AMXX] BANNED: c.M.e.H.i-:), STARTER: ~dark_light
L 10/07/2011 - 23:12:42: [amxbans.amxx]  Зомби сервер (x_x(O_o)x_x) Go Zombie !!!<0><><> banned c.M.e.H.i-:)<STEAM_0:4:534942065> for 15 minutes (15 minutes). Reason: VIP->~dark_light.
L 10/07/2011 - 23:13:01: [admin_amxbans.amxx] Login: "Lenusjka<2318><STEAM_0:4:1429483121><>" became an admin (account "Lenusjka") (access "eqt") (address "91.190.52.3")
L 10/07/2011 - 23:14:57: [admin_amxbans.amxx] Login: "Kenny<2319><STEAM_0:0:963405193><>" became an admin (account "Kenny") (access "abcdefgijmnopqtu") (address "109.161.93.204")
L 10/07/2011 - 23:16:26: [admincmd.amxx] Cmd: "Kenny<2319><STEAM_0:0:963405193><>" ask for players list
L 10/07/2011 - 23:21:00: -------- Mapchange to ze_train_back_lg --------
L 10/07/2011 - 23:21:01: [admin_amxbans.amxx] Login: "Lenusjka<2318><STEAM_0:4:1429483121><>" became an admin (account "Lenusjka") (access "eqt") (address "91.190.52.3")
L 10/07/2011 - 23:21:01: [admin_amxbans.amxx] Login: "~dark_light<2313><STEAM_0:0:743756224><>" became an admin (account "~dark_light") (access "t") (address "178.120.187.223")
L 10/07/2011 - 23:21:01: [admin_amxbans.amxx] Login: "Kenny<2319><STEAM_0:0:963405193><>" became an admin (account "Kenny") (access "abcdefgijmnopqtu") (address "109.161.93.204")
L 10/07/2011 - 23:21:01: [amxbans.amxx] [AMXBANS] AMXBans 5.0 is online
L 10/07/2011 - 23:21:03: [admin_amxbans.amxx] Login: "Kenny<2323><STEAM_0:0:963405193><>" became an admin (account "Kenny") (access "abcdefgijmnopqtu") (address "109.161.93.204")
L 10/07/2011 - 23:21:03: [admin_amxbans.amxx] Login: "Lenusjka<2324><STEAM_0:4:1429483121><>" became an admin (account "Lenusjka") (access "eqt") (address "91.190.52.3")
L 10/07/2011 - 23:39:21: -------- Mapchange to zm_fdust2x2 --------
L 10/07/2011 - 23:39:23: [amxbans.amxx] [AMXBANS] AMXBans 5.0 is online
L 10/07/2011 - 23:40:13: [admin_amxbans.amxx] Login: "ntu4ka<2338><STEAM_0:0:44643826><>" became an admin (account "172.23.65.13") (access "l") (address "172.23.65.13")
L 10/07/2011 - 23:41:28: [admincmd.amxx] Cmd: "ntu4ka<2338><STEAM_0:0:44643826><>" server console (cmdline "amx_map 016")
L 10/07/2011 - 23:41:28: [admincmd.amxx] Cmd: " Зомби сервер (x_x(O<0><><>" changelevel "016"
L 10/07/2011 - 23:41:30: -------- Mapchange to 016 --------
L 10/07/2011 - 23:41:31: [admin_amxbans.amxx] Login: "ntu4ka<2338><STEAM_0:0:44643826><>" became an admin (account "172.23.65.13") (access "l") (address "172.23.65.13")
L 10/07/2011 - 23:41:32: [amxbans.amxx] [AMXBANS] AMXBans 5.0 is online
