L 09/14/2011 - 00:07:04: -------- Mapchange to cs_estate --------
L 09/14/2011 - 00:07:06: [amxbans.amxx] [AMXBANS] AMXBans 5.0 –ø–æ–¥–∫–ª—é—á–µ–Ω
L 09/14/2011 - 00:21:00: -------- Mapchange to ze_lift_escape_b5 --------
L 09/14/2011 - 00:21:01: [amxbans.amxx] [AMXBANS] AMXBans 5.0 –ø–æ–¥–∫–ª—é—á–µ–Ω
L 09/14/2011 - 00:25:06: -------- Mapchange to cs_estate --------
L 09/14/2011 - 00:25:08: [amxbans.amxx] [AMXBANS] AMXBans 5.0 –ø–æ–¥–∫–ª—é—á–µ–Ω
L 09/14/2011 - 00:44:47: -------- Mapchange to cs_estate --------
L 09/14/2011 - 00:44:49: [amxbans.amxx] [AMXBANS] AMXBans 5.0 –ø–æ–¥–∫–ª—é—á–µ–Ω
L 09/14/2011 - 00:55:13: -------- Mapchange to cs_estate --------
L 09/14/2011 - 00:55:15: [amxbans.amxx] [AMXBANS] AMXBans 5.0 –ø–æ–¥–∫–ª—é—á–µ–Ω
L 09/14/2011 - 01:06:07: -------- Mapchange to zm_alfresco_v2 --------
L 09/14/2011 - 01:06:09: [amxbans.amxx] [AMXBANS] AMXBans 5.0 –ø–æ–¥–∫–ª—é—á–µ–Ω
L 09/14/2011 - 01:09:10: -------- Mapchange to cs_estate --------
L 09/14/2011 - 01:09:13: [amxbans.amxx] [AMXBANS] AMXBans 5.0 –ø–æ–¥–∫–ª—é—á–µ–Ω
L 09/14/2011 - 01:24:18: -------- Mapchange to zm_caca --------
L 09/14/2011 - 01:24:20: [amxbans.amxx] [AMXBANS] AMXBans 5.0 –ø–æ–¥–∫–ª—é—á–µ–Ω
L 09/14/2011 - 01:28:21: -------- Mapchange to cs_estate --------
L 09/14/2011 - 01:28:23: [amxbans.amxx] [AMXBANS] AMXBans 5.0 –ø–æ–¥–∫–ª—é—á–µ–Ω
L 09/14/2011 - 01:44:32: -------- Mapchange to zm_666_brick --------
L 09/14/2011 - 01:44:33: [amxbans.amxx] [AMXBANS] AMXBans 5.0 –ø–æ–¥–∫–ª—é—á–µ–Ω
L 09/14/2011 - 01:47:31: -------- Mapchange to cs_estate --------
L 09/14/2011 - 01:47:34: [amxbans.amxx] [AMXBANS] AMXBans 5.0 –ø–æ–¥–∫–ª—é—á–µ–Ω
L 09/14/2011 - 01:57:27: -------- Mapchange to cs_estate --------
L 09/14/2011 - 01:57:30: [amxbans.amxx] [AMXBANS] AMXBans 5.0 –ø–æ–¥–∫–ª—é—á–µ–Ω
L 09/14/2011 - 02:07:23: -------- Mapchange to cs_estate --------
L 09/14/2011 - 02:07:26: [amxbans.amxx] [AMXBANS] AMXBans 5.0 –ø–æ–¥–∫–ª—é—á–µ–Ω
L 09/14/2011 - 02:17:46: -------- Mapchange to ze_egypt --------
L 09/14/2011 - 02:17:47: [amxbans.amxx] [AMXBANS] AMXBans 5.0 –ø–æ–¥–∫–ª—é—á–µ–Ω
L 09/14/2011 - 02:36:20: -------- Mapchange to cs_estate --------
L 09/14/2011 - 02:36:23: [amxbans.amxx] [AMXBANS] AMXBans 5.0 –ø–æ–¥–∫–ª—é—á–µ–Ω
L 09/14/2011 - 02:44:43: -------- Mapchange to ze_lift_escape_b5 --------
L 09/14/2011 - 02:44:44: [amxbans.amxx] [AMXBANS] AMXBans 5.0 –ø–æ–¥–∫–ª—é—á–µ–Ω
L 09/14/2011 - 02:50:50: -------- Mapchange to cs_estate --------
L 09/14/2011 - 02:50:52: [amxbans.amxx] [AMXBANS] AMXBans 5.0 –ø–æ–¥–∫–ª—é—á–µ–Ω
L 09/14/2011 - 03:12:16: -------- Mapchange to cs_estate --------
L 09/14/2011 - 03:12:18: [amxbans.amxx] [AMXBANS] AMXBans 5.0 –ø–æ–¥–∫–ª—é—á–µ–Ω
L 09/14/2011 - 03:20:38: -------- Mapchange to 016 --------
L 09/14/2011 - 03:20:40: [amxbans.amxx] [AMXBANS] AMXBans 5.0 –ø–æ–¥–∫–ª—é—á–µ–Ω
L 09/14/2011 - 03:23:38: -------- Mapchange to cs_estate --------
L 09/14/2011 - 03:23:40: [amxbans.amxx] [AMXBANS] AMXBans 5.0 –ø–æ–¥–∫–ª—é—á–µ–Ω
L 09/14/2011 - 03:39:04: -------- Mapchange to cs_estate --------
L 09/14/2011 - 03:39:06: [amxbans.amxx] [AMXBANS] AMXBans 5.0 –ø–æ–¥–∫–ª—é—á–µ–Ω
L 09/14/2011 - 04:00:33: -------- Mapchange to cs_estate --------
L 09/14/2011 - 04:00:36: [amxbans.amxx] [AMXBANS] AMXBans 5.0 –ø–æ–¥–∫–ª—é—á–µ–Ω
L 09/14/2011 - 04:07:23: -------- Mapchange to zm_666_brick --------
L 09/14/2011 - 04:07:24: [amxbans.amxx] [AMXBANS] AMXBans 5.0 –ø–æ–¥–∫–ª—é—á–µ–Ω
L 09/14/2011 - 04:22:15: -------- Mapchange to cs_estate --------
L 09/14/2011 - 04:22:18: [amxbans.amxx] [AMXBANS] AMXBans 5.0 –ø–æ–¥–∫–ª—é—á–µ–Ω
L 09/14/2011 - 04:32:11: -------- Mapchange to cs_estate --------
L 09/14/2011 - 04:32:14: [amxbans.amxx] [AMXBANS] AMXBans 5.0 –ø–æ–¥–∫–ª—é—á–µ–Ω
L 09/14/2011 - 04:42:07: -------- Mapchange to cs_estate --------
L 09/14/2011 - 04:42:10: [amxbans.amxx] [AMXBANS] AMXBans 5.0 –ø–æ–¥–∫–ª—é—á–µ–Ω
L 09/14/2011 - 04:52:03: -------- Mapchange to cs_estate --------
L 09/14/2011 - 04:52:06: [amxbans.amxx] [AMXBANS] AMXBans 5.0 –ø–æ–¥–∫–ª—é—á–µ–Ω
L 09/14/2011 - 05:01:59: -------- Mapchange to cs_estate --------
L 09/14/2011 - 05:02:02: [amxbans.amxx] [AMXBANS] AMXBans 5.0 –ø–æ–¥–∫–ª—é—á–µ–Ω
L 09/14/2011 - 05:21:40: -------- Mapchange to cs_estate --------
L 09/14/2011 - 05:21:43: [amxbans.amxx] [AMXBANS] AMXBans 5.0 –ø–æ–¥–∫–ª—é—á–µ–Ω
L 09/14/2011 - 05:30:02: -------- Mapchange to zm_houses --------
L 09/14/2011 - 05:30:04: [amxbans.amxx] [AMXBANS] AMXBans 5.0 –ø–æ–¥–∫–ª—é—á–µ–Ω
L 09/14/2011 - 05:36:00: -------- Mapchange to cs_estate --------
L 09/14/2011 - 05:36:02: [amxbans.amxx] [AMXBANS] AMXBans 5.0 –ø–æ–¥–∫–ª—é—á–µ–Ω
L 09/14/2011 - 05:44:22: -------- Mapchange to zm_vendetta --------
L 09/14/2011 - 05:44:24: [amxbans.amxx] [AMXBANS] AMXBans 5.0 –ø–æ–¥–∫–ª—é—á–µ–Ω
L 09/14/2011 - 05:57:02: -------- Mapchange to cs_estate --------
L 09/14/2011 - 05:57:04: [amxbans.amxx] [AMXBANS] AMXBans 5.0 –ø–æ–¥–∫–ª—é—á–µ–Ω
L 09/14/2011 - 06:06:58: -------- Mapchange to cs_estate --------
L 09/14/2011 - 06:07:02: [amxbans.amxx] [AMXBANS] AMXBans 5.0 –ø–æ–¥–∫–ª—é—á–µ–Ω
L 09/14/2011 - 06:18:55: -------- Mapchange to cs_estate --------
L 09/14/2011 - 06:18:57: [amxbans.amxx] [AMXBANS] AMXBans 5.0 –ø–æ–¥–∫–ª—é—á–µ–Ω
L 09/14/2011 - 06:27:17: -------- Mapchange to zm_fdust2x2 --------
L 09/14/2011 - 06:27:19: [amxbans.amxx] [AMXBANS] AMXBans 5.0 –ø–æ–¥–∫–ª—é—á–µ–Ω
L 09/14/2011 - 06:32:51: -------- Mapchange to cs_estate --------
L 09/14/2011 - 06:32:54: [amxbans.amxx] [AMXBANS] AMXBans 5.0 –ø–æ–¥–∫–ª—é—á–µ–Ω
L 09/14/2011 - 06:48:47: -------- Mapchange to cs_estate --------
L 09/14/2011 - 06:48:51: [amxbans.amxx] [AMXBANS] AMXBans 5.0 –ø–æ–¥–∫–ª—é—á–µ–Ω
L 09/14/2011 - 07:02:59: -------- Mapchange to cs_estate --------
L 09/14/2011 - 07:03:02: [amxbans.amxx] [AMXBANS] AMXBans 5.0 –ø–æ–¥–∫–ª—é—á–µ–Ω
L 09/14/2011 - 07:18:55: -------- Mapchange to cs_estate --------
L 09/14/2011 - 07:18:57: [amxbans.amxx] [AMXBANS] AMXBans 5.0 –ø–æ–¥–∫–ª—é—á–µ–Ω
L 09/14/2011 - 07:28:51: -------- Mapchange to zm_666_brick --------
L 09/14/2011 - 07:28:52: [amxbans.amxx] [AMXBANS] AMXBans 5.0 –ø–æ–¥–∫–ª—é—á–µ–Ω
L 09/14/2011 - 07:38:30: -------- Mapchange to cs_estate --------
L 09/14/2011 - 07:38:33: [amxbans.amxx] [AMXBANS] AMXBans 5.0 –ø–æ–¥–∫–ª—é—á–µ–Ω
L 09/14/2011 - 07:49:08: -------- Mapchange to zm_decline2k --------
L 09/14/2011 - 07:49:10: [amxbans.amxx] [AMXBANS] AMXBans 5.0 –ø–æ–¥–∫–ª—é—á–µ–Ω
L 09/14/2011 - 08:12:29: -------- Mapchange to cs_estate --------
L 09/14/2011 - 08:12:32: [amxbans.amxx] [AMXBANS] AMXBans 5.0 –ø–æ–¥–∫–ª—é—á–µ–Ω
L 09/14/2011 - 08:16:21: [amxbans.amxx] [Amxbans] –ó–∞–ø—Ä–æ—Å –ø—Ä–æ–≤–∞–ª–µ–Ω!
L 09/14/2011 - 08:16:21: [amxbans.amxx] [Amxbans] –û—à–∏–±–∫–∞, –∞–¥—Ä–µ—Å: 18
L 09/14/2011 - 08:16:21: [amxbans.amxx] [Amxbans] –°–æ–æ–±—â–µ–Ω–∏–µ: You have an error in your SQL syntax; check the manual that corresponds to your MySQL server version for the right syntax to use near '' at line 1 (1064)
L 09/14/2011 - 08:16:21: [amxbans.amxx] [Amxbans] –°—Ç–∞—Ç—É—Å –∑–∞–ø—Ä–æ—Å–∞: 
L 09/14/2011 - 08:16:35: [amxbans.amxx] [Amxbans] –ó–∞–ø—Ä–æ—Å –ø—Ä–æ–≤–∞–ª–µ–Ω!
L 09/14/2011 - 08:16:35: [amxbans.amxx] [Amxbans] –û—à–∏–±–∫–∞, –∞–¥—Ä–µ—Å: 18
L 09/14/2011 - 08:16:35: [amxbans.amxx] [Amxbans] –°–æ–æ–±—â–µ–Ω–∏–µ: You have an error in your SQL syntax; check the manual that corresponds to your MySQL server version for the right syntax to use near '' at line 1 (1064)
L 09/14/2011 - 08:16:35: [amxbans.amxx] [Amxbans] –°—Ç–∞—Ç—É—Å –∑–∞–ø—Ä–æ—Å–∞: 
L 09/14/2011 - 08:26:40: -------- Mapchange to cs_estate --------
L 09/14/2011 - 08:26:43: [amxbans.amxx] [AMXBANS] AMXBans 5.0 –ø–æ–¥–∫–ª—é—á–µ–Ω
L 09/14/2011 - 08:32:16: -------- Mapchange to 016 --------
L 09/14/2011 - 08:32:18: [amxbans.amxx] [AMXBANS] AMXBans 5.0 –ø–æ–¥–∫–ª—é—á–µ–Ω
L 09/14/2011 - 08:40:13: -------- Mapchange to zm_dwarf --------
L 09/14/2011 - 08:40:15: [amxbans.amxx] [AMXBANS] AMXBans 5.0 –ø–æ–¥–∫–ª—é—á–µ–Ω
L 09/14/2011 - 09:00:11: -------- Mapchange to zm_caca --------
L 09/14/2011 - 09:00:13: [amxbans.amxx] [AMXBANS] AMXBans 5.0 –ø–æ–¥–∫–ª—é—á–µ–Ω
L 09/14/2011 - 09:21:22: -------- Mapchange to zm_303 --------
L 09/14/2011 - 09:21:24: [amxbans.amxx] [AMXBANS] AMXBans 5.0 –ø–æ–¥–∫–ª—é—á–µ–Ω
L 09/14/2011 - 09:51:20: -------- Mapchange to zm_fdust2x2 --------
L 09/14/2011 - 09:51:22: [amxbans.amxx] [AMXBANS] AMXBans 5.0 –ø–æ–¥–∫–ª—é—á–µ–Ω
L 09/14/2011 - 10:11:18: -------- Mapchange to cs_militia --------
L 09/14/2011 - 10:11:24: [amxbans.amxx] [AMXBANS] AMXBans 5.0 –ø–æ–¥–∫–ª—é—á–µ–Ω
L 09/14/2011 - 10:32:13: -------- Mapchange to zm_houses --------
L 09/14/2011 - 10:32:15: [amxbans.amxx] [AMXBANS] AMXBans 5.0 –ø–æ–¥–∫–ª—é—á–µ–Ω
L 09/14/2011 - 10:54:24: -------- Mapchange to zm_xata --------
L 09/14/2011 - 10:54:26: [amxbans.amxx] [AMXBANS] AMXBans 5.0 –ø–æ–¥–∫–ª—é—á–µ–Ω
L 09/14/2011 - 11:23:08: -------- Mapchange to ze_egypt --------
L 09/14/2011 - 11:23:09: [amxbans.amxx] [AMXBANS] AMXBans 5.0 –ø–æ–¥–∫–ª—é—á–µ–Ω
L 09/14/2011 - 11:41:12: -------- Mapchange to zm_666_brick --------
L 09/14/2011 - 11:41:14: [amxbans.amxx] [AMXBANS] AMXBans 5.0 –ø–æ–¥–∫–ª—é—á–µ–Ω
L 09/14/2011 - 12:03:17: -------- Mapchange to zm_alfresco_v2 --------
L 09/14/2011 - 12:03:19: [amxbans.amxx] [AMXBANS] AMXBans 5.0 –ø–æ–¥–∫–ª—é—á–µ–Ω
L 09/14/2011 - 12:24:02: -------- Mapchange to 016 --------
L 09/14/2011 - 12:24:03: [amxbans.amxx] [AMXBANS] AMXBans 5.0 –ø–æ–¥–∫–ª—é—á–µ–Ω
L 09/14/2011 - 12:46:47: -------- Mapchange to zm_303 --------
L 09/14/2011 - 12:46:49: [amxbans.amxx] [AMXBANS] AMXBans 5.0 –ø–æ–¥–∫–ª—é—á–µ–Ω
L 09/14/2011 - 12:56:40: [admin_amxbans.amxx] Login: "4ebu[RUSH]ka<1414><STEAM_0:0:2107967446><>" became an admin (account "4ebu[RUSH]ka") (access "abcdefgijmnopqtu") (address "95.54.69.5")
L 09/14/2011 - 13:03:17: [plmenu.amxx] Cmd: "4ebu[RUSH]ka<1414><STEAM_0:0:2107967446><>" slap with 0 damage "F1-[G]amin[G] |G-man<1389><STEAM_0:0:299692916><>"
L 09/14/2011 - 13:03:17: [plmenu.amxx] Cmd: "4ebu[RUSH]ka<1414><STEAM_0:0:2107967446><>" slap with 0 damage "F1-[G]amin[G] |G-man<1389><STEAM_0:0:299692916><>"
L 09/14/2011 - 13:03:20: [plmenu.amxx] Cmd: "4ebu[RUSH]ka<1414><STEAM_0:0:2107967446><>" slap with 0 damage "F1-[G]amin[G] |G-man<1389><STEAM_0:0:299692916><>"
L 09/14/2011 - 13:03:21: [plmenu.amxx] Cmd: "4ebu[RUSH]ka<1414><STEAM_0:0:2107967446><>" slap with 0 damage "F1-[G]amin[G] |G-man<1389><STEAM_0:0:299692916><>"
L 09/14/2011 - 13:18:27: -------- Mapchange to zm_cpl_mill_kamp --------
L 09/14/2011 - 13:18:29: [amxbans.amxx] [AMXBANS] AMXBans 5.0 –ø–æ–¥–∫–ª—é—á–µ–Ω
L 09/14/2011 - 13:27:00: [amxbans.amxx] [Amxbans] –ó–∞–ø—Ä–æ—Å –ø—Ä–æ–≤–∞–ª–µ–Ω!
L 09/14/2011 - 13:27:00: [amxbans.amxx] [Amxbans] –û—à–∏–±–∫–∞, –∞–¥—Ä–µ—Å: 18
L 09/14/2011 - 13:27:00: [amxbans.amxx] [Amxbans] –°–æ–æ–±—â–µ–Ω–∏–µ: You have an error in your SQL syntax; check the manual that corresponds to your MySQL server version for the right syntax to use near '' at line 1 (1064)
L 09/14/2011 - 13:27:00: [amxbans.amxx] [Amxbans] –°—Ç–∞—Ç—É—Å –∑–∞–ø—Ä–æ—Å–∞: 
L 09/14/2011 - 13:27:40: [amxbans.amxx] [Amxbans] –ó–∞–ø—Ä–æ—Å –ø—Ä–æ–≤–∞–ª–µ–Ω!
L 09/14/2011 - 13:27:40: [amxbans.amxx] [Amxbans] –û—à–∏–±–∫–∞, –∞–¥—Ä–µ—Å: 18
L 09/14/2011 - 13:27:40: [amxbans.amxx] [Amxbans] –°–æ–æ–±—â–µ–Ω–∏–µ: You have an error in your SQL syntax; check the manual that corresponds to your MySQL server version for the right syntax to use near '' at line 1 (1064)
L 09/14/2011 - 13:27:40: [amxbans.amxx] [Amxbans] –°—Ç–∞—Ç—É—Å –∑–∞–ø—Ä–æ—Å–∞: 
L 09/14/2011 - 13:30:19: [admin_amxbans.amxx] Login: "Euforia<1418><STEAM_0:0:1365425199><>" became an admin (account "Euforia") (access "t") (address "188.123.245.19")
L 09/14/2011 - 13:38:46: -------- Mapchange to ze_lift_escape_b5 --------
L 09/14/2011 - 13:38:47: [admin_amxbans.amxx] Login: "Euforia<1418><STEAM_0:0:1365425199><>" became an admin (account "Euforia") (access "t") (address "188.123.245.19")
L 09/14/2011 - 13:38:48: [amxbans.amxx] [AMXBANS] AMXBans 5.0 –ø–æ–¥–∫–ª—é—á–µ–Ω
L 09/14/2011 - 13:38:51: [amxbans.amxx] [Amxbans] –ó–∞–ø—Ä–æ—Å –ø—Ä–æ–≤–∞–ª–µ–Ω!
L 09/14/2011 - 13:38:51: [amxbans.amxx] [Amxbans] –û—à–∏–±–∫–∞, –∞–¥—Ä–µ—Å: 18
L 09/14/2011 - 13:38:51: [amxbans.amxx] [Amxbans] –°–æ–æ–±—â–µ–Ω–∏–µ: You have an error in your SQL syntax; check the manual that corresponds to your MySQL server version for the right syntax to use near '' at line 1 (1064)
L 09/14/2011 - 13:38:51: [amxbans.amxx] [Amxbans] –°—Ç–∞—Ç—É—Å –∑–∞–ø—Ä–æ—Å–∞: 
L 09/14/2011 - 13:39:00: [amxbans.amxx] [Amxbans] –ó–∞–ø—Ä–æ—Å –ø—Ä–æ–≤–∞–ª–µ–Ω!
L 09/14/2011 - 13:39:00: [amxbans.amxx] [Amxbans] –û—à–∏–±–∫–∞, –∞–¥—Ä–µ—Å: 18
L 09/14/2011 - 13:39:00: [amxbans.amxx] [Amxbans] –°–æ–æ–±—â–µ–Ω–∏–µ: You have an error in your SQL syntax; check the manual that corresponds to your MySQL server version for the right syntax to use near '' at line 1 (1064)
L 09/14/2011 - 13:39:00: [amxbans.amxx] [Amxbans] –°—Ç–∞—Ç—É—Å –∑–∞–ø—Ä–æ—Å–∞: 
L 09/14/2011 - 13:53:45: -------- Mapchange to ze_jurassicpark --------
L 09/14/2011 - 13:53:46: [amxbans.amxx] [AMXBANS] AMXBans 5.0 –ø–æ–¥–∫–ª—é—á–µ–Ω
L 09/14/2011 - 14:02:50: -------- Mapchange to ze_train_back_lg --------
L 09/14/2011 - 14:02:51: [amxbans.amxx] [AMXBANS] AMXBans 5.0 –ø–æ–¥–∫–ª—é—á–µ–Ω
L 09/14/2011 - 14:18:20: -------- Mapchange to zm_caca --------
L 09/14/2011 - 14:18:22: [amxbans.amxx] [AMXBANS] AMXBans 5.0 –ø–æ–¥–∫–ª—é—á–µ–Ω
L 09/14/2011 - 14:28:30: [admin_amxbans.amxx] Login: "Euforia<1509><STEAM_0:0:1365425199><>" became an admin (account "Euforia") (access "t") (address "188.123.245.19")
L 09/14/2011 - 14:39:59: -------- Mapchange to zm_decline2k --------
L 09/14/2011 - 14:40:00: [admin_amxbans.amxx] Login: "Euforia<1509><STEAM_0:0:1365425199><>" became an admin (account "Euforia") (access "t") (address "188.123.245.19")
L 09/14/2011 - 14:40:01: [amxbans.amxx] [AMXBANS] AMXBans 5.0 –ø–æ–¥–∫–ª—é—á–µ–Ω
L 09/14/2011 - 14:40:32: [admin_amxbans.amxx] Login: "Kenny<1533><STEAM_0:0:963405193><>" became an admin (account "Kenny") (access "abcdefghijlmnopqstu") (address "109.161.103.237")
L 09/14/2011 - 14:42:09: [admin_amxbans.amxx] Login: "Kenny<1537><STEAM_0:0:963405193><>" became an admin (account "Kenny") (access "abcdefghijlmnopqstu") (address "109.161.103.237")
L 09/14/2011 - 15:02:29: -------- Mapchange to ze_egypt --------
L 09/14/2011 - 15:02:31: [amxbans.amxx] [AMXBANS] AMXBans 5.0 –ø–æ–¥–∫–ª—é—á–µ–Ω
L 09/14/2011 - 15:11:07: -------- Mapchange to zm_666_brick --------
L 09/14/2011 - 15:11:09: [amxbans.amxx] [AMXBANS] AMXBans 5.0 –ø–æ–¥–∫–ª—é—á–µ–Ω
L 09/14/2011 - 15:20:42: [admin_amxbans.amxx] Login: "Euforia<1594><STEAM_0:0:1365425199><>" became an admin (account "Euforia") (access "t") (address "188.123.245.19")
L 09/14/2011 - 15:28:13: [amxbans.amxx] [Amxbans] –ó–∞–ø—Ä–æ—Å –ø—Ä–æ–≤–∞–ª–µ–Ω!
L 09/14/2011 - 15:28:13: [amxbans.amxx] [Amxbans] –û—à–∏–±–∫–∞, –∞–¥—Ä–µ—Å: 18
L 09/14/2011 - 15:28:13: [amxbans.amxx] [Amxbans] –°–æ–æ–±—â–µ–Ω–∏–µ: You have an error in your SQL syntax; check the manual that corresponds to your MySQL server version for the right syntax to use near '' at line 1 (1064)
L 09/14/2011 - 15:28:13: [amxbans.amxx] [Amxbans] –°—Ç–∞—Ç—É—Å –∑–∞–ø—Ä–æ—Å–∞: 
L 09/14/2011 - 15:28:24: [amxbans.amxx] [Amxbans] –ó–∞–ø—Ä–æ—Å –ø—Ä–æ–≤–∞–ª–µ–Ω!
L 09/14/2011 - 15:28:24: [amxbans.amxx] [Amxbans] –û—à–∏–±–∫–∞, –∞–¥—Ä–µ—Å: 18
L 09/14/2011 - 15:28:24: [amxbans.amxx] [Amxbans] –°–æ–æ–±—â–µ–Ω–∏–µ: You have an error in your SQL syntax; check the manual that corresponds to your MySQL server version for the right syntax to use near '' at line 1 (1064)
L 09/14/2011 - 15:28:24: [amxbans.amxx] [Amxbans] –°—Ç–∞—Ç—É—Å –∑–∞–ø—Ä–æ—Å–∞: 
L 09/14/2011 - 15:33:49: -------- Mapchange to zm_fdust2x2 --------
L 09/14/2011 - 15:33:50: [admin_amxbans.amxx] Login: "Euforia<1594><STEAM_0:0:1365425199><>" became an admin (account "Euforia") (access "t") (address "188.123.245.19")
L 09/14/2011 - 15:33:51: [amxbans.amxx] [AMXBANS] AMXBans 5.0 –ø–æ–¥–∫–ª—é—á–µ–Ω
L 09/14/2011 - 15:33:57: [amxbans.amxx] [Amxbans] –ó–∞–ø—Ä–æ—Å –ø—Ä–æ–≤–∞–ª–µ–Ω!
L 09/14/2011 - 15:33:57: [amxbans.amxx] [Amxbans] –û—à–∏–±–∫–∞, –∞–¥—Ä–µ—Å: 18
L 09/14/2011 - 15:33:57: [amxbans.amxx] [Amxbans] –°–æ–æ–±—â–µ–Ω–∏–µ: You have an error in your SQL syntax; check the manual that corresponds to your MySQL server version for the right syntax to use near '' at line 1 (1064)
L 09/14/2011 - 15:33:57: [amxbans.amxx] [Amxbans] –°—Ç–∞—Ç—É—Å –∑–∞–ø—Ä–æ—Å–∞: 
L 09/14/2011 - 15:42:22: [amxbans.amxx] [Amxbans] –ó–∞–ø—Ä–æ—Å –ø—Ä–æ–≤–∞–ª–µ–Ω!
L 09/14/2011 - 15:42:22: [amxbans.amxx] [Amxbans] –û—à–∏–±–∫–∞, –∞–¥—Ä–µ—Å: 18
L 09/14/2011 - 15:42:22: [amxbans.amxx] [Amxbans] –°–æ–æ–±—â–µ–Ω–∏–µ: You have an error in your SQL syntax; check the manual that corresponds to your MySQL server version for the right syntax to use near '' at line 1 (1064)
L 09/14/2011 - 15:42:22: [amxbans.amxx] [Amxbans] –°—Ç–∞—Ç—É—Å –∑–∞–ø—Ä–æ—Å–∞: 
L 09/14/2011 - 15:42:40: [amxbans.amxx] [Amxbans] –ó–∞–ø—Ä–æ—Å –ø—Ä–æ–≤–∞–ª–µ–Ω!
L 09/14/2011 - 15:42:40: [amxbans.amxx] [Amxbans] –û—à–∏–±–∫–∞, –∞–¥—Ä–µ—Å: 18
L 09/14/2011 - 15:42:40: [amxbans.amxx] [Amxbans] –°–æ–æ–±—â–µ–Ω–∏–µ: You have an error in your SQL syntax; check the manual that corresponds to your MySQL server version for the right syntax to use near '' at line 1 (1064)
L 09/14/2011 - 15:42:40: [amxbans.amxx] [Amxbans] –°—Ç–∞—Ç—É—Å –∑–∞–ø—Ä–æ—Å–∞: 
L 09/14/2011 - 15:55:22: -------- Mapchange to zm_alfresco_v2 --------
L 09/14/2011 - 15:55:24: [amxbans.amxx] [AMXBANS] AMXBans 5.0 –ø–æ–¥–∫–ª—é—á–µ–Ω
L 09/14/2011 - 15:55:31: [amxbans.amxx] [Amxbans] –ó–∞–ø—Ä–æ—Å –ø—Ä–æ–≤–∞–ª–µ–Ω!
L 09/14/2011 - 15:55:31: [amxbans.amxx] [Amxbans] –û—à–∏–±–∫–∞, –∞–¥—Ä–µ—Å: 18
L 09/14/2011 - 15:55:31: [amxbans.amxx] [Amxbans] –°–æ–æ–±—â–µ–Ω–∏–µ: You have an error in your SQL syntax; check the manual that corresponds to your MySQL server version for the right syntax to use near '' at line 1 (1064)
L 09/14/2011 - 15:55:31: [amxbans.amxx] [Amxbans] –°—Ç–∞—Ç—É—Å –∑–∞–ø—Ä–æ—Å–∞: 
L 09/14/2011 - 15:55:42: [amxbans.amxx] [Amxbans] –ó–∞–ø—Ä–æ—Å –ø—Ä–æ–≤–∞–ª–µ–Ω!
L 09/14/2011 - 15:55:42: [amxbans.amxx] [Amxbans] –û—à–∏–±–∫–∞, –∞–¥—Ä–µ—Å: 18
L 09/14/2011 - 15:55:42: [amxbans.amxx] [Amxbans] –°–æ–æ–±—â–µ–Ω–∏–µ: You have an error in your SQL syntax; check the manual that corresponds to your MySQL server version for the right syntax to use near '' at line 1 (1064)
L 09/14/2011 - 15:55:42: [amxbans.amxx] [Amxbans] –°—Ç–∞—Ç—É—Å –∑–∞–ø—Ä–æ—Å–∞: 
L 09/14/2011 - 16:15:26: -------- Mapchange to zm_dwarf --------
L 09/14/2011 - 16:15:28: [amxbans.amxx] [AMXBANS] AMXBans 5.0 –ø–æ–¥–∫–ª—é—á–µ–Ω
L 09/14/2011 - 16:27:33: [admin_amxbans.amxx] Login: "Euforia<1687><STEAM_0:0:1365425199><>" became an admin (account "Euforia") (access "t") (address "188.123.245.19")
L 09/14/2011 - 16:36:20: -------- Mapchange to zm_303 --------
L 09/14/2011 - 16:36:21: [admin_amxbans.amxx] Login: "Euforia<1687><STEAM_0:0:1365425199><>" became an admin (account "Euforia") (access "t") (address "188.123.245.19")
L 09/14/2011 - 16:36:21: [amxbans.amxx] [AMXBANS] AMXBans 5.0 –ø–æ–¥–∫–ª—é—á–µ–Ω
L 09/14/2011 - 16:41:11: [admin_amxbans.amxx] Login: "Euforia<1706><STEAM_0:0:1365425199><>" became an admin (account "Euforia") (access "t") (address "188.123.245.19")
L 09/14/2011 - 16:45:54: [admin_amxbans.amxx] Login: "Euforia<1714><STEAM_0:0:1365425199><>" became an admin (account "Euforia") (access "t") (address "188.123.245.19")
L 09/14/2011 - 17:07:52: -------- Mapchange to ze_train_back_lg --------
L 09/14/2011 - 17:07:54: [amxbans.amxx] [AMXBANS] AMXBans 5.0 –ø–æ–¥–∫–ª—é—á–µ–Ω
L 09/14/2011 - 17:08:04: [admin_amxbans.amxx] Login: "Kenny<1751><STEAM_0:0:963405193><>" became an admin (account "Kenny") (access "abcdefghijlmnopqstu") (address "109.161.103.237")
L 09/14/2011 - 17:08:09: [admin_amxbans.amxx] Login: "Kenny<1752><STEAM_0:0:963405193><>" became an admin (account "Kenny") (access "abcdefghijlmnopqstu") (address "109.161.103.237")
L 09/14/2011 - 17:13:37: [admin_amxbans.amxx] Login: "Euforia<1767><STEAM_0:0:1365425199><>" became an admin (account "Euforia") (access "t") (address "188.123.245.19")
L 09/14/2011 - 17:13:43: [admin_amxbans.amxx] Login: "Euforia<1768><STEAM_0:0:1365425199><>" became an admin (account "Euforia") (access "t") (address "188.123.245.19")
L 09/14/2011 - 17:13:46: -------- Mapchange to 016 --------
L 09/14/2011 - 17:13:47: [admin_amxbans.amxx] Login: "Euforia<1768><STEAM_0:0:1365425199><>" became an admin (account "Euforia") (access "t") (address "188.123.245.19")
L 09/14/2011 - 17:13:47: [admin_amxbans.amxx] Login: "Euforia<1771><STEAM_0:0:1365425199><>" became an admin (account "Euforia") (access "t") (address "188.123.245.19")
L 09/14/2011 - 17:13:47: [amxbans.amxx] [AMXBANS] AMXBans 5.0 –ø–æ–¥–∫–ª—é—á–µ–Ω
L 09/14/2011 - 17:35:35: [admin_amxbans.amxx] Login: "Euforia<1801><STEAM_0:0:1365425199><>" became an admin (account "Euforia") (access "t") (address "188.123.245.19")
L 09/14/2011 - 17:45:54: -------- Mapchange to cs_militia --------
L 09/14/2011 - 17:45:59: [amxbans.amxx] [AMXBANS] AMXBans 5.0 –ø–æ–¥–∫–ª—é—á–µ–Ω
L 09/14/2011 - 17:49:23: [admin_amxbans.amxx] Login: "4ebu[RUSH]ka<1816><STEAM_0:0:2107967446><>" became an admin (account "4ebu[RUSH]ka") (access "abcdefgijmnopqtu") (address "78.36.142.129")
L 09/14/2011 - 17:49:27: [admin_amxbans.amxx] Login: "4ebu[RUSH]ka<1817><STEAM_0:0:2107967446><>" became an admin (account "4ebu[RUSH]ka") (access "abcdefgijmnopqtu") (address "78.36.142.129")
L 09/14/2011 - 17:49:50: [admin_amxbans.amxx] Login: "4ebu[RUSH]ka<1818><STEAM_0:0:2107967446><>" became an admin (account "4ebu[RUSH]ka") (access "abcdefgijmnopqtu") (address "78.36.142.129")
L 09/14/2011 - 17:50:19: [plmenu.amxx] Kick: "4ebu[RUSH]ka<1818><STEAM_0:0:2107967446><>" kick "Livitos<1796><STEAM_0:0:1437088843><>"
L 09/14/2011 - 17:55:46: [amxbans.amxx] [Amxbans] –ó–∞–ø—Ä–æ—Å –ø—Ä–æ–≤–∞–ª–µ–Ω!
L 09/14/2011 - 17:55:46: [amxbans.amxx] [Amxbans] –û—à–∏–±–∫–∞, –∞–¥—Ä–µ—Å: 18
L 09/14/2011 - 17:55:46: [amxbans.amxx] [Amxbans] –°–æ–æ–±—â–µ–Ω–∏–µ: You have an error in your SQL syntax; check the manual that corresponds to your MySQL server version for the right syntax to use near '' at line 1 (1064)
L 09/14/2011 - 17:55:46: [amxbans.amxx] [Amxbans] –°—Ç–∞—Ç—É—Å –∑–∞–ø—Ä–æ—Å–∞: 
L 09/14/2011 - 17:57:18: [admin_amxbans.amxx] Login: "Euforia<1835><STEAM_0:0:1365425199><>" became an admin (account "Euforia") (access "t") (address "188.123.245.19")
L 09/14/2011 - 17:57:40: [amxbans.amxx] [Amxbans] –ó–∞–ø—Ä–æ—Å –ø—Ä–æ–≤–∞–ª–µ–Ω!
L 09/14/2011 - 17:57:40: [amxbans.amxx] [Amxbans] –û—à–∏–±–∫–∞, –∞–¥—Ä–µ—Å: 18
L 09/14/2011 - 17:57:40: [amxbans.amxx] [Amxbans] –°–æ–æ–±—â–µ–Ω–∏–µ: You have an error in your SQL syntax; check the manual that corresponds to your MySQL server version for the right syntax to use near '' at line 1 (1064)
L 09/14/2011 - 17:57:40: [amxbans.amxx] [Amxbans] –°—Ç–∞—Ç—É—Å –∑–∞–ø—Ä–æ—Å–∞: 
L 09/14/2011 - 18:06:01: -------- Mapchange to zm_cpl_mill_kamp --------
L 09/14/2011 - 18:06:03: [amxbans.amxx] [AMXBANS] AMXBans 5.0 –ø–æ–¥–∫–ª—é—á–µ–Ω
L 09/14/2011 - 18:06:09: [amxbans.amxx] [Amxbans] –ó–∞–ø—Ä–æ—Å –ø—Ä–æ–≤–∞–ª–µ–Ω!
L 09/14/2011 - 18:06:09: [amxbans.amxx] [Amxbans] –û—à–∏–±–∫–∞, –∞–¥—Ä–µ—Å: 18
L 09/14/2011 - 18:06:09: [amxbans.amxx] [Amxbans] –°–æ–æ–±—â–µ–Ω–∏–µ: You have an error in your SQL syntax; check the manual that corresponds to your MySQL server version for the right syntax to use near '' at line 1 (1064)
L 09/14/2011 - 18:06:09: [amxbans.amxx] [Amxbans] –°—Ç–∞—Ç—É—Å –∑–∞–ø—Ä–æ—Å–∞: 
L 09/14/2011 - 18:06:49: [amxbans.amxx] [Amxbans] –ó–∞–ø—Ä–æ—Å –ø—Ä–æ–≤–∞–ª–µ–Ω!
L 09/14/2011 - 18:06:49: [amxbans.amxx] [Amxbans] –û—à–∏–±–∫–∞, –∞–¥—Ä–µ—Å: 18
L 09/14/2011 - 18:06:49: [amxbans.amxx] [Amxbans] –°–æ–æ–±—â–µ–Ω–∏–µ: You have an error in your SQL syntax; check the manual that corresponds to your MySQL server version for the right syntax to use near '' at line 1 (1064)
L 09/14/2011 - 18:06:49: [amxbans.amxx] [Amxbans] –°—Ç–∞—Ç—É—Å –∑–∞–ø—Ä–æ—Å–∞: 
L 09/14/2011 - 18:11:15: [amxbans.amxx] [Amxbans] –ó–∞–ø—Ä–æ—Å –ø—Ä–æ–≤–∞–ª–µ–Ω!
L 09/14/2011 - 18:11:15: [amxbans.amxx] [Amxbans] –û—à–∏–±–∫–∞, –∞–¥—Ä–µ—Å: 18
L 09/14/2011 - 18:11:15: [amxbans.amxx] [Amxbans] –°–æ–æ–±—â–µ–Ω–∏–µ: You have an error in your SQL syntax; check the manual that corresponds to your MySQL server version for the right syntax to use near '' at line 1 (1064)
L 09/14/2011 - 18:11:15: [amxbans.amxx] [Amxbans] –°—Ç–∞—Ç—É—Å –∑–∞–ø—Ä–æ—Å–∞: 
L 09/14/2011 - 18:14:26: [amxbans.amxx] [Amxbans] –ó–∞–ø—Ä–æ—Å –ø—Ä–æ–≤–∞–ª–µ–Ω!
L 09/14/2011 - 18:14:26: [amxbans.amxx] [Amxbans] –û—à–∏–±–∫–∞, –∞–¥—Ä–µ—Å: 18
L 09/14/2011 - 18:14:26: [amxbans.amxx] [Amxbans] –°–æ–æ–±—â–µ–Ω–∏–µ: You have an error in your SQL syntax; check the manual that corresponds to your MySQL server version for the right syntax to use near '' at line 1 (1064)
L 09/14/2011 - 18:14:26: [amxbans.amxx] [Amxbans] –°—Ç–∞—Ç—É—Å –∑–∞–ø—Ä–æ—Å–∞: 
L 09/14/2011 - 18:16:25: [amxbans.amxx] [Amxbans] –ó–∞–ø—Ä–æ—Å –ø—Ä–æ–≤–∞–ª–µ–Ω!
L 09/14/2011 - 18:16:25: [amxbans.amxx] [Amxbans] –û—à–∏–±–∫–∞, –∞–¥—Ä–µ—Å: 18
L 09/14/2011 - 18:16:25: [amxbans.amxx] [Amxbans] –°–æ–æ–±—â–µ–Ω–∏–µ: You have an error in your SQL syntax; check the manual that corresponds to your MySQL server version for the right syntax to use near '' at line 1 (1064)
L 09/14/2011 - 18:16:25: [amxbans.amxx] [Amxbans] –°—Ç–∞—Ç—É—Å –∑–∞–ø—Ä–æ—Å–∞: 
L 09/14/2011 - 18:19:16: [admin_amxbans.amxx] Login: "4ebu[RUSH]ka<1881><STEAM_0:0:2107967446><>" became an admin (account "4ebu[RUSH]ka") (access "abcdefgijmnopqtu") (address "78.36.142.129")
L 09/14/2011 - 18:19:31: [amxbans.amxx] [Amxbans] –ó–∞–ø—Ä–æ—Å –ø—Ä–æ–≤–∞–ª–µ–Ω!
L 09/14/2011 - 18:19:31: [amxbans.amxx] [Amxbans] –û—à–∏–±–∫–∞, –∞–¥—Ä–µ—Å: 18
L 09/14/2011 - 18:19:31: [amxbans.amxx] [Amxbans] –°–æ–æ–±—â–µ–Ω–∏–µ: You have an error in your SQL syntax; check the manual that corresponds to your MySQL server version for the right syntax to use near '' at line 1 (1064)
L 09/14/2011 - 18:19:31: [amxbans.amxx] [Amxbans] –°—Ç–∞—Ç—É—Å –∑–∞–ø—Ä–æ—Å–∞: 
L 09/14/2011 - 18:27:22: -------- Mapchange to zm_caca --------
L 09/14/2011 - 18:27:24: [amxbans.amxx] [AMXBANS] AMXBans 5.0 –ø–æ–¥–∫–ª—é—á–µ–Ω
L 09/14/2011 - 18:27:31: [amxbans.amxx] [Amxbans] –ó–∞–ø—Ä–æ—Å –ø—Ä–æ–≤–∞–ª–µ–Ω!
L 09/14/2011 - 18:27:31: [amxbans.amxx] [Amxbans] –û—à–∏–±–∫–∞, –∞–¥—Ä–µ—Å: 18
L 09/14/2011 - 18:27:31: [amxbans.amxx] [Amxbans] –°–æ–æ–±—â–µ–Ω–∏–µ: You have an error in your SQL syntax; check the manual that corresponds to your MySQL server version for the right syntax to use near '' at line 1 (1064)
L 09/14/2011 - 18:27:31: [amxbans.amxx] [Amxbans] –°—Ç–∞—Ç—É—Å –∑–∞–ø—Ä–æ—Å–∞: 
L 09/14/2011 - 18:28:35: [admin_amxbans.amxx] Login: "Euforia<1896><STEAM_0:0:1365425199><>" became an admin (account "Euforia") (access "t") (address "188.123.245.19")
L 09/14/2011 - 18:29:35: [amxbans.amxx] [Amxbans] –ó–∞–ø—Ä–æ—Å –ø—Ä–æ–≤–∞–ª–µ–Ω!
L 09/14/2011 - 18:29:35: [amxbans.amxx] [Amxbans] –û—à–∏–±–∫–∞, –∞–¥—Ä–µ—Å: 18
L 09/14/2011 - 18:29:35: [amxbans.amxx] [Amxbans] –°–æ–æ–±—â–µ–Ω–∏–µ: You have an error in your SQL syntax; check the manual that corresponds to your MySQL server version for the right syntax to use near '' at line 1 (1064)
L 09/14/2011 - 18:29:35: [amxbans.amxx] [Amxbans] –°—Ç–∞—Ç—É—Å –∑–∞–ø—Ä–æ—Å–∞: 
L 09/14/2011 - 18:50:04: -------- Mapchange to ze_egypt --------
L 09/14/2011 - 18:50:05: [amxbans.amxx] [AMXBANS] AMXBans 5.0 –ø–æ–¥–∫–ª—é—á–µ–Ω
L 09/14/2011 - 18:50:13: [amxbans.amxx] [Amxbans] –ó–∞–ø—Ä–æ—Å –ø—Ä–æ–≤–∞–ª–µ–Ω!
L 09/14/2011 - 18:50:13: [amxbans.amxx] [Amxbans] –û—à–∏–±–∫–∞, –∞–¥—Ä–µ—Å: 18
L 09/14/2011 - 18:50:13: [amxbans.amxx] [Amxbans] –°–æ–æ–±—â–µ–Ω–∏–µ: You have an error in your SQL syntax; check the manual that corresponds to your MySQL server version for the right syntax to use near '' at line 1 (1064)
L 09/14/2011 - 18:50:13: [amxbans.amxx] [Amxbans] –°—Ç–∞—Ç—É—Å –∑–∞–ø—Ä–æ—Å–∞: 
L 09/14/2011 - 18:54:18: [amxbans.amxx] [Amxbans] –ó–∞–ø—Ä–æ—Å –ø—Ä–æ–≤–∞–ª–µ–Ω!
L 09/14/2011 - 18:54:18: [amxbans.amxx] [Amxbans] –û—à–∏–±–∫–∞, –∞–¥—Ä–µ—Å: 18
L 09/14/2011 - 18:54:18: [amxbans.amxx] [Amxbans] –°–æ–æ–±—â–µ–Ω–∏–µ: You have an error in your SQL syntax; check the manual that corresponds to your MySQL server version for the right syntax to use near '' at line 1 (1064)
L 09/14/2011 - 18:54:18: [amxbans.amxx] [Amxbans] –°—Ç–∞—Ç—É—Å –∑–∞–ø—Ä–æ—Å–∞: 
L 09/14/2011 - 18:59:35: [admin_amxbans.amxx] Login: "4ebu[RUSH]ka<1997><STEAM_0:0:2107967446><>" became an admin (account "4ebu[RUSH]ka") (access "abcdefgijmnopqtu") (address "78.36.142.129")
L 09/14/2011 - 18:59:39: [admin_amxbans.amxx] Login: "4ebu[RUSH]ka<1998><STEAM_0:0:2107967446><>" became an admin (account "4ebu[RUSH]ka") (access "abcdefgijmnopqtu") (address "78.36.142.129")
L 09/14/2011 - 19:03:12: [plmenu.amxx] Kick: "4ebu[RUSH]ka<1998><STEAM_0:0:2107967446><>" kick "<<PRO>><1975><STEAM_0:0:871583345><>"
L 09/14/2011 - 19:04:45: [plmenu.amxx] Cmd: "4ebu[RUSH]ka<1998><STEAM_0:0:2107967446><>" slay "<<PRO>><2004><STEAM_0:0:871583345><>"
L 09/14/2011 - 19:05:01: [amxbans.amxx] [Amxbans] –ó–∞–ø—Ä–æ—Å –ø—Ä–æ–≤–∞–ª–µ–Ω!
L 09/14/2011 - 19:05:01: [amxbans.amxx] [Amxbans] –û—à–∏–±–∫–∞, –∞–¥—Ä–µ—Å: 18
L 09/14/2011 - 19:05:01: [amxbans.amxx] [Amxbans] –°–æ–æ–±—â–µ–Ω–∏–µ: You have an error in your SQL syntax; check the manual that corresponds to your MySQL server version for the right syntax to use near '' at line 1 (1064)
L 09/14/2011 - 19:05:01: [amxbans.amxx] [Amxbans] –°—Ç–∞—Ç—É—Å –∑–∞–ø—Ä–æ—Å–∞: 
L 09/14/2011 - 19:07:43: -------- Mapchange to ze_lift_escape_b5 --------
L 09/14/2011 - 19:07:44: [admin_amxbans.amxx] Login: "4ebu[RUSH]ka<1998><STEAM_0:0:2107967446><>" became an admin (account "4ebu[RUSH]ka") (access "abcdefgijmnopqtu") (address "78.36.142.129")
L 09/14/2011 - 19:07:45: [amxbans.amxx] [AMXBANS] AMXBans 5.0 –ø–æ–¥–∫–ª—é—á–µ–Ω
L 09/14/2011 - 19:07:51: [amxbans.amxx] [Amxbans] –ó–∞–ø—Ä–æ—Å –ø—Ä–æ–≤–∞–ª–µ–Ω!
L 09/14/2011 - 19:07:51: [amxbans.amxx] [Amxbans] –û—à–∏–±–∫–∞, –∞–¥—Ä–µ—Å: 18
L 09/14/2011 - 19:07:51: [amxbans.amxx] [Amxbans] –°–æ–æ–±—â–µ–Ω–∏–µ: You have an error in your SQL syntax; check the manual that corresponds to your MySQL server version for the right syntax to use near '' at line 1 (1064)
L 09/14/2011 - 19:07:51: [amxbans.amxx] [Amxbans] –°—Ç–∞—Ç—É—Å –∑–∞–ø—Ä–æ—Å–∞: 
L 09/14/2011 - 19:08:44: [amxbans.amxx] [Amxbans] –ó–∞–ø—Ä–æ—Å –ø—Ä–æ–≤–∞–ª–µ–Ω!
L 09/14/2011 - 19:08:44: [amxbans.amxx] [Amxbans] –û—à–∏–±–∫–∞, –∞–¥—Ä–µ—Å: 18
L 09/14/2011 - 19:08:44: [amxbans.amxx] [Amxbans] –°–æ–æ–±—â–µ–Ω–∏–µ: You have an error in your SQL syntax; check the manual that corresponds to your MySQL server version for the right syntax to use near '' at line 1 (1064)
L 09/14/2011 - 19:08:44: [amxbans.amxx] [Amxbans] –°—Ç–∞—Ç—É—Å –∑–∞–ø—Ä–æ—Å–∞: 
L 09/14/2011 - 19:11:41: [adminvote.amxx] Vote: "4ebu[RUSH]ka<1998><STEAM_0:0:2107967446><>" vote custom (question "CMEHuTb?") (option#1 "ga") (option#2 "HeT")
L 09/14/2011 - 19:11:53: [adminvote.amxx] Vote: Voting successful (got "12") (needed "1") (result "CMEHuTb? - ga")
L 09/14/2011 - 19:12:21: [adminvote.amxx] Vote: "4ebu[RUSH]ka<1998><STEAM_0:0:2107967446><>" vote custom (question "nocTaBuTb HoByIO KapTy?") (option#1 "ga") (option#2 "HeT")
L 09/14/2011 - 19:12:33: [adminvote.amxx] Vote: Voting successful (got "14") (needed "1") (result "nocTaBuTb HoByIO KapTy? - ga")
L 09/14/2011 - 19:14:16: [admincmd.amxx] Cmd: "4ebu[RUSH]ka<1998><STEAM_0:0:2107967446><>" changelevel "zm_jambalaya_escape"
L 09/14/2011 - 19:14:20: -------- Mapchange to zm_jambalaya_escape --------
L 09/14/2011 - 19:14:21: [admin_amxbans.amxx] Login: "4ebu[RUSH]ka<1998><STEAM_0:0:2107967446><>" became an admin (account "4ebu[RUSH]ka") (access "abcdefgijmnopqtu") (address "78.36.142.129")
L 09/14/2011 - 19:14:21: [amxbans.amxx] [AMXBANS] AMXBans 5.0 –ø–æ–¥–∫–ª—é—á–µ–Ω
L 09/14/2011 - 19:14:27: [amxbans.amxx] [Amxbans] –ó–∞–ø—Ä–æ—Å –ø—Ä–æ–≤–∞–ª–µ–Ω!
L 09/14/2011 - 19:14:27: [amxbans.amxx] [Amxbans] –û—à–∏–±–∫–∞, –∞–¥—Ä–µ—Å: 18
L 09/14/2011 - 19:14:27: [amxbans.amxx] [Amxbans] –°–æ–æ–±—â–µ–Ω–∏–µ: You have an error in your SQL syntax; check the manual that corresponds to your MySQL server version for the right syntax to use near '' at line 1 (1064)
L 09/14/2011 - 19:14:27: [amxbans.amxx] [Amxbans] –°—Ç–∞—Ç—É—Å –∑–∞–ø—Ä–æ—Å–∞: 
L 09/14/2011 - 19:16:15: [adminchat.amxx] Chat: "4ebu[RUSH]ka<1998><STEAM_0:0:2107967446><>" csay "Hago 6e)I(aTb Ha KpbIIIIy"
L 09/14/2011 - 19:16:19: [adminchat.amxx] Chat: "4ebu[RUSH]ka<1998><STEAM_0:0:2107967446><>" csay "Hago 6e)I(aTb Ha KpbIIIIy "
L 09/14/2011 - 19:17:24: [adminchat.amxx] Chat: "4ebu[RUSH]ka<1998><STEAM_0:0:2107967446><>" csay "Hago 6e)I(aTb Ha KpbIIIIy "
L 09/14/2011 - 19:17:25: [adminchat.amxx] Chat: "4ebu[RUSH]ka<1998><STEAM_0:0:2107967446><>" csay "Hago 6e)I(aTb Ha KpbIIIIy "
L 09/14/2011 - 19:17:25: [adminchat.amxx] Chat: "4ebu[RUSH]ka<1998><STEAM_0:0:2107967446><>" csay "Hago 6e)I(aTb Ha KpbIIIIy "
L 09/14/2011 - 19:17:25: [adminchat.amxx] Chat: "4ebu[RUSH]ka<1998><STEAM_0:0:2107967446><>" csay "Hago 6e)I(aTb Ha KpbIIIIy "
L 09/14/2011 - 19:17:26: [adminchat.amxx] Chat: "4ebu[RUSH]ka<1998><STEAM_0:0:2107967446><>" csay "Hago 6e)I(aTb Ha KpbIIIIy "
L 09/14/2011 - 19:17:26: [adminchat.amxx] Chat: "4ebu[RUSH]ka<1998><STEAM_0:0:2107967446><>" csay "Hago 6e)I(aTb Ha KpbIIIIy "
L 09/14/2011 - 19:17:31: [adminchat.amxx] Chat: "4ebu[RUSH]ka<1998><STEAM_0:0:2107967446><>" csay "Hago 6e)I(aTb Ha KpbIIIIy "
L 09/14/2011 - 19:17:33: [adminchat.amxx] Chat: "4ebu[RUSH]ka<1998><STEAM_0:0:2107967446><>" csay "Hago 6e)I(aTb Ha KpbIIIIy "
L 09/14/2011 - 19:17:37: [adminchat.amxx] Chat: "4ebu[RUSH]ka<1998><STEAM_0:0:2107967446><>" csay "Hago 6e)I(aTb Ha KpbIIIIy "
L 09/14/2011 - 19:17:43: [adminchat.amxx] Chat: "4ebu[RUSH]ka<1998><STEAM_0:0:2107967446><>" csay "Hago 6e)I(aTb Ha KpbIIIIy "
L 09/14/2011 - 19:18:45: [adminchat.amxx] Chat: "4ebu[RUSH]ka<1998><STEAM_0:0:2107967446><>" csay "Hago 6e)I(aTb Ha KpbIIIIy "
L 09/14/2011 - 19:18:46: [adminchat.amxx] Chat: "4ebu[RUSH]ka<1998><STEAM_0:0:2107967446><>" csay "Hago 6e)I(aTb Ha KpbIIIIy "
L 09/14/2011 - 19:18:46: [adminchat.amxx] Chat: "4ebu[RUSH]ka<1998><STEAM_0:0:2107967446><>" csay "Hago 6e)I(aTb Ha KpbIIIIy "
L 09/14/2011 - 19:18:47: [adminchat.amxx] Chat: "4ebu[RUSH]ka<1998><STEAM_0:0:2107967446><>" csay "Hago 6e)I(aTb Ha KpbIIIIy "
L 09/14/2011 - 19:36:10: [admincmd.amxx] Cmd: "4ebu[RUSH]ka<1998><STEAM_0:0:2107967446><>" changelevel "zm_south_escape_b2"
L 09/14/2011 - 19:36:12: -------- Mapchange to zm_south_escape_b2 --------
L 09/14/2011 - 19:36:13: [admin_amxbans.amxx] Login: "4ebu[RUSH]ka<1998><STEAM_0:0:2107967446><>" became an admin (account "4ebu[RUSH]ka") (access "abcdefgijmnopqtu") (address "78.36.142.129")
L 09/14/2011 - 19:36:14: [amxbans.amxx] [AMXBANS] AMXBans 5.0 –ø–æ–¥–∫–ª—é—á–µ–Ω
L 09/14/2011 - 19:46:26: [adminchat.amxx] Chat: "4ebu[RUSH]ka<1998><STEAM_0:0:2107967446><>" csay "91.192.189.63:27017"
L 09/14/2011 - 19:46:29: [adminchat.amxx] Chat: "4ebu[RUSH]ka<1998><STEAM_0:0:2107967446><>" csay "91.192.189.63:27017 "
L 09/14/2011 - 19:46:29: [adminchat.amxx] Chat: "4ebu[RUSH]ka<1998><STEAM_0:0:2107967446><>" csay "91.192.189.63:27017 "
L 09/14/2011 - 19:46:43: [adminchat.amxx] Chat: "4ebu[RUSH]ka<1998><STEAM_0:0:2107967446><>" csay "91.192.189.63:27017 "
L 09/14/2011 - 19:46:44: [adminchat.amxx] Chat: "4ebu[RUSH]ka<1998><STEAM_0:0:2107967446><>" csay "91.192.189.63:27017 "
L 09/14/2011 - 19:46:44: [adminchat.amxx] Chat: "4ebu[RUSH]ka<1998><STEAM_0:0:2107967446><>" csay "91.192.189.63:27017 "
L 09/14/2011 - 19:47:04: [adminchat.amxx] Chat: "4ebu[RUSH]ka<1998><STEAM_0:0:2107967446><>" csay "91.192.189.63:27017 "
L 09/14/2011 - 19:47:04: [adminchat.amxx] Chat: "4ebu[RUSH]ka<1998><STEAM_0:0:2107967446><>" csay "91.192.189.63:27017 "
L 09/14/2011 - 19:47:04: [adminchat.amxx] Chat: "4ebu[RUSH]ka<1998><STEAM_0:0:2107967446><>" csay "91.192.189.63:27017 "
L 09/14/2011 - 19:52:01: [admincmd.amxx] Cmd: "4ebu[RUSH]ka<1998><STEAM_0:0:2107967446><>" changelevel "zm_escapetrain"
L 09/14/2011 - 19:52:04: -------- Mapchange to zm_escapetrain --------
L 09/14/2011 - 19:52:05: [admin_amxbans.amxx] Login: "4ebu[RUSH]ka<1998><STEAM_0:0:2107967446><>" became an admin (account "4ebu[RUSH]ka") (access "abcdefgijmnopqtu") (address "78.36.142.129")
L 09/14/2011 - 19:52:05: [amxbans.amxx] [AMXBANS] AMXBans 5.0 –ø–æ–¥–∫–ª—é—á–µ–Ω
L 09/14/2011 - 19:54:28: [admin_amxbans.amxx] Login: "holder_x2<2176><STEAM_0:4:498321008><>" became an admin (account "holder_x2") (access "t") (address "89.110.59.146")
L 09/14/2011 - 19:54:43: [admin_amxbans.amxx] Login: "holder_x2<2178><STEAM_0:4:498321008><>" became an admin (account "holder_x2") (access "t") (address "89.110.59.146")
L 09/14/2011 - 19:55:05: [voteban.amxx] Voteban starter holder_x2 against FF .:VOLOD'KA:. FF STEAM_0:4:678301554
L 09/14/2011 - 19:55:20: [voteban.amxx] [AMXX] BANNED: FF .:VOLOD'KA:. FF, STARTER: holder_x2
L 09/14/2011 - 19:55:21: [amxbans.amxx]  –ó–æ–º–±–∏ —Å–µ—Ä–≤–µ—Ä (x_x(O_o)x_x) Go Zombie !!!<0><><> –∑–∞–±–∞–Ω–∏–ª FF .:VOLOD¥KA:. FF<STEAM_0:4:678301554> –Ω–∞ 15 –º–∏–Ω—É—Ç (15 –º–∏–Ω—É—Ç). –ü—Ä–∏—á–∏–Ω–∞: VIP->holder_x2.
L 09/14/2011 - 19:55:43: [adminchat.amxx] Chat: "4ebu[RUSH]ka<1998><STEAM_0:0:2107967446><>" csay "91.192.189.63:27017 "
L 09/14/2011 - 19:55:44: [adminchat.amxx] Chat: "4ebu[RUSH]ka<1998><STEAM_0:0:2107967446><>" csay "91.192.189.63:27017 "
L 09/14/2011 - 19:55:45: [adminchat.amxx] Chat: "4ebu[RUSH]ka<1998><STEAM_0:0:2107967446><>" csay "91.192.189.63:27017 "
L 09/14/2011 - 19:56:02: [adminchat.amxx] Chat: "4ebu[RUSH]ka<1998><STEAM_0:0:2107967446><>" csay "91.192.189.63:27017 "
L 09/14/2011 - 19:56:02: [adminchat.amxx] Chat: "4ebu[RUSH]ka<1998><STEAM_0:0:2107967446><>" csay "91.192.189.63:27017 "
L 09/14/2011 - 19:56:02: [adminchat.amxx] Chat: "4ebu[RUSH]ka<1998><STEAM_0:0:2107967446><>" csay "91.192.189.63:27017 "
L 09/14/2011 - 20:02:41: [mapsmenu.amxx] Vote: "4ebu[RUSH]ka<1998><STEAM_0:0:2107967446><>" vote maps (map#1 "zm_dwarf") (map#2 "zm_neris") (map#3 "zm_houses") (map#4 "")
L 09/14/2011 - 20:02:53: [mapsmenu.amxx] Vote: Voting failed
L 09/14/2011 - 20:03:16: [mapsmenu.amxx] Vote: "4ebu[RUSH]ka<1998><STEAM_0:0:2107967446><>" vote maps (map#1 "zm_dwarf") (map#2 "zm_neris") (map#3 "") (map#4 "")
L 09/14/2011 - 20:03:28: [mapsmenu.amxx] Vote: Voting successful. Map will be changed to zm_dwarf
L 09/14/2011 - 20:03:33: [mapsmenu.amxx] Vote: Result accepted
L 09/14/2011 - 20:03:36: -------- Mapchange to zm_dwarf --------
L 09/14/2011 - 20:03:36: [admin_amxbans.amxx] Login: "4ebu[RUSH]ka<1998><STEAM_0:0:2107967446><>" became an admin (account "4ebu[RUSH]ka") (access "abcdefgijmnopqtu") (address "78.36.142.129")
L 09/14/2011 - 20:03:37: [amxbans.amxx] [AMXBANS] AMXBans 5.0 –ø–æ–¥–∫–ª—é—á–µ–Ω
L 09/14/2011 - 20:03:43: [admin_amxbans.amxx] Login: "4ebu[RUSH]ka<2206><STEAM_0:0:2107967446><>" became an admin (account "4ebu[RUSH]ka") (access "abcdefgijmnopqtu") (address "78.36.142.129")
L 09/14/2011 - 20:06:36: -------- Mapchange to cs_estate --------
L 09/14/2011 - 20:06:38: [amxbans.amxx] [AMXBANS] AMXBans 5.0 –ø–æ–¥–∫–ª—é—á–µ–Ω
L 09/14/2011 - 20:07:53: [amxbans.amxx] [Amxbans] –ó–∞–ø—Ä–æ—Å –ø—Ä–æ–≤–∞–ª–µ–Ω!
L 09/14/2011 - 20:07:53: [amxbans.amxx] [Amxbans] –û—à–∏–±–∫–∞, –∞–¥—Ä–µ—Å: 18
L 09/14/2011 - 20:07:53: [amxbans.amxx] [Amxbans] –°–æ–æ–±—â–µ–Ω–∏–µ: You have an error in your SQL syntax; check the manual that corresponds to your MySQL server version for the right syntax to use near ''Ba' at line 1 (1064)
L 09/14/2011 - 20:07:53: [amxbans.amxx] [Amxbans] –°—Ç–∞—Ç—É—Å –∑–∞–ø—Ä–æ—Å–∞: 
L 09/14/2011 - 20:16:56: -------- Mapchange to zm_303 --------
L 09/14/2011 - 20:16:57: [amxbans.amxx] [AMXBANS] AMXBans 5.0 –ø–æ–¥–∫–ª—é—á–µ–Ω
L 09/14/2011 - 20:17:04: [amxbans.amxx] [Amxbans] –ó–∞–ø—Ä–æ—Å –ø—Ä–æ–≤–∞–ª–µ–Ω!
L 09/14/2011 - 20:17:04: [amxbans.amxx] [Amxbans] –û—à–∏–±–∫–∞, –∞–¥—Ä–µ—Å: 18
L 09/14/2011 - 20:17:04: [amxbans.amxx] [Amxbans] –°–æ–æ–±—â–µ–Ω–∏–µ: You have an error in your SQL syntax; check the manual that corresponds to your MySQL server version for the right syntax to use near ''Ba' at line 1 (1064)
L 09/14/2011 - 20:17:04: [amxbans.amxx] [Amxbans] –°—Ç–∞—Ç—É—Å –∑–∞–ø—Ä–æ—Å–∞: 
L 09/14/2011 - 20:17:05: [amxbans.amxx] [Amxbans] –ó–∞–ø—Ä–æ—Å –ø—Ä–æ–≤–∞–ª–µ–Ω!
L 09/14/2011 - 20:17:05: [amxbans.amxx] [Amxbans] –û—à–∏–±–∫–∞, –∞–¥—Ä–µ—Å: 18
L 09/14/2011 - 20:17:05: [amxbans.amxx] [Amxbans] –°–æ–æ–±—â–µ–Ω–∏–µ: You have an error in your SQL syntax; check the manual that corresponds to your MySQL server version for the right syntax to use near ''Ba' at line 1 (1064)
L 09/14/2011 - 20:17:05: [amxbans.amxx] [Amxbans] –°—Ç–∞—Ç—É—Å –∑–∞–ø—Ä–æ—Å–∞: 
L 09/14/2011 - 20:49:52: -------- Mapchange to zm_fdust2x2 --------
L 09/14/2011 - 20:49:54: [amxbans.amxx] [AMXBANS] AMXBans 5.0 –ø–æ–¥–∫–ª—é—á–µ–Ω
L 09/14/2011 - 21:03:34: [admin_amxbans.amxx] Login: "~Helena~<2346><STEAM_0:4:755027818><>" became an admin (account "~Helena~") (access "at") (address "109.124.93.243")
L 09/14/2011 - 21:03:42: [admin_amxbans.amxx] Login: "Kenny<2347><STEAM_0:0:963405193><>" became an admin (account "Kenny") (access "abcdefghijlmnopqstu") (address "109.161.34.198")
L 09/14/2011 - 21:11:05: -------- Mapchange to ze_egypt --------
L 09/14/2011 - 21:11:07: [amxbans.amxx] [AMXBANS] AMXBans 5.0 –ø–æ–¥–∫–ª—é—á–µ–Ω
L 09/14/2011 - 21:26:51: -------- Mapchange to zm_666_brick --------
L 09/14/2011 - 21:26:53: [amxbans.amxx] [AMXBANS] AMXBans 5.0 –ø–æ–¥–∫–ª—é—á–µ–Ω
L 09/14/2011 - 21:48:42: -------- Mapchange to ze_lift_escape_b5 --------
L 09/14/2011 - 21:48:43: [amxbans.amxx] [AMXBANS] AMXBans 5.0 –ø–æ–¥–∫–ª—é—á–µ–Ω
L 09/14/2011 - 22:04:59: -------- Mapchange to zm_caca --------
L 09/14/2011 - 22:05:01: [amxbans.amxx] [AMXBANS] AMXBans 5.0 –ø–æ–¥–∫–ª—é—á–µ–Ω
L 09/14/2011 - 22:25:19: -------- Mapchange to 016 --------
L 09/14/2011 - 22:25:21: [amxbans.amxx] [AMXBANS] AMXBans 5.0 –ø–æ–¥–∫–ª—é—á–µ–Ω
L 09/14/2011 - 22:26:02: [admin_amxbans.amxx] Login: "Dimka<2451><STEAM_0:0:1236438227><>" became an admin (account "Dimka") (access "abcdefghijklmnopqrstu") (address "172.23.65.13")
L 09/14/2011 - 22:27:28: [admin_amxbans.amxx] Login: "Euforia<2453><STEAM_0:0:1365425199><>" became an admin (account "Euforia") (access "t") (address "188.123.245.19")
L 09/14/2011 - 22:43:34: [admin_amxbans.amxx] Login: "~Helena~<2464><STEAM_0:4:755027818><>" became an admin (account "~Helena~") (access "at") (address "109.124.93.243")
L 09/14/2011 - 22:55:52: -------- Mapchange to cs_militia --------
L 09/14/2011 - 22:55:56: [admin_amxbans.amxx] Login: "Euforia<2453><STEAM_0:0:1365425199><>" became an admin (account "Euforia") (access "t") (address "188.123.245.19")
L 09/14/2011 - 22:55:57: [amxbans.amxx] [AMXBANS] AMXBans 5.0 –ø–æ–¥–∫–ª—é—á–µ–Ω
L 09/14/2011 - 22:56:02: [amxbans.amxx] [Amxbans] –ó–∞–ø—Ä–æ—Å –ø—Ä–æ–≤–∞–ª–µ–Ω!
L 09/14/2011 - 22:56:02: [amxbans.amxx] [Amxbans] –û—à–∏–±–∫–∞, –∞–¥—Ä–µ—Å: 18
L 09/14/2011 - 22:56:02: [amxbans.amxx] [Amxbans] –°–æ–æ–±—â–µ–Ω–∏–µ: You have an error in your SQL syntax; check the manual that corresponds to your MySQL server version for the right syntax to use near ''Ba' at line 1 (1064)
L 09/14/2011 - 22:56:02: [amxbans.amxx] [Amxbans] –°—Ç–∞—Ç—É—Å –∑–∞–ø—Ä–æ—Å–∞: 
L 09/14/2011 - 22:56:03: [amxbans.amxx] [Amxbans] –ó–∞–ø—Ä–æ—Å –ø—Ä–æ–≤–∞–ª–µ–Ω!
L 09/14/2011 - 22:56:03: [amxbans.amxx] [Amxbans] –û—à–∏–±–∫–∞, –∞–¥—Ä–µ—Å: 18
L 09/14/2011 - 22:56:03: [amxbans.amxx] [Amxbans] –°–æ–æ–±—â–µ–Ω–∏–µ: You have an error in your SQL syntax; check the manual that corresponds to your MySQL server version for the right syntax to use near ''Ba' at line 1 (1064)
L 09/14/2011 - 22:56:03: [amxbans.amxx] [Amxbans] –°—Ç–∞—Ç—É—Å –∑–∞–ø—Ä–æ—Å–∞: 
L 09/14/2011 - 23:03:53: [admin_amxbans.amxx] Login: "Dumka<2474><STEAM_0:0:1236438227><>" became an admin (account "172.23.65.13") (access "t") (address "172.23.65.13")
L 09/14/2011 - 23:16:34: -------- Mapchange to zm_dwarf --------
L 09/14/2011 - 23:16:36: [amxbans.amxx] [AMXBANS] AMXBans 5.0 –ø–æ–¥–∫–ª—é—á–µ–Ω
L 09/14/2011 - 23:16:38: [amxbans.amxx] [Amxbans] –ó–∞–ø—Ä–æ—Å –ø—Ä–æ–≤–∞–ª–µ–Ω!
L 09/14/2011 - 23:16:38: [amxbans.amxx] [Amxbans] –û—à–∏–±–∫–∞, –∞–¥—Ä–µ—Å: 18
L 09/14/2011 - 23:16:38: [amxbans.amxx] [Amxbans] –°–æ–æ–±—â–µ–Ω–∏–µ: You have an error in your SQL syntax; check the manual that corresponds to your MySQL server version for the right syntax to use near ''Ba' at line 1 (1064)
L 09/14/2011 - 23:16:38: [amxbans.amxx] [Amxbans] –°—Ç–∞—Ç—É—Å –∑–∞–ø—Ä–æ—Å–∞: 
L 09/14/2011 - 23:18:01: [admin_amxbans.amxx] Login: "Euforia<2483><STEAM_0:0:1365425199><>" became an admin (account "Euforia") (access "t") (address "188.123.245.19")
L 09/14/2011 - 23:36:44: -------- Mapchange to zm_alfresco_v2 --------
L 09/14/2011 - 23:36:45: [amxbans.amxx] [AMXBANS] AMXBans 5.0 –ø–æ–¥–∫–ª—é—á–µ–Ω
L 09/14/2011 - 23:36:49: [amxbans.amxx] [Amxbans] –ó–∞–ø—Ä–æ—Å –ø—Ä–æ–≤–∞–ª–µ–Ω!
L 09/14/2011 - 23:36:49: [amxbans.amxx] [Amxbans] –û—à–∏–±–∫–∞, –∞–¥—Ä–µ—Å: 18
L 09/14/2011 - 23:36:49: [amxbans.amxx] [Amxbans] –°–æ–æ–±—â–µ–Ω–∏–µ: You have an error in your SQL syntax; check the manual that corresponds to your MySQL server version for the right syntax to use near ''Ba' at line 1 (1064)
L 09/14/2011 - 23:36:49: [amxbans.amxx] [Amxbans] –°—Ç–∞—Ç—É—Å –∑–∞–ø—Ä–æ—Å–∞: 
L 09/14/2011 - 23:36:49: [amxbans.amxx] [Amxbans] –ó–∞–ø—Ä–æ—Å –ø—Ä–æ–≤–∞–ª–µ–Ω!
L 09/14/2011 - 23:36:49: [amxbans.amxx] [Amxbans] –û—à–∏–±–∫–∞, –∞–¥—Ä–µ—Å: 18
L 09/14/2011 - 23:36:49: [amxbans.amxx] [Amxbans] –°–æ–æ–±—â–µ–Ω–∏–µ: You have an error in your SQL syntax; check the manual that corresponds to your MySQL server version for the right syntax to use near ''Ba' at line 1 (1064)
L 09/14/2011 - 23:36:49: [amxbans.amxx] [Amxbans] –°—Ç–∞—Ç—É—Å –∑–∞–ø—Ä–æ—Å–∞: 
L 09/14/2011 - 23:56:45: -------- Mapchange to ze_jurassicpark --------
L 09/14/2011 - 23:56:47: [amxbans.amxx] [AMXBANS] AMXBans 5.0 –ø–æ–¥–∫–ª—é—á–µ–Ω
L 09/14/2011 - 23:58:22: [admin_amxbans.amxx] Login: "[BlackWolf]Camelot<2513><STEAM_0:4:1417253489><>" became an admin (account "[BlackWolf]Camelot") (access "t") (address "91.198.175.1")
