L 10/14/2011 - 00:09:25: -------- Mapchange to zm_caca --------
L 10/14/2011 - 00:09:26: [admin_amxbans.amxx] Login: "nucbka<1076><STEAM_0:0:44643826><>" became an admin (account "172.23.65.13") (access "l") (address "172.23.65.13")
L 10/14/2011 - 00:09:26: [admin_amxbans.amxx] Login: "|228| 6yJIb6aIII<1082><STEAM_0:0:1292803525><>" became an admin (account "|228| 6yJIb6aIII") (access "t") (address "178.123.89.37")
L 10/14/2011 - 00:09:26: [admin_amxbans.amxx] Login: "~dark_light<1130><STEAM_0:0:743756224><>" became an admin (account "~dark_light") (access "t") (address "178.120.112.77")
L 10/14/2011 - 00:09:27: [amxbans.amxx] [AMXBANS] AMXBans 5.0 is online
L 10/14/2011 - 00:09:32: [amxbans.amxx] [Amxbans] Query failed!
L 10/14/2011 - 00:09:32: [amxbans.amxx] [Amxbans] Threaded query error, location: 18
L 10/14/2011 - 00:09:32: [amxbans.amxx] [Amxbans] Message: You have an error in your SQL syntax; check the manual that corresponds to your MySQL server version for the right syntax to use near ''Bantime e' at line 1 (1064)
L 10/14/2011 - 00:09:32: [amxbans.amxx] [Amxbans] Query statement: 
L 10/14/2011 - 00:09:33: [amxbans.amxx] [Amxbans] Query failed!
L 10/14/2011 - 00:09:33: [amxbans.amxx] [Amxbans] Threaded query error, location: 18
L 10/14/2011 - 00:09:33: [amxbans.amxx] [Amxbans] Message: You have an error in your SQL syntax; check the manual that corresponds to your MySQL server version for the right syntax to use near ''Bantime e' at line 1 (1064)
L 10/14/2011 - 00:09:33: [amxbans.amxx] [Amxbans] Query statement: 
L 10/14/2011 - 00:09:33: [amxbans.amxx] [Amxbans] Query failed!
L 10/14/2011 - 00:09:33: [amxbans.amxx] [Amxbans] Threaded query error, location: 18
L 10/14/2011 - 00:09:33: [amxbans.amxx] [Amxbans] Message: You have an error in your SQL syntax; check the manual that corresponds to your MySQL server version for the right syntax to use near ''Bantime e' at line 1 (1064)
L 10/14/2011 - 00:09:33: [amxbans.amxx] [Amxbans] Query statement: 
L 10/14/2011 - 00:23:11: [admin_amxbans.amxx] Login: "~dark_light<1144><STEAM_0:0:743756224><>" became an admin (account "~dark_light") (access "t") (address "178.120.112.77")
L 10/14/2011 - 00:29:48: -------- Mapchange to zm_dwarf --------
L 10/14/2011 - 00:29:49: [admin_amxbans.amxx] Login: "nucbka<1076><STEAM_0:0:44643826><>" became an admin (account "172.23.65.13") (access "l") (address "172.23.65.13")
L 10/14/2011 - 00:29:49: [admin_amxbans.amxx] Login: "~dark_light<1144><STEAM_0:0:743756224><>" became an admin (account "~dark_light") (access "t") (address "178.120.112.77")
L 10/14/2011 - 00:29:49: [admin_amxbans.amxx] Login: "|228| 6yJIb6aIII<1082><STEAM_0:0:1292803525><>" became an admin (account "|228| 6yJIb6aIII") (access "t") (address "178.123.89.37")
L 10/14/2011 - 00:29:49: [amxbans.amxx] [AMXBANS] AMXBans 5.0 is online
L 10/14/2011 - 00:29:54: [amxbans.amxx] [Amxbans] Query failed!
L 10/14/2011 - 00:29:54: [amxbans.amxx] [Amxbans] Threaded query error, location: 18
L 10/14/2011 - 00:29:54: [amxbans.amxx] [Amxbans] Message: You have an error in your SQL syntax; check the manual that corresponds to your MySQL server version for the right syntax to use near ''Bantime e' at line 1 (1064)
L 10/14/2011 - 00:29:54: [amxbans.amxx] [Amxbans] Query statement: 
L 10/14/2011 - 00:29:54: [amxbans.amxx] [Amxbans] Query failed!
L 10/14/2011 - 00:29:54: [amxbans.amxx] [Amxbans] Threaded query error, location: 18
L 10/14/2011 - 00:29:54: [amxbans.amxx] [Amxbans] Message: You have an error in your SQL syntax; check the manual that corresponds to your MySQL server version for the right syntax to use near ''Bantime e' at line 1 (1064)
L 10/14/2011 - 00:29:54: [amxbans.amxx] [Amxbans] Query statement: 
L 10/14/2011 - 00:50:53: -------- Mapchange to zm_303 --------
L 10/14/2011 - 00:50:54: [admin_amxbans.amxx] Login: "nucbka<1076><STEAM_0:0:44643826><>" became an admin (account "172.23.65.13") (access "l") (address "172.23.65.13")
L 10/14/2011 - 00:50:54: [admin_amxbans.amxx] Login: "|228| 6yJIb6aIII<1082><STEAM_0:0:1292803525><>" became an admin (account "|228| 6yJIb6aIII") (access "t") (address "178.123.89.37")
L 10/14/2011 - 00:50:54: [amxbans.amxx] [AMXBANS] AMXBans 5.0 is online
L 10/14/2011 - 00:50:57: [amxbans.amxx] [Amxbans] Query failed!
L 10/14/2011 - 00:50:57: [amxbans.amxx] [Amxbans] Threaded query error, location: 18
L 10/14/2011 - 00:50:57: [amxbans.amxx] [Amxbans] Message: You have an error in your SQL syntax; check the manual that corresponds to your MySQL server version for the right syntax to use near ''Bantime e' at line 1 (1064)
L 10/14/2011 - 00:50:57: [amxbans.amxx] [Amxbans] Query statement: 
L 10/14/2011 - 00:50:58: [amxbans.amxx] [Amxbans] Query failed!
L 10/14/2011 - 00:50:58: [amxbans.amxx] [Amxbans] Threaded query error, location: 18
L 10/14/2011 - 00:50:58: [amxbans.amxx] [Amxbans] Message: You have an error in your SQL syntax; check the manual that corresponds to your MySQL server version for the right syntax to use near ''Bantime e' at line 1 (1064)
L 10/14/2011 - 00:50:58: [amxbans.amxx] [Amxbans] Query statement: 
L 10/14/2011 - 01:11:01: -------- Mapchange to zm_neris --------
L 10/14/2011 - 01:11:02: [admin_amxbans.amxx] Login: "|228| 6yJIb6aIII<1082><STEAM_0:0:1292803525><>" became an admin (account "|228| 6yJIb6aIII") (access "t") (address "178.123.89.37")
L 10/14/2011 - 01:11:03: [amxbans.amxx] [AMXBANS] AMXBans 5.0 is online
L 10/14/2011 - 01:11:06: [amxbans.amxx] [Amxbans] Query failed!
L 10/14/2011 - 01:11:06: [amxbans.amxx] [Amxbans] Threaded query error, location: 18
L 10/14/2011 - 01:11:06: [amxbans.amxx] [Amxbans] Message: You have an error in your SQL syntax; check the manual that corresponds to your MySQL server version for the right syntax to use near ''Bantime e' at line 1 (1064)
L 10/14/2011 - 01:11:06: [amxbans.amxx] [Amxbans] Query statement: 
L 10/14/2011 - 01:11:06: [amxbans.amxx] [Amxbans] Query failed!
L 10/14/2011 - 01:11:06: [amxbans.amxx] [Amxbans] Threaded query error, location: 18
L 10/14/2011 - 01:11:06: [amxbans.amxx] [Amxbans] Message: You have an error in your SQL syntax; check the manual that corresponds to your MySQL server version for the right syntax to use near ''Bantime e' at line 1 (1064)
L 10/14/2011 - 01:11:06: [amxbans.amxx] [Amxbans] Query statement: 
L 10/14/2011 - 01:24:12: [amxbans.amxx] [Amxbans] Query failed!
L 10/14/2011 - 01:24:12: [amxbans.amxx] [Amxbans] Threaded query error, location: 18
L 10/14/2011 - 01:24:12: [amxbans.amxx] [Amxbans] Message: You have an error in your SQL syntax; check the manual that corresponds to your MySQL server version for the right syntax to use near ''Bantime e' at line 1 (1064)
L 10/14/2011 - 01:24:12: [amxbans.amxx] [Amxbans] Query statement: 
L 10/14/2011 - 01:29:34: -------- Mapchange to zm_fdust2x2 --------
L 10/14/2011 - 01:29:35: [admin_amxbans.amxx] Login: "|228| 6yJIb6aIII<1082><STEAM_0:0:1292803525><>" became an admin (account "|228| 6yJIb6aIII") (access "t") (address "178.123.89.37")
L 10/14/2011 - 01:29:36: [amxbans.amxx] [AMXBANS] AMXBans 5.0 is online
L 10/14/2011 - 01:29:38: [amxbans.amxx] [Amxbans] Query failed!
L 10/14/2011 - 01:29:38: [amxbans.amxx] [Amxbans] Threaded query error, location: 18
L 10/14/2011 - 01:29:38: [amxbans.amxx] [Amxbans] Message: You have an error in your SQL syntax; check the manual that corresponds to your MySQL server version for the right syntax to use near ''Bantime e' at line 1 (1064)
L 10/14/2011 - 01:29:38: [amxbans.amxx] [Amxbans] Query statement: 
L 10/14/2011 - 01:29:39: [amxbans.amxx] [Amxbans] Query failed!
L 10/14/2011 - 01:29:39: [amxbans.amxx] [Amxbans] Threaded query error, location: 18
L 10/14/2011 - 01:29:39: [amxbans.amxx] [Amxbans] Message: You have an error in your SQL syntax; check the manual that corresponds to your MySQL server version for the right syntax to use near ''Bantime e' at line 1 (1064)
L 10/14/2011 - 01:29:39: [amxbans.amxx] [Amxbans] Query statement: 
L 10/14/2011 - 01:47:41: -------- Mapchange to ze_jurassicpark --------
L 10/14/2011 - 01:47:42: [admin_amxbans.amxx] Login: "|228| 6yJIb6aIII<1082><STEAM_0:0:1292803525><>" became an admin (account "|228| 6yJIb6aIII") (access "t") (address "178.123.89.37")
L 10/14/2011 - 01:47:43: [amxbans.amxx] [AMXBANS] AMXBans 5.0 is online
L 10/14/2011 - 01:47:45: [amxbans.amxx] [Amxbans] Query failed!
L 10/14/2011 - 01:47:45: [amxbans.amxx] [Amxbans] Threaded query error, location: 18
L 10/14/2011 - 01:47:45: [amxbans.amxx] [Amxbans] Message: You have an error in your SQL syntax; check the manual that corresponds to your MySQL server version for the right syntax to use near ''Bantime e' at line 1 (1064)
L 10/14/2011 - 01:47:45: [amxbans.amxx] [Amxbans] Query statement: 
L 10/14/2011 - 01:51:47: -------- Mapchange to zm_cpl_mill_kamp --------
L 10/14/2011 - 01:51:48: [admin_amxbans.amxx] Login: "|228| 6yJIb6aIII<1082><STEAM_0:0:1292803525><>" became an admin (account "|228| 6yJIb6aIII") (access "t") (address "178.123.89.37")
L 10/14/2011 - 01:51:49: [amxbans.amxx] [AMXBANS] AMXBans 5.0 is online
L 10/14/2011 - 01:51:51: [amxbans.amxx] [Amxbans] Query failed!
L 10/14/2011 - 01:51:51: [amxbans.amxx] [Amxbans] Threaded query error, location: 18
L 10/14/2011 - 01:51:51: [amxbans.amxx] [Amxbans] Message: You have an error in your SQL syntax; check the manual that corresponds to your MySQL server version for the right syntax to use near ''Bantime e' at line 1 (1064)
L 10/14/2011 - 01:51:51: [amxbans.amxx] [Amxbans] Query statement: 
L 10/14/2011 - 02:14:07: -------- Mapchange to ze_lift_escape_b5 --------
L 10/14/2011 - 02:14:08: [admin_amxbans.amxx] Login: "|228| 6yJIb6aIII<1082><STEAM_0:0:1292803525><>" became an admin (account "|228| 6yJIb6aIII") (access "t") (address "178.123.89.37")
L 10/14/2011 - 02:14:08: [amxbans.amxx] [AMXBANS] AMXBans 5.0 is online
L 10/14/2011 - 02:14:10: [amxbans.amxx] [Amxbans] Query failed!
L 10/14/2011 - 02:14:10: [amxbans.amxx] [Amxbans] Threaded query error, location: 18
L 10/14/2011 - 02:14:10: [amxbans.amxx] [Amxbans] Message: You have an error in your SQL syntax; check the manual that corresponds to your MySQL server version for the right syntax to use near ''Bantime e' at line 1 (1064)
L 10/14/2011 - 02:14:10: [amxbans.amxx] [Amxbans] Query statement: 
L 10/14/2011 - 02:29:25: -------- Mapchange to zm_decline2k --------
L 10/14/2011 - 02:29:26: [admin_amxbans.amxx] Login: "|228| 6yJIb6aIII<1082><STEAM_0:0:1292803525><>" became an admin (account "|228| 6yJIb6aIII") (access "t") (address "178.123.89.37")
L 10/14/2011 - 02:29:26: [amxbans.amxx] [AMXBANS] AMXBans 5.0 is online
L 10/14/2011 - 02:29:30: [amxbans.amxx] [Amxbans] Query failed!
L 10/14/2011 - 02:29:30: [amxbans.amxx] [Amxbans] Threaded query error, location: 18
L 10/14/2011 - 02:29:30: [amxbans.amxx] [Amxbans] Message: You have an error in your SQL syntax; check the manual that corresponds to your MySQL server version for the right syntax to use near ''Bantime e' at line 1 (1064)
L 10/14/2011 - 02:29:30: [amxbans.amxx] [Amxbans] Query statement: 
L 10/14/2011 - 02:51:10: -------- Mapchange to zm_deadly_assault --------
L 10/14/2011 - 02:51:12: [amxbans.amxx] [AMXBANS] AMXBans 5.0 is online
L 10/14/2011 - 03:12:02: -------- Mapchange to zm_666_brick --------
L 10/14/2011 - 03:12:04: [amxbans.amxx] [AMXBANS] AMXBans 5.0 is online
L 10/14/2011 - 03:43:04: -------- Mapchange to zm_303 --------
L 10/14/2011 - 03:43:05: [amxbans.amxx] [AMXBANS] AMXBans 5.0 is online
L 10/14/2011 - 04:03:01: -------- Mapchange to ze_egypt --------
L 10/14/2011 - 04:03:03: [amxbans.amxx] [AMXBANS] AMXBans 5.0 is online
L 10/14/2011 - 04:18:26: -------- Mapchange to 016 --------
L 10/14/2011 - 04:18:28: [amxbans.amxx] [AMXBANS] AMXBans 5.0 is online
L 10/14/2011 - 04:21:30: -------- Mapchange to cs_estate --------
L 10/14/2011 - 04:21:33: [amxbans.amxx] [AMXBANS] AMXBans 5.0 is online
L 10/14/2011 - 04:31:26: -------- Mapchange to cs_estate --------
L 10/14/2011 - 04:31:29: [amxbans.amxx] [AMXBANS] AMXBans 5.0 is online
L 10/14/2011 - 04:41:22: -------- Mapchange to cs_estate --------
L 10/14/2011 - 04:41:25: [amxbans.amxx] [AMXBANS] AMXBans 5.0 is online
L 10/14/2011 - 04:51:18: -------- Mapchange to cs_estate --------
L 10/14/2011 - 04:51:21: [amxbans.amxx] [AMXBANS] AMXBans 5.0 is online
L 10/14/2011 - 05:10:14: -------- Mapchange to cs_estate --------
L 10/14/2011 - 05:10:17: [amxbans.amxx] [AMXBANS] AMXBans 5.0 is online
L 10/14/2011 - 05:20:10: -------- Mapchange to cs_estate --------
L 10/14/2011 - 05:20:13: [amxbans.amxx] [AMXBANS] AMXBans 5.0 is online
L 10/14/2011 - 05:30:06: -------- Mapchange to cs_estate --------
L 10/14/2011 - 05:30:09: [amxbans.amxx] [AMXBANS] AMXBans 5.0 is online
L 10/14/2011 - 05:40:02: -------- Mapchange to cs_estate --------
L 10/14/2011 - 05:40:05: [amxbans.amxx] [AMXBANS] AMXBans 5.0 is online
L 10/14/2011 - 05:49:58: -------- Mapchange to cs_estate --------
L 10/14/2011 - 05:50:01: [amxbans.amxx] [AMXBANS] AMXBans 5.0 is online
L 10/14/2011 - 06:00:21: -------- Mapchange to zm_303 --------
L 10/14/2011 - 06:00:22: [amxbans.amxx] [AMXBANS] AMXBans 5.0 is online
L 10/14/2011 - 06:03:20: -------- Mapchange to cs_estate --------
L 10/14/2011 - 06:03:23: [amxbans.amxx] [AMXBANS] AMXBans 5.0 is online
L 10/14/2011 - 06:13:16: -------- Mapchange to cs_estate --------
L 10/14/2011 - 06:13:19: [amxbans.amxx] [AMXBANS] AMXBans 5.0 is online
L 10/14/2011 - 06:23:12: -------- Mapchange to cs_estate --------
L 10/14/2011 - 06:23:15: [amxbans.amxx] [AMXBANS] AMXBans 5.0 is online
L 10/14/2011 - 06:33:08: -------- Mapchange to cs_estate --------
L 10/14/2011 - 06:33:11: [amxbans.amxx] [AMXBANS] AMXBans 5.0 is online
L 10/14/2011 - 06:43:04: -------- Mapchange to cs_estate --------
L 10/14/2011 - 06:43:07: [amxbans.amxx] [AMXBANS] AMXBans 5.0 is online
L 10/14/2011 - 06:53:00: -------- Mapchange to cs_estate --------
L 10/14/2011 - 06:53:03: [amxbans.amxx] [AMXBANS] AMXBans 5.0 is online
L 10/14/2011 - 07:01:23: -------- Mapchange to ze_lift_escape_b5 --------
L 10/14/2011 - 07:01:24: [amxbans.amxx] [AMXBANS] AMXBans 5.0 is online
L 10/14/2011 - 07:04:23: -------- Mapchange to cs_estate --------
L 10/14/2011 - 07:04:25: [amxbans.amxx] [AMXBANS] AMXBans 5.0 is online
L 10/14/2011 - 07:14:19: -------- Mapchange to cs_estate --------
L 10/14/2011 - 07:14:21: [amxbans.amxx] [AMXBANS] AMXBans 5.0 is online
L 10/14/2011 - 07:22:56: -------- Mapchange to zm_alfresco_v2 --------
L 10/14/2011 - 07:22:58: [amxbans.amxx] [AMXBANS] AMXBans 5.0 is online
L 10/14/2011 - 07:25:56: -------- Mapchange to cs_estate --------
L 10/14/2011 - 07:25:59: [amxbans.amxx] [AMXBANS] AMXBans 5.0 is online
L 10/14/2011 - 07:44:33: -------- Mapchange to zm_303 --------
L 10/14/2011 - 07:44:35: [amxbans.amxx] [AMXBANS] AMXBans 5.0 is online
L 10/14/2011 - 07:47:33: -------- Mapchange to cs_estate --------
L 10/14/2011 - 07:47:36: [amxbans.amxx] [AMXBANS] AMXBans 5.0 is online
L 10/14/2011 - 07:57:29: -------- Mapchange to cs_estate --------
L 10/14/2011 - 07:57:32: [amxbans.amxx] [AMXBANS] AMXBans 5.0 is online
L 10/14/2011 - 08:18:40: -------- Mapchange to cs_estate --------
L 10/14/2011 - 08:18:43: [amxbans.amxx] [AMXBANS] AMXBans 5.0 is online
L 10/14/2011 - 08:29:01: -------- Mapchange to zm_dust_brick_b1_fx --------
L 10/14/2011 - 08:29:02: [amxbans.amxx] [AMXBANS] AMXBans 5.0 is online
L 10/14/2011 - 08:29:33: [admin_amxbans.amxx] Login: "Narkot1k<1387><STEAM_0:0:1229353360><>" became an admin (account "Narkot1k") (access "t") (address "95.220.125.42")
L 10/14/2011 - 08:29:40: [admin_amxbans.amxx] Login: "Narkot1k<1388><STEAM_0:0:1229353360><>" became an admin (account "Narkot1k") (access "t") (address "95.220.125.42")
L 10/14/2011 - 08:44:28: -------- Mapchange to cs_estate --------
L 10/14/2011 - 08:44:31: [amxbans.amxx] [AMXBANS] AMXBans 5.0 is online
L 10/14/2011 - 08:53:36: -------- Mapchange to ze_egypt --------
L 10/14/2011 - 08:53:38: [amxbans.amxx] [AMXBANS] AMXBans 5.0 is online
L 10/14/2011 - 08:59:01: -------- Mapchange to cs_estate --------
L 10/14/2011 - 08:59:04: [amxbans.amxx] [AMXBANS] AMXBans 5.0 is online
L 10/14/2011 - 09:09:33: -------- Mapchange to 016 --------
L 10/14/2011 - 09:09:35: [amxbans.amxx] [AMXBANS] AMXBans 5.0 is online
L 10/14/2011 - 09:19:01: [amxbans.amxx] [Amxbans] Query failed!
L 10/14/2011 - 09:19:01: [amxbans.amxx] [Amxbans] Threaded query error, location: 18
L 10/14/2011 - 09:19:01: [amxbans.amxx] [Amxbans] Message: You have an error in your SQL syntax; check the manual that corresponds to your MySQL server version for the right syntax to use near ''Bantime e' at line 1 (1064)
L 10/14/2011 - 09:19:01: [amxbans.amxx] [Amxbans] Query statement: 
L 10/14/2011 - 09:43:13: -------- Mapchange to zm_303 --------
L 10/14/2011 - 09:43:14: [amxbans.amxx] [AMXBANS] AMXBans 5.0 is online
L 10/14/2011 - 09:43:16: [amxbans.amxx] [Amxbans] Query failed!
L 10/14/2011 - 09:43:16: [amxbans.amxx] [Amxbans] Threaded query error, location: 18
L 10/14/2011 - 09:43:16: [amxbans.amxx] [Amxbans] Message: You have an error in your SQL syntax; check the manual that corresponds to your MySQL server version for the right syntax to use near ''Bantime e' at line 1 (1064)
L 10/14/2011 - 09:43:16: [amxbans.amxx] [Amxbans] Query statement: 
L 10/14/2011 - 09:43:45: [amxbans.amxx] [Amxbans] Query failed!
L 10/14/2011 - 09:43:45: [amxbans.amxx] [Amxbans] Threaded query error, location: 18
L 10/14/2011 - 09:43:45: [amxbans.amxx] [Amxbans] Message: You have an error in your SQL syntax; check the manual that corresponds to your MySQL server version for the right syntax to use near ''Bantime e' at line 1 (1064)
L 10/14/2011 - 09:43:45: [amxbans.amxx] [Amxbans] Query statement: 
L 10/14/2011 - 09:51:59: [amxbans.amxx] [Amxbans] Query failed!
L 10/14/2011 - 09:51:59: [amxbans.amxx] [Amxbans] Threaded query error, location: 18
L 10/14/2011 - 09:51:59: [amxbans.amxx] [Amxbans] Message: You have an error in your SQL syntax; check the manual that corresponds to your MySQL server version for the right syntax to use near ''Bantime e' at line 1 (1064)
L 10/14/2011 - 09:51:59: [amxbans.amxx] [Amxbans] Query statement: 
L 10/14/2011 - 10:03:55: -------- Mapchange to zm_alfresco_v2 --------
L 10/14/2011 - 10:03:57: [amxbans.amxx] [AMXBANS] AMXBans 5.0 is online
L 10/14/2011 - 10:04:00: [amxbans.amxx] [Amxbans] Query failed!
L 10/14/2011 - 10:04:00: [amxbans.amxx] [Amxbans] Threaded query error, location: 18
L 10/14/2011 - 10:04:00: [amxbans.amxx] [Amxbans] Message: You have an error in your SQL syntax; check the manual that corresponds to your MySQL server version for the right syntax to use near ''Bantime e' at line 1 (1064)
L 10/14/2011 - 10:04:00: [amxbans.amxx] [Amxbans] Query statement: 
L 10/14/2011 - 10:04:00: [amxbans.amxx] [Amxbans] Query failed!
L 10/14/2011 - 10:04:00: [amxbans.amxx] [Amxbans] Threaded query error, location: 18
L 10/14/2011 - 10:04:00: [amxbans.amxx] [Amxbans] Message: You have an error in your SQL syntax; check the manual that corresponds to your MySQL server version for the right syntax to use near ''Bantime e' at line 1 (1064)
L 10/14/2011 - 10:04:00: [amxbans.amxx] [Amxbans] Query statement: 
L 10/14/2011 - 10:14:58: [admin_amxbans.amxx] Login: "Dimka<1442><STEAM_0:0:44643826><>" became an admin (account "Dimka") (access "abcdefghijklmnopqrstu") (address "172.23.65.13")
L 10/14/2011 - 10:18:11: [amxbans.amxx] [Amxbans] Query failed!
L 10/14/2011 - 10:18:11: [amxbans.amxx] [Amxbans] Threaded query error, location: 18
L 10/14/2011 - 10:18:11: [amxbans.amxx] [Amxbans] Message: You have an error in your SQL syntax; check the manual that corresponds to your MySQL server version for the right syntax to use near ''Bantime e' at line 1 (1064)
L 10/14/2011 - 10:18:11: [amxbans.amxx] [Amxbans] Query statement: 
L 10/14/2011 - 10:25:19: -------- Mapchange to ze_lift_escape_b5 --------
L 10/14/2011 - 10:25:20: [amxbans.amxx] [AMXBANS] AMXBans 5.0 is online
L 10/14/2011 - 10:25:23: [amxbans.amxx] [Amxbans] Query failed!
L 10/14/2011 - 10:25:23: [amxbans.amxx] [Amxbans] Threaded query error, location: 18
L 10/14/2011 - 10:25:23: [amxbans.amxx] [Amxbans] Message: You have an error in your SQL syntax; check the manual that corresponds to your MySQL server version for the right syntax to use near ''Bantime e' at line 1 (1064)
L 10/14/2011 - 10:25:23: [amxbans.amxx] [Amxbans] Query statement: 
L 10/14/2011 - 10:25:23: [amxbans.amxx] [Amxbans] Query failed!
L 10/14/2011 - 10:25:23: [amxbans.amxx] [Amxbans] Threaded query error, location: 18
L 10/14/2011 - 10:25:23: [amxbans.amxx] [Amxbans] Message: You have an error in your SQL syntax; check the manual that corresponds to your MySQL server version for the right syntax to use near ''Bantime e' at line 1 (1064)
L 10/14/2011 - 10:25:23: [amxbans.amxx] [Amxbans] Query statement: 
L 10/14/2011 - 10:40:58: -------- Mapchange to zm_666_brick --------
L 10/14/2011 - 10:40:59: [amxbans.amxx] [AMXBANS] AMXBans 5.0 is online
L 10/14/2011 - 10:41:03: [amxbans.amxx] [Amxbans] Query failed!
L 10/14/2011 - 10:41:03: [amxbans.amxx] [Amxbans] Threaded query error, location: 18
L 10/14/2011 - 10:41:03: [amxbans.amxx] [Amxbans] Message: You have an error in your SQL syntax; check the manual that corresponds to your MySQL server version for the right syntax to use near ''Bantime e' at line 1 (1064)
L 10/14/2011 - 10:41:03: [amxbans.amxx] [Amxbans] Query statement: 
L 10/14/2011 - 10:41:03: [amxbans.amxx] [Amxbans] Query failed!
L 10/14/2011 - 10:41:03: [amxbans.amxx] [Amxbans] Threaded query error, location: 18
L 10/14/2011 - 10:41:03: [amxbans.amxx] [Amxbans] Message: You have an error in your SQL syntax; check the manual that corresponds to your MySQL server version for the right syntax to use near ''Bantime e' at line 1 (1064)
L 10/14/2011 - 10:41:03: [amxbans.amxx] [Amxbans] Query statement: 
L 10/14/2011 - 10:58:25: [amxbans.amxx] [Amxbans] Query failed!
L 10/14/2011 - 10:58:25: [amxbans.amxx] [Amxbans] Threaded query error, location: 18
L 10/14/2011 - 10:58:25: [amxbans.amxx] [Amxbans] Message: You have an error in your SQL syntax; check the manual that corresponds to your MySQL server version for the right syntax to use near ''Bantime e' at line 1 (1064)
L 10/14/2011 - 10:58:25: [amxbans.amxx] [Amxbans] Query statement: 
L 10/14/2011 - 10:59:55: [amxbans.amxx] [Amxbans] Query failed!
L 10/14/2011 - 10:59:55: [amxbans.amxx] [Amxbans] Threaded query error, location: 18
L 10/14/2011 - 10:59:55: [amxbans.amxx] [Amxbans] Message: You have an error in your SQL syntax; check the manual that corresponds to your MySQL server version for the right syntax to use near ''Bantime e' at line 1 (1064)
L 10/14/2011 - 10:59:55: [amxbans.amxx] [Amxbans] Query statement: 
L 10/14/2011 - 11:00:03: [amxbans.amxx] [Amxbans] Query failed!
L 10/14/2011 - 11:00:03: [amxbans.amxx] [Amxbans] Threaded query error, location: 18
L 10/14/2011 - 11:00:03: [amxbans.amxx] [Amxbans] Message: You have an error in your SQL syntax; check the manual that corresponds to your MySQL server version for the right syntax to use near ''Bantime e' at line 1 (1064)
L 10/14/2011 - 11:00:03: [amxbans.amxx] [Amxbans] Query statement: 
L 10/14/2011 - 11:01:39: [amxbans.amxx] [Amxbans] Query failed!
L 10/14/2011 - 11:01:39: [amxbans.amxx] [Amxbans] Threaded query error, location: 18
L 10/14/2011 - 11:01:39: [amxbans.amxx] [Amxbans] Message: You have an error in your SQL syntax; check the manual that corresponds to your MySQL server version for the right syntax to use near ''amxb' at line 1 (1064)
L 10/14/2011 - 11:01:39: [amxbans.amxx] [Amxbans] Query statement: 
L 10/14/2011 - 11:09:44: [admin_amxbans.amxx] Login: "Kenny<1481><STEAM_0:0:963405193><>" became an admin (account "Kenny") (access "abcdefgijmnopqtu") (address "109.161.33.103")
L 10/14/2011 - 11:12:18: [amxbans.amxx] [Amxbans] Query failed!
L 10/14/2011 - 11:12:18: [amxbans.amxx] [Amxbans] Threaded query error, location: 18
L 10/14/2011 - 11:12:18: [amxbans.amxx] [Amxbans] Message: You have an error in your SQL syntax; check the manual that corresponds to your MySQL server version for the right syntax to use near ''Bantime e' at line 1 (1064)
L 10/14/2011 - 11:12:18: [amxbans.amxx] [Amxbans] Query statement: 
L 10/14/2011 - 11:12:43: -------- Mapchange to zm_fdust2x2 --------
L 10/14/2011 - 11:12:43: [admin_amxbans.amxx] Login: "Kenny<1481><STEAM_0:0:963405193><>" became an admin (account "Kenny") (access "abcdefgijmnopqtu") (address "109.161.33.103")
L 10/14/2011 - 11:12:44: [amxbans.amxx] [AMXBANS] AMXBans 5.0 is online
L 10/14/2011 - 11:12:49: [amxbans.amxx] [Amxbans] Query failed!
L 10/14/2011 - 11:12:49: [amxbans.amxx] [Amxbans] Threaded query error, location: 18
L 10/14/2011 - 11:12:49: [amxbans.amxx] [Amxbans] Message: You have an error in your SQL syntax; check the manual that corresponds to your MySQL server version for the right syntax to use near ''amxb' at line 1 (1064)
L 10/14/2011 - 11:12:49: [amxbans.amxx] [Amxbans] Query statement: 
L 10/14/2011 - 11:12:49: [amxbans.amxx] [Amxbans] Query failed!
L 10/14/2011 - 11:12:49: [amxbans.amxx] [Amxbans] Threaded query error, location: 18
L 10/14/2011 - 11:12:49: [amxbans.amxx] [Amxbans] Message: You have an error in your SQL syntax; check the manual that corresponds to your MySQL server version for the right syntax to use near ''Bantime e' at line 1 (1064)
L 10/14/2011 - 11:12:49: [amxbans.amxx] [Amxbans] Query statement: 
L 10/14/2011 - 11:12:49: [amxbans.amxx] [Amxbans] Query failed!
L 10/14/2011 - 11:12:49: [amxbans.amxx] [Amxbans] Threaded query error, location: 18
L 10/14/2011 - 11:12:49: [amxbans.amxx] [Amxbans] Message: You have an error in your SQL syntax; check the manual that corresponds to your MySQL server version for the right syntax to use near ''Bantime e' at line 1 (1064)
L 10/14/2011 - 11:12:49: [amxbans.amxx] [Amxbans] Query statement: 
L 10/14/2011 - 11:23:25: [amxbans.amxx] [Amxbans] Query failed!
L 10/14/2011 - 11:23:25: [amxbans.amxx] [Amxbans] Threaded query error, location: 18
L 10/14/2011 - 11:23:25: [amxbans.amxx] [Amxbans] Message: You have an error in your SQL syntax; check the manual that corresponds to your MySQL server version for the right syntax to use near ''Bantime e' at line 1 (1064)
L 10/14/2011 - 11:23:25: [amxbans.amxx] [Amxbans] Query statement: 
L 10/14/2011 - 11:33:08: -------- Mapchange to ze_jurassicpark --------
L 10/14/2011 - 11:33:10: [amxbans.amxx] [AMXBANS] AMXBans 5.0 is online
L 10/14/2011 - 11:33:14: [amxbans.amxx] [Amxbans] Query failed!
L 10/14/2011 - 11:33:14: [amxbans.amxx] [Amxbans] Threaded query error, location: 18
L 10/14/2011 - 11:33:14: [amxbans.amxx] [Amxbans] Message: You have an error in your SQL syntax; check the manual that corresponds to your MySQL server version for the right syntax to use near ''amxb' at line 1 (1064)
L 10/14/2011 - 11:33:14: [amxbans.amxx] [Amxbans] Query statement: 
L 10/14/2011 - 11:33:14: [amxbans.amxx] [Amxbans] Query failed!
L 10/14/2011 - 11:33:14: [amxbans.amxx] [Amxbans] Threaded query error, location: 18
L 10/14/2011 - 11:33:14: [amxbans.amxx] [Amxbans] Message: You have an error in your SQL syntax; check the manual that corresponds to your MySQL server version for the right syntax to use near ''Bantime e' at line 1 (1064)
L 10/14/2011 - 11:33:14: [amxbans.amxx] [Amxbans] Query statement: 
L 10/14/2011 - 11:33:14: [amxbans.amxx] [Amxbans] Query failed!
L 10/14/2011 - 11:33:14: [amxbans.amxx] [Amxbans] Threaded query error, location: 18
L 10/14/2011 - 11:33:14: [amxbans.amxx] [Amxbans] Message: You have an error in your SQL syntax; check the manual that corresponds to your MySQL server version for the right syntax to use near ''Bantime e' at line 1 (1064)
L 10/14/2011 - 11:33:14: [amxbans.amxx] [Amxbans] Query statement: 
L 10/14/2011 - 11:47:31: [admin_amxbans.amxx] Login: "JITO<1507><STEAM_0:0:1836044300><>" became an admin (account "JITO") (access "t") (address "95.55.58.128")
L 10/14/2011 - 11:49:06: -------- Mapchange to zm_cpl_mill_kamp --------
L 10/14/2011 - 11:49:07: [admin_amxbans.amxx] Login: "JITO<1507><STEAM_0:0:1836044300><>" became an admin (account "JITO") (access "t") (address "95.55.58.128")
L 10/14/2011 - 11:49:08: [amxbans.amxx] [AMXBANS] AMXBans 5.0 is online
L 10/14/2011 - 11:49:12: [amxbans.amxx] [Amxbans] Query failed!
L 10/14/2011 - 11:49:12: [amxbans.amxx] [Amxbans] Threaded query error, location: 18
L 10/14/2011 - 11:49:12: [amxbans.amxx] [Amxbans] Message: You have an error in your SQL syntax; check the manual that corresponds to your MySQL server version for the right syntax to use near ''amxb' at line 1 (1064)
L 10/14/2011 - 11:49:12: [amxbans.amxx] [Amxbans] Query statement: 
L 10/14/2011 - 11:49:13: [amxbans.amxx] [Amxbans] Query failed!
L 10/14/2011 - 11:49:13: [amxbans.amxx] [Amxbans] Threaded query error, location: 18
L 10/14/2011 - 11:49:13: [amxbans.amxx] [Amxbans] Message: You have an error in your SQL syntax; check the manual that corresponds to your MySQL server version for the right syntax to use near ''amxb' at line 1 (1064)
L 10/14/2011 - 11:49:13: [amxbans.amxx] [Amxbans] Query statement: 
L 10/14/2011 - 11:49:13: [amxbans.amxx] [Amxbans] Query failed!
L 10/14/2011 - 11:49:13: [amxbans.amxx] [Amxbans] Threaded query error, location: 18
L 10/14/2011 - 11:49:13: [amxbans.amxx] [Amxbans] Message: You have an error in your SQL syntax; check the manual that corresponds to your MySQL server version for the right syntax to use near ''Bantime e' at line 1 (1064)
L 10/14/2011 - 11:49:13: [amxbans.amxx] [Amxbans] Query statement: 
L 10/14/2011 - 11:49:14: [amxbans.amxx] [Amxbans] Query failed!
L 10/14/2011 - 11:49:14: [amxbans.amxx] [Amxbans] Threaded query error, location: 18
L 10/14/2011 - 11:49:14: [amxbans.amxx] [Amxbans] Message: You have an error in your SQL syntax; check the manual that corresponds to your MySQL server version for the right syntax to use near ''Bantime e' at line 1 (1064)
L 10/14/2011 - 11:49:14: [amxbans.amxx] [Amxbans] Query statement: 
L 10/14/2011 - 11:52:04: [voteban.amxx] Voteban starter JITO against Slavka STEAM_0:4:1548201585
L 10/14/2011 - 11:52:19: [voteban.amxx] [AMXX] The voteban dit not sucseed.
L 10/14/2011 - 11:52:26: [voteban.amxx] Voteban starter JITO against Slavka STEAM_0:4:1548201585
L 10/14/2011 - 11:52:41: [voteban.amxx] [AMXX] The voteban dit not sucseed.
L 10/14/2011 - 11:53:00: [voteban.amxx] Voteban starter JITO against Slavka STEAM_0:4:1548201585
L 10/14/2011 - 11:53:15: [voteban.amxx] [AMXX] BANNED: Slavka, STARTER: JITO
L 10/14/2011 - 12:00:52: [amxbans.amxx] [Amxbans] Query failed!
L 10/14/2011 - 12:00:52: [amxbans.amxx] [Amxbans] Threaded query error, location: 18
L 10/14/2011 - 12:00:52: [amxbans.amxx] [Amxbans] Message: You have an error in your SQL syntax; check the manual that corresponds to your MySQL server version for the right syntax to use near ''Bantime e' at line 1 (1064)
L 10/14/2011 - 12:00:52: [amxbans.amxx] [Amxbans] Query statement: 
L 10/14/2011 - 12:06:24: [voteban.amxx] Voteban starter JITO against <<<<[R.E.D.E.M.A.X. P.R.O.]>>>> STEAM_0:0:245971539
L 10/14/2011 - 12:06:39: [voteban.amxx] [AMXX] The voteban dit not sucseed.
L 10/14/2011 - 12:06:58: [voteban.amxx] Voteban starter JITO against <<<<[R.E.D.E.M.A.X. P.R.O.]>>>> STEAM_0:0:245971539
L 10/14/2011 - 12:07:13: [voteban.amxx] [AMXX] BANNED: <<<<[R.E.D.E.M.A.X. P.R.O.]>>>>, STARTER: JITO
L 10/14/2011 - 12:10:11: -------- Mapchange to zm_caca --------
L 10/14/2011 - 12:10:12: [admin_amxbans.amxx] Login: "JITO<1507><STEAM_0:0:1836044300><>" became an admin (account "JITO") (access "t") (address "95.55.58.128")
L 10/14/2011 - 12:10:13: [amxbans.amxx] [AMXBANS] AMXBans 5.0 is online
L 10/14/2011 - 12:10:16: [amxbans.amxx] [Amxbans] Query failed!
L 10/14/2011 - 12:10:16: [amxbans.amxx] [Amxbans] Threaded query error, location: 18
L 10/14/2011 - 12:10:16: [amxbans.amxx] [Amxbans] Message: You have an error in your SQL syntax; check the manual that corresponds to your MySQL server version for the right syntax to use near ''amxb' at line 1 (1064)
L 10/14/2011 - 12:10:16: [amxbans.amxx] [Amxbans] Query statement: 
L 10/14/2011 - 12:10:17: [amxbans.amxx] [Amxbans] Query failed!
L 10/14/2011 - 12:10:17: [amxbans.amxx] [Amxbans] Threaded query error, location: 18
L 10/14/2011 - 12:10:17: [amxbans.amxx] [Amxbans] Message: You have an error in your SQL syntax; check the manual that corresponds to your MySQL server version for the right syntax to use near ''Bantime e' at line 1 (1064)
L 10/14/2011 - 12:10:17: [amxbans.amxx] [Amxbans] Query statement: 
L 10/14/2011 - 12:10:17: [amxbans.amxx] [Amxbans] Query failed!
L 10/14/2011 - 12:10:17: [amxbans.amxx] [Amxbans] Threaded query error, location: 18
L 10/14/2011 - 12:10:17: [amxbans.amxx] [Amxbans] Message: You have an error in your SQL syntax; check the manual that corresponds to your MySQL server version for the right syntax to use near ''Bantime e' at line 1 (1064)
L 10/14/2011 - 12:10:17: [amxbans.amxx] [Amxbans] Query statement: 
L 10/14/2011 - 12:18:21: [voteban.amxx] Voteban starter JITO against [REDEMAX]  fantik STEAM_0:0:1025600293
L 10/14/2011 - 12:18:36: [voteban.amxx] [AMXX] BANNED: [REDEMAX]  fantik, STARTER: JITO
L 10/14/2011 - 12:18:37: [amxbans.amxx]  Зомби сервер (x_x(O_o)x_x) Go Zombie !!!<0><><> banned [REDEMAX]  fantik<STEAM_0:0:1025600293> for 15 minutes (15 minutes). Reason: VIP->JITO.
L 10/14/2011 - 12:20:49: [adminchat.amxx] Chat: "Slavka<1412><STEAM_0:4:1548201585><>" chat " sa"
L 10/14/2011 - 12:20:54: [adminchat.amxx] Chat: "Slavka<1412><STEAM_0:4:1548201585><>" chat " HUISOS BLJA"
L 10/14/2011 - 12:21:28: [adminchat.amxx] Chat: "Slavka<1412><STEAM_0:4:1548201585><>" chat " Slqw gandon)))"
L 10/14/2011 - 12:21:45: [adminchat.amxx] Chat: "Slavka<1412><STEAM_0:4:1548201585><>" chat " Pidr"
L 10/14/2011 - 12:23:18: [adminchat.amxx] Chat: "Slavka<1412><STEAM_0:4:1548201585><>" chat " loh"
L 10/14/2011 - 12:26:26: [voteban.amxx] Voteban starter JITO against mTw | ak-47 STEAM_0:0:1699249773
L 10/14/2011 - 12:26:41: [voteban.amxx] [AMXX] BANNED: mTw | ak-47, STARTER: JITO
L 10/14/2011 - 12:26:42: [amxbans.amxx]  Зомби сервер (x_x(O_o)x_x) Go Zombie !!!<0><><> banned mTw | ak-47<STEAM_0:0:1699249773> for 15 minutes (15 minutes). Reason: VIP->JITO.
L 10/14/2011 - 12:30:35: -------- Mapchange to ze_egypt --------
L 10/14/2011 - 12:30:36: [admin_amxbans.amxx] Login: "JITO<1507><STEAM_0:0:1836044300><>" became an admin (account "JITO") (access "t") (address "95.55.58.128")
L 10/14/2011 - 12:30:37: [amxbans.amxx] [AMXBANS] AMXBans 5.0 is online
L 10/14/2011 - 12:30:38: [admin_amxbans.amxx] Login: "JITO<1543><STEAM_0:0:1836044300><>" became an admin (account "JITO") (access "t") (address "95.55.58.128")
L 10/14/2011 - 12:30:41: [amxbans.amxx] [Amxbans] Query failed!
L 10/14/2011 - 12:30:41: [amxbans.amxx] [Amxbans] Threaded query error, location: 18
L 10/14/2011 - 12:30:41: [amxbans.amxx] [Amxbans] Message: You have an error in your SQL syntax; check the manual that corresponds to your MySQL server version for the right syntax to use near ''amxb' at line 1 (1064)
L 10/14/2011 - 12:30:41: [amxbans.amxx] [Amxbans] Query statement: 
L 10/14/2011 - 12:30:42: [amxbans.amxx] [Amxbans] Query failed!
L 10/14/2011 - 12:30:42: [amxbans.amxx] [Amxbans] Threaded query error, location: 18
L 10/14/2011 - 12:30:42: [amxbans.amxx] [Amxbans] Message: You have an error in your SQL syntax; check the manual that corresponds to your MySQL server version for the right syntax to use near ''Bantime e' at line 1 (1064)
L 10/14/2011 - 12:30:42: [amxbans.amxx] [Amxbans] Query statement: 
L 10/14/2011 - 12:30:43: [amxbans.amxx] [Amxbans] Query failed!
L 10/14/2011 - 12:30:43: [amxbans.amxx] [Amxbans] Threaded query error, location: 18
L 10/14/2011 - 12:30:43: [amxbans.amxx] [Amxbans] Message: You have an error in your SQL syntax; check the manual that corresponds to your MySQL server version for the right syntax to use near ''amxb' at line 1 (1064)
L 10/14/2011 - 12:30:43: [amxbans.amxx] [Amxbans] Query statement: 
L 10/14/2011 - 12:30:44: [amxbans.amxx] [Amxbans] Query failed!
L 10/14/2011 - 12:30:44: [amxbans.amxx] [Amxbans] Threaded query error, location: 18
L 10/14/2011 - 12:30:44: [amxbans.amxx] [Amxbans] Message: You have an error in your SQL syntax; check the manual that corresponds to your MySQL server version for the right syntax to use near ''Bantime e' at line 1 (1064)
L 10/14/2011 - 12:30:44: [amxbans.amxx] [Amxbans] Query statement: 
L 10/14/2011 - 12:32:51: [amxbans.amxx] [Amxbans] Query failed!
L 10/14/2011 - 12:32:51: [amxbans.amxx] [Amxbans] Threaded query error, location: 18
L 10/14/2011 - 12:32:51: [amxbans.amxx] [Amxbans] Message: You have an error in your SQL syntax; check the manual that corresponds to your MySQL server version for the right syntax to use near ''Bantime e' at line 1 (1064)
L 10/14/2011 - 12:32:51: [amxbans.amxx] [Amxbans] Query statement: 
L 10/14/2011 - 12:32:55: [amxbans.amxx] [Amxbans] Query failed!
L 10/14/2011 - 12:32:55: [amxbans.amxx] [Amxbans] Threaded query error, location: 18
L 10/14/2011 - 12:32:55: [amxbans.amxx] [Amxbans] Message: You have an error in your SQL syntax; check the manual that corresponds to your MySQL server version for the right syntax to use near ''Bantime e' at line 1 (1064)
L 10/14/2011 - 12:32:55: [amxbans.amxx] [Amxbans] Query statement: 
L 10/14/2011 - 12:40:17: [voteban.amxx] Voteban starter JITO against <<<<[R.E.D.E.M.A.X. P.R.O.]>>>> STEAM_0:0:245971539
L 10/14/2011 - 12:40:32: [voteban.amxx] [AMXX] BANNED: <<<<[R.E.D.E.M.A.X. P.R.O.]>>>>, STARTER: JITO
L 10/14/2011 - 12:46:28: -------- Mapchange to zm_deadly_assault --------
L 10/14/2011 - 12:46:29: [admin_amxbans.amxx] Login: "JITO<1543><STEAM_0:0:1836044300><>" became an admin (account "JITO") (access "t") (address "95.55.58.128")
L 10/14/2011 - 12:46:30: [amxbans.amxx] [AMXBANS] AMXBans 5.0 is online
L 10/14/2011 - 12:46:34: [amxbans.amxx] [Amxbans] Query failed!
L 10/14/2011 - 12:46:34: [amxbans.amxx] [Amxbans] Threaded query error, location: 18
L 10/14/2011 - 12:46:34: [amxbans.amxx] [Amxbans] Message: You have an error in your SQL syntax; check the manual that corresponds to your MySQL server version for the right syntax to use near ''amxb' at line 1 (1064)
L 10/14/2011 - 12:46:34: [amxbans.amxx] [Amxbans] Query statement: 
L 10/14/2011 - 12:46:35: [amxbans.amxx] [Amxbans] Query failed!
L 10/14/2011 - 12:46:35: [amxbans.amxx] [Amxbans] Threaded query error, location: 18
L 10/14/2011 - 12:46:35: [amxbans.amxx] [Amxbans] Message: You have an error in your SQL syntax; check the manual that corresponds to your MySQL server version for the right syntax to use near ''Bantime e' at line 1 (1064)
L 10/14/2011 - 12:46:35: [amxbans.amxx] [Amxbans] Query statement: 
L 10/14/2011 - 12:46:35: [amxbans.amxx] [Amxbans] Query failed!
L 10/14/2011 - 12:46:35: [amxbans.amxx] [Amxbans] Threaded query error, location: 18
L 10/14/2011 - 12:46:35: [amxbans.amxx] [Amxbans] Message: You have an error in your SQL syntax; check the manual that corresponds to your MySQL server version for the right syntax to use near ''Bantime e' at line 1 (1064)
L 10/14/2011 - 12:46:35: [amxbans.amxx] [Amxbans] Query statement: 
L 10/14/2011 - 12:50:44: [adminchat.amxx] Chat: "Slavka<1549><STEAM_0:4:1548201585><>" chat "loh"
L 10/14/2011 - 12:54:43: [voteban.amxx] Voteban starter JITO against <<<<[R.E.D.E.M.A.X. P.R.O.]>>>> STEAM_0:0:245971539
L 10/14/2011 - 12:54:58: [voteban.amxx] [AMXX] BANNED: <<<<[R.E.D.E.M.A.X. P.R.O.]>>>>, STARTER: JITO
L 10/14/2011 - 12:55:23: [amxbans.amxx] [Amxbans] Query failed!
L 10/14/2011 - 12:55:23: [amxbans.amxx] [Amxbans] Threaded query error, location: 18
L 10/14/2011 - 12:55:23: [amxbans.amxx] [Amxbans] Message: You have an error in your SQL syntax; check the manual that corresponds to your MySQL server version for the right syntax to use near ''Bantime e' at line 1 (1064)
L 10/14/2011 - 12:55:23: [amxbans.amxx] [Amxbans] Query statement: 
L 10/14/2011 - 13:07:29: [voteban.amxx] Voteban starter JITO against [S.W.A.T] Denis STEAM_0:0:2109169376
L 10/14/2011 - 13:07:45: [voteban.amxx] [AMXX] The voteban dit not sucseed.
L 10/14/2011 - 13:09:03: [amxbans.amxx] [Amxbans] Query failed!
L 10/14/2011 - 13:09:03: [amxbans.amxx] [Amxbans] Threaded query error, location: 18
L 10/14/2011 - 13:09:03: [amxbans.amxx] [Amxbans] Message: You have an error in your SQL syntax; check the manual that corresponds to your MySQL server version for the right syntax to use near ''Bantime e' at line 1 (1064)
L 10/14/2011 - 13:09:03: [amxbans.amxx] [Amxbans] Query statement: 
L 10/14/2011 - 13:10:08: [amxbans.amxx] [Amxbans] Query failed!
L 10/14/2011 - 13:10:08: [amxbans.amxx] [Amxbans] Threaded query error, location: 18
L 10/14/2011 - 13:10:08: [amxbans.amxx] [Amxbans] Message: You have an error in your SQL syntax; check the manual that corresponds to your MySQL server version for the right syntax to use near ''Bantime e' at line 1 (1064)
L 10/14/2011 - 13:10:08: [amxbans.amxx] [Amxbans] Query statement: 
L 10/14/2011 - 13:23:21: -------- Mapchange to zm_alfresco_v2 --------
L 10/14/2011 - 13:23:21: [admin_amxbans.amxx] Login: "JITO<1543><STEAM_0:0:1836044300><>" became an admin (account "JITO") (access "t") (address "95.55.58.128")
L 10/14/2011 - 13:23:22: [amxbans.amxx] [AMXBANS] AMXBans 5.0 is online
L 10/14/2011 - 13:23:27: [amxbans.amxx] [Amxbans] Query failed!
L 10/14/2011 - 13:23:27: [amxbans.amxx] [Amxbans] Threaded query error, location: 18
L 10/14/2011 - 13:23:27: [amxbans.amxx] [Amxbans] Message: You have an error in your SQL syntax; check the manual that corresponds to your MySQL server version for the right syntax to use near ''amxb' at line 1 (1064)
L 10/14/2011 - 13:23:27: [amxbans.amxx] [Amxbans] Query statement: 
L 10/14/2011 - 13:23:27: [amxbans.amxx] [Amxbans] Query failed!
L 10/14/2011 - 13:23:27: [amxbans.amxx] [Amxbans] Threaded query error, location: 18
L 10/14/2011 - 13:23:27: [amxbans.amxx] [Amxbans] Message: You have an error in your SQL syntax; check the manual that corresponds to your MySQL server version for the right syntax to use near ''Bantime e' at line 1 (1064)
L 10/14/2011 - 13:23:27: [amxbans.amxx] [Amxbans] Query statement: 
L 10/14/2011 - 13:23:28: [amxbans.amxx] [Amxbans] Query failed!
L 10/14/2011 - 13:23:28: [amxbans.amxx] [Amxbans] Threaded query error, location: 18
L 10/14/2011 - 13:23:28: [amxbans.amxx] [Amxbans] Message: You have an error in your SQL syntax; check the manual that corresponds to your MySQL server version for the right syntax to use near ''Bantime e' at line 1 (1064)
L 10/14/2011 - 13:23:28: [amxbans.amxx] [Amxbans] Query statement: 
L 10/14/2011 - 13:26:35: [admin_amxbans.amxx] Login: "Kenny<1595><STEAM_0:0:963405193><>" became an admin (account "Kenny") (access "abcdefgijmnopqtu") (address "109.161.33.103")
L 10/14/2011 - 13:46:24: -------- Mapchange to zm_dust_brick_b1_fx --------
L 10/14/2011 - 13:46:26: [amxbans.amxx] [AMXBANS] AMXBans 5.0 is online
L 10/14/2011 - 13:46:31: [amxbans.amxx] [Amxbans] Query failed!
L 10/14/2011 - 13:46:31: [amxbans.amxx] [Amxbans] Threaded query error, location: 18
L 10/14/2011 - 13:46:31: [amxbans.amxx] [Amxbans] Message: You have an error in your SQL syntax; check the manual that corresponds to your MySQL server version for the right syntax to use near ''amxb' at line 1 (1064)
L 10/14/2011 - 13:46:31: [amxbans.amxx] [Amxbans] Query statement: 
L 10/14/2011 - 13:46:31: [amxbans.amxx] [Amxbans] Query failed!
L 10/14/2011 - 13:46:31: [amxbans.amxx] [Amxbans] Threaded query error, location: 18
L 10/14/2011 - 13:46:31: [amxbans.amxx] [Amxbans] Message: You have an error in your SQL syntax; check the manual that corresponds to your MySQL server version for the right syntax to use near ''Bantime e' at line 1 (1064)
L 10/14/2011 - 13:46:31: [amxbans.amxx] [Amxbans] Query statement: 
L 10/14/2011 - 13:46:32: [amxbans.amxx] [Amxbans] Query failed!
L 10/14/2011 - 13:46:32: [amxbans.amxx] [Amxbans] Threaded query error, location: 18
L 10/14/2011 - 13:46:32: [amxbans.amxx] [Amxbans] Message: You have an error in your SQL syntax; check the manual that corresponds to your MySQL server version for the right syntax to use near ''Bantime e' at line 1 (1064)
L 10/14/2011 - 13:46:32: [amxbans.amxx] [Amxbans] Query statement: 
L 10/14/2011 - 13:53:53: [admin_amxbans.amxx] Login: "|228| 6yJIb6aIII<1632><STEAM_0:0:1292803525><>" became an admin (account "|228| 6yJIb6aIII") (access "t") (address "178.123.174.168")
L 10/14/2011 - 14:06:51: -------- Mapchange to 016 --------
L 10/14/2011 - 14:06:52: [admin_amxbans.amxx] Login: "|228| 6yJIb6aIII<1632><STEAM_0:0:1292803525><>" became an admin (account "|228| 6yJIb6aIII") (access "t") (address "178.123.174.168")
L 10/14/2011 - 14:06:53: [amxbans.amxx] [AMXBANS] AMXBans 5.0 is online
L 10/14/2011 - 14:06:57: [amxbans.amxx] [Amxbans] Query failed!
L 10/14/2011 - 14:06:57: [amxbans.amxx] [Amxbans] Threaded query error, location: 18
L 10/14/2011 - 14:06:57: [amxbans.amxx] [Amxbans] Message: You have an error in your SQL syntax; check the manual that corresponds to your MySQL server version for the right syntax to use near ''Bantime e' at line 1 (1064)
L 10/14/2011 - 14:06:57: [amxbans.amxx] [Amxbans] Query statement: 
L 10/14/2011 - 14:06:58: [amxbans.amxx] [Amxbans] Query failed!
L 10/14/2011 - 14:06:58: [amxbans.amxx] [Amxbans] Threaded query error, location: 18
L 10/14/2011 - 14:06:58: [amxbans.amxx] [Amxbans] Message: You have an error in your SQL syntax; check the manual that corresponds to your MySQL server version for the right syntax to use near ''Bantime e' at line 1 (1064)
L 10/14/2011 - 14:06:58: [amxbans.amxx] [Amxbans] Query statement: 
L 10/14/2011 - 14:11:45: [amxbans.amxx] [Amxbans] Query failed!
L 10/14/2011 - 14:11:45: [amxbans.amxx] [Amxbans] Threaded query error, location: 18
L 10/14/2011 - 14:11:45: [amxbans.amxx] [Amxbans] Message: You have an error in your SQL syntax; check the manual that corresponds to your MySQL server version for the right syntax to use near ''Bantime e' at line 1 (1064)
L 10/14/2011 - 14:11:45: [amxbans.amxx] [Amxbans] Query statement: 
L 10/14/2011 - 14:13:15: [admin_amxbans.amxx] Login: "Drey<1650><STEAM_0:0:41300771><>" kicked due to invalid password (account "Drey") (address "89.222.180.227")
L 10/14/2011 - 14:13:23: [admin_amxbans.amxx] Login: "Drey<1651><STEAM_0:0:41300771><>" kicked due to invalid password (account "Drey") (address "89.222.180.227")
L 10/14/2011 - 14:13:31: [admin_amxbans.amxx] Login: "Drey<1652><STEAM_0:0:41300771><>" became an admin (account "Drey") (access "t") (address "89.222.180.227")
L 10/14/2011 - 14:13:44: [amxbans.amxx] [Amxbans] Query failed!
L 10/14/2011 - 14:13:44: [amxbans.amxx] [Amxbans] Threaded query error, location: 18
L 10/14/2011 - 14:13:44: [amxbans.amxx] [Amxbans] Message: You have an error in your SQL syntax; check the manual that corresponds to your MySQL server version for the right syntax to use near ''Bantime e' at line 1 (1064)
L 10/14/2011 - 14:13:44: [amxbans.amxx] [Amxbans] Query statement: 
L 10/14/2011 - 14:18:20: [amxbans.amxx] [Amxbans] Query failed!
L 10/14/2011 - 14:18:20: [amxbans.amxx] [Amxbans] Threaded query error, location: 18
L 10/14/2011 - 14:18:20: [amxbans.amxx] [Amxbans] Message: You have an error in your SQL syntax; check the manual that corresponds to your MySQL server version for the right syntax to use near ''Bantime e' at line 1 (1064)
L 10/14/2011 - 14:18:20: [amxbans.amxx] [Amxbans] Query statement: 
L 10/14/2011 - 14:37:22: -------- Mapchange to zm_neris --------
L 10/14/2011 - 14:37:23: [admin_amxbans.amxx] Login: "Drey<1652><STEAM_0:0:41300771><>" became an admin (account "Drey") (access "t") (address "89.222.180.227")
L 10/14/2011 - 14:37:24: [amxbans.amxx] [AMXBANS] AMXBans 5.0 is online
L 10/14/2011 - 14:37:31: [amxbans.amxx] [Amxbans] Query failed!
L 10/14/2011 - 14:37:31: [amxbans.amxx] [Amxbans] Threaded query error, location: 18
L 10/14/2011 - 14:37:31: [amxbans.amxx] [Amxbans] Message: You have an error in your SQL syntax; check the manual that corresponds to your MySQL server version for the right syntax to use near ''Bantime e' at line 1 (1064)
L 10/14/2011 - 14:37:31: [amxbans.amxx] [Amxbans] Query statement: 
L 10/14/2011 - 14:37:31: [amxbans.amxx] [Amxbans] Query failed!
L 10/14/2011 - 14:37:31: [amxbans.amxx] [Amxbans] Threaded query error, location: 18
L 10/14/2011 - 14:37:31: [amxbans.amxx] [Amxbans] Message: You have an error in your SQL syntax; check the manual that corresponds to your MySQL server version for the right syntax to use near ''Bantime e' at line 1 (1064)
L 10/14/2011 - 14:37:31: [amxbans.amxx] [Amxbans] Query statement: 
L 10/14/2011 - 14:37:53: [admin_amxbans.amxx] Login: "|228| 6yJIb6aIII<1684><STEAM_0:0:1292803525><>" became an admin (account "|228| 6yJIb6aIII") (access "t") (address "178.123.174.168")
L 10/14/2011 - 14:41:58: [amxbans.amxx] [Amxbans] Query failed!
L 10/14/2011 - 14:41:58: [amxbans.amxx] [Amxbans] Threaded query error, location: 18
L 10/14/2011 - 14:41:58: [amxbans.amxx] [Amxbans] Message: You have an error in your SQL syntax; check the manual that corresponds to your MySQL server version for the right syntax to use near ''Bantime e' at line 1 (1064)
L 10/14/2011 - 14:41:58: [amxbans.amxx] [Amxbans] Query statement: 
L 10/14/2011 - 14:51:27: [amxbans.amxx] [Amxbans] Query failed!
L 10/14/2011 - 14:51:27: [amxbans.amxx] [Amxbans] Threaded query error, location: 18
L 10/14/2011 - 14:51:27: [amxbans.amxx] [Amxbans] Message: You have an error in your SQL syntax; check the manual that corresponds to your MySQL server version for the right syntax to use near ''Bantime e' at line 1 (1064)
L 10/14/2011 - 14:51:27: [amxbans.amxx] [Amxbans] Query statement: 
L 10/14/2011 - 14:59:16: -------- Mapchange to zm_303 --------
L 10/14/2011 - 14:59:17: [admin_amxbans.amxx] Login: "Drey<1652><STEAM_0:0:41300771><>" became an admin (account "Drey") (access "t") (address "89.222.180.227")
L 10/14/2011 - 14:59:17: [admin_amxbans.amxx] Login: "|228| 6yJIb6aIII<1684><STEAM_0:0:1292803525><>" became an admin (account "|228| 6yJIb6aIII") (access "t") (address "178.123.174.168")
L 10/14/2011 - 14:59:18: [amxbans.amxx] [AMXBANS] AMXBans 5.0 is online
L 10/14/2011 - 14:59:25: [amxbans.amxx] [Amxbans] Query failed!
L 10/14/2011 - 14:59:25: [amxbans.amxx] [Amxbans] Threaded query error, location: 18
L 10/14/2011 - 14:59:25: [amxbans.amxx] [Amxbans] Message: You have an error in your SQL syntax; check the manual that corresponds to your MySQL server version for the right syntax to use near ''Bantime e' at line 1 (1064)
L 10/14/2011 - 14:59:25: [amxbans.amxx] [Amxbans] Query statement: 
L 10/14/2011 - 14:59:26: [amxbans.amxx] [Amxbans] Query failed!
L 10/14/2011 - 14:59:26: [amxbans.amxx] [Amxbans] Threaded query error, location: 18
L 10/14/2011 - 14:59:26: [amxbans.amxx] [Amxbans] Message: You have an error in your SQL syntax; check the manual that corresponds to your MySQL server version for the right syntax to use near ''Bantime e' at line 1 (1064)
L 10/14/2011 - 14:59:26: [amxbans.amxx] [Amxbans] Query statement: 
L 10/14/2011 - 15:14:38: [amxbans.amxx] [Amxbans] Query failed!
L 10/14/2011 - 15:14:38: [amxbans.amxx] [Amxbans] Threaded query error, location: 18
L 10/14/2011 - 15:14:38: [amxbans.amxx] [Amxbans] Message: You have an error in your SQL syntax; check the manual that corresponds to your MySQL server version for the right syntax to use near ''Bantime e' at line 1 (1064)
L 10/14/2011 - 15:14:38: [amxbans.amxx] [Amxbans] Query statement: 
L 10/14/2011 - 15:21:50: -------- Mapchange to ze_jurassicpark --------
L 10/14/2011 - 15:21:51: [admin_amxbans.amxx] Login: "Drey<1652><STEAM_0:0:41300771><>" became an admin (account "Drey") (access "t") (address "89.222.180.227")
L 10/14/2011 - 15:21:51: [admin_amxbans.amxx] Login: "|228| 6yJIb6aIII<1684><STEAM_0:0:1292803525><>" became an admin (account "|228| 6yJIb6aIII") (access "t") (address "178.123.174.168")
L 10/14/2011 - 15:21:52: [amxbans.amxx] [AMXBANS] AMXBans 5.0 is online
L 10/14/2011 - 15:21:57: [amxbans.amxx] [Amxbans] Query failed!
L 10/14/2011 - 15:21:57: [amxbans.amxx] [Amxbans] Threaded query error, location: 18
L 10/14/2011 - 15:21:57: [amxbans.amxx] [Amxbans] Message: You have an error in your SQL syntax; check the manual that corresponds to your MySQL server version for the right syntax to use near ''Bantime e' at line 1 (1064)
L 10/14/2011 - 15:21:57: [amxbans.amxx] [Amxbans] Query statement: 
L 10/14/2011 - 15:37:30: -------- Mapchange to ze_lift_escape_b5 --------
L 10/14/2011 - 15:37:31: [admin_amxbans.amxx] Login: "Drey<1652><STEAM_0:0:41300771><>" became an admin (account "Drey") (access "t") (address "89.222.180.227")
L 10/14/2011 - 15:37:31: [admin_amxbans.amxx] Login: "|228| 6yJIb6aIII<1684><STEAM_0:0:1292803525><>" became an admin (account "|228| 6yJIb6aIII") (access "t") (address "178.123.174.168")
L 10/14/2011 - 15:37:32: [amxbans.amxx] [AMXBANS] AMXBans 5.0 is online
L 10/14/2011 - 15:41:29: [amxbans.amxx] [Amxbans] Query failed!
L 10/14/2011 - 15:41:29: [amxbans.amxx] [Amxbans] Threaded query error, location: 18
L 10/14/2011 - 15:41:29: [amxbans.amxx] [Amxbans] Message: You have an error in your SQL syntax; check the manual that corresponds to your MySQL server version for the right syntax to use near ''Bantime e' at line 1 (1064)
L 10/14/2011 - 15:41:29: [amxbans.amxx] [Amxbans] Query statement: 
L 10/14/2011 - 15:51:08: [amxbans.amxx] [Amxbans] Query failed!
L 10/14/2011 - 15:51:08: [amxbans.amxx] [Amxbans] Threaded query error, location: 18
L 10/14/2011 - 15:51:08: [amxbans.amxx] [Amxbans] Message: You have an error in your SQL syntax; check the manual that corresponds to your MySQL server version for the right syntax to use near ''amxban' at line 1 (1064)
L 10/14/2011 - 15:51:08: [amxbans.amxx] [Amxbans] Query statement: 
L 10/14/2011 - 15:53:12: -------- Mapchange to ze_egypt --------
L 10/14/2011 - 15:53:13: [admin_amxbans.amxx] Login: "Drey<1652><STEAM_0:0:41300771><>" became an admin (account "Drey") (access "t") (address "89.222.180.227")
L 10/14/2011 - 15:53:13: [admin_amxbans.amxx] Login: "|228| 6yJIb6aIII<1684><STEAM_0:0:1292803525><>" became an admin (account "|228| 6yJIb6aIII") (access "t") (address "178.123.174.168")
L 10/14/2011 - 15:53:14: [amxbans.amxx] [AMXBANS] AMXBans 5.0 is online
L 10/14/2011 - 15:53:16: [admin_amxbans.amxx] Login: "Drey<1821><STEAM_0:0:41300771><>" became an admin (account "Drey") (access "t") (address "89.222.180.227")
L 10/14/2011 - 15:53:19: [admin_amxbans.amxx] Login: "|228| 6yJIb6aIII<1829><STEAM_0:0:1292803525><>" became an admin (account "|228| 6yJIb6aIII") (access "t") (address "178.123.174.168")
L 10/14/2011 - 15:53:23: [amxbans.amxx] [Amxbans] Query failed!
L 10/14/2011 - 15:53:23: [amxbans.amxx] [Amxbans] Threaded query error, location: 18
L 10/14/2011 - 15:53:23: [amxbans.amxx] [Amxbans] Message: You have an error in your SQL syntax; check the manual that corresponds to your MySQL server version for the right syntax to use near ''amxban' at line 1 (1064)
L 10/14/2011 - 15:53:23: [amxbans.amxx] [Amxbans] Query statement: 
L 10/14/2011 - 15:53:25: [amxbans.amxx] [Amxbans] Query failed!
L 10/14/2011 - 15:53:25: [amxbans.amxx] [Amxbans] Threaded query error, location: 18
L 10/14/2011 - 15:53:25: [amxbans.amxx] [Amxbans] Message: You have an error in your SQL syntax; check the manual that corresponds to your MySQL server version for the right syntax to use near ''Bantime e' at line 1 (1064)
L 10/14/2011 - 15:53:25: [amxbans.amxx] [Amxbans] Query statement: 
L 10/14/2011 - 15:53:25: [amxbans.amxx] [Amxbans] Query failed!
L 10/14/2011 - 15:53:25: [amxbans.amxx] [Amxbans] Threaded query error, location: 18
L 10/14/2011 - 15:53:25: [amxbans.amxx] [Amxbans] Message: You have an error in your SQL syntax; check the manual that corresponds to your MySQL server version for the right syntax to use near ''amxban' at line 1 (1064)
L 10/14/2011 - 15:53:25: [amxbans.amxx] [Amxbans] Query statement: 
L 10/14/2011 - 16:08:21: -------- Mapchange to zm_666_brick --------
L 10/14/2011 - 16:08:22: [admin_amxbans.amxx] Login: "Drey<1821><STEAM_0:0:41300771><>" became an admin (account "Drey") (access "t") (address "89.222.180.227")
L 10/14/2011 - 16:08:23: [admin_amxbans.amxx] Login: "Drey<1869><STEAM_0:0:41300771><>" became an admin (account "Drey") (access "t") (address "89.222.180.227")
L 10/14/2011 - 16:08:23: [amxbans.amxx] [AMXBANS] AMXBans 5.0 is online
L 10/14/2011 - 16:08:30: [amxbans.amxx] [Amxbans] Query failed!
L 10/14/2011 - 16:08:30: [amxbans.amxx] [Amxbans] Threaded query error, location: 18
L 10/14/2011 - 16:08:30: [amxbans.amxx] [Amxbans] Message: You have an error in your SQL syntax; check the manual that corresponds to your MySQL server version for the right syntax to use near ''amxban' at line 1 (1064)
L 10/14/2011 - 16:08:30: [amxbans.amxx] [Amxbans] Query statement: 
L 10/14/2011 - 16:08:30: [amxbans.amxx] [Amxbans] Query failed!
L 10/14/2011 - 16:08:30: [amxbans.amxx] [Amxbans] Threaded query error, location: 18
L 10/14/2011 - 16:08:30: [amxbans.amxx] [Amxbans] Message: You have an error in your SQL syntax; check the manual that corresponds to your MySQL server version for the right syntax to use near ''amxban' at line 1 (1064)
L 10/14/2011 - 16:08:30: [amxbans.amxx] [Amxbans] Query statement: 
L 10/14/2011 - 16:08:43: [amxbans.amxx] [Amxbans] Query failed!
L 10/14/2011 - 16:08:43: [amxbans.amxx] [Amxbans] Threaded query error, location: 18
L 10/14/2011 - 16:08:43: [amxbans.amxx] [Amxbans] Message: You have an error in your SQL syntax; check the manual that corresponds to your MySQL server version for the right syntax to use near ''amxban' at line 1 (1064)
L 10/14/2011 - 16:08:43: [amxbans.amxx] [Amxbans] Query statement: 
L 10/14/2011 - 16:09:19: [voteban.amxx] Voteban starter Drey against Egorka STEAM_0:0:1439672928
L 10/14/2011 - 16:09:34: [voteban.amxx] [AMXX] BANNED: Egorka, STARTER: Drey
L 10/14/2011 - 16:09:35: [amxbans.amxx]  Зомби сервер (x_x(O_o)x_x) Go Zombie !!!<0><><> banned Egorka<STEAM_0:0:1439672928> for 15 minutes (15 minutes). Reason: VIP->Drey.
L 10/14/2011 - 16:29:22: [amxbans.amxx] [Amxbans] Query failed!
L 10/14/2011 - 16:29:22: [amxbans.amxx] [Amxbans] Threaded query error, location: 18
L 10/14/2011 - 16:29:22: [amxbans.amxx] [Amxbans] Message: You have an error in your SQL syntax; check the manual that corresponds to your MySQL server version for the right syntax to use near ''Bantime e' at line 1 (1064)
L 10/14/2011 - 16:29:22: [amxbans.amxx] [Amxbans] Query statement: 
L 10/14/2011 - 16:40:25: -------- Mapchange to zm_cpl_mill_kamp --------
L 10/14/2011 - 16:40:26: [amxbans.amxx] [AMXBANS] AMXBans 5.0 is online
L 10/14/2011 - 16:41:34: [amxbans.amxx] [Amxbans] Query failed!
L 10/14/2011 - 16:41:34: [amxbans.amxx] [Amxbans] Threaded query error, location: 18
L 10/14/2011 - 16:41:34: [amxbans.amxx] [Amxbans] Message: You have an error in your SQL syntax; check the manual that corresponds to your MySQL server version for the right syntax to use near ''am' at line 1 (1064)
L 10/14/2011 - 16:41:34: [amxbans.amxx] [Amxbans] Query statement: 
L 10/14/2011 - 16:44:54: [admin_amxbans.amxx] Login: "Zloy-Tupoy-Buhoy [Str,RUS]<1922><STEAM_0:4:1044137459><>" became an admin (account "Zloy-Tupoy-Buhoy [Str,RUS]") (access "t") (address "95.105.36.213")
L 10/14/2011 - 16:50:10: [amxbans.amxx] [Amxbans] Query failed!
L 10/14/2011 - 16:50:10: [amxbans.amxx] [Amxbans] Threaded query error, location: 18
L 10/14/2011 - 16:50:10: [amxbans.amxx] [Amxbans] Message: You have an error in your SQL syntax; check the manual that corresponds to your MySQL server version for the right syntax to use near ''am' at line 1 (1064)
L 10/14/2011 - 16:50:10: [amxbans.amxx] [Amxbans] Query statement: 
L 10/14/2011 - 16:56:23: [admin_amxbans.amxx] Login: "Drey<1932><STEAM_0:0:41300771><>" became an admin (account "Drey") (access "t") (address "89.222.180.227")
L 10/14/2011 - 17:00:39: [amxbans.amxx] [Amxbans] Query failed!
L 10/14/2011 - 17:00:39: [amxbans.amxx] [Amxbans] Threaded query error, location: 18
L 10/14/2011 - 17:00:39: [amxbans.amxx] [Amxbans] Message: You have an error in your SQL syntax; check the manual that corresponds to your MySQL server version for the right syntax to use near ''Bantime e' at line 1 (1064)
L 10/14/2011 - 17:00:39: [amxbans.amxx] [Amxbans] Query statement: 
L 10/14/2011 - 17:01:50: [voteban.amxx] Voteban starter Zloy-Tupoy-Buhoy [Str,RUS] against Dragon127 STEAM_0:0:1191535786
L 10/14/2011 - 17:02:06: [voteban.amxx] [AMXX] BANNED: Dragon127, STARTER: Zloy-Tupoy-Buhoy [Str,RUS]
L 10/14/2011 - 17:02:07: [amxbans.amxx]  Зомби сервер (x_x(O_o)x_x) Go Zombie !!!<0><><> banned Dragon127<STEAM_0:0:1191535786> for 15 minutes (15 minutes). Reason: VIP->Zloy-Tupoy-Buhoy [Str,RUS].
L 10/14/2011 - 17:03:05: -------- Mapchange to zm_fdust2x2 --------
L 10/14/2011 - 17:03:06: [admin_amxbans.amxx] Login: "Zloy-Tupoy-Buhoy [Str,RUS]<1922><STEAM_0:4:1044137459><>" became an admin (account "Zloy-Tupoy-Buhoy [Str,RUS]") (access "t") (address "95.105.36.213")
L 10/14/2011 - 17:03:06: [amxbans.amxx] [AMXBANS] AMXBans 5.0 is online
L 10/14/2011 - 17:03:13: [amxbans.amxx] [Amxbans] Query failed!
L 10/14/2011 - 17:03:13: [amxbans.amxx] [Amxbans] Threaded query error, location: 18
L 10/14/2011 - 17:03:13: [amxbans.amxx] [Amxbans] Message: You have an error in your SQL syntax; check the manual that corresponds to your MySQL server version for the right syntax to use near ''Bantime e' at line 1 (1064)
L 10/14/2011 - 17:03:13: [amxbans.amxx] [Amxbans] Query statement: 
L 10/14/2011 - 17:04:38: [admin_amxbans.amxx] Login: "Narkot1k<1943><STEAM_0:0:1229353360><>" became an admin (account "Narkot1k") (access "t") (address "95.220.104.231")
L 10/14/2011 - 17:23:37: -------- Mapchange to zm_caca --------
L 10/14/2011 - 17:23:37: [admin_amxbans.amxx] Login: "Narkot1k<1943><STEAM_0:0:1229353360><>" became an admin (account "Narkot1k") (access "t") (address "95.220.104.231")
L 10/14/2011 - 17:23:37: [admin_amxbans.amxx] Login: "Zloy-Tupoy-Buhoy [Str,RUS]<1922><STEAM_0:4:1044137459><>" became an admin (account "Zloy-Tupoy-Buhoy [Str,RUS]") (access "t") (address "95.105.36.213")
L 10/14/2011 - 17:23:38: [amxbans.amxx] [AMXBANS] AMXBans 5.0 is online
L 10/14/2011 - 17:23:46: [amxbans.amxx] [Amxbans] Query failed!
L 10/14/2011 - 17:23:46: [amxbans.amxx] [Amxbans] Threaded query error, location: 18
L 10/14/2011 - 17:23:46: [amxbans.amxx] [Amxbans] Message: You have an error in your SQL syntax; check the manual that corresponds to your MySQL server version for the right syntax to use near ''Bantime e' at line 1 (1064)
L 10/14/2011 - 17:23:46: [amxbans.amxx] [Amxbans] Query statement: 
L 10/14/2011 - 17:25:13: [admin_amxbans.amxx] Login: "Narkot1k<1943><STEAM_0:0:1229353360><>" became an admin (account "Narkot1k") (access "t") (address "95.220.104.231")
L 10/14/2011 - 17:31:55: [admin_amxbans.amxx] Login: "Zloy-Tupoy-Buhoy [Str,RUS]<1973><STEAM_0:0:1641166687><>" kicked due to invalid password (account "Zloy-Tupoy-Buhoy [Str,RUS]") (address "95.105.36.213")
L 10/14/2011 - 17:35:18: [voteban.amxx] Voteban starter Narkot1k against ~[*Black_TM*]~Dr@kON STEAM_0:4:1292532098
L 10/14/2011 - 17:35:33: [voteban.amxx] [AMXX] BANNED: ~[*Black_TM*]~Dr@kON, STARTER: Narkot1k
L 10/14/2011 - 17:35:34: [amxbans.amxx]  Зомби сервер (x_x(O_o)x_x) Go Zombie !!!<0><><> banned ~[*Black_TM*]~Dr@kON<STEAM_0:4:1292532098> for 15 minutes (15 minutes). Reason: VIP->Narkot1k.
L 10/14/2011 - 17:36:37: [voteban.amxx] Voteban starter Narkot1k against <----ANTON ----> STEAM_0:4:302846449
L 10/14/2011 - 17:36:52: [voteban.amxx] [AMXX] The voteban dit not sucseed.
L 10/14/2011 - 17:37:16: [voteban.amxx] Voteban starter Narkot1k against <----ANTON ----> STEAM_0:4:302846449
L 10/14/2011 - 17:37:31: [voteban.amxx] [AMXX] BANNED: <----ANTON ---->, STARTER: Narkot1k
L 10/14/2011 - 17:37:32: [amxbans.amxx]  Зомби сервер (x_x(O_o)x_x) Go Zombie !!!<0><><> banned <----ANTON ----><STEAM_0:4:302846449> for 15 minutes (15 minutes). Reason: VIP->Narkot1k.
L 10/14/2011 - 17:43:55: [admin_amxbans.amxx] Login: "Zloy-Tupoy-Buhoy [Str,RUS]<1993><STEAM_0:4:1044137459><>" became an admin (account "Zloy-Tupoy-Buhoy [Str,RUS]") (access "t") (address "95.105.36.213")
L 10/14/2011 - 17:45:31: -------- Mapchange to 016 --------
L 10/14/2011 - 17:45:32: [admin_amxbans.amxx] Login: "Narkot1k<1943><STEAM_0:0:1229353360><>" became an admin (account "Narkot1k") (access "t") (address "95.220.104.231")
L 10/14/2011 - 17:45:32: [admin_amxbans.amxx] Login: "Zloy-Tupoy-Buhoy [Str,RUS]<1993><STEAM_0:4:1044137459><>" became an admin (account "Zloy-Tupoy-Buhoy [Str,RUS]") (access "t") (address "95.105.36.213")
L 10/14/2011 - 17:45:33: [amxbans.amxx] [AMXBANS] AMXBans 5.0 is online
L 10/14/2011 - 17:52:14: [amxbans.amxx] [Amxbans] Query failed!
L 10/14/2011 - 17:52:14: [amxbans.amxx] [Amxbans] Threaded query error, location: 18
L 10/14/2011 - 17:52:14: [amxbans.amxx] [Amxbans] Message: You have an error in your SQL syntax; check the manual that corresponds to your MySQL server version for the right syntax to use near ''am' at line 1 (1064)
L 10/14/2011 - 17:52:14: [amxbans.amxx] [Amxbans] Query statement: 
L 10/14/2011 - 17:53:46: [voteban.amxx] Voteban starter Zloy-Tupoy-Buhoy [Str,RUS] against F_R{@}E_R__ STEAM_0:0:2032957364
L 10/14/2011 - 17:54:01: [voteban.amxx] [AMXX] BANNED: F_R{@}E_R__, STARTER: Zloy-Tupoy-Buhoy [Str,RUS]
L 10/14/2011 - 17:54:02: [amxbans.amxx]  Зомби сервер (x_x(O_o)x_x) Go Zombie !!!<0><><> banned F_R{@}E_R__<STEAM_0:0:2032957364> for 15 minutes (15 minutes). Reason: VIP->Zloy-Tupoy-Buhoy [Str,RUS].
L 10/14/2011 - 17:56:05: [voteban.amxx] Voteban starter Zloy-Tupoy-Buhoy [Str,RUS] against ALUKARD STEAM_0:0:352936206
L 10/14/2011 - 17:56:20: [voteban.amxx] [AMXX] BANNED: ALUKARD, STARTER: Zloy-Tupoy-Buhoy [Str,RUS]
L 10/14/2011 - 17:56:21: [amxbans.amxx]  Зомби сервер (x_x(O_o)x_x) Go Zombie !!!<0><><> banned ALUKARD<STEAM_0:0:352936206> for 15 minutes (15 minutes). Reason: VIP->Zloy-Tupoy-Buhoy [Str,RUS].
L 10/14/2011 - 18:08:54: [amxbans.amxx] [Amxbans] Query failed!
L 10/14/2011 - 18:08:54: [amxbans.amxx] [Amxbans] Threaded query error, location: 18
L 10/14/2011 - 18:08:54: [amxbans.amxx] [Amxbans] Message: You have an error in your SQL syntax; check the manual that corresponds to your MySQL server version for the right syntax to use near ''Bantime e' at line 1 (1064)
L 10/14/2011 - 18:08:54: [amxbans.amxx] [Amxbans] Query statement: 
L 10/14/2011 - 18:18:44: -------- Mapchange to zm_decline2k --------
L 10/14/2011 - 18:18:45: [admin_amxbans.amxx] Login: "Zloy-Tupoy-Buhoy [Str,RUS]<1993><STEAM_0:4:1044137459><>" became an admin (account "Zloy-Tupoy-Buhoy [Str,RUS]") (access "t") (address "95.105.36.213")
L 10/14/2011 - 18:18:46: [amxbans.amxx] [AMXBANS] AMXBans 5.0 is online
L 10/14/2011 - 18:18:52: [amxbans.amxx] [Amxbans] Query failed!
L 10/14/2011 - 18:18:52: [amxbans.amxx] [Amxbans] Threaded query error, location: 18
L 10/14/2011 - 18:18:52: [amxbans.amxx] [Amxbans] Message: You have an error in your SQL syntax; check the manual that corresponds to your MySQL server version for the right syntax to use near ''am' at line 1 (1064)
L 10/14/2011 - 18:18:52: [amxbans.amxx] [Amxbans] Query statement: 
L 10/14/2011 - 18:18:53: [amxbans.amxx] [Amxbans] Query failed!
L 10/14/2011 - 18:18:53: [amxbans.amxx] [Amxbans] Threaded query error, location: 18
L 10/14/2011 - 18:18:53: [amxbans.amxx] [Amxbans] Message: You have an error in your SQL syntax; check the manual that corresponds to your MySQL server version for the right syntax to use near ''Bantime e' at line 1 (1064)
L 10/14/2011 - 18:18:53: [amxbans.amxx] [Amxbans] Query statement: 
L 10/14/2011 - 18:27:20: [amxbans.amxx] [Amxbans] Query failed!
L 10/14/2011 - 18:27:20: [amxbans.amxx] [Amxbans] Threaded query error, location: 18
L 10/14/2011 - 18:27:20: [amxbans.amxx] [Amxbans] Message: You have an error in your SQL syntax; check the manual that corresponds to your MySQL server version for the right syntax to use near ''amxban' at line 1 (1064)
L 10/14/2011 - 18:27:20: [amxbans.amxx] [Amxbans] Query statement: 
L 10/14/2011 - 18:41:31: -------- Mapchange to zm_neris --------
L 10/14/2011 - 18:41:32: [admin_amxbans.amxx] Login: "Zloy-Tupoy-Buhoy [Str,RUS]<1993><STEAM_0:4:1044137459><>" became an admin (account "Zloy-Tupoy-Buhoy [Str,RUS]") (access "t") (address "95.105.36.213")
L 10/14/2011 - 18:41:33: [amxbans.amxx] [AMXBANS] AMXBans 5.0 is online
L 10/14/2011 - 18:41:38: [amxbans.amxx] [Amxbans] Query failed!
L 10/14/2011 - 18:41:38: [amxbans.amxx] [Amxbans] Threaded query error, location: 18
L 10/14/2011 - 18:41:38: [amxbans.amxx] [Amxbans] Message: You have an error in your SQL syntax; check the manual that corresponds to your MySQL server version for the right syntax to use near ''am' at line 1 (1064)
L 10/14/2011 - 18:41:38: [amxbans.amxx] [Amxbans] Query statement: 
L 10/14/2011 - 18:41:39: [amxbans.amxx] [Amxbans] Query failed!
L 10/14/2011 - 18:41:39: [amxbans.amxx] [Amxbans] Threaded query error, location: 18
L 10/14/2011 - 18:41:39: [amxbans.amxx] [Amxbans] Message: You have an error in your SQL syntax; check the manual that corresponds to your MySQL server version for the right syntax to use near ''amxban' at line 1 (1064)
L 10/14/2011 - 18:41:39: [amxbans.amxx] [Amxbans] Query statement: 
L 10/14/2011 - 18:54:42: [voteban.amxx] Voteban starter Zloy-Tupoy-Buhoy [Str,RUS] against tEmzz :)) STEAM_0:0:287945496
L 10/14/2011 - 18:54:57: [voteban.amxx] [AMXX] BANNED: tEmzz :)), STARTER: Zloy-Tupoy-Buhoy [Str,RUS]
L 10/14/2011 - 18:54:59: [amxbans.amxx]  Зомби сервер (x_x(O_o)x_x) Go Zombie !!!<0><><> banned tEmzz :))<STEAM_0:0:287945496> for 15 minutes (15 minutes). Reason: VIP->Zloy-Tupoy-Buhoy [Str,RUS].
L 10/14/2011 - 19:04:22: -------- Mapchange to zm_deadly_assault --------
L 10/14/2011 - 19:04:23: [amxbans.amxx] [AMXBANS] AMXBans 5.0 is online
L 10/14/2011 - 19:04:30: [amxbans.amxx] [Amxbans] Query failed!
L 10/14/2011 - 19:04:30: [amxbans.amxx] [Amxbans] Threaded query error, location: 18
L 10/14/2011 - 19:04:30: [amxbans.amxx] [Amxbans] Message: You have an error in your SQL syntax; check the manual that corresponds to your MySQL server version for the right syntax to use near ''amxban' at line 1 (1064)
L 10/14/2011 - 19:04:30: [amxbans.amxx] [Amxbans] Query statement: 
L 10/14/2011 - 19:07:10: [amxbans.amxx] [Amxbans] Query failed!
L 10/14/2011 - 19:07:10: [amxbans.amxx] [Amxbans] Threaded query error, location: 18
L 10/14/2011 - 19:07:10: [amxbans.amxx] [Amxbans] Message: You have an error in your SQL syntax; check the manual that corresponds to your MySQL server version for the right syntax to use near ''am' at line 1 (1064)
L 10/14/2011 - 19:07:10: [amxbans.amxx] [Amxbans] Query statement: 
L 10/14/2011 - 19:07:18: [amxbans.amxx] [Amxbans] Query failed!
L 10/14/2011 - 19:07:18: [amxbans.amxx] [Amxbans] Threaded query error, location: 18
L 10/14/2011 - 19:07:18: [amxbans.amxx] [Amxbans] Message: You have an error in your SQL syntax; check the manual that corresponds to your MySQL server version for the right syntax to use near ''am' at line 1 (1064)
L 10/14/2011 - 19:07:18: [amxbans.amxx] [Amxbans] Query statement: 
L 10/14/2011 - 19:17:07: [amxbans.amxx] [Amxbans] Query failed!
L 10/14/2011 - 19:17:07: [amxbans.amxx] [Amxbans] Threaded query error, location: 18
L 10/14/2011 - 19:17:07: [amxbans.amxx] [Amxbans] Message: You have an error in your SQL syntax; check the manual that corresponds to your MySQL server version for the right syntax to use near ''am' at line 1 (1064)
L 10/14/2011 - 19:17:07: [amxbans.amxx] [Amxbans] Query statement: 
L 10/14/2011 - 19:17:37: [amxbans.amxx] [Amxbans] Query failed!
L 10/14/2011 - 19:17:37: [amxbans.amxx] [Amxbans] Threaded query error, location: 18
L 10/14/2011 - 19:17:37: [amxbans.amxx] [Amxbans] Message: You have an error in your SQL syntax; check the manual that corresponds to your MySQL server version for the right syntax to use near ''am' at line 1 (1064)
L 10/14/2011 - 19:17:37: [amxbans.amxx] [Amxbans] Query statement: 
L 10/14/2011 - 19:24:38: -------- Mapchange to zm_303 --------
L 10/14/2011 - 19:24:39: [amxbans.amxx] [AMXBANS] AMXBans 5.0 is online
L 10/14/2011 - 19:24:45: [amxbans.amxx] [Amxbans] Query failed!
L 10/14/2011 - 19:24:45: [amxbans.amxx] [Amxbans] Threaded query error, location: 18
L 10/14/2011 - 19:24:45: [amxbans.amxx] [Amxbans] Message: You have an error in your SQL syntax; check the manual that corresponds to your MySQL server version for the right syntax to use near ''am' at line 1 (1064)
L 10/14/2011 - 19:24:45: [amxbans.amxx] [Amxbans] Query statement: 
L 10/14/2011 - 19:24:46: [amxbans.amxx] [Amxbans] Query failed!
L 10/14/2011 - 19:24:46: [amxbans.amxx] [Amxbans] Threaded query error, location: 18
L 10/14/2011 - 19:24:46: [amxbans.amxx] [Amxbans] Message: You have an error in your SQL syntax; check the manual that corresponds to your MySQL server version for the right syntax to use near ''amxban' at line 1 (1064)
L 10/14/2011 - 19:24:46: [amxbans.amxx] [Amxbans] Query statement: 
L 10/14/2011 - 19:32:19: [amxbans.amxx] [Amxbans] Query failed!
L 10/14/2011 - 19:32:19: [amxbans.amxx] [Amxbans] Threaded query error, location: 18
L 10/14/2011 - 19:32:19: [amxbans.amxx] [Amxbans] Message: You have an error in your SQL syntax; check the manual that corresponds to your MySQL server version for the right syntax to use near ''am' at line 1 (1064)
L 10/14/2011 - 19:32:19: [amxbans.amxx] [Amxbans] Query statement: 
L 10/14/2011 - 19:36:50: [admin_amxbans.amxx] Login: "|228| 6yJIb6aIII<2186><STEAM_0:0:1292803525><>" became an admin (account "|228| 6yJIb6aIII") (access "t") (address "178.123.93.0")
L 10/14/2011 - 19:47:32: -------- Mapchange to ze_lift_escape_b5 --------
L 10/14/2011 - 19:47:33: [admin_amxbans.amxx] Login: "|228| 6yJIb6aIII<2186><STEAM_0:0:1292803525><>" became an admin (account "|228| 6yJIb6aIII") (access "t") (address "178.123.93.0")
L 10/14/2011 - 19:47:34: [amxbans.amxx] [AMXBANS] AMXBans 5.0 is online
L 10/14/2011 - 19:47:39: [amxbans.amxx] [Amxbans] Query failed!
L 10/14/2011 - 19:47:39: [amxbans.amxx] [Amxbans] Threaded query error, location: 18
L 10/14/2011 - 19:47:39: [amxbans.amxx] [Amxbans] Message: You have an error in your SQL syntax; check the manual that corresponds to your MySQL server version for the right syntax to use near ''am' at line 1 (1064)
L 10/14/2011 - 19:47:39: [amxbans.amxx] [Amxbans] Query statement: 
L 10/14/2011 - 19:49:22: [amxbans.amxx] [Amxbans] Query failed!
L 10/14/2011 - 19:49:22: [amxbans.amxx] [Amxbans] Threaded query error, location: 18
L 10/14/2011 - 19:49:22: [amxbans.amxx] [Amxbans] Message: You have an error in your SQL syntax; check the manual that corresponds to your MySQL server version for the right syntax to use near ''amxban' at line 1 (1064)
L 10/14/2011 - 19:49:22: [amxbans.amxx] [Amxbans] Query statement: 
L 10/14/2011 - 19:52:07: [voteban.amxx] Voteban starter |228| 6yJIb6aIII against [o]DuzyLysyOrk STEAM_0:0:27307337
L 10/14/2011 - 19:52:22: [voteban.amxx] [AMXX] BANNED: [o]DuzyLysyOrk, STARTER: |228| 6yJIb6aIII
L 10/14/2011 - 19:52:23: [amxbans.amxx]  Зомби сервер (x_x(O_o)x_x) Go Zombie !!!<0><><> banned [o]DuzyLysyOrk<STEAM_0:0:27307337> for 15 minutes (15 minutes). Reason: VIP->|228| 6yJIb6aIII.
L 10/14/2011 - 19:59:16: [admin_amxbans.amxx] Login: "|228| 6yJIb6aIII<2210><STEAM_0:0:1292803525><>" became an admin (account "|228| 6yJIb6aIII") (access "t") (address "178.123.93.0")
L 10/14/2011 - 20:03:12: [amxbans.amxx] [Amxbans] Query failed!
L 10/14/2011 - 20:03:12: [amxbans.amxx] [Amxbans] Threaded query error, location: 18
L 10/14/2011 - 20:03:12: [amxbans.amxx] [Amxbans] Message: You have an error in your SQL syntax; check the manual that corresponds to your MySQL server version for the right syntax to use near ''am' at line 1 (1064)
L 10/14/2011 - 20:03:12: [amxbans.amxx] [Amxbans] Query statement: 
L 10/14/2011 - 20:05:55: -------- Mapchange to ze_egypt --------
L 10/14/2011 - 20:05:56: [admin_amxbans.amxx] Login: "|228| 6yJIb6aIII<2210><STEAM_0:0:1292803525><>" became an admin (account "|228| 6yJIb6aIII") (access "t") (address "178.123.93.0")
L 10/14/2011 - 20:05:56: [amxbans.amxx] [AMXBANS] AMXBans 5.0 is online
L 10/14/2011 - 20:05:59: [admin_amxbans.amxx] Login: "|228| 6yJIb6aIII<2225><STEAM_0:0:1292803525><>" became an admin (account "|228| 6yJIb6aIII") (access "t") (address "178.123.93.0")
L 10/14/2011 - 20:06:02: [amxbans.amxx] [Amxbans] Query failed!
L 10/14/2011 - 20:06:02: [amxbans.amxx] [Amxbans] Threaded query error, location: 18
L 10/14/2011 - 20:06:02: [amxbans.amxx] [Amxbans] Message: You have an error in your SQL syntax; check the manual that corresponds to your MySQL server version for the right syntax to use near ''amxban' at line 1 (1064)
L 10/14/2011 - 20:06:02: [amxbans.amxx] [Amxbans] Query statement: 
L 10/14/2011 - 20:06:05: [amxbans.amxx] [Amxbans] Query failed!
L 10/14/2011 - 20:06:05: [amxbans.amxx] [Amxbans] Threaded query error, location: 18
L 10/14/2011 - 20:06:05: [amxbans.amxx] [Amxbans] Message: You have an error in your SQL syntax; check the manual that corresponds to your MySQL server version for the right syntax to use near ''amxban' at line 1 (1064)
L 10/14/2011 - 20:06:05: [amxbans.amxx] [Amxbans] Query statement: 
L 10/14/2011 - 20:11:14: [amxbans.amxx] [Amxbans] Query failed!
L 10/14/2011 - 20:11:14: [amxbans.amxx] [Amxbans] Threaded query error, location: 18
L 10/14/2011 - 20:11:14: [amxbans.amxx] [Amxbans] Message: You have an error in your SQL syntax; check the manual that corresponds to your MySQL server version for the right syntax to use near ''Bantime e' at line 1 (1064)
L 10/14/2011 - 20:11:14: [amxbans.amxx] [Amxbans] Query statement: 
L 10/14/2011 - 20:11:17: [amxbans.amxx] [Amxbans] Query failed!
L 10/14/2011 - 20:11:17: [amxbans.amxx] [Amxbans] Threaded query error, location: 18
L 10/14/2011 - 20:11:17: [amxbans.amxx] [Amxbans] Message: You have an error in your SQL syntax; check the manual that corresponds to your MySQL server version for the right syntax to use near ''Bantime e' at line 1 (1064)
L 10/14/2011 - 20:11:17: [amxbans.amxx] [Amxbans] Query statement: 
L 10/14/2011 - 20:18:18: [amxbans.amxx] [Amxbans] Query failed!
L 10/14/2011 - 20:18:18: [amxbans.amxx] [Amxbans] Threaded query error, location: 18
L 10/14/2011 - 20:18:18: [amxbans.amxx] [Amxbans] Message: You have an error in your SQL syntax; check the manual that corresponds to your MySQL server version for the right syntax to use near ''Bantime e' at line 1 (1064)
L 10/14/2011 - 20:18:18: [amxbans.amxx] [Amxbans] Query statement: 
L 10/14/2011 - 20:18:38: [amxbans.amxx] [Amxbans] Query failed!
L 10/14/2011 - 20:18:38: [amxbans.amxx] [Amxbans] Threaded query error, location: 18
L 10/14/2011 - 20:18:38: [amxbans.amxx] [Amxbans] Message: You have an error in your SQL syntax; check the manual that corresponds to your MySQL server version for the right syntax to use near ''Bantime e' at line 1 (1064)
L 10/14/2011 - 20:18:38: [amxbans.amxx] [Amxbans] Query statement: 
L 10/14/2011 - 20:22:32: -------- Mapchange to zm_alfresco_v2 --------
L 10/14/2011 - 20:22:32: [admin_amxbans.amxx] Login: "|228| 6yJIb6aIII<2225><STEAM_0:0:1292803525><>" became an admin (account "|228| 6yJIb6aIII") (access "t") (address "178.123.93.0")
L 10/14/2011 - 20:22:33: [amxbans.amxx] [AMXBANS] AMXBans 5.0 is online
L 10/14/2011 - 20:22:39: [amxbans.amxx] [Amxbans] Query failed!
L 10/14/2011 - 20:22:39: [amxbans.amxx] [Amxbans] Threaded query error, location: 18
L 10/14/2011 - 20:22:39: [amxbans.amxx] [Amxbans] Message: You have an error in your SQL syntax; check the manual that corresponds to your MySQL server version for the right syntax to use near ''Bantime e' at line 1 (1064)
L 10/14/2011 - 20:22:39: [amxbans.amxx] [Amxbans] Query statement: 
L 10/14/2011 - 20:29:51: [amxbans.amxx] [Amxbans] Query failed!
L 10/14/2011 - 20:29:51: [amxbans.amxx] [Amxbans] Threaded query error, location: 18
L 10/14/2011 - 20:29:51: [amxbans.amxx] [Amxbans] Message: You have an error in your SQL syntax; check the manual that corresponds to your MySQL server version for the right syntax to use near ''Bantime e' at line 1 (1064)
L 10/14/2011 - 20:29:51: [amxbans.amxx] [Amxbans] Query statement: 
L 10/14/2011 - 20:32:46: [amxbans.amxx] [Amxbans] Query failed!
L 10/14/2011 - 20:32:46: [amxbans.amxx] [Amxbans] Threaded query error, location: 18
L 10/14/2011 - 20:32:46: [amxbans.amxx] [Amxbans] Message: You have an error in your SQL syntax; check the manual that corresponds to your MySQL server version for the right syntax to use near ''Bantime e' at line 1 (1064)
L 10/14/2011 - 20:32:46: [amxbans.amxx] [Amxbans] Query statement: 
L 10/14/2011 - 20:43:15: [amxbans.amxx] [Amxbans] Query failed!
L 10/14/2011 - 20:43:15: [amxbans.amxx] [Amxbans] Threaded query error, location: 18
L 10/14/2011 - 20:43:15: [amxbans.amxx] [Amxbans] Message: You have an error in your SQL syntax; check the manual that corresponds to your MySQL server version for the right syntax to use near ''Bantime e' at line 1 (1064)
L 10/14/2011 - 20:43:15: [amxbans.amxx] [Amxbans] Query statement: 
L 10/14/2011 - 20:43:44: -------- Mapchange to zm_666_brick --------
L 10/14/2011 - 20:43:45: [admin_amxbans.amxx] Login: "|228| 6yJIb6aIII<2225><STEAM_0:0:1292803525><>" became an admin (account "|228| 6yJIb6aIII") (access "t") (address "178.123.93.0")
L 10/14/2011 - 20:43:46: [amxbans.amxx] [AMXBANS] AMXBans 5.0 is online
L 10/14/2011 - 20:43:52: [amxbans.amxx] [Amxbans] Query failed!
L 10/14/2011 - 20:43:52: [amxbans.amxx] [Amxbans] Threaded query error, location: 18
L 10/14/2011 - 20:43:52: [amxbans.amxx] [Amxbans] Message: You have an error in your SQL syntax; check the manual that corresponds to your MySQL server version for the right syntax to use near ''Bantime e' at line 1 (1064)
L 10/14/2011 - 20:43:52: [amxbans.amxx] [Amxbans] Query statement: 
L 10/14/2011 - 20:43:52: [amxbans.amxx] [Amxbans] Query failed!
L 10/14/2011 - 20:43:52: [amxbans.amxx] [Amxbans] Threaded query error, location: 18
L 10/14/2011 - 20:43:52: [amxbans.amxx] [Amxbans] Message: You have an error in your SQL syntax; check the manual that corresponds to your MySQL server version for the right syntax to use near ''Bantime e' at line 1 (1064)
L 10/14/2011 - 20:43:52: [amxbans.amxx] [Amxbans] Query statement: 
L 10/14/2011 - 21:05:03: [admin_amxbans.amxx] Login: "Narkot1k<2327><STEAM_0:0:1229353360><>" became an admin (account "Narkot1k") (access "t") (address "95.220.104.231")
L 10/14/2011 - 21:12:58: [admin_amxbans.amxx] Login: "|228| 6yJIb6aIII<2333><STEAM_0:0:1292803525><>" became an admin (account "|228| 6yJIb6aIII") (access "t") (address "178.123.93.0")
L 10/14/2011 - 21:16:11: -------- Mapchange to zm_dust_brick_b1_fx --------
L 10/14/2011 - 21:16:12: [admin_amxbans.amxx] Login: "Narkot1k<2327><STEAM_0:0:1229353360><>" became an admin (account "Narkot1k") (access "t") (address "95.220.104.231")
L 10/14/2011 - 21:16:12: [admin_amxbans.amxx] Login: "|228| 6yJIb6aIII<2333><STEAM_0:0:1292803525><>" became an admin (account "|228| 6yJIb6aIII") (access "t") (address "178.123.93.0")
L 10/14/2011 - 21:16:12: [admin_amxbans.amxx] Login: "Narkot1k<2337><STEAM_0:0:1229353360><>" became an admin (account "Narkot1k") (access "t") (address "95.220.104.231")
L 10/14/2011 - 21:16:13: [amxbans.amxx] [AMXBANS] AMXBans 5.0 is online
L 10/14/2011 - 21:16:20: [amxbans.amxx] [Amxbans] Query failed!
L 10/14/2011 - 21:16:20: [amxbans.amxx] [Amxbans] Threaded query error, location: 18
L 10/14/2011 - 21:16:20: [amxbans.amxx] [Amxbans] Message: You have an error in your SQL syntax; check the manual that corresponds to your MySQL server version for the right syntax to use near ''Bantime e' at line 1 (1064)
L 10/14/2011 - 21:16:20: [amxbans.amxx] [Amxbans] Query statement: 
L 10/14/2011 - 21:16:20: [amxbans.amxx] [Amxbans] Query failed!
L 10/14/2011 - 21:16:20: [amxbans.amxx] [Amxbans] Threaded query error, location: 18
L 10/14/2011 - 21:16:20: [amxbans.amxx] [Amxbans] Message: You have an error in your SQL syntax; check the manual that corresponds to your MySQL server version for the right syntax to use near ''Bantime e' at line 1 (1064)
L 10/14/2011 - 21:16:20: [amxbans.amxx] [Amxbans] Query statement: 
L 10/14/2011 - 21:32:39: [amxbans.amxx] [Amxbans] Query failed!
L 10/14/2011 - 21:32:39: [amxbans.amxx] [Amxbans] Threaded query error, location: 18
L 10/14/2011 - 21:32:39: [amxbans.amxx] [Amxbans] Message: You have an error in your SQL syntax; check the manual that corresponds to your MySQL server version for the right syntax to use near ''amxban' at line 1 (1064)
L 10/14/2011 - 21:32:39: [amxbans.amxx] [Amxbans] Query statement: 
L 10/14/2011 - 21:34:46: [admin_amxbans.amxx] Login: "Den1s<2375><STEAM_0:0:889229784><>" became an admin (account "91.192.190.142") (access "abcdefghijklmnopstu") (address "91.192.190.142")
L 10/14/2011 - 21:34:49: [admin_amxbans.amxx] Login: "Den1s<2376><STEAM_0:0:889229784><>" became an admin (account "91.192.190.142") (access "abcdefghijklmnopstu") (address "91.192.190.142")
L 10/14/2011 - 21:39:20: -------- Mapchange to zm_fdust2x2 --------
L 10/14/2011 - 21:39:20: [admin_amxbans.amxx] Login: "Narkot1k<2337><STEAM_0:0:1229353360><>" became an admin (account "Narkot1k") (access "t") (address "95.220.104.231")
L 10/14/2011 - 21:39:20: [admin_amxbans.amxx] Login: "Den1s<2376><STEAM_0:0:889229784><>" became an admin (account "91.192.190.142") (access "abcdefghijklmnopstu") (address "91.192.190.142")
L 10/14/2011 - 21:39:21: [amxbans.amxx] [AMXBANS] AMXBans 5.0 is online
L 10/14/2011 - 21:39:27: [amxbans.amxx] [Amxbans] Query failed!
L 10/14/2011 - 21:39:27: [amxbans.amxx] [Amxbans] Threaded query error, location: 18
L 10/14/2011 - 21:39:27: [amxbans.amxx] [Amxbans] Message: You have an error in your SQL syntax; check the manual that corresponds to your MySQL server version for the right syntax to use near ''Bantime e' at line 1 (1064)
L 10/14/2011 - 21:39:27: [amxbans.amxx] [Amxbans] Query statement: 
L 10/14/2011 - 21:39:27: [amxbans.amxx] [Amxbans] Query failed!
L 10/14/2011 - 21:39:27: [amxbans.amxx] [Amxbans] Threaded query error, location: 18
L 10/14/2011 - 21:39:27: [amxbans.amxx] [Amxbans] Message: You have an error in your SQL syntax; check the manual that corresponds to your MySQL server version for the right syntax to use near ''amxban' at line 1 (1064)
L 10/14/2011 - 21:39:27: [amxbans.amxx] [Amxbans] Query statement: 
L 10/14/2011 - 21:59:53: -------- Mapchange to zm_cpl_mill_kamp --------
L 10/14/2011 - 21:59:54: [admin_amxbans.amxx] Login: "Den1s<2376><STEAM_0:0:889229784><>" became an admin (account "91.192.190.142") (access "abcdefghijklmnopqstu") (address "91.192.190.142")
L 10/14/2011 - 21:59:54: [admin_amxbans.amxx] Login: "Narkot1k<2337><STEAM_0:0:1229353360><>" became an admin (account "Narkot1k") (access "t") (address "95.220.104.231")
L 10/14/2011 - 21:59:55: [amxbans.amxx] [AMXBANS] AMXBans 5.0 is online
L 10/14/2011 - 22:00:00: [amxbans.amxx] [Amxbans] Query failed!
L 10/14/2011 - 22:00:00: [amxbans.amxx] [Amxbans] Threaded query error, location: 18
L 10/14/2011 - 22:00:00: [amxbans.amxx] [Amxbans] Message: You have an error in your SQL syntax; check the manual that corresponds to your MySQL server version for the right syntax to use near ''Bantime e' at line 1 (1064)
L 10/14/2011 - 22:00:00: [amxbans.amxx] [Amxbans] Query statement: 
L 10/14/2011 - 22:02:33: [admin_amxbans.amxx] Login: "Lenusjka<2406><STEAM_0:4:1429483121><>" became an admin (account "Lenusjka") (access "eqt") (address "91.190.52.3")
L 10/14/2011 - 22:07:49: [admin_amxbans.amxx] Login: "Den1s<2415><STEAM_0:0:889229784><>" became an admin (account "91.192.190.142") (access "abcdefghijklmnopqstu") (address "91.192.190.142")
L 10/14/2011 - 22:13:07: [admin_amxbans.amxx] Login: "Alecquant<2419><STEAM_0:4:565250032><>" became an admin (account "Alecquant") (access "t") (address "89.237.62.234")
L 10/14/2011 - 22:22:31: -------- Mapchange to 016 --------
L 10/14/2011 - 22:22:31: [admin_amxbans.amxx] Login: "Den1s<2415><STEAM_0:0:889229784><>" became an admin (account "91.192.190.142") (access "abcdefghijklmnopqstu") (address "91.192.190.142")
L 10/14/2011 - 22:22:31: [admin_amxbans.amxx] Login: "Alecquant<2419><STEAM_0:4:565250032><>" became an admin (account "Alecquant") (access "t") (address "89.237.62.234")
L 10/14/2011 - 22:22:31: [admin_amxbans.amxx] Login: "Lenusjka<2406><STEAM_0:4:1429483121><>" became an admin (account "Lenusjka") (access "eqt") (address "91.190.52.3")
L 10/14/2011 - 22:22:32: [amxbans.amxx] [AMXBANS] AMXBans 5.0 is online
L 10/14/2011 - 22:22:37: [amxbans.amxx] [Amxbans] Query failed!
L 10/14/2011 - 22:22:37: [amxbans.amxx] [Amxbans] Threaded query error, location: 18
L 10/14/2011 - 22:22:37: [amxbans.amxx] [Amxbans] Message: You have an error in your SQL syntax; check the manual that corresponds to your MySQL server version for the right syntax to use near ''Bantime e' at line 1 (1064)
L 10/14/2011 - 22:22:37: [amxbans.amxx] [Amxbans] Query statement: 
L 10/14/2011 - 22:23:54: [amxbans.amxx] [Amxbans] Query failed!
L 10/14/2011 - 22:23:54: [amxbans.amxx] [Amxbans] Threaded query error, location: 18
L 10/14/2011 - 22:23:54: [amxbans.amxx] [Amxbans] Message: You have an error in your SQL syntax; check the manual that corresponds to your MySQL server version for the right syntax to use near ''amxban' at line 1 (1064)
L 10/14/2011 - 22:23:54: [amxbans.amxx] [Amxbans] Query statement: 
L 10/14/2011 - 22:34:59: [admincmd.amxx] Cmd: "Den1s<2415><STEAM_0:0:889229784><>" ask for players list
L 10/14/2011 - 22:38:20: [voteban.amxx] Voteban starter Lenusjka against Fill STEAM_0:0:1302043691
L 10/14/2011 - 22:38:35: [voteban.amxx] [AMXX] BANNED: Fill, STARTER: Lenusjka
L 10/14/2011 - 22:38:36: [amxbans.amxx]  Зомби сервер (x_x(O_o)x_x) Go Zombie !!!<0><><> banned Fill<STEAM_0:0:1302043691> for 15 minutes (15 minutes). Reason: VIP->Lenusjka.
L 10/14/2011 - 22:38:38: [amxbans.amxx] [Amxbans] Query failed!
L 10/14/2011 - 22:38:38: [amxbans.amxx] [Amxbans] Threaded query error, location: 18
L 10/14/2011 - 22:38:38: [amxbans.amxx] [Amxbans] Message: You have an error in your SQL syntax; check the manual that corresponds to your MySQL server version for the right syntax to use near ''amxban' at line 1 (1064)
L 10/14/2011 - 22:38:38: [amxbans.amxx] [Amxbans] Query statement: 
L 10/14/2011 - 22:55:22: -------- Mapchange to zm_303 --------
L 10/14/2011 - 22:55:23: [admin_amxbans.amxx] Login: "Den1s<2415><STEAM_0:0:889229784><>" became an admin (account "91.192.190.142") (access "abcdefghijklmnopqstu") (address "91.192.190.142")
L 10/14/2011 - 22:55:23: [admin_amxbans.amxx] Login: "Lenusjka<2406><STEAM_0:4:1429483121><>" became an admin (account "Lenusjka") (access "eqt") (address "91.190.52.3")
L 10/14/2011 - 22:55:23: [admin_amxbans.amxx] Login: "Alecquant<2419><STEAM_0:4:565250032><>" became an admin (account "Alecquant") (access "t") (address "89.237.62.234")
L 10/14/2011 - 22:55:24: [amxbans.amxx] [AMXBANS] AMXBans 5.0 is online
L 10/14/2011 - 22:55:30: [amxbans.amxx] [Amxbans] Query failed!
L 10/14/2011 - 22:55:30: [amxbans.amxx] [Amxbans] Threaded query error, location: 18
L 10/14/2011 - 22:55:30: [amxbans.amxx] [Amxbans] Message: You have an error in your SQL syntax; check the manual that corresponds to your MySQL server version for the right syntax to use near ''Bantime e' at line 1 (1064)
L 10/14/2011 - 22:55:30: [amxbans.amxx] [Amxbans] Query statement: 
L 10/14/2011 - 22:55:30: [amxbans.amxx] [Amxbans] Query failed!
L 10/14/2011 - 22:55:30: [amxbans.amxx] [Amxbans] Threaded query error, location: 18
L 10/14/2011 - 22:55:30: [amxbans.amxx] [Amxbans] Message: You have an error in your SQL syntax; check the manual that corresponds to your MySQL server version for the right syntax to use near ''amxban' at line 1 (1064)
L 10/14/2011 - 22:55:30: [amxbans.amxx] [Amxbans] Query statement: 
L 10/14/2011 - 22:55:30: [amxbans.amxx] [Amxbans] Query failed!
L 10/14/2011 - 22:55:30: [amxbans.amxx] [Amxbans] Threaded query error, location: 18
L 10/14/2011 - 22:55:30: [amxbans.amxx] [Amxbans] Message: You have an error in your SQL syntax; check the manual that corresponds to your MySQL server version for the right syntax to use near ''amxban' at line 1 (1064)
L 10/14/2011 - 22:55:30: [amxbans.amxx] [Amxbans] Query statement: 
L 10/14/2011 - 23:15:35: [admin_amxbans.amxx] Login: "Den1s<2464><STEAM_0:0:889229784><>" became an admin (account "91.192.190.142") (access "abcdefghijklmnopqstu") (address "91.192.190.142")
L 10/14/2011 - 23:16:53: -------- Mapchange to ze_lift_escape_b5 --------
L 10/14/2011 - 23:16:54: [admin_amxbans.amxx] Login: "Alecquant<2419><STEAM_0:4:565250032><>" became an admin (account "Alecquant") (access "t") (address "89.237.62.234")
L 10/14/2011 - 23:16:55: [amxbans.amxx] [AMXBANS] AMXBans 5.0 is online
L 10/14/2011 - 23:16:58: [amxbans.amxx] [Amxbans] Query failed!
L 10/14/2011 - 23:16:58: [amxbans.amxx] [Amxbans] Threaded query error, location: 18
L 10/14/2011 - 23:16:58: [amxbans.amxx] [Amxbans] Message: You have an error in your SQL syntax; check the manual that corresponds to your MySQL server version for the right syntax to use near ''Bantime e' at line 1 (1064)
L 10/14/2011 - 23:16:58: [amxbans.amxx] [Amxbans] Query statement: 
L 10/14/2011 - 23:33:24: -------- Mapchange to ze_egypt --------
L 10/14/2011 - 23:33:25: [admin_amxbans.amxx] Login: "Alecquant<2419><STEAM_0:4:565250032><>" became an admin (account "Alecquant") (access "t") (address "89.237.62.234")
L 10/14/2011 - 23:33:26: [amxbans.amxx] [AMXBANS] AMXBans 5.0 is online
L 10/14/2011 - 23:33:29: [admin_amxbans.amxx] Login: "Alecquant<2482><STEAM_0:4:565250032><>" became an admin (account "Alecquant") (access "t") (address "89.237.62.234")
L 10/14/2011 - 23:48:59: -------- Mapchange to ze_jurassicpark --------
L 10/14/2011 - 23:49:01: [amxbans.amxx] [AMXBANS] AMXBans 5.0 is online
L 10/14/2011 - 23:49:57: [admin_amxbans.amxx] Login: "~dark_light<2495><STEAM_0:0:743756224><>" became an admin (account "~dark_light") (access "t") (address "178.120.112.77")
L 10/14/2011 - 23:55:04: [admin_amxbans.amxx] Login: "Lenusjka<2497><STEAM_0:4:1429483121><>" became an admin (account "Lenusjka") (access "eqt") (address "91.190.52.3")
