L 10/06/2011 - 00:02:39: -------- Mapchange to zm_caca --------
L 10/06/2011 - 00:02:41: [amxbans.amxx] [AMXBANS] AMXBans 5.0 is online
L 10/06/2011 - 00:23:14: -------- Mapchange to zm_303 --------
L 10/06/2011 - 00:23:16: [amxbans.amxx] [AMXBANS] AMXBans 5.0 is online
L 10/06/2011 - 00:43:41: -------- Mapchange to zm_alfresco_v2 --------
L 10/06/2011 - 00:43:43: [amxbans.amxx] [AMXBANS] AMXBans 5.0 is online
L 10/06/2011 - 01:04:37: -------- Mapchange to zm_fdust2x2 --------
L 10/06/2011 - 01:04:38: [amxbans.amxx] [AMXBANS] AMXBans 5.0 is online
L 10/06/2011 - 01:25:50: -------- Mapchange to ze_train_back_lg --------
L 10/06/2011 - 01:25:52: [amxbans.amxx] [AMXBANS] AMXBans 5.0 is online
L 10/06/2011 - 01:42:29: -------- Mapchange to zm_zbek --------
L 10/06/2011 - 01:42:31: [amxbans.amxx] [AMXBANS] AMXBans 5.0 is online
L 10/06/2011 - 02:14:51: -------- Mapchange to zm_neris --------
L 10/06/2011 - 02:14:52: [amxbans.amxx] [AMXBANS] AMXBans 5.0 is online
L 10/06/2011 - 02:32:57: -------- Mapchange to ze_egypt --------
L 10/06/2011 - 02:32:59: [amxbans.amxx] [AMXBANS] AMXBans 5.0 is online
L 10/06/2011 - 02:46:04: -------- Mapchange to cs_militia --------
L 10/06/2011 - 02:46:09: [amxbans.amxx] [AMXBANS] AMXBans 5.0 is online
L 10/06/2011 - 02:56:12: -------- Mapchange to cs_estate --------
L 10/06/2011 - 02:56:14: [amxbans.amxx] [AMXBANS] AMXBans 5.0 is online
L 10/06/2011 - 03:06:08: -------- Mapchange to cs_estate --------
L 10/06/2011 - 03:06:10: [amxbans.amxx] [AMXBANS] AMXBans 5.0 is online
L 10/06/2011 - 03:16:04: -------- Mapchange to cs_estate --------
L 10/06/2011 - 03:16:06: [amxbans.amxx] [AMXBANS] AMXBans 5.0 is online
L 10/06/2011 - 03:26:29: -------- Mapchange to cs_estate --------
L 10/06/2011 - 03:26:32: [amxbans.amxx] [AMXBANS] AMXBans 5.0 is online
L 10/06/2011 - 03:36:25: -------- Mapchange to cs_estate --------
L 10/06/2011 - 03:36:28: [amxbans.amxx] [AMXBANS] AMXBans 5.0 is online
L 10/06/2011 - 03:46:21: -------- Mapchange to cs_estate --------
L 10/06/2011 - 03:46:24: [amxbans.amxx] [AMXBANS] AMXBans 5.0 is online
L 10/06/2011 - 04:03:59: -------- Mapchange to cs_estate --------
L 10/06/2011 - 04:04:02: [amxbans.amxx] [AMXBANS] AMXBans 5.0 is online
L 10/06/2011 - 04:16:10: -------- Mapchange to cs_estate --------
L 10/06/2011 - 04:16:13: [amxbans.amxx] [AMXBANS] AMXBans 5.0 is online
L 10/06/2011 - 04:31:51: -------- Mapchange to cs_estate --------
L 10/06/2011 - 04:31:54: [amxbans.amxx] [AMXBANS] AMXBans 5.0 is online
L 10/06/2011 - 04:41:47: -------- Mapchange to cs_estate --------
L 10/06/2011 - 04:41:50: [amxbans.amxx] [AMXBANS] AMXBans 5.0 is online
L 10/06/2011 - 04:51:43: -------- Mapchange to cs_estate --------
L 10/06/2011 - 04:51:46: [amxbans.amxx] [AMXBANS] AMXBans 5.0 is online
L 10/06/2011 - 05:01:39: -------- Mapchange to cs_estate --------
L 10/06/2011 - 05:01:42: [amxbans.amxx] [AMXBANS] AMXBans 5.0 is online
L 10/06/2011 - 05:11:35: -------- Mapchange to cs_estate --------
L 10/06/2011 - 05:11:38: [amxbans.amxx] [AMXBANS] AMXBans 5.0 is online
L 10/06/2011 - 05:21:31: -------- Mapchange to cs_estate --------
L 10/06/2011 - 05:21:34: [amxbans.amxx] [AMXBANS] AMXBans 5.0 is online
L 10/06/2011 - 05:31:27: -------- Mapchange to cs_estate --------
L 10/06/2011 - 05:31:29: [amxbans.amxx] [AMXBANS] AMXBans 5.0 is online
L 10/06/2011 - 05:41:23: -------- Mapchange to cs_estate --------
L 10/06/2011 - 05:41:25: [amxbans.amxx] [AMXBANS] AMXBans 5.0 is online
L 10/06/2011 - 05:51:19: -------- Mapchange to cs_estate --------
L 10/06/2011 - 05:51:21: [amxbans.amxx] [AMXBANS] AMXBans 5.0 is online
L 10/06/2011 - 06:01:15: -------- Mapchange to cs_estate --------
L 10/06/2011 - 06:01:17: [amxbans.amxx] [AMXBANS] AMXBans 5.0 is online
L 10/06/2011 - 06:17:11: -------- Mapchange to cs_estate --------
L 10/06/2011 - 06:17:13: [amxbans.amxx] [AMXBANS] AMXBans 5.0 is online
L 10/06/2011 - 06:25:33: -------- Mapchange to zm_666_brick --------
L 10/06/2011 - 06:25:35: [amxbans.amxx] [AMXBANS] AMXBans 5.0 is online
L 10/06/2011 - 06:28:33: -------- Mapchange to cs_estate --------
L 10/06/2011 - 06:28:36: [amxbans.amxx] [AMXBANS] AMXBans 5.0 is online
L 10/06/2011 - 06:38:29: -------- Mapchange to cs_estate --------
L 10/06/2011 - 06:38:32: [amxbans.amxx] [AMXBANS] AMXBans 5.0 is online
L 10/06/2011 - 06:48:25: -------- Mapchange to cs_estate --------
L 10/06/2011 - 06:48:28: [amxbans.amxx] [AMXBANS] AMXBans 5.0 is online
L 10/06/2011 - 07:02:21: -------- Mapchange to cs_militia --------
L 10/06/2011 - 07:02:26: [amxbans.amxx] [AMXBANS] AMXBans 5.0 is online
L 10/06/2011 - 07:23:09: -------- Mapchange to zm_alfresco_v2 --------
L 10/06/2011 - 07:23:11: [amxbans.amxx] [AMXBANS] AMXBans 5.0 is online
L 10/06/2011 - 07:36:04: -------- Mapchange to cs_estate --------
L 10/06/2011 - 07:36:07: [amxbans.amxx] [AMXBANS] AMXBans 5.0 is online
L 10/06/2011 - 07:48:00: -------- Mapchange to cs_estate --------
L 10/06/2011 - 07:48:03: [amxbans.amxx] [AMXBANS] AMXBans 5.0 is online
L 10/06/2011 - 08:31:02: -------- Mapchange to ze_egypt --------
L 10/06/2011 - 08:31:04: [amxbans.amxx] [AMXBANS] AMXBans 5.0 is online
L 10/06/2011 - 08:39:31: -------- Mapchange to cs_estate --------
L 10/06/2011 - 08:39:34: [amxbans.amxx] [AMXBANS] AMXBans 5.0 is online
L 10/06/2011 - 08:49:27: -------- Mapchange to cs_estate --------
L 10/06/2011 - 08:49:29: [amxbans.amxx] [AMXBANS] AMXBans 5.0 is online
L 10/06/2011 - 08:57:49: -------- Mapchange to 016 --------
L 10/06/2011 - 08:57:51: [amxbans.amxx] [AMXBANS] AMXBans 5.0 is online
L 10/06/2011 - 09:00:49: -------- Mapchange to cs_estate --------
L 10/06/2011 - 09:00:52: [amxbans.amxx] [AMXBANS] AMXBans 5.0 is online
L 10/06/2011 - 09:10:45: -------- Mapchange to cs_estate --------
L 10/06/2011 - 09:10:48: [amxbans.amxx] [AMXBANS] AMXBans 5.0 is online
L 10/06/2011 - 09:20:41: -------- Mapchange to cs_estate --------
L 10/06/2011 - 09:20:44: [amxbans.amxx] [AMXBANS] AMXBans 5.0 is online
L 10/06/2011 - 09:30:52: -------- Mapchange to cs_estate --------
L 10/06/2011 - 09:30:54: [amxbans.amxx] [AMXBANS] AMXBans 5.0 is online
L 10/06/2011 - 09:33:01: [admin_amxbans.amxx] Login: "F1-[G]amin[G] |G-man<2235><STEAM_0:0:299692916><>" became an admin (account "F1-[G]amin[G] |G-man") (access "t") (address "194.0.68.126")
L 10/06/2011 - 09:48:53: -------- Mapchange to cs_estate --------
L 10/06/2011 - 09:48:56: [amxbans.amxx] [AMXBANS] AMXBans 5.0 is online
L 10/06/2011 - 10:02:02: -------- Mapchange to zm_houses --------
L 10/06/2011 - 10:02:04: [amxbans.amxx] [AMXBANS] AMXBans 5.0 is online
L 10/06/2011 - 10:13:05: -------- Mapchange to cs_estate --------
L 10/06/2011 - 10:13:08: [amxbans.amxx] [AMXBANS] AMXBans 5.0 is online
L 10/06/2011 - 10:19:05: -------- Mapchange to zm_fdust2x2 --------
L 10/06/2011 - 10:19:06: [amxbans.amxx] [AMXBANS] AMXBans 5.0 is online
L 10/06/2011 - 10:40:49: -------- Mapchange to ze_egypt --------
L 10/06/2011 - 10:40:51: [amxbans.amxx] [AMXBANS] AMXBans 5.0 is online
L 10/06/2011 - 10:54:10: -------- Mapchange to zm_alfresco_v2 --------
L 10/06/2011 - 10:54:12: [amxbans.amxx] [AMXBANS] AMXBans 5.0 is online
L 10/06/2011 - 10:57:31: -------- Mapchange to cs_estate --------
L 10/06/2011 - 10:57:33: [amxbans.amxx] [AMXBANS] AMXBans 5.0 is online
L 10/06/2011 - 11:06:23: -------- Mapchange to zm_xata --------
L 10/06/2011 - 11:06:25: [amxbans.amxx] [AMXBANS] AMXBans 5.0 is online
L 10/06/2011 - 11:09:23: -------- Mapchange to cs_estate --------
L 10/06/2011 - 11:09:26: [amxbans.amxx] [AMXBANS] AMXBans 5.0 is online
L 10/06/2011 - 11:20:06: -------- Mapchange to cs_estate --------
L 10/06/2011 - 11:20:08: [amxbans.amxx] [AMXBANS] AMXBans 5.0 is online
L 10/06/2011 - 11:30:28: -------- Mapchange to zm_cpl_mill_kamp --------
L 10/06/2011 - 11:30:30: [amxbans.amxx] [AMXBANS] AMXBans 5.0 is online
L 10/06/2011 - 11:33:28: -------- Mapchange to cs_estate --------
L 10/06/2011 - 11:33:31: [amxbans.amxx] [AMXBANS] AMXBans 5.0 is online
L 10/06/2011 - 11:43:24: -------- Mapchange to cs_estate --------
L 10/06/2011 - 11:43:27: [amxbans.amxx] [AMXBANS] AMXBans 5.0 is online
L 10/06/2011 - 11:59:09: -------- Mapchange to zm_dwarf --------
L 10/06/2011 - 11:59:11: [amxbans.amxx] [AMXBANS] AMXBans 5.0 is online
L 10/06/2011 - 12:23:12: -------- Mapchange to cs_estate --------
L 10/06/2011 - 12:23:14: [amxbans.amxx] [AMXBANS] AMXBans 5.0 is online
L 10/06/2011 - 12:35:21: -------- Mapchange to 016 --------
L 10/06/2011 - 12:35:23: [amxbans.amxx] [AMXBANS] AMXBans 5.0 is online
L 10/06/2011 - 13:03:58: [admin_amxbans.amxx] Login: "Euforia<2342><STEAM_0:0:1631851413><>" kicked due to invalid password (account "Euforia") (address "188.123.245.19")
L 10/06/2011 - 13:04:04: [admin_amxbans.amxx] Login: "Euforia<2343><STEAM_0:0:1631851413><>" kicked due to invalid password (account "Euforia") (address "188.123.245.19")
L 10/06/2011 - 13:05:02: [admin_amxbans.amxx] Login: "Euforia<2344><STEAM_0:0:1631851413><>" became an admin (account "Euforia") (access "t") (address "188.123.245.19")
L 10/06/2011 - 13:07:05: -------- Mapchange to zm_decline2k --------
L 10/06/2011 - 13:07:06: [admin_amxbans.amxx] Login: "Euforia<2344><STEAM_0:0:1631851413><>" became an admin (account "Euforia") (access "t") (address "188.123.245.19")
L 10/06/2011 - 13:07:07: [amxbans.amxx] [AMXBANS] AMXBans 5.0 is online
L 10/06/2011 - 13:07:08: [admin_amxbans.amxx] Login: "Euforia<2357><STEAM_0:0:1631851413><>" became an admin (account "Euforia") (access "t") (address "188.123.245.19")
L 10/06/2011 - 13:28:40: -------- Mapchange to ze_lift_escape_b5 --------
L 10/06/2011 - 13:28:41: [amxbans.amxx] [AMXBANS] AMXBans 5.0 is online
L 10/06/2011 - 13:35:19: -------- Mapchange to zm_neris --------
L 10/06/2011 - 13:35:21: [amxbans.amxx] [AMXBANS] AMXBans 5.0 is online
L 10/06/2011 - 13:44:48: [admin_amxbans.amxx] Login: "F1-[G]amin[G] |G-man<2399><STEAM_0:0:299692916><>" became an admin (account "F1-[G]amin[G] |G-man") (access "t") (address "194.0.68.126")
L 10/06/2011 - 13:57:10: -------- Mapchange to zm_fdust2x2 --------
L 10/06/2011 - 13:57:12: [admin_amxbans.amxx] Login: "F1-[G]amin[G] |G-man<2399><STEAM_0:0:299692916><>" became an admin (account "F1-[G]amin[G] |G-man") (access "t") (address "194.0.68.126")
L 10/06/2011 - 13:57:12: [amxbans.amxx] [AMXBANS] AMXBans 5.0 is online
L 10/06/2011 - 14:18:09: -------- Mapchange to zm_caca --------
L 10/06/2011 - 14:18:10: [admin_amxbans.amxx] Login: "F1-[G]amin[G] |G-man<2399><STEAM_0:0:299692916><>" became an admin (account "F1-[G]amin[G] |G-man") (access "t") (address "194.0.68.126")
L 10/06/2011 - 14:18:11: [amxbans.amxx] [AMXBANS] AMXBans 5.0 is online
L 10/06/2011 - 14:21:36: [voteban.amxx] Voteban starter F1-[G]amin[G] |G-man against JITO STEAM_0:0:1836044300
L 10/06/2011 - 14:21:51: [voteban.amxx] [AMXX] BANNED: JITO, STARTER: F1-[G]amin[G] |G-man
L 10/06/2011 - 14:21:52: [amxbans.amxx]  Зомби сервер (x_x(O_o)x_x) Go Zombie !!!<0><><> banned JITO<STEAM_0:0:1836044300> for 15 minutes (15 minutes). Reason: VIP->F1-[G]amin[G] |G-man.
L 10/06/2011 - 14:22:07: [admin_amxbans.amxx] Login: "F1-[G]amin[G] |G-man<2447><STEAM_0:0:299692916><>" became an admin (account "F1-[G]amin[G] |G-man") (access "t") (address "194.0.68.126")
L 10/06/2011 - 14:23:55: -------- Mapchange to cs_estate --------
L 10/06/2011 - 14:23:57: [admin_amxbans.amxx] Login: "F1-[G]amin[G] |G-man<2447><STEAM_0:0:299692916><>" became an admin (account "F1-[G]amin[G] |G-man") (access "t") (address "194.0.68.126")
L 10/06/2011 - 14:23:57: [amxbans.amxx] [AMXBANS] AMXBans 5.0 is online
L 10/06/2011 - 14:34:12: -------- Mapchange to ze_jurassicpark --------
L 10/06/2011 - 14:34:13: [admin_amxbans.amxx] Login: "F1-[G]amin[G] |G-man<2447><STEAM_0:0:299692916><>" became an admin (account "F1-[G]amin[G] |G-man") (access "t") (address "194.0.68.126")
L 10/06/2011 - 14:34:14: [amxbans.amxx] [AMXBANS] AMXBans 5.0 is online
L 10/06/2011 - 14:57:14: -------- Mapchange to ze_egypt --------
L 10/06/2011 - 14:57:15: [admin_amxbans.amxx] Login: "F1-[G]amin[G] |G-man<2447><STEAM_0:0:299692916><>" became an admin (account "F1-[G]amin[G] |G-man") (access "t") (address "194.0.68.126")
L 10/06/2011 - 14:57:16: [amxbans.amxx] [AMXBANS] AMXBans 5.0 is online
L 10/06/2011 - 14:57:17: [admin_amxbans.amxx] Login: "F1-[G]amin[G] |G-man<2491><STEAM_0:0:299692916><>" became an admin (account "F1-[G]amin[G] |G-man") (access "t") (address "194.0.68.126")
L 10/06/2011 - 15:15:24: -------- Mapchange to ze_train_back_lg --------
L 10/06/2011 - 15:15:25: [admin_amxbans.amxx] Login: "F1-[G]amin[G] |G-man<2491><STEAM_0:0:299692916><>" became an admin (account "F1-[G]amin[G] |G-man") (access "t") (address "194.0.68.126")
L 10/06/2011 - 15:15:26: [amxbans.amxx] [AMXBANS] AMXBans 5.0 is online
L 10/06/2011 - 15:15:27: [admin_amxbans.amxx] Login: "F1-[G]amin[G] |G-man<2524><STEAM_0:0:299692916><>" became an admin (account "F1-[G]amin[G] |G-man") (access "t") (address "194.0.68.126")
L 10/06/2011 - 15:33:43: -------- Mapchange to zm_666_brick --------
L 10/06/2011 - 15:33:45: [amxbans.amxx] [AMXBANS] AMXBans 5.0 is online
L 10/06/2011 - 16:01:08: [admin_amxbans.amxx] Login: "Lenusjka<2620><STEAM_0:4:1429483121><>" became an admin (account "Lenusjka") (access "eqt") (address "91.190.52.3")
L 10/06/2011 - 16:03:57: -------- Mapchange to 016 --------
L 10/06/2011 - 16:03:57: [admin_amxbans.amxx] Login: "Lenusjka<2620><STEAM_0:4:1429483121><>" became an admin (account "Lenusjka") (access "eqt") (address "91.190.52.3")
L 10/06/2011 - 16:03:58: [amxbans.amxx] [AMXBANS] AMXBans 5.0 is online
L 10/06/2011 - 16:07:10: [admin_amxbans.amxx] Login: "Lenusjka<2633><STEAM_0:4:1429483121><>" became an admin (account "Lenusjka") (access "eqt") (address "91.190.52.3")
L 10/06/2011 - 16:13:18: [admin_amxbans.amxx] Login: "Lenusjka<2635><STEAM_0:4:1429483121><>" became an admin (account "Lenusjka") (access "eqt") (address "91.190.52.3")
L 10/06/2011 - 16:35:29: -------- Mapchange to zm_dwarf --------
L 10/06/2011 - 16:35:30: [admin_amxbans.amxx] Login: "Lenusjka<2635><STEAM_0:4:1429483121><>" became an admin (account "Lenusjka") (access "eqt") (address "91.190.52.3")
L 10/06/2011 - 16:35:31: [amxbans.amxx] [AMXBANS] AMXBans 5.0 is online
L 10/06/2011 - 16:55:51: -------- Mapchange to ze_lift_escape_b5 --------
L 10/06/2011 - 16:55:53: [amxbans.amxx] [AMXBANS] AMXBans 5.0 is online
L 10/06/2011 - 17:11:58: -------- Mapchange to zm_alfresco_v2 --------
L 10/06/2011 - 17:12:00: [amxbans.amxx] [AMXBANS] AMXBans 5.0 is online
L 10/06/2011 - 17:34:57: -------- Mapchange to zm_neris --------
L 10/06/2011 - 17:34:58: [amxbans.amxx] [AMXBANS] AMXBans 5.0 is online
L 10/06/2011 - 17:56:08: -------- Mapchange to zm_cpl_mill_kamp --------
L 10/06/2011 - 17:56:10: [amxbans.amxx] [AMXBANS] AMXBans 5.0 is online
L 10/06/2011 - 17:59:33: [admin_amxbans.amxx] Login: "Alecquant<2808><STEAM_0:4:565250032><>" became an admin (account "Alecquant") (access "t") (address "89.237.62.234")
L 10/06/2011 - 18:18:12: -------- Mapchange to ze_egypt --------
L 10/06/2011 - 18:18:13: [admin_amxbans.amxx] Login: "Alecquant<2808><STEAM_0:4:565250032><>" became an admin (account "Alecquant") (access "t") (address "89.237.62.234")
L 10/06/2011 - 18:18:14: [amxbans.amxx] [AMXBANS] AMXBans 5.0 is online
L 10/06/2011 - 18:18:18: [admin_amxbans.amxx] Login: "Alecquant<2843><STEAM_0:4:565250032><>" became an admin (account "Alecquant") (access "t") (address "89.237.62.234")
L 10/06/2011 - 18:19:40: [admin_amxbans.amxx] Login: "Dimka<2856><STEAM_0:0:864780454><>" kicked due to invalid password (account "Dimka") (address "91.202.132.8")
L 10/06/2011 - 18:20:29: [admin_amxbans.amxx] Login: "Dimka<2862><STEAM_0:0:864780454><>" kicked due to invalid password (account "Dimka") (address "91.202.132.8")
L 10/06/2011 - 18:21:08: [admin_amxbans.amxx] Login: "Dimka<2866><STEAM_0:0:864780454><>" kicked due to invalid password (account "Dimka") (address "91.202.132.8")
L 10/06/2011 - 18:21:23: [admin_amxbans.amxx] Login: "Dimka<2867><STEAM_0:0:864780454><>" kicked due to invalid password (account "Dimka") (address "91.202.132.8")
L 10/06/2011 - 18:21:38: [admin_amxbans.amxx] Login: "Dimka<2868><STEAM_0:0:864780454><>" kicked due to invalid password (account "Dimka") (address "91.202.132.8")
L 10/06/2011 - 18:21:51: [admin_amxbans.amxx] Login: "Dimka<2870><STEAM_0:0:864780454><>" kicked due to invalid password (account "Dimka") (address "91.202.132.8")
L 10/06/2011 - 18:34:10: -------- Mapchange to zm_decline2k --------
L 10/06/2011 - 18:34:11: [admin_amxbans.amxx] Login: "Alecquant<2843><STEAM_0:4:565250032><>" became an admin (account "Alecquant") (access "t") (address "89.237.62.234")
L 10/06/2011 - 18:34:12: [amxbans.amxx] [AMXBANS] AMXBans 5.0 is online
L 10/06/2011 - 18:34:39: [admin_amxbans.amxx] Login: "Alecquant<2897><STEAM_0:4:565250032><>" became an admin (account "Alecquant") (access "t") (address "89.237.62.234")
L 10/06/2011 - 18:57:23: -------- Mapchange to zm_303 --------
L 10/06/2011 - 18:57:24: [admin_amxbans.amxx] Login: "Alecquant<2897><STEAM_0:4:565250032><>" became an admin (account "Alecquant") (access "t") (address "89.237.62.234")
L 10/06/2011 - 18:57:25: [amxbans.amxx] [AMXBANS] AMXBans 5.0 is online
L 10/06/2011 - 19:17:38: -------- Mapchange to zm_caca --------
L 10/06/2011 - 19:17:39: [admin_amxbans.amxx] Login: "Alecquant<2897><STEAM_0:4:565250032><>" became an admin (account "Alecquant") (access "t") (address "89.237.62.234")
L 10/06/2011 - 19:17:40: [amxbans.amxx] [AMXBANS] AMXBans 5.0 is online
L 10/06/2011 - 19:33:29: [voteban.amxx] Voteban starter Alecquant against <----ANTON----> STEAM_0:4:302846449
L 10/06/2011 - 19:33:44: [voteban.amxx] [AMXX] BANNED: <----ANTON---->, STARTER: Alecquant
L 10/06/2011 - 19:33:46: [amxbans.amxx]  Зомби сервер (x_x(O_o)x_x) Go Zombie !!!<0><><> banned <----ANTON----><STEAM_0:4:302846449> for 15 minutes (15 minutes). Reason: VIP->Alecquant.
L 10/06/2011 - 19:35:27: [voteban.amxx] Voteban starter Alecquant against S.T.A.L.K.E.R. (Rus85) STEAM_0:0:245971539
L 10/06/2011 - 19:35:42: [voteban.amxx] [AMXX] BANNED: S.T.A.L.K.E.R. (Rus85), STARTER: Alecquant
L 10/06/2011 - 19:35:43: [amxbans.amxx]  Зомби сервер (x_x(O_o)x_x) Go Zombie !!!<0><><> banned S.T.A.L.K.E.R. (Rus85)<STEAM_0:0:245971539> for 15 minutes (15 minutes). Reason: VIP->Alecquant.
L 10/06/2011 - 19:40:31: -------- Mapchange to zm_zbek --------
L 10/06/2011 - 19:40:32: [admin_amxbans.amxx] Login: "Alecquant<2897><STEAM_0:4:565250032><>" became an admin (account "Alecquant") (access "t") (address "89.237.62.234")
L 10/06/2011 - 19:40:33: [amxbans.amxx] [AMXBANS] AMXBans 5.0 is online
L 10/06/2011 - 20:01:23: -------- Mapchange to zm_666_brick --------
L 10/06/2011 - 20:01:24: [admin_amxbans.amxx] Login: "Alecquant<2897><STEAM_0:4:565250032><>" became an admin (account "Alecquant") (access "t") (address "89.237.62.234")
L 10/06/2011 - 20:01:25: [amxbans.amxx] [AMXBANS] AMXBans 5.0 is online
L 10/06/2011 - 20:34:34: -------- Mapchange to zm_fdust2x2 --------
L 10/06/2011 - 20:34:35: [amxbans.amxx] [AMXBANS] AMXBans 5.0 is online
L 10/06/2011 - 20:55:33: -------- Mapchange to zm_alfresco_v2 --------
L 10/06/2011 - 20:55:34: [amxbans.amxx] [AMXBANS] AMXBans 5.0 is online
L 10/06/2011 - 21:18:46: -------- Mapchange to ze_jurassicpark --------
L 10/06/2011 - 21:18:47: [amxbans.amxx] [AMXBANS] AMXBans 5.0 is online
L 10/06/2011 - 21:40:12: -------- Mapchange to ze_egypt --------
L 10/06/2011 - 21:40:14: [amxbans.amxx] [AMXBANS] AMXBans 5.0 is online
L 10/06/2011 - 21:56:58: -------- Mapchange to cs_militia --------
L 10/06/2011 - 21:57:03: [amxbans.amxx] [AMXBANS] AMXBans 5.0 is online
L 10/06/2011 - 22:03:11: [admin_amxbans.amxx] Login: "Lenusjka<3193><STEAM_0:4:1429483121><>" became an admin (account "Lenusjka") (access "eqt") (address "91.190.52.3")
L 10/06/2011 - 22:11:02: [admin_amxbans.amxx] Login: "Lenusjka<3202><STEAM_0:4:1429483121><>" became an admin (account "Lenusjka") (access "eqt") (address "91.190.52.3")
L 10/06/2011 - 22:17:56: -------- Mapchange to 016 --------
L 10/06/2011 - 22:17:58: [admin_amxbans.amxx] Login: "Lenusjka<3202><STEAM_0:4:1429483121><>" became an admin (account "Lenusjka") (access "eqt") (address "91.190.52.3")
L 10/06/2011 - 22:17:58: [amxbans.amxx] [AMXBANS] AMXBans 5.0 is online
L 10/06/2011 - 22:48:09: -------- Mapchange to zm_neris --------
L 10/06/2011 - 22:48:11: [amxbans.amxx] [AMXBANS] AMXBans 5.0 is online
L 10/06/2011 - 23:09:41: -------- Mapchange to zm_303 --------
L 10/06/2011 - 23:09:43: [amxbans.amxx] [AMXBANS] AMXBans 5.0 is online
L 10/06/2011 - 23:11:18: [admin_amxbans.amxx] Login: "~dark_light<3267><STEAM_0:0:743756224><>" became an admin (account "~dark_light") (access "t") (address "178.120.187.223")
L 10/06/2011 - 23:32:59: -------- Mapchange to zm_666_brick --------
L 10/06/2011 - 23:33:01: [amxbans.amxx] [AMXBANS] AMXBans 5.0 is online
