L 09/28/2011 - 00:17:33: -------- Mapchange to zm_neris --------
L 09/28/2011 - 00:17:34: [admin_amxbans.amxx] Login: "Alecquant<3819><STEAM_0:4:565250032><>" became an admin (account "Alecquant") (access "t") (address "89.237.62.234")
L 09/28/2011 - 00:17:35: [amxbans.amxx] [AMXBANS] AMXBans 5.0 is online
L 09/28/2011 - 00:38:15: -------- Mapchange to zm_666_brick --------
L 09/28/2011 - 00:38:17: [amxbans.amxx] [AMXBANS] AMXBans 5.0 is online
L 09/28/2011 - 01:11:16: -------- Mapchange to zm_xata --------
L 09/28/2011 - 01:11:17: [amxbans.amxx] [AMXBANS] AMXBans 5.0 is online
L 09/28/2011 - 01:32:23: -------- Mapchange to 016 --------
L 09/28/2011 - 01:32:24: [amxbans.amxx] [AMXBANS] AMXBans 5.0 is online
L 09/28/2011 - 01:39:55: -------- Mapchange to cs_estate --------
L 09/28/2011 - 01:39:58: [amxbans.amxx] [AMXBANS] AMXBans 5.0 is online
L 09/28/2011 - 01:48:18: -------- Mapchange to ze_lift_escape_b5 --------
L 09/28/2011 - 01:48:19: [amxbans.amxx] [AMXBANS] AMXBans 5.0 is online
L 09/28/2011 - 01:51:17: -------- Mapchange to cs_estate --------
L 09/28/2011 - 01:51:20: [amxbans.amxx] [AMXBANS] AMXBans 5.0 is online
L 09/28/2011 - 02:01:13: -------- Mapchange to cs_estate --------
L 09/28/2011 - 02:01:16: [amxbans.amxx] [AMXBANS] AMXBans 5.0 is online
L 09/28/2011 - 02:11:09: -------- Mapchange to cs_estate --------
L 09/28/2011 - 02:11:12: [amxbans.amxx] [AMXBANS] AMXBans 5.0 is online
L 09/28/2011 - 02:17:08: -------- Mapchange to ze_jurassicpark --------
L 09/28/2011 - 02:17:09: [amxbans.amxx] [AMXBANS] AMXBans 5.0 is online
L 09/28/2011 - 02:20:19: -------- Mapchange to cs_estate --------
L 09/28/2011 - 02:20:21: [amxbans.amxx] [AMXBANS] AMXBans 5.0 is online
L 09/28/2011 - 02:30:14: -------- Mapchange to cs_estate --------
L 09/28/2011 - 02:30:17: [amxbans.amxx] [AMXBANS] AMXBans 5.0 is online
L 09/28/2011 - 02:40:10: -------- Mapchange to cs_estate --------
L 09/28/2011 - 02:40:13: [amxbans.amxx] [AMXBANS] AMXBans 5.0 is online
L 09/28/2011 - 02:50:06: -------- Mapchange to cs_estate --------
L 09/28/2011 - 02:50:09: [amxbans.amxx] [AMXBANS] AMXBans 5.0 is online
L 09/28/2011 - 03:02:02: -------- Mapchange to cs_estate --------
L 09/28/2011 - 03:02:05: [amxbans.amxx] [AMXBANS] AMXBans 5.0 is online
L 09/28/2011 - 03:11:58: -------- Mapchange to cs_estate --------
L 09/28/2011 - 03:12:01: [amxbans.amxx] [AMXBANS] AMXBans 5.0 is online
L 09/28/2011 - 03:21:54: -------- Mapchange to cs_estate --------
L 09/28/2011 - 03:21:57: [amxbans.amxx] [AMXBANS] AMXBans 5.0 is online
L 09/28/2011 - 03:31:50: -------- Mapchange to cs_estate --------
L 09/28/2011 - 03:31:53: [amxbans.amxx] [AMXBANS] AMXBans 5.0 is online
L 09/28/2011 - 03:41:46: -------- Mapchange to cs_estate --------
L 09/28/2011 - 03:41:49: [amxbans.amxx] [AMXBANS] AMXBans 5.0 is online
L 09/28/2011 - 03:51:42: -------- Mapchange to cs_estate --------
L 09/28/2011 - 03:51:44: [amxbans.amxx] [AMXBANS] AMXBans 5.0 is online
L 09/28/2011 - 04:01:32: -------- Mapchange to cs_estate --------
L 09/28/2011 - 04:01:35: [amxbans.amxx] [AMXBANS] AMXBans 5.0 is online
L 09/28/2011 - 04:11:28: -------- Mapchange to cs_estate --------
L 09/28/2011 - 04:11:31: [amxbans.amxx] [AMXBANS] AMXBans 5.0 is online
L 09/28/2011 - 04:19:51: -------- Mapchange to zm_666_brick --------
L 09/28/2011 - 04:19:52: [amxbans.amxx] [AMXBANS] AMXBans 5.0 is online
L 09/28/2011 - 04:22:50: -------- Mapchange to cs_estate --------
L 09/28/2011 - 04:22:53: [amxbans.amxx] [AMXBANS] AMXBans 5.0 is online
L 09/28/2011 - 04:32:46: -------- Mapchange to cs_estate --------
L 09/28/2011 - 04:32:49: [amxbans.amxx] [AMXBANS] AMXBans 5.0 is online
L 09/28/2011 - 04:42:42: -------- Mapchange to cs_estate --------
L 09/28/2011 - 04:42:45: [amxbans.amxx] [AMXBANS] AMXBans 5.0 is online
L 09/28/2011 - 04:52:38: -------- Mapchange to cs_estate --------
L 09/28/2011 - 04:52:41: [amxbans.amxx] [AMXBANS] AMXBans 5.0 is online
L 09/28/2011 - 05:02:34: -------- Mapchange to cs_estate --------
L 09/28/2011 - 05:02:37: [amxbans.amxx] [AMXBANS] AMXBans 5.0 is online
L 09/28/2011 - 05:11:11: -------- Mapchange to zm_decline2k --------
L 09/28/2011 - 05:11:13: [amxbans.amxx] [AMXBANS] AMXBans 5.0 is online
L 09/28/2011 - 05:24:04: -------- Mapchange to cs_estate --------
L 09/28/2011 - 05:24:06: [amxbans.amxx] [AMXBANS] AMXBans 5.0 is online
L 09/28/2011 - 05:34:00: -------- Mapchange to cs_estate --------
L 09/28/2011 - 05:34:02: [amxbans.amxx] [AMXBANS] AMXBans 5.0 is online
L 09/28/2011 - 05:43:55: -------- Mapchange to cs_estate --------
L 09/28/2011 - 05:43:58: [amxbans.amxx] [AMXBANS] AMXBans 5.0 is online
L 09/28/2011 - 05:53:18: -------- Mapchange to 016 --------
L 09/28/2011 - 05:53:20: [amxbans.amxx] [AMXBANS] AMXBans 5.0 is online
L 09/28/2011 - 05:56:18: -------- Mapchange to cs_estate --------
L 09/28/2011 - 05:56:20: [amxbans.amxx] [AMXBANS] AMXBans 5.0 is online
L 09/28/2011 - 06:00:12: -------- Mapchange to cs_estate --------
L 09/28/2011 - 06:00:15: -------- Mapchange to zm_alfresco_v2 --------
L 09/28/2011 - 06:00:17: [amxbans.amxx] [AMXBANS] AMXBans 5.0 is online
L 09/28/2011 - 06:03:15: -------- Mapchange to cs_estate --------
L 09/28/2011 - 06:03:18: [amxbans.amxx] [AMXBANS] AMXBans 5.0 is online
L 09/28/2011 - 06:13:11: -------- Mapchange to cs_estate --------
L 09/28/2011 - 06:13:14: [amxbans.amxx] [AMXBANS] AMXBans 5.0 is online
L 09/28/2011 - 06:23:07: -------- Mapchange to cs_estate --------
L 09/28/2011 - 06:23:10: [amxbans.amxx] [AMXBANS] AMXBans 5.0 is online
L 09/28/2011 - 06:33:03: -------- Mapchange to cs_estate --------
L 09/28/2011 - 06:33:06: [amxbans.amxx] [AMXBANS] AMXBans 5.0 is online
L 09/28/2011 - 06:42:59: -------- Mapchange to cs_estate --------
L 09/28/2011 - 06:43:02: [amxbans.amxx] [AMXBANS] AMXBans 5.0 is online
L 09/28/2011 - 06:52:55: -------- Mapchange to cs_estate --------
L 09/28/2011 - 06:52:58: [amxbans.amxx] [AMXBANS] AMXBans 5.0 is online
L 09/28/2011 - 07:02:51: -------- Mapchange to cs_estate --------
L 09/28/2011 - 07:02:54: [amxbans.amxx] [AMXBANS] AMXBans 5.0 is online
L 09/28/2011 - 07:12:47: -------- Mapchange to cs_estate --------
L 09/28/2011 - 07:12:50: [amxbans.amxx] [AMXBANS] AMXBans 5.0 is online
L 09/28/2011 - 07:22:43: -------- Mapchange to cs_estate --------
L 09/28/2011 - 07:22:46: [amxbans.amxx] [AMXBANS] AMXBans 5.0 is online
L 09/28/2011 - 07:32:39: -------- Mapchange to cs_estate --------
L 09/28/2011 - 07:32:42: [amxbans.amxx] [AMXBANS] AMXBans 5.0 is online
L 09/28/2011 - 07:47:50: -------- Mapchange to cs_estate --------
L 09/28/2011 - 07:47:53: [amxbans.amxx] [AMXBANS] AMXBans 5.0 is online
L 09/28/2011 - 07:56:13: -------- Mapchange to cs_militia --------
L 09/28/2011 - 07:56:18: [amxbans.amxx] [AMXBANS] AMXBans 5.0 is online
L 09/28/2011 - 08:19:32: -------- Mapchange to zm_caca --------
L 09/28/2011 - 08:19:33: [amxbans.amxx] [AMXBANS] AMXBans 5.0 is online
L 09/28/2011 - 08:41:00: -------- Mapchange to ze_jurassicpark --------
L 09/28/2011 - 08:41:02: [amxbans.amxx] [AMXBANS] AMXBans 5.0 is online
L 09/28/2011 - 09:04:01: -------- Mapchange to ze_egypt --------
L 09/28/2011 - 09:04:02: [amxbans.amxx] [AMXBANS] AMXBans 5.0 is online
L 09/28/2011 - 09:15:57: -------- Mapchange to cs_estate --------
L 09/28/2011 - 09:16:00: [amxbans.amxx] [AMXBANS] AMXBans 5.0 is online
L 09/28/2011 - 09:31:38: -------- Mapchange to zm_666_brick --------
L 09/28/2011 - 09:31:39: [amxbans.amxx] [AMXBANS] AMXBans 5.0 is online
L 09/28/2011 - 09:45:20: -------- Mapchange to cs_estate --------
L 09/28/2011 - 09:45:22: [amxbans.amxx] [AMXBANS] AMXBans 5.0 is online
L 09/28/2011 - 09:55:15: -------- Mapchange to cs_estate --------
L 09/28/2011 - 09:55:18: [amxbans.amxx] [AMXBANS] AMXBans 5.0 is online
L 09/28/2011 - 10:05:11: -------- Mapchange to cs_estate --------
L 09/28/2011 - 10:05:14: [amxbans.amxx] [AMXBANS] AMXBans 5.0 is online
L 09/28/2011 - 10:15:07: -------- Mapchange to cs_estate --------
L 09/28/2011 - 10:15:10: [amxbans.amxx] [AMXBANS] AMXBans 5.0 is online
L 09/28/2011 - 10:24:30: -------- Mapchange to ze_lift_escape_b5 --------
L 09/28/2011 - 10:24:31: [amxbans.amxx] [AMXBANS] AMXBans 5.0 is online
L 09/28/2011 - 10:27:30: -------- Mapchange to cs_estate --------
L 09/28/2011 - 10:27:32: [amxbans.amxx] [AMXBANS] AMXBans 5.0 is online
L 09/28/2011 - 10:37:51: -------- Mapchange to zm_303 --------
L 09/28/2011 - 10:37:52: [amxbans.amxx] [AMXBANS] AMXBans 5.0 is online
L 09/28/2011 - 10:46:26: -------- Mapchange to cs_estate --------
L 09/28/2011 - 10:46:29: [amxbans.amxx] [AMXBANS] AMXBans 5.0 is online
L 09/28/2011 - 10:58:26: -------- Mapchange to 016 --------
L 09/28/2011 - 10:58:27: [amxbans.amxx] [AMXBANS] AMXBans 5.0 is online
L 09/28/2011 - 11:28:46: -------- Mapchange to zm_vendetta --------
L 09/28/2011 - 11:28:48: [amxbans.amxx] [AMXBANS] AMXBans 5.0 is online
L 09/28/2011 - 12:06:34: [admin_amxbans.amxx] Login: "F1-[G]amin[G] |G-man<185><STEAM_0:0:299692916><>" became an admin (account "F1-[G]amin[G] |G-man") (access "t") (address "194.0.68.126")
L 09/28/2011 - 12:15:07: [admin_amxbans.amxx] Login: "1C ! f0sT*<191><STEAM_0:0:1775504481><>" became an admin (account "1C ! f0sT*") (access "t") (address "109.205.254.58")
L 09/28/2011 - 12:15:17: [admin_amxbans.amxx] Login: "1C ! f0sT*<192><STEAM_0:0:1775504481><>" became an admin (account "1C ! f0sT*") (access "t") (address "109.205.254.58")
L 09/28/2011 - 12:23:28: -------- Mapchange to ze_train_back_lg --------
L 09/28/2011 - 12:23:29: [admin_amxbans.amxx] Login: "1C ! f0sT*<192><STEAM_0:0:1775504481><>" became an admin (account "1C ! f0sT*") (access "t") (address "109.205.254.58")
L 09/28/2011 - 12:23:30: [amxbans.amxx] [AMXBANS] AMXBans 5.0 is online
L 09/28/2011 - 12:23:33: [admin_amxbans.amxx] Login: "1C ! f0sT*<194><STEAM_0:0:1775504481><>" became an admin (account "1C ! f0sT*") (access "t") (address "109.205.254.58")
L 09/28/2011 - 12:39:02: -------- Mapchange to zm_caca --------
L 09/28/2011 - 12:39:03: [admin_amxbans.amxx] Login: "1C ! f0sT*<194><STEAM_0:0:1775504481><>" became an admin (account "1C ! f0sT*") (access "t") (address "109.205.254.58")
L 09/28/2011 - 12:39:04: [amxbans.amxx] [AMXBANS] AMXBans 5.0 is online
L 09/28/2011 - 13:02:06: -------- Mapchange to zm_fdust2x2 --------
L 09/28/2011 - 13:02:07: [admin_amxbans.amxx] Login: "1C ! f0sT*<194><STEAM_0:0:1775504481><>" became an admin (account "1C ! f0sT*") (access "t") (address "109.205.254.58")
L 09/28/2011 - 13:02:08: [amxbans.amxx] [AMXBANS] AMXBans 5.0 is online
L 09/28/2011 - 13:05:36: [voteban.amxx] Voteban starter 1C ! f0sT* against SAT STEAM_0:4:628365829
L 09/28/2011 - 13:05:51: [voteban.amxx] [AMXX] The voteban dit not sucseed.
L 09/28/2011 - 13:06:21: [voteban.amxx] Voteban starter 1C ! f0sT* against SAT STEAM_0:4:628365829
L 09/28/2011 - 13:06:36: [voteban.amxx] [AMXX] BANNED: SAT, STARTER: 1C ! f0sT*
L 09/28/2011 - 13:06:37: [amxbans.amxx]  Зомби сервер (x_x(O_o)x_x) Go Zombie !!!<0><><> banned SAT<STEAM_0:4:628365829> for 15 minutes (15 minutes). Reason: VIP->1C ! f0sT*.
L 09/28/2011 - 13:22:11: -------- Mapchange to ze_egypt --------
L 09/28/2011 - 13:22:12: [admin_amxbans.amxx] Login: "1C ! f0sT*<194><STEAM_0:0:1775504481><>" became an admin (account "1C ! f0sT*") (access "t") (address "109.205.254.58")
L 09/28/2011 - 13:22:13: [amxbans.amxx] [AMXBANS] AMXBans 5.0 is online
L 09/28/2011 - 13:22:14: [admin_amxbans.amxx] Login: "1C ! f0sT*<226><STEAM_0:0:1775504481><>" became an admin (account "1C ! f0sT*") (access "t") (address "109.205.254.58")
L 09/28/2011 - 13:38:32: -------- Mapchange to cs_militia --------
L 09/28/2011 - 13:38:36: [admin_amxbans.amxx] Login: "1C ! f0sT*<226><STEAM_0:0:1775504481><>" became an admin (account "1C ! f0sT*") (access "t") (address "109.205.254.58")
L 09/28/2011 - 13:38:37: [amxbans.amxx] [AMXBANS] AMXBans 5.0 is online
L 09/28/2011 - 13:38:57: [admin_amxbans.amxx] Login: "F1-[G]amin[G] |G-man<253><STEAM_0:0:299692916><>" became an admin (account "F1-[G]amin[G] |G-man") (access "t") (address "194.0.68.126")
L 09/28/2011 - 13:59:16: -------- Mapchange to zm_303 --------
L 09/28/2011 - 13:59:17: [admin_amxbans.amxx] Login: "F1-[G]amin[G] |G-man<253><STEAM_0:0:299692916><>" became an admin (account "F1-[G]amin[G] |G-man") (access "t") (address "194.0.68.126")
L 09/28/2011 - 13:59:18: [amxbans.amxx] [AMXBANS] AMXBans 5.0 is online
L 09/28/2011 - 14:08:19: -------- Mapchange to cs_estate --------
L 09/28/2011 - 14:08:21: [amxbans.amxx] [AMXBANS] AMXBans 5.0 is online
L 09/28/2011 - 14:14:39: [admin_amxbans.amxx] Login: "F1-[G]amin[G] |G-man<279><STEAM_0:0:299692916><>" became an admin (account "F1-[G]amin[G] |G-man") (access "t") (address "194.0.68.126")
L 09/28/2011 - 14:16:20: [admin_amxbans.amxx] Login: "Alecquant<280><STEAM_0:4:565250032><>" became an admin (account "Alecquant") (access "t") (address "89.237.62.234")
L 09/28/2011 - 14:19:15: -------- Mapchange to ze_jurassicpark --------
L 09/28/2011 - 14:19:16: [amxbans.amxx] [AMXBANS] AMXBans 5.0 is online
L 09/28/2011 - 14:44:15: -------- Mapchange to zm_666_brick --------
L 09/28/2011 - 14:44:17: [amxbans.amxx] [AMXBANS] AMXBans 5.0 is online
L 09/28/2011 - 14:52:49: [admin_amxbans.amxx] Login: "1C ! f0sT*<312><STEAM_0:0:1775504481><>" became an admin (account "1C ! f0sT*") (access "t") (address "109.205.254.58")
L 09/28/2011 - 15:03:19: [voteban.amxx] Voteban starter 1C ! f0sT* against |VS|LyonThor[AMX] STEAM_0:4:575127914
L 09/28/2011 - 15:03:34: [voteban.amxx] [AMXX] BANNED: |VS|LyonThor[AMX], STARTER: 1C ! f0sT*
L 09/28/2011 - 15:03:35: [amxbans.amxx]  Зомби сервер (x_x(O_o)x_x) Go Zombie !!!<0><><> banned |VS|LyonThor[AMX]<STEAM_0:4:575127914> for 15 minutes (15 minutes). Reason: VIP->1C ! f0sT*.
L 09/28/2011 - 15:08:24: [voteban.amxx] Voteban starter 1C ! f0sT* against JIeeeLLIKa STEAM_0:0:355818815
L 09/28/2011 - 15:08:39: [voteban.amxx] [AMXX] BANNED: JIeeeLLIKa, STARTER: 1C ! f0sT*
L 09/28/2011 - 15:08:40: [amxbans.amxx]  Зомби сервер (x_x(O_o)x_x) Go Zombie !!!<0><><> banned JIeeeLLIKa<STEAM_0:0:355818815> for 15 minutes (15 minutes). Reason: VIP->1C ! f0sT*.
L 09/28/2011 - 15:08:42: [amxbans.amxx] [Amxbans] Query failed!
L 09/28/2011 - 15:08:42: [amxbans.amxx] [Amxbans] Threaded query error, location: 18
L 09/28/2011 - 15:08:42: [amxbans.amxx] [Amxbans] Message: You have an error in your SQL syntax; check the manual that corresponds to your MySQL server version for the right syntax to use near ''Bantime expired' at line 1 (1064)
L 09/28/2011 - 15:08:42: [amxbans.amxx] [Amxbans] Query statement: 
L 09/28/2011 - 15:09:50: [amxbans.amxx] [Amxbans] Query failed!
L 09/28/2011 - 15:09:50: [amxbans.amxx] [Amxbans] Threaded query error, location: 18
L 09/28/2011 - 15:09:50: [amxbans.amxx] [Amxbans] Message: You have an error in your SQL syntax; check the manual that corresponds to your MySQL server version for the right syntax to use near ''Ba' at line 1 (1064)
L 09/28/2011 - 15:09:50: [amxbans.amxx] [Amxbans] Query statement: 
L 09/28/2011 - 15:16:20: -------- Mapchange to 016 --------
L 09/28/2011 - 15:16:21: [admin_amxbans.amxx] Login: "1C ! f0sT*<312><STEAM_0:0:1775504481><>" became an admin (account "1C ! f0sT*") (access "t") (address "109.205.254.58")
L 09/28/2011 - 15:16:22: [amxbans.amxx] [AMXBANS] AMXBans 5.0 is online
L 09/28/2011 - 15:16:28: [amxbans.amxx] [Amxbans] Query failed!
L 09/28/2011 - 15:16:28: [amxbans.amxx] [Amxbans] Threaded query error, location: 18
L 09/28/2011 - 15:16:28: [amxbans.amxx] [Amxbans] Message: You have an error in your SQL syntax; check the manual that corresponds to your MySQL server version for the right syntax to use near ''Ba' at line 1 (1064)
L 09/28/2011 - 15:16:28: [amxbans.amxx] [Amxbans] Query statement: 
L 09/28/2011 - 15:18:00: [amxbans.amxx] [Amxbans] Query failed!
L 09/28/2011 - 15:18:00: [amxbans.amxx] [Amxbans] Threaded query error, location: 18
L 09/28/2011 - 15:18:00: [amxbans.amxx] [Amxbans] Message: You have an error in your SQL syntax; check the manual that corresponds to your MySQL server version for the right syntax to use near ''Ba' at line 1 (1064)
L 09/28/2011 - 15:18:00: [amxbans.amxx] [Amxbans] Query statement: 
L 09/28/2011 - 15:23:08: [amxbans.amxx] [Amxbans] Query failed!
L 09/28/2011 - 15:23:08: [amxbans.amxx] [Amxbans] Threaded query error, location: 18
L 09/28/2011 - 15:23:08: [amxbans.amxx] [Amxbans] Message: You have an error in your SQL syntax; check the manual that corresponds to your MySQL server version for the right syntax to use near ''amxb' at line 1 (1064)
L 09/28/2011 - 15:23:08: [amxbans.amxx] [Amxbans] Query statement: 
L 09/28/2011 - 15:33:54: [amxbans.amxx] [Amxbans] Query failed!
L 09/28/2011 - 15:33:54: [amxbans.amxx] [Amxbans] Threaded query error, location: 18
L 09/28/2011 - 15:33:54: [amxbans.amxx] [Amxbans] Message: You have an error in your SQL syntax; check the manual that corresponds to your MySQL server version for the right syntax to use near ''amxban' at line 1 (1064)
L 09/28/2011 - 15:33:54: [amxbans.amxx] [Amxbans] Query statement: 
L 09/28/2011 - 15:47:46: -------- Mapchange to zm_decline2k --------
L 09/28/2011 - 15:47:48: [amxbans.amxx] [AMXBANS] AMXBans 5.0 is online
L 09/28/2011 - 15:47:54: [amxbans.amxx] [Amxbans] Query failed!
L 09/28/2011 - 15:47:54: [amxbans.amxx] [Amxbans] Threaded query error, location: 18
L 09/28/2011 - 15:47:54: [amxbans.amxx] [Amxbans] Message: You have an error in your SQL syntax; check the manual that corresponds to your MySQL server version for the right syntax to use near ''amxb' at line 1 (1064)
L 09/28/2011 - 15:47:54: [amxbans.amxx] [Amxbans] Query statement: 
L 09/28/2011 - 15:47:54: [amxbans.amxx] [Amxbans] Query failed!
L 09/28/2011 - 15:47:54: [amxbans.amxx] [Amxbans] Threaded query error, location: 18
L 09/28/2011 - 15:47:54: [amxbans.amxx] [Amxbans] Message: You have an error in your SQL syntax; check the manual that corresponds to your MySQL server version for the right syntax to use near ''amxban' at line 1 (1064)
L 09/28/2011 - 15:47:54: [amxbans.amxx] [Amxbans] Query statement: 
L 09/28/2011 - 15:48:34: [amxbans.amxx] [Amxbans] Query failed!
L 09/28/2011 - 15:48:34: [amxbans.amxx] [Amxbans] Threaded query error, location: 18
L 09/28/2011 - 15:48:34: [amxbans.amxx] [Amxbans] Message: You have an error in your SQL syntax; check the manual that corresponds to your MySQL server version for the right syntax to use near ''Ba' at line 1 (1064)
L 09/28/2011 - 15:48:34: [amxbans.amxx] [Amxbans] Query statement: 
L 09/28/2011 - 15:50:06: [amxbans.amxx] [Amxbans] Query failed!
L 09/28/2011 - 15:50:06: [amxbans.amxx] [Amxbans] Threaded query error, location: 18
L 09/28/2011 - 15:50:06: [amxbans.amxx] [Amxbans] Message: You have an error in your SQL syntax; check the manual that corresponds to your MySQL server version for the right syntax to use near ''Ba' at line 1 (1064)
L 09/28/2011 - 15:50:06: [amxbans.amxx] [Amxbans] Query statement: 
L 09/28/2011 - 16:09:13: -------- Mapchange to ze_lift_escape_b5 --------
L 09/28/2011 - 16:09:14: [amxbans.amxx] [AMXBANS] AMXBans 5.0 is online
L 09/28/2011 - 16:09:19: [amxbans.amxx] [Amxbans] Query failed!
L 09/28/2011 - 16:09:19: [amxbans.amxx] [Amxbans] Threaded query error, location: 18
L 09/28/2011 - 16:09:19: [amxbans.amxx] [Amxbans] Message: You have an error in your SQL syntax; check the manual that corresponds to your MySQL server version for the right syntax to use near ''amxb' at line 1 (1064)
L 09/28/2011 - 16:09:19: [amxbans.amxx] [Amxbans] Query statement: 
L 09/28/2011 - 16:09:20: [amxbans.amxx] [Amxbans] Query failed!
L 09/28/2011 - 16:09:20: [amxbans.amxx] [Amxbans] Threaded query error, location: 18
L 09/28/2011 - 16:09:20: [amxbans.amxx] [Amxbans] Message: You have an error in your SQL syntax; check the manual that corresponds to your MySQL server version for the right syntax to use near ''Ba' at line 1 (1064)
L 09/28/2011 - 16:09:20: [amxbans.amxx] [Amxbans] Query statement: 
L 09/28/2011 - 16:24:37: -------- Mapchange to zm_fdust2x2 --------
L 09/28/2011 - 16:24:39: [amxbans.amxx] [AMXBANS] AMXBans 5.0 is online
L 09/28/2011 - 16:24:45: [amxbans.amxx] [Amxbans] Query failed!
L 09/28/2011 - 16:24:45: [amxbans.amxx] [Amxbans] Threaded query error, location: 18
L 09/28/2011 - 16:24:45: [amxbans.amxx] [Amxbans] Message: You have an error in your SQL syntax; check the manual that corresponds to your MySQL server version for the right syntax to use near ''amxb' at line 1 (1064)
L 09/28/2011 - 16:24:45: [amxbans.amxx] [Amxbans] Query statement: 
L 09/28/2011 - 16:24:46: [amxbans.amxx] [Amxbans] Query failed!
L 09/28/2011 - 16:24:46: [amxbans.amxx] [Amxbans] Threaded query error, location: 18
L 09/28/2011 - 16:24:46: [amxbans.amxx] [Amxbans] Message: You have an error in your SQL syntax; check the manual that corresponds to your MySQL server version for the right syntax to use near ''Ba' at line 1 (1064)
L 09/28/2011 - 16:24:46: [amxbans.amxx] [Amxbans] Query statement: 
L 09/28/2011 - 16:44:59: -------- Mapchange to zm_dwarf --------
L 09/28/2011 - 16:45:01: [amxbans.amxx] [AMXBANS] AMXBans 5.0 is online
L 09/28/2011 - 16:45:08: [amxbans.amxx] [Amxbans] Query failed!
L 09/28/2011 - 16:45:08: [amxbans.amxx] [Amxbans] Threaded query error, location: 18
L 09/28/2011 - 16:45:08: [amxbans.amxx] [Amxbans] Message: You have an error in your SQL syntax; check the manual that corresponds to your MySQL server version for the right syntax to use near ''amxb' at line 1 (1064)
L 09/28/2011 - 16:45:08: [amxbans.amxx] [Amxbans] Query statement: 
L 09/28/2011 - 16:45:09: [amxbans.amxx] [Amxbans] Query failed!
L 09/28/2011 - 16:45:09: [amxbans.amxx] [Amxbans] Threaded query error, location: 18
L 09/28/2011 - 16:45:09: [amxbans.amxx] [Amxbans] Message: You have an error in your SQL syntax; check the manual that corresponds to your MySQL server version for the right syntax to use near ''Ba' at line 1 (1064)
L 09/28/2011 - 16:45:09: [amxbans.amxx] [Amxbans] Query statement: 
L 09/28/2011 - 16:45:09: [amxbans.amxx] [Amxbans] Query failed!
L 09/28/2011 - 16:45:09: [amxbans.amxx] [Amxbans] Threaded query error, location: 18
L 09/28/2011 - 16:45:09: [amxbans.amxx] [Amxbans] Message: You have an error in your SQL syntax; check the manual that corresponds to your MySQL server version for the right syntax to use near ''amxb' at line 1 (1064)
L 09/28/2011 - 16:45:09: [amxbans.amxx] [Amxbans] Query statement: 
L 09/28/2011 - 17:05:06: -------- Mapchange to cs_militia --------
L 09/28/2011 - 17:05:11: [amxbans.amxx] [AMXBANS] AMXBans 5.0 is online
L 09/28/2011 - 17:11:33: [amxbans.amxx] [Amxbans] Query failed!
L 09/28/2011 - 17:11:33: [amxbans.amxx] [Amxbans] Threaded query error, location: 18
L 09/28/2011 - 17:11:33: [amxbans.amxx] [Amxbans] Message: You have an error in your SQL syntax; check the manual that corresponds to your MySQL server version for the right syntax to use near ''amxb' at line 1 (1064)
L 09/28/2011 - 17:11:33: [amxbans.amxx] [Amxbans] Query statement: 
L 09/28/2011 - 17:31:39: -------- Mapchange to zm_alfresco_v2 --------
L 09/28/2011 - 17:31:40: [amxbans.amxx] [AMXBANS] AMXBans 5.0 is online
L 09/28/2011 - 17:31:47: [amxbans.amxx] [Amxbans] Query failed!
L 09/28/2011 - 17:31:47: [amxbans.amxx] [Amxbans] Threaded query error, location: 18
L 09/28/2011 - 17:31:47: [amxbans.amxx] [Amxbans] Message: You have an error in your SQL syntax; check the manual that corresponds to your MySQL server version for the right syntax to use near ''amxb' at line 1 (1064)
L 09/28/2011 - 17:31:47: [amxbans.amxx] [Amxbans] Query statement: 
L 09/28/2011 - 17:35:17: [admin_amxbans.amxx] Login: "Kenny<547><STEAM_0:0:963405193><>" became an admin (account "Kenny") (access "abcdefghijlmnopqstu") (address "109.161.115.145")
L 09/28/2011 - 17:53:57: -------- Mapchange to ze_egypt --------
L 09/28/2011 - 17:53:59: [amxbans.amxx] [AMXBANS] AMXBans 5.0 is online
L 09/28/2011 - 17:54:06: [amxbans.amxx] [Amxbans] Query failed!
L 09/28/2011 - 17:54:06: [amxbans.amxx] [Amxbans] Threaded query error, location: 18
L 09/28/2011 - 17:54:06: [amxbans.amxx] [Amxbans] Message: You have an error in your SQL syntax; check the manual that corresponds to your MySQL server version for the right syntax to use near ''amxb' at line 1 (1064)
L 09/28/2011 - 17:54:06: [amxbans.amxx] [Amxbans] Query statement: 
L 09/28/2011 - 17:54:09: [amxbans.amxx] [Amxbans] Query failed!
L 09/28/2011 - 17:54:09: [amxbans.amxx] [Amxbans] Threaded query error, location: 18
L 09/28/2011 - 17:54:09: [amxbans.amxx] [Amxbans] Message: You have an error in your SQL syntax; check the manual that corresponds to your MySQL server version for the right syntax to use near ''amxb' at line 1 (1064)
L 09/28/2011 - 17:54:09: [amxbans.amxx] [Amxbans] Query statement: 
L 09/28/2011 - 17:54:20: [admin_amxbans.amxx] Login: "1C ! f0sT*<574><STEAM_0:0:1775504481><>" became an admin (account "1C ! f0sT*") (access "t") (address "109.205.254.58")
L 09/28/2011 - 17:54:26: [admin_amxbans.amxx] Login: "1C ! f0sT*<576><STEAM_0:0:1775504481><>" became an admin (account "1C ! f0sT*") (access "t") (address "109.205.254.58")
L 09/28/2011 - 18:02:25: [admin_amxbans.amxx] Login: "1C ! f0sT*<598><STEAM_0:0:1775504481><>" became an admin (account "1C ! f0sT*") (access "t") (address "109.205.254.58")
L 09/28/2011 - 18:07:01: [admin_amxbans.amxx] Login: "1C ! f0sT*<604><STEAM_0:0:1775504481><>" became an admin (account "1C ! f0sT*") (access "t") (address "109.205.254.58")
L 09/28/2011 - 18:09:53: [voteban.amxx] Voteban starter 1C ! f0sT* against Kosffi STEAM_0:0:1193285872
L 09/28/2011 - 18:10:08: [voteban.amxx] [AMXX] BANNED: Kosffi, STARTER: 1C ! f0sT*
L 09/28/2011 - 18:10:09: [amxbans.amxx]  Зомби сервер (x_x(O_o)x_x) Go Zombie !!!<0><><> banned Kosffi<STEAM_0:0:1193285872> for 15 minutes (15 minutes). Reason: VIP->1C ! f0sT*.
L 09/28/2011 - 18:10:38: [voteban.amxx] Voteban starter 1C ! f0sT* against McFLY STEAM_0:0:1438411241
L 09/28/2011 - 18:10:53: [voteban.amxx] [AMXX] BANNED: McFLY, STARTER: 1C ! f0sT*
L 09/28/2011 - 18:10:54: [amxbans.amxx]  Зомби сервер (x_x(O_o)x_x) Go Zombie !!!<0><><> banned McFLY<STEAM_0:0:1438411241> for 15 minutes (15 minutes). Reason: VIP->1C ! f0sT*.
L 09/28/2011 - 18:11:33: [voteban.amxx] Voteban starter 1C ! f0sT* against deidara STEAM_0:0:668595708
L 09/28/2011 - 18:11:48: [voteban.amxx] [AMXX] BANNED: deidara, STARTER: 1C ! f0sT*
L 09/28/2011 - 18:11:49: [amxbans.amxx]  Зомби сервер (x_x(O_o)x_x) Go Zombie !!!<0><><> banned deidara<STEAM_0:0:668595708> for 15 minutes (15 minutes). Reason: VIP->1C ! f0sT*.
L 09/28/2011 - 18:12:08: -------- Mapchange to zm_666_brick --------
L 09/28/2011 - 18:12:09: [admin_amxbans.amxx] Login: "1C ! f0sT*<604><STEAM_0:0:1775504481><>" became an admin (account "1C ! f0sT*") (access "t") (address "109.205.254.58")
L 09/28/2011 - 18:12:10: [amxbans.amxx] [AMXBANS] AMXBans 5.0 is online
L 09/28/2011 - 18:12:16: [amxbans.amxx] [Amxbans] Query failed!
L 09/28/2011 - 18:12:16: [amxbans.amxx] [Amxbans] Threaded query error, location: 18
L 09/28/2011 - 18:12:16: [amxbans.amxx] [Amxbans] Message: You have an error in your SQL syntax; check the manual that corresponds to your MySQL server version for the right syntax to use near ''amxb' at line 1 (1064)
L 09/28/2011 - 18:12:16: [amxbans.amxx] [Amxbans] Query statement: 
L 09/28/2011 - 18:20:41: [voteban.amxx] Voteban starter 1C ! f0sT* against S.T.A.L.K.E.R. (Rus85) STEAM_0:0:245971539
L 09/28/2011 - 18:20:56: [voteban.amxx] [AMXX] BANNED: S.T.A.L.K.E.R. (Rus85), STARTER: 1C ! f0sT*
L 09/28/2011 - 18:51:33: -------- Mapchange to zm_303 --------
L 09/28/2011 - 18:51:35: [amxbans.amxx] [AMXBANS] AMXBans 5.0 is online
L 09/28/2011 - 18:51:40: [amxbans.amxx] [Amxbans] Query failed!
L 09/28/2011 - 18:51:40: [amxbans.amxx] [Amxbans] Threaded query error, location: 18
L 09/28/2011 - 18:51:40: [amxbans.amxx] [Amxbans] Message: You have an error in your SQL syntax; check the manual that corresponds to your MySQL server version for the right syntax to use near ''amxb' at line 1 (1064)
L 09/28/2011 - 18:51:40: [amxbans.amxx] [Amxbans] Query statement: 
L 09/28/2011 - 19:02:06: [admin_amxbans.amxx] Login: "4ebu[RUSH]ka<673><STEAM_0:0:2107967446><>" became an admin (account "4ebu[RUSH]ka") (access "t") (address "95.54.65.1")
L 09/28/2011 - 19:12:38: -------- Mapchange to zm_cpl_mill_kamp --------
L 09/28/2011 - 19:12:40: [amxbans.amxx] [AMXBANS] AMXBans 5.0 is online
L 09/28/2011 - 19:12:46: [amxbans.amxx] [Amxbans] Query failed!
L 09/28/2011 - 19:12:46: [amxbans.amxx] [Amxbans] Threaded query error, location: 18
L 09/28/2011 - 19:12:46: [amxbans.amxx] [Amxbans] Message: You have an error in your SQL syntax; check the manual that corresponds to your MySQL server version for the right syntax to use near ''amxb' at line 1 (1064)
L 09/28/2011 - 19:12:46: [amxbans.amxx] [Amxbans] Query statement: 
L 09/28/2011 - 19:14:26: [amxbans.amxx] [Amxbans] Query failed!
L 09/28/2011 - 19:14:26: [amxbans.amxx] [Amxbans] Threaded query error, location: 18
L 09/28/2011 - 19:14:26: [amxbans.amxx] [Amxbans] Message: You have an error in your SQL syntax; check the manual that corresponds to your MySQL server version for the right syntax to use near ''Bantime expired' at line 1 (1064)
L 09/28/2011 - 19:14:26: [amxbans.amxx] [Amxbans] Query statement: 
L 09/28/2011 - 19:35:52: -------- Mapchange to 016 --------
L 09/28/2011 - 19:35:53: [amxbans.amxx] [AMXBANS] AMXBans 5.0 is online
L 09/28/2011 - 19:35:59: [amxbans.amxx] [Amxbans] Query failed!
L 09/28/2011 - 19:35:59: [amxbans.amxx] [Amxbans] Threaded query error, location: 18
L 09/28/2011 - 19:35:59: [amxbans.amxx] [Amxbans] Message: You have an error in your SQL syntax; check the manual that corresponds to your MySQL server version for the right syntax to use near ''amxb' at line 1 (1064)
L 09/28/2011 - 19:35:59: [amxbans.amxx] [Amxbans] Query statement: 
L 09/28/2011 - 19:39:00: [admin_amxbans.amxx] Login: "1C ! f0sT*<732><STEAM_0:0:1775504481><>" became an admin (account "1C ! f0sT*") (access "t") (address "109.205.254.58")
L 09/28/2011 - 19:44:39: [amxbans.amxx] [Amxbans] Query failed!
L 09/28/2011 - 19:44:39: [amxbans.amxx] [Amxbans] Threaded query error, location: 18
L 09/28/2011 - 19:44:39: [amxbans.amxx] [Amxbans] Message: You have an error in your SQL syntax; check the manual that corresponds to your MySQL server version for the right syntax to use near ''Bantime expired' at line 1 (1064)
L 09/28/2011 - 19:44:39: [amxbans.amxx] [Amxbans] Query statement: 
L 09/28/2011 - 20:01:19: [admin_amxbans.amxx] Login: "[BlackWolf]Camelot<751><STEAM_0:4:1417253489><>" kicked due to invalid password (account "[BlackWolf]Camelot") (address "91.198.175.1")
L 09/28/2011 - 20:08:03: -------- Mapchange to ze_jurassicpark --------
L 09/28/2011 - 20:08:04: [admin_amxbans.amxx] Login: "1C ! f0sT*<732><STEAM_0:0:1775504481><>" became an admin (account "1C ! f0sT*") (access "t") (address "109.205.254.58")
L 09/28/2011 - 20:08:05: [amxbans.amxx] [AMXBANS] AMXBans 5.0 is online
L 09/28/2011 - 20:08:11: [amxbans.amxx] [Amxbans] Query failed!
L 09/28/2011 - 20:08:11: [amxbans.amxx] [Amxbans] Threaded query error, location: 18
L 09/28/2011 - 20:08:11: [amxbans.amxx] [Amxbans] Message: You have an error in your SQL syntax; check the manual that corresponds to your MySQL server version for the right syntax to use near ''amxb' at line 1 (1064)
L 09/28/2011 - 20:08:11: [amxbans.amxx] [Amxbans] Query statement: 
L 09/28/2011 - 20:11:28: [voteban.amxx] Voteban starter 1C ! f0sT* against <<=OMG=>> STEAM_0:0:1193285872
L 09/28/2011 - 20:11:43: [voteban.amxx] [AMXX] BANNED: <<=OMG=>>, STARTER: 1C ! f0sT*
L 09/28/2011 - 20:11:44: [amxbans.amxx]  Зомби сервер (x_x(O_o)x_x) Go Zombie !!!<0><><> banned <<=OMG=>><STEAM_0:0:1193285872> for 15 minutes (15 minutes). Reason: VIP->1C ! f0sT*.
L 09/28/2011 - 20:22:55: [amxbans.amxx] [Amxbans] Query failed!
L 09/28/2011 - 20:22:55: [amxbans.amxx] [Amxbans] Threaded query error, location: 18
L 09/28/2011 - 20:22:55: [amxbans.amxx] [Amxbans] Message: You have an error in your SQL syntax; check the manual that corresponds to your MySQL server version for the right syntax to use near ''Ba' at line 1 (1064)
L 09/28/2011 - 20:22:55: [amxbans.amxx] [Amxbans] Query statement: 
L 09/28/2011 - 20:24:44: [amxbans.amxx] [Amxbans] Query failed!
L 09/28/2011 - 20:24:44: [amxbans.amxx] [Amxbans] Threaded query error, location: 18
L 09/28/2011 - 20:24:44: [amxbans.amxx] [Amxbans] Message: You have an error in your SQL syntax; check the manual that corresponds to your MySQL server version for the right syntax to use near ''Bantime expired' at line 1 (1064)
L 09/28/2011 - 20:24:44: [amxbans.amxx] [Amxbans] Query statement: 
L 09/28/2011 - 20:25:30: [admin_amxbans.amxx] Login: "[BlackWolf]Camelot<781><STEAM_0:4:1417253489><>" kicked due to invalid password (account "[BlackWolf]Camelot") (address "91.198.175.1")
L 09/28/2011 - 20:25:42: [admin_amxbans.amxx] Login: "[BlackWolf]Camelot<782><STEAM_0:4:1417253489><>" kicked due to invalid password (account "[BlackWolf]Camelot") (address "91.198.175.1")
L 09/28/2011 - 20:25:47: [admin_amxbans.amxx] Login: "[BlackWolf]Camelot<783><STEAM_0:4:1417253489><>" kicked due to invalid password (account "[BlackWolf]Camelot") (address "91.198.175.1")
L 09/28/2011 - 20:30:09: -------- Mapchange to zm_fdust2x2 --------
L 09/28/2011 - 20:30:11: [amxbans.amxx] [AMXBANS] AMXBans 5.0 is online
L 09/28/2011 - 20:30:19: [amxbans.amxx] [Amxbans] Query failed!
L 09/28/2011 - 20:30:19: [amxbans.amxx] [Amxbans] Threaded query error, location: 18
L 09/28/2011 - 20:30:19: [amxbans.amxx] [Amxbans] Message: You have an error in your SQL syntax; check the manual that corresponds to your MySQL server version for the right syntax to use near ''amxb' at line 1 (1064)
L 09/28/2011 - 20:30:19: [amxbans.amxx] [Amxbans] Query statement: 
L 09/28/2011 - 20:30:19: [amxbans.amxx] [Amxbans] Query failed!
L 09/28/2011 - 20:30:19: [amxbans.amxx] [Amxbans] Threaded query error, location: 18
L 09/28/2011 - 20:30:19: [amxbans.amxx] [Amxbans] Message: You have an error in your SQL syntax; check the manual that corresponds to your MySQL server version for the right syntax to use near ''amxb' at line 1 (1064)
L 09/28/2011 - 20:30:19: [amxbans.amxx] [Amxbans] Query statement: 
L 09/28/2011 - 20:30:19: [amxbans.amxx] [Amxbans] Query failed!
L 09/28/2011 - 20:30:19: [amxbans.amxx] [Amxbans] Threaded query error, location: 18
L 09/28/2011 - 20:30:19: [amxbans.amxx] [Amxbans] Message: You have an error in your SQL syntax; check the manual that corresponds to your MySQL server version for the right syntax to use near ''Bantime expired' at line 1 (1064)
L 09/28/2011 - 20:30:19: [amxbans.amxx] [Amxbans] Query statement: 
L 09/28/2011 - 20:30:20: [amxbans.amxx] [Amxbans] Query failed!
L 09/28/2011 - 20:30:20: [amxbans.amxx] [Amxbans] Threaded query error, location: 18
L 09/28/2011 - 20:30:20: [amxbans.amxx] [Amxbans] Message: You have an error in your SQL syntax; check the manual that corresponds to your MySQL server version for the right syntax to use near ''Ba' at line 1 (1064)
L 09/28/2011 - 20:30:20: [amxbans.amxx] [Amxbans] Query statement: 
L 09/28/2011 - 20:30:20: [amxbans.amxx] [Amxbans] Query failed!
L 09/28/2011 - 20:30:20: [amxbans.amxx] [Amxbans] Threaded query error, location: 18
L 09/28/2011 - 20:30:20: [amxbans.amxx] [Amxbans] Message: You have an error in your SQL syntax; check the manual that corresponds to your MySQL server version for the right syntax to use near ''amxb' at line 1 (1064)
L 09/28/2011 - 20:30:20: [amxbans.amxx] [Amxbans] Query statement: 
L 09/28/2011 - 20:41:52: [amxbans.amxx] [Amxbans] Query failed!
L 09/28/2011 - 20:41:52: [amxbans.amxx] [Amxbans] Threaded query error, location: 18
L 09/28/2011 - 20:41:52: [amxbans.amxx] [Amxbans] Message: You have an error in your SQL syntax; check the manual that corresponds to your MySQL server version for the right syntax to use near ''amxban' at line 1 (1064)
L 09/28/2011 - 20:41:52: [amxbans.amxx] [Amxbans] Query statement: 
L 09/28/2011 - 20:50:28: -------- Mapchange to ze_train_back_lg --------
L 09/28/2011 - 20:50:30: [amxbans.amxx] [AMXBANS] AMXBans 5.0 is online
L 09/28/2011 - 20:50:40: [amxbans.amxx] [Amxbans] Query failed!
L 09/28/2011 - 20:50:40: [amxbans.amxx] [Amxbans] Threaded query error, location: 18
L 09/28/2011 - 20:50:40: [amxbans.amxx] [Amxbans] Message: You have an error in your SQL syntax; check the manual that corresponds to your MySQL server version for the right syntax to use near ''amxban' at line 1 (1064)
L 09/28/2011 - 20:50:40: [amxbans.amxx] [Amxbans] Query statement: 
L 09/28/2011 - 20:50:41: [amxbans.amxx] [Amxbans] Query failed!
L 09/28/2011 - 20:50:41: [amxbans.amxx] [Amxbans] Threaded query error, location: 18
L 09/28/2011 - 20:50:41: [amxbans.amxx] [Amxbans] Message: You have an error in your SQL syntax; check the manual that corresponds to your MySQL server version for the right syntax to use near ''amxban' at line 1 (1064)
L 09/28/2011 - 20:50:41: [amxbans.amxx] [Amxbans] Query statement: 
L 09/28/2011 - 20:55:20: [amxbans.amxx] [Amxbans] Query failed!
L 09/28/2011 - 20:55:20: [amxbans.amxx] [Amxbans] Threaded query error, location: 18
L 09/28/2011 - 20:55:20: [amxbans.amxx] [Amxbans] Message: You have an error in your SQL syntax; check the manual that corresponds to your MySQL server version for the right syntax to use near ''Bantime expired' at line 1 (1064)
L 09/28/2011 - 20:55:20: [amxbans.amxx] [Amxbans] Query statement: 
L 09/28/2011 - 20:55:35: [amxbans.amxx] [Amxbans] Query failed!
L 09/28/2011 - 20:55:35: [amxbans.amxx] [Amxbans] Threaded query error, location: 18
L 09/28/2011 - 20:55:35: [amxbans.amxx] [Amxbans] Message: You have an error in your SQL syntax; check the manual that corresponds to your MySQL server version for the right syntax to use near ''Bantime expired' at line 1 (1064)
L 09/28/2011 - 20:55:35: [amxbans.amxx] [Amxbans] Query statement: 
L 09/28/2011 - 21:06:02: [admin_amxbans.amxx] Login: "1C ! f0sT*<869><STEAM_0:0:1775504481><>" became an admin (account "1C ! f0sT*") (access "t") (address "109.205.254.58")
L 09/28/2011 - 21:06:05: [admin_amxbans.amxx] Login: "1C ! f0sT*<870><STEAM_0:0:1775504481><>" became an admin (account "1C ! f0sT*") (access "t") (address "109.205.254.58")
L 09/28/2011 - 21:08:20: -------- Mapchange to zm_dwarf --------
L 09/28/2011 - 21:08:21: [admin_amxbans.amxx] Login: "1C ! f0sT*<870><STEAM_0:0:1775504481><>" became an admin (account "1C ! f0sT*") (access "t") (address "109.205.254.58")
L 09/28/2011 - 21:08:22: [amxbans.amxx] [AMXBANS] AMXBans 5.0 is online
L 09/28/2011 - 21:08:28: [amxbans.amxx] [Amxbans] Query failed!
L 09/28/2011 - 21:08:28: [amxbans.amxx] [Amxbans] Threaded query error, location: 18
L 09/28/2011 - 21:08:28: [amxbans.amxx] [Amxbans] Message: You have an error in your SQL syntax; check the manual that corresponds to your MySQL server version for the right syntax to use near ''Bantime expired' at line 1 (1064)
L 09/28/2011 - 21:08:28: [amxbans.amxx] [Amxbans] Query statement: 
L 09/28/2011 - 21:08:29: [amxbans.amxx] [Amxbans] Query failed!
L 09/28/2011 - 21:08:29: [amxbans.amxx] [Amxbans] Threaded query error, location: 18
L 09/28/2011 - 21:08:29: [amxbans.amxx] [Amxbans] Message: You have an error in your SQL syntax; check the manual that corresponds to your MySQL server version for the right syntax to use near ''Bantime expired' at line 1 (1064)
L 09/28/2011 - 21:08:29: [amxbans.amxx] [Amxbans] Query statement: 
L 09/28/2011 - 21:27:38: [voteban.amxx] Voteban starter 1C ! f0sT* against FoX STEAM_0:0:1035749661
L 09/28/2011 - 21:27:53: [voteban.amxx] [AMXX] BANNED: FoX, STARTER: 1C ! f0sT*
L 09/28/2011 - 21:27:54: [amxbans.amxx]  Зомби сервер (x_x(O_o)x_x) Go Zombie !!!<0><><> banned FoX<STEAM_0:0:1035749661> for 15 minutes (15 minutes). Reason: VIP->1C ! f0sT*.
L 09/28/2011 - 21:29:18: -------- Mapchange to zm_caca --------
L 09/28/2011 - 21:29:19: [admin_amxbans.amxx] Login: "1C ! f0sT*<870><STEAM_0:0:1775504481><>" became an admin (account "1C ! f0sT*") (access "t") (address "109.205.254.58")
L 09/28/2011 - 21:29:19: [amxbans.amxx] [AMXBANS] AMXBans 5.0 is online
L 09/28/2011 - 21:29:26: [amxbans.amxx] [Amxbans] Query failed!
L 09/28/2011 - 21:29:26: [amxbans.amxx] [Amxbans] Threaded query error, location: 18
L 09/28/2011 - 21:29:26: [amxbans.amxx] [Amxbans] Message: You have an error in your SQL syntax; check the manual that corresponds to your MySQL server version for the right syntax to use near ''Bantime expired' at line 1 (1064)
L 09/28/2011 - 21:29:26: [amxbans.amxx] [Amxbans] Query statement: 
L 09/28/2011 - 21:37:29: [amxbans.amxx] [Amxbans] Query failed!
L 09/28/2011 - 21:37:29: [amxbans.amxx] [Amxbans] Threaded query error, location: 18
L 09/28/2011 - 21:37:29: [amxbans.amxx] [Amxbans] Message: You have an error in your SQL syntax; check the manual that corresponds to your MySQL server version for the right syntax to use near ''Bantime expired' at line 1 (1064)
L 09/28/2011 - 21:37:29: [amxbans.amxx] [Amxbans] Query statement: 
L 09/28/2011 - 21:37:57: [amxbans.amxx] [Amxbans] Query failed!
L 09/28/2011 - 21:37:57: [amxbans.amxx] [Amxbans] Threaded query error, location: 18
L 09/28/2011 - 21:37:57: [amxbans.amxx] [Amxbans] Message: You have an error in your SQL syntax; check the manual that corresponds to your MySQL server version for the right syntax to use near ''Bantime expired' at line 1 (1064)
L 09/28/2011 - 21:37:57: [amxbans.amxx] [Amxbans] Query statement: 
L 09/28/2011 - 21:45:00: [admin_amxbans.amxx] Login: "Den1s<922><STEAM_0:0:889229784><>" became an admin (account "91.192.190.142") (access "abcdefghijklmnopqstu") (address "91.192.190.142")
L 09/28/2011 - 21:45:03: [admin_amxbans.amxx] Login: "Den1s<923><STEAM_0:0:889229784><>" became an admin (account "91.192.190.142") (access "abcdefghijklmnopqstu") (address "91.192.190.142")
L 09/28/2011 - 21:52:06: [amxbans.amxx] [Amxbans] Query failed!
L 09/28/2011 - 21:52:06: [amxbans.amxx] [Amxbans] Threaded query error, location: 18
L 09/28/2011 - 21:52:06: [amxbans.amxx] [Amxbans] Message: You have an error in your SQL syntax; check the manual that corresponds to your MySQL server version for the right syntax to use near ''Ba' at line 1 (1064)
L 09/28/2011 - 21:52:06: [amxbans.amxx] [Amxbans] Query statement: 
L 09/28/2011 - 21:52:29: -------- Mapchange to zm_666_brick --------
L 09/28/2011 - 21:52:30: [admin_amxbans.amxx] Login: "Den1s<923><STEAM_0:0:889229784><>" became an admin (account "91.192.190.142") (access "abcdefghijklmnopqstu") (address "91.192.190.142")
L 09/28/2011 - 21:52:30: [admin_amxbans.amxx] Login: "Den1s<932><STEAM_0:0:889229784><>" became an admin (account "91.192.190.142") (access "abcdefghijklmnopqstu") (address "91.192.190.142")
L 09/28/2011 - 21:52:31: [amxbans.amxx] [AMXBANS] AMXBans 5.0 is online
L 09/28/2011 - 21:52:38: [amxbans.amxx] [Amxbans] Query failed!
L 09/28/2011 - 21:52:38: [amxbans.amxx] [Amxbans] Threaded query error, location: 18
L 09/28/2011 - 21:52:38: [amxbans.amxx] [Amxbans] Message: You have an error in your SQL syntax; check the manual that corresponds to your MySQL server version for the right syntax to use near ''Ba' at line 1 (1064)
L 09/28/2011 - 21:52:38: [amxbans.amxx] [Amxbans] Query statement: 
L 09/28/2011 - 22:03:25: [adminchat.amxx] Chat: "proster<919><STEAM_0:4:1548201585><>" chat "))"
L 09/28/2011 - 22:05:31: [admin_amxbans.amxx] Login: "Alecquant<945><STEAM_0:4:565250032><>" became an admin (account "Alecquant") (access "t") (address "89.237.62.234")
L 09/28/2011 - 22:13:06: [admin_amxbans.amxx] Login: "[BlackWolf]Camelot<952><STEAM_0:4:1417253489><>" became an admin (account "[BlackWolf]Camelot") (access "t") (address "91.198.175.1")
L 09/28/2011 - 22:14:05: [admin_amxbans.amxx] Login: "napHu, 9 cBou<954><STEAM_0:0:44643826><>" became an admin (account "172.23.65.13") (access "l") (address "172.23.65.13")
L 09/28/2011 - 22:14:08: [admin_amxbans.amxx] Login: "napHu, 9 cBou<955><STEAM_0:0:44643826><>" became an admin (account "172.23.65.13") (access "l") (address "172.23.65.13")
L 09/28/2011 - 22:19:47: [amxbans.amxx] [Amxbans] Query failed!
L 09/28/2011 - 22:19:47: [amxbans.amxx] [Amxbans] Threaded query error, location: 18
L 09/28/2011 - 22:19:47: [amxbans.amxx] [Amxbans] Message: You have an error in your SQL syntax; check the manual that corresponds to your MySQL server version for the right syntax to use near '' at line 1 (1064)
L 09/28/2011 - 22:19:47: [amxbans.amxx] [Amxbans] Query statement: 
L 09/28/2011 - 22:22:27: -------- Mapchange to zm_decline2k --------
L 09/28/2011 - 22:22:28: [admin_amxbans.amxx] Login: "Alecquant<945><STEAM_0:4:565250032><>" became an admin (account "Alecquant") (access "t") (address "89.237.62.234")
L 09/28/2011 - 22:22:29: [amxbans.amxx] [AMXBANS] AMXBans 5.0 is online
L 09/28/2011 - 22:22:33: [amxbans.amxx] [Amxbans] Query failed!
L 09/28/2011 - 22:22:33: [amxbans.amxx] [Amxbans] Threaded query error, location: 18
L 09/28/2011 - 22:22:33: [amxbans.amxx] [Amxbans] Message: You have an error in your SQL syntax; check the manual that corresponds to your MySQL server version for the right syntax to use near ''Ba' at line 1 (1064)
L 09/28/2011 - 22:22:33: [amxbans.amxx] [Amxbans] Query statement: 
L 09/28/2011 - 22:22:34: [amxbans.amxx] [Amxbans] Query failed!
L 09/28/2011 - 22:22:34: [amxbans.amxx] [Amxbans] Threaded query error, location: 18
L 09/28/2011 - 22:22:34: [amxbans.amxx] [Amxbans] Message: You have an error in your SQL syntax; check the manual that corresponds to your MySQL server version for the right syntax to use near '' at line 1 (1064)
L 09/28/2011 - 22:22:34: [amxbans.amxx] [Amxbans] Query statement: 
L 09/28/2011 - 22:33:45: [amxbans.amxx] [Amxbans] Query failed!
L 09/28/2011 - 22:33:45: [amxbans.amxx] [Amxbans] Threaded query error, location: 18
L 09/28/2011 - 22:33:45: [amxbans.amxx] [Amxbans] Message: You have an error in your SQL syntax; check the manual that corresponds to your MySQL server version for the right syntax to use near ''Ba' at line 1 (1064)
L 09/28/2011 - 22:33:45: [amxbans.amxx] [Amxbans] Query statement: 
L 09/28/2011 - 22:42:49: -------- Mapchange to zm_alfresco_v2 --------
L 09/28/2011 - 22:42:50: [admin_amxbans.amxx] Login: "Alecquant<945><STEAM_0:4:565250032><>" became an admin (account "Alecquant") (access "t") (address "89.237.62.234")
L 09/28/2011 - 22:42:51: [amxbans.amxx] [AMXBANS] AMXBans 5.0 is online
L 09/28/2011 - 22:42:56: [amxbans.amxx] [Amxbans] Query failed!
L 09/28/2011 - 22:42:56: [amxbans.amxx] [Amxbans] Threaded query error, location: 18
L 09/28/2011 - 22:42:56: [amxbans.amxx] [Amxbans] Message: You have an error in your SQL syntax; check the manual that corresponds to your MySQL server version for the right syntax to use near ''Ba' at line 1 (1064)
L 09/28/2011 - 22:42:56: [amxbans.amxx] [Amxbans] Query statement: 
L 09/28/2011 - 22:42:56: [amxbans.amxx] [Amxbans] Query failed!
L 09/28/2011 - 22:42:56: [amxbans.amxx] [Amxbans] Threaded query error, location: 18
L 09/28/2011 - 22:42:56: [amxbans.amxx] [Amxbans] Message: You have an error in your SQL syntax; check the manual that corresponds to your MySQL server version for the right syntax to use near ''Ba' at line 1 (1064)
L 09/28/2011 - 22:42:56: [amxbans.amxx] [Amxbans] Query statement: 
L 09/28/2011 - 22:50:50: [amxbans.amxx] [Amxbans] Query failed!
L 09/28/2011 - 22:50:50: [amxbans.amxx] [Amxbans] Threaded query error, location: 18
L 09/28/2011 - 22:50:50: [amxbans.amxx] [Amxbans] Message: You have an error in your SQL syntax; check the manual that corresponds to your MySQL server version for the right syntax to use near ''Bantime expired' at line 1 (1064)
L 09/28/2011 - 22:50:50: [amxbans.amxx] [Amxbans] Query statement: 
L 09/28/2011 - 23:04:54: -------- Mapchange to zm_303 --------
L 09/28/2011 - 23:04:55: [admin_amxbans.amxx] Login: "Alecquant<945><STEAM_0:4:565250032><>" became an admin (account "Alecquant") (access "t") (address "89.237.62.234")
L 09/28/2011 - 23:04:55: [amxbans.amxx] [AMXBANS] AMXBans 5.0 is online
L 09/28/2011 - 23:05:00: [amxbans.amxx] [Amxbans] Query failed!
L 09/28/2011 - 23:05:00: [amxbans.amxx] [Amxbans] Threaded query error, location: 18
L 09/28/2011 - 23:05:00: [amxbans.amxx] [Amxbans] Message: You have an error in your SQL syntax; check the manual that corresponds to your MySQL server version for the right syntax to use near ''Ba' at line 1 (1064)
L 09/28/2011 - 23:05:00: [amxbans.amxx] [Amxbans] Query statement: 
L 09/28/2011 - 23:20:00: [amxbans.amxx] [Amxbans] Query failed!
L 09/28/2011 - 23:20:00: [amxbans.amxx] [Amxbans] Threaded query error, location: 18
L 09/28/2011 - 23:20:00: [amxbans.amxx] [Amxbans] Message: You have an error in your SQL syntax; check the manual that corresponds to your MySQL server version for the right syntax to use near ''Ba' at line 1 (1064)
L 09/28/2011 - 23:20:00: [amxbans.amxx] [Amxbans] Query statement: 
L 09/28/2011 - 23:26:49: -------- Mapchange to ze_egypt --------
L 09/28/2011 - 23:26:50: [admin_amxbans.amxx] Login: "Alecquant<945><STEAM_0:4:565250032><>" became an admin (account "Alecquant") (access "t") (address "89.237.62.234")
L 09/28/2011 - 23:26:50: [amxbans.amxx] [AMXBANS] AMXBans 5.0 is online
L 09/28/2011 - 23:27:07: [admin_amxbans.amxx] Login: "Alecquant<1033><STEAM_0:4:565250032><>" became an admin (account "Alecquant") (access "t") (address "89.237.62.234")
L 09/28/2011 - 23:42:11: -------- Mapchange to zm_fdust2x2 --------
L 09/28/2011 - 23:42:12: [admin_amxbans.amxx] Login: "Alecquant<1033><STEAM_0:4:565250032><>" became an admin (account "Alecquant") (access "t") (address "89.237.62.234")
L 09/28/2011 - 23:42:13: [amxbans.amxx] [AMXBANS] AMXBans 5.0 is online
L 09/28/2011 - 23:44:32: [adminchat.amxx] Chat: "proster<1030><STEAM_0:4:1548201585><>" chat ":DDD"
