L 05/04/2011 - 00:14:49: [mapchooser_new.amxx] Vote: Voting for the nextmap started
L 05/04/2011 - 00:14:59: [mapchooser_new.amxx] Vote: Voting for the nextmap finished. The nextmap will be zm_army
L 05/04/2011 - 00:15:01: -------- Mapchange to zm_army --------
L 05/04/2011 - 00:15:02: [amxbans.amxx] [AMXBANS] AMXBans 5.0 подключен
L 05/04/2011 - 00:33:07: [mapchooser_new.amxx] Vote: Voting for the nextmap started
L 05/04/2011 - 00:33:17: [mapchooser_new.amxx] Vote: Voting for the nextmap finished. The nextmap will be zm_houses
L 05/04/2011 - 00:33:19: -------- Mapchange to zm_houses --------
L 05/04/2011 - 00:33:21: [amxbans.amxx] [AMXBANS] AMXBans 5.0 подключен
L 05/04/2011 - 00:51:25: [mapchooser_new.amxx] Vote: Voting for the nextmap started
L 05/04/2011 - 00:51:35: [mapchooser_new.amxx] Vote: Voting for the nextmap finished. The nextmap will be zm_poison2
L 05/04/2011 - 00:51:37: -------- Mapchange to zm_poison2 --------
L 05/04/2011 - 00:51:39: [amxbans.amxx] [AMXBANS] AMXBans 5.0 подключен
L 05/04/2011 - 01:09:43: [mapchooser_new.amxx] Vote: Voting for the nextmap started
L 05/04/2011 - 01:09:54: [mapchooser_new.amxx] Vote: Voting for the nextmap finished. The nextmap will be zm_rush_winter
L 05/04/2011 - 01:09:55: -------- Mapchange to zm_rush_winter --------
L 05/04/2011 - 01:09:57: [amxbans.amxx] [AMXBANS] AMXBans 5.0 подключен
L 05/04/2011 - 01:38:02: [mapchooser_new.amxx] Vote: Voting for the nextmap started
L 05/04/2011 - 01:38:13: [mapchooser_new.amxx] Vote: Voting for the nextmap finished. The nextmap will be cs_estate
L 05/04/2011 - 01:38:14: -------- Mapchange to cs_estate --------
L 05/04/2011 - 01:38:18: [amxbans.amxx] [AMXBANS] AMXBans 5.0 подключен
L 05/04/2011 - 01:56:37: [mapchooser_new.amxx] Vote: Voting for the nextmap started
L 05/04/2011 - 01:56:48: [mapchooser_new.amxx] Vote: Voting for the nextmap finished. The nextmap will be 016_rmk
L 05/04/2011 - 01:56:49: -------- Mapchange to 016_rmk --------
L 05/04/2011 - 01:56:50: [amxbans.amxx] [AMXBANS] AMXBans 5.0 подключен
L 05/04/2011 - 02:14:55: [mapchooser_new.amxx] Vote: Voting for the nextmap started
L 05/04/2011 - 02:15:05: [mapchooser_new.amxx] Vote: Voting for the nextmap finished. The nextmap will be de_dust
L 05/04/2011 - 02:15:06: -------- Mapchange to de_dust --------
L 05/04/2011 - 02:15:09: [amxbans.amxx] [AMXBANS] AMXBans 5.0 подключен
L 05/04/2011 - 02:33:28: [mapchooser_new.amxx] Vote: Voting for the nextmap started
L 05/04/2011 - 02:33:39: [mapchooser_new.amxx] Vote: Voting for the nextmap finished. The nextmap will be zm_neris
L 05/04/2011 - 02:33:41: -------- Mapchange to zm_neris --------
L 05/04/2011 - 02:33:43: [amxbans.amxx] [AMXBANS] AMXBans 5.0 подключен
L 05/04/2011 - 02:51:47: [mapchooser_new.amxx] Vote: Voting for the nextmap started
L 05/04/2011 - 02:51:58: [mapchooser_new.amxx] Vote: Voting for the nextmap finished. The nextmap will be zm_die_hard_tn
L 05/04/2011 - 02:51:59: -------- Mapchange to zm_die_hard_tn --------
L 05/04/2011 - 02:52:01: [amxbans.amxx] [AMXBANS] AMXBans 5.0 подключен
L 05/04/2011 - 03:10:05: [mapchooser_new.amxx] Vote: Voting for the nextmap started
L 05/04/2011 - 03:10:16: [mapchooser_new.amxx] Vote: Voting for the nextmap finished. The nextmap will be zm_army
L 05/04/2011 - 03:10:17: -------- Mapchange to zm_army --------
L 05/04/2011 - 03:10:19: [amxbans.amxx] [AMXBANS] AMXBans 5.0 подключен
L 05/04/2011 - 03:28:23: [mapchooser_new.amxx] Vote: Voting for the nextmap started
L 05/04/2011 - 03:28:34: [mapchooser_new.amxx] Vote: Voting for the nextmap finished. The nextmap will be zm_houses
L 05/04/2011 - 03:28:35: -------- Mapchange to zm_houses --------
L 05/04/2011 - 03:28:37: [amxbans.amxx] [AMXBANS] AMXBans 5.0 подключен
L 05/04/2011 - 03:46:41: [mapchooser_new.amxx] Vote: Voting for the nextmap started
L 05/04/2011 - 03:46:52: [mapchooser_new.amxx] Vote: Voting for the nextmap finished. The nextmap will be zm_poison2
L 05/04/2011 - 03:46:53: -------- Mapchange to zm_poison2 --------
L 05/04/2011 - 03:46:55: [amxbans.amxx] [AMXBANS] AMXBans 5.0 подключен
L 05/04/2011 - 04:04:59: [mapchooser_new.amxx] Vote: Voting for the nextmap started
L 05/04/2011 - 04:05:10: [mapchooser_new.amxx] Vote: Voting for the nextmap finished. The nextmap will be zm_rush_winter
L 05/04/2011 - 04:05:11: -------- Mapchange to zm_rush_winter --------
L 05/04/2011 - 04:05:13: [amxbans.amxx] [AMXBANS] AMXBans 5.0 подключен
L 05/04/2011 - 04:23:17: [mapchooser_new.amxx] Vote: Voting for the nextmap started
L 05/04/2011 - 04:23:27: [mapchooser_new.amxx] Vote: Voting for the nextmap finished. The nextmap will be cs_estate
L 05/04/2011 - 04:23:28: -------- Mapchange to cs_estate --------
L 05/04/2011 - 04:23:32: [amxbans.amxx] [AMXBANS] AMXBans 5.0 подключен
L 05/04/2011 - 04:44:06: [mapchooser_new.amxx] Vote: Voting for the nextmap started
L 05/04/2011 - 04:44:16: [mapchooser_new.amxx] Vote: Voting for the nextmap finished. The nextmap will be de_dust
L 05/04/2011 - 04:48:22: -------- Mapchange to de_dust --------
L 05/04/2011 - 04:48:26: [amxbans.amxx] [AMXBANS] AMXBans 5.0 подключен
L 05/04/2011 - 05:25:30: [mapchooser_new.amxx] Vote: Voting for the nextmap started
L 05/04/2011 - 05:25:41: [mapchooser_new.amxx] Vote: Voting for the nextmap finished. The nextmap will be de_dust
L 05/04/2011 - 05:25:42: -------- Mapchange to de_dust --------
L 05/04/2011 - 05:25:45: [amxbans.amxx] [AMXBANS] AMXBans 5.0 подключен
L 05/04/2011 - 05:44:04: [mapchooser_new.amxx] Vote: Voting for the nextmap started
L 05/04/2011 - 05:44:14: [mapchooser_new.amxx] Vote: Voting for the nextmap finished. The nextmap will be zm_neris
L 05/04/2011 - 05:44:16: -------- Mapchange to zm_neris --------
L 05/04/2011 - 05:44:17: [amxbans.amxx] [AMXBANS] AMXBans 5.0 подключен
L 05/04/2011 - 06:00:13: -------- Mapchange to cs_estate --------
L 05/04/2011 - 06:00:18: [amxbans.amxx] [AMXBANS] AMXBans 5.0 подключен
L 05/04/2011 - 06:23:37: [mapchooser_new.amxx] Vote: Voting for the nextmap started
L 05/04/2011 - 06:23:48: [mapchooser_new.amxx] Vote: Voting for the nextmap finished. The nextmap will be cs_estate
L 05/04/2011 - 06:23:49: -------- Mapchange to cs_estate --------
L 05/04/2011 - 06:23:54: [amxbans.amxx] [AMXBANS] AMXBans 5.0 подключен
L 05/04/2011 - 06:56:13: [mapchooser_new.amxx] Vote: Voting for the nextmap started
L 05/04/2011 - 06:56:23: [mapchooser_new.amxx] Vote: Voting for the nextmap finished. The nextmap will be zm_die_hard_tn
L 05/04/2011 - 06:56:24: -------- Mapchange to zm_die_hard_tn --------
L 05/04/2011 - 06:56:26: [amxbans.amxx] [AMXBANS] AMXBans 5.0 подключен
L 05/04/2011 - 07:14:30: [mapchooser_new.amxx] Vote: Voting for the nextmap started
L 05/04/2011 - 07:14:41: [mapchooser_new.amxx] Vote: Voting for the nextmap finished. The nextmap will be de_dust
L 05/04/2011 - 07:14:42: -------- Mapchange to de_dust --------
L 05/04/2011 - 07:14:45: [amxbans.amxx] [AMXBANS] AMXBans 5.0 подключен
L 05/04/2011 - 07:46:49: [mapchooser_new.amxx] Vote: Voting for the nextmap started
L 05/04/2011 - 07:47:00: [mapchooser_new.amxx] Vote: Voting for the nextmap finished. The nextmap will be zm_army
L 05/04/2011 - 07:48:20: -------- Mapchange to zm_army --------
L 05/04/2011 - 07:48:22: [amxbans.amxx] [AMXBANS] AMXBans 5.0 подключен
L 05/04/2011 - 08:06:41: [mapchooser_new.amxx] Vote: Voting for the nextmap started
L 05/04/2011 - 08:06:52: [mapchooser_new.amxx] Vote: Voting for the nextmap finished. The nextmap will be zm_die_hard_tn
L 05/04/2011 - 08:06:53: -------- Mapchange to zm_die_hard_tn --------
L 05/04/2011 - 08:06:55: [amxbans.amxx] [AMXBANS] AMXBans 5.0 подключен
L 05/04/2011 - 08:24:59: [mapchooser_new.amxx] Vote: Voting for the nextmap started
L 05/04/2011 - 08:25:10: [mapchooser_new.amxx] Vote: Voting for the nextmap finished. The nextmap will be zm_army
L 05/04/2011 - 08:25:11: -------- Mapchange to zm_army --------
L 05/04/2011 - 08:25:13: [amxbans.amxx] [AMXBANS] AMXBans 5.0 подключен
L 05/04/2011 - 08:43:17: [mapchooser_new.amxx] Vote: Voting for the nextmap started
L 05/04/2011 - 08:43:28: [mapchooser_new.amxx] Vote: Voting for the nextmap finished. The nextmap will be zm_houses
L 05/04/2011 - 08:43:29: -------- Mapchange to zm_houses --------
L 05/04/2011 - 08:43:31: [amxbans.amxx] [AMXBANS] AMXBans 5.0 подключен
L 05/04/2011 - 09:01:35: [mapchooser_new.amxx] Vote: Voting for the nextmap started
L 05/04/2011 - 09:01:45: [mapchooser_new.amxx] Vote: Voting for the nextmap finished. The nextmap will be zm_poison2
L 05/04/2011 - 09:01:46: -------- Mapchange to zm_poison2 --------
L 05/04/2011 - 09:01:48: [amxbans.amxx] [AMXBANS] AMXBans 5.0 подключен
L 05/04/2011 - 09:19:52: [mapchooser_new.amxx] Vote: Voting for the nextmap started
L 05/04/2011 - 09:20:03: [mapchooser_new.amxx] Vote: Voting for the nextmap finished. The nextmap will be zm_rush_winter
L 05/04/2011 - 09:20:04: -------- Mapchange to zm_rush_winter --------
L 05/04/2011 - 09:20:06: [amxbans.amxx] [AMXBANS] AMXBans 5.0 подключен
L 05/04/2011 - 09:38:10: [mapchooser_new.amxx] Vote: Voting for the nextmap started
L 05/04/2011 - 09:38:21: [mapchooser_new.amxx] Vote: Voting for the nextmap finished. The nextmap will be cs_estate
L 05/04/2011 - 09:38:22: -------- Mapchange to cs_estate --------
L 05/04/2011 - 09:38:25: [amxbans.amxx] [AMXBANS] AMXBans 5.0 подключен
L 05/04/2011 - 09:56:44: [mapchooser_new.amxx] Vote: Voting for the nextmap started
L 05/04/2011 - 09:56:55: [mapchooser_new.amxx] Vote: Voting for the nextmap finished. The nextmap will be 016_rmk
L 05/04/2011 - 09:56:56: -------- Mapchange to 016_rmk --------
L 05/04/2011 - 09:56:58: [amxbans.amxx] [AMXBANS] AMXBans 5.0 подключен
L 05/04/2011 - 10:15:02: [mapchooser_new.amxx] Vote: Voting for the nextmap started
L 05/04/2011 - 10:15:13: [mapchooser_new.amxx] Vote: Voting for the nextmap finished. The nextmap will be de_dust
L 05/04/2011 - 10:15:14: -------- Mapchange to de_dust --------
L 05/04/2011 - 10:15:18: [amxbans.amxx] [AMXBANS] AMXBans 5.0 подключен
L 05/04/2011 - 10:33:37: [mapchooser_new.amxx] Vote: Voting for the nextmap started
L 05/04/2011 - 10:33:48: [mapchooser_new.amxx] Vote: Voting for the nextmap finished. The nextmap will be zm_neris
L 05/04/2011 - 10:33:49: -------- Mapchange to zm_neris --------
L 05/04/2011 - 10:33:51: [amxbans.amxx] [AMXBANS] AMXBans 5.0 подключен
L 05/04/2011 - 10:51:55: [mapchooser_new.amxx] Vote: Voting for the nextmap started
L 05/04/2011 - 10:52:06: [mapchooser_new.amxx] Vote: Voting for the nextmap finished. The nextmap will be zm_die_hard_tn
L 05/04/2011 - 10:52:07: -------- Mapchange to zm_die_hard_tn --------
L 05/04/2011 - 10:52:09: [amxbans.amxx] [AMXBANS] AMXBans 5.0 подключен
L 05/04/2011 - 11:10:13: [mapchooser_new.amxx] Vote: Voting for the nextmap started
L 05/04/2011 - 11:10:24: [mapchooser_new.amxx] Vote: Voting for the nextmap finished. The nextmap will be zm_army
L 05/04/2011 - 11:10:25: -------- Mapchange to zm_army --------
L 05/04/2011 - 11:10:27: [amxbans.amxx] [AMXBANS] AMXBans 5.0 подключен
L 05/04/2011 - 11:46:17: [mapchooser_new.amxx] Vote: Voting for the nextmap started
L 05/04/2011 - 11:46:28: [mapchooser_new.amxx] Vote: Voting for the nextmap finished. The nextmap will be zm_rush_winter
L 05/04/2011 - 11:46:29: -------- Mapchange to zm_rush_winter --------
L 05/04/2011 - 11:46:31: [amxbans.amxx] [AMXBANS] AMXBans 5.0 подключен
L 05/04/2011 - 12:34:23: [mapchooser_new.amxx] Vote: Voting for the nextmap started
L 05/04/2011 - 12:34:34: [mapchooser_new.amxx] Vote: Voting for the nextmap finished. The nextmap will be zm_neris
L 05/04/2011 - 12:35:11: -------- Mapchange to zm_neris --------
L 05/04/2011 - 12:35:14: [amxbans.amxx] [AMXBANS] AMXBans 5.0 подключен
L 05/04/2011 - 12:54:33: [mapchooser_new.amxx] Vote: Voting for the nextmap started
L 05/04/2011 - 12:54:43: [mapchooser_new.amxx] Vote: Voting for the nextmap finished. The nextmap will be zm_poison2
L 05/04/2011 - 12:58:47: -------- Mapchange to zm_poison2 --------
L 05/04/2011 - 12:58:49: [amxbans.amxx] [AMXBANS] AMXBans 5.0 подключен
L 05/04/2011 - 13:23:53: [mapchooser_new.amxx] Vote: Voting for the nextmap started
L 05/04/2011 - 13:24:04: [mapchooser_new.amxx] Vote: Voting for the nextmap finished. The nextmap will be zm_rush_winter
L 05/04/2011 - 13:28:34: -------- Mapchange to zm_rush_winter --------
L 05/04/2011 - 13:28:36: [amxbans.amxx] [AMXBANS] AMXBans 5.0 подключен
L 05/04/2011 - 13:49:25: [mapchooser_new.amxx] Vote: Voting for the nextmap started
L 05/04/2011 - 13:49:36: [mapchooser_new.amxx] Vote: Voting for the nextmap finished. The nextmap will be cs_estate
L 05/04/2011 - 13:52:53: -------- Mapchange to cs_estate --------
L 05/04/2011 - 13:52:56: [amxbans.amxx] [AMXBANS] AMXBans 5.0 подключен
L 05/04/2011 - 14:20:01: [mapchooser_new.amxx] Vote: Voting for the nextmap started
L 05/04/2011 - 14:20:11: [mapchooser_new.amxx] Vote: Voting for the nextmap finished. The nextmap will be zm_army
L 05/04/2011 - 14:22:49: -------- Mapchange to zm_army --------
L 05/04/2011 - 14:22:52: [amxbans.amxx] [AMXBANS] AMXBans 5.0 подключен
L 05/04/2011 - 14:37:34: [mapchooser_new.amxx] Vote: Voting for the nextmap started
L 05/04/2011 - 14:37:45: [mapchooser_new.amxx] Vote: Voting for the nextmap finished. The nextmap will be de_dust
L 05/04/2011 - 14:38:43: -------- Mapchange to de_dust --------
L 05/04/2011 - 14:38:47: [amxbans.amxx] [AMXBANS] AMXBans 5.0 подключен
L 05/04/2011 - 14:57:06: [mapchooser_new.amxx] Vote: Voting for the nextmap started
L 05/04/2011 - 14:57:17: [mapchooser_new.amxx] Vote: Voting for the nextmap finished. The nextmap will be zm_die_hard_tn
L 05/04/2011 - 14:57:18: -------- Mapchange to zm_die_hard_tn --------
L 05/04/2011 - 14:57:20: [amxbans.amxx] [AMXBANS] AMXBans 5.0 подключен
L 05/04/2011 - 15:24:09: [mapchooser_new.amxx] Vote: Voting for the nextmap started
L 05/04/2011 - 15:24:19: [mapchooser_new.amxx] Vote: Voting for the nextmap finished. The nextmap will be zm_poison2
L 05/04/2011 - 15:26:36: -------- Mapchange to zm_poison2 --------
L 05/04/2011 - 15:26:38: [amxbans.amxx] [AMXBANS] AMXBans 5.0 подключен
L 05/04/2011 - 15:44:58: [mapchooser_new.amxx] Vote: Voting for the nextmap started
L 05/04/2011 - 15:45:08: [mapchooser_new.amxx] Vote: Voting for the nextmap finished. The nextmap will be 016_rmk
L 05/04/2011 - 15:49:36: -------- Mapchange to 016_rmk --------
L 05/04/2011 - 15:49:38: [amxbans.amxx] [AMXBANS] AMXBans 5.0 подключен
L 05/04/2011 - 16:07:58: [mapchooser_new.amxx] Vote: Voting for the nextmap started
L 05/04/2011 - 16:08:08: [mapchooser_new.amxx] Vote: Voting for the nextmap finished. The nextmap will be zm_neris
L 05/04/2011 - 16:13:16: -------- Mapchange to zm_neris --------
L 05/04/2011 - 16:13:18: [amxbans.amxx] [AMXBANS] AMXBans 5.0 подключен
L 05/04/2011 - 16:31:37: [mapchooser_new.amxx] Vote: Voting for the nextmap started
L 05/04/2011 - 16:31:48: [mapchooser_new.amxx] Vote: Voting for the nextmap finished. The nextmap will be zm_army
L 05/04/2011 - 16:34:25: -------- Mapchange to zm_army --------
L 05/04/2011 - 16:34:27: [amxbans.amxx] [AMXBANS] AMXBans 5.0 подключен
L 05/04/2011 - 16:54:01: [mapchooser_new.amxx] Vote: Voting for the nextmap started
L 05/04/2011 - 16:54:12: [mapchooser_new.amxx] Vote: Voting for the nextmap finished. The nextmap will be zm_rush_winter
L 05/04/2011 - 16:55:44: -------- Mapchange to zm_rush_winter --------
L 05/04/2011 - 16:55:47: [amxbans.amxx] [AMXBANS] AMXBans 5.0 подключен
L 05/04/2011 - 17:14:36: [mapchooser_new.amxx] Vote: Voting for the nextmap started
L 05/04/2011 - 17:14:47: [mapchooser_new.amxx] Vote: Voting for the nextmap finished. The nextmap will be zm_neris
L 05/04/2011 - 17:20:21: -------- Mapchange to zm_neris --------
L 05/04/2011 - 17:20:23: [amxbans.amxx] [AMXBANS] AMXBans 5.0 подключен
L 05/04/2011 - 17:38:42: [mapchooser_new.amxx] Vote: Voting for the nextmap started
L 05/04/2011 - 17:38:53: [mapchooser_new.amxx] Vote: Voting for the nextmap finished. The nextmap will be zm_die_hard_tn
L 05/04/2011 - 17:43:13: -------- Mapchange to zm_die_hard_tn --------
L 05/04/2011 - 17:43:15: [amxbans.amxx] [AMXBANS] AMXBans 5.0 подключен
L 05/04/2011 - 18:01:34: [mapchooser_new.amxx] Vote: Voting for the nextmap started
L 05/04/2011 - 18:01:45: [mapchooser_new.amxx] Vote: Voting for the nextmap finished. The nextmap will be 016_rmk
L 05/04/2011 - 18:08:12: -------- Mapchange to 016_rmk --------
L 05/04/2011 - 18:08:15: [amxbans.amxx] [AMXBANS] AMXBans 5.0 подключен
L 05/04/2011 - 18:26:34: [mapchooser_new.amxx] Vote: Voting for the nextmap started
L 05/04/2011 - 18:26:45: [mapchooser_new.amxx] Vote: Voting for the nextmap finished. The nextmap will be zm_neris
L 05/04/2011 - 18:30:21: -------- Mapchange to zm_neris --------
L 05/04/2011 - 18:30:23: [amxbans.amxx] [AMXBANS] AMXBans 5.0 подключен
L 05/04/2011 - 18:48:42: [mapchooser_new.amxx] Vote: Voting for the nextmap started
L 05/04/2011 - 18:48:53: [mapchooser_new.amxx] Vote: Voting for the nextmap finished. The nextmap will be zm_army
L 05/04/2011 - 18:54:34: -------- Mapchange to zm_army --------
L 05/04/2011 - 18:54:36: [amxbans.amxx] [AMXBANS] AMXBans 5.0 подключен
L 05/04/2011 - 19:12:56: [mapchooser_new.amxx] Vote: Voting for the nextmap started
L 05/04/2011 - 19:13:06: [mapchooser_new.amxx] Vote: Voting for the nextmap finished. The nextmap will be zm_houses
L 05/04/2011 - 19:16:24: -------- Mapchange to zm_houses --------
L 05/04/2011 - 19:16:27: [amxbans.amxx] [AMXBANS] AMXBans 5.0 подключен
L 05/04/2011 - 19:34:46: [mapchooser_new.amxx] Vote: Voting for the nextmap started
L 05/04/2011 - 19:34:56: [mapchooser_new.amxx] Vote: Voting for the nextmap finished. The nextmap will be zm_die_hard_tn
L 05/04/2011 - 19:39:15: -------- Mapchange to zm_die_hard_tn --------
L 05/04/2011 - 19:39:17: [amxbans.amxx] [AMXBANS] AMXBans 5.0 подключен
L 05/04/2011 - 19:53:02: [admin_amxbans.amxx] Login: "Dumka<609><STEAM_0:0:1236438227><>" became an admin (account "172.23.65.13") (access "abcdefghijklmnopqrstu") (address "172.23.65.13")
L 05/04/2011 - 19:53:03: [admin_amxbans.amxx] Login: "Dumka<610><STEAM_0:0:1236438227><>" became an admin (account "172.23.65.13") (access "abcdefghijklmnopqrstu") (address "172.23.65.13")
L 05/04/2011 - 19:57:37: [mapchooser_new.amxx] Vote: Voting for the nextmap started
L 05/04/2011 - 19:57:47: [mapchooser_new.amxx] Vote: Voting for the nextmap finished. The nextmap will be zm_poison2
L 05/04/2011 - 20:00:34: -------- Mapchange to zm_poison2 --------
L 05/04/2011 - 20:00:36: [amxbans.amxx] [AMXBANS] AMXBans 5.0 подключен
L 05/04/2011 - 20:05:01: [admin_amxbans.amxx] Login: "Dumka<629><STEAM_0:0:1236438227><>" became an admin (account "172.23.65.13") (access "abcdefghijklmnopqrstu") (address "172.23.65.13")
L 05/04/2011 - 20:19:11: [mapchooser_new.amxx] Vote: Voting for the nextmap started
L 05/04/2011 - 20:19:21: [mapchooser_new.amxx] Vote: Voting for the nextmap finished. The nextmap will be zm_houses
L 05/04/2011 - 20:23:08: -------- Mapchange to zm_houses --------
L 05/04/2011 - 20:23:10: [amxbans.amxx] [AMXBANS] AMXBans 5.0 подключен
L 05/04/2011 - 20:41:29: [mapchooser_new.amxx] Vote: Voting for the nextmap started
L 05/04/2011 - 20:41:40: [mapchooser_new.amxx] Vote: Voting for the nextmap finished. The nextmap will be zm_rush_winter
L 05/04/2011 - 20:47:21: -------- Mapchange to zm_rush_winter --------
L 05/04/2011 - 20:47:23: [amxbans.amxx] [AMXBANS] AMXBans 5.0 подключен
L 05/04/2011 - 21:05:57: [mapchooser_new.amxx] Vote: Voting for the nextmap started
L 05/04/2011 - 21:06:08: [mapchooser_new.amxx] Vote: Voting for the nextmap finished. The nextmap will be de_dust
L 05/04/2011 - 21:10:06: -------- Mapchange to de_dust --------
L 05/04/2011 - 21:10:10: [amxbans.amxx] [AMXBANS] AMXBans 5.0 подключен
L 05/04/2011 - 21:28:29: [mapchooser_new.amxx] Vote: Voting for the nextmap started
L 05/04/2011 - 21:28:40: [mapchooser_new.amxx] Vote: Voting for the nextmap finished. The nextmap will be zm_neris
L 05/04/2011 - 21:31:25: -------- Mapchange to zm_neris --------
L 05/04/2011 - 21:31:27: [amxbans.amxx] [AMXBANS] AMXBans 5.0 подключен
L 05/04/2011 - 21:49:46: [mapchooser_new.amxx] Vote: Voting for the nextmap started
L 05/04/2011 - 21:49:57: [mapchooser_new.amxx] Vote: Voting for the nextmap finished. The nextmap will be 016_rmk
L 05/04/2011 - 21:53:00: -------- Mapchange to 016_rmk --------
L 05/04/2011 - 21:53:02: [amxbans.amxx] [AMXBANS] AMXBans 5.0 подключен
L 05/04/2011 - 22:03:10: [mapchooser_new.amxx] Vote: Voting for the nextmap started
L 05/04/2011 - 22:03:21: [mapchooser_new.amxx] Vote: Voting for the nextmap finished. The nextmap will be zm_houses
L 05/04/2011 - 22:05:40: -------- Mapchange to zm_houses --------
L 05/04/2011 - 22:05:42: [amxbans.amxx] [AMXBANS] AMXBans 5.0 подключен
L 05/04/2011 - 22:07:50: [mapchooser_new.amxx] Vote: Voting for the nextmap started
L 05/04/2011 - 22:08:01: [mapchooser_new.amxx] Vote: Voting for the nextmap finished. The nextmap will be de_dust
L 05/04/2011 - 22:08:57: -------- Mapchange to de_dust --------
L 05/04/2011 - 22:09:01: [amxbans.amxx] [AMXBANS] AMXBans 5.0 подключен
L 05/04/2011 - 22:15:32: [mapchooser_new.amxx] Vote: Voting for the nextmap started
L 05/04/2011 - 22:15:43: [mapchooser_new.amxx] Vote: Voting for the nextmap finished. The nextmap will be cs_estate
L 05/04/2011 - 22:16:28: -------- Mapchange to cs_estate --------
L 05/04/2011 - 22:16:32: [amxbans.amxx] [AMXBANS] AMXBans 5.0 подключен
L 05/04/2011 - 22:19:27: [mapchooser_new.amxx] Vote: Voting for the nextmap started
L 05/04/2011 - 22:19:38: [mapchooser_new.amxx] Vote: Voting for the nextmap finished. The nextmap will be zm_houses
L 05/04/2011 - 22:21:06: -------- Mapchange to zm_houses --------
L 05/04/2011 - 22:21:08: [amxbans.amxx] [AMXBANS] AMXBans 5.0 подключен
L 05/04/2011 - 22:50:12: [mapchooser_new.amxx] Vote: Voting for the nextmap started
L 05/04/2011 - 22:50:23: [mapchooser_new.amxx] Vote: Voting for the nextmap finished. The nextmap will be zm_army
L 05/04/2011 - 22:55:24: -------- Mapchange to zm_army --------
L 05/04/2011 - 22:55:26: [amxbans.amxx] [AMXBANS] AMXBans 5.0 подключен
L 05/04/2011 - 23:13:46: [mapchooser_new.amxx] Vote: Voting for the nextmap started
L 05/04/2011 - 23:13:56: [mapchooser_new.amxx] Vote: Voting for the nextmap finished. The nextmap will be zm_neris
L 05/04/2011 - 23:16:00: -------- Mapchange to zm_neris --------
L 05/04/2011 - 23:16:02: [amxbans.amxx] [AMXBANS] AMXBans 5.0 подключен
L 05/04/2011 - 23:34:51: [mapchooser_new.amxx] Vote: Voting for the nextmap started
L 05/04/2011 - 23:35:02: [mapchooser_new.amxx] Vote: Voting for the nextmap finished. The nextmap will be 016_rmk
L 05/04/2011 - 23:36:23: -------- Mapchange to 016_rmk --------
L 05/04/2011 - 23:36:25: [amxbans.amxx] [AMXBANS] AMXBans 5.0 подключен
